korean_hickory
determined_washer
magenta_moss
super_look
developed_misfit
sad_zeros
retired_history
straightforward_loads
unpleasant_victim
beautiful_thursday
sweet_military
relevant_bombs
alone_grants
powerful_modifications
familiar_leathers
extensive_pools
creepy_plots
dear_sabotage
steep_davits
assistant_standardizations
still_carelessness
grotesque_asterisks
shallow_cape
important_sleeves
rolling_rods
devoted_spool
improved_fashions
islamic_person
screeching_compresses
outstanding_side
specified_weapons
rational_wayside
outdoor_idea
curved_radiators
unlikely_dolly
gentle_dose
sad_nods
comparative_spots
certain_addition
advanced_oven
bitter_front
important_song
beautiful_brace
shared_quartermasters
developing_checkpoints
icy_planes
fat_energizer
tender_calibration
defeated_fuses
coherent_log
delightful_wage
confidential_widths
broken_miss
confused_bin
fragile_hums
voluntary_merchandise
quiet_formats
superior_guest
purple_thyristor
private_equator
ugliest_soldiers
previous_proficiency
rotten_cellar
intellectual_polishers
powerful_magnets
unusual_batches
burning_aliases
electric_duplicates
watery_fabrications
powerful_lake
dominant_brackets
significant_designators
vulnerable_twigs
roasted_bridges
open_thermocouples
urban_managements
happy_punishments
main_technique
healthy_kick
worried_counter
respectable_fuse
proposed_rockets
exceptional_usages
foolish_airspeed
presidential_shipments
creepy_jacket
few_delivery
harsh_plate
salty_bundle
identical_shafts
spanish_selections
embarrassed_formation
pale_boxes
soft_marble
furious_cities
firm_recess
grey_inch
rising_victims
consistent_speeder
short_encounter
electric_winter
rigid_vines
united_taste
handsome_chairwoman
careful_shirts
turkish_strain
teenage_charges
spontaneous_forts
grieving_hoods
small_electronics
weird_vol.
administrative_straighteners
tired_flicker
scrawny_outline
tough_principle
responsible_augmentation
yellow_diamond
favourable_ribbons
developed_bailing
powerful_documentations
genetic_shields
improved_emergencies
juicy_alternative
handicapped_claws
rational_lane
well_certifications
flat_capacitances
private_child
swiss_hook
european_classroom
disturbing_exhaust
distinct_fares
kind_glands
frozen_trays
resulting_quotas
novel_side
definite_operators
living_exceptions
excited_vices
existing_prisoner
unable_makes
appropriate_destruction
rich_airspeeds
determined_amperage
retail_slates
previous_fuel
present_losses
encouraging_extent
bored_fist
inland_schooling
grateful_pots
involved_roars
tender_prisoners
superb_dots
manual_funding
sudden_sneezes
civil_alternate
human_drainer
full_deposit
evil_purge
repulsive_discovery
aggregate_accelerations
delightful_brake
popular_chairman
wet_byte
large_lubrication
eldest_fasteners
chubby_oil
old_fashioned_punctures
moaning_lesson
weak_relationship
unaware_flares
fascinating_ordnance
overseas_hands
semantic_vicinity
ashamed_hazard
hollow_photograph
tricky_discrimination
logical_vol.
remarkable_abbreviations
closed_chaplains
wet_anthems
innocent_cruise
many_restrictions
encouraging_horizons
provincial_sidewalks
involved_decibel
continental_sports
conceptual_witness
organic_chalks
agreed_sequence
invisible_tendency
strong_telecommunications
mechanical_raincoat
complex_buses
pale_beds
gigantic_rubbish
broken_pushups
sparkling_causes
regulatory_welds
tiny_polisher
wet_disassembly
identical_examination
independent_deputy
illegal_originator
registered_negligence
ideal_concentrations
governing_truth
eldest_fields
proper_chemicals
tender_subprograms
pleased_interactions
assistant_tours
subtle_specialization
light_navigators
big_balances
scientific_freight
cloudy_shipmate
sad_features
forthcoming_typewriters
high_gears
tough_shouts
helpful_cleat
swiss_prefixes
forward_safeguards
unemployed_partitions
practical_halls
quickest_prime
isolated_runaway
joint_bands
excess_stove
surviving_pointer
fatal_connection
overwhelming_tissues
prior_lashes
tender_trusts
bright_mission
ill_guards
bitter_dot
modern_discards
square_irons
competent_decision
blue_sap
slight_sun
brave_photograph
international_affiants
pleased_rejection
compact_overcurrent
quiet_noises
creative_strength
soft_improvement
honest_laps
good_church
old_fashioned_performances
disturbing_decisions
reasonable_evaporation
lively_compositions
subtle_odors
secret_taxis
tart_leaper
numerous_rowboat
eastern_accountability
nineteenth_century_rooms
new_rails
relieved_resolution
balanced_dollars
dry_captains
technological_highline
clumsy_minuses
supreme_sewage
faint_raincoat
constitutional_ladder
relieved_fronts
sudden_tin
influential_similarities
severe_intake
serious_thermocouple
cold_reward
instant_lubricants
burning_facepieces
narrow_jars
thirsty_sites
cheap_sand
bad_wind
empty_coils
shiny_delivery
combined_allowance
tall_confessions
comparable_dependents
pink_mustard
hollow_nods
misleading_suppression
straight_rowboats
useless_lumber
quickest_sizing
italian_midnight
bare_apportionment
full_thirty
innocent_sailors
historic_firers
civic_mouth
long_routine
conservation_frame
heavy_theory
weak_lubrication
white_place
clean_shot
thick_leather
supposed_tents
only_jumper
mental_blow
sticky_adherences
tasty_capstans
curious_purges
natural_canister
geographical_canyon
near_processors
operational_bat
severe_bandages
thoughtful_commendations
integrated_jeopardy
hungry_cheaters
dutch_rules
moaning_circumference
aggressive_shirts
public_condenser
encouraging_sport
modern_shores
wise_braids
close_computers
atomic_theories
mental_experiences
juicy_links
northern_injury
hard_inlet
bold_stop
dark_reservoirs
long_accordance
large_scale_televisions
modern_oak
gradual_bails
excess_pops
blonde_observation
motionless_camera
tiny_swimmers
working_class_petition
inherent_advertisements
financial_mix
charming_microphone
oral_dips
tragic_densities
mere_alternation
interim_arrow
early_layers
following_photographs
optimistic_tabulation
ministerial_electronics
normal_cloths
visible_officials
architectural_dial
communist_fifteen
successive_misalignments
related_roar
white_washtub
striped_magnesium
organic_worms
bitter_failures
conservative_deposits
grubby_loaf
crazy_notice
persistent_books
primary_deflector
old_drainer
unnecessary_durability
loyal_slits
silly_things
nursing_eves
hidden_attitude
tiny_transits
boring_enlistments
filthy_cures
unknown_statements
suspicious_explanation
tiny_farms
disabled_tubs
prickly_shops
necessary_girl
chief_flash
interested_airfield
senior_wheels
dual_depot
worried_fasteners
smooth_technicians
outdoor_teams
double_metals
harsh_surrenders
pink_speeder
extraordinary_glues
grubby_character
future_oscillators
naked_launch
innocent_rinses
deep_insanities
muddy_documentations
double_insulation
exuberant_ramp
poor_doorknob
territorial_privileges
splendid_bang
quick_time
statutory_bureaus
automatic_cloth
serious_services
remaining_shoulder
fresh_distance
wide_lanterns
varied_porters
delightful_lever
hungry_showers
flat_buds
distant_complements
amused_densities
ministerial_futures
automatic_region
outstanding_paint
inherent_guideline
fierce_receptacle
doubtful_administrator
helpful_demonstration
helpful_windlasses
financial_limitations
fast_shields
varied_exercise
hissing_tests
old_whisper
subtle_tolerances
spiritual_liquors
southern_chaplain
bored_pins
continental_falls
damp_boot
active_removals
complex_verse
determined_bush
dull_investigators
relative_fleets
unique_turbine
invisible_pokes
victorian_pier
cautious_confession
modern_mothers
rising_torpedo
depressed_mission
ugliest_responses
absolute_periods
neutral_pennant
tender_pick
tender_affiants
rigid_season
thundering_marches
mad_lubricant
old_stings
japanese_travel
thick_laughs
great_shed
sole_airfield
gleaming_illustrations
chilly_recruits
intermediate_giants
alleged_reach
shy_shelters
latin_aptitudes
injured_cellar
fluttering_deputies
remote_trash
nasty_position
jealous_transmittal
smooth_dispatches
proud_turn
internal_swaps
orange_origin
valid_slot
eligible_difficulties
strong_stocking
ugly_swimmers
ambitious_ounces
bare_articles
crude_nameplates
labour_guys
bright_situations
fuzzy_backups
excess_fort
lively_lifts
minimum_replacement
outer_ears
tough_recordkeeping
awake_header
occupational_section
grotesque_illustrations
wonderful_hood
fundamental_stowage
broken_extensions
nasty_submarining
outdoor_chemical
changing_calls
ugly_allotments
vocational_market
subtle_officers
devoted_difference
unfortunate_berries
unchanged_abrasions
controversial_pyramid
sick_subfunction
eldest_checks
liable_decibels
cognitive_encounter
illegal_governor
dangerous_builders
sunny_thread
friendly_centerlines
voiceless_ribbon
promising_alcohols
nutty_litre
horrible_discriminations
causal_indexes
shaggy_glaze
charming_inlet
symbolic_scabs
crooked_explosions
determined_angle
absolute_tackle
tired_combinations
coastal_chest
internal_odor
big_ax
upper_rules
extra_admiralty
managerial_guard
interim_delegate
printed_deduction
depressed_lifeboat
worrying_receptacle
radical_tendencies
numerous_billet
massive_bushes
cheerful_surges
separate_clerks
fierce_purchaser
opposite_trails
high_misleads
ready_blazes
cool_transportation
horizontal_development
determined_ranks
straightforward_preserver
white_print
strategic_interaction
net_background
striped_operand
high_pitched_solenoid
genuine_capes
usual_weathers
anxious_cliffs
male_morning
managerial_attorney
dominant_attorneys
light_discontinuation
israeli_assault
traditional_course
glad_tailors
brief_overcurrents
professional_qualities
surrounding_storms
painful_cakes
ugly_carriers
monetary_grant
terrible_pressures
itchy_dresses
magnetic_abilities
broad_midwatches
huge_backs
convenient_outlet
glorious_holder
unfair_percents
realistic_wholesales
protective_commander
mathematical_flicker
flat_diameter
final_health
obvious_lanterns
jolly_rod
different_chokes
printed_loan
embarrassed_kilometer
added_sand
tragic_lent
flexible_aptitudes
unemployed_semaphore
red_chalks
chronic_hub
theoretical_slate
fun_fillers
persistent_geography
broad_duplicates
ancient_classifications
usual_multisystem
fluttering_february
reasonable_default
mere_station
vivid_cup
special_bore
naughty_class
glorious_roller
gorgeous_sand
comparative_contrasts
great_symptom
graceful_splashes
advanced_drawings
tory_chase
grumpy_games
ratty_lake
sound_dollies
usual_illustrations
supporting_weed
tense_crashes
furious_efficiencies
anonymous_bolts
frightened_resistance
mid_teams
raw_triangles
successive_stakes
embarrassed_logic
decent_marble
lucky_silk
daily_crystals
ugly_tastes
lexical_malfunction
causal_impedance
legislative_amplitude
cold_parachutes
human_temperature
late_implantations
friendly_variety
rare_produce
traditional_chit
uninterested_injections
spatial_tests
chinese_shelter
normal_amperes
delightful_depot
maximum_ticks
institutional_mechanics
different_wire
surprising_segments
chinese_accesses
external_return
weak_health
homeless_dishes
civilian_ignition
superb_dress
glad_data
united_buzzers
obliged_son
married_leakage
cheerful_messages
quiet_linens
stupid_trackers
only_punishments
red_strips
insufficient_plead
coming_nerves
democratic_bandage
rubber_countries
free_world
artificial_freedom
enthusiastic_peacetime
architectural_weathers
impossible_abrasions
nuclear_wages
satisfactory_milks
sick_opinion
tasteless_sequences
electronic_lasers
diverse_mother
husky_bridge
prickly_core
rising_compounds
chosen_rescuer
mysterious_responsibility
steep_moneys
theoretical_assembly
wide_eyed_eligibility
marvellous_remainders
brave_curvatures
potential_resources
prickly_vol.
hilarious_parity
formal_symptom
extended_summaries
drunk_increase
realistic_confinements
deliberate_amplitudes
many_walk
strange_ally
rare_handfuls
important_aggravation
redundant_dive
rainy_downgrades
invisible_crosses
romantic_diagnostics
hidden_reserve
voiceless_beings
northern_contract
perfect_cheeses
content_anchors
arrogant_listings
conscious_nerve
other_defections
specified_cashier
massive_fetch
broad_navigation
annoyed_views
tan_answer
agreeable_park
korean_toothpicks
video_taped_defection
brave_discontinuations
little_retractors
right_outing
cloudy_origin
latin_durability
additional_rebounds
profound_blindfold
encouraging_drop
previous_echelon
wasteful_anchor
visual_dips
white_lamp
charming_restrictions
unpleasant_priorities
early_speed
silky_takeoffs
sure_screen
free_scope
colonial_hoops
mobile_nerve
upset_songs
defensive_struts
lucky_improvements
silky_memorandum
western_parachutes
exceptional_sleeves
damp_can
useful_pond
patient_components
friendly_manifests
important_arraignment
spare_pad
so_called_howl
successful_winches
precise_validation
chosen_proportion
curved_boresights
principal_act
elegant_accessories
stingy_constitution
strong_distributors
quickest_pier
unable_alcohols
characteristic_mountain
exact_binder
screeching_residue
divine_potatos
angry_tuesdays
theoretical_americans
blonde_rheostats
final_comparisons
happy_waist
joyous_paper
alive_writing
due_bolt
essential_look
bored_sheeting
concerned_picture
orange_fog
cognitive_documents
thundering_slice
creative_groves
western_sum
beautiful_formats
loyal_pitches
misty_specialties
clear_situation
strange_pier
fresh_houses
hot_hail
glorious_round
institutional_dopes
fundamental_purchases
israeli_break
rainy_case
daily_stationery
plain_thumbs
direct_misses
tall_cramp
big_issues
square_jobs
african_dispatches
hidden_pedal
flat_sevens
current_pear
victorian_individuals
uniform_breaths
powerful_guys
inquisitive_relationships
simple_rescues
lonely_use
fucking_peak
small_coordination
healthy_cams
german_legging
improved_legislation
smiling_friction
integrated_platter
collective_self
alive_stone
blank_today
wasteful_sanitation
quick_pines
dirty_verification
dirty_hulls
important_tunnels
total_threes
friendly_multimeter
dreadful_lifts
genuine_splitters
perfect_quarterdecks
clinical_uses
diverse_contributions
dual_rule
dizzy_tugs
decent_solvents
unacceptable_navigations
many_tabulations
severe_restrictions
exuberant_grove
managerial_gram
public_fallout
urban_sheeting
empty_multisystem
weekly_coordinate
polish_island
slow_debt
african_ambiguity
main_respects
silly_fists
alleged_logs
british_tub
furious_runner
japanese_store
satisfied_stuffing
fair_shelves
quiet_journey
distinctive_reinforcement
harsh_users
yellow_lens
big_halyard
big_inquiries
defensive_coil
possible_boatswains
middle_class_conversion
interim_waxes
uniform_puddle
eldest_principal
sexual_pat
everyday_rod
static_navy
straight_hoses
impressive_rhythms
gigantic_nods
unaware_grant
pure_candles
tan_qualification
mutual_drug
strange_accident
soviet_schedules
medieval_directive
brief_plans
indian_owner
isolated_props
associated_splicers
deep_weddings
noisy_galleys
bewildered_distributions
curious_tie
emotional_intelligence
misty_yard
marxist_threader
healthy_letterhead
existing_personnel
visible_hunts
fortunate_courtesy
necessary_knot
unpleasant_misalinement
depressed_lubrication
joyous_complaints
naked_puddles
asleep_rumbles
wicked_knocks
alive_moneys
required_shelves
grieving_season
leading_publication
tired_watches
wet_fractions
notable_rollers
annoyed_delegates
far_lamps
mathematical_analyzer
full_time_hoop
coming_rescuer
australian_lifts
fancy_superlatives
massive_bushels
profound_balloons
bitter_elections
standard_carburetors
important_soups
ambitious_signature
english_replenishment
embarrassed_fumes
agricultural_interruptions
embarrassing_software
institutional_bushel
mighty_graph
senior_member
visual_strength
ill_tenth
liberal_responsibilities
silly_floats
alright_shed
rainy_rainbow
slim_anchor
panicky_delimiter
united_ores
different_utilization
indirect_reinforcement
violent_quarters
fixed_subjects
nursing_friend
rainy_telephone
crazy_males
unpleasant_dimension
rapid_content
final_launch
outstanding_tricks
british_prices
conceptual_acceleration
overwhelming_auto
aware_february
naughty_captains
comfortable_meat
financial_triggers
written_leathers
verbal_births
tropical_round
ridiculous_individuals
capable_chock
human_soups
amazing_specialists
clear_violet
likely_calculators
prickly_aims
bottom_licks
post_war_courtesy
obedient_truck
grumpy_donor
anxious_budgets
wet_cheek
silent_man
required_condensers
scattered_habits
invisible_code
healthy_health
difficult_try
charming_desertion
running_flickers
extensive_flap
numerous_heaps
black_deputies
poor_thermometers
tender_forties
rear_cellar
turkish_electrician
green_pail
big_addition
video_taped_hoops
frequent_conversions
increased_acquisition
improved_cupfuls
roasted_sod
sharp_silences
stupid_finish
domestic_exhausts
clear_preparation
splendid_fractions
controversial_resolution
peculiar_escorts
neutral_batch
wonderful_fathers
ratty_pace
dull_accusations
round_protection
okay_selves
slight_component
significant_prefix
medical_originals
primitive_inch
old_ohm
wet_coder
complete_strike
sleepy_artilleries
smart_development
funny_chapters
advisory_densities
ripe_station
steep_summaries
separate_swallows
precious_bank
alone_touches
fixed_reservoirs
alleged_stationery
invisible_log
mysterious_increases
gothic_bushels
splendid_editor
determined_technician
future_airspeed
steep_staff
impossible_scrap
huge_tumbles
long_abrasives
coastal_fault
cognitive_sidewalk
linear_diaries
final_raincoat
electrical_president
biological_orifice
outdoor_addressee
different_factories
sour_daughters
jolly_passwords
rising_nomenclature
unwilling_loudspeaker
obvious_emergency
military_awards
full_boxes
anxious_tire
misleading_containers
mushy_harm
outstanding_degree
jolly_paygrade
hostile_checker
foolish_numbers
rare_designation
written_sponges
level_surveillance
arrogant_services
gay_rejection
charming_metals
sensitive_ladders
gross_minority
late_tank
rich_thread
narrow_cautions
thoughtless_liquor
helpful_loans
traditional_handler
complete_network
round_educator
obliged_donor
obvious_fixture
far_course
zany_occurrences
promising_group
afraid_raise
subjective_flickers
simple_smokes
realistic_registers
pale_voltage
lively_zips
prior_drives
innovative_acts
scrawny_reductions
good_rumbles
developed_citizens
separate_devices
latin_kills
urban_lees
primitive_wound
optimistic_tens
subtle_metals
relevant_bowls
diverse_entrances
fatal_perforation
zany_sonars
invisible_basket
breezy_issues
responsible_hoop
inappropriate_conjunctions
different_irons
rotten_debit
nasty_trace
shocked_hooks
turkish_stare
cloudy_brush
fascinating_beaches
desirable_accelerations
selfish_photograph
young_lint
curly_barriers
funny_kill
regional_relationship
elated_valve
petite_dispatchers
odd_schedules
bad_folds
italian_deletion
open_ballast
selective_dose
parliamentary_statement
unfair_lift
technological_path
thoughtful_permission
interim_centerline
helpful_ditto
purring_mercury
solar_grain
acceptable_sounds
beneficial_corners
continuous_balance
blue_cups
so_called_accumulations
tan_default
pregnant_fall
dead_crusts
helpful_meals
square_pedals
helpless_scratches
precious_nomenclatures
terrible_chips
consistent_mists
nutty_streaks
deaf_weave
elegant_anchors
hard_elements
notable_navigations
dark_conjecture
average_slit
typical_sticks
legitimate_deposit
strange_compressions
determined_slaps
pink_sentries
welcome_overloads
doubtful_forecasts
odd_packs
ripe_misalignments
different_feelings
precious_subtotal
pale_grips
conservative_bulb
fortunate_glands
quaint_discontinuances
regular_sand
depressed_stators
panicky_portion
democratic_pats
valid_electrode
disturbed_shipping
lively_anchors
applicable_dopes
famous_limes
popular_recruit
actual_reverse
bright_crops
brave_beings
strong_distributor
depressed_stump
military_carloads
yellow_area
anxious_weather
sure_liberties
closed_excesses
terrible_seesaws
dry_width
glorious_periods
rotten_trucks
helpless_buzz
spare_hardness
realistic_stub
deep_parallels
balanced_races
mathematical_suspect
dead_circulations
slim_intelligence
combined_hubs
functional_amplitudes
sensible_thickness
unhappy_worth
sound_whirl
bumpy_cavity
proposed_generals
exclusive_sort
bitter_substances
lively_expansions
so_called_salt
controlled_voltage
varied_cover
injured_reel
balanced_sock
comparative_loops
pink_runoff
biological_exhausts
large_rags
empirical_integers
weekly_prompts
spiritual_discounts
compact_cradle
qualified_electrode
adverse_buys
hungry_thin
ugliest_hyphen
protestant_signals
adverse_route
kind_combatant
grim_sediments
apparent_panel
protective_chest
determined_rowers
dying_sparks
influential_stoppering
famous_molecules
vivid_lanes
fair_hierarchy
deep_molecule
rich_ship
distinguished_disease
urgent_painters
aggregate_peak
independent_chemicals
bitter_item
mixed_letters
late_drives
nasty_concepts
asleep_adjustments
residential_chest
jealous_beams
damp_link
ridiculous_trial
detailed_occurrence
western_firearm
payable_clangs
adverse_rock
complicated_refrigerator
sufficient_chimneys
swiss_dwell
standard_grip
semantic_fountains
comparative_options
above_vine
marginal_fractures
helpless_delegate
hard_ensign
obliged_alibi
reliable_pulses
square_wrecks
following_railways
innovative_towers
elegant_aluminum
tight_screws
slippery_twine
japanese_ramp
correct_yaws
soft_dears
big_sabotage
private_processors
open_swallow
spanish_harbors
running_blades
respective_rhythm
handicapped_separations
part_time_solenoids
confident_ignitions
then_revolutions
gentle_watches
married_compasses
handsome_discriminations
detailed_listings
misleading_saving
working_class_detachments
hostile_technician
decent_interest
magnificent_generations
gothic_rags
victorious_medals
fine_doses
assistant_tail
steep_nickels
occasional_runouts
expected_arguments
profitable_sonars
bright_admiralty
steady_secretaries
surprised_hopes
horrible_weight
mushy_majorities
primary_damages
arab_harnesses
high_pitched_scene
faithful_breath
unfortunate_durability
stingy_couple
strong_sets
chief_regret
cold_arm
changing_batch
puny_union
fantastic_separation
thundering_net
creative_shipmate
light_elevation
clinical_art
scottish_laces
modest_container
doubtful_compresses
standard_trip
powerful_stresses
powerful_groans
combative_marines
total_coordinations
key_hairpin
black_capacitor
kind_firefighting
sweet_atmospheres
hissing_guy
well_known_fastener
burning_thimble
troubled_haste
established_category
elegant_habit
fuzzy_dictionary
shared_doorstep
precious_committees
different_circumferences
perfect_computations
whispering_position
responsible_skins
theoretical_complexes
adverse_record
successful_ally
wet_canvas
wandering_egg
beneficial_subjects
hidden_cleanser
special_sleep
dear_bottle
impressed_ratio
delicious_guy
monthly_admissions
wooden_president
full_mention
provincial_sources
careful_contract
persistent_ballast
poised_checkpoint
relaxed_molecule
watery_logs
respective_balls
sad_wools
closed_idea
long_cures
sleepy_families
defensive_length
favourite_democracy
holy_echelons
christian_taper
instant_helmets
respectable_hut
intellectual_present
remarkable_processor
puzzled_drag
gradual_fumes
tory_gulf
prepared_million
quick_sneezes
fancy_hate
afraid_whistle
certain_brushes
integrated_wingnut
fat_staffs
bottom_ring
quick_cuts
joint_hatch
sporting_calibration
glorious_intervals
social_capacitance
cruel_supply
toxic_reductions
poor_cliff
ugliest_seamanship
wee_augmentations
familiar_desire
occupational_witnesses
coloured_title
daily_multitasks
emotional_argument
boiling_affairs
favourite_survival
blind_readiness
small_chill
excess_drawer
continuous_stators
curious_wars
american_bail
straight_cycles
misleading_bats
male_memories
superior_compositions
definite_gangways
rubber_hair
damaged_pronoun
mean_month
new_mornings
careful_exhaust
nutritious_expense
managing_figure
smart_superstructures
international_gum
controlled_associates
difficult_disasters
deafening_statements
open_trainer
gross_friends
secret_parcels
biological_days
drab_network
fatal_crosses
excellent_byte
curious_ejection
impossible_stacks
desperate_tendency
petite_law
maximum_months
administrative_lead
glamorous_burglary
manual_motions
afraid_element
sleepy_son
holy_tablespoon
rich_turnarounds
rolling_device
local_glazes
bright_crystals
intense_resource
fine_channel
central_transactions
better_furs
balanced_diaphragms
diverse_problems
respective_rheostats
tory_education
high_reaches
naughty_sights
handsome_jam
confidential_dopes
unwilling_occasions
spanish_filters
unpleasant_sabotage
confidential_mothers
relevant_plane
gigantic_nouns
honest_navigator
fat_spoke
glad_dynamometers
many_writings
marxist_swab
philosophical_weight
worthwhile_zone
definite_company
beautiful_pipe
constant_aid
wet_solutions
uniform_gaskets
clumsy_pass
desirable_brush
extraordinary_flush
normal_advancements
sexual_classroom
radical_plow
swift_packs
formidable_worm
canadian_rewards
busy_swords
lost_analyzers
continental_gear
calm_path
red_pins
full_cannons
crazy_escort
allied_lamp
tremendous_needles
naked_steamer
ugly_guard
islamic_coins
solar_agents
notable_propose
previous_allegations
strange_cellars
wet_certificates
statutory_hospitals
chronic_cannons
few_shipping
victorious_army
simple_arch
white_diesels
upset_keel
autonomous_heights
well_decisions
wandering_ditches
retail_heat
nice_scrap
damp_multimeters
funny_april
hungry_pockets
systematic_majors
light_appellate
monthly_latches
optimistic_prefix
impossible_fracture
low_forts
continuing_relays
cultural_drain
ltd_nozzle
philosophical_artilleries
safe_alcohol
unfair_president
dry_excess
young_resource
certain_dump
correct_respiration
meaningful_authorization
upset_compartments
prospective_calorie
quick_glows
professional_circumstances
favourite_transistor
preliminary_drift
bloody_requirements
low_start
surprised_cots
rare_offer
selective_firearms
pure_residents
ill_missions
perfect_group
african_eighths
average_evening
nervous_sweeper
better_seas
beautiful_flakes
hot_increments
alive_chases
exact_countermeasures
specific_entrapment
aggressive_tides
adjacent_exhaust
established_excuses
depressed_passengers
minor_snap
public_cages
upper_purchases
guilty_rattle
subsequent_product
intimate_knobs
extended_inclination
sticky_turbine
precious_gaskets
puzzled_interrelation
artificial_whistles
alive_sinks
bad_tenders
satisfied_fashion
increased_airplanes
mobile_surprise
crucial_barometer
wee_servant
modern_wastes
political_amount
conservative_fishes
redundant_millions
fluttering_tab
unable_speeds
chinese_buckle
shallow_effort
added_minority
expensive_decibels
realistic_passes
husky_coin
environmental_hunk
fucking_noises
foolish_gum
horrible_moment
impossible_cap
appalling_hulls
secure_spade
short_audit
early_garages
upset_flickers
giant_attempts
alert_ends
abstract_bauds
jewish_chokes
australian_magnet
willing_piles
labour_miles
conservation_customs
grieving_sack
favourite_sevenths
fragile_sips
obliged_tensions
striped_seaman
bold_gleam
novel_interpreters
smart_pine
commercial_donors
governing_distributors
whispering_annex
sudden_wonders
natural_wind
whole_warehouse
sophisticated_echelons
magenta_echo
steady_buy
orange_officials
closed_deposits
nervous_diseases
firm_tugs
delicate_contributions
overall_terms
planned_patients
Sound_carts
angry_energizers
rude_abbreviation
marxist_punches
commercial_talker
bright_straps
productive_consolidation
defensive_medium
ridiculous_tunnels
present_limitation
powerful_buildings
frozen_rim
low_harmony
quiet_certificate
miniature_lifetimes
clever_wave
tame_hats
chemical_bunk
confused_scratchpad
wonderful_basket
vague_carts
assistant_smoke
subjective_journey
partial_binders
thick_catch
kind_airport
head_diagnosis
concerned_goals
swift_device
old_fashioned_grants
vital_helicopters
flat_membranes
married_worksheet
well_known_rides
squealing_displacement
effective_configuration
organic_wonders
inc_taste
rainy_complements
green_grade
tender_boot
crucial_rhythms
managing_presentation
gentle_crusts
financial_profession
glad_daughter
palestinian_value
natural_bat
organic_braces
then_armies
korean_show
irish_birth
bitter_glass
roasted_electricians
permanent_mondays
combative_plexiglass
diverse_initial
busy_folds
annoyed_application
familiar_canyon
aware_evaluations
close_college
promising_resources
gorgeous_events
natural_route
pleasant_entrance
fortunate_wafer
rival_rudders
ethnic_chances
objective_honors
unfortunate_disposal
relieved_capital
foolish_variation
well_known_paint
chinese_limits
legitimate_fountain
steep_scab
rare_signalmen
artificial_orange
sad_missions
sleepy_surge
creepy_schoolhouses
prime_formation
concerned_subject
bold_tablets
mixed_selves
fine_blades
melted_nickels
increased_retirement
secure_decks
spicy_lubrication
personal_circuits
chosen_recruits
alleged_patrols
coloured_grove
many_vine
tiny_apple
spare_qualifications
severe_altimeter
balanced_reliability
distinguished_telecommunications
striped_clerk
narrow_quantities
inland_alcoholic
boring_respiration
simple_giant
important_seal
devoted_tan
grubby_arms
lively_portions
bloody_wingnuts
native_launcher
important_implements
american_drug
ashamed_percent
brave_straighteners
just_pier
flexible_models
present_grounds
wonderful_thermals
psychiatric_pitch
melted_relationship
nutty_chokes
private_divider
handsome_cubes
global_counts
busy_plant
marginal_cakes
isolated_bypass
scornful_sisters
full_tears
sweet_loops
magnificent_hushes
flaky_malfunction
busy_conspiracies
disabled_defections
tiny_plexiglass
smooth_holder
underlying_interview
small_class
controversial_airfields
chosen_troop
balanced_dimensions
territorial_content
dominant_service
unlikely_drawer
invisible_preliminaries
upset_change
sensible_surface
verbal_drafts
spare_paths
metropolitan_glands
alive_worlds
welsh_jumpers
dusty_net
rich_rose
rural_nonavailabilities
vulnerable_harpoon
prior_passes
misty_attachments
ashamed_breaches
bewildered_fountains
unknown_abbreviations
rubber_plastics
round_fighting
interested_retrievals
weak_boat
final_composites
ready_furnace
remote_halts
ill_concurrence
angry_ceremonies
lucky_swivel
long_stabilization
curious_footing
accessible_medicine
canadian_registers
fucking_detail
broad_sum
troubled_minute
prominent_masters
intensive_assistance
outdoor_thousand
significant_practice
experimental_solvents
mighty_replenishments
musical_layer
abundant_pats
thoughtful_amperes
arab_catches
eager_managers
tiny_stretches
clumsy_inventories
short_bullet
shy_explosions
notable_attesting
double_hopes
feminist_presentation
turkish_body
formal_violations
broken_slash
creepy_guest
outrageous_fares
brown_fishes
magnetic_bone
cold_memorandum
tense_brooks
burning_adjustments
just_inquiries
combative_sessions
unnecessary_captain
numerous_april
horrible_subsystem
conventional_orders
accessible_seamen
marked_knife
joyous_writing
short_cheats
complex_attack
joint_visibility
hurt_watts
tender_steps
handsome_shotlines
socialist_war
dirty_surprises
honest_executive
light_decoders
short_term_intent
variable_sweeper
tall_baths
unwilling_lids
clean_frosts
clean_affiants
balanced_boresights
coastal_casualty
right_august
established_concept
certain_revisions
automatic_drug
prickly_runouts
racial_nerve
uniform_elections
polite_executions
hostile_drip
concerned_talkers
many_kit
nasty_orifice
mass_tools
operational_meridians
solid_temperatures
educational_skills
exclusive_millimeters
okay_arraignment
furious_canals
tasteless_commanders
glorious_garage
busy_overlays
lively_shadows
deep_technology
agreed_leaders
diplomatic_transmittal
controlled_flames
coloured_february
expensive_supervision
modern_relief
tasty_basement
uneven_theories
magnificent_proof
young_motions
hissing_nation
continental_distances
magnetic_batches
sensitive_verb
fragile_stationery
well_known_soils
ready_shape
persistent_buckets
nervous_bases
soviet_candidate
creative_ream
creative_notes
deep_stores
simple_diamonds
related_slits
wandering_whisper
sunny_hugs
rapid_seasoning
accused_limp
ancient_seam
private_sets
charming_act
like_instruments
general_elapses
ltd_weaves
spatial_dioxide
better_displacements
flat_sizing
white_receptacles
verbal_usages
purple_liquors
handsome_butts
effective_milestones
constitutional_streets
geographical_pistons
ripe_cruises
spicy_teeth
familiar_prime
judicial_byte
stupid_pops
confidential_salute
joyous_highlines
frail_articles
only_tracker
required_crop
tasteless_gasket
implicit_acceptances
broad_fallout
full_time_forests
many_runoffs
average_commas
inappropriate_charts
healthy_trust
damp_degrees
reasonable_quart
odd_knobs
soviet_housings
average_barges
strange_hatchets
medical_oak
used_turn
rough_qualities
electrical_strengths
critical_fields
prime_wool
united_burn
financial_cottons
private_frigates
wasteful_rations
important_sites
middle_class_choice
administrative_knot
occasional_ranks
flexible_thumb
elegant_transmission
worldwide_parcel
eastern_breaches
furious_cakes
lost_core
hon_crank
instant_plexiglass
turkish_situations
faint_hitch
concerned_radian
rigid_collections
human_wingnut
unnecessary_bumps
korean_energizer
isolated_tills
reasonable_bear
successive_highways
remote_cockpits
proud_confidence
close_bullets
confident_waste
tense_glands
rainy_tendency
other_probabilities
voiceless_strips
hostile_letters
unexpected_inquiry
gigantic_conflicts
genuine_vector
growing_attribute
jolly_solution
panicky_chairman
western_leap
cute_wartime
stuck_rolls
poor_sessions
rapid_wounds
separate_rhythm
amused_leg
frail_pastes
total_twists
nosy_farads
persistent_section
unacceptable_firearm
funny_dope
suspicious_counters
accurate_pencil
rubber_progress
golden_books
allied_prepositions
misty_inlet
native_shotlines
aware_apprenticeships
competitive_suits
compact_heater
unnecessary_detachments
historical_integrity
ridiculous_fetch
visiting_south
female_paces
wicked_version
light_bin
nosy_sectors
usual_major
annoyed_excuses
artistic_helm
broad_electrician
fancy_sinks
selected_bushels
yummy_tray
prominent_recombination
sorry_administrator
flying_trunks
innovative_fashions
horrible_entrapments
autonomous_shops
independent_rumbles
leading_swaps
fatal_requisition
old_pages
pleasant_cups
good_stitch
patient_crime
just_shotline
anonymous_deposit
prominent_replenishment
distinguished_hum
new_exchange
military_stub
bright_game
thoughtless_hoop
mean_rotation
solid_allocation
thorough_persons
liberal_visitor
tall_oscillations
immense_fourths
right_farm
interesting_clicks
clear_rivers
fast_spindle
front_servants
skilled_trim
mild_result
written_towers
aware_claim
dull_recording
miserable_tones
colossal_pockets
shy_contamination
bare_duration
technological_hub
evil_groans
rare_exposure
other_chill
vital_priorities
favourite_women
constitutional_authorities
formidable_escapes
modest_strut
democratic_swimmer
friendly_absences
unlikely_impact
tart_cough
thoughtless_debts
rear_explosion
shy_trainer
eventual_price
willing_details
guilty_coxswains
shared_post
short_rubber
fundamental_nines
medical_tender
likely_breakdown
cold_hose
dramatic_acquittals
united_yaws
clinical_moon
fit_circuitry
reluctant_charts
hollow_diaphragm
visiting_guilt
cool_chin
above_meal
peculiar_compresses
shrill_wood
grateful_voice
added_interests
probable_deserters
striped_bolt
nice_float
long_applicants
diverse_series
embarrassed_bend
immense_observers
jealous_operator
grim_suspect
outstanding_stator
alone_toe
variable_humidity
substantial_judgment
fascinating_documentation
mental_grease
tired_straighteners
responsible_exit
delicious_planes
muddy_rails
steady_raincoats
constant_head
outer_breaks
equal_nurse
gastric_peck
visual_evidence
empirical_funding
crooked_drip
complete_biases
innovative_characteristic
confidential_flashes
living_mistrial
whole_videos
obnoxious_chairpersons
brown_loans
enchanting_return
amused_holds
big_stump
technical_bows
shared_events
slimy_pyramid
large_scale_drafts
straightforward_standards
depressed_truth
numerous_copper
retail_cover
precious_lip
outstanding_stencils
monetary_dealer
able_lookout
furious_sterilizers
female_ovens
proper_weave
mechanical_blows
linguistic_tastes
painful_generator
tough_town
bitter_revision
indian_gage
exceptional_strip
payable_glides
dizzy_loaves
mid_fields
pregnant_mixtures
linguistic_trucks
forthcoming_letters
unable_hardness
quaint_sprays
isolated_consolidation
allied_signals
confused_blade
liberal_oxygen
clever_flakes
persistent_entry
blind_cries
golden_retention
then_hints
creepy_pail
troubled_rails
new_deletion
feminist_bulkheads
continental_paw
silky_vicinities
full_time_privilege
electronic_command
collective_laser
civic_option
muddy_endeavor
philosophical_equipment
statistical_punches
handsome_excuse
ancient_hyphens
precious_properties
extensive_chock
comprehensive_strikers
multiple_reader
primitive_fellow
nervous_oaks
unusual_pedals
glad_user
golden_usage
imaginative_regulator
scared_shortages
overwhelming_manual
hilarious_insertions
victorian_person
husky_strands
passing_account
remarkable_mixtures
silent_transaction
exciting_investment
lexical_facility
friendly_lesson
unable_jets
spicy_mask
used_distance
ripe_compressors
equal_drips
sexual_bubbles
prickly_secretaries
sticky_hulls
tough_warfare
extensive_move
flexible_sequence
monetary_envelopes
tremendous_regulations
horizontal_swells
fucking_bauds
irrelevant_miles
neat_contention
magnificent_lenses
overseas_funding
exclusive_processor
disturbed_meanings
ideological_thousands
excited_slinging
small_brake
wet_periods
top_investigator
unlikely_curtain
safe_exterior
remaining_resistor
genuine_goods
promising_salvages
panicky_figure
nice_giants
happy_resolution
damp_signatures
overall_threes
mass_circumference
cautious_core
noisy_sleeves
crooked_drift
preliminary_sod
critical_supplies
back_hem
southern_troops
odd_disasters
black_installations
russian_basins
constitutional_combinations
lengthy_adhesives
ugly_officers
renewed_sizing
crucial_checker
lively_speeders
premier_offset
young_fines
dangerous_millimeters
watery_relationship
electoral_offer
entitled_tin
imperial_flashlight
registered_modes
following_accountability
just_measurements
varying_cut
normal_offsets
round_letters
quiet_assignment
shocked_lens
clear_interchanges
important_noses
rising_misses
reluctant_classrooms
unemployed_flight
clean_account
orange_builders
