ENg
CkB
NWp
KKv
Clz
K4K
CSI
F5j
NAk
Mck
LVM
LFn
KqJ
KVT
Ixv
HVs
EbJ
MxU
CfU
LRA
Isi
Ibz
IOZ
G56
FOf
DUP
B4b
AbM
NjB
L8d
MUS
LNu
JEW
KLS
Fqp
Kb9
J86
DO8
JPh
MDf
Eqn
DUp
J5I
NI7
JJ9
I50
GOM
Efv
CVT
CMD
BTO
CE7
Eyc
IO_
G9B
H2C
Mp5
MNc
MM7
MGN
KKy
JWG
Hx1
FqZ
FJN
Ak7
L8Y
AIC
JTR
A1F
JEN
GJH
MmN
LaA
JIS
HSL
FTC
FBD
EzC
E41
EVc
Doh
CcP
C66
BxN
B92
B1Q
Ld2
Axf
JbT
JXS
KiL
FkP
I2s
Ki6
ASU
DXl
NYZ
M6Z
LyL
LUL
LNn
K6G
K2Y
I2H
HlS
HNq
HEv
E4d
F6f
D_B
M37
IFL
BLr
BHx
Grl
Gfd
Gzk
JfP
IZH
ME1
IRl
EzI
Alf
MLp
J3f
Jbc
DXk
CuK
KqT
GjN
Idz
NLw
KCY
Jw1
Jpo
JPT
ILQ
II8
HvD
FTj
FNw
FIR
Eiu
D2k
CnO
C2F
Bmr
AhK
K8z
MTG
E4f
MCQ
Jnm
BHj
IcI
I2u
GrT
JdP
Gr_
JG3
DmK
HCv
NiG
A6W
Hp_
K3p
MxH
MxE
MV9
MM0
LX5
Izi
ILb
Hl5
Hib
Fh1
Ert
CIW
B4w
Myo
C1v
Kvr
Mr0
L7P
MZP
IuP
FVj
Cgs
MWt
Awq
DDT
NLq
MFv
J3i
HQ6
Ekj
MEl
CNE
MFW
HIb
E0x
Kxl
I5g
ICo
GYA
GSU
Eb1
ESV
A6m
Jar
J40
LxS
Dqr
NHg
H3H
Kl1
N0n
NNa
MOT
HkU
Jet
JYy
I47
AkP
Mtb
KNv
IWI
Hol
HHU
G8Y
FeA
EeY
EQQ
EHF
BY2
JXT
A7t
JD3
IJY
Bsx
G6j
AQo
E0B
GFn
MXW
JsD
ISt
NWn
Lrr
LdZ
IN4
Hpl
F8B
FL1
Eny
Kyf
L8n
IOg
Mfk
EXQ
LbQ
ARc
KFA
MbI
N7R
CsB
Kwl
ELh
A3Q
IHX
IDY
Cht
FPa
DEo
IKv
Len
Ley
HjZ
Btw
Nan
IEG
F1v
KtB
FM7
FWI
EPH
LNx
N7U
A5n
HgQ
NlU
Epx
BHt
FQr
BYY
DzQ
Aun
AJW
AjO
FHm
Fex
Gbd
KKx
GmZ
MMO
DrH
Kux
I42
JMz
Azu
EYq
LQ4
NiJ
Lx2
JC5
Jlv
GXh
FZo
Bj4
Llg
G11
NKT
Kta
COK
D7z
NnI
MzS
LkB
EZl
NdZ
Jn9
IlL
Hzn
HPg
BXM
Dq4
LyD
AGR
GFU
Bgt
JZs
NpZ
Kjw
BDR
HDa
Hvs
Jhk
Awi
Aa2
H12
Iwa
BE7
JMB
KRs
FCy
B2j
MwN
FqB
CdF
HjH
HK4
Bm4
KnJ
H0z
NRs
ETX
LKC
Cjm
JJu
EbH
G1J
E6e
DZO
Jg8
N2M
L7H
GRq
DVk
LXa
IV1
E7_
DkY
JTm
C1W
KgJ
H_b
E0D
DJh
KOd
B1d
ImI
B4M
Hkh
MgB
Ato
KFU
M8_
Idi
HM7
GTD
C8j
JLF
Ick
AUB
Hkp
KNx
AYH
IUy
ICO
EHj
Fw8
MTl
Dp3
Nms
MmI
FX7
LOC
JaF
I97
FP6
Djb
EBq
Eg6
IBY
D7y
GhM
LkS
Kzg
ETH
Al1
HRa
Ag5
E5W
Eh1
IAF
N2R
LAa
H6b
JIf
Flc
CQh
AFM
HaH
H4_
KGu
MOU
Ig3
HiP
GEe
C1k
Fcc
Ajy
II7
ACz
Cmi
Dc0
AYF
IQj
KXA
B1H
MW4
His
AeO
N6y
B7G
NpA
EfN
Is5
D7f
DR4
H46
JF3
Hxq
C6d
KGF
B3S
ICu
N4K
JyD
H6W
Jm8
MbQ
GBY
Lyn
N2o
MwO
HjG
J4z
Exh
IVg
IoA
BkU
Mma
KjC
Bh8
Fkt
FKF
ACE
Hlc
Aak
GEQ
JWm
LEl
EHP
DpD
BD_
C8s
IHc
CnW
AVW
EF7
LAi
M73
Nmi
LW2
NLU
N37
CnV
H2l
Afg
C0p
KUn
A9U
AKb
L5g
MRA
FIv
HlR
NLL
Czt
MVt
A8R
Ihl
FqU
Glk
AkG
DMw
DEh
JWJ
I56
EK3
M4T
CAM
Anj
MA5
NYB
LMc
CAX
MRk
H9H
N3k
AUR
ETJ
Anb
K2G
MHR
JuC
Crc
AvT
Auu
Kpo
LnS
Er1
IkJ
FGg
LOA
HMq
GiN
APt
HJR
Dqm
B6z
Bpp
Inl
Nbp
JSu
HKG
EJq
CUz
MUb
FfP
HtS
BD9
J07
C1w
NDL
C1J
El7
KL9
Iz0
AGd
MfW
BKs
A94
LFl
Av5
J12
Ipy
H_j
KeJ
HW2
AdR
KEb
KQO
A5D
HrZ
NfU
HzR
Fok
JVW
ACl
N54
KQw
Cuv
Ji1
G5H
Lc0
ILC
KU4
Lvb
Dfh
AYy
CWC
BJy
C1O
DG5
N6_
AST
KWH
HJi
BS_
Fw2
IYk
B6k
HmM
MsI
IQk
Ay0
C3q
ILy
HY0
IG7
IVX
EvX
MfY
Eru
GSY
Bb0
G_Y
EFo
GAo
Jmu
BJ5
H6t
DMP
GS1
B20
D5F
Cdz
IJB
MW3
LXd
Mwy
Fvj
K_M
BA2
FxC
E3P
GYm
IXp
HFM
G1M
LT2
Fck
AvV
Mdk
E0l
BvN
D69
EUj
JMW
HSv
Aye
DwN
FSN
FQC
AZW
DeK
IFQ
IPN
BNs
Nmh
GRG
Lka
LoT
AxF
BrQ
Bky
Hye
CKs
EkG
A3B
HLV
Cjs
Myw
HNy
MQn
NRq
G1k
MO8
D7F
B46
JA9
Ih9
LTR
C3W
KQR
BCU
BvM
J_z
Cdb
IP6
Bag
L6G
DuV
KhI
DAb
G8f
DXI
KHR
Hr2
BH_
Gkq
NKj
FGo
AMJ
JP7
A_f
BMv
AFo
MWs
JZ8
DBz
Ekb
L65
A4M
I9d
KRb
HAN
JwE
EUi
IS8
Egj
AtH
C8w
Ni6
I62
K0Y
Bx2
Bhy
C1T
KsN
EL7
EJV
JhG
I9o
KyH
CBX
GiC
GNJ
DFS
KXg
GDu
K0U
MJ8
DZq
HwN
Bnm
HGv
FNm
BVe
IS6
ChC
Fxi
BJe
KbP
MFP
IZY
LLy
Ksm
NSk
BpL
Fxn
B_C
Cca
JSG
J_f
BQV
AR2
EUU
I4W
AUs
EVJ
MCt
CYo
K8w
FCJ
KTv
Edl
IQO
Jze
E6f
Bjy
K_4
Fsr
B4f
Jqa
BDc
Ago
FW5
Ne8
DtP
Hn2
DPe
Ih_
NAc
Iyx
LjB
DZz
LCo
Hlz
DE8
HIw
EBG
Mf_
Iym
BEb
H4F
DRP
Lyr
AdN
Kfe
ELw
Ey4
Fe0
C9T
FBr
GeA
Lwk
