2260
9698
37441
29265
26544
5290
15279
16125
9265
14235
12227
18046
3517
23887
20797
12358
25540
36344
24562
35388
38865
15855
14911
21946
20739
31994
39146
26630
39594
30156
14658
4998
22886
22503
26625
37281
10436
5883
34402
30171
19102
14340
30600
39542
33255
3572
7978
7089
36886
27454
7034
15432
22043
18342
4738
8343
34031
11530
24026
10630
38255
7183
39526
10738
22109
17981
29415
24909
14319
38463
17090
27198
35739
33831
38277
413
10826
28221
9837
13990
27471
4655
25930
2552
31122
1253
16572
38750
3235
27581
21267
8262
4923
16612
39996
12665
32478
29445
8033
23808
16752
34184
16343
972
230
32880
2690
2662
27549
32730
19776
15914
14863
11721
9906
38263
37759
6827
12676
22855
15598
13865
34385
11143
29534
38817
9032
29239
11799
12416
22774
14278
35913
19084
25390
26500
32237
6272
37626
18077
2540
27904
33740
30033
38775
13163
29621
20865
39620
23319
11744
30766
1807
37658
33698
26193
24235
6958
25287
27557
19165
12641
37624
13074
19312
1414
27923
24321
29645
29657
27208
32497
12768
1487
6363
4758
19486
34973
30918
25795
1101
36357
32784
39381
1428
9006
24473
29979
14040
7022
799
20560
34430
13651
38587
35543
12777
28910
10366
28476
25871
26783
34629
39499
37194
24288
32740
17906
6593
12853
23404
39409
7921
26692
36584
39519
659
14336
35603
21846
33999
14100
39621
28124
8317
31858
34983
8399
28336
943
8759
20321
1184
23305
22303
13369
403
29987
38616
3035
2999
31485
33570
38131
37989
38987
15733
10066
19401
8458
14237
22683
35169
17751
11567
25005
650
35568
38535
2401
16336
26352
11429
36918
18995
31353
11971
31409
20679
23846
19058
31801
22333
1531
32319
35542
13589
34480
2912
13604
1435
2684
7113
13164
13570
36150
22695
34702
27506
30696
5083
20189
14179
26857
16519
24501
37216
9147
38937
34104
30324
5239
18194
35197
9279
14008
17912
8503
11660
30671
5839
27046
6823
15410
8235
3953
9682
35501
37375
10808
38342
6667
33210
7087
1132
35302
19907
12114
2469
26730
32068
29349
35128
19085
9752
23923
9736
37521
4066
15600
21445
28844
1933
25712
4255
39652
15513
24581
19399
2854
18814
37642
34534
15433
39880
13458
5513
20555
16105
9677
9636
22634
158
20449
1394
5599
33553
24130
8213
25557
33335
15738
14990
22749
35216
14796
2201
2528
11869
19151
8577
21588
30183
26437
25745
14150
15453
32585
37238
963
27567
872
24077
25457
20326
15080
11440
29192
2029
26912
33821
34889
21534
38411
35740
87
34452
12349
15504
34067
3465
30371
37249
11333
20382
31003
36916
22087
32066
23685
14943
36687
14406
9705
35704
1872
30417
8434
38689
5941
15213
30603
17370
38902
12398
37960
37860
20167
10137
27460
39696
6928
30952
31111
20756
23385
31708
17219
10149
25061
6580
17544
31520
29013
3490
20192
15198
24946
7810
19556
6752
11197
4404
2274
20673
19357
39908
30546
11422
20381
26779
31386
35545
36407
23321
6659
19110
22965
1012
27354
37313
10208
6356
20687
11864
39261
7955
23888
25148
2291
19491
32083
30447
20439
34693
2111
10127
26996
9300
9591
24439
7275
13643
31107
28380
15171
34666
12695
8655
35655
22795
8807
32824
34276
17259
14173
16267
32594
32214
39912
12473
10175
7590
19917
37724
13883
28876
32201
13201
3524
33139
5280
12779
36448
4433
11462
18698
33021
37343
6631
5506
21099
35978
15531
28252
6210
34360
33732
21784
11075
22012
2240
24212
27608
6005
5687
39406
27398
10780
20072
24548
11211
5841
35133
1286
21813
32341
6178
20523
4574
10728
38417
18495
37878
29401
16365
13546
33055
31089
13407
30859
17771
38427
11270
21382
10326
16707
15456
4247
10590
13654
73
7705
1257
24083
33758
4045
12855
30046
15788
5652
11490
5826
35307
38506
8090
8251
17120
24406
33670
36936
21794
26696
32038
9555
2447
33783
14945
36701
36620
6014
31472
6725
19765
12322
14744
6808
39475
3146
23117
12924
14039
8629
39086
495
21349
22427
22495
9236
38368
39159
14342
30541
27806
37666
36604
5455
10549
32393
31247
18142
10445
36949
10566
17631
21894
9880
8432
1273
623
6331
565
16034
27207
20287
20967
38061
35126
5653
21188
20038
33129
33671
25330
10260
7056
31878
16054
37978
26155
26276
29321
2863
12280
1948
9442
21704
19222
14455
4640
9651
15430
16087
21295
36483
31373
13690
34767
6822
16566
39366
13349
14655
28139
26415
8930
5521
36966
25911
14463
34153
1866
14544
15643
13786
33069
24315
21367
39376
26033
25175
10421
38034
34237
32550
7160
37393
13207
20974
31834
26296
19103
9728
113
8045
32583
7709
9335
2871
31400
19599
2276
24768
39471
28576
14129
26045
21275
519
6880
67
10263
38017
28878
38788
9892
3560
12342
20897
30331
5904
10605
837
19255
22726
23103
25888
23694
6147
19882
39118
7304
19093
27308
39386
26557
18216
6646
7307
29325
29355
12725
10959
37198
1133
7759
15591
38097
21791
17004
7512
16618
16520
1492
8277
22362
24568
33050
9133
23361
33243
32916
21112
19105
20859
15876
2549
12564
29204
228
21722
639
25994
20676
1984
25115
8133
30342
24445
9622
8653
35924
26103
19009
33198
33034
17946
19309
33963
1892
24755
33460
5282
1483
4970
14876
1769
30605
30420
21682
26089
22519
15615
11016
34738
13732
24086
21691
35561
28327
6978
307
25057
35159
8221
13177
3579
29631
28883
35531
18559
36376
5890
30288
14857
13976
6512
21158
4398
20195
36653
16892
766
32165
24520
38206
9905
28625
26657
29656
19955
26691
35773
17554
9755
34180
16127
36396
8960
16295
30091
30548
15794
8823
21000
35391
18934
22609
22476
668
24062
14962
33799
3396
1238
33176
28536
17561
37511
39682
39142
9847
37414
27412
23999
9946
34365
12849
29427
28311
31670
16512
2432
31095
24599
23513
38658
9404
16434
31352
24936
21831
35221
28410
39529
14672
14881
29639
2349
36573
1857
28062
27866
29813
31322
9296
16697
16927
32984
34028
476
39392
18660
10068
35412
5563
30687
30101
4979
8826
17565
25002
224
8682
1026
142
23255
20693
3519
14231
26787
20331
22844
152
433
38086
39821
13147
9720
35406
18311
35512
31254
9582
39177
14930
6674
24044
29633
35142
6599
31140
34133
19318
27304
35052
27721
2039
36030
23840
32212
7614
8037
28649
11873
26134
5494
25737
24397
30631
19308
27073
18684
3599
29036
39147
22471
6592
4969
14676
1963
23712
5130
38900
35895
19444
24679
32270
7379
28351
24607
4070
18364
15136
6966
25132
27389
817
26195
19078
15942
9134
10234
18415
25440
21838
30209
3761
33199
32765
8464
18151
4401
23913
24796
38508
31187
25379
29885
27049
17791
36696
23622
13963
2806
33898
33748
32001
24236
11264
2108
31525
28403
7132
11969
15597
38846
17793
10683
28841
24349
23362
11282
2414
47
4742
39816
25677
38680
37816
24243
5854
853
8963
917
32671
112
14695
3649
9437
27218
21669
17704
36987
33986
32958
17350
5480
31276
9821
2119
18858
26409
21022
4300
24841
23696
15791
3085
16193
26279
24877
8582
1152
29463
25454
29634
19210
558
19070
29195
21314
28610
26324
26849
1949
1160
32470
25199
30100
26302
29485
31761
22906
331
13225
33974
1936
1809
18443
24045
9713
36780
36579
423
11742
13600
35723
31402
17732
27457
3180
32534
13025
37824
5979
17765
18773
31931
10648
19323
23825
15521
10840
32054
9347
39607
25118
8791
10827
35519
25865
18899
26801
16199
28260
11999
9618
18795
21549
39541
36241
28586
32499
1863
39721
8800
2839
39074
37220
983
1712
18520
23954
5100
31657
31476
6663
11928
15619
17522
27491
13833
14904
38631
29111
16516
38147
22814
18288
29527
881
37169
21088
11785
19648
27462
18084
33251
35230
21944
37870
19608
6170
33870
5169
23227
39994
22690
5593
14302
18137
11056
15582
21945
31226
27392
22881
245
12448
31117
23020
38264
39905
26966
8283
5913
37067
31700
19036
37806
27239
1025
27052
12002
2904
30250
25241
4072
11499
24972
38939
23278
9143
14071
12430
33047
1517
29984
15021
26933
5632
38671
38376
25506
17052
28981
796
26386
21170
23793
5297
31924
22246
22846
13630
18859
34977
184
38156
25133
28676
29341
29500
18507
7340
25614
15679
1941
11395
14093
23588
11511
11017
10799
24735
15266
27297
38514
15000
25725
32266
5090
13193
21436
32342
14147
31945
2116
27625
21709
27517
38157
25206
6616
6679
36169
5504
27960
32586
23279
11184
10812
15069
18123
6302
32633
36926
14244
11025
5510
4123
29725
19061
36250
39775
28209
13753
14300
37162
21159
30441
2003
24887
4829
9119
9944
14310
267
19489
17031
30752
35726
35666
32601
149
20460
14108
9433
22484
37212
16925
17761
34090
36343
15956
39484
33002
30863
7264
2345
34669
24668
13530
38963
9149
2794
39713
37524
37155
1681
39370
29328
22463
14689
27287
38955
22856
22390
24069
36754
20142
13926
29901
6172
22009
16720
4723
21351
18383
5186
27950
20006
36908
36273
15985
26512
15735
1040
6884
19886
36466
129
3543
8307
25477
28448
37981
12405
30663
36531
31309
19616
16314
36946
36811
6137
8360
36818
243
24351
38049
28894
38808
1582
38751
29351
36340
36097
8421
10295
33838
6474
31879
35911
12215
31632
26328
21544
18604
39302
19783
20837
31431
20483
26891
22069
13506
5781
7664
1259
27856
18410
10700
28272
24460
26212
38719
31436
11144
38873
29352
33472
23386
16403
37891
13255
11946
11962
9164
16688
36337
1245
37410
31751
19852
26240
33752
13447
33217
15802
36101
16178
21001
2045
12191
28656
36365
13220
5339
6294
5500
29362
37266
18715
28313
13661
4592
21641
20468
10043
33349
22604
6413
6543
37419
35541
3690
4475
6724
15165
2843
27704
22350
34663
24773
21598
21101
32565
29222
10686
33261
24997
17480
13023
35994
18112
1900
13354
31027
17373
20655
31505
15852
15825
19577
34890
22446
14030
11792
8292
32686
6244
2995
13844
20352
8349
31234
24179
21412
38961
27014
1716
30572
3210
6087
745
36655
39306
35599
25615
920
11396
14522
6108
8834
20891
35118
30937
28151
34330
34572
8088
8453
11335
29499
27387
13465
6776
21144
18768
30966
23657
481
6582
17030
3587
33723
26047
28282
19053
9309
33525
37029
29964
26468
23115
5703
5105
31805
5333
33971
30958
27450
27492
24831
16337
26866
9028
16778
5899
18809
35774
37098
4329
14337
20354
36481
24372
34593
8794
36268
27256
11304
37374
17657
32288
1479
19818
16436
22200
4579
39123
31905
19172
15683
10960
18985
28300
19150
14880
20766
3307
7071
4521
5353
30610
26803
19350
26782
25214
14942
19629
15269
10499
11235
15908
22641
26948
2258
30196
4253
35050
27373
22308
2420
34426
23196
2103
33247
17007
20574
30220
11875
33902
33980
38231
289
13688
17427
12830
34132
31336
30458
27965
32400
19786
35352
26641
23941
6308
30804
20162
29457
9685
14941
36787
21490
6111
11556
4945
31467
2166
10552
22953
6821
22583
13718
3700
33241
27264
22335
1762
18935
9715
8018
35610
14341
31978
34891
37433
36891
26861
8717
23419
1034
3308
6481
834
16136
7058
5925
17224
26555
29928
22761
21046
22631
13446
12323
9973
37750
32664
24571
35026
33654
12599
28023
28038
1628
29031
17735
1621
11152
38322
38343
5586
26082
23360
21883
19889
3910
12956
3886
9410
6004
35731
15354
13978
37170
9173
38085
27996
21891
26469
22270
19928
3837
27631
31052
28890
1353
23309
35874
17505
32325
16455
17376
14060
39476
2560
34318
37101
36462
35922
32088
20213
15429
17624
4584
13905
12232
37166
14669
28131
36595
35560
24318
8853
38013
22756
24205
15100
23539
28112
35575
29870
26116
39871
33721
30753
2851
10790
25184
11224
21798
39170
11142
17724
7133
13560
21473
12192
26436
31527
24829
15459
21165
39704
2164
31675
31997
37628
7406
4950
12151
32838
14492
25606
645
16017
1129
36963
23324
7236
21138
2190
24648
32869
34672
17238
29961
79
23139
18243
15039
18005
10363
9422
9336
8450
33886
8523
36214
29542
33989
16252
4546
1269
4277
17462
1890
15388
26273
21149
26767
23788
19591
10074
1340
7091
13328
6756
6092
22412
30597
17245
5518
23866
29135
31724
22278
6392
5143
30047
21684
32475
21953
34065
15827
25992
30276
9955
28804
14954
34976
39332
21246
15072
24575
18771
4239
29416
30385
2268
37339
18026
30079
26607
9804
31339
1427
21223
16632
23147
31423
37645
23143
851
4389
17484
22037
32517
24257
25635
20031
34045
23777
5403
22015
4199
37569
6250
17961
9427
30502
17479
38102
30453
21900
13885
9071
5568
34705
13294
26321
9927
19371
37225
11899
19611
31800
24939
17331
20509
37168
35435
4532
1711
29346
27619
25798
37515
11368
25940
11265
6846
19542
17941
15630
22642
25283
23557
13246
27769
22737
21839
23253
21178
14970
23216
29006
34498
9901
12765
5342
20412
37832
27162
14156
10798
1650
15927
19935
20397
11666
28276
26820
3999
3968
19449
23408
16930
8751
16784
36756
29889
17137
22293
23054
20241
22261
23710
33288
8779
17816
28326
12617
20282
33070
22178
31401
37604
1859
17853
8980
15564
9993
36631
17300
19723
22943
10296
27376
16885
32279
39805
22688
39680
978
16546
5517
8639
18340
36718
27402
12715
18301
9200
39843
15868
4852
16867
25302
20835
4788
4050
34376
11588
36092
32077
10721
3534
22750
21269
6914
31222
1877
14247
29123
15911
16694
931
33211
34383
18060
24638
29418
10500
25188
22085
20938
34558
38211
12061
24658
15444
33097
35553
39084
31809
38230
23873
19141
35271
12045
26686
12859
34408
12732
34869
21379
3620
8077
9674
6763
32737
30341
6924
15022
28537
16998
20941
36799
22734
10235
14547
6171
4863
9620
14542
38485
31729
30596
34361
20708
3975
20511
23966
17420
6673
14917
14577
4394
26774
28964
36740
32007
4206
27087
34239
22847
89
15961
32884
4108
1230
3023
4202
27467
29640
13666
2576
19681
33579
28377
5370
13001
20713
30856
28063
7508
2176
37203
31307
18037
37811
31827
10431
36069
18728
33983
15968
335
31395
18245
16513
29651
6871
4003
1224
27148
32317
2406
27117
31787
31092
13144
25978
20023
3290
11216
26236
7670
14248
12922
11359
2873
29953
29083
32589
31575
28441
12426
39037
16264
33274
20562
3646
15843
27056
23911
20505
23989
39444
34955
19198
14786
8264
33257
14120
32040
22150
31218
35321
39049
30203
6289
9523
30830
12689
8589
18044
28255
10747
39532
20346
31106
20372
17341
18
15206
8329
36647
13150
12953
18805
2825
13494
30454
24060
27407
4892
15451
5514
25191
31355
17911
33645
22282
13449
38132
4121
25295
7721
10346
39853
15522
39333
16790
21502
19016
34795
8796
11886
38405
9725
6902
2893
37031
21882
8576
25904
20489
19596
4424
22418
28452
36244
16441
26795
14526
24889
16080
36444
14289
20709
27708
5701
20080
553
12374
16595
30713
16568
876
13618
18232
23488
19178
39892
45
14923
2194
38160
16165
16971
7621
24732
3829
14609
30669
32823
30282
29593
10973
38059
23437
270
34208
25406
36583
33020
6967
6223
31211
38700
15500
32254
12560
2206
35602
21693
19676
36174
33451
13510
21045
35629
13153
37760
26388
8531
38762
36710
24918
26320
37965
29680
5571
29581
9602
13040
36930
4583
20191
30979
2867
5460
4210
35711
26114
9374
14429
9573
692
24984
10001
35207
15285
26475
16039
9211
11988
11982
21440
4911
25721
10252
39615
6993
8750
12362
38084
20301
22900
2435
22320
15835
24289
18378
12397
39488
7913
35613
30112
13721
12334
24749
23483
23024
23379
38938
29833
4155
28442
1644
39233
27312
9468
38972
13314
10810
4641
20322
35268
3334
18329
18196
11437
12711
11165
4222
26740
16005
11274
23300
16582
24982
36381
14346
30063
32273
36324
17951
1986
323
19251
19619
13297
31562
7804
21799
17764
32634
25030
7830
20649
28566
14180
13903
29730
15713
25895
37961
12006
14510
36034
38989
17818
6151
17354
9319
34108
14976
28697
29659
6487
35615
22540
5074
28754
35272
8509
9996
10055
39605
33950
22854
39578
2311
17996
8505
151
21435
32510
33468
35495
39774
24374
26656
34414
28611
8773
3353
13511
20990
25794
16029
2710
1924
11477
17010
34618
29127
6140
4525
6634
27105
2660
17572
30550
22189
16655
27763
16353
28556
2144
17800
24472
7889
27629
21097
32282
5705
36753
1856
35454
554
33184
36709
30592
18533
3518
14488
6437
21525
18031
2527
7583
18097
26804
23003
30773
18107
1549
39481
22213
30440
1736
32624
22539
8591
9596
541
26270
36642
10017
1530
17125
560
31100
18588
16849
24376
24116
14286
28148
5346
2175
25262
15830
3598
8280
16619
14292
3962
15870
35648
39038
774
33930
25654
19463
25629
6051
3983
9294
12588
4493
1295
23267
10847
21421
13202
10659
37771
10384
19507
18051
33790
11120
31171
11190
10817
31638
29170
4035
4231
23215
21075
23976
28076
17979
27744
26101
22301
18390
19521
665
35494
8141
9508
11007
27
5475
11942
21845
12639
22093
38412
9968
8172
28154
17863
31928
9686
37048
20801
4480
9270
8185
3934
10779
37315
37487
34113
19328
582
35419
37084
28317
20690
21044
27322
38632
10267
35962
31954
16119
535
19194
14579
15095
38083
37122
23317
33515
9052
7626
6757
12179
22675
21304
5451
28990
8220
19023
36205
36728
28794
14417
37928
9667
1074
21167
8222
39365
5983
20953
7302
16913
22772
26921
9059
25068
12264
11954
27202
26901
38257
16820
30055
13549
12899
11684
14020
8048
29917
19080
30172
13748
34101
579
9094
17647
24167
4782
30878
15010
15544
32865
809
11342
13069
29332
2574
34050
6075
10222
39063
35882
10410
2681
24906
6193
39250
34211
13992
32186
10308
14361
8352
21874
9182
34348
19777
20200
19007
15450
21701
18913
31000
21108
10822
33578
25740
13061
29638
38815
33742
30284
19038
26206
15132
1307
5706
31813
2860
28303
29846
7292
20880
36520
17277
36264
31278
10245
9912
13609
26191
10274
3105
27652
3529
27336
8227
23482
16886
21216
26288
33155
25480
36615
4098
7887
20831
32013
37363
37869
3584
18349
5729
13614
29281
34719
34773
4847
17415
19775
23561
4943
5362
3080
5078
16143
18488
9364
24536
14066
13977
30366
23280
37075
32229
10240
22765
37412
28273
28946
5608
7211
6006
4842
34528
1587
26597
18778
6795
29583
19394
10161
23460
18877
7424
11846
9884
29518
20296
19145
33788
30608
4780
31973
2564
25664
2341
24161
5769
37062
22395
20972
26951
5588
25317
36588
34170
16362
39156
36149
13975
11841
16433
21804
36816
6489
4281
33612
36958
30858
27038
38186
28957
13075
2352
17352
12652
20701
37305
31953
17199
28378
13823
34325
33456
34386
37902
21255
22396
39950
1423
34234
14585
6645
16860
4053
4609
10837
33280
1052
12601
27897
17437
24578
29544
20362
9590
2652
30656
1009
25306
8771
33648
22781
10558
32502
8858
4071
13179
8713
30877
8054
6907
24913
34674
36969
37895
30017
4593
30314
19403
26939
26535
14277
7927
28711
20710
31686
28039
16006
30480
32311
18070
23276
33817
35006
36157
29644
38031
14584
35114
30624
18497
13655
6134
34209
27490
1462
38457
9116
36332
13522
17022
12874
21802
21643
285
1561
20561
31810
23311
4454
39898
20977
6459
38308
7778
38931
29829
20727
3662
32928
5303
29109
569
16491
26118
2572
15240
12023
13306
39284
20407
13892
14614
24180
21241
7323
9937
16884
37591
10374
31900
18574
2501
19174
37264
4263
23534
4887
34305
4619
24901
9522
9866
11561
32840
22895
37947
26014
965
34763
20239
36216
17328
11951
21470
9479
6744
18558
30629
31982
19724
39668
11392
16204
17529
39885
18207
17274
3484
30884
5082
19219
17728
39186
18114
24641
34266
30410
19721
14240
11194
10800
2831
36755
2745
4141
31124
18132
34780
13016
24300
27927
10920
17346
20986
26816
11843
6600
6500
22131
29249
30279
27051
27127
38351
21096
15681
23445
4103
33613
29155
32922
32145
36741
5742
234
23424
21621
29667
35162
35367
34822
23411
31131
19024
10717
15721
26988
25494
11001
2823
4261
18532
31416
3974
1047
27232
16282
14777
37861
30334
7865
36979
4058
26673
10786
21150
4435
5179
18736
27523
4201
30588
7599
6353
37606
27493
36932
11239
36160
12553
10468
30646
8527
38243
25523
9542
27113
18785
29754
3593
37817
38801
11559
21531
2226
3609
19891
10596
38984
17100
23664
8046
12502
18392
9007
6091
34831
376
30474
5931
3040
4285
22124
1223
18879
26923
35254
16442
35781
21933
6921
25224
35277
18067
5597
18317
25574
8608
8730
25258
16920
20297
36434
1909
33483
30286
6803
35604
18781
7577
25568
7719
17337
10911
8131
34118
12891
10343
27116
20225
9397
18229
15592
34659
4735
33727
13949
24435
21510
1089
4354
6102
7657
34038
14377
20166
8104
27788
20358
17210
28391
36810
8890
12820
16813
36408
25250
1978
11324
14026
9540
20950
28560
1213
23286
23044
30207
11273
31016
33715
14719
34787
35041
27878
16276
26596
24537
10121
11209
39124
2477
8103
9691
24022
13857
17387
36835
8808
14239
765
20808
4865
9578
30553
31370
10228
35293
22927
7495
24020
25066
36336
9109
31310
14583
14969
32188
26843
20640
17361
8340
14944
20773
34469
24254
16744
13169
661
6406
19848
25653
13467
36945
25277
10888
16875
713
7192
3168
5835
19324
1940
29405
5976
21844
38314
29781
22488
24576
28361
8583
38003
34
26313
1775
21039
23803
1923
22217
30336
28538
35102
416
35343
10775
31731
23698
15478
17956
14746
36621
15755
27803
33994
24294
4973
4243
14428
28561
33235
27868
23571
1880
7155
34288
32736
539
36441
8348
26317
18735
15887
18904
33822
3549
24781
38364
16706
29481
22349
30949
4440
21089
21815
1266
23666
889
34382
13554
27879
21767
23706
36831
28787
19052
27712
26562
20745
16401
22028
10660
38208
13719
1039
30310
1752
28157
27834
2872
15670
7326
9911
37224
21729
18958
23063
27341
34621
35368
8918
5606
38298
28072
13680
2889
30492
13442
33646
2449
15944
21612
16891
39209
8687
13723
30191
10915
24794
11820
38904
38494
8113
23932
7027
35112
39941
386
35918
7129
24495
5405
9537
27301
33256
39501
18984
16769
36060
38079
1503
5969
5965
3001
3565
28041
29058
31343
7612
12677
17297
4235
28689
9115
27735
16220
24561
38247
37780
36131
15686
31469
30613
17995
33704
20035
12526
6541
28870
201
19864
37637
15302
17895
12824
28994
31984
23450
6083
24267
4143
36571
16708
8043
37093
35355
11920
35735
38128
16499
17101
31136
19536
13410
34565
11338
4136
35487
27008
9193
15114
11563
13388
4437
8454
25818
39457
33343
28552
18154
29324
26443
19301
7075
9865
10057
17392
37202
7345
34233
3677
7085
37512
13951
39506
8358
18370
4242
36478
6247
3018
38020
26727
32300
10527
32358
30655
2217
26234
35143
28745
16662
22438
27176
2703
33096
35100
22252
18195
31645
21467
32063
6888
4547
17234
14932
14685
686
4686
3626
26062
39359
11997
8852
7783
24400
34951
16447
15682
7322
3315
3363
29306
24840
471
17388
6300
21661
16378
18629
4947
6025
31246
36608
36782
1128
30772
37091
3179
12441
9751
6626
31274
6442
28071
10105
39882
15236
14242
16131
20474
27269
17606
21553
15612
28909
38312
27914
10140
20936
7480
5746
7387
14891
28286
5921
9097
15878
32973
807
32350
3912
831
30415
32297
15482
39629
13564
31002
15251
7858
1078
23178
25734
15177
27432
36789
23473
27088
5347
8664
16177
30925
16895
22355
36085
25680
29875
18649
19923
31793
15579
19240
16793
8889
5002
36207
2526
35178
13351
23929
35784
3881
17111
30099
17442
24830
19606
36007
32181
3077
32946
24272
4016
12317
4
13798
9132
27682
27780
37987
24810
25859
10900
30824
10387
5570
18272
16692
29989
26015
6773
377
10793
12064
31998
5336
16244
1464
18402
25075
34058
21652
21400
2286
10681
29166
7769
25624
10727
21336
36674
3015
23505
1586
19657
1339
23691
6925
18857
23540
13233
767
29223
5666
29913
14804
15641
17595
17833
36568
2379
12954
14833
4832
6801
35770
12916
24818
8766
51
21237
5869
33005
18518
178
6602
8662
15227
29095
34352
37334
14251
10781
21487
15957
38839
11176
23004
36358
20050
8233
22031
465
23457
2791
21390
35779
33127
2336
24019
13624
21940
23018
9717
32709
29605
36280
3922
14226
18099
37010
33115
25370
33961
12145
20675
19544
4778
21437
19417
25483
39082
11623
28852
26608
35080
15306
35659
32132
27468
9630
21897
37078
26472
3458
33756
25788
27563
21947
1746
33236
34817
22215
1994
19832
3147
30287
29768
10901
23841
10310
4774
7320
26517
9605
38158
28595
11722
16167
28081
29886
17699
24731
11277
28891
32917
16628
37838
29999
13267
26786
9891
33841
9564
11010
27025
4759
35160
27963
10355
38565
15215
12396
6361
23522
30442
35614
34612
36206
3176
23040
21515
13301
25670
3612
33116
38291
6753
22602
8580
22877
35677
25719
28720
31832
15748
3654
4024
8897
22040
12265
17342
8893
36534
19349
6903
10749
1529
24928
10349
916
23254
32983
15854
14329
32241
27824
30947
33524
30363
39413
744
5217
11592
33946
5926
19127
19825
29741
24569
16399
27078
30351
2417
27761
14013
10406
11361
33843
33370
30217
14882
11713
1938
39677
35681
12525
22017
38787
30840
16302
18034
8096
24688
10171
14126
10403
39316
16224
614
35484
13752
34195
32753
13199
17590
14757
18576
8684
3356
19173
26571
11367
28791
13033
3692
33270
17452
18671
25586
23389
9259
35804
16581
27508
22617
14631
32302
5688
30166
39185
31627
35243
36517
20036
24588
21513
10315
8700
24977
7062
35872
9760
21309
35480
34602
22196
12130
10028
26485
16656
27037
6789
7110
11694
16245
33337
14233
362
2079
33369
6736
28948
5291
7229
30522
3756
22723
19672
31698
11445
33480
19335
6691
4626
36347
14203
37796
22177
35423
21489
11771
37643
23704
25842
34699
27179
4676
14159
3314
18639
30642
22482
31463
13336
28749
25960
38746
32044
11289
5690
7591
35867
12071
4565
455
12773
6509
36617
34736
20830
19800
17055
39716
2544
7799
5037
2772
26618
21420
13675
6130
10185
7245
9019
8767
39886
28637
21692
25260
17178
6393
10705
24411
8437
22952
17857
22732
33615
14766
39208
28991
12116
27518
19114
30029
12838
16123
36187
31415
30714
24234
802
21331
12462
2496
28259
25431
26807
13198
35725
29491
19029
261
30585
21931
24025
14937
18678
38095
2024
7476
27719
867
24042
2106
37985
34624
22980
26297
14868
7249
24278
21483
34007
3684
7231
3651
3779
20768
36283
19034
4146
29501
17128
2171
16556
32436
23673
9061
33415
24123
25023
24842
35032
12870
7693
21711
25768
23797
8435
17247
13206
25604
9390
5646
29815
3113
36815
12854
16440
37706
22496
19469
24751
4684
14561
6094
26316
23235
7867
38221
14905
29228
7746
16530
24225
38504
1656
14169
11967
12656
28651
18422
28196
4439
19742
28009
3508
2916
6504
10201
14618
12674
18981
16258
2951
31828
29310
3754
37154
36920
22381
38992
20204
19918
4453
34246
5645
5695
4307
7001
21217
8547
14366
39203
35030
37767
16731
5915
1053
34726
6683
5724
25793
8238
3271
22073
15836
2759
18445
33774
7754
8139
8611
1112
29107
38802
19539
36424
18025
39204
6208
13711
24262
21821
2894
7702
39418
4874
28052
13799
24006
14575
11981
39995
3732
6030
25130
17360
11326
25646
32911
3212
21326
5256
13
37681
15917
29064
24494
23394
5359
39812
18978
7752
24271
33939
16745
26119
13995
10628
39955
39878
1449
30495
18872
3997
33085
22047
19120
12837
34805
1592
2132
13117
13601
20233
36015
31757
39613
17581
14308
3616
29911
10990
27395
