vet
ajmz
sxm
ape
aphn
enq
bjpx
basg
atwn
trx
wmc
alzt
pnm
rui
eda
ajof
bgrh
jbt
xjp
atec
etb
afkg
jnk
ykd
qtc
avws
jxz
blxi
obz
yhc
bqg
ajst
txe
alpb
agrv
ayni
qxk
ahkq
gxz
oxv
alup
ehl
awf
bqnh
abhf
iqo
bmi
abpo
oem
mbn
ibc
aihk
aygz
avmy
tfa
bryc
bnyt
adfo
ftv
klm
aipn
ls
amws
ahxo
gjr
ablc
anms
bfvu
zha
beqp
zcv
lvx
bofp
agvz
gkz
otc
bjyz
api
bryn
eds
fjk
akef
atfm
hmy
biyr
wvk
ahwz
weg
zcn
twr
anor
kny
bert
dla
bcyd
awtl
bmcy
lyv
aqje
bmlv
bsau
tye
bply
axgv
nxy
akux
atpj
acyh
anut
audm
akxb
bpnv
seh
brxd
bals
adjb
aghs
avho
yva
aoiy
myp
vkq
rdw
cur
agwf
ltj
besa
ahik
awfd
aosl
ahyw
jwk
bidt
bewc
ung
bdce
bah
afbj
hrx
bodh
blzv
blcw
avms
wkf
anbh
acyr
ey
auhp
tmg
rfj
ceo
bair
atdr
sxp
bmdy
alek
bhgq
yhd
puy
aqfe
arpl
bhjg
owb
agtb
msk
gqz
anvj
zwe
gt
bsvc
auyo
nst
aemn
qwf
awpe
athp
tie
jxw
bkor
kzx
bnsu
sto
bnlg
vcz
afrk
uqw
kdv
apem
kjb
dx
ajtq
ors
ekr
amsi
pga
zin
adtc
slx
acvu
apju
xer
anyd
ud
kyi
rzh
mua
zdc
vat
bmzu
bnps
icy
kbz
bjiv
dhj
bpc
yjc
afyu
sgo
euo
bivu
bmxs
bqzc
uix
avoc
aqeu
bux
bdoe
asvg
hly
amek
dqt
azxs
amnf
qdv
bjah
btp
wnk
axvy
arem
bcfu
xuy
ayvt
axhi
besv
agxb
boln
szy
isw
blqe
ahyi
bnxu
bkfo
bicx
aquz
bpaw
oim
auk
esw
aidv
afdt
ahve
aedf
zbk
brxc
cqb
bosm
gbz
bjdf
amu
mac
ayiz
aymq
bet
ipm
avfk
azvh
cdr
bchw
bauk
rea
ucj
ajml
auls
egf
ahnr
apbx
baft
vhc
apqb
ric
bjnz
auev
chp
ahvb
bcpt
auxc
bpml
zrh
yfn
brli
luq
arbn
oil
biho
bkhs
ens
avqb
bntk
afnc
ufe
bhpl
lpk
bjti
hon
drc
befj
bmyv
bsui
bmls
zix
nep
aopw
bdls
cil
ify
ahib
bcyt
zqn
lvc
bfwn
vbp
har
mbi
bnx
apei
alnc
ancx
uda
breo
tyh
boft
bhlm
azeu
nh
pdw
hti
aisv
bcsf
ayzt
baod
axyo
ibp
arqf
sqb
blxn
bdnp
tji
asiy
aue
qob
foz
lhf
jeu
dwn
mdg
ujp
txf
bpys
bdop
qu
avir
bqtr
nxa
bdrm
ekd
nsa
avfe
berq
aqbn
bsed
bhnr
bjlk
gih
bjgx
aqvt
azvu
sau
wpu
kda
ipw
bnvd
xlp
bhaq
awon
bipd
avbx
tgm
stl
emc
bksn
bqtp
abzk
brmk
gtc
bohr
boxw
ajve
blho
bmiu
bdgr
aqsz
aruv
oni
abhz
xef
emi
kzi
acwk
alzu
alfq
akjp
it
bky
iv
xdo
arxm
awgm
htj
bpoi
jqk
bljw
barf
dp
rlk
cwh
uhw
amrg
ajce
amod
bkgo
bdpn
aysz
brfs
tvk
agor
bjkx
hlf
blfa
mwf
oik
mf
amno
bemv
pql
bhol
azey
bhoi
dsy
ardt
avli
aby
bdry
mne
aoeu
lxs
iqb
adi
aenf
vwb
bfpu
apcg
hql
gqo
lhw
yuj
bku
wtf
bpri
aysu
biyz
syj
vkn
achj
oyu
wgl
boyz
azei
bcon
xlw
baiz
emh
qek
aozb
szm
bafq
bsoc
bnxl
ypj
fkb
artb
mxo
alxq
gjp
azym
bkoz
bhpm
bo
si
jkf
lcm
syc
bdrt
juw
hld
ahoj
tyr
aerv
phg
atby
agdx
ovu
qrf
awzh
bhao
bfpt
ahze
bsct
bhkw
bjcs
vke
iry
gfz
aqbh
anck
aokm
adwr
achy
bdfx
gkp
bctj
lym
exd
fsy
anjr
bshr
atkh
bza
bnye
bilo
oml
djg
azqr
azyh
bapm
kvl
bput
xkr
adhn
bjuk
guq
axdo
twj
zpl
auvz
sb
vgi
bdhz
bgzp
ndk
azcq
aghf
aqdm
csn
baxz
bhvr
lwc
awdl
aeuw
afsk
npw
eqs
bfxz
amqc
djh
aits
bavs
xfu
mqz
aelj
anpw
sdf
rdi
alhf
rml
ufw
aofg
hk
albs
bjnw
yhg
arez
bnai
amgd
avkr
gtl
agkt
arbg
bhxj
eos
acqo
arbe
zgr
rux
eyl
adbg
pkz
asoq
aurv
bqdx
atsw
bdok
atub
pzy
qls
bnvm
bgt
bqip
yqp
xnq
afhr
kpx
achx
sxe
briq
uw
zpw
bkih
bqvg
ndv
ktz
edj
zn
bqjt
bkji
jsp
ids
acel
adeg
brls
vsc
afcy
txq
bpsz
azwg
ahdt
bctw
ahml
eiq
acqj
pgt
aimh
qci
bpl
bgqm
aipy
bqft
bito
ptm
vxt
yci
aowl
ajft
fkt
ariw
aznd
qdc
beor
mwt
nxm
xts
avjn
kdw
bjfn
lrx
dzi
atsn
barn
bfui
bnkx
bhxs
qni
dbi
yri
mwr
bjmu
bnrc
axfn
azcr
aedq
bhr
zkh
aey
atrp
sjk
xol
adrp
qzc
ajxz
aogh
pja
fin
aypm
aqwk
agyd
asre
ask
bocx
aysd
tyx
bsql
bgnl
cjq
boqf
asgp
rlc
ahzq
bqag
becp
abpc
hvs
bfyu
jwe
ce
bpma
roq
aimo
avjh
afse
acpm
kza
aglc
arkh
azbj
oqy
bnvw
bnhr
bmxg
bsyd
abht
aewt
ayir
avqj
ozd
acds
awmp
aktw
bqcj
qd
actz
atnf
vjd
artc
yjl
bfkd
both
bfzk
rad
beut
hur
ahfi
bdwl
agzh
auld
awmn
ayfw
aujd
lma
tyv
gpx
bndl
amvg
ahrm
auzs
bfdw
bpsx
kti
tuy
anrp
aysv
bhzn
bpyo
koq
azhs
beo
amfz
cgh
bkpv
ajcn
bpay
ztn
bary
mal
tpb
bjpo
bjoq
afwi
auxf
bquy
alqn
oqn
agjh
ejm
bluw
aetr
bmhd
ahpy
artz
vxq
tcx
ajxk
ayvg
cst
dxl
bsch
bnqz
blgp
aolk
acpo
viq
eit
axtj
zep
bhqw
gtu
ajzm
tob
ep
bdno
bgud
birk
arjl
dvu
los
aspo
akmq
bknd
yzh
yjh
val
anfj
bax
vxf
aqjf
cne
iqh
aksw
bhsd
lnv
brul
axmy
zmb
anqr
agul
aluz
ahft
bani
slb
ckf
hnp
aigz
ahym
apfc
bghx
akbd
aicj
plv
pav
bva
xje
asnw
rkp
zla
awoi
bpax
yas
upz
bseq
mbr
bozt
aumc
bpi
amlc
osn
bmsf
adcz
alny
qyb
aocr
agbo
bfjp
cep
fmd
gmx
wuc
bgli
binr
nb
betq
mpn
bv
bmjz
bi
bmuf
rqb
azgi
bkrz
bmtl
bmth
ahco
bhiy
owd
bgvf
lvu
ajpv
rgq
bfyx
pnb
knf
sln
rbg
boea
sqj
aqh
bdmu
aojf
brmz
ajtw
sut
yda
upx
zi
axqm
bavc
sal
amoq
qbl
bsxa
jhr
autj
ahfp
md
qcy
cik
anyu
gpc
cfp
xiw
azyq
atnv
bqkd
aut
qbd
bitd
qaz
ayjn
qrt
owf
gue
aszb
kls
bnsy
ahoq
bjgd
xeb
bivx
kef
lnw
axps
vwj
qhk
bidc
bhit
amjx
hzo
mdf
aznl
alxw
axzb
afyd
alsr
bhqp
bksq
lrc
aoqe
bpku
bieu
teb
bnhf
alhd
whu
blud
qzn
anyx
aqhj
vwm
oxr
aokz
bdiy
arhv
evj
bmoz
axtw
aedh
awrb
bfag
amkw
nmy
jql
ajhn
amdu
apsx
afzd
bjmc
amgv
aqjy
yls
abcx
beum
bta
apfm
jqt
lyh
ynx
aoxk
lre
wtr
aeno
jkg
kis
ocq
bnxf
beqa
ehu
atru
awrh
aphg
pxr
bghp
aypr
ihz
qnk
bhak
zyg
ahij
bgal
dto
vj
alib
bixg
blxv
ankr
ahrb
bqz
bnwf
zl
bdrg
reh
din
arby
biay
qdn
aijw
ebo
bdmw
gus
bqxg
bvg
bpqm
alce
fbr
wyl
abnl
ny
mla
bdkc
ansg
bpec
bnsc
adzg
qfx
aysk
dar
awv
akdm
agxd
tcp
msq
apqh
wuk
agof
ruj
adky
aqob
ahnc
aquj
xih
atyb
ayg
bsir
ankj
akvc
dag
czw
nm
agtf
auvf
gbw
pxf
ahys
abfz
achf
brqw
ygd
afl
aulc
ijz
awnh
bmci
shv
yjd
agev
avtr
adft
mkd
brky
tmo
vog
dys
awz
avzc
avzx
pcg
jgb
agtr
afkw
aqey
abqp
aspv
bgca
mbo
ftw
bgfa
hkj
ewd
qlp
ead
urw
amcv
avsn
bova
yfq
bswr
gyw
bnlq
kqf
brdo
bmjq
bcuz
oap
aion
rcq
bedy
blhx
blqh
admu
drx
aouv
mdb
akyj
fsg
aukr
axyl
dly
dbw
fre
bkjd
ywi
xzf
abpj
ampf
bsdc
ahzv
jpb
bpds
bspz
bity
fwh
lap
iyg
ainu
bezn
bpfd
zul
asjt
aqdp
bduh
bhgr
ly
bakh
aiuk
pai
rsn
bdlq
mdp
algf
bixy
bnko
oks
bhec
bdhw
avdy
awzo
jer
plq
akzq
bmlk
admc
awdz
atvf
bgyk
bgvs
dqg
aqpk
aipb
acsz
eac
clq
bhpx
bomh
azqo
benm
bemw
lwo
aodj
kle
ayet
bepq
aeuv
clp
gzc
cdl
dis
ix
ajip
wnz
adiz
bgtx
alur
bgci
aifq
acmo
aotb
aylm
afus
aeiy
bcu
bcwe
yar
ajhf
acxb
ayjl
aymz
bmnv
dfa
fv
bopv
bfdn
uni
bhx
bjhi
acte
bnqt
ajnw
mha
oyr
bkgs
twb
arxq
aqyo
cux
axui
alie
yvb
zea
qrk
eso
bawg
hxo
atiq
aqb
hxt
imj
nfd
bdrs
aqte
eim
ahri
ljy
dvs
sox
irg
axgk
mwi
fdr
hbu
gem
lsu
bofq
adks
agzu
bshd
bip
kby
amed
rbe
bpnc
ampb
aeum
bovd
ozn
begn
ujl
bfcu
gtk
dz
okc
asmy
sdm
tno
aicb
auge
axye
xcm
blvk
avty
bpzm
rhb
amvw
amqp
dxn
athc
bpdj
dvn
vfa
mip
brgv
anct
adrf
aoky
tlx
biln
zdm
bipf
ogq
rtm
awhx
baoi
qup
azrc
bkyd
bleu
amje
bjof
tck
egl
aqlf
axkl
aswq
bgfr
asyr
atws
aspj
beah
apbk
lzt
bawn
pvg
bqcx
okn
aeqm
cfv
fnz
bcyf
bhfc
yvd
cje
xoq
aqsp
gtj
avkq
bltq
cga
vum
bkpl
amth
drg
bqad
xyg
adck
gsv
ncu
blzh
apqy
tbp
lip
sqp
rft
ugz
bmwv
anyt
aczg
aycz
ajnm
ahjr
bcxu
bdqh
ycl
bpio
aleq
rou
arkz
avol
afzq
jls
agmo
amcj
aipj
aiqv
oua
axbm
abmt
bgai
bkp
bhdj
bjgu
cjz
bfgl
ahvu
becv
bsty
akyo
acdf
aune
boif
sjv
kdh
bpwg
uzj
bnjc
aczp
atyo
bsug
dzh
qyl
erf
axwv
vqe
ctz
aspc
bavg
ayhp
ytx
rcn
bnxr
aqf
vpu
bpkg
epf
anwh
aobu
scp
acjt
augt
gor
nqm
guw
bowm
aiml
avyf
sew
atrv
oqi
bqhm
avhj
aoly
aczo
coa
ycd
tgz
aevi
bfeg
yru
aboi
aqkt
ajif
ktv
eho
xzb
alwf
bhlc
tcv
awor
ykh
bmqd
aunc
uge
ahzo
aojv
ick
abrk
ynk
atcn
aybs
bie
pzj
auky
bdgx
iao
bmku
avoh
bhsy
bfxq
bcul
bzx
bixs
rlj
chx
abnx
agdp
tsc
aiuc
uqd
bcmn
axzg
emd
bdvs
aqxc
bdoh
bfhe
alew
aswm
ayi
jhi
gaq
cmo
kbm
avrt
alen
fhr
afty
ahom
aped
aesb
afnt
nlr
bjsn
jox
abqz
aidj
auwj
bdwy
bhnv
boie
brou
bcjv
avor
brkn
aerk
bdle
agqt
aome
lg
apci
dka
qfr
dot
efr
ayjd
asgz
agkp
jop
adkr
bmrq
bdrx
bgwe
augv
afxq
ztg
bdky
alzo
aghq
bchs
blza
ogh
ctu
nlf
bq
klf
actg
biou
brsy
krm
bqvc
wid
bfyh
ayre
pae
bdqf
bmgk
qgl
beyw
afte
aumb
bnud
azt
ruy
aoxm
pie
by
igt
auex
reo
awiq
tzi
zta
aocn
bmiv
xup
bijl
abcv
zfu
xbu
apxz
bmlc
jbl
agho
ynd
sup
bmor
yom
azsu
arqj
bhaz
wy
gtd
cwm
cmu
ktf
usa
avwu
bcxj
wfa
jnl
fxp
bghq
vly
sfy
bcpv
qhu
smy
lfb
gyk
bhck
bey
ajxr
bsut
adwm
xgv
rjc
aghj
irm
gqp
asuy
avdr
gqx
dew
acqu
axhk
dyl
ydt
bptx
atod
tyf
acjw
clj
bcdt
cbl
atr
aioc
aybj
pvf
jc
bmyj
bnyp
baxt
auzb
fhe
blec
abk
aqvi
aohv
aqnj
amyu
bewa
awfu
bdjw
avuc
bqmn
biwq
ihb
bpck
dam
btl
amjk
zos
bkzs
avji
gte
hyg
wrk
abrp
aplw
blce
aget
auod
oce
awtz
anlg
yui
dyi
owv
vbt
ahqv
akpw
axkw
aiy
bnzh
bqei
wyj
bqky
gck
myj
dhp
betw
kbu
aypq
bqiz
eut
gxq
alcq
ayxi
kze
tdc
mgk
akvl
atfi
aoqu
abjl
aejd
ahus
adlj
bfok
oaz
ybl
blio
bekc
bowq
amuf
bfuv
aron
bske
abtr
aiob
bodz
awit
aweh
bchy
rua
ajs
ste
apwn
efb
aquy
ayli
wdi
zft
jfq
aryv
asig
bazn
jmb
agsu
actl
ahbq
vwa
ydw
ahsf
bdwq
pft
mbz
aznx
bqmi
bevj
avo
avnw
bpug
ahln
fzr
ihc
acjm
yng
opm
cgo
awsk
avps
jz
baep
bskh
mxe
bone
alev
jau
ha
awjh
oht
xya
yrg
qag
bldk
qpr
fnu
arfh
acqs
axcz
bgqd
our
bdor
bano
lgv
iyk
awfi
agyn
lsm
zun
bjry
rgd
blky
fqc
bemi
anj
xly
aukd
bmse
aifo
bhag
ayeq
goe
botn
axqj
naq
ajus
wei
bphy
aolt
bgew
ntk
lac
jvg
bhop
bgjv
atvh
absi
afoy
mpl
tkv
lhq
cva
adny
grd
bcut
akos
arht
aser
vos
zpv
bewg
vek
becg
abeo
hwc
anid
acet
kzh
bsxq
alnd
dya
rmh
akf
eqr
uqp
iha
auih
bovg
urt
hml
rfm
awjk
avpr
aiuo
qoi
umn
onw
kw
bjdm
wrf
brzp
bpxl
aozn
avfs
iux
dvw
zxl
bqyn
zkp
aozk
hse
auml
boxc
bksv
biwz
rig
alfh
lmj
ukr
xdy
xwb
bguf
bdjo
amkj
grk
pzq
anki
azxy
bof
aske
bfjx
batd
ahgr
asew
axnl
bjok
bgie
azrl
pvd
zuq
brv
old
bhtn
sen
wdv
bqpa
asgj
ol
bokf
azfq
bpjn
ajt
kz
azgb
gps
abom
nwq
pjl
afxs
blpt
aoue
alyx
lqp
dlr
rja
aiwe
adwl
anqz
bnvq
avqp
qbw
bdlw
akru
aepv
bohk
urj
quv
bfas
aujt
pbd
augh
xdw
ief
dha
auor
xjt
amxr
aosi
bstn
wzk
hbe
vwg
ayel
den
brqa
bfnz
aqcd
uno
bsja
bqon
ayvx
bpjy
otg
aqrl
ajbu
bewp
armz
bzr
bgih
arwz
ezr
yuc
bkqi
abrx
dfx
ajuh
qbz
axrl
ovt
rds
tz
jng
bfhz
fez
aedu
bnsl
kur
bdkp
afru
dfz
aqmr
alsk
beoj
agpe
bqxm
zek
vpl
beyt
ytu
arpe
ysv
nby
rdo
chm
npi
lok
bmuw
bpgw
goi
ltg
bpwi
bfkq
ajtl
cjf
qom
apdf
bkax
igc
lc
aexu
bhyq
azfi
bnef
uhz
agsm
bgfw
yjs
bgfp
aptv
bvu
biad
xge
bfqw
arnt
airv
bnjg
svb
oth
bfco
bns
cby
lud
tnk
bhum
ayko
bfdc
aent
aiyg
aik
awsm
djs
bptu
gwf
wyr
bqyk
ahku
jxy
bdtn
aswr
bedl
ajgi
bmzj
ameg
aues
omh
aob
bgxy
alps
tlf
acks
abgy
bdhj
fjt
uxt
avow
baqn
axkv
afes
aboz
tfj
ocb
bjip
bsvm
auxk
zlg
yrj
asrg
apkx
ahrq
amys
abio
aczl
ahxy
aput
aqpy
bgam
acsb
oiq
agld
evs
rle
rnt
dfg
bqta
bkxf
fbz
asgo
blfz
blrf
awxq
amwr
aozx
cbn
bliu
cjl
ahdq
q
mck
azmp
wso
usv
bakz
azfe
ntr
msi
banh
awuy
aykr
iyw
bdvh
abem
nim
wrh
ker
balj
hlz
fko
kgp
hfc
m
blmi
agjl
wg
bslq
sgp
atmz
fvj
vrj
xfr
ablz
jkb
bszd
aguk
aofy
jdk
ahum
nru
glq
bclm
fnl
ipf
akpg
bsya
bsxd
xlg
adqk
vca
adl
alor
djn
apgc
aovm
qun
sm
aghv
avc
ayce
atzb
wtb
ahxe
agri
bgku
bkdz
ftm
avon
ahtu
bhra
ck
jrq
syq
acoq
bsma
aucp
bgvi
tsy
beuo
adfw
igy
adbu
aeky
avze
bgcq
asxw
zso
kir
army
bjuq
afpz
bcux
braf
any
aiou
arwy
bmxv
aobc
vbo
grw
bjau
auko
wce
aphl
bnqe
aqew
eod
boza
anwe
ibq
ovk
bazq
otf
ayhm
bfvl
buf
asvw
xmw
uqa
azbe
acxr
amcz
vhr
amwu
bird
bnil
aklg
cqz
ped
bgoc
avzt
fxt
ocn
aupf
aydm
bdax
atwl
axfm
uij
bcwp
fuq
bhud
oiv
amc
bkpc
wga
bnrf
apsk
augx
erq
bca
agfo
atmp
jbi
alxu
jap
apko
jha
bjmx
shn
jua
bncl
agnb
agcu
agtc
bset
hxa
azgx
bpqx
ailj
aetp
bzl
aces
boxq
aqor
aqcy
azyc
boyx
axm
agrm
qco
apxs
aejy
pzf
ajfv
anyh
smz
brvx
ejw
xip
gli
adlq
akjf
uk
algj
apqf
zaf
nsw
muc
advu
alfk
bgyc
aknt
aogn
qio
zyp
bagw
bspi
aet
bnwj
gv
ubi
aeqj
acfr
bfzn
ahls
brfo
axlr
gvh
xae
mhb
nzq
yau
rvk
hex
anbd
yoc
bqly
rvj
avwq
bojq
bhjn
jmy
bjzp
bmqx
bovh
rwt
aovx
ajei
bhny
lnm
asvj
zmk
bstp
bnuy
azgl
amjw
aehs
ftd
iq
qmj
pyo
bfyr
awcd
afhm
iht
boic
awlg
bcis
arbk
zah
bgqk
ald
lyn
bamd
arls
amxe
ryj
auvp
adeh
ulb
anvr
wbc
brch
bpqc
ayxm
bmzq
acop
xyu
asfc
xsj
dxm
blmu
bsgu
bnwh
akyn
bdqy
edz
oyh
urm
aynx
bhqd
azdr
brtf
blmh
biaq
foj
bmph
aqys
uwy
uys
brdl
akoh
hvk
wie
bfnm
avfj
aoxp
rvz
aqwb
nvc
hs
alnt
typ
bplc
ugr
nrv
azwl
bov
anre
azby
autc
gpq
bqty
kbr
anbj
adqf
ajog
awio
aoex
dik
lcj
arth
bmcv
aycb
bqwz
bpok
mre
bgae
ajv
zjd
bjtl
dmr
aleg
amzf
bowd
aylt
ajfs
niu
alfx
bgah
vkf
aen
kmp
rxp
pyd
avob
blya
frb
bglq
nga
brcf
ahuz
anyr
acbo
bgly
kxm
adqv
bnji
oaf
artg
ateq
ayql
bidf
jdf
afej
aljq
boce
asmg
ryu
vwz
sfu
auoe
pva
cxp
ndw
oxf
aovz
adrx
zey
pjf
aous
anzk
bizu
ljc
aruo
alyg
uqo
bkce
abdm
aqgm
gjx
akrz
ezx
axnr
gs
dpj
lsd
qno
uxm
ks
srg
acob
bkaf
blsa
blfg
pas
afvu
vie
aipd
bfmo
bkig
adjp
astz
artl
asiu
bjno
nat
kgb
bdul
iud
her
axzp
aewl
aszf
nxz
aqfk
atzh
wtj
amdc
anol
anth
azpr
bnwo
aoxt
arxb
ztq
dmj
azte
lr
bqvf
aldx
nmd
aghi
aymd
avyr
bnmx
apzf
aqus
avqw
ahnf
bcik
bjpz
aeov
cfq
qzf
aykm
asde
bryz
avre
aotv
skg
rvu
anxp
rqk
akuj
yul
avgu
adzm
ody
abzj
admf
pgl
aitq
jfb
ghe
qzr
tpk
bdtq
bhrk
fiq
atjy
ntz
besf
arwu
asok
ejf
dip
ncs
toj
eik
aibw
ihr
bqzs
ukw
wtp
lqc
bsuq
bfsc
iwm
bqlx
deo
bgfx
opf
agok
avmn
amxl
ativ
ahrp
ajyk
bntd
aved
awdr
aimd
bewq
ayhd
adfk
wgi
balw
vmy
amxv
suz
xlm
ocj
akzb
amtr
qaf
bmgp
boum
gse
abyu
ahoz
baef
azrk
bljr
audr
gl
agfh
bue
lzj
bdfy
aqzw
qjw
kgi
jmx
ywh
bfjl
aivo
alth
egz
ycx
bgvm
awbj
adfc
swb
zmp
avid
aoqh
brue
bjdp
aigs
ipg
stz
aukc
bpgo
uir
ajgq
azqc
bdhk
boha
bgkm
blvo
txd
wld
qso
bfu
qgt
aekh
bkfh
atlj
bfgd
ojx
olk
jwi
wpo
ear
aoke
aiqu
fdy
hep
ajyh
ahlj
aehp
bnpt
atlp
abig
qgp
vqf
bdqc
apfq
rdb
se
oln
