Jmp
LNm
DLT
Imz
GpA
IoL
nf
GOd
Czy
JfT
Jey
jD
KhN
GkO
FyN
IsO
JPs
FKo
Ayh
FNq
HX
HFh
BXv
Gjn
JXr
EnR
KHV
GuH
GGa
EnP
Fih
Idi
EWO
Atw
HAv
GQg
Amo
Eq
fp
ac
GpO
Ers
JnW
LVO
ECT
Cvb
FiT
JzJ
Atd
AMY
Kw
BkO
KRM
CbO
KWV
Afi
Gxd
A_D
JBe
Cc
DyU
Kha
HgR
IWN
CLn
GIg
ALl
KZe
CxA
EXb
KMa
Ime
HyK
GMo
HxY
Heg
LXO
BtI
DDR
EjJ
NX
vS
GHM
LHA
Dnr
Eei
Jns
GfZ
UR
DOk
FDh
FyP
Dik
IDh
BqW
Gjs
DVf
ApN
FaS
JfU
CUz
EZQ
Jo_
Gzz
HJr
Cfc
U
Ahs
ILD
EdL
HrV
FpB
ECd
JtY
DzM
AhS
FMF
KBA
BdO
Fkw
Dru
LWf
FEz
Agk
EbX
Od
BNS
CGp
ImH
FJP
Bia
EDg
JN
IvV
Ehb
HlC
JvS
GGB
Djw
EEH
D_O
LXC
EgG
BcY
pQ
JVk
DBR
AOs
JB
HcX
Kqi
KRE
EaK
AiA
GMg
JNc
JdH
HAY
IVR
GYm
JIH
Ggs
HIT
KJL
Fxi
LJu
Gqg
BkQ
GKK
HIp
EyE
JsJ
JmY
eJ
Ipo
Hfd
Hqv
Bbl
OS
BcA
ACm
hm
HhI
Kri
Ee_
Kos
FCP
Htr
TD
AmW
JPn
KkH
Jsb
CnA
AZL
AHk
Jax
CJE
Hgc
Jh_
ETU
EE_
FI_
Brb
cm
Du_
ELx
BZm
DWs
QT
GKm
LOz
GBb
CnV
DTE
DJq
JHC
Boq
Hpc
CbD
KMn
nz
FgQ
HPW
GeX
Fze
Gdq
HMZ
Jto
JSn
AOd
KIt
DdL
KJl
Ty
Dw
G_E
BW_
Bkg
EvT
BNu
JOX
LMX
Hsl
GaY
CmA
BXZ
BcO
Hq_
Bgk
HgF
IqV
AyS
Cul
BkF
KiT
KB_
CBk
Dti
FDs
CVY
KlR
CKH
Ewf
eV
HBp
JOU
CuK
CzJ
FXT
Jre
Jee
HDk
AtB
HMY
GxL
JwR
CMG
DtS
Eiu
KfH
Gif
LFJ
CoD
ON
Bez
GTX
Hd
OL
DDo
JGu
EtG
GGr
Gcv
BFD
sd
GkL
BNH
LDS
Jah
ITN
ax
ANH
Dk
IbA
CLT
KnJ
Bph
ECO
JWx
GJM
wc
Ayf
Css
EIl
DmT
AyK
Atp
Kvm
GCZ
Cau
KcT
EKS
Dnu
KJp
Jbe
HzQ
IlS
KsA
CVT
ANg
CaX
Ggd
IMt
JkR
Auv
DlD
JyS
Kkt
ALj
BOT
AdH
GhD
HOP
Gjj
JfM
GPQ
LPt
HQc
Ejx
IBZ
Gzc
AhC
KVN
JUW
CHv
AHJ
Kic
DaD
Iet
Bcm
JTg
Hb_
IoT
DUK
AQV
Dvl
DyT
oF
IBp
Hmz
CqS
LWc
Auc
EKZ
Ift
BvU
qo
BGw
JdJ
Jqz
JzW
Iqv
ANj
Esp
JcJ
GVO
EEj
Egl
CQQ
Vw
EEb
BYm
Irq
FcM
Dfz
KKn
Jkt
GXo
Jnt
CwC
HEa
GQs
FNp
Iei
Fuq
HUI
EbO
EU
D_d
JGD
Kxf
IHv
FsG
ILi
EbI
HHS
KTo
LS
Kab
JIV
AVq
DHA
DEQ
KKp
HRy
BmM
BYF
Gsv
LSf
Eyr
IaP
APn
lY
Gxu
IUR
Ii_
AqX
Inr
BXl
GLV
AbV
JnL
Ca
Fpf
Kdh
HNq
al
Huf
IDb
Ha_
GyL
HsC
LLO
VQ
Ebm
APd
HVe
KPL
BTN
Hxd
AH_
HDp
AMy
BVF
HWT
Bn
GsZ
KAD
BzK
Gkt
JlW
Cld
HUk
JLD
Ksf
GTB
CWC
CVS
DLo
Hce
JKW
KeT
GKX
HnG
l_
HWc
DPl
CoX
DOp
BTY
BmK
BX
wf
GPD
GC
WG
Fup
Ilx
Ecn
JJN
GSs
Eco
KHI
IMR
Jkn
AFa
VJ
ImN
LQu
CSQ
G_K
BFa
CSn
Dxe
EFZ
Gyx
b_
CU
BRu
AOg
FoH
KIc
LBq
Gmg
Au
Hem
KZM
Ezy
LTB
FfS
LEn
hK
Kwx
GOo
Ada
GUL
KvT
EAf
Dnw
Cpp
Kbc
Eii
KCX
BvK
KAt
BeC
yH
ERa
DGp
EFV
IRG
JTs
Hws
DgK
Hps
Dlg
ART
ECC
CAu
JrX
ux
EtN
BRy
DPe
Ktm
_m
EZ_
AvK
JTH
BRQ
EMT
AGd
QI
BhV
Aqa
EUu
CJJ
Duq
KQs
gL
Fsp
GPg
DJp
BIp
GBc
Hyk
BoP
JlB
FPt
Kxx
GL_
FdM
EJD
LFl
FAR
KjJ
DHf
IRg
Bgz
EgV
IWQ
FBz
EEv
KcU
ISB
Gau
Fca
AlR
EEm
FMQ
GjE
KxN
Fck
Bqe
JdK
GBU
DrB
ICE
BXm
FUj
Epw
HxD
Hlv
EGn
qX
CTd
Epe
DEY
Dyt
IWa
Kch
Cal
GAI
Gzo
Ddk
IeV
TT
DiP
Ebg
BOY
BTg
HXg
Ax
GXD
DcF
ACK
AIx
DK_
DrI
ILR
lo
AOv
IyE
YG
Evc
Brl
CyC
FwU
Cwv
BxU
KAF
Eij
KvJ
HuX
Hzq
CbT
LWB
KCI
Jkq
GYJ
KBw
DtO
CKy
DbI
ILJ
AXl
HJM
HYo
EQL
KsN
LPk
DyF
JMC
BJO
GSf
GSF
Bds
DpU
Cfw
Hdz
Fma
ci
Jus
Kce
Cbx
FNv
_y
FTe
KlL
KyL
Kpw
Biu
BE
FpA
KVX
Kpx
DGJ
FrZ
Aty
BtC
LUT
CdQ
Chz
If
ILF
JrU
CaG
BOk
BvP
EmP
Tv
JdY
Ets
Fww
HaH
GZF
KEx
BDA
rV
HDJ
CfU
KaI
DdR
Ifa
Jau
Jfz
HPK
Cma
BgR
KlV
ITr
LHu
HkD
FmB
Gco
Izn
FRC
Fmf
Clr
AEs
Gmt
JkG
BMl
Czn
BzL
BjG
mM
CBc
sU
Dkj
KJQ
JiP
Iox
Iu_
JJS
_T
rv
LUz
Kxy
HNr
HpF
ADz
Drv
FjI
AYY
ug
Ami
Hlq
BRK
Bvu
Jiv
Fur
Juw
KwK
KZT
Csf
FwT
JDj
CHi
JZN
FCH
ELc
IUD
EVV
KEI
HUv
Dlu
GCU
DkR
Arq
IAn
IYP
IFg
JSM
Guh
JUO
DqQ
DoB
EoQ
Cgr
uP
CFI
DMN
JjZ
Ars
JNC
CsY
LWE
DPx
Kcp
AWn
HrE
BOM
BnQ
IPy
IaJ
BGX
KIZ
AVN
KtR
HOx
rN
Bnz
GDA
AR
LDK
Diz
KJd
Ftc
LHo
HRf
Nm
HLQ
BZP
zJ
EUs
k_
H_K
GrB
EQt
JLp
KGA
Ebl
FEw
Aon
Ktt
Aqg
Kww
Gfr
Gzm
Eg
AGb
Idm
GKV
DBA
KnN
OA
nP
Cwn
CSD
DAN
KBV
ABc
Jvg
EhW
IxQ
KVQ
IEA
Jcq
JIw
JTy
KFv
LU
_q
Az
Dwp
KDR
DeU
CDV
BPa
Dwa
BuB
IEv
IWU
EEL
HEf
CRx
Giv
AMZ
GLu
Csb
KJo
KKE
BaM
Bfm
KKS
DWP
ANw
JQK
Cyb
EEw
LNc
ADl
BGS
PP
KWl
Eic
I_H
LLr
HxC
ICL
Bje
BMa
GjL
DwD
AOB
jE
EYF
FBT
FwK
HrC
DQO
ExM
DSz
JGd
DqZ
BuS
Dqs
yY
EhI
KgF
DRk
IbU
LHJ
xc
ByA
BxV
ETA
ALt
LDw
KVd
DcX
Bca
IZF
FwM
Akp
B_E
DrH
GIZ
HUP
DEF
Agy
Fws
ISJ
DlV
Hvy
DDI
CoC
FvO
Azs
KIF
Kfu
AwL
BJv
Jsz
AdP
HXA
Flo
uD
GzT
Dgy
HvZ
Ccz
KSU
Gpo
LKk
KTw
DdF
FWW
Hhj
Jun
BSo
Biw
EUi
Itm
LWK
Dhn
JCc
Aij
Dok
IGf
cW
FHU
BIS
Jjw
BYW
Ezj
HhB
Bgh
Jyc
Kgl
Hml
HAE
ElC
Hij
GOH
KFK
Ajl
IDn
DhY
Ims
IuG
LBb
KDr
Jdu
ADP
DFc
IVQ
JAo
tZ
LOu
Fjq
Afo
EXz
FLx
BMp
HUR
IUq
GqS
AlH
KWD
Ioa
Ckd
LUa
EDH
EwF
UW
Ye
Kfn
KaE
GSi
IDw
FsY
ArW
Kr
AZl
IgB
Cxs
ImV
HVl
Gt
AJV
Jli
DHr
KDd
Hrc
Jop
gH
BzF
Kcb
FlD
ADp
yz
XV
AAZ
EDw
Ett
GzN
KxO
CWx
EH_
Bed
DWV
KmC
AWr
PB
AaG
Esy
ST
Jfw
Bbi
AqW
IjD
HTe
Idw
AzK
AhB
CxD
Cxi
HMf
LBQ
AVi
EvL
CDO
AaA
CYn
ACi
Buw
GpG
fe
BSY
KUW
Ddr
CL_
AvD
EIJ
HZB
CwG
AAa
KmT
Bkw
A_j
AAR
DeJ
GtX
DVj
JDW
DIm
AXh
BqI
Dmj
CGM
Ixn
Agr
JRK
CDw
IBi
HeV
F_G
Fdh
Ddv
LPP
IvN
BkA
EpQ
CKG
GNb
FCf
Hka
HZX
GCh
DVS
CNw
BGg
Iek
IcP
FKI
ib
JBQ
HTp
A_F
CKr
AiG
Knd
FUX
FjW
FYj
Bdq
HNx
BVT
AW_
Aca
KsB
IEQ
BOH
FNQ
JRH
EhB
DB_
KCj
KNB
KCx
AwP
Cwg
Dgg
EmM
CXN
DZh
AOw
GsA
HUj
Mp
FDb
DAG
LDG
HGH
Big
AYH
DeD
Kg_
Ibz
ZC
ME
IGw
FAm
fj
KDA
GVJ
GaH
Kgk
ARE
Ewz
Gtv
JzH
aC
Kax
vI
JFf
oP
HQw
Eui
BIr
HdY
FmS
KQk
IZS
IJy
IFo
xV
ClR
AhE
EDE
FqW
CWp
FT
JnN
Cam
I_T
Jot
FN_
ClY
By_
KYb
Kqb
kX
AvT
Jyg
Ixs
Bit
Idd
KJ_
ENS
IeZ
BQT
JZq
DaT
I_k
mF
DzE
KSO
HSa
AMk
LVB
LGj
JFd
Kmn
Hz_
CYl
Hzm
DoF
Gz_
GIy
JOt
LIn
Hhb
LVS
Guy
Gta
CYo
GAq
DIv
Knt
JVW
FoB
DzL
DNT
Fy_
JRI
Bdh
BHH
JQU
DRi
HeZ
HjH
zM
KYY
Crv
BVo
JwV
DVl
BRF
CyZ
Geo
Ejh
JSX
IqJ
CpW
KVL
CwL
And
LFy
KeC
FMD
cZ
Kuk
CGo
Dei
Ct
GZx
Se
JvG
DLw
DBc
FQd
BKO
CgS
DQM
JUv
Ku
KPB
Ekh
Kqt
Ctv
KBJ
BDW
Inu
DyD
BO
AZn
Kva
ESP
BKM
LNI
CAd
HKB
EwX
HcM
FLP
JXF
F_T
Fjp
IJI
Gqb
FVt
IGX
DqW
LQk
AyJ
ELj
IHO
Jwd
LEm
LAz
Gxa
AmY
Bxa
Gpu
Hby
LEQ
BIB
CQW
Gu_
EUJ
IBD
BUY
DP
gQ
FNN
Bym
JkV
Byv
ArD
Kfc
BWB
HkW
uH
Kkw
BDe
AQz
G_G
AHl
oB
ByM
ENV
DMg
Ir_
HQr
Fnt
ASF
IWD
AHZ
B_H
DQo
HEU
BKo
Ia
Dez
Akk
GnD
GiK
EXQ
Zr
Cjh
HTZ
Dld
BBK
AiF
FJD
GzO
FAC
EbA
AXa
IVj
KUb
rC
Dqr
Hnq
IDg
Gfy
EGW
GUu
EmJ
BYx
EJI
DyW
Hng
AAw
JDO
Klc
Dfp
Ev
KCe
LJF
BMJ
fu
KPs
JLO
KCu
FDw
DOm
JTd
Aql
ESb
Ky_
Jny
FwH
Et_
tO
C_i
HVt
Hyv
DNx
J_A
Bjp
BsL
CtE
Far
BFs
AxE
BqJ
GkJ
lx
EfM
FCg
Gut
Gpn
DiL
CLK
EwH
DCK
AtU
ApR
ACP
EuS
IkO
kB
GMn
GLX
Dey
GmU
C_j
EQR
LEs
HSq
EzW
HRC
HDU
KoM
FAn
Htk
Kv_
JVR
GfG
Hiu
HwT
KZB
DjB
BLc
IbE
FpE
JfF
CGL
DVF
Klt
HQT
Jse
JbW
Hdp
DdK
KTC
BkL
KOK
JZ
Cnz
HbK
fq
INp
IPZ
Goz
EOa
DZA
Hcr
Iti
DIF
IYb
CTB
HIO
LIO
DMQ
LGM
ASe
CaZ
Fad
BFi
CgD
IiO
IKi
Ghm
Ahv
Fpg
C_v
DZa
ju
DAa
ICe
AQW
GiM
BP_
LSn
BkD
HLu
Gev
DJC
GJj
LAr
Cnf
EYA
JxP
uV
GIM
HLX
LXJ
BHL
GxN
Jss
HXi
Me
AHN
EYx
zl
KtV
KBP
HB_
DsY
BvT
CgX
GMe
BKh
KQN
GEy
KHE
BaX
Daa
EqE
CrG
EQG
BQp
CEA
nM
HBv
EcE
EeP
Adk
JyR
HrN
GsT
BEn
BjH
Aox
LNN
jh
JTx
Gmb
FNO
Ccf
Jiy
Ejr
Gwa
HXE
Kvg
Le
Dzn
Exm
ap
EqB
BP
HSF
KhE
KVK
JzK
IWj
KEy
IcY
IBa
AJm
KrJ
ERS
DvQ
lO
BG
BiW
IcE
Bvn
FWX
HBl
JNI
JTO
DDw
EmV
FbB
HVo
AGO
Gnr
Fyh
Cvg
FdK
cq
Gyu
Kun
CGK
Cqh
Kso
Ic
KkT
Cza
Kza
IDS
Imm
LGY
FeI
CSJ
Ceo
FvE
JoC
Byx
EWx
Ddu
gx
LUn
CvL
AtA
DCa
JtI
Fnw
G_m
ClC
FZq
CDe
EgS
DBl
oJ
AGU
KW
Bhs
Ipz
GFc
CJk
HGb
Fsg
JYx
DUG
KRv
Bvg
Diy
KmU
HZu
EcP
KYk
BNk
Yu
CzU
Jve
HkK
Pe
Dqd
JJW
GEU
DTY
BXz
IMD
BLM
IdG
GwV
HQh
KSr
JZx
C_l
Gvx
HiL
BoQ
lI
z_
CxU
DO_
ATv
CTA
FjN
AI
HIr
ImI
HrJ
APJ
EHh
JYp
Gty
ck
EpV
DBW
KZq
vp
ADt
Ibj
DWN
wJ
Dog
LFX
LGC
JvR
wi
KmH
D_b
Eiw
Hks
Itx
Dhx
Aav
CbK
BSB
FKl
FiN
DET
EdD
Gav
Kja
Guj
FxY
Cco
EZp
FJp
JDi
wm
BEu
IPT
QH
xg
FVm
HFB
JSU
IvF
GtL
AmL
Cjz
BqC
DkE
Erb
Azf
FnS
BmD
Hgr
JWc
KJX
GXa
Exo
FkW
HPJ
D_c
Lw
Btc
IYx
IqS
CgF
Hoo
Dmx
Hjt
Amg
FdI
AKJ
Awu
Boi
JIx
HEY
EtU
Bnx
KXf
GCF
IMx
Hgh
Abp
IzW
HPM
FYF
oU
C_p
GzB
Qb
EkY
CIs
ATl
CPU
wu
ABT
JJs
EZC
CKf
JUM
Dxn
zz
JIA
HtL
CQV
FYZ
EZu
ze
JyE
Iir
AbH
HCJ
Clz
Ezx
IHU
KQz
Dll
DH_
KQE
CSs
HNu
I_c
FMK
DrF
Cfl
HGv
CPT
BoO
HEJ
FZD
LDX
KaJ
iq
BTd
Gph
KDG
Cfs
DXM
CSo
IOe
dp
CDK
GUw
IWo
IOW
ILX
Jfq
Bug
di
Gqv
DJc
GlE
rG
Es_
Bwz
Blh
DJw
Hdr
Hfz
wW
IjR
Dbf
FkZ
HMS
FTQ
HNo
EgA
LRA
GQf
AwN
JaC
CHL
IuR
KTr
AIn
BKG
Nb
KZf
DNC
Kfe
iM
EAq
IbN
HVj
JYJ
CHo
CEO
Efn
JVB
GxF
KRo
ChQ
Cyz
GeF
CmP
HZF
FLZ
Dww
Kkx
hL
Cxn
GIX
Ghx
Dpd
DIS
FpQ
KAj
FJq
Cut
Exp
IJf
KLi
BGF
CuM
Amb
FRA
sa
Dht
GAN
JCp
HiG
IZd
GEv
Gdc
Ahb
GOY
Fsd
GOV
Jtt
FJw
IAv
AGh
CRj
IWR
KBQ
HmL
ImQ
G_v
FZM
CdX
Lg
AId
LRD
HtF
CNx
Fn
AvG
dw
DJV
IcR
Ccg
CaO
LJl
DwF
Bnv
ADU
BZn
Chc
DQi
EAY
DuB
GDM
Krw
KC
EzY
BTQ
Bqn
Fcq
CJV
DGQ
KzD
BDI
ChS
JzT
JOS
BZb
DVK
LVT
Iid
HAa
KHX
Eva
BXY
JYw
DDq
JYb
ASo
CmD
IIr
JRk
LAG
EYo
CPh
CzB
GXL
Hoe
TF
KeG
FYV
an
BhS
Cbd
KES
BcG
Gck
EOh
FWL
AdL
BzT
Cei
JSt
Ajw
GSH
DAI
FaA
DhR
DVD
DmU
BYl
KpW
LGn
FaY
Kwy
KUG
fc
DSs
EAK
LHk
ANu
AVl
CCp
oI
APx
ASi
ABm
wl
Gli
Ekk
DXP
Fhn
Ecu
CvF
DyR
EyU
KwA
Kxk
JFJ
KfW
BWW
KCF
uq
TG
GAY
Dct
KkV
EgD
IVh
LQz
CDy
ElS
Hui
pK
FXQ
FkU
FuV
Kda
BMN
CZw
DW
Alz
JsW
EPW
EOu
Iof
GGM
IKp
DDg
Hp
BjX
JfE
Hgj
GaW
Iat
BzV
U_
DgV
Kez
HCR
AGy
KBr
Bsv
HnR
Ew
Ags
wk
GQQ
HBi
Hlj
LVg
GEC
GrQ
EZn
Juz
cB
EZJ
DGD
BvZ
Hjv
KFT
HUp
FVq
Gbx
Ub
Fnz
FGH
Ilg
Fuu
JnV
LUe
UP
CsJ
IsE
JNj
Htj
DsT
AAl
Jmj
EZs
LSH
Akx
JpC
Jsy
DbG
Gwf
LKI
Jrh
AQG
CgV
IFt
JoK
Beu
AZD
BRw
LDW
BDR
Gos
GNe
B_u
HsY
KJS
AHH
Kev
BPw
AUA
GSv
Epv
BLi
Fye
Buv
Gcn
fI
GAG
MU
Hez
EDU
Cti
JkO
EO
EVh
FiR
GUP
Bhu
LWY
qU
zW
Dyx
HgJ
GVV
JwW
IFe
GUi
Afr
DbL
AaK
Cne
AuY
Eit
LKW
Fuj
A_U
KBg
Kdw
Csw
Gon
AEH
GQb
Eyy
H_D
Eqy
BrY
AtQ
Fjc
AWO
GvU
KiO
KPV
Fhu
IaM
GFR
Ccv
Hau
Ddo
AYw
DlE
FbE
EqL
FVk
LAp
DcQ
Biq
DeZ
KdF
C_X
CkY
Btb
KnA
LOr
Kg
HyD
CeQ
hT
GEk
BlL
DqX
vx
LCx
DfZ
Jtf
KxD
KaX
EQf
KTq
CYA
DX
Jaz
GXu
KTY
Jle
LQt
Ail
DIP
AT
IUN
JuL
HfK
KNk
CAm
G_I
JLt
EZx
KnG
APl
AIB
BwN
GLj
ARc
Kge
K_q
DlM
CKx
Cod
Bdu
Anr
IyZ
DJE
CYq
IYJ
FLE
KdR
Bgw
FvG
HwF
HNw
Ckr
Bhy
EXu
JVr
qm
J_k
BWH
BxF
gq
BfQ
KQh
IJb
KsE
KiB
IrL
LQm
F_g
FsC
GpI
EWU
BOD
Bmk
oA
H_X
Coc
CW_
FhP
Jyu
BST
GDH
E_
HUM
Krp
EFA
HDO
Dbg
CQo
HK_
dN
Hwv
Cwh
EQE
EDA
KmR
Kbs
CZo
KxQ
JxC
IMU
Fnc
Hnf
JhU
AKP
GpZ
KLd
ByS
GWC
Dpi
kC
vE
DXt
HmY
AX
ECj
AHc
AVf
HcV
Hfw
Ffz
Dyo
JwZ
KJU
IQx
Gjw
IlH
FZB
hw
oE
ERB
Esz
KDK
Igk
DzC
KcR
Kmi
Wc
kp
Kui
IhI
Ggz
AOp
AsU
HdU
AdG
DpR
FLv
LDC
LFQ
IXW
BI_
CVP
Kue
ADg
ELs
HAS
Ak
InM
KNv
Kig
AFG
DvE
DmW
DZy
Ioq
COa
Fiy
EzD
CSd
JMW
LIb
GNI
AGw
JOq
Ghp
HIn
AbM
APY
Gme
KuU
GDT
IwX
BU
Dyk
_Y
JmG
HkF
HyE
Hy
ZH
Koc
EIE
JnT
CJB
FfR
JUX
ADS
ChU
Hmm
AuD
DIM
JHW
FIf
cO
Aep
EMy
LWN
Ida
KQv
JVX
BuV
Coq
Dkf
Ivu
IDy
dQ
Efk
FUK
LDr
IbR
Jmy
Bl
APH
Axu
KyY
DkT
JFx
JkQ
nd
BEk
I_j
ADR
FSc
CgO
JOT
BaW
Hlb
Fjh
FcT
DNL
Cpv
Cmr
JZL
KqL
Wt
Czp
HMq
HoA
CTE
Acg
JjK
Ale
HP_
Ccs
Chl
Hwr
IHj
IeU
GLH
Ayc
IU_
Ggk
BTs
DEt
HAn
Hsb
BOq
FDt
KrB
HUa
GRe
IdN
DHk
Jti
BER
Jai
KPN
Glb
JkM
O_
_V
EmG
kI
Ith
AYv
CAM
bN
JuD
Evs
LRu
CqD
Gsk
Dtm
Fje
Isw
AhI
KcJ
CCV
Xx
Huj
KMQ
HWH
JuF
Bil
Wy
AhD
CzA
ALg
Bxw
Jui
JrA
GNp
JoV
Fcl
Dfe
LTi
BmW
DzH
EHG
AUE
AS_
HRF
Frx
Egx
Cpk
JJL
pI
CSm
AuW
S
CtZ
LNR
ht
BtV
Csd
DoS
Eqw
zZ
FoK
Bvw
Cjb
Ry
Hlg
Jxb
Mi
FdR
KPl
EeN
IXe
CjT
pR
IEe
Jq
LGe
AnA
HlJ
KJB
DJL
DOX
Eyf
BGI
HJR
GcJ
FYv
KhJ
KpQ
Kqx
LVP
Khm
EBc
EdB
BCr
Kpj
Dfc
KXR
AQF
Bvi
JGq
LGO
BcS
Fr
Gef
HRH
LEh
Eib
KyJ
EJn
AQZ
Itv
CIf
HxG
FjQ
EfK
LMM
Lx
KeU
LGc
IuJ
IdZ
Etz
Gcw
_e
Axy
Dh
Hpi
FGP
AaU
F_q
IzG
GPo
AWH
KVb
AIH
JQH
EYR
EBL
Gjb
BYL
BUk
LVJ
SO
EsA
LRG
IDp
Dh_
KKz
JsP
DRg
AXc
HFc
BXj
Fjk
Ifr
Bnf
JSW
AMG
JlF
HSX
QU
Ibm
AUI
GtH
AUz
lb
tS
Si
GA
LHf
BT
EBU
Kpy
JUP
CsW
FFy
Jj
KTG
EpB
IhX
GjI
AYM
GLv
AFo
M_
KHz
Mt
DGh
iJ
HZZ
Np
EsI
DyE
FGd
JBm
BwT
BfT
FRG
Jzd
jW
GIR
GHp
Gux
GRY
Er
KKA
CqI
BqV
BhZ
KWQ
LKZ
DAK
KPr
HsU
DGB
BaG
AQf
KZK
HDS
DzF
GBG
EPn
HtR
Grs
JKM
KvF
ACa
BNK
BxR
HAi
ECy
HYL
FDP
sJ
KOX
BXk
KSs
EUN
IoM
DcO
FBu
K_Z
ICf
JNh
Kxi
IaL
HQE
Sp
JqZ
wx
Inp
FjX
IwZ
HlA
CDG
GnH
IbH
JKr
CKs
AQr
KpS
FVu
FBt
IwK
IKK
HjN
AcV
AtW
Imt
HfJ
KWH
Ito
KAw
IJW
GHB
Crl
Yx
KlG
AMe
AXK
GFA
HgT
Td
NT
KLV
CfO
ANv
GTk
KNP
JbH
IUY
JtE
CWT
tn
IfQ
GtS
LDA
GBD
Kfp
Kyf
EHn
KSW
bT
Chj
ESA
DZZ
Itf
CJe
AHI
IeS
F_M
AFK
Hhh
ApZ
GsX
BgU
K_W
LRF
ADy
ot
UI
Fnn
ByF
EwT
HMx
JCz
Cht
Hxw
GxG
KoI
Jjm
FDf
RB
JTK
FHO
Dva
JxN
EvD
AcK
GUB
KYR
EyW
gf
Efl
Haw
ip
Hm_
CsT
xY
IyA
KnB
Cms
AHr
BCC
CQu
AYi
KBf
Esd
BqD
Bkk
_b
JMU
Gmq
JjP
Kj
CHq
BWh
JXl
EJT
Fme
Jr
ItB
Kxr
GbE
LB
KDT
Bqi
BY_
Isi
DHR
G_X
Kfw
Fpu
Kyz
IBn
Ct_
FZp
IQO
Ftp
Dsj
iU
JO_
jA
KRa
Hqu
KWO
IkL
BKf
qa
EaG
KMY
IWf
hZ
AVO
CjO
KuW
FKh
KMK
CPa
Kwj
bb
kU
AdO
ql
Iyn
ACN
AvI
BMW
HXD
Akl
JXK
GJH
ChH
jm
JVe
_O
lV
EtA
AKT
JHo
BuT
JSz
JGk
KlI
HWt
ZF
FkD
yL
CrD
AXW
KKe
uf
xi
AlM
Fjr
KHg
LHy
AOi
FEf
COP
ESw
Ps
Kpd
JDx
HkE
PC
_J
Cel
Kph
Jsa
JLz
za
JsD
CO_
HZ_
IJh
AdT
JcZ
Enz
CeW
GkD
Hyo
CLu
GKk
JwT
Nt
CcN
IKk
KEB
KIJ
AVk
D_n
GMk
LBk
DMv
Ti
Kyo
Bod
Bab
hb
EHy
BCO
Btd
IqD
Dn
EHv
LNV
CTw
JOK
EJe
AnR
IPv
DVu
KHw
FZO
Iht
ARV
GtV
FOC
Pa
CWH
HaT
Hlh
EEl
IfN
DHD
KRy
AOL
LNJ
Fvw
GSM
KqA
Dmu
Htq
KlP
Glf
r_
WR
KvI
iS
LMc
BfH
Kjn
IBX
KSq
JkW
Kbf
Aqt
ICv
Kjc
JLn
DAn
KQK
DJs
gK
ApM
Cdc
KV_
AFt
JgV
EdO
LFb
Bol
ET
ISI
IOo
Kds
ECE
FvN
JOa
QA
HzL
A_P
Evi
Ktp
DXr
EFW
KZS
sq
FsF
DEm
DNW
A_s
CXT
CNJ
FpI
Kgg
HpH
FzA
CLF
CdB
CUk
ELB
GZr
DWd
GGD
HkN
Ib_
JNk
Fqc
KrD
GlH
EMa
KNr
BVd
HQp
FRk
KRd
AGQ
CiG
FQs
FjU
B_Y
KYC
IFn
Hfb
Cg
DYc
KOL
ACG
AfY
KZz
CDg
BVH
Gzv
vR
IvK
Agi
LEo
IHf
ZX
Jjz
JiU
Fdk
JkB
LJX
GPh
CyL
JeK
Dwh
FPm
BLJ
CEG
Th
mz
Q
Bhb
FoX
JJC
DCm
AYm
JdB
CSz
pd
BBd
BFd
Kyn
JuT
Hbu
AUV
Koq
DCb
Fml
YT
Cta
BOb
ESV
LGK
LSl
BEW
BwH
_n
r
BKq
wF
KyW
GUV
DK
KJg
Icv
APM
Gvk
HLa
Fth
Tc
FmT
RK
KUA
GEq
APm
Ld
Jkp
Dpz
DEL
IDA
AmT
ALU
FBj
Kyq
Jsl
Env
CeD
IrT
Kia
vr
Bof
ABr
GTj
Aid
LKM
BMA
NR
Dme
DZb
Jnb
BAZ
FgD
BXi
JSG
KbS
Fnp
Bxy
ACr
AlN
KzH
BLb
FI
WV
JEv
Bnc
ABR
Krc
oz
AJL
DE
HoR
GgF
mO
GwZ
AMH
EgU
Gii
ATR
Ajg
K_G
KwN
Czf
BWE
DAf
GWb
Jby
JWD
InU
Dlr
KiY
KGX
ACE
GXK
BDV
BHQ
KtL
LCT
KdM
Amd
Hiw
AUg
Kin
ItV
Jxf
Cup
BsT
KYe
KuL
FcL
fJ
HJZ
HQP
gi
Jbf
KqK
yC
AIg
AEL
IS
_Q
BET
Kqa
DbX
EBj
Dun
AmI
Bgs
Jlv
IqE
Kdz
Ebu
KSx
DVs
Kxc
BUc
AGu
LH_
EBi
Iud
CON
EkO
Fgb
zR
Kfm
Blb
Sv
Bo
GkE
_j
BFP
Jwo
Kan
kn
lt
GyT
JjT
JCr
Krf
KmW
LFp
JiS
KPe
LEB
FnK
Kke
C_I
KqP
HKv
Ip
BKZ
BSP
DOS
KCk
Ket
Gtc
BGj
iv
AmC
UE
Aai
JeH
JaB
xD
ANL
KGz
EEM
LWi
Gqt
A_V
HDd
Kzt
LD
KIE
MP
GUj
Bla
BCf
LFt
CTC
LLf
IwH
BdJ
HeK
gI
Kib
Kuv
HkL
LAB
DeK
HSP
EgT
KoO
LKC
HI_
Kqj
LO_
LJ
HKb
KH_
DYn
GlF
Ajf
KFe
EvN
ApF
EIn
BPP
Bfg
BJs
JmR
Kyy
LQX
Avp
DAl
YV
Fjo
wn
Dsr
AkR
Gnv
FaF
BqS
EZI
KEL
ANh
HqT
oc
KlM
DLn
JMd
Dnz
CFk
Gee
G_U
JHD
KYW
GYl
Jtw
Fgf
Ll
fL
CUy
LCn
KdJ
KVz
KBk
ILd
ETv
SH
Ou
DSx
HEO
LKx
AEr
KCd
JjV
AIw
uK
Czq
EJ
HF_
JQA
MQ
GSQ
CJX
AFq
GRG
HkT
DLV
LRd
KfY
Kgi
Hbj
Ipj
aQ
Ide
LLX
BKz
Jug
gC
FWy
Gth
tH
Esf
QR
APw
IrI
AIa
LWk
KLO
Kzh
JUD
Inw
Kh_
qE
AKx
GXf
DFw
LEP
HBr
CGI
DSg
vt
DoC
AGf
EpP
KzX
BFN
ATy
AfN
I_h
JxU
vA
KwJ
GNT
KUZ
Hcu
K_o
LWd
EL
KPK
AKr
FQX
AYd
Ktz
KDb
uu
yk
Jws
KYH
QZ
BiY
JiW
Cfy
ARp
CUL
Uz
FY
Rh
Dgu
FAb
AIu
KXh
Bta
LIw
CTk
Avl
Lq
FPj
KgX
LNQ
DQc
BPU
KwO
AeY
IAS
ChD
cl
FbL
CdH
IQp
AJc
Fkl
Jnh
Jqf
cz
ez
Fpk
_S
IxJ
Blj
CxL
Jst
Jni
EAr
LIF
KNS
KRu
BhK
LEk
KWI
Sd
J_j
EWu
BvV
ADA
LUr
wU
BnF
Ajh
rH
AKn
FrN
YC
mB
AAH
AHh
HwY
IAD
KjT
Gqy
KIH
LTS
LWV
KKw
Kfh
CLL
EdG
yZ
ISS
GaZ
LPT
tP
Fab
JzC
Dtc
JQk
Eqx
Inc
BjO
Aex
JpE
BJG
AVm
jo
Glp
HXs
sQ
JyD
KJs
A_u
APW
KIr
LJH
JuW
Su
CKu
Jrr
LW_
Nq
IJk
Cmi
BxJ
LWq
wA
Mc
KCH
DMh
Coe
LJW
KzY
FUO
K_c
ABv
DFl
IAr
Btn
FA
AJd
Up
AOa
YY
HJw
FLk
KUp
KjB
AEb
RD
Agx
KJV
KbL
GlM
BCq
NP
HuM
KUD
Aqs
J_
ETP
LDi
JbT
KYD
JPL
LUm
Epr
ALi
KNy
Kwl
LSI
IGx
ARn
dt
po
SN
FdQ
Btt
KiL
FXK
CeI
Knu
GIr
Jrc
ABF
JQc
Bqo
AnM
Dyf
GZP
Rr
ClF
Fcw
ARx
INR
LCP
tc
KPg
ChK
JaV
LHO
AWV
FvY
FYx
JCT
LTh
EtS
Ds
FZb
Hx
BXs
FoW
CqV
w
ABo
Jav
Cm_
KLP
AOM
AJC
FvS
Ama
KXO
Jmm
Jvb
Akz
kE
BYS
KPw
KQM
LBg
KUK
Klo
xj
IdM
t
HSd
ADF
FNs
IYW
Kpf
GfS
AjQ
LMi
mj
E_O
Gkk
IxU
EIe
EcR
CnX
ALS
Kqm
Krz
Jw
AZM
EaL
LTy
Jmu
Jvk
DdW
Fl_
I_U
AEE
Glv
uZ
rl
ws
pc
AUU
JPt
KcQ
Fjv
IZc
HCh
EPL
GjZ
FqV
KAM
BQA
HiA
H_k
KCf
KdX
HbY
KYL
JQD
LRK
AXI
KeK
KxS
Dgn
K_n
GdL
Aui
CHH
Kqn
bM
ErP
DJY
hs
Klk
KVv
Iie
BmV
AzI
Cbh
Df_
Cmp
hC
Cyd
Ipd
Za
FXH
tR
Kul
HnY
GKi
AZu
KSd
ANM
JzV
HKP
DWa
HPu
JmM
AMR
KLb
Kwi
GsM
FfF
APo
AfR
JIM
DBO
FBr
lL
GV
H_q
Jza
EWF
Bpt
DLO
CXR
Kko
jp
KYv
Diu
Hhy
GOR
CIt
KqJ
EHJ
HGX
IDJ
BEj
Jpv
Juy
AgV
ALJ
CD
AIy
Kyp
AMo
