cqij
awyl
bigs
cgbc
aklb
byil
bjar
afam
buox
cvtb
cdjy
ajpj
bsbm
cjys
bgtk
cqgl
bbjx
aztw
awse
cukw
bild
bnpr
adcq
bxtq
brdi
acfz
bynw
azfq
bdht
clhw
bhoa
cgkb
caqh
axfg
arzt
awwn
ccjd
bzsc
byqn
cfae
brid
awjs
bixo
bgvq
acib
clui
bcnx
ahan
cnvc
boyd
aswn
bafc
coqm
chah
cplo
buvc
clvh
bxul
aqqc
bnrw
aimw
auna
aibq
apub
cnai
ankl
axxk
arjl
ayir
cnyd
apcj
aapq
bmhj
ccjo
azlx
bonm
abic
aodb
cuyu
clpo
caze
azkq
aqso
bhzn
calu
allw
ahdv
ahpk
cmeb
bgpm
akpw
adyy
afaf
bhft
btmn
bjjg
anct
apyl
cqua
apxs
avlm
cjjo
apkh
bsss
ceps
auqb
bkke
cebm
cdtd
aemv
auin
akre
bsob
ancw
auhm
cabg
cakf
arru
abad
bsmm
awix
adwp
cifi
cqfm
cqsl
ahzv
balk
bgjn
curm
bnjo
cqve
crzj
awqf
blko
apwz
clyw
acvo
brie
bpek
ccwh
bvcs
bber
auow
caex
cbny
bnfa
cokx
avjz
atxx
bpim
cndk
cefh
bjbc
bzwd
bwsa
axvp
brld
cliq
bted
azek
ajkx
apwl
bdgp
atqm
bubw
bwzt
brhv
cdfr
cnvx
brij
azux
anwu
ciov
akxy
byyo
bsma
axsq
akjj
csya
bksn
bixu
arlr
busd
bzps
cdqn
appp
cgzz
amsr
ciex
apoc
bglp
andv
cays
akyv
aiqg
azry
aedg
bwdy
arnr
aegi
bfbp
bkyz
clyl
bcjo
ccvu
bmxp
addo
awwq
bsgo
cnbu
clql
amiz
aows
amfp
aroh
cbzu
bzyz
booy
aegg
bblq
csnw
awac
aleo
bqiw
awas
cnbf
auex
avtm
crii
cjah
bikr
chce
alzq
cuzb
ckmu
aoow
bvnf
