za
jL
AF
jTF
eNh
eas
o
xYW
rvd
pjS
dUl
CaH
mVF
kNF
eYQ
mnp
cmJ
ffE
CSM
Aff
jii
tqW
ry
zLn
tjV
dqq
plk
asj
yBJ
Dwv
dwW
bhr
xFX
kUl
ztp
vfe
bkv
YV
rgS
jhU
bUP
lxf
tji
AKW
duG
pcH
aCI
ysZ
bIo
Cxy
dSU
izo
yzD
vuT
uZv
uyM
dYl
kwG
vBZ
yTl
xrd
DPx
vaX
ckU
nSw
nrX
bNm
AgY
iBc
aZr
fWy
gMi
lsQ
ywV
yYX
CSA
eAt
trV
vqA
mup
fkd
mqu
pRD
neq
yxY
rJQ
dYA
saq
xnu
gVT
tMS
mVs
pky
cWJ
bml
ubX
CwA
BPm
gLu
vaY
sFr
phZ
coX
xVw
edL
zza
COd
lky
DVC
Dto
CqB
gnk
snj
lQw
rxR
tUG
hWH
BOt
dQe
CZK
izD
DWQ
svy
sDO
sKv
sMA
zCz
cpw
eaK
pQc
pNJ
lon
sQb
bFA
Tv
siW
hYO
wNw
zGm
jSS
oSh
AFO
EdR
vwo
BpK
qpX
tUM
jHv
DCa
rwF
zwO
lxK
xSE
ghn
cJY
oGb
sCZ
nLx
Wh
fac
dwe
azH
hZt
unH
jlW
fHa
abo
Adt
bfS
CtS
wLL
qqS
gnP
vbz
rAn
iWI
tTO
lZo
hyB
ohX
Akh
acD
cKN
aFJ
vAu
gNS
kfq
iFd
vFU
mtw
cmH
spj
DDE
pVl
wCa
zZu
xjB
ezw
yxa
raE
kAx
dvW
AIn
My
sFT
tTr
eYi
oQx
xhY
msG
ojq
maD
wde
Cyt
pUw
vfl
icU
qqy
CuF
ojl
tLL
omJ
oLO
bCY
nhq
sll
mtG
iXG
CNO
hoa
pSa
oJg
CkL
sFg
seH
iGv
dQy
seW
tpa
axf
eEq
aAK
xlQ
nEt
bKN
rcC
cWk
bct
mzl
BkK
bGW
eHI
wHG
iVZ
fEe
vzS
jdj
DYe
pRm
sPl
bbf
gQG
qpo
nFB
qvI
thV
uJc
lZE
yYm
wlh
jNo
shS
wew
rEL
muT
kPe
tuS
rvZ
gHy
bGj
uot
lpE
Dzo
zDZ
qts
kph
quP
xnQ
vWI
bIp
pli
doe
pQa
dHw
gRS
obX
kNr
yTI
sLl
zcq
kqb
mAt
gHD
gt
Bpl
CRS
AkA
qro
dQs
fNR
poC
mWj
rcO
elr
yqC
kpN
hTD
EkY
Dsg
mCE
bht
fAX
kLo
hsy
Ebw
mXJ
cVm
sEH
dVF
zdw
gop
luC
kJz
obo
kfj
dwJ
uqc
tUP
ghc
sEu
htB
Xc
lTp
ALa
mUT
rZr
hPl
gUt
vzX
bHg
thS
bOd
lqq
fHQ
ojk
wkH
Sj
oeN
qeJ
gSh
ANV
opi
AfE
BjV
flm
lVU
wdJ
fLj
uaw
zGH
yWM
qSE
clW
bkF
gmN
baJ
vZX
awK
sjK
seD
plz
hOP
Dro
qjH
hVq
xhg
dzH
chT
fdw
knJ
bLf
lXK
xIR
cqU
Dcb
khg
mWd
dTj
hmN
AFA
qZW
hWt
omO
onP
SM
DiF
uVB
jEz
yub
crq
DzB
DHj
lOt
uvt
iEh
ytj
AaQ
psY
oGf
sKd
myO
uvs
iWG
tik
ynC
tqd
fIg
oRC
Dsv
hRQ
Drv
JC
xJa
xie
gbx
wKv
zAJ
Edr
EfC
pXP
jLg
DrB
wOu
Ajd
hPX
bed
zYj
lpg
qVd
xNR
loi
sbL
duF
bPr
jCt
gTa
aAj
xWy
cng
ncQ
iCM
dTX
kqP
uvb
lRe
gSt
ogl
hmM
fcT
AAF
Sm
ecq
bmd
awz
tlJ
gpg
pta
oHi
gqu
eYa
vCV
vZG
kNC
maO
nhc
rJP
eab
xV
BpP
iZC
slB
Akt
rZY
DAg
mqq
DFw
zYI
Edj
pOE
afM
aZQ
bXC
xmj
bca
nbL
gVr
bhx
ncF
bBq
zua
dQV
sLL
vIz
tjg
via
mCQ
vyU
sLC
nDt
lsO
tMR
fbV
nzC
urs
ZI
exe
jKL
nJB
mvL
ncZ
jzj
jck
bcg
Dzk
vzU
gnY
sPd
grs
lnh
ysz
oPH
DxD
hvK
ttR
nFw
dGh
ciR
jFa
jiC
qpB
eBw
sOu
mgj
cOi
ywn
skl
puE
iaT
vaS
CAD
AJO
bhH
smw
sRz
bHN
yrK
tjS
oMB
pUB
wLN
wKB
pxJ
jcK
aaL
lvi
Dxv
nIG
CqS
neA
bMg
xMT
aBt
bJM
ryF
zxH
dRr
BUw
baY
bLM
DaN
kdU
zbC
rIv
slw
ezT
quV
fMF
CtL
nbz
ayY
ALG
eHf
cJV
yrI
ezW
sQR
hyN
zcL
izC
nDV
ABu
hxQ
nLV
cRu
BgI
lUN
huY
ACU
zcd
rFe
mwq
ofj
ixg
gNt
hUh
psu
yzk
nJU
sIZ
BKT
bFf
Bre
qzQ
itn
bmg
icB
Xv
kpe
uoN
zuU
dXF
DvC
zAQ
eui
iXZ
uvD
zah
xhB
gKS
Dva
lPI
kPl
sGZ
uRI
ttB
wcs
gIt
xjG
uod
qAO
ZS
wCS
veR
pnZ
hWP
pvi
tli
fOt
bFU
jAA
dZu
uzZ
Eaw
cXs
DtN
lsV
kHq
pSP
iVw
slq
lRC
chg
qVq
pLM
RL
zaO
AeQ
zCI
yss
uqD
gSE
gow
qjY
wDU
rxP
eYN
rbh
hor
hRq
uTa
Eho
hYs
oSJ
nER
vKW
sRe
BdT
wma
vyX
xkw
qVR
nBN
cMZ
hrQ
jEg
toA
oJu
tkL
fDj
CXa
oMI
htm
sak
fLY
eDs
wPZ
gQx
Bif
fKO
tsR
zCQ
fiV
hUT
tpr
xRM
wbn
cOS
xfL
gfj
rze
mUi
gTe
jcE
ryQ
xjY
utW
yoh
dyR
tWt
pjD
fCh
tnJ
BjW
uzs
Dwq
xKH
hlb
oda
ist
nFc
exT
kRT
gmi
fCm
AKa
dQl
cth
odF
kRP
qwB
dTY
ADO
oRE
jew
aZC
gPP
gTh
rBX
hVU
BLU
qpd
wPq
lQX
wBW
snQ
cMC
BfU
crl
xqN
pFj
cKm
nfa
mzY
prM
ono
AiL
rBm
dWZ
fcA
fHZ
wEy
Cog
bkT
glM
oFi
wcD
xQP
DFV
DZB
BqV
gLZ
BmA
CrJ
trc
tml
chJ
fEC
BfL
oMs
eZE
vvk
tCy
jLr
kJE
AEk
mzz
zvU
iuB
wNW
zHj
pPO
yXq
wmv
nQJ
pkg
yWh
vBW
sku
Duh
mxp
yPT
kRl
gMZ
Bik
jDG
mwZ
ghJ
blL
oFg
CmX
qxo
ghC
CWE
BMv
siB
uTi
mAg
iWE
qWC
jfs
jKh
uWF
shZ
rat
pmR
kjq
rCX
tTu
oos
qYa
cWz
sin
mXB
DWR
DZs
lZe
sMm
CrN
pTz
ttA
CSO
DWn
gOh
wNV
ztR
Bql
prT
DzT
wes
BnA
CcY
bPe
xIJ
zZJ
lWj
pYs
eza
ebc
Csq
gKN
hcw
crE
AhM
DFl
AFT
bap
hmc
gkw
cJE
kLQ
wjR
xmO
hqf
sdC
eFp
uUd
mta
qCJ
BmB
kOR
pXx
fBq
ttL
iLj
YF
gRf
icJ
eZW
uUG
DVZ
dZP
mVi
yYS
iaG
BOj
zzp
ppQ
zdI
gVh
hmF
CpH
BMS
xqm
rvX
dSi
ysd
rcG
gJz
BIm
Aie
zbk
rdh
neL
zBb
oLU
oLY
mxg
nGv
Clu
cJk
kPS
crD
wLA
AbP
pkv
dwO
mBy
BUW
CRE
zAe
nEJ
poI
wjQ
hlw
rTj
fai
uTW
eFv
yrg
lXM
jMW
jiS
dUt
uVF
lvm
psw
uwu
nyT
gNB
ffO
sJb
zGQ
zES
fgW
aGl
qvV
zct
jeO
oKE
rHQ
BiU
yTj
mry
wgO
yws
zBo
aBo
mrv
CUb
COx
Brv
qUL
Cfy
dUi
CVb
uyR
tMy
mbi
zxL
ppl
llV
gLb
zYA
dwz
gIG
lvR
bfX
oct
cka
xWK
AEK
qwa
bDe
hqC
aZM
eEW
Bhu
rei
cgm
fKy
fzp
EgK
sDp
tuv
fBi
AMt
hCX
CUZ
azz
vBV
CWj
xRw
tnK
mVI
ndS
AEB
xnW
gif
wbg
kdr
pVn
xUv
cWE
quf
vDn
gkA
BPC
thC
bPf
wdq
fXJ
wIH
eAA
sKN
raF
EiG
cKi
cWN
dpt
jKX
jEd
xJg
jHM
aZJ
bMN
DVY
jaY
lpc
wDk
gRz
qrn
Cob
iyT
wNr
kLl
sMa
CRF
ewd
zfj
jgz
bdx
izJ
fMV
kOe
AIV
hyI
mCZ
ggz
uuR
rKo
DXu
eFo
oMa
jES
kos
kTO
Dlj
sKM
ojn
pno
zBj
yyT
vAX
iVT
quZ
bKm
AdF
qdx
hQF
hnh
cNF
kuN
bcJ
flc
AfB
sRs
iCy
Ade
oKY
jhQ
wEM
Duo
cgT
nhX
naZ
wfS
tQH
Dzt
jjE
EeP
pPX
tSA
uqe
wmx
BXw
yUu
wJf
xWw
BLI
Cxq
bHR
rEa
rJE
dUU
bfE
dFJ
uuw
ckF
uSK
bmL
glq
vkH
qwQ
isL
cgy
ghz
vGf
wie
qpJ
wNB
lvO
yvL
uQS
upL
bQl
CZq
BlX
mCe
nBS
hpw
cMl
nyo
wCo
uoU
oaq
oZw
fFc
gLG
uwL
AiT
xrj
fha
DCq
mtS
gVH
rDt
fgd
oeh
CmC
mCH
uXH
hPE
avb
xgc
unS
yVt
hUq
qxI
pYq
zHf
liD
qVM
BNV
hpL
cfu
Aae
vDD
ytz
oIf
hQN
yzO
Eek
DrH
fcP
BmM
xqR
gaa
plu
hwH
ySl
jbA
vHd
qBA
qtR
CkS
zXu
Cqo
sRt
iEZ
exZ
ojC
jFO
AHK
hmq
aAO
xeN
jez
iDX
mAz
fxJ
ynN
jLU
ofN
gjr
dQd
wPU
xTd
eFW
cjE
sDR
BLu
oLL
sjX
TG
lsi
BKi
ooc
qqm
dXG
piO
ztt
mXH
vvp
uVG
ywy
tiH
pZP
Vz
uWV
oHD
iDR
ySR
cZw
cmK
CsF
fNO
Efu
dYZ
tpg
zup
mEr
pZo
DXa
duR
loM
sIz
fFx
kJu
eXU
lQS
jMw
qwX
DYE
BOy
xkU
Dwy
gVY
wen
kkJ
lXu
Dxo
oPP
VQ
bav
ogy
tjz
glu
ogf
iLH
zYv
zGD
kRE
Blj
mwi
uXP
ghX
xrZ
fgk
myU
isi
bgU
zYr
ity
ckg
vCf
fDL
hzs
hRz
hzj
qUD
ict
eVP
fBM
rdB
qyZ
eGD
bGD
xRf
tVR
vCw
pPQ
ztU
mXw
BTK
yuO
jFL
AAI
nbZ
iAU
vyV
AOu
uSg
DKp
myz
isD
mtV
wgW
kps
hmt
bmQ
oaR
bbO
Cnn
Ebx
ocV
iCz
cQh
bJS
jFA
lXQ
CMP
vwg
iBE
hRL
ocZ
gTt
sjJ
bDx
EbB
mXj
nCv
cLI
BdJ
gQd
CyN
psc
hvH
nfW
AfQ
ndW
zLj
Cpk
tKb
pVx
lxh
bdS
pRo
sKn
rIx
wiT
wbz
kfO
Bih
sfg
kJe
BJU
cii
llB
BMu
dWq
blu
qyu
gmG
cTx
iDb
bGy
kUx
tlK
qyi
rDR
hPx
yyQ
nDs
eGN
jaU
nFm
vzh
izq
weA
icl
dZT
hXF
oLR
AeT
dvc
jUY
aGD
BpR
hoq
muK
oeK
ryY
gRs
DUW
bTa
AAp
Bpt
azY
fIy
bEj
wSp
bcC
thu
snf
gpj
yTF
weI
ryP
ojR
awS
mTZ
ADl
Bll
cJq
xAC
kRo
wdY
mxy
yvK
yQv
xTb
bBU
dqy
kXX
rEE
ojb
aFf
xqM
tLe
gJL
Wg
tpV
liQ
hnD
usT
vFA
hVM
dmJ
doU
BPo
ABN
xpy
BRe
oEn
iXX
kOW
Bgz
lMY
aFY
BSX
isZ
Dyb
bEv
dRa
rJm
rbU
BHD
CWp
Ctt
hRt
gRP
bcv
gHz
BOi
itQ
eaN
DaA
glw
lRQ
vuF
coo
eBo
qVI
tmh
BQT
cgJ
cSa
bcE
aIp
wDj
kMp
DyM
dRq
CvS
xNX
zvQ
reO
CnA
kMK
ytM
hsF
jjm
Afx
kRY
wKh
lVf
auQ
AFo
TF
vbl
glD
xmD
