es,
h5Y
j.f
iRG
h!\
ajh
cP2
ns!
k}u
bvC
csF
asK
k_p
gA*
g.x
f~*
m(D
a+r
f}N
ge"
mi^
f{`
nbx
eox
d'#
jde
lac
i_P
lkM
g6n
lH^
k1~
fw$
hjM
jIg
ms1
b"*
c8J
g"<
mx~
l^w
e:3
irw
eog
ay%
j~Z
c|y
dKF
hV}
dn+
f=?
aLx
d{4
j.4
ffz
fst
i($
c1Y
lzh
lXu
ka_
ji8
cn]
lHk
e4V
i?,
asB
gL+
eL^
hPs
a<9
g1(
a<N
dT_
d|l
hys
g>p
gK(
c3/
fBv
llN
mn)
fN]
d>N
nrh
kL(
mts
a6:
mV_
fm,
fya
m&m
a,F
kLe
b~C
lL1
ahX
i*U
l<X
kx@
l6t
gP%
d(d
lHZ
d%h
mSm
iiy
dD[
hD1
nh"
he^
ipn
c:m
fSM
eX&
k#g
kPD
nyL
kbM
l2W
hr%
c:A
et~
dqE
gd\
cM4
j#k
fm?
muP
hxh
h,F
l0~
myN
e:h
a!\
k6j
jfY
d(M
e!"
e!C
ePB
g#c
aoI
ba8
ld?
kg!
b[y
b]9
cw%
bT<
h23
ajS
i"i
aE5
ldJ
mS&
lor
elE
e8?
m#\
ke{
etU
f'S
gC]
jI0
lx1
kZ{
jmj
a*L
l!I
bjh
c+w
g]c
f|l
bt&
c-P
l?5
aI0
kM4
aZD
izl
g:W
bgE
dU+
aNs
a2>
a`Y
fb5
hN/
b-k
fRT
b{O
h{K
lt"
c#c
a,0
jMN
j7M
i%#
e8r
k]S
j$]
ld]
an0
j@^
jx9
ec5
ggV
aL/
i6G
icN
l=>
b41
ev{
d"9
c`"
eMp
lUq
kaF
k0u
btr
dv{
h~p
eV!
b4+
bM`
bOz
m1$
h=(
dG#
krs
en"
k1P
j8n
b@/
k>6
b@^
nci
nq3
dTA
dMO
m->
ebN
gc5
a7i
aVP
eOT
a,_
i+Y
inO
l%C
d>y
lJ%
l"5
l7K
iYw
g4M
dQu
m/}
l[B
jI}
gS>
a+X
j-O
iPp
k=:
ewf
dXG
hle
nz1
lDy
l.v
eCC
fGm
i{1
iJ)
bSI
lfr
ga"
etf
a(o
ae&
bK{
k?-
bXk
d`~
e}~
cHH
gUM
a@K
cS>
j2Z
hpL
mUT
aN=
a)L
a_r
fcu
f?a
hJV
h3,
j|V
c-c
cpm
cZ1
emu
fTa
hTs
jb:
ap.
ifc
bc"
epZ
ad?
f!n
kTW
c)M
avG
l&9
dqW
d9\
hVL
boW
jF|
d[B
h"k
i5Q
eF]
juC
aPo
kiu
dXT
jg7
b=d
cr5
cr%
njg
lU_
k#d
ed6
gxR
m|+
hES
kMO
g9h
k0I
ivl
m[/
kSD
f/w
h^g
gsS
e,C
iAW
m&V
bQm
iFc
cPg
lv-
g7H
f07
e83
ay)
l9/
fh:
e?0
jE>
mYm
iZq
izT
fqS
eQ6
d+3
jfO
e`C
k@>
l*@
jgk
mK|
j0c
fi>
m}J
b%Q
mGj
gkT
e*r
i?*
he*
hq<
fpb
hA!
in|
fp$
k,V
eE|
iZ{
e1@
m8e
bJc
c~\
bS5
a]*
e,\
bH{
e:`
c#s
jEo
lPT
gK%
lYi
f2&
b5G
mH)
m$Z
h>8
e,.
fii
e>5
c[>
cDu
hFA
jKP
k65
d~.
k8B
eoG
gwB
i`E
e>6
cc=
i<+
m:%
h8]
nv5
c<1
aRl
f!m
ms}
g0O
g]l
i,N
fq/
jGP
gCI
f`Z
dI(
e\8
ey{
cct
h*B
h3Y
guc
aFy
im5
fg\
i]H
mcj
es_
eNS
h3U
mSz
l&g
dKA
eHz
a:V
fxX
gm|
dhS
l[.
b*g
an"
fJM
ee-
iN1
h?l
mfS
e|E
l5w
gzx
dpo
jX\
l2N
a3R
g,=
iz+
f4N
j^$
cJ<
i&)
eSf
a/q
aFP
cHo
jv~
kDN
m9l
mwY
k.`
bA'
eBA
cMJ
j5m
cf.
h/h
a=3
itS
j<r
c}x
jk1
m?m
aO&
f%c
c![
ePm
a'G
iGW
huQ
c4M
i#@
dcJ
jU8
m'z
azg
d!R
h^j
byc
f't
iyv
m$o
bH.
m})
hrh
k#0
i0J
m$<
avg
iv-
bkP
iX#
cLd
faf
kH4
l]I
g94
h[?
js_
c7`
bHA
dA6
d\N
c]G
cRP
fR1
c8T
j\i
gIq
kuv
f<I
dNV
mxL
m=r
mrx
c@g
i+d
g:M
nf2
cC|
g\R
dZ-
aX2
j/d
lr4
ayB
ag9
b9P
ha^
d9Q
lb`
k`V
ewr
h6h
iM{
eFE
l|/
bkf
kLN
eLH
e@X
d|~
aq-
a!5
e\(
cH2
mh`
aaz
jro
l+R
lX9
dHQ
d6{
gI(
e\e
a03
nn}
lYc
bun
k(b
iZG
i[(
g":
bn1
ku]
eY4
b1^
k09
j30
k9?
m61
mRG
d>f
a4q
if<
k)(
l|A
ee,
hFb
gL^
jG/
jy\
hy[
nk4
aJ_
ibL
dF8
jhu
fMD
a(e
f\&
k|=
kqJ
bG/
j(3
h_#
kd]
c9}
cr|
e}9
f@H
f-!
h>o
bY7
f>j
cu~
acz
g?~
mbF
fg(
nrN
c:}
m@~
e'v
i"E
jlI
guQ
kbi
m3D
ft(
gh:
mEs
mNM
j.p
h_P
b+]
gDk
d}-
bef
gQ?
lZR
fNJ
d(V
fn<
k,A
bi(
d6M
aoj
d6@
nx&
h+q
idH
b/g
ba6
fts
iqP
j`3
al`
nv(
lk4
gI-
jQJ
bN[
a-l
kwW
aUb
fIh
b_#
mgA
jzp
f~9
i2y
a~o
hEi
j0V
c0a
gF'
d"I
ghZ
nAr
bt~
h<^
jH*
dTH
kEX
gQ1
lDa
moX
cWY
g0%
jKo
h}A
baj
jV9
jZf
j..
i@n
ao)
hDQ
nhb
ctV
e<F
d^M
jRm
l]K
m%>
lf_
lxJ
bQY
h&U
ksm
hNw
b5f
ed?
lZK
f\R
mCj
iDJ
fed
b|\
l<q
hPn
aUE
a\,
i}_
k--
cq6
eF@
arb
hZ=
ciC
mz<
mX]
cQd
iKw
dmU
bV%
kq3
m5f
cA\
gzX
hwC
i)8
hz#
c[7
c4R
e$<
dpH
gA^
l8\
h)p
jS6
lHN
e8)
e~a
de^
bOE
cB,
c)X
luQ
cR+
duh
f@h
h}O
dGR
e?f
gR~
kMS
cNw
k{7
d$P
c%p
hAz
m0U
g-H
lrz
mtK
l#`
k(.
h>=
m8N
cSK
g0p
ck5
cWN
kOe
fIb
gJm
a}m
iS7
lr0
g&n
dqj
etV
k:\
bZW
kD=
c`V
j#f
aXT
bJb
g~.
aJL
kpK
gV|
mdw
hr.
irT
mXZ
e\L
e-7
jE*
dtf
l]y
c+/
lHa
dtr
b!e
b:4
h:7
ef#
glp
b%z
d*8
aQ,
i-j
d7D
b+#
j'm
b(S
a}h
mLw
lB^
k:Z
aR)
f.r
h-l
gfF
hed
d0E
iK}
l@q
bHl
iyO
hSC
e{p
iO,
j\s
koq
ar5
k_z
k'@
bB_
gkw
e.]
dk{
kgc
dKC
eHY
i*k
i{c
a((
c-E
br@
ne$
dMF
l_E
fKJ
he<
nuq
e40
np(
hR3
ek(
kjp
h<x
l}`
k?_
lFD
k{g
dvp
ejb
eM2
cUu
bAT
b|[
lU8
h-h
i_!
g+t
cAL
f=]
jW7
hLL
c_J
i@$
h@z
mPn
b\q
g8!
l0O
b95
jYY
i+N
ceL
g\_
i&>
ia5
lZH
gCv
aoS
ghf
g1A
a0c
hyb
l]d
afu
fkE
fP6
moe
h0G
hQN
e,?
ktP
ax+
m0?
mtc
g$s
i5n
kYE
d_v
leW
kq@
hfS
l/3
i*6
kp.
f\"
gf2
iU*
gxG
eB(
kt)
g|S
b[Y
eM5
iFY
kDI
dpL
nac
f"h
d?q
e\[
mur
h\[
mut
h|k
a{,
jr]
aU0
bjG
b'3
bhq
jll
b$/
fl%
f.t
g~'
c-D
cM!
aA[
an-
d"f
fwf
jt#
i&.
e6o
gBi
jP`
l`y
jyP
dq[
mpd
iZ>
by~
kN#
eaQ
h+t
lgi
inP
kHr
mdp
idy
nBe
dmY
fr'
e=d
bhy
d/'
dF+
hw0
l'c
g-D
lVQ
kX"
j>R
k#Q
iz.
maH
gK2
j!I
d#v
g88
a])
csw
hWj
e7{
dr*
c+$
gR%
iN,
hlz
jZH
j7|
bb+
m90
kN}
iN+
mB^
gAu
h|D
hDv
eNU
gXB
i8a
iZ1
fh\
ePO
jid
ebE
igR
j/o
ejO
i1G
eJw
c{%
c?<
bZk
f:x
d#0
f$j
h/K
a(=
eDh
aX0
h0U
eED
bk/
ksT
bQ5
iG"
a#c
g')
br6
e|A
e^.
bM6
bG4
k9*
kw$
gfA
cC1
af'
cr>
fJ*
kq&
l\I
b)-
k1p
i4x
hR*
cX1
j/N
ngM
iHg
h9v
a2g
e)]
c"f
m@j
k-C
k@D
jtg
m)R
ly_
lPX
m3i
hPA
d`i
eJ>
ngf
ci{
a<[
nui
f)L
j?K
mN{
k!/
fra
hZ(
me{
lB'
mmK
f"a
ix"
dnw
m:0
jR|
iK/
bL4
hH]
eJ,
f{|
hrA
e:|
l~J
i!t
i.e
eWm
lc"
jOT
kIn
iVJ
aD&
jzs
cH8
nqN
fhn
az"
ffa
fm~
a)V
j~i
e]V
kr.
e!-
f(u
hl!
c^e
mB7
j<-
h/i
i?=
hrO
du6
k+w
aDu
k!a
e:)
ex]
aK@
eK*
c`6
fSG
l|d
hS,
bZa
d?B
cO.
mb!
bS!
dkL
bhT
h.p
b"S
fu/
kc6
fA]
ma7
k:H
kZs
npC
a%c
kS6
d#k
eK|
c33
buc
kS3
hUi
k]_
c'J
kb+
dD(
f?u
g=)
fX+
d!d
h~0
l6M
aGB
id&
dii
m88
i}{
b[e
kf_
i.n
k_%
g{!
d=e
jCq
i{}
a7D
djK
kNj
kV"
g}Y
a?|
b*)
h"m
aSG
fMb
dW=
jh7
cX_
mG-
fog
fU/
d}d
b{)
ia:
i|S
cmL
k1@
fbA
jPx
c#`
m$-
ahL
de:
mLS
jJW
f%M
bk~
eF|
m-(
hx'
e}$
f%/
hu_
mmb
dXj
kk~
ce(
keh
eaJ
i{7
kHF
gld
kbj
c|S
f,y
jF@
ez[
lky
m{y
ezR
e~J
fTD
j1T
kiB
k-D
lYx
dvZ
d,4
at<
e^S
cVx
hDy
e@r
cxO
b0+
k2Y
i|I
k\W
e},
iNq
i99
lSX
k8N
i/(
dC?
k)"
jb~
kHL
e5A
jq<
jOq
hCW
dsQ
kws
b4?
gZr
e@c
gj_
hQY
hW.
cjB
d'q
h*'
cx[
b?u
c9&
hwg
dc]
hQx
bF"
b?I
esD
kq-
kWu
mI_
a5I
m,{
a"?
cUB
iE,
bg"
et.
bQ+
fk%
bW5
dvi
j#C
kE1
ft?
k]^
eRo
l)[
dXV
gs(
i}I
k}+
neu
ibj
nvv
dng
nm/
nyG
dNm
m2-
ab\
mig
mW7
k9Y
cE_
bm$
d]e
fx=
iG~
hTG
i_T
bTU
f)h
c\a
mJ0
b$_
el@
e^'
gB3
j*x
bVk
caq
b4A
c#+
f0Z
f^O
fm1
lJN
d?r
cqj
hmd
h^6
jZX
jQL
l8B
k6l
h)%
b8Z
agd
g?N
aE2
kXc
hA&
b0)
iNn
l{C
g%n
i3w
dMY
c6l
jI!
c^X
i2#
b7%
g`w
d|`
e<u
l2@
g7'
dX]
nsy
dDo
cnh
gN-
aU'
h@H
d|0
hYS
hY<
mG^
hBc
iFE
bu9
hQ9
d]@
lJ6
i4z
bhc
i[j
dq]
f|v
fvq
k!O
arL
mWv
l2Q
lmD
aOa
b7w
i@C
lkF
iRJ
g6o
l^e
eci
j*q
au3
hI?
nd0
l3$
g4y
j5|
aM}
j/@
f:y
ca_
duV
bH"
i+(
d:_
i`:
h_)
m]O
d%a
c:V
mk<
h?j
eh?
j^n
a?^
k7?
f6]
m5Y
m,b
nh:
c4+
jWM
nt1
g3$
lG.
euq
d,C
k%~
g*S
a'T
iw2
b4#
cV%
k/5
dhy
af:
np#
m-.
cyx
cn@
mQ'
eT^
h0>
kmJ
kD3
kR|
iwv
k`d
e0t
gL'
l25
g\q
mUy
g6|
m}1
h[:
l&M
k1V
g5s
lnj
c'_
ez,
kA*
bdN
eID
iY:
i!W
a+6
gz)
b/.
lXT
kFE
kfG
bKx
jx)
a(l
i/|
eqq
nym
b+r
nl>
khY
b7|
k:G
cER
jC9
fpE
lsA
ia(
jg[
ich
ga\
aIb
at|
e3-
h#3
l*F
d~C
koD
jqe
c~I
f6k
e_9
iNs
c&A
k)}
g:-
kej
aZB
bmt
a_n
b=N
jgD
fTZ
lu"
i3a
k+G
j&"
k`,
dcB
j7N
my:
myH
cDs
lUR
db}
g!F
e`#
l$0
lOV
hhY
dpP
e?6
ev+
hn"
a^`
gu|
fP:
goX
iey
ivF
jIb
dUJ
l<|
f:&
aUc
i'K
g0.
aNN
e>i
mcU
a^T
dtq
gus
b4[
ceQ
fZ`
ed1
aa~
bak
is&
d5H
ku4
gnj
njw
k1L
eU%
d&[
c9U
lrb
lJ)
c47
k%+
i^g
nr]
i!(
b-4
dc8
fQx
lCC
eSq
d\,
g4b
aRJ
ap4
dLX
k5u
a#|
d{.
jl/
cM_
kYP
aM^
gP-
f!E
fR(
cC{
iOK
bZn
hf%
fx\
m>@
ak&
f(<
nc]
l,%
d'z
c7S
gP\
cz$
glr
iq(
c2!
mmh
j\H
nbv
c`e
jeC
muK
c-`
k}F
eXA
eW5
luE
k=y
mW.
i/*
bE:
jH2
dU6
b9H
b{V
c*Q
f/9
fbx
k[i
hTa
l}p
i2z
gXc
jY$
ljI
ia)
iWe
bT(
fwq
c`Y
a$]
f-r
fXt
m1g
e<^
cng
l/E
d>,
m=.
cj)
dg#
fQ*
kqI
i8!
l6f
cE\
d"P
lW7
a",
es4
e+^
d3b
fpv
i?^
j-F
c)m
cJ6
b^S
mt_
b=~
j8s
e^3
loL
kZA
bC>
h}}
g\9
b`S
aCA
m!5
hB8
eH'
ew[
g%c
a4'
kLw
lkE
eAq
bU!
ig<
ebb
dhR
a':
cc#
fj\
mR9
i|}
h[2
mIy
i#4
d0a
jK!
e=C
fWq
hCi
f~N
fW|
beY
a8l
kP.
ayN
hQ+
c\p
c{K
dRm
g2*
cly
cVe
a,b
fk^
j>y
jd_
kK1
c9=
i^X
m@+
l|K
l=H
lxc
iz)
d9E
mt/
gM1
g<o
kc9
aa(
grp
h"c
j9`
j62
hq`
l?,
g/U
klo
f-y
mml
eQm
c._
k<+
dVg
k6y
m)7
kW{
c/W
i-,
l,X
m$f
hB,
d2L
j$%
hUP
hE<
j0z
no#
d7b
c'y
ew]
fCe
flA
i?$
eRm
gsO
g32
k(k
gKv
ac-
nrB
aP`
lG[
gl3
a\i
e{d
eiA
k"<
i.g
laA
mY(
icq
dDx
lq0
k^c
c7E
bso
hs"
m#l
ij#
m.5
eD#
jaB
k*%
g#-
aVC
hKX
hqu
a7p
f~)
cKg
cS/
j@2
l:D
l@M
g,u
e=M
dX_
e_e
hx"
cha
mxJ
a!p
j^*
ls=
gnG
fQ,
lL^
c=/
mO^
f(p
dn7
et'
av-
g3R
bHj
l/_
e"?
c]2
l\[
fcH
j}(
bND
aRN
lbl
b=+
g@n
kG3
k6*
lp-
l8A
h2{
m<1
k*Z
kkN
emG
amO
kc/
m1n
lh4
h21
l},
j%0
dkS
goq
eM0
i@L
m}7
eTA
cKV
j44
g>|
mj6
a<:
gIH
aWy
fg@
m~W
cXL
d.G
c#K
e2A
cs=
lbT
cIm
blS
bpm
j|t
h6R
gQ$
g}u
gS#
fIy
k@f
l:+
f:D
cLp
dAF
d67
mUK
ha#
d!:
m\&
a#Y
dH\
a[s
j-3
km\
m$W
m\U
f)W
b/[
im+
f3%
m^.
e"R
cig
c0c
g3C
mA]
m~(
lSd
kZ.
gm^
c=3
jHE
k03
f]t
eT@
gj3
hs\
lZ"
ix4
eWA
b]Y
g$k
d0c
ecg
lJ8
m~m
k+n
f4t
l=t
lO=
mH3
eGZ
cr[
hm-
chq
hY{
a]=
jF&
bpq
nqV
i%=
a=?
kB#
j[r
dHZ
loJ
c'/
hqR
kkD
iX&
k*c
f>m
cf6
bpc
nn0
h+]
m]D
gZi
hdH
m"\
lZ8
dtN
d.H
itI
e95
mPU
bRq
b\_
j*b
k`y
mD?
jc)
i.3
a0Z
h_j
i|1
aJ4
g<1
iac
d%W
f#[
mot
j"=
jd,
gY9
arI
m_z
iz8
aGn
cey
lkn
nkn
eX`
h""
c3>
nl]
k$`
ao=
eG=
ba`
k:Y
hAk
f"M
mE_
a3$
k+9
a1m
gsv
j$I
hs+
h#N
jO_
g_i
mv0
a\^
kbF
gYU
nw0
d3E
gjH
hB4
fW'
fqk
f2@
bUj
b*q
b|b
j}K
fGA
jl|
jCE
e'a
c!d
gF>
lW*
mRY
gxV
c!!
h:&
i0u
iFS
geg
ctW
a[r
k^]
ex$
m6X
m&_
a-C
i4+
ftM
g,+
hCs
c:i
dF3
i#e
jU`
lk$
b20
f7y
hyu
e`&
m~v
io`
hrR
aLF
e``
av#
mU4
gi[
f+?
gmw
b?.
b'9
aK~
fvS
bi6
ed[
gaG
ml2
g1o
l~:
joo
h$3
dak
etC
nA&
aE|
gdw
i5S
iPL
ihk
cx%
c|Z
fcM
ky|
cKb
nsf
m$4
hsy
fH'
b?5
lM7
c%}
d\Q
krT
g`T
mdI
c_F
dJ!
f9J
au$
kYa
bxN
g,(
e6/
m3P
kRK
jnX
mjp
k0U
gD^
fZ@
a!f
e<a
gB*
br~
al9
d]F
bq3
j:I
cgL
a$q
f%W
c@S
m1z
l5H
juE
a,`
fzu
l@v
k$I
lW,
k6q
kT%
dVH
c0~
mr#
le^
ce3
j43
loR
iPd
m%&
jU=
kM@
jGM
f?}
iL~
bY8
ebA
b)x
cu[
b&D
fi-
f>O
kr6
jE3
b4H
g%`
adj
axd
lbb
k2r
l2*
isp
hc/
in_
c~J
ecq
iJv
gyy
dPE
jE<
h,]
km>
cB9
i?[
a+e
bi"
c9f
m0[
ayx
lpq
cwt
eOM
jY"
mk9
fcF
fR[
hS4
eKH
cy.
f6F
c>s
c,3
k38
k:O
nvI
gAb
jT?
jN9
iW3
e}O
f[W
lsG
atO
f::
b#X
dJU
b6h
k7!
e"5
ffW
m:_
iP3
ae]
eZQ
fYG
kW_
kLu
bu"
ksU
a~>
d!4
hwe
e}F
cJv
m_W
glj
hTX
f=_
b&1
ndt
b5i
e1E
b(<
dQB
ix%
kk}
l3)
chQ
j7(
j\[
fa3
eYf
dP/
k"+
j?-
gVV
j_q
g]_
fap
m*T
iqg
ak,
g27
hf_
k,c
jm\
dGm
loc
jzm
mBc
djT
e2)
gwi
h[J
h/r
fcw
lq-
gHT
jlL
jCW
dfg
e#j
k_<
lm'
bB#
khe
fpJ
d?1
fY|
fzs
i~:
d]`
hgn
g_$
ftd
ii2
aC'
j4J
hNp
b(p
kOG
cE7
d"^
iN{
bW7
kG,
f\8
ff0
a9W
m0&
a#n
jgI
fGT
m!J
lhL
a@*
lT4
c-|
j>)
e6J
kSx
e+w
gTS
g%<
ab3
l.L
hV1
mvP
mF{
h86
cu.
mIT
h?)
nvN
kR=
d{K
e)B
nqM
fs7
f@c
k~{
l!_
fI&
jw>
aaH
f2'
e.)
iz#
h,D
cT}
k}D
lr(
nBw
jPr
iPg
bLt
f2o
m+q
icC
agB
dZY
cv'
b_^
jsE
b5?
hIT
d1Q
dIA
l,\
m&>
f^i
lLv
iTf
h?h
gJ{
hRY
knt
a=B
a'_
fn\
k<N
b1R
e*V
cjZ
ka&
dSs
a]M
iMA
k0,
mT:
bWz
fXj
k}r
a"v
hm!
j#P
eG%
g7>
jfe
dBt
h=U
a_x
e.j
kIo
awG
mwz
fni
ksu
j=[
le!
cp~
bV(
f-}
be5
f*C
ni*
eRX
i6{
db0
g>+
c"E
hu0
g_4
k?l
aVW
l+=
he-
k8<
gdI
cEu
duP
d7H
a>q
iak
ibs
e'~
fvf
c27
e8q
m?-
k,D
il]
iL<
ff?
iV,
b=2
nh>
c-q
gQ!
h%{
b!w
aF^
g^d
grs
bgT
kce
d_%
du)
jU{
eg_
d%@
l2!
k+E
hVJ
gz_
bc^
ba$
iIU
hz!
eSM
mt7
ir6
dzp
dx5
a1K
eGs
e"S
fJ.
mP9
f%b
ajQ
eGw
cI6
j@J
i&~
dvE
f.i
i@0
gmv
evt
b}c
iir
iw)
kH<
dSN
ns`
f]#
giA
com
gz"
ejS
fU0
f-`
nzG
hiK
f1g
joE
m0\
jA"
nrP
m:}
m)/
a}(
hZ2
boa
dag
c{9
jXi
ilh
h)h
k2E
c[d
gs{
fw?
fI^
eeo
b&.
eNW
f$|
jJR
lmb
d<[
lm-
aZ]
i9F
lBY
hpD
f)^
m92
mhC
kN0
hi]
a{L
h|d
l6U
b5=
hpE
jK}
er~
fA[
b0-
h!"
iS5
m\Q
c(+
g-N
jON
ala
j40
e7?
f{K
i6"
kAk
eDr
iCn
em)
gE]
dqc
k'+
k?s
iF]
iza
mb,
e#Z
jy!
j$h
fa"
hH6
bDx
dJc
l2Y
bR#
b:j
c`?
l{&
g=!
b|q
mB*
i-k
eB0
dC2
c64
i\P
f.^
b`y
ey[
l#s
kAx
gDp
jgJ
k){
h%^
c$`
b(r
g#Z
hMF
hv]
h=W
jG[
miT
lZ=
a>G
dC:
gi,
mA2
cnC
i-4
k#5
lg"
fea
fV1
cQ2
je[
k0N
g]q
exY
blV
a\6
a_g
dUx
drX
m!n
aU$
k]!
eon
cSu
gJ^
gK8
cOY
gQ,
f@Z
dA#
ng4
ikx
eL{
cp-
m&]
e:o
gb7
kI&
e9N
hmA
l+7
l^@
ir"
b~`
gE$
iTR
c@a
l2l
kzl
cxl
b3V
dbd
bf/
m<2
guT
hXY
dU2
e*!
dKz
mf.
aUf
mm4
aZH
a/X
jcb
eh1
k:e
cBr
bkQ
nyi
e4T
diY
j6B
h]+
az/
b!E
dPN
e^)
gJs
cFa
eGA
mGm
e/{
h5K
mC^
cYr
l+.
lXe
g`1
hIV
j>D
gmz
j3M
g5=
e-K
e@^
aR#
eeR
a5^
ku@
d4N
b3P
aA+
e/|
hK<
dB(
mFF
kdo
h6<
lYl
il7
d9+
krz
jrz
i%!
ik*
a<x
f+0
l*L
aN(
b4I
e+'
iiU
l-:
c-t
a"e
ad\
b+2
g}=
aZZ
lJp
f]S
j,q
g&C
aHv
d9K
b?E
mtI
c@N
j#q
me[
d:N
ml<
d7j
g+=
lJm
bFc
fbZ
jIp
cJ$
j#,
cU1
j7.
d6v
aEd
foG
c}O
kx_
a59
lQK
mn5
jxW
eOi
a3K
gdE
d,'
eG"
e\U
dvd
hqf
cA&
a^A
mk+
m#r
ngS
j{e
iX'
ceT
j)3
i,A
iPG
luU
bo!
mwg
m%,
dv"
fpc
f5_
e""
cYR
hs1
cWr
e6c
bw!
cyN
bmR
k0y
c"g
jPW
iaE
hcv
h?=
d+1
m,s
j)T
b#d
k{1
eVH
gBI
fxB
f6N
m,}
hVD
bEC
e1Z
fWt
jEY
a}*
fCE
k#R
hwJ
l*5
jf\
huY
gY<
g:3
kg$
gVr
d*2
eG5
be+
aO)
m7F
lo{
hDI
eh_
b4O
f3E
c%0
cXX
nys
hX6
l9r
j!'
hQ!
cP}
iOS
mHz
hsl
iP1
lQC
d)x
e0d
dB#
h.5
gRn
gP'
fBZ
cSR
fOO
ibq
e@R
gE@
ckS
nzf
gq/
emh
aF<
emq
hWW
j(M
c+g
fA.
k6_
iC[
k:J
k)^
gY,
nBA
cm+
nwH
lk<
j,O
m`9
lD_
lL\
f_1
h>U
eaG
lN0
e1#
fkY
e6z
jn+
dK9
bRR
eIk
i2)
h!y
fL7
ioe
g_+
atJ
f%v
l#<
gVv
jwU
dVa
bo+
izL
k:3
mg.
a-,
lX}
h.7
c"S
hU^
l8J
cx'
j#S
fC,
j^[
mo0
l^j
hj_
d:,
d9,
mv1
f34
i{J
bk#
ha/
cV|
k{\
dRT
ac[
ey$
c>D
bV3
f]G
ns"
hy,
e_z
h)'
h!0
km3
hw.
aEN
b`t
fOV
k+x
hs]
h*P
lHJ
aA4
aF"
eu}
m@N
fBM
k&R
fVs
jyf
ghU
cRC
jvD
lBb
g9s
fwS
eTO
gae
j[]
arn
jP|
eja
b{G
c5n
l'+
ef>
ePH
ms!
gdP
i[d
f~M
a$-
m^I
d2I
dHf
k3G
gmj
jHT
ao\
b~*
h.(
la'
fZp
eb:
b3v
hwo
e91
lmc
ngm
e@T
f]L
h]M
hRy
c>)
hpp
jV~
hy=
mng
b${
b,Z
c#$
e}P
c'c
adO
i`L
dsT
fRm
ki-
bdI
a[O
hSu
bLQ
c2>
jN>
bZB
kCD
e<l
hD6
mY=
i!k
iHh
elX
mB.
g(\
f{'
l}F
luS
j"x
dF[
nr0
c|l
hq]
k2U
jX-
hGe
c|"
d/S
d1?
je~
ju-
cCe
hBb
dRb
jf-
mVk
b~L
dZ.
lVd
eAR
e2C
l|*
gzi
eG/
l4K
jk?
h},
e{W
fw)
iBv
gb9
fdn
gJt
f}M
eiF
ft~
ntw
kSO
fXZ
ee~
hb^
k1B
fiz
m-O
mdA
md^
icH
b^l
atI
d30
jcV
mDk
k(2
kED
krj
mSP
iuK
eV[
a2E
na8
fIo
b^M
hbC
m!8
a?v
gHn
dw4
eFS
gJC
f8u
lZ'
aVt
cHA
e{0
f&b
arq
fFd
c49
l+<
cor
eK`
i8E
i6l
jO-
hY\
bd2
cPv
j/L
a??
as/
b$V
i:F
erN
g[w
jq?
klj
dN7
elz
l?c
cLl
fmK
ii4
nn'
c)U
dNX
kLb
i7}
m6'
d_4
fQ@
cX=
d5u
e]7
b]J
lVY
lRx
j3{
j|%
a{J
eI!
j%4
h\L
gAl
h}E
h.i
arM
i7^
hae
ifp
i&r
fn/
cxt
j6<
c,H
fJ"
i/~
cza
jez
mE`
eKY
cg?
bf3
fkr
d`v
d%`
gM#
b>J
d0,
lFy
j9A
jhw
ig-
dCC
llE
gqZ
a-h
hSU
f#K
j86
j$=
jD(
ddd
dp!
fhv
jt,
dv`
b!k
c}z
c{,
jA)
deh
gKc
i='
kz?
e2=
mbY
h/!
lii
j!.
kfb
g]h
bGU
jPp
iQz
bKC
hj:
lnn
cBd
a:*
fHO
i_2
fY`
kE!
mul
mT$
fZ]
eI^
mVS
l=/
l3A
i4_
cl&
lxw
i1:
dWC
hoc
cx-
jwN
kaO
fn#
hTd
fo\
iFw
k<k
jko
ePh
eC|
dH~
k)+
bA(
i."
hGC
m_X
b~q
k/f
k4l
c%[
gr:
ki3
i(6
l7N
ha+
eXG
j_\
h!7
jP1
m72
lgV
b)W
a~<
gYY
ef@
lkb
dKk
b6]
d*w
bNB
h`n
mQ}
fP_
cXr
mv&
jWq
fQ5
hkS
ir-
g|U
cK\
exX
de~
e=<
h<Z
bJS
dx_
i!!
kv`
d*~
kQu
i%Y
iJ}
lkx
gP.
h7j
c`W
c:N
f!R
mG.
h/p
d>:
mRc
hW!
dBK
aH~
k2"
mU(
bd(
gI`
d]j
bHD
hL:
l'|
cwe
h]s
m*J
b\A
euZ
gdC
c||
iRd
eil
m+x
fWg
lAS
e1'
l9F
by0
fgR
dMt
a{2
c0S
iy#
e:z
eF.
eW4
dnt
b0(
k#K
fx<
jB^
d6Y
kfI
gFz
g'}
erg
m_Y
jM0
hUm
f>@
lFI
nh#
mG\
lAo
lK%
kqX
l,f
dn-
cJo
hK7
c#R
cBC
luf
k%g
fH#
c5|
e>#
h9F
bcE
lSf
h<h
hD>
jmk
gs^
g{d
b:#
dQa
lSs
iQM
a3+
i-O
bz,
fp!
hm^
cC8
e"\
m[V
lQ.
h]0
hvu
gba
ecB
mi,
kzN
dh3
a|7
l9]
ewR
g5{
gqy
bEi
gLh
ePR
nuw
ctR
e05
dU)
eD9
f3N
euI
i%7
aH[
bqi
m">
a|X
