c
M
K
O
J
Y
1
s
I
n
A
E
C
F
X
2
xT
u
o
8
6
hw
V
w
0
T4
Z
_
r
3
M3
JQ
R
fT
d8
aw
vS
4
gw
uX
l
A4
W
38
9
GS
ou
56
S
lJ
yC
B
U1
G
U_
l8
j5
u6
U9
ER
lN
y9
dw
L
q2
v_
mP
o_
O8
dS
i
v
GR
q0
EL
n2
jO
B6
qG
Y6
zJ
pW
dF
p
48
OT
eY
A9
R9
JU
p1
eQ
qC
y
I_
S2
uM
V8
MS
lH
IQ
eR
r1
s9
cM
eq
QS
oO
gF
MV
hz
kM
gM
CS
ES
gH
cn
I5
V0
p5
sE
e3
IL
kN
W8
H_
XY
sW
aU
WX
n8
NW
oB
nF
14
SY
bD
I9
BH
TY
oG
CY
PZ
vR
jk
jI
fL
pZ
aX
RU
19
HJ
FZ
zR
hI
xC
DY
mo
dy
DW
KY
i4
U5
LT
iz
DU
L0
wM
eZ
jZ
fl
vE
MZ
HY
cF
hU
u3
fm
G0
bW
rU
B2
hm
xy
RZ
sY
g8
df
p2
n3
sM
aQ
GW
N9
B0
xz
cE
oR
23
T3
b3
eC
kY
TW
jY
mZ
wE
fA
kX
gi
DR
sK
PX
t9
yH
fY
g0
K1
pw
KZ
qW
59
47
il
vz
V9
gN
q3
r7
yD
qP
J9
qw
kS
K_
mI
U3
BG
uY
gY
r8
nI
bM
lW
cq
VW
t0
N4
xN
bK
oJ
M2
r5
RV
su
sS
x3
P0
ho
A3
C6
O_
cu
msG
X7
rO1
cL
dk
tx
k8
fq
AM
j1
zS
uy
K2
AB
jJV
ag
IS
M6
oA
ap
fl_
eux
UV
kl
vQ
ew
bA
km
cv9
BU
gu
dS0
V1
co
mE
r2
stP
QX
LOT
jI2
wW
j_
mv
fF
L8
qCV
f58
bgD
FGR
zV
p0
B7
bgk
buA
y5
ADY
79
iH
kq
F6
fCO
FL2
qz
cp
jMN
t5
EY4
wO
dC
d0
dl
j2
AGJ
ru
mD
lPU
eiz
hl_
bR1
nM7
mMN
xzR
zEY
cfQ
xzY
uI5
yV
AZ0
fjm
hL9
bG9
bf8
jD6
dV
GT5
KO
i90
H5_
qF
lrx
as0
fMZ
x5
v4
dDI
UZ
rQ
fY7
cCU
pAP
I9_
ps8
hno
OVY
I3
PV
y25
nxy
dLM
OU
ixY
av
BU5
ij7
czE
nZ9
bnq
lpy
JZ8
ejV
yAW
hIM
AOP
fBX
OPT
hF8
nwM
kzU
qs8
yJW
lnQ
gBP
pA6
nU5
cQ7
clD
N36
bLR
lP6
mJQ
J_
bSV
vM8
fF_
nzO
gMZ
d78
hqy
wy
c3
nt7
bGO
fQ4
fK_
nD0
fwV
qsE
KN9
KN4
JQ9
vJ_
IW9
x_
oOW
cqB
q7_
iv6
opU
vxD
gzO
KO2
jnD
kwK
by9
pJU
pS8
hl2
iJV
aR6
x39
M37
dM3
gju
ep4
uAR
nM9
B24
uP8
iwK
mot
C3_
dQ
cm7
yAO
auF
sK7
tDE
eiv
LOZ
bEG
pzV
SV9
KM5
dY3
qO3
rwS
IQ3
rKV
ciV
W40
gk6
juF
vV3
zP9
stO
F56
DQ7
lyK
FN0
ntI
dz4
ex0
bJT
nvK
agJ
mtx
b47
zAN
wAU
jrM
hju
pzM
fJ0
kN8
gFL
ryI
evz
muX
lox
jN1
ikJ
opv
hn3
dk8
aq2
emZ
hi4
y46
fA_
lO8
ftG
DGP
p28
l25
mT4
EN2
fyD
rCJ
pt4
crM
osz
htL
uHS
nM_
hW
os8
imv
ov0
UZ8
boP
dvW
mQ7
D46
eBR
brD
EL8
gpw
blI
EUX
fgT
fnJ
ils
uC_
yI2
tIY
hls
GS_
GQ0
eK6
hlB
AOT
kz1
mKY
beq
dnO
G3_
iOQ
pxI
bZ7
mKM
LX2
KR_
eAD
lO0
hoF
cpz
mps
GJZ
aOR
zOZ
lA3
zX4
xO1
crX
jLW
diB
dAU
HVX
sL2
btE
B79
O12
aP7
g60
YZ9
xKU
nL0
buC
jn3
pw1
fCM
cpQ
aKU
nGO
RSX
vDL
itO
kqX
LZ5
ab9
ceY
iCM
AMY
RZ8
zY8
dV_
iKR
K3_
fAZ
bF1
grP
enE
pwY
irs
DY0
BKT
GW6
iy0
rvV
pxX
zNP
atN
AO_
CT8
qt6
rI6
jH3
lL6
cW4
opA
dH1
T27
sJQ
cIY
iNV
LP2
fD4
asW
kzA
uCI
boI
ckI
cgz
i68
gzU
gzP
rz8
fvC
jsO
jsW
T49
er7
uLQ
hI_
ER9
jBT
wLR
rF0
glW
uBL
tOR
xP7
DFX
xyO
f18
qzU
iJQ
GOR
tzV
eoK
yHR
dNY
s8_
iuC
mDS
HK7
hv3
lY8
xK7
AR7
gkZ
UZ7
rxS
lHJ
yCY
u67
CU_
beQ
GHX
iU_
aC7
IN5
xD1
gh5
jU_
abo
hrR
bwS
jAT
NY2
eUZ
eq4
rDO
hjs
lp1
eB2
jC7
a29
kqB
rBL
qwC
tIX
nR7
A1_
ds9
HIY
JT4
otC
imZ
iku
alT
qtW
mEY
bhV
htz
mtV
IRV
knr
cM9
JO5
b34
mZ_
rtK
J2_
bu_
iy6
acW
fvA
oM3
cdZ
fx3
fuY
vz8
AKX
A60
qOQ
kI4
dr8
loC
xQ5
aNW
iT1
hS9
frR
juY
bny
rT5
bNR
qsP
fqN
cmG
lEL
gk0
HJK
xAM
hxL
jG9
eg6
hiZ
LS7
nT7
hxA
bL3
sJ6
pT8
yN9
cO9
aiT
zKT
bzQ
qC4
BGS
EHZ
bly
yOT
mq7
swH
cfK
gR5
hC3
eI0
ovJ
hlp
suT
lrt
mo_
bU3
kQ0
SW8
qJ2
bm4
lEF
jEI
mv8
qrR
F90
gq8
rI5
CY5
jnF
pAI
wT_
gEL
gJM
ev5
nx1
249
asu
AF9
nG2
rDI
sMT
iC0
fQV
vMS
kn9
boZ
grD
jwI
tDX
sRZ
nG7
gFJ
aE4
KW6
GQU
g40
mx_
ay2
CG1
OS1
DN6
tuw
ku_
dL_
u7_
bzM
qzQ
nN7
fiR
bT7
qGQ
IR1
lEN
A14
EF1
NT4
cP7
PYZ
ijU
JL6
kQT
W89
jyQ
dfH
zL8
rJV
sxH
hPS
dS1
IOW
nsK
zW1
uDO
nPZ
bPW
jRX
qCI
hvC
iD7
PV0
vG_
oB_
ci6
inB
uST
GZ1
Z50
vAU
iyF
pst
MOY
jDI
eJ0
dxO
oEI
rHM
qCM
f80
uwS
fH_
iB2
GJP
efY
qGP
env
nF3
fhK
hn8
bgA
jG1
ep0
tPZ
kCN
qE0
wzI
BDL
bm5
hZ9
dGM
rtP
HSX
aMS
vwS
aB3
rV5
dwP
pE8
uW8
coz
zOT
st_
evF
eG0
bLW
cfM
DF2
vwR
imW
be2
ehR
gpE
kLU
CX0
hJ6
ew6
hrx
fjl
ouD
FGY
iJ6
RX3
ATZ
tIM
oX9
uF3
F29
iF5
OUX
fjq
tV0
yX0
tP9
HV8
fwN
mz2
mnM
rt1
wGY
sC4
sxC
yL0
iu0
HW3
nzK
bHU
bvX
uA3
fuI
wxW
aj2
rL1
L4_
FJ8
qW2
rBF
ps3
fvy
fW5
esJ
GPZ
uRX
ckw
W12
LW6
bQ5
tJO
hoC
U13
cdo
lU7
g5_
I3_
cuJ
GNX
E59
dBO
yFY
kD1
jpu
mqK
vIN
cJU
ltZ
for
yR5
RXY
ty4
rHV
rtZ
lyG
kBH
qt2
eFZ
bhL
bu8
V38
bKO
Y24
fsu
sGL
jAU
cQ9
fE6
hjR
ALT
BTX
lX_
klz
aBY
hVX
cl0
lr6
CI7
aW8
tuV
kU3
ewF
V27
dl7
o30
uv2
AU9
ajW
Q13
DM0
GL6
wBZ
tKO
jpU
bDE
OZ9
iHN
mN2
esy
yC8
ltF
emu
zIX
x8_
amM
ijp
fiK
rEP
fZ9
hsv
dP0
eOV
ilF
ho2
q13
LPX
bi_
fw5
fhm
dzJ
fPY
MUV
Q7_
QUW
jBI
iCN
ip8
br2
uHJ
bdv
bY0
uvK
JO0
ST3
p60
AY9
gDO
jqU
gqF
qTZ
C5_
dir
lQ4
fJR
cGM
nIM
CY9
svT
eR2
nzQ
hZ4
HL9
aCK
pHY
IX_
tyD
abI
V67
acB
qFJ
bO0
BK9
lsz
hQ5
dm_
kqN
AJ8
dlp
cdf
iGP
exN
QUV
stA
gXY
CGO
ry5
rTW
AX4
OQT
uLT
jAK
dAW
yMS
ILP
oN2
gkD
aT0
rGT
gB5
kGM
sN1
mAN
mq9
eqx
NZ_
hGV
hj4
zF8
tI6
pV5
tCW
BMY
wU3
esU
xOP
nzX
jEY
eIS
z80
doy
r27
A40
eW4
ikq
ajY
wB1
KS5
ftu
fi1
dmx
wCR
iqK
ao1
bk0
dzT
qD4
vL8
KMY
yK8
dmT
ipt
vQ8
kDO
uOS
gzW
az5
mM1
lEW
eZ5
ijT
hwE
mx6
iDJ
moG
wH9
HMQ
iIL
rE5
EYZ
bv3
mM9
ALZ
suY
dq5
VX6
cfU
VW3
czN
aCD
oEO
imK
rzU
aN7
coG
qMS
gtT
EXY
ouB
lvN
nI4
fzA
DZ4
e23
pP2
gIR
gpY
PSY
hLM
aOQ
ex3
wQ1
oTZ
LX6
DOP
gq1
hw0
Z28
uL2
xIZ
alu
bJ7
sxX
ftA
uMU
nqQ
agK
NT7
gu8
a17
UZ6
qvE
hzH
clw
rw9
bOR
GX7
asP
gy0
fX5
kFI
uFI
fYZ
hnA
huI
bjs
kDV
JU0
bE7
ad0
lGM
ny4
lK4
aDJ
xFT
etW
hQS
aqJ
jo_
k14
sBL
nAK
eqW
fX0
AF1
z35
bdy
ioN
xI8
cgm
pqw
fg8
hyU
gJR
gPV
qxP
rN8
erT
lqD
DV7
nEK
lV7
N68
bBJ
jq4
kV_
fB3
cnB
bgW
fwA
kwO
GTV
iwG
mrX
UW4
wY0
cMY
bpR
xH5
lnv
fmZ
qrB
giL
AQX
qxN
QT1
tx4
vG4
bU7
hp7
uU1
cx1
hGR
mFZ
nxR
xAV
mGM
egL
kKN
rAT
qy6
jkP
CNS
bkv
hmQ
i80
RW_
NY3
kp2
msz
hmE
fxB
BJ_
A28
iX2
eLQ
QX0
fx8
ehW
dpK
AFW
tzX
kuz
myO
yzB
KY7
uy7
xBC
dmS
PQZ
fmp
bij
ko6
hmW
svB
u16
T89
U16
aru
fh2
qJQ
tIW
pEZ
hQR
eAS
bTV
kpv
qwX
swT
iAS
fEZ
gzC
jpI
gpD
lT0
rv5
mx3
aKL
iLZ
ky1
CF2
oW2
fqB
bcH
pwG
dC0
bKW
TX1
FH1
aD1
deW
M40
mwI
X49
jyA
jow
hrF
swB
tKL
pO0
dp6
tvB
ny_
dW5
iC9
iKX
U10
ozH
xEO
zRU
vD9
cvK
iOU
dG5
Y23
u0_
oxV
lsy
ntP
FZ0
dmp
qrs
jOT
HO0
vE_
ru9
bD5
ewz
yPU
DPU
koV
imq
kE4
fgK
mTZ
nsW
kzO
JM_
kvF
luJ
irS
mv9
ix6
KRS
mZ5
jz9
xM6
biU
bkr
sGZ
dBY
vD_
pvD
vNO
bqU
zDM
x15
ER6
fFX
AL8
xAC
pvO
wNP
bzO
x27
jS9
hRU
mx7
jms
h47
hHW
tDG
hX7
bgY
mtu
hoL
BE1
eO5
mxO
gPQ
uwZ
gZ0
bjV
eHN
xY4
kIM
wx4
IZ9
jFP
yM3
ewB
iv7
n69
NRW
yGP
U56
qyQ
M10
hx5
fyA
kmG
dDQ
iS6
coH
DJN
doA
GIT
uJ7
ruA
CIX
kBY
qCK
ipY
bEY
oI5
dzF
jGH
C18
mX0
cAU
E34
gjN
zA2
oO6
pvV
rI0
hnH
y70
DJO
FLV
koy
zC1
uDG
dB4
IOX
zXY
btL
DE9
hqO
rU2
GKO
zD5
pyU
mzS
bzI
alz
ERW
EY5
pAT
H2_
rE6
dV4
lQY
CIK
F57
nV5
fiS
CL5
cPW
oY6
yV8
FJ5
oxG
eZ2
cuX
CMR
fvG
uF1
eAQ
bgm
FMS
gmq
iRS
fBV
o24
rzI
sIO
ls4
iH2
huy
ioX
iL8
jq3
nCY
cA0
euH
y49
bKN
JUV
bst
HT_
vVX
QUY
cdx
aoG
mqR
doW
uv0
jCZ
mR4
pO3
GJ4
hmC
egW
lUV
qvM
LU7
u27
I68
nFT
fER
kEH
pq_
g78
cA_
cOW
oGZ
yHU
lrJ
bq3
fgl
gM1
dvJ
ETV
vLV
epr
nS5
oBY
sBP
avB
uPU
sB0
vK6
rY2
vJT
AK3
ioS
IQX
zE9
kN2
emt
CZ0
luI
pV0
dgJ
rBQ
rR8
C50
af8
oAV
de9
lsV
aj3
yHP
brI
vBV
FN7
sBK
dC1
FH3
GV4
jux
CKM
iH_
ES9
JW4
eE8
IX3
yS4
pyF
mCI
alP
bkn
myX
tvx
arV
ps0
mS8
bq_
uyX
hM0
doK
nDM
jnu
aB4
gnx
gkL
oF3
BEH
orP
HN2
dk4
eV8
lrX
kB3
din
MT2
bo4
wyA
fU1
AU6
wNW
hLP
d23
DL9
460
EM7
ceN
wQ_
wH5
wAF
ayA
ot2
rDY
jK8
jZ1
lnw
irt
qNW
oQX
eH3
IN_
CEQ
AZ6
qH6
i48
R79
oN5
hX2
zY_
EN5
u17
tN9
gk3
r68
yTX
rHX
mOU
lpS
oAP
jL2
QS_
kBW
oGY
xF9
bUZ
pY0
mIT
emA
ep8
glA
bv0
IK9
ij5
dlK
dpQ
HI8
mn6
deX
eB4
qQ7
sQ1
ajV
LOW
txF
eDH
wV_
aV6
oKM
ANW
kHR
gHU
pR_
lH4
uZ3
lHM
kNZ
kGV
gm4
q48
gin
jmp
tBJ
cY9
KY2
mnD
kIX
GR7
cM3
m17
CK2
LM_
jHT
yG2
iOT
gK7
huF
kDR
uS7
ay5
eiD
xWX
BEU
a49
BCI
jK6
vxH
iB_
GNR
F9_
bkS
gzB
duZ
adS
BH_
OS2
eyY
tM6
evx
tS6
lxE
bqx
anL
hpP
inz
cu9
glX
lrU
dv4
AOX
asG
hs2
jC8
gT0
QY8
xV1
ah8
HJV
oZ2
mpK
lwW
hT1
cv6
vJL
fO6
r80
oF9
GLR
aiV
sxG
nQ1
br7
ixN
eY4
a6_
eL0
fEK
mt7
xFV
zWZ
eyB
qKN
flS
al7
ctH
ixU
jyO
cd9
ER2
iT3
m37
glT
BDG
sMO
ck0
czL
rH2
S7_
mnI
qxE
UZ4
tZ1
qyO
JKY
eF9
mBC
dPW
hLQ
sO4
rtM
TUW
IT9
CFN
PZ0
iGH
LQV
CRS
qY0
kpt
jUX
oZ1
tAE
aBO
ht2
iDP
vD3
AZ8
cM7
xLX
cmE
uGV
HR8
cwX
hrV
oOT
vP4
EN0
qMW
vz6
JOZ
agP
k25
rLX
CDO
oG1
aAT
hGL
aGQ
Z10
iE3
fu8
ALQ
d4_
aVY
kVW
ahU
ly9
bJ9
irU
l35
lS6
efh
ft6
HSU
EHI
eix
ahL
GZ9
muF
fj5
qPW
DIM
fJX
zCK
pDF
MP_
osZ
cgD
mR9
D19
enX
OP4
gj6
bH2
cnE
grQ
syI
AF6
CLO
OP0
PSU
CQ0
aNX
cFX
iB7
IJ0
GO9
fnr
EGW
gG0
aE_
elx
krQ
xYZ
vBT
rGV
gEP
zT1
ivK
nr2
ijk
abd
OU8
mXY
mCT
mHS
suU
xM7
bwA
koM
fxD
tyA
uv3
uvL
jT2
IR6
cTU
xN4
dEI
qJ6
hv5
hjp
lvO
fFH
Z5_
iF4
jJQ
sv7
wAM
dhG
pP5
sWX
sH_
aPV
kJS
yEW
gAS
IOS
qQ9
AMT
uw2
j18
tuX
AD4
fO8
nH_
jln
bR6
tP7
kF_
OR1
gsW
FU8
DGS
npw
vPS
HP3
MZ8
ekA
cpZ
t24
mIR
hk4
ruV
zLV
MS3
eoQ
W5_
hu4
qzF
R20
tU6
nWX
sH0
JZ7
a80
eV5
nJ9
cuy
TV2
vwx
sDW
sG7
biF
xz3
o1_
sMR
OQV
EUZ
nIY
uvR
K69
knE
bM3
jpX
CJM
A49
cgq
nL3
o57
pvC
rEL
tyZ
mRV
wz7
ce_
qxG
tU1
lqv
mIQ
sDL
r6_
PQX
iw3
jsv
iA9
dqX
mnZ
eC5
jq6
zSW
EMQ
sE4
cmO
kDQ
cjQ
rFW
vUW
kqO
cG_
hxJ
grv
DSY
mAG
PV3
fk8
r58
zCY
CJ5
hvQ
yQ2
AX1
rEQ
ksR
aP3
lux
txE
hLY
lpM
u37
JOX
cpE
cqN
bP0
ipM
xBD
BS1
suB
swE
gJ_
iIW
eBD
cKR
mJL
yDM
MP0
sTY
qU9
fvL
wF9
kDE
t4_
np8
aFI
M7_
DKL
pN_
cz3
apU
orT
fT7
dtS
hQ4
stI
awI
XY4
oU8
e34
kZ7
vxQ
cHX
c37
uRZ
cV_
hsN
mG0
jU7
nvO
eEM
dN3
bq8
qIQ
GU8
zCG
U47
lp_
d14
MNV
c12
AD3
zN5
sGH
jtL
bDZ
en9
HW4
puK
780
R0_
FX1
D28
eis
gn1
yL4
FR4
clK
dnS
uFM
x40
iQ7
jl9
zJT
jnU
bAS
arx
xy7
JR8
ah4
itP
rNW
hwV
JNS
wW_
npY
aFH
oMN
HI3
xRV
kPQ
qAJ
kP2
g90
mGQ
kA3
cmF
dh2
qFZ
bMO
R67
g4_
nP1
wLT
eFY
awP
GO5
FL9
aM_
HW9
bL4
cHM
SX8
TZ5
eEF
ixy
uK7
rE9
nz3
enw
ilU
u24
kX4
rK9
BIS
cIO
au3
nG4
qU2
d67
AI5
hjn
aqR
qG6
fR5
aeK
FHP
aF0
ehH
ntv
sLY
tF_
lU4
oNS
fj1
nq6
rAQ
dR8
tY0
IOR
R12
bL6
LN2
hX9
Y70
yDR
oDY
IW5
psv
APW
kow
mtW
gJL
kCX
q30
fkD
BEK
owE
GNY
fwD
BJN
zBU
mtX
kS9
a56
dtQ
kV2
mL9
jyV
fiv
u47
NZ5
CIR
mwK
EI2
kC8
AX9
j70
CH8
vCU
pF6
lZ3
IW6
n10
biH
uwQ
rO6
mzW
jw0
xW5
ijH
ejk
svx
dg4
WZ_
aiq
qR5
bZ5
myW
t0_
ejB
ij2
fJ3
EMY
qEX
V29
KMO
ijR
bnO
cLO
b40
bcJ
s16
sQ4
BI0
cuT
kOR
BGT
R17
dux
X60
jzV
vL_
blH
IS9
FL6
yEI
oG9
d6_
sDH
pT9
erv
AMZ
iy2
LSU
hyE
v1_
rz9
adU
nA4
ef6
pNR
kwI
oqN
dnT
hk5
zQ3
rwY
cg_
V56
kxH
uxG
iqT
jn5
ae7
DY2
I28
sw6
rNU
qC1
bGS
iwy
z59
ck5
bMS
qJN
mH1
tvR
hwH
U80
al4
qwI
fqM
hEH
guH
amI
jD7
fnD
qK0
IU5
bF9
hKY
ruX
U78
jV2
DHL
gBX
zA9
no8
vzM
dAH
lvJ
jwL
uAU
lmu
pY5
mB9
ABO
fP0
BM4
w16
jls
wCQ
pJT
nxz
AE3
eGP
aN2
oFN
wFY
vCT
aLT
oW4
xIW
bCJ
nCP
U12
tJ8
sH5
lLU
xI4
wDE
wM8
M45
tQ7
DT6
GTZ
uFX
klN
L50
kl_
lK1
kl0
cx_
yNS
MTZ
qxO
ntR
tyE
sR7
gS2
DOW
fsZ
MUY
qs0
bxY
aU5
dp5
FT0
wU8
wG_
OW1
kWZ
fWX
rsV
aio
dGL
bvD
zX9
czB
oQY
gB_
LZ3
sCW
afS
kpF
vxT
vH1
ow5
pJ8
kLP
gxA
bT9
bnw
S10
rLZ
rtD
byK
vA8
ghK
KW5
ci8
HQ2
cf2
atQ
COV
M35
cn7
cdH
ktw
mQ0
kr_
orW
huC
swS
gw6
KNO
rIJ
mAO
pVW
f89
vA6
noM
bZ_
hDL
owU
rLQ
rDK
hz4
cjz
r2_
dwR
J16
vCO
hAK
BIT
BX0
gxX
bZ3
deA
glK
lKZ
JNO
bfY
yP4
HI_
mY9
kI0
nT_
NQY
tDV
KNR
ntA
uGX
nY4
foO
qR_
iE6
kpP
ew5
aU6
w34
RT0
qST
msS
kZ6
gDN
IK6
gh0
uW0
fzT
dK1
j23
zEM
GJ3
gwD
I79
lMP
vMW
mCO
jt4
oBU
gTX
ilT
nE3
eD3
oCJ
EPQ
mMV
klw
dX6
jvA
JV4
wxY
gGI
tAJ
oAJ
jkr
qKL
fqQ
nQZ
OU3
LU3
EV4
EJU
KX1
eip
vHV
aM5
dhv
ci_
muC
yDH
fmQ
jpR
wzK
hz9
sP4
hK1
luH
vCJ
eNT
ASX
kU9
iGN
BCN
kuV
BH4
sTV
rv7
ciZ
p49
jxJ
txG
DI6
bU5
iSZ
iFL
mn0
iC1
CTU
nIU
xJ1
ceO
nzA
qR7
JW8
pq2
ny8
sw8
wX2
a0_
pKN
kq7
cE3
sI7
vDV
uI3
j0_
cO3
fW0
qSX
huT
dEQ
NYZ
kqE
aeo
hR4
jkL
apL
oS6
eF8
gIW
quB
brz
mzI
eoN
ghn
chs
iyW
CE8
xT1
bG_
LOQ
hj_
xG6
lnr
aXY
hvH
dmq
jU9
awO
dN6
auC
zN7
flv
jzC
bmF
ALR
vyM
mX6
bH5
jzY
ozU
RUX
zIK
BZ8
pt9
xR8
CGS
wJ1
isP
i56
NR1
zBC
IRX
TUY
EZ9
B89
vw2
xT0
kl8
kvH
fgR
qIN
gJ0
yJ9
aIX
sU5
joL
aMX
dq0
TVX
ak4
cpN
bCN
b17
nBT
DMO
y80
i7_
kmn
itH
nGH
tA3
jEQ
hz6
ABH
DFM
nP_
LX8
yI5
xAQ
lvx
hz7
djK
wB0
fuJ
gjT
f37
hqI
auU
tX8
wS1
kxG
dwD
jW1
hIS
vL7
fvZ
D89
sIV
lDI
ms2
DFJ
mCF
pS3
mAH
BY6
ko2
nRS
wKM
oIU
xW8
amC
csZ
yM1
fuE
jz2
fV0
et5
wy4
cfs
CD7
nsN
DOS
tE2
DL5
eDR
jI4
alJ
G5_
MY8
A69
jwW
qr9
huE
QZ_
hK6
vyL
puJ
sv8
fO0
ou_
fDY
FHV
hJL
gN3
FKZ
eV2
gjw
qz7
mnC
lmw
cjY
aPZ
dgY
rA6
evG
az4
uQ0
IJP
lLX
R28
kRT
NSW
iRW
lL5
a68
AKT
htX
lU9
wR7
QYZ
vZ5
LP7
mnS
lTU
ADL
py_
lr1
jmC
msY
oNU
ovQ
gT2
wO6
fI7
dA1
kK_
vS0
axC
EGO
uSX
byz
nuA
w49
ikp
eG6
y67
Y50
sGK
FUV
ei0
asz
aq1
tv4
567
R8_
qV7
lps
aIL
eR8
hOX
QT6
n78
BPU
BGW
kpG
mGP
aBX
v9_
yK_
bc4
tGY
hFK
beS
DN4
zDS
eBU
gqS
blo
nOQ
HQU
dr1
KQT
GKQ
ciM
wX3
yGM
x3_
JM7
aq5
cGH
CIP
twD
oH7
eu8
n38
O10
zQ9
hv8
DO3
BM6
sR3
E24
yI9
zBK
BWY
nzG
HS3
akC
dPS
dis
bxO
sW3
ckK
xIQ
auA
noK
p29
p68
hkq
kL6
lqO
GUY
bVY
nD_
BP9
aeh
pE3
GRZ
pFJ
bl2
grE
bcE
Z80
wL1
K48
d49
be5
kAM
AGV
zR1
X16
gtN
GPR
LR0
oGM
sIQ
jB1
aQ6
aAB
eKO
mwF
vEK
giy
BKV
dy5
rS6
rIZ
z23
HIN
nJW
ops
vDR
fq6
mq4
oGO
qL0
fGK
hMP
jV_
nW9
gmG
iH4
dl2
ak3
xNP
cgA
gCN
knY
rDQ
zDG
deu
hL2
rCL
yN2
zFL
CL2
vBU
afH
BDQ
mBX
gwT
bT1
fBU
fkI
sxW
EFJ
D39
sPZ
m45
pWY
msJ
fs4
vz4
k89
qKS
uN8
ptG
TZ7
aC9
UY7
FPU
vV7
Z4_
csD
fmP
eRZ
mv5
duL
bsF
ers
fiJ
lB4
gW_
HSW
jT0
zJ2
lrN
i2_
DEO
AW2
oH5
dqJ
oIR
IV3
aes
ADH
bjG
eH4
lGH
acd
lwE
KQ_
DEZ
B68
dtX
x1_
N37
av7
pK7
aU9
pEO
lDR
APR
fOV
LNY
cAV
pC9
abV
qI_
BX3
BM1
xNY
brt
eA5
frC
sS6
noq
pA1
bew
wJ7
lzP
nF5
klF
rwB
HRY
UY_
ou7
grW
efO
BY1
R70
WZ8
AG4
lFH
fEL
aq0
mAL
e79
yKX
PZ9
AO9
xEU
GN4
dB8
jrR
IV4
mzL
kH6
LU5
lp0
msF
bO2
rY7
U79
hoW
xGU
dT1
wyY
dP5
kHM
gMY
psU
OR9
irA
lmV
b0_
asv
iDN
zT6
zE3
zF0
gF0
AEO
pRT
fij
WX5
CST
K57
aiz
cjT
oxL
isA
FNT
jZ_
quW
dPQ
fK1
aOY
wGN
Y47
qyL
bA0
qB2
x90
fn5
fs5
lK0
jV7
CSZ
rsR
oR4
kvU
j78
ehI
dM8
nH3
GUW
iF0
fI_
aD8
uQW
fg4
pzU
bls
GJQ
DG1
itG
tN_
kCV
HS4
ltM
dx6
l34
tLY
jHK
avG
eu_
pxZ
jZ9
asB
wDQ
dBF
ezC
jEO
DI2
iR5
AH7
FH5
lJV
qEP
mLZ
loL
CW8
eJT
lo0
hY5
klJ
kLR
yP3
bqV
jv3
yJL
kr5
S5_
RVW
sH8
EHV
xIM
hJ1
xyM
uVY
AG3
iQS
cyF
ct4
bnQ
dhA
EJO
HZ4
TU3
sv2
cuF
mqL
dfK
aeS
bjU
ek5
qEH
yPZ
mwx
ajz
GZ2
sC9
lC4
hkC
fvH
buY
lwC
lt_
cDH
HM_
bsV
zP3
GMO
uGY
iEI
iy8
PTU
jy5
F70
AJ9
JK9
DGR
qsu
fhP
czS
diF
otN
eMN
aw_
KUW
ptB
dgC
bJ5
zNX
uY9
sGP
z13
EZ7
p7_
asL
fj2
gTV
qtN
iAG
lCG
ow6
gR6
pN1
oAL
wxJ
pPX
pJ4
apy
jmM
yH4
pQS
bk_
nT6
ktC
pH0
FK2
bLU
LNT
uU6
mx0
hk9
g14
aW6
eqy
qs_
yM7
nyI
xFK
BE3
fqP
pY9
eNW
sQ2
fF9
pVX
adu
ex7
dr3
in7
npV
noA
BZ6
UV3
B10
lW8
ei8
fkW
KLM
egR
mty
htR
czG
ewH
VZ8
sY1
hR_
nC1
CS4
anP
diK
dq_
ANS
IOY
oKN
iI8
glH
aMT
R6_
tLN
b67
wyP
BU4
iMS
nw1
swX
LWY
jnt
VX1
klO
cfk
a12
LP4
lV0
dE5
FUW
vP7
hL4
zJ9
or5
txT
hmo
fTU
PT7
zF_
ceZ
W18
rFV
ILN
FO1
aoJ
pry
yOY
vJ5
qCT
del
aFP
ABK
jt8
oEL
lY_
JV7
QTV
wyN
wJW
pPR
zOR
mMO
EJK
wB2
fx4
otZ
klT
b7_
EGZ
oy5
ef7
brN
RS9
dln
hyP
hB1
sN0
cxS
OZ3
eAE
lpz
yAL
bev
LOS
mTV
x20
SY2
pFT
eCI
ryP
AC1
RW6
suz
hH5
mLY
DVZ
aoA
BD1
eyQ
lrM
X19
PQR
zM1
nqE
tJ5
C7_
cgt
zBW
IV6
exI
iFV
KZ3
sy7
JO4
467
xR0
nA1
aeE
gy6
BQY
opu
nN_
ru7
itz
eJK
s90
GJ9
dmU
vQS
IR8
foG
crK
no0
hpw
sS9
kX9
erw
nMX
zNO
mn3
pCI
wO5
oKR
af6
f7_
RY4
ox6
dkM
czH
n45
GMN
i35
lA7
eP6
hP9
nAU
A46
kP0
oM1
uKY
nr6
wBV
kMU
oEX
mU0
cGT
DE6
kq0
rvA
u34
cCL
ek_
IJR
wCU
pD8
sUV
gJ8
JNR
ixM
jQW
lI5
dhi
yL_
Z24
yF7
fV5
wGP
rvY
oy4
i0_
bRZ
xY7
eOX
CDQ
kNR
bpx
O30
BN5
jvx
buR
q56
agv
JOR
eiZ
hiz
tyN
av3
cEI
yQ9
mDF
oAK
inM
IK5
xDE
zD2
dkK
BNW
cN0
fsH
eKY
z89
12_
AHL
gG2
EX8
pG3
lnU
frM
aor
gtM
iuS
vRX
cES
cCM
lX3
kY4
mF8
zU4
tNO
bE6
iUX
lFM
z70
mrC
ayL
pFQ
gMO
IY5
qEO
AR_
KMQ
pu2
qx2
mv3
uN6
xBJ
mDH
isC
mE8
rZ5
br_
iB0
pK3
EPU
pV3
nqD
bgu
LMV
GL_
ANU
jPQ
joO
tP8
378
NP6
OV1
inG
AOV
yE3
k23
FOR
TY1
hkm
fY8
ev4
lAZ
kyU
mE4
jD8
afo
r67
huK
bsH
bfh
iqN
jpr
jyR
hA5
rt9
wB6
CGV
kMP
lL2
bU0
fko
cC_
duM
eyT
dsY
ku2
pv7
oHO
hOU
gnE
vB6
JPS
gs9
nT4
cj_
TV1
gkS
akL
acq
BG7
as9
xFN
APS
pMN
uJ5
fMQ
fkm
drK
akH
gw9
zB3
gBC
go0
bvO
dBU
xA0
goA
mLT
zEQ
eX9
jC2
PTW
akJ
ivG
afp
QRZ
aP5
rYZ
AR3
kHV
gln
tFY
lYZ
aK4
EV9
zC_
fI0
dr7
mwC
opz
pP7
prs
mXZ
HT0
r20
rOT
qRT
zPY
rN_
ptH
gT_
ES_
lC9
guF
iyz
bl1
iIO
azW
atK
nQ_
JL0
zUY
iS3
beF
pRS
n20
vA1
ISW
bhW
eHK
z48
lns
QW5
fhn
lm9
uGR
oT2
lmr
kv_
uLZ
bO_
Z47
DG8
FHK
wx8
fs8
iyH
lpO
aPQ
zS8
uMO
tuO
mxI
uF5
uAX
oJ1
aM8
ac5
DK1
MRS
wPR
JPU
nT5
ei_
IV7
vy8
pv8
S19
vwZ
dzC
np2
vKM
wQ0
aJX
y79
iow
zV7
mp_
LT7
z36
mKT
wFH
mKR
PRY
mFU
fsK
prW
SUV
iEV
tE7
qwJ
689
iRZ
wEH
rzD
pvx
bio
nSX
pr2
mpY
txO
DM4
ht9
jp5
B13
dry
hEX
vCQ
uD_
B34
cgU
jsI
quP
cPY
wBR
sT_
ksC
jr_
fAT
ruE
fhX
uNR
jF4
gN5
ipE
gmQ
qX1
LP8
G38
cL3
fuZ
v69
eI7
bXY
hOV
beG
hn1
bv7
itR
wD3
TY9
J49
ej3
elV
DMU
kCY
DGI
kpu
su0
cEU
im0
APY
pu9
uDS
zIO
aS0
wDY
j19
gyE
bd8
KY4
tvC
hsP
RX6
DNP
kT1
cs_
IX7
Q9_
d34
fU9
gV1
z56
z38
jpq
jFI
IJM
MN2
gy5
duy
CMV
cl7
jJP
nAV
ekO
anI
bBG
jS0
FHJ
uP5
crv
gY2
mw7
fwz
nGW
FS6
HU9
KVW
jQ8
det
iw9
kPV
bhl
osM
iZ1
eX7
v14
iN5
nBI
gVX
deO
ip2
xyB
hk8
ipK
y1_
euN
qY3
lA5
qyE
s1_
epF
DN8
dtG
uNU
cyU
qL5
gIV
qvL
rT7
bn0
EX3
MSW
eB9
GN5
sDN
AHY
bxD
ejH
iyB
xD9
gkV
INO
rvF
AGI
jMW
dqA
n48
qM0
AGP
hkT
rZ1
gxF
GJW
fqt
sDJ
zK_
iV2
av5
V24
RU6
iKW
fqL
MZ9
IMU
wPS
R23
exZ
hi_
oyG
sz0
bhZ
AL1
cHN
kDG
gUW
OR6
oM8
qtC
yA_
oY8
do2
U25
iyL
oz0
cxR
mw3
oA6
uz8
TV6
nIW
djI
inX
yN5
ou0
sFY
P24
eY3
gNQ
azV
LT4
bCW
gR4
elS
EX5
fw9
nG9
FR9
bp5
hpZ
l13
jkE
xDM
HU3
pE0
kZ4
gU1
iC2
uJU
QT8
IWY
pvL
mnp
kW8
fKR
mMY
lqB
az3
dMT
ABN
kWY
ivw
BIV
gwG
uO7
etF
EJZ
wKV
fiY
nCE
nMZ
rOW
bfA
xEY
aP_
eH2
iS7
alH
vEF
qAE
R47
pT7
lsw
Y19
wPT
hr8
qCL
ai5
wIL
lFY
mvU
zV0
zKL
nB_
dDG
zMO
cf5
GT1
uEG
tH1
mGL
rwR
uxK
mqA
qrS
JVZ
r30
dUW
R80
fjn
bIR
BQ_
bI1
ir_
dio
fhw
DEX
uB0
cW6
mW5
JQS
tG5
foB
hJY
PZ3
RY_
EP1
a20
JK7
sD8
nAB
DZ9
KP6
gux
adH
ghk
NUX
mU4
uMW
SW5
lIM
vKY
orF
lDU
jO0
fW1
kz7
fpx
FQ7
diJ
hU0
es4
gH4
DFS
gkP
