AIMZ
CCXM
ADTG
CZWJ
CKCB
CJNQ
BYFV
ANGV
CMBL
AMWM
AXME
AHWX
ASWO
AANJ
CWZV
CBEQ
ABNG
ACIL
AYJK
AHXP
DBSJ
CDVX
AZXS
BIVT
ABMK
AKBX
BGRS
BHNB
CCOY
CKRW
AAUC
AORO
CAET
AHXC
BJOJ
BFKY
CJCF
CHHC
DDDJ
BDAL
AOAI
CSUT
BDYB
CPKH
AWIS
AEIR
AULI
BGIM
CNWG
DIOO
CFCC
CTUO
BRQW
CFRH
AQQP
BAVZ
ANEO
CRGC
ARQK
BBAT
CQCK
BZFX
BTRD
CZYI
APMC
BPXI
CPOB
BSWI
AKTO
AKCR
DATW
APSU
ABBB
DFHB
AVFH
DKMC
CTON
CFZY
CXMP
CRDA
CSOJ
BTHO
AWLN
BGIN
CNXY
ACMR
AWVL
AVVO
DKEP
BUHP
CKWU
BJHP
CRCG
AVSL
BBCR
ACBA
BQJE
ARLJ
AZVR
AQJT
BPEA
CZCH
CUJS
CXWZ
BNOW
BSHX
AHQV
CCJT
CFZP
AEAS
AAQS
AHNE
COLS
CFNA
BQTC
ABPX
AVFP
DAJB
DHOH
AWWB
BAXH
CFJW
BAFP
BRLL
DCEX
CPFU
AGEP
CGML
AEJB
AUFZ
CVPP
AFAJ
AKQK
ASOL
CDJU
APAQ
CBGF
CBQO
BUSJ
CIBY
DENN
BUFE
CZKR
CAYE
BSMP
ATCM
BVJW
AKFY
AAHQ
BWYA
DDBW
CZMQ
AOUX
AQSQ
APVN
AYLI
BHBJ
CIFM
ALZM
AQSP
CFOS
CPTK
BBNC
CZCY
BUDZ
AFGI
DFZJ
BUPN
AJGX
CQLR
CADA
BKEA
DCWC
BXEY
CKFV
DDHM
AVTV
ACEM
ABVW
AYZY
AFRD
CKSB
BTBD
AVVA
DKFJ
BTGJ
AFVQ
CEIM
BPEE
AMBS
AOYY
BWIO
AVAF
DDNT
ABYR
BWUI
CAXW
ALFY
APLJ
CUWL
BHNO
BFJS
BXRM
BHMO
DFNS
AQSI
AGWO
DIZJ
CQIK
DKBT
AAZL
CXCE
BZWD
BDDK
CSOE
CFOY
CVNQ
BVYQ
AIIL
BHVC
DIUI
DGGT
CDEV
AZNS
DETQ
BGSZ
BHWT
ADMS
CKLP
BRMD
AACM
CPWF
BMUF
BSAF
DAZW
BXHQ
DFPN
AACI
BBAM
AJJT
COQQ
CXPO
ACJC
CYBI
AWQP
CFDR
COJJ
AXAM
AYAZ
COLZ
CTHB
CUEH
AAZT
BYEJ
DAWC
BQJQ
CPIQ
BEOP
BAJN
BXWL
BGRA
BINF
AWHT
BCZK
CCMH
CPMB
CHQT
CFBI
DFJU
CVBZ
CTHE
ASXH
ACPC
DIEF
CXGB
BEHJ
DBDL
DAKU
BYCH
AJYF
DFPU
DCCQ
AZCH
DFXC
BIMY
AAHG
CQIG
CIAC
BISU
CBMX
DATP
AIFK
BCIY
CPGJ
BHKS
AWQF
BNHQ
AXDW
AFZP
CYYV
BQXG
CAIB
BVQB
DJLL
AWXE
DGXO
BCHP
COOG
APCV
DEQG
BYHN
BSGN
BMGJ
BBPB
DEOK
AUWL
CNQJ
ATGC
AOKL
BNXV
BDPN
CIMQ
BIQY
AXTD
BKPK
AZAJ
AMOD
CEDM
CEQP
DHKD
AUHP
ATHH
DCEV
BVDF
BAZE
APKR
CKVG
BKRR
CHVW
DJKM
AVOC
AWJM
CACA
BKUQ
BEAT
CKMI
CEBJ
BVGQ
DCOD
DISH
BJGW
DGLM
ACNF
AMGL
DBSR
AHUQ
DFDJ
BNXL
CYUR
AOGU
AQTC
DDCZ
BMOG
APMR
CAUP
BUJE
ALSX
BEON
DBYS
CMFL
BHJO
COBC
CPRI
CXHP
DAOP
BYTH
CVPD
DEGF
CRLE
BWYZ
CVVQ
ANFE
CQHE
CBPB
AMCX
BQHQ
BOMK
AIJA
CQCC
BMLF
CPWI
CBUJ
AHFJ
BSAK
DGSL
CWDS
DGQI
BORZ
BTHM
AXYG
CINT
AOJK
BNSG
BWDA
ACNN
CCPL
AZAR
CYLW
CLRR
BXCK
DKOU
DHRC
AAOO
BUDL
AMDJ
DINB
ANYI
DJJH
DETZ
BLIU
BQXZ
AICH
CEBC
BDWA
ALWB
BXPE
BHBB
CMEX
AEDA
AEBO
AZTG
BCCL
CLJB
AKJH
BAAH
ALOD
AWHW
CVUS
CTYR
CVLM
CWOR
AYVT
BOVC
CVUJ
BSKQ
CVRZ
AQTT
BSMS
BCOP
CMHV
DIMH
DEJY
CJMH
AZEM
CNUZ
DHLW
AMUK
DIIV
CKCW
CHTE
BPET
ASEZ
BTPF
BPFM
BFSW
AQWP
ATDU
BOVW
CILJ
BQEL
DDVY
DGAM
AZMT
CWDB
CPWT
BPPD
BUVE
ALBL
CSIF
AIVQ
CMDE
BWVA
CTPA
AZOR
CISC
BLCP
AFMH
BKVO
CEVB
BJOY
AQOE
AWXO
CQOA
APLM
DFMS
CCTY
BWTX
AXMD
BDUJ
BMJA
BDGD
BSRV
CPZG
BGCG
CVOU
CSML
AINO
AYIV
AIAT
BVTY
CRAC
CYAA
BOMV
AZUT
DETB
AYGK
BFSS
CBCF
BWCZ
AKKT
CJRT
ASTG
BJPH
ABDH
BROS
CRJW
CKNK
BHJA
BNAG
COBF
ASUW
CLRM
BLAB
DBMR
AZVG
CGWY
BMMI
AVRF
BJXC
DKIJ
BBID
CJTC
BWCF
ASBS
ARXS
CXOV
CWLV
CRDF
CCNR
DDZX
BGUA
CZBR
AXPP
DCDK
BKWE
AQTL
CNAY
CMZX
AERF
CJLO
CAEM
CTML
CONX
AYVB
CXQQ
COUP
CUYH
BUBM
DHYJ
CGKA
CWEU
AQXH
BLOS
CIFG
ABQW
AAKA
BNFF
AEPS
ARGM
DAWL
ANHU
AZWU
BGXD
DGLI
CBNN
BGAG
AENH
BSWR
AXEV
AJVF
CYZG
DGIQ
CSGU
CDOG
AAEE
CCOF
BKWL
CWGK
CAWJ
BKZK
APPF
BQYV
BPNC
BKQS
CSZW
BAXS
AOCB
CFOH
BJYL
DBME
CGCU
ASHU
CITY
CAMY
BLLR
AROO
BVHZ
BBEA
BWID
AGZF
BTKH
AFRI
DEFK
ABVJ
AKBA
CGTH
BRZA
CVST
CXNV
AUWV
CDWK
AHKN
BKUI
CDOC
CYCK
BNQT
BIWY
BBCY
BUQO
BINP
CWOQ
DANJ
ATRB
BMWK
BRJI
BREC
BKYQ
BLFJ
BCVS
AZDV
CSMA
BHSN
CHEL
DAIQ
BBXV
COWG
AEZL
AXLK
AQNT
CIDD
COXF
DDVF
BWUK
CYCX
CIKK
CBRA
BBSL
BXOF
BEWP
CRTG
BJEI
DFLS
DETU
DJDS
CPRA
AMZM
CWHZ
CTVP
ATXQ
BHTK
CWDG
CQMQ
AOWK
AICX
AYUG
AYXL
BRDO
BYLS
CPBT
ADML
BYCO
CWMN
CGVM
ALJX
BDGH
BKNF
AEQT
BRCE
BAWS
CENL
CJYV
DKLE
BYUI
BQDJ
ADNY
CMNT
BRNI
BUBB
BNHP
DDVT
CHSU
BVGB
CCJN
AWWA
BUAO
CGUC
DIRB
ANOK
AHZI
AABN
CEKL
CFCZ
CYOR
BSZD
ABEY
AZCP
DITZ
BMPD
BEBF
AVXR
BSYO
BGES
BXSA
CXQE
DAHE
AUGR
BQTJ
AGJQ
BSYN
DFQP
CCEQ
DEHQ
BVEH
BSUS
AFWD
BAFW
BPYQ
CTAW
BVAT
CROB
AGCE
ATJI
DHBC
BUSD
BGQT
BZMK
ADPR
BANH
BZRL
CKWI
ADCS
BQYZ
ALCB
CXVK
CAWB
BLPF
ARFR
BMJN
CECQ
CPXB
AEWN
AYJJ
AUJY
BDIG
AAZX
CXQN
DEGN
CYNH
CRCY
AIHZ
CEUC
CSXL
AKGQ
BWSK
