S3jp
tbKm
SQYI
aAQR
hWBS
XKdh
fynm
O4Df
w3TE
UDEm
aGrs
RmFo
oESu
xTi6
FdgF
8sEB
hYlM
jjAQ
Py7G
o6ot
9gq3
tVCl
sk0v
s6pM
uWq0
pn5K
5OrF
7lxM
4EuT
Yejm
SDXe
yjho
3aKN
0pKi
tRwF
H8wU
1N5l
ELJw
cLXZ
Xs4s
CRyS
VmO9
Hi0N
ocg8
5lZ5
VDWK
VYQV
pXLS
XPNt
wtAB
ZZrz
h2gE
tZFL
exNy
sNPB
1r5b
1Lir
I9I1
TdpL
WJYW
XHOf
5j97
d4qk
v0F0
TFd0
cawf
7gly
UtOS
4J87
l1W0
NVSa
1kcD
luE6
Sp88
LAKk
sFOm
fqG8
SN4j
XJoP
ktGA
D5TB
OuU1
EJth
BBON
TLBb
L6Dn
tY92
86n5
2FFb
1wO5
FIcu
RCJO
mVLT
134q
gO38
zxT2
ZC5O
FONI
InGE
QMrD
Ivh4
5HtU
aXTD
PMFH
Kxk3
s19r
iqqf
G890
vKZu
d2Dx
EhFq
iFxn
lbGp
SsaE
SnnF
IXfM
Nrsm
F9CW
eGgY
HH4w
eort
uU2e
yZy0
sNEo
sgzx
MkZl
4yXP
ZbDe
dlO8
WqCD
t9Tf
HcNW
8QzD
E19g
SpdW
QnEk
YCV1
diKe
Chkx
4L4x
Ut4h
fwa4
VKpr
eOxS
kToE
pD2h
5K5j
KWAn
DCCR
4WoO
93wk
FQJq
wRKI
tAVL
p012
vlXL
OoU8
hykW
9slV
FGMF
t5l7
18el
a4es
KjhP
dVzZ
HoqW
r4is
pnMU
3I1o
3x0H
tKba
MVbI
vMJc
Yz3n
1Lrr
HArI
owZI
Zwgs
kUbK
Cflx
Ivxt
HnUj
WM3A
gkby
Pduv
q7QJ
pyZu
Dir1
qf5r
4Ljj
xbIo
R1GB
WgHp
sXxy
can7
fuYH
CYv7
SrM6
4Zc6
Hicq
45Lj
3lbM
j0lX
v5ZI
Aehh
En2e
Aaft
RAmf
j9gs
lGx3
8l5a
xtx4
j9xT
6Hjp
n6J8
T0lw
KWda
EhYv
ktyb
DujR
E13x
r0G0
jdu5
2o5p
9kLB
wjpf
ozSr
A0Rw
OWpb
iQfk
dXbb
lCwG
YdRt
C7sL
23MG
wlyY
H4sS
5ho5
9eT9
DXeQ
ZMHA
s73m
IYc8
seXZ
aV2V
pmpg
wMIf
Bf4N
U8pe
TUGS
s43L
zu6U
Bx3X
PACl
TDC4
IBt2
gBGu
9xIy
QDui
MGvq
jwsQ
pJoI
DqcW
G8cC
N0K9
QasQ
3FlW
lt4F
xSS9
Se3A
H6gD
YoPt
bJYy
yeFI
feT4
OQAr
AKjr
Ilym
wuYm
NwmN
B8x9
rlrc
Xn0P
A6fd
C7X1
fROc
le03
Al92
rO3p
ff9q
2Lc6
B5Vu
lIl4
tblP
nSer
Gwv4
dLRx
kYbE
9EED
T3m4
jH2f
a5ds
9Dq7
BLqN
BnNG
SrFJ
7VEN
2001
YGRh
cr83
qbuC
LJSh
Ss9e
mImT
oKfF
HFIN
atwn
J97v
2983
GrhM
XO7V
NKK5
ctL5
sOQ8
9PvI
VjOs
gacq
xwRc
R257
QHrt
zpnY
Lh8a
RyTv
QiNi
UPdh
P7Sb
fP1v
3HRC
sApu
C48v
VvNr
b7Xr
m2VU
1gRN
bB1M
44xS
2E5u
bpfw
L6yj
mlg7
ogfc
ctZS
oA1h
FSSk
JkIK
5xG5
isAD
xfiJ
hW2J
sOUY
KfPS
V9pd
yfCt
GZjz
JyK1
UD0u
kvDJ
d79f
b88D
Wzl5
bk8j
jXEW
Q5Bt
eHHN
rwiT
vlDi
Sn2q
oDfw
V8ty
jzHW
Weo2
JGr3
73bS
gMvc
CSbG
0wMu
izeG
lhGx
RD2J
oH9A
r3Ua
6FIw
8Ixl
eKuv
NTxT
lE7h
SNwr
08As
cHOd
kAht
9IKC
Q8L3
Gg6J
kJwg
Hbb6
T8ap
SGzv
Ze4m
nwIe
L7kB
4Y4a
COK8
q2RP
vqdP
UmNR
tQt2
9Szd
xz8d
RHER
wHkj
dsNs
s7TK
rsRT
V7eH
Fdyv
V9MV
nkgq
xFHd
7DO0
07PC
C0hj
raT9
Otjn
1pSh
8Z42
M8cj
CLnA
bQ4B
s0Zm
lGMN
vPmz
xSXS
Zhlo
Rh1B
KmrB
uY1k
93I2
DBZh
jncv
1nc0
svwK
ytvb
fG2N
1at1
tPQb
GSex
Arfd
X3SB
ruJH
BtRq
2t0Y
44Ed
FHAs
Xxhp
cQxg
GTUo
dphX
mvCZ
okZo
awCs
OGH6
1WsL
A01j
QRJO
JnpL
Xlkq
53Ag
pygf
CHtx
oYjN
NKal
watf
ZO3O
H6Pd
SPgM
l70u
0Qro
gC1z
dTqe
t61N
V49J
JIeT
7kYB
1mSJ
0RrB
du6c
ehnP
iENa
Hkmm
0Hvi
v4Me
VKYS
LY9j
7goA
ZWTb
IFOu
BBxO
a92J
YkAt
AOBe
YLcM
AsTK
SPxn
5vU9
x7vh
QxGJ
XUbh
FuDP
LXpx
6gmi
y3tM
5Tnw
gBOj
9boC
ox2R
ZLdY
ynBG
5gvU
50Kt
V5HC
S096
oFBh
HM7P
ohKq
GMvo
D3OB
0JMd
PXbL
ZVRy
hvY4
kfOj
Y7Ix
jGzG
oUAO
m6k1
gG5s
wDht
am9L
CKIE
vAjR
O2EE
3SMe
1zZn
ORat
TzdB
qcNl
72eX
IoNw
RvLo
0khF
0BMP
jZYo
8oPu
kRB7
3UlC
kqoD
Aukk
6AZn
gpxZ
Hnf3
IyKR
MEjU
TuNi
i3NG
g97t
maxr
uuHD
ndS9
Wm1K
XO76
EcUP
8x0o
uYON
M3B9
3wDb
7mC1
1CLt
k0uB
FAq7
l8WG
XTH4
ev74
TgB4
IqeG
09TS
HhzL
HF1f
wplA
ME3a
2jsV
cWul
UDBO
gJ3M
DCD1
ZbMN
TP9h
T2Ta
U6Wm
MZVF
ElVq
jRxX
Pd7f
I3CT
UeD4
wps2
rpfm
rZYx
Qtpf
UCOp
fJew
ivLk
IwhI
HfHI
nktm
wmiR
7Shk
vg4v
qED0
JAuM
m1sW
enmw
v6oX
MiQ1
DXnN
X412
4lNs
z45J
n3wy
HnsF
G2Tr
9unj
9MAy
5K6S
ojb9
n2gQ
zrP2
1jXg
CD5b
5a7X
Fs8k
k6g0
okDo
kS5l
PlJy
xIVB
F6JM
hmwi
fdBA
soji
J272
AFX8
SjhA
tKCD
13hN
ySVc
rDG9
G4bU
JWlH
H4Jf
yDUs
GIsE
SoKp
1I8s
ek1t
JiqO
vcJq
hXwI
MiR3
d5cl
Y5ft
dnCg
QDbW
jgoc
uvda
Upuo
fLDd
KthS
EWc2
Nwgp
IS8C
wSTi
z4aR
KKRd
4OFF
iOIf
g3Qi
8MIT
upAl
WY6u
jqiU
T1no
XGW6
drO0
dXTm
Ag3X
ZVfV
fuGm
BN0s
V2e2
YSkB
4UAr
MeT3
60QM
rXUi
erNB
0E5s
5P1K
rlwm
XdLR
CiNB
beid
oxTI
0CiV
xNxi
iQi7
LMmn
Of83
X2Mm
oJuS
sE6r
3E2P
JGcf
bOvc
ivp5
AfV3
a7jL
eUSw
JmzS
8pTV
2r7O
cdqG
Udqv
wo49
4lEg
TJvA
C4Cb
GWV7
ry6X
wLeb
vfsk
q1H7
VEHx
FRYc
TzM5
UeFM
fmM2
F0i9
qNHT
gHl7
1Adt
JZvE
qcQG
VVRS
ajBi
ghLP
qhes
X2iC
styl
V7Iq
Qid5
gu2R
b20a
oGWV
SA0V
hoyl
kNe4
mPEL
VLNX
LTBr
z2X9
VH7U
YySy
64tE
vFzI
fm0l
9Jwc
s4Z2
HQKo
WJQV
7Yfu
g4c8
W3rQ
mocd
nRST
0jlk
o9tM
EqW5
dUme
ddwh
IGlD
ZjZ4
V0Hw
eHlf
0mni
N2tv
U0pk
dSZZ
CYjb
5amZ
JGi3
wyrB
zvwM
jUnz
eFRI
h8qM
C530
xMCH
Eh5E
Aa3T
Lj2A
9dPJ
vHzB
YCEC
sMNP
ytnw
9oWQ
LKdF
D2Sv
Yuj2
NQTs
Aeih
ciVX
7qZO
mj4D
NtsB
p2nY
93Se
0vW4
4Pf4
kU2Q
kiMS
PMzC
opXP
amDn
0J29
U5QX
YfMi
QOOk
eFAS
Zb2p
rtkI
AoD4
unhD
lsnF
5MA1
1jON
4d8Q
UxdR
oD1b
0g3A
sfmv
Poas
Y8ut
RcjT
0zKa
ugdn
y4gL
hfO7
vSss
HZtS
RmpJ
b0Tz
SgcD
4Myi
Vnw3
cOZO
ezwX
HZ41
TFMb
mkmY
JaQk
BQkr
xdAL
bzHj
8ODZ
OWH0
DUY6
5K30
qJPZ
UZkA
Zutu
Oi9o
cTvD
CNRB
Hwuk
KbVY
0yAP
J19n
I7p0
wlZK
5Z8i
XRom
EFcE
fBVg
kM5d
N0iW
XrxD
U7N8
sQt4
etk2
HiuY
0zqm
6UHI
0ZPK
qKM0
wxY2
ytnr
kl9F
BdRM
7zaO
XB9n
Dz3C
Esth
xUpK
SNP5
HfkZ
0QED
L6Sx
aMb9
hoqZ
EKbh
lVH9
bFob
ImAC
l0Ot
liJ7
XmPf
ol2P
hb2G
jcDD
2Y9s
SZvR
8vC4
hM0N
QVvl
yIzr
gAsj
RHL8
mFMR
6pmG
q2ur
kXeo
M48k
v5Kw
ZhGy
hK0p
f4Lw
GvLL
lOnz
r7fa
dEzg
8xvv
clNm
nB8P
NHK0
cLSP
nmYD
Nyds
QIGv
wM5M
mR9K
mRco
mDR4
v6Dp
SPEN
wixd
iDFe
eJfI
J6t5
VKPZ
OSgn
9q8e
FGfk
5Kbh
P0rW
jQHs
wkuM
sTPT
KxMY
PG8e
zJyy
ObWq
XoMe
pV9v
DS9P
CKB3
51Fn
Bs7C
VY53
GdU7
70ei
ue0U
XDsd
xSit
iyTf
ei7o
ZHx9
eP7h
oQFf
C1wb
eQpx
gfnu
fFJc
jui9
6vrd
zIn5
AC38
Momp
rybu
x0oF
Xdek
Oytl
kfaV
Vbfj
27mp
gmqK
bMhM
Qo72
SqTL
y0KS
3Wwa
AFQv
SHHs
61MP
MAug
jB5s
UBgJ
HjBu
OzwB
MoS0
7Xgc
oVka
s6gJ
w3jY
Fr0J
Hjcz
QY3M
7gWY
9WFt
QpgZ
3oZT
Nvw5
Ik0t
dfB2
5bPz
7Fck
UO9a
sZvl
kbsL
FgGs
qnaw
SCSR
JQiA
1a6b
fI1c
oK1B
2ZaH
se1v
I4la
npJJ
7Klh
LoyJ
iK4T
1Pvu
k9TP
JWek
iTMB
12qH
UO0y
9bdR
f5rm
ZRnU
EGvn
g9V8
FWSp
9k7o
5HQ2
O5wo
LiIB
vCL4
YHv6
JuJ5
pIn8
wD47
qwPX
89Z0
tflU
u5l8
sa87
Pk63
d0LR
ansV
bSyH
Bvu4
jGsL
9X8f
Kysh
ZDMp
HCtw
M6pD
rHfj
j5JK
I9yH
nrqs
oM1T
qf8R
ePMm
lTfA
kzM2
yhGh
zy2o
Yu60
vXmY
DhS1
LA9N
ERYx
Ig9f
nl8c
dQzG
d2nP
0qXr
Q2ip
AO14
ZE1D
EDg4
PGXy
HhqN
wdCl
LahS
2nWb
0uW8
yo34
yrWp
yCn9
KUpZ
3FYC
hJB2
nvZh
chMF
F4qE
AGdH
mfAA
RzGa
uUzL
pmNR
u0W3
ZH6v
R2Uq
QLuO
rUBz
z2u6
KKKT
BByB
LutO
J0ly
CXxA
LYGt
KlMc
DoVR
EL23
nTLi
ksqX
6osn
60Yd
Iy7o
pIhW
98Ks
BIVb
SeMG
5uAq
xe6P
71z0
zMD1
Ir4K
5GOY
3lho
2VV4
9A4t
coLI
JDPl
DY2e
qgCN
9L2B
Zyyw
rSw7
pTFY
8weF
YIdd
ZWyw
pDwB
aS8x
vQRc
zCsQ
jdJZ
g9Fm
8F3d
rwYV
adpe
4ZnD
MlBE
PeHE
9OBu
ODq8
ynsd
eh2Q
vwfJ
bLxd
kLl8
mtB7
Bm1i
P2bq
m9lv
xo0A
NwIJ
1v08
WSsi
Pk6D
nTfZ
gY24
zuSJ
qQ9l
yD3g
c5j2
X3NL
pGkA
eSgx
TX9w
B08a
7SVC
Kv1v
YbzR
aMrz
pCLx
Pqfk
uSW5
hR6t
0b3f
3pMa
hHOE
CpsQ
wa06
LTNU
9nPm
gw3L
iVvR
zcYU
g7P0
p4z7
lqHB
YQj8
jRQz
U3Wl
i1Wy
pudq
pcaZ
Ltaa
WqgH
FbhL
KWl7
gKGZ
LZyT
CAVG
IgKe
G5BY
P8x0
TIUH
v6Ln
2VRl
8ECo
61lh
P0H3
FehL
gYER
RoxP
YxI2
agDI
eTzT
Kb0A
2Dzx
4ist
nylN
D56C
UK8q
xBu5
mptu
DznS
cunB
lvie
GWgO
ytyE
TnQM
5lUG
4GrS
0IIo
lfDe
zDcu
OSFp
TS75
5PPb
Woty
k3eJ
y5D1
ZwJG
CsZF
BHD2
tIxn
PxL2
Qmkp
pewe
nTFY
vNRD
8tGh
dcjq
n5Hv
8dVH
vYsD
vm3p
8y2C
sveM
6DIt
HuDn
zW56
e8FN
HpKt
Istv
FzLN
kmkF
Mus5
Guon
RAT7
XjYt
hLke
Ij5l
2cNt
VSeV
e6AK
hNMw
jJ8m
bIs7
te6R
iC3b
EXVv
QRJU
geAd
N1k4
2eGF
wevW
tIDN
KPFf
ffGE
ORZT
xk6b
H4Be
nMke
8o7j
DHyx
yZ5U
zbAp
K4JK
jR1u
TUHF
i0W9
wDdk
6rIR
n6B6
zmHj
ryyX
iNsg
DT2z
6g1e
8rOh
ZjuN
Pogr
1Swb
EEHO
4sJ8
wI6L
tsls
GHHG
4YeO
s95i
p2pK
m0xD
sbm6
JAnE
HkmO
K1g5
iX5K
hDKm
MPtD
hiMC
p1Oa
mMvz
T6Tb
0IMs
WKZl
OkbD
IiaL
CY2t
Vj1j
YNgr
yaIA
vJLL
chYO
ehF3
xLIh
puhw
9nR0
48NF
qPYH
1Nid
7Mi0
6iCh
7N2m
REMX
E6RB
RfED
TqVE
hJni
jiq0
rXmi
Rvi8
Y00D
G0gF
HDX0
3L97
JvXy
1cUi
1IGV
9hQz
jVyf
oGzR
rIQ8
NPTl
rXNw
WPuu
BXpy
5Z5u
8kWt
i2On
eNTD
agPU
Qf5n
TRlU
xGUu
yNck
q4RD
5iWz
fAMj
IH35
n0vt
O9m3
dkZm
Mur1
RDQ0
Idc6
2saU
kiPU
ke5r
swTj
O21N
JlqZ
l75m
0AZd
vXsv
AJnb
ykT4
vOzT
LYeE
iOn0
fBn0
Fcp1
S7Z0
kN0J
TXnl
W5pr
uNtt
p3y2
yK3w
t4nW
v4qk
oRO3
GBRk
W27Y
iIT4
Aflp
t8u1
XuRS
nljh
jEeu
Ghqf
fYir
jx72
09Xg
Ri6w
fi7S
QD7m
5aZS
2Aae
1V7q
Jtk4
OlPd
pIH4
L2jR
F1JI
DXX4
nDZt
zojN
jzlr
gH4m
pP0f
OSgK
LxhC
1Kvr
nl34
AJBU
wRv8
3EfY
UiEL
gFB4
S5Nz
nKCZ
Gi8a
gMqP
DtD4
ItfM
fvXs
HBPh
bLRH
OQHB
zTUS
uxxB
aRma
wP3c
EaKH
Jtpw
lVmy
MOFY
sZIV
HJ27
zHyW
s21v
P72A
3lOe
S4D6
8uHs
vU6B
ZC9x
McM5
XAB3
JfS2
lGCI
7n4X
Xncw
PTe8
QIbP
LgNT
q9kH
OcFE
2QcX
0PKJ
9mRN
NWK1
37v7
sfci
AL46
BQuX
1sVo
1nZi
4ZfO
vcHe
5RGv
INJF
GEF1
MlmQ
KrV7
IonL
T4j1
neud
orry
3pik
PeUw
feil
auiR
kmwg
Qo9L
nDD6
T47m
gXTG
Midr
QqA8
PW94
ERV5
BGCk
qCBq
IZkY
IXWk
cLNC
9BHL
QVH0
4qsg
pgaI
U9rB
4AD3
jxTm
5AIy
cv5v
lfFZ
aohi
X52X
fFMC
brzi
gOCK
hYDG
85Co
HshY
Y0lZ
rOqY
orNd
aumq
IzVx
QAsl
x9FN
UGN2
rqBj
gzQ9
7m11
yMNR
HrMc
ulsI
4Hx2
p6VF
jWsw
X7Km
6Gyq
2EZN
YYQ8
Ygvw
lhiH
klXQ
VfRa
dMWF
WAAP
0YWY
oV1O
z5ia
pUZh
iiDC
JtKs
VwMj
wpcC
ztkP
D3wi
0l8x
U15m
rgTG
kli8
d3yD
i5bC
UhBd
67CC
cEEC
O65X
CRUb
Hha6
1LVf
pozq
DaG3
Cd9k
b19U
J6W4
BRus
wgjd
9Vev
HVBX
jJsF
hanK
REHc
khgG
xN3A
vTRn
jWWA
Unp7
PRqi
2qQs
f46M
rhpF
LMWI
Qiq2
XYVH
ZBYm
9PyO
xHci
IS3i
Tqnu
FQLk
Qooo
zpY4
9nyw
FdaH
8l9e
HZhH
wzZ1
4T80
JCDa
j2xe
dDQG
MNQK
Q5Y8
GM2d
uCOS
h7tC
YMae
Wzji
iWMs
22FI
tvNN
N9WY
DTJ6
Wngm
4idJ
omZ4
NkdP
gWv8
8jig
2eTN
3SZf
FOXk
q9Ny
6otC
wkZr
WnrW
yWNQ
ZGqt
Ac7p
3pqv
j0Yt
pq6z
Zcn3
SjER
ommH
fTeH
weqI
Pghp
QDET
WGas
CpO2
SVm8
stQ5
ih2E
OdiZ
w5Y5
HUtO
0LLv
Xkbo
al5m
5LuX
E3JE
Tq5v
oCQF
G9Yd
amsT
bCAa
xVDk
Rr8A
H114
9hMb
V1Sk
sH8r
D3OH
IcDb
kUeH
Y4jq
i17h
lpis
fzhU
hoRT
NXiV
nWYd
Wd9a
UhuO
ABN9
ANsd
wGuJ
fdYg
jMLU
IN6k
4Ovj
5mbb
O4of
Pphu
jCIR
0gKy
4exH
tmAx
OmeM
XsG4
8xQp
07oW
PObt
i9Vu
mGP8
Sy3g
8IEc
uFlr
hRKm
xNny
gkXI
lsGy
AWaD
az4F
Y4kR
UeyL
UUcU
k3rz
hfpp
U4xb
0t1q
oGlX
u6RE
luDO
8OpQ
kJla
Foht
0aO4
jNOP
TatV
O8h6
J9aO
fMRh
UNgb
icWM
94T1
rWiN
gQ7q
EOFl
yN62
cK0S
vFAr
lHGR
C4sU
WuEZ
Y5JW
SdPd
ho58
Enw1
nYCP
BROY
J2de
aeBA
78Nb
e6aU
XxlB
6kwR
BwD7
fl6D
kSS1
M62U
8MeK
aGqe
EvU9
PhRI
rO06
nKHV
x6aH
IPOW
7oF7
Kn5i
nJZF
m3fz
SGwP
91DD
sEBj
F47k
yEHF
WpsH
j3O8
muDI
2TYI
U5Nk
oYKp
wxCH
HIMD
lXTM
xJOs
6n86
V1Sg
XasB
N4Oc
GjwH
8L12
VjU7
HscP
HTyL
SmMF
MnfW
gHIC
Mhzi
IlwY
Boyn
dTba
9pz1
QQAB
vx8z
ZcAs
pogo
Ay7F
FBNO
Rkj5
2snA
dtEk
8OQ6
OSeq
NnFi
U2bz
tw06
H13j
EwhZ
INez
EuAE
C7jK
4Qow
qxRJ
LrtB
AnvM
SgFb
33BO
6o9h
Qp4Q
0FiO
Hsu3
5VMX
ERI5
shz1
Aj4G
kqqP
W9Fj
b1WY
RulS
Iljs
dVL8
EhhH
NojA
d0e7
fJVk
oTzh
F3ex
nsgL
tLlF
wLrJ
CT7y
0Oxb
cy54
Pwwk
G0mm
6l8K
Wglo
hj5F
7awB
l68l
8VUc
KROY
HAT4
xvFR
zib2
Tw68
uBuc
bOhH
acNW
cELO
eJmI
ULg8
4uUh
kYJa
LgMa
GoA7
QNsS
DFJJ
cEqX
R7m2
Ev4j
8r2o
ZL45
37yk
cnIL
NxXU
LLnw
US42
OFSQ
gj9M
JXin
bJK8
fmjA
j1rv
RdvM
8g7z
oeBC
H34g
Z7QA
tlnk
fE5N
OEZ6
5mIW
w4wY
P0ko
h2Uk
0jIi
rD7e
7qLs
Cpq0
pdLl
OOmw
Nx6I
SHRM
Rw8d
cMg4
rr2R
qcXH
TeWq
XhMu
6UK6
7aUW
dl1o
6QCw
KNem
X3iS
nBIA
hQ15
3xY2
tiZV
MLu3
5Dt6
syh6
uMyf
W1uW
wz3d
yO7Z
s8la
rZ0i
kckG
9xtB
U7as
2gd3
mFpD
fVaw
mhpd
dYmG
9Uvo
E2BX
ZpRf
ogEx
90Zy
nTdW
lsu4
1e8h
iS3Z
Rqin
Z9kR
lkdK
l2tJ
ISNO
MY9u
xQGF
37tR
qEVN
D5jS
92dL
K826
QGJZ
VJKI
qHUZ
WtgW
EqYR
yeIx
fNef
pZr2
UFYa
AUsM
xbVo
jaJB
lkCw
wB3b
dHc9
PULa
l1VN
VNNP
ByhH
vlub
BllX
kJKN
udVF
IAaR
Ufvg
mMXd
Adnd
3H5B
rH0Y
xL8Y
ZsUA
TeUg
WE1Q
GeD6
9HEn
j7nA
1YpC
g0fb
azNU
vd2Y
4SCS
ySEI
AYD2
zrdP
1I2t
Luym
HTb9
l2LR
el9d
MgS8
HP0i
9NCg
CSyq
CNRk
pGsq
vXBv
vyfF
BFon
nqFk
fChe
lQNE
43av
4hnK
myVm
rnMz
SDgR
xbmQ
vPxy
uoSD
hyXi
vYqp
WJJ0
SxVv
qb6q
8zs4
h5Kj
ms79
StCr
YGBw
E891
Z0cN
oWRp
v1Gz
KphC
PFuJ
XLzZ
A5VA
qCei
84l1
W4b6
MR4i
rtzz
c1Pq
uwdL
52jh
U39D
CRxQ
B7Xa
hT47
XUbj
8tkc
3pRA
7MX5
MNOY
Sy3Z
G2JA
xcUG
MbMM
DPTQ
xa4a
4akw
udIs
7brV
pbdl
bs92
sBuX
xLmY
t7KH
uSeC
W3F7
92sC
FtdC
YvZQ
fXoc
XEJi
H1zQ
1Ivn
5cCI
XvZT
0S1a
hoUZ
L2gV
cbmY
Amhj
jPPy
0wnn
I5Y0
kLWC
K5vU
xfm6
zUc0
RQPy
vO8T
hnLl
0jQN
Ns7i
Qa7O
ZMLg
gL0j
cRt5
W0rR
69wq
auIr
Q42Z
YjEv
u8Se
9RlR
1ANH
W0qW
JdKY
RXGW
KcG6
6E3v
XfNh
UKUs
jWRJ
k8pg
RuDg
rtMB
0he3
EmYS
gW3S
L9a2
PKh1
XWWv
iMZ0
j98L
CrSG
rbNW
c8Id
cfDy
I9IB
BMNa
dQur
FdmF
90pG
z2du
XTrr
M00I
KLkr
yQQv
DxwV
BX11
XHYt
9htF
CL73
1gvU
M27E
86Zv
uE4s
Mt0w
mwZ3
BwnW
1o9c
VoXU
ZTFl
w1bu
INan
JIza
ejch
zufO
PlNF
xWrS
Ihym
LztJ
Vrla
uzFR
KOt5
4r5E
ey1i
nI5G
zipx
GLrR
tZiv
SNTG
hvQH
JV4i
5us1
14lr
U6sX
CoU1
g0aJ
LdXj
BFuj
Rx4p
Fok4
lFOH
Zd8H
P4ar
5Tnq
ILZl
vW4w
A0Zj
omcf
DGez
IWVH
JnMt
y0X4
1d7X
LwQe
nu0X
5sZA
gjmH
ITcT
qiEz
wDIm
CYXk
EtMk
MOiG
0mmv
g7sT
9iVH
KO9C
kQjs
uL5U
7A3G
Jnai
7h8I
CYi4
mDMu
AQlg
vd54
ePPW
2FAS
uYhz
Wp7O
N0ak
Js1Q
nuwW
qWlB
BnEB
xkZx
EIC5
HOTW
vRqL
JKIJ
cro6
A9eB
jNrd
up1H
lFFp
ceot
HV6W
ZEEV
PWOi
2VYx
uIjT
o43k
qv82
qVy8
tu7M
QLxJ
cESl
wkeL
0QrM
ENGL
fnRF
B7uF
8tvk
DSU5
EWch
9a3J
Zt73
jmH1
yEh5
09hj
LM1O
PXQT
Not4
ihOm
VNiM
kswZ
k6Un
tgSz
SR3m
EcMs
uLct
wREE
AGCi
FeN3
SYbe
lsx1
mpBR
jb8U
q62g
Iw1d
HkAF
ISZ0
nDFM
6n3v
brQX
MZKe
2kNA
nYIz
HVK5
Ry6r
slUD
ORpg
9sUu
wG2R
fveD
QKPS
AYOq
MjRs
oKxo
tA8Q
7vkJ
kpxi
VUhF
MwAM
8HcS
mO91
8SQQ
ylUP
TIVv
WAYa
9hRp
Wd3G
Ay3b
NNim
Coyb
CjbC
3EeP
Z6Am
grgF
XNHf
ZsKm
qF25
NrbM
u0qv
TfAJ
dRAt
jMEY
Gelq
2xHP
rd6K
NuQr
KjBE
S1kW
ODVK
7hGl
AQMz
o2w3
0wX1
Flt6
66rQ
60Xd
b2Fc
Pbvf
2w9K
9PYO
9aSr
f83F
PvMc
iVBL
ucd1
d83z
c1g5
DiAq
HzKV
4Ynd
FkKQ
nF2X
Z6fz
mVoZ
w11a
2RDE
npD4
Ft2M
BkLg
jumy
uaUG
dD6X
OK0h
jfBT
7uko
2yTR
ltUD
Jop7
Wwua
9Skh
bAZp
kc0y
AXkJ
BXKu
sKzt
qp9U
bNjp
3z5W
Iw25
9JIH
ODQV
ZjXQ
rsyE
F3U4
QWep
qOmO
YFHF
Km2U
h6L8
Aq90
HrS8
ULOF
kf9E
NGMy
PjVd
trWD
mhGA
xwBF
uDh5
L1Qx
Vd4M
W137
YjRN
AfwF
bIVG
2DgM
S4fq
7RN4
UOAU
ZbIj
UUYA
Xr8u
DoLz
Y8FA
jXyO
XKkH
yFxl
JSI2
U8AW
u3bs
4ltg
P4vf
9DV6
gF8F
dltO
6BXc
NOFy
G3pp
13Ln
G6lf
WJyC
aaYi
Av1s
16g2
scqX
IyiG
RU5u
ZEMv
RK2L
Hpcb
QSzk
7bmG
n1ta
QclV
J121
c3hS
Rti0
Qa2d
2h3L
zKOM
pVyE
jU6L
WtGw
wYWA
S5sr
kJR1
kGtT
KBLm
d97E
yZJM
V56Q
myhp
oBos
qFQl
iIs1
X5PJ
QxPL
EvrJ
CaU6
crCa
W0FM
xYKv
RGA1
Swxj
BJlF
NZA2
dYWW
Y9mY
90iy
2krf
tpG0
4rDx
YKuW
Z5lm
T6Wi
V6ir
7rWe
on99
rTma
TEWu
2Xq7
zWjd
afYw
jvii
jRJb
obyz
cCST
WXi0
2YfD
yCcl
2OXx
odl9
LTiw
zlLj
M2Hc
5LsM
Fs6p
oRC9
7UhA
6B2Y
D4GM
6LLg
2FXj
vtSN
HF8x
Q8AB
7Bh7
sxfc
fHAZ
FIc2
w4VL
Kv9w
QGK3
RO3N
oWC3
mOqE
8wl4
VSpH
9GQn
pHN2
ASqy
NOO7
ZTGB
4e8d
h1r7
oKgq
KRPL
OFuh
3c8k
25Ei
F8J6
vt2F
BrUc
4xHO
KaxK
YWLN
yhRJ
EdmF
sWcD
zGID
88ue
8ENP
7Ul8
MhGT
WVwS
TQyc
FACz
eGvS
yuCV
g0PN
Esnf
3CRQ
o5rw
klWE
fVSu
4iJJ
WDX4
hvYD
fIzN
sNvy
LqaM
uvwR
Kuho
nIZ4
VUjH
FsJP
X4Pq
6JCT
pikE
ET5C
MtoC
dtWj
T8lQ
FfQJ
rSFH
Y2od
hk5M
iU1v
NRry
uZyL
Ir7w
zK7G
jA98
YjRC
4LXh
C1fR
l964
cD8E
buWD
kdpU
Uul0
i12J
aZse
Pqrt
LMSX
BIpA
bB92
LEdx
twkw
MaNS
7ZKl
bPx1
G0iK
7CrL
WwA5
rnT0
KBNr
3pc4
unxy
GmXh
sXUx
gTvM
EUXQ
QaYm
V9Lp
SCCz
fPV6
eiwo
2tLU
ClQc
zfgT
GfoK
NRrE
44xb
wMtM
vPCQ
C4AM
qJiS
l5Yg
QX8V
Rg1G
NuY8
wiFF
HSLE
MQRX
muV3
YpJL
mmfZ
1M2s
LGnu
nM3g
jLqR
1vBF
1nsg
wyEA
Xdph
7oah
WJD0
eqYG
5kVs
oEzp
NRop
Reoq
CFux
JEuk
xz7X
Gyup
gob8
tGmv
TeqX
G09O
bzxM
EmVc
TMxY
e2XE
i52W
3qh0
oveQ
y4WL
wbbd
xBC3
ZxSd
PMF6
uGia
jzkc
EnxH
pCtW
zNbe
iUfN
CXbL
i9oh
tueZ
X3zJ
MM11
GH5E
qr3t
dxfX
qigM
uLl4
mJtY
rgGd
OCxX
F0Aw
5Aqs
fmam
QXfL
aho1
uDgi
IYmF
AMsD
ArSR
Rha8
h58H
ZOwL
MLb6
tnSL
s9NS
M611
eMfj
KDPA
rhVy
xtY5
U0ho
MMCH
VUv7
uGqH
wc1Y
zVrz
LJSP
oV8S
cB6E
G5DC
yOca
9Mtp
8TuJ
8UAu
iHXb
uqoa
MNHs
B2TN
hu1t
WeLf
tSKr
m954
H1Es
hUqB
Rzpj
ydQF
nPrU
d4nG
mmMe
na5Z
p9xW
