119961
112737
131025
67364
14195
80362
116094
12328
127781
130629
82181
89021
129734
69897
127308
33729
50559
81206
71314
57410
63608
105620
2991
91206
142471
87124
99551
71198
143244
217
131400
105551
135650
135321
63155
149611
132487
40324
127589
71180
123038
115780
11575
37456
121280
79128
94896
27657
139787
9420
14938
132458
73881
12925
98909
131452
24015
31596
13585
106036
41541
36840
2062
2682
73283
56798
16782
46050
139384
43867
43371
45791
48620
36618
121736
128598
107654
137514
34455
87935
72821
36515
45814
111439
82332
82540
14566
4156
55430
127363
139539
89477
148716
50258
49366
117037
142745
91872
42072
22987
139243
109099
22729
87227
91807
58743
28015
144371
324
148352
99529
57924
96729
17770
7782
84372
106274
6548
85609
47040
38066
91644
70751
28707
112920
90332
7437
34942
45151
137783
6737
95
89072
43694
82478
53901
16622
125928
100847
138668
136562
96401
52183
62406
11968
115426
92233
36674
46539
28651
110884
20586
63534
23162
10110
119859
128713
62912
96655
115207
40315
67900
62754
6846
130999
95623
110456
25291
134770
11415
129805
92920
40668
14633
110722
17691
50365
47491
45715
51104
125283
146148
65021
3306
126102
106691
51804
132755
66913
47470
20838
91681
4755
122902
133117
49080
119899
5691
108046
59294
77544
91957
78691
126008
51196
94186
130952
32784
148316
99621
50108
139270
3984
114281
25863
107692
77846
122462
21426
85938
46282
75176
142292
29212
41084
140850
122662
93915
29591
77916
45836
50923
121197
134587
44136
15029
6029
96003
31683
51237
68208
47108
24932
69448
79998
146008
13516
4716
29243
102379
49422
132137
116312
108195
59938
118664
92297
102423
12442
90419
36017
80151
29402
57057
74856
30688
19374
14908
104850
43983
142604
14664
98853
15341
25555
110126
67766
20729
118828
26291
119487
6499
142995
97781
53885
142075
27865
119849
97294
108908
116523
5722
49640
114825
108254
18530
10191
39333
29776
86074
81829
123690
34649
124734
124072
25966
18833
85200
132395
6610
603
112216
89802
63694
149071
131812
145029
45738
9850
98084
72319
18017
121825
88869
55358
84669
106499
109208
71886
22653
139519
2571
123124
139183
142341
51054
77726
106291
100859
88782
82744
96539
111017
6048
76733
11431
86849
69598
32344
100518
83126
51550
98836
51918
15011
33351
1107
101539
106246
135033
37723
141976
136013
108367
43141
98040
19992
884
22427
93196
26908
124005
87525
139505
130783
10516
140453
6718
17299
64576
72873
47519
98441
102770
144312
13170
74759
47423
20419
144918
42725
9385
138490
34644
16938
64224
76235
49938
140717
37368
100763
106733
100368
23360
65252
66632
24268
39223
127275
120517
45911
118854
17485
130254
52465
61255
58892
98
50109
84282
128514
32280
145569
95710
61460
6322
148738
114073
79763
2768
109490
94530
79283
119584
55485
72890
26863
97949
136355
16574
5080
102184
125604
104408
94608
47666
95006
58063
99309
50659
66295
98606
54844
26936
78844
77842
73292
130292
73369
8789
62232
33375
33411
67198
80286
40145
52741
147374
1966
11947
15871
42645
49048
21984
119472
30510
20893
73407
40546
30574
72707
26808
46148
83539
116327
134763
149574
91578
52312
95483
29091
78393
39621
111519
76242
129339
50675
128754
95727
64769
45961
26420
134768
96120
50796
112300
110305
49892
40207
130774
93562
18232
124960
85055
53610
4021
105918
52709
130335
18026
22648
120346
86656
83732
110964
34491
66148
33607
110218
13488
12336
42081
24761
137489
116419
8481
139400
117272
103688
38665
30154
2758
115517
5538
109619
108669
55499
120574
100005
38235
147840
76020
7190
7985
37039
30194
4274
76465
103935
61038
17320
905
129157
29960
74382
41478
103101
29191
35288
12534
14072
75661
105325
106966
19985
86244
129314
50221
35027
82268
53698
148626
65749
136482
147808
75619
39656
23499
103859
57142
125060
21069
122577
84350
23890
117579
107080
92549
109893
88993
78418
112579
68985
37704
542
73714
8216
120926
67
126453
8138
149470
78309
38648
64361
63348
147322
129292
63662
3755
132788
42689
29198
43594
114869
113188
126943
28467
17301
114637
19034
66332
89061
82963
92275
131064
79672
49317
127438
13684
30156
123329
58665
124707
100309
64946
135783
52924
65087
14921
98848
91384
9236
138485
15126
6202
69883
80157
85873
128163
9760
33679
27791
57676
100321
36638
1479
31580
140983
135853
62609
144613
62311
80355
40480
107032
118954
53049
111528
41966
33022
115007
65775
74715
127787
3844
101004
94984
26832
2556
148199
96618
65212
36813
121686
6235
87505
61379
88998
3995
108927
15917
56884
81062
93395
36080
50411
58455
111488
129809
63340
67163
86510
96123
54610
42198
40481
32092
57483
141384
105647
78801
22240
67207
25175
41823
101038
127511
11709
56868
114240
133836
70151
38810
70032
34375
57517
41343
144546
130808
116096
49446
8609
137762
52187
82361
2782
36869
1182
92144
80069
140484
110296
58811
107823
49604
137335
104401
114159
89747
106725
93125
7569
54235
40313
34869
64620
137195
66407
24983
44264
20381
94997
14120
120676
24488
137845
48106
18361
109187
33663
43101
9630
98858
22430
113332
72835
95527
38476
8558
104935
70394
99891
84330
77759
61939
55818
55373
26101
19107
43272
115495
96823
51301
10289
127587
126086
128337
72407
65216
25302
45292
114982
16716
31310
20738
62409
99770
43883
122884
96169
3922
56900
28545
27807
23698
135740
76449
58944
107473
81919
98093
112107
16170
103113
121277
73958
118101
53581
21858
124065
139532
65526
120203
18265
48904
90979
24835
89584
29121
130565
130775
128901
114225
4139
148609
145039
34024
18954
115518
14865
29042
74864
125443
145346
133003
111077
71921
31405
131413
52428
5480
112264
136211
53981
124009
65904
116542
53739
117843
56165
127929
84913
62814
132771
110118
44050
60307
118033
25285
49428
103937
40254
134827
37195
142886
136241
101959
17904
128669
18298
142266
127092
64670
135003
143486
139346
85206
70167
84273
73346
25377
51946
148659
36133
117406
2458
19248
111864
102097
96077
88568
93032
66378
133401
87032
120886
14771
149573
24233
16952
146429
91741
21404
101178
61239
85377
56303
63824
4038
51961
118163
112398
105495
20694
33420
22899
103908
62612
115467
143366
15779
112755
120969
39744
100632
132363
83415
592
148463
7996
115285
96704
88329
69217
3166
48824
12779
85629
31280
44484
103005
33895
77482
54324
132923
17391
34652
6189
12364
110261
90669
62413
108613
58837
50993
134783
131181
83106
102679
5573
87015
104300
126706
99912
145495
86523
29031
133252
60244
49108
142159
23357
131116
36630
119866
60
22691
11696
9893
6484
55825
73400
115261
104399
138497
146723
133424
97344
22230
130908
80155
52804
51949
117692
97203
118791
42534
148551
62768
28603
109499
129103
75365
71592
118591
64338
124323
83381
109861
117834
114688
126074
140070
92163
33264
89286
10325
20774
110863
140458
100640
130120
133768
120245
4463
113017
59448
118964
32521
22456
129302
99269
100606
121468
127745
16881
68643
27320
654
57078
132853
65636
139975
1257
30261
127517
10812
98946
42065
136635
112558
81736
149279
93782
67828
22861
114488
128566
76069
117978
119107
96785
69376
91544
86087
57982
142140
111899
39296
50244
101452
84175
136599
143996
72807
86703
17859
40320
10583
81847
99406
125147
121305
6601
75791
141077
18984
225
64164
63793
17374
126410
26324
121819
18331
128043
104433
90802
36826
121695
93730
9705
29733
68060
91257
75801
5923
123862
103416
147532
22693
21382
42183
31262
8906
136771
51679
65019
61780
139755
940
102042
68513
90711
12911
115612
42606
44964
96640
147445
75527
94019
63678
31839
146881
118869
100123
135892
145506
23919
37926
99171
113605
62254
75631
72104
70145
47462
4694
123226
57742
135938
37467
39054
6962
80433
75792
26955
27510
84432
88884
91731
20709
80624
24886
107576
11857
122760
128555
21723
51718
85868
44140
41407
18490
32090
17308
30290
110240
22500
15399
18392
11060
122752
114854
141662
125594
79023
68475
111636
12768
56743
87682
5046
7902
78168
13187
118445
14549
77519
81279
21967
147622
44928
100132
32421
122130
10780
145532
110544
4195
93288
34377
103018
23719
75795
92573
114469
31141
42673
9920
2079
149078
30340
137961
142655
3111
55462
92456
117877
45002
146359
140215
124863
121094
26507
41732
112570
138075
83108
93720
104383
41232
25394
2765
117178
51494
93759
61413
70004
142256
77086
79070
126510
98294
17508
107277
33853
34589
70475
66922
131716
99711
93073
135763
98638
64305
112521
133495
39074
29127
143955
135079
103180
135703
20015
126638
50550
62797
94491
69322
38615
38605
284
32050
46587
91143
41923
13538
105614
121120
16885
113480
59865
107723
49237
148023
38023
36032
97671
121367
122222
7022
99586
17865
56641
12748
90609
107309
52694
96189
23797
48274
89232
73733
1989
37721
119486
9154
14069
136421
136218
26386
83476
28175
40755
5176
136075
116097
135115
33500
125002
30686
33071
82787
64672
23908
25553
90916
16214
10800
145065
75135
58080
71918
63538
25789
131769
66956
38794
149877
80133
40799
73646
146409
68688
98046
78161
91019
103899
87615
69620
2245
116061
60061
82983
3945
132355
37553
110029
132764
97702
77003
145209
113919
102970
47167
139388
112629
121602
146414
145453
99809
94441
9277
134361
109871
78803
128946
28482
30063
120602
36310
25404
37107
3891
76045
53067
44069
144731
76737
15184
135580
76017
67889
134200
140268
120320
33174
32396
100687
56939
66369
39
26600
3274
44940
17693
86818
118944
62176
1565
102871
136125
4412
37895
68093
2724
148614
104460
53169
120797
136005
39709
26880
85044
100826
139769
22905
12498
11270
93649
69309
118544
116246
9474
41140
144557
21411
52015
90597
71978
63903
110389
114584
104243
23050
79144
21798
1962
138745
12720
23133
101987
149206
81541
99270
83157
61841
20276
277
113475
63750
120815
70735
33372
15766
140769
82474
32759
137483
89901
136719
148140
46370
59866
10412
71920
16711
145774
116839
6606
143453
79551
70469
46993
16011
141496
100080
44020
2513
60186
12055
59600
148989
26797
98347
95648
133143
22778
114918
103615
119850
113337
20461
118969
16377
126549
136709
112087
133352
107869
134196
123002
47075
124341
9953
138763
8150
67507
147431
137764
67673
76164
5990
87458
78317
50125
80675
127008
44371
79473
25668
147976
30778
40392
84711
146009
48844
79755
93088
19073
26658
78442
10471
26428
72977
33197
57109
88625
5877
78847
26230
127922
93100
85310
37847
34153
61439
44258
96794
68669
38052
37013
133155
137021
120741
95547
21195
49282
97913
62600
61868
129459
3420
63979
12006
35463
67319
43639
42951
57015
139744
93956
152
11568
29993
127284
31396
87411
143854
121885
16051
69590
125562
77517
147949
84904
17167
65014
20786
113825
12174
86961
16566
135016
75138
120940
7574
95662
15774
148409
57657
55578
14352
67554
88897
119012
102332
120506
135969
62491
107825
86418
138510
126060
40976
141203
57726
137513
148185
72459
62592
130685
108395
101364
83557
131255
90600
56941
99225
117551
118642
14329
58888
92837
72655
105410
136210
133917
12240
53362
28117
113074
53580
27546
139060
132522
48792
18129
5831
32432
102287
44169
113395
119019
140282
83729
134805
111606
139659
148684
16550
44832
125400
110057
148921
37897
88506
66873
132723
108027
15453
113912
60921
123431
110609
67462
46246
36658
125372
129403
17551
44174
74707
65660
139216
17110
147528
59331
141843
62686
36554
99522
132694
25784
6358
86624
88058
149450
89045
107313
34412
100152
52725
112867
90367
22103
62662
28652
72133
34062
109427
88819
118232
137682
96789
29347
95752
76001
85642
73982
28496
124562
85766
95860
95644
59330
56881
73951
73512
55237
102544
95286
87716
128585
72259
18766
41179
96850
95868
58590
116929
22901
1113
66880
131052
66288
103685
69509
4170
123962
147229
8568
644
123885
7628
143881
111362
107722
63700
42848
24298
52947
63511
108957
124187
120017
110101
95874
78946
37783
109597
38845
94930
42896
136506
36280
29956
104768
15966
18665
81747
40522
91774
86301
11304
99806
136144
30685
73620
148685
51915
64478
106898
95577
47433
90349
118537
65070
18943
127884
141866
85333
82564
110668
19531
102271
55335
4689
600
84755
90907
2071
88007
22
119165
119834
146730
80195
58468
31490
31788
22455
142782
93321
122281
91542
113571
127508
15922
136213
49095
133837
9975
44204
136170
141777
97335
42085
34915
111032
79576
19811
142936
120950
70288
111591
31786
141026
5043
55190
69231
74931
59690
19118
124851
96262
117093
4514
20039
2049
60927
22246
53592
52344
41480
134536
14533
148220
134210
69242
139306
127542
23998
62978
142697
95237
74910
49281
145060
94277
123447
46747
68771
70027
68967
8530
105759
56136
113915
43932
81997
60229
19650
46867
50317
71150
33818
132614
50578
103217
96779
10287
64824
17685
87901
47445
146569
122494
106980
27360
104596
143807
103921
124463
123886
111973
136678
49142
92372
37700
25398
85831
55869
96546
93269
54024
57530
78230
67890
13541
113862
119222
136444
8209
12236
118637
54012
54339
9662
17418
31384
143103
98895
143397
104973
84138
95290
62968
131754
100020
37741
37210
149516
120828
48559
123763
30276
87378
66774
124895
128092
37155
76743
91963
58675
58323
10140
45722
42928
32218
60286
89701
60301
11155
91953
89665
73293
23238
70434
116800
106071
105737
45063
24427
7705
54556
116602
12859
86495
101643
49694
143385
37452
7259
116997
134486
82942
26978
136242
15214
80245
127486
145248
131142
45344
27611
75454
17774
120673
86146
7790
148146
20306
96288
124067
142008
138805
115370
138391
103520
34968
100023
107278
65357
121406
54583
96095
89964
47492
126405
34709
59032
97311
106886
34472
81624
22826
126303
92377
101065
32743
47430
128832
105226
13478
92772
109793
73919
45686
127515
141546
120548
75111
149548
24012
134220
8374
16305
133736
49328
68797
130664
103408
110780
7614
129584
142699
97973
144066
125487
146973
57637
40262
42256
93090
73935
35559
142546
53787
125126
133034
77522
7204
102460
57075
140802
111203
90500
52414
135407
148791
125455
62005
138161
39246
148529
74637
53566
45656
50139
58128
128313
41663
58390
51419
94280
135126
99495
126444
140427
114245
114988
83621
102850
29160
2707
30802
101388
148111
72570
124938
60711
19168
3457
132133
137852
90652
140526
44170
127907
93182
63972
48724
39271
95054
62715
91627
66032
11502
88171
119952
148239
52079
132515
138580
70441
119728
94006
32996
93488
117997
142245
56238
141853
43774
127754
92442
108104
33533
63863
67458
20380
111998
71310
114570
63392
27043
28494
112141
70399
128125
50874
13029
54696
27705
78729
61893
96163
93544
88316
12697
18987
6509
2620
100818
37674
52855
100433
12811
142365
134313
39238
49180
81032
148979
103139
94983
1783
494
6999
4975
6806
37854
50773
33167
135369
10088
64295
9796
4821
56783
4915
39938
68488
82574
1826
59035
144202
637
134812
7278
142673
132636
3911
120475
68217
105906
25987
64509
93036
62069
63221
135801
108570
116583
113394
94126
35607
98554
79096
85487
1177
81334
84193
23100
138121
84164
90082
125576
1894
15017
75213
2830
139484
72171
22902
44247
35700
68507
28673
24009
51373
136858
114993
80554
5260
65345
94638
49886
93961
90022
128998
79838
11745
99607
73791
89468
50138
78227
46496
97960
18271
132371
21316
47011
149638
93241
107948
144411
25836
