80428
76527
39907
63115
67430
40134
8102
71032
2718
24406
14716
75698
73390
27237
14938
64656
58428
22107
32070
55136
13943
49298
83290
73532
43020
667
25329
17369
40287
46241
10632
65421
11534
75097
64758
51773
52576
62151
27839
64524
57868
39658
75307
74155
32160
67972
56961
50691
13563
51440
79940
6962
18004
25913
33362
42065
57890
84987
49131
66285
70737
3173
36445
31535
45582
80176
90875
30987
270
17845
34412
9791
44765
21560
25431
9246
29015
26702
22799
71741
17712
58364
10733
27783
56857
66832
37355
63032
44137
77344
31057
53922
88407
67007
41810
30644
18951
72807
74223
63466
22333
43267
10024
33447
30590
78264
78730
36097
53114
10827
5856
27394
18170
87484
15584
73619
20666
53874
18624
3142
57091
67719
36161
13954
5930
36291
12493
61027
43619
2601
47035
87271
72416
2894
66765
6162
63076
45643
57686
39320
32752
60496
90687
66959
35155
17409
78310
10745
59549
47663
1160
50623
7019
75327
4455
73361
17329
39983
26740
61054
41332
84059
67234
40880
16208
43030
81328
46398
61589
36300
70527
23545
79957
78830
87798
87937
52258
71424
65192
14015
66011
64783
54478
39415
72281
84503
21979
2781
51821
59414
91002
634
15264
16036
26054
41491
86139
54463
1117
74207
33340
8172
19474
59339
66191
49935
34871
69272
24646
27036
12768
13196
13311
54047
13633
82392
54201
58782
53483
37788
33496
30416
52889
21975
66540
23577
89565
16707
71388
28732
60991
86577
60553
34010
44067
5043
43880
73496
8111
36050
64705
80814
35014
19773
3130
20051
56121
45393
35916
2676
56660
12310
32410
57748
40673
5756
42323
54402
9550
76764
69199
43615
37364
81247
65876
66935
30973
63889
83155
46217
50398
35393
50931
86976
30080
