67MTCGCH
CHURN1RY
2UC6ZGUE
E8KNAK7F
CNEK032G
79P7LWVC
J7O36MKV
4SVO1412
H535VWZS
VY2AMDBK
LBST2Y1K
EJEPRIOZ
2TIB26PC
FY355ZJA
O2SP4GR8
IATWLR9L
DITT1IRE
GXYK41CQ
ZLYL4SZJ
0B1CMTMV
7EJM8L9I
GARDEN
9Z4XW4D1
DREAMING
NX2NFA6B
D2TXNZKH
NQGRE5J2
2L44MTTH
UAGAU11J
OY82LC11
TYV5K2T9
1CQFKNH8
KXOPIJKI
KO7OD4BI
L1NEZQL0
P1N4N6RM
GRTIMY0S
TOOGDCQI
Z3S3CBHN
T95GX879
G90ZSC7V
99BM4F0E
SLJEHL6V
DU6MAHJT
4IEM0HG0
EZVDM7YK
6U8KA36P
6HZGKOXO
LN6S7ST5
068R0XP6
ERESL6YY
WJE37DWE
3LR7P07V
VPGQ3DWY
OR781MFC
86XDZEYB
47OZW8P8
KREX2C6L
F8YNHULA
AQU3Y7HF
S4JM46AV
Y7D78N34
N42CTZNJ
UDFYU7L4
J488GX6U
WEU7WMCN
QCU13RG2
WDJXCFDG
WDY6V32M
FBG1BF5W
NCND0OGZ
Y2SF81KS
EEARMSI9
ZI36Z2ZK
ZKETDO7U
4D60BEMV
ZD64NT7N
HGHP2079
ITF0G339
ANL6RFEJ
V5KDMDFS
64DT9BSE
UP7MINA6
15QYF9HE
U6PFTN78
R7BDQ5DZ
P8HDT25U
ZVJ9T8AT
T9UK48EL
A4WZR222
VKSQ97R3
JRS0HUBR
FBUVKVF3
KNQNITJQ
JC4LGSIB
L8GZHF2H
TN4GPV78
UG03VDGD
EOOL80ON
GUYL6HL1
