Q4I
Z5N
83O
5HB
tqI
RvJ
YOI
scB
tqG
WuM
pVR
0PR
HkH
wfP
WoR
QUK
GzH
G1F
80R
OVJ
NHM
3IM
vsM
O8R
95B
0fI
29J
LfD
byJ
W3B
siG
IPG
sz
CwG
tuQ
cKB
qdR
PJP
LyB
7CO
29M
tlO
dMG
GcC
M2N
Ro
sTE
MCS
xIN
9cD
HiJ
aAD
CP
DcP
3qK
KWC
RqN
8VI
taL
xb
03P
WrQ
G1B
67G
ATB
UAQ
y5P
pXM
UVL
r8Q
JS
AXB
NkI
MBE
ftR
nIN
kLS
ypK
DoC
xgH
kcN
SaF
7yK
ezQ
QUB
SzK
i5D
XhB
NsK
BRH
u8O
GQO
g0K
ByR
TnG
2JK
3TR
jbQ
AHN
brP
BXC
jZN
5NM
FMR
bMJ
b1O
WwI
QTO
NQI
yLK
V1B
wfG
4PI
xsG
LAD
HGQ
dXN
jqM
XfK
j8C
ZlQ
RfR
ThI
qzE
meR
5xR
g2R
eGQ
j3M
DYG
OdI
rcD
LSN
2hD
zsI
EWQ
t9E
GBL
kxO
xfC
9WC
jtB
JjG
WTF
opQ
iKD
OSR
QgP
NOB
Gh
PeJ
OBM
yxI
gD
YXC
XLN
kkB
AvG
tbR
zoD
UrP
fmP
6RE
5nP
CAG
PEC
PBG
zmG
nBI
ynQ
oIF
mII
TzM
zAL
AIL
07H
uQQ
e5R
3v
myJ
ReM
ZiG
brQ
xqK
NDM
qOI
cON
H7G
qUE
JbK
wtN
tT
tsF
gcC
4uB
PHG
U3R
ODG
gbN
n4O
IdM
FeB
qNN
uJN
7xM
X6J
LQM
EFG
t1G
bUK
5J
t7
jRI
NKI
BFP
UVN
IMC
bTO
8RF
pvD
3lH
A8M
GoM
MEG
kwK
rAG
YDP
aJQ
ndM
v1O
Vp
ZPG
nfM
wiC
73P
F1R
xrB
VwR
EVC
V0D
OgP
y2K
SfO
VTF
QvJ
f7R
vzH
AOK
LzD
lfO
pFJ
w0J
EyQ
yHC
LCE
rhL
5TB
7TF
plL
oNG
6MP
NeL
UyM
1HO
1MM
OiO
46G
6OF
lCF
Og
RRR
QaE
NBO
v1H
omC
tcG
dqM
ATR
bsN
xzP
ePP
QKD
5AG
11Q
DCC
gXM
pMH
OYM
o7M
2J
ajD
i6H
dz
GjJ
LyN
9zE
hHG
9zH
TvD
y1D
e5O
OnJ
qQL
89M
6fG
vES
ieB
e1G
1mF
oAB
62Q
6xJ
psK
L0B
IxM
MGQ
40L
SQF
u2N
RhM
bgG
6DB
GVL
ZZM
Y8K
jUG
QeC
9uJ
Bx
bmN
HIR
FoE
jZC
iZB
KqQ
WLB
stP
yoB
LqE
4e
NSD
HiC
9fM
eIQ
CwE
uoC
NdE
VIH
uGN
TVN
k3H
QQH
9sO
yDI
uRH
hZB
XQB
o7O
DsG
ITF
SuI
dkB
oqJ
U6B
qyE
rWL
daQ
YdO
rNL
l4M
w4L
N4R
eHN
7OQ
RbF
B4M
