74196
958
3650
40127
81505
21224
25658
78685
42087
51477
24597
70746
45144
73095
48096
78389
20781
77555
24801
41977
42550
59145
33704
1544
46831
78172
39433
21028
82396
48735
57361
61022
64218
82896
54318
834
38453
76697
46443
67757
59435
51988
18287
68811
18063
48313
7561
16173
18662
23813
35360
71929
71325
65117
28699
84700
18167
57536
66634
47552
11093
58590
27360
8688
68347
47452
25906
13006
82387
29005
6432
71629
19569
76204
79832
53040
69313
75935
10410
509
86401
70821
75078
13778
14114
64062
35190
43205
29522
76285
73623
57295
4703
49530
82226
15974
19053
4764
49621
3115
55802
57521
37133
17813
68702
22007
42169
20802
71896
61698
31793
24862
85617
40777
3034
52050
21481
27207
29476
19424
27779
85634
60337
74892
71768
54098
8908
36439
30919
73644
40861
7965
31668
14990
16584
39954
29986
57291
71300
10004
84240
19522
57708
4761
46254
34489
34701
8270
28325
61024
69793
33186
25146
56421
38004
66119
68317
32405
36232
56859
24139
76402
73688
76258
72277
25860
66508
31281
2260
79400
17170
2750
63189
40960
76166
51282
72498
82316
62485
26872
76229
66890
850
48203
83599
83200
23368
72418
5721
11280
81526
55888
62336
36361
57523
49983
45560
30639
9967
12271
33310
51893
11649
47908
48572
12220
16715
37209
16704
53244
59638
30454
21117
11916
8183
73199
29421
26781
29631
3811
11018
27414
63495
56709
71028
8425
6189
76004
34631
12944
67225
76765
9021
55125
9728
36792
5257
46460
66939
26072
14083
11888
17434
62494
70137
73721
76324
26223
8527
84935
15551
35877
83513
6183
56103
56786
16486
23270
44467
59797
9686
76597
39420
75602
4747
12244
26571
36066
9082
28085
59556
55173
42696
19526
82618
69512
15275
74905
44591
15896
82493
66993
3646
41928
4149
61107
19220
84292
78861
55871
36172
23535
5360
10545
56144
37983
66517
75257
77338
60926
28040
53460
35136
81130
50314
31081
58605
42353
22235
13253
30340
9414
18517
73545
43840
35573
6320
61664
199
34132
62371
26930
57036
83848
9198
83717
31054
5586
57532
84975
1966
22597
31925
57465
28446
80023
69327
26855
21083
48976
60439
46534
62785
37460
74464
58952
16077
60631
44789
77480
53872
14969
7093
23607
28416
54898
3322
55232
47414
76496
53041
70534
40694
49962
80206
60848
43014
31057
13713
6338
28869
4798
38844
27786
30094
13991
59670
52443
3714
45406
72423
65453
57185
85788
20570
52592
31076
9852
31892
17278
77017
83426
81364
19799
20925
56572
63315
9307
46053
86027
35817
18422
36250
20198
46609
40044
35260
66742
54015
65555
57197
68882
85731
65131
73771
77216
6862
7177
79547
81906
74061
52909
40507
13426
57150
48698
37396
16152
64409
38747
40422
86413
26465
3463
65872
61365
34408
24906
74911
17048
29997
28432
21417
25107
82171
9906
51873
83203
79907
83866
14690
70939
37037
22503
15945
16344
16590
69730
73174
40786
13345
56250
586
35201
41095
71153
85966
71916
10778
57867
1441
82358
70477
49910
72477
31115
31795
6353
36753
28022
82631
62418
19777
58454
41508
33044
39394
61194
46177
5393
12079
30747
13429
31748
3484
46457
64255
27583
42834
73139
44182
83496
33832
76368
44144
80156
23382
59973
50548
50451
49528
9463
57811
19109
51503
51558
3005
48827
5579
84115
32150
77113
78686
52603
24376
50934
76980
67734
57583
86082
12608
51420
21061
49003
25494
84672
35620
66926
27393
72170
7228
77305
82017
59272
7003
32516
6064
12753
1190
7686
76599
4567
5501
6747
15371
72317
4024
43052
10197
18303
3826
65360
39576
28543
12310
40610
35445
7932
49442
37635
61771
62201
79584
53698
54388
77293
73978
43853
4100
25564
20284
25653
843
58850
30841
24051
47708
71090
13121
57343
72966
25908
65153
31931
2124
13942
18862
29859
26811
78641
36678
37982
65312
27871
69549
77489
43902
15292
14628
50578
74782
76297
82278
50615
1847
37497
86343
27520
33662
43525
2918
77026
61393
65215
42044
41624
73546
37446
66040
65968
82237
79724
49855
61045
20346
17312
19472
27663
71434
40421
24450
19456
19130
68380
47757
4050
56979
29641
52232
4912
17884
37183
51342
51688
83456
44379
67681
57945
54364
19825
65926
38806
31927
59289
58554
54263
5911
8030
40381
60224
47296
76367
65343
5253
83921
81562
51979
75520
24989
55648
24626
86371
76892
20571
13725
67493
79595
15257
50427
16099
25312
9284
79535
2057
32880
33530
37222
29758
68047
29038
54700
55812
70768
62178
6516
78230
45103
84998
68357
21700
81246
37864
14518
43308
69093
55128
66371
68704
17372
73143
13642
13076
74670
61015
23892
50573
59335
19191
21610
22482
81803
78539
8594
48311
14684
33791
32626
57977
78695
39066
46217
42342
28358
31326
47680
75484
38557
34710
19995
57354
47392
29603
79942
73864
24962
67270
23920
26657
29866
9597
80664
50982
84854
51101
37615
50099
19433
8121
85341
40503
65024
38459
25218
82297
24434
54767
62771
11222
6005
64750
50044
60347
4853
58254
61450
74608
27283
19641
55453
42598
83346
62157
68191
45908
14600
546
36202
8205
72126
3928
1767
55266
58717
21200
5506
51298
72214
72460
37554
43335
38558
76929
15642
22691
25138
80985
65946
33661
17942
71407
12754
83549
39792
69623
50799
16580
23642
86369
64987
21412
30188
31887
31043
3872
84418
50672
7963
4387
12772
85371
24101
10269
45081
33234
41006
39542
22331
13507
7170
28258
66271
67485
82715
77882
15466
40568
33493
85653
38415
64051
32065
68816
85374
75407
3369
51199
35174
52387
7426
58435
75845
46331
51987
40586
4277
9296
45463
72348
27223
62019
3879
25438
63598
32645
4327
9735
18427
75631
32689
81668
37081
77469
43188
69969
19132
562
9990
81256
9300
24192
49743
70604
60458
33106
37182
80539
26494
74458
32613
15585
18566
40189
74789
52887
63838
55981
4610
23271
41772
8726
58008
47993
19368
6382
32681
28384
52836
63030
58637
5742
35111
68225
25785
5550
51523
62180
39823
4020
23866
38959
62553
76913
25704
13869
30786
33597
12745
80188
15775
40611
49856
43380
59268
77978
67993
62067
29982
59035
70717
81554
53651
71627
76643
28562
54420
38475
16635
30732
2493
25305
75933
16424
30583
80414
63121
76136
52291
49384
25950
85840
86102
36095
12998
17100
44295
77434
17854
80824
46010
16874
58175
65219
37979
5528
61784
72509
51377
52645
52506
16959
77789
26096
68620
76927
67283
34606
14979
68817
56817
60242
69959
61824
81227
4420
34737
30957
14566
83325
35206
70407
85896
24601
2150
45125
18603
78378
49036
4414
84399
74419
17506
10728
56850
67377
1021
16780
53683
68964
59821
19667
3254
21262
54605
73145
55706
78980
46862
72882
13679
82079
9147
59115
33426
44458
41550
66330
62187
28219
24110
58924
28588
76273
18067
47542
47863
17518
1079
71534
39535
44441
27830
21745
41975
53710
21639
41541
50472
70130
7201
69325
16949
4675
42846
63635
45402
14379
76909
66162
22663
66270
18176
64944
29744
83226
23782
172
23745
58522
20918
62262
5468
46048
60924
82172
53001
78816
39133
83207
32122
77503
65042
66965
34050
83380
84315
8832
12417
23757
23516
43216
19654
14035
85597
66169
12374
615
86178
48722
31117
52884
8722
21561
79860
39171
26119
2930
56477
14312
72113
74886
63563
20790
12475
44141
81568
58398
72464
18707
70515
19550
47236
1640
28136
42244
18712
39594
84333
62500
20493
33164
13597
45036
7025
46250
65956
72428
2093
50686
60424
85802
41073
64554
21802
42746
76823
8076
49955
52683
74590
10550
34089
65867
39583
35928
47227
5261
55412
15544
60226
766
47633
36956
50572
20383
40379
57162
56810
50277
3676
69230
58442
60684
35253
40003
67806
52724
75755
42522
39006
81954
47748
21409
64392
55449
78885
54698
16351
8351
65223
73237
8061
17085
21724
36033
11190
17592
84696
71188
43493
80084
27578
18697
82887
51129
23294
2950
46105
72049
45942
67360
61043
17683
19423
654
54593
62658
24786
73610
66048
36580
41144
47274
26320
26235
21223
47384
16667
17912
244
23595
13356
80120
73440
59401
50562
30627
43444
36782
10473
43357
56496
11413
54341
26498
70878
35523
14683
32300
49211
58338
85827
4745
38410
40221
7262
77907
33380
84117
33257
71644
34254
40575
4507
13955
33517
22619
52246
14415
71017
76936
81559
1590
61632
18498
12340
57159
49951
61905
44142
82268
42830
30035
41901
51002
58448
22616
83584
20856
49608
69989
73801
70227
1915
70
4698
78107
68123
84852
48345
36182
14608
40133
1935
44465
79484
42122
60097
47556
39318
29457
28554
37161
33752
13652
21715
55865
9293
64869
16397
38501
31539
27774
37763
59187
5806
63883
17798
71616
74175
37563
38611
65635
28452
36006
32226
48289
66407
79050
26466
72671
66715
43695
81073
15632
7818
10632
19222
68684
46294
63163
44653
3836
33966
38339
27589
62892
2805
39985
21946
60863
34873
3950
37630
81567
7539
36039
69375
56887
49035
43128
30216
66595
19094
22525
9245
36899
35357
41733
38754
10944
73084
72379
16504
6844
43132
64119
64329
8252
16725
47813
33641
44930
19721
16631
75802
8017
77818
18520
44710
75298
63955
20797
83067
77212
20151
6323
16822
74142
77868
72602
77497
79228
2768
43846
3289
59549
26883
86113
59601
65845
20519
83199
22413
73809
56466
66063
1280
24271
82012
42180
22891
10750
82389
36289
50646
4109
78467
14162
60722
84702
18161
35038
67753
231
39867
8699
12032
43
42706
76575
7728
72200
14770
23734
51778
70618
44875
11605
60974
15048
10882
82674
62549
33954
47867
49067
27490
81420
15175
44831
22571
66050
62435
70460
68027
49143
59069
61944
60792
30450
79303
9102
5267
54081
42104
77915
52950
5817
34545
43009
41804
51190
23735
72289
33343
76138
27726
2385
47295
40246
75328
41880
19059
52776
57612
60297
56093
40583
42310
38050
63292
34330
69063
76642
29712
46643
9206
24927
60353
65385
74444
77392
6827
321
51349
75778
45158
60425
69557
34486
76537
18923
27239
57929
11599
78312
69322
69096
56631
57697
38865
62503
43583
29805
29850
11522
4554
55744
65416
65940
65195
70742
82654
51716
31146
54962
35934
67782
51222
83634
65163
9567
83843
46074
49424
76494
51422
14296
29963
40217
5443
78526
47151
7692
43576
50745
20463
41186
56683
3432
16215
34690
2609
27836
13944
10657
71382
5347
44426
68858
32077
47920
59039
74362
73836
69714
73691
65567
52973
66996
77414
4171
16242
1029
23466
84861
73445
33931
6001
3239
28605
10480
16223
83919
44728
45437
16925
10361
55328
12597
262
15738
22325
83451
62211
78340
75282
40318
53204
53237
86394
30671
32598
40459
70686
84720
34592
60742
27364
18109
67419
5167
81702
58823
84565
65014
28065
33344
31309
38112
85040
37042
3335
51917
55296
83899
9303
44396
40614
64145
33647
14075
27717
20930
1772
22581
66081
53258
81222
75244
19403
7045
82922
18370
35916
13607
79476
8879
25550
76589
79891
61575
23761
55958
74894
59092
24206
58434
9607
64462
13233
58675
74818
66115
48079
40990
14025
61162
24394
4859
20130
3171
31553
46305
49178
18514
13462
57752
66363
5203
45613
75187
21407
67415
46299
69782
21973
53703
48988
40088
3910
60819
28742
64071
53773
40042
66911
17192
67558
5073
28920
67048
76234
41032
48343
85476
37214
78934
77621
83605
18747
7597
78889
5663
23350
52730
15370
15620
29786
9424
69954
17941
60198
8383
53881
20476
86361
59206
74655
24949
85598
24562
50893
83089
66455
82125
69655
34347
51767
84737
36914
70468
15644
73213
79637
2674
59205
56091
49869
1644
21569
84868
2591
36968
4288
52196
10189
71678
24623
75019
71458
27637
37695
74871
53005
84077
62392
79451
76322
6699
17160
36254
24829
19195
52840
56656
74038
32787
40663
27957
32285
14760
82915
43291
44180
69320
38437
42809
7905
80874
46220
42226
78413
14359
33648
21354
44614
55722
24953
53889
37286
72239
1430
19282
50911
72469
12288
52886
28051
37102
12876
32051
20616
10854
70020
33992
24659
48708
24737
15721
48077
52784
69355
80796
33965
47877
41461
16526
17762
51780
71021
82926
36108
59848
74224
13187
47729
62702
44574
26692
69186
48934
24026
76987
45662
60300
398
29448
41449
12206
39674
56490
30206
84627
40500
33450
22962
38216
53102
74227
60432
16417
15702
58659
27123
61776
60344
44833
21478
78201
82306
15137
16964
72473
35457
63601
65971
65200
72373
74855
56935
69858
63842
12330
86167
47726
83129
79833
48377
55375
47127
18325
62800
68676
38519
64708
1582
81079
49612
79983
82783
27996
25398
50974
23193
9768
69170
78518
31534
56239
40355
59249
339
15740
52299
32473
51078
6178
10270
75788
15043
13034
72737
27449
61419
56708
71135
44366
39639
54952
85383
71116
38381
6118
48992
59533
3092
64337
31378
62946
11693
79202
7202
21734
82377
3203
74365
31956
79673
32913
70485
59031
85561
2687
2010
43091
34181
80185
6579
36762
54715
20726
69075
30008
35369
80746
13704
22271
1878
81548
28274
35513
11336
18755
66214
48599
42
41424
18700
49784
7369
49938
54369
35715
67896
7824
58155
39628
44924
24561
40859
17992
47033
62149
78146
28039
13035
68254
12356
62016
62520
22347
13921
54262
50649
64367
3973
39629
85369
84058
44252
69303
42390
69057
58091
31714
66068
7800
77783
42070
72681
48633
59790
58542
7280
74652
30140
40467
64992
29007
14285
8914
59361
78916
85644
75539
24237
76542
4845
25635
76954
68139
74144
75240
57016
44496
4004
81738
78735
34382
64556
67820
74406
84686
85270
32696
5487
24528
45163
44757
73486
52915
80145
69723
33368
1189
80517
55646
50559
44723
62696
21881
53420
54943
14455
60973
15082
25889
71747
30169
7912
76688
42962
27472
58870
3454
67527
25394
68836
19724
42782
74712
70052
7379
74029
68329
3481
18157
6820
46603
6256
80420
45170
73127
30954
24283
26419
64965
57655
69146
2965
66955
29560
20246
80434
73004
43224
20554
65087
54834
78537
40201
44839
13823
47559
75196
427
58684
35967
55317
60103
71749
44238
67947
39235
73385
70235
18104
84252
53685
20164
27427
22798
61805
1017
69377
35039
68555
21156
11714
64909
70307
81131
46187
44783
75642
30335
44575
26024
54766
43782
16046
58409
33753
67070
62151
45297
54097
16327
71506
16318
29475
3870
35417
25316
85539
79387
13177
627
39151
28518
78
63285
18428
71380
31383
64602
74127
66258
79609
28629
83201
1357
33056
73790
52615
85710
63667
75045
25790
85564
61817
78825
10347
17873
18372
68331
45592
42251
8426
12375
76384
74865
25705
7513
8456
48699
25164
74387
57949
60294
63877
51235
60627
23831
41448
22830
60525
6766
71818
1565
51200
58079
40828
46635
33072
10383
69800
43967
2502
43360
51473
57574
4238
70383
57591
15015
15539
12115
45039
80612
52904
38067
57626
37004
8258
59046
30643
55929
9701
72838
19116
81670
47657
82720
61997
51313
55234
53769
13417
65210
78272
4538
46525
9350
40909
3688
82105
29702
32565
40584
69504
73716
21899
38168
26122
64450
53655
58716
73285
16690
39669
49733
73958
47178
79734
63146
33516
19932
80726
75226
48831
55819
24969
20814
44968
3888
56040
12622
58652
20847
80953
63699
77578
45733
16900
44385
22504
71339
39259
38951
31083
14793
13310
59086
78048
70259
7929
24369
54034
82735
34723
20795
24365
83573
20774
3313
1039
32320
17765
79365
66544
21143
77537
84521
5426
83695
82988
52319
65144
4684
80400
868
36813
44523
40907
37526
2917
40413
65105
70831
45755
66960
59538
32105
46576
14238
6609
71392
34757
72696
76783
67400
66865
47618
11845
72441
75658
12063
70155
6407
69760
14172
41823
34376
1894
53589
55457
51453
70981
20414
7013
70506
46858
48955
7633
67456
28846
71066
59577
34599
30487
33879
31621
18602
37753
84022
33604
39623
51381
68631
55342
25565
7621
53578
13415
60642
52949
51309
55044
51850
81189
75385
22104
45281
7524
6317
55869
36520
51664
30577
29972
31066
47282
36534
79573
77221
42826
37220
58130
86164
13802
43154
18275
50508
79931
73310
66505
50016
59007
62733
50058
56554
8517
13856
73887
72963
668
45738
17700
25335
2042
55256
27851
51875
28099
471
66625
54427
33393
3036
22878
81775
41925
41028
2709
32722
69656
5313
24979
18020
45804
68872
29419
74671
28589
67941
60510
44680
54127
25353
47762
678
28721
28229
41791
29723
64550
48020
27584
61424
48340
63914
69484
82184
54348
29727
2420
61402
83948
35293
56699
38093
26507
44171
51564
28874
35359
76189
30607
85249
23100
10609
16811
12352
27844
78255
38785
36874
23660
63832
84491
84936
37073
59501
78417
53540
85223
15400
69770
34138
57827
32223
50313
73393
39930
54922
36553
29532
22439
57246
29845
40725
29409
76625
29208
37344
72637
2116
72651
74357
67777
74428
3035
16915
21733
40437
11258
60440
73144
75369
39746
26468
9372
18893
19366
35166
25293
20720
81814
46677
35932
32835
43207
58503
23914
45286
7779
81441
82425
52721
41607
21585
58599
349
21552
13469
57670
10537
56844
14875
30822
29189
45048
2557
22780
56997
39548
65992
58262
35285
21306
24924
83222
5761
30263
44705
54349
12474
33157
75000
399
28707
41156
79939
69859
72693
64818
43027
18761
51609
15651
62538
59705
81396
44112
43887
54379
42199
85296
67982
13616
36468
74573
32185
48663
4343
77476
18210
77178
36860
81345
82060
27121
56700
56245
83607
20156
50683
29107
42623
26590
13851
72234
30714
71974
69864
54367
74114
58373
26093
73009
20406
59152
25595
37002
60279
26183
20240
62002
43307
45075
76622
21087
29233
42805
72250
64748
66828
39555
53356
22092
70484
78911
76111
36143
52416
409
27482
48913
41240
16136
48646
10315
71988
4184
6961
64353
9132
29897
58405
2598
38517
71600
39775
2143
46967
52544
56224
47783
70610
8636
4367
67639
66399
16137
30167
55461
57705
10065
77114
21674
74787
34305
70808
50204
44547
52628
42005
2763
30987
24985
1727
201
20874
81014
40181
2755
70812
14116
79964
67760
68076
10994
52806
1349
1056
35117
69764
58281
53915
56025
3954
74101
15866
16147
37964
80478
68827
42874
2546
591
81767
21209
65591
59695
41173
85279
83402
24633
80663
50284
31374
6467
42238
80208
30961
28213
40165
56620
67671
23907
10144
17157
60153
30595
44636
4185
11145
77270
10883
86389
42838
76977
83212
74186
23102
80467
40274
56266
2226
41788
83798
58721
66192
34642
57348
48052
46561
48489
36519
85139
10586
37426
69561
68740
10985
57817
15991
41037
69402
54321
8198
23988
81232
47558
48805
62625
82143
42268
62313
42733
79846
42454
1110
38507
19769
47833
73566
34854
50046
49448
26114
10604
24129
72814
68582
6549
28188
23282
66868
2676
83506
5014
13268
15727
3275
23993
11227
48397
80211
56594
35509
53856
80545
31088
39929
26061
71602
37480
36714
33944
23045
55584
1199
7749
64731
44641
21334
36138
25654
65655
75567
16696
82245
39200
27982
78598
64437
50173
1637
49909
25725
71811
67303
24688
29617
6073
10019
83024
42915
77765
5643
34
20231
34956
13026
54116
10125
68085
7942
4190
72056
14215
63238
73668
46192
29840
58141
8138
68654
53989
53714
58101
83445
4164
37484
65
14619
3733
7385
57474
8009
50063
70319
61228
14913
12480
62431
4878
9721
62778
30065
79297
26339
27688
20078
53070
25254
14574
8531
75958
24371
59065
23397
52530
24655
48771
42579
40716
11989
37767
65127
81262
23581
77543
63708
84339
62521
51136
48298
84683
81591
70962
64019
60902
43645
44264
71158
69887
61597
1293
70224
86265
27184
1085
40277
85904
42498
4579
10760
31216
51738
2306
66154
27985
28689
70217
76363
18408
82010
69996
71684
83992
43812
28475
67623
83902
23125
52999
1873
8395
27321
81333
39702
73570
79735
71704
76228
49728
20829
68
5281
73101
9959
63763
1497
65575
77368
8081
33939
21021
42401
62093
9199
59486
49889
6880
69034
55575
10787
23687
81570
84190
79496
49836
72668
52818
81224
19077
60515
80645
75579
65508
74251
36323
44201
25647
16164
8225
40732
82808
20041
11956
84846
46661
57663
24180
17459
7519
11203
61827
19335
34445
77431
75181
24798
76075
36642
61765
85713
13331
44667
70907
27817
41696
66906
21525
65912
40045
46080
5848
17713
53571
52294
53839
40743
62583
2802
25740
52928
28719
24540
68277
13976
41238
52399
11362
75636
83973
612
10583
24395
83787
34046
52848
53693
33666
32490
32716
13082
2166
71012
68653
45692
3223
27728
28427
73245
68980
33848
69231
23814
37787
4690
5774
1376
85683
69601
9341
20624
24754
82884
67946
55052
58775
47768
22930
68927
78050
66811
44654
61917
74661
60908
78669
40493
41277
83375
46279
84110
29811
81915
69241
78237
25765
65113
56260
59931
17381
38295
47115
45031
44390
56008
61588
27412
77518
22738
46446
18927
81880
8127
75424
4838
80051
10184
72729
