3068
3009
2697
2690
2628
2553
2465
2378
2264
2215
2085
2038
1917
1885
1871
1685
1493
1343
1248
1213
1146
1088
858
633
628
475
3756
3053
2612
2423
2367
1547
1166
1122
1105
1026
750
490
317
286
213
3763
3741
3597
3478
3405
3343
3324
2895
2813
2682
2541
2377
2375
2365
2346
2228
1972
1913
1893
1646
1609
1517
1428
1048
922
553
298
202
3960
3665
3581
2967
2940
2835
2799
2720
2400
2052
1950
1690
1269
1201
715
602
240
110
47
3880
3834
3787
3712
3421
3354
3289
3273
3198
3113
2853
2825
2611
2502
2411
2194
1914
1862
1656
1188
1158
1097
1074
955
825
809
569
355
157
59
40
35
8
3971
3828
3751
3118
3105
2931
2888
2644
2608
2593
2484
2412
2368
2315
2041
2012
1954
1925
1883
1813
1691
1451
1439
1388
1341
975
788
754
693
456
81
3978
3769
3731
3694
3502
2830
2829
2820
2770
2647
2585
2482
2218
2107
1812
1809
1705
1674
1377
1303
1219
1126
932
761
705
480
421
63
33
3840
3839
3781
3729
3700
3605
3510
3437
3188
3121
3069
2756
2753
2718
2503
2444
2090
1762
1645
1583
1530
1463
1227
1196
1152
1003
847
780
717
638
545
252
66
3922
3904
3355
3094
3078
3055
2929
2882
2764
2574
2548
2270
1668
1474
1310
1271
1091
1055
961
919
827
640
380
299
258
150
142
3930
3768
3714
3639
3548
3445
2971
2761
2734
2713
2618
1784
1743
1628
1506
1490
1340
1317
1206
1197
1164
1159
1132
1022
905
869
785
776
547
361
319
14
3947
3815
3798
3603
3403
3332
3111
2884
2653
2624
2487
2478
2410
2404
2317
2216
2174
1945
1783
1595
1518
1503
1466
1419
1366
1099
1058
995
860
683
652
529
497
395
310
263
250
3950
3822
3659
3584
3402
3310
3220
3147
3048
2744
2566
2409
2116
2055
1892
1829
1801
1731
1608
1593
1589
1491
1360
1280
1234
1081
698
636
378
200
104
95
72
3721
3540
3424
3311
3230
3017
2602
2477
2201
1822
1719
1629
1552
1548
1399
1256
1040
926
663
575
3821
3759
3628
3564
3353
3256
3249
2899
2515
2430
2364
2301
2075
2066
1476
1332
1306
1242
1209
1145
863
692
610
578
524
457
363
3973
3649
3638
3542
3499
3434
3432
3174
3167
2912
2881
2880
2455
2291
1755
1744
1732
1665
1169
1077
980
966
948
939
872
866
641
540
531
101
41
7
3872
3826
3544
3515
3512
3170
3132
2970
2887
2398
2360
2224
2129
2128
2061
2040
1979
1903
1635
1557
1278
1267
1028
1012
953
843
774
649
591
503
443
94
85
3929
3913
3812
3690
3685
3623
3486
3281
3213
3206
3088
2599
2256
2205
2100
2022
1918
1704
1640
1539
1510
1460
1260
1128
1120
1034
543
10
3928
3535
3500
3485
3408
3001
2866
2664
2303
2300
2182
2013
1848
1712
1701
1475
1462
1436
1204
1199
1162
899
879
563
411
330
76
3943
3917
3866
3301
3277
3096
2823
2801
2769
2171
2106
2053
1756
1751
1660
1456
1339
1283
1263
982
485
437
398
311
211
146
128
105
3902
3743
3736
3647
3511
3474
2872
2863
2837
2704
2435
2071
1974
1833
1773
1610
1458
1265
1182
1172
882
807
666
469
435
416
248
221
3806
3785
3784
3595
3578
3368
3350
3180
3155
2989
2666
2650
2620
2498
2245
2091
1843
1659
1536
1479
1056
956
815
691
679
522
495
412
354
326
201
144
3919
3786
3780
3193
2748
2451
2434
2418
2287
2227
2190
2023
1996
1761
1546
1534
1433
1304
1232
1189
890
766
197
97
61
30
3800
3773
3717
3699
3682
3583
3467
3288
3165
3006
2914
2905
2844
2805
2803
2660
2198
2122
2028
2007
1942
1799
1630
1607
1543
1409
1348
1156
1073
923
901
634
461
26
3996
3609
3494
3482
3335
3241
3190
3027
2843
2832
2657
2518
2439
2333
2183
2133
2092
1977
1650
1570
1315
1200
993
986
954
600
463
405
52
13
3853
3430
3370
3345
3322
3315
2852
2596
1827
1823
1806
1284
1261
1168
963
934
655
606
582
572
432
315
204
199
3924
3615
3577
3429
3203
3054
2793
2758
2453
2429
1983
1911
1886
1865
1852
1292
1216
1210
1067
937
900
753
690
516
235
170
140
96
1
3980
3891
3728
3707
3407
3231
2983
2893
2531
2512
2432
2386
2313
1904
1842
1579
893
852
664
562
448
439
289
287
49
9
3975
3957
3952
3909
3261
3234
3152
3050
3016
2969
2906
2897
2655
2538
2403
2399
2366
2307
1889
1624
1512
1497
1470
1215
1187
1178
1125
979
763
487
419
393
358
346
261
3958
3803
3734
3678
3616
3593
3569
3363
3309
2999
2995
2672
2568
2564
2546
2504
2305
2266
2176
2069
1894
1771
1578
1365
1353
1257
1255
1211
996
767
765
609
537
459
55
22
3934
3711
3508
3497
3390
3254
3127
3076
2845
2754
2225
1880
1847
1841
1802
1738
1710
1498
1325
1233
1214
991
950
949
881
867
570
544
181
3969
3966
3875
3733
3652
3521
3284
3216
3179
3122
2978
2629
2507
2391
2373
1877
1835
1642
1637
1363
1349
1194
1191
797
657
586
479
102
3986
3274
3270
3242
2950
2857
2855
2740
2576
2573
2177
2104
2024
2004
1964
1912
1858
1792
1779
1653
1600
1173
1138
876
829
400
152
143
3970
3858
3706
3607
3493
3456
3161
3129
2973
2741
2358
2342
2324
2273
2212
2137
2089
1741
1627
1616
1538
1501
1480
1420
1205
1036
771
284
80
3953
3893
3818
3754
3750
3681
3570
3420
3298
3019
2751
2414
2213
1967
1709
1440
1382
1226
1151
1068
974
729
694
658
598
523
478
364
132
4000
3954
3752
3648
3596
3514
3465
3372
3168
2516
2394
2351
2259
2095
2018
1910
1834
1748
1083
1060
902
856
724
681
528
513
325
212
3877
3809
3794
3644
3275
3243
3236
2873
2850
2796
2729
2560
2302
2234
2192
2118
2010
1997
1995
1994
1803
1654
1584
1504
1147
1116
1017
1016
783
768
549
307
3981
3674
3560
3553
3154
3106
3074
3023
2994
2886
2856
2676
2464
2395
2384
2349
2316
2154
2042
1900
1726
1559
1499
1367
1224
1057
920
823
642
269
267
229
3995
3899
3884
3881
3874
3823
3558
3547
3000
2656
2617
2561
2551
2446
2401
2138
2014
1930
1879
1777
1763
1370
1095
1038
671
623
546
425
349
249
237
3827
3755
3622
3619
3559
3141
3134
3047
3022
2957
2635
2580
2563
2490
2370
2208
2127
2045
1988
1821
1379
1290
1259
1238
1092
680
676
556
450
3719
3601
3536
3278
3145
3038
2972
2944
2919
2699
2693
2334
2319
2289
2203
2166
1621
1541
1150
745
592
423
23
4
3767
3642
3411
3285
3271
3246
3035
2706
2638
2569
2476
2419
2277
2199
1389
1344
1297
1223
1107
743
656
566
510
403
253
3831
3703
3572
3468
3410
3159
3143
2936
2909
2865
2773
2621
2427
2143
1956
1941
1828
1765
1580
1494
1478
1459
1176
1133
1030
964
799
752
728
536
372
3923
3833
3771
3651
3588
3555
3172
3002
2997
2966
2735
2295
2285
2274
2076
2056
2033
1936
1868
1753
1641
1249
1117
714
706
377
332
190
153
44
3989
3772
3498
3103
3095
3030
2947
2747
2719
2687
2601
2499
2493
2265
2080
2002
1824
1672
1427
1299
607
595
557
446
300
3932
3842
3657
3401
3391
3257
3128
2988
2556
2495
2271
1854
1825
1720
1618
1599
1565
1415
1266
1225
1181
700
682
659
431
360
3878
3869
3863
3679
3466
3452
3388
3358
3204
2975
2812
2779
2717
2639
2450
2125
2115
1949
1849
1700
1612
1597
1483
1364
1274
1252
1141
1006
904
861
568
397
218
137
32
3804
3762
3433
3416
3409
3325
3286
3211
2786
2485
2422
2057
1957
1943
1844
1795
1489
1484
1376
1050
985
916
831
777
773
608
373
124
119
18
3965
3918
3782
3641
3537
3484
3346
3264
3210
2874
2792
2787
2749
2746
2674
2529
2506
2480
2338
2244
2159
2120
2103
2058
1959
1453
1230
1148
1139
686
340
288
3861
3602
2782
2775
2442
2337
2146
2121
1664
1406
1375
1272
1239
1217
1179
660
483
314
220
155
12
3963
3677
3636
3561
3532
3460
3197
3166
3043
3031
3012
3004
2907
2898
2816
2567
2027
1998
1928
1776
1736
1631
1447
1421
1180
1160
938
757
699
559
472
468
410
386
296
206
133
112
3910
3745
3361
3329
2839
2766
2636
1772
1749
1737
1636
1626
1560
1481
1287
1072
1039
1008
927
908
793
775
735
506
449
434
402
154
42
19
3911
3808
3590
3419
3156
2828
2632
2211
2074
2030
1951
1934
1622
1592
1507
1502
1291
1192
1066
778
589
173
88
58
3850
3761
3716
3666
3550
3526
3302
3297
2577
2417
2328
2145
2094
2078
1692
1413
1212
854
716
548
477
427
387
322
230
187
136
3992
3933
3920
3886
3846
3837
3814
3671
3375
3347
3306
3253
3200
3162
2860
2677
2533
2454
2393
2237
2068
2044
1723
1721
1556
1492
1452
1380
1322
1027
885
764
352
281
239
233
3949
3937
3901
3816
3811
3689
3620
3531
3507
3491
3151
3150
3146
2894
2868
2788
2661
2627
2535
2168
1937
1684
1683
1611
1513
1446
1334
1112
1011
727
685
665
554
401
271
39
21
3870
3764
3568
3517
3475
3425
3376
3333
3316
3189
3052
2933
2776
2709
2292
2175
1760
1680
1670
1666
978
971
930
884
878
795
738
424
374
274
3838
3744
3435
3282
3100
3064
3041
3024
2885
2581
2554
2376
2269
1876
1759
1644
1638
1527
1098
987
833
241
37
11
3799
3606
3444
3428
3382
3255
3192
3116
3026
2951
2794
2673
2590
2550
2457
2440
2424
2402
2286
2233
2191
2142
2132
2065
1897
1869
1431
1250
1246
824
621
527
512
117
108
3915
3726
3630
3589
3529
3457
3312
2979
2917
2780
2605
2353
2321
2251
2229
2180
2110
1953
1740
1716
1687
1673
1625
1602
1533
1329
746
555
502
413
371
273
222
156
151
3889
3760
3538
3205
3131
2926
2824
2703
2557
2231
2034
1797
1747
1689
1482
1435
1411
1396
1385
1220
1085
997
957
914
674
668
625
530
335
178
129
3976
3896
3727
3646
3626
3557
3524
3441
3126
3021
2981
2822
2785
2705
2667
2304
2193
1860
1788
1769
1752
1693
1678
1418
1127
931
552
207
3392
3318
3003
2925
2537
2207
2117
1971
1826
1739
1715
1142
1114
990
965
925
892
772
689
620
515
470
466
223
184
172
45
3841
3805
3604
3533
3525
3459
3040
2982
2915
2774
2385
2335
2279
2250
2219
2108
2097
1898
1651
1588
1222
1130
1018
791
535
123
43
3895
3724
3426
3008
3007
2984
2818
2609
2309
2280
2249
1695
1577
1526
1010
929
906
835
816
491
430
331
301
294
3985
3788
3675
3599
3481
3386
3191
3107
2964
2762
2716
2669
2396
2387
2099
1831
1585
1542
1404
1386
935
808
525
511
460
324
193
103
3854
3672
3157
2745
2728
2625
2508
2383
2088
2006
1991
1984
1853
1838
1558
1324
1298
1161
1052
821
587
517
498
471
3851
3748
3643
3563
3447
3379
3328
3058
3036
2675
2592
2530
2483
2327
2150
2136
2098
1980
1908
1764
1424
1053
758
684
597
500
429
234
68
3897
3669
3551
3367
3202
3110
3073
2688
2665
2648
2572
2447
2288
2077
1935
1864
1774
1337
1051
1004
951
911
889
859
521
339
115
3668
3451
3336
3225
3032
2840
2663
2322
2248
2239
1920
1766
1374
1328
1229
1186
1043
782
762
518
383
295
254
174
165
3662
3624
3292
3276
3226
3175
3063
2939
2833
2827
2488
2283
2253
2243
2111
2102
1999
1775
1746
1713
1688
1617
1605
1528
1416
1336
1331
940
734
709
617
245
120
3982
3813
3739
3523
2864
2525
2238
2217
1931
1790
1648
1184
1149
677
651
501
341
251
210
141
3941
3935
3658
3546
3492
3373
3229
2952
2847
2817
2662
2510
2421
2341
2262
2226
2195
2067
1549
1461
1294
1167
1042
1000
864
718
711
442
292
29
3790
3779
3594
3406
3399
3334
3283
3260
3139
2965
2798
2539
2481
2441
2326
2297
1586
1454
1381
1357
1101
1002
910
550
482
467
107
3968
3967
3698
3384
3303
3263
3056
2987
2733
2722
2579
2355
2134
2050
1992
1901
1354
1165
1163
913
896
813
476
394
293
226
215
3984
3979
3962
3860
3471
3233
3217
3083
2848
2846
2842
2426
2350
2260
1832
1810
1623
1509
1398
1273
1075
915
742
736
588
98
65
3864
3715
3470
3378
3342
3319
3061
2883
2819
2743
2732
2691
2619
2459
2379
2320
2267
2230
2152
1907
1471
1450
1313
1183
992
973
842
725
342
93
3586
3520
3304
3239
3195
2889
2777
2692
2583
2517
2311
2220
1976
1948
1733
1730
1718
1522
1275
1108
837
751
629
79
3907
3776
3611
3377
3360
3290
3130
2405
2241
2113
2031
1594
1576
999
362
225
87
3998
3938
3765
3730
3625
3489
3138
3098
3081
3072
2910
2678
2390
2361
2188
2124
1989
1946
1896
1457
1352
897
803
436
428
357
270
3916
3613
3610
3598
3585
3490
2811
2789
2613
2131
2020
1786
1745
1338
1327
1253
1119
886
883
851
650
611
147
3945
3903
3723
3566
3160
3044
2986
2900
2595
2344
2240
2169
2130
1906
1615
1244
1140
1111
1106
811
798
672
613
492
379
180
24
3
3637
3395
3266
3244
3104
2980
2960
2800
2783
2721
2671
2643
2555
2382
2325
2186
2026
1929
1789
1669
1228
941
894
862
855
593
534
484
420
417
343
297
3942
3793
3737
3709
3667
3592
3454
3163
3062
3046
2772
2472
2362
1939
1707
1620
1312
1285
1024
970
918
826
723
551
462
418
389
356
316
232
189
50
3796
3522
3458
2712
2710
2640
2570
2494
2275
2047
1888
1675
1535
1245
903
70
3859
3849
3848
3757
3627
3612
3123
3065
2993
2841
2784
2547
2257
2025
1962
1808
1649
1634
1468
1144
962
796
789
630
336
195
159
17
3977
3964
3580
3509
3443
3348
3235
2854
2808
2778
2755
2654
2582
2223
2202
1963
1924
1515
1361
1288
1202
1113
944
888
820
731
661
541
538
414
344
196
75
15
3888
3857
3631
3513
3422
3330
3252
3228
3196
3087
3034
3033
2998
2949
2941
2802
2607
2606
2584
2562
2489
2388
2156
2063
2051
1887
1326
1289
1177
1134
567
302
259
214
114
78
3948
3483
3472
3317
3207
3186
2977
2318
1875
1861
1859
1787
1757
1603
1434
1417
1124
898
447
367
278
194
3738
3725
3442
3171
2935
2695
2469
2462
2232
2017
1993
1714
1698
1596
1464
1395
1286
1218
1100
846
726
707
438
415
291
126
99
69
3885
3775
3697
3503
3495
3351
3208
3120
2955
2904
2834
2826
2670
2380
2126
2073
2039
1975
1966
1817
1488
1236
1154
909
887
834
781
474
359
345
161
3994
3747
3556
3404
3247
3077
3049
2976
2916
2831
2698
2597
2343
2332
2252
2172
2003
1922
1857
1727
1655
1639
1551
1511
1320
1316
1307
1131
1014
989
779
769
701
662
381
351
323
265
3843
3251
3248
2974
2968
2861
2637
2158
2140
2037
1902
1671
1614
1545
1444
1318
1302
1096
1064
994
828
624
508
452
382
368
188
175
158
83
3829
3783
3695
3654
3552
3314
3296
3240
2930
2908
2381
2296
2181
2139
2019
1895
1677
1508
1314
1155
1153
853
561
440
309
191
74
3990
3778
3397
3272
3214
3212
2991
2610
2549
2456
2135
2109
1919
1794
1754
1279
1084
924
138
82
3777
3696
3617
3579
3528
3418
3365
3223
3057
2927
2921
2890
2725
2681
2594
2588
2526
2511
2466
2406
2162
2009
1921
1856
1465
1102
967
806
737
722
583
406
313
255
171
62
3921
3830
3722
3621
3518
3279
3112
2862
2738
2470
2458
2148
1916
1846
1815
1601
1525
1383
802
654
574
333
304
303
203
186
166
3956
3824
3792
3575
2642
2509
2468
2460
2425
2284
2059
1437
1369
1023
1019
983
832
756
615
560
392
338
337
216
116
3876
3865
3819
3600
3506
3396
3387
3136
2700
2558
2545
2314
2312
1814
1811
1658
1425
1373
1333
1190
1175
1070
669
148
3961
3774
3670
3633
3450
3415
3187
3060
2992
2959
2937
2871
1770
1758
1569
1262
1174
1080
1054
1047
984
891
848
800
3766
3742
2903
2726
2479
2165
2062
1978
1970
1958
1905
1830
1662
1555
1544
1414
1198
1143
747
741
667
564
54
3795
3687
3530
3488
2603
1899
1581
1519
1405
1356
1046
812
626
305
246
244
73
48
3883
3807
3680
3632
3357
3219
3201
3051
2923
2878
2851
2836
2679
2591
2210
1725
1706
1537
1426
1062
1033
972
581
486
408
275
51
3845
3634
3576
3398
3176
3080
3079
2879
2701
2626
2587
2543
2527
2505
2331
1870
1768
1403
1358
1301
1009
976
733
375
312
262
242
198
127
3015
2859
2760
2685
2680
2600
2452
2294
2254
2060
1836
1819
1566
1540
1500
1308
1185
703
702
585
16
3999
3645
3635
3565
3449
3371
3326
3005
2928
2858
2791
2683
2634
2615
2492
2357
2101
1661
1529
1203
1171
880
635
532
493
264
231
3871
3732
3573
3504
3389
3341
3137
3014
2996
2806
2443
2179
2119
2048
1564
1514
1372
1258
1086
818
817
612
605
594
118
106
38
3587
3479
3414
3383
2694
2392
2306
2236
2164
2082
2081
1969
1891
1890
1850
1681
1410
1035
1025
942
874
720
631
584
385
327
227
3983
3868
3519
3183
3102
3071
2962
2736
2731
2668
2614
2532
2416
2247
2242
2160
2011
1867
1798
1606
1443
1330
1268
1231
1170
1118
616
283
53
27
3912
3539
3413
3337
3070
3029
2892
2684
2544
2347
2105
2005
1791
1722
1686
1682
1632
1277
1044
875
850
845
794
647
494
366
334
308
257
236
90
64
3905
3543
3469
3423
3394
3385
3222
2954
2763
2759
2565
2336
2209
2070
1702
1652
1573
1553
1505
1400
1393
981
329
266
238
71
3988
3926
3890
3718
3691
3640
3496
3439
3380
3349
3185
3115
3092
2922
2870
2708
2646
2631
2571
2436
2276
1804
1717
1676
1495
1407
822
801
632
603
481
473
347
219
131
100
3740
3720
3693
3362
3339
3269
3125
3114
2781
2696
2474
2352
2348
2339
2200
2163
2087
2036
1933
1572
1487
1247
1059
1041
1001
977
969
760
577
205
3873
3713
3574
3453
3327
3268
2961
2902
2809
2807
2707
2083
2032
1938
1923
1633
1412
960
819
505
465
306
277
177
134
84
25
3653
3527
3476
3124
2714
2633
2586
2536
2445
2157
2151
1874
1346
1264
1208
1195
1090
958
936
865
804
687
643
504
272
3946
3856
3692
3374
3291
3280
2953
2723
2630
2449
2278
2197
2016
1926
1818
1351
1157
542
391
164
3974
3936
3906
3554
3455
3359
3308
3267
3194
3178
3091
2768
2730
2724
2715
2616
2589
2054
2001
2000
1881
1735
1575
1254
1109
1061
704
653
576
454
353
217
176
89
3847
3810
3660
3462
3438
3321
3250
3117
2958
2934
2876
2652
2528
2524
2513
2204
2153
2079
1884
1703
1568
1282
732
730
365
320
160
111
28
3914
3549
2932
2913
2838
2433
2329
2310
2281
2272
2263
2170
1778
1472
1438
748
697
639
618
399
350
279
34
3844
3789
3480
3427
3148
3025
2938
2918
2867
2689
2521
2520
2463
2308
2261
1952
1837
1807
1724
1135
1104
1013
787
721
673
433
224
145
121
57
3836
3832
3676
3487
3262
3227
3209
3142
3086
3011
2901
2795
2645
2413
2371
2330
2173
2086
2021
1990
1820
1619
1532
1521
1486
1076
1007
968
755
407
348
56
31
3997
3972
3802
3440
3352
3224
3184
3075
2821
2767
2519
2084
1767
1742
1708
1663
1473
1449
1394
1136
1103
1015
644
228
163
3758
3705
3663
3505
3369
3364
3215
3085
2771
2534
2523
2497
2407
2246
1973
1927
1872
1728
1613
1469
1441
1401
1397
1391
1362
1110
1069
1032
1005
844
708
627
520
488
390
369
268
3991
3900
3898
3753
3701
3664
3393
3331
3237
3018
2408
2374
2323
2046
1793
1711
1567
1387
1350
1079
947
749
622
590
464
280
192
183
135
46
3867
3862
3545
3153
2849
2686
2552
2431
2428
2372
2072
2008
1932
1840
1839
1696
1591
1335
1309
1305
1251
1235
637
601
489
453
328
209
185
162
60
3955
3908
3661
3591
3464
3259
3181
3089
3067
2985
2514
2299
2214
2196
1845
1408
1347
1345
1296
1293
1065
1049
928
596
565
396
179
77
36
3567
3323
3238
3182
2804
2651
2475
2255
2222
2206
2141
1805
1643
1590
1029
988
917
841
830
759
675
496
182
91
3887
3820
3746
3448
3173
3158
3020
2990
2810
2438
2268
1985
1915
1392
1368
871
645
526
384
92
3852
3461
3305
3149
2742
2737
2167
2096
2093
1987
1371
1129
1071
1063
952
943
933
870
805
499
247
20
3400
3307
3245
3164
3082
2891
2757
2623
2448
2359
1947
1782
1571
1523
1516
1485
1445
1442
1311
1037
1031
921
670
579
539
514
445
282
3749
3683
3381
3313
3300
3293
3010
2942
2877
2815
2486
2293
2114
1699
1598
1432
1422
1342
1321
1121
710
678
167
6
3801
3684
3629
3516
3477
3436
3344
3090
2945
2924
2896
2875
2814
2739
2559
2522
2500
2461
2363
2258
2144
2043
1729
1697
1604
1587
1561
1094
959
614
169
139
3473
3218
3119
3045
2790
2575
2029
1796
1221
945
873
868
857
648
558
441
130
125
5
3940
3855
3835
3770
3688
3686
3650
3582
3501
3356
3108
2943
2752
2354
1750
1667
1647
1237
1020
792
790
786
318
3735
3704
3608
3431
3340
3320
3169
3144
3093
2797
2622
2397
2282
2064
2049
1955
1679
1562
1554
1384
1115
1089
814
580
573
256
208
122
113
3791
3562
3338
3294
3265
3084
3042
2911
2542
2471
2147
1982
1965
1657
1582
1520
1276
1240
907
895
604
571
422
370
168
86
3944
3927
3702
3541
3177
2946
2702
2598
2578
2491
1968
1944
1909
1873
1524
1423
1323
1243
1137
1123
1078
1021
849
739
507
451
376
260
67
3894
3892
3673
3463
3366
2869
2750
2641
2189
2185
2178
1940
1855
1781
1694
1496
1429
744
719
712
646
519
458
388
290
285
149
3939
3882
3797
3618
3534
3133
3066
3037
2963
2948
2437
2389
2035
2015
1866
1574
1402
1359
1300
1295
839
599
426
109
3931
3656
3412
3299
3232
3099
2920
2765
2496
2369
2345
2290
2187
1961
1882
1785
1550
1241
1045
912
840
784
713
444
2
3959
3925
3825
3655
3446
3417
3295
3287
3039
3028
3013
2711
2659
2473
2298
2235
2112
1878
1863
1816
1531
1319
1281
998
946
810
695
509
243
3708
3199
3140
3059
2649
2604
2540
2467
2340
2221
2155
1851
1800
1734
1430
1390
1378
1207
1093
1082
877
838
836
688
533
276
3993
3987
3879
3817
3710
3571
3258
3221
3109
3097
2420
2415
2161
2149
2123
1981
1448
1087
770
696
455
409
404
3951
3614
3135
3101
2956
2727
2658
2501
2356
2184
1986
1960
1780
1563
1477
1467
1455
1355
1270
1193
740
619
321
