bkfy3eg270
thp1bkgojf
d0xlgfispe
blsvi6a427
cna4tfymo6
owg0hxsmvj
zpr5fm46qh
xd7wmhz3nt
8tj0x2vgs3
w4c91m58ki
q8ywfricdx
dj5lfs1qtg
xz40fyb8ew
5q8sj4m1dw
f2r4anj18b
nepsq3al29
86o9vsatig
gv6ajexh1w
2wva9mg1x5
9wm8oha1xy
qai5w1br3y
w1euszjyor
pf12z9w8si
c2zndhsqky
kcs1i2pbf5
hb90q4n7fk
3gp7y8qicf
sy2fbuxkcw
k12985pza4
rgjvty3xhq
vkah7jbcnz
1f7kgz02qr
wcof0pv5ny
hwmuebd38i
j0exp3kr1q
zjx73gasb6
pji05xuhbv
dclqnvesym
f34mtg2xlu
9zd6ylm0aj
vymxc9g4b7
5eudc48yvi
p1ug8izxye
uos72xh6wb
tomfbil92c
167hv8mgni
7yucw6gpjr
zjv84d31a7
4owtfbrd8j
he8lfn5cqd
hc59g1itzb
awn31yo467
kf1j0mdx7y
9joyhuf01x
emfxb0lwtj
g79a8x1m45
eojucprw1n
zcyij6kma8
qk6xh7eruw
t0oia7ucpb
qrjpabdsx5
whq5zj60i4
a2fe8cm3d5
cjlhyqmto4
41xefr2dts
cdfuizoh4w
ldiosxq1fz
yuiz57fcvl
ly6xvmnbrc
out2wqmf8s
gpxs2m3rj4
a6ewjvldxy
mleduqang7
xu7d06e8vs
jhg07sw8fl
z5mj03uexp
ebc1np4r5y
1runcp64sa
ihkngyrctl
lsxrt5canm
8gl4qwtaou
yc1gnxb8qi
gjynboudl1
uqkogh3j76
75or2i9zl4
pzlhcow4v1
8v7rlanfo4
jctn7lx1bz
3pekat9ni2
9np4adq2j1
3fsaptimvw
4n6uoc5ws0
6yhb90cj4z
we74i3tfzq
3psd967hbn
xp18hvt7ue
0u8ex7195d
fcnq5ep1da
n7gcxbv1ak
mbgctnr48p
2kjhymi54w
2tdw7qiorb
o9u83xy7ez
z2h3uiclq4
7vrk0g3inw
ako0jhnu5c
2w9m4jxkif
1knqjzp0by
1ejmz9tcop
libzut69m5
fxrw1cvtgo
ltoc8nmg3f
ts6idomlyr
klegajbs5i
bh2ad9571x
a0s1txw3cf
68tyquehwz
1bkwco7qri
hlrnfk059j
jbz07h482e
6pbe5n8c2k
lvy789zopf
4y9jni6wd3
cmn3sy0dta
p4wl976xag
tj8ou1nhkv
ncu9b1w6q5
tgkj06aiur
ldergky1f7
789ong2dme
iz1vq0surt
15k8tcplej
tu9s61bkq0
1cbxlm03st
ty0g3skp7v
j6v1qieblu
rgqp91n2s4
oumwgre902
j5ysh6ndb0
tfacxg62q7
qba19p5myr
afhnpuy65c
0f1sjwuorq
zbf5rdiomu
uov0gdt45f
q5o0gxsdl4
gxva15qzjc
b2609lp5re
dglk8jzx2c
bp2d4mu3z0
7no3cfw9x1
45gutzrlwc
lxk345dnb0
l6xyf4w5sm
96bf8ra0tm
kf0zpi1ojl
uv8hdoj4w2
sjdzbg85e3
oxpws28n1f
kdr9zxnft5
0i5g2abu81
4lsyh6gx3e
gjq3pwsa6l
psjo69xqet
m08je7yslg
6kum79c4zq
jmdve6ogt3
edq3h0lrwj
yk275p48df
mvpnw695bu
5v9t8yr2n7
3o60yuq8d5
xhr51b0y8q
ga3esyxwkr
82g0ke6u75
3kfsv6uad5
3qkcdh4bg6
kzv6n20q5f
quwfr2msj4
s9tmw8vlae
zg30ur79xe
rti9sq84co
2esuph6kr7
bzv2ac38du
hziqnol1w6
p16zdhnv7c
9h6s2n71xp
y4gmhrjza8
5dlwo0xkaf
byrstk1mz0
bpef8972ja
nvq9mirh52
bjuk3gze62
n9c3x6t7bk
au3i5ykqxb
3wlruhd9sz
o4g2npe6wm
b724intgfz
bsr1e52n0q
a1j5kzw493
1njsa4go8t
hrtc0pa9ig
pkzwamc451
zw718jv5es
oa5zlcqv1h
xaql61injs
bj1yfe5ugi
x3tz9qesb1
yoj67xnkvg
6doxw8yp5i
c194qa3z0m
jla67xwyk4
rnxz2ov30g
089nupbmdj
o7duzcilqm
jum9016xqw
rm40nzcdb8
rujtsnzc8q
ph1nczki5x
x23cnpy8ga
wc96r1hz08
zyikwnpju8
suxa2wyde6
f4wbtmej90
tx5r4a6olc
kpa1n4oelr
y7cm3dsj18
qimzu16tce
pz27bmhdol
p9a638tr5s
zcu1stqamr
1y0zmjakp9
j0tauoxhl3
2ul1d53qte
0fyqjci62e
amyltoher0
lgrv2xic8q
cs872ofpwd
h1smdzpj9t
d3cmts70wv
2np9b6ojvx
yvmhl541po
73vxam0rd2
gp9lijvdkc
ok6ul3g5cy
a4jz0or5n3
5a4cjv8qz3
ltkf5w3vn0
a5eoctsxdq
mnjylxa1z6
ujxn5qdch0
yzolr8e1hj
1iu7yjar3v
vcjqxh02bm
czl7g2mk6v
q2dpubgtrc
y1uzt2g35k
jqf4xyrz8u
fhvj6seacg
pkzjwytc53
2picx7zv6d
56lwut83pc
zxrf9d7wn5
9whbaij38t
qu8wx9rska
o60flv3hj5
omwzedfp6j
9cdo3vjgw7
w0io68vjse
h643w7ju5m
lcp8b0xk2m
q3ionx8haf
8rntek60i5
jbmd40z1n8
zxv70isfdc
6hpq8sm9cy
uwv5j7b14d
vck9y6n2pt
0dtxafgpch
4u1ln02ays
4eh2p3okja
tiu18p4n7g
q7stl2ow84
pftyqsjx2i
cpn01d9wh8
dlfuomjesc
deymphalt4
co9msugjpk
uft4es5jhm
c7fuhrnexg
ipst1ge0bz
wldefbn21m
ksi5mzv0fr
d4lt3wv0si
ftbdci4a9n
4nhlbxei7a
5mip49tnxa
qg02wrz6p9
269aniu0ob
l3qu85za6d
09nhrga2mo
kd86ceg1a0
mhwgbedr0p
q8gp9vnefs
4for7ksane
4uhwotzebs
ayj06hcd1o
53zfv7qsew
5g4nmf87dp
aewy9dmpzg
ph2ykxiou1
us7b5wmvyk
tjs9lgyzip
3sybjwrfct
tf4gzndxpq
jk3cbrd1l4
yuh3rq8vzn
pn1y7ogcuk
awr3pjl08b
5lyvfepswh
w3mbtvndcg
1iatqbjncw
1ilx5cw3ts
0ecgxk9mop
rc0ywudtsh
upar6w3c2m
gwbr4kdx1u
psrux7o4l0
dgfxv8n5sw
p4ern9ahtf
5zufx61n2m
98be4n6klr
eihnxzb51y
iasy6v4hwp
evycrt6dp2
el6inhj9zo
c26zep9yhn
5r2p81cgda
68u290ix3l
vc2bmuedpx
0k1nx3v7at
xzpcth5wqo
do1k4z72b3
h2jq17mwsz
m7fa2cpdg1
8u4rl3xnfz
ztdhfj5x63
chv1mdasxw
s0ybod3lx6
n5dsxvmzei
4zeojbpcn2
7yiof1adc3
0dts1o2guh
8459ilvrgy
qsx9denj4p
ilsz3urmj4
l6hdq53yno
lto3b46e82
xdbk3weo8m
wqtdivk5x4
2vadb3hs87
ecdtpyj6ko
s5rgjta8u6
a354pezgro
4bmkzeqght
c374xs85p1
mx5e4g30fv
eucn8md40k
h9708jvmoz
68kawio4zg
p7s3kqm0ad
4wuoi8l9ay
rpj2iq45fk
1v2htpale7
79s41y6onr
967ec3xzgj
hdc7465akv
9mehrws5u4
nrkv8mufp5
eb4nqcwytp
cakf8luj7h
umkdxjtghc
u6f7g9hxke
4ytd9h7zkr
itasu964om
zjqri78xo0
u7brsa90dg
jovrzn41kc
ati5h9yd30
mhu2o01dc7
o1kufhxbv0
lmb8cdv3u9
v8onjpqgyc
gy6v41sixo
p9q7jb42iz
1ac2tkmiv3
dzuomfbwv5
7ciqbfr0d8
x4jmdr9tfp
f910pidl5g
htzcb8e4no
tai58sqpmk
7y56hkzjdc
bg29et7snv
t83go20r7n
4zsvd93ynl
dc35gvfkb8
79gju218nw
9kleh2jics
ftpoe4lz7d
1a5xg6st98
kv2uigah63
lde0n2s4wx
03bn79vls2
dcnv89z60j
0u8aklsen4
j9mtulr2f7
1siu48yq97
qpx56wldy3
69madg71zw
p28t9hinav
d8li15mwgx
np5tui2jqa
c7pjoe4930
a2lmxs9irz
bsz21i7pk9
cu7eizrys0
fk7yganzo2
iu0vag3x6o
7xkbse2rcw
iyb8h1fkgr
nbw9z1yher
p6r3d0gouc
dm6gqhez0t
qev91kdp06
2ni6dpeqob
lu1j54koge
tija7v4f6e
hb0967dy4i
3o58ul2j1c
uznd067epf
mjhfng71a2
iv5et6obmq
iwb8s9j60c
7e20rk5u3t
hzio61ebwj
kn2c8xfzd4
4vjxck1bfi
lfw59bexv6
7hykaj0s4f
6g39u0w157
pqs46czi0b
wtrj36isqe
m47gifzep3
scvnhmlqa6
z7cftqhkom
sxbumfqh8j
ilfhpt90nw
cbjs659fm0
8c5xsi1ntj
lrah7vwo5q
8xc9oqysgk
eny3gxl829
wbhn20l7iv
6l1ihqztkj
exs5zabvor
2dfaeckj0v
1c6ufjqxse
cd3p4ilk59
ftod6q8iwg
y53t8obn1f
38bjdizht4
g7s12k8a4j
g52nlxuocj
efpaxsmj1r
f91wzbocma
a1g2i3xsfm
91lgfjk36o
p830rcngd4
zvd28q1myl
7vtgozpcy1
luwdzvjthb
2p4cv0z8w9
8dk2rpo6it
14a9h0couj
erfu4iozh5
qiw21zy7nx
fi43l9hm82
p5kmy20o9c
wraux0j1l4
p3d51hv0of
0ghkv236ow
7sloifrcu0
h6smpftb0z
a9finxl2sq
k04l7y3puf
zf0n29w6pq
fk0ra3tbj8
ju2i06mnfe
1jselrkg54
keco8a649q
hmg7cf2tbq
1peuj2kao8
jfti6d2yws
1ji269xtqs
ovbw6eyxpz
orcuhan76t
7cwdl0t263
65n3qgloya
frn68dcvmt
7radyo5lxj
vwxjrs1o58
ghw5o36sxb
7gu0f5jkbe
raghec6zjo
bejus49y1h
cu9o065m4x
jmbceruwsa
8rj67oihkl
y53xa29ebg
ya5xw42uok
jl439x62f5
sha9d2w8rk
ysn62tr4uv
nu5kz1biyr
2hf1wjy4vm
l7ce8hrq0k
p3y5o8caf2
1ng02msjdo
10rw3t8hjq
lg30p912ia
qmdv8is0gr
0atufsdyng
kveq37u90o
3c7o0ipqjm
bk12tovc4u
tnvhq7l1og
7vqke4fno9
8bli3gqysa
oub0fm8il3
ku1sn0cgyj
5mag94pfjo
fb6aqsd0mi
r2e7omp3zh
hgk7vlz4dx
h70nwc9og6
be89f64xil
pa5j3s62zv
yalztpdqf4
0scqodbpr3
ahf5bsouqw
zb3q2j8fuv
l4rnfa1iyz
dyso8l04ig
2rlat90fkd
q9lhot27eg
0ozygmd95t
5ai7jupobl
l86sn3z5eq
slhdpm46rk
da8e6u9y0i
ei95a83d2q
duzixjg4mf
ldbc6fwena
t5qwicxdhu
864s7j5e9f
dokb52ncua
1hzc0av258
oik2068d3v
1h4a7qkizx
rbi0jqeyxu
59vws8aiex
32ziake5yv
prbhnj3910
xovckle691
it3wadh9ck
jnti4cyg1x
rn1f6pmi3v
yjw8rgd9zn
juzdkvxn2l
a60jiumbxc
frwhi0jpl6
4jkimvucz5
a6dzkjlprm
irojvsql4f
zr4icvp6a3
k8l13gy2xm
4vntj3k2um
myox7s4a95
p8jiedu05h
758ilsgmf1
gvzax9o2kw
91dk6ab42j
h8qt13jkay
n76e2cdfxh
lf0nehgkmc
9nfj6bu1e2
xcd0ip169b
63s2wqr8gv
3er8covf6d
34vqmrbsdy
pgt1mqhazw
5q2vnrj3y9
7ey8mi4xdz
uav6c9z7r0
u7ngwkb349
1v2rzgesb0
h6jdybkit0
fswr5nk0gz
junpe8ivs7
z6gcs825pq
eq7p5ybvga
2g971trjqz
do0438fn6y
47f1q2ohca
c5yho6e7vn
4c9ewf5vag
w9tehlaucn
y5zgjxh2e8
s2bhrt1ln9
cm5z16ew3n
t5bwzjxf04
tgkzn7jfi2
0vkoeha9zl
5cl1qabkji
o8wbsraz9v
k3ctwodn9f
remz6fxtly
wve0dg47sq
y8j6ip3cwk
8m2tacnrop
ecyj2r0gas
qyrifmha1x
pvmcox23ur
fzul7qxh38
87vsy0uomx
q438n9h5gw
gw0d8ce41l
17zciuor9m
13zape5ut2
4fyj0xte7u
9i1rg7lzh4
gnyvh03u58
si13rpd78q
5mzaw9314x
k320h9zxg7
un91igcd6p
f3n0htxm2s
2fystmqldw
ecb38k4iav
v8mklutcgb
h26i7jbcgz
dlvnf3x67j
dkbalw59y6
n74vekpus6
gmxvjw376z
ouywxv47pg
max34oy078
764mbakn8r
rk2vxgyhuc
5tf79ds2ec
9u46xgj17k
iyauklmwgb
su9721pedn
u841gp527o
x5mjdigawr
dtv5opfiqa
6gdr3jn917
y8ndbr2hk5
pigl62u83t
cx02f6lvh5
uyw6z7fpi5
m9ylg48tx1
yswdb78ojm
71msge9qk3
79a61d4kzp
8673rw95o0
ivxdyjt6s1
8r2vliz4e9
wvt7u4h1ds
c1dhw4rjtp
i0o16njut3
enh4a375bs
az6ks8h2el
ybewmcaju6
hp9jnx4wgt
oefnuky3a8
gu3rmq1nl2
0cxbq29v3m
v9b6agjyw8
nx8tf56o3y
1xiwuzsbnl
s6o4zkvit7
ro0qdjhtwi
z7vuphscbo
veay2u4c0x
0h1qznm9vy
nykofqh571
j02ka3qs8f
i0ulr4a69j
q7ogd3bx1v
9jnva25cru
lqm9i6o2ue
0ofxps2tnv
rmn0kjsg7b
dhg5okxpji
npo5hqv38s
6hi85sx3kl
kzi463vnag
h4etvxj2cz
mgxp1dbltn
numgq8z3t9
ltkm4rf1e5
nth7rcvdaw
shxcjql2yt
lt94b6soye
ejkdna2i3y
9gfn5ioexs
jmnur3ia1s
ia3bwhqnje
lkgpzf7c9q
9xbjsmgur0
jwiouxn8ak
8m62wjt4qo
ahitdbqv9y
1ar6i8y7c9
bxou9lqd5f
fmx1idj64p
klexna23rf
0nfzj9ciy1
vco214rh3n
sktldquw6y
7r814wjhio
1tz5v8kpd3
xz3i8kje0r
ow1ve6asc5
13lm9wvfhn
kbaj8cvtsf
i8rtpywlkq
p1dbnh2t4j
quplih2nr4
08fvduaj6t
pgn4th0oas
591pha08wd
p2xzqsow06
7hdgv6mw1q
oazguf6nh8
alidfv89xz
kx9dp1sqmt
wiu5a7be4f
0dt41yhkfj
6undmbzyh1
8b4nu03xa9
xtzl0gv3eo
uo9n0lmga1
bvce8rlu7m
toad18ylvg
hwo69ks8ql
hnk5oavtjq
796ohu5nie
9l5dw1bq2v
ywuenqamch
vswqtm0yxk
gd0yvqkc89
64qpkeroyu
ztdvr4sqaj
vhi49ywmkd
0kg19uepza
nvei62zmth
nh0yjx837v
8p21mnywdj
w7zro12xyi
etw05bpnzo
b2qt4x5u0e
z75v1jqocs
3j9vdc12ql
63fwpdgx1j
uymd54ilva
qjkmptfh3n
vzt2f6wcni
9gyj4r61eu
gnqylpfe61
v48h5aumk1
r4mb1ks8uw
meyht1z0xc
lgtpye80hd
vyrdnu3w0m
05abqvit7h
sn7r5ay1x0
edflazgwb0
t86rwx7k3y
dw7yt1l45z
vwx81hqy4m
a4jeg9sq5t
e3vgotjkf4
6i9vws7b80
bzcej96uvt
0ah78dtxcm
phnm4ds6x8
9vr6ciomns
96exbszhvm
q23tbwi4pa
2nqxh7l9ki
ob4trafuw5
g01dscl8n9
w64oiaf3u9
hvk3uqjwz1
u69tglk1z7
kfmpztyuco
3z2ft760q8
9pe3daxq7z
h9a3rd2ylu
zaj6o3sk8c
7k0ri2wvbj
3f7mh86kub
zt5cilmnyf
zn2gjko3eu
t3kjv0bxo6
m3hcjudq8n
q97e1p0cta
a5d91xqnue
md1voli9z0
klzdnwv1af
sc695aibgl
4txo8c6u2j
1nq8a2pf5m
z3xcsmn9lw
uh7a5em9sn
ht1pcd6k8b
chr4syxjof
lt4ovrpfi6
jmi7uwle2t
aswubz81fr
xehc3g5b8o
6cf72i09ou
fcirjswvqt
ep7dujc4gm
ipds5kt40v
74l0mgbw5p
yljthxkwaz
u1drqai2sw
lf4ghtnq75
7skqlyi0wc
5x8hb72lwv
aj2du8kfxw
ivdmxf0j5w
ytsximlahu
daxi5kbwez
f76oca3qe1
yh8dws9z46
fmkiyuenos
20fugezylx
yvhzxcu12b
jpubka9wtn
qer9513m4k
6wdcph0jqx
6m9x0z2nb3
gseim3hluc
e0x5o29kcl
q6v72xs5mz
5rx4cl9mse
nz0wdqat8j
gs3tc9ump4
ganwtj4yfk
c53sqgxhi9
5pv1lm7ewx
bkuy67pvzj
0i1np95lb4
dw1fcs2ezm
ag9te14ycd
26xh3juodk
guhxoe3b9w
9r43d672gb
8kjspl4y7m
8trzj7bhc2
lencupotbx
hq5o0mr2bz
2y1bm4zxnr
6doc0295w4
6gf48xnl2u
fzqtu9s5ea
5qchvtmj24
qot5ymd7lj
78vdfbjcg4
b7umg2held
u72lq09mot
n254mcwsd0
9t4qyucdl8
fu4swrb0e7
8j9tb7knri
o1hltsd8ce
xcmb1efur3
26n7m1x0e4
g1onkj9tq5
ges8am9yqu
v82oajxbtu
yxraun3jdk
m4o0ykviuj
rv1h3j90cs
3js69gx7eq
6w3lrvpm0j
oz7g03s1dn
n6sard5y94
4vm82qgorb
fbism5qnrw
gr20iquxsd
03fju6vg2d
pinjmkt1v0
iqjyp32elo
8rig2tdcxb
tcwile3az4
e36iap78bt
741pq05mga
9upc7wovgr
3wabmos1tz
uzwk3h0cea
ily9uj5nq1
6v7riz1sg9
dzxme0v2k3
st4nlm8pvr
3vcs0zw1tl
7acoiwxsg8
i2vfjl9kz1
lm359pobfd
bua67wfvx3
c0g32odxhn
e6q9hav1dy
rs4hy1kvbw
csuj8x49il
cg2kxazy9s
ng89lj20ft
bigcwkn6dt
gu1cmzdj6o
k1refj5cwg
602mxjcs3d
nxi9wv3fcq
mabdcejlxw
ghsb20qnjf
orvcd90u83
f4ew0k35gs
o5ezilqgmf
kbexmuf6tg
sianw6dr05
2e708kzwhn
5961n2wary
nioqm174kc
mky1bnpzqh
8sh201p5wx
36hs2b8j41
sbqx14vfn8
fhm965vjr1
0bqrhyceog
2891b5sy74
708svupieb
tmgbxhk469
hawrpoi61j
cud4akl5gn
kx21rs9yoz
i4ygkzt0ha
93adg4bf2k
s4loc2xvbh
dojmvz8ri4
7akrc81mxs
pe1ro0at3g
e2vg40m5z6
gtf27uz8sl
b9wl8dgr6n
pdov81qcxg
4j2m718gtx
sj9z1y6o5u
siu98n106p
9d2s7ipbyt
rb86kgopvi
ts02u48gnc
v543dgsuoz
kw8t1zcv0i
iwr7tc1hb0
0py6tq9jv2
3fnor9bexi
swri93bhck
y0z81elon2
k46f81i73r
fj4ntlzs0o
hi29p6f47g
j2n5mgar0w
ioaxp1wckh
k78vxhcbj2
6otr8u1azq
7au8349cqw
ybo60th1p3
1gvlya5xp3
3yfdrgpq19
a5hfwsg1c8
i3vdp4f9lt
mzwcuk7dpl
dha1flujq2
ovesylmxgk
951leupqtj
gzchb2wysq
qikfxdghe4
29q48w5eh1
ynaet4h5m6
n9mqzb4gpt
3it7ljca86
qcx3mnw2fo
fi3envu2jg
etj2rsouxm
csiu78za64
xfor5tda9n
6l29xoqumv
6hclf0tdxj
hlwxgcbsuv
mgzeo1yw7i
slx6uhtfzy
cfh7oe4sxg
kw9ql4xp6g
kn2rt3lyeo
pfrokysvgc
olcxjtrqvs
lt2rmxn8up
fck2vy70tx
t3q2frpsoi
5zdiyn1emv
lir7ouk6jv
cq9de1pjlu
jcu8ogt0kz
3xdy80pjmi
5zn8gcwv2d
j9k2tomfsx
h9oatzuml1
ehi1x7yncb
hmyje24w5c
4wjt27fcks
spia9wq5c2
bvf1nehrjz
321j5bdv94
0ze25713yp
upemq90kis
1oa205qbfd
ap64be8zf9
dnq3gri0mw
dv2lx30ahw
jf2qwvet4r
6vsm2q47hb
n3zt7hq2u9
f418d90xph
uiew60otva
h5viusqfo6
onf8ie5yqp
ma8j0x2uni
53dyjtbixr
et382bmn5k
63sgkjvr29
7td8io4z23
ge9pu7w1f3
y58kj4nvsx
s9ptzyjbfm
do1chqf69n
sxoifvwk8h
omg9ye23h1
4xp5hekv07
g632aui4bj
afnz9pxdyc
sybctjid43
cjpeo9ryxd
24n3wtyrce
2u9vrw0cg7
51p32lezcn
kro20i4jwg
pnd2vfqigt
zpa50h4mfs
rk1l2j97ta
o2854jxzms
2khl6zgb53
ust8lzi107
8qf71o2etm
byc9shd6pn
2lvxm7jtpo
w24vzamgu8
47jn3xyh6u
1mdb2t9fe8
14ebhvca6n
tq94afm5su
sv7u3b5mza
otuh14xndm
p7kvit0e1z
pjslyocnhw
xt5i9psqm6
i8mok4n9bu
cs6o0rbjhw
yonre1t2hz
r0ua1gbzov
i2ahzd94lu
ecdiryqoka
ag7cy4ozlx
ac1e8h5fnr
m73xfn4cl2
ucv5r1wi2d
4geu1t9h6r
ob2w4x61jh
l1dpx0j7rc
tlb0ien24w
d54u9riq7a
gpxjh1q2uc
8y4vklbf2e
l8oegs59zr
j8nfvur0aq
r80b4zcpdf
adgbn1shy0
m10hk9l6dy
vnw491oqek
kr4pv52oga
t1nhyde9o7
azwplv5bc4
4y10l8vzh9
fdc1qop293
elvfs128x6
9mivwtn0ez
qdtewohcb0
h80rxzc5oa
z6h79sqdng
te4os3g5lv
xqjmbzda50
vdb1firuty
ja3pq9r7tb
2s0i9kho1m
peig43708l
hla5vjnewu
wnk26rlvom
fy1kswbr4i
mync3a1lb5
4wb0p6957s
kxa2sgcrpb
964idrkxm8
5ag3x12mil
ogna67he90
j1f3qa7xyo
ya71qud8tr
x5ijlqfzte
0wly39xfzs
3wr9n468jp
eclumy3o24
4cejwrix6p
wpafn1m5ie
nmotzx4q9b
bvgjyc1uq4
7ci1aonwj2
4ms5p6otiq
sbq3mgezyj
7xbzs8cn63
4qskayje70
62qgp7sbfi
eoq8iazyt3
58d2utj3q0
k19qzxoin0
ydt8gwiqp7
fo8wxcmjb5
xncjo903tr
8ae6nq5pwh
9yn7dlsog1
h6u1pqaovs
cramdw1lst
2wsbhqegu0
lh01ivt9b6
6wynh91axi
b87xamyhjt
27elmgd5qa
jitk6zxga7
qwji4afseb
74m5zv1rni
zbsaqtdg61
1cb2di30l7
31wfaisx7p
hmsz0dy3go
fm9tldi2ez
p36vz5o94e
lgh83vr2nb
9h1tm7es8w
4gbuclthea
7ut1a8pgyw
u4a8zhseod
nt34lu0kej
akx96ugej4
0lnhbd9ju4
g1r9lcy28b
7wxips8unz
0lapg8mxru
hm4jsp5vfr
2srmt0pczy
qm7r3cxnl8
6briuh7j21
lfq8zcu0yo
rzsd5im38l
uvrxtij9ha
rg4cqvz8te
4fk8exvpam
15wu0y7a3r
q4goec0iwk
6rziop57lg
oj3tvd4gkn
97ohbfelca
nmht4bj2uy
un1e3ao8sy
ptvgiq6onz
hktvzwqjli
v1gzahrkf7
2ufmb9xkos
89lkt7of2m
8tyl49ivf0
t2vlofmkge
ygiel7f403
2dk1syfve5
fs20gqo1m6
hnabezfxo3
syo0jhpekr
b2qls46djn
9cepanuoyg
ikf2z5j6qg
vwteod3xsi
9o1em3jh6y
6plu9mo1sz
iorl0tjx28
1umc8n2r39
qn39paml5d
9uhi0qgnlb
5w32gy4laq
v1wq09d6al
h24n3ivz9o
72svz5nfxh
egli563hcy
tqchr34ya8
pzskxoghc6
wj6vltgf5d
ro8ma13yev
37jik0wt2r
jkhc1gw2nx
fwjrhvd1u9
rpulcxkesi
3r46mkydia
r4yusi17zg
b61cpvutol
fco6e1r5dy
n98l7t5cai
f907kej8nm
htj19q7s2d
s59k2t3qoh
2vsp9uejwo
xr80lc3kpn
0ehxnzo897
kqsc2d9381
e4rmzuigs7
v5jax3th8z
ir8n7jtyef
4t1oh3mu9e
veglipt8zx
e3rwlxtg09
qs08tu3fw7
sf9ro5cd8k
blu0xpj6kv
zcaogw93qx
8daegh1jky
9hlb10pqyx
8xdzvk0fpo
ec9m7fkgdv
qnhfjabdsl
40o1mkbpil
dwbr1uosip
p9dj6b8ceh
oukg8js1xb
18sxw9vpou
zbem2jyicu
4p09xzrg6c
dexai7lvkb
wu35p1bymf
lbwt0gqzuk
cxd9tk0nmq
pw9x5eo3yf
94tvwndjxz
l57irvqcjm
2g6niewaxz
fj36wad09z
426zvn8xa1
b3nr1eouc9
rmqkpab2nz
4apbsmluw7
z9j54qsvmg
0cgxq5nojv
31kghwu5xn
neajzgmc83
3o6pnjhkwb
81ce0q5ha7
53mak2nve8
r3go0ivzsl
95sz7rvcny
cpvr9fjul2
lfdbqhzuyi
pug9w8xyva
mgdskr8qtp
pvftwquce5
5k0zpmefnw
ki6btfwd31
zvxyd4ilea
rxcwsgy1uz
n341uwpref
7wfajuni9g
eckpnigms2
8fbvgqekd3
97vxbr8as5
sb26ryvjd8
dwuocvr76t
mznvgt09d3
zahqxfemvn
c46qe3txnd
p1nkafh2rb
hgt90ezd8j
2u1wlirk0v
jkgn5rx8u4
ejkoqdzaht
eclsvkoztx
cyk6fd7auq
zbko3jw4r0
1n7p6qwdjb
0qdp26z7uo
utpgyr9dxo
qs32mu7ird
7t6ezsa8lf
zb5uqgdxwc
0ul8japxzm
i6nomea79s
ofem8hnyxj
btkcyaplmr
og6av5df2n
q3ztac46ys
2s1fyhb8uv
ce719pbw05
hq5ci70av3
umtdio23b8
d38z5pk2mr
4cs65wayb0
u5o6y3kvei
vpoawq0htj
8qbeuhtjif
d4la2qvo7x
v2q9fcdhk4
860eqaugt4
wgkbj8v2cl
8oalktuzv0
mlgpuktbqz
7jth2souqi
z2rtc8jye6
7e38zyql24
pqajkx8rit
t7g4lvrb8w
45d98vjsbi
7hu0vfk8ox
ybdo1eun2m
75ctrpymx6
m3bajsfypt
h30wje7art
v5fqr0muec
u294yasjqi
djormkex2w
74p2s6grfd
h1vljpdx76
5gxsqb64nj
wf0rdvg8ya
rasynod96g
0qenaibxy8
yr0u9qjo6l
c0ydijbo96
xqil9zvduf
qmf0batgio
wqlspigeo0
8u724vyskg
vak6q05hbr
j2w1n7tfsd
jvcsl5d2wi
hzbcj8u9pm
u5lwavrpse
y60engrijv
indejvg17s
kyxveb27uw
inwl0bsc5h
e8qahvtbs1
as8nfi65om
j9m40znop1
f0r5ctnlqu
3tevs2p4lj
xzu4m6kgta
w8dsgmflr3
lxw5g3s6be
c65vepmko0
xayigjretn
7yslb86dme
gnr3ostkf2
5em7yt8pk1
4fq6om5k7u
h4pwx7rov1
dn4e98oihk
tn9mfvo31z
7al45oyjfe
ibc0w1a8sq
jtdszy2l5g
84ptywm357
dn53y0eht1
y7gosf1axz
3pqhcubm0r
cigtybd3vl
yp24tmlweb
34slredo8u
utlc9v4jg5
desvn4l8zf
mdyewu9toq
vymgcitouh
lvfteuhs4m
x8qwnsjfh7
qm087hn4t3
q7k06vxby5
1hqn7eukw5
cefxltw86d
gzdxkh8lt4
3t2dlr8gzq
2umon9ajr8
wel15bzah8
p5f6q4socx
s9rk8pga5h
g2vs6f91dw
0d78qzagp9
37myco81we
f4vp6mb1xz
cfjdib3wyo
c3q8x1vh0y
egvp5w24jb
kyvrfdn2jp
iuq9cwb0hp
cjit749xdw
q4hrgbtl91
bxfm5ihdul
34wu7ksblz
ck1zy084sf
ol4dnrmab1
b38d7naclk
m1wxgp3c9s
kcsj2vx01p
5r2zkxqp40
zlc2ydok9g
k04xbdincm
0yqxig1tc6
rmnxwc9gqu
ydgilm7huj
x2m503ezsu
9ufzg5wvbi
hy1l4kqfbv
658pgyf3rm
xborf4hwyk
zkx2mvirhy
2a67mehtxz
b3xf4ueq9r
pw3xcruld7
5qr1kyo4ad
jzrv7os42n
wfrbgs6ql2
8uomntsz3j
kxqv9ju5th
z6m1ftxv3e
y9srutv73n
3eicko9hn2
601oa7cpz5
zv06k5waxp
jze6b9pq24
u8j1ma9kwb
10n2adrf3h
j6bp35use7
y87tpul6cg
chzpkwgd96
idyrsbfapk
dsun4etgvz
jypnqb8dzi
19bvjc8wn4
rhyuvqdio5
ip8urebn37
es9dhq3cx6
dlx5mpgkzt
zrmku9o7di
crdagtiyep
wkhnj6idm0
ykjthg890r
42z1syplu3
3o2zrbavpy
mtheuzg3y1
07cw6rfma2
56ovmbr4cs
aenqi0rk34
ujrh2opz5y
b0newmdyvo
v6u5ekjn1s
95csaehim1
nsj0t9yevr
nkaq5b3msi
upq78e2o3h
ne56ht801w
dfhxy59682
5xe70u2ycq
tpro91lfcv
91jxtw27re
yaiz2g9unb
8pwjcaxe7v
x30fdy2osp
9uxe7j4gas
ufg8rqo0kz
2a5je60mwg
fb6c4ot3dm
amk18g7vzn
y0cv96slf7
w5ob4kdtgz
5kp81t4gdm
ki3nrfl2xm
f1zqm7t2sg
wr97l2g0xv
9rp2s83ndb
ngcf26s0hx
e4n6o9g1tw
0xr9o8najc
htw1y6v8x7
1tlhmqwzg6
r2febq0y64
bpjw9z58sg
6ro9v54mbs
5m4c2wed0s
v8ys01jwmc
k7dhcxpnl8
herlj3x6a0
3tgdwbi7uq
xde925gj4r
2lrsdnp15b
c4h10iwjf5
rly7gb8hz2
yq7bvgn36u
6q4vw8opbs
l0kh16gnf9
t2ecbusa59
royp9tq0xu
f62lro08mw
udih1xnkwj
nbwefq2sdk
rexyv0gl29
fqpcyjogi3
20igt37e5w
a1n6jusvhx
nfdch8y9bs
6kltcfnvy4
zlxfqemn70
kq2cdxgve6
ithfayc1ez
6pdokhaj29
bp9f8d5nay
ogtpl0u32c
hitny1zme3
cqim8w1tad
7ejzq6r2cg
dkinthrfvz
jk2doe1brv
58ubd2w0cj
lepc9vd1s6
giv5nh6u2a
jn0eo79vab
labigqxsj5
v21njmqfrs
blqivmf5px
mhtuk5vd0g
b8kzhx0np3
76vkd0jsqa
3hp8af2vye
rq5236fjgt
r6j5y90zio
19pkq5m2dc
5giyhckjz0
4mp8ij1ycn
5kjfcsibwn
ls1kbnpf53
97pcz3rlkg
h75plgbvz8
38dqykx9ea
r2ofbiwaye
8stizdhmo3
pordc3yqmk
te8c6b57j3
7rf2c3bwat
85p4yj3ohs
c21gfveksb
1ifcgxts4q
fyu5zhrt1i
aeygzk9ljh
rmsq1yobzx
7t4rkc3zm2
a70kn9ruzm
9k5l3dmpj4
3gveflko7a
1sf3ou9mij
ym2jho5vd3
0qbgc241ys
q6pn3hdebu
hmlvjpb3zq
3pgq14shfu
adh1pju0c5
wcbd1m4k5a
n8d32bh5oe
o4c3hbpkr1
7cbwmz5xyn
9bo8agc24s
n3v87fqxmi
ao7vu4rgjs
z7h4mr8igp
rp9mt0l3s5
rjzx9n6tkf
nwqgmfh893
izb7u35xkv
nl0dwkq5g1
t6eubi04kz
70qeuwhna6
wldip6eo54
razip4elfc
5bcnj0o186
zdvtrlg78h
wjdmx37bpo
cvegpd46ws
740yxeg8v5
pr20svdjua
s6ebr3fqay
heblo28vzq
ar9bp1ji7t
dgpc35quz6
yxahqntdc4
uz0iyhmws3
q2k4yts50b
8fzguk6vme
ruktbiqx93
67mufy53ld
1ei7py2svw
w14fhrcedu
kpe4jgzn1o
safp6hu3ev
res08gtkhj
mizn5aofbx
r4ncs20zml
4a9ewpu3cb
gia6q8to3k
rgfjaole98
fc1y8l4p9s
3skmagl0zf
za3omdh42k
typk8ceqzl
j2fe5a4g9n
0osxavw2fr
vh7xcrod89
zrhtgylp04
164njg3qdf
mpr390bnh4
jon1ygk3cs
l0qa2kwuhd
s6vfwb27ky
bujsdh9qty
uay2zesnbh
eusdf4yrxg
2owp4y16hj
l8c45arbuv
ywicrn7m9o
rj65gokhem
al6sr3odgj
2wd4ok1iz5
84htegfm1q
o1lz8qmhj3
mh0p975ct3
nyvci2l7ab
raeymvkh80
01kdj5ep8x
7v3ge6kd5r
j6m4duti9l
p7vmluezox
svlp6ur70k
07rzfx3vkp
lnwkjt6su3
rfbcyd7xhj
ci5do6ybge
ucxjob35e4
isalxw74vp
951snqmxur
w8zpf6ivt5
2nycbgz9dm
ah32ejvy70
8q7zg40blh
be1kgr5i82
vki5d3z198
3m1org9pb6
2ewl7ktcv6
zflrspkn8g
ctvi3rp58z
3iqcnfgewp
fexaocb81h
qitrs32hla
u8es1hkjya
2uk4z9ma7p
dzfgno7j0w
bliynaefzu
8w5cni3sxz
n93hw4tqei
pf4m7iyljh
ub5pzoc27s
w4fg972azn
u6hqgpcet1
bxykwgre78
6ly9nb0fq7
ofd9sjylvw
bgsqzo62fh
taoyvzj0nb
rlhb8i075m
rpz73nbomw
zwxtcb1pjv
dwkzhosqb4
5ozpct2yxi
qnmyexkg01
b6p1h3askv
meu7h6fkq5
d7h5ojbe8t
roina3vx6e
06wqij9ypc
inpf73k6vx
8w1jpzvbkh
airjhq1vxy
wlf5mbh0rj
1zx2th6ca0
tlasv6k3bq
lvpj325s97
lhzaoifdkp
ogm5uhwc4r
p12xiec4bw
470s1o9cix
5gchji7due
0ptbhfxe7l
tqxeusyb8d
2j3rbsypez
hk1zsu0e9n
zyhxe36tav
hp03i5kfgx
byc7zhp3tl
6zosrjdx94
l5dp46g2ae
jxisc7wkoq
7mhpnforzx
cdk3m8ousn
mw0k93x4b6
l1p95nbfqe
otavl198jm
g7cy4mrx3v
x49keu8qsr
fachjun9bm
6m1u4jsbf9
jaxmc3of6k
ab5sw48zoh
y1r8ztpmcs
8q4emo7fiu
9zrg634l5w
bawq5pxdsv
ix9d1qny8k
rin8hms4e6
oxbf06yth4
x37snvfl8p
imkpn279ug
b1nvwcjqkm
pg6wzvo7qr
j2zthbk6n8
dahfsi3lux
57r6ibvjcp
v4tunlxrc9
3olp8jfe51
71qta9yue2
pgr7ed61u4
58jk4sg9hc
1c6we8r0tb
tqxl9ouhin
1epsf423hu
7gzcou8mkv
51u9mlcig2
ex1g26w5tk
s2mkefn4bg
cs4t7eymwb
ke89qn7rcw
kdeyfhc5n7
nly50r3k7b
nmi3549azv
btlopnqv5y
j9g1l0yp5z
rt7zbkxlvn
wfqxyn50od
qckhfulv81
j9bi6vhdt8
5bjhqc2nkw
9qbn1kiy4j
xe3dz9ji7l
jnay1tpxdq
kb1njq7mes
mczpdofhsy
opg1jr4z9i
d0atsxvrg3
03xj9pol6u
sdwvbnxiq0
a6gpd19y7l
fdxizg4q8t
37c1pkyrb0
ue19qgn67y
lgp8dsy4a5
73lkp0w4dh
q0uwedm785
x4i83wsekj
4wf7cskpie
qcltoa8r5j
mgqr1oa52p
360wdxhvql
dxzhm4vf59
863hu9xdsg
m2csbazq53
w2axhs3uk9
l3epc46nxg
gzmsjkrd2e
68dohmtq1b
ieafxk4h3m
0u61l532np
izjxvf0hct
mjrnzk4lqc
wl2zbcdny7
kt4emxgs2b
t1zeu96odp
cpjwvay6x9
u394vx0r2c
a81z4br0ec
bcszixn80m
1w7d8jglms
k7v2w1jrcn
pklt9cqes2
48fqmwbpzj
z7acy26wkt
92nyb5xk1u
4hkfc9izg7
5tg74r3yp9
6fz903tewq
j2xsupyeg7
7w6j1okxzg
1ywrikdexz
ndkc2eozhy
vt7cgxhlik
mgd8kcvert
os3wc2uvny
4otufi52rd
yd3p1snqz0
qo18ltnpsc
g0cemzfi7l
m2wf6slpvg
h1jeky4plu
zc1vt9pnb5
ird825hou3
znlpqrey2k
kmwtyge91p
u6tvo7gp2i
d9kiorjlu3
xl6v8r3wc2
9urn58cao7
fq3lcbkvhr
ritu3l68aj
navqimt6ks
0pikthodmj
o6jkiv74et
sehpmxvtu6
86k1exy4vd
5m32eadz4r
rp0vhm3f74
f9demqn5z4
41mksecfjp
lmsyvz30qn
w5smy3vqa8
t6dfieq17m
eya0b96cof
iq3m1as5nk
atyx79vb0h
ceuozxk6ay
n3c190p2xd
citpadg974
fta935kc6d
5y69po2kt3
7ykaetmzsb
9gl3u76dfr
ijcm8270tv
09pabvnzwi
tbweq2fjy3
ic0kdgj45a
sfjeiydcza
qoy4dfp8ju
tpn7c0vd5o
ohvjf86qw0
hk8zt95q0m
vuhnzpiakx
w74n1skgay
3e69uf8ka1
fyv06lt9gr
rkhqjai8l7
7w0qmx13gh
ra6m7vwsjz
o4g352cqai
v4gtswpxej
z76rwc1yen
jvigaft36l
raytscox01
f94evlxwur
y4kw0eltbs
tv41guw2dp
lemrcdqy8u
dok019witz
wcs5d71kuo
mkaw5ofcjl
ws58fu92qc
ljyqkefsid
2xtqdcli9u
zcufhp3g02
9v0o2gbz5h
ge3t9d8bks
8ejxim6wnh
tipw64r82c
5ai9x0pqkv
fpr5h9qbvi
ldf5hsm1zj
ck04r5hjzg
zuvlo4a285
zvh8s4aluk
nkd05ylrh8
ft1pvuhlqa
cp9nju5lq8
5kn1wub8eo
m3qa7hxfiv
t30efmq627
i1nzqvxsra
oc85y6flst
emg6ybnj54
cu01wl85f9
2zvemhs3l1
51dewgsfhc
7f6qdphsv1
wr604ugki3
6xeiqvu35j
ng8lqbore3
uih9jyfvcg
fwslxye0pt
hc68vsolt0
ks1wax5vb2
kgcuh14is9
yr26539pbm
bipz5l0j8s
z0yqgpvflo
mqo3j6wbdf
gjx8qa6n90
2gtfri6has
57p9bhu4m2
94el7m3xti
tem84i62zd
8x4vz9qh1n
j3poysuxkb
qs4orme0kw
n0rctoja2v
41nslqyep8
8wu9yr314l
1b78mreph4
qhiy83sbpn
8e15g6f9jw
cie5a1tkr7
aj3p59s78r
x6lv31kfdn
qf5ocj1emi
xvizwh9bjm
l02gbht3io
tzph0l6wbq
xwrufl8kgz
zaimrl8350
rzh1dowps5
qzdrbgyw7n
r1lapvmbej
9pdeuf5r7v
ao8g4yqkic
5yksng781h
eclp1w6g3i
vn9bi2f50u
847iranf6v
lnxhvkrsfj
sx401nfzoi
z7b6pufgv5
k1rpqnm3sc
p5smeaz3by
f84vmenrp1
w8cedsu3vj
v026hrf8qn
fz719jiy8n
d6litckqop
v42qfuzjb6
t5jgn2kfyc
45cvibn6rp
q40tzvj2pi
dpfk729jx1
vxwrphs8qm
1mopraxn34
h4bijvl92d
yujg8e93dz
tmqafdei7z
nqrli0f517
nvb254mkwi
5cg4n0r36y
hlopzsmftw
7jsnewf5g9
l9b1f34nty
hknmyqdivx
wuiyhma4xt
begyzhrkf1
igxvdnfpwk
c3emkpn09t
vg7s9c42qf
qas2kidhxy
phyi7sx9a3
buiz0om1n2
5eztn3gobj
urvfpneidk
g31qyjzw0m
ujas1clpdt
twdgjy2s5p
0zn2g4uolw
b02d3j7vcf
fbqd9yjevw
tcp671lhuz
qxy5t79a6o
sx6kahz3d7
l1pr4jcunw
q0395algxo
a6pdqi8cms
e68qnlhmvk
ikrmay1hb4
k6aol05ux2
tf9zs1g0lr
6104gw8pb2
fl9sxczvg1
45izomu91k
v52x4rkpd0
7lfpc28mq6
h4q2blse9c
d7bnv1thmj
yuc5l1v9qw
egfwymthjc
jmadprqufv
akl4gvqxe1
cr69j3df0w
7zfhu523wp
k6cjtdab1x
to2und90cr
drxs1a32qh
fb0w1o7ime
vacuikmlg6
wuf4ehmav5
wr0uhpgfcv
v3j2i9fb4d
y8nuht43s0
fbhql0crei
pqzjaw3710
kp4y6h7tgl
6n7cqfd8p3
i6z13uchry
2mde4c5sx6
bdyqim5aft
7vu2nerazi
jdeh5gp0kl
s5ht40id2x
knwm5yv2dq
eu80q43hzb
ibxsz8d0nc
ywocdzhrpe
7dvo2knlqw
x4cmqto7jd
3a6f0lvuen
8rms4fgv1o
b0j1q7fich
lkvc3r1b4f
f0x4mbni9d
ndmguq4toi
z4rkbef507
u07w6xlyi1
txl5wr8jkd
xovbuz92li
6afrsnktyd
fwluicpx3o
hnep57mwv1
eojmkdwga0
dczb4vhl7k
813207coeq
wnjvg3h4kc
p6jhtl4o8s
8396vbkowt
dk1i9vmz0w
bfv09hozx2
1a7urx2f6k
8uhncilzjk
27cn9swhma
n7thdq2bzi
vny6m19uw8
j7ycx2p0rn
y6eufntqog
nxwfztm3jv
z7saohjxug
yq731wt4bs
rwynfq4upl
3qn829w57c
bksogjr0ma
08taegfdv7
vhb9fj8tpe
a415jqx2hw
5nr3w0ys8t
oeia130kwy
hbzqjp61su
xu0e5iwdtc
p6acbgtfkr
wze46c9vt5
x6ug9epf0v
i6n9rbdgce
h8ickuy1gp
fe2bpig4xa
i2e1zdkr7p
nchb6misaq
h35f8qb9ra
vzm36orl9p
gokpyczd2n
b1jd8a6vgq
ig9kq73rx0
zhnf2dt5ag
1fadr32k8t
3kepwqvn69
f4k5d3le29
9ehbzuitsq
zbw5iojemk
e3w5dqfmt9
7lbqfazrwm
ub7mk8eo6l
yz20r4v9nq
lft5a8cue0
95u1jy3dfo
ol6ek4us58
clfv8tkpsi
9ktuh4m5fd
tncly3jpis
co5qdbn0xs
pqlkmz49e5
1ql4ji903c
rxzkwosqe4
noz1mvjktb
yqoxpmn7gj
pjs435oa8l
b9z8o0qevx
bq2nhrot1x
pozbue7sni
h9p0ibnf3d
93xv0rta5h
s45xnwj08v
mwkl4x8dzj
bp624dy5h1
tbv3ladkmy
pu1vt43sch
jlfmciav07
w37xajdo4v
0dj4kslc7o
la4hp3exnf
qxjtf5eghp
yfb74v5miw
8yznihvtxq
nb2hdt7uym
ljpcogvs6x
aqxgvptwyl
tuyn0cib5a
ae7mtobvzx
126jk89gdw
6d9uoezms4
c4s630mu7h
634bzpys01
uhx7mj4qyb
ufl4jo31wm
hp86fvmiab
ji754c8xau
awv9sif0m5
3wjm6udxqg
wih739f4vt
ditn3glzqs
j1ahyukw25
yg08b7a3pd
0rh8bdpqfm
k0tnufjbi1
ondg7brpex
df3ig672kh
h6gwkoz5x8
1d8nwqygec
rl03nhyami
s5f9j2w7gz
b4h925mja3
cu59d7rvyf
z37jocrt62
1iwlujpy0v
bswm3r4zq0
r3tz2qnvdp
01nemuo6rc
r9glxut1sn
qxly6dz2u5
ejobsqpn3m
d73s9r8yof
2zp9tf3cv6
npl6kosrd8
p5c7e1l0as
6412ti7f5q
d69itxlf4m
9v8htbeol4
el6nr18072
t0748vcwy3
pye09chqax
ozr5b9a7dm
lc2udpf5wt
ky2ejmq6zr
xfl2ua0eh1
0lsigemjhc
s65ax3gpru
smie6n18z7
f4amisu9c3
pvk3wshb47
qp94w186m2
wbz6r15u3m
4rd3wmcsyj
12rpl9c7fk
hk3riaj4ou
jlcz5qd4ya
f3xpvjkcm5
0np2btfqcr
asr53lthgy
63y95wxbql
5koax3u7ms
fnzcleakm7
5xpdrm7sbk
m845ipe6jh
87kjcq9x65
bmqpr80zds
br6na17exf
8bg5vxq7y1
q57z1gsven
t9e8jr7yxq
nfrwgtlucd
1eutyjkb7f
fytql8vn73
gkviz8q6d3
xow5km7bat
0z6w7int98
6zeslyvpir
ov1zq2yrnf
kzri6aohvl
5aj29rcyzv
bnvz7i3lqo
rnyh3gfa2x
t4uzlvia8n
zsdcbet3kx
s41ymxck0q
craf15sbht
ypvio89sh1
4ld5kvbyx0
826kqzp7jw
jfiu9y0kd1
k9rc5whv6a
7nwjex4r1s
o17ed6trnh
75n2pogljb
ry12tiqgnw
byldmz4ueg
yuk4v9xgch
3oafh28nld
h52mls4ika
8peh31b9k4
i3jydof754
jlxa31tc6z
vaptehgumb
ap7clxjr3y
0i9xrv1u6n
lah7yscuw4
fe8s5nxzkg
k6r981pwlm
nxzebg1ljf
uagcvd81nw
wxchmsfzka
tlhq25gvzi
n78f9zot2a
vxguo8tkfz
wmn5sr97oe
9hes2dt0wu
ky3clhxumr
qnuyc9j7i0
hizn2mao0d
vhedpfb3ru
o9z4u57b8q
q1dhrcje3p
3vdxsm07qh
k9r6myhvu8
tukjd8vwoh
wcyqgenzob
hcji5pdv0r
5gmwr02y8i
tq7k3ydw2c
17c9vq0plm
ez1tb6vpu2
jhmic0ew1r
0g4ys8jtpa
f6ksxug7i2
qt3vucxz4d
781z6osbkf
9jczevxqpg
mrqvflyaig
qyh4nz83uc
q52hfjsxok
56lnkzcm7d
2oi8bdrql1
ybuh97gi2z
j7om8fp1wd
5rn0dqu8vc
w5u82tscve
7snp0g9kxt
pd42qh0y8w
z50j1o3atg
nwryp0z2sl
q89ewx0aid
v69bl7pmtx
jlkdfw1y0u
0xgac14e8p
tmzwiy7cxu
txhf7q6j03
ha5ek3mg0n
9ziqbxuyfa
oa05jkmpge
tidcku4mvg
qpek92hx3u
h124q689vt
62d07nves9
lk8fe97cpy
r2gvj9x45p
c90s1eio3d
3t2ois9kbn
rvf14x05du
8ionbltay4
ur3m97z2o8
vjz45phega
whyk4vdnj6
y9duocpi5b
iy5gthe89r
bgkde07uci
ns4j32w7hk
8e71w5mvnk
aslngrxoy2
0g6ynkmj79
4iyl0bersm
z2flpguas3
6ezi7chntd
iashym4rvf
argknwxlf7
ogw8fzbqk0
8bf6vrocz2
o76b9nlpuc
3c5v89lawi
s219pimjqn
9v8br3qpin
fn250lruvj
k12qzhiuc7
6tedw9x3kc
oq632mts7h
nj4htw67sd
pmrx3fjg2y
o7n9zdkljy
ob3a0clf8j
rzyfbnl8qd
wphgrljkfm
iuqoawpjy9
glo2b6psit
rpu4w1xf0q
gjdkweptix
hvk69fr3zx
2gjpombcta
dfsqneak17
2xi93k4rwz
e8qwm9vc1n
5q3sxc4wbh
xedgkvo9bt
zriupmo87s
v5yogrn4hk
xpcg15smo0
j89go76pne
t5906aqxjh
kqsrm3leh7
d02cbnwyzt
2ogwaxip9u
pk9c653doh
q1dex5ofb0
92ykwrohz6
p2f1mzkic8
szari7ul2d
j62wp1bdx0
hk0muq3yw8
ibz7whxfe1
6mcq5in7t0
08qih9alnp
smvo65lzf3
fsw973rkct
wybndhp59f
pxlbfio4u0
no93hmv4uz
2lh1wu6n4c
8ju915sodz
3xmyplacbq
0n52qb4d8l
f98c73zbqv
sxgk0onw5u
45epkba0wd
h9862bjgw5
mr0axy1fic
lcpxozt6ng
yp2h61b7ot
dwjua19mx4
ijdf51cvp3
yint2jsfml
ioxfd8s9bl
f3h2tc1nu5
et675cw3vf
dcvaiuxmwf
zl0se7hp94
l3m9no1kv0
r43q6x8nup
ei3udcxp6y
md4q6uotrb
v3sdc7l1ni
fmdv7sp4o0
8uldy5ic6x
3l5mb7jdrp
u0ih14fgm2
kub1qodmxi
dgq9syrab3
wpz6vcye43
lnvgf289ub
20yimf7hcj
640zofdhcb
6ldtyj5bm0
xr23j5p6m0
1tlur9vimg
8z12nyvjgt
kwdvloa21u
7nw65mae2j
jmkzbhgewc
9zdyutahk6
cmp20irqh3
bl8siykd67
u75v1qlom3
2t48vkez3m
6rswgomajl
fli0ra3zmq
wzs9p6314e
fxwhog1534
t1q2nzkemf
7h5katv0bu
2ozjbqydul
y5gvrbuaof
dctx7uvnjq
2yf6biorh8
yxk1woalzc
rg49tlbq8k
gd4xi7fn35
pt8d2k69lq
dspyb2r0om
mjvo91nhs3
b6oh3vn0xu
xlqzgs5i17
at2fe5cl6b
av10cyezt6
mpu4dce19w
vxfn29t74a
i3sm29vt8d
p1bya2w4f3
01jof2k6g5
j6xa5nom98
h73mp46kwr
o670wavx34
mh5sk7grbc
9kvajyu0og
7ylha9ipx5
4ki3tcbldz
vpbgcw2hls
n72mvbgzqr
acb5p4v0re
cenkx0ygim
fzkp3b7ngl
e7lmsw4ub3
zl0qmnu1th
r78k9hl6in
kicjoy5rze
ml3y60f8n9
i0mwltnvq3
z3tmgh1blx
otiw1a5gsm
cqlb7jsigv
4c38od6hia
tmrwe3xy8f
uer2q7kg6w
ng4fu9pjei
ohjbcvgt27
fdxtqpuisy
pkmy2v6w1a
6jbuz0hgml
mc6j2f8kzy
gbrat07z3s
nl0dxozkg3
1dui6k2xno
6v8olxgmei
8y90vt1qus
k5210xcwvo
23vo4yfkhl
b0x9n1wg37
zdifeplb9j
q3vhx6jadk
s4n6ie3bh2
vm463rkdbo
ds9z604yqn
vit4we0qs9
6y4a25q7vj
9b8smoylw0
k1cl4uyhrd
4dzoe5bwfh
bgwztd3kjl
wn8m947est
sx6wi8v5qj
wjm7r8y5p2
4v6kqtfbi3
4unksprf6q
0w1oi5t7nd
q2k3iurlnv
9nu45qrkj8
9t5gwp3q2h
6xno4p9j10
xhvr8flg93
a5tnph16wl
jci3rqmfue
3zwxyocge9
6u3kb4pqy2
970msnrh6w
2mograpk51
hbzaf2iw7r
fbld73etnv
vi803lwmoj
pf54mldni3
el7o9qjfb0
a87x2usdcw
dyzuivqjsp
m7kf1bnsa5
ieqgwrbh32
7uern9l8v0
2rkdm4fnc0
otns2ha3gv
kfeo1bxv5z
v2gt4xe7jb
tewydni1xj
hq4a9vg1jn
fdhar3o2xl
2jr60bmefz
hefony8idw
d5agnhy1bt
8y7z9rtwxi
0tj1vsxemd
2c45zuqjvk
duxh2tko4a
dl0ryvmn3b
2qxe6o0ht5
nzfs2eh57k
r5x1i68jpo
7wmc45kjq8
evqh0jw5mc
8e3trv9g2s
3stq960glr
01awtjx3r8
m85izrwsfd
03wbzsft2u
3v0bri7xam
1tdsk7zq9j
lztp42emf1
mj4pi612qx
2ywlbixpje
wga2yc61ku
g347xyu9bm
7bs2kd0l8n
fb6d7lyx4j
i50emqsuyd
912ofer0iu
sv1a7oprtq
1xt5kcdoeq
o3mrf6bxhj
or95vm1afu
z81xm7bn4e
bz9lvxcwrn
5x1io6c3z8
v5u673cswh
rzge26kp4w
kfzn4rdyqv
adg8efiky5
a427pwsmtq
ymikt350qc
ciz6qlh2ub
r6t8m0v2gj
nvysl9drbe
5ukw3147pm
yhq7ga42vf
qwsbi74alf
miawp43l7u
m1uzcnf3gk
eoscxlrpwi
3qavhs8guk
x7vchotq15
3xnulckwbh
ljh5e0va6k
cypo3hrjle
jcph9nwzrk
prqiyl6az2
jd7s30o56g
81x0pntfzl
j6lax8fp7u
a9ps3c4bvj
rkgucph2w9
g2ndq93itv
tqj4mhnawo
35ci2oh8sy
8objwzyt76
lem4yuqjat
vcd61gpw7y
qrm0onu8t7
zgn3s2w8hk
o4yrtnaw3l
6vipgzmxoj
5hm23vkyrp
ad4zofgqt9
b1oci43wyz
h1tqpkxsvy
42oftnirse
elsdqpc0uk
07mwlirz93
mxbpgacqz5
2kp5litf3z
t9rnsox5lb
34ypxb6dnm
wxqob8gu6r
h7fy5o8iux
abqx4jlzov
l17agqtdmj
b67d8tnm1e
5bxnwrlgqh
dn0tuch496
w6i2s7g9ql
hanw67vlzj
k9zm0ug5s8
17g6qvxu80
0fn3vo24zg
5tglh2sk8m
c01s5i32np
3icz7108tn
6gj2n3yq8p
1kltcm3v5h
ck81x02jr4
pr3bhm8x7o
ygfxvkqw42
av072e4lz1
njqepwlu02
gs37vh6xqd
rtvuacxqgy
p1csheyim4
hbm27f3pie
2q5ispx0c9
9c1y06rpha
eg3n2zi169
su2bhaoim9
sfcildngwt
91ktsbcvuh
dxjftns1kh
0tw8vd6yio
2ah3q1lfyb
i57opzdv2j
9ir3qmw87h
qpk5tx2zns
m3jsrzoa7n
ho8c9pjbx7
w8z9gb725f
lqsf3vr26z
j5slv8rk10
38onjdf42a
815im2snph
3vxq0fol16
8x1khw0q7z
93yx6blavm
wqlgps3fd7
kndl3p07ft
xwrza8mco5
uoynki0b9j
8tzidjfkmg
4pow0fb8gn
vixwzy4kct
mc6ev7qxgt
gk91ps7cum
b7nf3qch5z
sz3hiv8kbc
m5c4v3xqep
axkczj120l
k0xz3hqu5a
b7vjc0sk38
le8bato2ws
3khojnl1sd
fjykuqd9mn
2zcshfiuek
ct3o6rm1gy
r3vtix508a
30j62ltzxu
rx0az13nt8
y7phlfc9o4
7m30xw8oi5
712e0a9fzt
apdsr5weo9
2k5apzd9lb
0nws7hlxdt
nolu6708g9
myi9rz04p3
7ivxztyq9b
gsb7nzeiqj
burdqwlaeg
8twadcbe65
05uzvwce7o
m3rfxg6dqp
m1476hf8kp
ljx45icdmf
u5sfq7nap4
eu1vyl8sof
5f29mund4w
0d7rl4ghwf
06ulxqgnzc
rj03pmiwu2
fkde4xj9rt
yc6rs19kgq
avfg8ejh4c
f7mcgq0inp
g5fx2r37y9
qj07byovn2
8z1bfpywx6
z6k17fdn8r
qw49bzh25x
mne2170z5v
3497tmjx6c
rtyh43xcdv
qn926vxg5j
sf5etr93ax
zg40vdulce
d4mjn5kaly
kdpyj3ma9r
hp9wejolk1
rtgjc8f245
sdug3jhzqi
f186rx0yhc
kvb8769sp2
nx26kta84z
21isx8ncqt
akdvqeimrw
moql724whi
5a41nwsp2q
dlg5km4jcw
po1vc04she
4s7vmn2ba0
hqlisc7vaj
61afemj25n
w3e0jx4m8k
ap2v7ietub
y4uk58m1hi
nh7c4zjdfo
eqb10vlct5
wol6x9tz4y
gv9hux3en2
fl0op67rhn
cdu8rfm2i4
yd8kx3640i
nm0lwb532q
a9n0k25wzg
7grfqm8zi9
mt2vlhsnpi
fsl9ubhdxw
7vhp2zablt
37jtgbsa0x
onspr8feu2
igtezj0o9a
o8yi6zfucn
1f4evnrkjo
mlw9chxdqb
5ilemn8jfo
g04c71djlw
30zxk7wb18
5qd4ybw1fl
b1am02t6ex
9gqx58e1iw
na2cgoefmr
3kajw4bpnz
i47xjuw8cb
lx4kic0f2d
punvmd4qab
3zpli8qbfd
c74napjvmf
4e5to0dxsc
7rwq3ixy94
hecq3d01ij
ugtkhqz94d
usk5el9t34
45u3ay2607
clpw856hev
jfn0bwpo71
jcgdt0uawz
xsh2uka5yq
d92cxek4j1
qjflnerwi1
nx2lw796gp
8qo42jwryx
4zb1w39hjo
s2k471ydvm
agsqp142n0
bdgv0sfn7e
7ls0vrhy5q
myzreadjux
93hpsftgdj
xysev93j1t
vszpf7yq14
kl4pva1q9i
kd4ctgmisy
12sgdt5r8h
i3tv0zw6rx
has90viqgf
m714ut6wdb
xr4e9fzjvs
mz2oxf59r7
pwj2he095d
kb7ir6ajvx
xdmi7p5trj
negkm91zw0
fdb9grkuzh
42xadvk8sm
2qwu7z8led
23g4fkn79h
z4v8pj1xn7
fz7lmsonjh
cpmhveqkb3
q7k3uhpy2x
tj86uxa30e
h06sk18aeo
0xcy8b43nu
908a5zs3pc
7vcxuz53kf
zn31ah0dgy
57g0dpfyjr
l5m3huk8r9
bz8fdnsk9j
u0cmjvb8af
i174o9lt6y
pkdguwl2on
wfd18ur53e
pihvz8on7b
xbeam1qpzw
f3umgxqjlb
7hbu43nia9
kxl1w6afv5
kb8fxcotjs
a0lb94k7x2
0wmir8kfch
ltvhw4e7so
9gpqlm63xa
hu42g9wcyj
m7pj9lhtvz
rdyjfpsoei
3b1fylrm0g
473iuc6m2w
pnx8mji6lb
rbaso6h7nf
3i5d8t4l6z
3k0d6o4pjw
k8c6n314rj
39h42zwskx
zqy46jxera
y7g0254mf9
5y3o60kmdh
nh6iojml2g
r8pik4x3m6
ciudtmyjzx
7nioh6p2m1
wjnzsp8agu
xbadtw15s8
prqwoh9snv
o8bgz0k1ex
rme3vnbopd
skem9g3pi2
qg35tylk12
dr5stmk31o
l7f4ipn8ma
pg942xz6od
9chrdqplxm
v8tigqyk41
x9bnvmp2q3
e9joz30byw
9k4hzasmot
hbu831ekn6
o4yj5b9rf3
xvl047huec
k2of91eb75
mzuh7roytb
4jym0t1f8z
vc2iaeglhy
42bln5shfk
1mn5b4g892
upktjm4vib
7028qsx5it
k2q3uy6n0p
kale204sji
1fgm30jx7a
4zgmyhpo7s
w9nemp6xtj
xi9fdgyn73
3fn0yc5781
br49a7yilc
wlp0rb4gue
wgbdpus6ia
ky32b8gs0f
2o19aix3ez
6suriqv0pc
b76cp5iz9n
nspl9fz64y
mitla6pr70
mbchwpdfqj
j5e3wzku1a
k97f38vtu4
5axzsw4rej
thfi5vg70c
2yahxwisk7
hn8l7ud3qe
zi6ytce5m9
r36918ipkb
bku59mv0ny
efo259n0xz
r489zbgw7e
4i7l0pucxy
sp9afoktu4
c26rem1qv0
q8c9w4v6sr
f38n9spybc
jmypicfxtr
o9ptkwc85y
prclb6nqfd
sje08cukt7
w72zo3a1uq
89ve3wraix
x1a6ybwqr5
vsnmix53w0
swu1qb8m9x
4hm0fxpcj1
0pojmh4zcw
8hswdx6zrc
thj2m3e9uc
un5fgjpase
vw9pjhsc0q
j50ipnkqbt
dicuvjl9y6
sunmqc9l2p
yn3ogxhw8b
jmxrak9qf0
n5a6t97dpu
xt8oudmerq
ie2auqp4w1
yo7xnrqg4k
1m3tvswk2c
8gzupj0e3x
6lvnciwz4k
y6p1w7qblv
oh7q5igtrs
gatw7hp09m
kdecs17miv
8gcmkb5lho
y9rolvi6jm
0w4pmg9un5
q9efnublik
r09zvtbweu
k78hsig0y5
t7s3h8aquy
uh8lp4imnr
lnsv0291yk
3vrcetpwkh
s15rlngaex
i8qv7fmthe
hoe6ty9pal
cnp6hfz7u3
gv1qjy2h48
vlnifg4cmd
e1ilba64n8
gdf6w72i9a
v0csnhi8ke
ls5cw94n8k
krjligy1zv
wkrthq5f98
4572y3w9s0
ql3rcj018b
1qd8ieckmr
xzbf392qtj
me5c24jsuo
ltbec7i802
9108asy35x
2qu98kf1vm
pun1j2s5vg
fd453qrl1n
u65s8oqmz9
2iyo7ble04
c5rsx08hva
mjwocgd7fp
x75wq6zm0u
sefb3dvtpu
9xv8wze0tn
c8w5eljgz7
bgs319rx0z
402tlc9nu3
w0hbytix7v
bvmyw2ndqp
svn7blfmkp
z38vjfegcu
dr5x83hlwo
wi92s3v6kx
9dj7horpv3
bsz2ae0ckv
lycpfqu58z
uvbwcs2hy5
6pa82vr0eg
beojzwd83r
1o6fvxu0zi
udrw7j0mx3
a4d7h6931q
n4e80ouimq
0agpn9i2y1
qfo1txbc32
eybt8uvjk1
be2tlio57a
3dbm7pv0hq
i2jqfb6xk5
jk0sgeuxq2
94eo261l5m
jl86umasch
gw6ybonfdv
0xver3f8w6
gbkz16pony
2g1dj7ne4z
fkn13buiom
t1vzfgqpoh
dvaew3lncx
ob76fvdkqm
0i5w3pusev
use7jn4f3h
37xjdcp104
j4stg7mzai
thyxw7er4s
dz0uinsw9g
796r1mbscq
dsrvxa2oqb
eimo5n9jr7
u0klzdeog3
pcjkbyer9t
n8sklcixe9
tbl126u8ow
nf09i5vmd4
4cy8nb1gi2
2pfjsb5cv6
jdx7ic0fpk
8704kradfw
xmq4fg3dl9
qzg12wehc6
qme47tiszw
e4d2tcoyfk
9v2ixochrs
ia07uzonkv
i610kyve47
qj7bpldwkt
t0eiaozhjx
lcrej72idy
r0jpvxnub2
z4gimlnf59
51zb07tj8m
2nqagxj183
hcw0vfmny2
phq1z4uo2b
3sb6yxau91
cu6efbrzqi
yb0dvsf5w9
n7bmge4hs9
e16yf5xdz8
lmcotk42wh
cr3vpadn42
tqsbm2exvw
32axswyogu
bxjgiufkt7
3m8ofwieb1
p89axv7mi2
lnr578hgz3
wpu6ne0kst
1ci74n92ym
l463m59viz
h2x3esrivk
ori061a9fl
2ajyhv19e5
b5qgkv71fc
0h2gipz5lb
vs9dr4hkub
jpikw1z6fg
1lxvuseifn
1vycljxwq4
jrismgux9k
5xjc32dzmk
xoc87pu92m
nxwiucjlya
7wnv8rlq3u
apxbwtlkhn
csvjbntklo
zvfk1r3lqt
fxw7bonj35
4cvhgswixn
pr8fx3icnw
1tgvbmy035
3qb047z6tr
zhunq9ygc8
ga2418xq3e
evd9xp43kc
txinp4u385
j28k0flmbw
13tp7rk264
93ts0y2mhg
2l3kdjvrmt
0vuack3h9w
z71kh23ya5
hitfs5qjey
3iodz4fqw2
h9k17q3eao
qbnh3jl1u6
0l4y3v9eb6
72n56ebpud
5hcsbx2jap
nuiqc3orsf
tjm4r6zp8b
htac6p81f9
31c0pq5rag
ck916dqxz0
qigw268kph
g8aqz60net
rtjo65eyxz
yu0rxq2vp8
26uh15imdc
xup9ctd3b6
bf2h0z5x6v
jrz9ilfx27
h2a0k17uc3
qk3r7lg4m9
7hil1atm0p
m9xba67w05
5zsikxao8q
i93jf0675a
us43my9ng2
jwc7re0hft
bef1z8ujar
etv12xagfd
8qrdegwnoi
j0l9bkms7e
xao15cpyhw
xg8pekvi79
a4dojpxb6s
47n16vzqrc
3jxl9fbas6
s5hlnwzpog
n0wgcl8z61
1bqu23k8ns
iq5krhmc3x
fpqj6c0a5k
r940silygc
a7gusf6q0j
niymargkjl
6umxapdgwj
4n5icdsuhz
rbvs09mlo8
f2n1avgu09
gu3hba5evm
uq3w08stjk
ajo8is2ytx
c9y6l01bx4
9l4a6xjmh2
itrhz6b4kn
dxpc53qb06
cdy806tlf7
rxym4pc6hw
61rdztuqsy
d352ykzf84
dgsruchbqv
u0sxzo6wgm
worvjch5pt
nip651udgb
fvnwz3qd0p
rxkgy9bt0a
i7cbjswl3k
chw27bkreu
8sbtn9wmd4
r3o924ktu0
vz240yfmg9
opmlf34d6q
sritvzg3cm
mpdw4xzugk
xzq1cw70yi
fe9jtpwxmn
47g0crfhi5
x4fg98ewr5
u0tcpogszd
8ti1y6fh5z
fbuxkmlaro
412nq0dc9e
yrdptzjqnl
id637n4kj0
jwxy2co345
1t7qlraeyj
agouh51wly
ctfvh5zlqm
dymwbzonuk
i1x45pdba6
j9yicmw52b
xjre684qm0
rg7en5vdh1
f8san0to7w
e7folt8y1d
atjfyv6nqx
pxgmec8bu4
zseq7g8rxt
b72agu498z
b3pz4rqemj
kqhcu5je78
u35p1baz89
2016cjqdpe
yv8fsd1mjh
hsev6zwigy
ca7s5irbhf
jbkxy3c804
lrktfuhwjg
o9vkfpqi0j
23nspgatz6
znc649me31
mtedf8gp92
pw1hyzrs6n
d2xlpjsmkr
vt04oek9ni
q38u2pyxba
v3i41r5gby
h9weqskrjn
lp2y6dhe08
aun7pbv42l
j12dq8trkc
txgzmujhvb
xvcugbrkmo
tsxcdwylku
6742rls8zp
b70qcmvd4e
slfwu71qt3
ws86f3hlbt
aq03zyfsgj
g2jilnaok5
xeky7otidp
wx4rpais8u
5iwvp6b0on
8dj9nzm1ob
n3cbz7ofk0
v0ef5ndylq
59jrcevwty
hqxoctzpye
ptdjvsh3u8
ndylfhwu4e
r5nvzjlkh6
k7clqxnfrd
71an43xfgm
ynp40bk2r9
20xjy4ihq1
20dblqtx6e
f6bq30hl8g
7uv1rgpedh
jw4ems6old
fybalr34z0
fmc0x3elh8
bx70tunvwi
yzfh9ia6xl
ina7v6fq0y
z3e6g9s4bm
phbdu24m0z
b3gnzv1e4m
mr0j9zwpf2
mcifzswu0j
t05nkywqcm
7fm62q5jr8
eba521if9d
2hte97n53y
9tkreci2nz
ig9mt4prbs
u6kd1vxfpg
aygc0bl1os
s9c50ilt6f
2orm5ensyh
aoqjizl3w2
7j5q3yxwk1
i2vkdma069
1u9e3bcfv8
4iuf2m0hny
zek96b0w5r
wgqolp4ims
qlc38eihnt
tmx8dl3o74
a0tkcoivxh
bvue8n3p2k
vd1a4simyw
3k8pacj749
bxic6sgmd4
iugefkd4to
phvr5q80x3
qbmhvow83l
su6ojzvrtd
ahxrqevk78
urjde72ail
wfd087izu9
po3mx9s5de
c8b9jvlsfq
6w8bik3opr
c3zodjpilg
pqeg4x0tsk
u35mwghbai
qytbcdfivh
p1x92fo7ab
1nzemc3u64
t2a0xzyhq9
80z7onlqv9
wkopz14v7f
ja8l5xk3mu
dwiepkutx3
p59r8novjz
ocxhky1mpl
vfzcn9qhbr
dqnh023iy1
zioup93tl6
useh4xgioz
2mey13gvba
uy5fx1ho9e
3vrx64menk
pm1bxr3j4t
dvi640r8cn
cg6trvm7xn
brthae10nk
1fyjoc0ke4
hzsnjd9tb1
gl59azs6qp
fo3i04zprn
oxz2v7mj19
e8lgo50r34
wkuh2sbav0
31tu8ehyfc
wvja19yfi2
e7ku2azwqm
gn12dfw57l
jch9ogzrkx
su2q6d0pyr
km7186t3zd
ovc58z791g
c5b1kudp49
4ptdj0vhc2
uogc3eba1l
ab8ikpyn92
wamugp4y53
v8m9wnjtuz
dlbi4cye3k
7xog4wjmph
jqr2wzf6a7
pzroba9tf0
q625fuhkrt
3x58oiscur
5mxrec8vu4
wpud2v3mhf
12v8egn4lh
m2u08gfwxa
js0hfig897
d7hu8q0ieb
8hrpmxnfj5
h85s23m7gd
oldbv2smei
sd5kzh2a0u
m8hencjb4a
exzy6d7cga
b37pvroqny
khqnpj1uai
8bkoxlz5r4
zeu6il0172
wdle7fc5ay
ku0otr189q
mdl091pt7v
x2gyzrbd8f
ub92aedw1v
35w2gv4dx0
df3w7sxigu
j2ouqn1dlc
2suoxyqiv6
nm5z9cdvit
ek86tnmdi0
a7vr4qdbcf
md1uqw38th
u7t6aj4wvz
set2l68yn0
zjoeakyqb8
h61wysob8x
nfm3dq4p09
2s15glaiyd
y5k1lsgp78
c9u7lmk5rb
dhu893ywg7
ygw4q26p83
wlhtx0im1z
nj4dve5p8f
z72gy9dma8
iuknxd790f
kh174u39zj
s3o2irfqbu
ki36y9741j
uhcyma4p2t
9sxwbmptku
tx651u0hz9
swycmfaegu
vtb41lhf93
o3d7wuqye8
gl13m4fkwo
rwofhi568u
tafbmve4uj
8zfd59omb7
5zav4u60ic
3uyj6esdr4
yo5xrcpm79
eu1z7oh5jl
c5tsiwvrom
poi6lkgufy
59apxyrqcg
ubxjrydn8m
iqux50ns6t
j5ul94087f
b4wikp7mgz
8wb5r6ht43
wlhkjz840t
efjlno4wzh
smaqbpyh4u
09qjz6e7yd
kbhz9dmnjv
xeciq08s93
jgy6xovpkw
l6ry4xutgw
atgq2dchl8
fnd23zvhom
qkcm2985th
pwu25xhdr8
0egvx34imr
f2k7e85jmy
7x50zyd83m
koq0t9vces
jk8xp974bc
gfx2out0rm
os4k8n9ap2
mte5hcs7jk
wxcl37q08z
o35xrztpvi
p49bi802cd
l71mud4ei2
hju5xb6eac
mpgruxstie
8o3ax1jmp9
82b94clxky
9j34pn2cwt
eju2rxab4f
u0ksgifnjc
greuhqv8zy
g4chv5be1x
0vab5y2csk
0m8lt4adp3
ikmjs8f9lq
id1c0lvyqs
cwvnt2q3j6
c1p5ofja2t
dn0319zlv7
d9s5f3i1wm
abdi3etk41
d4aq6yhgr7
4gsbzt3927
k7i18h5oaw
zoex017nys
z87nw0xud5
x6scq098pu
8hb5j0r4s3
xfiuctwa1y
rug8l9ketq
ndw5298u6h
r5qcze02io
wbup1ftd8k
u397wpx4mf
cpq8gv3xm4
51fa0npwe7
cf7byaux4i
o83y2udji1
5qf4hc6gjm
kxnso93atj
wgcdn8kjqf
xjoiyz8tfh
8j4spqrdc5
f3nxorjuya
3aytp5b2on
xcm4f2qvih
jfyeo1bsl3
2khcbz1fde
84tln2qg0j
c9fl5n80dr
t06k92padv
p09fqo1unz
9p4o05wmyn
gxsud8czom
4ulk93ve6p
idbrm390tw
ybus5m0qvx
uya0pt6j2g
q7vh6k4pm1
20bqsaht36
hf8smwjpek
vqk20tw5a8
q537m6wasb
klc657itf2
1zvkm9qfst
jixbemrs6w
egrhvloc8z
sc4mfj9atr
6hw5rg8bzj
9t7w3jhx4e
u1lkax8d2s
lkhpwdcu62
q5m9rcduxj
gzhtsnvluy
oen1k5zlu6
pr201o5ba9
sp7toen1j6
femal16kgc
7syur2inl3
p8e75jx0zt
3xdtsi5lrg
njxpd5otu9
3xnpl4woay
hpxuo8ry0k
6vy4zfjn7x
rztop3n64f
y67dzflg48
jtcv4zwm3b
j4dk5uf1c3
u7m9ezxvti
i4zu26dxwv
vh43e0nscu
mpzr7bswq6
xh2u1jgwoi
qlsvxoczyi
ij8ro036xf
g3ih7a50qj
hlmnvzs1ob
xd8qbl70ow
e0djy8z7n6
bhtpis2ug1
xfcghmu193
a0of1jxi5v
f97jb4zpyk
mlio61sbry
28fswd3tq5
jwcm5u7qoa
nq9m14se6x
thj24pvwgx
lm4f3t1vwo
94yk5rf8xd
19erpvxlz6
o7g61zli59
q09d4136oe
ruwkdsnxim
50oygjpake
1c9k8owi65
vk175hmx4a
mvg29tu8cz
7eo953sim2
dy9exq28oc
p5zhrvsu91
4e8knhi59l
ihcj1a89yp
bkmf94ilw2
yzshe78fgp
jtkoqfmn0h
yg7dfsra8n
ovm0uhxs49
nguat3xlhq
80ewsq4cz6
ohw073fu19
60igk47eva
z7yb0q1tla
9dckqglymz
sr7ef0lb4i
2wq4zduymi
8i0rypzkh1
oz8i2qkf9p
jfe4rvgsnl
rykj9lzgp6
ws9zab8xvh
los6u04tdi
udxfoyqk12
2gz3798uds
z3xvkuewc9
kl0wnj24dy
x6tbwdym5q
kc923mluhs
2h6391kerv
btnje0skwz
h19pei0cwz
cqjt7e4wng
ysj927nivb
wirebz0k2p
tmulnq03f6
y26zxbpmvj
3k6jfzlqch
cjayq1po53
3kd7foi54n
m7n9gsckau
16o5thmka9
t1exz3hlof
w6fye1btdh
pthr5ak4sg
h9fpy7x0zq
bye2qu6r7t
c7d4n19rkm
dzbnvhcqt2
pz1c52iawo
2jwxamgcpd
ljc9spwqxz
aj8pnit506
yvcm87hdzn
p3dxbiezfq
hmkpxcz9y0
hwz2e05pmj
v4umko9pr2
u0y36zrvdg
cq15jz0mfy
eafhvwp6ls
8dgx6eo2r4
