6289
49353
11028
49379
41815
5334
39610
4231
32796
44628
41127
49515
18709
5808
45453
19682
27383
25725
18080
7364
41471
10794
17760
42147
36641
23458
13256
3537
29880
12507
40316
27644
30162
23739
5874
36532
29974
34730
48585
7937
31332
21513
15252
25955
48286
42999
2369
37652
47159
14957
6402
5585
44103
30344
5267
4667
33303
46408
8632
29059
8495
2601
47888
7946
15135
49920
14198
48383
23751
20935
39453
19555
3805
32882
27825
639
25417
14740
34612
34281
33698
29366
10762
31648
7916
12851
40102
21814
42442
41529
16029
21830
1828
7305
16005
10254
32369
39647
37613
14428
24080
31843
15450
43721
28157
19037
46282
14549
39882
1252
25862
2058
3983
29408
26177
4582
28559
48507
46533
34781
7136
42931
34326
33293
31685
26557
32432
7902
10064
2751
23435
43017
29083
26535
13595
14478
34952
45292
36093
25737
40461
39512
30455
32651
35583
2266
22976
47775
38072
28687
24536
2136
14192
17367
48945
33915
42547
29359
14174
25081
4033
24161
47980
12682
41732
29562
27874
30092
42634
20469
10344
1440
6355
27314
486
37525
26495
29638
30365
22830
35077
18068
15433
46941
9756
1556
7811
9573
8116
14671
32850
7986
22539
2049
45764
14647
2316
28571
3813
8055
26809
7502
35083
38222
48861
16340
2763
13853
43762
36911
11571
14787
11339
2659
28825
31310
18165
24266
14355
27021
26348
7116
40175
49788
28584
2167
2600
49825
41629
15766
11209
22061
12774
17847
883
23910
45314
24597
15373
4069
43170
14201
14803
39169
11795
42388
3188
46761
2149
10331
1634
27756
34111
23141
22087
36856
3937
18504
20487
23736
22259
5208
3177
22997
40452
7714
10834
41296
25189
10215
26852
35254
13145
2279
27289
22139
30550
12237
42113
34947
49467
3968
26198
45004
20791
49560
40144
14994
22323
21332
676
2965
44590
117
16709
44379
37996
1022
47295
43576
45222
12158
25030
41192
33525
27016
32823
46757
27435
40347
29426
15418
31194
11354
36493
30318
6708
48709
30914
26121
21263
31372
26890
34855
3556
1420
12855
21107
10902
49963
21435
35838
24150
49985
56
36353
27549
32161
42071
23154
43436
31575
14643
1524
29941
3088
8057
38056
41469
33702
6749
20515
49072
30851
32083
9630
18639
18957
4937
12435
21835
8787
37570
14141
4205
9818
46909
46511
2974
37021
6542
49852
39195
46592
44515
23040
19676
27526
39833
12784
16414
31220
49259
14638
22871
19782
21945
34372
7871
42076
46650
14170
15383
41977
10037
40193
13442
15352
25135
35398
25837
38460
32487
26948
49160
46707
26093
13617
19536
9957
31479
10688
3346
14923
23018
2517
25381
34995
19134
45663
45053
38929
42159
44381
18708
862
7108
7133
4548
30789
20251
10523
9542
36957
34794
4129
29402
15249
2607
9896
37087
41576
15201
42273
37974
25121
30822
347
7743
43505
49944
30426
13671
29744
12199
16743
1833
26344
18290
32225
35484
24845
30617
23336
6934
20301
49847
13779
28608
3433
33913
9733
33621
28059
40384
49667
32722
8882
14215
30662
47631
39403
41016
29038
4326
21202
28036
34082
22361
7778
26955
27437
7647
7953
30047
44589
46434
17741
29357
14909
47287
32113
16804
3773
40888
11065
35655
41193
6166
3127
41310
34019
40863
48635
18822
33717
38002
28547
2811
30536
17579
41544
19796
4608
44659
1979
17816
9257
27523
2173
11134
14168
43636
14757
48006
19100
40005
28671
37685
37030
39293
42214
31769
23048
7330
24716
9569
34237
46659
37869
43993
42070
32633
37819
27884
47096
24073
48460
18790
11954
32789
19516
15335
21889
22059
9157
45796
24739
12136
42493
40414
33282
5301
15429
33263
14148
39208
41076
3491
45288
41547
13697
37656
49968
7870
1294
35434
49770
32428
8890
12355
48954
19167
11202
38435
6022
220
42786
33017
8955
6018
14419
1890
37426
9680
11481
29807
17484
16795
31814
7195
27849
8683
11474
37227
7035
14162
37312
17343
12932
12010
49396
42116
25373
14939
1
21377
47475
21145
44092
18655
18486
43475
30482
5052
26804
31894
47250
21323
37336
34625
6842
757
1067
49159
29988
22210
13961
3063
18361
11732
24609
45575
29527
17291
6093
44936
1201
4051
15682
23082
37133
11328
19547
12673
40558
22147
4118
9117
44493
35880
36432
42964
25772
4226
11488
46873
48726
24740
3622
29979
16765
34532
38759
32712
9526
47503
6899
37267
30562
23907
9277
37365
4544
37903
26236
37352
30471
40156
25863
32260
3458
2537
43245
26935
19156
48874
3123
14037
2850
22222
12476
32801
17906
26339
43027
23398
16253
39569
30241
18723
29199
6951
19023
18303
49611
15459
37784
8351
15043
26898
37182
24750
31560
27300
42963
29699
6308
32181
365
24695
25727
32251
6480
33110
41146
47165
8212
49778
29277
5942
17939
30963
22179
32152
10544
33153
8798
867
47221
35670
23676
28057
8677
32625
14988
21950
43173
19716
26861
49962
47319
2678
14665
646
45058
42522
42843
35500
36507
21688
30441
7306
40224
12384
14880
33709
29837
19334
42336
46838
47501
6991
13699
22270
28227
5537
479
14279
42256
24684
14298
43308
1812
44287
49233
20748
11004
26760
35674
46399
13232
1396
13849
43714
20679
29975
29419
26006
34403
13421
29280
28669
48884
33433
20171
15422
26609
3405
25330
40528
13354
35685
332
7265
40107
8988
24858
34385
3050
31303
26295
48437
9123
37266
627
33721
33796
49749
36410
3462
11064
7254
35812
23015
13365
2263
29302
22189
1168
3581
19852
29828
27387
26199
41267
31074
23437
34934
178
29588
24042
39684
10682
21166
1514
10274
14285
14082
8644
46542
38535
37535
37057
26144
24251
34536
41222
45779
48021
49911
49225
43522
46493
7164
36488
43257
16617
21553
21131
18045
44852
34115
30143
39659
24187
40285
32890
10497
13601
33676
310
17315
201
21361
14409
35329
49653
32587
22570
48031
28935
33756
42824
48885
14952
46208
24857
2183
7520
5209
10938
10122
32457
7056
4974
35684
39046
4879
24637
3106
2384
35317
1947
18895
43242
26947
5225
11378
38288
28053
26872
45086
32691
37931
35261
13910
47215
12121
3752
18525
1276
35552
43755
12701
4350
23828
36401
25586
46437
41909
27937
29331
30002
24353
43316
4108
22532
47057
43786
45823
35909
31497
31039
35803
41908
49549
27277
38473
29497
9790
48168
32100
29798
24279
18056
44946
39701
39483
30910
1996
12900
49854
36261
18009
14674
43287
26058
1857
9280
8496
45917
47270
31018
10030
6863
17688
14256
49519
4676
27294
41827
23417
57
41957
43665
4551
5726
8071
28662
29105
35449
1702
20847
41324
39092
10928
42137
30144
27407
27428
39563
41631
35062
29300
18144
13082
16755
10054
44299
22112
7377
8829
49700
35275
35627
23538
22107
34640
43020
21181
16524
38976
18332
38672
709
992
33423
20918
45468
44428
26396
29613
15395
32085
33781
4397
8267
38096
6148
9960
18164
21252
2307
5011
23597
44334
29854
44517
2660
23703
1931
32683
39526
16844
885
47963
35877
16436
44454
1955
11971
22852
10725
23469
30807
16269
32116
46931
2740
37828
13381
25950
31155
8992
45828
36065
20496
18768
12764
4624
384
32659
19840
38273
22586
35975
34379
46001
617
23346
36559
32264
16041
20807
22293
29111
17970
8133
37304
8384
9986
35605
47595
42374
29948
35162
29209
14991
19151
21631
46422
40163
35031
31236
36197
34300
9278
35914
35151
31037
21007
34368
23465
49526
28306
32247
25016
42875
19704
31212
33649
5406
27470
28004
46396
42901
49146
5518
32332
24665
15153
10917
13662
45634
1521
795
829
33179
1157
17731
32087
46313
30679
33065
34101
8065
46485
9146
9659
30992
5666
24234
33912
15522
14235
26287
11822
728
45780
28248
13948
30940
19850
33675
9481
4777
44788
4715
17767
14690
2788
22403
6547
4412
22404
20041
39086
10269
42756
5122
20094
12345
7650
49969
34588
41167
15411
14414
22681
33672
28430
45677
32321
42392
18545
8112
32318
49451
38245
33492
22556
34514
1592
26141
9214
25420
1337
12382
21457
49109
18720
44375
8224
9713
3821
27614
36522
37132
23177
5510
34223
31998
18899
33070
42455
9077
35006
17233
7546
481
6413
15358
760
14749
16341
5067
25601
30416
39707
25621
32467
47901
28798
9223
31552
9103
20972
11082
13024
40179
17260
44884
2020
13458
34323
7309
6192
8493
19584
17498
46119
11329
42093
42614
33858
29717
11433
23802
45129
19551
40761
43079
39852
22384
11942
25511
20532
37105
44152
5794
21920
37558
20444
8599
25618
27669
45436
36389
44598
4902
30670
6602
3409
9536
40037
28087
30467
44553
6013
7677
40451
12845
3214
17424
22181
1690
12117
45355
43303
11716
20115
12487
48062
46864
28619
6622
3453
422
28434
4550
12842
12094
47910
6301
38462
2806
23568
14669
20697
29754
45261
32951
15668
33972
43963
20795
43449
2988
30279
37095
36847
48668
40858
48985
19608
38894
11475
8980
11138
48982
39189
25702
46826
12271
29081
40959
12954
4080
4124
31852
42854
35471
31700
46897
4552
23261
14554
18006
3926
49167
10031
1651
46000
4846
23623
5452
14606
24397
24183
36489
43549
21217
2032
39776
7184
30737
9320
848
8394
36104
10007
33907
25123
16464
28505
13725
10783
49018
2425
44445
26521
41451
1073
35974
45062
10882
10532
39515
28164
31024
17162
32813
21357
45888
46236
29758
10385
2101
48613
1129
12509
33091
45649
13426
8688
26559
35381
49298
21165
7795
7307
32772
7369
22258
558
24123
33691
42243
26253
13335
27405
16227
20016
49721
48722
24794
48184
30458
15645
4906
14879
13886
2182
10803
43438
48776
6922
35768
30253
4885
32492
25703
33545
19462
15802
3856
37187
6986
41496
39259
7087
17812
36152
11494
11039
1039
12070
42610
41569
37342
13702
45454
22480
31197
15829
28724
2795
13667
45349
29090
35408
47598
42337
22416
3404
3885
27743
40621
41404
8387
23614
12129
37461
41533
24264
45968
3803
32032
42281
35358
16457
34417
2679
40433
8079
49589
43003
49716
32150
31892
29771
26633
30921
24527
39399
6517
192
6714
34345
42140
27659
32501
27286
4324
42565
32412
1920
16305
9203
23332
23010
5851
23666
43591
28209
47181
14904
43870
24652
24922
31515
15646
29131
20653
34284
28790
17966
8511
27245
44407
15188
35827
41089
25256
24076
45600
24566
809
12408
48421
4557
35199
28051
40702
5579
36437
48422
20864
22869
47294
35487
45150
18592
35742
2983
6194
19423
15296
38504
31056
19178
1865
9106
45560
40790
6950
42110
45248
17459
4227
46831
9771
19133
32673
15798
6049
19820
30511
46553
46204
49976
2912
42673
44573
16987
44729
41624
18999
8296
38907
28308
882
22598
5172
47672
20009
13800
27924
18121
40407
21540
6616
18941
15711
22704
17655
1253
43843
14232
18017
8450
6653
41562
10323
49837
33354
10964
49979
15427
46175
43399
19510
49765
17176
26777
17142
38143
26697
2122
39118
24945
25755
25404
33553
44915
18375
21076
851
6020
3470
11116
13369
46569
39263
2242
43191
33421
26903
35156
26388
38751
930
10925
17720
41590
3747
25480
13661
31920
49892
47877
9802
5129
27482
44920
4395
15073
13303
42114
47158
12532
44646
669
39967
6286
15240
35995
33030
20975
39971
43010
11164
36779
17652
29007
14943
39215
41646
33208
13429
49176
1329
4635
41103
6170
41465
19966
21384
22497
18991
743
21320
2308
45422
37346
49610
11195
7054
28340
35401
3922
29238
36926
45513
18549
39124
10903
19692
12015
8411
14622
48332
11602
36467
46039
18346
19231
37788
3751
10316
42356
9383
29607
33057
19524
33895
14639
47238
47875
7673
29509
36072
23405
19039
35112
21598
9219
45997
16136
46681
25297
2252
48846
45481
956
22491
41280
16500
8745
46151
43800
11
5177
48311
41554
2737
34161
16759
15912
148
34309
32814
12106
48241
27608
38939
41124
25764
28232
34662
16760
46767
25478
41767
8181
40914
3893
35278
24104
12298
20347
35089
165
991
41136
12940
30791
23079
22051
11843
35009
15809
35630
791
13392
17053
21441
44669
26130
38263
46513
28361
25203
6470
34741
48629
11973
22443
49286
14158
38489
29860
28474
49019
36542
46985
13100
16845
1144
17145
14737
933
20136
36682
41996
8917
33651
30730
14743
18744
16132
21498
29953
16949
9366
39896
20338
14337
34354
27414
9371
21894
37072
17589
46894
36483
23857
23250
31811
35415
49240
18603
7528
28401
20634
20042
23301
36734
48509
46648
37112
47312
27576
12087
34369
33490
22101
39747
16004
28536
16084
17890
18271
34693
2951
4659
3776
49042
13809
22381
22951
43651
36019
40871
19063
33427
42430
13990
26782
29339
11577
33362
45626
21707
21646
37409
44851
24759
16294
42428
35546
10859
43977
36896
8419
17171
28650
5361
48225
6759
18302
24474
1926
36469
31866
49513
4061
44377
33650
8235
41727
45157
12543
4384
30993
30125
29812
33810
21224
31570
4430
13684
47974
1567
4999
37929
30604
29410
41261
49991
13229
28614
23259
18392
7545
8691
11899
33809
18755
33524
1377
7481
27496
6150
48193
46312
22431
48065
41559
5686
33012
8516
14006
49094
12209
32902
30228
420
1127
47364
36075
48281
36258
47229
37115
15858
20375
6455
45812
8674
5386
36997
34881
25005
33467
2305
31527
46871
23971
13766
18891
36721
36600
18900
44594
12668
15505
22717
4281
12340
21966
31483
33238
21469
1884
38095
47393
40475
30686
44067
4426
21144
22166
9009
47593
46067
41739
10346
17794
40572
1373
29236
15321
11160
4259
49482
1465
25272
17080
47770
20476
30912
24965
32069
46095
16171
23455
47627
11594
43403
5654
25985
37804
46687
34342
3368
30076
34916
962
28999
47322
45202
9053
37778
33771
38872
12353
5577
32870
48541
20764
46305
44197
8104
45333
46574
11252
943
6165
10113
26422
47725
7041
41301
33925
49729
26187
24559
9911
41467
47442
26478
17591
35725
17014
28240
1750
27434
41194
47088
5120
28970
18650
31962
41710
23474
14935
47413
5194
10551
18904
28262
42897
16362
5336
38486
20020
14197
41875
43367
20373
45527
41579
23720
8673
857
33093
12938
40291
35064
18307
40843
18227
38449
34898
45587
23900
49065
2270
3314
35014
33568
14634
7684
46174
10257
44684
21023
7815
6656
4763
10209
841
49138
11839
7372
9726
41033
14468
8835
23569
22964
6568
30384
21373
39946
4643
9672
754
11397
7583
22897
9982
21885
598
12288
35137
22280
28882
40246
10988
8843
4966
2630
6941
30207
39793
23832
19963
30695
5280
213
43513
9700
18560
7611
9930
19986
7841
30398
17376
6619
46224
37626
24639
26167
2237
29654
30438
34240
1479
35033
10232
34729
4322
40742
17223
9874
4382
7465
29145
34083
3657
29170
10314
21359
28309
621
18196
32022
5767
40160
27321
14202
20893
8147
17201
784
9695
13158
14320
30820
14171
19709
4505
19120
48158
21249
27871
3954
26312
30715
33583
25882
27666
31762
1368
47988
6399
1445
14537
14918
25343
4353
14239
44370
34123
20052
35836
49234
294
11143
42151
40337
25102
47509
39826
48620
49108
32777
41096
13509
22245
9505
29249
5206
30029
22620
98
12407
35512
36043
17019
49937
46622
11546
19384
35267
21777
36545
42014
47109
29346
41746
12524
37354
38156
47522
16027
16054
40213
37353
17852
2188
42433
48389
26363
17133
42880
47565
15804
11682
29223
22569
44765
44121
40992
10519
39414
25172
15720
24082
5531
9772
5464
963
44330
11791
41333
20563
8101
49261
16710
16156
48109
33894
25183
14354
26801
11978
38521
43590
15044
46049
13199
34849
31724
27824
25073
20007
35792
17766
19032
49067
1787
36860
4700
24548
37711
21517
7338
9191
18467
31137
18896
31942
25201
35857
24761
30109
29344
19000
35575
20818
39663
3836
45508
37172
45319
11055
14765
22332
18147
32618
1470
5968
10621
13441
21092
40307
14829
11640
45496
42765
30753
18820
5292
39125
25949
25275
10149
14145
7896
30131
44735
48583
5496
45641
43420
37671
11346
43661
27141
24469
33183
2823
18039
18319
36080
13531
35677
25273
38679
39421
33275
26561
19538
21626
49522
38469
46673
41549
47275
34077
31393
22831
21083
46402
4543
44583
33779
14835
42384
24682
42439
40343
23764
45206
18987
13446
17809
34420
22745
8064
38381
23274
43063
11882
5765
26835
41641
9339
39040
12828
11749
26675
8842
17055
21442
11819
43604
49782
46126
7260
21567
47996
27255
34914
41600
23848
34097
18777
36766
5710
8783
33033
41638
26288
38901
44950
37478
18715
9036
36030
10818
18695
34953
39232
34298
31658
44877
21729
25351
23227
5830
42032
216
13175
4067
11086
12242
3495
40115
48782
45215
6854
36011
11501
13109
2185
39201
35710
18986
21002
39368
42054
46577
22701
6841
30399
46112
45984
9301
49424
35908
24777
33559
38450
38583
45758
13722
38368
4308
17668
8278
39105
1125
17442
25614
40747
6675
13759
1456
6446
20486
38114
1138
19404
22634
48354
29177
16107
6913
999
22637
22106
28056
17167
18424
1550
16019
40957
36839
4029
45131
11184
41619
25279
33248
6123
22751
19974
9
8880
39070
31085
28274
34534
25518
4115
36497
31278
15496
22561
22141
28494
33791
17499
23200
38413
45962
37350
18248
49214
27296
38356
16817
30880
28202
2415
8867
11289
37230
40850
37164
5095
42231
33438
42268
1105
15981
5320
32262
26020
21866
34576
2496
34505
46438
18235
554
10216
34616
37571
5561
8769
47311
32586
3045
17093
10827
3100
16101
41527
21840
4595
14467
36680
16877
29360
15659
17627
34422
15221
15710
43491
44811
48154
43120
6404
6252
2235
1406
30749
32744
2686
8656
32773
36290
33378
21037
22448
194
1869
33008
113
21698
16579
6904
37629
5013
46728
42125
1549
32638
47741
1774
42527
17725
49647
26965
8248
35106
16175
7207
23343
28187
40243
11538
15707
7957
34389
173
35897
6885
42134
24550
15050
9675
43619
3500
16936
47677
25120
32422
18073
20391
28241
202
40944
33993
6528
34613
10397
42325
39731
42267
42905
37661
11581
5611
9871
11645
14542
45160
10396
47042
35970
6969
23325
34244
25055
40696
7793
29294
22013
22071
14273
16153
12164
16397
27613
4065
26227
44160
16528
959
47342
33619
23625
29563
29867
35335
2201
22734
49890
27193
25902
45835
5864
43662
39992
44091
9884
1655
6193
48680
22212
27561
20460
11500
16840
34570
48974
18661
20488
13052
12444
13372
46830
24456
22628
33804
32901
6310
21338
42837
43841
17020
43955
8911
46904
29382
27003
40052
37259
7069
40619
40205
44952
16549
33618
18166
1030
32854
44554
27740
5637
13183
6970
48552
20174
6593
8790
49450
41438
23888
14185
20834
35197
4208
12180
33985
18854
32382
14227
18338
40596
35625
46492
16866
20142
15635
8561
24789
16492
47927
6612
7076
22438
22351
24762
1280
9825
43006
19472
15721
19919
21255
33042
4677
26331
16129
4278
17583
20941
17851
9940
1781
38490
11524
40868
18199
5661
38964
32288
23133
43195
24815
37174
39091
31436
39143
40648
22200
6527
40425
4596
42962
21618
42617
15204
27716
38320
11946
1087
5302
17628
1247
40430
46501
16781
1989
18998
25978
23196
41036
35302
42889
10573
24997
25207
45852
15082
17856
5725
378
6591
39804
49359
2083
33911
3792
29161
18496
38012
34782
25389
15526
35689
40062
46015
7565
11497
12496
42697
41282
27276
28551
31405
19139
44003
18903
5908
21033
843
26767
8277
18491
27481
40054
6061
31296
23501
37335
39987
13978
3629
7024
6002
42819
17108
32559
6679
40287
37450
21370
37728
9221
6534
36886
46285
10808
38716
46783
38307
43688
36202
38978
12844
35899
46920
24966
40793
11610
1474
5954
3947
24455
42398
39592
32303
44400
47240
22938
15869
15483
4851
16118
36949
24765
6851
9183
26075
11614
28651
48801
31592
35362
23823
30913
19857
40101
5113
19377
36103
28452
43458
25383
26877
40171
39459
18863
41808
49186
4352
26755
39601
19780
10713
3867
33734
10669
5856
187
18922
7335
20749
38025
1494
3533
41548
29220
43515
16826
24160
15377
8107
26545
40752
21356
6118
897
5487
41281
21957
5317
32230
24583
37686
11183
18567
43205
10183
37704
26577
10723
42475
20781
25085
39791
25550
40416
12031
24830
46005
48614
45416
44677
18010
15355
34810
18945
46255
29850
22053
8021
1257
49080
19942
249
44415
20286
14462
1589
26708
31031
7666
28806
34875
2867
33679
33606
43944
31594
3858
30540
23872
39949
41715
2901
41152
3758
34174
34472
30896
48516
11912
40574
5887
46430
45921
3932
43968
37163
13348
42487
8400
45191
32477
33049
25821
38361
25620
28386
31631
17476
17370
23461
23902
29050
38626
14652
25004
8932
12962
27127
987
1734
33284
39384
29688
28421
11984
16810
6621
14483
34482
19849
21529
31111
13747
21943
31623
47706
20930
36879
7001
9177
41025
7820
37298
200
23516
1538
33704
15137
14602
11674
6031
36441
11211
31249
29958
19463
17530
22507
30503
15223
5974
43974
7348
17602
12811
1502
40625
16177
27374
26859
8782
13346
42914
3619
27149
35171
45515
20185
45317
20253
5890
34936
29094
15541
4089
18647
31546
8172
19380
9824
23825
8821
17446
1235
45659
23318
27139
5222
27476
28637
25957
35945
48310
25039
19180
22031
2484
45911
14396
14591
13200
41162
26986
45799
42821
34045
12439
46214
19887
21495
41528
45136
46940
37575
45557
37257
5473
10239
22003
35058
47184
4427
47098
18968
31093
38445
36882
16347
40122
44376
7879
2946
1290
47262
26498
18440
3748
2590
21125
36462
40825
42247
29736
31079
36355
24713
12036
22947
35305
32034
3479
40862
5339
17868
45542
43395
49444
11182
9560
28533
29163
11689
7604
8334
38483
24842
46820
23653
23801
48511
12667
36208
23810
22905
9134
5114
37309
6900
23982
9853
32231
25426
47299
10531
40288
10075
702
44224
33273
48428
10093
12257
34218
46238
28814
23707
22863
3281
16640
26744
147
8524
13018
32666
4746
26111
48454
6972
48693
46556
7833
27664
32023
18238
37086
26786
19314
30372
28817
49590
46793
10506
20586
23877
43545
12365
42555
12047
27454
8114
9578
5879
24114
44759
15229
8252
16938
15924
20911
42936
30261
37058
38048
15973
11511
43625
14578
35391
14068
28079
6564
20140
6662
14348
34859
13936
18109
24335
7569
39441
12174
2385
7792
45675
47031
16937
42154
9552
250
34214
8382
49287
46012
36630
27307
32600
41515
33257
36885
9331
28892
38447
47939
46200
12723
23600
318
31520
3978
25146
16593
18500
27914
35478
4976
28707
8874
40509
22861
17122
48955
10202
16158
40587
15297
28607
3689
45403
38857
39080
46683
18135
47162
8585
10404
44283
27851
12201
47780
22555
26083
44709
26565
40593
46661
6858
4653
8685
46060
41337
34362
18662
3296
28639
49818
5417
13159
1234
14405
3668
12782
33333
11968
14993
45704
5338
42734
2120
9518
22946
44304
6434
28896
19999
33914
31772
9861
9434
44237
11271
12417
32232
38623
40236
39020
8828
24683
11253
46797
42335
47820
28048
34750
42411
21180
8897
35018
42280
21051
28028
16891
19707
20861
26045
48578
43235
17618
11981
30278
3280
10060
19254
12691
23053
14249
5133
44730
6605
38883
36243
24252
48840
40977
1727
36218
243
2039
23555
2997
596
46385
5624
36006
28686
13580
11566
23319
7773
27857
32174
39754
34802
21730
40745
42477
30222
35411
18929
15267
48058
493
1759
44635
32348
40599
27367
31082
47022
14384
27400
1806
41689
31022
47139
48995
9888
46950
29298
10446
4428
24188
41030
39597
38533
9836
17576
22691
37726
21531
29079
20860
39415
25546
33274
16182
9127
16384
28239
47282
42907
12928
40532
34017
45489
43930
19812
8392
28958
25177
44921
14001
40700
17114
32797
6651
11155
42067
27681
17262
10563
42774
46452
19401
20122
19642
34259
17663
17637
5888
8672
35527
14785
7135
21853
7238
20685
21919
19935
31798
26610
312
36809
33048
49119
44239
19673
10729
41672
8087
10514
39392
2651
10089
32074
41390
47228
37239
4749
8710
27560
17898
25823
5907
40403
11834
36183
15039
47577
18668
29134
9350
7060
4748
27595
4472
17704
23288
15604
5684
4828
42112
42715
24079
23119
47283
38696
38847
28647
16816
526
29389
22206
29762
41315
25238
6665
21183
7969
31947
39237
3913
5192
2211
43269
49408
15251
47173
37970
29707
24644
32928
2808
12977
9026
19953
31209
24895
14689
14494
9538
2453
25446
40190
10282
28746
46106
9730
42642
48385
4182
11356
29687
12908
2328
10264
19105
42476
13717
4589
43570
1937
25196
29088
15557
41352
21615
10679
8646
12318
39578
45742
41564
24212
44056
3535
49087
43314
41452
40109
48179
34058
10538
40165
3789
24941
22652
7119
49006
18216
26951
4954
6786
16740
21460
9583
34288
13132
634
44874
41093
20213
45415
2197
35464
20820
26818
25513
3948
40772
33351
41798
42626
30497
24699
16396
43139
30626
22631
30644
29583
49377
9178
9737
40029
26391
25582
32515
13590
16801
46491
10190
37355
2855
48084
45346
25732
43881
44855
31207
24972
33232
46670
24202
40113
25809
3658
22109
24647
33715
12911
21911
24475
40848
28362
19742
4634
48048
47836
28419
39039
29898
32315
26599
736
22186
29917
4594
6847
41242
3112
49088
8919
371
29668
4415
43921
17023
39816
11373
21606
7025
39565
15436
489
49903
3725
23803
7985
18967
17232
34346
41064
903
13238
33933
25266
42462
38194
17976
49654
41052
949
16263
28948
8999
32636
26538
3334
23814
28269
7240
26147
2370
8588
7410
40709
12930
23935
14604
4528
14848
3843
38593
6883
8886
13090
27103
29513
24656
47810
12571
13882
29068
24229
47648
637
7110
25017
23354
44243
35016
47829
1699
37703
46264
26820
30610
7031
44084
23312
25939
45307
9761
49769
24081
11443
20135
20883
34139
15568
35473
27505
40576
46570
23517
19318
11589
12286
7571
1738
47529
30058
37063
39982
47247
33873
14845
16489
45933
43464
44144
23698
12134
6580
14300
48491
3673
32644
16025
20318
35993
47514
45264
22017
8838
13733
23143
24342
13437
3098
17308
9842
4296
28301
30283
22513
8995
37197
18257
18558
8530
48372
14664
1172
41009
37415
27780
19113
48294
49694
41961
6828
42167
33383
47895
31889
13900
32847
2013
41300
13911
946
3976
8899
30389
30591
3826
45565
49922
19984
15392
25761
46100
11237
31016
16713
47545
37372
43612
24418
4781
30667
257
20776
17193
28498
1356
24562
25261
36508
8454
25592
35585
10718
45219
7236
47859
13995
14143
23029
40783
135
6354
7463
17261
40934
42717
12022
39856
26055
41128
6281
31997
14340
28022
40995
2518
45128
25489
21230
16057
28732
40261
39983
7774
6169
44025
14465
25242
9951
6666
18652
32011
8208
873
17962
46980
3774
13851
38379
3086
43361
48263
28598
14115
48669
13149
8014
46771
1612
27084
9785
49387
46076
16884
32564
16944
33550
14267
3429
512
32812
45814
49344
34448
29024
24629
18552
1733
23
24570
47309
6811
20593
24065
13627
36319
11018
49463
1442
26127
11278
21491
4836
5625
36571
18249
21440
36402
33028
2739
24885
40916
8666
34615
40137
26103
18069
42380
47071
37093
2394
40147
43978
27242
37721
10768
17271
4877
2815
567
27001
3620
49824
1633
12453
25944
38815
26032
39231
29515
24953
38393
29372
20316
19018
47435
43990
18102
42414
34968
1210
33877
21821
14328
17719
22915
28947
8023
34449
21608
43358
28648
28609
2910
5486
3669
37370
5612
3799
33295
23592
44579
22151
18098
46184
42813
1709
22271
5135
36212
2072
17143
23009
26742
47419
38655
15482
7915
14079
17405
48708
18792
35124
97
38956
4709
31311
21660
27832
27399
43101
8123
38104
15542
16685
28291
16049
35123
3754
3338
16121
2117
41538
23919
49208
35632
45874
33397
30234
26222
36352
34394
31373
49297
28111
9468
44027
14527
28768
11671
2335
38476
39168
33415
38269
9898
24396
47092
2550
16686
9795
16354
19572
2050
37531
31440
19110
15299
10648
9689
4971
20717
39133
48657
32593
25630
37623
25154
31132
28203
41112
37467
19315
19775
21153
2055
24362
22311
6249
41864
22158
16879
20380
6183
44732
35251
25604
49272
1320
30208
28872
858
899
31116
25306
9620
19916
49077
30335
3189
31331
31597
46241
26647
28082
6128
41236
44348
3176
6758
16459
28058
21839
32647
23795
42405
38600
35708
12488
23780
9891
46582
43672
20997
11199
17614
805
37251
48395
47334
27975
40942
43554
45672
35693
21909
23256
14693
38113
34078
5576
46315
38706
9970
11414
34950
12512
25561
1185
48932
18975
27701
33239
28652
18033
1775
31870
34507
20778
7797
37399
20105
29738
27689
20061
21313
2674
18365
14346
42309
13227
44469
17918
25418
47709
14627
17250
48077
18111
34142
32239
27448
4252
19426
43363
20292
36015
8225
18240
19759
6120
30194
22930
8332
9755
36772
24170
36238
25280
28388
28762
44135
270
18064
23980
8846
16312
21544
26985
14976
1249
21253
13274
7212
1650
48713
49904
25054
14057
9688
39350
29486
31251
3618
26532
23007
48639
20351
41375
24107
47585
28381
11240
27590
17000
42887
11961
48819
193
10650
10170
20272
29076
47769
48933
12254
12503
20986
28566
11457
39936
12953
44555
26328
13305
34617
6737
43798
22769
49596
15828
47164
7921
4136
17732
22741
41460
3072
43806
17170
46549
6058
45378
25251
22841
40334
1051
46815
20706
45776
4922
23369
15834
17826
38301
29435
38887
7621
23073
1825
42450
47249
13736
15983
18819
41731
22442
29567
37776
30657
12072
41540
17827
109
43069
25115
30392
32688
25846
36609
6929
34289
35140
15032
24776
13464
46829
34384
21659
46387
6258
35059
25713
10828
34567
10971
30508
35652
33138
3171
25148
41956
24290
39631
23428
17620
23207
44802
29057
22162
40617
46070
17681
8998
12663
8490
26023
12459
16575
10374
23000
43852
29968
39951
22733
27067
35439
1593
19907
1387
20838
38065
36303
17397
41425
45529
9370
31204
24681
3809
5844
4164
26797
37173
33367
18136
32623
36269
15120
2119
44808
9312
22979
30841
508
30082
37952
1132
29126
31187
44383
8888
42812
3866
47688
42787
29826
4859
3771
23932
27940
14791
35802
45983
34251
27490
20249
36001
46776
22622
7638
5144
32705
42969
35745
9512
35240
24240
33856
7791
11808
27559
4889
10771
44541
39283
542
45334
28752
45844
23101
3402
3221
19287
21452
6348
28981
4442
37249
41507
31222
7153
1765
17592
20190
40064
43263
9647
23277
13360
46849
12044
10176
38644
41814
14676
18210
7553
49602
25759
29733
19560
43278
23779
29799
19770
10967
8187
4603
42638
35200
3912
42906
3510
48469
19282
40910
7130
11368
22226
42932
49764
19747
31680
42771
28987
40697
31178
16532
1821
31886
23221
10701
13480
44053
37475
40771
30394
37600
19838
13576
21493
1151
44562
16212
1237
30692
29176
1285
24635
33997
37040
22402
25904
19732
8405
15855
34770
20942
21500
6859
17971
13491
27622
18066
22957
1115
3422
33980
2478
4096
47061
49413
4553
44548
13796
39492
4816
30738
23075
21841
43309
35912
27771
37339
4396
4871
19779
1966
47150
10820
23891
22113
23025
32211
19700
34397
15017
6587
12981
33595
45769
10489
39591
47453
21908
39718
4992
20128
36861
30517
11753
17290
5539
41343
45982
35658
37212
35389
32753
42722
39771
1177
28006
27355
10048
6214
31198
45978
30780
3679
13838
22477
18345
27327
44126
26174
30857
28272
33581
36096
47285
14711
24495
22543
32520
2346
8548
49518
27907
30980
6494
42633
43858
38477
33040
19826
34526
4314
7834
19490
2768
2488
8294
31767
30018
42645
46999
8896
39342
4880
1676
48906
8141
41596
21347
15558
21129
45322
9195
18149
22953
14012
19832
572
18494
7877
32047
40444
33158
9293
6414
47126
27379
20037
3703
24670
15024
45153
3488
42736
33001
40993
42960
46459
41028
41334
35024
28134
22225
16418
31375
32836
17571
26541
44508
44992
19672
15874
20554
13522
23149
37065
467
44475
31972
12166
41920
25059
20490
44892
36184
2863
2001
43622
48432
11463
8030
43813
40284
2003
15934
40535
41874
26202
49520
26509
23020
10864
13136
26309
15870
23420
7908
47751
37864
14789
47135
12621
6184
32539
13304
17086
8128
9374
26581
37773
18035
17573
27092
3051
37099
8989
46332
17339
48524
10133
40041
39227
7261
7264
35030
39233
5977
1539
18419
41432
24230
47737
8799
25092
7271
41825
49871
42504
207
21415
48483
38771
15141
21687
27841
24754
13103
37992
10863
26007
35584
7549
4734
33297
41398
2611
40216
19205
36330
41921
48328
40388
39285
47463
45909
19381
21256
32371
47576
10541
3483
27599
12245
871
6712
21355
3059
36414
41918
39734
32278
48493
2048
17896
19283
31915
23586
34747
40447
40720
24818
18853
17882
9744
39191
43605
21489
7019
32529
15330
17702
17117
25231
36611
10412
49122
42818
7223
38205
1706
45294
10997
31345
44919
33425
38007
7324
25915
26589
29930
42142
42808
40920
31890
37823
21996
38925
47325
8226
22881
32831
48883
6999
10094
20705
39148
36723
38202
3910
18885
4963
32216
42088
11992
20303
29012
12585
18322
27006
33876
47942
23327
15927
8228
24124
501
29204
38440
11024
24085
11315
19232
25031
32927
48337
3519
44170
36724
25010
9743
5670
19902
27712
33852
37581
45825
46531
34497
27586
27766
36390
24746
31356
10349
5375
17693
16968
11308
29193
42295
4073
29454
214
36384
15745
35271
47908
44213
37118
33197
31177
21354
39021
48978
12540
42667
7888
21575
33968
25022
25435
41686
27085
37855
42989
40491
45234
10247
24931
23842
31561
2022
26515
14213
29096
49144
6391
39873
2854
28826
45493
29830
16971
40557
31166
13338
24352
43644
35918
8422
15936
16787
9005
13472
22370
32663
27094
45207
11260
30083
35451
640
12847
5335
6710
49811
3986
10888
3549
32612
21825
893
23547
21137
22927
26374
13709
8406
11334
26873
37231
31322
20528
12808
38990
17818
130
4517
42480
44078
18268
6690
30075
36003
16206
2598
32327
8246
1859
26992
25202
41422
24268
49425
10354
10436
23682
20134
35944
40551
41463
24698
27263
40550
37054
9169
31593
31730
44323
32250
40774
1844
18677
23565
362
32140
10062
11720
24578
3949
17280
31268
7584
38843
1147
38482
38562
23598
33374
35852
49548
26868
11102
33869
27926
44715
26368
14316
3310
6980
34286
8540
18881
42982
9662
47803
2690
49893
31729
26560
7460
18869
28363
21560
239
47420
33584
32459
14134
1173
34597
42929
19368
6050
49153
20898
10415
15715
27808
42391
5028
1751
18151
19304
29598
21673
2359
47620
36053
35666
21455
16882
24395
38380
5623
45924
40731
34807
23462
22193
10494
451
40233
10013
49351
34232
46417
37919
16950
35840
24943
23985
35409
15800
36894
40455
43325
30457
2888
3
8629
31758
14997
37560
199
38306
32715
40990
15339
49730
17184
39857
10958
44042
34530
26474
11323
24882
9850
37730
40489
8165
18590
8041
7292
29835
31323
40915
6003
40222
8700
46770
11404
314
19831
631
11038
18474
39957
26546
42779
27994
21316
45391
14691
44875
28869
32917
33094
16009
39090
46821
28490
38067
44550
39926
46752
22581
6773
38214
45709
27618
40508
10482
12874
12061
12113
32563
5305
4294
4693
15035
38691
9904
9418
32090
43024
47815
39521
12850
20825
15587
48545
33520
12672
7758
11372
27100
37807
40359
43198
39056
31490
5912
4167
11478
4288
4317
34742
1491
30666
45795
4456
2559
8092
24541
45536
5900
39187
43863
49669
29602
12649
49226
36468
12961
3605
398
48029
3275
24075
3388
16423
564
26640
34176
8239
8326
19130
3240
25710
7074
40708
30861
1274
4706
36639
23691
23240
5886
15463
26971
47445
41374
32824
31284
48580
46350
48535
11921
25071
11343
10680
32334
30303
29362
1610
47562
18697
45095
42795
5389
33245
45977
36297
17160
19987
45119
26407
13233
20827
14187
9531
22345
35619
22447
23064
47635
46316
40434
23834
27
10770
29414
13899
34593
10335
2619
14609
43804
17510
1732
13401
11861
2423
21772
48382
39449
10691
43389
39501
5990
3328
10905
2594
47271
2963
15110
25901
47655
31763
9968
22445
8414
19155
44166
24491
27421
29664
41598
5502
1660
9089
18909
7771
25843
31761
42004
34606
17078
8242
45421
8194
4313
49734
34921
2714
23157
45612
30481
38548
12651
9341
25794
2961
18114
12990
34680
13398
13422
6149
31472
20671
9051
14865
24402
498
42799
9447
30479
23521
19956
46279
6437
21737
27022
13463
27373
27947
33254
45646
22887
27649
9380
20396
698
26347
38111
26380
38363
8641
34316
46664
49358
49173
11988
46081
20548
14584
10473
16048
48566
1149
5859
27230
8438
44678
13946
35809
11002
47674
32816
2146
8725
34721
36097
7347
40980
40951
36608
48750
36594
25104
16649
16834
32293
9081
32706
9788
11849
31770
31370
3158
18383
17210
46682
38511
3126
45712
28021
33300
3132
8159
30885
32866
45497
28564
46418
12903
48929
42121
12403
31854
6205
40925
28642
10950
20684
34479
48512
7864
5061
42866
12525
967
38382
19072
45601
36046
39811
30224
23280
22397
35165
32534
20252
13647
29794
41541
48404
10826
37176
37699
14367
43098
33708
9575
13454
8692
33647
32114
30321
5781
2148
49337
1330
38669
44683
17058
26543
18460
7614
46424
48085
290
7143
12660
12943
21580
31914
15320
29989
23786
37782
14317
32476
14432
12385
13669
3081
13855
20718
29822
27744
6983
12544
3878
32481
11700
26748
9064
3779
8865
43061
35628
22552
33886
45521
46423
28078
4957
4393
49869
40756
28805
22832
37465
28605
49747
42699
25133
45044
6015
15363
49129
18635
3319
44363
23681
45723
2147
44391
13403
31524
13877
39898
24630
42572
8148
30510
23451
42835
28976
11896
41525
22005
2948
25807
45645
23536
2106
19992
5615
31317
46469
5509
49378
34071
2546
48282
22217
39637
2873
830
6821
9289
6558
1811
44097
40669
35560
32017
5323
16424
4279
30985
27343
24706
16662
38389
25298
37165
13088
44199
19452
21713
4536
35920
44131
25259
21159
23246
23066
6701
9612
11838
20641
690
10594
15408
14268
32275
2104
11990
22054
7597
46918
1977
44316
45572
39940
17944
1184
22896
35531
49682
31601
16300
26192
29663
47643
41502
14810
47633
44686
42536
6153
11126
16093
38914
17877
21465
14893
43609
42009
44382
17651
12656
20221
16066
34670
4572
13008
30341
36933
35598
22412
31382
30073
22519
28425
25353
11583
20025
11784
49409
1199
22857
27014
14670
16229
5798
4878
45130
38774
42246
111
20138
2851
29824
17251
18518
24485
34242
18409
2399
24721
37744
20777
21872
41771
26713
10788
33730
16838
43360
23950
29770
13087
11381
3407
5170
47230
32512
18832
49503
18215
36925
45705
30700
21314
26327
24987
47242
23511
49898
40470
13916
30853
47371
11078
24156
26995
19216
23348
41166
1554
3297
41207
2361
45739
19924
44663
23765
22121
31376
29846
31671
42498
23144
14334
6038
49191
46791
27897
16226
46291
37161
41384
12699
13939
7764
13036
23365
12787
38860
4408
20609
39917
49687
15155
10136
7046
18155
3222
11762
25657
7680
22284
17819
31549
16562
39772
33229
10914
33371
18771
37310
23993
22753
6798
30611
41679
10825
26629
1152
1533
15370
25510
5596
49345
1980
24144
4930
35962
23791
15475
42085
6502
10433
16979
13448
8177
21085
29305
27637
43838
26879
5818
48479
39060
4909
14439
10822
25924
11931
15737
24874
8285
31173
18561
49555
24018
13310
38743
48658
790
1580
31165
23583
6147
2807
42495
31038
39909
21877
34375
9216
24250
34517
41966
41135
12313
42253
26580
24312
43064
21588
38589
4854
12864
2391
12980
33945
32289
1434
1607
22828
7536
26146
4030
25234
44268
48862
22235
16435
30295
20256
33736
41336
14708
43615
12749
39510
32938
1010
20482
42528
25421
32652
27928
49098
10213
31712
40297
18292
37401
16338
15530
23393
1768
20443
39332
31786
32757
17616
3566
8016
28843
27539
45561
12955
28716
34826
23375
17225
16403
8847
33315
34627
39540
4583
48797
17245
38142
22854
20056
3632
48632
30707
39287
31743
21386
696
5073
7982
34458
23905
49304
27891
24426
3261
33408
32
22435
7111
19695
23704
15598
19804
10055
28023
36108
29897
42616
33890
11562
20039
46211
9241
11869
31829
33398
29853
25699
30062
49103
16674
2513
18748
4266
24606
39376
658
33670
25907
21876
18470
25889
12848
10333
36422
33390
2519
29646
38459
45320
29349
47951
48599
47506
29169
40293
17488
45532
48272
774
3644
48598
34304
25704
5489
42921
13067
23797
17687
28954
14522
8792
3506
11590
25015
7163
45210
27347
3750
45603
1044
47485
2932
5366
33281
16238
5627
47454
29191
31859
29481
47722
40315
44340
49252
27557
35759
48820
48476
17597
32377
37289
3529
30568
44226
46178
32313
45365
21906
22972
2884
7491
48671
6223
8586
37672
45985
24955
45614
23171
38168
47489
10726
7379
30761
24210
43408
49568
27596
35926
47047
46547
34853
8173
19833
33437
11135
35753
12889
3977
47931
15772
2583
40272
8534
27676
25199
42983
41844
30607
22645
4849
48743
9136
46075
28379
14746
22208
45176
46442
12703
23582
12823
27241
45931
47756
7140
19680
9507
5449
41353
44394
373
20435
13650
710
7658
46736
35276
48661
1195
43089
1760
46778
48703
23609
4264
42348
49303
8383
549
37253
3447
38578
44232
6400
17040
42413
33899
32351
22300
41319
37168
14882
8210
7397
9407
40672
21703
19340
4664
28703
38580
40133
49693
40012
12409
31944
32837
36996
39100
39030
31133
22456
10049
3626
22137
31578
38904
45469
17229
5087
45938
8433
25304
37824
6816
46598
32053
20916
32438
23489
1611
9239
35377
7482
16450
4004
17757
17077
44412
9171
35399
12646
40627
7422
7473
12822
18794
17696
29685
42353
6499
38337
19678
19008
44938
724
42604
42800
37137
47852
36086
4723
25554
9249
46874
29541
41782
40411
20797
167
10852
39315
18163
20335
35049
1366
19506
24605
49712
44911
27433
31611
45947
39442
39969
45244
8519
25246
15534
35405
13520
42721
19263
44225
36239
34488
25185
33428
25827
33440
20848
1836
28029
14500
31281
33761
20704
25101
32483
12328
10479
42753
14590
45594
31752
42510
43133
28968
23500
46590
28511
38297
16652
27177
20334
42178
20656
7891
4896
36154
31341
35509
47115
4712
46544
2170
15886
5350
28569
26669
21902
31907
21658
24519
12674
38899
49477
20658
1625
16228
7557
23657
3781
41379
43463
30116
27879
48171
38257
48174
11451
34804
41158
27190
22362
48527
32046
27472
24590
8088
44476
45747
2288
31989
16410
49735
4540
948
20958
12398
40142
20773
1962
14102
3988
36088
31558
6254
31019
10874
8810
19434
25492
46602
21428
30281
30923
10070
12192
27971
3521
5560
20222
35453
22520
29234
10970
31949
47964
26210
31773
26431
38980
43204
34126
13436
19325
7291
26200
38869
26416
41434
39632
42935
16683
14660
49209
31980
19961
11222
28371
4575
9054
42891
36495
32268
31911
42222
9027
14138
28603
38607
7845
31265
16851
16690
45446
562
38008
37609
1046
33188
15215
13832
34587
24472
10066
3099
36329
40306
41888
48270
24369
10614
48781
29093
42037
4074
8664
25080
4453
13847
23155
15583
20724
15304
38284
25826
18971
3492
28459
49619
43539
15521
22510
6073
22240
35860
29743
30974
30898
32833
8168
27105
41606
40748
9679
48443
45787
25549
24452
11398
49822
16793
4151
21170
6533
45441
1526
33452
5107
23488
18193
41188
31796
17415
34247
19324
6157
7419
42029
3541
20392
49029
30719
23190
36870
61
41088
26346
16728
18811
29375
27603
29623
11148
11421
7093
35209
1002
9962
7543
33310
22676
5817
25390
26274
41138
7585
31499
2440
14960
33857
46557
19655
8464
17645
32599
15338
37736
7693
29109
6644
32484
26208
7781
11851
15574
43826
22496
45843
36764
16164
32136
38983
3568
37389
24388
15467
488
35390
32360
19481
30546
45638
34386
32809
20611
41965
21216
4116
23677
45896
38768
19697
26204
2541
35281
21552
21021
5410
2233
14150
45357
38859
49107
23850
42660
12700
28341
46971
1241
12259
19292
28711
22272
10199
32693
38876
19764
4139
22046
36704
6344
17565
39051
27020
41751
2654
6056
41106
11926
42664
30714
7823
20297
11073
30710
2042
10693
47936
45759
36143
31343
29651
10504
7978
34423
24323
17247
38831
19550
5777
23807
28819
48201
17568
5629
31041
8647
16221
2404
19296
30041
18764
37296
27188
22868
18004
6127
27714
40510
37009
11013
10939
16823
45900
40033
17624
34359
17154
1852
24439
44071
20931
43812
35499
48002
36026
32079
29248
29078
4959
5145
29041
21652
12744
48901
879
44272
2556
40185
11460
18796
43434
16125
752
39348
28726
23043
6190
37191
5074
4112
48876
47843
45392
42251
49404
8500
38965
16096
29361
24986
7695
22636
18455
5770
15394
7512
18085
14471
12901
41500
3532
49069
20953
6263
38185
30098
14981
9509
1304
15703
19433
22036
25638
38102
34189
41424
14403
35360
11303
8066
22244
5083
20363
18760
3987
36661
14301
15805
23610
27353
24415
19450
36273
32718
10146
37802
34639
27980
3325
1118
4973
33910
8045
21053
49393
34025
14728
27229
708
38893
18636
32798
41593
33956
7356
16986
33814
30402
40429
29283
28992
25378
26426
28959
20863
29780
49705
15087
19703
39711
49324
29909
35832
31399
24788
8553
3345
16999
19138
25606
38594
7704
10872
3562
12731
30333
7867
8257
302
36636
38718
30647
16169
16115
2663
43760
44795
23552
12686
42104
11449
15102
39962
7769
23051
19937
48190
16458
15761
6601
5551
11864
20707
41184
43533
33210
9989
9624
34437
15518
46290
13277
21078
10740
30366
49130
29043
25775
43143
41580
44045
43531
32072
48789
37012
3056
33345
48222
25812
24511
37404
3213
19932
43324
3467
40664
34141
17420
8274
29229
4012
49105
39713
12713
15105
7405
32776
32698
20698
4232
19621
46634
41702
6955
38433
6509
8864
17067
39230
14928
45801
11367
15337
8110
9107
45331
25584
36514
9948
37254
27843
30367
45708
6069
19515
24286
17380
12779
22385
46099
14675
15797
23479
31406
35186
6868
31437
11411
44574
28731
24689
20178
31682
11187
25700
37749
7172
22229
38917
22030
27789
4410
14101
32808
45711
43985
19605
31262
16296
22341
29074
4199
9016
6126
22975
41532
48525
44906
10357
12162
20854
34087
47948
13045
28219
37316
20298
3865
20457
29739
5660
9939
20404
3217
37386
25099
19962
4255
7374
16554
31727
48010
29180
9365
39939
2890
2880
31059
32284
48122
35620
16697
37208
2612
49972
9326
26271
45923
31902
25433
48131
4857
17409
41973
18884
33674
22804
31818
17600
25483
30622
25020
42609
44065
8425
6910
49943
20522
3828
1700
6577
6771
34317
18465
34959
12312
15746
41958
24998
11003
34545
10260
15636
19790
1906
23529
23238
31354
9357
43887
29843
39627
43348
22849
18893
14577
24153
11947
16062
8583
48706
30093
49844
47100
3548
7783
13435
16368
37896
45295
41649
33341
13894
1888
20733
28638
49658
19126
47678
42978
41
22304
36126
12263
39805
27890
39052
16124
28420
19213
21740
28040
23107
18239
36741
45516
32899
48615
42505
46546
18181
32665
24272
23770
18901
4898
31895
28471
27742
24141
9611
34819
33971
6661
20500
47328
13638
27225
41986
2334
2081
48381
44959
30067
29470
29519
11927
11850
32922
6265
36628
38083
12480
8820
22278
37948
8743
27632
8832
23675
18089
44667
27429
4060
17052
17066
21628
12946
5925
39796
21172
48926
47352
30337
19432
23883
49357
39373
45807
47856
18092
32259
41797
12483
33010
33168
30298
13548
11541
5871
47977
47387
29923
38989
12638
27051
19326
25153
35043
6078
22439
47695
25053
41962
45297
48490
22912
42410
3698
28468
27577
31183
41657
43650
34360
48575
