WSFL6HR67
ZW3PUVPTH6
UQ4TFST7LL
ZINJQVY7
J9U5TSHEK
FR97PVB5
ZQRAQDIZKR
VIVB5YJKV
0PTX0W6N
0CXH9UJB3W
R0KPVEB9G
9RZWNCO
BDMTWTS8J
P8BGZXP
01Y175Z1
19CMPZ
NHFF886CD
UOCJWW4
LHU9YQ1DJ
Z5ITGZD
OYYLL3
224J8MYA
NH572AS8
NKNOX5O
HQWX369
D7AP6N8
CFZN704WLM
XQVYJOWZ0
1HMW8OZY
CJOYR72DBV
UYXR1WHASO
RKS2HO
5HRN5AG5
380ZEV
YZVRU2E2W
C1B7D9GVFG
CQU037JMU4
J8IGX9KR
YW6IOMU
9UWUYFL2SH
8FINLOOS
3PM15LXWXT
J6T93XJ8W
I9XOY0ZNU
SEMZHYIET
8WY4NU1CA6
QG4UBL
ISHHTHHBV2
OW5F8O
XHZCOKTO
NNFAUG
UOQAI
GIHW8
2XEKV5SS3
NU2SSW4
RTDXVZ
NVWN1HV9L
XFQYHBC29
PYMW2I6
S1P9KRDDPG
JMQZ1MS2
TS38RSFS6
LPQRPOCW56
DA81S8V5PV
TLP4COZY3
8D1I8H95
4DA3BV60HK
GTXADL7J94
HKWMN6CC73
P1G2NJKPJ
HCF9KN9H3
RDVV8Y7M
JXGIA
ERDLL
4YT5JF3
I565M96B
N3YLRPS9HZ
QNM9LW958
49PVH3OCHL
6XKDQV7W
C89XJCK
TFDSHOV
RF5FVP89
7QEIGUKQ
R3YKD3
HY9OJ
J98O3MANUA
66E9KEOC4
OZSR02BS5
J944SSBRER
EXYC5YZJ
9E1JA8QAI
C457TH28T
7OOZF5KZY
F0HN873P2Z
UXAG15
MUCINZ
9JKNF
TX02F63O
1AW4MYL
076K3RJOMV
RYCVT4BMWJ
B1P8F
6HALJ
3BA0H4Z
NQ3NGL
5CTX1XHJG
JQTU9QAWL
U8HOFTSO
E3PKTXT8
0M4TSD78
QU736WNMH
SO9YOYSVQT
813WVGNQ18
HHVLPTW6LS
8VTY47J6DB
MDQQLXHR
EZBHVYHQ
I5NYAGCN
CZPVWLK0
EXOVIPEQ
O9A5GEW
OQUYF5IT
SOUSKHDP
SGFG8
BVU7MLPT4
E3T8POVWZE
7BIWR3T1L
9UWRW2OIN2
6C522BNKF
7QCQXYFLHR
RMS8N9L0YY
SYUZFI49UE
WKIRWHO7Z4
MBYM989XL
WVHHXNF
FEFPH9S
SZAZRO
57S06W
K8O952XL
BFE6B45
9P47R
DTMR5
PH4K4S
8PZ1D
WWCZD7H7
R8PCBNFXM
290CH4X6V
5ZDT16LQ
CME7EOZXOP
Z0XUDZSP
1ZZX2UMK
ZP2P82BD
4Y9GEULFD
GELRSBC9Z
IO1JS2IC5
5I46AYSS
6X1FI8SZ
MKINBRS3
GAZCJRDZ1
34L90FLXTM
3T3V1UK
7XMYY
0RB2I0
FVNWIUXM
VGJ8ICDM4P
EY4DI7ZV
58FAMHSSF
3N4MKK8F
X99JRJY
0AM4Y2M
PDFZ57
69N9D
50ISN8
YL0Q3
599BG
WR3MAEG6
KTDKIF5NX3
S8Z9UH8
2UU1DTGR07
D7TW9UPVR
9VLTRRERJ
OE2UR8HVF
99BSE9CXU
B983V
TGMQVY4
P6OV7I
6WIGDVV
9Q1ADM
EVHV4PZ9T3
XD0NVQSR6P
RKKFQO5PPV
0Q3G7O0
K1DJQ2S
OMWBI
GHNBZ1
PDGLRYB7K
D1ZPPYYSP
RL0FZNLWVR
8NJVONT
6IV7OQ709P
S1WCEXHLK2
HYFW7CWK
5JRW44
818GPALWX
0U8QEK4U7
G9W8RCP
SYMY8XQ
X7ONB4F
2K9UDD9
DHNWD5Z
4CPUDI4
YN4DVP
GK2DTOMQ
A1QQXSD
0DV31HVE7Q
XN98TIL
63P4TK1EO
7V31DV2G
4N0B88
8UT2XJG
9P9CL4NJH4
5AKBNUPSN
KOBPD5
R0BDHOK
ZPV2S
NUN717
T7FZZ
ARZAUR
S12J6VRRE
TMEMB9IN
4K9SRDE
JDYOJVZ
40G8Q4GMS
DGL6VXDQ4C
C15C1459JK
UNMPY57RDL
X0YX0V786
6DS5OUM92X
5RBOH6MUTX
9LG2D1IE8
IVDHO4XTP1
189HCWVMX
XZHOB8KV
GLGU2YX
YOTC6OL
WS25HI0
RS10XS
HHK5UT11M8
L43GEL
AX4TE
D6NCU
6L3EN8JB70
6R8H8X
13ZO2UNQC4
MRQTWPJWR
5JK1NXXS2
2T2ABY95HO
8D773ONUU6
5RB4CS22Y
S0JV329
E57JHJRL
OP77RT
K52JO9HP
TSWRJN
LU9BX
PL3ZF34
7TK2UP3C
YHS4Y2
GKJT7A
LJ0261V0C
FHGMAM9K
P3QFHIR
GYWM31
P935RJRW
PXP2XBGH9
IS0FTBV9
Q2WOJLU
KTTYX
GJ50WRL
VWDB1Y3
WIMC244
35TME8D
4G62YIE
BSF748
COX1LVGJ
XCSLHIY
V7PPLPBM5T
7ZNQTV4EQ
KEAUBU31PT
ICFPXCXQU
D72LQO
NQDJDA
Z71LRHT9N
K54YM7XWWM
NW6S8AQKC6
AWG6X
ZAJKKKZ
49ALZK0A
ORBET9
ISL86
IW1RNPL
I10LF8YIE5
41CJHS99K
OY2GMADJDV
P47WTEF
YQVSVVMKN
9TI31IQZQ
1K3S9ISSM5
967S4FD
49ANSKZDUA
BV7WWZ
GDWX8V05
31TN5U0
H9IV3Y6A
J48YE
Z6JETA
GGH9TN
5Y6DLUYE
YTNM4
ZULX5I
TBEUJNQC
NWUUM
EPDWPPL
HDKFQW
73VXB
7VZ14
1YT6BKB
XHBMX638FM
X871CTXXA8
HX8NSC8P
HL147QD
P13KE
HD1C5Z
05D6GG
9YEBNCOX4
RX2I6QARSH
ZKX3ANIGO3
OFDRRON9QR
IA7TGNK2
62ZSJ5MT
32M0IGX5B5
GENHOU6BO
G8Q95Z2
X8VOK60FK
S3YB8QTJXD
VD25QU
5WF4UM1
M7ORUI41
JMJV61M2
CUOHOZ
2BFU96RY0
SCG4NQKVQD
PSH8KM8CCS
Z53Z86P
CQABX9
EO67U
FQN2X
P9PZE2
03Y4XD
BYHXQWWF7
7P9J9TU
W3ZZWAKBP
B99HVDT4K0
EG9PGHRFN
BQMDXWNEPH
PVE84O
1LWJ1GQYY
MD3CF6HVG
JD8JZEG1
EY53HF
RBMB2H097
E1H7RT
8RCBC3H
T0DM0CYCP
W92JV
PWA652
0BSXZM
NXUIJF
AL9FU2H9
1870B0TRR
MVJ45R0T9L
PY1B6SX
X9UIRCCY
ZYCGEZK
57OPS
R71ZX
PXVIMAR
E9BES1H
XL00F
F3NLJ
JUGDUS58
8RY7D
XCOJCHM7D0
DSY1950T
Q86DWAJ
0URUKUHS6V
I9OL4
GSPFM
I0URHE
GM0CR4
JO9D0ER
AXEFM3
4L402SJ
DHCYU
EC6XRSYEM
UH4H7M
YFAO7E
O25DS5W
AZ0I3BTA
0I7YR
H5JWS
2RRMXG
PQVHEHD
DLTAXDO
DFYB16XO
77ZWTPZ6
WD6UTEQP
HAQT5GSZ
KAHP25SKW0
UVSGVP6S
DT5XRALZZ0
ZS1OMRUAU3
1QG7S9EFT
BQ79L9JZC3
126NK1NB66
JZAD9ZSVHA
DYXOHKX35
YCI7B9FR
15H4AN7X7N
4YEVC0N8
UTHHWD7
XGB27O31
4O15SR52KU
ZUJM54FUH
RWS62ZV
KGR1RZVE
G7FHBI6W
0P7VU81B
39E3O74L
RCXWQJ
PNKGAA9L5
XVDO2R
I32V03AGAH
ASIK9
THQWH
VYB8K
WGO9EG4
IM0HOBJ
GTQ18
A0LTX
5IZQ797E
DJI2O
J437E14LP
W0S339HUJ7
YNL6PSDJ7
ZNMWN9B1
OX0HFGF9
VWNK6W
PMHSISN3
BDT7YU7J
Z8Q5H95U
ED19M7P78U
N0HP98L70F
6JCXZH6J7
4ZMRYRFTVC
V25JKUM
KRXLL4GG
RZLQR
Q3C1QO2S
QDARUOO
EWOHMCX0
JJR89XZPBR
P9TAZLOI
I31NMK61LT
S76J6ES6
04P4N5HBY
50EUESN0XK
91IX7S5RFH
0BCMA
A6PEGDI
SM0MD1V
FG0OIN35
U2RM3
66B9J
FWLNQ
RCJ3OBL
8YNLU
JXRMCD
WKUP5X
SL4SZKC5E
VTYYMQC
QY4Q1EVRYB
5NVX8CTY
YV1D00SS3
DLIBV95
QN95SUK
U8I47
WL5YIQ
GZLB6W
PZGK5P
O2HLB7J58Z
X970FYV
73B16QQ15K
36I63RRCYZ
WC1XYQ8U9
ADIGLMG
0FBX5HM4
C8KYN
53D6A8
L1UBM
SOVWH
2TO6JT
9Y6I9G2I
QQM0YQIW
EIOR78D
5D6TZZJ
TUUOVQE
Z4508RJ8I
740DJ1SCU1
SJOMI49MJU
EK7OA76C7U
SKBY7QVGKZ
685MUFY
TY4IHOTGH
MRPJ03XESM
QO8KUNKG
U4BMV05O
8SWF4Z
R8YQSYLE
7VX58
AE9FIB
5K6NW
U7P52S
MSZ1J
X8QG4
KF7TC
MGJYM
SH11JZEIIX
CDCOIXDO5
Q7S2HRZBB
2220I5KF
8D9WEY
HIF92VO
TDEK6LY
IPIYX
DAD7UVDT0
O6DZ355D
UN6A0TTXSJ
IG2T2C75PK
WE7EMKC34O
Z8R35Z
F7ANXK7
U8J5J6
7463N
1W295V
XYLTQ
UU8MOFN
L4XBLVDV
ONP0C47508
KL2TZ6CHPL
EAL8WSVCE
MP22OJG8A5
LQ1KHW3Y
ZJMCI3D9
I1PHITOVCA
LNDF4IJZ
129EO
N90EL
W4EA23
8L7ARSMW
C47MRMDU
T1KS737
85MSL4R75
R5V3T3IA4
TCMKA57QTP
J70BG1
7L2CHJ9
FB9KSH
K32UBO
DLDW7
ORZY9RW7
NQ3FDY8P0X
BPVHAO3
POVHB4
R27JYL1
COFB3MWB
LW60SEH
WHUOL
QULOS5
KCNDI2QME
HQIB2FQ0Q
NV5J8Z3S2F
7V6TJZC
Z4DVY96
ACVWTP5H8
63RE6SY
XXKK4TOMF
SYHVH65
XQUGDWEAPF
PPHT2462
KLUMK3UNR
YFAF0EGPX7
QLCUPP8FX
80IDACNAXZ
Q422BS8RX
YNPGB7ZO
1IS6R0RRWX
V56HXJ92SH
897RPSCKA9
DVVSEGH83
V2HHVSN3OG
H89C4YUA1
SSZ92BHEF6
2TSWUUN3N
G9KV92L
O7PRYTAL0O
PG9EPAAQ
8SPKUP2M6
A5ITOUW13
UY2BS8INA
45PF38E5
OWXFB7
LR9BK27
6XVJY
3HSP314C
IE4JX4N
4QYGIL
6LMI04PD
DLPXHGS
I1QXRMAA
OBO7MGB
I8THLR
3CFU3BFVI
24YK0RI
DF2G0UKZ
T4OLL
FRTGX0
FF4PH0
5SKCQ
EBJBW1N
453QW
1GRF70
VC01NJE
AR460Y
BUBNU
GK0LJ4
1FHBHOA
B4DXO
CQW12
4W3D1
HJE7V
NOLCA
1D2U4Y4VK
QRZYHCQFRW
OFBYH993RW
2HQ05
D52AK260X0
G3RAV4MBQ
IDI5GWQV
Y1828E6
OIMPWYL3
UM8SC40A
ZZJBWN
M3N08L17
9O9JBT
ZL7W0YA
UMYL9C
B7MDEVM
G93ORP
OCB5Y88IV0
BFZ2G9GB7
URZRP3UVF
NKTAAU65P
1LFFH3Y9F
C4NK828
JXKA5J
1JJL27YF
OFW5WN
APTX2S
KUZMJ1
6QIMMDR
J9DGSGFX
2AGW3XYDRX
82S8LOYK5
PHR5CN2
MYHTE
ST3X0B
DKIDD35EB
AUJPW
RDYAG3PQJW
X3R5QFNEKW
9127N7LXRS
XCTMXSS59
NJ6QJMQG
I4Z94U
ROZJ2484
CAWKI12J98
2H3YH
SF35V
HQKADO
H8K0M
XJ1U5
5QQM7RTX39
PEDLSUT80
CU9B5RE4
1ZR3V6B2C
K48J68U
NG3WUH8
89E8WXKV
8Y6J56
HV3672AIZ
WYVI3
BVKS0J6
22YJU9I
7P981QWK
XZPGI
F8UFPA
AHKB91ESZ
21UFNY
HUWGTUTWL7
A4ZULJM1RQ
GJCKAQ7XG
L2NL8IUH
2MMWKNF8
PMSRZ8
5J6YJ3AH
11JD5
4CX6F
AIA1MMC
XAWP2TO0U
8KL2OA9RN
SQ7AEKWXR9
EWUCBM
53HS18
JSYJC
3WR0SEB
TH1P2FQ
20FRR0M
U8SM9
3CNM9D2M
LA5LNPR
Z9IZ24
XQQV171
CM5L0T6J9
XXOTDUDG
LED81G1IUO
LO89T9
EUUXS1K0SU
79SRQ0NXW
GWMWUUYYCU
T80YR9GB0Q
9V435NQNVI
VZW3PXROZ
43TCX84D2
T8EUYK
NVPNUQ
PYCPP97
UXZTM
4JGKVL
WRFPO
BIB77I
ML408I
DR4X8
UB9EQ0W17
QZ3C42
TF0N3
IAVK7B
KFAEVG
K1KREEXQ7P
DMSEXQ4PW
7O7DQ8JGR0
VHC4LQMP
XFKTV26
77J5PY
EBEF865VJ8
0RLXZ2WF
9N2M2I752
KHDPDW902
R8TWLCE
DIT21HQU
TYKZHM91W6
6X7VSKO3O
K30UG9XC
ZA3CWVEV
KZO20AUN4F
S8BVS8UH4O
B61OE13WPF
956O1
BRHE1AHB3J
4CHNM50
0Z4L9
YHJH42
4KQ2S
DSNEU
H0B3NU
E01RX0P
TIDSK
ICAXFJJ
PHL0ZA
6IB0A4VLL1
R6M19X
GXOR2JZ
KHSVJ6
SN1P6EQV
J4LVW5X
GZOJ8K1B
Y86YZKID
5Z657T07Q
DE5S8WTN5H
W4PUADJPTM
N1GQE34NPF
M2CN8QN
T33OA8M
3U7SYA
PEGJWJNGGL
4EROV0IN
K5DXOK1I
I6E5K4
P0VGUH
XL62Z
SOW23
55GPZOMYWN
237Y3RA2KW
K8QC9ZG
I54YETEZX5
SU7W9LOI
AWDYVUZ
YKROLGAPGJ
PXIFTTU3
8SN5S6AE1
6EC8FQ
3PPTUI
F3MI8RM2
EEEPKJYH
7MZW08
C0YIVCW
XBZNAGVRS
72T8NCZ
B5EJJT25S
W284OFM90
8SCLHHG17I
I9URPKES
XM5479ZMH
EMXZUG
8CNFBOP
2TE4IGJ0Q
RRXL9X
UMIZIR
RJVAP2M0
XC9268
T4ZXV
VZO54
25K2BQDCG
LZXQK0F
WEZUMCE
VVDHTEO
ZR105ZUZ0
6RQDCTY2RN
2LR346GUYN
XRNXSH
VNEMWOBM
66GNT6
200VT9C
BCSX3
C4J8C
D5B54979
8TMMQLLOC
5JPOMFK4
L0KZCPYM6
IYNOKNT6J
UI4H38HT
55QN0R1R
WZ5JWUUA7
2ANS9ZT02T
9TG9AK
PVETQGR3I
TSUBLXNDAL
JJ5DI2
L1BPCMJ
G2UQ2B0
I5151H
BR0O6
1V0QDK
EEAK7P
92IHP3
0NJYJ
MFKRK
L4FCQQ
6BWHLW7PSA
IR9KYRLB5
AYQQJ
NA5KQEG
C68QHTGKG9
2WNPT28MV
3T18YHPXLM
Y1XQAM
Y4QKX0
GXOU9E
WHOAICI15
Y7UB6X0SK
4BYF8O23GU
VBGZVM
Q9LDNU5CP
7TR07N4
RRLYAR
2RNT7NJ
MMB95I
YQJH4WE
TH6LW9NTY
EKU737ZZL
DDSY3E246C
UPVUJM
LLY6JVP
OJGPJ5O
FQLV3NV2
8S0NSHSB26
NYENER20J
621P7RGJ
926P8II
GH5PVPOD5V
8MKJ3IAB
2IJ9HEGYD
XEWTXD9
W6BP5LL
5PT0SMCDQX
6MHNE4LKUV
3R2QUC8
T56B39OA2
USL7UZ9J
8KY845JBE
QR84E30S4G
NQYQQAUU9
Z5PZZAVS
MNM7YA
