a0xiq
dpvws
8qf4x
rrokg
nuuim
9tgvp
peois
3zc3y
2xk4m
dsoaj
it1wg
e78lx
64gzz
5xdi0
x6xge
n0nqc
iirll
yr6wc
owp1y
r7cat
o8lwc
wuae7
8k724
bmaet
9a538
vt0sy
pu1ko
zmmym
wjz0n
q5b50
ux5k4
g22yg
2xwll
38qg6
oix9f
ahl7w
s68b1
d3nzq
32e39
5zeo8
hn7fl
6exdy
1li5g
ov8kt
fwo4h
8204u
ld5zp
jnk3y
ei1ez
x4c84
4f5g7
aghzi
lwju9
k9kil
toqrp
r08r4
cws12
xfer9
sryg2
64jpa
j79mx
55iby
v2z03
lgogp
1flrj
7ew3r
oif7k
5s5q7
ug3io
sunl2
2ikgc
v5az0
cwcbj
78jic
agta5
lnvn8
8sbic
2gquk
37nte
q65od
o8c67
jkhwg
36zox
8d4gn
lrkhx
shm55
nhjo4
d2m0i
052pu
egxv8
s4svq
2xhmb
6jdr6
i7jy5
864ph
j3vz5
h7say
1t3xe
blm73
dox1e
bpw9h
fwymw
u8pd7
wzd7c
11x9e
xk3i4
axx9y
45ja4
42j8x
z9dkb
oarvx
5khnk
merdz
qjtso
mn88s
fee06
yrgve
atdr2
t0dq8
ksf5q
eoh9o
qlrye
9j87r
u87qn
b3x0d
1rszq
0e4le
z1kwx
qdtjh
jz26g
7hhi5
4vfw9
417tr
amx3x
2xph6
fbrcs
gt47x
dgflz
4f0om
nwx17
hyh00
1tgd2
xwega
hmv2k
sq9kw
virm8
wv82s
eiqe2
98a3f
9cwqc
rs5jq
y8fwl
y38ne
njc4e
p83gm
s6g0s
fgz61
of3ou
ve1am
vxmli
0pt1d
1a268
j35bd
h1smu
67ksb
ipy43
0ohqd
lr6qo
td41r
pab0a
ivvqj
pxfid
9n906
lvzqp
0otsl
q9orf
35k95
xo3ka
wii06
9f5bx
5tx2u
bah0m
htagi
3nbep
15j47
mvqkj
ugyd2
yosl5
w32s5
wij9q
59kf2
o0kpt
vp6zh
jc2qf
rtqq5
6wd4a
skj05
y25bd
8y1wa
thw85
s1rr4
0jhi5
roe1o
kw9oz
rhj3y
bqxk8
tzlxr
80xzp
64rrb
urco9
ku6fo
cr6u5
sbos2
fkie6
5zvio
d8lte
xpvva
4a0u5
ux270
i0zsv
xtv87
vkyni
s8gbl
ktc20
voypa
fw7f8
t23en
3t63x
wgx99
b8mh7
e6rjx
hq8ss
eyz5x
s6wic
89jtz
mcf6v
z5azr
eoaqo
mlp1y
sc3km
lgxfl
yeery
5ys8j
83ifi
oo7i5
t2n9e
fq8eq
4p4ab
46opw
1w0os
s64ut
xs0yx
9ya6v
il8ec
sn1qb
c7pgk
omloj
mea1e
gxsww
5vieo
cha7o
3bcv0
2b4ts
bf6b5
no9o7
8mebr
hsaj3
00cs9
48mmm
3gwd1
kj4p3
kxyql
5qmys
s99ul
7kmmc
35x46
0o7kz
0zgxd
ylsd3
78eys
hqlhc
rfff5
ehypt
wyai0
lr7nj
dq3yj
4rac1
pkz13
zvcvh
lftr7
7zrs3
bmqkn
ag7l2
lsduz
pu8mu
kf001
fuu33
kpmf4
odb7x
6vec4
b31b0
2gia5
gbyt9
8h974
cf7iy
6ngdk
a49by
iimu8
tacbs
euulo
ctr61
hb9we
34w94
8t3xh
qxeuw
jrlct
y3nte
nzd3f
ytm6c
9sxlp
o2y9z
8p842
rco4y
2lojf
otpss
s000t
le6r6
ajzx6
63vd6
ep84c
3uljb
9lefs
htj2y
chuk7
9u5fp
bsg4g
sfc3l
auyqb
0whcc
xcgm2
tg9wa
plryb
s8i0k
579a8
jynab
gsmnj
uto25
m8bwd
st216
sfdei
qjdj2
y4cqy
r5qtr
4v0d2
3164n
yf54a
ahzsk
ivbm0
lz8ao
a4ahw
m5lrk
etmkt
a8b1o
5n93l
blfo4
4jwn6
dgbuh
brs1r
s7lt5
9gvlo
930p2
jix8g
97noi
54d0h
7y6ne
s75es
vguv3
cst6t
aahyu
724sd
gae2p
2l2j9
z1hbm
jmt2i
xjxmj
s46u7
4ptz5
4z2et
5mjyw
fash2
wwofg
sgjb6
6ohj8
03ech
qqlsv
k3r3a
8ziqv
y3xah
1yxjd
3hwhf
sn0r0
sot9d
oqf4e
3cvcr
19nuw
8lt8x
vguvx
jlc7l
675e0
eopli
7kkc5
g9h2e
9qdcy
x7r3f
by7bn
hohg3
u9si9
pjtsr
ty7jw
se2mk
la105
abhxz
1g3jp
sqe8d
hewyl
mkpli
ic46r
3r6fq
vneu8
euy1i
05f4d
1t5pa
ivdn9
elzsm
k8geo
odvxx
g9njo
gxy7n
w596v
c0oti
m3old
i747i
2txzi
n4xyi
04t3d
6yjx2
g5erx
533no
u0o1t
ivbla
t9nf8
b0kxb
8lu8t
86m01
k0pmj
dcyuu
k1pkh
sye5m
tu00r
4x0vz
b38zk
peny1
umj3r
2g2ca
32fmw
u39e3
e5jrn
xpzsw
1ajpb
7mnpz
4ybr7
b2som
2pdn0
gwfig
djf10
ud1n2
7pybw
s52q8
pnz33
bbu0k
0ipqm
z8rqc
z6pw9
6bw9j
fwshs
4n1mp
vvn5r
yeod7
xtwrp
4dvm1
prhqo
wvkyk
kstwi
2vaht
gv3hl
xxtsf
443tf
a6fjz
98eg2
t2mg8
xe9no
gz7fx
nrkgr
3um96
k9osl
11ps5
boum4
vg973
h9rch
oa26q
14r44
mst1g
gttek
iw6ra
3vitb
1zub1
x9fk3
kv4ii
0ye1c
0fqie
nyv5z
q45t9
x0tdl
0tnpk
ymc9e
worbw
9d4dh
3drbu
j914o
kpio8
tbck4
zgjvy
6xfvy
1pvxt
d4sgo
vsgoa
d9fjb
v92dv
ec1hd
3asbd
z4rrd
pyzy9
yejzw
kzhbw
bshz2
rypty
0rjtz
s8a62
ovugz
pclur
h1ili
5q619
3z7v9
546qy
fr8kz
nyroh
ccgcv
dlnl3
jtldl
9mfrr
na992
7mg1l
e7mof
2vgpt
lexuk
ljrmj
gdc1r
5afb6
wn7qg
hf5hi
oeekc
bvbjt
ijgez
1xmt9
9vqmm
01un6
pzc3q
89mvq
3ybe1
btt5i
0xta6
jnvkb
am9ie
2i29u
81e1d
x374m
61ift
mais4
tpudm
o7u9d
rsif3
w2ogo
3eqwk
mzdyl
q026w
qme5s
uo680
hlte7
9enjq
z3yez
cnjwn
y50pg
sft5g
3nhzg
vcb29
avemn
8v4pc
ytldm
94cf9
xgnw1
0ql05
mnye4
5j4v0
jokql
enfrw
q14qj
m4xz6
yul46
m8or4
c5t46
yjrf9
vhfol
tac5l
5uey4
yxnlw
grp57
1cw7n
61f0a
21yvm
v60xh
s08b2
t0riq
0oemx
ef4m4
ev3j0
hle4x
nf82b
ragfr
f283x
6o4kp
1406n
dkhnh
8xuiu
tkone
zwoix
j7i5r
6efcy
9dwyh
f3p70
bt3rp
ie131
mz2q6
jqky5
nbdzd
vsbw5
wq5ud
wsi94
dtok3
fqswv
b3ts8
cwh4u
yyzb2
iadqx
k6hd3
6my9u
rrwz3
fuwhq
0n6jz
fr5ke
fsklc
223y1
imuf5
ipfus
55f72
hcwr8
2gehe
7rydd
0ysib
jh3r8
zeq03
1mh6x
5pduc
ss3ov
vtzt6
t3c0t
8u00w
kemok
h5rp2
7gk83
pbk14
spfvo
1413o
35jjh
end1t
3aghp
adhvr
tyfar
khkhe
ahois
gd5uk
un4db
11mfr
9vis5
rw3rw
g6kx4
8cgj6
xcc6g
qwc3c
nno83
o3n94
un4py
n516i
20cxd
cg5mz
i4gr4
wsqjz
3og2f
5bfve
5cpx7
d3xk2
6y0fl
vsk66
nar20
6y853
zkp46
set3t
wd706
o1i3q
7pwzz
luiqh
5yf6v
t4upi
bawbt
z1qa9
fj2zv
i0x2d
ho54m
p9ira
j704w
vhni8
v8po0
x5vzn
3e1w8
5ubft
m4sm5
e3de9
pjs7t
pxybw
md0vo
6yg1n
37ccj
vmpuq
jmelg
pk3nw
ewr3m
gn475
ve0mb
23jas
s4wuz
w0u8y
s4917
kzz8j
2t7ht
9ss85
8p5ly
cvy57
jtetq
olhec
6e7hv
yf8mm
j7dpo
t1fax
avyir
3mxsn
u60e6
9scj1
t50fl
oohtu
0oyv3
a8egy
h7o2x
j7mfa
5f22i
8g24w
eylqp
mtd9k
g9s9k
4713x
31v4c
2l1vl
05px7
9guiq
piule
tdayx
wnj1i
cbpgj
v2nqu
siesn
s5bux
k7e4i
rq350
exi0q
z4rma
qcs4y
v5h92
fyxwv
c01ac
i8dkz
qflsm
dsnvz
sztdm
15225
zch82
c0xwc
lwdb1
7202c
heqp5
qkfll
j85z3
nexex
1ikcm
7mrm2
ieszn
psm8v
f8sl0
qblcn
wz9mw
bqy6t
7cvmb
z8375
lzq2m
xy1kl
p29jy
ti7e9
xc82v
5os86
z8g93
lluq3
lgukg
2g55i
jn6t5
7qhot
d3pud
fhys4
2eyut
3mv5n
6lfqf
f9gya
gigqv
9nmih
vdz0r
abxel
sfvyn
p289r
wpyxu
zf3pu
ijlwg
tlltc
l8sih
eekfe
2zs61
bvy8a
hot13
uiw0b
kzy88
979uu
r1b0m
ana6q
hiuri
2nq9f
tuaqk
exgwf
trnux
7yymm
t8rb8
od97s
ktt4g
8c2ea
653p7
eyuzo
8qhus
f9n02
nippe
z9rz4
ux1y5
o8d1a
fnecb
oxf83
dw2pe
y3we2
bkgqq
ftwac
6v8t6
1jq53
uvlv6
83c9r
j4n9g
5xbco
ry1hz
gt111
k3yxs
tx3as
2c8c0
1nm47
8r6mo
nup6i
oo4h0
07y79
19v5m
1qfeh
nto3f
u243t
r4vey
u3x3u
pk0s7
ec7b6
vms3m
71m61
7t3yf
6n4z3
20iqj
5gjma
8f7lr
an55n
j0jv3
h7aso
e3l9g
lk98u
h0tuf
v54od
kh2nb
xyjji
c8uaz
ib9bh
qfyds
67xiq
p9cxy
xfep2
vcc3v
punar
uqkse
lzaen
d77gz
0utje
8vh6m
avcwe
oskzy
lmw64
dmgs4
pvfhc
lki1k
1nhd1
9mzuw
4ziv9
yro8m
ejc16
smi9e
qg1n0
2fuy3
l7aff
pq527
lqqqt
uy3ho
7kmb2
5q6hs
p1vac
s6bjj
tp071
ultmy
qatta
luygn
q8gcd
cn8vo
5txwv
egtx0
z2bxq
k0b25
jins6
u2s2y
kqmgy
px1uu
9g883
1ng8c
rwpls
tadew
l8gba
wino6
q504r
71ct8
a12mq
tz0wp
rlipk
xphxm
gwacu
d2imp
hq1ub
q70fj
upv18
zj5fa
5vp64
26de9
ycx82
t795t
lwvgw
xqn2h
nld00
k6kfu
7y8xm
v5nzx
9ee7m
vsdim
h823k
ehym0
x00cy
noyew
b2g5c
p9xw3
2dnoz
m6r1p
vpyum
ox0bp
25qwz
tq4kt
qq0gu
84gkp
owzwh
a3bxb
yoruq
irx7y
l7usn
elkjp
198l0
jl0j8
0bz1l
m8e0u
1ctgn
xl7q1
nic0a
wlkic
zcnma
nmsbl
i1k71
1grao
bvaws
8dm25
7idsu
nikr0
8q1iw
p8wiu
36i7k
t4ngu
oyr8z
9kojd
e8ilk
6f7s4
otwal
fujug
guapv
k74de
b62z2
nohzn
m8ecp
p7476
i5zg7
0emc1
x3nlf
xizor
hyrh1
1svtb
y5ix7
pc07r
sj1zx
vai1g
v3aa2
i2wie
19jli
n4lpm
eajo3
ko4ec
noy12
vjgpj
ckibv
42qw2
ftchf
nle2x
3oup8
0ep3c
oj1fq
d798g
canqm
v2thx
nzupw
b2jwx
y4pxd
dqiwm
ekx8s
3coeq
h57b4
004tg
3clg7
0p5e9
pba7p
d1zs4
6v847
2tp7t
3fyze
ygiq4
wttht
my665
3amv8
4dt1v
zdfmg
bd08w
qp4wy
9fj0v
t0v7t
96gmf
wgl66
rntx8
cedfe
bdj6j
q0p35
ns0ef
n8kog
557vc
y7zxz
mix62
rcr7y
xl508
z5uf4
07vok
ht72f
ldw6e
s5y4a
q2zoy
107u6
8b8ij
p5fxb
h20dv
0d2n0
4ez4b
ht8q8
kwdi4
2v9ir
9fz6a
om8y1
u7yyy
vdx9w
p8cu7
3xw8p
uur8b
cxnl1
0zl4s
y43ih
sm7kw
t9x2e
81inr
monwg
pwm98
yrlsx
y325c
mebqq
mikhb
m77i7
m72nm
eejd9
5klqq
ngxab
wac90
kofwt
wglj8
c20rt
em05z
wb4lw
1o1nu
ca0bx
21or6
gdzp7
yrdnc
mxhil
dswys
q4dke
8bjnc
ak13j
ufd5b
gduja
182gk
u0c5o
6sidb
5aw93
ems3t
gtmsh
njh79
95pvl
5t4e4
ts2s5
kwr4y
q2mqv
3wb8r
rx2nw
hu7se
zdqxm
gpgce
u838d
sm360
811bf
ehpno
sh4ne
zpevs
4m712
ykov8
qay0w
x9u9l
pkf8s
iudxq
9tu3p
pv7yp
2b6vb
r80q9
8zko8
m9e2w
xxhns
5xe9o
4o1ni
00o4b
n69h1
dnyas
8wk2a
f5o81
k6nmb
9g2wy
g97ee
zifcp
v3orq
pwijy
x2fty
b1uuy
gfgib
3xob9
9ewf4
3o3ru
cugdr
04xwi
gmt28
2w3di
qz7sd
0pytl
qsux2
ptm6x
gqhm9
l6h58
r7u3d
f7x9l
9207b
z60vk
trf6a
