11517
52442
90606
42715
87345
48565
110101
33866
24161
32020
1239
47074
24264
96203
27072
62591
104150
41345
27100
7574
22746
97405
9722
43057
95127
37479
82182
58930
5218
46535
93645
10035
34277
19569
2940
95826
58040
98975
82430
13227
12476
42108
5849
106940
77179
93355
99395
9626
16925
28937
28194
25050
62876
83320
4744
27536
95104
64393
39999
81605
4446
13675
5697
6558
51616
65873
18245
14577
79704
101580
109559
7200
79188
61880
86121
105849
89377
76444
69473
59403
94210
63670
100609
24778
20710
37817
82235
55872
13412
81358
56647
49409
84758
87222
98513
23903
44008
5591
51378
39293
24901
105443
10368
14411
74764
104326
45500
91660
27063
59248
20224
43290
52583
105632
95193
44056
63023
6399
10259
99241
110449
42097
106171
85145
54707
20489
27354
81750
65385
96215
54206
5334
50366
50732
21572
66442
967
79275
53116
25013
25905
22617
90210
110384
57132
85740
110739
104597
82350
44239
76452
16989
5105
38340
88821
27441
57722
103284
55921
86311
24004
99034
24985
72190
43005
62986
46810
60675
92053
74651
98373
36322
24548
6518
53181
32853
2899
103208
57521
7366
45698
55640
36188
39495
19809
81994
89805
96528
81863
81247
42399
85283
76378
62625
50346
5835
47179
78936
20813
40242
68050
95997
31473
65293
54933
62759
61369
82671
69784
79480
3137
91780
45564
809
69296
83331
28536
42684
103271
79003
21009
7612
61584
34241
94725
68604
32110
41416
93161
57033
104825
91115
104507
37847
70214
107913
69393
49802
40997
61355
47794
19759
45374
4767
25262
62386
92808
21305
90971
109365
63726
55507
91412
85031
79564
49208
76843
104786
50875
105791
991
53546
48209
89205
82576
48557
109873
28164
70623
2315
30454
19852
90882
111601
17593
2106
91205
17893
49539
8233
108804
26006
57242
16824
98280
82263
111519
60851
44548
54771
49365
53565
35244
102643
96187
71542
40219
107918
87792
11519
95619
27870
98284
104661
8826
43402
47747
81492
50029
42226
16706
59705
50438
60382
39911
31241
77900
65896
65689
62401
23990
48540
98982
108650
83143
105092
90584
79630
32001
90578
22845
70477
69328
53482
64206
76325
62659
27426
25726
55812
96364
37332
110317
17276
36719
5870
18872
19094
31007
102767
68271
89682
92284
2478
76236
3045
76283
100942
20639
106811
61407
90582
80770
76802
100883
16414
33761
105113
37651
40843
58156
7950
22385
78830
99072
16755
108606
95346
11502
56724
64565
36017
98617
49387
101759
27172
25982
22407
36344
90818
31560
70664
25415
22372
80461
14540
26951
35611
105471
98135
3029
106577
9386
104412
76073
110893
96963
62715
102492
82039
11068
35318
72178
34157
31026
13135
47366
33122
83882
7057
17301
68111
74528
34940
78339
49905
13967
72790
89995
50030
39351
56164
50570
88440
34886
11149
76128
5462
37915
47478
31557
76604
80303
45337
104471
64278
89184
39479
608
98380
33396
63631
59642
50507
11976
70297
92977
71614
92899
1558
65353
77979
93852
44935
48959
57376
31809
91323
24890
106012
77046
12910
21997
14228
76463
16864
7776
74189
88225
58920
72992
35305
54225
543
105241
73476
107849
83278
92787
83327
25042
66898
109143
94565
19062
65667
45648
4349
20752
29705
68672
54841
79283
68878
28825
32589
12793
59447
57909
76915
9048
97322
63406
90254
20911
6771
9650
67681
34604
50025
61535
109949
359
12630
8436
82621
55981
103936
44212
78261
51930
14842
84795
80354
21141
20432
89810
66666
45519
29980
68252
4161
12226
64611
19710
46429
95740
35125
27821
33812
82111
4951
8444
55123
4120
33438
90978
40079
50389
103179
56165
60787
55058
27734
50985
36043
109382
3590
47199
111120
110416
10711
19687
4877
73024
72298
960
102648
343
94577
83634
4144
75504
60340
109589
49382
20075
62285
65902
110418
79216
16058
91148
71408
68578
2637
67500
42542
12156
91521
11768
26223
96674
4167
29183
4470
685
76540
14796
75233
86540
62560
100024
46628
27702
61496
78922
93511
24936
98582
26106
64346
22790
66130
15753
41970
102402
95234
82781
14393
31302
51017
49056
97024
66137
8618
104892
110397
2524
25556
105784
32232
44077
13951
81934
86198
3724
19266
22409
20493
42095
63416
89457
17113
21551
110606
48563
70027
10307
108772
19856
98581
82961
102263
47444
35769
30188
12770
101053
68196
92964
81561
20653
49667
67761
39291
43912
15897
34485
97971
38849
75246
102538
17039
25240
102388
6958
89926
30024
53267
27503
3218
86866
65682
103068
19771
47255
11027
95212
87550
50529
22668
43206
75110
10959
78385
63449
56634
110984
31362
7831
27417
107521
68174
98869
59259
61801
51514
28023
64446
65771
108689
20824
35506
88491
49416
182
44693
39821
92347
49979
104675
39379
96894
106471
41980
13805
35010
88811
94576
65549
110690
30177
67750
48400
97150
68791
10700
14666
3686
100346
47777
22735
35266
86082
88574
60028
84110
72102
28706
65241
69977
70277
16657
109417
59817
5402
97524
10695
47362
99366
72399
24903
61448
82629
70166
61097
7567
81174
42709
94433
41962
99107
24877
47709
23062
19027
3452
51014
47995
17842
14421
34858
53803
1572
48336
5389
72439
45209
106844
108014
56262
76626
40343
59334
105519
23053
7884
66990
39529
298
8039
68399
48582
82751
15195
111755
95260
109466
101315
40883
35762
50121
2753
18081
32649
41591
67870
94370
28315
32070
44574
75395
109455
53922
60831
26882
102104
921
50924
98416
1200
102309
64848
38933
103468
110639
86243
10490
102226
69958
81430
29998
34088
16262
10933
37346
104692
1781
31324
31165
84901
85036
88221
87901
94775
73877
80038
91680
26164
18814
5110
738
65618
56630
111500
28027
77646
47693
27937
77576
91302
36541
78296
64494
13694
104208
9200
72803
94216
21930
39275
6278
94702
60929
19779
28646
103572
41700
7643
22541
14922
19912
11842
88953
106950
26172
12665
6659
13524
92428
20391
72179
111142
8918
28912
50481
34034
69235
12558
47285
23759
45429
10989
94925
92989
55422
27404
418
48758
2415
110331
89421
14832
28360
32807
4286
44482
17974
97541
95115
62748
100602
1318
57247
36050
18579
33038
7292
47780
55654
97100
65315
7459
46512
50427
108400
4929
42122
31851
95793
54040
105528
2463
40587
11277
58767
83838
16034
52615
82541
47358
70345
903
84505
91360
36613
98490
65733
31372
100130
90294
53417
28423
58256
48305
104074
3325
14650
66314
69002
43842
74510
12759
106454
76464
82410
38176
77950
8056
37420
58326
90937
110159
53455
65033
70313
85313
47602
7435
25067
77989
48969
58115
460
28239
110748
63435
50359
8560
99785
36799
47225
39315
57948
85929
102534
30873
86876
16343
79610
97928
104965
110030
102632
15451
6897
90430
68030
84723
25948
107245
85328
55704
48253
81705
77087
72721
108206
98258
58905
1983
29423
22243
60711
20277
45745
19220
37973
78569
31384
58117
93937
20085
43835
19472
51444
63943
49120
96756
25805
23156
17804
72472
54076
78967
42836
71943
26180
75793
34497
105763
57187
26500
82282
91438
60336
80690
55951
6090
51611
53302
36268
56741
33193
90576
102784
78048
15124
33246
42827
26528
67619
105979
55117
63557
36562
43160
65406
69556
66737
110276
99749
36367
90563
90146
77798
26995
47997
34911
10058
29963
43468
3752
40928
106601
34123
6709
54668
13768
4270
56834
98453
15793
37964
20215
811
55263
61145
11548
1716
87705
77399
73179
22149
62210
100375
45395
48664
47855
37752
78344
60396
31597
95902
35917
16327
19458
41287
108359
21573
109495
67705
33961
78305
15931
90220
56120
2584
36773
96101
66961
4184
8471
49895
50911
22877
78245
107973
28812
74562
34999
50404
56247
50624
8003
20515
93365
93908
86627
32411
28554
50340
104107
38175
110346
77582
93017
39544
6874
33384
99952
90473
102409
65773
15739
96661
93920
19055
75742
105024
84330
85290
3895
109482
12454
56699
2928
49089
66467
85719
105911
89760
28606
92128
38166
87412
14765
72817
106184
74596
35589
78862
73492
10338
107095
88415
82100
76507
106669
96337
7722
15672
102463
92631
109547
87586
93238
28079
42893
97863
69089
101222
100151
33856
88407
71675
70172
13537
37630
26136
42371
38560
81026
101438
85168
110044
16924
23513
24589
45442
31573
5566
50352
91146
60792
90862
100905
9197
46979
15211
106287
41594
17515
90562
75331
111505
58265
55920
92154
95959
81452
7415
33337
60870
101296
35861
78263
6002
68310
95045
88959
49669
100913
40842
51690
37303
111660
856
1347
72201
1911
34087
41299
93362
11385
102034
89253
4632
34304
94774
87282
79059
57225
75878
3975
103570
4635
37707
79542
14664
60275
13698
36088
66966
49060
23643
102593
7402
109340
64156
59166
87158
11200
14909
49009
35626
107256
6367
110076
8694
26229
65211
16710
65340
82388
57043
71298
6444
77410
109163
111364
104530
43529
88996
1023
106113
94745
6349
17313
44925
111776
99431
108223
84968
74558
70811
44720
19332
82290
57882
4737
79443
31155
100280
47156
106316
34559
4528
103277
13423
27850
32582
100390
97804
49526
86221
109542
82023
87722
56266
76406
22888
3645
106645
38308
60241
30038
76937
100117
13848
98514
52131
67122
2289
15156
96221
6772
17117
52150
79491
84784
94202
92775
107108
35936
82896
43378
61254
7900
94907
15022
56887
33099
37347
73209
91367
85925
87673
85086
94846
69844
4999
65577
35495
44768
63939
26848
73709
34203
49358
99556
97568
78345
1020
60063
58830
73038
83702
67569
92317
5316
49723
83156
78216
72520
65676
92117
93219
15528
11127
13196
92562
36777
52763
99492
19021
53640
85191
16101
15997
94314
93388
104212
50094
94579
14215
47614
83027
82882
70778
33827
52492
103855
32273
52126
11531
20130
61075
37290
18685
29089
105817
9637
8801
100608
66374
98911
72729
63950
16752
79967
19648
37755
665
100116
11009
60681
21729
42828
98493
65958
95568
37357
87951
68409
45964
105107
82605
81211
46409
42566
2179
61063
42210
105529
57832
18740
94599
109525
104440
93325
3486
43860
64788
38211
22702
19151
41861
87521
98759
30300
88603
16178
11387
109944
53519
8177
55134
51661
21219
24723
45966
16105
45802
36194
3401
58208
66617
33225
8591
58534
109053
31024
25450
