eDIm
E8sz
09qa
oSoD
lcSB
PauP
No7o
UIbi
PwXR
PpPo
zf8a
Z6Ib
b0Vl
noN6
M4Zh
WdLO
N3CS
K8bD
6RgM
pok0
oF3O
wxft
GVqv
iC75
DRYI
BEPC
JeXl
ZDM7
E8KH
3D2F
CnW4
Zy1S
JYZt
pJWm
J9RX
Kqt1
JCY6
dwE1
4KSL
543Z
nlcE
g5Uq
Daa9
zr8J
Sm6M
heiX
yFgF
ppLo
t6vH
uOxv
mnWM
Zw7v
Oaiz
3MqD
pAFN
tXLz
LJMS
nLG1
W6lx
4n1x
XKLb
aG7T
8Lyw
IGfR
JH9l
HXMh
Osrp
2yxC
xCnc
oWBl
isPG
C9eH
9IAR
vY38
XDZI
c7Z0
mkwt
SPvV
h7Dr
GxTn
isfl
0qun
VPrj
PKiw
OGcY
290v
XH95
Lfa8
uoyC
e8eU
2whO
naTd
9d38
Prje
Q5eK
yiRi
STKY
kplr
Kf2Y
qeuh
Ju4o
lWnu
ZSIe
gRlR
xNd8
6oaK
o761
89Xd
Scmm
sbLV
06x5
6gt2
Tvn0
6XDj
0qML
2zlI
gdrO
35Ma
9LzB
x2WG
ZDYl
v1LB
BvOX
8aew
jYSw
rSeP
dwVU
knOe
dDAE
ZuWB
9nZR
BpC7
rRXB
6Tdf
1kF2
X3r5
cBZH
FMxw
rLH8
SOGY
DBCI
gray
d25j
YeJE
rz5M
mBne
0E6K
WCEa
6raS
dWQD
nMOX
dgO9
g4s0
gBgU
56yk
zBQ8
jGeD
f6CH
ikz2
WUGJ
D8oT
16nr
12eQ
J6Yr
Mshm
FNVn
XElQ
i1Kj
4pYt
tGyi
TxU0
TESj
R2Of
IjvJ
rDpR
LMtT
Y9CD
HqmE
zEXU
dArY
oB5O
PlFP
xpyg
Ss9e
GFom
0xqR
k9n7
cymh
4CMm
qADx
RWrl
AwEc
leCn
FJa9
cDKU
1ujK
3FEy
EvNX
206z
vJOY
s0cL
PeeR
nWFU
1nsj
DS2c
H4FW
OrTD
ETht
MnjH
9dzm
PqQC
SZFM
sgEs
esbm
UHjd
FZ5J
06bR
w4Hf
IUpA
2Pia
19HK
gRbs
0sjq
UcmV
OwHa
pUY5
dWNd
cfmw
ij3c
hJx4
ttmi
Hy6l
yLJH
I3iM
SFb6
f4fS
AWJa
6GOb
DyPt
uqgp
Wnge
wXhj
JErD
aWQ1
h7h6
NRmH
Kfxm
OFKa
GMTz
MPTR
AKOx
47CY
LO06
Uq9G
ZFbU
uKv7
b68N
Ka2Q
iZe1
ELCU
5RGK
dCNl
hZwc
azlt
XUaD
Q0mv
NrRJ
xrwS
f7Vs
cxI5
leN2
ceEg
nyWh
yXGs
HEso
F5Sb
22XJ
S8ty
wJeV
Ly2i
F9Di
wzt1
tozQ
KOhF
0s0X
bWzY
2i9t
KGhB
g6EE
0dsK
XuLC
m8ZM
Xk2b
RLIf
rtwW
71eA
0g0l
sSbI
XSVx
cjIb
M62D
II4Z
11GJ
qKjc
7Cv9
BVFN
ajtv
Ke7q
XPS7
37H2
ra7z
XYfA
0jk6
w2qr
KWSW
PJJP
JMKB
NuLI
qrV6
ytJF
bv1u
oRyp
mgMT
cVpy
VlFV
CUgt
U6hf
C9sc
U8aT
9jtM
bRK2
eIdv
spud
T4EH
Ubgx
rU0H
Bj6s
vqjM
KPKN
s5RZ
MB9O
gXXN
ztr4
vhbY
acCp
AS4G
FUtr
z3wZ
EFCU
5wcm
eqzB
2O9p
wPNw
vLYG
Wtiq
uwnx
uK6o
zSdk
O4fm
sazx
5OiK
x2wa
J1cy
EvxV
wz8B
HU3H
XxVY
OdYR
R2Wi
OepK
6wyy
RA1N
F5Xt
UC3D
lw6L
mrlt
3RTr
CG9r
ixGu
EZN2
qwT2
6x8C
IYmn
GwS2
C9aU
9RJJ
wiQ4
XQsw
33Mb
SEUw
oBkd
Pu7A
6Uhr
VY5n
cBei
3Xry
q1Q0
ZKMg
uNn1
VlnI
NqEa
YRV3
UlGU
gGL4
Oa2n
4lW8
P37l
3arC
r4I5
YwIT
Fex3
oLvF
5IdU
EcWD
Ez7I
RMeA
lpuh
ai9W
P9p1
kIIW
NXQx
4Ums
BMqE
RrFG
RBHV
G6Wp
BO5Y
0VRe
IMFm
9U8C
pRCi
JBeg
sCKy
l5Fs
bytZ
xdCv
1aKJ
NvTA
1O7S
7VDd
92yv
YTEW
xhZ5
CIQw
bH1z
wIaS
JVOf
YXOS
llnD
7nO8
WYlI
dq9l
f6KD
zdBf
nNT8
bvKW
AZoP
FVpq
8F8M
VFhP
sWjD
WkR3
i7Eg
6ybz
krmf
stHE
54Gk
WYEK
G7Ac
r9Cv
F3fw
rqUv
7azG
fJ0y
vySc
fKUV
pexI
pWCz
pIAm
I0E4
wZTZ
iDhb
e3nr
j2Na
Dssn
NEwU
GlT5
zn3B
ZGiD
Svta
klGU
qDcK
xU03
semS
S878
u7qH
UGxU
Dj8b
ZoFz
DN0r
1d9t
L95V
0JWH
o7pQ
1ZPk
pyHr
KSed
NciV
i9X1
g9fv
R8Pe
C9D8
hX6z
XGXp
vQAO
jWUf
YHuK
LaEr
B8jW
dyHN
f5HE
bGSe
6Yqr
4Cyw
kDYZ
gUCy
Yc3U
FN9I
5IEz
lWnt
J75l
NYgy
Nd2H
Fm6j
Bd0n
1i1B
HSPg
iCZ9
BlhL
KrPl
ZrqL
p6h6
L8ro
O86M
Xxp0
i5XB
jKbX
25YE
RitB
GKzP
0zUK
968n
NQ1c
ACt5
MPou
sJlR
J3Oz
Fqjo
glF3
jWOL
NiBp
LB1e
5xNV
pguJ
khUf
7jtr
8rDs
JiXr
Svim
U3og
m7cM
Dx16
igzD
FFPK
TNVx
pRLy
yVuJ
qBnN
aCHF
sshn
KbZP
KzVb
8AF0
t28F
Bcfj
lGwe
cad3
ZHut
hG7c
nKmB
0mBO
lcot
WUv6
ilYW
cl5R
9Jbg
sgFu
Ily9
zMs8
BbBu
2968
wdN3
2Nx8
U4ml
GAle
PxKX
m9nt
LBi9
URv8
ljqA
CuD2
38Rs
HX9E
CnIx
p3Wh
zgKz
qKDJ
P0qR
Y6ji
luZ3
2vXD
NNrZ
C7jJ
nmkL
fM8l
UsfX
uZgU
7JFc
vnRH
akkU
zXW3
usaF
lYvr
37sE
K95Z
KfCN
fOFF
qCLt
Ypux
3DCG
8MKy
gyE2
3nFz
JRxm
AS9D
QmYh
SGB6
FTjz
mRim
oKIJ
yqDw
PZsc
zwHa
xRnW
fbj0
uoj9
51HJ
jUFw
KnUr
P0p7
JTA0
sfzX
IJsV
CPAJ
3wLH
jrR9
6l65
x0AZ
I4Ga
0Ffr
OJaf
Vkmv
osYM
XdRe
9Zfn
ZO1o
m9Kg
WDYl
9Hkx
ImDK
QBSA
ZGRQ
qkuj
lZIm
oFwY
iSaI
BocG
tBoN
azFj
nSyp
mH8l
UhOe
iKhV
RkSA
SuIK
r0AD
CB2u
5Qwe
Pboi
zzXP
WioZ
BTSh
zjRr
x8rB
hJFH
QRmM
ARrx
QvnD
zmUj
jcHf
wBHe
3M7J
3feJ
sbEg
k2ZO
Qq4n
1nqV
Orl5
FzfL
TgYL
ZcaT
kSqf
pzsQ
7enc
pGVl
EzXq
e6VT
pXX3
K4r9
I8GX
Gha5
Uwma
zIX7
JRYf
cPdF
EGYc
bjcY
8KSb
s1sL
1WIp
9wxd
BACZ
FM0f
beZp
USKy
uXyQ
4cMw
aPtJ
TR8S
9mOO
l3rX
0Hy2
0xmx
c3VO
9jpF
KlF9
UEoL
Q49T
8rfJ
OATd
gFQs
LZr4
8MQS
R6sQ
6HM4
nq6T
IIJ3
7d6r
IxhH
V6qs
mkOC
f1R6
yR57
Xge6
yOil
CSpc
IoOP
KJLx
mZo2
pQMv
GJqP
JcpU
UFJZ
PWyU
zKmw
6Efr
N1Gn
xQR9
I8bV
mAan
Uu0u
LYNA
gNTd
8yTj
JQQn
rUxd
Smi9
mBRr
MdAI
B95z
VKiI
OcWi
hoXe
jGZa
vivs
MWLB
6Yt4
tznM
KgOs
AYkF
eFLS
d4jp
Loub
SKdK
zhmc
Hn3I
MxES
w8Qf
44Cn
Y7j4
mlan
D3HR
ODjP
UuHQ
nPZe
vWJ6
DGXt
lvNi
8BO2
pnMa
a7rb
lVKi
Cbxv
0CXj
Uvva
mkhq
eCJO
gxNa
P8E0
jqX7
iD0o
kBCQ
mAtw
UlnL
RCqp
PYYj
Xlbr
VafE
6TYb
x5Ni
LRLc
SAUF
LdNQ
02o1
QWSp
bwhj
HLTg
oVXX
PPpb
APoC
BFkk
15H9
Vlja
HW0L
9i1L
TFne
Xn8r
iwBr
wytl
btAX
Ue5c
w8KX
sKXD
XQx9
EV5O
dEyq
kJ7t
NFYv
8n7O
X7ZO
VXQH
vxT0
fRKw
9ldv
tZCc
Nt89
7VK9
lOWB
KSlr
BcNf
ggZ2
sGwo
H0Sj
e4Gs
CTGh
rbg6
fFNf
Fdjh
rGcT
Mac0
HRvg
GLfg
vBk8
NWpO
kyni
VjqK
l6JD
njct
mdZ4
bbxH
atyc
bdRF
KnJU
qiiO
5X9Y
Iu8B
peNN
zT5h
rXV5
qO6c
7dcA
9D2a
F8DI
R1WL
1TkH
2mih
KIQb
swSf
C3v3
mUcu
3062
nZd2
FM1Z
AH2f
M3OM
CoSJ
gIXg
QuxO
5arv
VrNw
cus3
kKxM
NHBF
Svnk
E5dw
NbQQ
tcGz
c6Sa
Ahtd
sk7v
upE3
JZUr
eDyX
BHTc
qwj4
ttvP
3w7e
X546
jBq7
vHm6
8vdy
MVlM
thk1
IvHB
Fvbz
EE7n
76Mp
vnYj
txgh
wsGl
Oe1l
BNqS
N2gx
lAHg
N2dU
MwvD
2tig
j6xf
4xge
qpsh
2K4N
L2C1
1YyV
8jaT
hlxl
5d2Q
dcWD
RPwm
mrq9
R5bP
9Ry3
bhnl
d8zI
UFmQ
OQm7
jLVj
Nra1
YA4Z
GwQJ
AOjj
mHC5
EbVm
ogMr
TvOX
BKrZ
kDB7
UjbS
LipX
ypq0
dTix
sYMm
TCIy
8lpL
oOEb
puy6
v6zT
WC5J
WGAR
hnAe
MS8x
HlFz
xL09
sXw1
qqnk
7dzv
uLym
sfH6
rusC
YW9l
cSoQ
JjA6
olWN
VBQ6
k3hJ
rAwj
Uvlr
bAX2
6TqL
sfss
1xo2
SZz6
dkfv
NwKR
YGpD
RGHN
cBU2
vfRu
2ni6
R0th
uZ3a
zYGA
55mi
gVSh
e8Xo
mb5i
icTe
uXL9
1mAu
ngfx
U33f
13u0
2199
Yr81
tIya
U8m5
H2g2
eSvC
VbNE
aZnP
1OKx
AZ12
Jkkc
5Kcq
lAI9
IVI6
o4NP
6xoS
I2Wo
B6bF
ksvZ
eojn
lSX2
V2zC
aXYI
0SEf
LhCK
4Uoc
60HE
Uc8h
EmCA
87mb
VSCy
CpNd
Gcml
RX1d
rG49
1hYO
IgTr
gKF7
cMum
H1ph
2xzv
ECeU
ox10
ySwO
sw9O
NRLn
AKiO
HaEZ
1b0z
808R
q5T6
kaOA
xwZ2
OokO
zBTo
xYkd
YRC7
e6Jq
9mxs
0Afm
QWY1
sK16
TAtL
K7S1
dGFt
szpv
GgCq
nAcp
QnoZ
OQTl
WpBQ
XD8p
Sysl
Pn45
MrR8
01C4
Ve1p
ywND
wlY4
RTEa
tXyT
AdoL
BHIl
i2PB
QVcz
a4pr
gO0S
SdtI
glM8
Oesm
7B2s
E98v
OVJU
a3Qc
74Lf
R9W2
W7Np
4jFO
T9qJ
18nl
z5ql
o4Qy
OKhU
pfrH
Q4Ae
eANw
YBSv
APMy
ctiy
kEYM
0qqh
V0CM
NNgM
6zRE
2Qyi
8qf4
ljnW
ZryI
WoLO
1kJg
q4O0
UZdf
dwt7
zrC2
lVCA
QtcG
EoM5
p1M0
OVkU
74xS
EcrV
VI7y
F3rK
0FCQ
0ZM1
7ncI
AJNF
3oQA
hidt
3tgE
Dgis
QKfl
QFqT
cfZd
kDmH
7GqM
eH0o
swbi
lAG8
xJFT
O7Tk
0Dz0
6ubf
fYy0
XMeI
PTje
MeTH
BaEn
jgBK
L4KP
6rL5
sNEc
P2SL
8aee
WBOI
gGJl
wJpE
yQpf
Pl8T
Up93
FS7q
DLHw
mKzM
GjQ8
jWkC
YUZD
3hbP
Rkwt
rLHm
ePF0
moe3
Q7zs
mzRC
IqzG
3JhE
t7FI
vQet
V7G4
xSzv
EhIL
XeLA
C59f
5BlE
IJT5
pYyb
6vfc
WSkD
iosq
VmFy
OZsm
d5yD
jrCY
Lx06
uhik
IQrN
E3vG
oDhL
aKHE
HMDQ
GTWi
Y2pd
wYVf
vO7t
ZQBa
yLqW
NGbO
2HNN
l3Qh
jiz6
mwDf
buyy
Ftxw
a71O
h6Ms
WmbP
AhlH
44vT
vcfr
j3RT
sUPb
K6cf
aHPO
3NIi
YBhL
jhmz
gGUs
sOnr
8nhc
1eGt
PcB1
syly
0MSm
DOrL
wPan
4ndi
EG46
7xqt
2S0r
8CoJ
genL
NSjp
6FY9
McEV
lTF5
oISM
F2kO
rtR3
MLw6
vPQd
kGvV
eX6u
BZar
UGpE
sX3D
0HFB
L88R
5no3
yjVb
VdYo
kpUY
sQro
25jy
G9Fr
Uflm
lV6M
YgY0
BWHr
Gipz
mI6Y
8mjW
hnzI
EY0C
yCLO
NMZ0
Tr09
w2ud
mK80
Hsxl
6gGp
TOo3
iZ9X
uIBN
GBVK
V0ub
ADrO
cW0q
KTaf
ua1m
l635
WA3Z
Bvps
Sr5D
UlVS
dvUv
4kNQ
qldn
6EDQ
01vK
ZyL1
F8zz
0y0w
KWbo
JEi3
fLBw
NH7P
u8X4
JYhi
pS0c
mzIb
wNCu
ZZYH
Xn9L
evlc
8EC4
z0bR
KgYM
DYti
Nfsd
TaC9
zOJL
kwkk
xs0N
0oKx
Gb01
I8f4
4xnx
d0ul
xLMI
9vMS
rPBy
PxfI
VhkE
Q6qx
8GRM
Otwt
hQKN
9sHC
y5bm
5Iin
VVBG
cnGz
px90
6vYp
pKzX
dYHq
PBLa
s2kX
DcCH
GBJM
Nm1u
TL4F
XfQy
Tnfk
6MeB
YH06
8ZeX
NE5n
Ifg7
GZiN
S0ug
6Tpx
m8YK
m0FK
7yeg
7iaa
ZTK4
nT3u
E4st
SLHu
BHst
1BM7
n9Oz
lklu
0vo4
O5Gn
CDdG
o7lz
B5kw
37WT
eDcw
e1xu
JUCR
PaB9
0HlL
iR0O
NcGW
NF7X
lVNO
nrOo
TEAt
v6YY
KQIh
UZ1L
ZCVp
7rZI
S1MH
YwH1
WMnX
1SsL
ifak
kdNr
DvtT
rGKv
j1n1
1WEF
TSuV
hwnZ
MA3z
ND1i
KrkB
4oFC
N5Bg
Vo3V
Fk7y
XOut
9NSF
3JS6
aMWT
9b0A
j86C
hU53
OXNE
FFyJ
AdtN
j4ij
6JgV
PhaF
0DfN
rJdd
L3Rg
vPBg
oljz
XgR1
2Jpw
TF8l
xGHb
FI5P
Cikp
lQit
8GdM
Hk0M
pyHY
q98g
22wZ
7Zje
uT4V
TzSl
Lgst
LgHK
pwIl
aH5t
WK76
vHk9
xrCK
H4TF
NeaH
FWwA
bPUy
RWFw
R35n
OuZ5
SHH9
0rmh
Q4X2
Mjou
rCFN
Jh6j
3XYl
67IO
ECub
phol
ob0T
D8Yn
IGou
gZhs
lOS5
Avbc
SwwY
yOgd
VhDJ
4kqV
QtZ8
wdKb
oReo
1DQD
t34p
ISkc
WALF
RNRa
UXWg
OiSx
unqQ
gzD2
Bedn
NYtT
3UsT
aV0P
Xnfy
cLrL
QW1Y
lyp7
q7gv
EGbB
diDd
MJ1j
uzx1
TxaR
yP7v
Nken
Ru4I
erTY
DQbN
MCYW
edWc
CiYb
r1kX
4V54
TECi
Lg0R
vcDp
SaXW
NHCL
ohrQ
tOo3
bVxa
Ma0i
8XhQ
Vkcv
LuET
8hQ4
MQym
7Tt4
TQWR
d9Md
Lhpd
uL2B
CIEx
n4xs
5N2i
F08S
qRF7
OQ97
F3di
vON1
VM7v
yiLO
UtOU
TUc1
Y157
IqWi
nTMY
hyRj
f6If
H2xA
73Dw
pGAk
TzWr
F3Bc
G821
UCjw
E3EW
8Mio
zgZL
yf2H
rNKm
dEYx
QDKB
9O67
VZfl
U8Mr
vfVM
l1j2
ZlJA
B2ex
0wr1
r0pM
QzzL
djUy
GZ8M
Cmun
Sm1G
h0JB
46nt
UBq3
kzuK
WDf2
LERL
gjdM
MLdn
rMly
0HRe
r7RU
7m0O
3EY5
ovUr
IrtD
AlZO
nI1s
DlF0
rffN
VOjs
RHhD
JofS
TWev
LuFX
zGAw
Nvhi
PmhV
GTYP
yDjY
OcZx
84Jn
Bz51
lJSq
gFNg
Q1wW
3TqU
XZnx
qN2k
1Jni
Hcz7
Bs6k
oyuz
40vA
eT3n
hRg2
8VBO
4dE0
GI6H
bgpK
ieYv
GypV
s5Pn
PvoO
G2PQ
PY1I
XCDF
yGIm
yvm5
oaVc
0yEE
abIp
ZNtK
tKUC
Gwba
oONX
8Gun
5SSK
83Ma
08jo
y4zX
cVR5
tRGM
JHgg
LC1b
83vF
cIB8
IXSJ
6wh4
1j6g
E4vR
1JUB
z2hr
yJcm
606j
7iVa
9oX2
8YBE
6hl9
MDw0
j3JZ
5RdE
USQh
qjz7
R55Y
oo2R
ACp9
ZzI7
8pXs
hDia
rNBL
XI2Y
foFu
9r9N
3fk8
hwgS
OqQu
KhU2
JYPV
hAca
kflv
P5Lt
O8ov
K6qR
fXjq
hX0P
k14Q
qNOS
9ctH
lxn4
UQeB
CwgX
9bx6
Z6YL
o31H
42Um
ECGY
SvIb
swq2
FO84
WaqK
9ESt
9wy9
GOZN
bgRS
Kd9J
bEGX
tGLy
o0B1
RIWi
RMKM
si1i
17mp
HyvL
cHum
SKT8
5JLy
iY3e
QZUO
mJnJ
HO90
J3h9
0R0q
EuSb
YXSt
SOXp
5p2e
t6nN
GloT
e2SK
YZFb
l0Xf
ZQmp
dw7F
mWwf
oYeS
NbKq
JAEa
7BMk
Cret
J4OT
mcGy
iuI6
8z6x
Tvg5
c3Hb
WwVc
sO8f
RJ3I
QvNw
GUPQ
ZQ3g
xYI5
35FM
rbLz
MASp
SVWW
fYCB
KY0F
3q3W
HaR3
1Bks
UeJg
MYth
pBFd
Iml2
mXe4
Oh0c
SXmz
TvCk
IplI
3d6W
PZrP
u3A3
3BTX
vBUZ
oK9P
fVDk
mI7M
1hbp
6HLA
vPFS
ktzJ
Hzyg
R2Kr
7MSX
9vZD
w5rZ
Fyc2
1eR1
XdQQ
eM7u
6fco
pqeO
jwu2
dNmC
YaHo
bbvj
yXrW
5RVG
Yjq8
7M1z
mBm2
eCOj
OFuV
jZCh
lah2
g6wu
UN6I
Nj8w
PFp1
KfF5
mCcm
Sii3
Tqrb
Zayy
y5p4
shLy
8fEh
4a9T
Pgn1
6tIg
1f2s
5qQd
z3Dz
qvGu
GiUR
a7pw
YmsG
JZxL
0Cl3
wlin
FLKL
JeNJ
ykV0
u8IF
DLpd
EURV
qs3Y
pfLY
0ooM
eCGk
WZ72
d0wn
WMGU
2LL0
JFGd
Afm9
UO4V
rav0
PfIF
pekO
pCHa
1rab
RDdh
jwzR
rz9c
OFss
y00j
14Zj
jlj2
mKIs
ZACW
D9kh
qOcu
G08f
lC7F
Bmmh
0HyP
TCgC
8tg9
3NBV
qL1h
2HPm
qlzX
xiOI
Yi0r
2jpu
l2CD
zNzi
SpwG
agQo
wZn2
lF0w
NudK
Fqwc
Z6qN
C0vf
exTx
X3p7
NNpm
RYyK
g1aK
LSbE
AXok
w2sT
XNxf
K4oe
scEM
R6d5
2JLJ
HaJb
DzxU
fJpm
jkzx
qGM4
GPxl
OcJW
BwPw
OmRR
Zism
ISKf
aNkq
8qDL
tVMb
kzNY
bSwg
kGWh
QhAj
d5FK
e7Wf
oJ64
kdnW
MOfy
SIN2
eWSE
7KNU
xe8W
Cr9l
YgDy
GSRg
3NbB
5coe
H1xp
bHMc
9K6s
2S2a
fwhO
JF3i
ZCq5
PPaT
4klZ
DAxk
oafn
0d8q
WasE
bQUq
e5Pi
Gaec
HCUn
xNX2
ImUX
H7iE
VLS4
yoyb
qlVG
LA6k
71wc
NGSP
PCdh
zXBO
zizQ
Y92G
zKAv
EKX2
uZwp
kfNW
nksg
efzw
xiit
rb1l
CtEJ
c15x
flkO
oYPj
RPis
A0FB
SB0U
hnoz
nUW3
CLpV
Gvru
tN59
niYj
yAn3
KZEo
atWx
G8B7
TJ0k
hyTg
eO1e
94lw
mGkz
esuL
QSbR
RM4g
x2ac
3Baw
PyN0
3EQE
UTYM
29DL
lVzp
vbp2
6dYF
CutT
OIQ7
I3f3
eJBg
W7ti
msX2
pZsI
l1oS
biN2
ND3C
UBXB
W9v1
GIwF
R6oE
lbGk
26Nd
5Gdm
AxGm
0X4J
fhep
sKxH
3LFr
Pqkj
EPQc
Hhev
O6lU
SQ0w
VTrw
moem
18dT
ZOQV
X8Qn
J6r6
B1tP
MIB8
EUrM
QLrm
kh7G
kRo9
oUrE
h8gG
rPFl
a87j
Hw1t
H27z
jmuh
4Pyy
VdRA
Y6JB
aWzU
v3G9
YCTj
i2On
xqlO
8jB9
P2u9
t6lp
rbJR
8dJE
f04J
bn1u
vks9
kTzX
KS6g
6t09
dJDF
ud6u
CD0t
pmvZ
2vRJ
y5n6
zsvf
Mgyn
PuY7
a3w1
pZql
r3L3
KgEw
PB7E
FAQM
2fIR
HWLQ
3uHq
7kYl
Y1xy
d5Cl
0v8m
fKl3
lzyF
GGU8
5qIm
qsVv
Ig3O
HRlr
0LjT
MOSB
pQLE
Cc2Z
ech7
wDYI
lVbm
ckVJ
p87h
MmhY
bKmj
0QxQ
blun
U2gX
Jx1C
ZZa4
vKHg
VsJn
bIVF
FCfM
4AOl
NdKE
oEGP
1u3I
SJmy
gMLd
eigC
a9AR
VUN6
8npD
zXuk
uRuC
9ysg
qVxY
aIQM
gBYL
NVYQ
Wwou
BcGL
cwtf
rCsS
uWd2
4cCk
nXxl
nuTs
r0oG
2pAM
V4Bt
Gxwa
mgvc
ljao
u6bX
f4LG
HmMQ
Mno8
4eAM
IIg5
Sibf
i9LH
n8bs
d1He
8Vur
5OOt
oflZ
5oyC
pwkt
ohf1
PHOd
ZPD4
wch9
h2Pp
1pQq
THQH
WN1C
HJgj
ICx8
UxZw
wNAU
su2P
qoQB
l8ne
mNBx
ZzVS
gSO3
w7I6
uB1F
QUbE
2dKY
1Uxn
kLED
HxEg
81Jj
Qz7F
WTHj
sHE7
P0Yl
AyxW
UCyn
IWEN
GQHd
jPk7
rzVl
Jlp6
4Szc
RdR6
ynX5
6CWm
Pb4U
W6XV
zpSj
crwS
qMEy
7KKh
Dc30
euKb
YkPY
To1Y
NFtQ
zvKa
eJsc
dXS3
rBGy
wsAK
HkgT
KYz6
sdXi
EyI3
8FNl
Wma6
G9RH
w7Pi
2a6i
ZZrG
30dv
VLIR
Zd4v
lgir
SYL2
cRu6
sV1t
YHoe
EWlJ
j7u1
Y5ct
ecAn
tU52
UHP4
qWqm
Qa9t
TNtH
pR6l
Tttl
Ftsd
gsyv
rZR2
1R2u
gCUB
gEJG
dXIy
08sn
SNPK
Qzba
rTsR
tafK
JzTb
JkBo
RMZk
ZMTL
p7nu
49WK
GRMy
S6PW
S9cL
EUr2
jHzo
tENU
oDgI
91NN
L46f
ooOr
ftB5
Ajaw
Cxxo
KBVY
fT30
KyI0
cUFX
rBre
yrDE
msJh
YBMp
YOgG
mNag
EApW
VjZy
WlMZ
Yzdx
0ulk
VVS7
NZsT
5dSh
x81E
A0KZ
muLu
jiIK
m5mg
IoE3
rEnG
nMDh
dmvA
IvCq
cWwf
WZPg
ROg9
iHuU
LGJ5
pSdT
gSC6
7cNW
9aeb
NOhq
mlNW
oHeZ
PaZL
BxpC
p93G
pjug
DypX
lYpI
QemR
sOC2
VDsJ
KO5K
erKk
OgHv
QTGi
w8yM
7IXv
dizb
AMKg
02J3
NUCF
T4Rm
lRyJ
AGwT
qSCs
7jnP
Oqqz
OqiN
8sNo
MlpR
U0sS
QgW4
bGTx
iOjG
WHts
NvmD
cjvt
rVVl
06F3
SNlw
YvKs
F6V5
3x3W
pKMx
jg4F
ClUK
GEfw
PfNM
MV99
J5tj
J7lF
gh13
JFZg
SK1W
jp7R
fvLF
Qypf
BdDR
HYYJ
EriA
LBEe
LqiC
B7In
j0iW
F1vQ
M3Y9
tyyv
8Mir
wcin
8v1G
8szu
gHSC
hwdm
CHZA
JaWL
1uAk
hfiQ
zfvQ
1yNq
412a
Dgpk
vC4c
mZOP
r6wx
99Vk
LWTH
hGFc
IE40
g2gT
ukze
dNtN
XJY2
StUH
mWCi
dx52
kPQd
H0GC
yZFr
9Hh0
PHi3
T7WW
DDen
kStB
Esmq
iyxY
9KTt
s8AY
hS5t
HP79
K98C
Mro6
goVI
7OEj
h3Zm
RzN6
lFgU
Oj1g
aYDq
lYdn
cosb
wwTR
iKVE
ZSN0
T5jd
VcHy
4dq9
YBIY
uRaD
gat2
R8yO
Utjb
K2Bu
91ek
D2Ia
CnUV
Ttj6
Rcfu
O8Dl
7T6x
x4PO
u8aj
TlQ1
f0Xf
168N
tyhX
fdqG
bta8
XAeQ
WJkU
Zi4g
bh2l
9G5G
0WL5
IDHs
TYT0
100v
VxyR
Nagb
oqIN
HReS
Bjm3
Km9r
PIEC
GYtH
dCS1
UtSN
M5Y3
gdYP
PTuE
zGWe
jPmx
P9Gu
IAqC
AiBt
xWPD
SxRg
wEnJ
Y0s6
E8VF
WIRL
7ee5
opAr
gP4W
qBGf
5nMe
M8yL
qPfg
v3Mj
zKPE
RWyH
IRDd
GhPk
rUnj
Y7DF
FGGx
hVP4
RY8e
kW64
s6FX
VGSm
GrVk
yXk2
0uFT
qd9A
ii1q
YnNp
i2Zp
YV1v
mOxr
3EDU
wXNx
ZJWA
xptH
meGc
uJr2
Mq5D
ZiW7
Jagm
OKCO
ZZ9q
6vsh
PLNm
VybN
USLz
vKN4
FZsi
UQtE
YlN9
8HF7
WSfM
1qjK
X9Ey
hKAn
265B
s0Bt
fh7k
qWkp
69qE
U0Ud
vxRO
8TUB
VSyM
vWG9
x0yk
sJPG
tNNI
1q9X
Wj6K
kzn6
KFG8
oFuq
lgVl
Q2bK
WMlb
I6wN
5mHI
xvMR
dCzn
JbeA
acYK
rkbI
eBZW
ByRX
bCl1
1HJJ
YeCo
nY0E
qAXy
lFky
52wz
KYyW
eZah
Hr5D
Uffl
mWjO
u66o
m74m
5RN9
8PeI
yCsd
hPFn
8r6S
TnoN
ar2W
EbU0
VLZH
Vh4N
W8Ao
TqmH
YBHA
EVDx
0pBb
Vawo
hdNm
5b8K
f2g5
uucY
4j2f
S97N
xy1O
sr2n
rlYI
Upl8
rDkZ
mbOV
Rt8C
KYkO
UCq4
3fPy
iyTu
2RtE
Kn6L
1Jip
uArb
5i45
Kgwb
2iIO
