ENg
CkB
NWp
KKv
Clz
K4K
CSI
F5j
NAk
Mck
LVM
LFn
KqJ
KVT
Ixv
HVs
EbJ
MxU
CfU
LRA
Isi
Ibz
IOZ
G56
FOf
DUP
B4b
AbM
L8d
NjB
MUS
LNu
Eqn
J86
DO8
Kb9
JEW
KLS
Fqp
J5I
NI7
DUp
JPh
CE7
MDf
JJ9
I50
GOM
Efv
CVT
CMD
BTO
G9B
Eyc
IO_
Mp5
MNc
MM7
MGN
KKy
JWG
Hx1
FqZ
FJN
Ak7
H2C
L8Y
JTR
AIC
GJH
JEN
MmN
LaA
JIS
HSL
FTC
FBD
EzC
E41
EVc
Doh
CcP
C66
BxN
B92
A1F
JXS
B1Q
Ld2
JbT
Axf
DXl
FkP
I2s
Ki6
NYZ
M6Z
LyL
LUL
LNn
K6G
K2Y
I2H
HlS
HNq
HEv
E4d
KiL
D_B
BLr
IFL
ASU
DXk
F6f
M37
BHx
IZH
ME1
IRl
EzI
Alf
J3f
Grl
Gzk
MLp
Gfd
Idz
CuK
I2u
JfP
KqT
Jbc
GjN
NLw
KCY
Jw1
Jpo
JPT
ILQ
II8
HvD
FTj
FNw
FIR
Eiu
D2k
CnO
C2F
Bmr
AhK
Jnm
E4f
GrT
BHj
K8z
MTG
IcI
MCQ
JdP
Gr_
DmK
Mr0
NHg
HIb
MxH
MxE
MV9
MM0
LX5
Izi
ILb
Hl5
Hib
Fh1
Ert
CIW
B4w
J3i
MFW
K3p
HCv
NiG
A6W
L7P
MZP
JG3
DDT
FVj
MWt
Hp_
C1v
Kvr
MFv
NLq
Awq
HQ6
IuP
Ekj
Cgs
Myo
CNE
Kxl
I5g
ICo
GYA
GSU
Eb1
ESV
A6m
Jar
MEl
LxS
E0x
J40
Dqr
H3H
MOT
Kl1
Jet
Mtb
KNv
IWI
Hol
HHU
G8Y
FeA
EeY
EQQ
EHF
BY2
IJY
N0n
NNa
JYy
G6j
I47
HkU
MXW
JD3
ARc
JsD
GFn
AkP
JXT
A7t
Bsx
AQo
ISt
E0B
NWn
Lrr
LdZ
IN4
Hpl
F8B
FL1
Eny
L8n
Kyf
Nan
IOg
LbQ
EXQ
KFA
Mfk
IEG
MbI
CsB
Kwl
A3Q
Cht
IDY
ELh
IKv
Len
N7R
A5n
HjZ
Btw
DEo
I42
IHX
Ley
FM7
AjO
FPa
EPH
NlU
N7U
FQr
FWI
LQ4
EYq
Aun
JMz
Lx2
DzQ
Epx
F1v
HgQ
KtB
BHt
Fex
LNx
GmZ
GXh
MMO
DrH
BYY
FHm
Llg
AJW
Azu
NiJ
MzS
Kux
Gbd
JC5
FZo
Bj4
KKx
COK
LkB
G11
Bgt
EZl
Jlv
Dq4
NnI
JZs
NpZ
D7z
LyD
BE7
NdZ
Jn9
IlL
Hzn
HPg
BXM
FCy
Kta
KRs
NKT
GFU
H12
AGR
Iwa
Kjw
MwN
Aa2
HDa
Jhk
BDR
Awi
LKC
Hvs
FqB
B2j
KnJ
EbH
JMB
H0z
Bm4
E6e
NRs
G1J
CdF
IV1
KOd
HjH
GTD
HK4
E7_
C1W
ETX
B1d
AUB
C8j
Jg8
LXa
N2M
L7H
GRq
DVk
DJh
Cjm
JTm
JJu
DkY
DZO
HM7
B4M
KgJ
H_b
E0D
ImI
JLF
Fw8
MgB
Nms
M8_
KFU
Hkp
EHj
AYH
D7y
Idi
FX7
Ato
Ick
Hkh
H4_
KNx
Al1
Ig3
H6b
Dp3
MmI
IUy
LkS
MTl
Dc0
JaF
I97
FP6
LAa
Djb
EBq
LOC
KGu
ACz
Eh1
HaH
HRa
E5W
MOU
Eg6
ICO
Ag5
IAF
N2R
IBY
II7
Kzg
GhM
Flc
ETH
C1k
EfN
N4K
B1H
Cmi
AFM
CQh
B7G
Hxq
JIf
C6d
H6W
GEe
KXA
HiP
MW4
His
AYF
MbQ
Fcc
AeO
IVg
N6y
ICu
Jm8
Fkt
H46
Ajy
BkU
NpA
Is5
IQj
D7f
B3S
JF3
DR4
KGF
IHc
CnW
GEQ
BD_
HjG
GBY
IoA
N2o
J4z
JyD
ACE
Mma
MwO
Hlc
LEl
Lyn
CnV
JWm
Aak
EHP
Exh
FKF
Bh8
KjC
DpD
LW2
NLU
A9U
EF7
LAi
M73
C8s
FIv
AVW
Glk
NLL
Czt
L5g
N37
H2l
Nmi
AkG
Afg
KUn
MVt
MA5
I56
C0p
JuC
MRA
DMw
H9H
Ihl
MHR
CAM
CAX
AKb
HlR
AUR
Anj
EK3
LnS
FqU
M4T
DEh
JWJ
A8R
B6z
LOA
NYB
Anb
MRk
HJR
FfP
C1J
AvT
LMc
N3k
Er1
EJq
El7
Auu
Kpo
K2G
MfW
ETJ
Iz0
FGg
IkJ
HMq
JSu
Crc
GiN
APt
Dqm
Nbp
CUz
MUb
HtS
J07
Bpp
HzR
Inl
C1w
NDL
AdR
HKG
KeJ
AGd
KQw
BKs
BD9
CWC
ILC
KL9
A94
J12
Fok
Dfh
JVW
Ipy
H_j
LFl
BS_
HW2
KWH
KU4
N54
IYk
Lvb
Av5
HrZ
A5D
NfU
KQO
KEb
AYy
ACl
Cuv
Fw2
HmM
C1O
Ji1
Lc0
C3q
AST
MsI
EFo
G5H
IVX
HY0
DG5
N6_
Eru
B20
D5F
HJi
BJy
B6k
H6t
IQk
LXd
Jmu
Ay0
MfY
IG7
EvX
MW3
G_Y
ILy
E3P
GSY
GYm
BJ5
GAo
AvV
Fvj
Fck
DMP
Bb0
K_M
G1M
Cdz
D69
GS1
IJB
BA2
BvN
JMW
HFM
FxC
IXp
AZW
DeK
Nmh
Mdk
Aye
Mwy
HSv
BNs
IFQ
GRG
IPN
CKs
Lka
LT2
E0l
EUj
LoT
EkG
DwN
FQC
Hye
HLV
JA9
FSN
B46
LTR
Bky
AxF
BrQ
HNy
Myw
A3B
KQR
DXI
Cdb
NRq
G1k
D7F
Cjs
MQn
DAb
MO8
Bag
BCU
C3W
Gkq
J_z
Ih9
IP6
L6G
DuV
BvM
AMJ
BH_
KhI
KHR
I9d
G8f
BMv
JP7
A4M
MWs
Hr2
NKj
AFo
A_f
FGo
JwE
Ekb
L65
HAN
DBz
JZ8
KRb
IS8
Ni6
AtH
EUi
C8w
Bhy
Egj
I62
Bx2
K0Y
I9o
EL7
KyH
JhG
C1T
KsN
EJV
CBX
KXg
GiC
K0U
GNJ
MJ8
DZq
DFS
HGv
GDu
BVe
HwN
KbP
ChC
FNm
Bnm
IS6
Fxi
MFP
BJe
LLy
IZY
NSk
B_C
BpL
Fxn
Cca
Ksm
JSG
BQV
J_f
AR2
EUU
AUs
I4W
EVJ
MCt
FCJ
KTv
K8w
Edl
CYo
Jze
E6f
IQO
K_4
Bjy
Fsr
B4f
Jqa
BDc
Ago
FW5
Ne8
DtP
Hn2
DPe
NAc
Ih_
Iyx
LjB
DZz
LCo
Hlz
DE8
HIw
EBG
Mf_
Iym
BEb
H4F
DRP
Lyr
AdN
Kfe
ELw
Ey4
Fe0
C9T
FBr
GeA
Lwk
