f
X
q
9
W
k
c
6
T
2
B
C
4
0
I
D
u
I_
s
t
P
5
v
A
7
IQ
J
V_
B2
n
xP
H
m
v_
N
qC
w
FM
1
i
kN
lN
gt
dq
rw
p
O
g
G
8
j
B0
M
F
EL
FV
x
U
qE
T4
q4
AQ
48
dy
U9
Y
pu
3
HT
Z
B6
h4
DY
Q
hw
wS
XZ
I5
E
qG
U_
EO
q2
aP
q0
aN
gp
xT
38
sD
M3
uM
nw
TV
kx
V
dt
fw
mo
U1
y
nA
nP
JM
H2
kM
bD
jZ
pW
nF
pC
ES
G3
y_
C_
CU
cM
DK
e_
OT
r1
i_
MV
K1
hm
ps
H_
oB
rU
oG
fA
gi
GS
bN
rG
nK
an
mP
eR
U3
aX
p_
ry
bT
GX
qY
DW
pG
GV
aF
Y6
hp
jq
cF
dN
bY
eq
nr
BH
ER
jB
o6
M_
HP
fH
EM
pO
mz
ap
jk
nS
AJ
zM
v2
dX
pw
f3
cd
hF
zC
kA
cm
JN
c7
fZ
SX
eZ
ft
iD
HR
o_
e3
W1
yF
cv
aL
a8
hA
S4
op
T6
oP
eH
CT
o5
iG
eU
bd
hU
uT
wZ
34
dJ
z6
tZ
q6
kI
jw
vW
pH
GI
y0
e7
jF
RV
A7
Z0
jH
rO
iW
CG
SU
CV
qT
bc
g8
uS
y5
mC
eD
zL
wX
Y1
GO
vX
rA
hv
B7
r5
ly
gN
gl
u1
pF
xD
rD
yN
hy
wT
68
Q6
pT
bl
27
eM
bH
kC
fy
J8
R5
xW
vL
aD
o0
bB
GW
vZ
cU
eX
z_
TU
iV
W9
P8
Z6
Q4
z7
u5
j2
aW
M7
kD
w_
zN
uv
t9
pU
Y3
w1
x3
ls
GH
vQ2
M9
qW
ep
kJ
J3
bE
ac
MX
jJ
ot
fA0
AR
hC
uG
D0
13
V1
EJ_
yG3
kl
hm5
kw
oQV
bv
pWX
dpP
iO
z2
CUZ
n6
fk
uzY
LZ
bj
dr
pM
KL
mvV
OP
tB1
cfQ
LP
gT
x_
m7
DQ
FG
zV
eg2
Q_
vyJ
ms1
jwA
I3
dIY
jEX
df9
kZ
HZ
fU
EG
xI0
in
HKY
jpK
k8
bqA
fD
ikS
u25
nJL
I0
jWZ
IQ3
fAP
iJU
PU3
R1
wU
uw
fK
Y4
amH
gl_
swx
kz2
AB1
klo
xzY
rLR
uyQ
ru
lL1
w80
fO3
bZ1
gjD
eIO
ei
lE
iL2
EX0
o9
clU
y34
lmW
pL7
iU
rKW
OPT
goB
BU2
tBU
vAQ
djO
dY7
DV_
acP
cIV
hZ0
gHM
gkA
bpM
tXZ
nw7
eR0
eM3
bcX
jnB
cE2
nrT
emI
puW
18
aB_
FNV
cBJ
djN
muW
eoJ
AB2
krv
s89
BDP
AJN
bjp
fvU
pKM
dkG
anR
pGT
AE2
eT7
wy7
xzU
ajT
sT9
opD
eAB
szG
eM1
px7
jES
GOU
zF9
yA1
CF5
qyB
nNQ
kvK
lA6
ao5
kZ2
JPW
rsY
bD2
sW9
bfB
bdI
iwK
evK
ht1
opB
lCP
lmQ
DFZ
lBJ
ixG
aU0
bmx
HJW
hsZ
acU
AUZ
qZ4
itS
DW8
pI2
mqF
56_
doY
pvT
hmX
ovP
pJK
hJ2
q57
vE2
DZ6
hu1
wR3
vW2
l89
cmI
B40
mNX
eE1
hRW
nV3
rJ7
ftS
HR2
tDE
B56
ijO
qTX
zT9
rQZ
frt
eB6
pFX
GK6
svK
ahT
oGP
dHL
kD3
xHN
UW5
fg3
xE2
aV2
mZ5
ewT
dg7
bhq
DFK
gH8
vyU
kTU
rsy
oE7
pUZ
sCV
aqF
kEZ
kNP
Q12
hDN
E79
mW9
qAB
ek0
pzL
go0
yA8
fr6
jw9
dmK
ft1
gLX
J1_
emX
kF0
vS7
EIV
ixK
wx_
joB
alX
fr0
vCL
rB6
qMT
ntu
hoT
wJM
hQ2
fLO
awQ
v13
zMQ
mvZ
LWX
AUW
oQ0
tNX
CV_
CEH
uQ6
IK7
yFV
mQ3
BX1
xR3
ahO
bDQ
uC2
nz5
alE
jQ1
KR8
ceJ
tAC
H60
cjF
KP4
co0
fu0
bI8
azB
gu4
xL7
grX
atS
UZ9
UV9
nG8
CW2
ctC
hAJ
iG9
mxU
eOW
NO8
dvD
T79
BRV
BDZ
qN2
xY_
tQU
HN6
rvx
pBH
qz6
lzN
mx3
bTZ
cj9
nV5
glm
xZ6
grA
eoZ
fzT
fh9
aU8
aes
uDS
alT
aFP
uN6
huz
svE
qCH
fu5
hwW
AF1
cG_
vEU
n90
qx4
vwF
lxP
hpy
jo_
xPZ
dzS
nOQ
xUZ
LT7
EJO
d67
qRY
itH
bk_
gyE
hM1
chY
CE8
lIN
ceN
ps0
gV1
cxN
qMS
KRS
quY
kq6
sZ5
izN
AY9
bIU
xIM
MQ3
deM
lqX
jCM
fmW
jS6
dW5
vCX
AI5
pw1
lrN
ez3
kzD
ho7
oHO
cpE
GI4
pN1
EJ4
rOX
uLT
itK
S27
gqF
xBY
aN7
fJO
IMY
foU
jzE
EM5
wzK
ovO
vBV
hQ4
I45
auA
dvw
lno
aS0
lS3
eyC
fhE
lpR
A69
hpx
gJR
ajH
jKT
LP1
hlp
378
U79
FHV
qtI
cqv
QW5
bOS
FKO
hlV
ANU
oLV
uGY
zR_
dgX
gio
U12
hwI
xOR
ry5
ahv
uy0
eCF
uI1
xyM
jLW
akC
uz9
lwO
bC3
sBR
oCJ
aJX
kn9
hzC
KW0
frs
fEZ
etN
rwB
IU8
dT8
fgR
rAT
dtB
S90
mAL
mwx
kpt
xCN
sV_
zIK
wXZ
zCK
zL8
imK
EZ7
eG6
eiw
NYZ
tE_
uv3
w30
I79
bmS
EV4
dxL
env
cHM
hmT
BNZ
sG3
hKZ
tuw
sJR
bDZ
pyY
ck0
lqT
g9_
erT
lFM
HVY
bAM
psv
ez6
ku2
OP4
rU2
X80
gp_
kB5
qSX
PQ9
kU9
btX
lW2
gRS
dDQ
gHU
J15
nKV
cEW
mKT
mG0
kM0
dC0
ckX
dAE
fj1
nEW
bhL
s70
aoA
eL0
fij
uI7
cj_
nyE
gpE
hu8
egp
yHR
IK9
mty
sK0
IN9
agK
afo
bsF
rBK
az5
mX0
rAG
av3
i80
iC1
aU5
eU1
vKY
jow
zNR
fuU
abr
lqQ
pRX
bgY
cdP
kxE
fuI
dqw
bDO
sQ1
fnD
dpv
txE
sHR
iyL
cTU
HS_
cZ9
tQ0
tAG
eR3
bdX
aDR
alu
uFG
oq3
dnS
hGR
oAP
AHP
es5
jFR
jT2
C25
gX1
tBO
oMO
aDG
pq4
bo7
lGO
rzE
osM
dwJ
efj
IK6
mKR
vC0
gwD
xO1
nRS
opH
fW1
ops
oIP
fgK
X16
iQ0
TV6
uF3
zD3
A8_
mU1
AUV
dO3
brv
nBO
BOT
gI2
qY3
yTX
sRW
a67
bL6
AX4
stY
dAK
pC8
nGH
gpV
x56
CDY
gPV
a6_
ktw
oQR
hVX
kqD
bvz
cjo
iH4
klz
cHY
eix
nzA
pEG
130
BIS
kq9
gJK
mzS
wO0
eAL
y48
fnF
dy8
bl8
cjY
GKO
elS
Z5_
D28
lqD
jBX
nIY
sAP
gCD
owD
ewB
P39
qvE
NZ_
DVZ
dgq
IU6
HMQ
yzF
wB8
uMU
CQ7
zQ0
RV6
els
sD8
bP8
m37
rvF
aMT
iB0
ITX
JO4
jmw
J2_
EPS
swX
zBU
ghZ
IKY
itP
BP9
eV3
qD2
mX7
wIM
mq4
hxF
qLM
O30
rAY
NO3
aM5
boZ
epr
uBV
HZ4
RY_
eJK
qL5
ev2
jCG
JP9
lFS
yY2
B79
kPV
qY0
dN6
vRT
vyL
huK
jG1
yT3
lA7
GR7
eDV
wxA
ADL
hsA
HX_
aFQ
IZ2
h70
gIV
uFN
t2_
opx
tDV
mCT
HQV
dI7
jC7
kFI
j69
bvD
rHX
RY9
dKL
wEF
rEP
aBO
aRT
qrR
ruV
tyA
ptH
abt
qGZ
vWX
cSZ
grW
NS3
bqw
mE4
E46
QY5
rNW
LP2
zUY
V90
ixU
mqR
vCT
gG2
JW8
yzB
HI3
fJ5
oQX
rs_
jU_
hV0
AQS
dxO
oEQ
sxL
xF5
msF
gnw
bhE
fQX
hRU
dh3
aK4
R70
ptW
gkL
DSY
lD2
ouD
A14
cLO
kzH
dBG
fX0
dlK
jL2
yDK
ru9
bxI
gAZ
zO4
cdZ
sO4
GLQ
ixM
ovQ
pst
duK
br7
efB
pxZ
ER6
rBP
dyC
dgY
wNW
dfr
xQV
rPY
NOU
xR1
wLX
EHJ
uCW
pT9
gNQ
gY1
o10
X89
v69
swV
bG2
ovE
QXZ
oFO
bgt
eoA
jqC
TZ5
dwD
efD
xK4
dq5
yJ9
oqN
B0_
acd
pNQ
n78
fL6
aky
auU
lNP
zEQ
hJY
brz
pKQ
fxF
hsx
cfk
xO6
zHQ
otZ
bC5
vHV
rwQ
awP
aci
nuv
z89
fvS
s9_
brI
fX6
py_
dpw
fr4
kK0
xG6
yI7
qX1
bN3
iRW
tU7
fPZ
byO
grQ
ekA
GPT
jZ2
d16
ctY
gAS
dP0
gJT
J0_
uF1
xM7
oSZ
qyO
bT1
lHJ
kI_
iw_
jpq
noV
CJM
vwU
hH5
aqA
uER
gEP
npC
sv2
cmG
szF
QYZ
dj2
rNV
qIN
iLZ
euH
xMY
FQ6
iE6
RVW
ER3
esI
uxZ
IU5
DEZ
vJL
pH9
qu1
GN5
nPR
wLT
bqu
cwX
bBJ
I1_
sN2
ovx
dGI
eh5
bdN
cZ_
txG
H40
zIX
KZ3
mH9
oEX
fG0
BNW
lQ4
jK2
cxB
CO7
giy
uW7
s1_
rM0
o30
w48
hK6
ptz
hA9
aAG
oIU
ksA
oRS
tS6
LNT
cGM
wCD
zZ6
AVZ
jV7
zNP
zE7
amJ
koV
jF4
iyI
bF1
pv1
eos
AEJ
sC4
aCD
jly
fV1
eAX
EJK
bhw
PV3
cfP
nwD
pTY
iBF
jQT
CJL
bR3
doK
kMP
qB3
rGH
bHU
HW4
lnr
I34
cqN
xM3
wIS
zW1
ioL
df3
lqv
H49
NSZ
sS6
dxN
sw8
xK7
ES9
pCQ
iC9
vX3
aVY
ptO
fiv
ABH
l28
aJN
jPQ
iK5
gCR
kS_
qQ0
eoD
uCI
wKN
bpK
nvB
nq3
AE3
x0_
fqP
pu9
cET
del
BRU
GR9
F68
yK8
eiZ
rR9
rVX
ruO
fyQ
rv7
erA
dF1
M13
GSU
eB4
bQ5
vA6
ayJ
dU2
K57
AHQ
gZ6
cpv
uE5
gsW
foO
iR5
gDM
CLW
dH2
gx6
hQR
KQ_
fIS
yVZ
ELS
gux
MS0
tM_
ixC
uBM
oR1
aE_
iv7
bsH
kW2
bU7
jsv
fiY
fjy
IV7
rF2
osX
arx
ayY
dqt
oEW
imU
ilV
swT
fqM
cpY
RY8
xIV
ouB
qsG
M7_
jRX
ltM
NRS
ou_
dpW
LQV
IU7
jvY
kKN
j36
j18
svx
xHS
yNS
kDR
aW8
ms7
pR2
sN1
KZ0
fER
BS1
IOY
gtJ
fB3
rwR
iBK
wxJ
al4
IN_
gmu
DFJ
xW3
it2
bl1
lmo
amI
diJ
ijq
gor
isF
lx6
pq_
lEN
hqJ
sR3
ehW
JNS
GJ3
dwP
cEU
wDP
VW5
bwS
lmu
lHY
bcL
AG3
cPR
bi_
gL4
tA8
du0
drQ
npw
vwI
d6_
t70
aqR
koU
B89
r30
noK
kUZ
wL1
qr7
kEH
nBT
AEY
iHN
fsu
det
qU9
ovX
gJ8
vJT
oM8
u13
cjz
qx2
qK_
mvC
pSZ
mFU
efZ
czK
kF_
agp
DMU
mnE
v14
VXZ
uxG
L4_
GQ7
mBX
Q13
eis
s15
qz5
msu
rt7
cQ_
PZ0
mwJ
CD3
bp4
M40
ct4
hZ9
CI2
pr2
wAD
lnP
sCW
fvZ
C10
zCG
hp7
hkq
nDX
zKL
EMZ
pY9
jU7
z59
B49
v1_
ai4
sMO
jMW
rAQ
ou0
jnt
fkn
Y16
TUY
mW5
cnE
nF4
mr8
dUW
nMX
acW
qB2
M50
xzL
yMS
uDI
szV
zDL
y67
kWZ
z16
FIQ
sO6
zO3
bAW
FO_
kH9
zW3
nSZ
efX
fFX
N37
fwN
hv3
PTU
qHV
vH1
pFJ
dW_
kq7
FGY
ADE
bMS
iD_
CFN
flv
ceA
tCS
ciM
qyE
lLS
bUX
ev4
kQ7
jn7
ior
NRW
uyB
syI
GJR
fhw
g78
IU3
kS1
oJU
Y80
rCH
lTY
apz
mpY
LPR
DJM
su4
qvI
cez
glF
xQ1
FHK
OV2
dh2
mJM
wIQ
ER9
qyG
wLW
czH
vz4
opu
eW4
bBG
klr
cfH
TUW
gkD
lIM
gFP
esy
hpA
gmq
uJ7
GV4
iAW
C78
eJV
nH5
au8
vV_
pJ8
bez
nR7
aeo
Y23
qrV
mGM
bu_
bNS
DZ4
pNR
cgH
rV5
uCX
HRX
ay2
fk3
JWZ
dx6
czV
zY7
acB
BIV
cW6
mrs
pVW
xG9
fkF
NP6
fvL
JV6
npY
oyC
gCJ
bwJ
gTV
lB3
hwK
uEG
aP_
dhP
uP5
qFQ
bnQ
grM
jq1
fu4
jnx
nsW
cr5
tU6
uKY
kqX
msK
gM1
gS2
chU
eV8
yHP
bU0
FK9
CK1
myC
hD7
jZ1
uLN
aeK
oDT
rIK
fsH
pP2
fOT
x25
aF6
yXY
xP7
ux7
kZ6
u49
iDJ
dCS
jUX
sGZ
for
qwM
pxR
ckI
erv
GZ9
gBT
wDO
sHZ
zFL
kQ0
eI0
lX3
B34
a20
pxD
oAV
CTW
ae7
lX_
mG1
qv0
tJ5
BMY
R45
sC9
jCK
fCG
wM0
gBC
pHP
fJU
JOR
c37
EIL
PR1
rvA
myL
jJP
aX6
oA5
hq3
sIO
nG7
bkA
buS
lEL
dEI
pvO
gkS
sA2
GX7
lnF
jHK
qEP
lEX
hkr
aHN
tLN
R1_
hCF
cpw
nvz
uEU
wyM
dL3
akW
DEX
vG4
E70
CIP
rwH
RUX
lA_
z15
jJZ
GY3
hL4
i35
lrX
OZ3
oFW
nA1
hLQ
ozA
nE0
bcu
cvK
iIO
iB5
eKQ
zV9
dfv
BJK
I16
kC8
ef6
aqS
fyJ
dC1
vxS
eFY
aj8
dpQ
rRV
KX8
qCQ
fR0
yVY
uGV
pV0
jl9
fmF
jqL
dr3
cQ9
qG6
mDT
uU1
cyF
LX2
KY4
JL6
fk2
L80
gjw
HZ3
cv4
CG1
xP2
AW2
pG6
CNO
GQU
EQ1
pPX
wCI
BN0
nF5
oEO
e16
jt2
OR1
sN0
mQU
bit
iR4
tY5
JM_
ioS
qLQ
eKY
f37
klw
oD6
jyO
stA
356
pW1
bu2
oI5
az4
mx0
qs1
bu3
MUY
uLZ
iDE
asD
sV4
Z47
sGL
kmP
aPV
no8
oxV
hn1
gC6
eZ0
oIJ
cfh
kz0
zV0
in7
eD0
OW_
dj1
itz
BDQ
asu
wCQ
D36
EFG
puK
st_
myX
hTV
xDN
LNS
CFH
aeE
hCV
aAB
cFX
AGS
GIT
pyU
lGM
ilN
knQ
fyS
uMO
kCX
fiS
iwG
CMS
nQZ
FJ8
op0
mx5
ILP
ahL
r37
tIM
AJ7
iOU
CK2
aC7
hEH
c24
otD
lpN
pDP
oMN
tAE
suT
QY8
zMO
ISV
jEY
hkC
o28
hqI
TU3
cyV
cP_
pG3
fE8
xT1
hL1
fyA
JLV
p67
nGW
ix8
kT1
dkK
efY
G38
CP_
mnS
h7_
lwE
MT7
rHV
LNY
jzV
KPZ
JOZ
hH2
adf
ads
qU2
Y3_
inM
DL_
fq2
G19
eA5
sE4
g40
vA4
JW2
rIJ
qyY
d34
iF4
gFX
mp_
cN0
lPX
quy
D4_
zX9
mx_
mIP
irA
ak6
lmN
gBX
jHT
Q7_
cuF
sNZ
IW5
brC
gj7
wMP
vEG
gq1
x34
cz4
lEK
qW2
oM1
gow
sz4
oFX
zBM
OR2
tyE
wNP
AJ8
ej7
wyP
lL2
aBX
oY8
n69
jwX
hjP
aGQ
MW8
bu8
wZ2
dr8
yP6
IW6
sU5
I0_
rtP
wR7
hiq
mxI
kz7
DG1
qxO
gN3
W28
dHT
joQ
wJW
gBO
yE9
vI6
E45
s24
hrR
tvR
pY7
coI
iDY
pvV
avO
xB_
HO0
nT7
tIX
iT1
cE3
DI7
AGV
FH3
ht9
rDO
aX1
fp1
lYZ
qW7
dmU
msY
PZ9
hmC
GRZ
uW5
t80
eqx
wE0
j19
nP1
flS
cM3
nEX
uFO
i23
p7_
lvH
cuz
qzA
ntY
kN2
eRW
bA0
ejB
KS6
kHP
GM7
jtS
GM0
azV
dGL
fAT
zDS
dUZ
nuA
F57
bU2
vJ4
JL0
giC
zOZ
ceC
iT3
kCN
nAK
mv5
MO4
eL8
cW4
eyz
kIM
hj_
eN1
lKT
gVX
ack
NT3
eQ6
hS9
vIL
RSY
GL7
FLV
MOY
qCM
jsF
JK7
swU
kES
M17
deu
QT8
wxW
hrA
mU4
CY5
IOW
qKS
vM5
KZ_
cCE
AKX
kpv
fEK
awO
LP7
EMR
kn7
bE6
DZ2
bpR
NRU
dG5
hk9
iJW
lr1
vAN
prW
HS7
SX8
DPU
GZ1
mDY
U25
aOQ
dyR
lm9
gip
hyU
vJ5
lmr
ovF
fVX
GNY
cp9
LT4
lO2
PX0
tE7
aD6
iKW
E69
svB
mJ9
dvJ
fZ9
jqW
L34
qGQ
hGJ
acp
ahH
er8
DGH
ktz
aDJ
NP5
fv5
sH1
IO5
DX6
mJL
AJV
aFI
ADK
blt
K14
z38
aiV
mvE
qsF
JQS
rt9
fmQ
kpH
nvS
bou
afS
kGT
O10
cyU
gF_
fhI
mnZ
L90
oIL
V67
ES_
kK_
opI
jU1
hz9
esJ
aqV
q35
FHJ
pK3
ahi
sLS
wDQ
izT
aT0
tvy
gi4
duZ
nD3
lDI
dkM
lI1
LY_
crv
AL4
cuT
cPY
SY7
P34
o24
oH5
rv1
aP0
kv_
eoX
fWY
duy
eEL
y59
rv5
eyB
ehM
oAJ
kF2
ix6
MY8
w12
YZ9
249
uy7
cCK
G0_
pJT
SUY
hB1
FL9
mF3
rvV
AGI
wyN
fk8
uBL
cAJ
oAE
rw8
eJT
vxQ
kRT
gn1
fN4
oAL
MSW
iqR
wG_
DO0
aAN
dpL
tF_
apK
ghA
pu2
KX1
pD_
wyW
hip
MT1
buR
gEN
qI_
mnC
QTX
y1_
hj4
hiH
E34
qvZ
rHQ
orF
eI7
LY8
KW5
dpq
f7_
jC8
pRS
LNQ
fg4
gFJ
qFM
bzQ
rDK
wI1
lp1
uX4
knq
z90
vT7
lrU
m60
nTY
dS1
qyQ
E35
mt7
fo3
JM7
uwK
ewz
XY4
hUZ
lY8
FR9
wyY
rT7
kVW
abd
gn2
bjH
iGH
aeq
RW5
lS7
CDQ
uTZ
L20
mu3
nI4
e9_
tuO
hmY
bkq
ouU
gY2
gHZ
X34
ipx
aPQ
ov6
pvD
xLT
deX
wx8
jsO
vI8
gT2
hrF
NWX
bo_
rGT
ilF
bq8
LZ3
gln
ou9
kGM
j4_
oG1
muG
lFH
kL5
wCR
iUX
W18
NR0
vQ1
lW8
i48
knx
dkl
zSZ
sDH
NQY
zD0
fpX
qzO
O15
bsV
q12
cjT
oFY
CY9
SX5
boq
FK2
tJO
itM
owE
bB_
HQ4
lmY
MQ5
kW8
rE6
fAD
GKQ
nzG
pzP
HWY
fxB
vTU
ijp
aI5
vCU
jV_
uQW
ijS
xAM
uMN
APR
fV0
BUV
emG
bm4
yHU
pNZ
u27
inT
qxF
myO
bMZ
dhA
gIR
zA9
hyP
uyD
fko
pMV
f57
zXY
fqC
ci6
biD
cj8
GOR
rR0
nAY
cqA
oY6
bT7
OX3
ruX
FHP
HQU
fI_
jtF
sR7
lsV
vxT
eo0
iqK
mLZ
oFQ
w89
lrJ
vE1
euN
rBL
e36
r68
nzK
MS6
aj3
tPZ
jkL
t24
GJZ
akL
v9_
jp6
iN0
oU8
itG
CGV
pE8
UVX
nQ3
oxy
sDV
cPZ
oPV
imq
inR
pEZ
tJ8
ezU
CL3
wGX
st9
ksT
dNZ
xD1
wDG
bis
kwO
lJZ
kxH
r2_
gH4
dem
mzL
efi
aB3
L8_
gnx
qzU
aS2
pwF
cu9
ex3
fgN
GVW
tV0
tGQ
gL6
EM7
mFJ
cuE
oQ5
fB_
xIQ
h8_
doA
vMW
HP7
uNU
vJ9
b67
jmM
XZ_
BQY
zNX
T89
AL1
vZ5
elx
dtN
KW6
afp
mMV
mqP
oNU
ABO
oX1
IV2
yAM
uJP
NR1
wMU
gQW
xX8
ces
xI4
IR1
GUW
bv3
ny_
DR7
df8
twD
dtX
kzP
vB6
eF8
bzO
KR5
u0_
lY6
ltZ
oA6
j78
a26
dN9
CG0
wBK
uVY
dX7
alH
zIO
FO1
vG8
vMS
qxN
HT0
LM3
ltF
hR4
km9
rRW
xT9
NY1
iC2
xZ2
uzT
stI
NP_
aCK
sJT
jY1
lPY
oGO
lrI
yEW
bqZ
AU6
IY5
NP7
sH0
lrF
KT0
mL3
jAK
TZ3
qCK
wH4
yQ9
nD9
BX0
S19
GNT
AK3
pt9
qK2
kLR
sP2
wIV
aIK
fsZ
bev
kwI
ANS
noH
dzJ
qvL
H47
eiU
sLY
sz_
lmL
uMW
uT3
bzI
ekl
cgm
sJL
ej3
qvW
GPR
ad0
dl2
UY2
AHK
eH2
ij5
J10
aK_
eR8
FZ0
bew
X19
xR0
oAK
gy5
ewy
loC
OP0
Z50
kvA
vY0
uyN
vG2
IV6
b9_
u24
ciZ
hoL
gm9
MNT
bIR
hqP
zF0
bfh
hRZ
iT2
yJN
luJ
iC0
K3_
kow
nM5
uDO
R57
tCW
jxT
ijU
ehR
amM
cK3
enX
fjK
JR1
oKZ
AO_
pxF
ktY
QS4
iqT
tBJ
bOR
YZ5
jwL
FPU
aUV
ipv
GSX
nR3
HJP
bG_
A2_
oZ1
ET6
EFH
q2_
bP7
vI2
UW2
enE
clK
a78
cT7
BJ4
rTY
muC
pU5
hoW
nER
moH
vET
FU8
eoN
oZ2
cfU
syS
eZ8
LZ5
lnE
EGL
wY7
HU2
pCE
ry1
FM5
vPS
bhD
eiD
tW4
tuA
RX6
ejX
qNW
DIV
uS7
luH
hy6
ru7
b24
vL7
p29
jn3
DK1
lzB
lEQ
R7_
deW
W6_
ajW
eP6
sP4
mw7
xAQ
UX6
rCZ
qAQ
nBZ
kl8
gU4
dw4
coy
EFJ
oN5
hEF
zR9
mMY
lEW
luI
jkx
jw6
alZ
doM
lw8
er0
ipP
BMQ
oB_
ceO
xW8
lQY
VW3
an8
jvL
eyT
oLN
FMP
lU4
dmq
pU0
pxC
r36
gnU
lDU
dB4
rB4
fGR
gMO
g37
nw1
eOQ
wJ7
fhP
nJP
xQ5
UY7
AOR
xH5
cu1
lvG
qEO
ku5
hj5
sH5
S7_
dBY
egL
pvw
hr8
etx
KQT
yA4
fi1
LW6
GHX
JT6
k45
owM
zCY
cC_
kV2
AY0
hpZ
eCZ
eO5
lU7
kTZ
auZ
qCP
kIX
clN
vX5
lzP
bu9
rDF
ioN
zFK
pLO
zQ9
tDK
oGY
ny4
12_
CS4
djw
zMP
lC4
B30
eW7
or5
ceM
fuS
vyT
mFZ
mTY
dPW
chE
fS9
HIJ
anF
acX
jsI
s90
cfp
y19
ah4
ls2
pV3
noC
dFO
qzX
cgD
uU4
JPU
st3
jnu
pHY
T9_
wz9
IR3
ehS
tN9
fxA
ivw
fLW
stM
emQ
bwZ
fwz
mRV
xMT
b0_
eH4
aLT
jtV
iDO
yX7
mSY
fhX
lvJ
ikp
bO2
hBZ
oKQ
I28
pL9
nMZ
eyQ
GMP
CR2
DHX
bgB
dK1
np8
ceZ
KMQ
lDR
AL3
hA2
Z20
X67
m47
pJ5
dxX
hu4
rZ0
uNR
kDQ
quF
lzR
dmS
xCP
gGI
nJW
beF
UY3
bk2
CMW
sS1
yOY
jls
iw9
b7_
ATZ
aF9
vzT
zY_
eBU
bCJ
vZ3
aDI
czN
epv
DP9
sDS
dm_
cjQ
EJV
qC1
fWX
xF9
lS6
qD9
zE9
yL4
JPS
vO_
mEN
cCM
EM8
be5
RZ8
rT5
ijH
oAU
jVZ
bdv
lwC
jm9
asP
BIT
sMR
fDY
qzQ
koy
mx7
wyA
irU
dL4
fA7
xEW
JR8
nAV
huw
aF0
erX
bsU
GO5
bY2
fn8
rwW
vBU
vOX
ar2
wy4
jJ2
mPQ
c40
TX1
IS7
r6_
jsY
DE6
fyC
qE0
boR
PRY
xZ_
kzA
qGP
aq0
evx
hkm
fjn
BTX
gnE
lT0
hjU
pF3
f80
fq6
k25
lI5
sAQ
sI0
rtM
bco
fj9
qEW
wCJ
wPR
izF
xRW
ABK
V49
dsG
CU_
AH7
df4
iF5
H59
et5
sDJ
kp2
yP3
jA_
mCF
fqL
hE8
nIM
bv7
QSY
rR4
IV_
aIV
ejL
swH
GJ4
iyB
fkI
afH
rtB
zC1
JV9
pq3
bjV
iI8
bt1
pUY
tIT
ayL
biH
aPZ
eKO
fJX
aRY
acf
xzN
lxV
iyM
i2_
DJN
blD
tX_
d60
fu1
uvK
ep1
mIR
kru
lB4
fpZ
iGL
fhm
bkS
ehp
c12
cPW
hwE
ilU
bDY
xFR
vEK
O12
J49
TV1
d49
mR4
qzV
JVZ
mAO
VX1
kqE
qCL
m18
mNY
ayz
bhZ
cdH
cnu
iAS
rH2
oFU
EOU
bhV
p68
luX
ASX
sxH
dlD
kr2
gK7
fgU
pG4
bq_
ew5
N0_
vGS
tU0
KL7
huG
lnv
wH5
pX2
jmE
lwL
qV7
u39
akE
ny8
sMT
lUY
yW6
wP8
anP
jMU
dhp
B45
qOQ
ntJ
ftM
lC6
fvC
gJ_
eZ2
sNU
u7_
a56
uJ1
qT6
hpE
kST
IJR
iDN
fC7
zSW
EJN
JO0
BR9
itA
ehH
frX
gx1
beJ
chs
fO0
chm
mT_
GO9
rtZ
xRV
cw5
bM3
MYZ
JMU
cgj
kL6
CDO
ADF
hr2
gmG
lx0
eoy
jku
im0
JR3
sy0
uRV
zNO
EJU
yP4
yA2
eF2
apI
aj2
aiK
A49
wOQ
imZ
xIW
GL_
eDU
jBI
xN4
zG1
qw3
wyH
mU0
nEZ
klT
br_
jmB
dHS
AEO
tG9
uE2
pL1
tZ1
pNT
nwE
gkp
gJM
orT
lRS
aQZ
f69
xTV
bEY
zOY
no0
deN
xS4
yS5
in_
CDS
eyY
pBU
hnM
my6
bzR
R19
biX
ewF
lnU
eTY
NSY
jz9
BEU
ntR
hJL
QX0
s8_
fU1
gzU
kzT
lKV
ky1
cCR
xDF
lTV
uJ6
kDH
qBG
hxJ
qwA
sH9
zLV
iwU
aqJ
yzR
tyD
w36
sFY
AZ6
AE_
G48
zRW
rw9
ozU
hSX
DH5
knu
hJ6
aMS
bKO
bT9
cfJ
bxY
npz
iGN
otM
iuZ
amC
sx3
gkm
rN9
nq7
orZ
gjT
fh3
ft8
JKU
tYZ
iOW
mvw
rEL
evG
ew6
nxV
jS0
yCT
sB0
sw3
cV_
bgX
kr_
tE2
cCL
lCG
hGN
zE3
hBC
lC9
cJ8
JL9
iu0
kF9
FLO
lsU
aP5
co1
FXZ
jB9
yL2
dR3
apU
wzS
qG2
sKS
hPS
GJQ
nvH
xLX
BN4
nU0
xG5
anL
noA
dDK
qt2
FUW
DGL
fhK
jln
PY1
bsX
asz
jS9
V78
bW0
ABW
iFL
htX
GNR
vCO
F89
vA1
eUW
cFP
jUY
inu
gl0
vwx
xGR
l35
bgW
nY4
BCW
AC1
hX7
bCW
KNR
rAL
qT3
py0
hjH
fjq
B10
asv
cfR
iHQ
jwW
wGY
zG7
elp
dhZ
io7
djD
uGX
mGL
koN
gtU
yM1
lL8
LOS
bq3
hGV
hEX
jyR
aJO
xPX
dGM
hlG
hoX
pxM
LZ2
jP_
jms
lR3
ow5
aBY
inX
ftu
kEM
wz6
bR6
zB1
cAU
JU0
bY8
AMW
bm8
AJ9
gP0
DUV
izG
PQR
vL8
EP1
eV_
suH
GHP
oO6
gN5
dyM
vR_
jpJ
uvR
fqQ
eMN
CL5
gkV
pqV
jpI
blG
DNY
467
HRY
wCO
nCV
aXY
ktC
iM0
rFQ
uyX
uSX
U47
krQ
xY7
CIR
hiz
pw4
dky
jT0
IZ9
MST
nsE
mH1
eE9
z13
sO2
alJ
hsN
aq1
nOR
cpN
eFU
sQ2
RWZ
puI
zU1
hmE
BUZ
yJL
kn4
p25
aju
237
vX6
NZ5
zZ2
esG
yI9
DEP
eCJ
JKY
flX
hAT
arQ
bJ6
zH8
aC9
lst
wO9
adP
iN5
sI7
grP
jFP
GHL
agU
qxP
pGS
cEI
iku
aV5
dgK
kHM
yDH
PQU
D10
nP_
GL6
jKY
D9_
DG8
uQ0
tG1
glT
KPW
jZ9
cP7
zC4
rx5
crX
rN_
oX3
tv4
dIV
beG
zRU
K48
hjn
cQS
jzC
cx9
bMT
yDM
AL8
PY6
dDG
hl4
hrV
dr1
xIL
csD
iF0
glX
kU3
sPR
yPZ
xz3
kpG
afj
mDV
aB2
klJ
sLW
adU
vzM
Q9_
FH5
TW1
RT0
noq
KV3
vDH
EPU
nG2
c9_
itO
mqY
L47
tF9
xFQ
oW2
uJS
bV2
isK
xEH
HSU
qsL
pz4
hnT
TW4
cmE
bsS
QT1
iS7
uW0
GW6
quW
FJZ
l45
biU
rv3
xHL
rY2
uZ3
mOU
nqD
lpO
ny9
avG
eR2
U78
cA_
JNQ
kTW
eZ5
H14
jC2
ijT
BK_
djK
T15
cfM
BM4
GLY
pW2
DK7
tvC
uPU
xB4
vz6
yAL
lDL
myR
hxA
sY1
cuJ
wS1
bsC
mBM
uy8
gwT
xM6
nxR
wNV
kn1
nAB
beu
HU3
bM8
K12
AX9
ip2
HSW
nr6
mtu
aAT
d14
u16
evV
vS0
xyX
qCI
mAG
pzF
fz6
nvO
y70
sBQ
fT_
rwz
lAZ
rzU
BH4
kr9
VX6
nL0
hxS
Y70
uBS
qL4
mBR
bBO
cx1
ry4
qEH
nS7
qBH
cv6
rCI
lAT
ELY
zB3
BGW
pF6
dq_
yN9
cE7
X17
yR5
qSW
GLX
wB0
is1
hy2
bpu
aB4
kpF
aeh
eyD
BCQ
gB_
rI8
efS
blo
IX_
M45
ry0
gTX
zJY
p5_
QX6
dR8
lLU
aow
eH0
ptB
anH
deA
azW
wy6
ow6
R79
oEI
cW1
fqy
q30
wBR
OX9
hq_
kMN
tyU
tGH
xF3
JUV
sAH
DS1
iRZ
eHK
lpX
mnI
asW
wz7
pq8
dv4
z48
aq5
BIQ
fgp
ahp
tP8
pH0
IU0
EJ7
349
ruE
bH5
eD7
bnM
duM
hU3
jO8
UZ6
rMT
CSZ
go4
mn6
jmu
wIL
LOQ
do2
CGS
hQS
ben
GJ9
gm4
ap8
jkC
wzQ
gC3
rtD
dzZ
dPS
ex7
CGO
v2_
FT9
oyG
pWY
oR4
bK9
OU8
qGT
grv
NO0
q68
fwR
lyN
iSZ
oP4
iMS
bls
bPW
jmZ
sBL
nyT
ew2
mVZ
aqK
qxE
rL1
BD1
UY6
vQX
dtG
hKY
BJ_
358
b34
isA
wCU
rxX
xFK
bhN
esU
gBI
bgu
aor
r40
tyZ
aNW
QUW
M35
bp5
V27
lo0
qJQ
qKL
jP4
x58
vLV
dkz
RZ1
dyW
iz7
yEI
rt3
kpE
nwZ
hM0
jQ8
diK
nr2
rLM
dyz
fqB
IP_
iE_
jZ_
F9_
bLU
xHX
BDM
yEO
bqC
jFW
pry
cwG
EGO
hLM
ajG
O67
qUY
vS5
DL9
gq8
kvC
aD8
pQS
IK5
in0
dsT
bs1
x48
gkH
bdy
ce_
cEJ
jor
