91408
101338
12316
1299
25542
91242
125864
92860
127139
56556
17530
121646
53494
58890
101529
83469
56936
59262
1216
25955
24766
105391
122650
18415
121365
82260
44657
57583
120252
65337
14742
17508
40930
18379
12541
80085
66337
108511
102106
69762
33095
50405
11989
63174
1052
95466
3505
25343
127848
5730
128635
112150
17501
4669
123729
71461
117256
5673
101821
31436
119236
7349
100687
55412
122082
120987
36600
77932
106294
105623
57560
33638
25986
43650
125178
94534
7642
34523
82157
45075
39444
9809
90567
98617
47951
89991
112901
75485
46431
55194
98504
14336
124370
49546
84121
20642
94702
64370
103658
19441
100095
88527
126321
52584
92532
