72643
18896
53472
49271
30466
16852
92076
83794
68268
78364
619
99406
69380
86325
84880
89397
69236
13095
97256
21903
54076
90813
76340
77669
2303
75208
72329
83221
17703
14657
63826
85123
46282
17628
58192
57397
3918
67987
69430
11613
29191
68176
39659
107114
96612
22337
8460
90018
55482
40808
46153
15181
52312
13939
39596
38884
64053
83623
105109
31803
95680
3376
34779
98800
8139
97749
104168
100592
31766
34927
23144
27984
97236
91895
84038
37885
12596
41952
46864
78957
24342
80973
20236
90699
82131
28761
86689
23122
51588
67610
43165
49862
21308
85140
15286
88525
13099
3951
56325
87594
44648
69048
17516
83593
46468
25045
44293
54
40033
6829
9617
2501
90048
27674
68363
47322
106232
50159
56488
33922
51416
81999
87912
68168
57426
100371
109356
98494
54612
49582
62294
34980
36636
27556
92415
27434
54780
102426
27621
60455
57538
103341
40477
71238
53935
49401
1520
99442
99278
509
75234
87883
98859
13511
90141
10552
81067
94715
26420
109441
65080
23250
74511
48986
62573
36816
87573
73982
94359
96166
87754
61964
74305
58024
70724
51637
66180
47749
49387
99227
681
106251
55659
35987
49195
56026
8066
37744
6177
40484
64270
67739
996
86582
94859
38057
14700
14804
51482
29422
36487
19753
35269
103642
85933
11527
9031
47650
47323
98520
48941
7894
36843
31881
54854
27598
36408
66022
97959
22375
109534
39874
80343
15335
41885
73890
64585
71406
20711
63853
50311
45228
82076
32419
101795
108858
73518
66966
16819
49077
22606
83452
43599
56943
37328
55551
18368
89458
14091
13062
55950
61774
33149
4293
37537
103152
3259
48949
88665
16722
50072
37451
3949
111671
21637
83065
13666
99731
3158
56428
49376
53806
9431
104714
108720
73720
50655
28369
43771
22341
48508
10846
55955
14929
40915
50793
81349
59916
104691
18021
86209
98556
83939
48332
69262
82066
68423
79367
100555
33253
5642
54673
26357
84589
96894
10589
36358
73457
84370
27748
70123
97219
68399
84184
2621
17798
17175
92968
30239
87676
77745
43773
103463
10534
72788
103895
95100
16227
95498
79403
8309
91820
20596
89917
4310
80238
49917
53936
97526
61268
38757
85411
72487
24166
96017
100661
100935
102773
37681
15113
9763
62463
91651
101221
52114
106097
68869
103268
80272
52
107212
79849
18586
66623
86261
90631
38520
103525
27311
10995
56424
17534
44620
18180
96853
50729
1888
104684
107930
4555
78901
73111
60186
84204
8720
28994
106799
21733
38142
30807
54171
87437
80033
2497
54297
58109
20165
96178
7400
60898
14651
23935
25120
19554
11176
82074
32542
27625
60242
63876
33975
13061
81862
101065
87539
7095
78971
33523
55700
75165
67346
89128
77306
87742
17296
25536
71377
56832
65795
83109
24220
51843
51491
104428
104130
103917
89739
58081
3634
76437
80948
41590
33910
33574
32310
82783
107565
52397
84297
78042
9914
18939
1868
80569
78213
108034
23520
39691
12905
59156
85024
107785
101200
9995
83352
88003
79222
34395
61303
107549
4136
63025
71711
93981
10646
76717
30285
74228
23373
68668
26356
50009
89584
85739
5896
72208
73288
97442
91951
95548
12028
95066
19537
102659
59886
93378
49703
65800
43124
92151
44454
42661
43454
18336
48574
77641
73082
73143
5232
57006
52401
47113
40300
107586
27526
58755
71647
29764
20807
40507
14423
58293
83008
19184
22212
31702
57187
112030
54761
57176
90297
33203
23931
40677
27057
36095
48275
54017
4950
9825
73001
46590
93452
20718
39619
2469
35622
79450
33212
45342
110272
42991
102396
38248
41526
73664
110185
38340
19903
40009
93751
52815
46909
95755
31264
49941
60630
66555
28944
28045
27218
96274
91708
13996
102491
16105
75228
94361
9410
43143
2958
27986
86995
51953
78304
71060
44725
67622
96869
111605
82847
67544
47343
28934
95040
49422
34782
104766
63326
13041
37933
10538
90309
10605
8956
49498
27396
50977
8293
96656
420
60647
98550
68667
68579
59360
67409
89415
312
26311
90513
47386
43624
9740
65096
44021
15221
83365
8393
53457
108512
62143
19959
13660
15460
51262
57745
109809
80832
15146
109068
95003
26551
87686
30534
58391
39411
15762
20692
85868
50900
97090
12051
96847
79072
84667
21817
28054
79889
46546
18065
91810
4531
94650
27875
33767
28795
86071
50338
83039
31294
72535
41488
70618
51883
39820
76068
48713
64060
84860
19326
38399
16665
101766
28463
17181
56827
70359
31182
4900
107723
63352
38641
108289
17839
23323
45077
27950
94575
99148
16015
76685
85980
18100
47102
32283
93444
41496
27216
100206
110575
7138
111761
1607
2774
49964
16064
26826
31261
65352
91985
45865
9633
109148
39058
58871
66771
25944
57594
52924
6321
25873
24611
77261
44662
87641
67719
23832
39789
55410
103958
54399
89450
84848
97008
93934
79423
101784
20361
77444
8019
88226
65414
32367
29366
29313
11267
21578
89261
25078
58223
79516
78339
70304
27360
75656
87831
72179
54158
47144
19722
86369
45729
14770
79091
88412
29405
25350
65334
83769
20907
83142
107329
108712
42631
26097
89534
53374
37367
101011
41483
19667
63275
106291
12530
61386
82829
65073
46021
56702
27107
40497
53548
29602
9230
58458
89498
51469
19732
106341
111355
49527
37817
60351
43021
86289
21697
106013
45645
9543
57021
40726
55501
43416
23571
334
40243
103622
19157
102642
38045
98832
18796
110858
76608
54026
11203
38999
22688
35142
70680
105691
18099
106112
88093
80782
98145
42584
84751
6822
10970
5717
36542
88576
9276
96948
4486
55571
76087
47494
14841
66335
37994
17717
35294
81125
87902
67266
104575
27849
66172
5621
34451
8813
102332
2228
34941
63658
91283
105798
75583
108856
90495
78396
45483
27585
41505
37874
51878
46442
26912
94886
19110
78210
21852
53051
54900
97388
92304
6793
94320
11542
67501
88870
74796
74055
12297
106695
83767
20441
51195
58779
70642
111299
59051
50224
50568
3019
84068
4770
84685
22520
101529
68569
52945
30958
26282
20067
74047
110609
93352
53287
68371
85078
109847
61757
48503
59902
48911
12701
85121
33886
46576
46424
4378
26333
65252
54548
109805
57875
44030
87746
86226
84471
104805
27410
75739
27368
44383
54736
79825
14717
16971
29344
83896
39915
16171
5259
54628
4671
3991
3739
80050
4538
88719
93783
12004
9086
107700
59320
78742
88994
55402
91991
34329
50942
30531
72339
9549
6430
84180
53238
75645
17415
80374
37480
47411
49968
74155
58828
