76728
28259
75582
34806
93842
17533
43305
84786
42354
98547
52632
84993
90409
227
30890
30379
47873
67359
20950
97459
49888
83366
54409
79949
43212
99914
17143
6400
31380
15244
99071
18234
19791
5153
2251
7265
17095
35164
19190
7455
83124
85259
90958
86817
14305
61602
65119
84760
11607
86546
24850
3344
39402
11679
45242
4993
21651
62788
2683
58915
95881
52489
9206
16850
70153
53437
88159
30458
36126
17613
11505
36206
78899
80372
76916
48044
69730
5136
11785
40556
59674
86292
77107
2650
91014
68724
82887
98637
64006
6539
90087
21036
64737
83308
14625
54668
38899
8624
81377
33144
17845
63074
47989
78430
19807
69257
26003
49926
9031
93983
84841
57980
13854
46750
80089
35476
55440
82343
99344
28475
39837
85877
64010
91876
6425
81927
85812
61647
75429
93078
5177
59727
29005
90216
64732
45657
70067
24085
71722
43608
59646
2558
28289
185
15494
95974
48353
24034
710
47810
63012
38417
48232
19734
84373
46517
67942
57253
6991
34594
53358
15308
25572
92407
77916
64387
30211
30681
27531
83765
72353
1296
8237
98491
73045
46811
65171
27507
35980
55895
26819
47849
7861
75463
26818
27888
19097
3013
43144
94356
85648
46482
75028
67557
90432
83948
93581
77576
52275
8830
77254
61817
13857
64154
74893
37233
17265
91191
22825
85760
86190
76021
95421
58251
24869
53811
46617
40581
29171
82402
3268
61277
93234
52328
54296
49701
95178
12396
76986
55483
16820
17628
74234
48286
84381
91507
1677
68624
31966
98067
43638
87652
85792
70845
87629
25911
44361
27946
4892
17044
5764
31360
11127
86780
41148
39950
85805
83912
26021
88974
68422
49802
26182
21479
42386
53907
59198
25771
57801
91698
49396
31297
11617
12882
27022
90362
11314
88224
3034
98631
15591
10838
66318
68076
24790
33411
73587
51398
93007
78342
64544
2382
98450
9331
92007
27705
91965
51811
77643
59147
33582
26033
74096
72701
53375
13954
68705
53378
55250
83533
74071
87166
23435
80026
22915
85054
88334
27669
85968
87187
77988
72420
72492
51586
96377
38190
44442
78923
60343
55189
33608
58350
4014
76019
32310
18184
67731
18715
32262
69244
8688
54574
70134
10828
97347
49730
50009
90579
12249
96399
63621
6908
95854
56141
73046
28425
27359
89399
25111
59250
22607
37020
9856
23370
2395
47725
58526
4996
55696
70743
55569
45020
38016
40647
98922
27938
24532
46652
43631
52828
85145
25321
73744
37813
16870
76849
78357
94983
70426
56288
98003
19711
31924
13797
32565
11744
6032
19680
55361
99570
59602
57153
90901
74786
45927
5047
96435
43246
75601
29173
51957
97024
3050
73235
86251
63370
21751
68105
12012
66523
55828
93497
49260
21294
14673
76887
41785
76182
25877
79144
36518
6731
12561
88480
80132
76600
47610
31467
43654
65972
71580
27449
73083
76896
17982
69497
61753
1713
25044
84243
28200
49006
36618
57067
68344
76036
45972
38144
47288
96800
7063
91459
49939
11362
40996
3444
63541
32254
85278
50760
62267
43961
85554
45488
72015
88847
53704
23844
49692
79485
43772
11774
53873
12745
38034
13084
99600
94747
7004
75911
60118
36056
86462
77242
78962
83135
62923
87909
43230
4587
48633
26155
6299
89880
14544
16652
87281
39457
10059
14364
82524
38260
99254
94813
91470
80345
54463
59356
96970
62911
4721
10628
38916
37355
32353
38619
21577
20912
13880
16301
31949
12598
56687
1387
95669
49399
77070
2010
92224
53940
47800
19109
93939
15507
39214
23702
1353
25339
45820
51769
82644
41277
17833
59957
51558
8263
75352
81450
96748
19582
59045
16784
58114
74229
64618
54428
14000
93997
68468
79108
21482
61108
24353
12518
19072
48945
74830
48266
38755
59630
263
80022
83563
8864
99651
90137
92904
52283
54899
89419
51544
44381
97426
65120
99805
62526
39223
89789
83898
45262
7056
23129
35803
56863
2726
74651
14173
46948
51861
8662
70880
19369
55110
26364
2506
92300
46682
13310
90819
42875
46459
5934
37894
29593
23946
53324
30188
92974
75478
46502
97260
9080
21189
33102
48054
78715
77317
33996
15959
20329
11820
12464
55742
2711
13009
16600
19056
34005
18120
21688
47933
8423
20767
73250
18793
30767
28932
6483
11049
33725
83599
80851
9085
24796
11780
89772
59920
26897
24918
74180
14295
67889
67983
97106
24290
54411
994
74748
1645
25885
18272
17243
96163
11849
36275
43419
53802
74124
9711
79367
15
95848
11028
45854
18958
3186
18468
724
27828
7922
36524
25485
26393
29116
41185
7034
93382
36360
79499
80310
10760
27511
66916
46509
5014
75959
69578
98282
89563
34185
45659
23840
90312
76353
87365
99866
52921
17964
60684
88113
3412
23267
44507
32169
94258
62403
82573
31616
25699
61400
68961
18318
63877
47975
62015
35953
13148
15673
85598
8804
19100
26375
31485
323
68750
81820
94035
13128
31994
82847
19300
69744
93037
33048
90447
87015
14187
19625
98492
97612
43737
19368
940
95779
8274
43198
43418
28620
1190
45273
19277
93949
42170
13599
67995
27028
30722
47114
27575
40538
38465
4293
78217
89271
77443
29648
10285
39714
34699
37510
94468
74357
29645
44549
61289
46523
88760
95033
47673
67561
22055
37623
2443
36034
73175
58608
43275
64280
89250
22043
89083
77989
46707
6215
35027
77167
7311
82296
22998
48000
69828
93105
97193
91064
24274
51941
28754
70163
33154
51616
91114
38322
55570
66611
12903
36067
538
84019
15903
54879
94411
32300
61589
32051
79319
23420
36288
17963
24296
99995
79555
68615
43279
41872
34531
13746
46136
31620
66300
17692
79802
21712
89546
30738
80111
4860
38518
458
20736
98784
83759
87115
23100
16347
29642
45264
20258
40275
67168
20844
44369
15850
48384
90761
66272
16827
93289
18913
32012
47076
69636
2779
54608
22139
20052
9114
43813
46660
89953
98355
8466
24651
72736
65686
53846
39473
79460
38433
64077
3848
2628
21050
30092
26547
92294
11522
82488
25226
40544
51141
82950
80259
25174
73
73848
85521
63277
24690
33381
37780
65862
27470
67938
54674
43648
78009
50734
33418
74810
2421
72458
39133
66250
20256
80423
94025
34405
28456
11949
1565
93690
79851
20889
21800
28270
82277
55482
98387
67197
52276
30983
90833
41882
43626
95907
17993
96164
50670
46643
39324
85401
64615
19929
35935
45000
45470
87594
80077
16300
22959
95422
72327
91396
51259
34173
22528
53363
90323
87663
53968
71114
12479
41018
76440
44474
86090
76676
89374
44869
46629
72520
33153
35592
74691
51469
51147
63474
18899
46562
42043
67355
90786
52724
85955
69838
44741
50034
72926
56537
93956
4740
70467
18223
83617
48616
54957
77674
5287
49490
53454
48783
29353
34261
5926
173
53524
72931
68346
14701
97898
2127
66747
50905
46017
10826
6658
66639
54836
57846
2616
54019
17136
89405
4871
55978
79179
79169
95832
10561
34857
30096
28144
8445
26674
55401
44769
62117
78838
37654
73748
6295
74334
37964
88823
80192
31857
73852
40146
17486
50793
99572
14929
53502
22253
25739
97120
14507
693
46886
55282
49525
33076
81219
64916
22523
51700
9123
8615
94545
60973
58242
44582
94073
90555
82413
63204
24151
86771
74667
23701
91549
72699
38236
38082
93633
14719
55817
89847
18442
47701
11898
8091
15256
40565
47733
55168
17250
96424
13777
91447
78507
45975
30912
1861
73264
89894
9440
43596
81690
4817
62311
73673
58238
67455
3786
78843
34988
50866
61667
37168
79689
57332
44567
42127
38851
16286
55158
79498
15124
60271
35096
73819
4926
29900
25953
58201
78904
9257
77886
68354
42546
83296
81629
23263
24684
31221
25268
90249
44017
57974
64469
73578
1128
15384
78790
80146
77119
36413
74535
58715
30729
1079
86613
57138
97930
72463
75730
3484
71116
42740
22006
49711
37099
49907
69614
37446
87495
9280
90226
39456
47239
65266
81380
30521
87483
3541
45240
48706
47784
90380
85398
56322
99389
86848
12114
75373
99959
8269
14983
65735
2654
85744
24442
27483
32293
66244
3326
53769
23161
58295
82510
58970
24531
2324
25275
2898
55306
84660
98807
33322
4306
83075
47046
24731
80860
42116
87277
42768
30881
79836
71813
39864
52352
33098
83099
22950
98216
53536
20144
65363
4469
84711
60472
45109
63809
53515
31806
79746
53615
2570
84400
8511
94279
76993
21844
73215
85268
70388
89780
28759
36065
1534
20768
3997
85360
77175
27397
74617
8825
56607
74556
12331
48696
67417
35020
70005
95351
9763
97576
42439
81986
88359
30361
9459
40214
48861
54694
90458
89654
14076
22737
88371
28199
82864
57415
29537
42945
61251
16140
62847
77149
68659
59620
27089
49588
34747
84446
7139
3365
96606
73195
71552
32249
43050
20993
93159
41194
94203
81573
83736
3796
79760
34008
14150
19188
10917
96006
44085
15895
22335
93194
98692
67000
62775
82472
87441
39334
26954
12764
93419
97785
88394
70262
34767
77768
33867
68016
35198
62032
7942
72907
79799
37794
37173
46104
93117
51119
1424
24150
39346
48806
6071
43300
59918
12897
74118
81693
23759
99128
1467
44528
8157
19311
12143
96115
46930
84979
24774
57855
23197
67503
903
38597
77897
79651
93242
96170
25243
23954
282
86984
43858
56237
99811
70588
88246
95545
47297
6983
406
76590
42100
37018
71057
98817
21224
17794
9448
42347
10180
50301
47054
28687
86315
30020
83426
34142
91194
96559
93359
1330
76891
12328
32974
29936
58569
1257
21514
3411
13983
51690
22493
73080
90637
1033
13921
79530
85889
96349
91322
21544
56920
34771
1664
64592
23274
26293
70236
6637
78907
80163
18178
3966
37269
62124
73038
31987
3718
18529
30235
61519
8172
38649
49366
80868
3922
79944
47524
85138
16376
30061
89034
70331
61919
88620
1815
27851
39119
78881
73220
90829
95763
45904
23622
92440
59591
34691
10446
25620
36787
5552
55612
23514
83844
76185
36588
77552
88324
30957
77580
20194
75066
39044
11960
79847
59174
40905
1013
97338
82610
17417
76996
85103
69191
61993
40955
54962
25763
40596
44532
84312
83454
12784
23363
36938
8364
20630
3588
44125
31725
31697
44936
90203
55579
54948
98930
40934
8345
70548
65050
52060
62010
65410
14777
23728
7177
46085
22813
50105
60969
32572
21925
62308
79927
79704
36644
27318
37406
73678
19105
90911
32078
66322
8033
43374
2054
90190
5646
26341
19525
96582
73838
62283
17065
50145
43193
81187
39538
26083
23262
16511
81070
25797
15596
87342
18478
37524
36727
82078
12123
8591
21948
96895
23921
14006
20429
58132
79552
6433
14927
12996
44230
35267
33449
28307
81176
58376
75996
84457
81369
9116
82443
43675
78457
6390
22972
10519
20983
85776
42376
63016
12781
25305
85602
63908
50158
14850
94839
25789
53325
85836
62307
87205
63499
26544
48137
86815
23131
29897
51260
57922
13554
3004
51841
55460
87634
91552
1751
7528
22417
51163
10944
21174
57371
69001
86328
12885
67097
3175
90197
14518
28296
6621
21449
46066
89919
2803
55541
50748
58529
82579
9661
26854
92051
13300
15784
97379
48037
47093
864
66777
44082
87778
94625
43999
53070
45578
75816
8058
10128
84418
83167
55471
55211
35049
29002
78785
64731
52932
53820
61690
70605
2279
44815
13719
90162
98723
57070
86603
52449
54361
75553
42221
1149
5267
41628
33587
16694
50440
95887
18591
50075
93227
99587
37372
72767
70736
91266
10971
4090
95285
46294
7705
14083
39105
24831
47931
38470
93529
23416
1847
88316
27004
32080
66316
69335
71983
17632
91921
77723
39884
46183
57957
74300
19038
55194
88295
14795
94333
38817
53274
35228
31845
37321
71434
84320
51150
36530
66089
77104
80975
80430
39752
33197
77361
78930
68001
27616
99075
2093
94081
16885
32671
72254
85954
91264
62938
29552
84744
1323
8049
94691
34887
28701
19480
53685
81640
61438
4021
41707
9853
26081
28678
47843
93257
33004
38143
95690
28468
96782
11961
70983
12998
69737
12037
50726
62220
26813
83245
67356
80708
65510
71266
29034
51027
68243
31155
32799
82859
87479
93196
31504
95670
7065
70634
32248
2668
41400
72593
43856
3733
18354
99855
21313
59205
55047
82972
80596
35210
83365
56584
5005
75074
49049
34992
58178
49649
32355
28910
38485
75000
57711
33942
89686
12542
51739
58871
68996
68813
59811
52473
63105
79612
15490
28772
4763
77868
42408
29060
24685
87389
49626
57981
14117
93556
59218
98089
757
53642
77368
89999
26858
94202
31414
95699
92843
67566
70009
60550
34219
69140
87567
45856
44313
3618
1794
55856
62334
69202
39861
82592
63101
31731
10216
18428
15478
88007
92376
29828
13184
65693
95337
30358
94047
49120
4236
73544
50990
9310
33633
46903
76561
17198
95322
81655
92679
11570
78095
74760
47024
60912
48128
94882
1533
38475
14684
20143
59785
6515
29558
47135
77633
21995
38108
91990
40374
71276
50118
91585
78245
7374
16243
41254
21604
3540
13804
30743
28092
27019
93861
68711
51201
24331
48429
85751
24434
961
23914
44875
82866
67492
50937
20601
83226
57221
52200
73611
93975
88395
47773
71863
15347
80096
75803
50460
72802
23757
65772
85847
72159
97353
82424
23200
95554
21195
51825
5914
78926
58330
59869
67909
14872
34572
74263
31354
25189
97454
39135
72797
9937
18592
64985
57755
86071
25455
47449
36238
93763
18470
21021
8550
54672
41274
36427
74533
26367
65903
21856
37772
99482
96594
53518
95821
94526
88668
1271
60905
51203
96398
1299
39633
3769
53591
11660
82837
272
77592
68860
50389
12356
66703
14671
21641
8659
97255
5549
34458
93373
58025
62363
81364
96626
7993
2872
34121
72862
37671
56417
88086
59225
90002
18816
26766
32330
50089
61084
40462
23387
92950
68874
99947
3488
17814
5043
21910
14897
53183
96774
43895
36774
84110
67897
77058
15431
80435
5967
80422
53157
22544
58553
23810
80966
16223
79997
90476
97334
84992
44227
66040
65004
14038
98174
13457
18668
10737
15159
53443
94602
59717
2699
37957
4929
47021
52653
81660
40761
58252
69284
14056
69473
57571
78330
15264
31217
85233
71517
9479
33898
70534
1391
60593
28647
10612
87087
41451
27187
77156
43883
82773
23940
684
75671
24223
34330
57500
98795
20938
59161
76113
65576
10841
24792
12801
95672
39648
79438
84174
99372
87689
47988
49133
66632
40077
14980
19301
70684
4217
535
21137
84137
9665
80454
60278
45387
32543
19015
70194
98962
44576
13775
89678
33283
98286
53651
82863
15958
76595
1075
29573
43312
29217
34544
64555
6931
91099
86648
43692
126
73017
74186
43962
68834
13276
84021
43851
53190
69907
5794
14078
92390
99051
99441
70701
92420
41625
42438
76034
62005
48110
60732
53384
77337
40609
16663
46784
9366
29906
92384
41120
84611
20456
75954
8260
43068
10539
21930
38009
26693
65290
19975
93537
361
28987
49799
75672
58198
56156
10694
6091
86060
63092
25625
31069
81296
90667
69659
39937
12613
74741
98312
42851
96136
13878
55037
90089
36759
42723
6221
93899
24823
30749
11908
6273
98485
91796
73944
62588
81290
68921
13929
33904
61759
14882
71935
73343
45325
61045
59296
64653
89923
11045
79314
89217
12485
67088
82998
33575
62463
90759
8337
79516
68507
86548
80937
19954
80110
15658
55682
90479
35767
7913
50065
99596
68214
11044
56524
36602
7779
93914
36315
95211
3496
71603
4639
18935
32570
76090
86080
6094
86816
37119
25732
66122
63870
46767
43195
97390
19499
60988
63346
46408
35840
64052
22292
92584
40748
90650
74797
8452
34978
12204
13016
29911
53477
2103
93465
82583
26048
24161
23950
36829
72255
90805
63547
72626
86392
22088
83019
13177
79385
54855
39818
41917
70872
49417
72004
29364
49703
77463
76231
63932
91678
3567
19946
90904
59367
84557
99835
68426
77169
26135
64123
62398
34868
25784
89725
53297
54865
29070
55399
34414
37793
57181
22212
58764
29284
97452
45094
54857
69721
55112
47085
62868
86089
95667
93547
61071
41232
13306
40983
97885
8667
49814
40216
47439
43635
97012
29308
60403
67858
29968
73051
40637
5699
93490
50354
3226
36991
29586
81412
97113
30462
22125
55634
60994
79752
41836
96545
40413
17114
72105
81134
75246
98098
96978
77273
40282
97806
1184
516
42571
11763
94729
82270
23176
46931
66540
49386
59804
42053
76663
3729
75077
49557
34127
90141
91687
60201
79255
71769
68476
86927
27247
30089
37082
85383
71045
69441
52294
92367
6341
24236
40963
96562
75050
27453
44838
44627
97537
94192
86571
45661
74318
91211
39444
2729
18188
20879
66358
96986
868
14951
61883
31253
56282
75841
2393
72389
27952
67026
19931
2721
39748
80815
89233
92125
98005
77734
6812
15873
42461
17700
22550
46728
97043
1686
47332
41171
26619
10687
90659
95468
23741
76786
41725
35499
23250
32147
79348
66729
62651
82049
59348
31760
36551
89397
82404
86486
34016
43313
46402
75950
61116
91598
26002
82995
34269
35265
89221
69377
85680
23911
7715
24337
4119
5823
82301
56741
92813
70586
76294
62528
9161
18484
66515
79053
42678
11205
78610
3679
12422
62410
6569
67226
3981
21934
99415
12663
26285
37138
57970
88750
41716
374
65910
73664
53931
23883
78882
21786
3582
81638
65301
95922
92280
3134
37973
28329
73929
87396
3650
71553
6325
24734
67975
31744
55498
7475
92137
69305
10622
21355
81579
1458
33164
89132
27615
2102
70229
41463
22437
38758
48115
96224
66846
23003
31911
5556
6664
63553
14412
5152
23874
70632
39474
74844
96162
78541
34534
3278
61305
70547
32451
26245
11292
13828
89594
93769
56969
58840
31782
81893
33858
12768
60888
29680
63771
6070
31304
99990
56764
83232
90166
42233
20669
84602
8757
56171
87238
38031
96967
56539
22658
66872
17998
98065
46318
73575
68661
52759
74833
45627
2811
82558
40350
23376
67560
58356
22386
74650
36183
84942
17859
4730
73596
46030
64783
80723
33946
13086
64591
17231
43057
98055
83354
82507
69867
866
93418
28427
97555
40120
29437
34733
17292
62555
28338
64757
56604
70264
78791
34294
35149
71490
99364
82882
81230
88756
72623
11684
3780
69552
19267
33338
9739
96616
77556
6279
62104
60386
45720
31181
37577
54308
4202
44941
6543
30321
67207
22780
1948
69205
82263
19743
11968
54870
10938
39794
58475
4338
34371
80594
50466
96868
66472
61409
33669
24534
63677
45374
84707
58180
73123
75340
62427
59254
55964
78863
59573
72517
32021
1763
93005
80363
75130
51053
2444
3783
72087
61269
74208
53144
20231
60840
19250
7488
28405
66222
69808
88547
50272
84274
51131
41387
16677
32064
45540
17351
88961
37960
25318
17196
23986
53051
80483
12960
35550
81361
35189
66679
9544
7704
9921
30555
56801
93062
31535
75567
80449
32100
23475
57706
72304
18233
22154
68452
56975
26782
10817
77113
18550
35828
77496
85957
36604
67467
43178
4059
73318
52010
10463
52136
61977
508
69936
52189
11087
77475
22503
76268
84346
89251
54161
70503
41833
77381
56391
88863
40481
98694
69831
14487
79476
1005
98977
5370
6548
10062
60685
70646
6112
89983
39613
49570
28018
50828
32573
66683
89241
10964
19576
32825
80206
2091
48664
67432
63010
39238
66163
51807
8544
73741
82129
45669
66108
26834
8463
1696
781
57848
42528
83378
42556
35589
63137
87157
34302
28633
23103
85697
40492
7424
89089
78352
50538
50650
50910
69930
43736
86020
92394
15408
56739
29320
96593
33087
17204
61198
47548
71578
60932
98924
89685
45955
39865
96266
78567
96240
9172
88923
16506
58372
54008
18321
43934
64553
12379
2753
45702
74641
26381
72608
82794
66406
99193
39618
63396
93595
36982
10738
30883
65912
53224
87032
96708
35631
83424
3916
3999
85790
86040
85837
53260
14603
84301
32784
64399
64302
69502
92230
13182
11557
55398
50513
15445
271
64624
60842
98483
70350
29421
29761
25996
51521
21898
88128
97940
40261
89099
911
61228
49737
79417
59488
96639
35773
74227
29716
85069
9191
47032
23497
41911
36096
45266
5690
53311
13625
24379
87925
65208
30264
47465
52008
67944
82565
40847
16257
15312
40190
80819
62683
46243
62553
11503
80117
45733
45629
84617
27733
7170
56337
9222
89156
71819
94298
55897
30413
65684
60043
35455
44161
15275
10789
96458
45129
35333
9466
80825
80891
14229
55504
83567
46733
22218
85149
87138
15910
74419
77636
66597
66430
82746
9521
73967
82852
33123
28217
52069
92182
91426
91956
46145
59770
81630
47554
71222
97812
2440
82808
47459
9866
57339
2839
67330
29017
70968
94937
87022
49938
5450
9446
39819
96454
87684
37947
20564
84724
78450
11916
52581
1219
33718
79773
81167
44794
10533
58603
38318
44663
52369
54666
86272
27856
56347
43713
87102
94721
1410
49408
34922
44514
50476
763
77304
35393
16134
71629
65153
94698
59331
12813
314
57990
83913
98034
52011
68811
19926
89581
86167
47581
44198
73090
97659
30876
37698
64516
71563
63369
44318
48299
1570
61312
10193
2569
3512
59249
4074
20575
24407
11972
27978
16656
81459
67573
76089
67982
70674
83761
89257
1085
50026
55760
11365
42663
81041
46277
61280
57231
96232
35230
65955
19823
12977
58153
12776
82395
89476
61693
78739
807
73436
17789
78601
23720
30097
17885
92724
51354
10324
20224
67263
41711
45592
42716
50975
87856
90124
99652
26671
53542
88285
68846
12877
77147
56565
63966
6313
15357
6997
22326
42655
79428
39976
71481
35283
45494
59854
60289
97222
91516
82515
3807
59936
60674
17806
18416
68138
14118
17839
62515
86281
61122
38904
9452
69694
85616
77518
91411
40865
67624
93589
3901
34610
17152
54833
92193
13272
30028
61696
18256
74811
75278
24715
62832
77153
68335
70525
23101
74471
22442
70607
78496
26012
5936
13586
42968
96247
77703
52725
73321
50766
97314
26676
66094
38703
54918
55707
39083
37418
53855
61789
57444
58390
73548
23704
99729
25484
25441
28680
2497
13417
65262
82984
25197
46507
13118
32800
49350
82473
88673
21419
15927
57283
80475
68342
56608
8070
97627
70555
65944
84321
72421
49862
37298
52995
13826
13250
10078
41550
88372
39211
83814
65408
46398
11229
5570
31917
8358
38790
73329
86713
41258
3971
13321
2551
72331
72093
30958
27081
82672
22175
39314
60977
38126
43529
94404
25506
64168
87279
665
725
72219
38556
7301
5683
61961
20380
93038
90578
98184
72527
33344
87380
98848
4539
34908
58699
90279
9503
80780
87333
90682
20850
15786
51566
2733
76632
54090
98665
3037
13157
34957
60372
54211
63420
96810
77569
75566
23315
11656
8414
81752
86316
50361
49763
56103
8924
81548
67011
2991
60433
68387
36914
65795
32780
1705
76774
51732
74997
70294
17725
20617
11921
89139
38335
93459
10450
99077
60198
33249
24286
89694
71387
68187
23115
14912
32923
24463
8987
53207
48689
17791
21184
92704
98783
24393
41421
75271
89249
34906
9507
18868
47986
91179
15776
63045
8534
7527
95
92010
35105
32601
24435
50401
75635
47260
13917
39935
68503
25077
93356
74826
29862
93204
19031
76701
28908
33410
2731
91102
61934
49743
44646
38280
11349
80577
14985
1315
2801
15900
90134
96473
11716
34222
88635
30911
12390
86181
70473
20026
28395
22713
87353
39359
68091
2214
80544
46129
31854
56067
82042
23561
87695
42578
93456
22721
73682
3991
83322
19694
50494
29249
13063
53894
14534
64112
30782
43778
81400
21177
34184
1793
6871
51429
2643
51933
63859
147
3525
96000
96459
4228
75579
22391
28617
84259
12658
3428
55175
89739
72432
8408
76781
26534
34336
50878
42649
28776
60453
68199
99982
5655
22286
54716
13239
71916
3164
81633
83333
9548
56629
92621
9129
87796
37002
79853
20042
74059
89154
52471
84230
64740
25559
67093
71101
20379
23477
80030
1226
25377
90202
16210
13548
60447
36135
4954
39397
16035
17227
88303
83242
16999
44533
93493
17353
41721
8803
78889
23885
56943
18781
92236
78310
92975
55345
89052
71424
2685
59240
8732
98020
66062
64351
32444
96332
81978
38691
42066
28434
26487
74324
23061
8760
44738
81513
96121
29365
98614
48390
77091
54876
14695
896
96560
26309
67155
242
45671
2715
53581
22
70794
56830
48084
97610
82753
16728
87051
22197
59405
27060
62599
97723
49569
50416
65111
88517
63717
22856
81793
62455
5011
89867
18471
86485
90794
31862
64288
95229
7961
82735
89891
37908
49253
13302
57032
72985
51414
13827
4320
36231
17759
1016
5518
96586
56248
23419
27248
73730
81410
40406
74976
69009
52034
29602
52894
66104
84136
22013
81313
4195
63425
45254
17793
51159
75517
84870
7925
98142
17514
21825
64131
18859
58126
88676
54917
86980
79
66370
76130
84095
43468
94725
45801
53245
69951
4125
74287
51911
12930
99992
64827
73662
73694
47391
58735
18635
47678
3715
55425
99658
33431
50291
26079
75389
46152
76641
92825
75914
58007
93296
83998
78780
62318
84980
36237
87153
50194
52309
45190
21188
95908
93875
31480
2227
18722
50203
40798
1532
79148
30658
46072
72714
42833
64265
88891
9491
8384
39743
62805
96111
52210
93024
7587
58835
56598
42410
55840
9688
30346
42999
74875
19597
51844
83581
62762
89236
61975
10149
26882
87606
51383
75984
6923
68376
29785
8273
84162
90070
47383
7459
82027
72582
97343
72850
9540
78804
66749
95071
83949
41334
37552
33294
81998
29087
41478
59073
98411
33007
67781
17030
75112
13533
44821
82849
70078
44791
89627
14306
23641
92803
3744
22190
26297
35314
22977
9796
80734
3537
34596
49577
45913
76718
71511
81312
53254
89653
80305
54564
84242
23266
51304
4378
87079
27263
9165
1142
4649
51937
79046
97267
4326
54725
52617
98507
99011
34736
45868
16471
55609
94565
86536
50644
92012
39854
43614
23466
47853
17965
10113
11172
58752
80579
40335
622
16724
8438
35137
86533
95208
79988
19142
58377
15771
98449
81062
54209
49981
16310
97916
33271
73044
3572
19760
54490
87774
73052
69519
49856
24815
5886
22868
86625
16258
64761
28782
1842
12445
34457
29669
62550
41523
48901
10095
94594
95339
97388
64177
36106
53175
55616
6212
40305
34438
59754
4377
56142
87906
94380
3288
41079
45583
13675
22592
53420
97984
22203
61191
4783
69083
29973
65866
12836
52402
8044
11585
82846
67807
51140
45712
79725
83473
82370
43001
73556
38504
5604
84747
10104
33251
58713
20203
65270
62331
10058
12967
57259
95635
11178
2537
15773
17804
92775
52513
71368
64863
12633
3
76970
8580
28008
13142
10953
63433
49685
96827
5265
64317
60411
78723
90269
79012
5771
95280
42704
55630
80971
73941
73912
99536
6332
63038
68907
14998
97893
87814
90363
25837
60282
41768
5501
18429
43743
71836
58789
36221
88735
90592
33729
44091
95819
87343
99636
89916
34105
95594
90012
58322
27002
32149
8001
36008
78292
39731
6434
71859
25565
61894
19580
20665
58059
57657
52804
38927
95777
28298
39369
92836
11527
72072
63612
52187
67013
55330
13556
43361
68130
38766
86570
10254
65016
7703
23918
39789
59963
81245
30398
98871
34821
25049
81846
55002
11650
95090
56709
54839
84891
82755
28156
38186
45162
89130
50698
88110
79776
61481
83097
22862
98594
20816
15998
93035
78607
8074
91715
40658
26500
23097
77025
39841
88530
13308
44068
84558
55771
60474
4900
38075
48928
19380
21940
96852
97458
5939
17899
53167
63557
3025
97997
41474
86510
49005
14626
2379
50964
79690
9311
74882
68556
56023
33556
98172
5656
89370
62404
2586
8239
414
21509
26398
58814
25934
79655
56755
27346
45602
42343
29014
93967
82934
67528
37878
46853
77522
87500
32732
56311
23310
70754
36623
13068
3860
94944
82699
9783
67477
71634
79842
71755
90653
20785
1237
22187
18964
69896
71562
72282
33035
36271
19553
47473
26316
23907
30525
44319
34296
55491
81240
42012
59517
36525
80116
56822
16079
58361
85230
83335
49746
12107
51292
58832
87586
16228
94891
51614
23143
94169
19144
19103
57082
86596
76239
97865
5509
7116
75969
27572
66117
37362
81973
97099
37449
46469
78004
43307
29571
28470
72220
34900
37403
27839
25504
19218
61889
97042
87400
5758
44435
62497
25356
7759
49486
62385
83324
35465
58320
93698
41278
87850
35536
87681
71176
10790
46822
53350
95177
70493
24509
23664
12952
33525
34305
65438
80588
71122
80270
99179
64870
49017
67303
55353
81710
98674
11041
53086
88912
10363
99487
26846
37218
58174
25143
11891
6326
27330
91237
96762
46548
75093
56233
50016
49750
26242
37427
17284
33444
51564
75924
24293
90423
9848
67704
26244
34030
3603
99309
47551
62734
12883
7895
36337
46696
78641
74169
35383
42545
80553
22201
8275
59861
25461
61428
2065
65107
50859
24036
27504
69693
2200
56528
68616
17312
42202
95404
22834
43842
81433
19266
64821
78547
14343
39929
17072
72437
71818
67096
9269
54793
83923
5147
79657
40834
84388
63471
61578
72449
32793
72688
84575
21854
69562
77781
36949
12047
89298
51829
11168
59053
97380
82771
45981
7416
21057
95319
3237
84007
88507
34106
87923
68402
17945
80008
13114
20955
52674
60625
55181
56461
24896
5746
63373
33190
49780
70705
30127
42242
23749
51183
45076
95462
73412
33443
7175
25239
31076
93548
14013
49898
71960
45964
44707
50836
44518
7186
10728
43058
12819
3335
7745
806
85607
17591
22750
18512
7322
39095
92937
14735
24171
18725
65893
79334
29594
93100
90154
51138
25533
16280
88636
2086
60538
26599
80523
85881
42670
62120
99586
59005
74738
23533
76108
19185
43798
20849
84754
49102
39721
5725
11817
45086
77967
6233
42792
34568
73893
98267
36229
93678
57701
91392
92955
40786
14216
48431
59682
94030
50818
69133
6940
19017
91685
59472
97872
85527
77904
39273
60502
29130
84840
80509
67599
21566
1946
50822
86093
85416
98878
3996
26823
29318
8642
24126
40929
48277
56077
37222
44226
36018
41866
39363
94812
68839
48068
27626
88514
23665
29235
58022
6841
5777
60613
18261
28720
36487
11152
20197
15824
48982
72050
63063
25815
29469
14014
62479
60790
41631
73638
18600
79852
39289
86437
43445
60237
68027
53960
24649
70868
13831
86439
81260
30775
62750
76689
86160
66191
91010
95861
94677
46899
63401
81611
78215
39342
280
44704
93193
76907
52160
26760
29019
7858
79101
55816
22909
74966
63097
95988
91753
39472
19196
44312
46422
7571
96587
97296
20235
83181
65286
27731
67665
25503
89518
51646
2151
28419
47938
45283
67990
35428
30567
7225
14733
30777
58557
27683
58519
10242
29754
44444
42096
85096
72288
89177
68537
38490
69591
48328
17902
42944
798
38516
99244
53421
8380
75634
56940
18394
92819
60013
28105
23870
63785
43593
26759
84569
56249
5562
19635
55603
7864
23816
26043
5575
9235
43994
56425
38347
19589
91501
68983
400
67381
9914
74181
94215
68602
42274
23068
78703
72507
52292
88102
49377
74458
92721
14621
3951
73807
9223
36570
51985
15635
71747
24105
93869
7282
91564
92421
93733
12101
72376
77195
98895
86588
10535
59202
24548
38662
58830
49148
51935
13455
40237
47476
47090
76625
5445
4815
32781
84058
15602
96734
88582
79253
45637
17197
63217
90171
13969
84472
47977
57164
85959
27944
81911
408
34646
13480
5396
58524
45038
29313
40640
29251
29432
85129
95608
87253
62122
41968
63429
85321
51817
76846
11160
96927
50012
55975
99035
96057
12093
15322
37076
60908
50273
78172
2340
95793
31195
11345
52551
8621
90257
35341
29702
7395
1223
19682
64371
5639
38762
13626
24764
76241
28998
4739
79800
7478
82862
27279
84151
98570
17028
92907
12519
95362
52108
18511
46345
46198
4725
11006
97760
61903
27761
29422
35820
40760
66625
4194
6310
61388
87610
20102
16464
87625
14653
58166
18186
82011
77341
56846
31377
1349
8695
48187
67032
79077
32384
7360
51256
18482
83754
86305
83301
88263
60173
1327
5571
39944
11721
36111
66666
42686
90041
23516
48486
33824
22598
53146
70848
83089
7579
35718
4755
55660
14085
39
38162
31641
27068
92142
10111
59594
94324
19472
74416
33792
22511
98380
85580
40930
36272
82624
94670
41627
50372
43532
32989
92472
77581
11091
66893
85963
11971
59989
989
77698
589
17108
28613
57722
64611
25475
57263
41525
69031
27220
78303
80642
65112
49565
91406
33757
9188
30868
17326
44564
31389
4302
64437
79349
16184
61946
73958
39405
71806
6507
71767
97005
71425
24787
2202
52356
33872
57686
95543
86391
40653
6018
86026
95939
89703
99087
90175
92443
29510
40861
58562
58346
48557
27976
87593
65466
22932
44616
46098
83079
24371
48743
4666
84304
95833
68779
6421
32700
24445
898
67769
45363
69224
3338
29363
76519
59838
81094
6466
67206
67030
87946
56578
26018
86178
43508
80894
28948
21905
28116
4822
81784
44465
23056
51849
30804
66969
88282
27544
62026
27261
51539
31292
25162
67480
48809
84956
38727
84322
95371
11784
98392
31640
62494
72967
33471
97566
87854
65627
37925
35521
61163
74761
11446
1227
64854
93244
39276
25916
98264
29220
52741
30011
66598
88274
5532
34553
81951
2068
2119
66575
67693
97845
48687
46503
7030
44577
34288
52760
46515
4393
61475
53901
4206
60207
65904
80038
76789
53015
57907
47766
53309
11959
63249
14889
43343
60029
67524
46119
33355
92060
54484
84869
72998
64276
51892
10018
42975
55078
71803
48417
30328
64953
33779
6467
94261
51301
20543
67598
28746
77218
50713
68978
38397
96495
52366
75146
58069
13450
38601
24997
24064
78981
48007
78959
63514
25149
15823
50028
23116
73216
27432
37565
23646
17527
77080
99561
92960
66627
19342
37317
32000
166
60867
82265
43018
19110
44071
95814
631
37275
82521
78622
42906
57589
97937
53862
5395
74161
1451
893
16165
30040
24965
33465
1519
57434
22186
87156
16904
18451
14224
64179
42758
29658
4512
28805
15646
53060
26231
57883
19384
82744
17942
57149
84756
88434
82258
44261
71064
41207
66242
51649
98474
79892
54852
50456
78700
88837
3040
45148
88633
35374
56936
74386
59397
16532
21129
82626
46619
29029
99286
59899
52803
17916
97176
80191
53963
81565
23895
87934
94886
78065
63093
87323
68589
73831
89529
77323
38267
52505
21242
38841
82354
40183
23375
71161
95370
47000
52739
18157
82080
76215
63687
96795
17454
70662
43254
56443
71812
17988
13738
22944
72819
15531
95476
38739
94204
76171
89096
86978
88361
20774
64734
79557
51015
35833
98923
18217
70244
61252
40900
16756
35213
13763
94943
86874
28102
39316
68855
83570
40134
85767
71768
35144
95361
93671
47984
96298
83677
25882
74231
71879
26474
33323
10772
88796
10286
1999
56596
72403
56173
62465
61748
72551
16465
75799
9582
48937
53138
86069
2183
43287
69878
26748
46921
97197
96318
34635
82290
8939
79682
35135
28464
69251
60368
58763
79219
75814
50267
69979
71407
54571
3961
8711
38382
42340
14614
57075
37096
90437
55950
94950
69977
90634
79220
47921
58816
10956
56973
96632
7682
67258
40361
12597
83272
97805
89425
78894
39477
34047
69336
68582
84286
89862
18956
23188
8410
55595
7517
87702
41130
50418
92868
22112
83492
86108
91944
51004
99490
45465
50249
79575
38327
46664
85819
75483
17058
91740
88491
49059
90051
95904
39158
91837
31111
42781
61838
59746
70499
8879
7281
9770
21607
71359
7449
62568
4894
28704
94319
19606
84215
55421
62647
2232
82056
73634
56942
10478
95423
97590
14300
51547
81527
44001
7945
91899
60428
70658
11872
17489
54779
61423
39251
39069
60541
35661
33612
77842
4248
88854
86907
30666
83644
38401
84521
85517
41127
82191
1306
83531
39163
91716
92215
53691
593
35932
7026
53359
76057
14875
88773
17402
85341
11725
81355
42681
61682
38529
87727
75155
15621
54735
65541
35235
25903
64395
68482
81387
54141
17385
94553
16421
15701
61011
27303
39257
34383
27891
28672
46676
76204
63366
54292
8359
27217
40587
78681
26071
40645
42036
52899
41543
98573
79955
98305
56061
81492
93452
27313
74403
85004
22102
37007
81373
77793
49616
84803
77299
80058
96070
222
447
75222
56645
77660
94220
94682
81626
24436
89406
48349
35844
27571
41530
62439
84272
64945
85788
60799
59763
10012
80768
99032
95172
4132
14391
64957
66177
8553
46334
85899
24989
98568
28584
48671
27657
83178
3008
86957
73951
24077
46791
98872
44830
21246
65569
23288
47693
91186
82144
32164
54015
83435
39299
53887
16259
15435
89592
21915
79113
35636
30136
92613
49790
27982
93291
55077
11474
52176
16624
88461
72621
71457
18291
71724
46430
13911
45380
60887
59168
39773
37664
60952
40966
63232
27067
12449
22867
12724
95889
10390
59058
29646
56260
63704
9287
90373
55860
52809
12981
19851
33356
1844
79825
85010
25939
10645
34567
14840
67738
13408
62246
51339
9922
41441
77290
68745
79632
82359
48888
45849
83885
38844
90221
57835
57363
37587
76648
32903
94669
20739
59026
2257
63627
19007
41317
51396
51402
74837
96663
16739
55684
32551
81249
33980
97815
31519
87321
17388
7224
30044
6061
78553
37647
70892
24695
30561
49771
97736
45163
41011
14667
98538
86491
34088
35003
37009
85379
68672
97510
76821
16065
5821
85385
74447
36431
1749
75822
36501
91815
64121
61381
16306
72441
4081
48289
84500
67475
94860
96838
23627
75777
42417
13046
50181
78216
68011
42659
1885
81333
26428
42137
30545
70873
19415
4052
45771
99250
81133
35563
68542
29531
36513
93397
85989
13641
22857
33664
67713
89517
80212
44254
25415
99542
32699
56835
84257
51792
66972
78138
60209
1182
87604
52310
81632
29860
83573
57256
44479
3261
12916
67707
71545
85389
6211
2118
42275
68924
58428
28210
82508
88217
528
83843
20815
49303
91142
14310
88835
19548
87582
76900
79537
187
46901
38634
48101
71804
97110
50184
80566
39212
38770
25046
13341
1550
93693
49235
57499
70536
90907
15633
74908
90143
48958
58776
23540
72112
40838
22312
53355
98913
31950
82691
63478
48727
88738
31122
24805
98867
87291
28203
14694
175
98159
71504
6810
11572
95312
54051
8573
53561
35495
90747
66871
64332
36109
30245
3209
11378
13407
56137
89433
46221
28536
14453
74139
2807
20539
58401
42952
19495
42173
71826
36458
79471
53044
42549
28774
77733
71925
57736
3157
4201
95547
71884
76372
49596
4932
81773
10962
2843
33618
48651
67868
87462
2262
18564
8985
79994
47160
97240
23443
6517
28185
10414
31826
75642
20864
15956
40200
73931
1706
98683
92460
59314
54145
5845
32968
79055
21880
94938
9098
60047
53280
41059
14791
98475
10833
58842
23632
65894
37334
42572
96702
53296
82234
12583
75290
59807
61021
6065
2493
32206
48337
84090
29910
59835
99438
74151
77663
26064
43908
21151
20482
51013
25647
25802
22470
48226
94569
58751
70042
31964
18126
76967
97563
94728
85094
92049
49327
55095
57803
54546
19852
31415
16034
9099
34877
79448
74821
68136
85924
10897
20247
54451
9615
16486
54400
98393
44946
35990
54129
53538
79186
32530
84255
88364
30322
90811
7033
95885
80918
30604
77105
33432
74720
15585
68897
77908
42473
31373
12352
86623
3797
15922
65431
71758
93432
83069
86301
44194
86342
79654
96410
40776
74472
31971
76794
60261
75753
20475
77291
18985
81045
94832
81460
77738
1265
12521
93905
23110
19488
71402
55912
55006
89119
54891
96486
80304
14395
45750
78900
42899
51148
38301
52374
65200
44155
15730
1494
78890
45434
62900
988
65575
73670
57320
88556
3409
97068
61417
70372
21572
51342
38289
11138
55299
91993
60573
67151
28384
24709
84868
14730
67431
51758
89555
88509
29836
38435
57804
38806
15398
1266
370
14989
3032
23
42177
64822
1256
98304
63909
24769
96049
74675
52714
88035
34960
25308
53408
99687
85475
80406
36872
72069
74586
46969
48564
44424
69566
97207
89383
37564
57548
47232
36780
63161
85122
287
90727
82479
46149
27467
33772
70946
12938
39246
63123
47504
2413
48385
1007
22368
65370
77647
90740
33466
34856
11929
98141
15989
95154
61712
41462
43678
40970
95223
48498
72251
84195
5389
14969
3131
80729
88365
41793
18960
53160
86876
87526
54480
4935
22664
30187
73214
99013
6155
27873
27370
64893
27091
27677
34828
35574
51876
43993
15809
35047
62739
11093
42718
30769
30916
83260
85734
68600
1647
88627
26009
55745
4853
6645
38296
36400
22074
84691
34286
56529
13875
6372
33814
70750
6187
8391
57148
74973
40215
5561
25935
26987
50968
88956
104
99688
2745
75806
9840
63262
18109
77342
68368
12436
25995
10723
56967
26281
83522
71452
37546
66829
87289
18236
23999
77017
3955
29624
47063
86784
71282
51450
81575
80727
14094
65287
34918
10563
58480
83420
20351
29148
34748
14441
92374
19918
51929
25249
25126
50954
33434
63360
80799
46290
51171
18727
53099
35807
79029
62157
82292
52314
11802
50439
80821
44546
71178
98420
90085
32512
47172
40580
15841
28108
45619
79860
36508
76389
17972
3375
51945
60135
50377
22214
31234
59729
78259
91097
22946
43945
42529
5515
25674
33920
48478
71285
51812
56352
69657
80721
21985
29956
65608
71652
68067
37319
24594
1262
53398
48476
80556
51813
34070
34174
96896
35525
73462
5241
45195
86952
25851
54999
46892
82403
38709
9481
47760
62429
15126
67331
6836
14856
89278
96482
63031
24148
89073
73524
2783
76405
59310
61571
26365
83921
33288
71375
80327
40660
62383
2490
76787
20499
19333
81466
46832
54976
68151
86416
51390
55981
35746
2630
22687
26969
21969
94831
94628
2813
16921
31948
49090
35880
2896
818
120
77142
31740
40428
41032
54462
25895
36084
13399
69908
98057
12915
65997
43559
91918
46005
41053
11521
54703
23593
21706
80839
87958
30766
1727
23148
43702
50679
62372
18430
96835
6005
32767
34519
93903
17855
86551
82898
87873
5904
39089
77370
30657
66404
75023
41264
34653
28660
93818
31738
9691
63017
3038
42252
92799
73031
80353
85581
20610
65765
20828
82115
54422
44092
66674
11992
81105
34309
85029
23827
50913
3318
88150
21452
499
1413
92626
88887
23459
70480
47813
61550
96830
25452
64203
40338
39018
6887
67958
25340
50533
36449
26440
35705
26577
60794
73850
30273
42416
23473
75787
85154
3700
21752
32717
57491
81905
83875
59474
91858
17230
19101
52733
59569
79463
52137
77759
14307
99880
93472
52188
36716
19265
35898
33327
54536
38409
81627
83463
85775
64398
10334
37130
51468
23478
35238
76973
96573
5913
44502
93631
82532
75436
86646
13680
86117
57813
24921
31734
79369
76882
78151
74168
56828
97253
1917
44234
77683
69655
50857
3612
90474
64969
20688
5202
84098
67986
96226
75221
3244
25655
69571
2206
92442
21913
88967
94931
84354
73857
47708
96256
85980
78713
65366
87654
4697
4433
59870
88763
48851
17840
83465
32500
26839
74226
86994
58906
92133
60724
21013
72607
64464
4257
9238
83737
61943
39248
88611
49585
91370
2790
45359
54632
96172
79808
86897
22140
54220
93026
21352
44980
40302
80757
76985
99661
72153
33175
94029
76449
77642
78861
11007
90014
42671
96039
43196
5942
46595
33227
86806
6484
70717
89844
40794
8427
9623
95324
6600
54547
44143
10763
41442
41639
51306
20731
35832
16953
51352
69353
61929
10355
15466
78197
53497
77778
41236
16180
40061
534
94910
15750
54401
14860
35052
91998
87293
14069
13637
84922
47329
87474
63934
62030
66558
90483
83283
65780
87757
63531
88995
41528
95736
73128
22355
97419
19692
51880
47071
55311
1064
59558
58870
79658
75602
70805
11985
31034
43156
82840
97273
97069
2465
74045
38175
38554
4494
20280
82726
65313
89921
6151
75584
73334
57227
50134
8869
73921
32862
79801
93111
39551
61352
91723
98600
80717
34643
95282
26097
72094
46385
58827
47317
86467
58487
87384
40363
9861
59626
5121
3977
88383
23318
49806
9375
75430
37476
37359
82941
75520
6316
55451
60156
42610
71970
18266
22630
99812
4940
70070
98941
60927
99748
92567
23884
17935
74401
5118
11029
44606
45156
47199
57169
66931
84422
2792
88945
92469
66072
24615
1853
60812
80829
99377
11627
70191
76070
65905
40937
3706
20381
30715
80634
60171
38952
80244
59610
60437
47896
66623
76223
69532
26058
72226
91399
49860
47654
44894
93181
71136
30077
66097
26900
68367
27338
52889
14161
93306
46378
19055
56614
55853
76906
84717
17263
54438
49451
7862
32319
17421
70380
92013
81143
41051
39826
99544
1592
24304
68736
67322
44441
71451
67916
12038
44797
97272
58422
60700
57319
99194
87356
33119
53893
26111
70690
93964
41535
50948
81975
58798
66152
83460
16774
74897
8786
96319
1849
38715
95153
76125
77748
92204
74600
81408
88300
18070
49240
12303
72929
9643
89768
73156
63426
23354
5363
54806
57488
87438
21558
72223
62552
84087
46534
62049
45433
53782
58485
18140
42014
5217
95901
41133
99466
26486
35312
79906
8764
14905
97507
59401
74352
81427
6674
25109
66712
738
68656
1515
45044
57324
71323
7283
62202
40116
23337
26916
83388
79701
46635
93587
85723
30454
86944
65413
37171
58001
50114
6780
14724
12052
88284
96011
96502
8966
56100
65598
41764
80351
14478
19378
92767
44272
62817
61951
70766
67936
79901
73089
10642
91970
19180
59766
34043
29022
91196
51244
98496
77452
80900
60628
55141
12039
42981
30237
90744
71182
11818
63684
35867
80559
70056
277
24844
69619
77446
71931
49298
13173
2058
29156
71139
56389
15517
50214
7097
98540
92214
59955
17150
5321
57871
49252
62619
74028
3443
47029
61700
34839
95823
71520
99509
4969
46215
685
84531
61552
11287
72696
56819
98551
99794
87540
90471
29453
30070
69344
73945
97183
36660
23673
45566
28630
17653
20745
83046
46550
56725
86928
78485
62386
32087
64148
35488
82391
4997
20269
47584
96848
65476
21078
12213
19040
60355
69463
46131
4989
34968
67753
27516
81520
72104
19748
76662
84121
2947
30385
26874
95659
14290
83249
48167
17838
4642
4848
59056
82727
56626
13598
670
20838
72196
53834
21498
64178
85
3726
2878
71389
6166
57328
85185
28373
41908
88744
94754
17439
46121
28274
59117
67911
15643
69149
41914
45734
60547
18723
57789
68113
15007
19010
39484
17573
824
82886
12182
67833
3573
55938
1213
89631
57964
64046
84338
5642
85241
43586
39344
23323
67374
73001
4386
21626
18089
97731
95472
54566
73416
35053
89038
15962
60641
56609
17545
39059
95870
80736
76673
26773
50306
1927
99976
14107
29569
70300
97519
41265
8592
65901
53815
4523
2920
71469
207
60618
43555
13498
18965
69749
74369
27340
6874
68984
41208
30589
89813
77184
40056
67443
52230
53357
26995
48120
16070
79879
58324
18700
26298
4188
40229
93049
86448
15595
75501
66297
28176
51695
2001
69294
78830
36033
99989
75229
49614
29265
39505
13304
54132
48650
92101
14803
1506
83413
25031
16753
4907
43763
30850
6971
12296
31726
17896
82283
74346
89713
26652
12308
58342
81569
17951
78371
26779
98790
75833
73366
75733
72818
15768
35781
60121
519
8989
19560
65334
89743
37333
16955
95648
5173
60419
7442
98702
61279
43320
7075
28575
12910
54856
74005
86600
39087
99410
30420
85570
11773
61322
43053
82962
44018
69274
33837
44034
90651
4861
29337
14642
15381
30366
83899
2565
89272
69953
20030
25878
87671
90863
81753
2881
61982
82284
87299
30172
88057
14935
58068
21301
14120
63820
68252
24778
19733
10848
28462
89593
68926
53104
58512
67667
9951
40382
82161
37461
57299
71445
8455
98227
83087
53346
63764
27123
32892
1435
11189
17756
32620
64129
43952
81089
62728
13270
23070
61967
5131
84071
35244
54512
48440
60885
8430
83714
36769
76713
90990
41551
45562
90999
89193
72486
56265
69235
36998
5986
17415
14968
49723
97807
87497
73913
38546
55642
47409
60911
51343
87792
48654
73984
97442
62019
49076
44136
59470
92152
95026
5280
81561
4774
73552
13324
11118
37211
11760
47825
20830
80068
99935
48732
98791
74359
78383
24047
47908
57628
30342
14781
42942
72757
532
35442
41492
77823
27712
95524
64637
75196
20435
90960
30247
26542
72846
77116
32636
97840
83966
69913
85375
79083
82300
375
64664
63784
23710
54121
48112
6377
47082
39266
3423
3419
23123
92624
26168
42412
9216
84407
39295
51780
12503
51386
73897
6207
66319
50883
56970
85167
76565
19125
34325
9052
65279
47516
25562
6724
97693
3464
28187
14995
93734
91413
13138
64366
95326
62987
61489
46827
1221
7220
10182
67712
29622
54444
20152
99439
26013
6479
50108
62727
9985
95661
9227
48624
48781
40126
61987
51740
40954
11450
10071
33394
89731
36165
27195
60002
12694
93563
62340
77796
5455
68943
9835
77332
3351
95349
7312
55641
92619
58825
86568
27543
4362
50106
39154
93622
37801
19077
43517
97470
36410
5456
95844
61580
3854
53074
21965
59686
48580
53463
16334
97036
42041
82057
23022
86221
94222
70820
31815
42714
67041
65656
44135
18919
99336
26399
78046
61477
29096
26077
16141
27637
48185
37913
65306
83604
94984
81847
86937
79915
97543
41393
60219
8741
27806
16346
84712
13124
80107
73915
21568
3069
14869
88527
55431
63309
35584
14198
67317
66438
36654
72424
95961
15082
43252
63774
71711
5360
51215
9061
85979
71186
2169
74715
37351
4955
3844
94367
69556
66616
82767
55926
38818
80417
39187
75089
91279
18753
54009
79271
92241
25480
39072
69805
57863
14685
19441
35896
56649
57417
15878
11922
13315
4872
37921
40796
57906
24666
63749
54659
7986
92075
60730
22497
54893
18123
1762
40454
10179
70755
38917
21307
92594
60104
53717
48470
37699
83246
21442
51120
73018
47982
33180
45543
46171
80178
3118
3286
49210
42350
946
90757
84592
4379
10664
34751
39287
69229
98950
40558
24163
50848
37304
10043
78318
55066
68858
33131
62979
70271
30222
2544
86238
63757
99988
60162
75912
69625
80188
61985
47663
51346
90251
60339
29667
73542
17112
98879
41239
12241
88267
59235
83038
33682
65027
52728
62743
92576
66190
20678
64605
96339
55571
79278
57342
10046
77651
7460
48796
3384
55186
74578
43033
36973
78231
76489
17175
76390
90644
29723
28123
29123
75401
11021
83482
59819
37630
79117
9391
18557
87975
17490
11338
37765
84696
90341
77133
56164
83811
77274
83360
79659
68436
33648
23170
3171
83693
84886
54633
61999
20078
52286
3475
842
75592
53549
87647
76990
80672
96534
36799
52297
32340
50786
15723
31374
12284
55644
86917
30919
72401
22819
30949
55336
51135
12145
20676
88241
92508
55599
91738
56477
33056
28681
36908
36830
60061
55397
99853
312
907
65179
27885
12344
25659
20421
7685
64141
46229
33523
12799
72536
71627
70514
90501
32494
93122
10470
28551
17913
31193
92620
29018
16649
14865
98772
15879
10895
4453
92273
93380
22446
58615
63525
97907
87993
30424
68313
85905
24141
88813
57223
47231
9486
19914
84949
27275
83145
71292
80681
3688
41831
28009
77735
45701
41765
65331
93946
85720
58820
91235
87201
85880
63702
3450
78812
16523
19212
57555
58136
25094
38155
52500
87270
89537
83863
28788
41918
13147
14657
86173
2961
34424
15325
57383
675
99702
54106
51189
10448
97670
91477
83175
23102
41938
1289
48941
56014
42154
24568
18096
31120
66044
93507
28080
63326
88856
87870
50198
73775
75344
28231
42195
43971
90252
10989
82766
49961
26343
16188
60636
82989
54062
18873
91442
45961
42144
64219
54031
70116
40342
65114
53966
99926
5132
53472
25015
56423
39806
59597
19974
30694
34332
38978
95498
3080
48012
59839
96965
26443
34031
80551
6402
19465
67308
82251
45455
66205
2951
58907
26450
20060
78064
21431
83608
25976
56049
48546
88696
33921
79057
31052
96147
9122
75893
60266
66607
52750
76351
39263
77894
92467
66993
22745
84382
99178
94188
7618
38896
97820
15433
57879
71665
82722
41223
24446
29764
53592
89805
60819
6711
33961
87355
95377
58819
81540
52687
51117
12787
98561
80994
9504
73160
45463
94949
23317
38707
37549
47532
60292
29118
26477
33073
21122
21060
47327
61837
58497
64363
1012
53659
25897
36629
62818
43183
74490
68516
99207
88305
15519
20632
15751
88614
42262
69398
93774
58793
37151
21262
54457
6706
20244
36140
20529
6441
10669
5859
32017
49849
55619
10199
56631
79400
7889
93727
60632
59958
50141
37493
49645
15714
60370
93882
17752
22771
47907
34295
85074
81402
403
77312
47764
51042
70997
78920
16024
84108
88134
69688
40188
72046
45687
58653
54934
96200
46154
14554
8349
67267
15139
83471
37175
48961
68170
36923
66304
78805
7577
87849
30524
49003
33955
33045
87579
39365
29518
12473
21273
48829
54349
58555
83995
72548
34713
86059
14020
61941
32963
44513
29986
90754
66834
86192
65062
31106
86619
3082
63523
38092
799
28151
54122
7819
37738
942
36754
14931
65236
12488
69809
58271
6087
84085
20450
74424
8144
32460
56471
3604
24202
623
15268
32669
69437
26092
61626
73445
74722
79829
15724
85070
40664
2581
21373
66157
84370
28804
78738
83910
28138
23428
81983
81497
71646
1364
26847
34233
50689
22543
49575
28797
11984
56998
16625
7710
24885
77803
75820
47834
50772
66605
53320
27099
10471
2289
15429
77008
91031
5857
43655
85035
89441
95059
69347
27631
74744
3392
16260
31628
41784
813
97618
62178
32976
86774
8862
7363
65805
37287
46571
96159
5799
71125
73806
37832
29840
40482
41828
69710
7762
85728
80387
90900
26518
67891
59419
57962
67204
25120
83703
4464
93410
43606
78982
43603
83387
93389
51805
88357
75482
1525
12090
58626
95614
39560
81808
41114
95221
99422
67696
38422
27601
30199
21457
79623
2494
53234
49470
29718
51608
78674
29919
20292
34425
39003
60596
37861
53063
6720
91299
94557
58806
20156
44974
40497
14552
31565
92779
49347
7086
7355
31132
75132
97585
31014
86558
84532
48038
52458
14100
17083
79422
9777
13038
49289
33487
86021
45815
89532
19133
18205
70496
75960
45769
85909
59084
74353
11277
14764
82772
73789
95729
68224
83309
75880
19699
70579
97139
17635
48540
25955
69782
26751
76526
23819
77174
47184
24833
77138
64135
53776
72498
81048
23487
25371
13947
17422
32759
68407
50606
38198
80042
13600
26564
56627
47668
96054
71787
33474
71975
617
5049
92893
73630
9065
99671
11543
89641
3691
7148
67978
26844
93357
45709
70345
10762
39827
44968
8297
26932
69826
98169
5380
10227
69440
82219
41299
72279
72739
17733
48908
28291
66750
97473
1406
20908
42112
98579
35601
7025
33733
91066
69791
74560
81292
29127
65277
31807
56513
19747
58233
32230
40388
36647
81319
45208
70172
7851
14250
42984
29517
27458
34287
55825
21603
18732
44739
31720
10174
47286
55516
69561
78860
19018
98440
48688
96865
25578
13007
3098
7172
48559
36443
37869
90077
81332
24737
60407
83359
86514
68898
85742
30880
69136
58017
74647
20550
26761
87733
41500
47634
64081
15909
57823
19468
35422
59505
87745
75801
65492
40365
37660
4449
60820
58210
62183
7603
90381
80302
33417
22472
96108
25611
15034
98621
86007
98678
72583
89634
54734
87966
58228
72745
88737
30428
27457
15624
58834
53880
4067
41197
74530
7262
6864
30563
27650
84078
70435
66436
83000
60751
60690
82106
37326
10073
44487
60218
27845
17183
65750
7771
26525
96540
9529
94392
20289
53461
1947
30284
34538
26126
21159
19967
93572
5319
69748
44109
76856
88544
8158
95845
7230
1138
19293
93945
68183
15383
79107
24464
97500
95569
14820
97383
76791
36160
15181
20021
6906
44590
78214
27931
96744
58989
73442
46481
74802
67337
65678
59318
63183
98015
26307
52119
8164
15412
24553
7344
44762
42542
32027
29528
79804
49732
79390
11355
32174
45500
54338
18249
48502
17674
13477
2212
7223
67351
27461
29238
96259
10684
10640
61822
32345
75454
76035
73158
79009
39041
43882
66017
72461
28104
6800
94129
59221
68060
1630
32152
57154
15625
64888
39888
76312
89095
45088
37896
5591
42526
1314
64987
35541
37346
76265
51629
84503
50594
43975
65692
34196
86083
8919
84978
72145
29864
34485
14271
28777
11413
19079
7251
58747
28029
91358
43774
80770
88720
33561
71035
90893
68533
25765
70611
88808
11830
66218
1292
93485
76333
16308
42633
52816
45893
12382
27105
89051
62276
39913
11933
81537
23843
73624
56999
61207
9412
38596
76612
66195
24932
59542
40161
19964
6567
97878
73976
60009
19670
40423
8564
92123
20526
46099
33719
78725
23442
33576
13579
3645
39020
38373
53598
92419
22577
53946
35081
9096
10990
28278
79502
1714
93455
96989
35457
35481
60086
75586
83515
73735
4111
80409
52740
73207
40927
83214
78104
32239
82981
4037
69772
72350
43249
649
86577
36416
32348
3821
46965
28177
71366
31548
97209
80610
70708
84571
9804
77366
68876
46501
40804
9530
55014
15916
21383
38047
89655
77620
64023
25282
57174
84933
65335
37079
50510
71721
18445
64877
37576
65196
16478
21779
77761
13133
78611
13976
94981
32218
97147
28242
2541
58778
6395
21882
26706
48856
21855
69119
64695
23881
76025
96231
72178
7846
58813
22832
36472
25379
20883
87783
855
67033
58808
47686
40234
82858
52261
20208
90959
32338
48960
79302
58988
90780
17510
24315
97876
11239
94563
89386
19235
71019
51034
33831
9102
77717
41923
93426
18891
30451
33810
21996
96737
5748
55488
19248
81822
93921
98313
70624
37883
1811
79031
18955
50255
40529
50183
14964
16973
83847
78503
44777
39396
82032
73174
81298
40879
66296
72470
15859
17900
61419
52857
71211
68019
33050
96760
14024
54207
45785
95918
90775
82123
44445
45805
47255
41617
74615
86321
38206
67530
72211
71482
84501
40355
45279
29395
49314
19062
23401
90103
10143
80158
11834
62201
15011
32365
316
50758
44199
46561
46253
71018
13191
9755
13750
2207
48634
862
79433
73559
66383
66664
60711
81656
74164
67692
24231
94911
88700
30512
72603
73834
40243
35555
88888
1280
720
68738
26161
21089
17476
87042
86338
62622
20985
83773
56111
9536
7429
44812
96812
79459
39811
59780
26268
72660
28787
88139
31585
36393
81877
55231
26417
46080
91839
49469
89572
80631
1699
55146
44683
5494
3106
61495
15015
72045
28412
80635
62853
91498
98788
63406
13760
42250
21215
32145
51816
9236
64559
23956
55999
43698
14442
66662
9001
37533
23905
20366
73281
6505
29962
69340
50527
70323
6602
87488
53383
83586
30969
73986
94183
94089
89732
71210
40081
66903
27696
77336
30337
99659
30753
29333
40436
46610
24091
60279
16193
63193
17697
41988
42295
286
10252
17186
67512
1522
90314
87977
7066
31060
75160
62918
91960
4881
27755
84709
20772
25152
83103
54381
33685
19989
80090
39411
38950
78941
4545
52975
25519
29255
41000
57973
5720
29631
72955
89875
23824
13211
60353
69975
13400
36492
55831
7989
38253
11333
9294
40122
17739
75752
59760
43150
20821
32529
54033
88468
41415
31864
66325
21248
18366
89858
96173
54872
46078
14716
38489
91937
54808
19374
69537
56278
73993
3068
34394
93436
68964
89487
46884
60755
28590
18790
94161
23645
95942
80390
13020
87911
97737
64738
68794
97572
12780
43843
36638
49115
21366
41134
92289
11950
94375
7636
67463
67649
45313
75091
88669
89273
86304
80806
10702
90079
68822
85295
56010
17129
52287
52030
29869
42126
84289
20113
82505
42305
28226
29996
46669
4053
31123
61848
5534
3626
15672
80872
78276
17471
89436
87653
90107
76615
45511
26809
12257
28204
69884
64688
75731
1242
68092
44952
91082
10615
44437
58403
99311
86410
74887
91618
49515
36433
9485
20479
45590
21046
49099
76604
57285
52770
9716
59267
34254
55754
79082
10951
3347
14402
86868
98515
6460
15176
24577
24134
57900
9596
44759
76704
17802
36592
65007
57408
48123
50714
12129
97306
1067
36310
50047
8173
84477
59725
7588
85197
4333
41250
30214
39863
81318
63438
91026
17915
93325
626
86138
5392
23783
95776
13056
54372
65606
18147
24362
39941
94610
71677
86403
30190
2573
86081
17923
62198
81551
82918
27246
88269
46646
29690
89629
25709
11026
32534
15147
26216
40906
51625
78910
6905
2793
85729
96964
95415
20056
53395
20142
28686
13317
42424
5520
16169
49098
65251
40998
8278
37299
87472
51014
58768
22584
70125
51082
20494
21832
31187
36672
50780
69039
12755
37594
156
88834
52058
76373
72812
76411
4091
23394
39537
7238
86689
57876
57641
20960
48152
25761
78078
57978
78209
16548
76327
48881
12991
47929
68882
90943
26644
80743
36319
33569
64048
18657
18142
35190
96845
65456
31066
39777
5023
62506
87399
44773
72951
45969
42186
72840
85515
61211
68763
57914
68434
93232
13747
68652
64176
18664
2817
24192
7492
72902
39716
41029
85203
45001
34972
79311
4605
49212
56080
77301
14410
43509
78025
74475
35664
83879
82731
89753
37725
46530
75713
29633
5504
43434
48519
87524
94371
41314
47470
63990
48162
68307
11795
1420
58824
96468
86341
62499
40414
43869
1274
73441
48860
14888
55748
49959
31104
90663
30832
97363
25124
60772
54102
72030
20625
5609
15120
52641
96617
56314
58032
605
51245
38393
41382
71777
16116
78432
16837
37434
56116
2941
28885
336
36197
42754
85037
72369
42390
29408
95437
7274
27646
92342
66321
84484
61231
56208
52511
47526
50072
99925
69769
27294
22440
72409
59409
32545
10685
51508
86470
29342
95637
97770
73194
10697
29961
70742
16103
63255
46753
46575
55251
7567
7491
91021
797
59526
43220
72097
67289
53994
88482
30593
95742
94871
59712
97901
44552
28305
47520
98750
53290
31153
47190
65967
76908
47121
5345
84861
34166
35366
2641
88321
13894
97999
21293
28171
10465
76848
34663
85109
33785
37505
8777
30149
59843
22283
87125
75884
85645
17928
44598
22068
31839
49286
34027
75918
20972
92345
4928
99280
39562
54727
33044
2384
10994
12405
42688
8154
72549
2157
6821
41842
34250
2768
94977
88683
61642
18104
2143
43668
22863
43747
14662
65146
32901
63898
74276
58084
8230
37729
13726
48270
34585
8922
22788
93271
50894
36062
26825
64934
34703
46680
1802
6156
32418
49561
40023
42288
93687
18549
99622
57737
92599
32068
23184
42683
47768
94001
46421
46305
27670
86889
11630
34048
85746
6498
28436
46349
89035
91071
10646
60469
61066
87180
52743
76503
23023
58299
31791
32025
61395
94574
2959
99691
78376
71705
6531
15187
31748
5122
95899
37760
1444
90792
32246
46613
25933
60979
81414
57321
34497
28336
95590
54069
76936
69168
62745
16710
42414
11605
24877
69689
28127
57940
33502
72789
17616
88370
53005
24410
46491
13658
805
71573
19891
81195
24558
59552
7804
41637
60961
6760
52269
70257
37206
13762
51940
1493
63035
97333
29237
3889
36411
37123
54892
43790
90081
1976
50939
40398
64051
26426
45007
64595
12983
90647
51909
6157
99484
79619
78814
45618
43397
18046
88256
69017
29526
90773
31732
45816
80530
81708
74148
24711
50137
67551
76725
45054
88610
48508
91616
99224
20225
69362
36653
11836
84700
42735
41932
98821
99025
91165
37614
80209
35382
30938
95652
54100
67458
92726
6123
2552
75320
94546
34723
73817
22824
51975
60004
48113
49852
18535
12564
89153
97891
28182
36332
28960
19428
69498
87116
87058
81173
51698
87434
64239
41697
98077
2139
86845
95503
11309
73493
90214
45704
52618
94383
63915
53318
34732
29668
14322
27518
38377
91816
7254
89140
16338
42018
35503
30075
12022
65845
26629
95989
96314
51555
9021
38434
80586
76753
33537
65141
75758
35771
99616
72830
3574
25639
27835
80735
33889
74671
78903
97824
63388
43878
82501
75405
65
50482
64876
44107
32217
71967
93741
18662
15364
579
90295
45326
72713
79218
36152
39601
83927
42726
15610
74278
75725
94990
77297
47720
75617
15543
33439
52439
31561
56405
840
98388
23584
86632
45608
61043
68181
81944
96167
9127
3743
53929
71442
83874
81938
64800
53252
46259
55918
9732
1598
12669
11583
82913
34066
21338
10403
97226
93530
26718
16366
40394
85019
41047
57546
49972
81386
41101
73503
8306
42300
86701
49699
20239
13081
8193
44745
71663
21897
40444
76062
89065
43425
66298
72154
26072
7040
15142
832
45641
66110
43670
38803
15447
70821
7003
59274
78139
36481
88160
27593
41649
16947
63287
20553
46695
71213
53977
30378
24492
24669
88027
25971
52048
54544
87811
18316
2185
57344
59651
67972
22089
91444
10103
33979
48892
18660
13061
92148
11975
14623
8972
74411
23707
43040
44190
84925
23657
30019
85911
70692
39065
60116
2561
83582
55333
73106
43649
48573
79156
32662
73108
55057
88765
7272
74576
81145
19665
7607
91119
83172
95159
89506
21142
70597
8930
77423
86434
77271
22625
94890
11180
66618
42802
71201
56123
45263
6648
75119
25092
20184
97794
62655
55034
71301
53814
52762
71386
2996
53155
31050
87298
75086
73517
87892
72262
55921
81241
99522
12049
71776
6104
12010
88170
30629
75350
44263
17144
64523
2022
53345
36595
86180
43705
27170
69834
55557
26122
65009
43832
97355
86407
11158
6180
1137
62709
39279
87544
97709
69513
88893
99015
22022
59930
51651
30771
43170
4219
93512
2418
66995
79797
36686
55114
85422
71732
4366
76292
18000
69062
85704
81943
89510
53161
7557
96763
23268
3405
87287
8339
16633
82228
31484
82378
75228
75055
73665
67161
37339
63258
69081
78270
87431
33196
40325
