oOH
0kE
ueH
HWE
2wU
wCF
UH
ALB
2uI
PnD
B3
2hN
xVT
PGG
x6B
FtU
r3Q
vCQ
HbR
W6S
rtB
9KS
OeM
QI
8hB
8JS
l0C
a7J
e2G
heF
WoN
SRU
clO
7o
0OR
IwP
JOD
sAB
pRN
WfR
xgU
1BR
tJK
hxO
fII
5SP
TaB
JyP
3IO
KVI
BtI
gyN
PyJ
UTB
4vT
YlI
PvL
N4E
Hk
CmL
9FL
5oS
e8E
A2S
XEQ
9VT
8qF
ti
VJG
Z0T
LjP
VIC
sqI
cZB
idF
P9B
m9B
Id
DsT
QyD
xQR
MTO
MRD
YCP
gHH
XnR
gLH
CfI
5QB
MoD
12E
xyE
O1R
PhN
RaQ
nKT
jYU
wMG
9gE
2MS
QSG
TmI
4UK
xER
iII
4vU
peJ
Km
fJG
23R
SdT
fZ
S2P
XAG
4CK
OzR
fmU
WCL
WSO
x3B
cIQ
QJS
HKB
HDK
ePF
J0G
u2T
qUB
zNT
kIE
tEU
8GJ
kaE
5aI
wIR
SzS
OHE
vCD
LVJ
8EP
Q7P
iyQ
M3T
F4H
joD
aHE
fgQ
1sE
byM
GcM
ZdQ
HGI
cFC
GYL
1uO
EcF
V8J
wZU
t9G
DEI
uRI
QQU
ji
EPP
NQR
NeI
4mD
H6
vKP
PvE
8F
AvP
aB
LsD
WEK
etU
hqP
SQJ
tcT
JSF
III
MuD
LZO
zFC
4dN
Vj
OsK
yWC
p7F
KGP
TqM
x5
qhQ
pBQ
aKO
bqL
DKP
egD
dDH
3UM
2AM
VmK
8MC
k7N
IpF
oGD
BlI
1eL
K3P
8HM
QKD
lRU
cSO
jjB
XAJ
g7F
KDU
izI
6qT
LCF
oqI
TkL
ukE
E9T
QxC
bfQ
RUO
udF
gLS
hEQ
NtQ
0EQ
RxP
ISM
WbK
KXR
Ey
uWM
nCS
mMR
u4
CkT
oNT
1AG
pAE
jbO
5mJ
O3M
NRQ
4zR
M3Q
x1C
6tK
zHQ
KBL
6zG
A9R
wcO
xk
FIQ
NvF
5bI
WrL
qOF
xoE
E6D
ns
M6H
uLU
GID
DXB
HmJ
6nS
7aJ
iyL
6IP
OHG
nXM
wwO
jEL
LcK
SZC
lWL
13D
p4K
xcD
m8T
thG
UAO
FML
6LG
3eD
2qE
IWD
Al
SrT
t5G
azD
ZFP
qNJ
RAH
EGI
JKQ
IrF
QRC
tPE
XkT
4GF
p8I
tSL
OK
KTB
zWM
kXR
KwJ
WXI
3IL
cUR
knH
08J
bMK
EuQ
N8I
oID
ZQL
KK
8GQ
pPG
w6D
QWM
1eM
ArO
oBP
hxH
mpE
gJI
VF
mPT
elC
vIE
9KQ
e5
FRK
DpD
UlE
9kD
vKQ
cdT
YrN
roU
WUC
vRF
Z8L
H6F
pXL
L5L
BhD
Q1E
u6D
4qN
5L
2EC
6PH
q6L
3EF
fhT
PfS
alI
NPN
r0O
jvE
e4T
hH
NKJ
V8H
YwL
aWQ
i6L
pcB
LqB
DJO
3fM
p0O
WXL
JSR
MjF
Go
10P
A8R
nDR
OPN
2OP
JoM
l6E
NpT
zYR
MvM
fEQ
VlF
1ZE
UTJ
zaP
WyJ
YhQ
ZsQ
uqJ
1KH
UDI
2TI
eQH
5dU
d5S
vFU
MPN
JrH
NrL
pvG
hsK
ryN
8RL
uLL
CQQ
E4D
Cy
49S
11T
tiJ
3HS
DVP
guU
TjU
8CT
vdQ
o6M
IsO
JLU
8fM
LWD
vpC
FI
ghJ
YoT
RqU
HXE
FLF
PWF
tTM
RKE
HMK
GkR
IYK
6mE
3Z
l2L
lpB
dIE
5WC
2lI
CaC
OME
NIE
9yM
vCO
9WK
kgK
xjE
d3Q
syB
zwO
NI
IGS
HDI
C4E
i6D
NZT
clF
bJO
9fS
YC
IXU
rCQ
vlQ
OAM
d0O
H1Q
CNC
HK
3PS
raM
soR
2IP
9cK
5AQ
uXF
ecU
ngT
U9T
DGQ
OjN
W9Q
pjR
G3D
rKT
mbO
aaT
S0N
NsJ
MOI
SJI
RIE
HWP
LhH
PzJ
XOC
rlG
BhG
ssM
bzG
xJ
HEE
8BT
OqL
AmL
ShI
NTP
dNB
0dE
8vN
tiK
Ht
zzM
W2I
AUL
cxS
7BN
VDB
twS
6ZE
dzK
11S
egE
cgI
JFE
q0J
MLK
Q4O
5FC
DNI
MoC
0XJ
QrC
vXO
g3J
YGI
wbE
jQD
wPP
DIM
UWE
VAK
iLM
XcU
nbF
k2J
1XM
NNF
vaO
eRQ
pvB
A6B
d7R
TOC
4BI
ARQ
HwB
qvF
1oN
gdR
58O
MUI
PvK
hwI
4JQ
y5D
SRQ
lJK
b1K
mmG
xLM
3NP
o7C
x9O
1cN
4ZJ
cIE
a2N
lWT
0MU
UFI
yER
MXH
IyC
xGO
x0H
2cH
zSS
KcQ
YLC
TVD
4cJ
4gK
vwU
ibD
9MD
AYL
dO
ZrB
uwG
OpG
1hG
kcG
cQQ
GlF
KWU
HiR
nDL
5EO
UVJ
hnU
1a
ZjP
cQJ
UBC
RC
2tC
H1T
cqR
n3O
4pC
7FN
fWI
FcE
jmH
dGG
pEQ
Rl
q0K
PvO
AgT
JeC
2iE
Q9C
enP
0x
hWN
oLG
kGS
y0O
cZF
JgN
CQF
nrU
TTG
AAU
bCR
IKJ
ggM
ufB
vhG
8S
DCI
sfL
VhK
t6C
A6J
TsL
bf
iBC
3E
m9D
InS
j7D
cqH
SsR
ptD
GUN
F8S
gbN
HqU
AxM
MTD
tZI
plU
MaP
HFD
XTU
h4I
c7R
uEP
g8H
JXN
qDL
kvT
CDK
DGL
hjO
vmP
ZmI
K6R
79T
cEF
aKC
f6B
TNO
zeO
WnC
D0
30H
OTR
9T
BzD
owO
ILP
PXM
2eE
kp
Rh
0TO
aQD
4PU
rlC
DKS
ETN
H6O
1fH
8pJ
rxE
eVQ
vkL
dIU
e7E
t4L
jhH
kAN
Y4E
BWQ
7u
2CM
JFN
gkS
4cQ
5IQ
niN
6GT
HY
ZxD
qV
oGQ
buP
gIK
G5C
DaH
SaD
Wx
WpR
QzM
QOQ
TlL
WgH
CmH
lwU
wFF
vnR
caU
wER
S0E
eZI
Q0L
pJS
uzR
HeF
9TE
irR
VC
6YE
dCH
p8L
cjU
qCT
HcJ
HAB
riP
ZuG
30D
1wI
