8359
29883
47074
6705
6208
83883
74281
51026
10164
15101
89564
59541
84639
65410
10074
71957
21148
3082
23751
66885
25278
16758
844
28921
88161
7456
78123
70784
23660
26140
81693
14669
33229
17455
48354
78657
33924
33746
16166
63722
7356
18485
74670
48797
91154
68692
21000
62805
52189
26221
76682
72401
56049
41369
54128
21528
82601
6355
81555
14518
96379
20115
27907
12569
42125
67828
35943
26350
85836
65554
6963
86881
58221
44914
10237
92779
90841
84752
86599
76863
68809
7357
53651
82450
17413
84986
59786
11397
39413
31457
66858
47259
94601
92624
48435
61147
96402
78606
6053
46902
95484
23623
63716
60971
95863
5430
62187
45207
69230
42459
45541
68607
65381
85399
93185
51677
15512
40035
94733
932
53934
52374
23015
44208
16614
83679
62636
74758
80265
63084
19090
59562
13270
15072
7381
114
2990
73025
2936
4958
4255
58595
43177
30835
75629
96217
42112
26870
48064
36715
78196
49376
17002
58103
52349
25950
63194
88764
52993
66408
69439
86637
58172
89007
80102
41049
9961
96025
32322
23499
4229
22371
31390
88193
80801
21991
30788
38395
16005
30243
16982
3988
61761
34654
7752
23273
44351
92505
67149
25066
75447
8193
59025
94989
65797
23280
51244
92473
67132
58457
80248
2134
45176
21174
24572
80604
64686
92760
17935
4191
24334
37882
96037
92569
10654
15277
5629
16702
11876
89062
62327
62026
10242
83492
23667
63705
29630
51697
55110
88410
57840
40950
58611
85831
77303
91853
82413
65186
37734
13141
83161
7156
19305
39258
12453
67524
29506
75613
5842
