GHwk4X3D
DWdWiHCV
c3Gn5RrF
6_b8FA1T
aXqwXbTJ
lvEyMRqx
IrRNFTAh
ghesNvQt
WgQzcn1i
TmxRMe1e
MUbASluL
vFzt2JQP
42Yk6cvo
wIfuzUX8
NR70zvJP
LhRSguNI
h5gjfdKa
_Fr5Ks60
VF7LA8sh
DB6LuFm2
d9KgOl_P
whywWbNQ
ZXH0dOet
ASiUmc_f
9e6k5idC
hoLGZWTY
PUkNlkKe
x8vX6Epb
ni0aVoUl
gWZnc1GN
f_h2uYjc
fOlk7kTb
Hi5OLTR9
2eMnOqmN
kc6icSXA
qoH2W2Qc
Ez5aUzbJ
SY7WRDiS
yqUgwES4
ZEy82D6g
08mluWgM
0dsXjfMY
DawUYzSD
8_RpedQz
CV2128qS
m9nmxdjd
6I28XKAK
mr4TOV0p
VgKaVXNP
eJqM6tuc
zWfpchIV
q9DDXghf
1BhKjRNV
IsLxEQJf
NhI2AjXr
zOzBU3ET
OpXSJgTr
risAjlz2
P4m6qPuM
I1NMYWXq
axKylcw8
qM5ibEKp
JBFGGEja
zrW10dhr
cSDENK1i
DEPO0s68
o9nYN3u9
bHVldS_l
W3IeCRxB
blt0rtq3
DU0PDSAd
sTfKTTVu
sUQD_L5e
AbPMGslR
W_2IWCLh
5uLPUNwg
EqFE0rzN
JwLF0OOO
sZ_4ItMi
27s4DoGU
prmMJwaw
7nI9ZYTv
ky8e_dzw
FuW4iqfO
hb7NhobK
WVjK28Tg
KD6beaHi
UWLQQ7FX
lpeKIWzW
pdokwf7X
IIsP8SMs
Y7g7sfnS
QnCmythj
btpjxywn
PoLOlbNB
YqWOhx9v
sfr4GESe
l6NPbEF3
SSqRrpE0
e1yYPpC9
0_OcUX73
kJOJM8wk
qjZs1JBp
SCLnWf1f
viDsPkmp
MQ3xktVZ
cMs5JUmF
eqZt0T4v
1DtWx1I5
RK6bl60D
Kf9E6kn6
tR31r0N6
hE68NJ21
_D99w0KY
J684xyyl
ZFcyrHcX
0pIw_IL9
TZmnjReq
Fv3kpsiE
WWjNpWRZ
qesHaAeJ
aosgVIoS
fA0tSk1x
yMxZq30r
j7m7C_FA
DJuq0XKz
KcwsFDAc
98gjKGl7
uRToIrnK
yJbqz5x6
pQk3vofj
6tLK4Ghi
INSCp7mr
ELoxr4pb
5nfAN9PH
LEwjLjVg
Ivxm2IyJ
sAmn8w0k
1bmPShxm
hKUo0wXO
w6zBm3Ie
_c99WLns
KCbWNaZp
7mye3DIK
DVkYPw3V
h_B6EeQS
vwKYQMZg
rwRWFzi9
TBKoAmDg
iMZYhNTW
BnHPJj0m
C10umPIo
NnVcfHww
qslumWgu
3KauY4nb
Em6XmuAV
Hd5mLqw0
2meHH0rl
vcjO7vb_
3K3EHpHj
6GTOt_yT
ctNPlGWs
ZG48IGIM
jz2epxbr
GJMt18xR
mWIYzI9T
7F9f9B8z
JzimgTXY
NJv0SeAH
dKWM1uyD
mFAJfThC
WDXop_ds
LcfJt_uy
Fzgbhqv1
S0sNu9CC
u7MTy5h5
73ZpbXyB
CBdX2UOo
KwMRbA6n
sP6pcFKf
M5oEBH6k
qyQzpRkY
SQ2kCb7D
XhYTg55I
CwEv4B29
