36
447
521
526
583
860
987
1001
1196
1425
1536
1538
1707
1712
1998
2028
2157
2238
2246
2266
2323
2332
2338
2498
2770
3088
3129
3344
3531
3549
3649
3675
3931
4125
4601
4620
4642
4665
4859
4945
4996
5071
5079
5152
5167
5186
5369
5469
5573
5635
5862
5870
28
215
273
333
417
485
700
836
878
961
1126
1265
1297
1353
1493
1526
1626
1629
1787
1950
1991
2073
2275
2289
2327
2366
2606
2675
2713
3072
3285
3468
4114
4153
4190
4192
4193
4347
4354
4511
4707
4768
4936
5056
5076
5113
5166
5269
5331
5341
5375
5451
5561
5578
5627
5640
5812
5814
58
115
184
287
386
416
523
546
628
661
738
773
854
997
1384
1416
1906
1922
1969
1996
2044
2054
2158
2199
2227
2244
2262
2376
2381
2599
2660
2765
2911
2922
3032
3172
3192
3267
3386
3546
3679
3728
3744
3861
3875
4001
4463
4519
4683
4726
4756
4852
4854
4893
4913
4932
5033
5044
5100
5487
5763
8
90
192
336
415
459
550
595
603
784
834
984
1060
1076
1087
1170
1449
1476
1495
1504
1961
2022
2181
2217
2253
2364
2455
2554
2573
2743
2746
2763
3080
3111
3125
3133
3144
3179
3185
3201
3236
3240
3270
3294
3382
3500
3601
3868
3876
3934
4014
4033
4037
4059
4141
4173
4249
4300
4398
4593
4649
4744
4840
4900
4912
4952
5279
5329
5339
5465
5740
5822
5907
5932
5938
27
123
279
435
504
627
744
767
768
796
946
1026
1053
1061
1108
1211
1216
1299
1405
1472
1587
1648
1801
1833
2009
2079
2085
2252
2286
2438
2440
2616
2622
2704
2729
2824
3117
3234
3323
3388
3401
3485
3552
3682
3702
4053
4084
4149
4280
4285
4304
4583
4598
4817
4837
4875
4986
5034
5086
5135
5226
5248
5336
5468
5471
5507
5668
5672
5785
5946
5952
42
213
233
247
327
482
506
782
929
960
1226
1263
1423
1480
1592
1706
1875
2096
2164
2333
2416
2478
2545
2748
2853
2908
3064
3070
3098
3145
3164
3286
3418
3428
3494
3560
3577
3579
3645
3660
3680
3974
4110
4207
4235
4371
4408
4412
4424
4433
4461
4481
4652
5089
5122
5236
5259
5499
5569
5582
5726
5811
5895
5944
5953
5965
6000
54
151
163
165
201
345
405
510
541
580
618
788
800
874
900
928
1151
1343
1564
1725
1849
1850
2005
2011
2099
2225
2284
2331
2540
2590
2625
2726
2892
2934
2941
3184
3204
3216
3324
3347
3350
3458
3752
3972
4066
4140
4350
4364
4378
4420
4787
4813
4850
4894
4914
5074
5117
5124
5196
5214
5229
5363
5419
5464
5607
5735
5967
7
52
95
207
231
257
438
473
478
829
963
1046
1124
1139
1203
1363
1419
1520
1616
1674
1776
1999
2008
2148
2171
2269
2288
2292
2360
2761
2851
2947
3148
3252
3301
3379
3491
3496
3528
3529
4069
4106
4115
4205
4263
4527
4880
4977
5015
5041
5313
5356
5396
5556
5828
5850
5917
5992
276
645
654
655
712
810
873
956
985
1011
1136
1168
1291
1311
1359
1378
1692
1723
1962
2002
2043
2306
2396
2462
2553
2701
3333
3369
3429
3449
3616
3625
3635
3801
3935
3948
4030
4078
4326
4353
4437
4590
5017
5037
5097
5150
5203
5267
5553
5731
5851
5884
5969
70
222
384
432
446
584
673
682
695
734
826
957
1016
1155
1295
1502
1563
2444
2567
2592
2780
2951
3055
3089
3163
3199
3228
3245
3280
3438
3570
3575
3778
3786
3984
3990
4038
4313
4361
4440
4444
4514
4591
4684
4791
4826
4858
4885
4928
4990
4998
5001
5014
5141
5163
5628
5646
5747
5791
124
129
156
343
399
401
487
499
577
660
735
742
762
797
812
974
1085
1144
1192
1217
1219
1236
1418
1464
1535
1541
1551
1721
1742
1861
1876
2070
2119
2263
2319
2399
2611
2708
2854
2860
3003
3046
3132
3222
3224
3391
3629
3653
3753
3842
3907
3936
4089
4209
4355
4423
4432
4493
4876
5094
5129
5218
5274
5333
5360
5633
5645
5707
5761
5823
109
174
177
224
323
335
372
676
760
822
841
1326
1396
1498
1594
1620
1771
1911
2030
2045
2197
2449
2486
2487
2794
2805
2898
3130
3227
3283
3330
3742
3761
3965
3991
4036
4146
4581
4863
4922
5249
5409
5418
5501
5520
5776
5793
5809
241
358
450
467
497
515
612
731
906
942
1029
1055
1164
1246
1653
1790
1810
1891
2236
2471
2477
2558
2610
2624
2669
2850
2880
2901
2996
3014
3076
3101
3208
3266
3282
3317
3364
3389
3536
3862
3906
3960
3967
4162
4220
4244
4680
4905
4992
5091
5210
5521
5528
5600
5722
5782
5981
64
116
149
158
190
443
475
609
727
813
918
940
1032
1119
1166
1193
1329
1375
1400
1461
1681
1717
1948
2059
2198
2272
2312
2325
2367
2374
2463
2529
2598
2656
3200
3264
3441
3445
3504
3594
3733
3878
4010
4081
4201
4251
4254
4383
4546
4637
4757
5082
5088
5159
5197
5227
5252
5273
5283
5291
5357
5368
5473
5490
5603
5616
5798
5827
5848
72
232
726
952
988
1109
1157
1213
1338
1415
1516
1591
1683
1687
1697
1765
1804
1973
1984
2036
2040
2258
2620
2723
2802
2912
2937
3109
3300
3518
3573
3596
3676
3723
3762
3765
3827
3977
3982
3994
4091
4150
4270
4324
4407
4441
4608
4609
4736
4957
5011
5046
5048
5299
5311
5335
5416
5462
5485
5508
5525
5651
5767
5853
110
508
657
781
801
875
904
1084
1159
1350
1370
1483
1537
1573
1774
1894
1910
2080
2118
2121
2168
2185
2203
2264
2359
2481
2547
2578
2589
2633
2751
2825
3296
3501
3695
3925
4144
4166
4179
4459
4479
4484
4497
4636
4709
4728
4896
4999
5045
5216
5250
5349
5400
5541
5625
5681
5749
5756
76
144
434
630
690
716
759
769
811
831
862
868
996
1328
1466
1544
1571
1713
1735
1741
1843
1862
1918
2029
2155
2162
2210
2256
2330
2362
2387
2542
2574
2617
2686
2734
2915
3023
3094
3104
3279
3308
3336
3595
3703
3711
3726
3835
3837
3850
3865
3904
4210
4342
4425
4431
4468
4618
4628
4666
4795
4819
4891
4961
5066
5281
5282
5318
5410
5637
5878
5973
93
100
134
182
189
285
293
304
397
525
539
668
703
890
1201
1307
1369
1398
1552
1570
1652
1662
1755
1816
1822
1859
1974
2000
2153
2167
2365
2485
2580
2681
2807
3022
3052
3085
3149
3408
3454
3459
3782
3852
3992
4261
4366
4389
4394
4623
4764
4793
4825
4921
5085
5302
5364
5391
5453
5515
5593
5604
5784
5796
5825
31
312
419
468
494
534
571
644
697
732
843
883
902
975
1040
1045
1047
1195
1300
1379
1838
1893
1934
1954
2065
2237
2344
2419
2536
2736
2752
2796
2842
2870
3047
3177
3405
3648
3696
3776
3863
3963
4108
4385
4503
4504
4518
4561
4855
5077
5162
5191
5286
5534
5545
5587
5618
5665
5708
5770
5838
5942
6
20
94
111
433
574
692
715
905
926
1107
1386
1716
1817
1887
2160
2182
2377
2414
2552
2586
2623
3196
3439
3581
3599
3619
3826
3832
3853
3900
4039
4065
4163
4167
4200
4316
4450
4542
4568
5110
5153
5194
5288
5376
5566
5567
5601
5609
5656
5694
5775
5869
5900
5948
139
171
298
308
353
445
586
601
638
687
751
970
1135
1252
1334
1367
1561
1889
2004
2010
2053
2303
2304
2380
2383
2596
2819
2961
2984
3247
3316
3349
3354
3533
3759
3831
4061
4126
4158
4161
4331
4538
4574
4644
4697
4702
4836
5190
5231
5310
5384
5433
5513
5531
5854
43
289
483
567
640
652
711
936
968
977
982
1014
1028
1189
1281
1314
1421
1471
1499
1569
1647
1719
1731
1818
1881
1983
2023
2048
2133
2372
2431
2494
2546
2959
3123
3346
3717
3732
3738
3822
4341
4512
4678
4763
4773
4902
4908
5143
5154
5178
5181
5242
5374
5377
5382
5456
5565
5612
5624
5787
206
329
341
385
406
411
414
437
498
570
850
1096
1238
1446
1469
1612
1613
1793
1873
1927
2103
2124
2308
2354
2395
2446
2500
2538
2560
2790
2954
3304
3469
3540
3809
3813
3886
3908
3976
4248
4286
4690
4771
4839
5165
5183
5188
5258
5320
5417
5439
5675
5692
5792
114
128
301
477
568
856
907
923
945
1030
1051
1288
1356
1438
1501
1550
1622
1675
1733
1745
1775
1907
1970
1981
2068
2245
2582
2595
2804
2835
2855
2973
3210
3217
3298
3314
3791
3896
3981
4159
4225
4303
4365
4375
4466
4502
4631
4760
4807
4948
4982
5006
5043
5084
5436
5496
5805
410
481
675
737
832
981
1057
1214
1278
1364
1382
1478
1494
1556
1602
1688
1704
1727
1734
1762
1916
2050
2204
2230
2274
2291
2551
2690
2759
2772
3078
3174
3215
3251
3545
3613
3627
3689
3775
3792
3804
3828
3843
3893
3993
4032
4079
4168
4226
4292
4299
4415
4456
4483
4486
4500
5300
5987
5991
34
55
131
191
230
251
507
579
647
650
743
1153
1463
1540
1791
1825
1926
1943
2067
2154
2172
2473
2861
3103
3113
3143
3275
3299
3407
3492
3522
3849
3951
4047
4164
4176
4199
4340
4564
4758
5004
5007
5008
5157
5189
5237
5546
5615
5816
186
198
212
250
260
311
387
809
820
867
1070
1224
1243
1388
1428
1441
1542
1679
2156
2402
2412
2439
2532
2572
2576
2641
2799
2838
2857
2858
2917
3065
3074
3157
3178
3220
3276
3311
3416
3650
3687
3845
3857
3872
3999
4049
4445
4772
4792
4889
4943
4951
5099
5206
5315
5324
5536
5709
5898
5970
321
496
858
1037
1048
1094
1175
1324
1349
1406
1667
1670
1694
2034
2039
2098
2149
2150
2219
2404
2457
2480
2579
2779
2787
2867
3131
3187
3302
3307
3366
3514
3654
3772
3789
3929
3966
4116
4135
4206
4245
4256
4352
4387
4448
4610
5009
5075
5205
5596
5725
18
53
219
383
428
623
709
729
793
817
849
967
1100
1130
1204
1249
1912
2313
2335
2490
2507
2549
2673
2698
2923
2948
2955
3135
3322
3361
3377
3384
3397
3541
3646
3721
3847
4774
5068
5137
5171
5232
5343
5670
5685
5714
4
187
218
255
330
367
805
877
944
971
1027
1056
1306
1340
1357
1646
1886
2146
2271
2697
2789
3017
3221
3278
3532
3567
3634
3693
3799
3916
3978
4074
4142
4219
4228
4429
4485
4565
4611
4647
4681
4738
4783
4967
5016
5051
5173
5371
5389
5549
5599
5654
5657
5868
5876
5903
5911
5934
5966
5984
83
125
133
223
239
400
453
512
596
619
658
685
772
789
819
990
1146
1162
1200
1220
1234
1351
1402
1868
1987
2062
2074
2170
2179
2189
2224
2298
2390
2468
2806
2863
2877
2889
2900
3045
3071
3404
3542
3940
4006
4298
4357
4464
4478
4482
4535
4549
4704
4753
4762
4799
4808
5018
5069
5297
5372
5412
5547
5562
5752
5781
5949
40
99
291
378
538
556
590
646
910
950
964
1099
1191
1247
1427
1512
1539
1581
1798
1896
1925
1951
1968
2007
2183
2232
2287
2443
2527
2756
2767
2800
2970
3012
3053
3067
3160
3162
3181
3427
3487
3502
3535
3720
3722
3739
3819
3891
3937
3947
3987
4112
4152
4171
4216
4430
4449
4597
4674
4688
4882
4954
5253
5284
5537
5555
5632
5644
5790
5861
5896
137
214
248
290
295
300
500
540
662
698
882
912
934
966
973
1005
1033
1042
1106
1284
1292
1414
1730
1772
1869
1883
2069
2097
2129
2346
2489
2491
2658
2679
2725
2745
2828
2865
2943
2979
3124
3183
3239
3409
3495
3561
3606
3614
3885
4189
4253
4267
4320
4399
4426
4436
4462
4532
4616
4632
4843
4918
4923
4980
5055
5119
5223
5290
5452
5585
5659
5786
5794
5795
5797
5892
5918
80
208
216
320
331
347
371
474
617
664
707
745
770
899
915
1075
1143
1167
1279
1458
1481
1489
1720
1795
2088
2207
2243
2297
2316
2324
2603
2631
2747
2823
2859
2871
3313
3457
3498
3505
3553
3615
4180
4237
4333
4382
4421
4473
4584
4615
4654
4931
5172
5204
5319
5323
5435
5718
5894
5951
122
237
398
581
895
1052
1067
1177
1631
1682
1872
2051
2055
2091
2285
2407
2413
2484
2684
2696
2883
2906
3013
3193
3249
3356
3371
3406
3506
3626
3889
3983
4085
4202
4283
4388
4413
4765
4794
4797
4827
4871
4970
5126
5193
5261
5385
5552
5710
1
66
136
244
269
375
392
484
513
752
1116
1176
1584
2115
2307
2448
2503
2520
2601
2640
3120
3512
3641
3685
3719
3731
3760
3803
3975
4003
4402
4570
4733
4745
4810
4833
4924
4974
5053
5230
5256
5642
5684
5867
5933
5936
5976
98
266
639
696
704
710
746
824
1023
1212
1407
1491
1531
1580
1596
1946
2017
2370
2425
2661
2699
2784
2998
3016
3167
3171
3513
3578
3586
3622
3706
3780
3839
3897
4021
4295
4327
4458
4522
4803
4832
4866
4981
5013
5049
5130
5207
5334
5605
5621
5626
5733
5971
23
25
81
427
545
572
588
708
978
1110
1233
1267
1422
1505
1547
1588
1605
1808
1809
1815
1842
1844
1899
1967
2013
2047
2107
2397
2424
2639
2809
2881
3066
3425
3524
4000
4027
4170
4233
4531
4638
4653
4721
4785
4851
4984
5090
5179
5195
5247
5345
5454
5563
5568
5629
5688
5844
5954
5959
32
77
106
180
476
722
814
914
959
1127
1149
1169
1197
1245
1308
1487
1627
1666
1837
1847
1852
2072
2100
2196
2201
2221
2265
2420
2450
2663
2764
3090
3207
3360
3455
3476
3550
3621
3684
3814
3919
3997
4041
4068
4281
4540
4712
4816
4979
4989
5127
5140
5266
5317
5504
5634
5669
5682
5736
39
101
173
227
426
429
671
684
920
1071
1072
1077
1131
1172
1180
1372
1479
1524
1529
1567
1632
1897
1977
1979
1986
2111
2259
2315
2318
2458
2521
2608
2634
2635
2739
2904
2985
3056
3116
3121
3127
3180
3261
3543
3584
3700
3734
3898
3903
3938
4002
4118
4145
4185
4197
4224
4344
4453
4469
4537
4656
4660
4669
4779
4780
4983
5070
5080
5102
5260
5289
5367
5450
5576
5589
5697
5774
5927
181
277
283
286
313
376
379
412
754
806
933
954
986
1082
1111
1128
1142
1325
1623
1649
1654
1938
1960
2061
2165
2273
2328
2451
2452
2476
2510
2711
2737
2830
3353
3355
3380
3431
3432
3659
3667
3725
3781
3794
3824
3913
3918
4172
4212
4247
4272
4307
4351
4377
4406
4489
4508
4523
4551
4658
4834
4938
4985
4987
5292
5403
5437
5512
5602
5715
5720
5757
49
92
105
152
264
407
436
519
608
633
718
823
932
1160
1318
1336
1442
1445
1482
1545
1606
1635
1751
1764
1878
1933
2056
2141
2301
2352
2378
2418
2437
2577
2659
2812
2843
2862
2944
3021
3402
3479
3515
3568
3588
3607
3656
3694
3810
3894
3914
4103
4566
4580
4641
4694
4706
4805
4877
4892
5023
5057
5065
5180
5200
5271
5383
5449
5488
5577
5974
5983
175
183
185
196
203
225
382
424
425
516
723
777
803
804
863
916
1228
1248
1251
1440
1443
1510
1565
1867
1958
2122
2223
2436
2488
2585
2707
2919
3036
3038
3060
3375
3390
3519
3686
3697
3737
3763
3964
4031
4093
4096
4533
4589
4973
5155
5312
5631
5689
5753
5802
5961
48
84
113
292
307
334
404
569
607
741
791
880
901
935
949
1008
1018
1034
1058
1079
1105
1112
1289
1303
1393
1521
1617
1650
1661
1695
1701
1813
1953
1978
1992
2128
2257
2357
2467
2493
2650
2678
2689
2703
2844
2896
3020
3039
3334
3466
3556
3671
3751
3757
3758
3881
3912
4008
4050
4064
4130
4178
4419
4467
4476
4492
4588
4689
4701
4888
4897
4925
5220
5309
5476
147
362
530
790
1025
1174
1436
1453
1574
1673
1690
1738
1936
2110
2143
2202
2309
2426
2550
2722
2768
2783
2831
2893
2921
3126
3229
3271
3306
3335
3365
3569
3701
3874
3917
3952
4043
4099
4148
4262
4284
4287
4325
4477
4812
4860
4991
5121
5239
5503
5506
5539
5540
5575
5591
5653
5667
5716
5842
5902
5914
5947
5962
5980
51
68
74
79
542
816
838
1264
1409
1468
1522
1575
1611
1664
1728
1908
1932
2024
2117
2151
2283
2430
2619
2665
2694
2774
2818
2910
2930
2987
3073
3105
3242
3341
3463
3716
3830
3866
3902
3954
4018
4105
4107
4227
4288
4452
4460
4545
4645
4675
4823
4831
5020
5128
5233
5240
5268
5557
5950
35
582
840
876
1103
1117
1132
1258
1355
1689
1700
1709
1744
1829
1853
1866
1949
2102
2226
2447
2505
2506
2565
2629
2647
2668
2821
2827
2891
3057
3062
3082
3243
3244
3422
3442
3750
3816
4101
4282
4314
4539
4801
5035
5303
5330
5380
5401
5459
5535
5617
5760
5807
282
421
442
531
553
713
953
1074
1241
1275
1290
1316
1599
1823
1826
1858
1921
1923
2063
2205
2234
2249
2326
2429
2432
2482
2829
2916
3029
3035
3106
3223
3392
3456
3483
3583
3770
3882
3958
3961
4035
4042
4136
4321
4372
4509
4557
4576
4587
4621
4741
4994
5010
5096
5301
5398
5422
5474
5529
5738
5758
5766
5960
495
678
702
909
979
1118
1165
1259
1310
1335
1408
1528
1607
1686
1786
1937
1957
2144
2299
2341
2408
2474
2530
2653
2773
2833
2965
2993
3165
3173
3312
3329
3352
3414
3450
3508
3534
3677
3745
3777
3796
3922
3955
3985
3998
4100
4187
4211
4338
4343
4443
4455
4755
4824
4874
4946
4947
5187
5342
5440
5446
5517
5614
5690
5744
5837
5843
102
243
344
369
449
472
674
763
808
1059
1123
1171
1202
1209
1230
1371
1394
1433
1437
1486
1555
1618
1705
1796
1928
1982
2037
2240
2248
2358
2509
2525
2569
2649
2738
3186
3480
3525
3572
3705
3754
3858
3864
3877
4191
4348
4472
4613
4716
4788
4841
4959
4971
5029
5139
5170
5211
5328
5405
5533
5559
5699
5746
5839
5915
89
117
159
303
439
457
548
549
558
794
897
1003
1015
1455
1710
1748
1788
1805
1890
1892
1990
2106
2108
2159
2180
2200
2206
2479
2594
2657
2769
2994
3040
3091
3112
3315
3376
3434
3436
3447
3527
3554
3665
3798
3928
4024
4073
4154
4230
4311
4381
4685
4848
4853
4997
5158
5176
5522
5810
14
306
316
493
509
600
852
884
995
1021
1207
1221
1339
1362
1553
1566
1871
1898
1997
2322
2417
2442
2465
2655
2670
2744
2817
2837
3010
3043
3063
3226
3332
3342
3443
3467
3473
3490
3636
3643
3715
3933
4048
4063
4122
4259
4276
4306
4585
4596
4614
4846
4911
4955
5039
5209
5235
5295
5430
5686
5945
71
127
635
643
689
951
1095
1237
1403
1411
1434
1518
1608
1885
2038
2112
2134
2231
2460
2475
2539
2563
2914
2971
2977
3077
3141
3213
3398
3451
3582
3673
3829
3970
4156
4427
4555
4710
4752
4798
4814
4872
4904
5038
5083
5185
5224
5264
5402
5478
5584
5661
5717
5818
5873
3
44
332
365
394
511
543
736
771
1010
1120
1150
1239
1429
1460
1485
1621
1634
1660
1930
1941
2032
2175
2433
2492
2614
2691
2813
2978
2983
3027
3254
3293
3373
3517
3628
3848
3884
3892
4056
4094
4594
4625
4670
4682
4857
4988
5031
5093
5098
5112
5148
5168
5169
5337
5463
5500
5598
5773
5979
5982
85
246
272
393
431
514
561
749
765
807
837
892
1240
1457
2342
2349
2570
2571
2643
2644
2648
2687
2695
2733
2749
2762
2848
2926
2995
3026
3033
3253
3387
3590
3593
3691
3709
3730
3888
3895
4083
4097
4221
4336
4393
4761
4802
4811
4890
4917
5000
5019
5058
5198
5275
5518
5524
5526
5664
5732
5834
5874
5921
5955
57
649
677
719
747
1125
1198
1368
1474
1503
1562
1583
1597
1641
1777
1831
1839
1870
1959
2086
2188
2255
2294
2347
2405
2410
2411
2515
2866
3048
3152
3272
3327
3424
3430
3448
3708
3743
3747
3821
3838
4517
4646
4750
4781
4782
4847
4869
4915
5219
5426
5438
5472
5475
5482
5619
5727
5923
5988
16
169
170
228
261
274
391
502
783
1019
1090
1218
1232
1272
1304
1376
1475
1517
1656
1966
2001
2241
2368
2604
2637
2777
2808
2890
2939
3000
3028
3115
3146
3340
3444
3647
3787
3969
4071
4077
4088
4104
4139
4213
4241
4386
4438
4454
4499
4575
4604
4619
4789
4844
4919
4944
5123
5394
5432
5461
5502
5572
5897
45
118
157
205
314
337
361
390
636
672
846
947
1069
1081
1187
1257
1277
1330
1576
1633
1895
1964
2084
2132
2173
2363
2409
2456
2766
2834
2872
2942
2967
3108
3225
3268
3368
3870
3956
4188
4396
4530
4543
4626
4766
4790
4806
4942
4976
4993
5199
5347
5455
78
299
346
395
420
471
488
535
683
844
948
958
1507
1532
1812
1848
2113
2513
2615
2706
2886
3001
3142
3147
3288
3544
3574
3597
3612
3808
3846
3942
3945
4019
4095
4238
4349
4571
4579
4648
4868
4927
5344
5683
5704
5742
5831
5939
29
132
161
234
238
355
552
554
648
656
693
699
774
1098
1173
1346
1365
1508
1509
1625
1638
1773
1806
1972
2176
2254
2282
2293
2311
2329
2469
2514
2754
2966
2988
2999
3024
3092
3265
3420
3446
3548
3564
3768
3797
3915
3932
3996
4070
4087
4182
4195
4214
4391
4442
4501
4622
4769
4881
4883
4920
4937
5151
5192
5393
5622
5662
5696
5835
5910
5968
167
236
322
440
458
462
479
529
564
592
917
922
1185
1225
1261
1312
1366
1450
1586
1601
1659
1749
1794
1832
1863
1920
2018
2019
2104
2337
2470
2555
2556
2654
2874
3110
3158
3159
3195
3206
3257
3530
3539
3602
3678
3841
4072
4175
4208
4271
4400
4599
4603
4699
4717
4737
4895
5025
5116
5131
5147
5201
5245
5314
5386
5492
5641
5676
5698
5700
5852
5880
62
153
155
200
202
256
278
342
455
489
490
611
637
758
766
1068
1141
1341
1352
1374
1643
1722
1778
1841
1888
1963
1985
2089
2130
2235
2379
2568
2602
2630
2680
2683
2721
2758
2795
2925
3058
3256
3328
3357
3547
3565
3598
3603
3707
4294
4301
4315
4374
4510
4516
4520
4529
4560
4711
5208
5748
5777
160
253
348
441
480
491
786
833
898
1129
1305
1500
1639
1672
1800
1821
1828
1834
2125
2382
2685
2849
2975
3015
3122
3161
3262
3403
3461
3472
3563
3637
3729
3815
4040
4058
4113
4177
4184
4367
4376
4447
4612
4686
4724
4731
4777
4829
5103
5108
5175
5212
5221
5255
5477
5479
5497
5511
5530
5623
5666
5706
5759
5899
5990
10
37
135
168
245
265
288
360
418
528
681
792
842
893
1113
1273
1383
1426
1519
1559
1783
1803
1929
1942
1955
2211
2229
2343
2355
2453
2466
2519
2600
2626
2646
2688
2989
3037
3049
3114
3202
3318
3411
3435
3440
3620
3688
3851
3949
4012
4025
4055
4257
4332
4553
4659
4746
4767
4862
4940
5036
5285
5305
5325
5406
5505
5548
5560
5673
5703
5712
5855
17
226
309
377
413
532
573
616
663
798
888
1017
1036
1041
1138
1206
1298
1373
1462
1546
1557
1582
1756
1935
2169
2290
2310
2340
2400
2401
2561
2728
2928
3004
3099
3168
3426
3433
3510
3640
3652
3805
3836
3840
3986
4196
4218
4277
4293
4310
4384
4409
4661
4693
4700
4735
4887
4910
4958
4965
5012
5111
5133
5217
5234
5278
5366
5370
5481
5650
5702
5741
5813
5836
5891
5913
5916
5937
5994
67
380
470
585
594
938
998
1065
1242
1496
1630
1882
1988
2193
2260
2268
2524
2557
2712
2730
2816
2879
2997
3030
3096
3188
3289
3331
3662
3879
3923
3924
4123
4181
4547
4713
4722
4842
4878
4953
5064
5340
5392
5411
5458
5687
5723
5804
5863
5877
5905
50
297
625
641
714
724
787
908
994
1062
1182
1222
1315
1595
1676
2006
2016
2026
2369
2605
2607
2662
2785
2811
2897
2957
2962
2969
2972
2992
3005
3051
3260
3269
3290
3363
3462
3571
3639
3644
3749
3795
3820
3890
3905
3959
3968
4015
4060
4323
4474
4515
4525
4664
4691
4815
5182
5294
5332
5353
5408
5420
5495
5510
5648
5680
5751
5815
5941
24
209
294
351
448
501
527
555
606
679
725
778
866
1009
1038
1322
1337
1404
1465
1533
1572
1579
1657
1729
1732
1763
1770
1913
2209
2350
2361
2427
2472
2664
2814
2832
3069
3086
3100
3231
3367
3520
3521
3551
3566
3672
3683
3774
3802
3926
4231
4260
4273
4395
4405
4457
4513
4550
4558
4629
4651
4719
4748
4870
5120
5326
5427
5643
5824
5846
60
119
338
368
402
466
828
911
930
1086
1093
1208
1215
1473
1614
1619
1642
1711
1715
1767
1807
1836
1902
2215
2523
2674
2693
2717
2755
2778
2846
2882
2963
3084
3374
3421
3727
3741
3785
3790
4020
4026
4203
4475
5184
5327
5358
5395
5486
5829
5864
5922
5926
5958
5998
178
259
275
305
325
593
598
827
847
991
1020
1049
1121
1255
1401
1600
1714
1743
1857
1877
2120
2137
2251
2351
2841
3156
3176
3263
3326
3562
3600
3718
3784
3869
3871
4017
4137
4274
4359
4380
4422
4524
4528
4541
4569
4572
4640
4749
4929
5078
5244
5443
5606
5859
5882
199
229
262
452
560
864
1044
1050
1064
1097
1183
1452
1708
1846
2031
2152
2166
2334
2353
2371
2375
2392
2642
2716
2732
2753
2876
2905
2929
2932
3034
3119
3219
3238
3511
3608
3655
3714
3755
3834
3873
4092
4129
4278
4305
4368
4403
4465
4582
4627
4672
4708
4909
5106
5262
5466
5467
5470
5489
5491
5608
5765
5886
5912
166
211
258
373
610
891
1022
1091
1092
1392
1420
1432
1543
1577
1604
1696
1699
1780
1811
1901
1952
2177
2233
2267
2339
2386
2406
2621
2651
2705
2724
2980
3166
3218
3230
3250
3576
3610
3630
3953
4302
4418
4435
4494
4573
4714
4838
4901
4962
4966
5059
5222
5277
5304
5378
5542
5658
5674
5833
339
354
389
753
757
815
1102
1133
1152
1181
1186
1347
1412
1610
1658
1797
1864
1884
2012
2071
2078
2094
2208
2305
2394
2511
2544
2564
2793
2884
2935
2976
2986
3136
3138
3139
3232
3287
3309
3370
3412
3509
3585
3698
3833
3899
3950
4120
4121
4720
4742
4796
4879
4933
5270
5280
5359
5441
5550
5570
5655
5734
5803
5920
5
9
12
19
176
547
624
669
818
927
972
1262
1354
1381
1410
1417
1549
1593
1624
1830
1880
2035
2142
2186
2228
2423
2562
2593
2613
2638
2666
2710
2781
3359
3736
3764
3887
4157
4329
4446
4663
4692
4747
5072
5104
5174
5177
5346
5355
5613
5647
5663
5721
5840
5889
5928
5931
5996
5997
38
141
195
566
642
691
701
870
881
894
931
999
1184
1317
1424
1470
1590
1680
1718
1750
1759
1919
2015
2076
2145
2147
2212
2581
2714
2742
2938
2950
2958
2960
2981
3198
3274
3358
3631
3633
3664
3939
3979
4023
4057
4290
4335
4392
4434
4491
4521
4562
4563
4718
5050
5373
5414
5493
5516
5571
5590
5691
5865
5875
5879
5883
162
172
220
242
349
589
631
670
913
941
1088
1115
1194
1506
1598
1663
1845
1874
1945
2178
2184
2652
2702
2715
2741
2888
2909
2933
2964
3008
3079
3151
3153
3235
3381
3538
3618
3766
3909
4007
4045
4160
4330
4356
4470
4495
4506
4586
4606
4617
4849
4978
5145
5351
5413
5527
5724
5762
5783
5860
249
559
575
835
865
1043
1063
1073
1227
1269
1274
1287
1451
1548
1603
1655
1754
2174
2195
2239
2676
2875
2952
3061
3118
3190
3378
3393
3477
3587
3773
3944
4004
4009
4013
4165
4198
4236
4252
4345
4373
4698
4703
4828
5032
5095
5105
5115
5161
5583
5856
96
112
121
254
357
517
720
962
980
1000
1078
1147
1223
1327
1413
1497
1534
1651
1693
1724
1824
1904
1989
2081
2321
2336
2388
2403
2587
2671
2803
2820
2869
2953
3009
3059
3095
3233
3497
3537
3651
3927
4131
4319
4322
4337
4401
4404
4507
4634
4679
4696
4723
4740
4898
4926
4941
4964
4995
5002
5060
5092
5101
5149
5213
5228
5514
5737
5778
5888
5906
61
154
302
423
505
613
665
802
1148
1319
1435
1454
1740
1784
1900
1947
2083
2095
2250
2281
2314
2422
2504
2597
2636
2677
2786
2810
2836
2956
3345
3399
3452
3471
3604
3657
3699
3724
3920
3980
4046
4054
4119
4229
4592
5138
5251
5306
5321
5399
5423
5705
41
59
108
145
188
444
620
839
845
919
1004
1101
1134
1140
1229
1293
1301
1585
1758
1782
1917
1939
1980
2027
2058
2090
2131
2163
2191
2434
2591
2776
2798
2949
2990
3019
3044
3212
3591
3663
3681
3812
4028
4062
4080
4132
4243
4308
4607
4778
4820
5711
5847
5929
5957
103
179
388
626
748
756
821
861
889
969
1104
1280
1282
1331
1390
1395
1514
1669
1685
1820
2087
2101
2127
2280
2391
2435
2441
2720
2735
2920
3068
3128
3203
3211
3248
3255
3273
3284
3348
3523
3558
3623
3710
3746
3767
3973
4052
4098
4102
4127
4151
4215
4264
4309
4411
4605
4657
4673
4821
4968
5109
5134
5421
5586
5639
5739
5769
5800
5819
5908
5919
5999
33
537
653
706
721
886
993
1031
1161
1691
1736
1854
2003
2033
2075
2123
2187
2483
2528
2534
2575
2588
2757
2797
2840
3097
3415
3478
3559
3609
3611
3668
3769
3806
4109
4222
4258
4291
4328
4488
4770
4776
4800
5040
5107
5125
5146
5254
5425
5484
5498
5519
5671
5887
5978
5995
26
75
204
396
524
565
602
604
739
1114
1163
1178
1270
1313
1333
1488
1609
1644
1761
1931
1993
2020
2116
2190
2389
2628
2700
2927
2991
3042
3087
3194
3362
3474
3605
3624
3642
3788
3921
3930
3995
4134
4186
4296
4297
4480
4536
4554
5047
5265
5322
5352
5379
5429
5554
5649
5652
13
107
326
370
587
599
740
764
871
924
1137
1380
1459
1484
2041
2066
2077
2214
2242
2317
2348
2415
2454
2517
3025
3081
3137
3214
3395
3396
3482
3486
3488
3748
3901
4005
4016
4111
4155
4265
4266
4334
4705
5030
5052
5136
5142
5144
5428
5448
5755
5993
138
148
268
469
503
562
605
614
680
925
939
1024
1188
1260
1377
1447
1456
1530
1589
1671
1851
1905
1914
1994
2135
2278
2543
2612
2852
2907
2931
2968
3258
3281
3292
3499
3704
3957
4143
4147
4223
4379
4397
4487
4505
4556
4687
4734
4830
4906
5042
5350
5354
5558
5581
5764
5808
5881
63
359
451
544
551
621
859
1035
1342
1385
1568
1628
1752
1766
1789
1944
2060
2093
2302
2508
2535
2727
2801
2878
2924
3002
3054
3303
3305
3661
3666
3712
3771
4029
4232
4234
4255
4275
4362
4410
4439
4496
4498
4600
4602
4668
4715
4743
4775
4907
4960
5307
5316
5387
5445
5611
5728
5817
5956
5986
21
104
319
381
717
733
795
853
855
965
1122
1190
1698
1753
1757
1827
2049
2114
2296
2385
2421
2522
2760
2826
2894
2895
3050
3383
3526
3740
3783
3800
3860
3867
3880
4133
4242
4360
4451
4630
4845
4867
4916
4934
5022
5073
5114
5272
5348
5457
5509
5523
5678
5801
5845
5849
5872
240
252
281
363
422
536
651
659
761
921
955
989
1013
1231
1244
1256
1511
1665
1739
1779
1855
2042
2046
2105
2140
2247
2459
2740
2899
2936
3102
3134
3246
3291
3295
3589
3692
4194
4246
4318
4577
4643
4695
5005
5434
5538
5660
5826
5925
47
126
270
340
518
591
776
779
1083
1276
1345
1768
2014
2136
2213
2295
2531
2667
2750
2788
2847
2864
3007
3018
3189
3191
3337
3372
3413
3423
3481
3503
3516
3555
3580
3713
3825
4067
4169
4250
4358
4559
4903
4975
5246
5388
5424
5494
5532
5638
5754
5821
142
356
364
456
464
486
563
755
799
1039
1089
1145
1205
1266
1321
1513
1578
1615
1814
1835
1909
2126
2345
2464
2791
2868
2887
2940
3011
3107
3241
3484
3617
3632
3674
3793
3946
4044
4312
4633
4725
5118
5263
5287
5308
5415
5695
5745
5832
5858
5893
5909
5930
5940
11
263
465
520
667
848
1199
1309
1332
1361
1477
1515
1560
1645
1746
1802
2025
2428
2512
2518
2537
2632
2692
2839
3321
3437
3470
3735
3811
3911
4090
4346
4471
4490
4552
4567
4884
4899
4930
4972
5003
5276
5296
5729
5750
5820
5985
30
56
217
350
366
461
557
851
879
1156
1286
1294
1344
1467
1523
1525
1747
1792
1856
1860
1976
2064
2216
2548
2845
3083
3169
3339
3351
3385
3394
3943
3988
4086
4117
4128
4138
4183
4217
4239
4370
4639
4677
4751
4864
4950
5021
5063
5202
5241
5564
5592
5677
5713
5719
5743
5975
22
82
97
193
197
463
615
785
869
937
1080
1210
1250
1283
1358
1387
1640
1737
1760
1785
1924
1940
1956
2052
2109
2220
2356
2393
2499
2609
2815
2822
3041
3155
3175
3453
3460
3592
3658
3670
3756
3779
3807
3817
3818
3823
3859
4667
5062
5081
5156
5160
5164
5362
5431
5543
5630
5768
5771
5789
5799
5885
5935
5943
5964
73
140
164
210
271
284
315
686
728
1054
1066
1268
1271
1348
1360
1490
1492
1668
1819
1903
1971
1975
2139
2192
2709
2782
2873
2946
3277
3410
3464
3465
3638
3883
3941
3962
4022
4082
4317
4363
4416
4595
4624
4727
4729
4739
4809
4865
4956
5215
5381
5397
5444
5580
5841
5866
5890
5924
86
91
146
221
296
317
318
374
409
533
597
688
830
887
903
976
1007
1012
1158
1285
1558
1636
1684
1769
2082
2218
2222
2270
2279
2533
2627
2718
2792
3006
3031
3150
3205
3237
3343
3400
3489
3507
3557
3669
3855
3971
4174
4269
4339
4578
4949
5061
5243
5390
5407
5480
5594
5597
5972
2
69
88
120
267
310
324
403
460
705
730
750
857
896
1002
1179
1235
1296
1302
1397
1399
1554
1678
1726
1965
2021
2057
2300
2373
2384
2501
2541
2559
2566
2583
2719
2775
2885
2982
3259
3417
3856
3989
4011
4075
4289
4548
4676
4754
4835
4861
4939
4969
5028
5087
5238
5293
5338
5442
5460
5483
5574
5579
5610
5620
5636
5772
5830
46
143
235
492
629
632
885
943
1320
1391
1430
1439
1448
1527
1703
1781
1799
2092
2138
2194
2261
2276
2320
2398
2495
2496
2516
2584
2645
2731
2856
2902
2903
3140
3154
3209
3325
3493
3690
3844
3910
4240
4428
4804
4818
4873
5024
5027
5054
5132
5298
5361
5365
5701
5730
5779
5806
65
87
130
280
328
352
408
454
576
578
634
694
872
992
1154
1253
1254
1389
1431
1637
1677
1702
1865
1879
1995
2161
2445
2461
2497
2502
2618
2771
2945
3093
3170
3182
3197
3297
3310
3319
3320
3854
4076
4124
4268
4369
4390
4414
4526
4534
4544
4650
4671
4730
4784
4856
5026
5067
5551
5595
5693
5780
5788
5857
5871
15
150
194
430
522
622
666
775
780
825
983
1006
1323
1444
1840
1915
2277
2526
2672
2682
2913
2918
2974
3075
3338
3419
3475
4034
4051
4204
4279
4417
4635
4655
4662
4732
4759
4786
4822
4886
4935
4963
5225
5257
5404
5447
5544
5588
5679
5901
5904
5963
5977
5989
