M
K
O
s
I
J
Y
1
A
n
C
X
E
F
o
2
u
xT
6
8
hw
w
V
0
Z
_
T4
r
R
3
JQ
M3
fT
W
d8
4
aw
l
9
vS
gw
uX
38
A4
56
S
U1
ou
G
B
GS
lJ
yC
lN
U9
u6
j5
l8
U_
L
ER
i
v
q2
dw
v_
y9
mP
O8
o_
p
dS
q0
GR
EL
n2
jO
48
qG
Y6
B6
zJ
eY
pW
dF
OT
qC
uM
I_
y
JU
lH
A9
r1
eQ
p1
R9
MS
S2
IQ
eR
V8
QS
oO
cM
MV
eq
cn
I5
hz
s9
kM
CS
gM
ES
gF
V0
sE
kN
p5
gH
W8
e3
XY
H_
IL
aU
WX
n8
SY
NW
14
sW
oB
I9
TY
nF
bD
BH
vR
CY
jI
PZ
fL
oG
aX
19
RU
jk
zR
pZ
FZ
hI
xC
DY
HJ
dy
KY
i4
mo
DU
DW
U5
iz
fl
L0
wM
LT
iL
jZ
eZ
hU
cF
vE
MZ
u3
rX
p2
RZ
fm
bW
B2
hm
G0
g8
aQ
23
df
sM
n3
xz
xy
jY
sY
cE
B0
eC
GW
N9
T3
b3
oR
TW
t9
gi
wE
kY
PX
mZ
sK
DR
fA
kX
pw
r7
59
fY
V9
vz
yH
K1
il
BG
KZ
g0
qW
47
q3
bM
qw
mI
r8
gY
gN
J9
xN
yD
qP
nI
uY
K_
kS
msG
bK
U3
cq
lW
sS
C6
su
N4
oJ
P0
O_
rO1
VW
jJV
M2
cL
dk
t0
RV
r5
k8
fl_
zS
x3
ho
X7
cu
eux
AB
A3
M6
tx
AM
uy
dS0
j1
fq
7_
IS
UV
oA
cv9
ag
kl
K2
bj
f58
ap
vQ
stP
LOT
bA
km
buA
QX
FGR
r2
gu
V1
co
qCV
aCQ
j_
wW
BU
mE
ADY
mv
bgD
zV
fC
p0
fCO
FL2
AGJ
kq
y5
fF
bgk
iH
AZ0
79
B7
EY4
xzY
qz
jMN
lPU
F6
zEY
xzR
hl_
eiz
cCU
y25
uI5
mMN
ru
cfQ
bR1
ckq
fjm
dC
mD
bG9
d0
bf8
lrx
dl
fMZ
dLM
jD6
ps8
hL9
j2
as0
jW6
t5
cp
dDI
yJW
nyR
hno
GT5
gBP
KO
kzU
wO
qs8
OVY
I9_
bnq
i90
H5_
fY7
bX1
ij7
lpy
x5
qF
lP6
czE
yAW
N36
dV
BU5
fQ4
mJQ
nZ9
pAP
v4
nxy
UZ
ejV
KN9
OPT
GR6
hqy
d78
chH
JZ8
cqB
nwM
vJ_
gMZ
nD0
IW9
PV
rQ
hIM
nU5
fwV
qsE
lnQ
av
nt7
fF_
oOW
uP8
nzO
fBX
iJV
bSV
stC
bLR
vM8
OU
pA6
JQ9
hF8
cm7
qO3
lLN
bGO
pzV
LOZ
KN4
uAR
stO
J_
yAO
hl2
gzO
x39
B24
pS8
fK_
nM6
cyZ
ciV
jnD
tBL
ep4
vV3
M37
ex0
pJU
ntI
KO2
wy
hi4
q7_
opU
kvG
gFL
lyK
jN1
jrM
dp9
emZ
by9
bJT
vxD
gk6
b47
iv6
CKN
rKV
rwS
pBH
EL8
DGP
K37
kwK
brD
yI2
juF
rCJ
hlB
dM3
eiv
AOT
eK6
mKY
pt4
ayD
muX
boP
DQ7
FN0
fJ0
LX2
hju
C3_
kuH
iwK
ikJ
opv
dY3
KM5
pzM
fA_
zX4
ryI
aOR
mps
GJZ
crX
W40
diB
sK7
n36
aq2
jLW
xO1
lA3
g60
zOZ
B79
nM9
jn3
sL2
mT4
beq
RSX
kqX
zAN
xKU
nBU
EUX
uHS
dvW
mKM
crM
nL0
lox
dV_
GQ0
O12
F56
YZ9
pw1
JL
AMY
buC
imv
zY8
pwY
zP9
LZ5
vDL
RZ8
iCM
iKR
osz
cIY
itO
wAU
bF1
ceY
kz1
tIY
rH9
GW6
dnO
K3_
kN8
dH1
cW4
rI6
l25
hI_
qzU
boI
irs
DY0
btE
qt6
fCM
enE
grP
iNV
tOR
zNP
atN
jH3
CT8
dD9
rz8
kzA
ckI
dz4
rvV
glW
s8_
AO_
fyD
GOR
LP2
sJQ
dNY
lHJ
xyO
gEQ
iNY
fD4
rFO
yCY
UZ7
rL0
iOQ
eoK
f18
jsW
uBL
jAT
beQ
rF0
xP7
uCI
ER9
gzP
uLQ
htL
nR7
eBR
hrR
agJ
jsO
fvC
bwS
tzV
yHR
ov0
xK7
guS
asW
imZ
xD1
vPR
u67
i68
FZ1
DFX
CU_
IN5
gzU
lY8
gh5
fuY
eB2
gpw
AR7
hv3
abo
eq4
qsP
HIY
iku
hjs
tIX
gkZ
b34
IRV
frR
fx3
GHX
gk0
A1_
NY2
mDS
JT4
knr
bu_
eUZ
bny
bhV
mtV
jU_
jC7
cmG
jL_
rDO
aC7
lp1
lO0
fvA
otC
nM_
UZ8
y46
iU_
eg6
hS9
cfK
blI
pT8
kqB
qOQ
A60
ovJ
jEI
hn3
a29
lrt
LS7
JO5
swH
cdZ
cM9
xAM
htz
oM3
vz8
F90
sJ6
opA
aNW
rtK
gEL
yOT
iT1
fQV
lEL
J2_
loC
bZ7
rT5
rBL
HJK
alT
bNR
iy6
hls
xQ5
KR_
g40
bzQ
jG9
tDX
acW
mv8
eI0
dr8
hxL
AKX
kQT
nT7
aiT
ijU
zKT
iC0
juY
CY5
qJ2
lEF
NT4
boZ
tuw
yN9
hxA
gq8
KW6
nN7
mEY
asu
ev5
hvC
jnF
hC3
jwI
rHM
OS1
wT_
gFJ
kI4
aE4
BGS
CG1
nsK
AF9
tPZ
kQ0
iy0
sRZ
SW8
bm4
dS1
ku_
bly
rDI
bU3
EHZ
qrR
be2
hlp
zL8
qtW
u7_
vG_
cO9
DN6
pst
qGQ
JL6
grD
mQ7
hiZ
bL3
INR
W89
GQU
oB_
inB
bPW
pAI
GS_
dfH
IR1
qzQ
kn9
EF1
fiR
qGP
F29
suT
pE8
MOY
gJM
iD7
vMS
bzM
IOW
249
uST
kCN
sMT
aMS
uwS
rV5
qCM
ftG
jyQ
CX0
ay2
dwP
iB2
nG2
fhK
bvX
vAU
imW
oEI
lEN
nPZ
ci6
rL1
nG7
bm5
kLU
rJV
hZ9
dL_
fqN
fwN
Z50
efY
bLW
env
f80
GZ1
A14
mnM
iF5
iyF
LW6
I3_
qCI
hn8
st_
fgT
mx_
coz
iJQ
zW1
W12
mqK
mz2
ehR
fHL
jRX
RX3
GJP
fW5
iuC
sJM
GPZ
uDO
bgA
wGY
FJ8
zOT
yFY
gSX
gpE
bT7
jG1
wxW
evF
eJ0
E59
tV0
oX9
ewF
yR5
ew6
OZ9
OUX
ehA
cP7
aB3
ep0
ALT
DF2
sxH
qW2
dxO
CI7
jpU
fjl
bHU
L4_
rBF
bi_
cgz
tIM
ajW
dl7
iu0
uF3
ayU
cuJ
iJ6
ilF
wzI
fuI
qE0
hJ6
aBY
hjR
lyG
hPS
V27
sC4
yX0
esJ
dGM
for
uW8
tJO
fE6
mq7
cdo
vwR
lU7
ty4
RXY
cJU
rtZ
hoC
aj2
vwS
fjq
FGY
ATZ
JO0
rt1
bhL
o30
kD1
uA3
esy
rtP
wBZ
BTX
bDE
rHV
bdv
Q13
ps3
qwC
cl0
hrx
dzJ
AU9
hZ4
tuV
bQ5
ouD
amM
fhm
rTW
Q7_
abI
lQ4
dlp
jAU
cfM
kU3
GL6
uC_
qTZ
ltF
U13
nzK
lX_
eFZ
cGM
gR5
eOV
V38
ds9
jqU
bKO
tP9
cQ9
DM0
ltZ
aW8
jpu
dP0
ckw
CGO
T27
exN
QUW
uvK
ILP
HW3
nzQ
oN2
bu8
AX4
sGL
yC8
aP7
dm_
fsu
fPY
eAD
BK9
ijp
jDI
uRX
gDO
MUV
uOS
gXY
kGM
fiK
xOP
zIX
acB
jBI
ip8
iGP
C5_
hGV
BMY
rzU
jAK
kDO
hQ5
ST3
aCK
lsz
CY9
dmT
iHN
jBT
VX6
p60
hVX
oTZ
ry5
fJR
qt2
IX_
aKU
klz
OQT
mq9
qFJ
iCN
coG
x8_
aCD
uHJ
wH9
yMS
lEW
tKO
dzT
wB1
emu
z80
rE5
g5_
cdf
AY9
eW4
dir
hsv
svT
aN7
bv3
Y24
KMY
HMQ
sN1
bk0
ad0
qD4
aT0
tyD
wCR
gqF
wLR
eZ5
jEY
bO0
ajY
A40
kqN
q13
HL9
dmx
rGT
moG
br2
fi1
az5
stA
mM1
lr6
nI4
rI5
AJ8
V67
gB5
hj4
rN8
e23
VW3
uLT
dAW
rEP
fYZ
nzX
tCW
gy0
ipt
ikq
dq5
qC4
gkD
QUV
gpY
mN2
sBL
alu
gIR
iIL
bY0
fZ9
T49
ftu
fAZ
BKT
hLM
sxX
fX0
iqK
mrX
bjs
nAK
DOP
pP2
fX5
doy
EXY
kFI
eR2
lqD
wU3
ijT
vIN
mAN
yK8
hw0
aOQ
tI6
lK4
fwA
r27
iwG
pV5
nIM
dAU
kuz
DZ4
imK
uy7
ao1
LX6
huI
NZ_
agK
EYZ
asP
etW
N68
esU
bgW
bU7
xH5
ex3
pHY
mx6
hwE
qxP
qMS
oEO
bOR
ny4
PQZ
clw
cnB
giL
rvM
cMY
rw9
qxN
gq1
czN
gzW
vL8
tx4
fg8
xIZ
mQT
UZ6
PYZ
uL2
fzA
hzH
fvy
kV_
aru
ouB
fB3
jkP
kwO
pqw
lGM
kp2
a17
zF8
pxX
uU1
NT7
jo_
z35
gJR
msz
HV8
QX0
M40
KS5
jq4
HO0
eqx
uMU
iKX
dpK
UW4
mwI
egL
fqB
PSY
bcH
qrB
gu8
ftA
mFZ
aKL
NY3
lT0
Z28
cgm
hnA
nqQ
jz9
vD9
gpD
wQ1
ioN
hoL
fmZ
bJ7
aqJ
aDJ
GX7
bE7
bpR
bdy
xFT
fmp
qvE
CNS
hW
dmS
ho2
lsy
mrL
vQ8
mGM
k14
bqU
cx1
yzB
BJ_
qJQ
bgY
DV7
u0_
X49
vG4
GTV
xI8
oxV
eqW
gPV
iDJ
jGH
t39
ehW
bEY
ozH
x27
RW_
qy6
lnv
JU0
hQS
x15
bkv
T89
coH
AQX
cvK
hrF
dG5
kvF
aD1
cfU
bKW
CF2
A28
fEZ
zXY
hmQ
AF1
erT
oW2
tKL
pvD
tvB
ruA
pEZ
ko6
eLQ
jpI
bTV
yL0
rAT
TX1
xAC
nEK
ER6
i80
zRU
hqO
xM6
eHN
kKN
pvO
uDG
qCK
lvN
fxB
tzX
ewz
lV7
iC9
mZ_
KRS
uJ7
yPU
hp7
ru9
AFW
iRS
BDL
FZ0
pO0
iX2
kmG
hmE
luJ
mv9
qrs
wNP
uwZ
HK7
dzF
jyA
dW5
jFP
gzC
JUV
hGR
eAS
hmC
fh2
mxO
bBJ
kBY
vNO
nxR
ipY
huy
dDQ
svB
cpz
bzO
QT1
EY5
ix6
tIW
DJN
gM1
ntP
deW
qwX
swT
imq
ky1
fFX
bgm
jS9
oO6
hX7
hyU
xBC
E34
eG0
hmW
iLZ
gmq
kE4
egW
iAS
iS6
cdx
dBY
DPU
jms
xAV
y49
gZ0
nsW
rR8
oBY
H2_
koV
yV8
uv2
rv5
fgl
iOU
IQX
doW
biU
BE1
ewB
NRW
mR4
kpv
jow
hQR
FJ5
rU2
eO5
zA2
zDM
JM_
GKO
aj3
QUY
dmp
mTZ
myO
cPW
pY0
cA0
C18
u16
ayA
vVX
GIT
vK6
hHW
mx7
bjV
iv7
lQY
bij
uF1
nF3
y70
uv0
mtu
bKN
h47
dgJ
I68
zD5
JW4
pyU
ny_
xEO
kzO
nx1
M10
nV5
emt
CMR
bzI
Y23
mS8
cA_
FLV
GJ4
xF9
epr
AL8
U56
IZ9
xY4
alP
jOT
ls4
IX3
IN_
fBV
AK3
vBV
vE_
tDG
sGZ
r24
btL
gPQ
DE9
cAU
oI5
rI0
iH_
CIX
fiS
iH2
irS
o24
din
wx4
vLV
yGP
bo4
pR_
n69
C50
rzI
fx8
vxH
euH
lsV
lUV
brI
GNX
tvx
gCT
mx3
kIM
dk4
jK8
FN7
U16
cuX
r68
bq_
dV4
pwG
doA
CZ0
HN2
mX0
g78
qH6
dC0
zC1
qyQ
oF3
F57
u27
wyA
bD5
myX
CK2
ERW
gkL
sB0
R79
LU7
eyY
hRU
KY2
kN2
dp6
KY7
hM0
koy
gjN
ps0
aB4
gnx
oZ2
pq_
IOX
AZ6
eAQ
luI
jCZ
nDM
fgK
sBP
HT_
oxG
CL5
vD_
rBQ
fyA
vJT
uPU
doK
yS4
bkn
DL9
pvV
HSX
yM3
CIK
mnD
emA
hnH
oKM
dB4
sIO
ANW
hs2
oY6
oGZ
pV0
OS2
ioX
cOW
F9_
kEH
ioS
rE6
yHP
mIT
xWX
adS
lrX
kBW
MT2
CEQ
HI8
ceN
nFT
fvG
eB4
pAT
lpS
QS_
cM3
lnw
mzS
pO3
muF
oN5
AU6
aAT
dvJ
rDY
PZ0
gm4
arV
rEZ
cu9
zE9
EM7
qNW
alz
IK9
eZ2
mCI
iL8
oQX
tBJ
jnu
br7
ixN
eV8
nS5
cv6
460
kGV
iE3
gk3
dlK
BEH
lrJ
yHU
czL
kB3
rY2
tZ1
uyX
tS6
S7_
mn6
mOU
txF
sQ1
dpQ
gK7
fU1
q48
rtM
irt
ETV
mBC
fJX
eix
hK8
hpP
oZ1
ES9
dC1
bq3
fER
mR9
rHX
wH5
sBK
yG2
oAP
aV6
cY9
ij5
eL0
suY
uZ3
avB
bst
asG
jmp
fO6
wQ_
eyB
kDR
AZ8
ot2
FH3
de9
m37
AMT
ajV
lrU
GV4
mqR
DIM
qKN
ALQ
cmE
jq3
eE8
fj5
lH4
wAF
GR7
i48
gin
ay5
mpK
ahU
pyF
BH_
zT1
ep8
eDH
suU
bv0
GNR
eF9
jux
HSU
GLR
xV1
wNW
dhG
uS7
tN9
bJ9
syI
ah8
iGH
fEK
dPW
qQ7
d23
nCY
kF_
bUZ
hT1
gT0
EN5
xFV
inz
HJV
ly9
yTX
qxE
m17
TUW
kp5
sv7
eH3
iB_
glA
jUX
lwW
r6_
eiD
CFN
glX
sO4
zY_
kpt
krQ
fxD
LM_
xLX
BEU
bqx
qvM
deX
vz6
aGQ
jL2
fu8
oAV
ck0
CKM
QY8
oGY
qJ6
d4_
gEP
mnI
qyO
aE_
mIQ
glT
kIX
lxE
zCK
uw2
mt7
hX2
rH2
vJL
W5_
qQ9
nH_
jHT
qPW
rLX
flS
vBT
JOZ
uvL
gHU
CRS
nQ1
cwX
cTU
jsv
oOT
aVY
qMW
hrV
hu4
duZ
kNZ
HR8
pP5
wV_
eIS
lux
tyA
l35
EN0
PSU
qY0
UZ4
lHM
AX1
o1_
cFX
MS3
nIY
vUW
u17
jyO
AOX
jC8
gG0
HP3
cM7
fO8
yEW
grv
vD3
hLY
vPS
uRZ
iT3
OU8
ipM
ce_
koM
NR8
CJ5
bwA
kDV
jZ1
jJQ
a49
sWX
aF3
mHS
ahL
hpz
iOT
tAE
vP4
xz3
ruV
o57
ctH
aBO
eC5
nr2
agP
cpZ
a6_
kVW
K69
mAG
sMR
bH2
rEQ
elx
CLO
ht2
Z5_
ixU
JKY
CDO
R20
hGL
IR6
JZ7
eV5
pvC
oF9
dv4
aiV
HI3
jT2
cnE
yQ2
jK6
xRV
abd
orP
bM3
lpM
rGV
eY4
fnr
awP
mIR
ekA
tuX
cmF
mM9
zCG
pN_
kHR
GZ9
CQ0
sH_
wAM
bAS
jln
lvO
GO9
BCI
cgD
LOW
cd9
ER2
IJ0
jl9
xM7
irU
xy7
ivK
bq8
fvL
fR5
al7
aFH
oG1
grQ
cmO
tM6
zLV
lqv
zBU
bkS
BDG
rEL
sMO
evx
lp_
qxG
cz3
sDL
mo_
tyZ
aeK
nJ9
TV2
mRV
zWZ
GU8
eBD
mnZ
cKR
gn1
kDQ
IT9
iB7
fw5
gJL
arx
cgq
DSY
SX8
r58
hsN
AD4
ilU
xN4
uGV
OP0
efh
cqN
pDF
ksR
ah4
hjp
jpX
lS6
mtX
qzF
aFI
iDP
tF_
hk4
HW9
CJM
biH
dR8
qG6
biF
aP3
anL
hLQ
MP_
nWX
uv4
suB
JR8
DKL
EHI
fFH
bP0
Z10
enX
kJS
cV_
apU
sDW
EUZ
xYZ
ft6
kZ7
aPV
itP
swE
qU9
bMO
cpE
AF6
bkr
hjn
gtT
hv5
qIQ
R34
AX9
gAS
bDZ
A49
xW5
gzB
kqO
sG7
tU1
fkD
cIO
dnT
fk8
Y70
iw3
kS9
780
aNX
LQV
hxJ
npY
iA9
zJT
orT
awI
LN2
R67
FR4
dtS
rE9
uv3
wz7
HW4
k25
cHX
puK
mCT
XY4
iqT
IOS
WZ_
gJ_
q30
sTY
IW6
uK7
U80
vCU
eEM
FX1
bR6
wLT
dN3
g90
dnS
dqX
TZ5
gj6
kX4
osZ
qU2
jq6
dg4
MNV
eFY
wF9
dEI
ehH
JOX
jU7
lLU
gsW
myW
lv_
yDR
hvQ
lU4
uFM
d14
sE4
U47
DHL
lZ3
OP4
kP2
x40
nvO
aM_
L50
sH0
OQV
rNW
PQX
bL6
kPQ
clK
AE3
X60
zSW
txE
JNS
stI
vwx
qFZ
npw
aqR
D28
uvR
en9
kV2
zCY
GNY
CIR
tY0
cLO
bF9
kA3
D19
jzV
dh2
ALZ
R0_
jtL
j18
bL4
c12
svx
BS1
tU6
iQ7
hyE
a56
ae7
nP1
GO5
hk5
EGW
BIS
eGP
vCO
fJ3
ijR
hQ4
eEF
d67
t24
ef6
BJN
mJL
pNR
iF4
uwQ
wW_
nA4
ijH
jnU
oDY
uxG
enw
knE
zA9
xzK
kDE
kLP
KNR
huF
sLY
nL3
ntv
KMO
mG0
iIW
fwD
owU
ixy
np8
cHM
yEI
b40
e34
IS9
mzW
OR1
wDE
qEX
U78
cjQ
IU5
oU8
au3
MP0
EI2
jwL
hX9
iy2
qAJ
klN
ejB
qC1
rwY
kl_
kxH
rAQ
bCJ
V29
cG_
nG4
ow5
iwy
lvJ
qJN
ktw
IOR
FU8
tvR
BI0
nxz
qST
atQ
ruX
mB9
oqN
xIW
kl0
xI4
fiv
sQ4
FHP
g4_
ij2
pF6
bGS
PV3
MOQ
lK1
sw6
hwV
kWZ
DOW
eis
czB
BEK
hEH
dwR
v1_
psv
bvD
cuT
aU6
V56
sxG
bxY
bZ_
rsV
pJT
nE3
eoQ
aU5
EPQ
M35
dAH
no8
kpP
klw
gGI
M7_
rtD
owE
vHV
fyB
R12
nq6
fqQ
n10
u47
S10
BH4
u37
EMQ
M45
nCP
AD3
w16
aF0
xBD
nz3
GJ3
fqM
sR7
vxQ
swS
z59
COV
j23
bcJ
ci8
fj1
qR5
dK1
lKZ
gDN
kwI
vA6
mZ5
kOR
mL9
mwK
aiq
sDH
GO4
dGL
bfY
jV2
hV0
CTU
vL_
yP4
ntA
pT9
yDM
MTZ
OW1
sGH
qR_
nY4
yL4
j70
c37
wG_
jls
APW
hvH
oMN
vMW
txG
pJ8
LOQ
yAM
MUY
eip
dtQ
jD7
kow
LZ3
LSU
mGQ
AMZ
U12
rK9
qwI
KNO
p49
lmu
dq0
oQY
blH
I28
r80
dux
jyV
oNS
LU3
zN7
mY9
rz9
ew5
jw0
R17
u24
apL
aM5
rNU
al4
kCX
noM
DJO
BIT
eD3
oAJ
bZ3
sU5
cf2
rLQ
sH5
uW0
zBC
oW4
ntR
aN2
IW5
bnO
pt9
pVW
pKN
adU
vCT
ck5
yDH
kpF
bnw
rDK
amI
tDV
vL7
qKL
D89
gxA
w34
KX1
auC
wX2
gJ0
hAK
vxT
aeo
FL9
jt4
vDV
foO
bU5
cg_
jU9
r2_
kuV
HQ2
vA8
rv7
f37
hDL
sP4
MZ8
I79
hKY
oCJ
gB_
EMY
wM8
i56
t0_
AI5
CD7
uGX
wU8
RUX
ghn
tQ7
tJ8
BX0
yI5
luH
GTZ
PV0
f89
NYZ
kU9
ghK
mMV
t4_
ABO
JW8
kr_
zQ3
gwD
mn0
tyE
wxY
bMS
uI3
jxJ
JNO
kI0
mH1
gBX
NZ5
BM4
ceO
gh0
pY5
bZ5
dyz
xT0
aXY
CH8
chs
gtS
kC8
dgY
sCW
quB
qSX
erv
rO6
vH1
zDS
jvA
sw8
jpR
ejk
dEQ
jzC
gjT
puJ
d6_
FL6
hz9
iyW
xG6
TVX
lL5
CGS
qs0
glK
jzY
iE6
cx_
aIX
tE2
NR1
lMP
qR7
DI6
EZ9
sTV
mGP
G5_
xR8
jEQ
ASX
deA
wzK
nP_
uAU
eNT
NSW
fP0
cjz
dX6
pq2
mCF
msS
dp5
nT_
aLT
vyM
djK
FUV
hR4
zX9
jI4
lDI
jz2
cpN
ovQ
gxX
fWX
cdH
ilT
nQZ
DY2
qK0
QZ_
J16
mnC
jn5
aio
guH
B89
b17
ak4
rIJ
hz4
s16
fnD
yK_
mAO
DT6
BCN
kl8
hwH
aIL
ny8
kZ6
oFN
afS
kq7
mCO
alJ
nRS
qL0
nGH
htX
QT6
iSZ
fvZ
cE3
fgR
JV4
xW8
DOS
qr9
asz
muC
rA6
qxO
sIV
fO0
gCN
xJ1
mAH
vzM
KW5
lnr
nzA
amC
ms2
ei0
wFY
nuA
jkL
rLZ
nBT
DFM
wJ1
ckK
twD
huT
qIN
fW0
oBU
yNS
huE
gS2
wy4
xAQ
HI_
lmw
bcE
oH7
hj_
ozU
kK_
uFX
vEK
cO3
tA3
bH5
huC
zIK
cjY
aMX
joL
gIW
567
QYZ
qV7
giy
pS3
wB0
sI7
tv4
A69
bmF
hK1
TUY
eG6
yM1
FT0
n38
lU9
hz7
awO
eF8
BKV
fsZ
fmQ
orW
AKT
R8_
bT9
RT0
flv
EJU
i7_
NQY
TZ7
itH
d49
eBU
ci_
GRZ
aq1
vw2
D39
eR8
vCJ
hK6
BX3
cfs
w49
oS6
IK6
iRW
fuE
dhv
wX3
dl2
iC1
vyL
oIR
oD6
CE8
rDQ
hkq
eoN
IJP
dy5
cGH
aq5
kL6
GKQ
aQ6
aS7
hOX
mzI
IRX
ou7
gN3
kqE
wS1
jkr
LP7
dwD
DN4
zJ2
aeh
et5
pFJ
DFJ
EFJ
ciZ
mq4
ciM
hFK
wR7
p68
E24
O10
tX8
tP7
BZ8
fzT
gjw
iGN
acd
wKM
x3_
jW1
j0_
OU3
EV4
lqO
JM7
BGT
LX8
pE3
IV4
dmq
aC9
gTX
fGK
hz6
ko2
grE
byz
LU5
az4
ALR
isP
a0_
yJ9
a68
GUY
msF
R70
FHV
zBK
iFL
kvH
evG
BY6
mX6
xT1
kRT
GUW
nzG
dA1
lTU
hoW
nsN
dT1
py_
mAL
nIU
kxG
UY_
fuJ
Y50
R28
irA
vV7
eV2
bl2
auU
axC
dr1
DL5
eRZ
y67
lGH
eDR
hJL
wL1
uSX
jmC
KQT
brz
rS6
aq0
CIP
bc4
bG_
qyL
wJ7
gmG
hqI
MR3
csZ
ABH
jwW
lvx
y80
kAM
sv8
z23
fV0
zDG
lLX
pA1
AG4
bO2
frC
vBU
yGM
oH5
gqS
pK7
nF5
fDY
sR3
cn7
blo
ADH
UY7
kmn
ADL
zFL
DO3
ou_
eKO
oIU
rCL
asv
beS
dN6
fI7
lDR
gwT
eJT
xNP
afH
BDQ
tGY
vS0
BWY
ptG
Z80
FKZ
Z4_
auA
bls
MY8
gT2
qB2
BGW
DEO
hIS
fmP
pC9
suE
eA5
fmT
jrR
EHV
ezC
DMO
fs4
zF0
X16
lrN
AW2
qKS
ehI
wDQ
fiJ
msY
AGV
qI_
csD
kpG
lwE
nW9
jV_
fBU
FH5
dhA
fEL
dtX
dP5
mv5
lps
sPZ
sIQ
hL2
akC
zE3
GN4
zQ9
sxW
qz7
p29
avG
aU9
FNT
HSW
fij
uQ0
dqJ
BN0
HQU
ktC
eu8
jEO
BP9
sGK
hY5
GPR
eH4
knY
wGN
fs5
TU3
x1_
aes
LNY
aPZ
mwF
wO6
noq
iH4
bVY
otN
RVW
mBX
HS4
n78
brt
mnS
v9_
nD_
uVY
yI9
BM6
fI_
npV
fkI
noT
mzL
duL
isA
k89
in7
zT6
lmV
N37
ikp
Y47
HRY
aBX
vz4
zF_
CST
AJ9
klF
aeS
bA0
sC9
lp0
vZ5
bJ5
jV7
ops
dx6
PTU
dE5
PZ9
dBF
p7_
kr5
jZ_
pWY
xIM
B68
fj2
APR
dgC
ct4
xNY
oNU
cyF
g14
DEZ
fqP
gW_
bT1
CW8
uN8
m45
cgA
zR1
tLN
hv8
iI8
pRT
iy8
hJ1
anP
yN2
AG3
oEL
AH7
OR9
e79
ijk
jT0
sW3
gF0
bjU
ers
bjG
AEO
be5
RW6
aAB
wyY
eMN
oGO
dPS
BY1
cuF
aiz
yJL
lo0
K48
fq6
gR6
qEH
lC4
deu
ho1
EGO
JK9
diF
rIZ
xIQ
oGM
FK2
abV
mwx
ru7
ptB
VX1
yP3
jB1
JV7
egR
bsF
hkC
jy5
bLU
xFK
nJW
sv2
HZ4
dis
aD8
EGZ
DGR
x90
pH0
GMO
fn5
AO9
lpz
s90
lFH
ak3
wyP
fK1
dmU
ow6
wB2
VZ8
lCG
IV3
xEU
lB4
KZ3
af8
iF0
yKX
gtN
FPU
aoJ
mqL
dM8
eqy
tLY
av7
uU6
af6
grW
qtN
DG1
LWY
pVX
nOQ
dB8
UV3
asB
cAV
uGY
B10
jv3
kHM
K57
yM7
pJ4
aw_
mty
wxJ
tN_
fTU
BE3
kH6
brN
iEI
ei8
itz
sY1
DI2
U79
hMP
eu_
HM_
mQ0
lJV
LR0
noK
dfK
lwC
pY9
rwB
mn3
qs_
KQ_
czS
iQS
HS3
lW8
dPQ
hH5
pzU
QTV
iMS
wBV
pCI
EZ7
WX5
gMY
nqE
i2_
ajz
qsu
mx0
bnQ
msJ
vQS
mTV
z13
jnt
efO
CSZ
sS6
sQ2
cfk
KUW
adu
xGU
ryP
kX9
CL2
oxL
cN0
x20
xR0
S5_
R6_
qY9
aW6
zBW
o3_
eNW
loL
nT6
czG
ceZ
SY2
zD2
rFV
sGP
cDH
12_
zJ9
exI
rZ5
pry
CS4
zST
wJW
467
rsR
aOY
vJ5
BU4
wGP
aFP
qEP
uQW
lzP
l34
duM
ek5
gTV
npA
quW
pEO
j78
BZ6
pQS
del
hR_
LNT
lX3
RY4
hmo
fx4
kvU
bew
htR
dq_
lV0
ILN
PQR
hL4
ltM
fko
kCV
DVZ
lt_
GJQ
hB1
pxZ
pPX
uKY
iDN
nN_
IR8
iR5
ex7
b67
czH
klJ
C7_
yPZ
qCT
BM1
nH3
or5
swX
cGT
aeE
yOY
zU4
xY7
jZ9
ef7
iUX
b0_
r67
bk_
nC1
fT7
agv
jt8
otZ
eCI
IV6
lK0
WZ8
GMN
ANS
BD1
fhP
fvH
OZ3
b7_
hpw
PT7
nA1
RS9
sH8
hiz
frM
eX9
aoA
dkK
kyU
psU
fg4
hk9
inM
pG3
CDQ
eKY
TY1
dln
asL
r20
uY9
oKR
i35
AR_
eJK
iFV
NP6
nqD
DE6
lA7
ox6
qEO
glH
gw9
no0
mF8
zP3
cjT
jD8
buR
mLZ
nAU
bRZ
xBJ
AC1
zNX
jHK
FUW
dr3
cuy
EJK
kY4
mLT
diK
yH4
fkW
BN5
eOX
kNR
oR4
n20
pV3
inG
mU0
yQ9
jmM
oAK
q56
kLR
KLM
nMX
zM1
gs9
IK5
pu2
zNO
opu
IJR
pN1
bsV
opz
crK
oEX
lAZ
itG
ayL
huK
pPR
lnU
n45
tNO
bgu
gMO
BQY
txT
lYZ
qRT
hyP
suz
cEI
JNR
fV5
AOV
kq0
fI0
dsY
OV1
ptH
drK
EV9
O30
ek_
AR3
KMQ
k23
lM7
xDE
wyN
cxS
nyI
mrC
gy6
fF9
oKN
apy
bev
ewH
u34
cgt
gln
lY_
IOY
av3
buY
dBU
jpr
nw1
eP6
xyM
tJ5
ANU
oy4
cCL
gnE
iB0
PTW
z70
GJ9
kv_
bE6
klO
hA5
EO8
hkm
bqV
bpx
EJO
wO5
pv7
eAE
aMT
sS9
378
tyN
A46
rvY
W18
aor
eyT
a12
eiZ
fsH
lmr
kMU
lL2
gJ8
EX8
noA
wx8
atK
lC9
hP9
nr6
yAL
sT_
kMP
rvA
pFT
HT0
wCU
zOR
eyQ
cPY
sy7
yL_
uNR
iuS
mKR
X19
pRS
JPU
pP7
zUY
afo
mXZ
bvO
jQW
sN0
qwJ
f7_
EPU
dr7
fAT
fY8
cgU
cCM
ac5
dkM
afp
oM1
bCN
zPY
z89
jr_
fhX
tT5
i0_
cES
cC_
dhi
vy8
aM8
uJ5
fkm
wB6
vP7
hOU
LP4
oG9
IY5
ixM
oy5
DGS
bO_
sUV
ivG
BG7
bU0
bXY
klT
iS3
vB6
beF
rOT
uLZ
np2
mE8
oAL
mKT
cs_
akL
pD8
qx2
LMV
foG
gN5
pFQ
LOS
ABK
cj_
pK3
iyH
B34
iRZ
lpO
lFM
hEX
akJ
bv7
gBC
z48
nT5
gtM
gG2
jpq
SUV
jsI
FHK
FOR
mDF
uF5
jvx
mv3
erw
lns
CGV
xFN
oT2
iZ1
JO4
S19
nBI
joO
aPQ
rN_
ksC
lm9
KY4
wFH
gkS
isC
mxI
vwZ
br_
fs8
bfh
lrM
bd8
tGH
jJP
bio
BNW
tFY
DG8
FO1
euN
GN5
fsK
rt9
AHL
iqN
APS
as9
gT_
vRX
xyB
zC_
IMU
Z24
bCW
fuZ
HU9
JOR
MSW
zEQ
PRY
kWY
wD3
IX7
QW5
pr2
uD_
z36
ES_
ku2
mLY
bhZ
iEV
anI
vKM
kT1
fMQ
ruE
APY
bsH
jFI
nT4
689
lI5
fU9
QRZ
aP5
ei_
Q9_
zIO
ipE
mE4
mw7
nQ_
xA0
qX1
eB9
MN2
bxO
jyR
epF
jPQ
zB3
wPR
akH
fhn
quP
aJX
kP0
z56
uN6
ekO
hkT
prW
aS0
z38
oyG
nCE
iN5
im0
R23
pMN
hk8
lIM
ej3
y79
gVX
RX6
dzC
nGW
uGR
azW
mMY
mDH
qL5
GJW
DEX
eHK
kHV
hOV
DMU
JL0
gy5
iIO
mp_
jp5
zV7
hoO
LP8
uMO
acq
wDY
fqL
hn1
aK4
s1_
qCL
jS0
tE7
J49
bl1
iw9
jMW
TV1
oHO
uDS
itR
dtG
mwC
hpZ
Z47
ip2
yF7
pT7
bBG
wEH
bn0
dry
su0
kPV
zK_
pE0
AGP
bI1
dDG
afB
uAX
uEG
gV1
goA
tuO
wPS
oKQ
KP6
rYZ
yA_
iyz
DNP
G38
JPS
tP8
AHZ
xD9
AL1
guF
uNU
fpx
dqA
mpT
pvx
det
HU3
j19
pv8
av5
KVW
CMV
vA1
iyB
cxR
DGI
iow
txO
uO7
pvL
v14
beG
gmQ
hsP
pu9
LT7
gH4
eI7
P24
IV7
vOX
oz0
rT7
ai5
GL_
TY9
oJ1
BIV
adH
fjn
qY3
sDN
fqt
eX7
ev4
bQ_
wBR
kpu
gUW
lsw
Y19
DK1
elS
rzD
mQU
oA6
EX3
mpY
osM
bhW
jQ8
bhl
gxF
EP1
iyL
mSU
ivw
tK0
asY
prs
es4
sD8
AHY
DM4
uMW
MZ9
jF4
d34
efi
ABN
dUZ
elV
lDU
y1_
JK7
hr8
cEU
dUW
azV
cEW
qrS
vEF
bxD
cL3
kDG
kCY
zV0
mGL
nIW
do2
MYZ
jq1
fwz
C78
bKZ
cf5
hJY
FR9
GT1
ir_
mU4
dio
DZ9
hB8
nB_
LT4
EFG
lqB
fR0
EJZ
luY
oIJ
bfA
deO
exQ
wY7
cu6
hpN
dh9
ghk
mFU
tH1
zKL
bp5
eY3
mqA
zO3
sDJ
qAE
JVZ
KX8
INO
zS8
BDY
n48
cyU
cEV
zM4
hlG
qtC
nSX
gyE
gNQ
oM8
tvC
orF
RU6
lA5
gm9
vTU
LV6
wQ0
GI4
EQ1
pQ3
B13
qyE
vW8
IJM
ht9
duy
fPZ
nG9
yN5
inX
wIL
az3
djI
mw3
U25
NS7
BQ_
iC2
gR4
bIR
hi_
pzF
SW5
rKQ
in_
hwF
rOW
xDM
wP3
AGI
sxA
anF
bJ6
a20
r30
klr
xIV
RY_
diJ
uJU
dMT
DYZ
dkl
mnp
uz8
fW1
C25
gkV
cHN
gIV
jO0
eV_
NUX
nN8
npu
vDR
c
f
