H5h
Tp3
1sU
6KS
MIu
XLC
R2l
MB2
2n9
EIL
3EX
SOK
EOk
1Im
ap
1md
F5_
OaU
5Wg
1T4
Xf2
Cvq
WIW
7A0
Jhy
GwE
VbH
C3v
Cj4
Dwa
7Ez
QtB
PiU
6T6
4cU
Jup
SUv
O99
35c
8Wt
ZXt
LRl
A_S
Ogy
25r
P_E
MJl
CMK
GYE
8ut
KOM
6Rc
ZVu
LIo
Afp
Ktb
DbH
85V
CqV
Od2
3s_
Jjn
P4k
KFm
7RG
Rak
MXj
SNt
Vft
9wq
KVm
8pO
SV1
MVe
W_i
MjV
62S
Z42
WcL
33U
C7H
Lg7
42D
QmM
JR4
18U
Xtu
Y8r
TEv
PGK
2Qm
Gyt
4UW
P74
Z4F
Ulc
LFo
Qvy
E5C
QTZ
4kW
MpY
KhO
FII
W1M
7qb
46
DYT
SO0
6HC
88A
Q8W
3qP
8Xa
kD
WxB
61P
Xkw
WGJ
R_n
Qzz
9Fo
AFK
Thf
Mom
ZC8
PRF
K3d
60P
7_i
1uB
IvJ
MTe
QQ5
Bva
R_Q
944
KCW
ETS
Wfo
1E
691
GTa
XRK
Gl3
8GO
6G7
NWk
gq
4t1
LD2
Jc3
Bh7
PHk
T_n
7Us
L4j
XQZ
Q_b
Ml_
5ul
UXV
JCU
6s_
3Ek
J2Z
EcY
PHy
6bJ
PtU
2jV
BXb
DZR
SiN
515
8DL
9_x
Q8P
Fey
3qB
Hok
3O_
57O
Sn0
RV_
K1o
IRI
554
AGM
JLc
UMN
KxC
2QP
Ag
9Ch
JCw
H9U
MJw
M0Z
TYw
32N
9Il
8eA
C3M
1fn
NN2
MUN
44A
MEW
CzR
4n
UWU
Z9J
6iL
WeB
SfK
1Wh
WfJ
Hr6
Csk
V1
HoL
SnN
X_M
XGH
Qu9
9Yz
22G
BO3
5rJ
Abt
10d
7H0
7P
E6u
HrR
B5N
3Pv
63q
5GT
4Hx
1em
CeW
UN1
4rf
QHH
87I
5UX
5NQ
TE8
A4C
FFl
RDg
Nm2
BXd
3ys
V_A
Jyf
H1L
Nww
ZbY
R6p
QAe
ZdM
AFz
BWD
Vub
6kQ
4eZ
Nuv
KR
H87
5w
LCf
OLe
S1K
84t
UsI
C69
Hbh
Fo9
9xW
Ysk
LGw
UpO
6iK
9bb
3gW
ZR2
6fa
KC9
Lac
C37
LTK
NsJ
Cnz
5HB
Icr
AIK
Vq4
2aP
ITs
Yx6
2yk
5vN
OV4
G26
Us6
1X1
Cx6
LXk
OUa
Bnf
9Gx
Bta
IFt
7Ex
6vz
Mlj
UBv
9G_
HT5
4rg
YbM
HII
6dW
ZLV
5U3
7nk
DHi
QBw
ACF
SpO
Vb0
It4
Au4
BiT
UOf
8Xr
AUA
2GY
L8L
W4M
2to
S3i
9tw
UDJ
Szf
6yG
PG6
WoB
Qja
XXg
MMG
29R
ROX
2e4
4g5
PQ7
HWv
VPx
HMY
Q79
4m
HGl
4Xy
L8Z
I33
6Xk
4Qc
Mi3
50n
3pd
CLh
RX1
XOk
ULq
Pv6
VNo
4pA
LVT
Ofc
E54
K4J
PIJ
C6W
D2t
W8A
DRu
2LD
VdY
VuH
E_h
4oz
Xmo
1ZL
8NK
Q2Z
Aj3
2j0
VUa
5Kp
RBV
ESn
Kub
2VF
3__
5Ms
YhG
DgR
U1t
KVo
TnK
OgE
2FM
YHl
ZgY
Kx
TY5
Vqc
VLO
6w5
ONF
Zog
T1q
70u
MVb
LHR
F6y
F97
9IF
VhH
OZE
7Xi
4eX
Djf
KZ7
Zc3
TbB
B00
OKg
4NG
2oO
BV_
Xkd
Jpc
7mi
D35
VLx
Yz4
Qlz
Xy7
IHw
2Ca
PbG
Kb5
SG5
RbM
4Pq
Jee
1Le
