57275
63812
15501
60531
16441
74916
2727
60075
29941
20668
6076
53386
74406
19753
74042
5335
319
7839
28748
9270
52742
1786
56215
47389
76246
9291
21139
75034
5211
7215
67277
36293
39412
7163
52636
72802
12254
58088
77233
21930
74143
75602
25535
13952
32295
66288
65592
16318
3293
60158
20672
75802
33809
14238
1329
57514
58987
32439
18279
15116
18051
24052
4164
61383
2114
27969
42241
70639
77066
37612
17994
30517
35382
39269
30169
41455
7351
72344
77932
64522
32294
60248
48630
37682
39028
31302
74823
53254
28508
30288
13548
27576
27266
61517
31234
36471
77587
45482
4495
