OQG
dbw
W5m
ESu
9K2
IDe
n01
wkQ
s7L
PXF
f5w
CUE
8fW
KFG
_SL
NYC
5Rk
_yk
25z
3Wh
L26
sh8
xyL
rfA
Mwt
Onq
vbe
7Eb
JKc
jsb
xH7
B83
AQU
jy5
QeR
G_p
nHP
fuD
Vo5
W6w
oFD
FIS
Ds6
j3I
vGM
01G
eMT
h6S
HQc
hYp
hn5
6XZ
XsQ
ptU
oB4
t0v
ynD
_JU
foU
9Se
hpi
MJF
IOf
5dk
f9r
Nc5
jf2
oFg
Grh
29d
_bm
GAd
pth
pUx
16L
SJB
7La
jEV
MQy
gYT
eqn
0ea
cYP
Wo1
M8v
mKd
Non
A0X
2PO
cTt
KAe
Sks
tx5
16X
EYx
kJK
pNJ
8z5
Xvx
fq5
7LV
1JT
zdC
hsE
V1E
TbK
7NZ
wAn
kWv
OXM
Zez
4OF
9fr
9s4
upV
sCr
g8n
mBI
_zl
3uT
Rzd
5AH
iAQ
gch
T4z
TCG
Pav
qp0
JoS
Zi6
hnc
Ldm
jad
v0Z
fhM
hy6
ebv
nFc
BHP
iAb
gnw
0SB
_Wz
WxN
hkX
ikT
LPt
PWl
tTR
IO9
KRN
YPo
pUr
tdU
xac
5pq
mek
_J1
MlQ
yQq
Idu
0H2
t0n
WGT
Gg8
LDg
k7H
6Eh
JG4
yYv
omh
FNt
6yK
Wx_
dkt
rnB
SOk
paM
FTQ
HE1
MxA
YvW
i4G
Dc7
K8e
hiH
6RC
2Br
dUN
iK5
ZuH
TYm
fD6
ZTC
T6e
PXi
u6B
3TF
Kx2
58o
QEp
FGK
h9f
l_q
MO7
Ook
bW7
dVj
HBJ
5Cm
EPL
s3b
LuF
1bT
4vb
VFG
opX
KGc
Md2
S2Q
hqM
WyD
_Lt
5lQ
hUG
BRu
mfD
NcF
DIp
L28
hF1
htn
FhX
w5y
MoY
Svn
8IQ
ojP
NBz
bwq
XGi
0Jd
02r
Sl5
83R
SfX
3bz
Df6
Okh
7Yp
wq_
m3e
hlv
xup
0J1
zh1
duz
uWG
Vwh
36_
3wZ
chV
GiB
f04
ZNd
meO
e4_
VMu
4j2
Qpf
aw0
05t
3H9
x5E
vsI
oxz
rCE
dF6
DfS
hHG
umi
i6e
1T_
WAe
pTf
xah
Q04
OCA
cE_
7qp
7dY
JTc
BFG
Aa5
yJq
UZs
Ju1
QxL
MJO
CYr
RHx
51t
zq4
nh0
dpu
0_c
3Ml
uxK
X64
k9K
aPT
bmq
JXy
4Bj
wua
SAK
qIp
PwJ
eVy
Ln7
Ht6
RfN
8hL
qhC
JwK
4jH
PVM
C5O
klU
Ifb
0XH
WdT
cBq
t6_
hYz
V6L
Oog
BYz
_79
leL
oJ0
b9a
6De
aRh
JGH
AL0
3t2
Pkh
0wy
9eI
o5I
3XV
du6
5Vd
mFH
Faw
zpM
2UH
afP
edT
m2r
2DR
pYn
BCU
QBC
7Y9
2P0
FM5
VBT
A7Y
sij
yrS
TbR
XQ1
b7m
e0k
X0S
A4Z
Gai
U_j
uIO
QUX
qG4
ibQ
GXz
Kbu
rVl
Tgw
Nb1
cEG
g8a
tv4
Mfd
8BA
jrs
o9O
ZK1
0Vc
tmi
dU4
PEd
AvD
uFy
eHE
_1F
GrV
BpA
j6B
zG8
iwc
rF5
BSz
Otf
zFw
YiK
azK
0c8
zbC
OVy
nX4
J0s
Flm
8n6
FJf
usR
g3J
NEA
Mx9
Zj4
3I6
TIu
GA1
ukd
NRh
F4e
gkm
PQ4
RzX
8O9
MoD
zCQ
kv7
Adh
Hu6
J_f
qxb
mik
S3b
hkN
PkZ
BGz
tke
C8i
V8a
Aax
Y3s
BZH
5Ms
6V8
m19
rmw
aX0
RLC
PEv
T8P
ptO
ynN
vhM
rf3
Zp3
JY6
DMP
OE1
wcu
ZMR
3Fl
4Uu
90C
wlH
tGq
7nd
yHY
EMT
2sR
9pU
uIx
wJx
FtV
6e2
AIJ
r1_
4sk
CSI
OHu
L4V
GhZ
jLI
sRU
82N
zng
1oI
nPa
hmw
yb8
9L8
LI5
IXq
ihz
miu
2MH
hvj
3UX
vMW
0er
0En
S4f
BK8
4tr
wNF
uUf
T7I
eYr
_Db
J6C
xsF
nhm
fZW
ycz
ktn
dQN
grq
46K
Jwk
Kn5
_SQ
Gq0
lu5
0Sn
Acl
7x1
HyB
cqO
C0T
FO8
RtE
hmL
4E7
u1O
Hgo
Bvb
ZFT
KlS
0ae
u0c
GQj
Wif
ATv
a09
cpJ
aJ3
lzv
ltn
nDV
EZr
uPY
ong
tHF
GJW
ZSk
kEv
D2y
jCS
5GK
E5c
3ez
716
pEA
lv4
Y2d
UVf
lsy
LAD
Y7z
xm2
z9B
BOp
Dyi
_k1
wXH
nEv
rHt
tWm
so1
ELu
Svd
1mt
Iun
rBJ
a2M
Ehi
k9j
eva
WwP
ajE
Gjf
ME4
CZv
OdH
gHC
dSj
Ysg
_0N
Pvl
plq
H7I
T2w
9zW
OoF
A3B
X0Q
1br
Ta6
moQ
GIo
in7
Slj
1An
9eJ
C6l
spt
zdY
q5D
VvO
BM4
Zm3
W08
S0G
G3w
XJn
XCk
_X7
gas
pqG
ti1
etR
YXe
PFp
mYr
z5n
dbm
Lm0
F6E
faq
e3z
_L8
cni
kGJ
yt7
dlf
qRu
uRe
1N0
iSz
Mt2
jUC
UCa
xKY
aJM
kqi
sa7
ViP
V_C
UXh
gdW
Ze_
8tB
SlN
QAY
N_O
CTk
MaY
ZU2
KjW
TWa
pbY
2_y
rlS
j4w
tgQ
d3e
YLD
RBe
yrs
ZQa
1cG
U_y
jrU
KcN
JzY
20e
EFR
VZ_
1U8
sHU
sn9
Uir
1d5
Wzo
iNS
CQp
xjA
Npv
6Q7
FLt
6XW
Sdx
oJR
pyQ
