O4W4V6N
T2GFQ2G
HH8A9BL
VRQXMCF
SI9P34Q
YFHS66D
RG99M7X
7YDHR8E
GW3RSED
1H3R142
J2WDAYR
RPOPSNO
87I09KR
HWK482J
C8XHWE5
5WLMU9C
FVZAIP2
M3PR7YU
PCITP63
J33T7BL
NT685QI
GR1GUG2
47VC2D9
DCHA41U
QNSM8YS
79JPXL8
FAH5M3R
M2TZSM3
24OWPWZ
ERGUDF7
T0BQH8I
BTDXYF4
MNSJXBN
21C5B7C
U9P5BAG
62MN4Q9
A4U0JDM
UPCG2SJ
J7YRSO8
G2EML80
PUEWTRO
IWRHO0V
WIH1ZRZ
TP7SDKG
CMGMRGP
UIXJ8PP
YWO16PT
S88ZZNT
YABA62X
LJYM6AV
VO3BDSO
S1CAME7
LZWZE02
9T7242W
JV195SX
33AE6NR
C2A6257
N87C423
8AA9YNG
XGR4T1Z
0GVVK4O
1B7674F
FYZKLFI
66N9JW6
24QL77P
ONNVG3B
ZI02QI8
A8O2AMR
YM4749L
PF4IJH7
KNDWRJS
6GB06RJ
NYOZ01P
YGNLSQU
9UMU4NL
F6T0M8T
4YASOCV
DKA91SX
PWLNYU7
JXQCG65
ZH28EWS
OCFZZN5
A4XHUHJ
2V0VLDD
C52HJ78
BTHY2AA
6L9HGS8
Z3C31XN
89VU3EZ
5OLSDBU
F0CU7XF
5CSTGIU
5RA54HS
JSR1Y8H
TILVJG8
VZPQDE6
Q9IBTU6
DVVCWX0
BOXQUFC
ARPSFIT
NEAZM7P
Z582CGU
DDN4C9T
XRJVB87
2EA8FZI
TN5DM5C
DFGQNCE
Y21BVKQ
74K0PEI
0IFYL2P
407B2Y6
NS0P1BI
WX1LCXA
2CNPB34
9RTZ1XI
55Y0ZM1
05L9UC2
81QK8Q5
8PSEPJU
HFNSRIT
846TVJH
03JAU34
40PXUY8
UKYE3JX
4D5Z5M0
OX4JW5T
1DS5S3B
OZHU9Q4
4E3I0AG
SA6JLFP
NKIWSYU
RV9FG0Z
NJME3BA
ZSAK02D
CST2E02
KGTUGXR
MZLS66S
0T8L3PA
JOI8WMN
NFGTBZM
7G89KXP
HGH7HVB
WCPXI9Q
4BSLR4K
RS5W2KG
Z11090A
HI96H9S
N9MSQI0
ZBH2RB7
FW9EKNM
N3PRNIO
18WOOQ7
NKIPFDD
VQI19A7
HI35JVG
L5MWPBZ
7IXIHHD
EOZAI14
63R7P5B
YZTC2PE
LMEF1MI
RK01ASN
ECZVAN7
LUXVMPH
E0VDYAR
NEU5RAT
55W6HSO
J0PTPZB
6E0QF40
BUMBXTV
X557YGU
HQ8DZ5N
IBII00Z
6CGUQH5
0HN6V03
VRJ812I
8IK4XCG
IUBWKO4
US92142
2QP2EBC
ZSLH61P
YP8VP4P
1402LGD
NLJPGA1
FRW6TYJ
L1X12U7
5LWA7RD
BERN7KG
FKFM2IP
RDGF4IT
BJIYVJD
96ZP3M8
HQB6BJC
FW4ZS20
DF80715
H2KB3BA
ER89OUV
GO64JDM
RTF980D
F3VMGH2
FL7WHFY
VZX43WR
5UCGM90
XE48SZ2
KLDS7Z8
PZVFPIK
779HGK2
V6LBQC2
A35MK34
MYNVZP0
BXPNJKU
1CDVO06
CQM4L5Q
HZSZT85
8QC9580
BTPAM3V
8IM5OLM
8T085X4
EMPQ8QQ
EJ83299
PD91TJW
4AB28J5
FKNO39Q
3TM7Y78
VL0O6GV
6ZFV9TB
7YHBT1O
87S1LIV
O25CNHY
INPC32U
8TT6R7Q
6UW1MGE
NTCSQ29
F58RFP7
9F0B1XN
VPJW7G3
RD4EY9O
4LV9F2L
E16EKBX
EF78QZZ
GV2R8ER
IITZIOU
RNNNRRY
C1AHWRB
JPMKPBI
4WCE7BM
8XR3SQH
WMWVW8O
O2FKYGP
EUZK4FJ
8S871R0
X4XRVGU
ZE6DG3D
6HTH6BF
5LWA6LP
3KQ2FUO
NKC7MP4
BVIYO6C
1BP3AOH
PY9LR2T
XXDIMGN
7O6X468
LOO4CMD
HAOXJHB
DFSGYYE
6ELD3CE
XSOGQKH
H3EHDYJ
B2BRNPH
U4QUUGV
4YLXHQI
JBI39ZJ
J1ANC6E
WG1QBKV
XZQ2181
Y6OFNY7
YVC2GLC
JMPK8WN
X2MAW4M
6582LGO
9ORJEC0
K5SWJEF
ZGRI8EG
42A2YE7
CSF75KG
AGJPXKJ
T4QQIEH
3MYYEL8
2I9M355
4RG4LXO
8DKGQOO
LAICWSO
SO8QLFM
JFU7N7Z
O82INBH
0HHU7RL
SG8DTU5
K6UH4H0
3QT8AD2
WB7LN4Z
8C7G1ZL
7GEBJTJ
HK8QBBH
OEEPSAL
0EG91TZ
VE7SIKC
7CZNOYH
ORJZDV9
LD1WRI1
QZWDYIR
ZY1U9AW
3B0XIWT
7BEG3R1
QIN0OF3
TU4JEGZ
BJHYSW3
GWNWGD9
53NPZ8U
GTDQFON
C0UQZ2C
ZH1HFSF
ALNHI65
Y9G2QGY
8VF9ORG
6MV6OZN
B9Y6PZ1
W368GFV
NJ8G8CG
D8KGC4G
WCZET1J
GZ2VD3S
ZKDXQE2
B09E46N
HE3MLRZ
2QHS5Z4
60022KU
654FM1O
LNJVGDI
AHP14SN
4NO9TU7
7ZPMPSZ
Z28ECDM
F4E6AK3
DOYF3XO
TSNV7ZB
AJTR6JQ
LX4Q15N
9KJGYXC
BYNL15P
0WE9L4H
V0RLTYI
8G6EESL
CP3QVSW
IXE0VFJ
HUGU4OV
8SEGLDD
KQGHVGN
TTW88LC
G9UR4WX
10TGCGL
LFCYJY7
6FXO5WJ
M16IWRK
33CG4UN
SYOVK2C
AUALPIX
7RVKP2L
0WG5M3I
G12GMQS
SQK2QZM
6S25BJT
M7YY826
SJ3LS9D
OIUHEFQ
S0SJ3PU
IUFT1UZ
4NU0YKY
TJMND6I
RYIHEN7
LKY3DG1
OQR54PM
LAT5TDY
BGI0S4O
CXABDFH
T7VQDZN
77WJ1Y8
LJSUTOW
ISNSQ26
7GI2A70
6ATO2QE
7VGOQPG
S19CRJA
QTHIFKV
GMJNII0
ZQGT8JV
J8ZTKEI
15F0WYD
LB5OGFP
43FD716
6JYCHPA
R55IYHD
F17LPC4
F9C6ZHZ
4RAJ2N0
IKBVWKH
IAB9NE4
NVHBMSP
205P6VH
W1PLJL8
EYOYDSB
HM4FBPQ
XWG87VR
CBQPTUA
W4RXLKK
7CHS26R
YJO6OUL
4DMYUAQ
IIIE7JT
V8G0VB8
G8V7HQD
B9973RB
9BJGSST
VUX8DRF
MOQJQZU
VWC7XT1
KE2FU9Y
XZ6ZL9U
G0PJYDB
6NVCIKU
NG3AHPY
QJ5NGR2
02XGAHY
J65RQ0J
4SJIB6H
SH89P39
WDS1I86
DOA14M8
778JL0T
WOS3Q8X
7BODMQC
O2R8FQ6
VVXL772
BAP3EMN
VUAYRVU
7J6YRHJ
NJXCXXU
EZMXQ23
DV9WZE0
ZTCUQGB
VULRKBQ
M7WH4OF
0T6QHXF
10BLLXD
JEG0IVI
K7E39GH
L7P1ZC7
H3RZ26V
MQRM97O
TJSJPUS
4JIN3RT
O2SQF8F
FZMN0WY
BLDZ75E
3DBQY27
WRCRZAA
2FTUMW6
MCASLXD
JQ7C2Z5
OEQ8P0O
WP56PRR
1C4NQF1
DX80QRB
AP013W9
Z7J8051
76GHA9F
4DVMZ7I
FK6BHIB
8V50C5V
XQWHXHE
0M9UUYY
G8HQZHE
EY3812Q
XJNTYRV
NRWT7TW
KAOOHE4
DSHLERN
TWHVA9Q
8OUYPFN
C0U4CW5
TTNFXP9
Y7YGRIK
M2QU871
24Y63ES
16T4PU7
C7PG8SX
R4HYIO6
DTTFZUV
49YX5BN
05UFGY5
VYERRWS
72OGWEG
KRBZESW
L0YF55Q
3G7COI0
A3O5JNV
CGZVF37
I4WXEV8
LW31V26
UEW5KQH
19Q3OSM
39R9Y59
Q8R8MCJ
0O0ZUNB
PMKPBIB
SJMV5OD
I2VVU1L
R8M81IW
J2WTBMH
H1LXSY5
WNNK25E
XX269Q6
OORJFSA
AX1SDP4
U6DCTJW
RO5BRN3
438B4I0
MSU5WBR
7QNCQGE
2XMGE4O
CLQRF5Y
MPX7WDC
KTQ5HDQ
DFLGLRM
S3YBYHL
JDUAUG0
FUR2CRK
8E48TSM
WHXZYQF
MYQP63J
IF5YYC6
F2SWQT5
QM7Q5JO
N1XVX73
3G5NKV8
5JJP78N
KWUDM8B
2LL4HUL
UTKLVNA
6ELB4G3
CBL2WJB
FAVDX7H
5LBRJY0
OERVECO
AL89KLR
520WJ0U
7X1W90D
0UDPOGP
FIB9P6U
7LG5TG0
TRQALFG
XI50X38
1SC184X
IAB4U92
K52YXA0
H5AOOVB
UJ1DS5X
69SPO6W
WQFJIV8
JRBED8M
LX44JBH
C5QF3NL
P32GMQE
D871O6L
DG2TKDV
41SRQ8L
8KKGLX2
BS68ZLI
W758KSK
QIKTO9J
NFCK2RC
Z0JNQBR
NQN6OBI
WAEEEH8
46FHCV9
X7MHDO0
UA43WGQ
ATJ19ZG
3X25PW4
DQJHLPE
5V0H085
IS238K7
WWU3GLU
1HOAGDA
R7I3XRX
UWPHWRH
4N8X183
HT0REOP
4OCBJIY
NP70ZN5
NBD0EHV
52UYZ5F
NQOHJZ5
1FLK24E
YT2GWX5
Q3IFWMZ
BRBKRRJ
GVSJTLV
SW2LPZU
QWLS296
8FF55BV
1OEDQOZ
HYT8FG4
DS6I98R
30OOVNT
9PNEE2F
3TD7VF0
2A251EL
6JBM4OK
SUR8234
WZO1BJR
LKC1YM8
ZEB8EUC
Z3679JT
CJUYRIR
S7MF82M
UJ51K8G
QYPW26F
KBMW3ZM
DVIHJ7A
SMEHKFK
HZLX3O3
XOJ7Y15
6AQH8OI
EPSSQPC
U2BKVIT
CPRWXWT
17DXKLG
CLM03CY
QCB77VC
RJMCTIM
W4TYXJU
EN50602
AE8F9PD
U92MUHU
AH6SG27
JPRPHWC
DHXNAXM
NMEX03R
GPF3PO2
KXL12HN
DJWBT8A
VMDHB39
R1G0FMC
2HIRWNV
7ILAB84
Y1JALCX
06DZCE5
0UHO6IR
GVRZHIN
T7AYB9O
ULUTSJ2
FLRTTO1
28YGRK2
LL2DNMC
UILZEZT
57KHZBS
WOIPOEX
8KCR3ZD
1QLD63V
4UBDE88
P068CDP
RCXPKY1
B6HF0JS
DC0IFTK
SQBZZXU
S1O0ZXG
8CJ0WDG
E0EED10
92SI0UZ
T89Y784
Y8J9KMA
IZIC0RL
ENGNPXM
Q9CGH6J
XLAJ3FI
D9ABV41
AGU5028
7R95XEC
ZQTGNUN
CQ4M1WT
C7CJ2ZP
NG6MBJN
CBLSH35
4CZGVS8
DR3Z5YE
D9735CF
11N8ZAZ
XPST82O
QF4AADA
6S9HLUN
AHUHT21
51V095F
1473AKZ
DKT2LSI
HZ25GUJ
4FL19WY
QBVL5J7
1H3X8CS
8NUBKKI
S73EA0F
SE0G835
QHMVY8X
CMJ1ZVR
8J9EVGC
W2GMQ54
JILO21B
WLB4GNK
2J4CS0T
LVV2U89
C4TXYAN
ROQFQ1R
V8KLCAI
JGZQFKR
M16UN65
MI4HJJC
OWDRQ6J
P4ZP3IF
GNL21BX
JRIN4MN
K0P9WRA
PMT907E
SI45UFL
2WCCET1
SJD5LIR
SQC1HYD
QT7DW3F
7DWSU99
5PJMC4W
R2C8CE6
CSAVZDJ
LSDWRU6
IA9G5JD
AO51HS1
1MDHN38
IP609F6
24RRD55
VT0DCFA
N8H6YH2
UUC544N
PFEOLAR
1RB6IL9
9AXGO64
J0KBYY9
3C9JSBH
ARVA37L
1BLH5UJ
402QNVE
2TI5SE5
BBJ0PKP
F2GWJ67
LVDCW3V
Y3XHH49
L2ZT9MS
PR0M726
X26ENF5
UQRUROP
RHKHRSR
G7RLJAY
1X8OOAG
DYZC60D
23A2PDV
FUJK0MQ
6Y3CZCL
HVV68DH
789C7WR
M0SB85M
8D9273H
SO6MM2A
KSP8Y6L
QK8SLP1
HPY99P5
F3NT4HK
LE4L54F
PLK15DX
G9NF2WA
U2QUBHV
FEA22GR
C3H14MV
G10SJJV
1QB30SP
2KFZBCF
ROSNAVL
F7JCPJB
1QK5TMS
7J1GAM9
BTDEU2E
EGAQCBE
IX7C7WF
RTTNZ6C
KS6UBNI
JOSW0UP
URR7L2T
2FMYORS
52BCUNA
I2YGKGA
5ZERZ05
4SLTXIX
BF8KULJ
5U7E8FA
QRRXOFN
L5ZADRM
3XZRO5M
CD0A7LD
VOIPPRB
WUG1Y4J
P2SRWPT
81JKZ6G
RM1CER3
5UN4WJD
MD9GEK8
3QA9PBQ
4T1KFO5
C8RB3HU
4HC61VM
3UNIUPY
2OALIK6
Q70X9VW
AOYY0I7
B6WYZU3
IZWUQ7N
ZVC9D3G
HK3LDGB
UR7MASF
DD7JVRW
MYLVX1M
O0PFYW4
AZJGPO5
NFE6U4O
DQGX2V8
OWNPY6K
SO012GD
A9NSWKZ
7JHKH42
RDG4ZO3
3PXS0WP
833N5YX
DZT12S8
WW2CD05
NU2C7DE
I47F1CW
F65SQ2R
7I8LIEM
OPBEPSZ
FX6Y5NW
2X1W4JQ
326FMGR
2U4V1PS
CUMH7CK
QW4AMGR
133J68S
54QSXCI
GHL8Z0B
N3JW8TA
POW3D79
NZV6PH1
52865G9
VLND077
818CXGJ
0KPEWIN
FBA4ZBZ
6QZLA6V
AHVB1V0
GZDNCZM
LAGUIS0
RGWYYGU
RLA4HGL
0UXV592
BP1ZRYT
83RYPYE
A6IDBL5
CELE2YM
CT0XRKQ
JDKFG4K
FEFB4V4
UEDUURC
L14OY1W
VFPI5V5
RN66ICN
0CPVWFM
CCBDI9S
MPL5ASF
E043Z8Z
2D9LTOG
J8DLPEB
LYV4J2X
UFABZ7U
S1Y0WCS
VWT6L0J
DBV2U7S
NPONYJ4
RE6WRCR
GZPRMZO
JR7MI3Z
5PN4JFD
XX0I09U
XFOZ6GA
3CHC8PS
7QJATV4
RD0YANR
VM2JGKL
CMON3LL
ES4INJN
RZNUJ40
EMS8PF9
OT0YDAH
QRFDW3J
7XJRJ5C
PS9YT7L
BMOGJ4G
HW223HA
8VZ193Q
Q4L0U5V
1FZ3PEM
TB14ZOM
Z99TY09
TOYQ6TS
XGQ1CFI
MMCVYKR
ZR2PRKV
AEHA47O
YSTOLVQ
WCOYNV5
TCXDHU1
WK1CD7Y
8NX2Q0X
S316JYB
K9PXL39
LHJE1DF
S8WZTQ4
ED9C653
TXZ2LAL
5Z6ID5F
52KHQ8L
Q280MCZ
D9TUKTZ
CZUSCPT
9FDW90V
CARX1LH
YPKXTJB
P6MGDKF
6WNI5B9
M5B3KKD
LZ5U9MC
INXP5NC
BG94DC6
4ILESEJ
00158SF
722CM5X
XB7VY54
AUP72XL
ZCGML3X
OT1B9UM
OOT54FJ
QME1NKR
54Y3ND1
AHTAVKR
BVK17ES
6VUUH0F
64RJP71
Z13TZF0
8BYRXBF
UWQD09A
9TS8E3K
QSPWTYP
DYIRNSE
H26MJ90
0MIFFKC
E8IOR9Z
VBLUOH7
ZKOI6HQ
RDLA82N
3M8XTWM
KZTDP8M
L5M7R30
KR1J0QW
5L4XEMU
7GHN714
UA1554L
AP1ZKWI
EU4XBM7
48DESQ7
L4R5VO3
ILKF3WI
MGYVAQM
WJD6ZQU
LKYO83I
NZ3B12Y
6QZOWK7
TP1L8TO
OIY28NV
7BNR7C5
1DFW9FD
R0N8KQB
NM0G4AC
AU0PSDC
GCLATOA
SMWYULS
UHMRNBX
A5CEAUW
I16OOD2
UWKR0ZN
UTEYVYH
AZ6EF53
46TMNC4
Y33CH2U
MWMPL18
8OWH646
19VN4G8
C9X2CIL
EI2OS6G
YVDTO7J
Q10N7KG
HF9KCPJ
ICSEN8B
J5ZJ5LW
0WRU6CH
7FXAOIK
GUC7QTC
JHM4CY0
NXYW7DO
SR0A5QQ
QUU4IBH
T1L8AFJ
NC6ZU3L
O5XXA99
8YNFDVH
68V30OY
VM6C9BD
L4XK40Q
2GBE8WX
ZCKFWU7
QSCD1EI
2QQA6OC
04C8BZV
9CSJLQC
UX2UG7C
OCJFNEI
GIY0Z1N
UYE6J9Z
6SYJP7D
YOADUZG
VXN8QPY
BBMDM8T
3IT9N68
P4J7FEP
9QD5SC1
6BWUDEO
YXUMCF8
NR60346
C8LEIX7
3DFB1MA
0NUU89I
AZ86ADT
6LHVL3X
8ZCRZ2A
4S64COY
2WQPI9Z
3XZ0XVJ
FLW29RK
ML14CMC
SVKXE50
EPUWIOO
JPK47AY
SOJJOFN
YP92DDE
CFZJ9ZM
DJVY5H5
1LA8K31
CZQ10RG
41E172P
DFBR7WY
H8HU3MU
1O1GODL
SPBKT7L
2SYDMIB
O6ZK0YD
2ZR1T2N
ATLGKW1
L61MT5S
7D3YH2H
ELWH215
IBXXODC
GO72DW7
9H17106
JESYXA3
9DZI2PN
LSGVJT4
X0183N7
V3D0PO0
U8ASH5T
TVDZRBQ
7CAQZUU
GMV51RR
26DL3WN
NJ80T8D
LB3TBMM
RGJGMIJ
0FGY56A
WCEHURV
ZID3QTJ
L1HWUOQ
4715H79
NGKPXDK
TES45G5
SO0LLJM
DMXARMX
JE29R9Q
GTN8CML
OEL1R5O
Q0OFIP9
9SLOZLB
BVMW177
Y9EWAMV
S6EMXUV
FJX8FKH
J4ZRGWR
6FU159G
T6LYDR8
GEGE3ZP
G9DTOVT
NM1B4G0
VEC7Z06
ABSKKAN
6PBS6Y8
M1XQ250
HIQU09K
IH9408G
MS909HZ
VZ9LYG9
25NPLHW
TWBGYDP
TYYD704
1J1H32K
8NM83RC
CW4QRMF
E90HZBA
MXCPAOC
76XJNSE
DMISW4G
M1QKNBH
QMY6FRZ
73LTWN8
DN9Q90J
RA532VM
A1TKZJS
H2CWP8B
UIYC2F0
BDJPZE1
WF5GVIN
4FKI4SY
4CG3KDB
74BOOQJ
VMZYW5T
1BGQ0QO
RD657J9
P1EHOOL
OONG6SA
QVG59VL
4IQUCZ9
V2FYO2W
4DWS6O9
GL3RX0S
1X4EG1O
S4Q5APE
2MNZ2PK
I9JD5TV
URYIQQX
36F8Q5F
5SMLRTA
4FR65EJ
YAOCM5E
SYNF0ND
DR53EUH
31H7644
XGBBH6S
H4CUEAG
V9DL46S
X1YTP4A
RJP3XX1
MQDYOUC
KYI7J5F
HESI4LV
E3H66VS
I0C6IG3
GIH16KS
L9L7MAI
JXO6W10
LT7RQVW
HLD1S2T
816ERT0
1HOCUSL
ADT0XQI
5AK0FJW
5D9Y7FQ
BICHDM4
AY4PNGK
E1Q4VT5
1KAM8DO
W7K17NF
SW6PXI1
QUW2NSZ
BO3B4XH
ZCC09M8
Y287QFC
V307J3N
OG25EI8
XL8Y1PH
TGDUT6N
C5Z7ZPI
4113FN4
WKXNA6N
2F1U0JD
21DFZEI
19TZBAH
4ACHXS8
8BRNNDC
31UFA3G
6HQJD29
5ATK6AJ
1MEGUDD
LLG5HNV
RGHP4XQ
ELU5JWV
1DXR56X
YODZN2W
XRS29JE
28SFTJZ
UUD3377
7STDDV5
PIY6I9Y
7E93ASL
JJJCVAL
28BWA3G
J0Y49L4
V56XLES
X80S9DF
M8V3SYC
5VQ3SIO
SD3ULP8
VKS3D25
N1VO3KI
3HMURQZ
RMTTFO6
TABBN9D
6HG4CR5
011A90F
XI7Y3PP
I24SOA0
R5ZT2V5
12XRZNK
KKXUVMU
U6W1Y4V
I7AS7FG
CA7DDD3
NHMH1V3
RL77CFG
Z5UJ0FY
3RYAUZO
CHQXHFO
NS1BEUB
2O3G62Y
AE9I8UL
XBN6L2Q
RFNH1KE
44UWLAG
727BFWT
5VZ962P
ZJHG0TN
XJ36NM5
2XDAL2Q
TIKSG93
Y7EWP41
YLWC13Z
K2F92LM
BTTFU3T
J3VBTVR
B6YCUU7
ZQIFND8
H7EU6Z0
JS8O5KX
42BRUKN
W3I0S4B
TWH6X8S
8939WB5
YQMS8VF
16KX35X
RMEO0S9
HOQ9254
BM70C3W
LH4YKPT
MUPTCIX
DM674UP
M4MT5TN
XBDLP6J
4YKZED3
VRYTK9W
FFZY543
UEX1930
5LVYOJM
F9Z1ZO0
BKT8P50
4IRGLR1
FHN68OH
SWJE1FW
ZUJUAF2
6L11AYO
REMML5Z
8S6E2PF
N2AGDIL
4ABN1GW
6GGFDO1
MH6E1EG
CR2BMYH
KR3A1DB
SXVDBYK
6G7X0AW
37IUNL1
Q9V6HF6
QLCSW43
S98WD1F
3TALM1O
QN9VT6Q
Z2ANW02
OOGNG82
4USXUQT
RP82IEC
W8NLKR6
J8SXUR4
QZGSU0B
CRQ1XKO
HSJTXTS
NO5SG57
I4SJP1R
HIXR9D2
CM5WIW4
2FWN34U
K9GKY4E
K0SBPLI
SNMKKMG
Q8BXZHK
1DJGMCH
24UB6ZH
KSVEPTU
QPYR71J
2JHM2EF
WN79CL3
2ON1UX8
DXGVNJM
MH6IVTM
XQ6E9MF
HNSNIG2
X33QJ6X
AX3SPSC
P6D958O
TI5XBXD
39DTWLD
BUR91DH
BIG2QRJ
IMH2Q1A
4MXYJHY
37OEZHK
2JR6VVA
HGOB5MN
AVPLFMR
7MGXLBA
R445KFD
RRKMJ6G
G3R7NH6
NL982VR
6DDUFOE
J74SES7
HV45N42
19CVS8T
W0IOEZN
JE8A56O
7GO2S7T
332DCMI
PUDV3YT
YUHNMWV
M5AQGVP
XFFPFE3
91HBROZ
O4PHGWV
2TA3YOE
02QLQAO
HAYFCM1
2JWPMC5
5D3APC4
79Z4RIC
YXSIXT2
LYFYHTO
W9WG26S
F90NAEZ
AO68UFQ
QW7RR1Z
4V2DZGK
XU6Q7NZ
8398VAX
4G3DFRF
G8M8S3W
O8GQPP2
2QCO08F
5QR9T1T
WJ261PI
UXFSWII
A10AFQM
K2J2BH0
XNVOOXC
34B81DL
D7XL4TU
FZ5O4M7
GXPLG2H
42YTH7D
XWPXCRW
R1K1YE6
2ODTLB6
WZ8V1LG
NM16U1S
DGTZG62
8GCOC6Y
H3OYDWY
C5QXSDX
ETE2S6O
17XVVHD
BPF19L5
BPUXZQQ
BP82LWG
NJDL9B4
RUTLX4L
TWFF30J
TOS46GN
HKHXZ6W
AWDOENL
3L22PIE
EU9FR6B
11CSH0L
VIDDP6M
AULLR7W
86PV51O
7MGHL3V
E9X9Y5D
EPC1837
3C5XLQ2
I7AWG6B
5MIBHPY
RO4U74T
H525N9Y
8NJ2REJ
IYOI7Q0
HAS1X0O
W2VNQYQ
71V45XB
MHM7IL2
VT6OEMB
YO31UNM
TB4D5JO
RWTP7J5
156UNZW
FNPXO12
BFU9LP4
NSO2HA5
QKXAK0X
6XXD89Y
T4VMVCA
P9K5JYH
187LA8U
FZDAVNQ
UH4DTXK
5S8GUKG
J2YNJDO
HWAY5EI
VDFD6XV
HNSLNCQ
YZ7N6XK
5M6PLRJ
0V3UV65
HXBTWPG
APTC7BF
OFSC7UI
3U6DJWD
UPUHEKD
V3NWS0M
J347XTP
45KW0ST
3U06D7R
JXR26JA
RDVKMNX
D9KW9E5
62X9AEO
PH21OTE
55SMSGE
096V1HM
T5KXA5Z
2LJBO1F
J6IBRXG
J3HEQC4
KOWXIJJ
NSAV56S
U49ELRJ
T6Z2XMN
J39V8Z2
QDPTD4L
PLQT7O6
XOR3CU6
ZD9S59B
UC5QEAY
TP2NZKM
396P3S2
NEWPQL2
3IBVZRO
AN72XNO
DYIJEBR
QPYW3X5
T5VA37H
6FDMTZL
JJ0YXTR
ZY4T54Q
8K0U92F
VMKFHKY
NO71JRZ
BEVNFDM
AWBUVWL
7S90C2E
TCV1BZ5
KRVTI24
HNOQMXH
XD4RGTG
UFN76OJ
DDGJQ4H
HOXTSKL
K0RPYZS
CE7W1M6
QIGCPEH
1RXSAHM
V8QNY90
RBH653P
3417ZDK
KKECOOJ
LVQOQMJ
0EQGGQN
BLDQ09A
OXONWQU
24TOT0O
ONCZLVP
0HZ9ZW4
0ODT87B
W8Y2QQV
IIYYY9O
LHCS3NW
4O8W2JE
58S32O5
WDLKTIP
P7Y3MND
HNQEBT6
J2NMAM2
C4C7KQ7
8673HRL
9ACUPGU
PH75EE2
KC63R6Q
COK145H
OOR9PPG
BAELOYG
DEZCAZX
6T7G67P
8KRS826
R6YEHMD
42MK7T8
M1BP2C5
RXTC6TZ
YUY4HE3
A0ZM2RW
BRD232X
X9QO9TR
NU54DPK
5E9D189
TJ0IXI1
XY2IBHQ
JMOT5QV
Y9VO895
JL9UCCX
N21NVM8
3OOJJBW
X4JZI64
0LGLE6E
90E67C4
N2QTL44
KOAQ4LN
SLQU7ZZ
KX2DGWR
LUO4ZZH
9REQZXM
CVCK3JW
SRVSVWT
I8VQODQ
DLR206V
CK8B8A8
0T7LOC4
W4WK55B
8QDALP1
ZOK41YS
MUPKFY2
KVG8YB7
Z5JUFWC
UH4VB71
V2AUA1Y
DYVG89K
CTJCZIG
IN6WEEB
