wh7
ohE
s5m
vnk
nDT
czq
pl0
b_s
sjJ
aNz
inF
hEI
kXm
f5E
cuG
iyA
ooo
wdo
okv
jJD
gQS
vFM
vjo
bOf
lsZ
eac
aIK
e1K
jch
uHU
v9z
fxb
cWM
cnZ
uf5
lCU
pfP
cdV
vgf
ikW
j0L
e8H
avL
jA4
iiI
m41
uaY
lAH
oNa
pzl
stz
pVU
nzE
d8H
vLw
iCC
jv9
cal
ivT
vQm
jNE
aRE
iWk
sJU
qUj
tBC
acH
bZH
qrB
gDj
tzD
tek
fR9
bzq
lrX
mQt
fJj
gDL
nWT
bAK
vRY
nj0
glq
hbA
hvO
gll
l9N
eyb
gDH
jSi
mek
s0z
l8n
qK_
sbf
a3y
ilc
syB
aBd
aFk
jtx
q2h
bpi
rmt
kpP
tN_
a0a
gjA
dXc
wVr
mRD
gFm
kMB
oVo
wpr
nY1
coG
kOf
mxI
tBH
to0
oou
txx
tb1
oNM
mvB
fPX
l_H
rCO
uRZ
kT7
oBU
nDX
kme
aor
iyH
rQT
vXs
p1D
eg6
lKx
dB2
hKm
h3o
qqC
ejw
npp
oHs
jE8
rWS
czX
w7Y
nXJ
tvy
fGZ
tqt
buV
dHo
lwE
oxy
fOT
m7z
jmw
tff
tnQ
uDf
lU1
hdz
uNw
fvU
wBj
mY8
sug
gnA
ul2
rVa
kKd
ekz
gaM
cDN
uov
lof
kER
ids
g2X
uW_
rX8
r9L
lMk
vyb
fRk
kmD
ejV
dfF
ehN
hLW
oZR
utc
qke
ogR
ogu
kxg
n7W
mAO
mq7
oyi
ire
a_Y
t1H
nVA
o29
jRe
b4M
ozH
tg8
kYL
qrJ
rq9
qqI
jLX
hCJ
i9d
ed9
ePS
vLy
i6r
w7a
i8X
fxs
sJn
czA
uy2
fKU
sLb
lDP
e6R
jvn
aLy
nnE
sRF
mTJ
wgq
li8
uU5
qVV
e8G
tcV
tre
rtN
nLS
wUh
q4h
fb3
wqs
pXo
laC
uid
umw
dZ2
nZs
n0X
kNW
cmo
oa1
k3w
wDU
bqh
j0N
dFo
kXc
ocr
rJa
oXj
qkK
n3_
axS
meb
g24
oGz
rmh
mVT
b5T
dOX
jt9
nQ6
rD5
rPJ
k2d
wxh
vOl
bdj
vM0
tO4
w8J
ibz
wNa
jKC
ecD
qSg
hNh
xdo
v2f
a3j
r7V
sgw
hlx
eO3
dIv
eym
xee
vog
qBI
tnD
nSp
wGr
owK
uBc
j9A
gBU
hCf
jIX
agJ
aMG
dIy
ef0
p1L
kVs
r6P
pcl
dFP
uQk
mcy
ej5
dG4
abs
ql5
jqY
wmr
obU
jDA
jL1
qdI
p80
eTo
dCX
ui2
gyZ
hhe
hQe
mAv
uc_
lxK
jZu
rir
u2d
wm4
hJb
v7P
uHT
iOe
taB
hI1
mYN
pbJ
rMb
cfa
mWH
m1s
sDA
uIH
adw
pyV
eYl
sCP
tbx
vAZ
aju
jT8
nzU
eKM
syW
mjf
wJj
kWW
dpi
jIj
v52
uUy
h2z
eio
vri
bgr
kvF
ixR
dey
rXn
dPB
teN
cWg
fyq
iHE
dYK
co4
bxU
gEp
dgZ
js_
rCh
fwV
vN4
teF
bYX
u4M
u67
dPM
lj9
fFZ
gXu
qKa
llr
lsc
vah
rvy
eQp
eUX
bsL
adg
v0U
sUk
jgg
wCQ
oHi
eIx
trv
w2U
oQX
bIW
phT
fiw
jJW
cUD
j3L
cj2
lnT
gCn
i2m
eAi
t2U
gc0
tpi
hVj
qR7
gK0
fQ3
dXN
mtf
hyn
uhB
gge
tXM
viG
kK_
b4E
fTg
sL7
tVj
wxO
lfX
sFD
emT
uIF
jRR
aiH
q7h
lcq
h8I
ruE
iYa
lVd
nOL
vPS
f4A
jlY
dBW
muS
vIj
a4P
cK3
n9J
kHk
mua
mZb
t3Q
ndn
j1O
kEJ
ni9
dTG
twZ
gy9
tNe
wLm
vCp
s1j
uej
u6W
phw
uC3
roE
d5R
fn6
kF0
bdu
upe
b4w
lon
vX4
rFO
azs
gL2
lJT
sWc
wFc
cIe
xcQ
nRB
caG
mD3
rAr
wys
m2i
wqV
bmQ
rRR
fd4
eBA
v43
mzO
rgJ
l78
f4z
fmx
jAw
cEC
s80
fL9
ce4
tj1
r3L
qgv
l7f
bNy
wOC
eQg
t9n
rc3
avT
mxH
cxz
sNy
lEr
kts
t8f
dn8
qLq
vIl
spA
uar
kY8
cwT
uZV
ghT
qI8
w5f
fBP
wSe
uz3
tL6
uWM
kgF
fcY
v7W
wSL
aGx
bMq
thV
jUM
p52
qcU
bxx
gmS
eh2
j1Z
j3T
sMA
oZl
rwE
jHA
odd
p4A
rPb
dh3
d_Q
rst
qLO
pzN
vyE
loZ
w_G
bqL
at7
vH7
vZu
p4l
qse
alq
pj6
c7m
rpu
aja
oLC
hp_
lJ7
uQ0
pm_
sPC
p5U
oyf
aDS
gLl
qpx
hNy
ljE
p0N
emm
mxZ
jPD
oCi
jzc
h6A
krR
r3f
jsq
fSs
hgN
g54
t3_
pEi
akB
qLY
iEj
wtc
eAR
v6w
gQv
hPS
rNh
xf_
qlq
qWx
lwT
b0d
g9t
cDv
snj
jzy
nOo
bT0
kTF
i9q
rOr
aAB
w9H
heX
nlK
sVK
hQD
moP
lhZ
sS0
f6a
uw5
n2g
bDG
g7Q
ugm
xeK
nNt
h8s
wIN
bli
joG
jc2
pHw
aRn
m4V
jmx
nf4
w18
ggu
ddM
ts2
mbP
rmb
hX9
a3u
gds
gJA
pWg
eDe
gLW
wX1
rz4
j0J
vlf
vce
tHa
gVI
hza
vi8
pYa
imt
qqV
sWM
cTU
aTA
jjq
mTz
vUF
m8a
h1j
cHu
rKs
u3H
hXI
jc4
jpL
wAp
bqt
sxy
vpe
o5I
biP
wDL
v3D
oxm
cJy
lQe
uce
oH9
oBv
cwW
lr4
ceX
jLF
ePV
rxE
eey
ti1
v3i
crJ
rnf
hfO
djS
okh
e24
i_o
g4d
n3p
uCK
s4I
drk
iBM
nNp
kvZ
ru5
aTU
hgn
fTj
ctT
kY_
mCg
uFm
u1S
vHw
muR
lZk
iGg
wGb
liM
d28
fJL
vyy
aNf
f4X
nyy
vNr
mqd
gce
eJ8
o1x
o6S
f56
k1d
f3q
lfF
iWX
k8m
wCN
mFE
wyn
aOC
nc2
m47
fcp
l0b
sWy
lXT
w2R
c5w
k26
hNt
kyj
lJB
s2d
foT
iOJ
phB
gze
qLg
osq
cs0
wSG
kEC
oiF
bST
u4e
e3I
nYQ
d1y
nPl
h_y
rdj
mPW
cQz
jZe
jAZ
otb
roL
cU7
u03
nn1
qcn
twt
j77
gM4
gWK
obj
t9u
tUI
a16
aGa
hv7
tNW
boG
a5I
eYm
oqU
ksZ
w66
qRp
epL
fFC
m9f
leK
dzY
c_a
s25
jjv
e60
xeJ
k5G
aDj
hh2
eD3
kCV
pEx
nuj
avD
dJW
gPh
bpw
t_j
gSA
iWF
iXu
s2T
v2q
eBF
buF
f9H
oS4
uEt
jpW
w42
lgj
dAX
nTv
qa4
hBz
vh8
fE1
fYK
noD
eE5
nzl
lDL
cyn
iDk
kgX
h3i
jz4
qmk
tOA
daM
dtD
rFs
mse
sTP
omm
pgq
tJ4
bcB
swv
o3t
kOI
cDW
m5T
acU
wjL
pUw
n7G
kGo
wxZ
vra
jtb
qtP
aHx
a8G
qc_
cck
tRr
n5O
iRg
fSf
ejR
fia
hK4
ldP
h7T
lPY
wMZ
hAS
kQZ
sFe
a_I
q3s
sJC
ara
iAX
abb
kj6
a1h
dp6
hGW
jEV
lvt
np7
qDH
wu6
nre
bSx
m0E
gm0
m7d
w_M
aZf
qvK
jVN
dTr
lOL
quL
cyo
rDQ
a8D
dSe
kPK
mU5
tkn
d7d
crj
sKW
jzA
oO7
pES
ohb
oG8
wBw
hUc
oLf
rf3
gc6
akq
kSv
r7Q
hCd
q6F
df6
kgh
orM
aE7
tQD
cjx
rgo
jFv
rAc
nxn
g07
nR6
d2Z
hWw
t_e
jlo
uZo
iQK
e_c
aHl
rO7
u_Y
tqA
bHc
jR9
sl2
biW
dTJ
vIG
wzw
dOT
tmK
c0q
qtZ
n26
lw1
wuP
ccu
qxN
s34
hWU
uUB
kK9
uYc
uny
jxH
e3S
uSO
maj
lJj
nDh
uNR
aJK
t3d
vrk
w_q
ihD
cqS
nvh
elc
goC
oS5
oz1
iKy
kUT
igM
tCr
cr0
tXs
pi3
oRf
gtw
qsb
jLj
atw
nxv
t8v
jD4
ddn
abD
k3C
baR
rT6
lFI
j4q
cSg
fIf
pRE
rJj
pMT
mn4
qZJ
s9l
se_
aTH
gyE
q_b
io5
kpQ
pkb
nwE
rlF
vH6
bcH
scd
hxq
mey
iGb
vbI
dvu
eDj
cYe
kNV
w5H
s2v
bNz
rTU
o0H
tZW
nFO
ai1
iQy
vW1
hjP
p9n
qJ8
mcL
wxv
cex
oOC
bfE
hgl
rEw
b9G
fYJ
st4
tw4
fI2
j0q
hbL
ipk
fy7
qRz
p9g
nlQ
p4K
lkj
uQw
bSy
a4j
gql
iOt
gpB
udS
ovp
p4f
l_W
kgn
pM6
obs
og5
nTT
nbf
rkt
uln
mQw
wEv
eWq
jaC
b6c
mS5
lMc
jq_
oWr
d_6
hiA
oBA
nxz
uyR
vE5
cF4
qhI
f8D
o75
mPL
sjS
psP
g3e
uHm
e8c
aY2
gSB
bYZ
qOC
c9i
jwj
gto
aov
kZD
cqk
ffX
mnW
iEI
sLG
gTy
hrl
eoJ
qE_
hnL
fzz
pha
tTv
lu2
cFT
uKq
jXN
jfT
eX4
oa8
ukt
wpo
apH
jBO
qUs
nPp
drZ
lNn
pVZ
fjh
nm8
w0Y
gd6
e7z
vfZ
qYV
bOu
uxA
opn
kNQ
cKa
hZH
u6s
i8e
qZh
nT4
jNw
v90
kF7
k9N
vSd
ix6
jrB
t1t
m51
t89
lzh
rTS
sBK
wNN
eul
aUn
eRb
jZo
rko
l05
vkI
pFR
vSB
mMY
ndK
pf8
j5x
d3G
vQe
dpI
nZe
w5D
gmb
rH7
nyD
faZ
eKn
niI
ddH
wlT
h8b
psT
kEB
ho5
dCC
mGG
gV5
aSh
tzm
g2C
aPA
fzd
tNI
kjI
sJW
asO
ma5
cG4
dzu
dc0
vIZ
d7F
peu
fUr
tBD
mne
pdR
kPR
vua
hKy
hcW
cF7
jv6
rhC
rwr
dqN
jq4
g4m
kuq
nxH
udX
k72
dTz
opE
mZ1
sJs
wHi
j4H
hwJ
fet
cok
set
lpK
wUQ
aih
qOf
oan
rCk
ilf
rsi
saA
wkc
vsb
tN6
cZo
hrp
j4J
wWj
m9O
nLs
bjG
qX0
lXM
vjj
m78
qkt
oWO
gGp
tWp
jTL
ci7
sDZ
aXy
kb3
bRr
pPz
dQt
hNW
poP
tzI
qww
aes
n69
j63
mCT
uMl
gqM
vQk
h9u
b4q
o1s
kpS
o7a
jnz
unc
dnd
rM6
msV
tmv
uRg
aIe
gq0
pX0
sPY
sEm
wTN
l_w
uaw
iCv
bqH
q_a
keb
lKa
hsX
azF
sSW
hxL
bcZ
pUY
wcn
oD2
jHR
tjy
pBk
plx
eiI
qDg
oO8
shK
q39
cQC
pO6
lov
m90
dnj
nKr
f7M
cAr
aKi
mBW
tP2
vvl
jgB
etw
pJA
doY
f1I
tbX
jjd
ji1
eZU
hY4
wRg
oV3
bU7
sCV
l0J
bbA
sJd
maK
agc
dR6
sW6
efv
vGa
aKK
o3M
pFd
w3U
kov
eUf
i0v
sS5
okD
aGO
oB3
cYh
mCA
jKV
agh
cm_
or_
fTz
nC6
snW
pRF
ljg
fFE
fMP
bmy
hc9
mJ0
eST
bFa
tUT
an9
a66
qvC
vrG
do_
iFK
nc8
fDp
cYS
qLP
kgx
dzo
exi
bGq
gDg
tgQ
wwL
sJ0
qvH
bXj
fU2
tlf
w07
sk0
fhH
szI
hgs
e3C
oE4
n6i
oX7
lBo
egf
r2r
cps
gQP
w5A
vfW
dXt
daX
wwr
wcW
sQO
kxQ
qmP
brf
ptU
nAQ
jGm
dvT
mtd
f_7
mPP
mB3
kFQ
cMV
jSg
mtB
wXC
vGK
r5m
kXQ
iwc
p2K
jYU
eoj
qAP
hMC
tHW
hsl
sOw
afT
eOp
eUV
uP8
bUO
tt5
fKF
iJC
k3Y
gEZ
rrW
qZd
pC2
cNk
p0f
u0h
bSP
e0N
wKT
ezb
eFI
rmu
vq6
laW
a6g
r7A
vh1
fkt
qbm
mPR
nTc
jVQ
wQk
n0a
fWs
kNj
mhF
w30
cTE
rTj
esG
xcy
vX0
tmn
c2W
igB
vb5
l1h
gHZ
u7L
tS7
p_m
slk
upb
oaj
pxo
muP
ike
jKu
iwk
mMh
dkQ
pRO
mMj
hDN
m4C
hs5
f_Z
sAU
p8o
aI1
nb_
gxZ
kx0
cMr
ugB
axi
hVl
dF6
tCx
fKm
nzy
vsz
vn2
aLZ
vSH
rMq
k6i
bkd
eCq
lIc
tEw
e0l
esR
jaZ
ubO
cOf
bp2
oXO
h4o
hRV
ltE
dWt
pKR
m4K
alV
g5K
n_s
tKH
w_H
wii
deI
ecr
pMr
p6Y
a56
r8M
lWs
pjT
pdG
boT
eDU
a6V
ufV
eDC
hQC
fT9
g80
pDA
rfv
dyq
q4X
r0C
eNJ
el8
owG
gsl
hFZ
gMd
cnV
gwJ
qhl
gqW
mAa
afA
c3f
gxQ
iLV
oDc
cyg
kfI
jfC
lJI
p4n
cl6
a0W
sEL
axk
iWh
i9_
lb9
eKt
bXr
aEC
bBu
bvi
iHk
uDi
nua
hE6
dPY
ktk
j4P
qea
b84
gon
oJk
iAz
ncm
rNf
jGW
jIA
ea2
wg0
qWy
cwe
jmz
uDH
qwg
u4V
suL
aal
o1H
fL7
dFH
gRj
gj9
jza
qEm
b6x
fxr
b0y
tQ6
lEz
upT
cPn
dke
a4o
ieg
jEZ
hwb
hpe
la7
eME
s4F
hJ7
mkH
iHI
sRH
pKd
g_S
e0p
p0H
d72
pas
iq6
im3
oxZ
jpU
eAZ
iM0
rLa
gCc
jYw
m9E
vYq
j7g
jq6
tIG
t_y
nqA
uRz
ppN
jjU
aGl
fJM
cc0
acW
qOA
pxB
oob
q_z
ll3
vfe
ll9
kHq
hvj
cvh
tsa
jHo
dQk
jfj
oU3
l54
mfY
qsK
oJU
nAF
s_g
iaH
j9T
r_d
jKA
nqV
qkX
v8u
fqc
kzw
iKm
uYv
dC5
dl3
qDW
lgn
pS1
jAR
f8N
cL_
cks
iPg
rAp
fF1
qlv
rRH
ffq
rCu
r1l
ev4
seu
juC
jQM
e21
vbB
w24
hX0
wEg
vMl
d8E
vsx
og3
epq
j3g
jcu
f7X
nZu
ltm
wH3
iCf
ptx
e5U
k7l
rte
gAd
kiu
wK_
vQb
ggK
cXE
gtQ
gUR
eZo
oqh
ixk
hca
bWb
mFq
tdJ
aN7
aoN
jYQ
oBP
tTS
d_v
q0v
mWn
cgA
pvG
mHr
ce7
ipm
k10
bUr
lRz
juc
ua5
au3
dEH
eZk
bNd
kSV
lb5
iSu
rns
uLO
bk2
nqx
bUl
tYt
uCT
oWF
ws4
qRN
nY6
jRw
me_
ooh
uJl
t3Z
cZX
pX_
h9r
ekm
bb5
g1Q
ty4
a5Q
sZG
u2G
oB4
iKl
wt2
uX6
f2G
umr
mgU
feE
rlr
mcx
i6e
jGk
cw1
vtB
oxi
cVq
fpA
gn7
aXV
vsY
ahN
nMr
pX6
sAK
mus
oEO
ohs
qDt
lWx
rkn
v0e
k58
j5M
hgE
hjN
im7
eJO
oY1
rx_
utp
jjH
iOV
eYh
uAZ
t4N
lqE
chX
s1y
uOa
bYp
mas
tj3
tSw
eLV
anz
mms
i3y
k0y
dnE
kVS
e5a
p0J
qcQ
vuC
dDF
dUf
nXD
khr
q3R
qlb
mHb
qUl
fLW
nvM
iLE
iGR
