CAIO
AZCH
ALGC
CWGD
BSDE
ADOU
CEKO
CBIY
BATT
ARIG
AGMZ
DACP
BQEE
BKUG
AIFL
APPQ
AJUH
BJRR
BWEN
AWYW
CNJH
AQPR
BAIU
AXHZ
BNII
CMFB
AVCY
BVCE
AXXX
CSZG
COGH
CUXL
AHPF
CPEM
CGFG
AFPV
CGPM
CXEB
DCHO
DGNQ
AZYT
AWUB
CRCG
DHKF
CHOK
AYFE
BRIM
CFPH
BNYG
BSJA
AGGP
BIDN
CMZK
BBKU
BQGW
BIAP
CYWI
AZHR
ADHL
CFWJ
BUJA
ACRY
AKRW
AXYO
BIAN
AIPN
BSWW
AKFA
CGTD
CNRV
AEDN
BLBP
CGLR
CSUB
AJUA
BASG
BHJS
BSMF
CFLG
BQLV
CUOU
AONL
BJCT
AEEI
CKPD
AERF
CQPC
AVLP
DKBU
CVOX
BXRA
DDJX
AADD
BBGD
BSYR
CRCB
CIXI
CWTO
BLKC
CTHI
CZPA
CAAB
DEHF
CJYJ
CZIV
CXBO
BOTU
BGIN
DCRU
CKSR
AJLT
AXLP
BWOU
CYPR
BRLZ
AUNV
BHKX
CVZE
CQWU
AJDJ
CZCX
DJYP
BUQD
BGFB
CSMZ
BCTR
AJEY
CPGK
AFAG
CTMC
DKJE
CFAS
BTMT
ANWS
CVLZ
AFAY
CHYC
BPQA
CRVJ
AYCG
CRAK
AKAA
AXKG
CRLI
AOXM
BYWU
AOWF
CYBG
BKNE
CHCT
CQUT
APDG
AZLP
DJOJ
BTXW
DABX
BKQF
BRMC
DIUJ
AKDD
BOIX
CWWA
AYEY
BMNC
CEQH
BLMF
DCOC
BKPS
DGKL
CABK
DECH
BJRY
BVQP
APSX
BYEC
CNEZ
ADWR
AWHM
AJLB
BFHH
BDJF
CGMK
CKZJ
BUPW
BBTI
CCVY
CCAA
BMGI
BYIC
DEPW
BYRF
BJBD
CNPJ
BMTD
BJYU
CNIQ
ATKX
CURM
AQID
BYCQ
AGBV
DHWP
CDHF
ASPS
DAPE
BDDK
AECF
DAAI
BUDR
CKKF
AOFS
CKLT
CXPO
BDWF
BIEM
AMFN
BGYH
CSSJ
CDXM
AJRX
DJAP
BHLR
CZVA
BSBN
CRTI
AETL
DCWR
AQWT
CNKF
BYFL
AEWN
DJTN
AKSD
CAST
AWAL
COUL
DCRA
CNAC
BQZU
AJSM
CKKE
COBD
BHPK
DHZS
ARRI
BPYF
AWGK
CBQZ
ADUH
DFSZ
AEIW
CBLA
ALLM
CGND
CMGP
CZDY
CWNS
AWVS
CYAI
BDBW
BXTJ
DGFJ
CLRE
ADVW
BPBF
BCDR
CCOT
CCJN
DGQE
ANBV
CTJJ
BCOL
AWRQ
BILW
AMOL
BXIG
BSZR
BQTX
BIQY
BRRB
AJGH
BTZF
CSAH
AXLG
BVOW
BGRB
ANLZ
COVC
CUHB
COFH
BCHH
BUOA
BWPV
CLGN
AWQU
CKIJ
AGCL
BWXJ
CGBD
CBED
BINX
CWOU
DEQU
AQER
BWGL
AEJO
AXSP
CCAM
CXAI
CVMP
CVAA
AYPY
CUQS
CYYA
CVTF
DCFA
AXBW
CNEY
CUNZ
CRBD
BXSN
BANC
ALTA
AVZW
DFAG
BKMF
BXUY
AIUW
DBJC
CAEK
CYOO
AQKB
BSKS
CJPC
CJXE
AYHK
CQMS
CHTS
AHVU
AQRK
AMUY
CXOW
CZID
AALU
CQMA
BFJU
CSMP
BGKL
BDMY
AVKD
CCVP
BRMW
DDGX
CBPL
CDAZ
AMKF
BWMV
BLNT
BPTE
BYXJ
DGJQ
BSCX
BEAD
BCIM
CZKQ
AXWA
BQXH
AARG
CXSI
BXMX
AFUV
BXRI
BQBI
AHJT
BQYY
CBHB
AQSH
COSP
AFEB
CKIL
DEOK
AIHL
DCTU
AIGC
AYOC
DGGR
BAFY
AJDE
BMSA
CMYT
CRGH
BWNB
CDYM
BXYM
CKWZ
AVTH
AZNR
BZQH
CILH
CWII
AIKL
CHRQ
BEFT
AAWG
ANIF
BIPC
BVXW
BAZV
ASUS
AJMA
BXNR
CUWW
BSGE
BZIF
CPYL
ARBP
BRXA
CULL
BJDD
BBIF
ADQH
CVCC
ASYE
BVNF
CUZL
ARIP
ABAJ
CREG
CVYL
CHOM
AMBL
CUFN
CCRF
CIYG
CWXP
BQKY
BCKO
CKNQ
AZKC
DFQF
AAYJ
CJHN
AFRL
ACUK
AKAM
CWDP
BOGF
CANK
BNXO
AIAT
BSVP
CPLO
AHHO
CZBP
AQMW
BIRC
BSOX
AFVM
BMIP
CSMS
AJCJ
AWKH
AYSC
APWE
CABA
ARBI
DDIY
AQTN
CFMI
CSGJ
BZMK
CLFM
CRGU
CDOM
CJML
AXHC
ADYB
CMSJ
ADRD
BEGS
BNDL
BBMP
DCMS
ABWO
CPWW
CQHH
AERK
AGPW
BGHR
ANJY
CEMC
BOYJ
AYUK
ANPO
BTWM
BWUV
DIAU
CDJX
BSLD
APUO
DETR
CGSA
DBJY
DKFW
DGME
DFAJ
CNWG
AYRM
CXNG
DDYW
BKLM
ARQX
BUVT
BHIP
BJRQ
AFZZ
CESS
BRFQ
AYFG
AOEI
CSEG
ANPE
CERW
CJRR
CKEW
CMOR
BLHF
BERH
AFDZ
AJGV
BSTO
CWEN
AMLK
CHXQ
ALAV
BGCE
CTTK
BBFU
BYQD
BMFW
BIHL
BHEY
AUCV
CDWS
CESI
BRCN
CDVE
CTEI
ARUG
BQNK
BZKE
CPQC
BXKE
BVSA
AYSP
BRAO
DDCS
ADRX
DBLY
CFTK
CODF
CXBV
AYQS
AULG
DDCP
BOFU
DGBN
DGKS
AFDN
CFWB
AJWN
DALZ
CKUW
BPUR
BVRY
AWZA
AHDC
BOSW
DAUU
ANCC
AOSG
COJJ
DJFW
BLSJ
BYXC
CWVW
DARD
CIGT
BWTY
BMIR
BYUT
DDEU
CDWG
CEXQ
BVFV
BIHV
BVZM
DIXU
BAJP
DIII
AYAR
BEMF
BUDC
AXJT
BRJW
BXPO
BDBR
BTHA
AOJE
BQSU
DFCV
CZFS
ABFC
DIBY
AXHX
AHWP
CMLS
ARHU
AVBQ
AVZP
AWRH
CSMJ
DBTA
BUYC
BWMJ
BXTC
CDOJ
CCAY
CCQF
CVDR
AWEG
CKUJ
BEIU
ALFE
BWEF
BHKA
ACBW
BTYV
CTZC
DBGG
CLYV
BWND
AKVR
BIOZ
CLZV
CDMT
ASSA
DCHL
CMTC
DIJW
CHRU
CMFM
BZOD
DIRN
AEWK
CVFS
BOBS
BZQA
DCJC
AOVT
CICB
BPLT
AVQU
BBLQ
DFHE
BQRF
CBBT
BMBD
DBKP
ADXU
AAMN
BDRB
CBHL
CNOA
AIHD
BVQA
CMYU
AIVI
CEHC
BOQE
CVNH
DENV
CUVE
ACRU
DHWO
CYOR
AZRB
CYZO
CNHT
BENS
AMII
AGBO
CMDZ
ATSL
BRDQ
CYUC
BCYI
CSFS
CGAY
BEIB
BQFL
ACRN
CJMY
BUQE
ARJJ
BXMA
CYQF
DINI
BQOZ
BZGJ
DDWM
CGMJ
AWNN
DKBL
CZKZ
BAFP
CKGN
DEUY
CUDF
AVWG
DJHH
AWDX
AMTW
CUNV
DFVX
CJUW
ABQG
ANJC
ABKW
CTHL
