58141
36079
20154
115219
84619
5697
35172
44837
18071
42169
70097
34013
2904
85071
96112
88941
77711
91458
100942
42775
9907
49268
88352
23381
71332
5121
99852
104803
121732
21286
27600
87430
47264
29431
25005
81748
93307
79861
111877
90963
14746
96165
34267
14957
115033
77559
9142
118106
58847
14145
114266
119595
48104
18420
25613
60862
83485
36809
27353
123112
23631
107114
84842
90432
121009
28065
110288
38350
119431
74022
15736
111454
25575
96172
116019
118552
32743
110508
113177
35214
46319
49103
119453
94009
13689
122660
13948
66406
28381
7604
120752
30421
58333
45357
88745
60517
99557
25457
22343
38856
54095
69086
44120
19036
68810
68480
3947
20302
997
93865
43317
70633
69716
15987
52206
99734
30427
121742
47281
9824
9820
27351
38017
59860
64834
82723
50908
48866
92242
91669
108759
124991
94492
21982
32847
9362
119445
23066
59398
60859
28850
106640
94035
43806
72281
69376
16612
11515
47113
116979
100929
38445
104747
42305
25181
71003
75418
71076
79834
92830
40965
75944
52653
21104
98627
31814
56427
123504
2289
81610
98729
42142
23966
104259
33699
4392
118368
118070
56329
108304
4689
72675
8927
16350
84777
73904
3231
12827
43295
60329
47212
59959
35371
87484
9733
66656
31505
10683
6054
102366
121870
99002
73187
43823
1065
9403
112527
26623
61671
70039
81246
2131
52997
97275
71642
67631
100108
59315
15849
89562
66771
17098
88668
101951
37718
76715
4704
123655
38695
23530
91377
4706
84202
25147
62021
112471
5928
115761
104231
55102
112151
13114
4275
106643
11655
123100
82347
109907
50435
42880
21729
87899
62296
58616
76625
88040
16542
67112
108448
66076
76540
14918
112350
64995
63802
100252
7063
27562
16459
60111
102265
120483
124048
9048
1548
25394
96521
81444
70728
76737
82829
36730
64237
67085
32210
89204
65135
101491
83835
57489
62383
75643
92228
15388
35765
40984
111767
117554
50409
8810
14662
91482
54339
72790
52445
89025
70116
52942
11505
18597
24804
44849
51492
96063
123563
1427
971
113312
112827
11065
31965
121912
70999
59168
24037
98191
89668
94671
98134
109456
17442
29062
40242
102673
124894
106419
115489
108441
3588
46993
30968
83817
23735
86960
48708
25163
48951
69698
53882
62291
66613
82329
114628
67914
77964
88510
50751
74954
27804
48887
437
637
74563
81985
28419
123325
91627
94489
46820
85381
72062
29122
17843
37593
86593
121072
36280
17196
88319
53946
520
26487
91275
101592
102151
9710
47928
96495
119462
103856
90838
84866
41201
121148
115031
114674
92785
81867
88657
70923
104543
91653
65130
117975
103394
84280
122006
80872
92102
46301
84388
82702
5057
20334
102778
70037
40723
102861
44346
582
9128
77593
81068
34143
32309
124438
120461
65444
22592
117722
102527
34921
78921
42751
93184
22256
5739
102176
8081
12700
101363
2849
16449
51599
31380
14858
85866
90739
41534
89964
53953
91061
118482
76672
14735
27778
37580
32211
41617
53647
97445
77752
27842
109896
47096
74339
99521
9767
91329
122652
43366
89864
83288
114532
119086
121972
25951
12426
69590
64805
33669
9819
20031
47689
61728
66965
119263
19141
3586
20137
60942
77812
22593
42817
7079
53006
47060
13960
19266
28422
23958
10088
5877
8314
112609
32390
96916
18633
108798
4533
8324
70922
100083
25774
21606
61984
12874
85392
92209
57956
68048
77891
12049
24927
55180
120025
15551
39693
3431
92226
20641
112619
2675
76134
85824
13477
15282
5914
52933
31228
86463
6251
91544
81577
124150
84573
82507
82327
114518
122853
9470
53972
55269
113365
80928
34702
65636
86775
3318
77587
5526
111309
73152
77508
75460
17874
101647
91831
84826
13959
99089
94792
97966
1137
115849
64223
4322
115346
93418
8671
88828
58147
1547
89223
115058
90921
67421
44477
69239
118242
37708
105502
78213
78960
25815
42295
49371
105538
117587
30251
2872
98593
102900
60932
85310
15313
106750
93837
2246
1244
4476
70508
99880
106368
97733
659
94331
54921
38428
16180
97932
60428
48045
18186
96866
58610
53215
119477
114745
6648
124576
91393
78268
117615
88811
101256
66390
67515
29496
46131
34558
110816
21095
21440
30647
90439
78040
80504
78442
14459
78674
112082
59904
105810
115681
81780
64489
5818
14584
35824
36788
100684
58831
13509
121352
45976
93625
122981
117304
105738
119205
20561
80711
93878
22814
30684
43635
472
104946
46362
96094
88859
88681
116877
10370
116807
52436
64681
3636
111907
64217
85685
92890
69037
67542
7818
48762
23922
104833
9691
110149
19417
112372
19514
69876
47549
78063
68358
87190
3652
105850
34442
119150
124823
70485
109781
37117
83340
77035
103912
70395
51900
62680
54295
1705
47125
48821
105771
58972
47895
43983
18477
104339
33123
22688
83423
13023
30274
78018
96565
86995
62813
32255
41158
53193
115864
106674
25980
26796
6691
98738
76927
61502
74905
9730
19261
35339
98829
18405
117679
95235
24754
90586
87397
106671
91089
116658
60216
35168
29502
88321
13421
21640
92376
109029
118022
23067
34424
5202
79683
73427
116101
120309
79264
107371
69304
69367
106933
37730
90830
101461
93581
83648
34650
4804
38175
78175
7603
18175
76646
76090
105181
101659
101687
79744
84269
4534
117335
40124
41717
46811
103307
82346
72374
9656
4106
117150
15593
40194
60036
22122
52606
77252
120260
56803
83110
84814
53481
60240
89083
93738
55272
40251
91313
32740
19288
105837
122363
122510
108467
39958
90628
79519
8991
120630
66134
26608
97347
107557
92565
100232
46827
60824
66490
17108
80882
115881
41932
71670
117636
23997
94840
53548
71309
15518
101774
82942
50659
92156
16383
79662
85873
42372
115167
112569
22958
2564
40428
121305
59301
802
123706
112562
94738
42681
82512
84763
45759
19595
87579
118186
92629
115974
12109
27735
33917
34003
55522
26204
57668
122345
20197
63446
25694
120640
106239
89945
36692
25360
17534
67898
86118
106592
43448
4628
71046
7907
64392
121048
109547
48298
5495
12349
60251
104724
10241
76769
63743
53975
79714
115476
25605
34193
105100
5310
97355
13697
45103
121905
25905
106102
104737
46170
93601
43301
107329
10710
39424
18888
17653
116312
35198
67555
64966
75788
14342
63053
19026
36547
10866
77683
85494
42179
57875
123502
91114
63425
20490
62118
121674
56156
71940
81614
99368
87549
8020
63635
105667
8847
124245
52338
84535
115836
20439
62526
111233
26896
106636
19921
29226
29934
54694
90730
68950
63490
10950
41219
118204
103301
109504
100000
21369
10104
74344
121280
58275
44535
104022
53030
71506
87939
40181
82485
24435
35442
2635
15101
53580
25664
35950
32072
3918
116587
69751
50689
53327
43646
22320
83455
90698
83944
8261
73153
19960
77669
92758
98506
56021
52759
55922
824
106487
83792
65583
84517
112904
124131
124316
91564
49507
34051
41459
34057
109852
17077
4483
35040
65411
96084
7156
45332
87394
13600
8809
64711
57331
39993
104586
43679
44330
68583
74021
49680
89857
45769
65007
105424
77196
25379
24075
79266
124095
13172
63922
98412
32469
60966
112269
17640
68990
85711
118329
15055
68382
107488
54313
50026
67884
115949
85946
24156
45278
48552
21929
63429
42820
58880
36978
11694
89334
46935
91483
11165
104508
84321
35477
34728
77250
108248
86285
115469
1213
53330
11301
88864
52906
40545
36138
86692
70403
38385
42249
77640
110194
33968
103019
12445
29002
70074
119154
3535
114899
46807
10814
12373
12072
24976
87237
33617
108413
70137
88051
29978
114573
30797
65273
109262
116742
50943
103484
123643
23439
95154
32491
73060
31426
8491
4963
71700
2703
59203
56102
98586
100401
17044
79864
19067
3322
108307
49903
77728
44166
14727
42882
18004
16127
21534
64482
27279
36590
74988
79588
97083
27056
109690
8117
25888
101070
8141
10989
74308
105801
6005
85835
62991
105541
46462
10969
34854
103986
14922
69254
20809
86819
109691
64581
98263
62929
78959
35661
103262
16074
101174
71323
66154
89591
77721
92946
52958
25383
103510
100917
11837
11094
25892
80355
61999
72704
75365
102533
64333
50513
105585
72989
84426
25327
102588
31548
85410
110336
6270
91970
103678
80617
12540
30168
92295
115143
76168
56079
80147
32639
98655
40101
75294
70708
60221
28345
37386
93485
31819
54720
12119
25095
119582
105503
39383
119194
35788
87702
4200
40126
97697
88983
30927
22548
106214
52587
107600
7692
11590
12871
2437
98166
74246
28272
80886
24621
81919
124743
5163
56154
48184
59830
75695
76170
124757
91086
124712
29147
88099
120570
78724
106501
20926
31831
76848
87414
20007
81781
66857
112247
45900
9317
68655
22387
117209
9460
94045
15663
40530
84674
33188
26737
73463
2393
58708
87875
90324
107116
49204
122150
63049
55349
34103
121094
110606
115131
100324
75846
80528
96076
51450
50373
37540
42321
53536
108513
105835
123889
95255
85393
17832
68333
116859
2296
67469
63296
116261
36878
49278
90305
7093
37408
84953
92750
50447
91164
82330
34325
28954
90832
37167
102461
47514
73289
65155
20605
73855
110039
89340
77051
24260
54393
121211
44378
37385
113466
123530
116678
80713
10131
74036
63647
8659
66547
37587
27582
62842
110190
33781
63597
57378
106094
6732
38446
9002
3200
5765
101699
63152
63880
55444
71423
3920
73993
88590
91977
14268
110388
14633
25315
48354
74041
89998
9448
83742
36544
12734
82547
12083
32406
64107
43052
19896
104256
65997
43251
32231
107145
603
84509
2967
6534
68179
26829
20129
19750
110429
36803
34360
42410
7897
12366
85658
43302
109577
6756
5912
44519
58777
54841
74907
117517
2152
10037
53759
109454
69730
106171
94892
53664
76119
57274
17323
60648
48945
111071
92464
63019
55671
14293
25523
122329
3243
115042
75542
21341
31406
109173
80027
56907
86574
14754
64463
103001
40811
106846
108649
107131
112876
27161
66376
53568
72923
74906
91689
23890
29419
70556
8945
17865
102173
87017
107522
78616
113712
69195
46315
12770
40599
97026
94716
21962
9038
54944
58723
55
75394
53564
109975
62920
74061
32570
72612
21934
55335
109608
57680
69477
89516
88130
121491
55880
67804
65019
40657
75318
53608
24213
36835
5714
104158
9759
123292
31486
58742
90207
72878
114871
45684
82524
55843
107277
2560
80211
32445
69595
40660
57693
77792
90967
11647
72167
111298
38491
33105
23421
26559
14494
112237
118788
102480
78322
14415
83375
114029
18485
59033
11069
37161
6034
116029
113172
118535
106637
47668
73325
43572
70763
111347
23624
44446
3970
42847
112187
122528
69927
13492
29339
1963
63435
118990
79156
110427
80230
35167
80368
21042
69743
61604
2863
73501
91792
2356
87014
112698
84039
90229
111026
120770
97902
35242
105077
31225
1160
85312
84638
9127
100419
17210
112907
46084
71425
13490
106136
62364
39576
45876
23392
123055
27403
17975
105133
16472
56152
10857
122962
119137
39392
10823
21636
64986
80042
120893
23456
116356
79984
119513
10871
117861
108893
61690
10760
124672
5893
44273
116970
17385
97155
108897
40539
32638
100128
23687
120415
96229
52874
26721
44599
36065
39613
107417
94223
115326
111836
61031
5952
8697
11793
118621
16186
105368
99467
42716
109357
8877
1457
99454
64487
85983
104506
36089
33708
102233
74468
105613
78064
21622
139
27597
4892
57086
98005
1259
70069
79543
85772
5146
26370
55721
42560
91160
54691
99717
41034
123602
50890
83735
34951
23532
53240
99588
107109
10935
108844
47645
35817
113754
6852
32994
39558
15060
112685
16258
46724
79408
41136
11644
78323
74370
16575
3753
97587
1290
25290
94215
5093
107160
62163
117224
28994
96199
50219
112574
87847
53110
108315
123610
46686
38255
120885
101564
61955
113753
21737
48025
42769
51442
78520
106081
76813
85061
21180
13881
92208
113010
11594
106374
23369
52935
85093
19884
48419
84954
92776
96915
108737
106899
87992
118926
20788
13200
11849
15442
118067
19073
65455
22052
30350
115127
80498
2462
123902
60694
68564
7202
8282
114924
65848
16854
118403
11539
93782
78285
45196
69061
16061
29457
46126
75198
121431
115206
6328
4666
37248
53595
51033
59885
77181
83948
110492
52067
85368
101655
21658
100141
31341
84400
70448
59759
50728
5170
32679
73003
73066
91723
88945
29748
47180
29773
118305
28478
99874
89946
121070
53156
53148
78698
67349
113514
97050
60682
42613
36998
100755
88359
10175
31377
3791
58757
61136
65390
66204
109931
78432
22627
60591
1094
58100
81978
22289
70839
113783
122222
123416
64721
55352
105885
121301
46575
37839
93264
101831
76528
117481
59393
118748
76243
32870
5295
87902
109810
115459
9951
103726
5123
80771
111998
96334
86707
31013
108191
79737
78762
17254
69825
97201
76444
42782
104561
15988
34557
66385
18918
99713
56049
71471
59817
83071
23010
44556
51645
10240
41709
92190
89578
68178
52960
46153
47497
87463
23376
50608
46327
66617
27290
101288
106045
105615
122070
54272
17538
71126
112348
45795
21844
95568
67792
69150
31147
56262
100183
75280
19870
52213
38003
116931
15159
723
58617
123908
77802
18189
62060
112071
78571
61054
9901
109261
107490
94883
13268
55871
103513
2062
59867
104860
87743
68361
99062
62008
10047
85436
55809
60015
5499
9784
6603
49724
29652
116943
45644
54209
85128
106800
11863
101832
31297
67392
103206
1050
95127
11906
71641
56768
80634
35850
96508
83476
59549
123708
42600
119868
62446
119472
33234
29159
33050
79801
47963
5659
110751
109533
113601
21687
15501
12118
90262
33576
67428
103398
49161
94469
71377
52314
7501
28260
90396
460
101645
74795
6204
43084
80696
32896
24199
86103
39470
62199
25129
14786
35391
24487
14690
94461
24753
113716
47757
2925
72949
667
104988
95309
67665
30811
13218
93373
24484
85693
120850
76804
60634
82353
70726
74548
116296
62898
6900
21012
45443
14908
87812
71115
71477
80171
48835
83552
87002
56467
53850
76284
66846
30159
95650
36077
36989
40381
1703
59102
90442
104861
31134
73401
56095
120911
106649
61160
55190
115565
106561
36226
80936
103913
6954
18370
95122
113374
1282
32370
53360
49661
65508
119106
100566
39785
108298
7361
73317
109892
41666
34733
38054
4192
38636
113965
91910
83662
9240
17052
47121
23855
77910
24066
93019
47254
37844
43897
51994
6762
75172
67454
52938
89260
78448
111190
105345
43380
75834
74333
107252
45757
25823
97228
98382
92258
74512
11460
7049
41013
14759
40841
66059
106212
3942
123973
35936
47566
77027
25483
85587
115473
67470
28556
92918
75482
32014
35458
35281
37721
80687
120705
21923
54071
62909
21910
68741
65704
57008
89154
2716
56857
82373
18297
87206
32972
73850
8855
27669
53738
118847
31077
51515
3133
63624
28680
2727
93721
56540
28369
10095
74485
118471
91225
3211
14177
97058
59813
4780
1756
117504
104865
116908
53656
6444
119323
120440
54247
22778
8483
21016
99298
105681
27861
28450
101412
11096
5178
121380
40330
77689
3593
85333
31458
33297
51311
72564
81926
122645
48490
3334
48731
104644
54185
111001
77017
69457
90882
26649
3964
115676
118389
22384
77355
23704
54278
51228
68571
122262
39407
2596
47661
84020
78878
58274
73976
54983
108183
30730
19258
42
22713
3780
48970
88927
67144
85831
98220
104083
39417
85008
107734
33207
119609
119734
76446
122884
108862
30876
47324
13567
8579
84037
20263
29610
62089
59638
78708
118364
50111
124404
33817
2264
69893
12408
41333
208
14574
55652
66235
112294
74556
97759
103640
69368
14307
58318
93998
76333
51830
114954
88260
40117
29644
86192
57215
76582
77189
1128
91763
43501
104298
119130
8738
104064
32624
29204
41957
106373
70564
100773
5572
122207
59284
122765
32428
46027
64798
110572
52876
34795
4894
60049
76306
86069
27502
21431
99090
58830
111536
76543
93551
85302
84620
45710
36847
23357
85232
19721
70362
46729
37725
102260
46019
95676
59304
13933
20950
49097
122341
82839
31058
77790
47090
86070
56105
2006
8281
87589
65913
2249
100871
43202
31002
98827
57808
95622
76470
67483
14255
30477
31860
26492
11717
44974
113391
28777
123320
78953
4561
28441
100117
59806
118608
42292
51199
115536
114949
123651
110761
81350
22332
49666
2265
120053
13254
85945
90301
47824
77370
110414
55882
33856
41740
105149
103617
71390
120729
9758
106011
52082
6021
61227
8224
120986
82726
49324
24250
34255
22933
27326
3132
15170
124284
82474
48763
39714
67225
105598
1691
89730
116689
45081
60244
83544
20205
113424
51826
8108
54796
100657
68719
71643
123668
14104
20989
59369
85762
96367
26818
26448
99395
7208
123443
79240
53792
54173
8032
27294
105066
14583
24811
59733
80443
115927
25552
119683
40125
29506
5514
100477
85106
23415
48416
24430
92852
22056
49518
67772
105376
13098
62306
95126
28574
113294
14403
15236
42484
27795
27501
82994
27676
67002
47082
91760
71663
20077
121248
95509
33959
100673
114147
118680
31629
103725
12168
60243
107044
49213
78240
8644
81886
99322
12628
32504
119626
85848
46538
63499
10050
68893
71664
90849
42402
103528
89234
101264
24580
108089
57042
90383
107875
77201
13286
21302
60849
87870
118188
3833
73439
48550
61461
81601
31917
40704
86034
24027
92200
51428
42223
62454
38959
66118
40682
10813
67831
21913
18301
111945
58288
29589
119568
118825
66448
26611
112310
31848
53613
85095
85219
61900
33151
19341
100733
72220
50720
100374
98570
45449
24650
115455
72252
71752
4458
23235
78096
58163
38070
23270
93446
17776
100538
83768
38458
18846
90500
86776
55899
40445
83045
108618
37427
103641
98024
26067
74620
113827
93823
70408
38077
105576
107983
118125
105867
19305
44967
109247
20223
68435
98294
87355
87864
103801
104597
33563
50922
77331
77639
108389
69926
71472
46354
7765
30410
108601
11701
1543
12257
46318
77009
39657
122954
2651
11360
106389
60937
61245
1330
50576
90372
104035
42603
110866
37762
107891
49189
68514
4521
52262
91525
72759
55916
15602
20357
100134
71534
61003
98045
90969
74946
90568
56975
52061
71341
74719
55160
88342
91695
54082
14020
7324
121876
34113
32376
16128
99460
59926
118376
121090
100640
84442
10251
86601
109066
31608
23087
65368
42800
122910
35614
35774
40694
2798
117952
71538
100168
16242
106169
13332
40205
53413
25588
33004
105866
97185
29924
89692
24064
38286
113897
1188
113877
1617
48803
41559
8474
59747
121075
9012
63901
81134
96064
101597
45346
92051
48170
80106
91481
44006
56569
86904
102770
54709
63227
121185
104761
101948
108987
60383
52537
111173
104341
121506
17972
51841
31636
15526
37775
90585
23165
89348
66622
113060
20291
14465
50865
2341
96162
31589
28830
17446
12891
13245
8207
62134
114467
114176
44180
99105
30588
124510
4489
78555
32808
15556
92125
115186
15633
83938
4597
7223
94824
54819
57094
77860
37172
8345
2995
37592
72394
75156
47131
30381
123728
124671
10979
36646
83398
17932
92800
14575
6152
2015
57219
91320
27720
120801
121593
61829
109839
77780
38769
93395
97820
4875
6401
6823
54416
1043
48221
104206
101143
7543
47555
80843
56421
123050
95399
51814
72787
18692
16199
2315
58837
11354
72110
15959
91178
62005
33857
22284
105171
50242
33006
119659
107268
72615
105762
9320
91768
61238
38492
92410
85661
76877
82624
119230
6562
43715
52939
75715
104382
40054
847
64088
60576
122533
7174
43747
50937
75098
14161
20117
31007
122687
124214
80959
41074
13684
82888
26553
107419
114095
41548
3800
75249
100489
46406
12615
57286
61985
81105
39593
115255
106590
77529
50928
47322
12308
111034
119133
47315
26213
29762
37622
56853
36193
87596
12068
48543
113595
59348
20152
77349
33601
66772
32377
83805
42107
81771
119883
110474
78567
66853
40077
24403
65068
70866
62416
121786
49941
103660
51008
40145
82892
7072
28915
56317
75520
90894
5527
89142
64771
59878
76638
62439
124115
91855
120520
72746
38488
7817
108112
44866
31923
115243
89980
119279
82134
108873
62276
109873
101706
64163
70206
60091
107310
41345
67993
77950
46103
51250
50323
14643
643
46378
53425
107075
32726
14294
115522
110540
40528
41913
80188
71941
68966
111677
120389
55536
67467
69008
32582
70930
111894
36477
28480
10206
15326
6295
123185
67788
114839
31052
15793
47926
105316
112380
52659
109639
31635
75685
56524
72517
39506
102710
81432
117498
60822
91105
1573
45632
56604
98754
117702
47052
55595
61840
41145
31110
36156
46387
66050
77845
59089
52840
98991
79482
34714
77963
113019
26093
33260
89456
55956
88539
108219
40028
77679
118745
52260
47444
61078
75354
88361
85218
79901
21409
35154
63770
67669
840
117170
51160
10354
97952
85531
22042
117178
7577
18282
37416
88368
111973
31976
114879
34365
62690
12786
106333
107828
27026
11068
32500
84995
112104
93444
124107
95518
94212
55091
105705
48450
86571
109611
100879
8239
84100
37228
109224
93335
55967
34522
101723
106867
60026
95305
87424
122034
44372
15450
82069
79249
71140
95960
11472
1217
92387
59905
123866
109669
114424
270
117779
111573
2688
85472
91834
87835
63798
69722
81626
27854
5569
48433
107846
98932
20990
124217
67800
21184
35418
74358
120661
42173
91848
87587
9230
39367
71037
89420
104990
67133
79805
34348
57095
73825
4415
4384
46391
45261
21041
114547
27915
42314
44761
33654
109670
90917
108775
83172
99390
18900
74510
50950
70881
85036
61118
44924
62557
53107
33978
11420
62227
14924
84522
32300
80226
30528
122519
37679
115002
51216
58602
32602
87454
92054
71492
44907
90404
122215
43036
29484
1801
7248
46675
76781
64678
39718
58186
93108
9069
95921
34469
93370
51886
50972
49671
113334
35137
64430
92660
107127
101224
64007
33496
104313
123790
91298
49782
28826
85610
31516
115115
3419
104142
39575
113277
124202
9822
85356
45320
73058
72842
100988
69818
81285
114302
23508
15080
69793
62697
110587
103367
92255
121637
105016
54312
107532
96779
98858
56789
88407
12235
25833
64352
120711
120341
62486
112457
57119
114324
45378
61762
93131
93478
36375
48444
107211
75302
26231
20508
82259
16729
67887
103268
43414
84505
104179
39980
42408
70920
32105
93487
122583
47739
99223
70712
75336
88785
107333
30364
3622
81345
10443
98507
44297
28714
107011
114393
66128
90197
112094
86002
56496
50061
101052
69052
22067
98264
48460
9359
49497
32945
50791
71065
79290
28981
86518
91896
107162
75518
121871
46843
24388
109025
88085
86745
63718
86174
61554
21806
70216
34368
90799
40581
60028
73736
17343
29003
96589
35331
100027
55741
18464
113043
28639
55202
26734
13712
118642
94785
88166
73973
46589
55947
36061
107203
50649
88770
25996
79020
64980
95519
63700
41503
29804
82901
47822
51493
90906
67377
92645
108930
26633
17107
111865
63147
117917
98736
101895
20213
61255
109928
82935
54572
87411
22402
85096
23023
61952
45234
87638
7306
104479
44184
31459
86249
69900
102730
116206
55321
24868
708
98211
60318
30394
49478
31497
98897
15154
18677
93435
94502
19456
99451
118799
112360
17341
75269
59050
77856
33233
86369
17691
1637
21433
1129
83891
99928
59111
56126
58049
96907
4453
112866
62197
124318
6751
26125
93168
104650
74445
124254
120283
25964
12692
94634
23482
79271
24718
112010
110074
62840
89464
87823
20350
111999
4359
45865
26842
35493
101822
29772
104708
119364
122407
17007
122334
105379
99677
104078
114182
64197
39664
61699
52693
42493
85958
101530
31708
110833
103505
72271
18496
13579
67158
35611
80802
89285
76700
103063
45995
81866
54324
103248
119427
120601
34297
60177
105745
21915
70431
91432
86765
44534
7775
61928
74141
71119
34853
120205
20769
5425
27993
12939
59713
39443
32145
10483
54643
66943
8510
106939
103624
106527
55979
123682
33002
90344
58789
121774
26579
84871
15157
98590
82034
3770
573
87672
9814
9493
60498
121715
65993
5692
39939
42753
3682
93602
98246
63551
99367
41312
14736
115387
103424
28123
83041
20919
27609
103968
34025
1998
42607
102320
70630
71679
20569
64342
117315
92389
83639
111440
13813
26339
47748
83263
85594
115418
25053
108578
104886
57884
62476
91031
5428
110385
76017
124491
112542
39374
78246
122015
51281
89601
78665
110359
107856
44901
55598
26284
82945
22261
57231
54405
28963
22368
48942
46151
89646
115092
98099
75550
108981
45301
65175
29808
84006
14066
80284
20608
86239
14429
118343
59103
100521
66955
113755
9280
16657
80700
12457
15737
67603
101361
54903
83605
9527
116363
53830
36991
109367
105262
28456
46595
9306
99936
35118
71865
47698
75567
42750
44946
61942
108406
101312
77001
9973
26436
79804
4862
15485
28356
25339
15873
24302
115769
66477
66918
117307
47061
58531
60993
56135
48187
52103
77178
307
101024
110466
16836
52751
55379
74975
22494
11689
30023
80197
1131
62638
108743
11444
110641
31437
1501
18640
30862
63017
60706
23495
790
35591
77146
80666
46676
112231
83857
20831
72414
84194
4009
73811
18656
56241
56530
118795
16903
16890
72749
8746
95663
68974
105491
26789
73532
32596
100397
67766
64127
56915
203
48982
11318
47744
26911
6784
62543
48402
108477
72576
62668
112916
48160
40185
122072
11905
37572
35398
37342
113066
93759
29797
34896
46112
33949
39154
43252
46437
65778
26749
11586
42675
7125
122911
89510
72458
42360
121885
14998
7693
67216
6967
83030
76196
113069
76743
97741
34667
52146
71551
78192
87816
35988
50472
10792
8455
25096
62189
27234
118490
40416
6172
22901
38820
41841
57527
25313
13823
52564
104880
69935
74331
37267
61354
123316
9044
112582
114085
25553
74086
44634
43607
66873
85153
70365
112953
47268
25959
117035
58712
60436
107753
97502
44604
44117
88615
33159
5445
121038
60380
102961
76771
83163
16819
59139
47652
121442
14983
20562
112513
76752
2666
63354
74685
45783
38276
21448
103138
75265
34930
79751
3064
66139
67892
102350
83848
37325
76601
12267
94917
103867
12292
64620
85879
11552
66839
62744
83712
116568
62465
53569
124696
100747
69735
51847
71483
97685
56492
36344
3075
43817
114024
44349
20558
87591
46456
31105
52140
58506
34432
58034
51760
69344
54392
41878
82011
96664
124601
24281
103090
90807
70078
6094
90403
92129
96373
21848
55537
93269
101032
4175
96964
92013
42892
77117
46368
6020
35957
115999
70123
48822
41730
6110
2092
28211
53493
93385
50264
61432
94467
24224
104717
80963
58806
52416
72312
113593
45667
30989
82028
97022
124336
7541
8322
13626
51879
109723
59861
82872
95674
116812
106495
26382
57628
30841
20435
21937
114615
104915
15631
837
44799
80066
86834
16661
96153
16557
75795
57636
101239
106847
19826
69160
36656
116523
1366
90975
66714
52975
64933
27495
29285
3937
22434
58895
6672
77704
51735
49063
30047
84626
69785
124164
26237
13434
114235
3030
70399
48063
42014
68218
6367
90956
104384
91447
47453
15693
74007
116935
45712
58184
14681
103058
20959
84466
65671
80785
61514
117774
92560
89372
81959
71725
36763
118075
18529
106257
81554
56809
21676
49003
12338
83984
88974
58699
13099
102008
118330
3183
110053
1789
20865
61743
117589
105339
38195
72342
11063
84637
37813
107027
71622
93251
82930
68618
84324
15391
17103
64150
95362
106006
80195
5189
73950
24768
95967
74739
33531
61556
1540
3752
33702
112475
27504
9936
33169
720
71183
117241
24353
99148
89971
59928
74880
28600
105926
105038
40392
59492
9192
85978
9829
75926
85216
107805
37782
118660
10963
44944
31359
48580
110251
96040
16873
31330
55341
9624
113152
7815
99777
53609
38117
40594
11243
71730
34763
37204
115078
6872
88116
116847
24364
94528
18104
54436
43668
17851
109337
12499
68949
9409
47086
84370
10093
21168
91223
42988
90856
36691
13976
93874
45590
119376
124211
49603
34191
34548
84242
83065
84916
69938
12819
598
52106
8150
76564
100495
99401
54475
24692
60024
56353
52916
109142
107861
9211
120274
103555
60902
10726
49330
82463
121932
105136
103308
23548
25609
60260
88416
1992
124733
37348
11806
12945
98426
100329
51327
113500
21365
12184
52859
98418
107870
23549
70939
33655
119041
107013
117205
99845
10847
121217
59802
17694
34465
117185
31450
79179
82128
7640
114843
10720
19390
102663
79106
12721
70443
116166
23318
31558
53735
123538
95690
53605
55044
67023
123357
92608
29024
26498
98298
120872
64555
62443
17236
44048
84175
69226
1269
69896
12781
9105
19247
38772
9568
73304
60234
77320
75642
25450
91172
1253
40952
89166
88202
57553
111513
40944
120668
4491
115497
112832
100178
17435
61105
57165
25657
40325
68237
91693
24682
58058
43382
757
60304
120249
4153
35460
122398
90153
6412
67750
66087
81523
13938
46120
67415
6360
34071
114094
118934
47011
99038
123850
54350
61983
81135
26834
8681
101516
33889
108107
43714
23163
119059
88511
117905
2576
10742
101380
88697
118294
82866
95230
99971
28117
102712
9898
59192
55647
12299
17813
87229
100321
8717
9078
29746
91697
100024
64473
100598
16980
49395
62954
29294
34832
100029
16352
56725
74822
33717
100151
67606
28953
19069
22639
97143
82783
81579
62742
43511
85513
110046
67634
112341
10410
74851
78200
94438
100902
33783
66558
116181
58107
40567
52083
4895
86947
7454
68774
22795
119434
16999
13819
37185
64945
891
74214
40424
79267
60938
95295
57471
84761
69932
52836
59294
75937
17
107480
115655
89081
99962
73316
83452
100627
94283
72728
84526
9269
4946
93429
90569
92911
90060
17152
4444
31997
47636
106336
24225
90468
40112
108098
50184
48889
86015
105859
96435
37524
52746
113488
59511
41384
86291
66301
38295
56708
44005
60691
2496
81679
16403
35744
79868
79729
47561
124755
108251
73630
37602
115656
104173
122760
42361
33091
16370
39837
98
11212
111747
3915
13087
50143
46933
112201
879
25616
16278
107200
98708
37302
108806
78195
72657
93456
48497
4254
95887
64488
85944
115282
24335
107582
75099
103771
2410
11842
14211
19012
4438
23203
1364
47638
3899
106168
110122
62952
118780
29436
100878
19235
4857
19121
123516
81324
124925
30972
107264
123670
56769
55034
33715
1136
12059
17481
84281
86600
17747
56169
25289
48041
103123
84929
50669
101310
49349
72287
62585
99751
20632
22298
36247
43929
50136
16050
116918
31196
39203
85571
18624
93928
99516
36932
120409
73092
29835
108585
51751
66701
30415
5669
124531
106264
30282
5182
22216
56876
42456
96932
36038
84943
68007
49068
69762
57359
72377
10413
65453
117900
81160
85904
100133
72017
32133
79343
9077
101789
95225
31232
28975
92967
117788
58031
100507
27920
74315
84336
12732
46954
101319
116751
3090
86903
86923
111011
7571
5188
77466
46240
76414
105268
76549
31292
69299
57115
115433
104482
55550
21773
69696
62637
71445
10132
57707
58517
32308
16733
27672
61055
99017
114078
43311
57858
54628
29810
75877
91016
17866
118850
109568
45494
71033
65876
69866
107340
32561
120002
83797
12959
117594
79573
66862
60848
15084
59923
103096
63099
99281
50014
17091
94197
112286
106726
96840
115415
95893
47023
66434
63148
20602
67888
25651
21824
116057
97066
6095
88843
12381
92370
37611
120533
101833
85317
98535
66467
57186
99441
112621
99050
112818
3482
32365
54853
56309
92730
26158
86527
9496
92851
87761
48572
35052
90809
70565
30236
62539
86805
96251
44050
16112
184
46635
86504
72964
113742
73954
78757
40729
11989
5614
65728
44857
64569
5237
80174
10712
91083
107810
38440
26856
98373
89865
21662
16440
20688
90249
41028
119253
81711
120680
38447
27927
71410
123756
51309
123162
16879
89545
23591
19916
117349
109043
120091
8143
124893
122804
50900
19827
71980
112844
34975
37562
18995
53195
117378
36969
32790
5456
47807
59366
6376
43847
22389
37343
63729
45439
112327
69285
41247
46010
17507
103811
54305
100712
78002
72127
77464
75473
77525
77291
72645
117924
12357
5945
84151
111776
89365
21033
5226
46864
101141
26569
70207
53855
50262
87432
88631
118569
82219
8626
105165
87966
77612
60263
101223
99044
5650
11933
46032
31945
67645
55403
10406
45268
75644
58819
48764
104738
34289
23499
74087
60759
71831
29338
83102
40271
54325
113362
23226
2352
48621
18859
92899
63519
73817
124725
79936
109448
45399
33450
66958
107083
95734
39590
100349
62823
37367
62243
86430
66823
41005
72912
620
114055
42913
94885
59557
76803
41897
51594
56274
111623
37788
115678
122710
8840
122779
85226
29822
14089
93005
13733
16029
286
98602
100638
70700
80235
50965
121614
62818
9939
89806
39595
30490
90915
81566
53823
54302
119430
26092
102387
29229
36542
31118
104568
121446
110305
9011
53403
73580
7992
73254
12220
75681
104216
53883
21643
8179
21470
121356
75236
82074
29230
117235
80096
72021
124554
38400
43901
68845
82957
30726
28084
83627
9013
108369
44586
112164
72641
61457
116971
111720
92919
79050
62556
121391
40913
79163
101732
15404
44678
107255
121470
41060
86736
71857
81080
18470
3053
87279
55728
17570
122902
115
116895
50959
46243
77115
79440
74259
81688
98850
64848
96132
114877
113756
58821
67314
13226
79326
30502
114763
88897
14229
110210
8886
44422
124558
93923
110522
68585
78721
106226
60782
8555
19757
74646
8603
34208
77398
105663
107485
120304
78055
93268
103919
120867
15433
18934
45293
11350
3775
16476
51188
14761
116599
72524
13314
8012
12635
81798
42188
23440
27593
74902
28239
45974
74365
20200
16087
65047
57292
14989
19
117366
98467
3862
61059
59097
98458
90457
86168
30174
56962
104596
116481
28521
50818
87036
3035
83936
123693
16888
6040
59506
69143
92179
82879
33208
77436
72619
110051
10554
53132
33264
97620
39071
95427
81131
22316
24523
28268
67025
102755
88960
42135
28164
100341
80561
84090
74836
101282
117461
24294
63085
107066
10767
106191
15824
16324
108800
109981
70467
44756
78330
6521
91692
109667
69683
38891
69479
107977
47247
95859
93505
42177
82367
30933
73670
81380
4294
28720
96452
75047
112404
85165
86348
7305
73195
106852
105881
82487
87857
85868
67084
8692
111502
60512
81000
35450
37496
45130
124798
5513
37341
72381
85075
62305
48335
97305
15673
60218
55344
114151
71550
23184
44566
22690
110095
98032
106126
80975
50244
60690
65146
44298
73887
4545
1583
62485
57461
1908
117669
79278
52521
69352
113063
117122
38000
115428
123117
38567
42338
31941
12183
34903
11210
20619
40100
107060
65593
68476
46407
99130
113456
29591
112160
42482
82286
19904
56092
2198
14688
1912
116681
34327
53073
121476
108490
10873
105955
57664
111590
115409
12632
30273
66618
91054
20390
122462
82042
82012
21945
4436
19567
21395
47049
59789
117089
28688
84772
108075
81618
25586
112213
67582
116978
5151
82713
55744
100159
28568
109704
97286
39230
44915
68542
90961
82774
65422
69805
87954
2895
49939
80112
19614
115000
10259
15786
98553
72001
36055
69719
33831
23181
67667
20063
114430
71704
117118
14427
51012
976
118457
33070
122136
33551
29410
109131
122048
113883
3020
78742
22246
46544
117612
114308
86321
68600
104294
64455
28643
102164
114441
31031
114734
24697
116527
122325
123410
49143
28743
76429
47050
84460
57
122942
54873
74870
25140
63482
15179
20437
32150
69812
116972
79980
102583
35051
103969
40070
111044
55473
54579
32188
42822
3534
47395
73262
71267
70553
39666
34134
74540
110794
61048
95473
58161
44950
90134
94746
56419
103808
68578
111791
63195
93066
25780
96784
34304
115380
111929
10293
14912
64673
101156
118814
93678
45864
82862
3019
8589
34346
83096
87188
54958
97301
20611
90866
33741
114776
123348
20216
22223
110767
30620
85214
90914
82127
10409
93276
87709
9686
76860
119122
54801
72634
71466
25556
94934
94252
76164
49157
50809
116177
100726
20951
18223
90063
113240
73196
100221
13844
116798
49567
24340
61292
7737
117857
56125
102817
15837
4273
98681
44807
10737
59042
27072
21280
49004
19569
121463
54578
95318
40127
91554
78444
109925
29635
37031
101386
107688
98730
89017
12677
86956
45875
109971
16583
30966
22686
98348
45334
112217
105206
51342
21724
13578
51457
101854
82681
88049
41850
109857
49792
67662
44805
3403
44916
26157
29055
60419
39341
105109
107685
107303
8892
117294
246
3537
121514
62027
10908
44704
113882
90831
39886
101417
44580
34403
72045
34712
116930
102139
2935
123784
72359
12437
70909
3263
119771
71024
21627
51631
52920
103653
98479
8845
20539
54279
49205
98749
73236
93049
99402
30296
15660
65727
12127
6380
124756
103904
77461
77044
43263
6370
78554
84099
27132
108801
111612
122339
90860
102242
95496
106962
6210
5570
120177
7372
13373
57865
9837
107278
74920
69856
5052
59774
102716
15766
80048
31786
34822
121096
53319
71587
28242
46709
69501
53182
55451
11866
103097
124611
75757
34363
73435
100435
13142
108109
117622
42965
98698
62420
39386
47036
73116
91196
78677
107548
33876
51000
65025
50985
337
71084
105255
119031
118829
34959
32472
96570
100427
68882
10297
108809
123409
3446
115129
84000
34357
38742
84187
71960
57148
4011
34646
95419
51355
3385
90208
115632
68825
93804
50784
77580
71338
101682
86380
56436
93265
39500
91856
93046
44945
95
11200
91182
102607
29669
34608
96275
29717
69721
109071
66961
60343
30215
81311
37521
82836
102740
30404
44635
90657
24648
111641
63473
75593
35966
15713
89159
106604
97892
53249
123819
16353
44732
59658
60083
102524
75056
31800
867
62363
95653
105030
46785
28412
123582
72633
58317
82653
123111
120158
84059
58108
88106
85817
93011
118952
124004
20207
107970
27938
77265
64064
105808
27186
100267
75686
17345
15950
40214
19463
69895
110118
52112
21793
91512
44305
66157
73671
112739
87249
11660
19559
33206
74944
74987
67187
73389
84519
55775
26013
99544
72824
52544
91565
79498
44258
33184
49963
57256
42212
94705
95632
107322
911
22659
56344
66400
41966
53695
52019
71694
70307
89951
113609
81043
98637
19786
1067
111719
84503
92133
36215
11330
9366
114200
114386
97494
16008
47335
91519
76795
97187
87634
61830
8461
47299
8066
18493
109999
20778
17137
117493
79705
91726
64672
118716
13083
52151
38421
83104
5607
104169
12241
115330
36005
8654
51036
29533
6873
80191
19933
123216
11107
26989
31238
85686
115608
7408
81283
74651
36858
114082
74672
14878
36120
1440
64361
123313
36243
97199
14647
77495
114991
108052
22703
44002
13568
76263
72833
108129
52075
67635
109293
1651
89844
44051
9903
31498
66283
58239
67499
71727
60145
71125
28293
37413
124272
103224
55137
123718
28282
119841
49660
39883
42150
122646
56022
14703
70863
24177
111002
111317
90548
37019
61256
15459
30815
104249
9389
39344
102928
75189
12549
21681
22495
124792
82823
87364
112724
67464
92088
122366
54127
28097
29094
123121
32002
1204
119909
75449
95927
74879
13610
97948
30126
71123
35572
16860
55453
102656
19760
12519
71828
100203
97244
58326
66466
27357
5520
101384
17757
69333
15301
62237
95418
49039
6855
69089
74181
29866
93492
84594
6707
89840
74220
59240
32232
65656
18798
59662
100625
117609
47839
61065
57328
3621
38399
94024
66014
60773
12507
98636
57202
4599
34235
77753
727
24287
43203
89033
36707
75041
80264
41068
39761
6161
113611
4445
10651
8716
1185
110982
74945
75638
84696
78968
5307
33251
111465
113324
62660
36787
123800
115663
19937
117357
6753
9309
46009
92532
5717
106331
100161
99321
60535
96368
98811
28082
27855
12067
10090
7181
114034
43259
118049
53752
11447
39703
122801
67067
114323
82987
73760
123638
59287
72289
74959
90934
80176
60371
27759
49424
79800
122068
83156
106665
54422
100637
114542
12135
55818
55182
22493
73941
30670
120604
110625
114258
76412
25855
38386
26266
77110
52987
85937
96276
89663
4201
69933
35179
124517
106303
28203
40942
58909
121288
14921
4607
120946
2401
82756
123735
13158
47850
114315
44400
41683
85857
24485
87436
48693
32874
24836
68183
88598
23583
32456
7418
124690
37571
47436
110464
115465
122669
14975
19647
54171
117596
100135
51555
94690
7911
110142
80962
89660
75992
67684
121326
117601
20360
21659
107627
11794
14354
48844
42049
94942
34240
86323
110483
92687
20755
104619
24450
119297
23764
60016
109049
3472
73292
3670
109145
92874
72291
14444
87387
110556
67828
105871
90593
6607
115434
69280
47480
44758
113670
82511
58083
123772
79719
120186
113577
50192
75585
2653
54061
67756
42264
54616
105524
85173
111263
102101
114203
9796
67285
42330
13648
48603
26282
80999
60586
78122
33847
7530
89378
35158
115589
17590
102736
97911
44777
38165
103200
66194
20008
28198
76194
95800
33743
39640
95263
61885
102103
91840
34511
30268
84043
42358
42170
80476
76367
7704
91955
104291
2034
45903
92975
44914
113740
82745
25995
23802
16297
94086
54994
24634
72931
55394
12710
8657
114507
38993
20098
696
34509
108561
20067
104331
28683
6476
100704
75018
78985
12352
86824
30845
111413
124903
89548
71556
56777
10429
1808
64104
78418
99369
63134
33998
8601
79178
3892
99169
91993
25104
81527
98448
32180
116326
118155
21948
90810
51041
110728
90409
75348
13372
33379
121044
122969
74885
55523
116874
124028
47945
84277
27727
62872
111207
8597
85069
122388
1109
52349
25788
48432
48389
6434
13731
27350
35673
24835
4584
44205
76492
39887
108696
58648
70188
6644
122429
76383
97268
65891
85818
99571
91570
45504
102516
81730
24638
35102
87825
88307
58620
42181
85015
16281
53061
123782
10589
27949
92605
65381
69302
62542
68499
20180
81687
101701
74889
124759
31178
72968
52785
21629
92951
114737
102244
73830
60589
53003
114568
75910
120180
1563
5817
92770
25137
48128
106855
75726
45751
99361
51510
117686
74898
117907
31353
10514
26732
73903
39441
91354
20552
100464
107644
7570
49894
13411
28349
11506
72510
65865
58596
93639
44824
78156
69474
49237
120560
8318
7848
21904
29471
86911
106680
2629
56207
17295
35521
18764
77922
106113
51732
2570
42503
23927
106966
22452
108476
114989
86836
5747
28401
124738
106930
62695
116564
50532
6512
76974
76301
84539
64171
69356
94085
49997
64879
17580
43387
73991
47878
3342
115829
36406
22936
57472
113220
109053
27905
108086
55074
53025
95220
98336
9387
18566
19957
37855
24548
29022
99054
83299
92768
114931
44489
39746
76826
10657
107776
106763
39728
75720
78062
21091
62511
22259
7962
9135
121940
4092
15619
39495
26465
67865
83940
28312
33975
54343
80800
14045
10203
24022
50962
34553
36114
71214
60051
41186
111627
91416
29859
79188
119827
85149
80378
123780
75617
123742
35140
96863
97823
73067
100107
48507
117781
105279
24908
48626
115717
26853
90932
74955
32632
55719
2668
121975
10467
112009
53041
2569
16024
13425
97279
46511
61243
7285
18317
107271
45071
85
122280
28498
19661
123771
25477
28452
89612
55315
84778
121337
59441
86347
34428
89906
47946
38435
101082
101344
77705
39557
74055
49158
108525
83437
57073
38745
65235
77819
32706
95707
108349
33246
59734
124604
124979
15941
120658
77709
5554
72794
90005
99908
20313
22037
115171
44738
41658
34999
101773
117655
63613
123235
46612
102308
89311
61858
71355
55340
50276
51527
23494
112928
6508
63625
104794
31687
92047
108917
23928
91227
44842
79026
28297
111614
62791
2370
34962
24096
2430
98430
61176
102138
118962
8486
43299
49337
98480
62177
48376
5764
29992
76828
56661
121854
69692
67127
106007
43426
55887
45253
51092
68584
18526
12557
68917
123621
109819
115259
120674
104916
76112
27767
72334
6195
42486
124241
72649
26107
13906
102028
15085
111464
98343
45131
68971
47424
16977
62361
19323
111005
108404
105484
76111
65126
101750
75748
63097
95796
75220
79036
48440
48976
48042
39279
121542
85872
37147
97729
53432
56466
57620
75614
109186
21044
76603
30526
103686
114292
61648
14298
116806
22119
123318
18973
15328
93866
41697
93089
67495
60485
69581
71916
4510
406
59956
39045
116974
124512
32476
3733
49169
109714
70054
17993
84612
12279
38484
10844
3975
94739
110233
60557
45217
41239
75814
83760
24722
105572
106462
88841
81961
86241
14529
32817
65828
13321
32021
111156
14446
61791
96157
59865
77839
5148
28134
42850
5550
124454
59003
18688
107249
91042
112281
88787
9396
58486
50380
107103
3756
82861
30988
40108
57536
81707
63710
95209
76460
117884
88178
23050
2795
90630
35702
49804
43807
19829
6003
13395
102838
87915
46565
124700
113574
101191
30810
60462
44193
93192
15338
86436
69944
92204
86609
63003
37957
9953
10622
51504
89467
57631
39212
100745
98230
20694
17533
77088
72269
18281
40890
4616
107491
56561
7606
116565
84352
101573
17766
30222
8339
51951
11861
43439
14470
97927
80961
40420
75121
116787
119151
60699
50730
84447
40505
99585
92422
77776
32432
22089
33267
17621
93039
52128
42370
113747
107128
27736
106785
74613
112031
97259
17844
88503
34758
21535
60760
6723
80080
54024
84046
51696
44078
52370
1198
69547
99139
100277
6466
48742
62605
27777
17100
76836
110105
36443
111927
103132
89481
56781
64416
108656
118916
57448
106853
86339
103113
96280
9846
117338
79480
102773
22314
72874
473
56240
77241
30533
116639
86172
5719
46793
110894
1982
42346
38883
31946
93694
76893
111246
38624
3406
38213
44827
110173
108799
30703
58412
26507
41105
115264
106020
34535
107285
68117
47578
14849
51176
92639
87785
84557
75621
56290
100480
49776
95042
65859
37769
97011
33814
7122
36319
86414
76066
109823
62014
37638
30667
14772
40641
14289
31000
28713
69017
22780
20336
75444
14797
109361
7792
99974
46836
29846
5566
104489
121944
96443
2026
18023
119525
23336
68054
103772
35230
31934
115013
123560
76861
18856
124946
73541
37816
2120
29809
123697
23917
39596
117637
118213
105948
49712
85635
11780
96678
33254
76732
80897
89842
94290
111352
17974
117818
105628
65288
112465
30835
36175
79933
42618
104685
99349
5006
66855
112719
82951
110986
74764
6582
63498
9290
74376
60914
17120
80620
118677
19274
77101
13811
44589
75023
61224
109310
17239
55912
89570
76459
95047
69322
45227
71826
53696
45807
99550
105823
64024
41662
45670
13005
42635
25000
73095
109566
121214
91751
79511
13542
70797
34127
68510
75012
34961
20386
35447
5705
94347
37681
94451
34461
24033
89112
108274
18791
19055
102646
33887
75653
99435
31723
62769
118333
82786
1438
57463
60178
118199
4076
8563
66803
61641
28179
61736
12743
35457
65270
26305
63351
123062
53998
18857
40290
38223
87900
6775
34949
73005
90477
124468
43732
19744
92612
105291
49095
67141
25535
85144
93660
116864
32502
72404
75802
85146
4140
30142
73341
27274
103089
49517
19586
70552
67872
72493
53048
92755
39126
41560
26850
74689
85422
110769
29425
94370
31538
109818
34849
43497
58041
64444
124222
97024
91850
89568
97477
88274
69162
54306
100674
37036
76514
24855
690
106803
15685
111843
30585
123641
32318
80613
95415
121331
108286
64687
55490
22856
103285
82875
80157
77073
81808
64050
8964
55500
36383
53250
48081
8222
3560
32539
101376
11711
47806
75730
40344
71221
51350
37732
4288
122535
66859
36709
110405
111923
105620
20805
649
16307
113689
69060
87380
102241
14615
66899
75515
1237
12895
29487
2099
1022
40960
28048
38681
34590
31511
16749
33773
1100
100781
34279
71094
29607
39532
2463
82671
119642
37892
26188
113133
27271
106052
17657
22996
31200
106813
24047
55872
109321
30971
93229
17466
44963
27792
43241
81447
123477
21944
119598
123353
17141
103339
53794
71733
66941
79696
112174
110918
100103
114209
9940
102472
114943
61070
1841
262
65220
116939
49800
2726
28537
114557
34204
83781
95641
100051
83057
50857
121378
121036
18263
74391
37623
124897
98021
21443
123276
42770
52972
108422
80762
115861
87909
106743
31666
11688
10243
81814
35882
13463
50207
76013
104442
38299
66722
93545
60842
12727
3394
27180
29231
47688
24591
96377
39609
16876
5024
120719
87419
3864
54765
63817
87418
62393
89675
107425
51558
32802
21891
67190
30075
120125
50921
110206
933
16935
109801
69252
63186
28201
5138
28257
71961
106594
123234
56009
41694
8323
16283
63330
25044
71063
98204
39138
114300
100142
118683
4034
91131
27608
39489
75240
101877
37904
97126
112540
25926
49461
71936
16893
58217
59898
26106
52271
94800
23594
75141
16096
36792
82609
63
74004
104289
42172
102982
27363
30677
111924
560
103274
72594
66979
38425
85167
24730
60560
82821
122993
97671
60847
5531
22240
76508
118906
54253
78623
87692
11550
38509
40630
25577
22898
52831
37610
19902
19513
118949
52496
16265
52448
80011
119611
111433
20424
111644
55915
19354
118719
31960
91337
73457
73680
30038
30424
80733
112316
114768
1032
102249
24375
124691
16643
89062
3013
99658
56301
90107
70758
56149
111593
118378
62754
115928
11619
78317
68099
41501
37858
80153
40498
4340
87114
39377
9458
68033
50641
18083
44682
23875
94581
43746
21816
49123
34593
110471
119241
65299
32041
52798
123904
87095
16446
97397
12942
87284
84235
22991
94231
93540
105065
81163
110791
105035
73964
79389
29626
38768
8184
116715
76763
39656
118244
69859
26046
67748
30829
46158
38708
72837
10034
24267
118711
123860
96322
65505
79578
113936
104370
103119
94424
42379
65143
54703
71493
70351
63308
24514
52616
79697
5931
105785
21811
64939
50491
26352
116936
12813
94518
86543
92653
24176
93631
42656
20957
42879
2499
99356
95597
104700
92085
41222
83420
2987
55542
40716
62747
44778
107877
57344
1566
36591
16018
42202
40343
59604
98578
60478
15283
103804
9288
28523
79518
58349
105128
88261
100998
45345
123891
17314
121493
67554
1075
1133
46079
101964
35809
28012
76241
73770
50847
12380
70446
94920
2380
40043
20820
111968
28931
9610
64119
87263
28298
67429
38529
48463
55016
62187
827
18871
58667
16384
93416
77730
106802
16922
11352
93409
44828
43514
77712
59199
44626
80072
110990
122579
89008
97856
73024
74067
61652
6505
89599
96649
91294
11865
114539
72929
59824
32556
122173
40204
117144
15876
119951
100417
99479
5013
27001
124349
80507
41898
81331
26027
31568
28860
11422
55954
58528
34400
115858
85615
80282
110938
81436
47517
98921
76093
28583
122033
74735
56739
107993
75079
15532
30881
30136
114121
33514
77651
62144
2611
10845
32886
10218
16049
68975
102515
99697
87740
6209
95103
54673
106431
119943
99744
8022
101464
34029
32017
47347
66294
72344
53973
14032
71743
18896
104049
33258
92505
22617
10020
11876
454
37529
56568
25109
101945
22266
25392
110595
117496
50171
3527
88585
54724
33113
108847
30061
47938
190
28881
67171
59435
67442
7481
95307
4368
87307
4164
28423
45699
79218
46837
31351
27715
103181
31983
61586
91981
120786
54859
26319
91915
23211
5885
62745
92606
107691
80993
81481
20543
53500
37528
39088
116268
16613
52485
59072
100416
11028
92570
86133
41442
38242
77263
62586
63497
82196
42605
27053
43947
37907
98615
105397
29979
22203
120889
17184
91199
119321
72351
17095
23174
26741
100191
168
26617
101275
104030
101890
18935
3745
107471
55911
96204
52749
11587
40720
10512
50474
7313
34561
1412
102229
116734
21231
41602
27873
91635
28620
16017
7574
57017
84768
20426
80356
4831
76337
43658
65216
98819
26903
41645
122439
120834
114852
65092
123482
21406
110049
10700
26548
50657
59323
57152
84926
55945
32857
19932
121960
59477
72775
27100
93154
41171
51852
124624
13806
106176
93284
26718
10191
50747
3857
54276
3084
70422
55039
36315
15234
5975
104407
36603
75154
98941
100682
19649
84262
54419
101486
16735
66444
34215
53064
84700
13404
45371
103831
86768
9839
69827
63485
1277
15814
89543
66757
96338
66624
114484
74623
55226
18812
40832
111917
1249
101342
71830
67981
124980
74326
84435
20027
42917
44621
96574
121188
39188
109844
30495
108625
101313
71102
61796
27803
19701
15731
39782
100952
73597
40742
105622
85936
23596
101779
86925
95947
24536
9654
100675
63295
36282
7242
118209
9490
27739
80102
119421
72498
86381
44352
56206
39721
110734
76961
94237
96027
41306
38078
24923
96288
101953
87918
21415
31584
4199
5986
9258
86653
87917
36954
116515
46581
65334
57476
81239
24941
64585
67978
75794
77072
93358
70133
77380
67293
86886
119355
20111
73611
66532
40541
49862
42423
88793
73646
16202
97676
73296
112669
111861
88430
121035
64154
49234
106729
109002
88325
27400
26845
74066
110968
81590
5077
30307
108875
57769
30399
122369
33675
10590
110342
31896
113706
109258
71106
114986
60990
60740
27583
6232
23531
44019
68634
108249
68519
66038
26771
114549
63365
7675
110406
42127
23304
115021
83880
25279
51497
34016
108257
14806
70875
72465
4224
103714
15102
41938
12356
58062
97926
5292
13526
62422
72477
11387
49109
38419
28427
14272
71790
9336
72863
97332
45496
84211
41066
8646
75905
67500
123014
122530
118523
47250
122331
18537
10282
76992
20872
89699
25424
63643
41140
101090
114702
65051
39643
104021
38401
83049
110459
1827
78992
29661
43229
35388
23862
52313
85830
111399
69041
104101
24532
13371
60437
58985
92275
74201
105919
6042
24744
67278
68562
80201
43740
51236
48026
98372
106238
85443
93040
35994
26117
57124
34534
17485
58714
27160
108941
94625
118969
86302
26686
29605
57744
95118
111095
43618
44047
16523
18988
98315
65543
23787
24437
107890
108832
14931
72988
96526
71254
113425
26037
50160
90913
104452
29816
13202
59799
69047
13620
81623
103434
43333
74052
119281
38099
16011
115336
94357
80486
50795
49783
26348
32008
64054
28425
84806
34293
33752
84834
107308
118178
11451
112085
47840
16715
1255
57429
80218
113057
7047
84855
37933
13136
82312
35997
24285
72166
58189
38035
47105
22307
70228
58363
19376
109033
85496
14128
109498
78342
41205
103391
29072
96166
113201
34181
38869
53524
54178
49477
75594
54736
7182
52844
34604
123739
89277
7899
8228
82287
51676
100765
7207
19871
27101
119167
47708
109629
122467
87092
34804
85961
32047
91480
4647
8888
116024
87214
88137
44672
51644
58691
18216
50872
122983
16253
36432
15657
58741
57085
43569
92386
63941
78680
2992
42923
72651
118264
85738
54580
30877
946
43690
121966
109165
46546
37565
99638
30217
107269
21764
108812
39978
43563
24041
92036
69568
72189
22473
59982
110186
15722
4871
7930
84266
51744
29620
31480
10886
70908
48504
52111
83700
79691
37305
12211
47267
1276
89309
76649
65204
84330
17784
112633
7037
65057
73154
79270
15242
11554
103514
102124
91735
119828
114908
63212
94118
118771
9052
55810
84765
42438
71139
35899
62141
84163
63570
44074
87601
92481
92554
98987
120337
43434
39490
8119
112156
38705
40566
120329
104691
57041
95169
22636
80772
26593
16294
43766
19892
14490
69808
115226
61373
103723
88588
7598
80755
43820
60516
39739
44208
65519
69290
3122
22155
122615
19499
31253
37377
31444
102579
34568
77548
60977
64165
29257
3411
46050
78232
32553
93756
19969
105312
34748
38122
80293
110168
107086
91209
7332
115298
58046
73118
7556
76966
22803
40453
90398
113085
127
47996
41216
74886
83533
1462
32615
88613
40967
86508
109756
113854
64662
4228
19726
64738
105517
32702
3717
18760
25814
38671
2907
18575
14578
117443
84585
110216
74896
90741
10725
7301
88596
26998
47998
19703
110754
98403
48443
21337
53217
42682
20735
100848
23372
95784
112424
72495
69375
102092
62270
59084
94641
39745
118197
93593
58927
70165
104416
60856
61819
9507
108492
124371
115061
25950
63244
46007
64535
116417
92580
93451
33174
30288
103297
30557
6247
73022
77390
31163
32545
85536
38483
3500
97959
119721
76185
53361
105908
55690
98647
118060
88346
38048
43422
101467
21217
62419
69330
8605
84468
69852
84538
60108
55807
72018
48884
99174
46515
49859
94594
21510
55423
94242
37487
19203
32240
36528
18949
73045
69901
103441
124308
45156
25857
62449
29321
50243
43175
65657
77624
74083
94927
52570
34698
52369
16864
87239
910
112292
57045
4311
29930
7600
16651
96673
61781
88467
20406
35369
18249
57199
100980
1014
79375
115950
88980
105680
94838
53573
74135
35502
46742
37349
12362
91150
118764
110505
52001
91044
94408
25946
31821
32163
93511
92145
1325
9676
98399
52353
32712
84317
122666
53785
92925
106043
101888
79522
108400
112572
11715
26977
82744
123078
39064
96774
61784
33853
45932
60483
77881
77023
38497
75063
75391
100596
50822
101235
50139
42430
123959
1273
17193
103883
61208
109653
68418
46334
120338
69023
27538
23552
94351
124374
110947
54655
17597
41614
93972
49369
23845
92841
58771
56433
36225
1615
41197
51610
124583
114486
71918
16566
43484
110974
37428
8950
46294
21555
67922
70936
117127
77040
68181
48058
65043
120410
44845
92873
3460
63104
54168
114105
105446
2941
60124
122087
7014
17860
110648
108662
57027
91412
115779
32898
105694
15630
84961
116416
67222
34616
16073
67890
114414
112315
91157
64095
113119
90995
94211
58151
37647
44057
44311
63303
60055
1163
26513
81912
35810
88904
65849
1126
61733
124303
34129
112226
2422
112410
77886
45476
77148
9598
86497
6080
24556
108628
84462
46298
79200
3583
22877
9262
58540
118587
93355
93374
70052
95573
3474
69161
2847
24805
51704
65777
73372
98077
94551
711
7081
104077
51019
16973
68920
50105
63095
102642
118663
96913
58577
63391
81556
22734
61650
21521
68110
108911
39960
18616
80445
57130
15914
77941
60948
62497
69837
6237
42762
31475
592
16869
72336
93017
35252
113534
74535
89347
18259
22365
14421
93884
28728
73881
28088
69552
86110
45944
7534
40347
78190
38130
84155
110916
124483
112491
75123
44153
76945
97520
50020
7379
68193
13330
97109
92844
11034
40677
108714
73085
124154
4276
111796
117662
106475
27478
81182
52979
20949
106109
21588
44713
116061
59257
38075
100130
122177
40558
51325
18440
88025
121233
101956
78142
69530
21955
36789
61130
26045
71906
50054
32118
60555
23188
107978
20684
39663
106862
42465
115247
94017
53499
70884
19303
38641
45999
86294
43694
70380
111215
112868
80460
41026
70021
10012
46489
33539
117442
20
102227
124955
60039
77600
52199
83492
92224
83964
72058
118822
11746
121908
66759
26976
36685
123939
35629
106661
38653
106896
40259
107079
52243
27270
51856
49755
63919
112006
123976
55674
1648
82632
57264
93722
99074
121342
93026
118735
13333
66255
43492
46858
63958
110780
37832
88688
75724
33644
30439
7674
6498
45359
62252
38618
34448
43025
83881
105222
47979
105459
56931
25948
2104
46359
79899
100438
70360
57531
37314
20646
69992
71656
103176
19776
12283
72908
32634
35031
101996
71482
30709
24263
28305
51213
62125
44960
112645
80506
36689
70166
32650
109073
897
121728
36084
38340
44370
82240
2667
27522
108634
121001
27935
108702
67711
77448
41595
117160
90764
1127
119929
121121
55746
58735
40611
55138
10369
44393
9495
12032
67893
76750
83679
107206
93824
55486
49596
104968
40037
41856
41770
59547
89748
47849
123930
68477
59149
17238
28213
22354
24791
11479
62968
40352
97162
32516
55555
5412
35542
119811
112722
35533
16416
99156
76910
109912
79986
104251
44592
73477
57496
45855
11802
95555
44294
61609
110140
116546
5196
33039
21417
27296
81989
27263
11339
49195
117623
94465
105420
62274
30162
74511
11290
92191
20733
91467
109661
39655
18134
109286
123498
32293
58500
101611
112267
31340
84093
90778
61595
43364
98557
123305
118860
27743
68467
69028
14612
53305
121267
122380
35138
104614
8554
6443
23600
59191
12884
83093
51934
98718
92287
75254
87121
71479
95424
117056
58722
77422
40099
35885
100235
27203
30238
28160
92402
7856
49972
22288
50123
15875
52918
82780
86115
89728
117566
2234
4456
56645
92380
42211
38766
44508
65473
86585
64381
13816
64726
32463
30361
83640
32648
116736
5578
100532
85815
56714
6632
111063
73940
92681
86584
42521
88362
60834
17674
77596
64679
104725
36468
8245
105008
83914
9522
67565
105824
51269
14142
71924
54575
2854
37446
46951
48231
75605
34223
95787
44213
15860
92694
9841
44715
45501
64025
10003
9537
1684
22675
81460
74937
12741
109303
93060
105390
21611
22534
118320
25397
118864
20274
113496
103959
2325
7070
13175
56370
37935
61068
38366
13707
61831
13441
86697
41718
264
29778
68694
74769
13555
39727
89313
41371
40994
90653
3659
4640
6269
115758
48021
38148
17827
21599
73949
46937
64594
39459
96813
8017
18864
31791
40196
43360
79787
14466
91788
80444
42507
19003
99756
4896
41600
121013
493
23488
10149
20993
57081
8148
115474
111003
30680
107549
69804
49076
63086
24701
70706
77116
119460
41336
114653
56449
65513
50177
71417
102443
64155
59131
112266
55440
45896
3671
85695
86010
53466
91219
95944
73533
70573
108045
116253
30924
124099
89908
110698
70035
83112
24879
109782
5275
21884
44284
15048
1984
112396
82972
73742
78168
15504
100494
67020
55363
939
35503
55097
7231
81499
11083
114325
74788
24210
86843
58079
93643
120903
42555
52577
68248
23981
65699
115100
79896
54787
75351
46054
56960
1610
56040
81562
110988
68329
84536
14616
99907
4942
114326
9046
118607
121346
57134
56633
122852
1584
105360
63959
44351
35530
46209
2822
54197
99269
94734
39526
4230
122017
4289
39498
20725
101634
117116
19337
90624
53833
50840
47412
59444
20893
97804
114358
5782
70356
30101
93246
64045
54207
124021
28525
40235
124237
41286
54905
25504
7889
109496
102474
40323
9756
90327
101058
18873
97170
103295
77754
31988
25042
30426
2657
43566
49187
11148
46725
10633
99452
23137
2691
14324
68380
68529
100192
75367
71380
117186
38027
5971
50028
113016
59783
21133
18008
117418
105236
58848
123955
11220
76273
95440
51153
102876
15902
34019
114959
81517
100113
10400
20256
100444
2382
61004
124178
70108
74457
47455
21564
70681
54626
57291
24100
4529
84273
41750
98880
93690
69708
114482
58811
54527
77579
24783
120295
89201
38515
59261
17543
30071
3166
111541
52459
64090
36845
94814
87568
96716
46374
70992
13953
97380
119629
61185
30043
103284
50566
96269
99071
55507
52902
103694
122003
6316
89253
111056
6088
13481
13797
73174
124969
7254
48408
111504
46932
25796
68826
98165
80735
105270
86514
104897
100004
91030
116887
35309
113175
111710
120512
93023
54323
115734
70687
84985
47530
55501
49837
10255
10831
95074
41755
51776
2500
26400
80724
114312
64103
56885
68408
38775
90650
7688
98321
61085
55246
120753
13753
83926
75261
44947
106418
71772
53288
94217
74749
67493
24432
118648
79095
62264
38837
117403
19085
97142
104806
53057
108364
115941
3750
8905
5615
67258
115730
15930
104850
25180
109114
106625
11581
70327
93095
43369
57281
51821
32444
122662
110152
20174
117196
3590
83063
33709
79679
101894
77106
111256
122602
104080
55115
12584
7213
115369
2271
85800
50509
80017
86401
33213
34151
41031
109655
51615
94874
82630
124207
97999
20069
37695
107775
33647
78351
6576
124000
13398
110515
45531
94515
72308
95929
109193
74709
75773
29564
99653
84340
26631
98958
93195
84032
5828
108962
57149
62548
56161
95075
41414
28350
18895
63216
87516
83422
66552
71372
54590
26802
62054
98006
31528
116178
20142
103616
31296
13130
40030
76594
83793
83261
46796
111893
71011
91167
73565
99277
67858
99650
93248
91589
35602
57910
118647
81340
81191
23176
92437
4834
112838
8431
107696
100115
15756
33153
69936
111341
43060
87040
69645
79487
69967
68250
88023
60922
109884
36389
10838
31502
51262
51151
24370
78242
112152
59776
51899
26081
26906
27188
68946
44066
53561
79425
67012
33650
83723
103894
81533
45574
46734
58711
77155
35768
21760
30044
97089
119102
122412
58356
89861
8387
75969
50991
17933
42924
84876
63038
65563
18416
43222
73272
42876
71072
100593
110909
62388
21532
34305
39961
104161
56445
16592
105215
67837
92229
82283
85625
23682
109242
59787
11609
27570
38363
54914
44103
88433
74249
14033
82038
101830
8710
33791
86625
119876
13786
86639
12240
57821
104646
102917
30681
88916
73331
68043
103762
86207
85962
61957
55164
42907
95373
59596
96961
32623
64273
29348
16412
61448
16300
63634
21815
38393
34053
6903
71570
103103
41354
90287
75958
88691
16123
59357
98094
4127
52757
118453
124431
95348
123558
74089
100602
93054
119093
41181
80677
34769
77279
110034
113562
59630
84818
61459
71840
104227
41865
41873
7751
34292
78165
742
17547
52461
11924
57753
80425
110532
73966
119714
115703
111752
99496
46177
98121
110469
95711
10584
24144
80192
54447
87536
48316
118742
21346
106589
76191
52804
78880
14508
14524
76641
42228
2354
54733
56742
74200
124916
116922
97323
39821
76832
86575
74227
105729
62960
109027
26607
82654
52679
59719
121216
32654
19714
4703
51338
31552
40241
95176
40970
86649
21228
53563
35181
20628
57227
64262
108327
68999
72646
66080
10599
77700
71768
42093
61827
14794
1215
46441
66366
71174
117197
108851
73722
83181
93659
36136
112357
85544
86798
62255
33458
37574
96902
19075
98538
83727
117218
61359
89895
38482
104359
26745
44285
58878
50046
13970
96454
60796
56304
93274
88957
115164
120038
86816
112973
53228
16940
18254
41141
70659
75709
72128
60023
8777
26604
5389
55096
46416
21542
83631
88702
36631
14671
115414
51988
54427
51270
9136
85533
87090
68450
44345
81606
54462
65109
60907
98120
63256
7973
75699
50538
82762
80625
58262
41609
102115
54959
75533
7925
108046
14755
35778
63756
22146
16155
107078
7698
60674
8280
4151
28843
92807
78631
118124
123723
41872
100537
4823
88501
44977
27734
30925
4369
83503
66573
71478
2699
28003
45714
92506
46969
104127
68137
42866
10346
9483
124982
46417
15865
12093
86479
66475
74859
119705
99268
43494
105314
29755
26992
99292
73947
50902
104728
37566
92365
105611
37830
89425
79806
43361
113852
116761
80279
73662
102068
6718
119155
71266
107614
51079
56905
39570
66126
5390
106998
84186
15936
37744
100202
57036
104779
64055
33869
16502
110028
34130
115485
81502
105844
97070
75940
113269
107996
33301
3827
91314
87886
32204
98711
115202
67739
4184
104329
19155
124695
45917
32430
67142
57146
111414
36199
49654
91543
12157
88212
64836
96139
15226
25534
65412
113964
61435
81555
98898
1202
92973
20693
106525
104660
35419
110370
123593
69902
22051
51422
94798
122831
60844
120772
16769
102601
57492
91676
30504
8696
75568
28253
108787
39994
39352
39967
99636
3233
65794
26394
99065
11710
45421
71161
112317
36448
95344
39702
105143
59859
71944
46752
104592
2012
58657
85176
122327
96674
6519
2108
101811
106641
22111
23702
36235
39592
73173
48417
108827
65016
117784
22556
33144
90818
100101
1230
72834
99673
82706
193
53359
81785
38338
41454
107793
88067
24838
116506
41736
67214
41745
81250
117822
51882
102027
18229
18248
50998
7833
82087
2251
47343
10096
63807
15018
6261
33094
40400
36494
12915
51561
121310
101145
95934
102131
92018
83946
44361
90805
122273
91033
113049
70068
114960
63417
39982
18300
76024
21833
3719
72460
1849
6824
90178
21589
16337
27323
4038
79435
73263
52427
86563
63980
78488
22503
58174
102005
21539
16767
62739
22103
72516
84688
59837
67879
7847
105882
41217
13505
11099
103994
102100
87316
2829
34312
113924
52603
57067
123911
31487
5841
63440
67078
107837
5787
24114
79745
61861
49471
30780
62401
20279
38850
32759
5868
10042
27396
84031
115792
100626
25179
45240
116977
24342
91996
57502
26253
48995
35390
97920
79415
110937
30799
3689
50150
62892
45931
4950
34809
52741
70642
19949
65904
81766
47044
75259
16042
114106
45773
34595
70110
115062
122743
71911
61911
58015
44569
3662
11538
99862
13762
122488
42112
29679
43279
5136
59902
66657
63905
57226
98462
103036
101565
63487
112171
52293
86331
8330
58249
68833
13003
115742
122030
30213
19424
102689
87161
71057
54059
6015
72108
79063
99520
13040
67995
16406
36301
40523
19348
105282
103071
96648
35080
44219
49624
15623
104791
46499
23509
118812
100567
115617
32603
33597
81670
105795
27586
53229
13397
58182
107441
10975
60377
77011
93747
56889
120074
55921
87464
101091
70720
97030
50131
119850
105227
11797
111018
23934
36704
48488
49428
73383
89521
114270
71473
74673
66760
112064
53019
33764
83011
18502
5318
70180
73379
98408
114218
53646
97666
123427
40015
54999
87145
57312
8453
22241
95065
2060
66422
14741
12943
119675
19800
38468
59211
10551
94100
53864
48561
117773
28644
107599
47466
31079
101858
37924
56242
17955
93951
18097
81083
5751
30781
49788
119656
10165
112497
23860
25940
120650
78732
24015
47450
11890
24831
44500
95180
20329
102129
13326
62752
52837
115938
31503
42991
80081
108766
64441
57387
36641
74263
101613
39537
82698
7960
41983
36994
104487
13223
73456
9484
121026
47218
74824
22628
77152
99427
44241
14987
98309
68173
30543
10884
97672
100875
3427
85836
97424
8232
61218
39024
50291
39484
100239
80076
88910
20395
27429
111524
51581
60892
123154
544
96335
58144
115350
9180
87055
24424
8551
99828
1580
98650
2160
7766
76095
79595
93447
92245
95677
49985
97135
91690
14095
75779
96249
109777
1894
5681
95864
78965
92682
7415
24571
116319
95961
36660
62903
46696
61234
26807
102109
113070
64793
15851
57849
102561
99532
84841
17160
88867
120796
59248
107725
33766
1916
85733
38364
60358
63650
98974
86537
60650
53843
122297
18239
120014
66358
68652
33977
13412
44084
16896
73133
53382
77119
4251
96587
77652
98527
56619
69484
86860
62682
106914
108768
27494
22540
68873
44198
124697
47727
8112
111572
44086
90531
68312
124279
61669
106529
105779
111639
113914
70802
69691
7483
9219
42187
94754
43685
124427
111213
113522
77815
34251
38629
121182
120347
67870
41519
111382
77684
106410
31259
20010
54200
25445
74043
123933
114817
26768
96823
106891
53985
119729
112169
69602
112275
38958
102050
119082
48758
20622
10914
21843
65954
10663
58652
58185
99061
53689
42641
110590
12668
103669
51238
8739
18443
33256
83980
29176
93742
71314
47389
3493
102010
29782
88473
93266
58421
23662
42518
109860
29330
56325
115492
107478
117029
67068
112715
87203
109694
43409
10373
102899
104038
12120
118269
36930
6470
47676
100528
85586
5858
27438
83989
115353
95857
71307
2689
68579
97148
60721
82552
67307
39251
49762
108633
115738
80163
54589
76354
46247
66756
64283
23965
124132
6804
10667
105163
51023
1125
66708
63478
86852
85201
18461
85750
106621
50726
48003
7045
85929
110386
84741
84216
106110
21267
27982
113734
48513
64214
53927
96815
65062
122859
93237
94906
118255
51579
124680
67965
1222
112694
15461
49706
6589
69010
15113
13036
44173
57079
111635
27943
68223
4059
77295
880
81126
20881
39921
119099
111754
37194
80136
11531
118278
89048
57169
111638
38860
106341
119078
70876
3372
25234
42523
41021
57037
15487
63332
56247
16163
20618
98242
82299
109980
68431
76464
9045
90146
60549
8595
20767
24581
96190
30826
87317
10895
69688
12501
92814
110817
116894
89088
24416
51146
52585
55965
25092
123778
2483
77734
13453
99210
49977
20842
75711
34764
27196
17484
93236
94701
87501
7289
10797
19618
87839
9056
47319
21831
34105
103909
115440
65165
80708
39164
46041
44041
107568
37819
65710
108301
121781
39867
59653
13279
114994
101817
97017
5079
79126
23283
11801
53316
114385
63495
22669
21137
59525
30135
65254
116301
26470
78108
72979
59145
65034
114257
29401
46660
23380
55479
93553
68269
24013
122190
114545
105754
113999
48815
56832
102444
27059
50259
102033
20499
31808
21522
21151
22
60269
36694
53929
121078
99698
12388
94326
84610
32138
47565
29777
28902
95158
66718
55029
94507
100016
116850
37242
79042
74397
76
18197
81290
99409
21026
32947
9602
117146
26387
111457
17211
77613
85140
116563
99475
38884
16655
124466
72522
16266
15994
31839
6793
19511
99293
106922
117646
111049
69885
68130
53805
66429
120076
86282
124402
70746
10016
65737
60150
119210
120427
11266
121612
50722
15749
101102
5695
78497
24473
9163
110847
28030
75393
10608
91884
38748
52559
9118
124383
44887
29100
50168
38702
61655
33914
6405
115762
113387
38611
26762
619
5427
49370
90131
95854
67677
24894
30422
77452
118988
4695
59280
120589
89744
84305
12544
80565
116566
31748
78646
106620
108110
102747
17019
19471
124422
46141
46857
35288
432
32153
17276
19135
65949
29241
120021
39248
4880
14302
63283
100069
106720
115096
83729
58178
96340
57475
31932
83849
7260
54695
58156
62213
2640
39393
104182
81236
91247
59951
19717
87187
4191
79830
34934
67198
107519
16993
30669
120102
77769
94919
49353
10023
1049
87233
73879
61645
123173
50718
1028
74056
7807
46254
30227
89191
20254
42308
122807
105970
71979
99040
55909
59688
41860
62843
87677
85972
113939
86202
108360
34394
72293
16511
74459
26331
75303
75532
5043
53257
87861
25696
86591
2436
2340
109203
68356
76108
11716
66715
123887
105730
115155
96201
36324
40356
95379
82503
55972
38947
88478
4417
78846
9175
11977
12062
25084
47149
47133
91842
20695
120119
32842
76570
74574
103745
99189
58908
43755
8946
91716
8786
9847
64960
92016
111722
106437
33101
83155
56787
51688
36176
89254
43031
122937
54477
111820
91487
10851
8247
106974
102797
103552
4339
21995
91166
40324
97341
38782
50697
124997
83968
35061
61982
88810
69372
39803
20096
42322
95035
101049
21568
18472
122458
108978
79608
77605
19064
11237
91353
30371
108214
55261
63333
49334
4149
60878
26939
60259
55257
84779
102007
106761
87860
95696
8874
40110
30973
1845
96038
32931
35946
31933
108009
27069
118736
109136
72492
105007
116626
29622
11836
47954
81661
114128
64383
94483
19130
120072
33061
91602
98197
31465
49495
7104
27896
97517
104463
88723
64789
55014
56733
54359
65196
60366
83324
26864
8529
60734
9600
56528
58270
29440
108777
48331
121995
104503
109146
73242
94876
76975
51507
128
21829
14679
96591
99737
10173
110451
95438
75029
57068
44327
30480
66082
102784
108620
19558
36578
122346
124225
38402
9305
101884
69506
5800
116207
110265
79388
51665
6962
71735
109281
67255
6578
121853
44720
72814
40791
34242
47168
31726
118441
10211
47538
68616
87967
36366
90022
114626
27503
20902
50471
53873
38617
72552
6821
17796
12703
102882
72543
24864
17388
95789
46263
98206
55630
27683
68913
94016
123675
9277
49599
66974
97508
10728
108277
60784
8852
97509
78704
115174
7196
56238
77368
86774
6610
12515
118488
83799
81627
70290
108999
32854
52355
541
11283
119329
59406
81175
6447
106615
83465
108460
10445
114381
120372
38525
12533
64109
60079
10953
27812
60935
76935
14566
102738
75597
99774
83449
13144
71648
51419
60172
43
100104
21688
38864
110479
20444
63986
77628
47958
38380
35482
56850
5107
38712
82804
24833
47375
18075
73064
65712
87637
101518
42561
61916
48773
28587
111357
118975
107751
52649
10916
35085
112952
35856
32203
95085
11742
51964
93107
18562
12009
37847
21857
54524
57089
83370
77755
50695
88818
124832
79138
78357
40547
77565
28392
38465
17290
39189
79762
37193
39865
96726
25065
3610
108802
60435
69775
49286
21560
18219
62953
90842
24380
66035
15066
113592
125
60282
20104
120431
49345
46086
2214
11464
96877
93277
74234
56690
29963
50381
12629
3314
3641
17263
89427
89196
19381
3463
67479
27519
103842
7605
47753
86182
16522
20277
54926
60829
112647
25729
52102
44988
26267
23665
38774
35401
58726
100147
86890
26337
120634
72798
120101
81505
87810
95592
94514
119975
57364
2279
16714
42491
76934
25011
53790
5944
117112
105584
43123
8638
107525
269
2578
35308
93171
118554
17553
67484
28449
53311
11272
81709
58808
54065
25357
116329
73746
29825
63678
12698
4678
124924
104517
15813
1815
5142
108914
53976
25024
111368
51927
98325
8001
21707
35189
55118
100059
106786
84254
29618
23458
6064
52608
81774
688
98216
78685
48606
45993
61869
75428
67998
42760
73930
86628
9421
4012
121558
113497
100061
30158
108329
51402
64021
68317
59710
15727
38550
68586
77519
41845
123304
110656
6072
69687
12164
94154
19212
66811
99984
77501
98772
66528
11080
52196
5454
87294
32620
1922
78208
45193
124369
56778
30467
75729
24594
77983
22872
54696
89967
82040
66305
12755
124600
1335
64221
46385
33383
109772
12012
80810
26065
56549
55008
108679
8142
14764
75174
58782
10754
95321
33175
53721
75244
102592
6673
101020
96984
106842
29955
112303
47163
37075
96861
24234
355
52010
30745
119726
8636
95008
3787
35913
13666
62717
27116
57989
35177
17402
55738
34924
48784
23350
62847
23453
43608
61611
21637
55040
120605
55416
98494
102226
78784
66648
27705
120450
59231
22646
96414
109734
55607
77615
46135
96558
106997
54097
89179
3732
56971
21554
114477
90004
8402
122384
45838
124669
122849
101972
91755
95576
95160
49889
49486
80818
90314
118831
114978
122744
121107
62468
113072
82398
52889
32156
48008
53871
102719
31483
34725
47783
18657
42355
122038
84212
68941
63911
90078
109390
101543
52945
64542
40427
92046
89405
73547
89505
123748
23085
64944
805
77330
102851
90551
16886
109957
45891
79929
914
22022
63869
82865
116005
80921
39932
104989
100352
41240
91986
36331
37481
78655
53518
95724
33204
86219
59116
53614
48817
11182
59541
56946
60503
57034
112520
122342
77184
111301
97866
90523
116174
114284
83335
21142
15228
2786
51341
16214
91659
64422
5694
18863
12124
99825
107702
58018
61750
71130
16600
75450
121761
32757
49358
42388
119015
5762
47743
95550
124261
17094
111038
13258
101004
65676
34324
124560
50110
31864
47856
46293
17769
27185
90686
124238
77894
80512
53644
99958
14385
74094
101816
100337
123586
107842
61630
122459
113758
38537
87798
76213
3332
4133
123824
53979
38881
16095
123371
39572
44309
123859
123505
91335
8760
57486
58172
109441
118053
100243
26398
91670
68188
109514
109457
123941
124141
90035
74294
42036
94216
26004
52385
57064
45708
19157
