2606
8482
3599
6938
1265
1878
4269
7596
9696
7280
8402
1714
3134
5740
6844
916
5611
2194
7844
1879
9523
9383
2345
5942
6886
5638
2599
712
1558
8036
1496
6430
8804
3124
2572
7701
5442
3150
1032
3242
6530
9994
7769
2935
1103
1806
2065
6564
853
4633
8306
4108
8478
1836
8505
27
5073
8064
5454
6201
174
1480
6551
4444
5042
6682
6123
9586
7051
1616
6436
8702
2761
3330
7490
9086
4716
5153
1725
184
7356
391
7834
5903
2499
6159
3369
8848
1960
9440
5234
34
6617
3489
8198
6278
1700
1978
7877
2929
4652
1247
394
3850
5455
6433
3609
5735
3057
5233
1951
5688
7113
694
7380
3370
2881
4862
7711
9650
6343
2231
573
7317
8967
4433
1746
1185
7825
2415
8805
7940
6281
7331
751
3466
9035
617
3603
7168
7638
3107
3016
4102
8901
893
7860
5728
6139
8089
1124
2093
8037
2304
5392
6611
3203
6
1059
1211
3506
4432
180
8255
6934
3478
3184
9216
8592
291
1294
8746
5239
6365
4969
5749
3337
2706
1171
337
6466
3711
6036
6561
4783
4279
6116
5567
806
4261
8109
5993
656
5381
8904
8236
9961
2215
9111
6692
3009
5501
1444
3276
4369
9573
2182
1073
4215
7139
9986
843
9815
3949
3570
5366
4318
1521
5220
6312
1719
6029
5678
1060
7327
2983
7685
5195
5224
3619
9663
5211
5205
7486
6800
1945
1008
8353
7386
5849
7780
7906
5512
6932
8367
5176
286
3490
1851
9269
4011
5787
3826
8920
571
746
9349
8630
1337
886
6594
697
6119
863
5877
8127
8506
6417
4933
7812
2224
110
8628
6456
2402
998
7799
191
8211
4078
2068
2412
8395
9688
8699
1311
5304
5109
8034
6216
8455
9592
2757
784
2086
9460
5848
7658
7986
9721
2946
1638
5373
5468
3998
637
169
4859
5757
8425
8271
2752
820
3430
22
5695
412
9875
2278
5820
6277
1940
955
9187
5610
6871
5354
2395
9846
339
3434
3474
8
1027
3331
9166
9360
8043
2171
5729
7816
8776
8900
9731
3632
8128
2018
5479
2319
4951
1938
6733
8424
404
1160
2921
8936
8828
5684
5114
7787
3545
6711
2044
1418
1348
8919
7601
6605
6776
6592
2309
4436
3865
4760
7081
7169
4290
2792
1992
9138
5150
6968
8594
5996
6623
2686
3040
8258
1034
2174
6034
8876
6527
2457
2424
9757
7127
6445
5683
4354
4027
7022
7981
4916
7131
555
1601
4294
8237
8131
232
1322
5832
4808
1982
9053
68
4194
2052
3454
5170
5446
362
2062
9079
5907
6535
8625
5693
2994
3177
7497
3403
3457
251
6230
2648
6877
9829
1117
4277
547
5900
2622
1979
6270
4601
4965
9605
6556
7509
9778
40
7025
5506
3721
8926
8189
1997
6707
2330
2546
1729
5050
9082
7342
2227
8584
805
7235
9899
5867
5149
4077
3764
1372
4990
9679
48
2256
428
9489
6432
6463
5320
9442
3139
2873
9282
7504
8041
4790
3874
3196
3701
4734
7197
8420
8833
1366
409
8832
3744
9068
392
4723
542
8218
3464
5180
6237
5625
3926
1208
7091
5140
9938
7855
1037
4482
7525
2884
9114
8276
4326
8479
6044
4387
12
3332
6272
3508
8683
7256
7527
5541
625
8741
6294
3568
9631
7429
808
2332
4940
2519
9802
9942
980
4931
3345
1761
3838
6470
7448
6429
9628
431
410
9124
7174
9302
7262
4593
6728
7623
3475
5513
6775
6657
6741
7030
0
1800
1450
3247
4063
4597
7461
1487
7870
3288
8941
6983
540
4666
8167
1642
5256
9784
9699
