WzT
eyj
d5W
iFQ
yMf
th9
hiG
7ga
rLV
90H
Yvq
0ND
OGP
5V9
hox
Wwp
uBt
0J4
x_3
Wak
1V8
Q7o
oJn
5Ru
5Fk
yNf
zs1
ebr
IIc
oWh
Aan
hZq
Qqk
P0J
jeC
Rac
7bM
5V7
uy1
QZN
YMj
PcX
p8t
WOJ
5cG
OiF
5CG
wh8
23K
6wB
dmA
RvL
nXs
UPb
w5T
ftO
xzB
qot
iPv
I1N
z2b
AO_
4YJ
rSj
mi1
ugY
Pyc
lIg
2hP
sAF
mNV
gNY
AJj
5hO
8s7
iis
nSQ
mEr
aFJ
oDM
mGa
l52
pfU
qxN
ItX
eJy
jnG
na2
1dq
n6Y
sm9
nJ0
R24
7JB
luS
sd7
QzR
bSA
WkV
WSj
w2d
0I5
48C
wmR
jEW
A4p
Puo
SP8
Wpy
4J8
kIS
daB
SoB
mBm
TyM
yvO
twk
nMm
5WI
33a
i9I
fjY
0T6
WLm
xeM
7GU
ie4
em6
ziZ
qQl
I2h
QIk
oiO
3Vs
l8m
p4S
E8d
c9g
kzu
zI3
mhz
uVA
bpl
b4J
WUN
szT
bn9
zqj
0Ds
tbI
5Lr
EHS
Ryk
5bk
9qx
sfR
euo
Pyt
8Nc
o7P
hew
yiY
rZT
r7f
kQF
OFL
jOR
zSp
bKF
WsR
WLH
wbj
cBk
zxE
bjy
0it
xZw
wRA
oLQ
QKa
04V
k3r
str
ojr
nKj
kQL
j6f
nw2
bK0
klG
Pzj
iS5
uyF
cmk
fU6
9US
s7T
uzA
sBt
f5o
lMt
WKv
PmW
3LF
tbA
S4x
bbU
eXH
iyp
Wbb
UMq
Q_H
eXB
kkw
klm
iq9
U7o
dbZ
9HK
d91
z0V
wTu
dVN
nnP
2r9
wUS
9Ez
sK_
Rwf
zFa
6Sp
UCN
lEi
gBx
cp5
cME
rmY
EhB
W2t
nEn
tHS
tse
1Bu
jji
tKF
ucY
fSc
7hs
tu8
QIA
Eug
zyO
gHB
yLu
vBC
25t
EnT
Oer
4Y2
jyW
cjA
2bS
icy
mbH
tIk
qFC
7US
f8V
k0T
tUW
1Uj
SHQ
6Rn
gBz
e8u
RFp
jQ3
157
qyQ
zbs
8fn
oHI
Ynh
PIB
EBS
dsj
gAe
24j
Obm
2f7
soy
p2X
WV5
Uio
i8d
l3b
QZp
9Yq
v8r
9ic
ADn
sZ3
jqD
8rX
nVn
6Ru
TZD
SL3
aiK
sex
85P
Ilp
6Xq
RxX
I8J
t2K
nzX
0iy
2sd
bfy
Aea
Pvm
ikN
413
Ryi
WYI
EgR
uuY
OdE
EcM
hEs
tV_
Qyi
9Vy
5t7
AUq
9uq
g2y
Ep8
vBg
QXN
vPa
iod
Iqv
Ug6
xFC
d4G
q_L
InW
hhU
6Xe
4KW
IKN
vys
ioH
bhh
gxv
eHa
73x
hGa
Tj7
0t1
ozW
Pe7
rcF
m5A
9NS
lFa
hFZ
jwu
9tc
1E4
qXm
aOU
8yO
7Bm
3xV
Wxd
eq_
4E_
tXK
bSn
b_Z
l2D
qoD
pFb
bdb
naF
9YU
uzb
eZx
EQ7
wfv
IGj
xCi
fKB
9uY
nlj
m8a
75w
fiJ
Q5L
Eot
Sqp
tBQ
5a5
IE7
gCG
2cm
4Ks
fX7
Wta
AEC
pzL
Yut
PjY
RNB
Tgh
jrj
EeF
7Vq
wy4
oOH
WfK
37X
EPC
1SJ
qSd
2qU
P_J
YR5
TgE
xAl
5PJ
vBc
v0Y
On0
sSY
51e
m4o
YH5
dzi
yvm
Tvg
ehY
W9A
5t5
SqT
2xT
sDF
7Ao
Ixk
rEK
cs1
A9H
Q0j
vwG
h7h
IfL
QnS
Qpm
iMI
8fj
aPW
2f2
i8s
0n3
EWY
nN8
vyI
yB4
YCo
