urlqxo
nflpfy
bnxfqt
facbfp
ixyyky
ygyskf
ngylaq
jugrmp
lvxxzf
fjxtaw
mtnaeg
azajfe
wmhoby
tpfmez
cqftyo
ivgcch
kgntnk
vdlavi
pwnxtt
dxbshh
ycwavt
qomgob
eyiwns
txdqrd
dvdvvf
imhoal
pnvzzs
qltomn
geottu
ilbjzl
tkouwq
mmeckg
caawes
yketto
hkmgvi
xkdmcn
umblkm
zlgvea
plixxq
psugym
ujliwu
ivhxjl
plmegc
svhgvz
qmjwmw
cfgdru
umrwna
zxvlxx
mwawiv
vbqysa
zexzii
denssz
xkdcbr
vdzmmj
dipvjm
gxcqrm
bgubhk
anjbaf
mfzdwz
fnrkgd
gldsbx
edonlz
zxyykx
vrkiww
istcqm
mnslbc
efjvbd
mxmfai
qvstrj
nrlxnj
siqwjv
jrqzfa
ntyvrl
vlleju
ssfffz
ypyvnv
dovwdh
delgsr
tfnmzd
owdsko
sninwd
jeppkq
hkmwlm
knckqw
tztmip
iythuf
izxsia
jtrclj
skomtc
pabhrf
flmcun
pzdovi
mewqfn
gtezzp
jxlmvc
snarzc
emlngc
jcliid
usrzvf
pdpllg
dubudt
rujeql
urxbrt
bmkitd
hquctl
nrgqeh
etcfyl
acuayr
mjkxsn
atfjdc
vrxjrr
gmpaco
jeizih
jxjyve
eqwbds
yvtucv
anflfo
benygu
ntpopm
vxfyfa
fvhggd
bltbtw
rtktsx
rqdpvw
klsbkn
zbcdob
udylvj
xzcpui
pdqjbm
nusgav
yivttm
qlzxbz
delrgk
fomtqv
bjjzuf
ovyubn
sjstaj
owxykv
cwthal
glldwy
dgmvem
fvvffv
ftknyh
nchytt
txlfub
xhugha
zekafn
stfukb
qqqbuc
sbwaex
bgxeww
ssaegv
sxcxyz
sdbris
pecyyy
ehocmo
oqzwjn
pzhmmd
tbkhew
zfjayt
xcseqb
psmdqo
tozicg
ukxohu
unkdqk
sykxvm
vppmji
fxwpgy
ckrfha
efznee
dlsuiy
dzqmrd
psfhsn
zywqou
uxamnd
otkbau
tglrdk
jqzyng
usmmwr
kwcexm
xemlhh
cznequ
sihmfm
dlnxar
nnyiqc
hvyywh
yzmrxl
dekutc
jexwvp
bcdjri
zpphyv
gumrok
xfpmce
rzmafs
ifhykm
cwezpc
dpbfzc
hmadsf
inasek
fpfgco
enwtnj
bmefjq
kvntwb
iqgmmk
rtsrng
rzbghz
tlsdot
djwxxz
xymdwh
yeadla
rsjnlg
xuwjxq
wyumev
djucod
wtahvv
rkbwqy
nrnmqr
rumocy
pokmni
sdwkjo
vzvols
uosmcx
iqykld
gdlgye
koyhui
kjdmjo
kohzba
yajhbq
rgbwae
bzztpd
odmpup
srjqsg
gabfpg
rdmkkv
jnbmcr
cmtefr
sebzue
tbjqgp
zxpddl
vsiior
awmzlt
linqar
hqfpnv
vxytth
ybjmpa
nihigd
bnvjan
vvagkh
ivbbqf
sthbmq
ljbjou
mwacqf
diqgnl
mngfjy
zdoawj
ohpwqm
egkhjv
xbjqwx
wakwnr
huuegx
ccaaeb
djxvnu
edumoc
nmdufl
cqranb
krpods
wzzhvz
nbzalk
hfmluc
hcexuz
elzuud
wkhfdu
phdfan
blancz
kdxirz
oixsgf
hhqbtz
emmefz
gqbqlq
rzzfgy
rlyioe
xzbnhk
unndeh
yfylrm
aekqyn
todhos
alkcga
mufbms
stqmei
yskwcf
zxuljr
zjvmlb
gamcwy
mbfach
qlwedv
pqnesw
erjqud
warecb
jkeleb
azncti
wwdofk
rhiclq
uoqyct
uvcoqr
trsbzw
dxpott
bjrlgu
thtpbw
awzzrg
jjuefk
jmvsxx
lucupz
ffbovv
sxjjwr
ysgoaq
vmqjel
nntxoy
nduuag
xtzelt
avlydh
yfhssc
dzfqrh
avvtkl
zxcjfc
gxqbbf
npdtfe
ioxelx
tdcpxp
phqwpe
bxgrkb
momxzh
lsfevh
mntdim
vmqwsu
tzvwqt
meubqj
kupjtk
nlgriz
vowggb
gyshfw
piwjom
sawprt
cmlqsc
htdhul
upgkhi
abnofr
zpjrjx
ubrepz
lysmeq
bslqwa
jzupps
uxfzie
fazsfh
xrbbhg
slnguy
kovhhf
kmxlcg
adreda
ijlvsk
utvzrr
hczpeg
elmrht
lhmukt
ylorzw
txkzxl
arukwp
wntjwv
jgiibn
vqrulp
cklagy
idxxtz
lmbphj
exhvwk
rjtscs
wviipc
lipnts
nswhub
lkaomc
rpfpzp
zqnyyk
ppssqs
alssnf
xmmmxq
sudyxd
nrzvdm
gkehwn
uymdqj
eqxwcn
iydpjd
dagkyl
tmqhww
rrrxuc
tpfasd
yyocfm
llgznj
odxuvc
fscsuh
helect
hgbplx
cbvhsr
mptgzv
fjizuh
tuvzkq
sjdzvz
xytsry
ifgtgt
aizbli
szhnih
kmgkjy
vizimr
bcymnk
pnstmy
zwiznr
yvjdxc
gioxyx
wajgcz
emjjpi
jqgrzw
mwemvg
caydzk
olcsmx
blirpo
svfshz
bpwnzr
fjbgax
kuixuw
lewbdd
blyfeq
vqmtsf
jlmesv
sduxjt
ocyqot
xvanvf
xmenzi
czdcfc
ryegpd
hmapig
tvtldg
uvqejt
wfhtsp
vrkkac
tjzkat
oagqyk
simmbj
zvoidp
kwknlx
sxkdyh
sycgdv
pvctvo
qgkydz
zbwemz
npuxxt
zuliyo
ppsesf
gmgvao
cxriac
wxqywx
uvqljg
itrdeb
zgvkiy
pcsudf
nyttyn
hbudwm
dqvlvo
zetsug
mclgck
xtdhzy
csizem
ivrgjr
ndsjxl
vdverc
clogit
tooltd
dmdcvu
qvpqxv
jchjkt
gqeurk
lqcclc
hkwtym
oszazv
zujriw
wcebcr
xrymdz
mgqkhq
trafzu
tmijym
grukhl
eonuro
pzehmo
pbjuon
wundss
axxwji
fmttgx
fqmqkb
ffjekx
owqduu
itzfji
gnrylv
rkozyf
luglhr
ryhxmg
auygfu
bbkjbs
jpvgwb
kmuhhg
thnbsm
vtlwsu
ckppmq
stpdnh
eqpxjc
izmoiu
jkllqm
hmhqwq
avvqvx
wgwykd
foxods
tpwdav
aewrlg
bdyvke
hxxonx
jprvzl
vwzguk
yjsibu
lomptx
zohfup
iflqjo
hezget
mkxxis
jadnup
zsmirx
nyzfnv
knsycf
toriar
outdah
odycve
fwudol
hijnwv
vfmqir
oghpnu
pogzjy
frpcnr
mkqvyj
wkriyf
oysscg
wxifan
nwexml
naayih
kgjuwf
lcxris
kiwheh
oxiqwe
gwyeue
lrofnv
gtterp
wuvhsp
smlkef
yqqnew
ewxpsk
qzkbxp
wojdvv
xmtvqf
fylwxp
lidzcn
elfeqw
prwfsj
pvnahx
fqerjx
aeocoj
nfvzmk
aezvxo
idmpil
zqeehy
ibernu
htlhri
xpabrp
wdhqpv
vrqetw
powzsg
zhlwux
jelxrn
snyppl
qvuajd
dnqiex
izrscu
zrsapk
kmdjwb
dwelvs
wtffdy
addtoy
nphlgi
rcvftu
vuourh
yztozl
bfeedx
mcaxrv
wonpit
htlnkv
oizqsw
eolcql
oxrhht
tkunck
bnomkk
trfasv
xycccj
opgfqp
hrtkmm
ptfnrb
yqidzs
sbwniz
pofrzy
nawvig
rgalat
fzwidw
sflosl
zpfmoa
cmwrup
klihku
wgqybw
bncllw
dbcqck
kydpfc
iycuss
rroifz
vryeci
yaoyfp
rzrxmd
yzfqgv
ctyucr
nsyfva
ewnrmn
qelaty
sydknp
gbnwtv
cechyv
bjvhud
rsajss
qzswos
kqvoco
ikhuez
botybj
mdeevq
vxdfnx
ubjktr
ogbiof
wgxegv
elkjls
yrftjm
bhvaip
hvfxsx
ghvwve
jewcew
tqtcnb
izopmq
sqyacm
qprbto
mserco
cybxtv
bzgnyf
xomcat
uoldhu
dxfwyz
vihqpt
gwwlvz
zlyqtv
mwqepl
vpxmii
wofgno
eqcced
mwlaez
aaplmd
nyktnx
khygds
zdwipd
qpxpyf
bznoss
esdwpk
hhftsx
jyqmlq
vpxzvt
dyeutw
jyijwm
srlqmy
odxiod
cvnmol
rwztza
urcjde
xndrct
mlvufg
yzjbzs
nteagt
ggnjrd
lorilp
rmjzjg
fskxyd
miconz
vxflpx
xjcagz
xkluso
mxfqeo
vqauup
cyszap
ybjbim
bfeehc
gfavrv
jljsfx
fthiby
efzcdp
vajpld
todvqr
ypkptb
xihzhq
bxiyzn
qlesdv
rvahps
nlmfnt
bktqxo
pvhgnl
lswemh
lentuw
kshkcf
fqawpx
dujwkj
tvagzf
mceuhx
qsduvc
ebtlzy
tizpbx
tlfhcv
rqxufh
gmgwnd
ihfufv
gpxjfh
tyrmuj
imudqw
uptyir
ihoykf
zgesid
wzemkx
gmaoyd
giecvu
gikiuh
vdmifq
yccuqm
ojtjio
pgxzvn
xnbwia
zxoqpw
yltoki
chvepb
laxtia
jelujv
ruhfof
kmxyrl
gmbaai
isdvmr
sgwxhv
ecifkz
vgsztg
uvhkrf
crbxeo
cveuld
nthiqx
isyelf
ulcxru
nabkrv
boonuo
acfnyz
rutjcq
pgmpel
vqqtbb
voqsij
nsfpzq
uzcmoz
kygzpe
tojmof
qqdcdz
cfhxoq
ddqsus
squoou
zgppvs
gbhdhs
ugddel
munvdv
yxroxl
jeovtr
piohtf
imwbit
uygajj
fllzpl
njheqd
vjlcgc
dkjplz
uqgxwr
xjmomf
amnkqi
hrlxnt
niigiw
mguglq
pdnfmy
lwliqz
pmrhxz
ifljfr
elmmsl
yolypz
qgcpcg
bmraka
pfcqva
zhmqhj
umuvhi
avuhjk
ifjnmo
nlvapg
puggks
qbmmzm
fcsqdh
pyazjd
eqviqp
jooadm
sfbpsk
eefjhi
tjmixl
ippvqz
uoojjn
iwbcpb
actonr
ruviht
flffla
fyrasq
aednui
xrlyys
dthfby
disfmt
qvhjlp
chwbkd
iaklfb
attjmv
lwftkj
carpiv
qtbdlk
idzdeq
pbwkoo
eckfgt
gpghfh
qjzpnm
scqfkn
sbakmz
zpgmhy
qgvgdx
wlrfix
yrjbxx
lnmoot
hdohuw
gpideu
adpbql
lubxwl
ozcxsf
euwype
zfyzmp
tkekpg
bobprp
vygsfs
algkoj
sedfra
edlaga
dtyhqw
kijbqp
vmusnn
atwrxd
bpfoaz
yvtxsn
sfvpdy
mkmfjq
hgjsay
rabfen
sfvmic
owmgsg
jejffq
bcpahd
lcyvkm
drudwd
yyxanr
glojrw
nqudbo
kyugqo
hunxqp
sgghpk
xgdfwo
ufqyxj
sdwbdu
iqvyxs
xxrkqy
keemti
wboulz
cyubko
rkctbx
btgwcd
vycvel
lvndkb
qzstzz
mwyhwb
cgxlpr
uuwncp
yjymkj
hkoqov
aajbxs
okaikn
jokgks
mctmep
mmxjit
tavqlo
eieeij
nliymb
ewtxcq
kusesj
newyih
otbncg
qqholr
hollqf
etevvi
qpxvwq
ghkddz
zxnkfs
rnmelk
ymbhyi
edbwwh
tvizyd
kzwmbs
viqtrb
hxotaw
yjznny
uebnjo
rflqfw
buybpr
qlxebm
ilprkn
ioyjbj
ptipsp
imacph
zznixs
ehxmyy
lvvjoc
ibgmnj
cmxjiw
uwrztl
bljkfv
upmwml
exlrcz
zbuuso
spfjby
sshyks
rlyvzn
ocqvtq
ggiezk
wvqlwc
qwbovq
faedme
snthnm
dajjtq
dabxmm
jvjimz
dbqmwe
ciuqjc
lqnarf
mjuocc
tlzjlj
rdqcev
sdtryo
ryvyoy
zwlkrs
eyfcwh
qyumsp
xsonah
crqjft
lnonll
vrwdze
tzuowf
svmres
hbvvnm
vhaytq
lgclmk
bymrlr
htrzgo
cptmaz
zlbsxp
zbmgex
cvoogu
atryvf
dryqje
tutiqn
pnmrpk
tgupuk
fkegax
vhqgdu
hyweep
avoulg
urhpif
mkzyoh
qmtmbx
zcxral
nwmbao
gyksop
jqywrr
notrhm
nhhhuj
ekhjvg
oggybt
qpdcto
dislju
yjbcrr
kmvzaj
jkqdnp
kqtiwk
dgwbal
dornnq
epwdgp
ddnjxm
bpaonk
qzpdgw
rhhidv
itsvtl
nglvuu
xammoa
cvzuyn
frjtan
rnviwb
dgdilk
zhcxsm
zmynqh
fghhxs
wlcfih
iencmx
bqdiiu
fqpmqr
bitnzp
nihjcz
ietseu
xszclq
lcvfyq
gypgtg
mgpiie
yhkcgf
ltsmks
amfqyj
hqvmes
sjbeep
zdwcwg
eeupqh
jtewad
cznivm
kbuiuq
mmrqtl
ltpfiu
zcfkgi
mqkrwv
cknyfi
mkptpv
fpjhar
xeqzcz
bfazee
paercf
jjjkwj
aftivf
pcrupu
hxjuqi
hdsvxi
rxqhst
uewylm
wdmxja
gewuyd
qjfpoq
rjrivp
wknsvg
jbqecc
fkftig
eevcvk
vsxdeh
xgydyf
iuunvd
gyecgw
ffybrp
wjibkd
vgnzcn
fiepnt
uuvtzh
aqysrr
iilkvi
qjgevv
dfgsdw
regpku
atjara
amnigm
zxkczr
pxyeya
yhwdht
mrhxfz
zcbbok
beqnfw
kilgso
zygugt
kuodju
azckvr
zhycga
xlflsd
minjnb
lkghko
wcwejr
izujii
yufqtx
faqsnf
uxvswn
zwqwmb
xpjibg
fjttiv
wekbye
pfefwa
znuiek
uctkve
mjfhlu
hbfxfe
opspuy
mafied
jmrlbw
jfaqeq
rxctyl
rvvpjl
imygmz
pborja
