compactors
documements
carriable
avpack
ambrym
gorgonaceous
curiosum
girardin
ethered
breny
bongos
desmognathae
corporal
ceruleite
cordax
begowned
dzukish
gangel
astrild
avignon
appraiser
capernaum
auguta
buehlmann
cacozeal
furfural
cartist
angra
adcon
dangerous
clary
evict
burying
coprolagnist
eudiagnostic
caroline
decoloration
aptyalism
diastrophe
abiogenesis
guileful
aldehydase
epistrophe
dunjawa
gabi
caricaturing
appoggiatura
baya
bleachery
absconce
altering
chemotropic
atmospheres
babingtonite
aftershocks
chephirah
englobement
abstentions
floriscope
anhalouidine
arctic
bolden
elumba
flarp
accurateness
gemawa
guiseppi
cvtfg
college
coreveler
fiexecuted
hallmoot
cursers
dustclouds
geotical
alarbus
covotary
bellware
antimarian
cattin
batory
drinking
amamoto
chalk
bassoonists
cheatsheet
bicarbs
elcampo
eteoneus
alexine
eega
aonach
boysranch
estatesman
demolish
avantcoureur
axluslay
alangium
desalted
cicuta
contrary
fromkis
dalm
decade
fohat
bitnic
gayly
bryttan
covid
ensiled
americans
exothecium
enlightened
fukarel
fumed
arli
congregates
contloll
budkin
fucation
aztecotanoan
desistance
chehuta
charger
awes
galoisian
dibbs
decompoundly
algist
charmel
arpola
dimission
endu
choroiditis
chamomilla
dunking
colory
bagata
bilaterally
hairlines
drifton
befallen
halochromy
courtyard
gustaw
bertoldo
balander
demsa
berberine
futile
cricker
backups
graphomotor
fined
czychun
aforehand
foehns
adenoidal
aggrandizes
delbrouck
dickersonrun
contaced
cadmean
flyleaf
cinder
berret
faceharden
fungate
acceptest
abilo
daris
fadeless
chelubai
crustacea
coltrin
guideboard
eucharistize
folkfree
cdwizard
bouiok
chestertown
almanack
boodler
chongil
feria
divorced
evading
brunkhorst
fonnie
angiocarpic
