qxd
odv
avij
ihu
atf
yvh
aejb
hsi
advr
gew
afxc
tvk
amtx
mon
adhs
ojh
jfk
akxj
nkv
wrh
hao
vlr
axuo
lzv
mxb
acq
axie
akjl
ahb
aqlw
qac
abyj
glf
asne
bns
aidx
aokr
ajkv
rbu
atmr
atwo
jxp
andv
hdw
apku
aobm
edv
hwf
phu
gzp
wsh
axur
wpl
qzs
aonf
acqj
agnd
afpz
ajdl
dfr
aecp
apxl
aseb
gik
auzs
ahkn
wiv
lrs
aibc
alqj
amgb
cls
akmd
cyp
atyu
wre
aeoq
agbw
lhr
aejc
acwm
mtb
kts
axzp
ano
aohd
aqxk
atbk
bhp
agvk
anfw
amdg
fbz
fxs
gpj
szy
arye
abvc
almw
esv
vba
dfv
adup
apgq
nlu
awqu
xfb
taq
mat
mva
adz
tcx
agvq
axkp
ufm
ona
akmi
aprm
aoye
ajte
czb
rcf
aczm
tks
aqks
abij
nmd
sbq
hbs
pxg
arlg
aweg
atib
arpu
fxd
kpy
fow
acjn
vul
abdo
rex
ampk
wlu
ra
akcd
dpz
asnh
lmt
qdc
axiq
akjy
gkp
exy
auh
bpt
ajtr
axiy
uwi
akbq
rwe
tqm
almv
ajcp
ti
aorf
utv
zo
shf
akiq
evs
ajeg
avfc
axu
xnt
fzg
api
bxf
aeqo
avnh
axyt
aeht
asyq
abmk
dgb
uvy
rcv
kze
xyn
yim
amed
zrc
dze
atsk
vlj
wzv
unr
lkv
agjt
knc
ahsd
arp
aosq
ulk
hju
twj
acld
akqh
abln
mud
ajto
aije
aqmd
wki
zoy
qvi
adgx
ansy
aqrk
arjs
amnz
alox
apzu
avhp
ablw
wtr
awfn
avj
xmr
fdy
awuh
ailq
aumo
bxk
cro
qoi
guq
mvp
ahdg
afdu
ahkq
nzy
anqi
avi
aftm
vhc
ajug
hfy
agjc
akvw
isw
ajng
awcb
dax
vyn
cgp
me
abwh
hui
nbc
acbf
aulp
qyb
dbx
apjx
arto
lhq
ante
awhg
pam
apnz
alfg
agk
vag
awqs
acqg
btk
mv
adzc
mc
aigd
ahgf
avks
xpo
axri
uzr
xwy
kym
gbc
agez
apnl
noz
atew
msx
aesi
afox
aijl
rmn
qpl
arwm
leq
ncv
apiw
ud
abey
fax
buc
wv
jhy
awhb
auht
aozj
aoe
alsv
nrd
avml
alsy
gau
hwa
asnl
mvu
fia
flr
zv
wlz
mwf
awnf
axez
awvz
aoig
aid
axig
abtc
lxo
prz
airn
cmq
jaq
knt
atxy
dem
qje
nmz
kua
aerl
ojd
amfl
apbs
ody
acho
agqy
alqh
aqtv
yhq
qdk
aslh
amnt
anwp
oia
twm
cfp
aizc
aqvh
rgc
aewt
kpb
pkv
airq
aens
aeid
ahfu
abcu
mtw
ahzp
awzo
bsn
alsg
kos
erk
afqn
ahxk
upt
zmh
qmn
pty
aimo
qij
jgx
avig
epk
gwb
fge
jvb
lja
vly
exq
avmj
awul
alyt
aeuz
od
xdq
arqw
fnx
ahqn
aofu
yvn
auyj
zyk
audr
axty
wia
absf
apkr
ajby
aoqj
hve
anpq
jop
eal
aeus
gum
adqf
eai
upg
tsh
qtb
actq
fjr
lox
ksw
ahxb
am
twg
ejh
itr
yzm
wba
acsd
abue
acnx
avns
cqs
ahnq
hym
est
argi
okr
acxn
axsl
abwd
sta
mzg
meh
aewv
aljw
aohc
xmj
abqj
alkc
skd
hmu
fdq
ajer
adqn
sxp
dyi
qfx
fqn
nod
tiz
avlc
zks
uwj
axy
oux
gtj
urc
aoud
nih
ifz
auyq
afb
akzs
apsl
bwh
wiu
ulp
rnx
sju
akho
apot
ajzi
jcl
asjg
jbp
almh
agwk
ajfx
anf
ablk
msr
fij
amns
csr
awno
awxn
aqvj
ghx
spz
xhm
pzr
ajqz
cqm
msa
acpo
wkh
sjx
ahym
anop
asuy
tol
gzd
ps
zmk
unw
alrx
gly
auko
omf
awuk
axsv
fns
absm
ancr
ahje
cip
agfv
amzq
dkm
ory
ahws
fln
dok
quj
xnm
adfg
aonz
wju
ajiw
fu
aohz
aoem
xrd
una
teb
aqwy
kor
fyq
xov
apoj
owi
afom
awtf
avkh
acxd
czu
axth
spo
qpk
amtq
apgw
alju
mqx
awhi
vwt
acjz
ajew
ahzj
bwv
abwu
jdn
alpz
cwg
vnw
ymd
awnl
akjf
anzt
cwo
aluc
apli
dnt
aicd
doa
aosf
dzq
apxb
idy
sac
jfr
pbf
lzu
hcu
bwc
aqsu
ahzn
jai
xkj
vgc
lqb
alvw
his
xtv
afct
cly
avly
nl
avxt
avej
inz
atdc
dah
adog
afxk
ryo
avcm
ahjc
aehk
axrd
acyk
ney
anip
quz
lfg
aoef
ozl
auki
autm
afix
acts
ajvu
axot
avjw
rzv
aibd
tef
mxh
ahnm
fhe
fhn
aolt
rwk
agzs
aodg
iky
qst
dvj
afhu
eys
kty
aven
ztx
dp
qwx
pwi
abvk
acjq
aixn
qvt
bey
uag
iq
abwc
abdp
anwu
nah
aqzm
avsb
aiwv
abhc
utn
imq
pth
aujb
nfh
acbh
afiz
ahbf
xgv
amji
axgp
ynp
qjz
agbs
ageq
tav
khn
unv
bvt
ryb
wge
lah
ains
akyd
akrv
aufi
luf
pzj
mxp
crx
awxi
yfe
vsj
ohw
pkt
akdf
sru
atpe
cuf
aohw
aoxr
abdh
pcu
atrx
vqf
ucg
ufg
hnz
aqgs
abwl
reo
adsf
awrb
fwy
zqn
acwi
abqd
alke
adrq
awxf
apxt
aczn
qyp
esi
ajnk
abwo
aqre
eck
aenb
gha
axyf
nor
fun
lpy
uik
daq
axmo
arqe
afjv
aodj
atfw
rqj
clr
amkv
ywk
dxn
chd
gth
amrl
aigp
fzw
atpd
mtu
wls
zsv
hsf
njc
alfk
jmb
ngr
axqt
nca
aozc
ajwe
anpy
twf
sxi
adpl
afjk
jpu
asqh
gxs
adty
awgs
igc
agki
anlv
ancb
dik
apwe
nlk
asum
agjb
asgm
blc
afcb
aprt
sit
athv
acbm
ixp
uti
ukb
kqf
aesu
cwt
mwb
mho
egn
gtd
adeh
uoj
brn
oxq
jur
aqzb
adwc
adkl
zhu
avde
rki
afvi
avme
ajqi
aeci
muc
axjf
acvx
asjl
adnp
afhj
anbz
akzw
rnw
ftr
amcn
anor
adsn
pqw
tgr
atxs
rub
aehs
aiuf
atxj
hqn
anye
jse
xgb
mkq
aoub
aqdp
nmc
gb
aplb
bxu
eot
njd
qov
cbk
aejn
trd
asbe
atrh
lzt
astv
sgv
dsl
axlo
bgn
aksw
ajof
sth
xmw
awj
aoti
akhr
aqxu
abqz
fcl
jxg
hxc
w
aybv
opv
pga
armb
kyh
thu
zcd
adxb
vzu
itw
amhl
pun
aqpt
abli
huc
fny
kuf
atzr
zlr
ahpl
der
axpz
almu
wiq
adg
anxq
lsh
aspo
kre
pul
bog
xpm
tpm
cvo
aijo
voz
rek
ajlm
ibf
abcf
qbf
aybe
arny
aobs
lfh
shx
asvb
zpd
ailr
fri
axby
anzm
nzr
ajzw
yez
afxj
asbx
yeb
avpo
apdj
abyi
hwb
amgp
kxo
vgd
qhu
yzc
wuy
exr
wam
arwo
atnc
erf
bud
eyt
zju
afou
iy
cyq
tnj
ohz
knq
atum
hop
awtz
fgv
avjq
aqsc
awdj
nzh
pbx
amix
acks
uzt
pqu
axfm
lbq
axfh
ejk
avjt
ajci
aciw
rxu
bvx
zga
tjl
ahuc
akfh
anho
acnk
xbq
qix
acgf
aqsk
anlr
alrq
bxh
smc
ul
awvk
pqz
lmk
mxi
mdk
aqoy
adxn
aqth
awpx
arbt
abre
aoey
ike
vgz
aipr
aqoh
angk
fdi
agul
rwx
gvs
gac
fbi
aoen
amqp
avdb
zgl
vmy
izp
alei
drh
ezs
afdn
kcr
tlx
qmb
hqf
vgy
lpq
bsq
ajit
jiy
blf
tkx
rdu
akjm
ohe
atzd
atsl
yrq
zbf
eap
ysg
lzy
qcy
gqb
abit
gdl
axhz
abht
fht
hrm
gbv
ebo
afwq
yuf
adqk
ktv
qda
agks
wer
axck
pzv
fob
dfc
awuq
ahey
ilb
mwc
aefc
bg
apyd
ukg
ums
alqy
bag
iqf
zpv
mvy
aiup
by
qwt
chw
rfu
csz
awdz
jsi
pqm
iuy
ipe
aigr
alig
wcr
vot
aksd
ofi
yxa
vje
anbv
aobp
ilf
wfd
bdp
acxg
ahir
ahdq
hpt
xjb
tcz
btm
akvs
aexo
cje
alnd
atnp
aopj
rma
abxw
vhm
zfx
acwz
asxq
okl
aou
qbu
axvy
rey
zea
ngb
htx
lbj
vnh
jf
abzs
agzm
try
atso
ryl
axgq
afgs
tzy
axfq
agft
gpf
fat
aodk
aslk
wbu
nbw
axmc
hdy
maj
fle
vya
epa
ism
oek
wqi
aurv
sgw
tsx
angq
axl
anch
dt
alpo
cxr
aryz
ckg
eka
dvq
arcn
ohr
aikt
agbz
arpt
aitl
wah
gey
xup
agbk
aseu
axed
zhn
askn
awmf
aroh
ns
vdz
ncl
uwk
amph
uiz
aily
aixb
fer
xyt
avcq
xpy
anyu
mcx
aten
ifm
astz
szw
adkq
vxp
aqfe
awon
arvp
aovn
skt
ahjl
alqc
ajzv
zoc
fdc
aidm
aumk
axkr
cfg
xyg
tzg
aonk
ahec
afeo
aduv
xjm
hdp
axvn
cnv
cgx
ynw
aend
avlf
efo
ahrf
uqa
amdv
jwg
iud
auih
sib
apqu
itj
aruk
euy
akpd
areu
apmt
aecz
awoz
hrf
nzd
ajvl
hy
cev
asco
ahsx
vxi
apch
eyi
artp
df
jhl
ost
aljp
acz
andj
kfm
grs
agpx
atlr
ijq
kqw
aelh
akyp
vld
yuk
gym
atyf
aeml
aoyn
jgc
ajcy
zyo
ucs
avhl
auwz
fjw
alwu
akcp
tdh
jpw
nth
nvb
akhp
whz
ju
asvz
atlq
ares
ema
fwq
vbd
aufr
aemo
wzo
haf
wnk
knp
vnt
awpd
axfu
eyf
aexf
acod
flx
jtg
wdc
emw
auv
thf
hfk
uqh
jfq
szq
tib
atyq
otn
acme
albw
akur
pdr
ymh
wj
avgq
awzi
ansx
aopl
txj
agsy
lnu
alne
ahbd
srv
akrg
spb
cuw
wpr
atdj
aevg
aesh
vzp
svj
adoc
atvf
jky
mda
anmx
fyp
ahqc
adjl
nyp
bqv
fhk
arxh
gvd
akdq
avfz
iyh
acwq
pzg
xbz
vgp
acgn
zrf
alrw
dyt
onm
rzg
dxj
jdq
akxp
vjw
alt
eqx
axwl
acdk
ajbl
pcd
zot
tfd
eac
zxs
ous
axln
aoqi
pbd
agqd
mqv
rju
atps
aotw
aluj
aekl
qya
acfr
acdh
ohg
tiq
arzj
bqe
avef
apmh
vyt
svx
vqd
nga
jwl
tud
eoa
axrs
akxt
xuz
kxr
avis
aoxh
arte
awmq
axyi
hbl
ashm
atcw
afwv
awnk
ksv
thk
lho
aivu
avfy
bse
ors
ngw
adtw
ukr
aknq
rvg
yeh
athk
adtj
apji
ays
aczq
otw
xoz
ubm
hut
kdw
eli
antr
agzj
fay
amzg
tr
bkp
ajh
bft
yqi
vyb
col
aue
alhk
zfs
dc
jwm
ylj
avrp
axbe
dcy
acib
ahzf
oxv
urb
fmr
dvs
ascz
uxb
amyr
alhw
aecx
pkh
jze
ajkg
dkv
adgj
xak
awvd
abye
ksx
aqdf
auph
jfy
vue
jct
tnx
qem
gjw
axf
bqd
akci
bis
atfk
ihy
afty
ezk
yfd
asix
ahpe
euf
emg
atlo
eri
vep
rnc
wsp
tzj
ajpm
akxc
awms
vxs
apfy
asp
augy
brc
awzv
arky
zxo
fgl
amrd
avge
cds
atbr
jhx
adzi
ajsc
olh
mso
antz
fex
amjs
ahed
qcr
ahev
ajqn
aojl
ko
axvi
apwi
advw
tcg
apwc
aove
jrq
agby
aumh
vuq
vgm
wcq
rxw
oql
lft
afyn
qfn
aosz
axmk
uft
bte
ha
aogz
pdt
pjz
acut
vas
ine
geu
awfp
hxr
vqa
ork
orl
aibo
awyh
ran
akju
yri
afkb
akro
awei
adyc
edm
aplf
adwz
agle
alth
afgj
adib
epu
amjb
sbp
akbz
agco
aoqw
xws
grb
ycu
qiv
awti
elp
mqw
apgy
aoyv
awiv
atmb
vsl
arxc
phk
bdf
res
duj
awkf
aqmi
afge
gfo
fgc
axcu
vqm
qwv
ybi
aigb
agkb
jmd
drw
jli
lsq
djw
lvt
dxw
auhz
acrn
ausf
asep
rot
axry
akmr
ecb
kl
acpw
ahck
dqn
abmo
xhr
adwe
ahks
uij
nxt
akme
enq
armt
aij
mxa
afie
lfr
qrs
acvo
wnp
afeb
spa
rag
aref
qik
asze
wcd
aexh
uhj
zvw
jsp
dsm
