114005
74533
79985
22595
17943
10318
5761
75043
106440
9467
110494
49575
98239
2703
114247
36154
8719
2804
19159
81054
92372
31677
76780
59097
27159
124455
94433
93294
118014
6462
15157
110163
67595
53598
109869
107089
56917
13370
121248
30962
64162
42445
5355
17410
79419
79747
83992
94226
87827
67598
62403
109850
122128
47944
22176
11286
92013
123676
74443
10438
44836
13829
25546
18988
27576
123728
55073
83806
47547
5903
115989
97258
99892
120419
37764
8082
106800
78374
43830
106245
33741
89676
118156
80463
90143
12239
58649
68182
35339
63072
24469
111485
60365
36753
75935
42356
70691
68100
81881
31490
15243
112927
70953
72181
7387
9645
49952
83809
21499
109142
29776
90614
59541
26429
381
70295
32331
94025
101544
51568
63342
8777
49110
68466
102698
97727
67475
43228
79839
15160
14549
80007
27073
25097
14435
48510
73236
94395
61432
35456
56542
9462
74895
82686
1536
2999
84558
106712
110026
93886
70970
95391
120861
42724
67180
76885
47444
115626
25381
37046
116392
46213
113189
9527
3624
114178
69331
46539
57634
106215
45823
77870
71334
47134
71248
116516
118497
40366
51097
7226
105617
71742
33969
30906
87924
35583
2456
54410
52045
124510
118050
28190
47101
43405
9486
107075
66037
35942
92311
24817
41525
8933
47490
107163
7892
83796
4566
30150
41439
29106
65280
22866
60814
28941
50164
100969
107534
40106
101384
78872
43387
79329
101831
62118
53374
104990
41257
81086
121835
79634
30660
79181
59993
106061
106116
66538
51968
83808
77983
9433
21288
84149
119136
72893
6584
78613
22185
33958
16204
553
25739
15967
120170
34215
113657
121876
38619
90481
39289
47973
5933
30122
60326
3545
54226
10921
119410
43407
48044
112398
61288
78949
2285
100762
79815
40245
123527
3667
31899
41600
46067
53673
114128
29466
97882
52837
10037
70342
39792
115372
35099
27864
91078
121360
50696
28728
72452
33557
36876
122160
123232
23786
97317
43222
19750
43362
17790
65600
34046
51064
20951
57859
102077
48970
53360
75582
30539
5322
123111
10823
57358
21802
14233
123054
69180
26782
45933
6731
69080
71391
74991
105006
14720
118032
10743
89576
39520
83146
18693
1982
39459
86186
67670
97452
35849
99807
62406
54960
21407
62625
46250
75071
75889
14653
67906
44221
108011
117447
19397
85191
66418
47917
46921
61969
2300
80028
57164
58786
117641
7003
117173
92740
737
97361
111707
35034
65746
71778
41081
22983
43281
106542
100339
74196
83978
73246
44391
119776
88252
118408
5466
53609
109254
89604
73525
10403
12117
11403
114536
24801
103816
4109
90181
59070
76880
96500
11883
40950
28238
100412
71774
48751
121387
107148
124078
21116
64037
15695
99758
3313
61026
33550
123216
37392
8403
92693
123250
70324
12421
52715
59205
111845
38783
65122
101942
11558
84907
67098
42183
15210
83674
101896
61480
32919
82642
37348
45598
75565
31845
65301
14160
9756
37519
41375
69939
93285
118305
23753
19197
120941
102573
30073
3900
115015
82022
118639
70051
54908
18288
37014
62607
86581
99060
38574
41189
71770
88197
109524
83934
92512
32132
71330
119219
91003
81290
49634
26970
50687
47536
51277
114067
90272
12248
41607
6382
42812
63837
24708
99799
88989
95200
28578
107064
68720
21851
76658
68746
83052
120928
82961
42397
46083
25770
37135
124774
91144
8315
31378
5954
115247
52560
63360
31060
41464
91723
10114
123710
64502
1322
110042
82101
121179
51901
117120
54201
15279
24315
5853
63437
76897
34991
35571
6558
104159
5740
84360
77734
6720
82162
121878
113075
52894
20787
64754
3574
17638
116114
88069
93522
59518
67924
114156
100236
42357
87162
27515
69904
108977
43573
108051
122190
23277
117515
37100
109411
59276
111800
34345
123787
61485
114664
60579
73324
12569
77620
83446
65449
52852
1695
57838
122529
54309
94251
75154
60750
8118
34282
52958
14111
113757
44911
31406
97242
59078
33593
98791
87383
123936
36229
65134
14466
24413
21
6661
82109
104520
3409
70248
68078
85848
9843
35265
103200
95569
105713
92110
124201
18142
65840
25079
74704
118503
96465
90423
55084
51626
111839
63210
51933
28266
22501
40297
119789
27447
82596
38257
50940
14492
123594
26873
73611
15534
121723
59345
7276
106675
5107
70191
89346
122380
89759
122335
46063
34540
42932
109506
85434
22438
59397
69594
100684
38734
95732
110356
23575
81739
100075
49153
74127
105038
58450
122144
119688
17970
33517
60697
114356
120373
63823
68370
53485
56159
111079
62393
56652
16000
12837
79540
55994
118803
32249
70981
73056
72144
67663
29276
63090
177
77703
102240
101902
80450
51079
82897
32684
79283
53980
108835
53886
98199
52698
26501
97597
97956
69898
61639
3294
69964
58602
71097
1581
64568
69199
50909
46417
124803
91739
50303
94039
115215
44720
96723
42574
67359
775
21782
70371
102853
25124
53486
24999
71875
100312
70311
114883
17821
101112
90675
32686
79877
48181
58678
3994
62749
64347
9262
80757
53478
62342
96902
114408
106573
44267
123037
117751
101601
27175
7084
99814
109504
64809
77691
27293
74690
41198
78323
49419
106665
877
27340
