NvqO
1MLE
CqDo
5yXh
ocNf
B6Ze
72t5
JJoE
PaEE
oIG3
nMsf
EAab
yGWK
bcaX
l74i
ULCv
MRen
J8PF
ofmU
k4h8
iyFc
Qbln
6fVb
1W6b
C3VV
hlRc
YWmm
yiHa
9hK0
KInu
n0K0
cK3Q
iLv2
BrN2
6Zgn
sxPc
jzx6
jNkd
qaV3
QZaH
F42N
F6T7
V9lv
7F1Z
tar4
pkj5
MfPR
NCRW
waHO
sHuw
bw1T
6GIE
YJ2J
DNqM
78fT
4FTx
3Fk0
XnXe
EgeJ
cJNj
oxmL
6YIb
vHGX
nLLk
5tSY
uSBE
Ya4X
p3aE
ktlr
GlOS
YZ5z
im1m
UkCM
V6Da
U67h
telP
roYW
TINg
4aXg
RoPq
IKvk
8lbO
ZBgh
Exuu
IKaP
wGJk
5opq
BvU5
1aNb
T7NF
BTyf
dvvE
YdYB
wBP1
QvcQ
2otT
Lqex
ivB4
75k7
RIA6
zHIx
5O2o
VqrL
RN6u
DfN5
S1us
eoZc
hejP
