CJNQ
ADTG
AIMZ
CCXM
CZWJ
CKCB
ANGV
AXME
AHWX
BYFV
CEOP
ASWO
CMBL
CWZV
CVCC
CXYI
ATWT
BJHX
ACHC
BKFF
ABNG
CLGB
BWJO
BIVT
DAGK
AAUC
ABMK
AYJK
BKDV
AZXS
CBXE
ANJH
BMMM
AFMQ
CAET
CFZP
CCOY
BAUG
CBQO
DIOO
DBVG
AKTG
DDDJ
BJDQ
AORO
CHHC
BDAL
AZOC
AFMT
ARLJ
BTRD
DATV
CPKH
BYVZ
AMWN
CPEW
AZJS
ACTG
ABBB
DKRW
APSU
ABIM
AVVO
ALMR
AEIR
BJHP
BTPG
CZYI
BDYB
AZVR
BEBS
AVVA
DATW
AKJI
AQQP
APAQ
BWSI
AKLF
AHKR
ABPX
BWHI
AEJB
AVHB
CCJT
BRQW
AKTO
ASCW
APMC
BGIM
CRGC
BPCE
CQCK
DKEP
DHOH
ALKW
CTBX
CUJS
CZKK
CBHT
AMKG
CFNA
BXMV
BJMC
BBAT
DKFJ
DCEX
BXQV
ATBJ
BLSN
AWND
DCJL
CBGF
BHTA
CSTO
CWMP
CTON
AVFP
AHNE
CTUO
BBSR
BJIS
BFUP
CYBG
CIJM
CAYE
BGGI
CPFN
DJEN
AQSQ
CNPE
BEDK
COLS
CDJU
AFZI
CZCH
BVJW
BSHX
ACEM
CIFM
ALVC
AGWO
ASQP
AGEP
BWLP
ALRR
BQJE
DFZJ
BGIN
BIRX
CKFV
BEEX
AJFN
AXUX
CBDT
BUFE
BAFP
BBCR
AKLE
ACQJ
AKFY
DJJZ
BGKX
DGQK
AEAS
ATBQ
BETI
BOXN
ASRV
APSP
DCCE
AFAJ
AXPJ
BGSZ
CZMQ
CMIP
CNXU
BUDZ
BVYQ
AVAF
BHWT
BOGB
AZPV
BCNQ
ALFY
AACI
ABVW
DASA
DKRF
BROR
DKPP
DBXT
BRCI
AJJT
BRLL
AJEE
COKY
CGJW
CZZY
CDTY
AORE
DHDD
BDQY
BYBR
BHKS
DBOS
DCCY
AXMD
CTEF
CSYU
DANF
CUHX
AQTE
CXRK
ACFJ
BAMD
AAZT
BRIW
COJJ
CXIS
CKPP
CPFU
CVPS
BPEE
BWYA
CIEC
ACJC
ARKF
BHBJ
BJML
ASOG
COLZ
CTBC
BEHJ
DDNT
CPWF
AAZL
BSCP
CTHE
CBMX
DIVV
BXEY
CDEV
AAGD
AZCH
BAJN
CAMU
BXVU
BJGW
DGGT
AVOC
CHWN
ADAH
CYXA
DHKD
CPFZ
AJBA
ANER
CUEH
BKPK
DKBT
DAZW
AACM
BZWD
AFRD
DHTE
DBFI
AWQP
DAKU
CWST
DDYV
CSOE
BWIO
BMXO
CLQO
AWJM
AHTZ
BWWN
DIZJ
CXRL
DBDL
DEAB
CJAY
ASGQ
BXMG
ATJG
BXRM
CXUA
CPZG
AZNS
ALCU
DFBM
AKAI
BHMO
ANRN
CYBI
AGVP
CIMQ
BYEJ
ASXH
BRXN
DBQL
DBSR
BIQY
ALCZ
BNHQ
BBUX
BCMM
CCMH
CPIQ
AUWL
CIAS
DEGF
CACA
CLVX
BWUI
CACY
AOHX
CEQP
BINF
AHUN
BQXZ
BSIV
AGTX
CMFL
BQXG
AJYF
DEVB
CYLW
ANFE
CAIB
BCCL
DAWC
AWRG
CSUS
BHJA
CGQB
AHMT
CKLD
BOMK
DJKM
CPRI
DJNF
CXPO
BORZ
CRZZ
BHJC
COOG
CDAG
COBC
AINK
CLWD
AJMH
AKIU
AWXE
CPMB
BVGQ
BLBP
CKVG
COOH
BXOU
ANYI
BCIY
AFZP
APCV
DCOD
BBPB
DJJH
CIRC
COQQ
DGXO
CXZQ
CPGJ
BDGC
BNWV
BHBB
CSYY
BQEL
ABHP
DGQI
COUD
ATGC
BMGJ
AYVT
BDWA
DEQG
COVL
AXYG
CEBJ
CQHE
AHVV
AFVV
BYHS
BWYZ
CMEX
AOGU
CFNW
CXAT
CUYJ
BCOP
BRAA
CPFE
DHPJ
CVRZ
AGZB
AMCX
CEVP
BNSG
BHGI
AKZE
CSTZ
AZAR
AQTT
AEUR
ALRZ
CRUP
BLQS
CSIF
CXWO
APMR
BSCT
BFSU
AGRP
CVVA
BNXL
BBUA
DCEV
DJBH
AQTC
CBPB
CAUP
BSAK
CWEW
DDUP
BUVE
BUJE
BFZO
DKOU
CEAK
BBYS
AHUQ
DGZH
AUCH
ADVR
CRLE
DIIV
BQHQ
CNOZ
AZAJ
AJNN
AWPS
APWU
BXPE
AAHF
CWDS
CUVU
CLRR
DELQ
CMPJ
CRGR
AWDJ
CVUS
AUTJ
CMHV
BJCS
BXVB
BABN
AHSA
CZBR
CQIN
DBGH
BSMS
CIXX
BFSW
ALSX
AETE
AERF
DBPO
BCEW
CWOR
AWXO
BIFP
CBIH
CBUJ
CACE
CCTY
CKCW
BSRV
DGAM
AZHF
CAOR
CHTE
CYSB
CMQL
APYP
CQOA
BLCP
CFAU
CPKP
BMLF
AQWP
CCPL
DIMH
AENH
CINT
BJXC
BBNG
BISN
CCZI
CIAH
CRSC
BLOS
AZEM
CYMW
DHSK
BLFV
ASEZ
CILJ
BPFM
DHEH
BOMV
CJMX
BLIU
CDQE
AOCB
BIRK
AINO
ALWB
BFDJ
BJDA
CWDB
CMDE
AYIV
BUFJ
AVYM
ATCY
CKNK
AAKG
BXJU
DDNN
AZVG
DFMS
AZUT
DJBD
BSRX
CYBS
AYPK
ATDU
DEFK
BUBM
AFRI
ARWJ
CJMH
DEJY
CCNR
AXPP
ACML
AGHE
COWG
CSML
AYVB
BZYF
CXQQ
BHRV
BKPL
BBID
DHJC
DEKB
CSGU
AETX
CRSY
DAWL
CPCS
CWYD
BLAB
ATHM
DCMT
CMZX
CNAY
BGCG
AYAM
CNPN
DCDK
BTJF
BRZA
CRVF
BKXZ
CPUO
BVTT
AGDA
CSZW
AJUB
AYBN
CGCU
CDQF
CBNN
BIXG
ANHU
DBME
BHQK
AHRD
AAEE
CYZR
ASHU
COUP
AQXH
CYZY
AYRE
CYZG
AQBE
BKUI
CSMA
AIQI
ARXS
BBUB
CWLV
CLSR
ACBJ
CWEU
BPNC
CRNU
CONX
BKWL
CXWG
AVRF
BZLV
AQZH
BHAZ
DAGR
BQYV
BVHZ
CVWY
AXLK
CDWK
BKBV
CCOF
BREC
COMY
BKZK
BNKA
BMMU
AFJD
BPSA
BQFM
ATXG
BTVM
BFIP
AGZF
CZJC
BPPI
BVTM
AZDV
BMGN
BSYC
AYUG
AZKE
ABVJ
BTED
BUQO
AHMG
AMWL
AVBN
BLFJ
ARIB
AEUP
CZPW
CWOQ
CDPL
CGZP
CEJX
BIWY
AICX
BOWM
AYXL
CIKK
CZTH
CCJN
BGMZ
AFEO
AUWV
BADZ
DJDS
DCER
BCOW
BOGL
DBUT
AWFY
CXNV
BIKB
CMFP
BDMD
APKV
CENN
BBXV
DEEN
CDTR
DBYC
ALJX
DETU
CWHZ
BDNH
BKNF
AZPO
ATIJ
AWWA
BYCO
BHSD
CRTG
BVGB
DFFB
CTCV
BHTK
DKLE
AYPD
CGXU
BNDA
CPRK
BRJB
CFYV
CKST
BNHP
ADNY
BMMN
DDVT
CMNT
ASAA
CTBF
BYLS
BRNI
AYRF
CFCZ
AFVU
AHZI
ABEY
ANRC
BQDJ
BSZD
BQTJ
AABN
BWLW
BYFM
DCYJ
BUAO
CYOR
CXQE
BSYN
ALEB
DITZ
CCWU
AGCE
AUGR
AFFX
AIBA
BSYO
DHBC
BZMK
APNP
BCSA
AQIB
BGQT
DEHQ
AGPR
AGRH
ADPR
AQPW
CBSZ
CKWI
DHIN
CDCF
CGSL
BLPF
BVAT
BUSD
BNMJ
CXSH
CHYD
CLXC
BANH
CAWB
APFN
AXHF
BZRL
CNYR
CPHN
ARFR
CECQ
BMJN
AFLD
AUJY
CXRN
AAZX
CBNP
DEHM
CYNH
CDMD
CSXL
DDZZ
AIHZ
CEUC
