371
72
1
71
402
156
25
16
406
426
117
85
178
59
122
352
42
336
414
370
112
320
140
328
359
56
457
11
167
98
157
172
405
423
355
458
63
356
378
135
387
454
141
316
51
125
337
100
130
77
351
372
160
169
173
86
102
126
164
455
456
144
9
87
391
21
81
148
412
428
377
80
99
443
313
415
438
106
340
367
46
96
152
444
366
76
75
168
73
448
6
342
364
88
110
97
413
332
95
175
108
161
155
319
133
15
93
151
171
184
43
396
410
66
325
369
136
384
407
421
119
180
104
318
335
90
393
312
363
401
418
307
374
388
394
176
181
115
303
417
131
105
49
147
183
187
24
327
326
344
159
383
373
435
425
3
