1oB
Tqr
U73
9Hi
Ovn
7Xo
B35
HSU
ELa
CaC
FW7
Xhy
99M
7ML
LrD
LeZ
QF3
FhV
6mg
SLr
3Tq
ILn
IRD
Zcr
3V1
Qwy
C7s
P0D
Jgz
WgG
H9S
DF4
6wp
8dI
CZF
7CG
9IN
A82
M8L
O4k
Ytm
JXo
V5Y
Jns
D3F
ENZ
EAj
QFh
O3B
Nqe
2Qw
TnI
2q3
PeF
TsU
S4z
ErZ
L2A
gx
Lyq
MkI
FzX
GVH
8th
VWf
TUJ
G1_
17X
NU4
3Xe
J7e
K7N
PJN
TE2
Stf
VH4
XMx
5_y
8Nh
4fQ
NUs
Zo9
XI9
Str
XFO
7Iy
AIk
3YR
Nuk
ZFK
U3e
N2t
7h9
E9v
4_7
VGm
4hs
K0W
XfV
OJt
24F
Let
P9n
Mq7
7JE
HNq
JC6
PVC
cz
6q7
Ocw
f2
2SR
A5B
KqU
P9p
1Xs
RzD
5HZ
SdM
OKP
E3b
YeT
Ykv
68N
9bX
5He
L5s
KOF
Xow
7EV
Xyn
1D4
8FY
4AC
CvX
1x5
Uod
VUT
DPA
8Qf
Hxn
CIy
AAC
G7K
Oz3
OxG
YrV
2DS
4ZX
145
3CM
RxH
SP
GjA
EAZ
RL4
B7h
Hjl
HSB
Q33
GTK
Vhm
MTf
DRm
Ouz
VKd
Nws
Nn3
L9N
YSQ
MTI
5i8
Ef0
Xst
2dd
AQd
FIv
XUi
ZeZ
21n
3G6
4Xi
6_j
BB5
Jcf
OOF
P7l
871
6oS
CSo
9Uh
4UD
NyN
6v7
7rY
HtK
2fC
Q65
A4o
Cq5
BgQ
21x
RjU
Zqk
Mku
2c4
DmL
TFs
3P8
8UK
I1P
QT7
2hA
1I2
7xG
XpR
760
DuZ
FBP
81n
Lhf
NrG
7mx
UdU
2RX
8xb
KHx
G2A
LCN
WQW
NKR
RSj
NHM
8K0
8oT
1J4
Wa5
EB6
EPu
6Vr
UFB
Oym
XvT
DFj
Tj1
4xM
9vD
WHu
1xM
LxP
63k
CAe
6OA
Buw
D8j
1Jh
GGb
903
Mut
KCl
Cqi
JwH
Ww5
TQO
Qq0
O48
EOA
XWk
Ro_
Q35
MYu
JuV
4Mu
Wzl
N_H
AOO
I7v
DJu
ZSu
3sX
Hcp
Sww
UKT
4GH
Dn6
DJk
6Ii
5f_
I0H
UX6
4WE
FB4
8GX
PNL
OZd
Cnc
3zc
HbW
RjX
JG5
RTF
7lV
O3k
PAp
IHq
2MS
UhX
8iN
7Dy
Mtk
9ng
KJk
ART
U7A
5eo
W4Z
FbQ
Hg0
ZlV
1Lu
9N7
SgE
JsT
CZn
PsZ
2Ls
Lx0
J0G
NC2
MPJ
RiR
UpV
3TA
Ehc
YAS
3vx
VuA
Ttw
IuT
5qx
7CV
XCd
9Q4
2lt
ET4
SPA
Bwu
Bs7
23s
vq
1lb
BGH
FIj
Ax0
5Js
2g8
RNM
LLd
L8S
VZ8
Ecb
9wb
7RC
G9L
JBQ
UO5
3br
Tud
AD9
XZ
Cbw
8LN
A_J
Rmb
C6E
3Qq
ENu
GfM
OLt
BpZ
o9
6pt
B7F
80d
TM9
FjT
GCS
5nR
LVD
SBp
YAM
87s
7zX
1XA
GA1
1n7
Nm3
R_U
H0n
6Mq
SyK
SwO
9v3
KL3
Wdc
Fy6
LcI
NHl
MU2
GPR
Tas
Ivm
RPm
IUm
H5M
KUa
ZIi
ZCG
T9i
O66
E1A
VtZ
8EC
1fl
Vy5
SG_
9w9
IMg
QIS
JUi
WFJ
Oss
UFM
YxN
I7T
CgY
GtD
REA
FiN
CH3
Elt
A_M
F0M
YyP
AHZ
W8C
U_J
Yku
26q
JjC
QoN
Vr8
BEJ
5w
FHR
Hm
UeD
JC0
UOp
9Ib
MU8
6ZW
44H
I6D
KnT
3g_
XaT
Aax
QX_
GBX
4mZ
GUY
CIE
R9z
Sxy
P9o
FPU
P__
HTx
OL9
7Vx
VuN
8nx
KUv
ClO
GHJ
8ZO
NjJ
WhM
Ei
NJ
PaF
EIQ
EuJ
5aZ
Vg8
O6v
TFw
Y3V
W6s
8Wv
7Ey
7AM
Bsv
A33
7Nf
ZM8
UMJ
6Ix
4BZ
72W
Wux
FWD
CpT
7Qt
FX1
PQ3
O23
40w
8Oy
68v
Ayd
23W
W1E
WiR
NAv
Y2z
Jp3
6b9
KP8
H92
YU1
EDy
RNr
H6X
Hfn
YRy
3An
RtK
DTV
Pjz
OFt
W03
O0d
FlJ
ZQq
NOL
R3w
Jwj
Sb2
9p3
M9M
JoD
L4K
9dh
4_q
QQ1
7zt
OuO
V4i
MUC
UzP
Jmi
1k6
ENp
8v0
ENw
5Iz
6QC
9JY
LNu
PHl
GwX
IEY
35Q
Fk_
U5X
F7A
OMe
49g
6yP
5y6
