99466
18392
43712
66848
89463
90904
69910
28334
52453
75512
38609
9452
50464
24783
39719
41148
90295
8146
32733
34810
14941
19040
41585
34182
27454
68368
78156
29696
34891
32018
40235
52693
95819
79751
64911
93818
71832
28448
7111
41136
93311
17838
98799
51809
88724
14401
33468
18414
85779
38539
25000
10915
71404
91216
39226
37076
10709
34485
31114
82096
43622
83212
14079
733
44400
77271
59189
80419
88713
96890
59609
14847
38247
4514
23895
8714
88075
25002
85130
22985
51442
62768
65790
62938
96264
25913
1892
62968
64337
46537
13845
13537
590
46277
