64727
54832
53748
50109
7541
9999
34785
62560
48922
1137
41223
7404
65808
4202
11530
35649
18887
57766
22136
39206
10817
33777
51290
31689
8501
60334
4328
64659
59030
58616
25700
12431
35272
37817
51759
17281
6357
25191
28529
49011
34140
36510
42645
68115
67957
2121
7269
10544
10715
1866
14733
60109
8425
7851
53694
57262
2611
68373
36598
11805
15904
64771
9043
67670
29203
60570
8878
26021
29589
25164
11590
55334
45989
4022
20875
12845
51906
11401
14094
7537
44905
44313
47878
65001
9649
12888
36355
38904
30687
20997
66890
25727
44688
23354
53183
23464
64488
54385
18283
57355
49708
15920
31213
39208
46932
25739
18296
32799
40526
29242
57376
64373
900
21721
37220
21644
14435
57400
16530
33127
46501
456
67943
51064
9989
28007
32495
2325
21807
17479
9428
14717
64354
27746
67286
28964
46763
62259
41226
55205
60276
2918
68113
38980
3485
56372
6888
19064
36241
38937
43550
38819
49923
59890
67717
69626
32333
63392
7936
2856
54570
55807
26188
30886
20328
2713
2580
4127
3119
31285
12332
66178
21929
7654
61621
1036
29009
69042
14360
17369
14994
46884
66876
58010
23364
39522
13281
41456
5502
44442
33789
41626
9701
24109
54482
57602
28281
32171
11969
42187
58292
24305
51860
35716
16651
54918
60938
45950
43056
