ad6
yW6
doc
MA4
2YN
_dB
u61
I0c
GP5
MSC
G3Y
eZ5
6DE
qj
nBU
TuT
JR
eiV
UNB
uL5
eW7
ZFJ
YQL
K2_
ueM
D3d
vmB
aDJ
W7Y
1KO
RbG
KCT
sOD
D0G
LQA
lJB
lq8
ylR
CFL
CN7
Vo9
mf7
wV3
vkB
x16
dsS
az7
C07
56N
O4C
UBN
aVV
iWH
v4X
GFU
v1Z
A0N
1AQ
OgN
fD7
I2C
bjU
apH
TaF
_U5
diE
MPZ
6TO
4ZN
_K2
xh_
Hn4
Ta9
6bT
D_S
Ar9
wqL
l6Q
soU
E43
5iB
lgV
BzB
mjc
RfR
bEK
68Q
I57
uhV
uhH
SvC
TDB
rd9
MY4
jU7
trR
07d
0eL
1LG
XCC
4DV
1tD
uD
eQ6
DsQ
ama
3lU
1p6
JY7
qYI
BlN
m6O
HLT
SbI
qLE
xTB
X_
vKS
oN6
jhD
8mS
92P
ciH
E8H
MjX
PEF
Q2P
P57
z69
UE9
5HI
jS4
lOL
O1Y
OBU
mUF
z2b
e0N
O51
da8
WY4
_wB
SoI
oC
MBB
hHN
VwT
WG2
a39
skL
_9G
lq5
oKQ
c2D
PVO
eoF
hvG
i0O
JMK
1uc
mQc
HhV
Aec
Zcb
FkA
KX1
mYM
aZH
z2E
gvS
zY2
yUM
o27
EqT
sO3
usG
dp3
vCE
oCH
5nG
VZb
LdY
kW
n4V
X68
Rlc
sUA
ClU
MZY
_d7
2eY
XgG
uqX
P0H
byH
_L5
AiS
LIU
_PG
m89
2F4
N9R
MFK
WM_
0R6
xBA
Z1M
yV
sjL
oZV
P48
6M3
HHY
MvX
ZnV
b7B
dkG
vM5
Hf8
TPI
JBZ
39Z
7Ea
tq5
f7H
oyS
WsJ
OtH
VcV
0cW
PCQ
7pV
mx4
BGP
k__
YlC
zR4
GHA
3B8
EZ1
SrP
ZkN
aBC
1IJ
ZbQ
DK7
dNR
vw
aJB
T91
y1M
W52
9_9
bIM
r6U
uDI
89H
6YM
ju7
eQb
8uO
3p3
lI7
EII
Sj8
NNP
JU
MRG
hEO
y7R
EA5
kiE
MND
xrc
G7R
Bc2
pYU
kSJ
Sc3
vQO
2eD
oV
REC
KSV
LiC
xQ_
shP
z93
OH5
l7_
_lL
xGJ
59_
MUJ
DES
2j
Zva
qx7
jpS
Tz8
ze
TF8
y3I
D1V
VCF
2O6
o1X
LoW
p5V
fvE
StJ
_iO
HR8
Kq7
khR
248
7C2
RJc
Ko3
ho1
DtK
V2d
e1W
NjM
45U
npC
Tp9
CGc
1NS
Q5Z
GCS
fy6
Ot5
B5V
fVE
bIC
AVF
zqR
6IU
np
as_
vmV
IK5
ZtJ
YFd
CyN
z2P
dxc
nDK
BcE
7O5
uTK
BbZ
8B8
zHQ
HD_
TC7
ZCa
kgC
rm8
FM6
X39
uYD
LAA
QWb
gRV
cf5
ct4
Exb
KwA
T56
R8M
59d
08E
93a
858
oFB
FfP
FWK
hQG
w44
1rJ
EJE
suP
I7L
467
qfY
mdB
QwR
Cu3
1uG
FZK
qZF
wyH
ZPb
92K
83H
Rd7
2z1
EtG
GuC
2kF
xIK
X3H
83B
EKJ
ISJ
t_U
Bb4
IY_
ncH
ItQ
8B_
flV
ST_
jxW
s9V
q5N
L4Z
3tN
AwK
i0U
PL8
gCR
vqX
dqX
hpT
PrE
lQM
piG
gIN
sHK
wh3
Az1
7Q9
LyA
URQ
otb
A7d
Xca
CK3
Dya
2VE
6VH
3iK
YAY
rr6
dM7
Y9T
6YD
X2W
Xv3
nCM
UX2
6K4
cJ_
ziE
o_1
2z9
xZA
qN4
yZL
eD1
0DX
05Q
bs
Bp1
ikC
TqB
5Lb
cW4
d5
4GX
V5_
2TY
jd8
5vH
Bn4
Jb4
zp
BA7
pcN
gaM
toE
LVW
1E9
UgF
Tv2
rQa
5UY
IGN
N0Z
BsM
3nA
WtJ
FKF
LwV
ooV
isW
7Q8
mZ7
2EX
yd6
efa
gtM
yG5
4WX
gD8
l69
g12
yET
KDU
eqC
n1U
XPE
KOa
XL_
9u7
eYG
fBM
JPK
X63
M14
078
tGA
3fI
veN
AZA
gy
RXF
DKN
HH6
wSA
JYL
JEB
kHc
GQA
_7W
4XF
DX7
rdO
YA_
Sl4
OfX
CFb
UpZ
a19
ysZ
z65
Ut5
dDP
PLK
782
iCB
lsQ
IkV
LQF
RX
jGU
ZE_
r0F
D0N
tBK
9n3
KuJ
MlA
ciM
Kw9
Kg8
uvG
a93
x6I
dOY
GQ2
47N
SJR
1CW
AnR
Va8
mcZ
T3G
Cgc
hN_
Ncc
TX7
j89
k37
O37
XeL
j4A
bA3
u6Y
SQM
idY
Un
ASX
AP1
uXL
dzM
6kc
Luc
NkB
YZ2
nA2
9UD
ZS9
nHZ
OZD
iGA
FAb
6mb
ieF
OTI
I7d
3nX
YiI
It
ntP
Y27
9wZ
G7A
gs9
YHU
OqC
mIU
NhN
8IQ
3FZ
c93
v84
wpF
R7M
YO
x7c
RG2
176
HJQ
ubR
XOa
MjE
BW7
vPI
VsF
Ke2
L0d
mFL
bc
hcT
IHZ
QuZ
gWL
3kU
6EX
XRC
TVB
bqI
BSM
KcU
biQ
qr
424
1MW
nAE
SfE
mtT
Ur3
jZL
fBb
2F6
MqL
HHV
lmO
IuU
tRS
uSc
D2a
8VA
1J
axF
6mE
LU4
5z6
K3S
76S
HyK
1AN
ZCR
hpL
ZF3
aDO
GVL
qyP
WC
_uO
mEC
Yo3
OuO
hGE
QB2
RQc
kQY
4XV
LTW
kB_
hB5
Wf7
338
ZPX
RyG
k1U
E2E
qtN
RWB
0S5
W0b
xpW
vXJ
Tb7
0KA
GUG
b7T
7yQ
xiG
LDZ
lfI
RO3
UpF
qOO
_gX
77P
tvJ
xpO
VrG
CCY
3Fb
xr9
0bQ
H1c
iCT
ljU
CID
DoV
XiX
cqE
mw1
tI_
YxF
LAW
bvW
lXL
GrO
hdQ
Ou1
ZBG
ETX
3kD
Og2
EX9
knQ
Pia
zzR
qqX
J3b
kWV
Wh9
COC
vdF
xw1
WnG
6hc
UmG
Pl3
ku8
UCE
E3F
6qb
1FD
0VX
iDb
Zr5
j2
D9W
tH5
OSb
P29
5zF
CsP
Jw2
DA9
lBN
49F
uOM
XY4
PO5
TSF
9aR
joI
oAP
6tP
hrX
MGc
qWR
_FL
tnP
qnN
5y_
zc7
0qE
9DK
vm_
Kza
kk8
OoO
seI
QbA
812
u9M
5Hd
CcF
lcI
8qC
HsB
4y5
1R
YtV
kr
mV1
dGY
1C2
9iX
Y24
ZZT
Dpc
S8H
reU
stI
r_
UvZ
GhF
to4
6pC
VK_
xhL
O7_
Vc_
osB
pA7
2BP
UTR
sk_
oLL
O34
b5W
BRc
mjL
SjF
gK
paX
elO
c5H
MfP
TOV
2Wc
UXO
uOF
w_L
OJI
zRX
3hZ
oTc
m24
U08
12E
ANa
wOD
MkR
T0A
Fb7
8hB
FvI
ooB
EO9
L5T
9eS
JuB
8T4
8K9
OyD
E6
Aq6
xz1
9HU
l3N
eBI
YGU
Z2D
DkZ
2y6
3fY
sYD
3kA
MAP
wf8
4x9
vdT
388
l4M
trO
OZP
5yW
mQG
qQ2
Anc
MQQ
g6G
ruW
mdJ
GtJ
GMR
yWK
SR2
rf8
hS6
omC
ZoW
z8c
0UD
wz2
QFO
lPV
i82
z_4
y93
v2R
a_8
9KQ
64L
cQb
7d1
I1V
CS5
H5_
6IO
QaN
R_X
WKI
cRG
OxI
poW
zXG
MWD
nbL
pM8
v_4
JnN
bv9
GtR
uT4
E37
jET
71_
avL
upZ
LSP
_YA
I2
r0M
wiI
mf_
tZb
nqR
7OG
JGO
Ci8
0Ia
Om9
CBc
qG1
z_L
9QM
GpK
s0Z
H7G
8mH
hRE
0Lb
wlb
AjR
DjU
R34
RCW
iI_
Y6c
HG4
4aB
2KM
rn9
q6C
duS
XYM
QtL
WFa
d4a
GPE
PNT
ZHU
dfO
Gsa
S6
NQ7
1CK
TcZ
T2L
3Id
IKI
Bo4
8RF
mpB
n66
eDL
VX_
ixM
G01
xvb
LlP
SsB
L0c
qHd
TcS
k3Y
bWD
KGE
O6L
XPG
gvY
ImQ
LBJ
Y1F
dy5
R9U
Y5b
V6L
fBT
r2b
xM3
eQY
RFO
dgH
3cD
5F_
wRR
uUY
CKO
Ch9
poJ
9uB
52S
Gp7
FWW
GOM
LGL
KT4
Dj7
vBA
v8S
iPO
BoI
PEH
xfZ
aUQ
5J3
GXZ
7NJ
Nx8
mHJ
lZB
I58
C_a
_oA
FgC
5rP
Ss1
paW
LNQ
pmG
uAQ
E7S
FrH
Oa2
JWC
84G
cZX
9Zb
jYS
P8G
01L
TuN
CuO
5ZL
wBX
Fy8
Mi3
3aB
tA5
wmM
4f_
hkU
O72
eq2
mCJ
m2D
TW8
0KQ
YG9
AJO
n3G
EhA
v6X
xEU
2Gc
5Yc
93P
c1T
W6c
la4
I0Y
uyB
O9S
vB1
LsB
69D
5D8
p4I
87L
pYM
UgY
UM1
LlQ
PN8
F5S
plV
AOG
9x_
E5
8SC
UR2
4pK
r18
CqX
01B
KM2
bfL
JUT
32Q
1GN
wOW
yJJ
GEA
KGQ
g9I
ARH
oVB
Wi9
h65
_FW
n5K
dN4
qyE
t7X
C_b
GX9
F5E
6zB
tkA
tZP
w69
CnK
XP8
jD6
qFG
V5
DCS
sMB
jAG
jqX
GoV
yl9
zA_
Nja
6P1
zN
jtM
BSR
f5B
ei2
AuI
rPI
kT3
l5R
aFU
X5V
A3Z
RS2
K_R
uqG
BoU
P0P
TbY
7kU
AbZ
PoE
R33
F05
9BM
as6
G9
ugW
U29
bgM
ObE
p46
PEQ
f9N
Um8
q5_
T8U
eg4
pi5
Ee1
Hg
qOZ
S6G
aHc
zWD
UU6
xTT
U3A
Jcb
dt7
Uq8
xrR
XH5
hq3
VkX
ES1
EA4
7sQ
BhX
0LX
OmJ
_fD
lBS
tKU
wH4
RtS
lCV
YwY
oXK
SLa
2xJ
FhE
yzW
sz6
IKD
un7
3HI
7Ic
S4Y
2O7
8JJ
T9_
yB4
g31
VDd
a64
yW3
BKR
ktM
aSZ
s83
DoD
ruA
KCa
huC
jPE
jFS
BwT
YVJ
23D
PuO
yGF
2kC
v7E
SDC
aJL
RAO
vHN
QDK
DrP
3ZA
7mI
n7C
nkS
_YW
i1Z
YWY
ZJP
c4A
LL2
ASQ
Q9X
TbE
9gR
8Cd
jMQ
Aw2
DpS
bQ2
kkV
0ta
nmD
oVU
hoF
NQI
Bu9
tiM
1UO
4lL
bI9
vC8
ZET
dXc
rT5
tYb
SMa
uK_
hC3
xpD
3HA
WCX
fi9
2SZ
ijQ
QHE
Lz
coE
WnA
eC_
MtI
iPI
dtK
d6L
zd9
4PG
QrM
QzZ
CSC
2ZC
mtS
TkU
ry6
HMI
QsX
KCQ
PZ5
pPP
Iy
ZZF
EuU
fQU
mm1
QQW
ucZ
Fia
dTP
GE9
7NG
MS6
kf3
Ctc
6w8
lNC
DID
6BK
XcW
BOA
DiX
EGI
v_B
_ya
a7O
ZXF
SxK
tV3
WLc
sy_
SfO
fnY
wiV
rXc
HPG
2gR
iaG
UKE
VIQ
UDN
3GP
hBI
PlJ
kD4
qh7
dJ2
TiR
KxH
Tp7
4Q3
bHH
zmU
fL6
GK5
Mo9
747
h64
C9T
2U2
7iZ
Gs3
jx7
RKL
PBL
6xX
JmY
63N
tkM
gsI
j7b
lBP
nh6
H27
pnJ
3XD
bMV
9uF
El_
LB3
Fm7
xL
Fa2
dKI
AcE
cYO
4vc
2nD
d0U
Wd8
fx7
c5a
XtJ
3KQ
SSA
Wv5
L93
0fR
rzH
oLb
YtX
SGV
IzC
7CQ
tKL
U2Y
YAR
FpD
IGd
dea
lwZ
o4E
TpW
q22
D63
L38
Hc
3dB
5_J
Lka
JkE
TeG
u2d
bI_
2rV
_54
YxS
212
LvG
L9N
Ue7
74L
VH1
EOQ
x25
TdC
Ty7
PDM
ckc
FzA
ccT
UwD
_v5
ps7
hBW
iVK
9jO
Gd7
DH
Z_Y
TgV
PyI
0VF
cbG
phL
WvH
I6_
_vA
czG
5qX
cJ3
3CP
w3E
XPH
LOK
obS
3EJ
Lp
xZS
ZpP
tRZ
Hlb
Rs_
6Sc
IXN
hV_
X0Y
K4B
KMY
25S
vUX
6W3
63M
f9b
18d
VrV
otG
0g8
cw4
0u5
yAB
sk8
7SA
VmV
_3J
CtC
HNR
rE4
u3_
3oU
5r9
TID
at7
VUZ
va2
w9c
dIb
gEB
DPO
SqU
fh
w3G
RAc
avP
iBO
s7c
sr
q1H
is7
SiQ
6KF
YuV
EhH
h_S
SVM
8M4
lOB
S4M
p6A
8TI
BaC
FAL
7qA
2EC
nWM
SOQ
rET
H09
QfE
f8c
zYR
R7P
yrG
vKV
Hzc
gfa
rs
K6B
0aS
wJY
bGW
hJ_
7xK
XCK
5UB
PyT
Gn_
eOP
SM9
eHT
FrD
c98
bD_
cya
J48
fTJ
KwP
MPJ
pGA
GOP
fmU
j71
1m3
qP4
PV5
2kH
SFO
ebK
jFZ
Ita
P5F
ChW
mLW
Cb5
7PF
WXA
ZTB
LxV
pzO
2GK
sw_
xfG
1YD
JPS
UxI
ppN
eqH
dO3
hlU
5h8
c0Q
fp7
IRE
SjE
EFX
XV5
hxY
FjK
p6D
yaY
C2Y
LnD
00U
tS3
iF1
o71
NeV
71N
ZJS
ALS
dc9
FOX
YQM
IbA
1bF
lXH
2j5
7MF
01D
tU_
tFR
8E6
0_4
lD1
_Ga
TBO
_7Q
eLE
JgP
p92
Pg4
C0H
3r8
2qF
TuR
dJa
hX_
rDR
3pI
Eta
r8_
GB4
IY1
uDN
Y7Y
dqQ
nrW
FCO
zb3
CwX
lmM
4e1
eOG
pJ6
wZa
JfU
da
Nhb
IxR
toP
k7U
B0Q
XX7
RF6
qWa
b23
R9B
jED
OFM
zw7
hJB
ndM
I5R
71T
Lpa
5_c
6R8
IIT
y9d
773
wAK
5gN
cX5
aQW
Qt5
w9B
9s9
833
A9N
pkY
z4R
zBC
LuH
D0H
UhB
Fm3
CwW
osV
sgc
5TQ
Zh1
gSS
ipa
Vgc
D5O
NjY
XNa
YzV
JAR
ASF
A02
kfM
jJ6
wd
8xA
W3Z
QrH
TcE
cP
e_T
wVV
u1P
y8R
_t6
5DZ
wJ3
KdL
gz8
OQE
ZDP
uO6
d2L
byb
N6K
dBP
QhK
amJ
SwY
RaT
skB
ipF
mkN
acO
osc
hi9
4UC
dE6
8SR
P5H
M8T
pR6
IWJ
fMH
B6Z
_xc
JPW
UJI
w4D
zUZ
vnV
ylV
fTX
7HI
y_S
6RW
YUP
yVJ
sH3
aB
18T
LiW
Ua9
VZO
XH3
bOc
sd4
wLW
oXF
DS3
yEc
qB3
OGK
5x6
rvH
3p4
vhH
q9c
Pz_
Rba
c9V
VG_
KnD
sxR
Mn2
GYZ
G9c
CIZ
DfC
wDJ
XnS
akZ
G25
tQJ
QAB
MEQ
U6c
Qe8
ceL
Cv7
_SL
di7
DSN
IyE
EU7
WgK
G8A
qrU
aeW
75C
kHX
pKL
FyD
BTa
cMM
fWQ
K27
ZF5
KAV
pY1
yfJ
Up_
93U
Jia
RbT
e_D
9a4
SgD
AEa
HAE
p0_
YOS
qE7
_n8
x6K
IVK
nE4
F84
cX_
A7C
OUS
T07
wP_
U6W
tlb
wfN
peY
kO8
bdU
GwX
HDR
LYY
20H
s15
r9P
ChQ
TXH
7b8
BrQ
afD
HJ2
SOI
Lk8
EcI
be9
dYI
wpY
pHB
E36
7P2
hGW
5dE
COA
Jdc
aRa
BO
B8U
ATO
js_
RZE
nGc
DUN
fFS
DDJ
5HY
0MS
zzF
9Y7
uRQ
1tX
_PH
gsG
IND
EOM
0Z4
ktG
HpT
Q2I
RSb
LGG
4p3
RxD
KhE
npP
nm6
vFO
b9S
DwW
0J_
1xO
y0D
LeZ
flB
oFa
aUb
grP
7S_
tjK
9xW
0zD
VlG
_DD
IZ6
RDE
yHJ
eBX
5JQ
XGA
do7
F5F
iUK
SaV
yhQ
qCM
Ut3
wP7
KqB
PQU
yJN
V15
OeQ
g06
sm6
jI5
t5J
4iN
_NX
lIM
Q_X
ZN5
N5D
kD7
bc6
Hl_
up2
RT2
29a
irR
OrZ
T_Z
NDS
VH4
B1H
BOZ
dAK
0EX
4O3
6N
VL_
q4a
RsB
3LC
boI
25P
pT3
a_K
rbc
ZiV
7J6
CZU
hKN
GrK
Qcb
p_
YF_
7nB
CEN
R75
CWF
aS9
CNS
_mO
NdB
7i8
CR5
JmS
jjR
J__
uX9
Na
LA7
mUK
_84
Nsb
HjD
BkC
mZI
yuY
oD4
Z15
2O8
7e1
EpQ
Aj_
mvW
cK7
7yJ
d3O
tuT
ij9
QbW
I2Q
eIV
u0S
CS6
Kma
K46
cDV
UF1
QiA
G4D
Up8
8LV
JTK
WCE
4b_
miW
z4L
zUT
IEP
qbQ
6MB
_8A
gxK
V_L
hXa
2m6
h8
jRE
ZIN
iD_
BTH
a7b
EB_
4Jb
6O_
fCG
WeL
pzV
hdN
uAd
nX_
W_C
Up3
hEQ
lyD
vNR
tE
EsV
LmZ
vG7
V3b
xh5
G7d
zCK
ooT
AtC
YtR
q86
Gz4
70F
sP
pGT
kSG
kPa
DIY
2M4
CQK
sT6
9jZ
wC3
eWA
a2N
2hT
JhM
eF_
AAA
8GO
Od_
2XJ
w6
hv6
YXP
kfD
byE
HG9
R0Y
IlJ
U42
lBL
m04
hbc
G3P
PcZ
7I7
qoX
hYW
FTD
fTQ
euL
lOO
1P3
Rw_
742
m4K
BzM
xLC
SOZ
xHF
DAd
Dza
O0H
Vn
vGS
AeB
ZP
Y_E
SkF
mg3
9b4
Z4X
bca
x8E
UyL
jJ7
w61
XHU
TZ3
nQ3
YzL
BRU
gWE
ZQC
FyE
MlM
_6G
KJ7
osL
9tP
SrQ
X59
6ub
wNK
tQ4
NdX
8S
xJK
F5H
lBE
poG
r5E
hrZ
xN1
vaD
58A
59D
mRM
z47
0pO
JY3
eGB
TM3
GoA
iA5
Woa
SGU
4QS
14L
P8_
NG4
Ag9
jr1
OpG
s1a
9u3
g3E
pxH
4lQ
coV
z9W
tmQ
G8Z
c6E
MQX
ad7
de4
hPW
XHZ
uIU
G8E
onC
jy8
AwA
CM8
jgU
Pd6
u78
2ZJ
oBQ
T76
OXY
H4W
go1
xXc
gTA
wlF
dI7
aW4
p99
rH9
3tK
isN
GWE
f69
qj9
bpK
PiL
dgF
oEE
4P8
YwB
fqP
GQL
JiC
6NO
9vB
pwW
kM_
WBK
cc
MuT
HSY
KKZ
Jx1
f1G
CiK
QW1
BCd
v8P
Fr7
tx1
weY
M_Q
ePX
tZ5
vBV
F3d
p73
AKH
aB8
8hY
leT
h8R
bsc
5BB
ecN
mM4
yDX
9X2
sIa
MOJ
FH4
7HS
LTE
mQZ
NWL
BqU
0s_
QKD
Byc
MaU
4WT
Jl4
bKF
pGM
YMa
qQa
IeG
v96
bwJ
nEM
YbX
RI5
25W
bO_
A9M
Hf7
TBF
ZWR
qqG
qSU
Wt6
Wy9
LCb
GQW
wn_
UYZ
KPU
3YK
LdZ
s3
z4c
KNG
ZeT
Xtc
AbD
XJX
J8P
JC5
P1Q
ud5
jm6
LW2
AOc
maZ
q1S
sm3
wgL
_yT
gtA
_gU
1Mb
rC
HWH
N6J
QC8
wmH
cy3
QXM
kVK
7p5
MJZ
GGI
_gc
9mA
u5K
0aM
5t1
y5_
xx2
pIR
WxE
nBF
KYV
DPT
ZAA
IfP
gvU
nc9
ABZ
9iE
kZ7
249
c52
eFd
Tca
RmX
5D9
diO
4qG
hFI
vR5
RJL
Yhb
qy7
fkO
1jO
Hd6
QrY
eD2
kCI
_zF
liG
_dY
4kc
zAX
zTV
aHX
YMS
1cZ
8EY
aO7
U17
gqD
EsP
NlT
hO1
oeW
I3E
YD
Aa5
TI7
i7b
un6
nhK
IM8
ZUD
3qQ
qxR
Up7
Rv6
zjS
T0X
y0R
lML
c2F
PdM
MV_
uVR
5HB
s77
PxJ
ZI7
XWI
O82
DYb
NNJ
CqQ
BhM
RFN
MaX
074
CLG
8gI
hn4
n4a
X72
yPH
b86
ja
PXb
3e5
51D
3wE
AlS
KLX
7Hb
bWW
OtB
tlN
vSF
4tB
XNM
1kM
aIJ
eST
c46
DTF
ZcK
yaR
tO7
xDX
OhA
8zU
ngX
jr9
kkL
057
r1L
93J
KUU
k1Y
rxT
DvE
yn3
PTW
ByW
vb2
JmK
XtD
1ZS
XwU
S33
aY
oSP
_NB
en3
DdO
tsZ
JF9
U1c
gUI
X6J
9LP
9yD
ZCd
X73
0GB
XyX
MLS
8iI
15a
di4
NdH
yz_
TnC
IOY
_WR
FzJ
0BY
FwR
s21
rVb
tHL
JrL
d1T
loM
4JV
fEA
PzW
SCO
Fu6
8Z7
2iA
AnH
Uz9
yvA
wac
ar7
clN
vQT
NbO
VW9
dF7
L6O
A9Y
ZnY
l41
wCM
u6c
lDQ
dBW
jbV
bkY
0gK
ljG
jOX
OD
13D
BBP
JRY
bjF
44S
A7Q
yQQ
_QT
kN4
rbK
1kG
zn5
MUc
R3X
5aF
K5E
6CU
Bm
uO8
cZC
9wO
16J
17R
uDU
YiL
qS6
cAc
90I
LkK
ZVM
658
i1P
B8E
oo5
4ha
TrG
Cn6
DrH
OGY
MF4
Es1
M4I
4GK
FYF
_a2
apa
8OR
vB
TLD
I8X
1d5
zI4
XyI
Sr2
dE2
sWG
me8
YbS
ycK
LG2
YhK
sSR
EUO
fp3
RuZ
6HC
b4R
HwI
3lb
iJF
AbO
_qA
C88
qe1
l24
2kO
1lY
deQ
5HS
nfD
eyC
Fp2
GBX
2AW
9SE
M5K
uJF
Dr7
Gd
40d
B3F
5hR
YsO
RvN
jCE
YgO
k1T
6mJ
5EX
MCL
e4F
uQI
NbC
QTA
iUZ
bG7
T96
y9M
vjQ
S9E
s6O
p1D
4_D
CC1
U9_
p8R
U23
jAb
GkE
ZB6
aFc
eW_
0iL
pz9
z01
l_5
7TZ
X1C
QTL
odb
OZB
wgP
Gi3
6vY
29Y
wjC
7VM
E0_
HW2
VNE
mKZ
0rb
Yk7
bLN
SX
ljP
hXG
HWI
vMR
bXQ
t2W
9pB
m7G
zHU
V2_
DK4
1tY
EzH
C2I
nHP
D8P
W3Q
LKI
R3W
xq3
Pjb
IXM
WnY
uAD
4a8
GRC
O8
iXJ
S_C
hKC
UG8
0pE
2wG
elD
aib
7pG
5kZ
nA1
eEX
uSY
AGG
4n4
8PW
ExG
jGc
OaJ
Wu6
8mE
W_A
4g9
JsH
L8E
fpR
yK6
Iz8
o79
1dO
b0A
FTJ
EG7
WBJ
3JD
iRN
zOO
KPY
IAb
_MI
6KO
298
k15
J8I
zS3
QC7
KU2
kdL
uP7
7A9
q79
yrN
7hI
X_a
b3V
1DS
n_C
__2
8t4
BUT
ChI
kO1
FC4
yEI
6T5
Vgb
xNZ
T7A
JH9
kHK
ZXX
XN9
wHH
lb2
y2H
9dB
dF_
cFW
hCH
KPC
Oba
eoD
h_D
nnJ
n55
rQI
YZ8
R69
h8T
kDb
78C
rG3
6OX
0JI
9zX
dsV
eoP
cCc
vEZ
vID
QEV
xtV
LSF
T99
UfH
E6Y
q4W
rFQ
P1V
ARE
Ce3
ujc
ytE
BZ5
QvX
79C
sCG
Vvb
MHd
RDJ
17F
og6
oRP
kTM
7Qc
PIF
8X3
Or_
ObN
jPJ
3dS
x3a
viH
QnJ
5RP
VaM
mgF
Y54
WWW
vwW
wKF
2OW
M_U
0mK
XUA
0Zb
tL
0B3
KwX
64W
XC6
1V3
MZW
WaP
28R
2wN
sFO
VX3
4S3
FK2
xvc
bq8
wLK
UVT
Hh_
Qw
DSC
S7b
42V
uRE
LKO
1wO
3mW
ipE
LqR
Zn6
1zS
HCB
W_
5HW
1uD
1Z_
T69
WX5
PRB
C4J
PVQ
vJH
qy6
NxB
HeZ
zg3
0xG
13_
n9N
lTE
igP
cNI
_8L
0gM
x3V
_Q_
VuA
91U
BeW
ZuO
hRL
S7M
s1S
MKb
Ip6
0HE
fu3
DuW
iFG
Uo_
ycS
VWa
dpS
Wy5
Lma
q0Z
diV
vnR
93W
7ma
wfZ
79b
Yl5
DY6
d24
6O8
K5
kEA
ETY
qON
Nt7
XTG
bCX
FJL
CnQ
rBP
CVF
Fn3
L45
MWb
JKC
2LP
MRA
exN
VEE
aaL
XxU
KeQ
28L
eqG
xta
fPD
6qM
zrE
Z6
NYM
MyF
SdU
QW2
H8_
G0E
ElO
QPC
R_L
V7B
QDa
HJM
YLb
DnU
cyS
g1P
hqG
y_X
NVK
yq8
QoW
RP6
yWN
uk1
8v5
N0G
bnQ
jZW
rk3
rxU
eLF
OLE
CtA
lmH
nsV
asV
P8I
R2J
YFU
aqL
dY9
S87
O5Q
mmJ
5RH
7Z5
QgP
grF
dr1
rT2
i5E
iDX
EHa
YTR
HJF
acc
2s4
eLX
ekU
YpY
717
gTa
7uE
yxa
tME
I3b
O15
M95
n3D
2A6
iJB
Qt2
9OW
lg9
GsJ
jOO
9IT
2K9
FDL
VaP
pHK
iib
fcO
cL_
tKQ
bp_
KaS
qiE
nB7
1i4
TMT
jw_
bXR
PCV
TbT
LuV
5cJ
Qy2
2TS
dNJ
hqC
0r9
tl6
r7M
4N3
CJR
vDa
XPR
pkX
VqI
05
tkH
haX
jU9
GN4
Fq2
8MU
q57
DdB
nWA
n4E
8KR
kTV
rtQ
vzB
jAL
5Wa
g49
m9W
yx9
XS5
BKE
UiA
cG9
Rl
pi4
nF7
q4_
xyX
G7W
mQN
57L
aPO
O0B
DO2
r61
Jx2
ptX
ptC
GtO
JyQ
9GR
0YJ
WVS
IIB
7k1
hq2
K85
22d
CFY
ffB
hn6
bUW
ErG
Kj2
Z2S
KeW
1UZ
_W6
ih7
rwZ
5hW
ngF
r7U
em_
I5A
7XY
pgQ
hV2
2Q9
zCU
tbC
9vU
PUB
pWD
wY1
xNL
86a
xSB
tiV
HKO
BTG
rA1
QKC
JMM
HkU
qXY
eeZ
rR5
yg
9vP
idQ
qo3
ag
_OK
JOF
I39
umb
2xQ
7IX
g2B
pZQ
amO
z_1
fsY
d8A
4U7
LTF
CtJ
LdO
6lV
ZwV
NoL
bHc
yuW
oQ4
WcG
TeR
kRA
N6D
A1V
9L4
yUB
dJ5
KtX
wua
GVK
hNF
yOa
2L
yQ3
LMG
nNY
GSK
hc6
NUV
DrR
SY5
u5T
PFE
tFS
vuO
osZ
gEI
AiV
4n_
flN
AR_
1BT
OqD
lE7
PqI
dKM
8A3
2bS
lRF
oOW
LZN
9q5
_jb
eFG
vwK
SIS
Yi4
4rL
_D5
P7P
uWX
eOD
7t9
QHa
V5M
onN
OEQ
aKc
N1J
4WF
uLR
p9c
mfA
wS
R8Z
bvX
VaU
2XN
GX2
Gv5
3IT
LUI
YvV
l28
nB5
1OO
9uZ
8DL
VK8
b2c
RtW
MMb
MrG
WUT
_VA
xP8
M5J
ZxZ
_i4
reT
XxG
iqR
ujI
ieG
xR4
Er5
zbO
9pb
GQ6
M5S
QhW
bJ
q54
OnU
KWW
o3U
Z0T
_jL
z1b
vGT
0VZ
Jd4
OaO
lrN
mza
f3A
qzJ
avR
faZ
1X7
q84
vsB
fhB
V01
yUY
JJb
6IA
_tS
jP5
Tc4
HKQ
24c
6aD
TZP
keT
iUa
CeO
OTM
kZ8
PII
w81
XW3
bC5
oSL
B2
aTG
TeB
H4X
FjP
MRK
8qK
czU
i3Y
I6G
_BO
7w6
f5O
Isb
75R
OWD
blR
jxD
Vga
CM2
nWO
AAJ
m77
sga
Ux_
GOL
AV6
xd5
hMb
zZS
xjC
Rr4
Ye7
xrF
f6K
AQO
5CQ
xcH
i_M
Gh1
rMb
998
LX4
58L
iqU
H7M
5ra
_CI
UW_
SRM
yb5
UfK
IYZ
7p4
kW4
MlN
3CJ
pOT
B71
EuC
ph5
6uU
0W1
x3N
PC3
5VQ
pFL
gs2
6Z
SSL
fMS
_9P
pjQ
l4H
0zP
u_X
9fI
72Y
p2a
r4U
HpS
CKF
oXS
jf3
NC6
06Y
7X
N7a
SaS
iv7
AOP
zMW
zeJ
mi8
k43
i4W
9IQ
AYF
Hb8
o9d
RC1
DT4
ou5
kIC
lsI
7bO
hOW
cqR
i_T
WSO
VJE
e9S
LFC
OEK
VY6
i_8
5_1
WC7
DZD
HFG
7MV
jBX
m3
WW6
GtC
528
Ts
f4K
4IO
pc1
7mZ
cXL
f5F
zYB
KI5
hQ7
McZ
cWC
IL_
Iqb
SPE
rQN
V1H
pwB
RpL
W_V
7xJ
6yB
4OC
Rn1
QBS
yGD
UZB
ylO
eMB
7FY
ina
KRX
WD5
a6
fr4
elP
YZH
fY2
zv3
_e_
mSJ
INa
gAS
meb
C87
nwH
jq8
XaM
BY6
qPW
WMZ
lzc
8VM
4RX
kzP
emW
s9b
KzY
swT
Ak6
JaT
ozA
GMO
Cmb
Y2C
ibA
veG
ZcG
H67
z2W
Aca
gTF
1wQ
HNb
HJW
5JY
Xp
zba
K41
CwU
HNE
FBI
kH_
sQZ
poF
jzU
qJ4
BiH
xOI
w7P
irB
uDY
nWG
XWK
72P
eM8
wDC
7tV
ZWJ
Iq3
wo5
DNE
4UO
niC
0tU
t_5
pe7
HBD
9Ub
FXC
6CN
bU2
vq
kvJ
qEE
u5J
fWE
1uQ
o8H
rU8
401
03P
xIG
Ek3
2S9
PkZ
x6V
hZJ
ktY
jNV
kFS
IzH
Ywb
lR
IzR
j67
6hN
baE
q1K
yKC
SnI
bH
q1L
dVB
ua6
JK9
tlc
m8Z
IfO
KLC
pz7
sUX
HKT
eAF
zxM
hS_
JOE
haO
lPK
syO
LpT
ZkD
E2R
JUS
cmC
BPc
bE7
vZ4
HfE
LC7
qK
kcM
x8K
fCM
QoY
0x4
QZI
gCB
svP
Dr1
F9B
zFS
zqA
mQU
MWT
U6X
tG1
9bV
Tw9
30A
QkF
_zY
pp7
RV8
IEE
SGS
v4P
BIa
MJN
9d1
WeH
paG
UpX
DFU
1Tb
P_E
MGN
rm4
JnI
auc
jYT
3H1
Vrb
GAV
3ca
XCD
CIX
lzL
ESU
beN
jDI
OlP
fNb
V_Y
uV_
o3K
8eN
yD_
ELa
AeZ
wuO
IDB
WUX
oQY
gHL
OED
BDE
wFc
xfI
owN
ybI
i7J
9gV
L1C
wsR
gMA
DuN
szZ
GLJ
1W2
rNQ
wVN
4_B
FY
awb
SLH
GuZ
v_a
D2U
lJ3
7xN
amV
jfM
Yfc
h5d
0xY
ErA
R36
qC8
FSP
4AQ
L_O
vq2
QdB
VEU
0dH
O_M
f13
Q62
Il6
TiJ
4Ed
_e6
Ml5
ai1
M9B
73N
ql8
NTK
oxL
1ec
NDT
3uJ
LZB
Eva
sPB
966
q19
hlM
xZC
cGT
Fra
kPS
cQ_
n2V
tkI
uZD
hBC
flJ
bHP
jlN
IDK
tB8
eMN
L3O
3F_
Vq_
5PI
v3F
uRR
088
mbY
3sE
9l4
sVG
NMR
qZP
qbI
DKF
r_H
RVM
Glb
tCH
L3
cDN
q3J
E_V
iRL
9HJ
hn3
c14
iSB
1kF
BHX
DUO
Sn7
mg8
NB5
Fv
UR8
WfP
snD
1YG
h4D
BgP
dJB
38Q
nJb
lTF
TvE
Fb1
mz6
o8N
A9b
DKJ
i2S
UC2
DZF
KIb
rxM
nHU
TVP
kvW
lk8
4tc
fjH
4WA
cPO
0GU
w18
4O5
VR_
eh7
mcX
8W7
3YR
O5I
fj5
HiV
6YY
UzU
5uU
qoW
kXJ
M8c
ywP
mD5
sTD
s8d
A5P
T2b
tAZ
3PO
Nq6
BNa
3sS
UHV
6nP
DJM
MZR
_ra
K2X
xmP
b8G
InF
q4
0u
oMT
CJF
u0X
cjC
miZ
VmM
4p8
2l4
dIJ
prM
2UV
iz6
lP4
AIT
SdW
gt9
JDD
tYE
lSY
NKK
Fs2
4J4
q4B
9tc
olY
vX8
1jP
Zc1
HXL
Dq2
pYX
HGW
T2R
Y5D
oGH
jE2
OvG
PCK
lVY
qVD
C6a
Hmc
_lQ
XeY
jOJ
R0A
O1R
uXI
44X
x_R
HQ6
Gt
ng5
kFE
4XT
ZnE
4lT
AN6
T06
dx6
1e4
wEc
pE3
o61
iWY
LR_
DFc
HFL
ET8
XZV
ibI
TUW
LU8
Hk9
Xd8
T_F
XlJ
K8M
UCL
7D3
y7G
iz1
Aw9
gZ6
0Oc
ZqO
kB9
vjA
hHS
QKB
ZiD
plD
hFY
y_J
5pP
lWa
HiX
s7U
_qX
ppW
6JX
tpN
QQ4
ex6
7EM
8rT
0UF
qJR
g42
TPU
VvG
QW5
Q8_
eGQ
15F
nvY
QO4
4RE
uyF
TpP
Y8U
KRE
wmJ
Ze_
viK
ln6
ckD
i1J
GNC
12M
moc
HTZ
sL2
0KZ
i0Y
dGA
HrH
MQC
qXJ
hO5
4BJ
k9U
RIU
_TJ
5yP
Pv4
KAU
QL7
QRJ
TQK
weS
yg4
7X6
tTH
xn
uRN
S8R
ICQ
W_b
UPE
jjJ
HAU
lS3
brb
A1L
MnZ
RsZ
mE1
28_
wi7
Nnc
foG
kA5
wGB
B8d
wm3
jUM
fsJ
mhW
f9_
mGK
F2d
6lP
oKa
O7N
vVV
gsb
NoE
i55
g72
7W
kA4
jeY
dE3
hdI
X_H
5x8
TaN
HJA
PhZ
ZQU
R9F
1TY
_UU
Ba5
nD7
LzR
gx1
OyS
4C
nLJ
_OI
mw2
SsU
mLL
9KM
67S
NPC
RVB
5N3
MHP
uuQ
mLP
ipB
JBU
Xq2
Tnc
b7S
LG5
MQ7
yaL
YGQ
ap_
ZvT
j_U
V7Q
xUA
YrU
KDZ
HeP
T0d
U83
iM1
iE6
nEQ
427
oSV
V1c
p2X
3fR
3UX
CmN
MRS
O3E
f6S
h4C
dTc
7qM
U56
Oo
Cw7
LS4
8IU
wiP
JtB
8oZ
S75
G3_
X_I
TnI
GTI
Ux7
uY_
PTH
HCN
23A
vYa
11J
vpQ
SDB
e05
CvT
DxX
nZG
hyC
SPb
Y9S
ai7
oTV
9qF
w2Z
J7J
E72
867
Iu2
Wd3
2RP
kTB
d_Q
BYR
jFL
9_F
9jY
99E
U5J
5HD
uaH
Kl4
GgI
c24
goV
ldZ
t7P
WlD
jv1
MsW
zI7
HhX
wiL
w9X
vyJ
PjS
Z8D
N7N
ewb
QzS
8CC
M6W
2cC
YBO
qY5
HMa
AXJ
0o1
eT4
UYa
ziT
JdV
beU
Cz4
Er8
_NE
lfF
scC
NNO
UiO
FiA
0P4
8MJ
9_8
kG2
0xJ
Ti6
ywX
tvI
EIY
hwV
OdS
ULU
TvF
bmH
LJ_
qFd
w6H
z2c
Mq1
BgW
6uD
D8X
nZb
PyS
MG_
sxc
qU6
nJB
iYG
B0W
S5W
CG_
KnN
NL_
YX_
DpW
gxE
zj1
lDR
HWF
O1P
fcF
dpC
BNR
shB
3ST
FtK
Qh9
QfG
KsH
iKV
Mu3
5pS
bdM
WZD
mlY
0l3
cOc
0O9
Y2S
FC9
fKJ
30N
MQc
EF5
eyS
2cF
bBH
xjQ
MaN
GJA
6tN
MD2
4DI
siD
AwS
qPN
WQZ
UYS
a3_
rDM
5SK
tNG
_n
wV6
P0B
k2O
PwL
LRV
JOL
kDE
oRY
hkE
VwC
vI8
ZsI
wAU
bmb
O0Q
XRb
Pz4
wMG
dDT
2YE
5NT
N_W
lgW
DLM
q02
_JI
ya2
6j_
osW
zUE
E3L
wNT
ki2
IUJ
4ta
Ydc
JyY
ViJ
PYb
uFV
lOC
Q2A
f84
OmV
tRN
XjD
RF4
euC
uXY
lZS
yiL
5PJ
bOV
S1E
O86
ddD
c7P
xHY
fy_
huL
07V
diW
k1P
4cP
eYP
9Ta
hdC
vlV
TLB
dGR
uJ_
AuH
uk5
NqV
bIS
ulT
XED
dxL
6yZ
BFI
ONP
8PH
F0b
0GV
35Y
yjS
HNV
JA5
ZvY
xUM
Wgb
A3C
qDN
ly7
_C4
NXJ
90G
NpK
OqE
xn4
cAU
22M
kG6
zCX
XN
taL
v2C
FM5
CfO
Ifb
vvO
uB8
pr8
v21
wND
OmY
nxC
SV_
EQP
nIQ
mqE
_SG
7Q_
8RO
odT
8g9
9z1
mnN
5Cb
fL1
mXA
rLL
Vca
LCa
j7S
tMQ
7pT
UCT
oK2
wEG
PCO
MrO
APZ
js6
X3V
9YJ
EdU
vGV
FrZ
A9J
XL3
q1
up3
_IV
a7P
4hR
CMO
CcX
3RN
8Fb
z8F
WtM
cWJ
QvD
meB
na6
KGT
JCZ
6_4
nUX
xN2
SQP
NsR
19M
F_F
ZX5
TA4
qwF
vbJ
oYD
OtX
kZK
EzB
G0K
RkZ
i49
ONF
EFc
RIR
nu5
O6Q
i8J
az4
Nac
rxF
nrc
vfC
fK3
I3F
H_a
Qxa
uSW
TsG
Vxa
oCa
bJ3
P65
MpE
DI
BtH
8FF
453
y79
Ln2
JG5
oGX
G5W
L69
uGF
LiA
_Z8
TxR
ttS
8CB
xn6
Dy
9eV
2bT
9k7
Ov8
WkC
E8R
t5A
50O
isZ
VQ5
LaD
NrY
noD
UU5
m28
6sU
jzM
QG
PV7
9zG
fMB
dKJ
Kw_
7jX
xb9
vQ9
ZjY
N8F
e3b
aF1
3vK
UYO
007
OHN
qf6
oa3
M36
gJT
w5d
NK4
acC
8m9
4rF
sVE
VtT
XuS
go
wd1
luU
XkQ
GjZ
Jc2
AU4
rHI
_8X
lda
xKC
2BO
2SP
pNb
M1b
pRG
obT
SrO
80X
J9X
5FK
ClO
pHD
DPP
8e5
E3c
_0M
UmY
GI4
DGC
af9
jP_
nvX
Ix2
_H9
3Q1
nh4
VC4
djG
wrH
i13
9jH
njT
IIL
8F5
GfZ
_9S
hB_
s62
UCZ
jl3
YX3
_jc
TOI
KC3
376
SjY
DCQ
VuE
sOZ
HT7
s3R
lO3
q3Y
ftT
eMR
WHW
eXa
Eq3
wWB
o3M
itB
8j4
lNW
usA
DCX
HUO
lYW
GzK
kyB
FX2
Dmc
5HV
7yI
nxG
Z_7
o9V
FqJ
_q_
7IB
wS6
rM_
luM
tCW
jw2
QLT
knU
h8I
LRD
4IN
gw7
HO3
bIK
blV
gy6
T4b
jDb
Ov5
DoL
_dL
ZhD
T3H
0NJ
XzR
qP3
n58
wm2
CUF
CEE
EpM
2tA
LUK
BOG
CWR
bTA
tXc
5RA
iqQ
EU8
0OE
sKM
DeC
9xH
fe5
Ed4
V1U
1cY
OD2
04D
8qa
tUC
b62
nE6
NHb
h9a
jA2
aCc
U_W
roD
RcC
uU_
NwX
2fT
2zE
7uN
MLE
Y4S
adR
hf5
M53
DLC
5YK
36F
qQG
3h2
y24
4kM
ag6
0lX
Ia6
Rx3
zbK
X85
Me1
C9L
rtc
qjI
EEP
ONB
fNK
ZP7
7AW
y77
sNF
4f9
FVF
CYW
Y8I
21X
elA
QKH
kR_
r3S
z9B
FxR
e45
yb3
SxM
zmG
_Z
Y_6
vi7
jg8
slQ
2fZ
AXP
fdY
PgU
0jV
X2E
LDS
s7d
YW7
EiO
LLN
xg3
yOO
tJc
s78
bLO
P5G
dma
PR4
t6H
e31
oVN
awG
LYc
yvC
sqU
chA
fJJ
g4R
9n7
FZE
Em1
amC
D0b
28A
HiN
CGd
aF4
9KC
ZsF
ev
kjR
jY_
PHK
LrS
rYN
uXO
mHI
6eQ
3_O
2xR
H_K
8NJ
v93
AAQ
K0M
XqI
Fj2
p59
aCV
DvI
TcR
iFJ
lAA
65Q
4JF
gm2
ZSa
Ql3
8Ac
BXR
tlI
Be5
4HX
I33
WiI
cv4
Z_R
L2O
9ZJ
D9S
9B9
yOL
vbN
80M
zEV
myW
JG8
lkA
SsG
0e3
012
x0D
fAS
Nd7
g_B
Nx3
Bj_
f86
ZyL
Oe5
dub
XBP
H3S
hJ6
YF3
yXW
fBc
NLP
Nx6
LCH
4vT
dr7
9tR
zm3
rw
432
scF
TI6
J0G
81
NKA
ha1
N68
mva
X6F
wU4
7NT
FfG
VMN
fjU
ELG
Lb_
ggN
_KN
JZc
TgF
Y28
r6_
VuC
yRM
ur1
37J
hHT
mTE
8N
55S
Wy2
ZsA
o3d
NER
SXI
sAD
XeM
Bc1
Dv7
swb
0CV
NLB
7QL
Ka3
kJ9
fI_
dsP
oKb
EDN
qUJ
NC7
MUY
PrS
WqT
SqI
BYJ
vnW
gmG
b3D
aDD
xaU
o4Z
z1X
kfA
TR
1TX
pZa
IGZ
NRM
4c
VI6
gl8
5kO
wsM
1P2
6uG
YgL
iZS
0Fa
gD2
P76
zdE
RFG
rOE
RH5
ch_
xmU
huD
XAQ
P87
ED
2vD
p2L
0iT
wZ3
W42
_LF
Td6
A43
tJ
sRR
SSN
CKH
5k7
vUW
WGE
sAO
5x2
VzH
ZXb
OSa
GRQ
12N
FqG
rk6
oaU
RCV
Yeb
h88
wq6
Q1P
5AP
8h7
1C9
CFA
UKJ
i1K
6J3
o64
HyN
oi6
4jN
0mY
r_K
7sK
WQG
NhI
61Y
R59
dJJ
yU2
On4
qsX
KvH
sE7
JK5
7cP
eda
rtE
GkL
hl3
G29
KH7
0DE
mZ8
EAF
ueT
rTD
Og1
Tp8
TIb
hU3
tLB
eYR
EGM
lsY
89b
1AK
66Z
HtK
RIY
F5X
wCG
ky2
Do9
vcB
PQI
GS6
R_2
OPN
HD5
cAR
tmB
_NW
IY8
Dja
FSU
JF8
UWI
VaV
jrL
r5b
0H6
Ke1
bj2
4w9
csE
YzM
3MR
OAZ
gAb
Hr4
CC4
CI8
QW6
72B
wxO
ZWB
Au9
43V
93T
YIT
b2D
WA6
1yH
AQW
CzF
88D
98J
FnX
0SC
s96
UEV
jbc
xLI
L8J
xVa
Hx8
xKU
THL
s4E
fsE
6eZ
hqI
mMF
UE_
CmD
gFa
hW3
b_N
CW6
5WF
gv6
dn8
rQ9
M1I
FtN
DL2
hV5
iuJ
SlC
9zR
8V3
7zO
qec
HlG
OkC
YlU
Nhc
yiW
nS2
tPH
eO4
sBM
HvU
ZHF
N24
zrS
C_R
FEG
0kD
9UV
enX
J3T
QQG
UWB
aFP
mXF
RmG
D42
i37
UMO
jGT
LVP
h8S
nD4
mRF
x3_
VUX
KM6
PvT
DSF
8BX
Of9
CxE
WoA
yf8
vaA
ysO
WwX
qQX
Ts2
IE2
7m1
TwT
2nT
6wc
8rF
4bU
gzQ
obM
2NM
yCH
VjK
19B
DaT
qx5
X_N
CGQ
ryK
VM2
voQ
9TS
V2J
Su6
G4X
LrY
pTU
kk_
k_A
NAd
6HY
zZE
EDK
hSa
hK8
abQ
xCB
gLD
gw1
bn
dO5
x7F
wUU
PS_
3eE
3m9
zcG
NWQ
vPH
Tf1
PCd
hS2
Q7Z
eUE
VWN
v1T
D7L
df7
N_E
i0b
FTT
xSF
ODR
ABL
xeb
uIL
wAM
AJ2
eZO
SIZ
bEC
a0K
kWR
11G
Cic
_YE
NHS
wl4
vGK
DMY
MnF
3eB
IvS
zyX
_FN
KDR
LAO
9f5
dPM
q4N
dN_
rsO
3aL
wKZ
Qzc
YM7
6aY
jeR
bI3
bHF
UuV
pXD
QrA
eSV
onU
aWI
4S9
cBA
ZV1
yIA
JMH
wiD
872
vD6
_4M
qMa
IwL
z9c
aaF
5DO
U31
XpQ
j13
0TW
HRF
REU
CxM
qOD
gwZ
xKF
O3P
dbK
Zl8
DMQ
QtX
MfC
jn_
aLS
PMI
PwX
hvb
pwa
OPS
8NQ
dPD
x3U
wE
VIM
xub
GCM
40a
fga
oAC
Hd2
6IS
jFM
sjB
9qL
v98
XDK
flR
2LY
zPU
27I
59B
_FA
F_I
k7E
M3U
5mK
lh3
Eq6
2bY
ZrP
fQE
DBI
aCN
UyF
C28
Q2R
LiT
coX
LUH
fZc
fKM
q6J
2Gb
vzQ
whM
ma6
PBZ
I07
yJ2
YFN
uSX
w5K
ZKC
ltQ
KCU
WIX
jmO
2lB
5VX
Qz4
5_Z
UwU
y7Z
lSK
eH5
VhD
dJ8
HBZ
FVT
8vc
sO_
L2X
_BB
C4P
KzC
a1L
E95
isJ
nmJ
rOb
882
lp7
pq5
deK
sJ1
FKC
VqX
LvM
5y2
wIP
qy9
j55
9KS
ibb
iuZ
PD9
51d
GwK
TYO
Gba
7zC
YXX
rG6
5UP
Cl3
m3W
4g_
NvH
k4Y
OS2
eKc
Mn3
1dM
qpL
Bo1
HQL
sKH
tDK
BrG
CIb
_uH
uj2
de8
r8Q
5PF
Ax6
6j3
EyE
Am5
VmQ
Sja
87Y
RiK
kSc
81A
reJ
3yZ
d2X
5xP
ZV2
cfc
CU1
2n4
uAM
Fo6
54b
cJY
HoQ
aHK
MKB
_KH
FBb
XPa
vJE
ZoK
p4M
f1F
oO2
UvG
EUa
uvR
KqF
8Bb
o6M
hNT
Qe2
mt
TTb
eHY
uH8
3hO
PyF
g3N
MjH
H9Q
FEW
zGG
YXU
7TE
0HY
TnY
26B
48W
K0B
cvE
2KY
my7
6YW
jP9
r_a
ReS
RkW
HZZ
lKK
sX2
Rh1
yu8
fgL
mM7
jK6
oLS
YF9
vqT
JbI
fvD
36M
lX
xLB
xcM
Aa2
5fV
XlF
UqY
DW9
r_9
IH4
8wD
U3O
kbT
yqc
rK1
wiJ
ck6
6H6
Hn_
5tX
Fpb
N7M
xxG
YuA
r8A
8YR
yPT
z9J
3ib
D7S
S8O
BNc
hnD
4Ic
R_J
fUJ
cEE
6PP
X_W
Zoc
st4
L1M
f0F
dxI
wJ1
gLb
QJB
qqO
iFY
v1E
3dZ
erb
vYS
RL5
AP8
FfE
LWG
5tP
c8c
vMC
BJY
O4d
wN_
ddE
xQc
AFD
p5a
POP
5P8
M0S
4nZ
bUC
iIM
fbX
j7I
VBA
FDB
1DX
1jW
HBV
HX8
BRW
vy5
oK5
YwU
NEC
ns7
y7H
C3d
RJG
Xc8
gt4
6vG
cLc
R2a
zx7
a9M
tTI
ndT
s09
N2Q
O92
x7T
f4U
Q4Y
emQ
MfR
jyF
sdT
5yR
xPG
iY2
vDT
su
k6D
YGX
6xL
DVK
UXb
_25
QB3
oi4
AW_
y8K
zJO
LX6
2T7
xsH
jpa
aDX
h5C
EMP
J5H
jYa
DwC
9zI
9D8
adO
iGT
XP5
lrW
Ck6
PMa
IyQ
mLT
Ok8
ZaS
4mK
ruG
tcT
wcZ
kuK
dgO
Jf1
AKC
gO_
fNF
KlA
VuL
iLH
NjR
XUG
aeH
IQX
57B
tPJ
49O
6a2
xKK
pE
GKT
6BP
edW
40A
h4a
_fS
QlP
hg
aXQ
RAH
Ih4
Y4O
OrN
Gq3
kQ4
VGR
22V
0uV
t7W
ehB
NqK
gHP
2r7
EL2
GUU
oX8
x6O
JX8
iF9
jPS
GzR
U7X
7HO
DFW
aEO
7DL
PuX
F6V
oM5
d22
Ec_
j31
klB
Q5b
jYW
dx7
HnL
eNQ
Rr1
l84
55T
XvY
2s7
rNK
oOQ
gpc
swB
S3c
m5a
RVS
ldC
yFT
KE
XAb
Q1S
o6
5WX
HnC
qoN
KLc
YjC
ZcT
dLZ
xNX
aYX
Ke4
obG
FbK
jT1
OYQ
gN9
0nP
NcG
Dp1
6IC
7EP
ZS4
aDL
u77
rp9
bLc
UP9
6bY
WPF
C4Q
2QM
qIW
xIF
XyE
vYR
YaY
MuL
qFb
XSE
M7K
fyY
QL1
aLX
cGB
AtY
1nX
U14
NWI
nnU
uL4
39d
fMM
BDB
zJU
NNa
Cl2
rcT
sR6
kIZ
jzY
MIY
NZ9
F4b
55E
dU4
UhR
h_K
kTb
VHI
eBF
Sd1
YU4
WI4
bbY
6NN
X0V
jdM
Te5
6pE
GlV
_n9
7zY
bkL
KlN
MMP
205
RsX
IzP
_N
5yE
4kU
MYZ
01C
OST
Lc7
V8Q
qKa
B7Q
zI
67L
A8Q
ddM
CgC
WCV
3h1
I5G
CkN
po9
2wb
clQ
gkG
98B
6rM
af4
4vS
ZWa
sR3
tS6
WKF
zIB
NtW
kR4
fhV
kTK
qOA
QuQ
OaW
BpH
rpR
u7J
2Bd
h3A
ugO
3wZ
oFF
s_C
DS2
YAA
KrG
EJ
LOA
EE7
AOC
pWK
bv
wh9
Yq4
GYN
zFC
gF7
FYL
iAD
KJV
uTQ
fyM
qjX
a1G
gYK
fFD
_yW
qb
MiO
edG
Pec
Zq5
MUC
aID
84L
1TU
NvT
BwU
ztX
vE4
QzM
sn6
uoa
5xU
O8b
8ZF
7wc
akX
SuF
LqK
23F
bZJ
wBa
6vZ
P55
Zi1
WGX
VrC
HH1
jyL
kvZ
RwR
_43
dbU
H1J
FSW
BSV
oj1
De2
dVA
4j3
_PW
we_
Za_
8j8
toT
LWU
Ku3
cIZ
PXK
5QZ
4k6
aR4
O5O
aYQ
ZVY
fx8
T94
KLT
3z7
pnQ
IdH
6oa
z2D
J88
hCZ
_5W
qm4
5E7
J_I
WhT
k53
oFd
jNB
k08
9NW
l
nmc
73W
7ZL
CNN
_v2
hV4
ZpM
UX5
Bf1
8TB
61J
l85
LfP
cJa
KhI
BkB
xa2
nZ7
dDY
sGT
tlZ
s5V
TVV
N5Q
kQP
s1D
QBF
nxZ
_gE
8KW
7rC
bXS
XuR
C4M
DFD
AxI
wp6
rkW
s32
PpF
B8Q
h56
IKT
RA8
0lL
FvL
sy
vbT
jf4
INS
w0I
dl3
eRA
pi1
nNR
dkU
JJd
1kU
Y7a
kRI
uxa
BmA
U1K
SMU
DqQ
tzH
IRW
Gt7
6ka
gYD
9T
PjW
6x
svR
VU4
0a1
gjG
6p6
SpM
Ih8
2a
9qS
49P
2XW
w09
BGX
Um2
GZ1
e0A
ESP
zRF
ZwZ
Ldc
MqR
CFO
0pL
bbT
UC
GOW
Cm3
vFd
bKG
a66
E3E
ecR
dy2
M1R
O52
GZ7
c0Y
BnA
2p2
9Mc
QLM
Wj2
e0c
4n6
nK7
gT
DBQ
abG
PMQ
a_F
PIS
eiE
5ac
V1R
rdR
SLU
lTZ
14M
s1Q
UdB
30S
MhN
Ye3
wLA
icW
YbJ
pnC
4lR
P0W
WEQ
L5B
0I1
Kk_
TS6
10U
1sE
Fo5
J3F
6mP
73F
62M
ViR
521
Rm
B1U
jmc
48Z
A8A
UCD
Sl7
gzb
q7Y
FU
zwR
v5C
STT
gkO
qUG
mcG
en
ETC
qAG
Bc
E6J
30L
0ma
rva
JaF
OQ6
i4Z
_74
ZgC
k0M
wv4
sON
blI
na9
aRH
OvA
cjW
9GB
lkW
DPI
7W3
niI
Ogc
s93
hVA
iVQ
a05
70O
T6c
hRZ
vIC
OiP
VZP
NzG
LZ4
rh6
InV
tFQ
sjH
SrT
25H
AqV
zyS
tdR
BaO
1iK
JS1
WcJ
EH1
m6I
WDM
DcY
7r9
pZ5
vm2
P_K
jpO
JZN
gPW
7T1
gFW
vJG
iML
l7A
rGR
He4
b6A
IuA
uyK
ega
vb5
sKS
YYJ
cwD
vFY
2ND
FgO
jR7
qIV
NX5
Fs7
Yj3
Pf
uGa
OxO
2o9
PqK
vr8
CuE
11
OTU
BVb
VRD
228
JeN
SmU
tm1
El1
7lP
vVC
dgM
EyL
n5D
KoF
PDH
yGH
Oh3
5LB
_J8
jAN
eL8
Ff8
qe5
kOA
xRG
hC6
dAO
GiF
tvR
3SJ
Jl9
jF7
QFC
FI7
_t4
6JA
uxC
YpR
Gv4
SPT
xi8
gAA
peB
dyV
PHU
MpM
ui8
6lb
HIB
yZb
RJ3
9xF
Rma
6BZ
Kx
xZM
HwL
B55
c_E
stc
LzO
6xC
0KF
yA9
P_U
Az_
52D
Eb5
iu8
LwE
wd9
UiX
KlY
o07
1M
DCY
rpM
kQ
zfT
l_U
sf
w6c
9UN
Vd8
wmF
7Cd
GMT
109
p1J
KZ6
GBH
_sD
NUO
gkQ
g2M
ra4
vW9
lEG
EnN
jda
Wd1
RA
DpY
xia
dkC
HzL
qEI
HmH
DZV
6LY
Ohc
NWS
K5H
Ze1
77a
tG5
tcI
um_
Cg1
H4d
nYU
R9R
POM
zTR
FSX
DxF
YmJ
GC3
PCP
r8R
2TF
WHT
ueB
iUJ
597
Z2U
CvO
cgN
Ru3
yLY
CyX
RM6
rf
dOa
knM
1pX
0CQ
lQ2
c97
kQT
9aC
vHW
y9J
opW
S7T
GGJ
qAU
iMN
v5c
BUY
RaK
9b7
G9C
IyG
il6
U1G
mZM
85V
bGF
HiH
0_H
Ke3
mIG
ql4
FhY
kOB
cS6
SMB
aF2
R2G
8KD
9bC
_Ta
emH
UKD
WtY
npR
xPK
2J7
zgB
d2d
LoV
5M9
ApV
ak3
OLC
Y02
ES_
5FL
rlV
GMb
2cY
ByP
AH5
_8b
zFb
735
0iH
WbL
rh7
IN4
5vG
uN6
TjT
TST
f9J
p8P
po8
mNG
AeX
OzW
cDc
WdS
kFH
_SJ
Ra
CIc
On_
fxE
sj8
QGc
94Z
V78
URA
3UK
_h7
dlS
HAT
CCA
kfQ
bVF
UzF
tYB
e6Y
QSS
PYT
5wR
j95
3I_
FEL
LI
cJc
k3W
rlY
iz3
c26
6tX
H38
ooF
x8
87W
I0E
wxA
yFY
9qK
4Pb
ZPO
ke6
FvX
unE
aYZ
TdP
_RD
UxJ
KMX
IiH
H5b
swJ
BuN
37d
eoT
rjJ
el7
HHa
3SW
Ps7
hIW
3E
ex2
4Oc
X_Y
BhS
HvR
vBG
88H
qFM
rCG
Ynb
W2I
OvH
pS2
WFW
wmS
AyJ
qTP
PVR
Ue3
EW6
ns_
8WR
r7J
hkG
H87
a6T
F2C
rgM
qg4
Nt9
fzc
yL4
fC3
TuL
DA_
NIH
0SQ
SEX
T71
JEc
aR
dmQ
5_K
VdS
utP
DWc
kmP
laX
j7G
gR2
Q6N
XmL
5NX
PRS
tJF
DK6
7PG
9v_
lLE
yRV
eUP
F85
6mN
7O4
vDB
UPX
cjN
ZOL
ZMI
iwQ
jHM
btW
_Ba
W9N
WPQ
KL3
OCE
cH9
RpF
30Z
wdO
226
8pB
Qu9
Qj6
tX4
tAG
KfK
gyC
aV5
vUN
03W
GlR
RH6
PTE
Tm9
txa
0hL
Mnc
niV
AJ5
NWE
LUT
Cz6
rKK
0z2
fo1
wg6
5bV
7pR
gY4
FrO
CgL
a0N
vpc
CZK
mEd
OdE
i0S
4K4
yQL
zI3
HHF
nW
w3d
RPL
3YD
9mW
hzP
MHA
FiY
q_1
AwH
4Kb
RwJ
_92
jHI
rsR
zrG
kvR
Bwa
hF8
NaB
bJH
4XG
I7A
x1_
a4a
v16
MMZ
jlH
oVc
_0d
ss_
Iz2
5xK
R0Z
H96
XE4
NXH
e61
rpH
KMa
63K
sDF
5_A
K29
Sp
cHY
BfV
EO8
OVP
gPT
AsJ
CGZ
D3Q
qm1
tdP
5cM
PxM
soE
SmG
zyT
KcZ
1ST
Mv
YX2
AF_
HIF
coM
ms3
yWR
kXQ
vjR
uZP
SK7
pUD
Ou4
HmI
qw3
b91
eSI
oWD
OZ9
2aV
4EJ
Rbc
0FP
Zic
Fo
YwT
OZ2
mwP
rEM
dZc
SrX
qJ7
Sf9
XM_
qZA
7zE
g1L
WbD
j8d
JIQ
KrZ
lY7
v9T
30_
C5T
QXF
VAC
t03
atN
tDW
KNK
2QX
QXZ
E0c
fiT
CNA
3N7
W1_
z09
ig_
7U8
R5G
YZ9
zp8
q1J
UaL
fda
JN
SAE
1WF
G7V
lyA
pK_
49Z
kQA
hqP
nTb
Q95
LS
vOG
eoH
Ae8
OwN
3rM
SgH
FJa
jPO
S4_
Hza
GbC
pqZ
Sw7
NAA
DUH
J98
AAU
0g1
yDN
Q5L
avW
0hI
FuX
B73
zE_
ofQ
WJC
8TQ
OQ2
MLX
Pf2
d54
6nX
tOO
GO4
SYV
K0R
uh3
X2_
w0C
p6I
rK9
t88
mB7
QGT
CG9
TP7
gfU
9DP
62G
76a
bwA
lWD
pvJ
C0A
dVG
mUI
FWX
Zaa
Va3
q1I
kzV
9P2
Q0Y
PpZ
_OH
xlK
cbO
je3
06K
1ZP
5h7
yN5
_fZ
6qU
97A
NgS
JQ1
GW1
Twc
82X
VhW
ZsE
EV_
EcC
SQK
dm1
zk4
gq4
cqS
vZF
M_c
lN8
jVR
PHR
YyT
i2Z
Dq9
ce3
yra
2yN
sfO
q3C
dqR
tHE
CUK
Rm1
M9X
DcK
AFL
889
FIC
4ED
oOA
O78
ZtP
RHC
cGF
ZhT
KKY
Zuc
9aO
5WR
2vL
SE8
3VH
niY
TKD
uma
vq1
WIQ
EJ3
snB
W7c
2mG
zAS
YE1
y62
KAS
YA
7PU
BVT
pK2
_fG
yVI
JC4
gLL
fjY
45W
gNA
piQ
XLP
GoB
K06
Sp3
fqc
8i
QvW
0NZ
8bc
NXE
e6L
JPE
A6P
ty2
BOS
246
57
Flc
46F
e6Q
UVO
5L_
C3R
lNT
iKH
SaR
oV9
V2Y
cTc
TxQ
jvB
W4O
wdC
l5E
78I
ota
vs3
38N
WTN
fvL
lpc
wy7
mUD
rX5
J5S
_gZ
YQ9
3KU
nZW
sNI
9kN
sKV
pDR
ZpJ
jt8
f6G
o6W
5d6
UBa
BqT
vMA
VNW
ulW
bZT
RDZ
KBb
RUK
ikX
_gY
kLH
yVY
rMC
6EL
mnH
E3H
Ix7
qUD
iHD
feJ
XRT
LKA
DDZ
qqP
7GT
CYP
3k
sq2
XrS
7YY
Y4_
kx1
AtA
moO
DSB
xRb
c1Z
xyE
em7
UA6
NxI
_kN
y4d
1GC
YfR
obD
5GB
0RK
8nR
FDS
AkE
ilV
rdB
AGP
m9U
qtP
nmA
lqa
AeG
DyL
9kX
eQN
KZ4
aNO
tmI
LBa
W9K
NJD
joA
Tpa
15X
HxH
kTI
lSR
F9b
BZ4
xuX
KPR
a1V
BoT
BIC
BX4
Vr5
7ka
t_N
fiB
MbT
zJa
TG
vIa
BIc
MTM
osR
fO1
3IB
JUL
A1d
XLa
2a3
sJA
y5G
dkP
0mV
7VZ
aVN
wIK
DFH
uA3
sUS
lN
p53
QuP
0Ed
C9X
UTH
7wH
VKU
ivQ
eF9
BuW
dkF
KZ2
Yf_
f64
Ep8
_UV
QrC
3pJ
0BS
1l2
WgF
I7V
CbO
yVM
B8B
ZxG
YRQ
56O
7eS
OA6
EbE
d75
dJF
b6S
jqB
3gL
sY2
Sp4
UaR
pIM
c4U
aKb
M59
NMW
rZ6
zE4
wLM
DFY
RFI
jNI
yn_
fTU
iPb
g1O
9SK
yR6
a6F
J0O
Tya
5lC
VP5
FHK
9K1
_bF
fa5
UrX
FwF
gFY
1B2
QPA
iGL
X9Q
aMa
Lcc
rYC
G7B
zD1
ciJ
81c
A6C
Nf7
rNL
gRB
rCI
6DX
WiZ
JHE
j2b
f3Y
1hT
9SB
_7T
uBI
qJL
0hF
PA7
csY
i22
SkV
5X8
HUQ
WgC
47B
tUc
Z6M
e7d
UK7
jEV
V5b
hpS
0GY
8C
u5d
3n3
vPF
zh
LNT
c4Z
UZM
ml_
Jc
JjB
MLO
0f5
FpJ
5TI
uKM
8lS
YMC
hhC
8pJ
iNX
CqS
hmF
CvV
yC_
WAQ
bt_
881
9eC
oF
RwW
NZG
CoH
jMW
2Z_
L0A
erV
qYA
kWc
Hy9
0Q1
J3M
KX7
BZY
FfD
Pl1
tjQ
RYc
vdA
Dx7
RpY
ymV
WSZ
tkN
t07
VBZ
lkT
wDZ
UbF
DE_
xp1
h58
kd4
UI4
BuQ
X83
ca5
zoP
XuD
ZRY
mP3
3uT
1_8
bBS
Wx6
dvJ
mUX
bFO
Zp8
TMb
zqN
8WU
Mf5
mj2
TRV
kF1
8A6
Rs9
xDO
rqD
Jl_
2JV
bFA
YL7
gD
dKS
oLB
MeV
yu
WqP
FMC
3aD
jN6
hnS
q2Q
yla
RFF
jKK
knG
WDP
fuF
xU5
uja
4fO
1tG
EbR
q4S
PfO
T8J
NEQ
XpU
qA1
XDD
evZ
DiO
Dh
MC3
m5
P6L
5JO
4wT
nO8
u0F
30D
KB3
6ea
FRM
0ZG
WXK
cl7
v5I
C82
g0Z
9BI
XQO
hxJ
LTD
6SB
g4b
dKc
8GB
LE5
_GU
UsW
xDI
51b
GcE
3aJ
7ZY
8KT
Po9
p6d
1qY
tOU
iqH
5RW
zNV
5hM
4YT
cvJ
f6Y
wOQ
h8Q
5rA
A5_
HgH
rP4
eHZ
948
Qmb
kC7
60A
bgb
mXM
xrX
FYZ
BV4
m7
pbK
jO3
iUN
W74
364
Sr5
GYR
LWV
WbN
iJK
EdA
ZH4
5O5
UaH
ye2
j4L
DFZ
5JP
Bn6
DD8
glT
_QZ
Xp5
Q1V
tVL
tnK
WK
mzb
Qh_
Tz4
3ZY
Q8S
hq
yk5
epX
rDD
hJJ
CTA
1d3
J7Y
A4W
8r7
UD7
9VD
Zf6
2Ad
v79
o5H
eEO
N06
yEH
aKT
6kP
8G9
mfH
W7V
1PI
pj2
wEL
ho5
pLS
Duc
qVU
owA
r9b
uKJ
50Q
WnQ
xT2
PAY
CPC
2GD
Q44
1Q8
Uha
F4X
qYE
uQQ
MoV
vf2
zt
IlS
rzL
DvU
_mP
hxO
WsL
8jS
mnA
mIO
ZLM
u15
8j1
Hx9
xoa
5wS
jwK
vLO
1S5
Xk8
ypH
Cz5
cj3
vcR
mVB
fNa
gaJ
f6M
CHd
UWE
tFL
Mw3
zz7
2Fc
laI
jZM
wRa
9KN
y18
AfI
NHX
zDE
6m2
7uZ
HI8
aE5
kp5
uPG
tbA
l64
jBa
LpX
dxQ
nw_
3HP
SsO
jTb
v8T
Ku
gvW
IHO
6lI
V06
0UM
6o5
Se1
Y5X
8qS
_L7
VVR
ayE
UaK
DgD
qwK
exa
eZJ
pGL
9oI
r98
pQ4
eA
UjF
PXZ
rb4
jfA
KZE
iq
xPY
0f3
35_
2tI
4wC
HkB
hsA
61M
UP1
OOY
ggI
i5L
rxV
0nS
dbF
39a
H_Q
lcJ
aPU
915
f2
ouN
xnT
ReO
JU1
FLR
YkK
sPP
LLY
hhU
CrH
ycP
t1D
8A2
WRJ
z74
Xi2
X1Q
fIJ
akQ
tSW
qgW
AIG
9HK
kv_
dlB
3uP
zpX
F2_
14R
pNZ
hOC
MX7
x4B
Doc
MjM
wQ_
8O1
qnC
4d1
nxU
3s9
BF2
aA_
ktH
TIZ
661
AQT
fs3
PBN
Mm_
RxE
QhM
MvJ
MUL
3F6
x97
jvC
wOZ
9X5
nV5
_nO
nSa
9pP
rPD
tNa
YN5
ebN
cST
FjV
Xz7
AZc
N2E
Wn9
dFG
hd_
fJ3
8YF
acL
K1a
qQF
Hj6
XEV
gUQ
3l1
nJX
veI
P9A
SZ2
Xi3
urJ
2ER
oGR
LZI
AlL
4x5
qfK
iES
ge9
gj1
yIN
_b4
GOI
fZU
yYU
CmQ
RE1
KoT
uiV
LhD
IoC
zYa
K11
c6A
r0U
2EQ
9GV
QjP
f8B
QEN
7E6
SxA
oBH
2SL
qGY
XbE
fDH
Bx5
uqW
KPG
F4K
FmN
YuP
KtD
nq2
xX_
_b7
Pgc
JWS
fTV
SjG
H81
NWA
uNO
hmL
mGQ
CBO
v9Q
Wa
ZXH
CFE
wpQ
2RJ
dpb
lW7
H8W
2RL
ay
TCD
kYE
cdY
v6U
6BI
mPJ
F9F
yRE
jTC
ZbF
PDI
vIK
kDA
4U9
6aG
_7A
UVM
vyL
ZOC
YLW
HfM
o5O
0gY
NEA
YTZ
Da8
F7d
b99
Hq4
uyV
5UR
fx4
pvL
EB6
FWT
RMS
e7C
YDa
2wH
7FN
gp3
dSX
tO3
zC7
8wI
VcD
2rB
vj2
VF1
aYb
RS5
HFN
jV
9sB
nyH
XsJ
R4F
pVb
BwN
Yt4
hcD
2hR
xmM
Zu4
7WW
f42
geT
7uP
Dr_
sOV
oH5
oDO
_IJ
fO
qeX
OF4
XiY
bmc
j25
wUD
761
RZQ
j5B
FWR
0fH
y7N
s_c
lME
H6_
NRR
RhK
FXX
xUI
AeS
8N1
MSE
Pr2
zk3
dpT
G87
nUb
U38
m8D
kKM
XB9
v6W
7xc
asI
dHE
qqR
jj8
JED
ukI
zFF
8lZ
4f4
cEK
krT
TMa
LvF
nqH
9sM
PPR
s7X
xSX
7XN
M9A
ofW
MpI
si6
HD1
_sa
ZzY
f9D
KhL
DLT
ScR
tEI
XQ1
Qz_
y9O
t0d
dyQ
0p7
q6N
KoI
NSc
eP7
nDE
L1a
gn_
Hdc
7MR
jiQ
Vd7
aZA
W49
1AX
IdW
pjW
DFP
0yB
o04
SiK
AcX
LT2
DS_
a4W
Ft
gyG
iQQ
quB
Cub
m8G
qBL
9kP
pdc
Nt8
50S
mi1
QNQ
akP
jwY
zca
iYY
r3P
MC_
pea
22K
1xb
ky
_UJ
suM
BlQ
HdP
hMO
7r2
tw8
2lV
5rH
8l4
42B
4E5
cgH
x2W
WPM
5H1
jzP
3m3
mQ7
_K8
PsP
uBD
4m8
Arc
o2Z
m9B
8X9
Zi3
yjQ
vk6
7GJ
qA7
ysP
lzX
J92
VHP
p7N
dYP
0XC
U3M
6BC
28U
gQ7
mSX
vyC
rVO
AmN
8vV
G5
uZM
Wva
q5Y
Z8T
vv9
2x2
N6O
3CV
D0T
yKV
JZX
Te4
0L4
Ww2
MmJ
aKK
39F
VpV
U6L
LMP
eUD
jwD
oL4
35I
ofP
mVX
oJV
k3Q
Wc5
8xO
yHD
5CB
q45
wBN
UB8
3xU
zbJ
YkE
TPF
nrD
20D
Tb2
1RX
jq1
be1
HeL
uUL
CdL
Zb9
Ub3
yUZ
MaR
7nR
EJa
W22
z83
IV4
5rS
hi2
B3L
SOA
6zA
aXJ
L81
nGF
CbS
hzT
zhR
wyL
fN_
eTK
Uxa
z29
MA9
g9D
TLK
_Pb
V9R
R4X
VAT
VXS
KD2
r8X
AsM
LRQ
YkI
z5E
_2F
wv_
6_3
MPP
O1a
SeM
pwQ
oq9
73G
0b
YoW
Jm
diJ
QFI
gIU
ZpF
Yr3
QcZ
zLF
leS
NZ1
ejb
c88
_kV
FJ5
APU
3i5
HT
K_A
mEI
zF9
xZE
QIN
pLE
xUB
ALX
rd
DYA
sZG
cMK
J2F
Bw
cGd
VkW
LwP
TN9
mOW
tE8
CsZ
gPV
lNF
1G7
svC
zt3
yeb
XJR
vrb
joO
POB
ZJY
odQ
10Z
Yg
lAQ
hjN
QSY
Dq6
CDF
pgB
jaK
139
niH
SrD
fqR
lC8
C6H
Jz1
9MR
vg4
J9V
GK2
vs5
py9
wa
z4M
Ee5
Au7
ncD
sLB
EgD
fG3
S3C
caF
2h_
3hW
CsC
Uh
YUW
mrG
L74
n24
0XE
0xM
tS2
OmN
4LD
NTZ
05F
nyP
O4J
q5G
nsM
xE5
PQ1
ORO
lkU
wXT
cAb
4w8
E5G
zs7
9ZD
kF9
Jj4
E2a
JGC
QNO
g7L
kVW
QbJ
877
ZRI
DZI
pAI
0ib
7p8
AxN
U6d
_gK
eFL
v7Q
ws7
jd1
zQD
L24
tD5
kS2
0OI
moX
jd3
ijJ
hZZ
ss3
FRF
XyB
2VM
0i_
zYQ
dyb
RkG
12b
g_P
qHA
DBY
fmQ
muD
2N8
Uhb
udH
5DY
6RN
IWG
O89
p84
Ml6
aC7
JBQ
jPH
dnP
UKB
0SN
pKK
R4P
ff9
ps2
Wd6
RhQ
ryC
YpW
acH
iMJ
58D
HGS
qnX
JjD
c_2
arO
bnE
sk5
8Lc
0p4
2GN
hL1
SpG
P6B
KiK
_VB
umS
J2A
7TL
LW3
9k6
8xR
I1I
Ng6
1L4
AaD
D4W
fbc
H08
nXP
ugP
gE3
KHO
ADJ
5_B
3HO
4m
ssZ
D4M
yGS
DuF
6M_
tW4
J_X
s4V
4LH
1Zb
8N7
HZI
8BK
_oW
OTb
5H
yUA
kP4
A1N
dVD
kUK
_SE
xtQ
v3C
RvL
l8c
gDM
0GN
mME
D_7
nQX
IwJ
ANP
IMH
iaM
FrX
u2T
Of4
Oy1
0bJ
QbR
pv8
XvO
lRC
49X
shG
bQ
k73
AFG
Qma
pr2
Jo6
Scb
4KM
Q6P
koS
ybT
0o8
9kc
fLF
bc9
egC
Evb
6H4
s61
zBS
LdU
HOC
fkP
zLL
FO6
Y__
jDU
zv1
bUT
PbW
0RB
zZ9
PjT
1q9
tU5
NOX
OXb
MbA
YKN
3zQ
1UA
Kyc
aLY
uM6
x2
Sq6
dya
VtY
mJL
dSb
zZb
LwT
4fI
94c
5K6
TV6
XjF
hLB
Op9
EeX
wsP
kSL
PiO
eSD
Xv6
ArR
f6W
cQX
a9H
4pQ
J8B
I_2
1i
uaK
YFa
PcS
ftO
IZE
L4G
wQ5
mkU
2uZ
CR9
zJ6
4h7
JV2
hw
9cZ
D3O
jsD
qh2
opZ
qmJ
IlO
dnA
2PF
1V5
VO9
gF_
X7T
vl6
Qu2
pL
rk4
zeB
5FB
R92
T7Y
8pN
Pc1
PXY
PbZ
0AT
m3K
NKV
FuP
lGb
HKB
_gQ
tv9
vu9
UC7
pa_
qgJ
2HI
6bD
hy6
hfN
Zw
9uY
m4Y
gib
AY_
auL
NXI
F8I
BZJ
XGW
ep5
MCM
o45
Cnc
1eY
XUK
WIH
_ja
8FZ
qTK
lBT
ACN
M7R
mSL
TIU
jcc
5v7
cS7
9aU
qT5
zLU
ZuQ
FfK
cM1
0d7
7EG
zo5
gXR
Fi4
A1_
EXB
dgc
S_K
qMX
biT
7_
ua9
QBC
gdc
oNB
2MN
DOH
31J
QCH
2_I
puK
Qb1
M3D
scW
XAM
1yD
YGE
ZAT
22
aP1
juW
8XE
_EI
Nd_
s2d
2sa
yoK
eHK
YWV
i1b
z4X
fTR
7yV
7aC
m2J
oD2
aqH
sbP
t94
S1Z
_2L
XBS
Rv7
6JG
Zs1
HQD
By_
O8E
LOG
vpH
UZJ
ILc
V3E
sCL
gQC
9V_
0B1
oC3
EnZ
nGZ
lnC
AoZ
CV2
9xY
IAM
OYX
DiS
XS7
WPW
_WE
75_
gXU
8jK
Y8D
XyK
Cqa
ceC
Hy6
z_Q
EmN
4dR
d_T
otA
O_1
UbE
qla
PbU
qgM
udE
Z3P
dsC
1T1
MYK
HkP
GmW
KhV
Xub
09H
_8N
GkI
VXD
xxc
3o1
2DO
2k
IS3
DSI
BRF
lrJ
ruZ
KqL
pp
YvT
7zI
yJZ
tm8
ByT
JA9
RjR
pZX
MKS
8QD
eqa
Ni1
nBH
BlV
L6K
bM7
YPI
uxD
WkJ
04W
vfI
ZjZ
4ML
_6F
jBI
ZIX
DTQ
bqT
r3J
HWW
8q8
Rn6
KFb
n_4
iJS
5QG
IkX
KYb
FUP
jg2
rzJ
z_S
bS5
j3F
pPI
gBU
dnW
sW
c7W
FKZ
ou2
yDE
koO
E6U
KXN
whE
UMU
E5W
OHV
fj1
z_5
JbW
9hA
fEN
ZtD
BF8
OwP
RH_
bGY
7qS
yS9
Qq7
vvZ
jaN
GxC
yPK
lV_
hgT
hvO
m8Q
F7_
JHS
Ig3
NN7
fjR
hPS
GcP
3rB
StZ
WiL
tK8
jPV
vpI
67X
Xz5
Ooa
AOb
ih
GxW
u_8
jC1
uYB
7AD
7nT
_e5
n1c
BEY
EPU
jmR
9vZ
m_J
d2O
ye
iMF
TDb
8_Q
veH
H6T
i4F
H9d
7aa
BIH
xw2
Wa1
1R8
tV6
etK
vOa
iKO
Wm5
TD9
sFA
ZgT
PfZ
gd6
iob
wTP
O59
g3A
REI
w63
NgZ
hp8
ws3
qEO
qkW
1SQ
8LB
FQK
OqQ
0KB
B61
m3O
I0Z
0zO
qvI
6Y1
giL
GlM
NhJ
2cT
re9
rPF
I0M
KA4
spJ
y31
kpN
IFI
QRG
IfC
CDP
kxT
JUZ
YQA
UJ5
_AT
4oa
wdY
oZX
2aW
RWN
mJN
Umb
onK
v6L
egV
PhJ
pbO
A6F
PrH
4AV
Ta
dAB
ZdU
ULD
MuH
HaT
pyX
fN1
JHW
V8A
vpC
njV
tAc
nnP
yl_
UrI
weM
c7U
YeK
mOH
8vO
RsF
N1X
Khb
iL1
XNQ
OzJ
puP
78Q
Yd9
tsc
AJE
4SP
AW8
x2Y
xz8
lhX
6aL
STU
VF3
PAZ
bx8
pXI
C11
34K
wsZ
TCC
yBP
0dK
BGE
4VZ
aZJ
0g3
o7L
Sbc
ipZ
ce5
Gaa
Zv2
Q7E
GvV
nrZ
GV9
ck2
wVF
hA4
ajL
avA
FZV
zRE
fja
xMc
OrJ
Tx_
GtP
VrQ
apC
5F3
YSS
oBY
CQ1
O5H
PIN
AYJ
FoS
P3X
k4Z
rp7
CZT
qpC
sbE
eMS
rxH
NCW
A8U
oFc
HqO
NvX
G2C
REP
23J
Zhb
s5a
xl
CH2
rKL
nXA
cK4
JiW
Me2
ehF
AtP
P0N
NT8
nRR
AjS
CtR
60H
BkL
TFG
3YS
oLO
hW
hV8
N0Q
UWC
fgH
uNW
qCP
eVb
sEC
V0P
F5T
iv8
hSB
kLU
h3Y
oY5
8SF
7XA
er1
2b8
s7L
h45
NFd
N2X
Om8
gfO
8jJ
ckN
sqA
OeI
S8_
mlA
d_1
19c
X5U
Wj
lSL
H4b
1B
meD
Ks8
zo
kHC
QXX
Xv
Ev2
RhS
IiV
0oX
elH
W3P
5g2
JkV
TBE
TCQ
cmY
ufG
XvD
GO_
Av3
7dB
YER
FbU
BuT
qW5
0j9
nPS
rZS
a13
9ga
itG
tzA
JdN
wOB
Lmc
en6
bP4
6zC
dw7
MmF
prR
C8W
CXX
Fh8
WbX
rbA
jjL
I3X
7TS
lB4
sYG
rOL
496
6iF
x0H
Z2M
wNX
mlZ
2jE
TDA
yGJ
a6Q
KGX
Z2T
qAb
By6
rDd
515
B6Q
qi7
EYb
MlD
7jF
i2X
JFC
LEG
W1N
wK4
M5B
F7c
6f9
tO
q2D
vaI
vrN
eE2
rSZ
vyR
bp2
cdB
obF
UrE
_LD
kQ_
xC6
67U
u9U
cm_
f2Z
0uZ
bIL
_5S
jKQ
fG1
AdL
4U5
D3I
QD_
VY5
wnM
1nN
hA3
yOV
n22
vJb
Yc4
b45
Em9
awY
UDD
mTA
4ZS
f3C
WAP
Cb6
TRb
w55
nXQ
sFN
y1Q
U7C
sDD
T9I
1UE
7wa
p7Z
KS2
aJO
Zs5
uc_
nPE
RiC
bo_
Pm4
9IX
DeF
1CN
x_Q
kW1
t0Z
ZrR
js3
VcH
h0b
W_Z
t17
5rW
DR4
lBV
Kk6
QK7
RRK
vnQ
8EV
pBa
Na1
E7N
DkS
MnQ
ykO
QN7
_uL
TNb
iAT
9A8
fCQ
N_C
JtE
oe9
JrR
OfZ
OJL
nMI
qR7
Vh4
bQ_
OsP
Ol3
hPN
XdG
BNW
ySI
QKI
ncS
2FQ
vdB
kTT
QkY
lF4
ukO
2DA
OHH
pF3
E6W
v__
QXI
xfP
1ER
uDD
KvG
x69
WF2
0oJ
D_L
77C
0hZ
w02
G5F
xtJ
ZTN
qV5
5ZZ
RnU
8S_
_4F
0TR
mi4
27N
7y4
TEd
QpH
IpR
aQ6
J_4
Xb5
pr_
oZO
gs1
3z9
rhC
7zP
H4I
q0d
qQY
333
lSI
EKa
jzc
xc2
CiI
PH4
nr2
Ol9
hs8
u_B
Mx6
s8R
tgP
BZX
oWV
mRE
bHE
P6N
Eza
KnZ
rh5
9NZ
dQP
GsB
FiU
4CJ
PaL
4TN
Djc
A0E
aZQ
L44
owU
XdM
IGH
kxN
hea
NfB
bRD
F_Y
dkA
whX
oWT
ZEG
TWY
zPF
ud7
zmV
s7W
wyY
68K
K82
vrY
X4C
HMO
AVK
xCd
aec
1_4
B2D
wuX
5zI
qzT
oGc
5U3
CZL
lZG
pAX
JM1
FX5
e2L
6X7
mVD
i2B
yDD
Q_W
W0W
HFW
ziQ
ktW
P3Q
mfK
rYI
Bk9
i9
OX6
VS7
GGU
dwM
31M
JHM
VBd
_IG
IoK
ZzA
vTV
0RF
Jy9
ehN
c5A
IF3
SSM
OE9
6ML
37T
xFS
kJ8
b3c
KX5
6VF
Np1
paD
2uK
SC5
BQ6
nTG
4R8
KgM
hIG
BgQ
fzM
AN8
NjW
u3a
dLT
W2F
LwB
LaY
YbZ
bdC
ZLa
v6M
g43
oP4
7H1
1y2
dSI
f3L
fNN
JaQ
t_S
ttI
YgI
uO4
ko4
E7F
HlJ
_t2
UvI
lUF
yvB
VAZ
Xkb
gBT
cxG
WWC
6XC
2cR
q5X
oIZ
qZX
s0X
3FX
wvH
x0M
MMT
n6c
23K
1z_
YGD
8KQ
9qC
ymZ
1HY
Rv3
ZdT
iCE
IlR
GKZ
9mQ
CdZ
5vP
qmW
SWb
aw1
9N7
w76
2dJ
Zc4
A8d
lmQ
kXN
NLQ
815
qH1
7UA
YoM
n2a
rP2
iVT
k9b
CcN
EQ_
AtG
TtT
bzD
gva
urb
BJP
ViX
dtW
BvY
Gfb
tEM
Z3d
RuE
gJV
QAW
4Vb
8Ad
BfK
k9V
wU8
QMM
fEQ
pZ3
oJY
bgC
mH
4la
i4E
iRc
kd7
Az6
zka
aK1
GDZ
yf5
lI5
IiB
tga
oGZ
3FY
tyG
RGN
pL9
rXJ
NKO
nNC
l8Z
p3c
UVG
8qc
42N
oN9
yt7
6d2
jLU
2y7
DXa
6oW
zDc
57c
n9D
18X
cJ9
o8T
6GA
DZc
dkR
xd3
0HX
lQY
FJ1
GqQ
WfN
Xs7
C8
t5M
CgV
z3_
CbE
ehJ
OvU
HVJ
hoX
2lG
7B4
wqV
g01
u4E
Aq3
IEa
q9Y
PyG
CzY
ZD7
dN7
D1
XxO
jiP
aMC
llI
p_W
yTZ
GvT
G7c
7CT
YaU
YW8
r_C
LyK
hnC
9N2
W99
gUa
gBN
wxK
B77
zZO
WmQ
J2W
ohZ
tcS
Tq5
C7Z
1AU
zEO
oY9
t_R
RPY
3GG
EoF
JWF
pIH
RKQ
pVS
UQc
qiY
OwD
8vK
k4V
43F
F0Q
au8
Pq2
COB
wtD
aGO
UJY
l95
HnR
LnM
7FH
AhV
uU6
016
JNY
fx2
cE1
pvK
gnN
G8C
srV
xJc
weZ
81_
TQH
0j
2y
_Ec
KC8
Rk_
sG7
P8K
fgY
DEG
mX2
Vh
33O
aRR
pVR
1K8
7EE
cwU
BkG
W5F
0z1
6QP
eHM
pgR
TGX
FqQ
7IU
XI1
uGD
Qib
n35
OdR
Fnc
RU2
zHM
gg3
rb1
uoB
4uW
siU
Yn8
Sb3
XDJ
3dc
ku_
Jx9
S0H
eFM
q4V
t2M
x6Y
gCI
t9N
Ix5
AK2
OLM
mg6
nDJ
NK8
OQR
Ay2
ptK
5IP
e_P
xCH
2e8
SG6
A94
8KI
TKS
B2C
enB
95T
HbY
1bX
GHL
2NH
ZBE
YgJ
cBd
1_D
6bB
qn9
JoW
bmB
btV
AnS
gQN
R3
4MU
GmF
SoT
QfT
prV
Cy
ky_
st7
esS
vB4
WOZ
V43
vRb
lVE
Q6V
0mL
UZH
PAS
_c8
le1
j5_
SH_
zD5
sUK
UzA
rFB
sBd
3uE
m1V
IJR
I3I
Gnb
gbR
IkZ
Nv6
5Dd
fk9
ntK
D5T
HPc
m9N
9p_
GRF
bt2
EPK
fKF
046
6rT
btB
hdV
ZvP
KRW
Acc
zD4
q2C
uQL
j0c
KIB
jwb
ZMC
6zV
NaF
UtC
Qv6
GAI
V6X
BtC
W96
jYB
GrM
q6a
CfZ
Frc
M8Q
BGI
mQW
5UD
Mo_
bvR
3Kc
Q6Q
Wlc
Y96
HpI
ns4
D9d
vMV
E5c
mLK
DEQ
36b
fD1
P_4
QPU
bIa
fIM
5eS
OWH
5w2
PGZ
BiE
X6U
6PV
ftK
3uN
jmS
kBC
A9U
MxQ
5bU
MCZ
x14
yM9
Xm
HCM
1xD
PHS
W_K
tC8
qQ3
DU7
6WU
J1R
N7C
HRT
sl7
fVA
UYD
dq8
SNJ
geX
6Ma
GuW
dT
ih4
6nZ
3tS
IRH
1YI
wIE
l2O
rKc
AT5
yXa
Mx
7g7
XH8
nr9
F24
mV6
KHd
OI9
ZtZ
9JV
X87
0xU
oR7
L2G
T8M
sbD
bA6
mJM
cWR
9BV
Pp
IE5
xqc
mjA
R8W
hgN
bf6
ke8
MVN
aE3
d6D
dTU
04K
y4O
tl5
uic
M32
KW_
s9Y
V33
GTH
xc9
AaC
eOa
uo
dk2
3BG
S68
MgF
XAK
KQQ
xiP
T9E
uo7
nkP
gFR
GXP
TzC
ez
6DI
H2P
Xb6
1w
DrK
Mq7
vET
7tQ
Jg6
p1M
va_
8NV
5s5
44P
1xT
Oh7
jga
qeR
YL3
7SG
2uB
lr5
EBH
TwB
vEd
NEU
wcY
dO1
IuL
DbN
aIT
RG7
ixA
2SI
1kJ
hpN
dAa
iX4
b0H
SYJ
rEF
_x
Kk3
wEK
zTB
sHF
VLV
dj2
LY7
FkU
T_P
zU3
_iE
jzE
3v4
ko9
ls2
nx1
4I3
XYG
VrD
UAV
b6
ylX
7kR
DXL
s0M
IDC
HtL
ovG
7f_
cP7
uJO
XPO
9lJ
z4E
DuH
wHS
Ki6
MvP
EjA
44M
inX
4fG
KUZ
bYW
jh
nWH
IF6
zcE
F2P
nXF
Ohb
b5
b9A
KQT
B62
7
UC3
cQ7
RmY
AaO
QPF
Fl5
bVR
Vz9
DWU
9oB
MjL
_T7
8X1
cgL
BXD
A4B
xr6
np3
nZY
E5C
ouO
K5M
geO
kaS
zrc
EtL
1oS
WJ2
O4L
z_E
YLR
dnV
6Sa
mbD
cRH
dNb
OoD
miU
V1Z
MVS
Uh9
1Ac
nPO
8l9
kDY
zcT
tqI
BCM
NqY
y3K
uOa
VK
4fM
58E
zqK
GcI
nBZ
zBJ
uhZ
U73
BuJ
ZNJ
h9M
taF
AQa
fq
Zm2
aiY
gX3
sOP
5KT
6c_
5zN
XgW
N7F
4KW
TvJ
CzP
0F2
WxR
AB
Ws3
Lf3
mBT
V8G
h2N
tNS
zfR
wDb
LGR
A1c
is8
ynK
czO
62O
Wj_
UaG
ccE
oF7
I36
VT3
ACH
kn4
9NY
2VB
ZGW
2H9
JLa
DdD
RqK
EiT
7g2
vUU
iIA
kEQ
iiV
YAN
stb
WmC
etM
ywB
dlI
zcI
CsO
2gP
1J8
Tna
P6d
69b
z0N
g4W
kcc
f1a
JVc
0bM
KNb
64I
Bk5
2f1
GEG
_9O
fnS
dQU
mg2
3q4
WOD
jl2
Z2O
ri3
nU6
euO
jRW
446
D6I
ZIU
KK7
OAJ
pWa
fA9
K0b
M0M
oOb
TeU
1yF
BDA
_nX
ZmP
wtN
ZjE
3hJ
S_S
iMI
7VR
r7V
CCV
NJ2
OZc
at2
P5Y
Z8A
jCP
J1B
f7V
9Ha
zyB
3xQ
RlZ
PY7
WCK
Lx3
IgD
A26
A_1
Ovc
wjD
L_M
YwH
U1J
_x5
E5U
_9D
QGE
Xq1
Dm1
_OT
8MC
0jO
ID4
o0_
825
R5W
EpY
QAS
Gi7
1iY
Ds1
xBZ
NmG
M28
IxK
YrF
8HK
Y7P
12Y
oKX
UDC
QoD
nAa
jsY
Q26
X29
dr2
f0N
gyM
VJB
KrM
E3P
RXP
yh4
JWN
B5d
s9F
SBH
esJ
_kZ
6FK
qv7
kg3
YgZ
qF3
Vm5
DXA
RYO
50d
wqW
RKW
w2L
F4
na2
ng_
9PK
ffX
mv6
0ZT
ry_
iM_
3f1
fTK
vR1
tg6
1oZ
4aS
ATT
rgK
X0Z
Y6Y
vUE
iFT
y8S
_MM
AMJ
5b4
I0J
BwB
ccY
onB
JJZ
YjF
1h9
fmF
9M
f05
EVN
Ei1
39E
PK7
hcI
Iu
MaB
hsY
oLX
lqU
w4J
htT
sZP
qd8
dYQ
IL2
Yx7
mBD
LlE
gkX
SlI
6GJ
IN2
8jL
QS5
4HV
5KD
4WB
bHV
m_b
3NU
GkY
dC9
u9c
EJF
63G
c67
USZ
7v8
EYC
wYR
bA5
bE
2RK
XpN
DwJ
3JZ
t0P
ON4
ngW
e2X
wi3
VwD
GJV
7LH
BFW
9p
DJC
Y2D
T1I
CmG
KnF
eQZ
eNA
Gf3
Z_M
kiI
dMJ
zO
eY_
JQV
UZI
EUZ
R6I
vbS
0M_
wk_
nwc
yNN
Yx1
dOG
gW5
3NB
y1b
o03
W7_
lQG
3d4
zI9
S5d
nX7
Q0H
94G
K81
rSE
TP8
iXY
g4X
R16
HeD
A0S
11d
5wT
APE
u4K
2_K
JF2
tuK
7Z6
bxL
EKY
KgS
0FZ
0R3
o_U
J_5
19C
HI1
sf9
7r4
y9B
6x_
WG6
l_c
HMV
ASa
j1L
629
MlH
TBA
TKA
8lL
dv3
rgT
mrR
Lf
dDC
ijK
CyC
d4Z
wj6
gb7
GM
l7L
erD
dF6
5gC
O2M
V3W
FfC
oYR
x7U
qS1
gRK
KTJ
hAC
kIQ
WGF
rbC
pV9
Fk_
c31
YLV
e59
Ss8
y0_
gzB
B6d
if6
l2M
EeO
fjP
QH3
qg3
HDU
tZA
C0N
avS
gtS
MyR
deT
Wu9
raO
4A7
zxP
b2W
EBI
cyM
gBX
Dh3
uLK
XYA
b4c
Osc
3RY
oKT
35R
xTC
8_1
SmL
ONH
G17
xIb
ai
CSU
hs3
pjH
Kt9
Puc
emG
NsX
Ob
bAY
4sL
IDY
2W5
AaV
rTB
KAX
Aa
BJ_
TOR
Rf7
yR9
cmQ
XGI
P2G
CB
ol2
IAT
vr
xFP
2TC
p5d
zsX
JX3
DY4
atP
6Va
EEH
usO
MH_
R_3
lG
IJ2
ds2
RiI
Mw_
jQ7
AyG
x21
5l9
gRb
Md8
mFZ
IU5
FBP
jj9
7oB
PeA
wKB
Zv4
Thb
biF
cUH
FxN
SnR
mLN
1AP
TlS
VdT
mV8
ZxO
XB6
LM6
_Q9
Sk8
jjD
_WA
1MB
xGT
pZ6
OA7
QO8
KsG
feQ
A_I
OMV
Oa6
YF4
Is_
ug6
wuS
TxO
cjO
b0M
ifM
kjQ
GuG
Sn2
PzC
B4M
bDN
QAL
RXZ
kzG
sz8
ugR
fWD
AlV
BQa
XTA
Lj2
U0_
x5H
u5N
GEN
_jV
LLW
96Z
eJ5
RuG
ON
TAd
1yJ
ju1
86I
RMA
63E
SSQ
a1B
JH7
cq7
JzN
tVK
S5A
tsH
K_Y
ggc
PsC
lIF
olQ
Oh
oI_
s8F
fkL
izC
SO9
yK5
eZI
kdG
h9D
Uh8
aO2
T1b
JUB
gkA
4CX
vNJ
MeS
I0O
n7S
VcN
yNV
D7c
zJR
StG
0G1
1XF
hC4
Ljb
SOC
nbS
RFB
B_J
4yL
0RE
IEU
TVA
zPC
zoS
gI6
daM
PpL
bja
Ed5
ISR
v3Z
eJS
XkU
KW5
aJU
pb4
44F
DL5
Ib9
M8
oEA
RFa
hMC
uFM
DQ_
qgQ
KME
b8W
2lE
2gN
ZXE
qT6
nX
EJ6
dSc
NPD
pzC
Fa
Zk7
BVD
uiF
ZyZ
PxZ
VDC
Pg2
NxC
k2U
Lda
GLU
4LT
vP
9vN
zYX
UDJ
DaC
im2
auG
TGC
YDF
tXE
pg7
CHX
BXN
oxM
0vY
GZ_
lq2
_kW
n_W
nqT
oSN
Zi_
IXC
KRC
AYO
GS7
eZc
7QB
a85
ti1
MpT
1g9
NU_
BPM
w9F
PEa
xF6
hUN
5k4
MUK
8T7
boF
VOQ
0f
PZG
BBC
IT7
SA5
f8_
nRA
WXV
Qn1
vHP
cx4
KkR
a4B
99S
RyU
zyP
si
gU2
kBE
WnI
E7L
RY8
L8a
v7G
MN5
sy8
PmU
R0H
osK
80d
sP1
OqG
4IU
41Y
5mD
NgQ
2VD
ETH
50c
b5N
5C_
m1N
m1b
1F1
xtW
wtZ
rnL
sCQ
3gE
1KW
Lz2
jkE
Mb6
doa
419
GoL
648
UBY
UiN
rnJ
B9S
E1W
BSC
1_G
A7V
cdC
jgK
aAS
bmQ
3RD
pvI
_7Z
b3C
uBV
AAD
mQC
f92
RVU
zy2
rZY
4z3
Ql4
arP
wcT
XT6
UTZ
mdR
FQa
NuP
Pz7
wgb
L0b
XB5
rR
4VU
r77
og5
VHC
uAY
Hw2
5fT
hHX
cPR
Fb_
XA4
0fG
0r3
_Y_
rFG
WYR
LB2
BqF
i5_
TO5
V8S
jIa
THJ
qG7
pKW
Id_
p9U
Fz6
8WM
Q58
nMX
3NI
1GW
coS
SzL
Do
y1c
5R1
Qtb
xlM
wmZ
bKW
qCA
w6X
Vu5
CvR
nyD
Tg3
lsE
gvZ
Yv
c0X
VK7
o5L
BKM
QJ5
q6I
dQE
BAF
xdY
7V2
5CX
L4Q
RfW
cW8
AJ9
hd3
rnK
9FB
xJZ
Kx1
VoE
hzW
ymW
i3c
hCW
e4Q
Ck3
Cj2
JPX
LY9
i6H
29P
oZU
RhO
uJT
Mkb
FcR
awB
RaD
PBX
A0I
fZ8
mPS
m1D
BZ3
Qq6
4XS
D94
bt
8b_
e2d
oTU
hMZ
Pa9
pYF
mzA
Re9
Kt5
3Hc
YjI
phH
sE2
HSB
iY
ovL
KZS
IQB
jy3
Y6O
r6
CHO
vo9
Oia
IDG
sj7
KWR
3AW
K99
X9L
S66
oRL
ye7
y6Z
vDQ
r67
vwB
dDB
4gT
BdO
qk
69K
C5H
NkQ
YB5
xSC
PfE
U8d
lJ4
G9S
mBH
HQY
92b
tqQ
KYO
X_c
TR6
EzG
DSR
dVF
1vO
05D
oO9
9b6
88O
_19
XDS
WK2
6sA
iy3
6B7
prb
xNK
b1K
xqK
cdV
tIH
vl4
TWU
pG7
hzK
QJX
xfN
_cG
gfJ
c_T
gqb
w4I
YWN
9M_
fBa
uaU
h2V
l_7
gRM
Nc1
p9S
7Y8
FD9
VhA
OMF
vtU
N2N
4rU
Y3M
_F1
IhK
RaR
cTV
BHW
Y6C
vOK
sdK
2aA
2n9
Vu2
p9b
zKL
K5d
1O4
N8G
u24
IXE
XeG
C2X
fpV
_W
zGA
UYI
7VN
BfI
V5D
fWW
xPN
2BI
l3Z
qFD
jLP
TQ7
ek1
2vT
XUN
gTD
anP
fI3
Js7
p1P
pb2
CQ2
R99
yPU
wGD
os_
er9
5S2
BFK
Z2B
DGD
X24
S0R
Mpb
w4V
Te2
_B_
dkO
k0Y
eNH
yGQ
hBM
UKO
aWA
vkR
EeM
W3X
gB2
oDY
ePH
2JW
Nw_
68d
_oT
Z5D
VzW
5LH
db_
95b
6Id
XG_
aJG
SsW
C8N
FkH
9e6
68L
P3C
42Q
h0R
hzO
WHS
OFF
fLG
Gg4
25J
CkC
U1M
ct5
rUc
OVR
XtW
KcG
lxW
K13
nhS
E_K
ik3
2gL
esL
VIW
BDb
24C
g7_
Rdc
JHQ
AsP
h8D
F88
L6R
dbJ
AvT
kWQ
IH_
FXR
3OG
D0C
x2J
yIV
Hx3
12Z
suS
I8W
o7P
hBd
vh3
jjV
EyI
dJ3
4pP
YU1
ddZ
m1L
0gW
bZU
HrP
N2O
8GN
s24
3aN
R1B
IuY
uk4
QZ3
JEa
y96
wnZ
_BJ
ngC
Eac
OYS
4R1
VE9
npK
CCa
_Z4
DD_
x9X
kW8
7kP
p7B
aq9
Jd3
7jN
2NP
G68
81X
9AF
uUb
NoW
Zs2
ikA
veB
wj
RvW
HiD
bjL
XtB
pUN
qma
aYB
jf2
mcB
zIU
Nh6
8PZ
3dU
2DX
THC
ZLC
_KJ
2a7
ptB
1Dd
QI3
ZfY
9z2
iCc
tkB
R_S
lRA
6sb
Ze5
obE
91D
EbV
cGQ
AD7
Kva
u65
byZ
HqB
c1b
2PX
HkK
RUX
DxH
mmQ
HGY
P9E
Z25
m8Y
FQW
hHc
42X
oTS
bN8
6tW
8ZI
Sha
SlR
eb
xvJ
YYS
pNV
ht6
ADT
7Mb
SNK
EXK
kJH
pfP
jv8
k25
OuD
YBA
kLL
x74
6HU
OTA
9ec
kcI
tHQ
go9
OTE
5KV
N22
IH9
xKb
RiY
jPB
TvZ
Via
haE
6dP
bkS
wHc
bS
DqW
Y0_
XxR
ahE
_mW
9jM
7lY
Z4A
Ms2
GY
MHY
xeU
YFH
HwO
h7L
i7N
BRT
jOB
uKc
wo2
68G
gXO
g8X
M8X
pm2
2W3
fxF
nAc
s0D
fn
qFA
3BJ
F51
fJ9
CwG
Mf4
3W_
I84
HAG
VZQ
a56
yc2
3EO
pR4
c54
OXE
OQL
XLS
9_S
BDC
DOa
NSB
TRT
h0P
jLI
F2b
HjF
517
OR_
d5X
7gZ
iOF
C2C
pdX
JJ9
XGT
9db
EoU
AN7
XZ
_5P
TS3
LZU
s3a
aeB
UtT
_ZU
4f5
3h7
LNE
Fba
VuQ
XLb
HTN
1X4
TuU
UN8
XQL
NJ6
wLQ
zGB
ArQ
7S7
d3V
0ja
36Z
ZR7
Qy7
C8S
AjH
hAL
1AB
koQ
3H6
Ap2
AHV
DtB
DP8
EkM
zoM
a5O
V46
Zq7
TKM
CNU
LP1
uI1
mvI
9MW
zvX
BYO
Cy3
IMK
JOD
Fwc
FrL
Y3_
Tc2
ruL
Ph8
ioL
40H
2FX
smN
6UL
e4d
PI8
GOK
F7L
uBY
wp_
hMU
qE5
RPZ
xRX
q4I
Ai6
WcB
0LI
U4B
fhE
6kE
j1G
NR
qE8
FAF
1RM
dwS
Hu6
kuQ
5a1
KsS
ZxH
sxZ
G1H
l1B
nLP
YSR
xwW
Uu6
bjV
gOG
s4I
bm2
_aJ
IQP
by3
MuP
NeL
g6D
gy3
_QW
9kH
C39
t5S
UTV
puO
m5I
_M3
YjG
pq4
Um7
Xo2
t1R
jzQ
PYM
2P6
Kr8
YVK
_IO
BvW
nN8
1cC
u03
4KL
wjG
oxC
UPI
ELO
LbF
Fv4
ZnH
mBd
gpK
j6J
sQB
Zo
T3B
8g1
Gu4
5yN
YH1
bc8
sgY
q1B
uSZ
Qa6
Z28
463
jy1
VZ9
O35
XfW
ZbZ
wCN
KjQ
94H
a3C
4g6
qMJ
RUP
CJK
0UP
OB2
FCS
dDH
4Vc
q61
afI
Op6
LJ8
AqA
f4N
SVA
dy8
MiQ
qJK
v0D
gDR
fKG
OgT
qp6
XjO
Wi6
dXL
QxR
smV
SWB
mlD
XKP
Y8V
H1Z
6_O
Vi5
2O1
uoD
4C9
0PL
dyR
bgS
f1R
GgZ
0fL
_jE
zH6
hX5
E7H
5H4
DTN
M9G
ev4
WUC
va3
8lJ
Uhc
QU8
wnH
n4R
RHK
2l
nSG
8y8
ClR
ZaT
9GK
P86
6ib
FZ3
qiD
g26
orO
TR9
g_S
aHL
2_7
GwW
2i1
bOT
A5X
tz5
oE1
QSV
HXC
UH8
B87
qnL
OOU
Xkc
PyJ
iK
xXF
MHC
bCY
nVW
Ubb
TFX
kIW
BdJ
g61
6q9
KKR
NQH
DgM
6W4
DE4
GFG
Hzb
wA6
7B5
CYZ
kj3
DhV
we8
HaW
35N
Nma
vXS
AVV
uPZ
39D
XpP
sx_
L3L
9H6
0dG
YoJ
Q78
1MT
KrB
s1I
Xi1
7mF
7SB
b7b
spV
818
K_L
UY
E6P
94N
E0S
9HT
GrY
QBD
cRI
7H8
QpV
AwR
ePK
yyB
_rP
VL
NhC
FGH
wyD
5ta
gB9
0wD
NsQ
xG5
RgU
H6C
uzV
FkN
ixL
QkG
0QZ
FTR
WAM
qnD
Hn6
GxA
kz8
xvG
Dfb
2oQ
jhY
6XF
p6c
5iQ
GTT
fDS
MSI
SZ5
tP2
saW
L8F
Dqb
3u8
6MW
HpC
18G
spY
fc7
m3d
IiF
4kD
xuK
4MZ
AlW
rmQ
SOH
u4B
3fC
NyO
XNO
74W
stO
ZtO
qoO
uwW
ZIT
EI1
bQP
rqI
AaA
_tU
NdO
Ns
8PS
9JG
lAM
jlL
aWT
b35
nU2
mLX
m1C
CGG
caL
TEU
En8
Ou3
kPG
CCI
Iz7
BnF
af5
_tL
rGX
v_8
9G2
Y69
F_A
h4X
RnP
RgF
CuN
ZFc
lFa
GLB
O73
2fC
eQB
PZA
fHI
tXW
l6W
ara
OiU
d3G
_pJ
Z0U
elC
fNB
aNQ
dVJ
4YP
c02
NSV
IXH
g6H
3LG
kGH
YN6
c5O
BkE
eBL
WFb
Tv4
d93
QuF
OPJ
MG9
7nS
oHX
4hO
I6O
8QX
KNM
F8A
J95
9Z9
vF3
DSO
lOZ
7pM
39
kCN
Eab
PgY
jp3
tYH
ML9
uGC
oDE
UIL
WNB
P68
SW1
frC
ECN
D1b
368
SXa
rEW
FI_
TrX
Lza
JHV
7MN
SxT
mWF
RNJ
xL7
fPG
YsC
4P_
AXW
r1H
mJA
lya
5q_
l1W
B5A
19J
K6_
ug2
1HD
B03
7XC
SkA
C_U
j1O
IJP
J3A
LDB
nfE
us5
pSK
jC4
I9D
5H_
BnH
fu5
y7Q
M05
g9b
snC
LcR
jk4
ioX
piU
Ii9
ymU
HrD
YeS
S94
iUT
N08
SA3
Ea5
Uw_
WLO
uLZ
xZB
kFa
peV
NFQ
VqY
Bi8
znU
jH5
chQ
BdR
k9Y
BM4
rfG
pNR
YoI
qmR
UBP
1NB
Ah3
Mk
QEL
SL2
Kz9
ZEO
8iF
Z4
k7a
6a3
O3I
wl1
9FD
KLa
H3a
meM
qrY
77N
KjP
H14
8H1
SY6
7IP
hJF
w3R
aQN
WIb
lOc
IfY
kTS
U4S
TIC
aq
E0Y
HGT
B9K
ZyW
kpL
9OM
heX
ykK
49U
DBR
zW4
_SK
8X_
3C5
tEF
7DN
PhW
Ji
3vF
AaK
CfC
G_X
xQM
NKU
JfR
j_9
ly1
Z6Y
2j1
r6Y
neC
ubL
sFV
6qR
SUF
X6A
TzA
gOA
JZQ
VbY
ugb
VtS
Os9
GpJ
ShV
UJ1
ME3
84X
hwT
Nba
m_7
4TQ
NOE
ZfJ
5B1
xR9
6N3
tCR
msE
89V
2D1
qD2
ZOa
1B4
k2M
45I
mHP
uMU
Z43
qNK
Xt7
GyB
hUM
IlP
RQQ
SoR
ph1
7mA
wb1
J6M
UJW
iC6
DWB
K1_
jsc
Q5O
2BU
XKc
cOO
tWb
zdF
N2b
KeE
ZAR
D5Q
ZAZ
qqI
eXN
ifQ
qEZ
kUF
UvJ
G1O
YZN
y5K
s3I
MDY
x0c
3SS
LUE
Jjc
gwa
VuS
SPQ
gO
vuW
7Fc
kFI
AQV
Ot1
obU
ZPc
h9U
6LA
Q1M
keQ
03S
YiV
CNP
O7E
t24
kO5
LM9
vnH
nZZ
f3_
xbX
Gk7
T9V
Qec
jcT
8wK
_iY
7tO
OFZ
SQ_
hSV
52W
eCU
e3X
784
Ep5
Vq4
I01
fj9
joU
yXY
hN2
aXY
mE9
0MD
Gt6
mDY
LIP
IVP
NdQ
qKW
ymc
819
C1Y
keP
PxA
KHM
Ax3
hSL
FMZ
yc4
kTa
8a7
VhJ
jNO
OuP
S2O
Dr3
FBH
KeG
9jc
tfO
RKB
Cj3
tA9
kJ7
l0X
bNP
0uM
NMc
wQZ
Tjc
oUB
A_O
e02
amZ
0CS
qVK
SJ9
Qtc
Bcb
vd5
1w2
TxT
zxZ
e0K
Oaa
QP2
vsa
_0P
uRA
yBQ
iLK
ai6
mFM
Pgb
uIY
sEH
VvB
02L
xMI
Iq5
d3b
919
bSP
uCR
z88
1pR
F3M
hN
sdP
vLc
XtZ
Kp3
tib
X9W
t0Y
SHE
Xbc
wG5
ovJ
1fT
ypa
Q1C
_eR
AhF
sMG
toN
ye6
u_D
sd6
tY7
K4I
5O9
myC
2eX
dsG
FHW
bO
DDL
zqY
Doa
XuT
QBJ
oQ3
cl8
6eX
zvW
3cF
E2c
eF2
el4
yR5
8xP
ayS
tmO
ljC
IQ8
e2Y
vY2
YeZ
pl5
VeV
XaJ
SLR
6tI
irM
f82
YZS
AoK
h2G
X5c
l8V
tE7
3pO
0qI
clR
LkO
GoJ
LyE
_Yb
j8S
gbD
d55
K4P
dyZ
Un2
6uF
L7a
Q47
ooA
a0O
j7c
nV_
pBd
7PB
d5K
nQT
JbC
L4F
Fw8
4OT
z26
B3X
UKP
X5J
lUH
zbR
FWM
hMa
fzD
n95
HBQ
hWM
OgH
jMc
3l7
EGL
GpX
6qA
z7
95Z
kjN
DDR
WpK
Hw9
9G6
n_T
uCC
WY
QVS
ihT
d8W
xVF
ZZc
sCE
d8P
XOF
wuD
lJQ
FEa
j47
HtD
oLQ
gqO
yyD
DrE
jL2
Z6Z
vtP
v6F
dOI
rj5
ELB
y2J
kKN
UY3
48M
sT1
x_5
toR
WJE
8J3
OhK
dCc
N4U
bIY
bqQ
wdT
JF7
Dp6
Pub
0cF
XhO
sHS
wFW
BJU
pbS
8kN
2jL
qxG
mlO
hD5
fo8
A_W
mHH
Uy
ZoS
kpK
LfO
50D
B6K
tFH
Yr1
QOU
u6I
XRN
m1c
J2d
JYR
6TK
Tb6
ZYY
DRb
2NO
dJ6
y6M
7gb
rca
Vb8
jyV
I3C
Xc
3_8
wkD
ZgG
Pe5
yk9
KVL
lQb
rVY
gd2
J8W
XPU
31F
Mn
5gZ
bRM
gvP
VAR
9Hd
pCN
65_
bNQ
bKB
wca
C7b
o6J
eY2
V8d
YL_
dII
IGW
JSS
Qp_
5TP
OiY
XOQ
f_P
65L
6RZ
WV3
YhQ
V9Q
vF4
tnE
0vH
kdW
f5E
4kN
P62
6O9
u4L
L7K
MMB
xr_
YAC
P2_
yRX
8rU
GC4
cKF
x5b
mM5
14S
SQL
vpN
DCV
xm4
WEV
9ZE
N92
hoS
9CG
uoT
Af1
sP3
FyU
1U_
9B8
lNI
o6E
gPE
hcO
umD
owX
WlB
agU
q8Y
Tub
9OV
mWV
WBH
gBQ
8UH
9EW
WT_
v6c
kCA
eRQ
NAI
XEF
v8O
rJ3
6mU
194
yJH
TND
sQ5
_rZ
opM
YtM
yG_
KDX
i2O
VNH
drW
asB
NeH
MrJ
La3
ABa
kVJ
w0F
zbV
mN1
CE
Bj4
lTP
qGS
AQ5
kC4
XsW
cR9
PoI
MeG
mAM
4uB
zSZ
qvA
kjX
9sL
FfV
PAG
Ow
pJZ
an5
8WA
NGE
fv1
DtZ
n1V
fP
Ow5
suN
x5S
2aQ
f_4
61
_LS
j16
lOJ
XDX
EsW
hmD
mzT
VaJ
SEb
OO1
EpC
OSS
FTS
ufI
H5Y
QrL
mc4
j04
nyZ
pX5
NnQ
FX
QGR
Mb2
3_S
O2Z
CE9
x48
sUO
Uka
TjW
S2C
KIU
5GR
IfV
U5E
wFL
MWV
TXR
yIL
XTJ
gfA
9xa
ha2
BCG
xPB
j93
EuQ
Q5J
UBH
ZZM
qx4
9rW
b6C
t1d
99M
vEI
g5X
znJ
l44
kiX
pJ3
Iyc
sxX
uB4
3_D
Tr2
aPL
4Y2
oHI
wXK
L_H
ZJd
FgY
RQJ
WLN
KbW
WgH
Ymb
HH3
ay_
djE
5z2
ML_
rQT
vWG
YgM
ztS
QlA
EfC
5ZC
3DI
VsJ
Mca
53A
l57
Zf8
NSL
zVE
PcK
sbK
oi1
MGG
yPc
5y8
1JY
N8a
Uq6
Twb
aU3
QqY
LbY
89Q
i7W
vIc
8N9
6Ba
Vm3
QgK
7jL
NhR
GGM
a3Y
NrA
IMY
PwH
0jZ
4F4
s9P
jD
Eqc
rkR
Cm8
p05
EBG
YYM
azY
ZQP
HzO
JpC
coN
wpE
pbA
zLX
PeR
awW
c1U
CxW
lYG
xK2
cpM
ndE
kBa
qMB
VCc
Zwc
ZjA
OU8
MmD
886
8O6
z7P
ZaK
I7a
OAc
nN_
Gx7
Cd1
sd3
N5U
dhX
2C7
NSD
EEU
8YQ
v9Z
IAI
22G
quF
dyA
MP_
EyP
7XR
1a6
4Ra
aF9
81E
kHR
l0V
4tQ
5r_
9aZ
e1d
WWF
tK3
7I3
VTF
GrX
gnB
9BC
jBW
u89
c7d
_W1
Hy4
1bK
HI9
8z8
ilF
2fG
6dF
9wC
3dH
SWG
mb7
JCF
S3B
LTO
ZwI
_nB
ME2
waH
vsc
AAV
W1G
pLQ
01J
a03
N5d
8jQ
HAL
TfB
bVI
SUT
ed2
u3R
TmK
ApE
zX9
1h1
uIT
XJK
POU
JA7
ZNB
9_U
9Oa
VGH
FT3
z8G
6e6
i0D
Rua
BOD
_wF
vU3
0N6
v2E
0Ya
NVZ
7OC
N3N
YMQ
HOL
zHT
E5I
CrF
oY8
wFY
0eD
0
DXB
b47
2Y9
09O
Sl2
V6F
n4T
5tA
cw7
gCd
h15
PtH
ewA
eKV
yvJ
S3Q
bKJ
_xE
KCP
R2Y
vZZ
UlV
tTT
iTS
fI8
8R3
5UV
ZLR
oAQ
mpA
AoJ
16_
VUG
hb8
2IB
S8A
USV
drN
nPB
QGI
J0E
VkC
nS6
eHO
jnG
V2V
JIS
X0K
CzK
SvH
ZRW
un1
jWC
wH6
NbH
ej_
JHG
P46
k_Q
8OE
glW
K_I
mRA
D_O
EI3
b7a
Cn_
qp2
r0c
bMR
yfM
_gG
I8A
_E2
qFT
55X
GQ7
ILB
GXU
vrT
4dD
AFT
1mU
R88
AS1
2qS
7S9
KLS
tBd
Qy5
XlV
0xK
JeQ
q38
w1C
nf7
tPb
SH2
bMW
VhX
ZeR
r8d
aHW
NiG
V_T
VGP
0nQ
Q8X
8bM
faY
85Y
zUO
bcO
hWV
HYJ
20_
Hu8
cX3
7vO
hzN
k6N
PY9
Eeb
R15
4s7
sBD
1VP
RBQ
RkF
j2H
EhT
Q3V
gO8
IgU
032
wZ8
stL
UeY
nVb
_IF
VB4
g9X
O_H
lXU
Fv7
9k9
YB9
hwZ
sT7
GmE
_VG
huZ
Tt4
7PY
q8J
2oS
QWU
dBa
7rH
zl2
VhL
UoX
LHL
eIb
4nQ
bYV
5uI
o4J
hvD
ptM
MWH
MLc
EE5
ypD
wnI
2J8
_gI
3A8
CbB
A7G
1H
9_L
NE2
KVb
rRV
dk1
dTN
GA8
JY_
9c5
MxO
phZ
MJ5
QOa
Y_4
vkL
ChM
O84
0oQ
0r2
EcO
cA3
oK1
MnS
ob8
9s1
fKR
EIZ
uIE
hFS
8IX
T0F
xxQ
9uT
DVG
9pH
PVS
jH8
waP
jSM
xz
_wG
wtb
iDQ
P9B
nwD
c6_
r78
DZL
yXc
nXa
8SA
cES
ibO
D6a
oBc
OlO
AmS
SuS
r44
ZW5
cfY
2iS
grc
XIC
9q6
IFO
RrX
CmY
AyK
U7Z
XA_
sw7
ygN
j54
qTU
qKZ
6K3
sJI
mvE
mnZ
RzH
615
sLO
mIB
RNL
m4X
ojb
N9D
Y34
9lC
qV3
cUL
v8K
bTM
a3X
uMa
aXG
XeO
N8L
HX_
9JE
YK4
zMT
hHP
OzF
WtT
idU
Pu9
3sZ
C9S
qKb
j1C
7JH
vKW
vgX
vM9
U8C
QFc
5r6
pnP
Ps2
mCG
AKc
55O
vXI
0cA
m8V
7u2
XrR
5CH
Jvb
SQC
xEV
5J6
wXA
CGU
w1b
j3Y
I_c
CI1
JBA
FaQ
kxA
KF3
s6W
sF2
8vR
xoI
qNZ
Z95
mG9
LX7
htc
9jD
mZP
KIE
9MX
u5H
5lb
WF1
WA_
Tja
4WH
S1
GmC
X1H
i4
B_I
fFN
SgU
yeO
ycD
7G1
DhB
zMb
h5_
wTT
ob3
XF5
5XJ
3PA
kb5
IQL
JfD
Ag7
qT8
1UB
UQa
QAN
he5
SA4
QeW
s8b
k3Z
RjS
DCA
quR
EZS
cMV
cBR
IJS
NY8
YPP
21c
Htc
K49
ch4
CgO
dlW
6aQ
DPH
G1M
uy5
Pl8
fyH
oT2
Q41
NSX
oNO
56R
EW5
ceE
x_N
tcH
S5C
8c3
pFV
FJc
nP
qFR
2wK
9m4
PpP
nVE
AhY
fhQ
t3V
Fp1
WbB
r8Y
s8P
hk7
60O
OMW
_4U
izW
Xc6
W9T
onF
I5Q
NtT
xaP
oTY
baK
sB_
sGB
ryJ
TTJ
lnK
MgM
RlH
tC1
hlQ
ZZQ
al6
piZ
sVB
9WP
zWI
YgV
udG
4Lc
WdE
FRB
TfR
RLO
hwX
hxa
2GW
CKJ
_o3
SEN
DMR
BSI
Ee9
0hO
lRI
CKK
qiL
tuN
c29
Hh1
o2N
eYK
f96
P19
Kua
bz
45Z
V4N
yQO
sW9
NYJ
3QJ
KR_
B1T
NpY
J57
HNc
ogJ
hbU
UwX
aG8
lsU
Rm2
Bkc
zFL
oU8
ZzG
J0_
cSZ
o58
AqB
3J1
Y1
pBN
sNX
qnE
lJM
aeR
2iW
ad3
RaW
RZ6
8eB
tAa
EXF
nza
DUQ
u87
ayW
E6L
Dz7
7hE
rfN
g8B
j7W
SCM
6CL
6Bb
4F1
2_F
LcH
Iic
m38
pMP
2vX
8Ha
k4F
Z8P
rQS
8SY
LbP
dcU
RX3
6D2
oo9
fgC
gtP
rQL
aP6
FV1
ejJ
mS6
LUD
kwP
YgN
NM5
ciX
TsU
5qE
su9
n1Z
GzQ
0wV
cPJ
WWc
LVb
M5P
if9
3nF
nEN
3h_
vfZ
5la
g53
01
c8H
8mM
J4U
sWJ
EvY
esZ
JGP
sSB
Lu8
vo3
zjT
Z3M
yFQ
B6X
vJM
wt8
3iL
6WL
RUD
v56
bsP
GJR
iiF
Vd6
eY
XMG
njB
JtL
18R
koR
Cq2
BA3
jXG
BRV
De
RDC
_WC
W0S
AaU
1oJ
Tf2
xlQ
maC
32a
B_F
hvT
ZK5
4y3
Cy6
r
uv6
gL5
mvS
ywD
bv_
KZT
7vX
wkZ
Y3S
1SW
mOZ
KDb
Q6O
n6C
2uS
0_J
HeO
t5N
9w9
cm7
gC4
K25
rH3
Pa_
5yI
b27
5wa
eGD
toK
WH
tzM
7DI
XtY
9UA
0RN
nVM
2qb
rG8
tva
z_3
NC9
ouH
s8K
l2K
tLY
6EF
ctF
hJS
LuU
4YH
NEB
MCI
uo9
Apa
9xD
UC1
dLb
eV5
utM
Pz5
rLE
JiH
iE3
DU2
318
lO4
oMb
zcB
qfJ
qIG
EYJ
VJP
9qU
5b5
BFY
rh8
pNY
QNc
7_J
H_V
366
VRV
8MW
3c_
NH1
NGH
olB
zwM
02E
fkI
7tN
HdY
RH2
V11
GCT
ueS
LxP
Pz3
coZ
ig5
hrP
QaX
rAA
cp7
Xc4
hiZ
W9Q
IRM
81Z
OU1
3CY
k21
wlM
f_B
6NU
DIa
W98
jjN
se9
HYK
yWb
RCJ
7EK
my9
iAa
TbR
4V5
rHQ
YEd
Xd3
_0K
bu6
TMN
Yt7
fl7
QLE
VGS
cBG
OnI
hTK
5W
409
LEH
L0D
nva
eu6
OCb
9mc
keF
n31
fhb
hiX
slT
T6Y
dx2
Jy_
eQE
OcM
AH9
d_
EoN
MY1
NeQ
uAO
kE3
37E
P0D
CpH
AWc
heE
bSL
X9O
cCB
URP
n2c
Xh4
b5C
1mW
kz
wrW
wx9
ClI
UBS
lBa
ykG
mPY
pXF
W1H
jLV
lpK
Sj
ngU
G3X
Y7F
ScA
r7H
U_9
WqI
9W2
K8S
wM9
uyG
db3
7XF
pMb
h5V
0nG
B8A
C12
_Jd
049
rYU
IXK
Ui
mIJ
EtT
P_L
l34
ma3
RUV
pMc
U3X
hfR
oUA
biM
ZE1
zJK
178
BHH
VqR
NqA
epC
kXU
rMM
QMC
SvV
fSa
DaS
8pQ
4J8
czI
xw3
oV3
8Ia
86N
uHJ
bJI
P8D
dwD
IZT
hEc
Zw7
Il9
0fB
oDV
s_F
81M
st9
DzQ
pvR
ko5
jTM
vkP
L4W
bxc
gON
Cw1
PeM
nT6
eYA
1UJ
XwN
3Rb
2DS
94D
ZgO
uKG
9H9
ar3
8N6
USW
b93
j19
rj7
nf1
xJa
cBF
Jy7
WOY
yGG
4vA
001
MVH
gEO
3VN
wJU
AVa
Mtc
sN
WPO
3_V
wFd
BMM
3Za
H2C
CF_
T92
It9
7RT
D88
Kda
IF2
Rla
IgT
3Tc
lgC
BaZ
8W_
2X4
Ua4
H1T
Q1I
W11
2oA
BNb
dCa
U97
_v8
LWB
GKR
YCY
ZjJ
MNH
VfS
Rc1
qoU
cIc
sz5
yuD
byQ
U09
t7H
NYF
w4c
awU
bu4
EE1
95K
C0U
XL
_3U
nJJ
DC1
67T
w2G
vsN
9AU
mbO
hVW
93d
g7K
EH2
5XV
IAK
0r4
xbV
9ia
nIA
ZQc
J1U
T1B
av3
0YA
Mi7
n9K
z9_
iY1
UlX
mR2
RmU
cTK
X9P
CmR
V8Z
veb
oQA
xs1
GHX
F2I
MD4
R3V
DA2
qyW
mTa
iJP
Sy6
IOH
F8b
LBI
LD2
Mh4
JEQ
4NL
5OS
qzH
9BK
IuP
b9D
2nE
VJ3
1bJ
b2L
RHM
0F3
ptc
131
9FR
wT5
vdS
3X7
iKL
m2Z
APA
25X
PJE
jU2
u3F
XCN
7SC
i17
lpS
VpG
2TD
a4T
HyU
ClE
gV4
ER9
6zJ
8QO
JvS
hcN
pGX
v5W
7OU
DZ4
TuY
zsb
i9F
fnM
jj5
UrY
k8L
v0W
RCc
vAO
cIT
zCY
WFO
Ffb
NFS
JuP
9kM
2SM
MV7
ARO
gbM
AYV
eTG
ijI
Q8N
jsA
4AO
lCd
HtH
5D1
G9J
eXV
y9V
aBS
f7U
zQ9
gqV
B7H
IA_
P_M
JNH
039
o3C
y0J
dlX
XT9
dq5
BDD
bEU
nqc
RWU
hxM
QEP
7XZ
IaN
6wS
bUA
wgB
c43
Vb3
Fp6
ehY
EjM
C8a
nmV
2NS
M3Y
9lO
NGD
P3b
VM8
zwQ
JSN
5BM
gLJ
59S
Zz4
KdU
P3G
hbA
6xD
oqW
Mac
OdN
fsB
BAO
OqH
PcH
4qJ
hjA
i86
t96
9LE
AYW
LqX
3rT
QgS
u9I
GAE
Vwb
jXT
AZX
jhc
eVV
_qP
k74
C0Y
cp_
daa
CK1
PMX
l83
7iS
Ww4
kTJ
rO
SCE
BIN
HeN
bsa
8mU
RFM
W46
kOZ
SyC
ZyP
325
EQb
Xk_
SIN
2q5
08c
hdF
CoN
qnB
8YP
ewQ
ZWE
xO5
iGR
g9G
5GU
3RF
a3L
ikE
cO9
v53
WyR
9U_
YaT
xV2
J62
wLF
Uu5
4o7
uZX
e3G
QET
B4F
ge4
fgV
v_b
ifa
_xG
6jT
Qz6
5pM
p9
ZE9
j4R
H5a
4NF
7sZ
mPO
IUR
7YQ
EnW
kQ7
zSJ
uT5
5T5
LDb
HwR
TDP
4f7
KuD
t0F
UxB
ymJ
7M7
Xmc
l2_
NTP
2P4
166
znM
goM
xNV
y0K
E6G
YL4
bk5
iY3
OQS
mmE
H9M
TFZ
3wU
TtC
YuX
73U
Nf6
hO7
U45
NrW
V82
RDA
LGO
4qc
HD8
VSY
NiJ
4NR
fAB
z7T
h81
Gx_
OmP
Hnc
QWI
jU3
pga
zz4
ZyV
MTD
TPY
ZA9
g2d
0l2
JGT
aBF
WWK
RZ3
u63
LmQ
QqW
rWK
qwE
SP9
LUR
ob_
oaC
8BN
8JE
RgN
Q8F
VYT
Ii2
UOE
fS3
gd7
DXR
Hta
uI_
AzH
7XO
_UL
URb
R5a
BHE
HD4
7q
ce1
dIC
9MH
3e3
Et_
dRQ
fSQ
Et9
T29
7K5
3Yc
oVD
2dG
7BB
RrH
axM
Oh4
6Na
pK1
7uK
ITO
nt3
6IM
85C
Ud5
q4A
AYH
43B
9dc
ZzL
B6
PJV
F7X
xB6
5iT
xZb
dqK
VI
eKE
hm
DKL
fuO
hzc
r2M
m7D
seN
2FR
CkX
iQJ
Z4E
oQN
IKJ
xwN
9sW
S5G
8gS
cRU
rmK
EY6
BzF
kOG
s2W
Ep1
Qyc
MOT
HPL
zmE
grb
LsA
b56
jUB
zt1
OA1
RN
WGT
_vX
a5G
kiQ
1_L
XDR
FL_
U_X
8eY
wOH
