32272
47620
47626
8736
46135
42529
42533
42808
42522
47621
8734
46132
16201
32262
42810
42811
46128
28633
47639
34949
32268
28635
32275
42531
42528
28639
47623
34944
42805
46122
34956
16212
8721
16206
8728
42525
32274
46123
8738
16208
47622
34950
28626
8731
42537
42801
8722
46120
47627
32265
16200
34945
8723
46133
8720
32266
34953
47633
34951
42817
16213
42813
8735
47632
28634
47631
42806
28636
28630
8727
32264
8737
42814
47630
34955
32270
28621
46124
34954
8739
47635
46136
42530
42523
8733
42802
46127
16219
16211
34943
28620
32276
16203
32261
42524
42534
34952
28624
16218
42807
42804
16215
28623
42816
46129
16207
46139
47634
46121
34958
8725
42539
47629
46126
42815
28628
28637
42520
32269
47628
8726
42536
32267
42809
8724
16210
34942
28632
32277
42800
16205
34941
28631
8732
47624
42818
47637
47638
46130
28638
28629
16214
32260
46134
16216
42803
42812
46125
42527
34940
28622
16217
34948
42819
46137
16204
28625
34959
34957
32271
32263
32278
34946
42538
8729
46138
42521
42535
47636
32279
47625
34947
16202
46131
42532
42526
16209
32273
8730
28627
4955
4952
4948
28268
4943
28279
28267
4950
4949
28264
28272
28275
4947
28261
4945
4940
28263
4951
28269
28271
