29551
17160
44516
19126
59775
41647
74930
75226
11320
19608
97382
78212
70182
62057
84929
94025
80431
50876
25216
93485
75726
2478
44720
26287
91601
44277
79774
98171
54311
1261
70277
60018
5075
83495
41669
27942
84922
65976
26440
28936
58822
74084
51843
48577
13976
95273
76952
60123
35705
16133
21612
34851
92753
44513
63268
43025
64509
78929
33158
21157
829
37817
42192
43683
97517
65725
82501
47300
33478
6386
47437
69418
70008
78830
69594
5038
95876
6777
89461
54894
18624
27131
6694
85372
20815
72822
28746
81454
80627
73822
83624
35751
36435
35917
46468
89976
17115
11731
95995
11135
66704
95349
483
43946
46713
83158
45112
1319
17495
16498
79070
7717
88956
28738
30777
68568
16602
42512
56859
