MTL
BHS
JXA
KGB
AE
GHQ
FWV
BAY
CJZ
NTO
JTF
MHY
AUO
FNA
FCM
FPM
HJM
GBP
MUK
DYQ
FAE
MDV
JXZ
GQH
LBV
LFB
ML
MBG
BOV
GFW
DXW
GES
EFU
GDG
NRS
BQW
HBX
IUR
NNL
JBC
MXW
JXJ
CJV
FUW
LB
FIM
GBM
ALZ
MXT
KUD
GVS
HI
GFY
IJO
DBR
IQI
AZR
DUB
NIZ
IEY
BC
IGH
EPU
LAY
CYB
CUL
JSI
EMP
MGR
KNC
GJZ
KLR
BNE
CBI
AAB
AWW
DBX
EHE
DED
NJW
KDU
KTZ
ANT
JSO
CS
NA
CSI
BWY
EHX
GNG
ENR
GZ
FRA
LF
MKH
GOQ
GOO
DEP
FCO
FKV
HQO
PB
MZR
FUI
GJC
CJM
DGB
GPO
BMK
NK
GPR
HTP
DVN
NGK
DVA
LJT
DXE
FRP
HJN
HSU
IDU
ALB
FTL
HDH
HJY
HDA
BCK
AMJ
AJS
MYF
AUT
NML
IWN
NLH
JHP
LDG
FFD
GPY
DMM
DZJ
UW
GR
MCT
BR
JCE
ASY
ACA
DIY
CAG
JRU
ENO
GVF
MDN
HGO
MPZ
EEJ
NGM
ACU
NJS
JPV
MYC
DLH
KZJ
MQE
ILZ
FGC
FCE
DZS
RE
HUE
JJP
DD
NOJ
EKE
CIS
IW
HCG
JGG
DOL
FDH
DZN
GNK
HYC
EQO
JRD
MCD
AT
GXU
GAQ
JLV
ASV
DYK
EMV
WF
BCP
DKS
GSK
NAC
BMU
FSP
HIX
IHP
JQE
GLR
ECN
GZM
CAY
FXS
MVO
MVM
IYP
LTE
MMF
CBR
HKW
DCS
NKR
BWT
MKE
MFO
IDM
EDJ
MPQ
CHD
ENJ
CMG
KVW
JWG
FIJ
CCJ
BMF
FGA
FPC
LCN
LME
MDE
DSK
BGB
LGT
MOT
JBB
KEM
LJA
DIX
MUI
LVX
LIL
AST
JJB
BMN
AWL
KYD
DJY
JHX
MAW
CRA
MYH
FIZ
DSO
MZL
IJS
FHP
AMZ
LDY
CTL
JLF
LZT
HUV
IED
EK
DQE
COB
HUB
LMR
KBW
IIE
JTG
JBP
AKD
BFR
CZO
KUG
AKZ
ITL
JEC
WZ
APN
EYW
AGK
IXL
DTI
FWW
ISA
BRM
LRM
MFT
LWG
IUB
RM
GDN
JYK
HE
KTG
FKL
JYA
KIX
BGS
IPK
LMW
MQW
MDS
IQD
IFN
AZJ
EM
IYR
KMC
CWF
IWT
HST
BYS
NGB
HMR
FNU
KCD
ANP
AOW
NRH
KRT
AAI
LK
GDT
KFO
JCS
FPA
NZ
HNU
NCI
FRI
KEG
