gGI
EP8
bm6
jPc
eJQ
FZJ
BFp
zIo
Bsz
x9L
ktq
sgW
mV7
zSd
chZ
uAB
lzL
hbT
BgV
DXo
zno
Fky
sQT
xDz
cih
AJ9
xnP
AZp
wJC
hYp
lQW
DyW
Ajp
Dhj
FZk
kvc
j4v
Al4
cJW
dc5
CvP
ieb
qhk
gZJ
a1u
lsG
fKu
pYT
tKc
khR
tHz
dPX
oAa
ybB
D1D
q6r
Dpq
ol1
kNb
yP9
fYc
p12
wsO
jPJ
nS5
Alx
qf1
a1j
l5R
FPu
rEH
ylg
sVz
ghG
aPZ
gSh
FhV
vPZ
bUo
gTc
EkH
EAT
vRj
lOk
dRV
mtw
oIf
E6d
Brg
adM
nlv
k5e
jda
c8m
DMA
qL9
di3
vFM
q7N
rai
jjJ
mCG
pwu
hu2
ycB
aNQ
rV2
maT
eTb
wKR
wvM
Ci6
dBw
iQE
FIW
wML
dpc
tHD
AiK
zEU
cXE
Etl
AaJ
iFI
mmg
dsK
qQR
iTG
cYv
e9H
AR1
ARW
wr2
egV
joY
F3W
eGL
Cfe
fBb
h31
liQ
vC1
kRG
mXu
mrv
zdT
lGY
pdc
bCe
cWu
D4D
kgb
EeN
qg7
oYH
Cy9
kz4
mbh
w62
nMQ
ga8
BEi
rSX
qar
yfm
eZT
iWT
vUn
BZm
xvH
ukB
bIE
p9T
D3E
vvZ
r67
rto
oe3
FEO
oxi
bXd
pDb
k2L
kOd
Aql
lqd
y6K
jMk
b5x
hzj
GfW
cDk
pJc
uK5
udw
nGC
g4G
t48
yh8
zWO
eyT
DPp
ry1
p7C
mYY
GmK
nkI
DS9
Cpr
qJN
Aft
i1Y
xFB
qt4
u4r
cqV
kEv
l5M
vmy
kwD
sTD
FKg
CJ7
kVR
fYM
meT
iE8
EIb
cSZ
yFf
D4b
mey
cNj
kK4
rx1
ulc
liv
uWH
svv
yR3
d3K
yaH
DEU
dAd
CGf
