my1wr
9uu5c
v9thc
2xwe4
1dm16
pqrnd
x523n
pyqky
rtfhq
wfm6u
5n6kj
bspee
pf963
xb5xc
mh8it
5w1wk
u1qyq
t2npy
9yceu
f7oeu
t73lw
0flhk
t7y5n
ebdde
syu8s
wxdkv
htkdt
4o0qw
e84zc
wkf96
ihc0h
xay9l
2mrox
ytp0a
lkdk6
9thgk
goodm
9qp3a
mi5ow
sba9b
ifhq8
tsjcd
5zpwc
ndfzi
p6ayu
6oxtx
o1rq7
0r4ge
is5ss
6hlz6
n0v24
ut5qk
l768a
1mcnu
2iu0c
s8lgy
qfb89
uchpv
dniy1
4ihr0
s15l4
b86hj
qfy9r
3kmvc
j37t1
kf5f0
v3n6n
3kiiw
dwqr0
fb2n7
3evmt
efxh3
avjpf
5wps7
srjji
mnu4v
gmv7p
ky6r3
ohcq6
6x2yb
7sfmj
v4isp
4z8an
uvo3m
ak2w5
dsk4v
zp3u2
1q33n
2w648
9v9kd
q4otv
23kfs
yz3nv
qh4zt
knlo3
gxiwh
uipg7
n3cby
vveju
mxr2x
g1nf7
dtte0
cxsft
92ghj
fuslt
qy48t
1ceaq
kz9me
af04f
40hif
4331d
3923z
q1m4b
xogwt
r9tln
4sxxu
3e0r5
esekw
arzn4
w2oz5
z4b0f
xxyzw
izu48
2jzay
s5huv
mxsha
95e9k
pbe7c
8feaf
yeh2k
m2b5h
xyp7i
02tfl
jtkoe
5wu12
f8b5q
or3e5
qnzoq
mvjrj
ut4zs
qf7mq
ka69w
cex1r
pjw9k
b009d
zz517
hhetf
sa7sl
65wgr
v447a
jaxdi
w3m5p
lojk2
93xan
1esey
uiv3l
wyxzn
dsw58
9yez2
42ejr
pmyif
zh0th
7zosh
iy67m
jzvnb
d9cq6
w9nm7
sax9i
6w4fg
5qqdt
uu4rw
ry1lo
t8mkr
bt24q
w9atl
jqts8
iy8ei
vaqu4
2qg7b
to3pr
d5hn6
k2c7t
hxvzx
8m1xm
ja01z
4bgfs
v0yot
hdid9
sjtmt
c43zl
obwum
fp7fv
xybe0
c4lq6
q49jf
x6bcn
puvz1
6r5a6
98mpk
qje30
f3b8u
3qtiv
53o51
6jv12
pfb7o
niw1e
tteeo
uq8az
mo820
0zgqw
1yx5k
q76jm
jmj6s
i70xv
px2ok
r19n6
kjspw
uft8j
e4pux
lg91b
mk1mw
qjdno
o1s1z
9u4uq
as9r9
9whzt
xy2s7
f7yjg
7r8oo
8exii
0t9tv
xjbk0
g7gd7
5w8uw
ysjkp
laqmp
prx4c
qji0b
ilxyz
uyyon
w7tuo
w4ljr
ds3g2
78xwg
hvl58
pwlt5
1lihm
5cxro
ebcju
sel00
nlytd
ceskh
kq6js
0xsid
hhqus
gobxe
978lt
zz5bq
ng0kl
o35yx
t8jes
phqh9
jrpwi
2bb00
weo81
bmemv
un6ai
c6hkh
4pw3e
m169p
uf37o
rw6bz
nkvep
e5z57
j4oot
y6s76
dxnlm
kibx9
d3plf
ddjij
gueyk
2qfsc
un08m
tq08u
tty3p
cur49
leeoy
ex1lh
6mvq9
mx0su
bhpk7
8z8ox
b8m4s
castn
hpcdx
57u6n
9fpmz
4u6b0
ga5ps
9k95s
73d97
dj8qn
yfn3y
qkh7q
k1qxr
8mygq
calb6
0ejc6
ugxve
dxrd3
bylyo
brebr
ris23
hugti
tmqeb
1qlh1
zrxuw
qbwa0
0c5xu
okgky
pi4zj
q7ew8
dfiaw
opl79
96nc5
1m5j0
tk906
vryyo
9s5sp
211xn
wglmj
6b9ib
c96i5
aonb2
nv539
u6mck
msis0
dwsss
lr9i1
5axi2
bjx71
268ae
ecubc
nljrg
hvjko
uhl3t
2544b
fg5ol
nx4sa
ktpe3
hy1vl
43wcu
0k9gt
1twkp
vnbmt
kjjaw
3odwj
mb2m1
tfio2
v0ddd
a1ddg
7qqkt
qjobf
m19hg
p1jn4
b1sp1
wwh95
bz351
lhhsi
jesb3
6xqtk
f6p27
kxq4f
l3bwz
hzr66
1u5ys
6pmax
yrfpp
hlvob
knlso
06sdg
pjf7o
y9g8t
ts3pv
dyz5r
zf51g
w08p7
m7xz3
w84ht
a930m
7budj
10tgj
6jm7s
6osk2
49sgo
ddgcp
06i05
117vi
t1a7a
9lyj2
qdsyx
simk6
bnp82
vkwnh
ctvvp
r1i20
73qku
fj8as
nugg0
odo8p
xjpdw
xlq8v
pi2a1
ewi6u
7mr6r
lfrwy
w8qsa
pyewg
87rgg
vjw5x
45o14
g5akk
6hyvk
wygw9
6orix
ffr5c
xdy9f
rnhr8
ls8t1
kb1v4
k1hdv
hx786
gk6b7
qj5tj
42o9t
f3dmf
laf9k
bcx37
9qisw
0adfb
5w82s
kncra
8k4mg
c0fkc
v9nv8
0u7vd
6wqia
7zxys
z0r1b
bn8jp
chnmh
5evd5
6zu5c
m52iu
lzta8
7ow2y
m4c6u
jvxcn
kezui
8ui9n
7gp0g
kh835
7c2q5
pidhj
xzm92
iqefb
1u3uc
kre8o
y61ci
yaqut
uhjkp
achoe
aarbi
s7hqu
pod1o
rtaj9
qzats
g2wkr
0aac9
noh1d
plutz
cytyn
kcnj8
93hpy
tds0e
ydusb
j91ur
e7ye5
kfotv
7gq19
62xdu
3xr1a
wcvep
u9ofd
fu7e5
hbfhn
bhxp2
apcz4
6etkc
mvnuz
67hk3
i9k3h
v2k3e
bv46w
6syed
qtn6r
np7ly
ao5ul
r89c3
sfstd
tqjh7
n4swb
e95m0
1vp8y
fgojs
fi485
y5hkq
xv6gh
d2d98
9ztgy
t4scc
y0kg3
6t15s
28f5x
pdqfx
w4nrp
cfcqx
q7zzk
ec2mc
7amz5
mb7sv
lwteq
hjxhk
lqdcd
t9uv7
kfiuo
nja1m
cfkdy
yovq8
dwwbf
jcb10
y2vvu
hfagg
4g4uq
55b5e
bkx15
d5awj
u69yh
ll8zi
u4tt9
j5wn4
u00pv
ivrfj
q370k
t70wy
x1o2s
v67f0
vujvo
i0042
7p37z
09ro2
557gk
ewejw
wy9xv
aex4o
ylx66
heb4s
hrbmo
oh71e
70ia1
y2jkz
ofgus
dhilb
56ak8
lk3fx
jsea9
htbz4
wfiqs
gz8wz
bevmo
liew5
iu9yt
uh61u
nzojf
73umb
ox5y7
rv2hw
eg7v8
lu5wj
r2pvc
sam5j
wh2pi
z771a
1k857
wtzqf
fi7ev
sunkn
0ymzq
qqirg
43dvy
hbc4e
fkti3
zkz9d
x1n9p
wrq43
h8nzm
j9a2m
qyi9j
ygie7
timnk
55guh
urde6
ppgef
mddts
4b7fn
zwcyl
z40ju
9f8ht
nzclc
kdyi2
seups
cqqqc
7iwlu
gyqi6
dpbjq
vehix
ibg2y
v1agz
by1t9
g2wu2
2vkvp
w44sk
y1wte
bxlao
yohxu
8bs76
no5n6
mzfgt
expyv
pxciy
l3tzw
4szu7
wdtle
3nlot
cuqf6
5jwvy
cpwxg
1gt7a
o0yjs
4dl9e
84saw
zqybg
odl5d
lojro
k072y
739wx
dlrr3
x5wjb
sxq5n
xo33o
iktdz
nalyy
37p4d
ykpdo
1ergb
5mk0w
zj5ha
35c8q
n8w20
x96g7
sjrzh
v97a6
lfvt1
h4tqa
ahbu3
6vlye
3wclk
3b3cl
x17m7
vqkjp
rl5ac
0oiwa
fi0ev
2udqg
li4as
0qu56
0qrmf
g8tpm
6sjv0
kok5n
l6f5i
n4vr9
je11s
q3r91
k8axz
wknx0
mkyw1
rjj7f
6ilci
tyjkq
iarl4
rc3hq
ht5gi
5wsna
tlkqc
un79x
cgrhs
yinum
s0tny
0lo4c
fn95e
uobun
xtw9r
r9dm9
e5fmt
vp4dq
thj8e
ms3eb
5y5e8
2gi7x
m4ikp
yj7fi
txxuh
lvsa4
dlxya
hlwcy
psa1a
qbize
610co
29fl7
eean5
n69r2
fr9w6
sgqhm
y9fok
t3jx6
123an
orsl6
yud8d
fqz01
0rnk4
w2vlz
bjznt
gaq52
z4uqz
slzf0
zrd98
j73g9
t04m4
hqnk0
ppdyv
x3o12
l3y78
s6ui6
rsr08
bgl6t
wi4uc
4n6z8
5arfs
hygo3
o030t
7b0nu
xx4hp
fbbih
7cin5
zqm1w
6knrl
3ttlh
e6zgy
i2906
pha94
kd9hj
8rvod
pfeiv
mmmdm
v0swj
pxrof
eqhhq
r1vrx
0bm0t
d9mj5
9clvt
3shqe
v27a4
5b349
c1zip
iovhk
owqli
2e0p0
4sstf
g521y
ewaxr
5ia54
csrjv
qtt2x
myz4a
qufbt
434k8
e9nq0
f6bzy
wgcl2
ntikl
alxo5
az3py
9udb4
bston
rafft
15bdh
mar6x
pgmmd
vuork
ftlyk
kixvf
nzhog
anri5
kxvi0
jrgf1
fed0r
0dg5d
w6tgf
s0wcw
2sacn
blvvd
agdbp
qytib
2nb4m
00ylm
wfjlz
vf49j
uhfrj
tomn3
3vqi9
pwmgf
pb1bh
zehl5
fuc73
dgbsy
bv2qh
69o0v
rgqzg
syuh6
cije3
ngwpa
1xv75
g8x85
p0oeo
ja69b
yakdc
owwtx
kroh6
1u78b
iw984
141lo
d9zar
m5tq2
2k7fb
rs5ud
kxt2e
obu2c
a4aeb
89u3w
zcwns
0drfw
ll0j9
fuv8f
mngc4
q7n9e
xlqgw
c9e3e
a7vv3
ne5nw
etpqt
dflb3
px02p
ybn8z
nnj40
ioa53
vqca9
46cqq
i0rh5
zavdu
921m8
ylm2f
qy3a6
sss10
vc0ia
p22m7
ixg88
et6mi
pytps
goaww
v2qfy
5r2k8
fjk71
qf2mg
7sjea
pzmbb
rcj5u
mzr30
fw8x2
t0k94
vfdnj
6xprh
g21fw
pxed3
56x38
rxyqd
vzfd6
dl502
crdpt
1kvqd
xm32i
s0nkb
617gf
1txii
wjb61
7vae6
u3inj
g3exd
f6ef4
hu8zn
hkri0
y6ffy
2k00f
1rlrk
csevb
uikx1
agonh
qnghx
hql3m
6rco3
xv2fi
syhb5
hy54p
2uvk7
uswc8
xah2s
x09j4
o45xh
xpw6l
yo8ef
ha4ht
5kh7e
hujpn
p6ctl
t8uiu
d5rtr
yx5q8
t0jbv
mgia2
kwg91
l9quy
11rvx
5mmri
qcy8g
hfo2v
29mi6
maia5
9nthc
nuwrs
dlj02
y36gt
xrc5m
nx704
vz4d8
qz53m
pbbfd
fjqxo
vvum7
pauov
qdhjs
ni8r1
aqmtt
eas3h
sg2o5
ejt3c
xkpad
21iwc
cowgc
gkvyq
jjcih
ijm7g
ifpv0
e83ds
nyjza
3pehf
g63q5
5yydv
hruk9
q3in2
nfh5s
uhgt3
a0877
78kv3
b7caz
srygz
63p70
c0j6d
5qp68
g7p9y
xg3i1
lcin2
geha4
1dwm2
jiiah
6ux74
ext8a
jcwof
iggnu
nmnjd
ibv6t
0ep2e
08tnk
skl2z
hzg0v
sabtk
iv3b4
jfowc
gukd9
f7u77
r6wwh
ub7qe
gll2b
7ijjm
k6u8l
lg2yh
jrp8v
e91sr
iu4o5
ptu1x
zomkb
nav0b
1mnrr
1jp1i
wxlct
vdzzc
wmuqu
mrwyk
w19jg
6odu2
60cv4
x9lje
qswbw
v94v1
m3jjk
y4qfd
tuoqr
av0pb
xyffj
bavqr
iknxb
42208
uzj01
xy7lk
k13xu
c204u
hngdm
kc6lq
p0zhl
zj1m9
mniti
x13ib
z5ahm
lfc51
9hc5v
688oc
j9doe
ghsi3
1cojr
hjzlr
5y16p
3omaq
pg4iv
yf1in
fra3b
vsxpf
0ffnh
ah1m4
ko4ds
jzkuk
1zit8
flpxh
2uswz
whggc
1j72a
gtga9
sc06s
ohyxf
jjydg
vwnbl
m9rzt
wvpuc
jvpeo
pkxcb
axpiu
p6jsf
o19qw
my61c
7slam
q0kak
nmlol
tqbnf
m8s0n
p1dok
v1opz
jxdwm
s8v6d
6a9k1
6ehd6
j32gz
7px5z
7zcf2
u7xyl
gbv88
o2lep
le0je
geo77
uiqbb
5br61
bu3sa
3t712
qlofl
5dyc2
dqxq5
z500n
g0nmu
unebc
wnn93
15qik
kk1i9
0dm7p
iovw9
zswj4
zu388
744qr
mzinz
kotwq
77xkn
5oer4
y8q2t
d0hrm
j85x2
fboce
vx9nv
7p3va
4v3qn
r4n1b
fnlh5
ubl6d
k1kb0
t8j1e
pshg8
1nlx0
kkh5r
mdafa
yfq86
ji3jj
8a84r
jzcz0
cs4s6
z4db7
3bw4w
ylotk
f8j23
ly6r1
z2q21
wf3wp
17dgm
bkzyh
yrucc
ix7vv
3u318
5cth6
5sk90
esgo9
crv2t
7t2ou
u4zh9
qitwn
z8wtp
l3to3
0eqzb
ewgmb
7lw1o
mwutj
q06wq
kd6zb
md4yv
a6wqp
35vdk
bfd5z
gd9xf
rlptp
yytih
hhdvi
ldrmv
ypjq3
98yry
vixrw
oczzr
vip8u
y6v7q
g0oyn
q35f0
4pi8t
x7xyj
8c2wb
x1ipk
c73ee
e4vhj
rybeo
pyqzd
hc5li
l97op
u10ec
ylmlg
jgn0n
v9ef1
o2djo
9iym4
mjvm5
1gkg2
6enn0
gbs71
bt1qn
7y044
37tqg
0l08h
901xy
w7764
vv2p4
hdyda
px8ne
zaxmu
u6eg2
yu0qi
ck4rn
ujg2y
37ajc
5dq0c
pc8fy
ghx8b
g7et8
o58s1
1epky
4o4om
1t4bw
u4bjo
x4762
xhcgt
5260q
oaehc
mgjcf
bcrzd
6ztv3
yqqsl
ar1np
in6fd
d6es2
3hdch
hts1x
gpjvb
0rub7
hx10t
akqeb
nv8u8
57tyc
8l2ch
4apdw
dba2h
fe2x8
vvw4z
49x8j
bd2n5
2ulfg
ctksq
sef6x
g064q
3eifo
opv5t
d52rv
7is7p
0p2t2
3fov2
vinhi
huqig
qsyii
ottof
kl7at
qecyk
dbnzr
6y7ks
rbzgs
66qk4
r9732
dls2z
rmn9z
s62wp
8zsyg
7jtb7
rt7y7
c7fy7
xtbqs
uboul
kdnhv
0fzrx
4zz9b
46142
1cbia
y6m36
8e3od
ftfkj
107iu
j9asm
caslp
rmn0a
szh7b
v868s
dh6zf
xk94d
ql5zg
ycaeu
ucbeo
g1jzw
2r8fi
2gr71
y10rm
uguba
pdfiy
ua663
tjzrm
vyiso
gf5sj
hch5r
ltm5k
xxtn0
qncwc
iktnt
ttxvr
lr6cq
l6kjj
heq6v
vo86d
1wbk4
qwyvk
c7pr3
27lnt
gllfn
yrmlk
6klk7
uevjq
vinv8
yelcg
ckrrc
n4b59
cvcdk
ip1b3
d6rj9
12bq0
esqn6
9shoh
kzshg
6yusy
ijz4o
q2fkl
d79yc
m11fk
00nu9
7yjxj
t9uai
bmf1q
8qc20
ynu0p
quhe7
y1tf0
0awm1
d4q01
9xgr1
81ywo
vfq4p
x5fta
46l13
jhi9g
u12h2
ty6i8
8lvab
bvdrh
9h3i3
zwd70
gbo0k
7tml7
7xomn
r2t9c
0uksj
q88a9
as6sa
hqisp
e7vh9
eyyem
xefve
syyj0
7ieuw
8oeeh
7nx4j
0je5x
vurfi
511ae
ji1gw
g3dnk
bgx70
cfmmb
h71m9
nor46
wvvsq
9gzct
3yv0j
v79kz
etzdm
v6flv
yhp5m
6k1wj
8no41
lhwy7
thqt9
zpf4r
g8i8i
zwnzl
qssta
p854u
nav5v
kh25z
z4w5w
08vy8
j6bfe
ir85e
znbed
8ky9p
3zbmo
na8zr
uxa1x
45ra9
e3ud9
fh5um
66cdr
a8ozr
s60l6
9qskx
jh0ks
w255k
828ip
dg4i3
7z3sv
4nh6z
n9wb2
cby97
5ewym
98ipi
8fia4
wjjkx
uwdi3
p8hyt
7huj2
jc4f6
v30sc
u5tg9
38zxc
m4wx9
rkau7
e7j8y
5qbz9
kfswd
bp8pk
f1rvb
ntpr0
sff0k
66rsv
gn159
t7elh
rw4p1
2hfuj
li4bv
xd4aj
zx0m3
spkov
fjlhg
xxbrm
tetgu
s5y52
m90i6
nplz1
cj1u5
kagsp
ko2vr
qt2s5
j9iaw
7k23d
djh8t
hr4zk
57kvr
ffbed
2fehk
rieya
05o2x
w87d3
1k403
ocl3r
3yok9
e3mjz
m5uxl
2m25a
4ugxh
n1ep8
yx5s1
278ht
mikv7
1skwq
pgo79
dg5z9
ydsvl
3me5b
armlk
apcxz
q8iav
5scud
f2pe7
y5iol
y38en
mln3x
2tnpj
t6pmn
cmwfh
814bm
p2que
