49b8
5e88
88b
11749
2a38
140ec
c0f1
2945
fd2e
fc7a
bc08
292f
17615
da0d
15097
18878
17a8d
12113
66ed
14b5a
c3f
12248
9735
8f
f851
11a7f
fb87
8702
17477
12498
779c
f5aa
16ddb
16a40
b045
a1c7
f7c1
17501
33c2
ab47
97df
c0a8
bc57
5726
189fb
dc43
15af9
554f
136b8
12a97
b75f
f16e
8069
10116
89cc
144
1268d
645b
12556
13b30
9730
5e77
149e8
11088
119a4
1648f
f06f
948a
370b
651d
1408d
13fba
b50c
116c
1deb
15c23
7bb0
407c
106a0
63ff
22c2
e579
682
616a
322b
11dea
10001
10d66
1423
5694
aa11
199
14f6f
10bdf
10170
4f8d
3b16
1450a
11f64
1386f
461f
d95
56d7
a4b5
fe8e
a9b2
6513
4a96
c7f2
13497
14678
c143
1469e
86c6
c2f0
14942
fc08
561a
1174e
85db
5201
8be3
115cf
d89d
a6df
4f4c
17dfe
120cc
11709
18984
7659
7562
7a22
ba96
12db4
433c
1084f
4893
1800d
22d8
104d3
3839
c6f3
847e
fc80
8245
148be
bfe5
1753f
7728
12f34
13a80
17046
18392
8b85
167fb
12c4a
109ee
14382
7801
1ae5
17007
2f49
304d
13382
544d
123f3
11cf5
218c
1604
155ea
10677
79b
4758
d953
2230
16278
efbc
e1d9
17c38
f73f
828a
fee7
fa29
10147
d2fe
4033
4ee
13227
108ca
8c51
a183
f158
1755c
582a
220f
7fad
18142
262c
150e7
c8bd
5144
11dfa
17ca5
69ca
144f1
e691
12cec
4606
1208f
15387
9c
165b9
15aa9
c087
da98
10c95
4bc0
16342
38fc
582e
149d7
12ea0
11b35
14791
182e
b7dc
11109
101f6
18326
5e6c
c3cd
10387
c043
c217
c663
b5ba
6a4e
11eef
29f8
b8dd
9242
14f2b
f8fc
16e53
10460
a09a
bd70
7ca2
926b
15efa
1011d
9f50
679f
81b8
5ea9
b05a
946
622d
17c73
7b26
ac9d
1021a
158ae
10f8f
f0fe
710a
7ff4
55e
af21
12170
da58
14125
e12a
14e7d
4607
d03f
c9ad
12977
d7b2
e953
42dc
e2ac
10bee
142f4
117ca
121b2
1313a
f8c9
8e0
e4da
90c1
15828
15e6a
cc69
b0e7
c94
176c7
613e
173a8
420b
d
8cca
15bfd
dca0
3b90
4ce7
e291
ce32
31ef
d6b8
1479c
21bc
17821
8c55
3766
8861
11723
7335
15cb5
70a9
14a73
10a2a
7e93
5924
165bc
82d3
e66d
73b0
14403
1159
15799
e700
1f92
17cea
11377
19bf
1299c
4542
152c5
14698
c57c
8726
30e1
14ec5
d19
a4e2
60f4
6294
14d77
44f6
bf42
8699
6114
9f0e
3e6a
dc19
14ead
a4dc
71f0
120e7
13efb
1046
a037
70ff
b344
d334
e948
9486
81f9
4404
9d92
6131
12a61
18795
8139
e2bf
1669e
17955
18788
86ec
141d6
4349
71d4
fad6
13e40
eb25
d639
101d8
711f
f97f
3a0d
13e98
1732a
14e43
3d74
b6e1
d35b
b225
6e02
7583
9863
9e84
b952
4a4
14c83
10344
e62c
4732
10def
f024
110d9
1572e
2ce
4e61
b265
13a33
7a33
18652
1557d
adc5
7e54
1524e
840b
13c34
7cb5
fa31
2355
1668f
ab8c
a99e
1b28
155fd
14b9e
150d3
c45b
8dd4
14e2a
11ce5
12000
dc00
c102
108e1
15521
21d3
5a40
a534
63d2
f043
1486f
129d0
39e
188aa
e3ab
9bfb
852d
12d79
123fb
d2fd
2bac
163fa
43ad
ac2d
36b8
152b2
10708
7270
11e9
15b0
3eb7
ffbb
11d8d
127a6
b2bc
11f2c
16f10
10776
7445
177e
d9e0
140dd
1326b
4b15
917e
15d45
ddd9
db0c
797
e3b0
13767
170e7
3ef
3d52
3942
1196e
141ae
8bd4
181ce
6989
a2ec
27f8
172c2
f3f7
e898
18a25
8480
e8b8
8d11
ff6b
68f9
44b7
10727
2b2b
9948
7a3c
db18
298b
6a02
c2dc
581c
4587
fc22
1582b
111da
fd1
6d7d
8f5a
1136f
730d
8980
904f
68bb
14493
126f8
4f3f
87ae
caa5
110a5
91e2
bb9a
9eb8
343e
184f1
4898
15011
8a95
ca2e
15992
16966
313c
17b13
2723
d01e
bf05
1a67
152cb
814b
e08a
4a9f
379d
d030
11dc5
56d9
e36a
3ba7
16f6f
6216
e679
db3d
10225
16802
b8f5
7b54
10fdd
c118
566
220a
185c
119b7
1228b
9412
f0ee
275c
fe3e
fbae
4eb6
6ce2
101d9
5c8a
9b91
17eeb
11e96
16465
c684
106cf
10242
2bb7
6b1e
14fae
16841
78aa
5d86
161e7
e857
10922
647
a96
65d8
10c7b
3a82
7314
15c4d
62b7
eaaf
61c9
44a5
33a7
a8bb
111df
4e73
65fd
d636
363
cc3d
10d95
13d7d
8481
26a9
45a9
162a1
7606
12c86
3914
124d3
1399e
7f27
128e7
43af
8b96
88e4
1390e
40f0
5bf1
14204
72e4
af79
197a
35e5
2f6e
7fc4
15de9
1209b
a4d0
67eb
15bd7
5af8
7bd6
172
a60
2c18
d51b
b8a6
151ff
610b
13e26
2d7b
1632
3b9e
5872
ff3b
acda
9558
3357
3763
d114
17fd8
940a
10747
8684
7f7a
8ee5
569f
12b9c
e498
66e7
18764
12895
f0a6
6d5
e59
e603
15948
f8c8
bcb5
1353a
11615
21e3
27f1
128fc
6d21
ca20
104a6
506f
57f1
9774
5f50
312f
67d5
7fbd
2579
b109
81cf
1023b
2ee5
159b7
f06
b45a
a59c
6a3b
2d50
8547
15cf4
166c6
168c
3c9b
1939
61a4
728f
67ae
11ab9
7f04
3ba6
262a
15a2a
14852
10607
abee
a3cb
1767f
54fa
3237
b3de
13107
2cd2
112f9
11151
6bbc
3f76
169ac
7e97
149c3
b5c5
12bf1
15a8e
c57f
f484
69f7
6995
fbd6
fac2
12a7c
d79b
af67
4de2
b27
1123e
4e94
892e
fc30
635a
15f91
a0de
f9ee
a45b
14cca
9849
14b88
17a7c
dfed
9667
12222
bffc
12923
fec4
f658
1356f
168f5
c73e
806a
d22b
831e
bd9
dba8
2eb
fd03
5fb0
134aa
ff77
13fbb
126eb
2f9
e43a
596
12c80
12766
e66b
18b8
10c42
be4a
6331
9819
148e1
11146
96ea
cb97
e6f7
12972
11724
1549f
4bd5
8a1e
d8ff
4ce8
2f2b
6525
7e2b
16dda
bcbf
86d0
f67b
1719f
735e
158e7
41bb
e6d8
569d
3a56
16e3d
abb6
2697
1848d
1223b
c01a
1782f
903c
7898
2736
17feb
69ee
deb1
12c6e
7ce0
15ddc
32c7
eb6b
d19e
e13f
c0fc
3b4a
876c
4f7d
32f3
f7b
560a
13b16
9bcc
14d9e
16304
7d7
26f3
1017f
bc09
e296
60d9
4f66
7da8
55de
4e90
b1ef
2b61
35d2
13d67
fefa
10616
11b9c
5a05
11e3a
aa1a
15ad3
c72e
18013
421f
580c
5566
6ade
6dce
12e3a
156c2
f946
a85b
17591
eb3f
4889
8e9e
9eec
752b
10661
5926
17348
104ae
6612
1872c
1198e
2ac9
98ec
10ac7
571b
4412
17d2a
d460
13945
4d05
2a4b
f398
94db
10e94
11cbe
1332c
82ea
c3d1
d8d4
e6d4
6e44
11df3
edf0
12114
2b3b
129e6
12905
23b5
440d
dc26
12ed1
bf69
dfe
11cf1
138b0
135f2
9db1
10699
ad00
436
2504
11012
e772
8164
de2a
17171
13b48
43e6
c7a7
ecdc
f10
a160
28cc
211
16be3
13880
1615f
8d7e
1674e
59d0
123bf
16e13
4e23
12bed
53c9
17f6c
5859
1245f
f2f3
d036
186db
a2da
171e3
64d
161
169b5
f595
133c4
b9a7
168f2
ac4d
6a92
354a
14617
bb97
b292
fde1
69b8
132da
4278
2d4d
98d2
7501
7cab
f9e3
16709
36ce
5bd8
c046
f03c
7400
b9c7
59d
1172d
17464
130ac
11cf2
1613e
1b59
793f
5acd
26f2
12bfb
41a4
16366
2a68
4a10
13c92
4e91
cd71
bbbe
2376
9a9e
16e27
136f8
15c9a
1308
e99c
5df6
11ab8
1067f
16f31
a23e
1bfb
7850
da91
12f2d
10ad5
248c
578f
1af1
ad27
517
13af7
5dde
c391
7d85
12c58
82c4
9a65
80d8
13d25
14183
10c69
11194
45bd
101d1
5e9a
11ea
729a
15efe
15170
762f
15eb9
14b30
15d10
e363
1dcd
da81
12486
14cc0
18a11
22ad
b680
a2a
10314
bdd7
112b1
b536
12539
6d89
e07a
15f83
a6ef
77c7
3a65
17a76
ea46
e9e
18421
e7be
ebd
1056a
1541d
12cd3
75f9
8703
45dc
6e0f
1380a
119e4
fad3
ee76
745a
1cf0
d3ec
244b
159e
1673c
51f7
7ada
60a3
10d05
ca76
ad3f
ac04
2007
1cd
6717
4a3
124a4
1540c
ce48
18703
2722
1718f
58c4
1378e
1454d
12e7b
119d9
17132
134b5
cbdb
1814e
4ee3
18933
15e80
6c0c
9e10
17c60
10653
1647f
15a34
15a64
27ca
9d2
cd48
f3d0
1209
5894
16ca4
10cc7
171ca
7495
2b40
10015
178bf
92dc
728a
dd8f
f050
14a15
d5e2
867e
9d3
7696
e408
f759
c15
c5ec
12154
c6df
d095
a7d6
145a4
a40c
fa70
171a6
17c80
c53e
181da
7241
126f0
10875
ae6
1541e
858d
16dad
e217
13c29
12df4
1de9
74ee
16220
53c1
8dd0
159d8
fcb5
23cb
0
10c27
8c5b
12e2f
7b86
557
be58
19f8
f578
138ba
13cb8
11187
13d0
ed8b
6a3a
4925
18a34
2fc5
10453
154e5
18d9
14d39
d43
b93
103c0
8a2c
4b22
4ffe
12292
14aa8
e
89aa
14541
18343
13cea
550c
1416d
69bc
880b
12adc
14484
1740c
4db8
12ac1
ef1b
15b03
859e
3c59
1331e
be9e
161c0
7716
ed95
43c1
4ebf
47f7
9c72
7811
c553
14da6
14294
15348
ae3f
780
5a54
cff9
60e7
16d62
128b3
1323b
83d9
7a
2a52
1124b
597d
12b78
7dbd
11fac
a57b
2894
c19b
106a6
9e69
73
3a39
6936
14aa9
24b9
14662
6204
7992
168b
2867
10bf1
15009
15595
db71
102d
1797e
f90d
15825
4c09
16a77
cf03
4114
1672a
d043
6f61
4ce5
5042
143e3
11b75
10e95
1146f
17a04
6854
c770
61af
17746
11279
ef32
da8f
8283
37e9
3eb0
14947
f6ab
d04a
856b
82ac
11fe4
184e9
14501
cb27
1800c
16135
1add
95dd
954
4d40
ea64
18288
9a39
45
16708
13088
6dc3
e999
c3fa
67ad
c04c
f75e
34bd
78e3
11277
17bac
14019
10868
b4e1
12b98
153f0
10354
be57
b301
11c59
11c67
7e81
15ce6
e89
12ebb
1435c
14c01
15d16
18648
461b
1681b
4e9c
6b11
13815
d0df
1578f
138aa
13bad
92c4
d28a
38e0
12ef9
39b1
11ce2
f0ce
971c
4e12
9111
51b1
16b46
12f0d
22aa
72e6
13b7d
12f2a
c489
5a52
7d7d
a3f2
b19f
15ac8
1b43
b87a
aedc
15c5f
6a5
b2e0
15590
9535
179be
156cf
16068
c63
5008
f5e7
f805
30d6
8435
17624
d3ed
155d2
1126b
7fc5
13d4f
1b72
187a2
d612
11aac
2eed
a2b4
7cb2
addb
8967
d777
1278c
10d67
1260f
13d68
a475
11601
537
cf81
6686
79a7
b728
10f3b
4c04
15a51
13819
2d29
17dde
11324
e8d4
15a5a
cf5c
109eb
151fb
9305
174f3
4c2a
6160
a096
eb8f
16433
3c2
17e57
35b7
c55
334e
84f8
d9d6
7b1a
a44d
fdfc
2b9e
18a55
175ff
d58f
5f7b
18019
12aec
156f1
14eea
13c9
984b
11d5a
920e
b729
10d9a
934d
1d2
2242
ef07
ebce
16432
12d4d
5ebe
103f9
5157
c9e
b90
7141
13f1e
1782b
172cf
1173d
b2aa
45f
99f
6598
ad1b
12d86
15e84
12534
bd2e
18137
73a
10cd2
4a98
f922
183fe
7a38
7569
2cdf
18234
1b20
dd85
27
5ed3
1060e
2bdd
5ffc
724f
18879
58c1
10817
db44
e83d
10891
d0fe
3a91
16083
11197
e908
168c9
15e27
b9f
a427
f9c3
12c5e
76ef
14ad7
f468
c1f1
9a49
12698
13fb9
13208
d11f
129d3
1561f
38b2
874e
7cb0
a923
c333
4874
15aca
1851f
1497c
7f74
936e
b199
1de7
4cc9
186a2
133f8
1757b
18408
df08
96f1
1040b
25e8
4397
4895
17137
179f9
c8bf
d33
1f9c
3063
147da
9770
14ec3
92fa
10d5e
c4f9
16053
79b7
140a2
8591
ccff
cc9f
38cd
da92
1f8f
d53a
1704e
cbad
11bfa
b399
179b7
b45d
6527
dac5
e056
b4e7
e54f
6cb6
d957
b409
ce5b
140a9
23e
d971
187e5
1708c
4a54
12159
14693
dd8
2954
fca6
d309
3c6c
421
142ec
68b0
11ae3
132b8
56b1
10bd4
e1e1
13f99
b520
1128a
a000
17947
6912
cb11
3ef4
10d91
2921
122de
1035e
155e4
cb63
3102
b1f0
a62c
15588
43c8
131d0
e45f
1d86
2bd9
81fc
54af
135e8
1802c
6ae3
6f68
13d40
1d33
1214
c50d
ab1b
9b51
2a82
114bb
c26a
cb71
98a
3da3
e369
1811f
15558
17eba
146a3
1700d
8a3d
9363
7d1c
11dec
4f40
1121a
71d7
6ccb
4654
12b8d
6992
9426
79ac
962b
7c93
d3f9
98c8
101b3
b332
144e5
12ad8
17df1
11d46
151da
16e28
f3b6
12a72
964d
15d5
185e6
fd81
13a79
1639a
29c6
18228
10cf4
d9b8
13145
103f4
80ca
698a
7e9e
ab91
115c5
a462
8028
47f1
9d69
584d
690d
4a45
11824
85a0
a034
16a15
1864d
1790b
11cd3
5e6d
a3f0
4d6
27dd
49a5
5c94
c636
4544
3267
1f4b
de27
91bf
11f82
154d6
4328
16ade
1820
38d8
132c9
16dd0
790c
a66e
103c8
9109
1a93
9fa3
1494a
372b
11004
16253
839c
f92d
e07b
fc05
a79e
c7cf
5b03
c96f
c2fc
1320e
1388f
97eb
ac37
184e5
7931
54d0
8a8f
9755
caf1
16a05
13740
8cab
17af9
5a3c
a659
3239
2da2
b07f
1499a
145df
25f2
cff
185d3
465d
5223
ae63
6795
6177
141b1
16908
17d5c
2ebc
962a
154af
de24
10c52
1058f
f255
11528
176af
116c5
146bf
b845
1775a
2dfc
4ef2
1845e
16e83
1a8b
11611
eafa
b336
2e4b
10db2
48f3
12c1d
cd63
17bc2
a512
751c
13b3a
140b1
8557
10878
cb9d
14dea
17c74
15a84
5d7
11f77
110aa
f8a5
5959
106bf
12ff6
5fc6
cad9
17ffd
164ed
6b6d
11ea2
bcd7
881f
2b1b
dade
d3f7
14986
c8be
3062
112ae
ba06
b45b
113ee
10083
dd71
406e
17649
17428
f6c6
153b2
1538
d8e1
10724
fba8
aa7f
659b
647c
9ffd
c10f
e450
a6bd
c278
5fc1
770e
b77f
e75
d739
1025f
8d33
5a75
41e
16265
ec32
1735f
1657c
159a2
1154d
13ee1
14153
12b16
8e44
11765
3b17
16839
7fce
fce8
e933
e543
93ec
ad28
13b0b
15511
3025
89e6
11712
bd37
145b9
17c96
1d54
13df9
7525
12d84
13594
6449
169ee
bbca
11fab
17d85
138af
d2a9
260d
10cd8
cdaa
11fdd
bf04
104d
384f
1435
5398
164db
223c
f1a5
1186
3dca
d0f
13541
a244
1721d
13adc
a125
fc5a
a56
12ddf
35f9
18836
2fc8
8b5e
182cf
bf15
de66
4193
a422
c821
c75c
11966
16353
5e19
37d3
a53f
12c92
5557
cff7
1817e
44c1
382e
1274a
8a6
10a08
34bb
9cf9
85eb
5a26
18475
861c
11328
89f4
6dc9
3284
16cdd
9e4
7c83
f876
2b6d
4c16
14324
103c3
31ed
a224
14b92
15531
71b3
8381
1171
27df
124f
17df5
17f33
b180
6626
129a5
bd2c
9823
b460
13544
12f61
189
f4d5
15d5a
2037
250d
11f42
25cf
1386a
471f
8082
14f5d
16e10
15f0a
38d7
f757
12279
13104
6cff
b85f
10880
dfd9
3ba3
153ac
8b7
15031
4a94
d54e
1238c
8af4
745d
185b8
ff54
f439
38c2
1561e
11589
101c5
53dd
a1e1
f429
af28
a61b
1710f
b2da
c3e
7278
a673
e68b
189d9
21f6
1849b
be4c
22a3
de3a
187d6
271e
16fb3
6b9d
fb8e
4d5b
15703
122f4
14c5d
46c9
1461e
6f8e
e226
6b07
d06e
13c79
144a1
f75
7a5e
65da
16827
13754
1306
3da6
142e0
153fa
b4c1
83d7
3b02
4efc
189de
967c
3f82
4ba8
c8ca
d7d6
5416
737f
178b4
c7b3
16
4c17
feec
1780a
7feb
fe07
1789
d929
bde0
3d26
11588
e01d
2bdc
4d64
12955
14134
12caa
aa7c
13ef7
12617
d56f
18792
50c8
2ae3
169cb
7e06
c780
6297
12408
729f
ea81
987a
c92
3724
133c2
1257b
1a46
14bb9
e3b
8acd
1249d
d02f
1297c
c52d
536a
16331
17794
1591
16664
151b1
12242
7ff9
1126d
122e2
69a5
8281
6e81
9e78
13cac
f5ff
d6ad
99b3
d63f
170b0
e854
1592
3519
dda9
9ab
17ab1
14611
8a7d
463b
11c92
112a8
b16a
54ea
139da
37e6
13274
c0b9
779a
5381
11b82
91ee
8324
181a7
12223
bdd5
12d77
6dc4
3cab
13748
10372
c00c
accb
971d
fcbb
27c7
156c1
e9a6
37f
e517
73ea
7d63
f13c
8687
b83d
7fcf
2581
119fe
a84
659c
b86d
112d5
9795
f3f
48df
3370
47fb
724c
10187
5de4
5761
6d91
12605
f8fe
17d15
164ab
84b6
16fe
1201e
d33e
64a9
c7a
3fc
d5ad
15177
77c6
5e36
122f9
14fb4
9030
42d1
19e2
142db
127b5
17401
7faf
15685
7ce
610f
a017
11758
410
17f39
17ab
2154
17b8d
13df6
109da
96ae
10e63
6fe8
4f3d
6bbb
705c
186af
e0f0
13681
3e64
2429
35b4
4e45
10c6d
116d4
175d
d2d4
137de
113e4
860e
7db8
17f81
12db1
11412
10bc4
17a66
c56b
1c4b
5fe
1eab
183dc
10d96
3d01
7fe8
c7c9
f81c
a8f3
16adb
e2fa
f3f3
9829
9492
11df0
1274
80e3
1789c
2f1d
8e85
3745
f124
1695
e3d4
f3fd
155a9
145cf
14f60
8b89
149b8
14a55
16ebe
16a3c
3662
b6e7
10494
2dc
15b40
bbb8
d7b
17b
1ac
14aa4
15a26
cf22
d558
9b79
164bd
109a7
133b5
13da9
17f1c
15664
10072
2059
d421
1036a
1630
17629
14c0d
4b2e
d543
d814
5c41
1188a
13fc9
12e55
8cbd
5a59
e101
cf44
16193
16081
3e72
9ea6
72c
9f17
1369c
a3be
1029a
15128
10e66
8db6
10518
4c94
f889
135c1
12532
96fc
2bf9
5d37
16dd6
172c8
18871
179ab
164d2
16e57
13447
15371
b625
d8ad
d277
13d08
e5c4
cd3b
d6f4
127b7
74f3
f3d9
bd75
171d4
17e76
f186
144b1
2d48
a245
c45f
12e81
12a3c
ca1f
fa54
7aad
56e6
15066
10dd5
492c
cddc
10ab2
15fb8
16c95
4fcb
d872
be2a
5ad8
6c93
b473
e1ed
15018
b92d
11798
522f
e00
15670
3e73
784
fefd
9cf1
1c6
1456d
c872
4d50
183a0
f21c
124e9
3201
733e
1893b
a052
ba99
2e1c
5193
15e48
f764
14d0a
98d0
2769
8bd0
3668
536c
12916
367b
fba1
16384
4ea7
649
15288
10a9c
152a8
52e8
7774
3412
11eb6
15a3b
ba4e
dde1
d833
14f1c
75a2
39a8
e6d
e696
86c3
2b44
fddf
c72c
13a68
229
17473
14b12
1242c
bf3f
14a06
f33d
2dca
39bc
15d69
16c9d
1070
6fb9
3dc0
156d7
990f
81db
16650
59c9
74cb
105e8
ad
77e6
95f4
17bbe
175de
74c0
27f6
1686e
b18e
145bc
13a4d
a9c2
ca1b
c70e
e665
a38
5c06
149dc
13d05
3440
e958
11c14
bcad
c34b
1e91
2a57
f3e8
709f
57e7
81d9
1221
66b9
1320d
88af
7b19
18780
cf1e
9646
cf0e
39d8
36fd
980b
3852
d9cd
2c7f
8121
17a96
9839
5b5a
92cf
1b4c
d8
9b9d
13676
71a9
4084
18297
4c5d
a1a1
11d1d
589
ddf6
1404b
c2c8
14e0e
c85e
bc75
14b32
ee06
b62d
12c7e
d862
70a2
10eac
1336c
1594f
1319b
dea8
5c53
4fa0
fda0
49c0
9d7a
f833
159fe
6253
104b2
6f5d
1836b
1823d
17876
ee8c
6cf7
6f11
a6f5
11a7
37de
3b48
13aee
950c
15c43
6fbf
15c71
11f05
4332
1511c
142bd
c8e6
15d6f
7aaf
9b76
12aba
10355
12f91
652e
1216a
1412e
169dc
e7a3
2bcc
d0e8
13a2e
4cb1
2c44
59e3
273f
1290d
12dc9
1291f
13df4
168a5
5fa8
15dc6
549a
107f8
ee4a
13a36
85da
de14
dcff
a5af
11931
10186
851
b5a9
8716
78c3
c3d2
d6bd
11a08
138e5
beb5
69a1
c45e
3d8a
10166
1362f
563d
d5ed
5597
1e3f
5c18
13044
151d
d893
f09c
4fd8
314c
3a93
cf60
fa9c
163d1
1911
9965
18072
14072
147f0
bc7a
f74d
13152
14a20
1187
c2be
2b75
da3
12c35
929a
1222b
10125
178c8
142f9
116dc
1587a
5749
50af
1088b
6e88
d876
183b3
b9cb
a290
d536
b303
15c46
2da
fe5b
7308
b353
310a
6021
16752
c8ad
1fb1
dbc0
12525
12d0f
402b
58b1
20ac
56d6
b752
55bd
29d1
5523
34d6
94bc
8dfe
18474
122c2
10edf
187e7
480d
89cf
147eb
142a4
b2d0
1c6a
493b
16356
16e19
3880
798e
17835
11050
a8d1
17475
83c7
9cb
4299
8fc3
150ed
14b2e
7327
1a9c
11c79
14496
284f
d47e
c40d
4843
177f3
fcf
65e4
1270a
75e8
11378
17bc0
1238
25da
d6f5
2042
180a2
bbe6
2aba
16ce6
7a40
12e34
146af
1192e
17a0f
1514c
1639
d3bf
22b0
deda
5dcd
115a0
913
14689
c239
96bd
120e9
1185c
17fb
181a1
13afa
240d
15d1e
5a8c
14ee3
15cf6
180a5
a45c
c2b4
1554f
15421
fc09
10726
15416
3545
40dd
822c
127f8
5953
5506
18377
9db
b016
14c2f
11a42
a252
edcb
6412
339b
ae7b
7619
127ef
1837e
1565a
7fcb
c009
15602
d58d
1272c
460e
ddfd
e16f
1377b
1591f
8afb
17cbc
e52c
1501b
e3d8
9fa4
1667
d294
10fc5
144b6
160b7
6163
5533
105f5
7768
d5
7106
c7ba
2489
9a2f
17dab
155bb
4446
f734
bf2b
453d
16718
9a6e
15d8a
5968
16655
11161
14c35
12ded
4e9
8bde
2f10
1a2b
3ca1
93e
6bb8
c0f5
11cb6
9240
a19
6473
e6cf
11375
11bef
23fa
902d
6a11
32f2
99ee
be5
41d1
837b
e7bd
1381a
f002
18168
cef0
ed18
ac7e
839e
53de
5ebb
a797
1575f
a8ba
9681
cb8c
17add
7071
487
13bc5
16af0
1035b
16c12
7a1f
ebb1
9793
45a1
968f
432a
f5c9
9069
9726
90ba
5ca6
11faf
c4cf
8f0c
2ac0
186c7
13719
bfbb
2309
6724
19e
8870
ea7e
5602
5b08
ae8f
14641
e486
8a31
4530
2bab
17a5c
a9a
e58c
d7fc
2a95
831d
10a63
151c8
bc73
2253
de3c
ecc8
e599
fd7b
f947
a53a
15512
1352e
1400e
2e07
186d3
157ec
4984
1ef0
bc72
362d
4aef
11228
14ed9
a2cf
1294d
d91f
ad7b
e886
a8c6
1607a
e0a9
457f
11f50
80b6
85cb
c967
b17d
8ab7
76d7
13606
14bea
131cf
10d65
1195a
11935
10a6f
c037
7afe
ca8b
8faf
8e54
11add
1d92
1878f
138a3
7722
b933
1663a
5d74
5122
15cbe
10bbd
16187
8838
15dbb
c47e
130ee
16495
9f31
118b9
d5ea
2d77
18335
b75c
4cc2
11258
175f8
161c7
44bd
13f2f
c91f
4d0
7968
a606
49cb
1e78
13d93
b8ec
a04c
16879
91ae
86b2
5a47
89b0
18ed
5e7b
857b
10eed
10bc0
b721
13e90
4b94
afb4
e72e
105c8
60e9
c2f4
16c93
6f01
1525b
108d0
11a2c
13aa
eff9
174bd
177ac
2a41
4c62
12919
a2bc
5081
c20b
9a2
11bc7
1831c
4b5e
436f
6e8e
178a6
c3f7
6c89
9791
d14
be23
cbd8
8b0e
130af
5c5
db87
14dd8
4fe1
10ed9
5178
4c90
10b6d
b4ac
b308
b31d
12d5c
13245
3176
166ab
13196
4122
2a3a
11deb
f54b
5143
16c6d
87c7
159a0
1cf8
f69
16610
6d10
68d5
f329
7ce6
10324
16362
13c5f
9e5
15d3f
bb4d
a5ca
7ab1
a8fc
10c3
31c8
9f4b
e8c3
4ce0
853a
e678
16355
7983
d1b5
7f4e
106c3
6d3f
142b
129a
ff41
16929
a52
f28d
84d9
15977
2027
8baf
d316
132a4
4a3d
5886
13d7c
d64a
13c31
36ac
1828c
18150
13806
949c
b4c2
1299e
9ce0
cdb7
1a09
1051d
1169d
b7e
18977
2d98
1031e
7ec0
16856
155f8
b56d
bb05
1533c
9ebc
9e50
13bda
5f21
b6f4
15226
3667
92b2
bb16
16d1b
7ee6
3d39
152dd
f9b0
8ba9
10cd4
55fa
118a4
2f67
1376b
3af3
5d94
14eda
135ab
12c69
1626f
1039c
12580
14c4b
fdb6
9d46
6ae5
3cb4
39df
f225
e1e0
10ae6
191a
1182c
8dff
9c92
e527
b5b6
44fc
583e
b8ef
17960
e982
2c01
eafc
130a6
10bf5
2358
28c9
1868b
a788
1445b
cfc3
17241
55bc
1feb
139bd
10da8
124ce
a627
7ace
151ca
9f55
8a6d
ea80
13460
13617
180e5
1655b
fcde
5302
794d
5ab5
f00b
135b1
8f8d
11c2b
18740
12d6b
1835e
130e1
f74c
c4cc
13f39
10afb
188db
9455
114d7
c6f8
fbb5
10a5d
f83a
6ec6
15bda
a4df
8881
102da
10331
c5aa
14de5
8ac9
a8a6
ee19
f8d7
f68d
8fad
1bde
140b7
a68c
323
100dd
11954
3e33
44e4
2c94
97dd
b687
cc36
84ab
183a
9f30
18d0
1001e
120f8
b727
c136
572e
10a0b
e03c
1dd4
187a4
d020
9536
88a3
6ad8
21a5
cae
13685
13da7
8b6b
9fe0
f264
12806
4212
166c9
17a63
181ac
17687
aa45
17518
1593c
c43f
17495
c170
18a46
f41f
f5da
125ac
4952
16471
134a1
bda8
431f
78da
6ff2
a024
162eb
5db9
8fec
126fb
3e95
d50
fe7c
a553
dcae
17666
184e7
16c4c
16bcb
ff53
b99e
16f5c
5880
3b28
14bed
13d5b
e8a9
9605
1207c
7ae0
ed93
8098
e1fe
e611
14ada
1871c
5c1e
704f
7036
c7a2
6530
13b21
fe08
49f1
88f6
15a6f
14cde
96f3
4402
2234
d116
c5da
c2d7
15652
4f64
ba8b
2380
26d4
14bab
17285
5103
555
dc71
12df8
15f6b
2d49
10043
1215a
7d66
16db7
5067
1da7
c653
15f85
10bdc
15fc7
12085
177a6
1459b
249c
ff18
42db
10686
178af
9b23
167a
7c31
d155
e3fb
f76c
2235
5e8d
166d
3ea5
15b60
5e6b
c690
1adb
55d6
139cc
c5fa
1d5e
5c1a
3e26
17fbe
1543e
18128
13c51
1773f
fdc4
14e30
12754
179d7
15920
d787
2812
10675
9e05
83b2
2e4c
13a0d
18634
47c0
84c2
16ac
7a25
2c92
d5f1
587d
1497
4f67
3518
3a02
17fff
acdd
a9f7
dba4
17de6
e1cc
1028
5932
4987
d198
7e99
112dd
1635c
92c1
f973
10198
84e6
17cde
c92a
5af2
16a96
a7e
794e
18304
d388
28a5
dc96
6c5e
4ffa
e58e
8999
1328e
702e
69d
fe9a
166c3
102a3
3e4c
a49a
25c7
fc76
12006
963b
18d3
8ddd
163cf
388c
6053
10f6e
117c7
a324
1425a
2ff
15bcf
17f47
9f6
7b04
a4f0
2573
421d
18548
372a
14f47
9845
e032
6bba
6cd2
17c3f
ff97
26be
d15a
666e
14b6c
9ea0
146b8
104c3
fef2
91f8
b691
16127
97fc
cd3e
6c56
13a8a
be64
19aa
423f
512a
12790
1690c
a68d
15791
ef49
10fdb
5a4d
7195
14683
2b86
1a9
ed27
2a6b
dfd2
157da
fd13
16a79
1537c
1302e
12a82
18118
d73a
ca52
1c08
5b4c
28d7
147c
4e76
5904
5cff
1367f
ead
322d
131d7
1acc
159ce
9ce5
783c
3205
6fc0
3664
6bb
bf59
af05
27d7
62ae
17e83
4d13
1233c
eea9
de76
d6c9
2e53
126d4
e6db
150a
12c78
ebf8
cb4f
1a86
2068
762d
8fdb
171ba
13a4c
6bc9
4ec2
c430
602f
39f3
4bc5
145f3
4ff6
ec65
a6
ced4
e097
15653
9a1c
97ab
1f84
54d6
89ee
2fae
399a
10785
123a5
40d6
1343d
8f1e
eb04
5192
9318
902e
155d1
3213
1683c
5d2d
f11d
13341
12576
1b08
1439d
7b9c
24b8
17804
d284
13339
fd5a
58fe
15136
6e65
1130c
fd67
d1fd
12ea7
10b9c
5f5b
fb84
16f8f
f3ca
d471
d080
3d84
adf0
10b41
7eb1
15733
2fdb
1732c
2e04
2b00
14ee
5ec2
52c
46f3
1657e
7cf4
4109
fd2c
ab17
a13
436d
81e5
c030
44a2
10312
11f01
3dc3
d2ba
ef1d
9254
3d10
5062
187e1
281a
c789
d7c7
4281
a6a
ee0b
a833
17508
35cb
d950
10b71
166ac
4d20
9ca
f28c
102b6
59d2
ab20
13dbd
13f8a
109c8
8808
15060
bfb6
4d33
357
e56f
3e14
6e83
92f8
d8fa
127c1
598a
31d7
9715
cdb2
18378
112d0
9fc2
c774
4153
5402
1604d
42fb
14f6
1864c
274e
5cb6
e3b2
8e0d
2d1d
1503
21df
290a
bb2a
