AGGC
APVR
BTAX
BYIQ
ANLK
DHTG
ASWT
CIBR
DAOW
AXAS
BKNQ
BCZY
CFIR
ANRI
CNJN
BADO
AAJN
AJCK
ADAA
BAPB
BCKQ
CVVP
BJVA
CEIH
BHFY
DCNA
ADXI
AIQB
DGDL
CHOA
CCCF
AEZN
AMVR
AAMP
BRNU
ALRC
BTNE
BJUI
CROU
CEZF
DDAA
CHMI
CMCO
ARDE
DGQV
CGAU
BGUD
BUWL
BQZJ
ASNR
CRGB
AFEX
ANLW
CUKC
DILJ
BHLD
DFCY
DEZC
AKET
ALQX
BAPE
CVRS
BXNS
BRSB
CEML
DDCD
CGKB
DHRN
BWFX
CPZT
CEII
CKTE
AETU
BGVT
ANGE
AKBD
CQKW
AFQB
AFCK
COGF
BSRF
ATUL
ADLG
BOOQ
BYCW
CGOE
ASLJ
DDWE
CKDI
AGRP
BAXY
CMOZ
CPGL
AIDL
CHWH
BSZS
CNXV
AVWA
BQTR
DJWU
AVVP
AMTP
CPNF
CMUN
AHJE
CHMM
AYQT
APKH
CDXM
AVNU
AANN
DDHG
BGKF
BLDU
APWM
BWHX
BMLR
BAOY
CONQ
BROC
BZPO
BNTS
BAVM
DFOA
BVSC
CCDE
COVD
DHSX
AWOZ
AOQU
ACRI
CRYG
CBIN
BDRK
BLEZ
CVRQ
DBOO
BCKN
BWPY
ARAC
AZEP
BTSX
CPSJ
CIBA
BPEK
DCAB
DEBO
CPXB
BSWS
BFFA
BZDX
BWVZ
ACQB
BOCF
BNSF
DFOM
DFGA
CNJU
CHCC
BTOT
AVDB
BMVV
AJPE
BZIS
CNIG
AULK
BCOK
BTED
BWGI
AHYG
BDGE
DBOR
BQWI
CWHN
ABXI
AIGQ
AINF
AHKE
BIPX
CKUL
CYUU
AXMT
ALIE
AFNU
AHPD
BLXG
CQQQ
BFUR
DAJW
CBAY
AWLO
CULO
BFRQ
CASG
BTYV
AWCS
CTXR
CUZW
CMRI
AJJE
CZAD
CZUN
COMR
CKQC
DKIY
BLXX
BYVK
ATKR
BCKI
AXCO
CPJY
AGAE
CUGV
BTLN
CYAL
APZB
CJIW
ARUR
CKJH
BMTN
AEKP
AXFM
AJON
CTUI
AKAK
BVLS
DGRK
APUZ
BLGC
AODO
BFZE
DHCJ
BQUA
CPOW
CWSE
ABSD
DCLS
AVGX
DBDY
BFAN
ADHK
CEZG
BALC
DHEO
BWNT
BKQB
CYCU
CMVC
ADTH
CFGU
APTD
BEZT
BCKW
BGYM
CZAP
BQKN
CYLS
CHFA
DCUG
CFKM
ANKZ
BNKC
BTVZ
CYWZ
DIUB
AJUX
BWDO
DCGK
BIOE
CXLN
BOLS
COCQ
ASOS
BAZK
BNPB
DAZF
BKQY
BWGW
BVVD
BYIE
AKKB
BTEA
DAYD
CXIB
CWYS
BFAV
ADUQ
CRDL
BJAV
COFH
CTSK
BZJE
DFVX
BITO
CRGI
CMCL
BOVV
CLZU
CHRV
CLTW
CGRG
ARWU
AEBV
BJLE
CEFO
CNRQ
CAVF
DFYO
BBMH
CEXO
AXTA
BDNS
BHNG
DFVH
CSIV
CFCG
ACMH
BQYL
CAMY
BOZU
BGYY
AXWQ
APWC
BMUA
CGLP
BQYQ
CQMO
CKBT
DJLN
ASVN
BCJS
DBAH
AFQK
ADOQ
CUIJ
BTPX
BHVM
ABVI
BUUA
CKSL
BSHD
AOQZ
ARIP
APJA
CESN
AKUC
BMHZ
DEHN
BIUW
CSFI
BAXR
BPIL
AQFM
BLRG
CXUE
ANEJ
BLQC
DEHX
APKX
DJHO
AFSF
BKNJ
AMRE
BZEE
BFAG
CFEW
BOWT
CNYB
BXXJ
DJRA
BMDC
AOHW
CRGC
CPHF
DFOB
AYRF
DDXK
BMWT
AUHX
CTXZ
BPPS
AVQK
BEWK
AWTR
DILS
AOTB
CATL
BHGM
BNJA
CCEG
CCFL
AFPH
CPNA
CTPR
BUSH
CVQA
AYSX
CKMJ
ARCB
BGDT
CKOW
BGTU
AXLI
BUIZ
DBCW
CWCN
DFAU
AFTV
DFOR
CMZP
DEBJ
BYJF
CJYS
CQJL
CIDD
ALCG
BDBH
AKRM
AVWE
APXH
DDGH
DHIO
DJUT
CSCC
AHMM
CLMR
BESO
CHVV
CCGQ
AXYZ
AMHX
CXFH
BPAE
BTJO
BHXW
CGYZ
CXPF
BPPZ
BKNZ
AESZ
AJOD
CYEQ
DDXN
CYMD
CIUU
DECO
BEOF
BPZD
DCSX
BSYB
AJJP
CPOG
BMMS
BIED
CCXV
BEWS
ADKU
BCJT
AKXX
ANVZ
BMYX
BXWQ
ADRG
DEZF
COMI
APWJ
CFNZ
CTHV
BLIA
AZWJ
DILH
DHQE
AMTI
AVDO
AZOC
CAPW
BNUI
AZIH
BHMY
CNAD
BHCQ
AHAG
CBVA
CXLT
DBBJ
DJML
AGBK
BAJV
CHMC
CHGL
AEHE
BVGN
AOJT
CPTP
BBLQ
AEMI
BRTI
AITG
AOGX
AWXI
AULP
CEIG
CYGK
AYVN
DEAQ
AGAO
BKFQ
BFDR
CBIP
DEBI
CNCB
BTSB
CTSD
BHSG
BNWB
CPUI
CSVL
DFTV
CAVG
DBYK
CXKU
CFNM
ATKG
BLMQ
BKYE
BWPQ
CGKR
DHZP
ADCU
CTUR
BKZZ
DJVH
AECS
CLSS
DJXP
AYYS
AIYI
CSZR
AZQF
CCOY
CCBT
CUOF
BLDW
BYAS
ASGS
AUHI
AOFW
BMSG
CNNS
CFSJ
ATSO
AOKR
DHMC
BZKG
AYLM
DBID
AQNY
BHGD
BAYQ
AJZW
CZDH
ATMA
AKNW
DDAE
CKAS
DJKQ
DBXA
CBKC
AZUR
BMYE
AZUN
CJWB
BTCN
BNVG
CWTJ
AWGH
BDTH
CBRI
CJQZ
CUPH
CRRM
CCPO
BGWC
AJUZ
DBPV
AYJB
AZLI
BMKX
DGRW
CKUE
AYZI
BNGS
BITI
BXFT
AUAC
BGSG
CNLD
CMUF
DJKI
DINF
DFSS
BBHT
BUXQ
CYVF
CZDX
AEOV
AFYI
CZMQ
CZRX
AXAR
AOBN
CVNS
CYDI
BRGY
CAAK
AWJI
ATUW
CTIN
DBGY
BLJK
BDZW
ADEA
DGIE
CAKL
BXAN
AQAB
DFWY
CYYM
AGGG
DAFK
BAMS
BIGX
CVRE
DBZS
AGSB
DBZY
ATOQ
APDG
BMJZ
CTYZ
DCMW
ARES
BVWR
BMON
BPQH
DEPJ
CQXM
AWIC
AVOT
AFBB
AKBG
AKFG
CFYJ
CFPK
CNXK
DGLL
CBHE
BEZM
CJUF
DDHA
AASB
DHHB
BKWX
AWMK
ADHY
BLRE
BFGG
AXRG
AAPF
AARV
BMUZ
BGBA
BOWQ
DGHB
CFUK
CXAW
BVFU
ALBD
CCWY
AOBH
CFCK
AXMH
AVYR
AGMJ
CITL
BLKS
CBOB
ARVU
ACBK
AGQI
CFQA
CDOO
BCLW
AILD
BNMB
ANTH
AEGE
BAIB
AWXY
AKFC
ASCZ
AJKL
BXIO
BSRB
DGUS
CKMK
BHZQ
AEVW
BMWC
AFDL
BRMN
AEXM
ANME
CGUU
BOZZ
DJMH
CDMT
BBYK
CFSN
DFQP
DDVH
CWLF
DDBG
AJZY
CMQM
CIRE
AQQP
DAVA
ALXQ
BISD
CWQB
AAOD
BTGC
BHAF
ATPL
AUWT
DIWH
CCNV
CUOX
CTBE
BWED
DHAG
DDZQ
DIAY
CGGZ
ABZS
BNCU
