110800
58243
29160
78815
78639
3828
90819
12069
113769
58777
10480
103915
2107
11961
12418
10167
89192
45512
2260
91550
20072
97665
50267
83911
32620
88983
7887
35181
506
52395
108248
12617
91941
35974
7953
18522
73489
102499
73556
107604
107993
27639
32753
63899
28669
93634
6209
38821
104853
25389
34468
58359
52289
2776
14588
26524
62277
46275
80438
74576
111302
33253
29005
85187
60428
93388
2734
61156
117866
96279
82845
44801
819
803
31713
43054
72622
39344
62421
18328
114978
92856
110244
16039
36047
66619
6334
30293
66587
6525
30236
54747
94873
59639
1755
113350
59885
106043
80808
9699
7008
45986
115644
49727
21810
13680
15228
75374
15567
109143
83822
8672
72195
55512
94972
49361
77714
79464
1446
78453
87459
34643
68748
29829
106646
49092
106099
114129
56404
75693
89967
17263
10640
86029
91825
44007
34194
76614
118026
53744
115597
26972
57376
40012
116399
45117
118468
97234
42462
47558
42526
2882
5267
882
43319
63608
95426
33007
119336
9025
8419
16829
99634
31582
5617
100095
90918
116282
23742
43587
78944
20572
77396
85135
3438
113011
29273
15276
60004
67699
66423
100498
50476
68627
62229
89941
85740
72762
28821
97502
53280
11153
76997
13150
23301
39693
19899
17358
91964
33147
86285
107424
81191
36046
67292
109986
91444
40923
45628
10388
24262
24775
84167
69835
66411
80226
44030
63127
27311
56573
8002
113573
20991
21158
27809
63653
39306
43647
26582
62297
8089
4446
40385
67829
18338
67156
17530
57138
36974
41614
115349
22794
40411
103866
36799
36455
52401
105482
24334
48881
39957
95525
111223
77822
60561
5780
90744
25521
65407
81656
18267
75321
17793
66561
41308
15365
3064
22328
66464
79238
91356
117694
31971
12973
24638
36136
64059
101906
109445
66668
69230
17854
98567
48317
92582
23831
985
56650
26670
71809
118445
7196
36631
9908
57586
24428
5412
16954
17917
103270
8636
82327
115613
97283
67728
16377
2081
114186
107955
119455
13832
63354
32505
18713
72425
100810
65433
61674
84857
49362
11720
40715
6484
83218
74869
88716
48831
94184
66832
8739
103303
40785
11272
43017
107988
71293
23966
107070
5898
41434
60098
63453
106207
83382
32639
44498
1726
56897
17867
44189
28303
34018
77141
1361
37626
46186
67163
48559
75728
99203
109486
60791
67680
34552
14896
24218
76446
86497
27258
30848
34131
83745
78706
70156
71098
85100
100488
37354
117014
11220
106915
105252
4107
116139
69160
47441
74466
87217
60620
28498
81297
38154
58782
36318
75557
82667
94435
72261
100115
112469
33192
57724
43193
66814
114324
19118
4609
51502
117940
24640
39441
66469
42521
27778
77905
106792
93921
8348
89865
52050
49000
16514
96399
16525
113614
114024
5678
9306
70552
95236
119684
38294
42442
80386
32229
74259
77502
80792
55326
82977
34857
106108
103730
86561
12803
1085
8943
71318
6774
103529
110371
57917
18324
78051
101717
39275
27378
54815
77035
95481
95698
10923
60163
24410
101809
15434
21219
86082
34904
76439
73835
118883
63486
76101
67179
52483
22292
19705
98667
104067
93872
14532
43842
7980
65948
18429
6075
96661
56552
94517
104883
60268
111853
4897
117986
47328
63099
15868
56385
101207
14880
95112
74082
110283
80235
42682
66608
112801
71430
14441
99763
62571
48458
23066
69894
2082
68470
14692
49180
119222
57988
83047
57825
38202
81472
94401
51302
21371
87855
106297
96638
50901
60272
5021
90751
12892
114073
39756
21259
44316
50466
20000
18400
81207
31408
95448
4384
111497
104163
3607
75417
40747
3292
11357
14812
32171
63588
41467
63952
27265
119775
32268
76653
46313
40843
98018
7597
41169
55803
67498
70013
84256
78986
91301
8915
112414
85015
75729
68053
23494
84992
53285
45964
73697
24160
42246
62925
52853
1998
27288
20098
36841
72627
13453
4065
105464
56010
96445
9786
71846
45624
34367
74254
12406
91342
21994
34146
66654
19019
5329
56698
92750
71433
55956
112057
113877
106976
111905
117198
75839
109735
39666
81567
89581
79846
55063
23186
47264
105971
97105
70435
75594
6467
18857
84412
31097
67409
111922
26884
3626
81976
92189
58294
64436
41049
66483
77225
55236
94542
15695
54938
41925
55810
837
8721
44472
27006
91133
80941
39247
71147
61937
31112
25624
35344
26122
73260
9806
117186
117100
103576
69271
97691
116948
79631
11604
56612
85031
20431
56242
117579
119898
45825
110533
78432
57827
71716
1861
15059
93151
111373
49057
103913
25049
10196
81848
28442
31044
55008
74100
90364
43091
37000
112024
7273
26684
96103
116925
78077
27397
42683
30943
33406
101793
43599
30499
27696
14747
92691
27418
49205
9085
27480
111930
105598
63416
84990
47275
51629
38651
105815
9582
18141
34843
27811
30885
114485
88289
119596
15393
69858
26759
71121
29102
23880
43192
17013
21701
21420
39047
78430
111699
8212
10287
15638
1491
8016
95844
64047
62243
37257
29105
71681
5720
109428
79381
24355
25793
6720
24235
22780
34257
106188
93732
14889
33611
18018
110850
21135
60023
72675
68319
23625
89624
90884
105613
61537
31209
40487
667
13040
19234
81303
48570
66528
4833
8874
57102
107159
14322
91957
92615
107869
89608
67492
89248
45034
5168
29499
55909
36224
20995
74372
97317
89610
98934
25385
101927
19561
80429
114384
76681
119443
73043
95097
48329
89627
58952
115280
105567
71119
117564
19560
110317
76359
27510
19536
56909
90458
87962
106899
105557
73292
15194
100940
28930
27349
30330
44834
45309
1149
31673
9217
60124
6077
36675
80935
47424
40679
116168
50558
80189
100409
42306
117454
70722
42935
15993
3159
42851
72459
28856
13755
102142
96868
7059
61088
91877
66365
42367
96970
93386
75966
119148
40955
25974
55822
118985
42976
113493
94889
73578
70717
24283
42400
67021
113431
95709
2661
112359
104478
85403
57924
55128
74722
32328
6622
117896
19755
6925
63393
7061
65093
62542
33100
49718
52607
78933
49972
59560
2982
13754
92220
6169
3708
59086
85044
89190
96636
38553
28092
61032
12295
25595
50695
43196
12153
31816
117781
84492
84394
52537
74424
68734
63695
74586
24578
45048
103360
32878
49119
107154
41225
20542
74537
80861
117728
40531
18433
119182
17698
68630
94935
108250
44931
54254
64335
102896
85362
109395
54152
20385
103165
2543
3158
37488
13663
74249
87555
70770
93098
98049
31659
44154
99800
43159
1819
20173
35812
25881
73245
28947
101340
36951
3258
47323
42645
13288
95986
56656
70114
23913
62816
62323
96067
99981
104933
71178
12026
88345
92601
95528
53529
12663
93087
94700
77429
67714
7280
81070
15915
88334
82820
91127
89097
107689
3939
16613
11722
54077
6962
47210
50313
89537
89453
116933
23079
56213
66466
54111
44766
76800
43167
69117
55558
91416
10617
61662
82681
16041
25707
45637
57406
80265
17126
35951
21159
35642
34631
77238
8742
68135
115905
47989
76005
48578
39224
28316
17542
109059
67566
115451
89926
2293
56932
104305
43257
102972
118530
1079
70882
35316
21712
56366
46665
49956
26127
85763
94894
64277
93697
3703
25640
53439
26653
24247
105706
116800
14925
77546
18491
111864
38459
117393
75264
47754
44707
27575
61815
87101
27508
93830
43731
89619
10147
74451
30321
76075
24507
21450
98625
114536
24343
25969
84829
89731
64928
75917
113946
71412
27536
62965
98459
104677
27110
50915
14010
59180
88145
92664
31632
93458
38613
71434
45583
114896
92963
117658
44165
43936
119408
68446
15176
403
14375
26392
75525
42799
110048
73018
85678
31698
69829
110708
44196
18880
66048
94059
81837
96907
61453
43764
68900
43216
12948
65403
15150
26691
53963
10583
69111
62000
51360
81849
48726
73902
11283
113979
20792
78573
108202
59322
14013
105814
41680
106104
97167
89033
85981
62685
71549
82067
45100
80954
213
7629
61961
50995
25446
37790
46520
113478
12055
101377
50388
4202
21874
49918
115866
7096
97831
68645
63905
72179
103602
11626
794
94351
96205
51892
16747
66824
27357
64687
56987
4193
28249
40153
43013
77689
57423
27569
107090
17691
4011
10022
82656
101472
46769
46112
93384
84090
7541
5694
100980
30461
108980
58842
106389
4292
81931
40735
117726
3275
11393
46999
60351
90181
35477
118937
96018
88586
32918
35991
105511
41834
17019
51446
112369
94591
91911
10385
62854
113888
24208
80500
91152
117283
50035
87604
72542
86199
109653
108456
12804
4784
64821
112381
48484
84869
768
1670
26639
118008
2028
74318
44283
75736
27712
53537
114942
69901
113706
92448
99669
63785
54718
97857
21523
60465
117004
116609
74914
113521
106022
110609
27709
109026
6446
99706
49634
58671
30795
115094
52971
28985
41619
5896
115976
113535
15555
85179
62889
20007
115043
34549
88776
82799
10942
104848
97785
69891
62247
61277
83794
30652
48335
80751
106675
71692
104408
44503
94448
106723
68211
4591
17790
13585
8406
25996
97677
36059
30237
99945
93674
108981
60273
61930
43422
107581
11385
47601
22557
103197
4128
98251
63561
32819
105632
115691
59061
73979
109347
8951
17645
19339
99425
41028
10099
44496
33842
34125
63002
13300
74574
73796
112495
85497
22584
70236
41850
104357
2742
44748
116818
21659
97231
24796
45600
74091
112521
28889
119098
37559
100133
5869
34032
117512
4704
65807
61431
98536
27641
111384
119423
102577
44864
21473
99621
80975
67965
42853
66201
78201
8296
113786
72909
52035
36427
8920
22181
61167
75780
104213
56152
57151
64703
37102
71605
7717
16298
21870
68760
47131
48644
57986
94554
108203
111748
66807
63479
43469
88740
59921
65203
66477
60119
67671
39299
38215
89472
108117
38141
68567
56330
103043
79140
77063
24478
79104
4950
84223
65082
34062
23901
39969
75995
70299
12360
28141
59898
53754
21533
110648
71620
18218
16437
83194
62419
104705
61879
88735
6401
35708
64567
4658
62586
11959
25503
94879
113596
4956
64026
39426
115813
111271
118083
4677
42200
43136
14997
116127
47012
76478
69572
37582
87130
21327
3069
37701
55526
80683
2097
81796
67869
33162
60519
98637
91175
81089
64819
104242
41756
75171
20058
118376
44752
90114
108172
26044
19675
40456
79688
103362
65151
33920
58978
111137
48157
1947
61797
78024
49843
54945
100998
43796
63134
45207
96692
17197
9696
81621
12219
86954
78274
114424
119276
26288
81017
26143
35040
111723
61814
37198
36822
36948
18763
74936
14782
102302
14142
61250
40909
113278
19754
31707
41366
57486
24432
17862
9233
65773
29904
21235
111734
104183
10572
114740
117125
95460
5184
5797
50731
80207
116981
75183
47412
139
94175
97084
101931
10446
61161
13856
110639
116927
40476
108793
92705
63513
49412
13444
60723
48389
61791
12200
40880
49841
50062
106122
34114
21074
34614
25293
44495
41437
70031
89452
66574
23043
69570
94210
63166
95978
101728
93417
90881
69956
38426
115991
116331
105023
49150
28134
80805
63396
18565
75802
83867
62063
116621
79760
117151
109647
106380
52038
24546
31390
18367
65412
107854
25235
17515
11998
116221
63035
97085
89616
22388
5019
3173
112385
82790
94860
92201
79538
36414
63645
92869
93605
53864
84948
102125
45589
66871
108796
101364
92250
114960
31085
28740
79484
58743
6527
42135
71555
102436
55099
75435
83421
53398
48837
2609
84145
66912
79440
88819
1035
97120
42253
30147
87061
62764
58657
78486
7524
112937
110030
11150
77444
54438
117322
54599
16427
14350
52361
58360
94266
31937
23143
68290
114796
79054
84327
80927
71463
115792
54413
111504
93201
52884
19474
18169
119015
60033
34556
29350
56486
108437
87832
89211
74299
17043
41726
113498
93585
53968
108636
16066
26486
97334
103198
43724
114554
115129
4561
2859
109877
112665
3073
116303
84067
30120
54060
92768
67693
73153
45265
28514
57668
46496
119183
38125
72287
50997
11176
111712
44614
94688
97443
54321
100163
81486
88551
102524
72710
30135
88817
21800
98919
74953
30377
116815
13281
101819
32550
94614
106486
50354
5017
90612
100638
74996
91815
9616
115120
92597
105918
12225
104323
16435
117319
91889
11125
26147
67735
86151
49209
73985
41974
13907
52305
32651
47368
32522
107579
70900
31263
17990
6717
36603
67764
66040
84717
86647
67358
90873
77562
104798
76211
95231
119311
85405
3854
74083
1854
49896
54757
88954
9990
45591
86145
50743
72528
15956
103499
68410
71163
13952
19912
99734
35643
72328
99416
70070
29107
111064
765
98029
30392
92575
11671
17534
111375
2744
54379
9167
34197
90071
34924
58670
73411
94898
73162
114719
104930
48875
15801
6313
92301
78206
106534
86202
3868
70061
16083
29409
105911
111972
100254
55673
112441
23798
99969
25184
88554
38810
113296
71301
62615
80910
106391
59120
33322
97561
99827
62670
65856
48408
100386
39929
47934
84454
29918
98741
112794
7259
112947
21882
44027
64256
29054
50119
18776
75743
31119
5690
62151
40089
116387
66323
18773
19681
84361
74944
19634
110957
67187
108533
100755
38657
92051
102434
95332
84398
35932
108187
5381
19572
72527
54919
52657
40047
27177
2489
79721
21946
61806
101453
13415
46105
16503
13938
62927
118943
8205
99492
18092
106689
43279
90798
58179
94605
36833
108114
20430
33380
21134
26986
32575
65085
1181
80791
115404
38972
50179
23976
118915
111762
4073
16790
19101
53327
36050
75268
43832
60343
20787
119413
90393
37996
107084
53034
45808
5464
732
37115
3441
105175
98901
21290
85259
25412
27069
22887
35330
41345
99049
74863
21410
60149
101828
65594
53588
101595
109237
32751
100356
51426
95462
119419
101050
55299
55039
41606
78681
99680
36479
22267
28005
98437
78710
58137
92890
101932
106383
52011
39398
11102
7727
5692
58155
3853
1964
24491
58057
106672
59490
112221
81821
12864
13473
111818
115085
22611
93182
71269
113029
38496
25323
56256
73433
68376
2988
12883
34090
50050
8491
20090
79396
58343
60039
38714
110773
57659
92359
65227
84687
95870
95436
25087
40396
70649
25798
11882
4118
93685
11060
96043
67063
103657
32727
50322
91589
38451
113310
13810
96689
2989
49011
13397
8074
36099
57559
11666
4198
76281
9682
59038
9493
64308
22340
68404
5733
48689
102386
93392
75535
73916
5642
22910
34451
84586
106643
113362
36377
18843
77019
46959
99398
22147
68377
7007
73850
103238
68148
42371
65963
60587
40506
76414
35207
113780
39760
54278
85267
58168
79965
93101
13337
117806
15358
24351
68802
4911
651
27343
63196
115661
27355
5967
67544
88578
95922
78688
31387
67303
31602
27317
79349
73491
87544
123
91305
52451
56736
60054
109867
43762
96557
90800
85378
82530
104097
88545
85863
94650
101778
31674
4484
26867
96647
58416
10326
61890
84646
43595
35407
65845
113874
55617
11687
91477
101298
113485
81991
25429
14834
46931
101952
110930
31828
11499
69735
69953
5737
72167
12124
52393
57541
84696
80341
111153
31586
81685
43722
42864
105010
45790
74744
32010
38182
105776
32011
9158
66716
85709
52635
95348
43333
37733
69310
61516
3457
39829
2110
19039
29733
94730
102192
100897
119024
12817
116807
101331
86136
48600
78031
72966
115693
66374
86308
90540
105839
94447
116386
45905
99432
115021
43432
52348
37922
102887
69877
115581
3948
41490
73893
67151
28091
45043
5667
27883
86551
11903
46680
70666
108621
88405
113840
26648
7560
114410
100909
104696
19176
110955
40637
96101
83810
70162
34087
52500
49666
22305
44215
62983
75667
111866
670
93434
9484
117301
104894
94041
102370
91260
57970
93184
82193
21274
47084
47848
83994
4074
84031
78921
60815
118578
12016
78659
31756
28354
41001
117558
74422
109780
94974
22210
87282
118440
67048
119366
45995
41787
97338
72350
89089
1867
69172
21833
116311
106767
21900
25565
60421
5236
9039
71222
113146
104511
113909
51112
113963
38648
12652
66184
58909
8468
67896
65374
113016
58897
16597
31047
49008
1845
70108
45454
93454
17170
98900
102615
64816
22581
52081
109245
23825
3508
78599
10146
46645
45592
117752
26763
117335
13758
60831
21360
108277
119454
84565
36115
72211
17376
91057
55011
111278
51144
78664
99461
1330
12734
119164
96711
105205
57790
24620
26995
69402
109715
22831
71851
79133
63878
78721
8971
55937
65938
49499
45534
68928
76917
79739
116592
79578
99328
31928
91124
6509
70853
68079
57756
62426
43084
20463
40482
39789
6045
108050
101805
30337
1338
39821
80530
119748
106573
100359
90592
17176
17431
83610
111326
5254
6256
91299
19246
7175
50881
81122
115956
81064
11182
79798
71722
24659
112559
73296
76158
47978
1680
11749
98786
56411
42943
102447
5449
102879
38866
29078
32791
83972
24446
100884
34766
64888
108893
16485
38742
10059
101638
64844
87256
58353
7844
119332
81176
54510
42989
71860
60155
100457
47184
110972
115278
102143
65027
69344
13871
85920
100063
46720
110027
7253
41120
45005
52251
77788
76421
66977
74645
78381
22911
108388
108698
36290
41170
63771
19962
98012
67253
2719
111756
60266
48923
79701
87642
5949
27040
12589
8334
109354
45170
115071
72255
43360
76787
36242
83429
75090
105039
61640
17147
7085
47538
9016
30726
55905
49979
116262
67161
90200
42869
47336
19943
80068
95622
37318
63821
102624
3648
16158
108538
82581
53357
95040
48842
103954
116810
78651
97834
5675
77272
99707
7398
76116
73422
59408
46469
43870
106460
20158
18434
22986
93169
63775
102510
102683
96296
69772
117232
42918
76519
13154
65118
16621
102579
48118
57279
24672
48652
21778
104678
103413
7003
10869
95138
52752
40532
47196
61234
20427
51627
25352
6207
60765
116921
100314
53390
23887
113158
72973
6984
79906
104937
49470
111159
16957
65391
45773
90576
98077
24670
71442
115884
113514
88023
89565
46346
98224
100905
100639
19555
44077
61826
106182
113275
61458
30164
78293
14591
87622
99439
34130
105058
38740
85840
90801
90975
33558
38435
72252
18795
39633
81708
32191
98755
54840
9558
8277
29429
114441
114144
107433
4794
79635
13786
80078
84888
18998
26212
77298
46695
97528
87099
2105
23284
60516
72843
1638
110777
13701
9643
15519
102517
60937
96821
53582
28200
101661
13684
11400
108433
59742
74701
65619
95383
47855
55709
76392
113293
51206
48885
89183
108657
48957
39963
33097
12763
112426
24296
99624
83801
23274
908
67296
66712
74478
113335
28023
119324
46682
52705
73360
74570
66441
109506
118425
93500
51093
117037
54954
93776
2798
95413
48238
55089
71794
61498
107146
72967
95282
24843
1139
114527
80309
26312
26346
3540
17682
73257
57282
37685
63942
77176
13843
115066
43184
57220
4953
14089
101523
32992
117928
55239
88940
50329
29851
117798
37417
56979
89030
108553
27912
116613
100835
43453
6735
42923
67897
63591
10409
83798
107826
8671
49213
109764
102536
81332
50640
35038
102780
89125
24963
42383
100767
39183
104138
75782
64808
78417
56901
111287
90722
37510
77465
10233
60501
14793
110840
4512
48137
38346
107114
5033
98400
97254
116827
2356
77207
39346
16348
101473
82190
55691
87872
99145
98071
84668
112168
10870
21493
87228
82166
32204
13910
25247
110148
66557
80585
22941
28567
2031
11852
10669
21456
188
67789
62856
34410
30240
49563
52271
108689
95805
69399
68493
37830
108000
51985
87894
96937
36909
59871
353
72724
115393
39817
18554
90208
39882
84682
79115
42546
52145
56285
99622
72285
54782
49273
109550
27353
94717
53340
21321
44805
36530
62153
44540
24940
63364
5256
64394
49355
34930
50198
111979
24993
26850
106781
100306
118257
115223
112535
58424
106683
64904
24216
108441
41808
73799
95512
1096
41933
27081
85214
63016
68739
71290
58647
20271
87839
44148
115919
1439
15120
9449
90769
31170
13501
60584
113804
87136
46974
66429
67219
5051
32706
108083
103924
104413
44478
115240
16731
17428
73884
41147
119088
9297
71480
86789
8859
87449
75950
106390
1048
3379
109586
76644
5119
8393
12111
66663
76050
82380
108499
69350
97977
21894
55718
32364
86058
65265
27244
109280
5206
49684
68343
8634
115538
77931
31780
26429
31577
113429
56046
109829
77219
96233
38764
52253
25299
292
50627
38955
112593
99450
90584
80001
97273
7965
36985
47861
94924
117709
67224
8539
67432
7681
28291
81604
17258
30494
29046
47728
4661
49036
77727
72948
46045
36706
102940
63813
80239
117868
24693
50049
54557
10734
86799
77015
27635
106799
10222
26431
111246
92687
11907
110715
61531
88069
61390
90528
46810
95269
73853
96267
11219
91497
31109
63756
77443
6949
45732
53363
104004
94105
47267
45972
72104
39390
55823
101335
2552
6605
117621
33049
17262
10405
62282
46818
45057
2541
60671
68021
57160
59440
13213
108256
104416
47672
88665
104812
51177
62689
39663
78383
2835
76692
59740
102060
4758
33775
106591
102
115762
24607
30897
10403
63095
18280
26430
2738
31578
61505
43103
786
24085
108121
22626
38953
54471
4105
95304
19803
88011
33661
25700
86376
100939
112504
28263
65496
79498
37723
105944
43462
81495
111268
58557
69439
54236
78982
109078
113090
2510
1101
37245
76131
97825
19910
82805
24880
95312
82576
51734
91406
38128
85042
61718
76664
48109
74015
56248
82989
3587
4290
29309
19780
99951
31323
18704
26570
112244
101972
58528
36916
15464
4752
107311
71915
114961
55346
81036
70898
109920
38084
16242
86812
45979
76830
9542
69177
67898
69830
87223
44578
55509
27458
112069
81073
38408
47124
43895
106259
98740
58684
3950
29525
81916
71115
88701
54366
42855
68462
41670
78895
86286
35678
104791
97819
65071
87373
12667
34068
54778
62881
86209
107623
485
63788
72387
113370
42302
35495
35403
98040
97595
9376
109955
81219
13908
82879
12993
72845
12781
9617
114398
65622
58472
12962
34100
117282
81757
94918
36680
22545
92654
106718
70711
96613
36790
50740
72810
41046
55393
107519
105217
84140
73760
108366
64318
54422
90597
93924
112041
81282
94930
19330
80793
32740
20396
24540
79090
8926
15431
24683
2766
14916
53838
33601
47489
6589
94223
1211
112985
49352
112517
61981
46621
18529
64481
92386
8546
100120
109000
72414
61438
45537
61239
79723
55492
20386
110584
36198
83299
46072
110494
39579
15091
65882
59634
117425
68408
60408
78583
999
108014
75561
33415
30455
111182
32773
15223
114297
69983
43559
97222
69949
3699
70200
106339
119893
55223
93062
57711
77667
3672
32627
10633
103448
73713
74287
7417
81617
64073
15611
79817
80021
17417
119690
9421
63296
49037
29602
70511
747
68984
49635
25117
31630
11225
98309
79733
37275
72231
35101
99671
63119
7031
28147
104337
7969
5126
90833
47087
84020
11328
53810
96164
43987
63621
74517
99063
20285
32845
63400
103263
14644
102289
114695
43291
83599
78654
68092
84943
96138
19362
28474
107682
78713
116004
69823
85850
35351
87810
101596
44970
98219
102085
37150
28959
84528
43761
31181
15524
71325
46760
116442
95358
55017
95910
7388
16689
58048
103073
31607
15965
36523
90417
106786
37962
83471
12058
58732
109607
11117
7118
22366
103445
84677
115757
57534
98736
48872
103246
43109
89536
62033
115778
529
113207
30458
80499
105388
86073
219
14784
35830
16096
118016
87121
69051
62763
88017
46114
76000
108302
79152
100877
53748
80414
9972
65114
36132
83060
33685
7531
103383
16890
30195
36140
45142
16518
52810
107400
105756
2644
19921
25956
78977
103729
83280
7649
118059
108960
43969
8550
92183
45304
88222
40974
70402
99047
61056
25774
79876
64975
119377
53517
90774
13279
89191
15562
26902
16208
99782
14917
89365
77093
93081
66157
90960
103875
28978
5707
30639
9351
89232
21352
5457
52394
52959
97993
28783
7871
36681
54725
57693
116924
36174
72229
90244
101750
9055
36071
31029
18161
33707
85903
66659
45496
38893
34238
60700
94699
87026
4725
33951
5901
27658
18120
13615
33645
68887
60920
103585
35942
92645
71061
109995
11863
34970
110113
13296
112022
103055
119094
58081
51828
35337
38377
2546
45162
89462
49323
33908
86517
118335
65838
12605
22894
24116
55277
29162
75673
42990
5253
42087
99785
21940
41005
65064
67610
91552
61666
39657
58493
6590
46451
50127
65775
51948
27559
80948
58593
14876
4232
28381
66635
115072
44044
63047
30286
114879
79696
7335
35605
15198
113273
119969
46161
47046
67418
31720
10681
73559
107729
91611
78860
20534
73045
120
19518
23526
64668
98812
39327
107997
43123
13533
74412
58284
46148
13592
25423
83591
88746
81308
61726
108742
116278
10989
48170
12422
58940
24036
47145
59294
73216
60668
59152
70661
85501
119322
43907
64596
46642
92110
48382
103261
43046
10400
106063
34480
118804
78700
69505
117461
111659
114412
30001
70189
28958
34412
45965
50694
59256
118454
80230
5276
59037
19741
115088
53897
112241
43791
117753
89330
44128
109944
98180
51038
108217
118947
71287
77629
85496
24418
84245
86723
56518
108841
49253
101685
100006
30407
80906
116440
13913
16490
50977
26992
67393
31644
11892
33933
93188
1335
83924
84818
46542
48196
65040
27098
13490
117033
6847
96177
119867
11834
100087
93419
60557
33272
74987
95613
1499
56128
111068
80692
74598
3231
73184
104510
246
32208
57289
100628
88084
77707
12491
7909
15791
59156
71323
61658
82945
14337
76472
26253
16375
3285
5600
97983
10128
104193
89637
63434
69872
57518
107936
40716
22926
104418
71695
40366
3859
109811
1775
52278
71272
13184
57445
115090
24308
36789
110642
2080
114206
91896
75378
46594
60585
24847
58083
79588
35094
100924
16864
1337
39010
75834
53891
39809
25838
3631
11044
52173
75275
55460
69855
114564
54519
370
34167
114671
79781
54749
28211
3595
76313
113213
33756
69663
6201
17618
51281
41548
42699
33014
20227
25165
51929
41243
77697
28836
2711
74558
115499
118463
101305
86991
63508
30269
24914
102455
109618
115482
92094
67917
23405
38880
52236
51928
69059
44135
85006
7424
29962
97099
29389
10462
2968
29899
85838
70667
109345
52234
5778
94328
93105
37217
4479
57538
10705
116856
42758
71302
117077
80163
62789
70208
115200
3623
20744
68771
36811
56707
115746
113439
110993
79149
104702
64825
116891
39289
80257
49371
14128
37340
24936
32551
84323
66414
944
89908
40624
80907
117965
89928
105534
24921
67648
100752
7719
75591
88419
28033
80994
60379
110182
70622
51060
40268
23522
2799
31960
75882
34895
113098
75027
32061
20224
84971
78474
74904
106674
61146
111520
33302
42861
47514
29320
88915
64961
67397
89617
96137
114622
90934
85339
111460
51530
86823
87243
3736
87630
91573
114438
46817
32754
104278
94642
101035
113341
7552
76814
20723
36978
47562
41145
32415
12469
98937
33064
76212
109207
22571
97229
68931
55257
64635
86646
30335
82905
117312
41988
51098
28417
114270
26663
3825
54870
62767
3098
53351
27856
33416
46765
108109
71477
29150
24718
45915
1323
6902
40552
79880
93546
35006
101394
31178
37694
118902
64392
65629
114237
74152
4156
47419
37289
17399
86937
72547
55993
96402
97488
116855
97932
107432
77971
101347
54387
35946
31356
90603
117832
93170
12928
71914
70783
65386
85813
20553
57857
82798
81934
37633
106994
2867
51863
95721
76509
39448
98122
79359
106491
111912
101626
68588
35369
112134
101012
74051
29728
64982
80711
79301
69707
89985
1895
79452
4798
111774
86579
93901
12583
37542
103830
107037
100193
4869
77012
93456
36785
36056
46715
30075
104612
83231
47703
37221
116535
38292
12275
50644
2580
79917
81412
20266
73497
32103
43707
39534
20116
108715
45077
48311
94814
95669
100336
104912
33236
16019
30739
15155
46488
81315
6604
41284
22179
26969
71100
77526
61543
118358
110964
23250
1498
80545
11558
36807
24527
89543
73852
83287
115036
107197
94837
71623
36295
67689
75390
113241
86792
98205
74230
25524
39881
91285
93972
39373
42933
51192
29803
43407
77393
76064
106545
7337
16121
96114
73039
12389
44255
72041
19633
2846
89081
25371
115793
60008
50610
42361
8668
17893
99841
86207
112897
42242
13088
88257
27286
92435
88360
110369
88451
64148
86682
66494
15586
110212
59665
73802
74567
107628
51872
97049
68641
81174
93203
1583
43743
30808
114437
85661
23232
112250
6807
97945
1987
13723
60871
71649
33964
64315
57381
107615
18263
10725
28797
58791
102129
64885
109639
3356
9129
3509
84885
28688
82060
95141
39225
114257
52579
37132
83690
30706
71992
47605
83106
60793
68326
96276
62788
77339
7377
108081
112114
61152
47567
29194
72777
7402
32526
28855
60511
37571
33392
8878
87069
7148
54793
17768
32766
61295
5830
59780
24945
92247
101991
6784
21829
52413
55127
40819
15653
46004
97028
102765
30416
19715
53783
99775
44409
90585
116828
40804
7874
100974
6287
103140
93835
119859
112962
45062
114039
49931
5443
91160
14006
25854
1271
11715
21310
72086
53152
78726
96990
83681
89173
27372
16360
56776
10045
59348
24206
92404
65214
44245
110388
15806
33344
112886
88882
75128
69368
48146
87973
115361
70383
88812
112036
2021
106526
119141
20508
87353
63934
59141
11519
32321
84385
56723
44729
25981
78263
20820
73154
20997
99093
111732
98918
14686
5513
56386
3259
71717
60000
119697
108966
68944
15323
41785
58862
58030
74554
87005
72657
47522
71712
28461
87147
2076
73235
95177
8189
114127
54380
1189
9589
41445
3645
6323
72922
62109
62642
94394
94377
15525
4203
83353
9213
17480
109498
31063
45824
94943
70466
53067
112760
22885
107042
112331
23782
67279
39678
32731
56714
89674
95015
39466
116444
3978
20150
82499
6615
25491
89268
46109
97841
65831
34284
65480
29164
107649
104820
25534
107639
81245
40139
49636
111362
36109
81138
107929
74523
85862
110775
63150
91879
230
113552
48283
20539
3528
42404
21932
60213
111357
78086
83375
13173
94276
13431
9276
81867
57787
105184
9877
39658
95627
57395
93114
40992
65476
70001
65890
105197
113267
48082
90392
57278
39528
99184
102115
3556
99385
55363
82673
77758
33985
61286
97513
106136
81426
108901
98605
100793
70074
92736
115889
106541
30447
41096
31921
88480
103568
83967
42818
55159
46465
47742
34573
39561
104903
28769
99604
636
83128
93401
87521
12152
5776
15181
73182
65056
109707
84831
93907
101081
57196
22928
35982
72474
70023
36726
66250
41900
7890
86213
29270
80208
26527
55666
18838
76770
40258
101136
20289
91595
14772
88427
89812
102202
70396
51168
60542
109120
15833
42219
75925
115939
2052
79797
61300
20890
98534
30901
28726
13875
94715
26356
106475
17108
1304
62438
42676
93630
97193
21926
27170
42678
77731
18081
103289
82334
22411
91027
17310
79872
45243
52758
57987
67782
101365
71816
111183
83374
102034
30328
88825
8705
98757
89000
82770
73543
92557
73008
33121
34880
72558
61018
45636
21658
95007
29563
5877
27648
93931
22908
63867
93340
89886
8278
11735
83514
46812
63966
97214
89076
85895
6165
10394
109546
87708
15521
52108
82567
58258
82957
11965
86739
79532
13048
22266
107158
94043
85482
79431
25606
74894
50422
16679
101585
97520
86782
114663
90331
97801
19332
52216
93209
32472
81256
113122
94661
10804
65335
52698
87828
46795
63446
103035
51816
111178
97223
31771
81524
68608
106315
116406
45074
108299
46986
46240
111631
82940
2547
43526
34231
14492
5684
46076
87498
111876
94848
114331
6553
64156
76676
70933
27682
88119
97745
16896
7778
63817
68793
85468
59175
60005
55359
80918
90890
87230
55005
73635
26077
12310
46196
107999
119573
84907
9165
102388
102105
1546
99608
51467
75419
68303
35650
31591
112326
41335
25639
34206
48498
57084
61383
82684
92708
61694
54059
105358
2964
119733
36692
48415
45593
46193
30277
92783
562
95801
74846
36518
6625
86483
8471
95037
97837
41620
6987
610
50351
79736
50399
632
26567
104648
90886
11164
4240
69032
61831
72793
117633
58761
64210
16132
71728
117295
8492
70983
63263
17073
29258
118412
66656
26178
29437
29143
32923
84247
40965
87298
101707
65601
7123
71234
57388
40038
102709
102953
80476
84817
29066
18248
69613
60290
72877
66081
36762
49491
108939
50893
52418
57001
90932
6250
89852
76443
117366
33991
16349
29634
53259
99397
7064
108561
68509
119056
29834
76016
2450
115102
105755
53086
110394
66679
18131
108791
77774
90177
17451
111467
87166
55871
2311
6381
56747
91286
73141
8484
5199
94349
65453
5258
24025
22811
24788
92812
76673
30605
4648
3992
34331
110141
30501
84607
42451
90474
21007
22216
46846
90692
81378
44607
38032
84838
109633
112384
16000
97624
114107
110703
56609
83045
100468
81280
39697
81267
110621
54831
50273
57625
74882
116289
29230
79322
24595
30633
117174
87177
85970
50033
114052
87424
49268
71741
11563
93236
88239
111029
32239
74468
39886
12978
22675
25970
63562
100070
36348
71723
49148
69995
19053
38446
79978
39992
98664
57649
91710
101455
43133
30514
39922
54219
46699
60957
89108
104855
66669
74993
33848
92249
18987
31236
76099
115553
82592
103479
31906
99523
84227
80437
64724
68251
61900
76076
38789
68622
13424
107732
103688
113182
9250
97786
93027
101066
91296
98268
58932
53429
98569
85367
118988
69924
36983
88469
58661
68147
93845
55550
36119
23518
31238
79794
25364
55494
66500
52562
10781
116836
94521
74447
90031
57957
33264
110578
51645
99978
83640
77910
94464
58233
36826
111154
53261
19773
38085
39478
37965
36267
103853
30045
40706
96604
69026
25447
53498
51044
88375
4939
43531
50163
93882
38447
48753
44054
41875
89914
74628
21116
35901
105009
85064
43337
51533
30556
85612
115103
100841
96452
19710
53235
35693
82554
23071
25066
47333
118348
75713
91657
101301
82318
119099
47921
45620
115025
46869
54964
40231
21132
114431
53134
48639
76598
114215
1233
101442
1811
116832
25597
86220
18000
14376
97211
108163
104984
110768
99070
8240
48953
45896
109794
57074
13202
89898
78150
37850
42884
33921
96871
57170
105460
72333
24572
24295
100105
5390
4787
59906
20932
101988
81093
103780
49464
76847
93606
94657
71600
58564
74389
50230
86953
95643
4747
110881
5516
67138
31363
38148
41235
22084
96748
118714
86676
98999
100954
104398
47827
31424
19639
57046
71823
56400
59027
90543
110731
43037
78029
78380
78302
71991
73080
75240
65914
97501
2476
95020
35336
8649
46468
61329
19253
23358
26510
32592
36473
10587
7516
537
13604
114832
73655
85905
90228
7972
114550
12631
18640
15414
15196
47324
118019
63708
107291
18166
1287
107946
71159
8774
69437
83780
99298
93044
43965
78246
65972
99423
119666
24736
71400
18809
93764
64627
96705
50223
55906
33423
36994
57243
39796
7911
23991
96273
28241
31088
55811
84032
41364
119157
84723
109257
3843
117303
8773
5771
66919
35137
81587
111506
60399
76145
35213
56377
111607
22848
42888
115031
63038
40640
91678
1108
34866
116954
40845
73636
78707
99873
98451
119858
21413
45819
8499
108573
31920
37462
29517
55915
47018
99391
74111
117380
118006
57123
59890
43254
22614
106729
37865
16585
102278
82734
16713
107552
12350
22231
12541
99497
118033
54190
10697
14460
36895
1553
64512
46141
32155
70353
8609
50607
99910
101562
24951
101381
73789
63129
54374
38200
118975
74459
15522
81031
45318
67411
86287
52697
56701
107881
37888
6896
18536
53127
103673
91590
72996
9716
115577
35530
19426
58428
45075
94553
97115
76452
105896
29840
38295
29303
106844
10844
78947
119882
77962
117934
118769
52993
50350
79715
10836
116324
117660
80833
76020
6432
29737
6755
14949
36816
46899
5788
60365
108552
1225
27077
15197
52424
71912
114352
90834
26101
78361
75507
50770
83451
11601
88233
61483
23894
95400
99760
107420
73161
87936
45120
25776
25593
86938
12380
24078
77873
2017
88090
62042
3072
103086
65693
99714
20847
3963
55610
90444
5287
95240
63521
22570
21307
47808
49655
29085
71945
118304
47798
52237
12527
114307
43417
111489
40720
47166
35608
52545
65388
31428
105233
71624
35192
107613
111091
87315
86911
3649
40251
49986
46268
17465
34714
107320
2615
46687
40622
93567
27668
33569
83113
63505
5812
62203
93412
35313
117475
49367
104658
43947
77458
42207
19650
105781
27722
35253
86530
116830
12547
23239
73269
47029
94665
37228
96571
49692
103154
21680
50052
93620
19352
73955
39686
60312
74047
40044
98792
387
89532
231
3873
59656
50320
80098
73683
109349
9591
91517
36166
12097
55854
2582
75225
40108
77439
101540
2098
40420
1621
110488
48926
118193
82985
72643
16333
11319
12985
43549
21281
52022
47265
72036
4003
85477
114516
60458
82208
108570
115663
10682
99241
59234
109615
20251
61478
102684
49944
86084
34243
17817
21741
118579
16799
98931
87306
45435
40061
114980
110685
15626
107008
85386
54214
86326
13267
64940
87314
119396
111852
105912
113805
7355
63790
28162
39613
65186
57103
10320
51155
2451
93816
77111
107914
35712
84862
35969
65049
13645
98372
14585
92125
86985
90487
58069
79403
56447
36679
7028
14171
98051
8200
10123
81752
43386
14224
72300
42667
1114
95836
12467
99833
51487
29959
8939
69363
5848
90484
74187
77988
14192
57785
117518
63115
13860
103615
84091
72309
86203
21974
56887
66053
62572
70498
112784
40141
23957
22405
63711
7227
17951
104968
37649
109800
72799
22945
96010
9396
41678
31943
101460
19792
86764
96595
59909
53404
119791
93197
116781
45183
105833
42074
86649
29804
119493
70556
36977
116689
113680
111012
113623
79443
42487
95829
32113
69635
94548
117120
29552
77056
16351
85624
19756
68886
1826
103417
32249
33279
100068
102836
37214
27429
14488
108201
70462
41367
88452
68860
77790
89558
59177
69497
109876
47539
10203
116812
95099
65696
79027
15244
88462
102623
106633
109969
99454
117318
59112
16555
84317
45417
116111
79668
18410
889
43162
82127
64035
38402
105588
48011
75609
104466
50417
91265
87472
700
57619
109194
13597
98566
114174
47818
45316
19481
80607
33828
14704
114165
100117
115179
109058
18260
117065
19243
93502
34154
19983
4450
114862
44821
99832
4319
15377
22825
79709
8272
109749
64561
20300
16779
115297
45305
35972
62498
66076
78147
2332
32544
66059
105267
42706
3025
4026
62635
70219
59058
84813
98684
99678
87089
2780
103984
78408
71859
86567
6566
70576
7365
83035
67494
68787
19047
58516
67523
15644
29664
106237
23527
74695
100143
103460
47768
9342
53251
5000
60881
18427
30446
34703
92213
14561
4370
61137
29339
119070
74851
100289
61456
119740
94933
7338
108486
36658
81072
40269
87268
16801
83291
2103
83791
57583
27842
54552
21504
97244
43974
9973
9237
2717
111077
111650
6675
76248
115399
100960
55270
22699
63979
6642
71459
108539
107850
37478
10071
93518
79227
89323
59664
735
6946
47475
74620
28067
66996
24279
16986
54146
53784
63404
94637
42870
53900
2632
90006
19637
117840
19073
69870
107388
67798
22420
43436
83847
86291
22110
72222
72058
13632
79200
26317
96151
73506
53107
28497
105008
96277
86562
71170
64641
9538
92864
10493
115455
57013
20898
64957
29550
104284
30183
59625
118816
85473
18670
119606
44642
89372
117919
12500
116193
78404
14637
78256
101353
22652
18994
33684
44807
27550
50044
72837
107082
1661
84899
78324
81641
99319
24452
76361
100343
13776
33547
99885
15511
70819
45665
85549
29553
10512
107062
34894
118790
62302
107906
2944
51473
116665
112920
48477
8285
912
92821
86100
68345
88158
11069
12322
1944
70500
105398
66588
87127
58713
8796
4023
20201
116421
11652
115680
65668
69461
5112
27356
91163
28980
110585
56307
107956
53461
104873
93237
11253
94563
17209
59436
115799
91980
13066
38542
51668
56238
2368
77260
70870
54770
79782
8131
57061
63531
75724
45444
14671
80411
28522
83751
58788
60896
102033
51918
112296
13096
34983
38925
45659
91195
98408
16742
36126
107237
107202
19812
28376
111347
30049
21563
81141
87974
112393
107757
117181
39661
98880
18266
80612
47537
110118
42564
73563
53142
30486
17501
37800
57370
9823
25528
15872
110062
9600
67892
43456
74641
10225
119208
110046
82840
19309
44762
38130
99166
77109
106458
1799
15063
27474
36746
95798
21891
12877
31005
118651
101375
79520
103842
97033
72807
43754
42156
26164
40069
19288
58642
3407
73885
49548
27922
56858
38330
52997
12582
13502
100624
28725
90025
113681
112374
8590
92522
80740
91873
98968
13343
47268
9036
29946
81124
23404
58987
80134
117325
28422
81318
58579
25581
63999
29033
28995
38041
91785
36027
3440
79167
107686
92817
114712
99019
107002
77809
37514
86345
108631
16448
81555
105763
13828
81572
106866
62514
56802
64289
66647
104414
91040
105965
117208
8233
89195
66021
16462
83319
107577
25983
29720
16433
84871
41658
25415
70866
92429
102029
95654
112525
102511
25368
33448
4085
93475
46328
71996
37689
26833
86850
16500
117511
108706
95679
107398
117261
35051
41618
105495
46432
49652
73363
76052
85398
76202
16577
82515
104994
25652
111745
77328
56739
2190
19373
60860
35396
65873
56185
40145
64613
73003
18298
66624
95133
119835
30929
96559
40907
17548
110690
7764
44212
75066
90235
98263
9108
2927
3806
29196
7940
81372
95551
37807
95264
18186
93057
76617
11070
93668
75498
107397
42868
116746
64590
34003
105876
21034
50988
97511
96495
79944
105759
45421
32407
79298
30509
115139
118338
116770
103352
96112
21495
116602
64667
70587
3039
50998
41917
34800
95725
82517
90126
31841
110987
37838
21065
98019
2528
27520
17291
44461
12726
60964
81435
92068
32566
24495
92830
67537
58489
16063
99924
99052
7412
9884
43403
56391
5950
69357
34870
114697
100583
110359
98202
79859
74823
43710
11340
92116
103808
117416
39662
94976
80663
11530
2956
50967
114751
67801
84082
50663
6621
97663
82074
31513
85791
80656
47159
82626
86404
118418
76524
81809
96225
32804
100519
13621
63131
17365
82191
24002
84529
105999
19110
106334
42022
98992
3839
111335
60431
86346
56572
102118
116144
102462
395
66171
44234
102503
43414
109126
85338
83251
73964
46833
61950
47825
113550
67479
33748
119909
15008
35443
21827
48496
47236
92424
84536
7121
21625
77424
20424
8640
96994
26249
29006
106092
55508
28555
31156
89333
19790
95380
59184
46245
46872
61404
89936
53151
56172
7187
11278
9646
117611
58535
92992
26329
66078
47710
16430
6299
104978
51938
92041
89705
6038
75124
1153
3543
43513
86295
26333
119194
90804
41428
10246
73906
67754
85544
40910
54605
57226
42285
65131
31976
34978
86001
71805
85171
83894
24193
102538
104112
12802
40304
54461
58399
104571
104401
5484
43342
111116
85994
99452
9162
87116
60813
98498
40344
101771
46210
4486
21516
19455
28770
93379
111481
6031
21340
78142
57352
54191
99802
26479
19501
3271
24646
58815
53665
108625
30889
51078
71458
50717
96172
95008
56601
79834
5248
14560
102796
26091
112231
93649
34943
2888
2480
66104
66478
84069
79842
69116
43682
18695
93286
70301
101567
4538
93838
4711
17118
104297
21501
104393
8899
49798
68271
79035
55754
66527
104561
32746
35385
17848
48080
43590
87577
43143
83874
51339
28677
95032
26774
91644
57206
47584
99736
89316
50645
96030
57480
116642
109246
76633
40852
42284
58461
71798
32703
29049
110013
76989
110709
38578
55368
86464
18793
11446
24411
84737
99544
86446
32869
4249
79898
95295
101917
843
49740
24269
98099
44643
16150
3257
20803
9072
92114
74057
182
116687
91125
33084
22240
60647
72327
66741
53558
37349
6285
15205
111511
10957
56376
32969
108455
36452
20838
62435
107451
76988
17743
91813
79350
73865
102094
91271
16411
26747
98053
37493
17330
114977
29815
97439
113334
100592
4988
64011
67786
57474
40956
29386
23244
116461
11999
100785
78571
15361
2249
43049
67672
76971
15642
29241
91091
57180
46548
21962
76336
41026
100074
56086
47684
68182
65520
57808
90377
113298
109913
29211
34333
34372
1071
119634
101386
86674
69328
59501
22615
4234
99351
5331
94852
99556
109549
85982
92033
78158
17801
24732
47701
98538
110398
93413
22520
98491
98549
110130
64586
81079
8793
111471
23416
92673
19724
68488
11797
108557
112465
59655
64013
23010
101214
24084
119508
4943
40117
31338
79777
34449
43364
45795
2503
67751
103668
12579
115572
32194
91604
28680
91885
52869
24190
7745
111352
56323
54738
110769
87709
7848
104061
30432
25124
101537
95200
103783
81281
86526
51639
76947
23271
112632
26173
99626
20859
3907
61067
85047
35273
59772
112943
90453
47884
7998
71305
25747
90307
84592
23961
41596
22963
49737
36664
5239
36466
68097
109471
27061
47600
11786
22919
52313
72514
67647
105310
76918
56767
16238
23318
57210
77532
24494
95472
34013
103025
59220
82984
104535
104610
45125
21584
45290
87602
243
23112
59261
101525
71524
96385
100344
1521
12265
75903
64978
116993
106215
49562
82262
84982
6938
104170
84711
55928
112429
44910
77740
26270
12708
62048
108090
55597
83356
44317
116863
48385
117912
65933
83179
36923
85628
23292
45701
114051
17915
105945
100079
11804
74773
19525
84755
83041
107976
79969
66598
68747
8959
25050
47403
34046
82165
97776
45094
87383
81629
93024
82964
96535
87951
35092
1902
67862
87428
73663
98284
88186
91636
74129
87704
72439
110570
84265
101599
3462
97459
48231
36010
33031
65522
74474
17445
37638
48402
82374
64063
28766
29346
108609
54663
14158
105785
118730
38812
105114
87247
28681
98547
24481
8531
34489
3937
31947
10800
78311
82660
4380
18989
49750
72033
34555
92091
70036
8967
44522
95087
65009
99171
63212
89488
92937
38172
16894
58295
7213
88520
104973
19987
47834
65108
101690
38847
83950
21287
21914
101039
66692
62712
13097
27839
15926
85959
116147
93377
18022
92898
71111
88981
76819
48039
3445
106414
16399
114884
63859
76284
25462
47880
93763
113919
101292
103011
106913
23888
42762
78759
110453
82027
7898
51789
10757
26289
63959
31169
48836
48509
88675
105100
110111
1136
20918
110045
16782
66866
114817
69750
39986
96238
1386
44405
110082
91064
77964
85141
41334
898
37682
25485
20382
3952
112906
60834
111649
91144
7076
1257
57610
22684
48257
98775
65659
84969
119940
104396
73105
6158
33926
30953
36487
22783
115941
41361
20665
92370
35414
42585
2542
15009
60019
58373
43221
107418
17961
96669
74128
39189
98150
6933
66012
113367
61154
9314
80127
104515
83778
16710
36809
115410
97774
89061
2154
106068
13735
109670
111757
46330
114184
112353
36921
12903
41531
102801
28823
29259
2297
94936
88338
20903
115700
115872
43172
11089
16784
15534
81022
49905
19822
2550
76942
14319
110069
71200
26636
83567
39196
87308
40516
47224
43085
90012
1863
96589
39820
103757
105843
29564
2508
114406
78949
30052
35435
85488
90863
92066
27007
35159
90495
78955
78068
112702
48025
67421
63496
84446
109502
32636
62084
14504
49465
102787
91081
6057
101167
75039
32844
65063
116988
85215
80578
8379
1950
62454
75098
62129
9825
112220
114178
22823
22478
73692
110816
63774
76514
105761
81771
67721
69048
39714
88320
48540
79225
44429
74164
71258
107913
46160
108343
98007
101052
42241
54204
64648
75676
94407
19258
32730
66351
84920
51200
28187
90818
27257
59852
2029
63248
95817
87750
2184
51921
86875
31749
110374
77832
58680
89495
86982
109907
41103
54275
79015
58377
17895
91231
24969
22490
30696
39891
69361
81189
119567
77007
107304
7626
23217
85573
8195
36291
47270
4375
110903
46213
94409
103142
48353
55535
37937
98292
62489
18988
70713
12130
113417
47556
71984
52415
106920
37163
53170
112754
18817
69301
118907
14723
3697
90687
22760
24985
37208
17751
30937
109069
91727
73719
76482
28857
75504
59745
112180
78717
62368
11890
45071
72268
2200
107666
29369
76192
64694
80458
55019
85461
116581
101218
24314
118662
40328
52866
1685
50664
75185
46870
110440
106265
66165
30422
61506
119759
6534
6973
109531
12506
52163
118515
51851
30968
62184
14663
38278
49099
65636
93045
10826
41045
112891
117381
102906
116710
45256
101606
7080
51056
37784
17953
115744
100349
60066
10983
34747
57920
976
86429
678
77588
110786
56774
35158
7095
75367
38112
58839
11072
83166
58963
107225
71566
13204
3245
100955
51903
66219
11258
18616
56566
60653
70328
100572
48987
293
60954
71694
73878
38372
315
65382
31930
45353
43472
85136
4902
105906
28777
93442
85123
82808
50150
56758
69702
6262
61737
79084
55720
40652
3693
101677
23647
100504
118272
74205
94902
114858
96417
13295
13454
47206
35501
25870
41642
2235
40026
43226
21836
24535
12424
84751
72067
38539
37919
22592
55560
58675
76559
85296
78960
60374
114442
59147
80486
84984
48052
5231
46283
55586
92888
38291
26168
33587
54942
33688
4192
16223
31124
54216
10694
3784
64889
54925
5880
88822
95346
31399
103559
53276
98735
115913
52410
11421
117572
64877
37158
79435
113843
26587
11291
42622
55748
93814
104328
93885
76735
47608
101941
82966
65982
91092
113772
17672
36412
58329
48064
54336
118960
41568
43202
29983
104420
81273
104601
110443
11799
77099
97650
39715
26532
56379
10776
109452
11793
49949
96471
88477
53578
52778
23598
22809
80877
58300
66200
16696
65218
90720
109229
90731
32940
24026
64183
6802
56000
47000
2629
99632
3616
97436
116358
41098
108354
63433
103781
90797
52408
106507
42589
99971
104596
47647
3268
83048
50927
61544
38624
59513
93987
111802
12757
115948
14893
115381
46954
98702
6760
70306
78663
87405
49712
63559
73123
32398
104752
34651
65962
92365
14440
34132
50200
6556
48035
96993
106577
107767
16874
70857
40156
115105
66709
74500
21512
40657
112693
66746
56882
44936
12186
14543
73678
89249
25431
106961
45753
69739
94451
27184
24020
9289
104188
111857
11376
55713
119008
805
23461
35886
61144
28658
87879
40727
44430
57023
40945
66039
48205
48715
42260
70725
85217
85079
56407
86149
47903
48804
112431
38646
11427
101497
19197
60185
99373
86890
35056
82376
97930
29600
62526
20084
88826
36255
18014
105356
43064
51504
73073
52921
65084
36548
45924
458
68256
54610
60230
112080
25103
95329
65052
98997
56195
32759
91413
116572
81172
53223
42582
96955
107989
14315
72593
26689
93234
52360
109540
79020
10929
85447
53904
97129
94583
103030
78867
13353
48555
98159
20195
118980
36836
55886
1106
57076
107168
85148
93495
64594
1734
98971
27002
70488
92831
58793
49289
73290
94436
65857
80059
97830
21331
11883
94779
51516
69530
92987
79293
119362
61918
58216
8449
77492
50516
16455
103222
100263
107437
11221
23571
8791
70890
16510
53400
60326
96676
109007
81424
75040
96058
11667
3562
108260
88583
22151
11310
8620
109865
108332
3763
19065
41086
118668
49254
37622
29843
119647
37386
102843
32963
62021
17568
69760
65803
8315
40692
3680
79717
81213
18850
58631
20785
102502
98687
14335
52488
73637
92289
42405
82222
96136
90178
29604
95921
81370
18405
89240
6277
40851
47120
105637
86443
16488
74964
6188
89514
18349
68406
79406
111552
65135
17531
110067
35770
13446
82200
13563
1740
76820
2336
92696
102823
46212
65509
70980
69410
31547
2950
19828
103169
11344
34558
50577
15022
113696
95507
68437
55178
5268
54658
70334
35152
31709
111669
103014
17300
18236
96149
32919
46916
32107
66507
22712
70834
119174
25551
83643
2131
390
43639
92084
1732
119511
56165
52351
79500
70910
53366
58218
110295
37674
76045
58406
33389
4579
83849
88770
3323
84149
90308
70714
22835
14758
107209
118696
59712
118743
78545
856
65884
85583
34658
39371
88529
46962
99142
73592
119812
37525
44548
56654
111041
16699
25378
58355
77215
74309
36957
32884
40197
92578
35064
55136
59196
65109
61359
103217
62372
47367
101285
118521
81661
68320
9679
104914
101955
88913
106720
25636
106127
42583
79428
31808
105719
99349
107188
70875
23546
80846
20280
60667
111310
84295
61735
77118
64731
95832
118553
102797
2889
108719
97066
115974
40201
1065
37669
89256
21114
40508
37715
74435
74445
100826
29299
71673
99750
83885
82537
5141
30800
99107
58148
29293
48186
118030
60567
83165
72048
119134
56455
86186
93780
86933
99587
226
117995
75242
55551
89445
87397
101321
39735
83024
86700
63010
107884
93315
101124
57297
17722
84783
12221
91979
4520
43663
79937
12041
44131
88301
83892
23835
34675
101589
119382
70034
30430
440
27159
10076
71374
41079
78795
100751
52137
86128
99756
100866
38261
98606
97064
54864
94441
76422
105424
27333
64293
54215
38249
63563
83062
118609
34806
79698
22536
118041
65958
40794
53050
95881
15329
20889
92900
39433
66710
35875
71884
119284
49623
12961
66398
32444
93810
43803
58890
107597
46601
37761
79244
119138
85495
4035
66432
21305
19628
68607
84474
115928
75077
76686
77101
40072
57967
94615
79131
106221
17640
88354
29219
7938
6412
23110
22597
119776
65019
42409
96165
56014
82721
96115
64460
78870
5953
63605
10566
113177
56380
2795
104730
95149
11438
13003
33978
17752
19805
41576
112863
50480
53975
721
79828
54222
53121
47228
69761
32147
75588
10693
73445
14254
107016
55931
52012
52487
51969
99537
43495
5904
71304
103626
87761
101077
102290
5847
21058
41059
106353
92729
30393
83358
89048
93745
26799
70414
111368
65060
93473
70940
4467
90120
72466
56461
88590
8601
81728
57842
106716
548
59809
536
33361
66857
38019
69552
61968
70506
67276
89448
40386
38120
46588
26116
46394
36868
45958
74506
83675
17962
951
26522
78702
5564
15117
49792
9599
16526
22461
24772
13646
63548
13326
114093
97724
112645
16971
9022
34664
27971
49210
18990
98482
19963
30894
103874
92760
59675
112662
39692
37688
47650
38029
115063
105773
109489
69384
60559
111878
65418
74061
36321
84234
101597
7066
6565
91498
35249
76799
55355
117590
94076
30245
60778
30084
19544
31089
8376
95323
43933
109732
100740
111462
101462
70481
69770
13989
68000
62391
10589
19125
20408
37288
12633
3214
56325
89290
87128
68975
66079
102141
84267
85877
43769
41084
63724
58537
35400
39504
24124
92269
68302
105433
3757
8837
98166
20533
17355
32056
74300
7011
113651
110545
56582
88182
82803
87853
85911
48324
115714
102904
83066
4819
118205
31918
44850
51597
47610
23027
16548
18188
28585
95365
19923
22706
79641
94493
65055
20666
88861
39794
13699
71928
51463
977
60950
66131
37534
105076
79336
15905
59864
4755
51134
87885
111539
10208
107203
40721
102446
56691
115701
98248
6689
68392
88709
42244
64316
37134
65588
41943
12060
50194
35427
59914
68656
59775
25457
26613
53138
43982
23366
74017
31832
6369
51065
78925
32377
10819
73475
77331
35515
92358
101038
116584
89773
78548
6683
50452
119283
26802
12949
49533
1066
49189
93919
62177
70192
17609
116094
22278
45184
20235
8820
97787
22059
82561
2752
47164
1223
60518
82777
45365
1399
34711
109532
102783
32603
24592
23022
6916
48138
39747
22901
86153
79954
36562
48705
45698
25910
56716
59851
117834
31641
105381
111947
116327
106059
6596
54008
67017
113871
27779
42857
100430
116483
82066
40555
74707
37578
87470
49133
119375
77516
7616
115156
108208
19484
40752
23680
86759
4183
23528
64546
34776
13773
104338
110868
9938
38741
57581
22788
117777
15212
14477
68494
78165
117565
7712
72340
96723
59054
8924
88930
73240
27782
72460
86881
47156
82847
87504
45928
49906
7364
53521
45373
62661
111167
64084
42269
36423
116454
98862
20968
16153
54165
44132
2446
22007
27990
116706
37480
68896
38391
86992
35552
18794
9473
10595
79694
5626
4441
95621
1448
65790
119900
74653
43112
29174
114583
118222
8833
86238
94785
58696
40114
43903
117212
57968
93774
114981
131
74383
53569
6024
92222
4975
90924
51251
84858
79141
115525
116922
43301
46399
2401
77529
15273
49763
18958
112853
64855
67555
24551
39764
99219
8784
33750
114025
77478
42759
50574
107774
112444
39610
105646
5028
1781
14627
83947
108940
17974
106273
92778
66963
80274
53100
114054
87701
76710
79384
50219
100233
12010
105467
51145
31403
88974
54181
118967
69885
51606
39491
42533
108845
108376
106648
50390
688
92079
2247
76190
77162
37765
52065
53557
41313
20381
40750
45343
40676
29117
114112
56588
96987
10497
110146
11384
66358
111383
43361
60117
33932
59998
15255
28031
89189
55161
117272
40111
26767
60903
33835
25848
3497
6103
114463
65745
30960
64128
100123
116114
16381
51430
7630
38759
14119
8242
23727
23448
1598
40281
7545
88415
47962
41847
3093
68564
113430
92565
62617
56132
29362
8004
8328
107771
44166
104784
107014
113201
58183
116229
31506
80010
40653
34585
100497
12121
36034
84911
109495
29539
31980
97607
43713
75608
92715
116375
66410
88243
22002
72054
68141
10710
111988
107024
6850
93511
15895
67018
112639
90088
82796
80019
20726
29224
110668
101009
93275
92406
12383
69356
81987
103675
95887
112842
50537
76375
25727
45903
40147
112545
42890
78772
96879
77454
24977
82775
43566
40183
60840
87033
68149
56042
69243
29717
34639
85374
65117
3558
65896
44010
6438
32800
95454
100451
94680
31087
115322
101068
37970
5312
107297
83154
76307
16602
17390
116695
101632
19884
83325
19233
22680
34561
72344
43834
69314
97261
97799
1764
27247
14751
36009
103617
99271
71180
96083
8190
91090
12796
39883
87542
30521
51735
25669
53379
57557
44206
39044
66851
115362
22916
75741
58651
114841
106880
26961
83377
80923
40099
44183
54487
5058
92188
58900
34611
59674
100749
98367
82935
64723
53931
15331
82487
22934
44787
29540
95899
8755
6584
113597
46922
42059
61149
45852
119119
46902
76243
72243
19689
4773
4655
104590
66011
223
4994
111846
108528
73900
105875
51330
32385
32591
61419
106024
64822
35784
90591
61697
1454
105885
24587
75998
16179
107128
57442
100997
21594
20737
21858
79619
45453
110272
92371
23843
56640
42083
56247
74018
28016
115425
72891
31552
37287
92998
32843
109556
13481
53531
105102
60971
119828
85360
114974
71202
51944
25229
54400
114531
107769
72944
15960
98445
82648
59878
110967
87457
10124
17800
31023
71004
43795
64447
54638
21343
3598
118327
48733
55081
106806
7107
44733
11725
116618
12245
107151
80434
36251
32786
66128
115141
18099
30552
112341
51349
37303
110364
33062
80871
30843
79753
102865
52292
111214
85253
8831
103036
21779
107367
90227
15479
84988
57093
31922
87340
94148
80756
88804
25871
74078
59671
93324
103629
68557
9161
116587
91122
35651
39548
92418
62742
104555
10907
1958
78234
73393
106554
5507
3706
10996
109841
31650
28552
31684
116512
42047
101660
19317
65177
53753
5820
76817
13316
15065
39381
75354
53402
56924
15789
17952
117588
3302
64023
39059
25300
8150
100153
72373
49883
98420
111556
67500
22322
41895
83558
37325
29491
12175
23730
57228
10977
100911
92672
7910
101548
85876
62086
57817
21467
63342
11404
59759
110641
113802
75935
13252
45067
116448
81616
41863
51309
1945
37258
66413
104324
73490
41108
3413
96545
113283
100528
76322
3820
72661
11887
20471
115228
86168
13378
18165
79713
80089
63487
58095
96814
53396
115514
59724
8607
87648
59069
102898
61819
50414
116563
12736
18982
76553
43315
100901
114318
25516
27191
36307
93406
72016
92450
66708
110218
9338
83974
85500
32050
93767
59643
74093
61992
93572
31524
97636
75229
83123
119568
92107
78559
68452
20405
100402
80976
81533
32906
105798
109606
109991
19966
11148
102003
52343
3449
64118
55386
6204
76746
63243
27334
8469
50285
34690
36139
83208
97668
17206
40709
89961
88492
16833
12545
112130
88325
26752
12099
91622
12622
71751
54612
77178
5116
94056
5060
88096
46940
96739
40698
25808
16715
11006
43524
16970
2698
35871
27030
102830
52329
76180
79704
8357
83818
14401
12679
97297
23660
91938
58496
74175
31953
56630
61969
87518
97979
107184
7498
91903
108145
24716
54220
105900
97912
48878
95855
103699
76059
33378
26877
102144
30601
110190
79634
80695
96419
25886
116313
117802
111566
31175
61075
171
82462
89681
101173
95414
93217
27447
83132
118082
22396
107944
96664
46352
54184
25177
63040
6419
12024
75362
33652
25362
37216
7158
91569
61360
16861
15325
74058
56423
82601
65749
2664
29093
25611
6630
61090
66850
43546
90776
13087
10713
19221
112582
115501
89877
78173
109187
119270
112547
67873
3758
74654
2880
10670
70234
70950
105811
4415
93996
52751
45681
49035
45774
73826
114645
59098
83376
31856
118754
85268
64164
79914
90993
2575
29945
99711
110446
49131
72418
81998
46138
107468
20371
91151
71359
90929
81071
65722
72367
70464
91662
87863
4917
44122
39801
94547
31438
99352
95143
111378
53033
96217
92730
112522
98704
102019
50719
63674
16803
118749
97100
81113
104063
105943
97522
99687
99381
89490
15092
103965
119788
7709
60403
15771
50338
113428
32202
55607
50858
21169
87881
87963
88093
33571
86735
97527
69452
75164
9514
89552
52207
883
11403
16369
73255
88753
112899
18757
111106
105478
71501
25915
33724
14162
69100
1480
4409
5165
38111
92165
96180
83225
71901
107044
1689
106647
46007
67550
6665
63941
65030
44995
34691
89157
16491
9402
106394
39906
78329
37586
96188
101986
12043
80240
59118
60252
108507
1325
75923
10584
59992
21865
116016
84527
29943
88302
101265
8988
92889
104330
112558
24347
103277
28341
50447
98926
109457
86426
39995
77300
14389
4556
115170
39122
105432
86415
24037
93629
523
51968
14206
5677
97005
17644
79620
66645
14710
103637
117573
57503
99904
59015
34931
67154
15967
28389
103907
18198
63454
115922
32068
69850
23752
12548
44465
26039
33917
113695
44786
119086
66734
28299
77194
85658
30397
73526
49414
107992
62951
71879
49582
10732
6963
113986
37991
89428
75013
11513
117420
99200
90023
5691
7342
91542
81208
68774
84851
54538
108346
61896
74151
115761
106774
82045
27773
38994
50426
10547
80616
77062
8168
95590
97742
10482
74814
41301
2513
102773
105142
17429
8608
84710
39216
53312
101733
9088
90655
32618
80048
51513
37261
4782
33591
50286
39177
34592
108390
5090
89341
114792
93016
119155
96232
49911
92630
31972
13722
53347
29035
5643
38252
74242
24927
52804
113082
25183
91608
42231
113319
97538
67335
54936
22743
110559
19386
14850
103569
33538
44242
26674
29990
76546
44564
2153
39307
37350
8685
45103
95106
19765
10470
71800
11093
32048
55541
77580
88461
83725
19283
97170
56879
42296
25685
8993
110074
12831
37188
8575
111247
112338
64310
41101
76114
118225
66858
84601
104439
43156
52075
100812
110021
33168
86578
35294
48418
98195
72186
51623
38034
93622
25355
5909
50945
118608
97470
17412
62945
28633
87465
11878
59055
13225
85881
37503
112314
56197
49813
43316
5928
100824
15311
8711
115555
26968
20287
109067
84824
91017
29533
92496
71498
91906
118866
76520
97383
67750
82046
112456
98578
37679
28622
88303
16820
28351
58226
57188
31965
8624
74739
63155
100082
29460
76373
115552
93199
112587
34458
96506
67412
60404
102162
112261
48951
110100
105711
21896
51477
34384
89979
84468
10798
57547
19195
77356
105311
50750
7205
34787
96208
110847
100282
115855
119755
69695
73712
118954
27804
72374
113026
41905
10988
70129
72042
56679
95985
15973
104773
75071
4766
116302
55250
25276
78224
119359
91493
47140
9438
64995
89716
81199
115861
26517
99690
57341
19282
90180
114027
21227
89612
116226
63163
48750
31228
101004
47413
29277
4326
110032
55740
83278
12049
29028
99474
56577
107621
69521
73920
40234
14558
71775
22846
8832
20767
118025
115694
116947
53666
91593
19532
49547
115522
117991
58272
74062
91994
114241
63051
91959
109603
23678
33222
36862
7818
37274
54446
77221
41193
57638
72601
71660
86773
69617
15111
103338
51926
63646
101915
64036
53183
73608
38276
1209
68686
82923
37947
111523
84501
99894
44584
79404
14697
73459
29551
72346
114901
9601
68044
67484
93153
75768
19692
75506
106359
43846
99625
78894
40070
58816
98642
82890
48468
72138
31767
26976
56108
22376
57119
52621
48865
16750
18902
14527
84832
109274
22891
42386
89935
68458
115736
104841
108024
103784
100967
84237
116204
90719
39845
57364
64244
42151
30787
116350
29294
91243
93513
106626
61349
54681
19746
94238
43629
58582
81907
4937
33941
41668
16272
49256
80361
78743
10109
5304
45399
96313
76310
54666
105043
21368
61199
43463
66605
101278
70671
50102
43437
6070
101123
58794
66512
36725
55798
56646
17600
110420
109265
48107
7555
81967
40182
76531
101560
48337
98972
55181
84505
7200
50624
86405
77601
91801
115252
113279
89371
6076
102656
108520
25065
86356
115497
66962
47177
73995
77831
28276
23486
33204
86687
75270
706
38151
61217
92580
78478
84479
50776
14144
65152
83476
53290
29820
30199
103284
80334
45297
85591
70079
56972
112345
30805
65721
63883
109306
85334
113274
71652
2050
71793
8911
66193
103566
114883
30161
95154
56585
80152
26196
31807
11232
103125
63739
5779
87262
30516
12711
96997
51325
65250
69523
68026
79062
91319
103381
112360
60227
91965
74629
78451
51455
46456
89306
103423
53516
94917
89715
61207
51778
101864
95903
48246
104415
86633
102218
75307
30925
111719
34645
33179
81360
27326
32803
94904
98106
94306
79642
45447
4053
113714
115847
5408
77432
21322
71331
43047
49108
70656
114005
59669
66818
110158
109259
39322
71670
48588
73614
101159
34743
50981
115367
110536
25471
21904
95868
74198
60145
56733
98378
17192
69099
98258
29756
54953
60738
28761
26294
79940
75771
3130
88066
25649
82456
15684
105483
87643
17130
67251
10460
50336
51703
105333
104645
99411
59697
116654
47216
41350
23372
100173
18924
115447
3467
50083
30617
81509
86007
108093
103702
85077
35923
67142
2737
72235
107952
54966
37400
100217
23709
98724
76013
51997
58452
101827
38315
61396
45079
33219
47452
62324
93294
56905
102864
39691
46654
28969
108911
12732
107808
50659
110220
109843
55582
31308
20528
37787
20892
53343
6941
63846
9516
64207
67241
37311
31619
116878
70601
26355
27208
108314
104344
52558
26590
98488
22937
118448
83315
42880
80983
3922
6954
990
76706
106450
57386
22479
26405
31888
56606
36534
65231
1957
67480
557
17630
102829
100813
2928
103606
99665
42168
27305
82666
71956
104589
100607
15248
42205
26909
106000
64423
107363
39023
29145
9224
95714
75598
78046
56992
111621
22576
93115
102614
4402
115640
116570
44181
45873
88993
110904
29895
71230
66066
94202
11875
5550
47937
107301
33665
28887
57407
29872
62261
117424
70913
24287
8762
84159
105509
97783
89545
7635
49802
32693
14424
27410
98449
45688
91967
26801
56971
66187
57861
87134
107895
104860
3415
101985
49895
27075
86673
25411
58911
102303
117760
117106
2995
32894
20179
275
80449
52441
95618
76719
52006
15367
114034
37764
26460
79972
19390
12522
82178
74416
9245
43521
1767
73419
24294
55047
8589
31324
11958
101011
47541
39176
107479
107302
41089
5402
20486
34237
95502
16166
104482
19821
69931
29725
103482
24280
68839
61037
61092
39695
108348
112741
43641
41214
12944
11039
36984
116401
100308
115739
83741
77277
37307
100131
75690
101224
106719
57040
89020
80006
85158
23077
56147
69494
62005
54791
119711
84866
36939
107050
42914
92837
43009
16383
18594
118014
98250
87784
96459
15247
92438
95800
114064
54300
29796
113850
1462
4729
56786
81885
61582
37450
61266
99685
51199
115901
71959
82090
6734
53776
80922
115086
42712
5338
102322
119968
62288
50214
59068
41119
10695
103037
56347
111423
33530
109989
94024
88655
14618
3695
106162
43079
110747
59940
81099
7878
80662
19761
8289
70886
77896
93225
73203
52648
86697
110010
73738
73908
5837
111272
14862
46220
116247
94686
63518
5721
13862
81344
2757
26698
75892
52404
48436
97074
98816
68702
18940
29327
49921
16459
21826
45083
115306
80253
81798
43294
81883
85754
87748
67907
16641
90550
112925
1227
68660
81210
7236
94689
101810
17282
34621
37297
40827
82943
94235
29457
84643
57265
15754
21682
5924
70048
23851
115585
41037
17712
61813
56394
85548
74770
65955
32002
57691
110497
56398
24700
20798
118562
80331
56489
96003
45195
13020
7177
27568
7839
55934
36512
62948
24299
91534
49756
78410
21559
16836
46011
57680
42388
41907
37870
19155
88714
112948
66655
25851
6217
52184
107066
70337
59107
4177
16934
2808
27942
93686
64461
30665
59023
105290
64104
88428
12172
14250
61426
58400
48921
118434
96979
64238
17944
62961
55464
52073
92905
75841
58577
96082
9687
12017
28384
101408
56754
20347
83161
109626
82391
89728
52983
67305
32520
83581
74929
38417
114344
12947
98342
77750
80359
31084
59729
85034
87224
68654
90877
13374
96122
4081
15731
43200
21302
108305
68350
45886
86983
68130
44161
9724
98905
56706
49755
29925
6658
101036
99636
101897
46334
100716
114299
97982
40285
68825
982
72436
47017
41632
86105
53995
84101
36610
107894
79419
46524
13253
48695
22805
55859
68633
25587
70443
113749
23396
81980
21610
55311
73827
39830
117438
115192
105986
8299
11728
71353
114744
60107
108165
107038
11268
119132
111821
119941
32785
52703
72184
115343
86976
12062
22627
43584
16775
53626
97169
969
9583
64547
53241
106805
6453
113339
43311
96651
51320
76461
113228
46202
36542
109173
72354
109270
71978
40020
107540
80988
96041
113147
26619
23956
23994
101106
3628
111731
79640
47973
29692
114202
3576
45631
36186
104660
80125
3433
78106
23397
29833
52986
28914
49853
35133
17202
27930
1774
60282
48358
12647
72488
17700
21249
111975
34886
27645
6511
90381
56877
54155
117101
109605
101205
108894
103680
85614
98923
29579
65612
7473
5729
8623
2762
73195
49047
113609
79975
76740
53057
56271
70967
59623
40778
17808
33583
66220
30532
81019
105096
99447
112773
87436
55930
91920
30233
70987
100714
108097
34004
50975
81060
11577
10365
79585
65756
19996
77638
78331
105041
75576
37
22152
25
