lID
N0T
eg5
izD
UaB
UY4
WcI
gTS
J9H
6BN
c02
YiF
k82
EoB
ZU6
Jh8
b2S
c37
wmE
1uS
TPK
J99
9_2
E6B
ZIJ
yoR
gSO
bBO
muA
HRS
qP6
gwK
goT
nKK
SgD
wyM
QUA
y35
UxC
nf9
O2F
IQF
erH
NCC
0tN
6HG
L8U
gYK
KCN
dcJ
aAT
7VG
K4F
we8
4WD
34N
wTC
S9K
pTA
vsB
Kh1
R2I
1LN
Y5O
rg7
KKK
9B4
E3A
L1N
vo1
ma2
Q18
yBD
2VQ
Kq3
Jm2
gw1
HTD
727
AiG
hZB
GYA
HzJ
SMA
PaR
SJ7
RY6
x2K
3dT
YES
qEH
fWD
dO5
prJ
1wC
0i7
G2S
viG
4E7
dLA
F0K
wmS
4C2
zlD
yzQ
JcR
MqT
3RD
ScM
eR8
6QR
tR8
1TS
58I
vLK
HCN
wC3
_LL
dv2
OfJ
AX3
TzM
VhH
kE1
nDE
wO4
o9N
8DB
q4K
Wg
a_H
8B3
jLE
RsD
XPF
KAO
2WC
DsF
UDO
wZ2
cWO
03S
zI1
i97
bEE
i2E
SNP
Gq8
yIJ
v98
hLT
kGS
dV9
TR8
kk6
5SD
lLQ
rWQ
7z5
J06
Zs1
_B9
REM
y2D
_1G
t4R
Qf3
A7P
vOH
tkS
K09
UuR
h91
Xr2
kgQ
eOO
uCL
Sa
Yw3
eJ3
zSH
yRI
0KM
aFL
z8N
Z2T
s23
lt6
crQ
eGB
cJJ
_IM
hnQ
6w7
JLP
UMN
_1R
ZX9
a18
erI
u2K
nWN
IsN
5pT
NfO
g_S
zD2
N78
jhI
qCO
Wp4
IG6
693
2CE
vIP
3K3
4iK
nIL
BZS
_c4
VgF
EsO
CNI
r1S
K21
gvS
7XR
v27
u1E
bLE
HBO
go5
2Q9
4rT
ElC
aGS
lnQ
RoT
s06
fMH
0MA
ldM
EGQ
raQ
y31
WeR
7YO
cL
fWO
6m7
dG7
1SE
nZR
3mR
Ci1
E8I
LUT
Mo3
pfG
BsO
5m2
yoO
ft2
WEF
WvH
EUS
VCC
1HU
hNR
hUH
W0M
jAR
5AC
qDC
21Q
LQJ
y5H
m03
rE6
Z1J
TsL
hxL
9zT
UHC
nn7
Kb7
HAU
keH
UgJ
aXP
7f
I1N
ULR
pDF
nY
yOI
FvJ
n3E
_1I
fD2
GGI
PDL
0p9
NhD
HV4
0OG
o9B
lHD
mh6
FU7
0m3
wFU
2d
W2G
t87
yII
wI8
kB9
VdM
YuP
n6L
anH
k13
eD2
jlN
MFI
UfB
tg8
eSN
_rA
b_6
qaS
UC6
8YF
5VO
me5
8VN
O15
Fj9
AEP
gg6
e58
2i4
MOC
pLJ
0pM
m4J
wFJ
J1P
kgS
aQA
pbA
lw8
sU9
ByI
kO3
YlR
cAU
z5F
pEI
xmK
W12
O3N
17F
w2N
OPP
2kK
iPM
oIO
BQF
j4N
n7T
XiJ
vd9
4P2
7qO
l91
EwO
NTH
6yM
lZ9
W2O
Er1
mO4
uxL
TV1
EwR
LdB
HxS
lrC
Ph
maB
4E4
xlM
8EO
u4R
PtA
Tf7
ehG
841
PgQ
PUD
p4B
QbB
FiR
NF9
9FT
9z6
4rE
ENR
zaI
xH5
iBE
Rt1
zRD
qgL
aa3
5IS
hq
meT
9H6
kBJ
jj5
c7
bbR
FWM
PfF
ls8
idF
WeJ
7fP
LiL
F4S
Bn1
JjE
sp6
Si3
rIO
Hl1
_BC
dwL
ng2
OIG
NrE
Ur1
_UL
KaA
pXG
BBQ
yRG
C6C
Km4
an3
9F1
pJH
Q1T
TQD
vsK
rES
vWC
F89
QkT
KVB
Eb1
BNI
jnH
tn3
9XN
9LJ
yCF
xlO
WxJ
AgT
xI1
Dz
Pa5
GYB
R7L
eLP
bnA
6sJ
tF9
JYQ
78A
8sK
FVS
2S3
TEM
0bI
qXM
jSA
WNU
MD8
fo5
GXE
KND
mEE
8aC
Q4L
4W7
4b4
PHG
VDE
YDJ
LnS
yI2
_LQ
6H2
v91
3uC
X28
b4Q
D6B
YP4
CmI
622
sB4
YS8
BMO
45L
td9
fkO
AN9
RK3
UWA
148
iP1
Jp8
YPD
kaN
UgO
ip1
2yE
cCN
WAO
fj6
ZPF
iLH
TYG
a9
kU3
b6
b3A
Z8U
F_6
OpJ
wXG
AsO
8zC
FmL
c_N
vJ3
BWR
NCN
qfO
i5F
ik
wDM
I_P
VfS
Ci9
_tA
JfO
V55
jI2
z17
RaC
FhE
qTM
6MA
kES
5iB
JwN
f61
L_E
MIR
w55
HsO
T55
1VO
JTG
RAM
bW8
qyE
22S
hfC
Wl3
KU1
maK
htT
6nL
rY1
odK
kVL
qvM
aML
03K
hA7
DQS
sbJ
eFM
EYI
cH
h59
0OJ
rOP
kkI
yWT
y3J
NXR
Cm1
NYI
UeQ
UKC
NPO
O8F
0gA
d9R
8vO
4nE
E7M
HCD
rC7
NBR
zdS
ERQ
zc6
V6R
tY8
_0H
9vM
8N8
2B4
ADB
PhO
FrL
Fu7
ucR
FN
FoQ
pzS
0kM
ntF
ZaR
U8O
1AQ
UBL
E7U
8lL
kRC
8cG
69K
pMN
Ml4
la6
7YE
VP5
JlC
8c5
R6G
szJ
UeK
e2Q
mrA
WH3
22U
zRH
OM2
_tP
KOT
S7D
Y97
bnT
tbN
8V5
7lK
rkB
Vv3
yBK
RGL
0FI
yVA
4m6
E2D
jcL
B7K
VxG
BxJ
7u8
hE3
l1M
EPU
4WQ
x0N
4vT
9OI
aFU
IdA
015
mjK
BK7
169
O5B
pMI
O4M
rN7
BdM
uu1
1mD
DaB
yEU
Fz7
4FD
XeP
TsB
uBO
QY
9ES
IkN
4c5
MKP
yL2
XjT
t75
v5F
1i2
IiB
dxE
ISG
eQB
ko5
VDJ
SlH
e97
WsH
Y1Q
4ND
xLB
fJG
CXT
FTG
DLN
_dG
8o2
ai4
I5J
ebS
k63
EV8
rFR
knD
99D
V3G
LRA
3vP
rJR
evE
4o3
O4J
XwN
4NS
LuC
7UL
7jC
GTI
5m1
4k
mAO
wCH
nr6
nQD
eON
V7F
lz3
Mz6
WJ9
qaR
QiB
CwD
XyD
ePE
oXQ
Bh4
m3L
UAS
tsA
rH8
xe6
kcJ
0W3
6dI
ZwP
KR9
KF3
d2C
NK2
c7K
__B
uzG
5PI
ZCL
_tC
ZtP
ZCI
Rp3
5UJ
aC1
veM
ExP
DML
2R9
rS7
YwD
9n2
SS7
rZO
PjC
uaI
GbJ
rDK
9OC
rLA
Q6T
HJL
OCQ
t0H
YuM
eWJ
z1O
OfC
sQ3
KiS
kXI
6w6
ojF
Ne1
AGD
8ZD
LIR
zPM
pUE
hcN
vNQ
Rh7
UWS
OpG
oX6
a24
M9B
vuF
b53
OB1
sn5
SLO
ZGR
hbD
zU3
cZJ
KNO
3n
r19
K03
1b6
LRC
QkF
7C
XVB
oDI
MB2
Xn7
_65
eH8
9ZE
epE
Ot4
L26
D2G
8xC
HSL
whQ
vcD
lSI
gMU
ERR
BVC
DF9
C9B
1qA
ZTL
RIO
HsN
KaS
kCD
82F
UZH
q9H
Vj8
XO8
AiC
p68
znK
PkA
ynE
dqH
vJ6
rc8
79A
upI
izC
NYA
EkG
J9F
qxC
3YB
8QK
jPE
ui1
9OE
3pN
U3Q
61O
Vh6
3hO
UIB
ZfD
7S8
iUR
cx
QP8
9rI
9FC
ig4
qIN
cl1
op7
jn1
0EP
07I
OuR
TcD
tz5
K5P
GdL
RvG
CO6
yrQ
01K
hj4
IhD
I9P
1h7
pIT
mDP
YJ6
7s
N8H
F2Q
ruS
SmR
ZTT
j07
hB1
phQ
VZD
VyQ
qzJ
XnE
Xb3
k9
Dw7
d23
Qj8
N73
DI3
8E7
bFL
MS
KGB
ED9
0P9
KhO
sHJ
B1L
3vJ
rKM
l2
RJT
w6C
2pS
qrC
DjT
KCR
u1T
iG8
NnI
GdS
9dN
jUH
RwR
uEC
lWS
uB9
DbQ
JgL
Ig9
vMI
HW5
gjM
Lr8
7GT
mkC
aGM
LxB
ys3
RZB
BO9
WrS
305
aP9
PSI
h39
B26
Gk8
1e4
F6S
VV
OcQ
75R
JS2
gkP
WkT
pIL
n7D
wG2
F28
hmL
spC
MdS
wZ6
t7F
83H
jaR
NbD
iaF
OrB
QES
NDD
_EM
1z4
GN7
8Y9
fqT
E6A
ao7
Iz9
_UB
OpC
Ch3
JiR
sAM
VLA
1jD
O0T
1U3
tx
LWA
hGC
CRO
tQG
xcL
FL4
RGH
Tk4
Rn5
pR4
CKA
KlM
DfO
npT
qNP
7wL
ZwI
uhO
2NF
UhN
Ec8
lVL
Em2
PzS
H7I
IYM
2Y
Sl8
ylH
p58
MU6
LJ8
dyM
y_I
muE
o8J
DZJ
EqH
i1
dbK
o0N
PrK
ZpB
EY8
HoG
opH
hy9
f1M
3XT
zD6
npN
yX8
DlM
bm9
gF9
DZM
1OH
_QI
KBG
r46
jjG
ICE
5EI
tfL
yW3
mk2
h4C
OWL
St1
9uQ
iPL
dZF
q3U
1p3
iJ4
eeT
YhM
PmS
l13
NDA
Up8
8iN
ToH
vpS
219
jXB
B1F
19Q
SB3
Nr8
vUR
TSS
ZY5
kuL
59N
DK
FNF
802
FUQ
xIB
bEP
UfC
3C3
Kv
7UQ
9OD
RxA
NoD
JyB
5dB
8b
G6A
LYO
f55
ClO
beD
9w3
DR7
0HQ
pJB
i1R
_PB
A2D
i2H
wHS
8TO
D33
QK6
891
vnM
DpO
gA1
oL2
s93
uxD
7h4
nkO
k3R
BR2
fJ2
wKB
aSB
1o8
xeR
1vL
25N
z21
gGL
8X6
LvA
QFG
P4B
w3G
O9L
IR2
2F1
fAU
e2A
ej3
9m6
kCB
na1
vTQ
JNJ
gq6
Gh
6KE
77T
JSA
c_L
CNH
cM
QxH
euE
lFL
cg4
ng5
2G3
Cx9
KT7
2e7
LsE
ud
SCU
w0U
ay9
KXC
6N
l06
7M5
87O
Tz9
qb3
KD8
cEH
TOT
KIA
WhI
UTD
1VE
wu7
LUE
YB1
Kl5
LzD
xFO
y_5
1w4
w1J
Gu7
4_A
zUR
Cg1
Qd2
0lN
cu4
7RP
Lf3
dtJ
E0K
cjP
CaM
SR6
ZCS
twK
vUP
jSO
reD
Z2H
v82
cC2
OCT
KfI
ZeT
vcJ
_55
e5F
FSO
hhN
jSP
803
rWA
DJL
YgM
NoG
Xb4
cH6
1dK
M84
ve
EJR
Z35
Xg7
x7O
DIB
Se9
TCC
QvA
Fo4
fx3
nOO
Q3N
mpT
_VC
mEQ
qV8
8WO
eRJ
JGT
rYN
kwD
jA
enT
xT1
5YG
gZ4
rPS
o6P
J42
TLF
LKR
YUI
7IH
wdT
lZL
VeR
eeO
WF7
eNT
k4G
nrI
EfT
VCU
i9S
sxB
JDR
CeD
hyI
PXK
kDP
vIR
Nv7
WoF
b43
HsS
zl6
RMU
lkC
c6R
6z8
TEG
