sKF
a6E
9t6
VJE
u09
bxC
RY9
l37
XR
63F
qD2
1H
6SD
gC2
aSF
VD6
oVF
q1
FOB
p65
sxA
qi1
e82
qJF
kZB
mL7
uBG
F8
8NE
Xz4
eq1
XRD
_28
LR3
U98
b46
d93
eTG
mB4
a4B
dl8
1i5
2g
W62
YhC
taE
7bF
K61
BVB
5VA
t07
8UA
acB
Mx2
qe
ql2
cLA
Jw9
WNC
Df4
Jp7
WG5
bvF
nY7
YV6
5FF
gxB
O_7
Vi9
XYD
SN7
lV2
ZSF
nQD
803
YJ6
JNG
_UD
12C
YjA
DRC
SEG
FxF
My9
kZF
T1C
F34
QB6
r18
c8E
9V6
vo9
fB4
032
pRD
d86
xfE
oq1
qi6
5DA
d39
7rE
gbE
JUA
Hb6
Vr3
_G6
EX6
St5
RgC
Ex5
1s2
GPF
OA
LAF
J_9
7qD
RP6
vh8
OCD
Al1
RuB
N_3
C86
YC3
MVC
I6
fQB
nLF
blA
exA
Rr9
8p7
S78
Mx3
rJ2
Ui7
_DA
00G
i96
wn6
UX3
NH5
tW7
ZI1
hQB
h21
4W1
0DA
aIF
TsB
0q4
d_C
yf1
cBG
VtC
3z8
ng
GH3
U68
Zn8
Kp9
G92
dvA
