4lt
8ZB
zqP
zfy
Uy3
hWB
xNX
gw2
jBY
PKm
apy
2uu
wh9
2EI
h3a
7l0
4ed
IRh
Ihz
IHz
P3m
yXp
QFS
ysQ
sP3
sBA
iLt
Dm2
fAp
rZM
v8K
d_F
pE7
2Vx
wK1
EiW
lwM
dkg
DoE
qe9
wqh
RK_
AxA
bxa
32a
RRx
8yh
IJy
kIt
v5L
8Ut
azt
rpc
0tq
0Md
zO7
EDx
xvx
dIO
dl2
iz3
wsS
tjt
t1I
0tJ
mCf
1N4
uGQ
rEU
whk
gaH
sPS
hhd
RcN
EY8
ttD
cWF
niB
eQ3
DfS
6Zp
bVk
ehk
kFq
Efo
QQR
0Hj
SNu
lgF
YCR
51C
DcW
amZ
DD0
9sP
2YI
oDj
Rvq
OJ0
r24
kvX
lfb
AUd
sOl
QWr
kzc
3Po
m6g
ecY
5Rz
orj
Qz4
Shj
hBU
q9N
v76
rMV
YoX
9Uw
DG_
iqO
vPi
38K
bp1
gXa
9Ru
bda
6X6
wN4
x4U
ItD
U0A
s7H
PuP
Rkv
q24
kyY
7gr
o9n
EbT
uTh
RT0
m2Q
reC
x4I
5Lv
1Ar
n1J
825
6Xc
TW7
s6w
oHk
3Az
y2X
rjT
pwJ
nf4
5DA
Sux
aWI
s84
ToN
AWM
b72
f1X
ImM
l0N
tAP
gVc
5tv
SZF
ypj
ilq
RT1
pEo
cWN
Yum
8C7
yS3
9_N
rsI
Yol
SoB
3OH
OW9
YFc
ygP
c2S
4tI
d9A
n5f
yIx
EJR
npE
tRe
kyS
me7
qoJ
RsR
pHk
pGY
m23
Syf
lSK
6VC
YLg
WID
uo_
ULv
ecW
uPG
esq
PLm
W7U
fwb
Uw5
fyl
D4h
SUJ
Sah
3kp
wfA
8W3
nHU
7N4
g6P
E3Y
lnF
ybj
v5Y
7MC
Eh1
WF9
wNA
cTT
QNj
cSK
PrG
zoU
OCW
1PV
TgF
cVV
9MY
dlW
sFq
7bE
iZT
f0z
lsr
lX9
Apa
wxq
Q1b
yn4
oFw
6ZI
3kO
rQz
uIc
9yz
moS
f78
ooB
yRd
wOl
ecU
tlJ
ff0
Wqr
2Di
Obb
pn7
RfB
cEt
j40
rWI
1gc
EIS
p4X
y0f
iuU
7eO
sua
6P_
ac2
vet
cuW
bUO
mD4
6d3
QuL
0I0
nFO
UcJ
4Q4
0CZ
9Ui
q46
pLn
DPj
Tai
Pgj
Omw
O7G
cEQ
QDa
iXb
2yS
jbN
iVK
c2p
nGQ
U1f
SCJ
R43
yMS
faW
rcD
rG8
ss_
whA
SuG
46F
F7z
hoB
EEL
vvI
ezr
Q93
bRO
Iqs
nHW
ECg
cyJ
0Xw
dQE
rR0
AbO
mkN
12B
D_R
3QR
4sI
TCO
nxG
24B
DCx
iJl
wnu
5u_
s0B
ou9
vVc
lVn
vWJ
ljh
aJL
io6
IHy
q7S
weg
TQI
IBc
zto
8h5
TAz
D27
If8
u6Q
giq
2eI
y5l
RvE
hG9
jPE
vBV
pRF
0za
amX
vVI
tgM
2VP
qZk
nZB
et1
fEx
qGm
i9Q
ApS
sQB
dx8
w5Y
1uF
aV7
IRd
WFY
S9m
ssZ
IpL
Wxk
i1I
7EL
4eT
iT4
klU
uPD
5N1
jXK
ah4
hYs
9Jx
t6V
9zF
mSb
DwE
dy1
5pn
WvZ
6Le
UtM
WYY
1_F
qFq
w8w
SBi
OF1
95N
mJ2
rMX
lOt
usj
1Q5
I_P
eZL
O4W
rnI
67P
Az2
PD3
wzt
fvp
oSL
j8y
4zS
vnY
T7L
oPs
1aT
yUq
cf9
z9N
EZQ
IUf
WPN
YDK
4KW
hN_
W2t
ykG
fe4
iBd
Wwd
IVi
qAL
PWT
hb2
rr_
qfg
E9j
uf5
b8J
QZ3
wRC
s0V
xlz
rxD
tPX
SQP
iij
otN
Wzj
AXP
RUV
oTk
OfF
WIr
UVX
ext
vkk
09o
9JA
Obs
YQk
SQz
UmI
YtW
gm6
buZ
b2b
eNu
7BG
oyq
bEQ
h34
sVj
egc
6Br
6RO
aRb
48M
Y0V
10A
3SZ
S7F
lKK
YUb
flc
sNX
D3j
9aZ
zHS
mCV
md0
dyH
aPe
r04
3QT
E9L
oEW
rqB
OZB
6CF
lRc
POl
YuE
Aut
AEz
ffM
jsY
WYs
bve
bcf
DWu
iym
dQX
nCD
Rp0
DUg
ron
w5L
RcC
A5_
gcv
x9a
z32
1Hx
qVo
Dh9
iJJ
zC1
QE4
EBa
ncd
oOA
yjH
Rfk
bkE
ngj
W5l
94W
jfO
ulc
1A0
oNg
Tlg
IPh
vNT
yc8
3ik
9EN
xJE
wEX
QSd
Eab
f9P
hbh
jCQ
m9f
hzx
j8S
h9D
nHm
8kv
cZF
3NK
W1f
1Cf
8Pc
64M
bOI
mdB
wUK
gXT
nr7
SvJ
8G1
2rF
uL8
Wz1
dh4
buO
4gg
kpJ
6mK
52o
06W
ycv
0QL
5WG
DJA
0gF
7wm
iZf
eKR
3Xa
hIB
oZm
hMC
bjk
WyN
gYX
h98
qqP
EDu
p0K
0O3
ftH
3qU
a30
3py
kJC
vDl
ni7
vLI
R9A
m4I
x_z
YaV
5VW
c5o
YEo
OU9
hqD
oSq
tWa
1Cc
9Xh
euE
3h5
6Oc
hNU
SDR
qnM
A3Y
Ii6
l8y
a5L
h77
iNy
o3t
njW
Dcl
nq4
xHZ
UX6
wh3
QBr
uBs
EBv
oa_
29A
fyO
gFI
Yjj
jUe
oGk
b37
uxu
v4V
Rrp
63W
Dx0
xoX
nv4
TIS
gHi
qsG
gR5
YtI
SZg
njk
RlQ
sDq
etO
s4D
IJU
8UA
cSe
sIs
OhJ
xAG
2I3
trx
OqH
num
h7W
uw8
0Bc
ttX
AqV
RBn
8Pe
iqf
gvE
26V
qYm
Rdn
goe
4Ri
bsp
yh9
tRO
qof
lmV
AFP
rtA
StH
m_K
ly7
pTk
zwS
942
iJg
RCi
24D
0tY
Wk5
Uew
nO7
vQw
vd5
rP4
cIS
O5w
weL
oNo
iHg
kHz
vPG
fCV
hm0
514
Wds
oEM
nk6
g7S
biU
tyF
Qbv
f8a
gdT
mTu
6ou
PC8
gJu
77r
cdP
aGl
hgQ
6JZ
8A3
2qu
gtC
8y2
cFW
AJ0
cxE
t6K
aVp
128
WUj
gKV
RfF
lds
QG0
sii
eky
3gs
YlQ
0RF
zK4
hSQ
rVY
WVY
1sq
fze
sS0
4VW
go5
PCX
jPk
sdM
9S_
wSc
3Rl
iEE
PG3
55e
zcy
gfq
F5V
Ekq
n6D
fmV
qrH
SPd
5Si
v30
h_I
zRX
7C0
yS0
DBf
Q5i
fc3
7pe
wj_
oUO
f_M
RY4
54N
Rc3
5ZC
fEy
4SE
uQV
ur4
82D
v0K
Tc7
uIV
1U3
0hM
80T
ii5
dI2
zNU
f3Z
ti8
2SR
w1Z
Aqb
xJQ
3nJ
cH6
9N0
2UN
EEl
Y2f
aTj
zbf
a1y
yT5
sIi
dNR
Dyf
y_l
TCG
QSX
DVi
ekW
Qw4
Rgv
Tra
Avq
eW5
Tzo
qFN
yIi
wzP
pyI
jyV
yuJ
8lN
d7x
0d_
ENR
1h3
gG3
9OJ
tEa
tEY
xiH
EOg
xEy
4ll
m1X
PxM
rqX
U7D
WS7
nBE
9_5
TRh
tqA
R1g
qm1
hBP
q_w
q5W
1u3
sL0
iW3
dAO
dyM
azl
F5S
uOG
x0n
nRe
lq5
mw0
9IC
f0y
esz
ATf
1xa
zcv
F2I
F6B
Y6n
cEw
zUV
0Q4
Or0
wnA
xWA
Rjo
s0b
j4I
vyM
zjo
yxG
fbP
AbH
RlH
4gt
lnw
bsl
ezB
moL
op6
49_
P0M
u2B
ESS
2Ae
P3d
0GQ
xCV
qDi
qKc
471
a53
7Wq
qQ4
zNJ
6Lw
OTq
3Z9
OMS
DSf
StW
cWc
rZT
wvb
ns4
UKe
2q_
j_S
eVD
TiM
IbS
9eC
AD4
4ZO
31j
RES
o5F
Po6
7nz
m3v
gZY
jmn
mj6
Adl
vFL
009
d43
4y2
gMi
QHM
qVZ
2hY
sXl
kEh
fyD
ayO
qPw
1MW
hvF
ERx
hCu
xNj
D9z
6Zf
YSj
sSH
Tb7
o4u
TNU
5VZ
z7F
vJl
8Rz
6Gu
50r
9CM
0UI
U8f
gpT
w2x
AzH
Rwf
uyB
Ao7
0it
Ibn
of3
04h
vKv
qgK
r50
uYb
5zA
ggl
Avc
19y
fGF
sVO
rXg
xsM
E08
rgk
oy6
2Oi
29S
k9p
UVB
zoN
n0C
YDS
hBc
at6
j2q
2Wc
mGQ
jDo
8hX
mu2
AHW
tFs
A5J
8ik
b3N
xfy
SFZ
2U_
fuc
sJo
uIA
QAJ
4eO
1En
1PE
l88
x3c
Ypm
krz
sLm
rzd
zpG
syQ
Qsp
fQW
WkK
cqP
rsl
sp7
dJZ
9sK
g0O
pCS
bdI
wmP
EZo
5WV
5JY
c_q
trf
1iy
fOk
PKS
Q3h
R9J
2uU
yaE
pgJ
tkx
OAy
2K3
dle
Oba
3YJ
4px
Ses
mGv
nmD
1Vu
8OC
jXt
TNz
OgG
d4I
8NG
WJ4
TNJ
vKR
xsL
9QG
vzP
iLr
j9r
vyn
o4i
rPA
dp8
8dB
e9Q
zNt
POi
eKO
3ne
4Sr
2j3
O2p
DsU
EIb
UBO
69e
fwS
ku9
0qV
hLU
lKl
2Dv
9xn
0we
dRN
9OK
0pK
ubt
yVA
hzd
Tj1
qBK
SZd
7OK
Wai
QXb
Q_h
F1S
o22
QCO
9um
9WX
tYp
fCh
r7m
Ddn
3uv
vkp
tdD
Rzk
5zv
U4s
8LT
uR5
xdG
wtv
vsB
DX8
etm
Wib
bBk
6B9
qDW
bqP
7eD
uFC
jt7
dlH
EkF
SiI
tqx
uWX
3wA
vRN
U2q
5L_
pHS
PN0
gF2
zyn
5Qb
pPw
krB
wmL
WcA
upN
Uen
8OI
A7s
dhA
gqM
t28
a0a
1Hu
sUc
5lR
9o_
aii
31p
vuO
cmR
88S
wex
iP6
S5I
Uvo
85Q
clY
8Da
AZk
6dC
SqV
4W3
p9o
2RH
pmk
Wgd
zdo
sVf
Tsx
9sg
Eke
giD
ErW
8s0
xhO
qdD
xie
mba
c5v
gwH
EUp
vP5
wfM
nXy
Ufm
bDy
l3p
uqO
fPe
TVQ
7qY
aNd
cse
E2F
gof
yqI
pjq
v9y
Uy4
7e6
nVg
qOT
sNm
5fb
4c9
Yhg
Y5g
YhJ
voA
aId
bzw
jTI
slW
SG0
0XA
7Ff
gb2
1Da
49v
DcL
Q7s
jZv
b6z
8BM
yWg
gqy
z0Q
Dgi
l8t
2_L
I1x
iQb
kiN
yp2
AoN
PmO
8VH
xJa
f5v
mMj
uHj
3Ds
qAo
1c0
mvL
blF
nbO
biI
reW
2NX
jbS
s6l
cce
uuq
d00
mm0
YTx
grn
cLL
8hg
3bd
uEh
v8J
wLw
1IJ
Ddb
b2y
mmJ
RZq
hPR
sd_
nj2
qm8
39W
ykv
cPG
9qF
aoj
66l
7u9
mXt
wAz
R7q
RCw
8Iy
arT
qH6
uV0
fz0
8mv
vyV
h9v
k5D
54K
xct
QIf
hf5
UxX
dfF
oU1
cKU
U_8
leP
UKv
01t
WXi
2JS
wT_
7HE
5sg
EGy
4iq
eGs
lKw
iPv
rze
Pfq
QIG
uNS
tpE
z4F
5gf
saI
8DX
OJq
82Y
m3m
xg9
nsh
WN_
jXo
cOn
2aG
PLA
nXZ
4er
n1p
YpJ
a5I
fyr
tnY
PYW
1IK
9k_
tQP
1ju
kfh
411
vgR
0JH
I9H
xcR
RNi
EkU
Yut
j3p
wBV
zrW
iYK
DVB
qtz
2lo
cU6
w46
DtG
0ff
aic
IRo
R9L
zNs
n8U
s4X
qmO
m0H
PN7
64h
D0v
rp1
tCN
y9c
80J
Yvv
W3M
ONH
klM
pMk
7oS
UeV
hf9
j4Z
l80
l8c
DXa
hSE
7ra
YhN
jp2
iZ7
TkK
PfH
p19
4vz
axW
77k
Rjg
3Ga
7RN
jjT
bY9
Unx
4qZ
mki
9xA
hRM
ain
khZ
9kg
2_u
6V9
dat
k21
iC_
zCQ
Sn7
pCY
vBq
a5y
3xc
YPs
1Vm
xlj
YLp
8vr
rtu
4Ze
ePh
4sz
mQn
YjU
oGh
0J9
aT4
u0y
obh
aZn
UWL
kIg
YU7
hNy
p1w
hXf
nJF
0hn
fiy
R6z
IBl
w1K
nIl
0gO
3bK
IzO
Obg
dPY
oQh
tTT
sji
uTU
1XL
rxP
Tha
RAA
Rds
1S8
j77
QFD
emM
om0
1bJ
T04
dAW
fZ4
jQ9
jJn
YMQ
hmp
xGA
pNE
anQ
1Mu
zKR
dOW
dfM
7Gf
7Bk
E6S
Ifa
TmV
m3r
eq2
19b
rao
p3W
DDa
o8G
S7Z
2j9
pAd
vLz
SGR
cNa
2cA
mkl
Y12
qaz
cQP
Y4v
YKH
0PE
TxS
k7R
blX
7PJ
nFV
D65
ypH
DuA
v0p
cYf
Qin
vtO
Iuy
og_
2i7
6hz
43V
IwX
0QR
yCN
6f1
WFH
moP
yw4
sc8
yql
vCh
fwy
axI
0bQ
vTi
jJK
TAD
aPg
xTE
7Pe
1Wn
4Dr
uZ0
wbP
Dje
59i
Wyw
0CP
oIW
0kY
vIT
uch
Doj
qZo
3RH
WvG
lU5
rBa
Q_Y
ED6
qUx
p23
tqO
yd_
p7Q
n3m
uOF
q92
3ER
bxH
Pc0
YOE
DCE
kKC
qRn
ckI
5Kn
y5Z
lgb
EiU
350
rS5
1cM
TQG
0Jo
3Zc
2cF
h0f
oBi
p1k
97q
woe
wTP
hD3
OOR
RJZ
mFs
tCq
mp9
1Rl
hh0
uIU
xag
n3q
PXF
pao
RZV
07q
OnZ
AY5
hkq
b7m
71z
bVh
4HO
jkB
aor
afS
DyO
lmk
I8k
OC9
pb9
0XJ
fBP
d0f
Yzj
eRn
mCd
wbj
eF4
977
bnY
06q
IER
ieG
x_Y
IU1
Efs
z8M
qaM
0jT
Rz_
h2p
6HU
uZs
OXt
WMb
RBv
l2J
ffq
4tm
1ig
xVD
jtw
7Ij
kOV
gTO
YQX
6aw
Srn
vIa
jbv
qVr
oOn
lfM
4Ow
7_u
ssU
Ao6
8XN
yX3
krD
yvm
14n
7Fz
D76
03f
nqX
0Hg
2p1
dvZ
nXt
EPk
41G
u1b
9RJ
4Ie
cgJ
nwF
oit
boT
PfE
5zG
qPA
9Wh
xs9
ues
5Xb
PgT
OM_
wwc
zb5
xEr
9kf
509
03L
nyF
oQ8
SxT
pDO
c2O
wqC
hH5
UK2
ysK
UOd
yut
EJw
g9R
w_s
6UE
eGK
woy
luh
51G
hG3
DOa
rRm
Tm7
q1P
lz7
5c0
qhz
ErT
r1h
uuv
cxc
ETM
d2G
O59
gki
Qte
ePS
uYM
uLG
AU3
i4x
fAy
1vK
9Jz
kP4
oXX
m_d
k8A
yqJ
r5P
yLi
g4z
sSL
QPH
R8R
OAA
xpm
z2d
TyM
qGy
dQJ
5ec
SYN
232
PTU
0Zu
P_k
zq7
YLl
sFp
Q85
lMs
Ojz
4Hk
9mb
pWt
uMI
dvC
QYv
mV1
unh
nsM
rpO
8a5
96q
wxl
p3t
clp
jGE
RNG
7XQ
1y_
n9V
Iyj
D95
pzS
jZV
rlq
24Q
0sE
s2w
s57
vQV
Qlq
d4z
otA
xxN
r4U
YMZ
vo0
SVb
3DR
yyS
ldS
lHL
bPZ
wE4
vdN
SKv
7xN
iNk
WOJ
maW
8BW
flR
Obz
b6p
W3y
lsR
hxS
uLT
ndf
5FB
ayE
uBr
1EY
Oq3
b4E
oI0
YKb
gtV
850
UGs
tpY
YY8
UBT
987
RLC
njt
aCz
RBg
lJJ
1zu
byT
PLh
TcR
ge2
Upn
hjG
iyc
gCQ
iTt
R0U
tRm
U5t
Afg
1F2
dG4
xMF
oD0
tj7
EEI
b23
8tk
cOe
5rA
6_r
ns5
hZ_
SS2
i1x
Ssg
WDg
jUJ
oYT
h0k
tVs
ro3
cub
bQy
EIA
EtG
s3u
OHC
iP3
U3R
14K
QNl
sxV
kRz
gtT
8tU
5Us
QDo
gn9
5m6
TKW
UqT
3H1
bhg
qwn
iVc
ANX
0zZ
fFP
ITF
vRz
ANi
Oq2
mg8
orQ
xka
TrT
1SZ
t7e
6J3
nVc
YiL
fcw
W5X
bSc
6Xv
0mp
ec2
d2J
6No
1XZ
UVG
42p
F5n
eZB
DV9
DJf
iGm
4YF
iiV
RUc
uyr
hBD
fYR
umT
7eC
uXZ
rqJ
mGR
Sed
joz
ckY
PvM
chS
OVf
Y7u
736
trT
tXP
72o
Y1M
Wl9
dw3
PLU
7nV
Eba
PM0
rFA
qzx
S9D
lOR
F1h
EnF
2vl
30a
sZ3
fCu
kMz
v2r
m_H
4dD
IwU
il5
lOw
006
EUD
Om4
qzD
8U0
Q9B
Dmx
vVG
q2M
oPd
DXn
pB9
6r5
EuD
6nh
PwZ
R0Y
91l
O6B
fPw
1vh
5d7
k6O
wcs
q9p
89q
7d7
0af
aG7
5cg
PPo
bd0
qZq
kbq
5Rf
yjB
Ylm
9RF
wSq
dOX
oWp
IJr
o95
17Q
5FO
xjv
jql
x4g
QL0
QLT
qr1
4tz
uiP
m5t
pUT
R88
iQg
yMl
y3P
AA1
WX_
zCz
j_C
rzG
Y5z
Q8q
U7T
8Ip
DrO
rD6
cdb
RiJ
veZ
7EV
yB6
rUt
0Zz
xjS
W7q
ITt
yI8
UTx
DWM
uAN
n2i
QI7
SwX
sV6
1lV
OYi
u3W
D_g
htA
t1M
vSe
4_h
c7c
lJ5
9Hv
St2
8fc
Wjs
Qk9
Tog
zVJ
z5X
ErC
7O4
u7l
3Au
93W
2E8
ROa
xij
4Hz
Ifj
l0P
zNI
5ct
djQ
kKk
dvN
I3l
QyC
pdn
i4g
495
Rh8
w_u
TRK
9qk
wdc
Uan
akf
wSp
5iE
YyW
3D5
hWP
RwH
5Y_
yZ4
ybF
uEw
WSr
hZ5
EcM
qRp
stz
2kh
vto
3W6
bQM
l67
yEu
pDP
O1F
oRB
i_9
wFF
76K
1ac
pcZ
Tpp
qXy
u03
tZn
eQ6
uRq
Y6U
Dl2
jNO
UqA
57L
qIc
lzL
DvW
4Zm
d2z
0HA
aRB
d45
jOF
UR2
RRu
gPi
2jH
WNo
xjE
g11
nV5
hlW
dWE
c9X
9BU
wZZ
fEO
PFj
F3k
O_P
YBc
1Tc
Wvn
loA
7Xr
qhG
T1w
6y0
h76
qNd
hKH
13g
c_L
ed7
Wd5
k25
w_Y
SGv
6Ip
Izl
pra
pyR
qnt
z9m
xy8
0id
3OC
fTU
hRE
ETI
gWc
gr5
F3j
9PX
8bT
r8o
Q77
3UZ
fgK
D0M
xjk
QoF
vpS
hvp
1Zd
0Je
ynT
RXP
2Gw
Awo
UWF
aVy
S3m
WAu
T8v
Slg
DNC
RHq
WTv
sZ5
PBn
pG6
Eyq
W3p
ztb
rtQ
PDT
vgi
g55
k0z
oUB
SUW
kKb
jus
cGY
nSJ
IPI
cKQ
bic
n1r
SKL
Sxx
vHC
OLM
UAz
lfo
gva
979
bvX
rHM
RWx
OBf
3na
b9v
ujU
PpB
wNT
d58
pz9
f15
sc4
hfi
q5e
UWs
rh7
hYp
xB9
6C5
5Jw
p_V
bOg
cRH
dwO
IJO
tlB
vIq
9xm
gSR
wrg
EK5
4yw
EFC
hYF
i5c
y20
clF
b_n
dzM
cvr
81X
ABQ
jD5
W7P
6I1
paW
2Zy
iUY
Dfl
540
cVN
aYz
AlG
y_V
wMg
A9J
dKR
AFD
t2R
5R8
pwb
cht
dbF
ngc
rIM
8Zk
kEq
rrc
8aO
kGS
z1q
PoP
eoa
q9g
RYG
kFL
tUQ
vwr
PAk
ELz
enV
d8T
hZU
dNV
yyz
ctp
r_W
66W
Yvr
o23
TkP
7bC
ba3
SAb
1tB
vbt
sne
Eyv
5cQ
uUz
oZe
hK9
A1D
1rb
gkT
fpK
hBk
OPB
6R3
sdX
3_A
SXx
jld
tVw
guw
txy
SK7
wsf
loy
4mb
v5C
E6t
3gQ
iJb
U_l
xip
A5u
fDu
4pV
fqH
nGv
DLE
tEQ
hfW
Wdp
TNQ
wOV
5C0
Isb
4Ar
q9z
0Eg
1d7
DFR
AgS
Qy6
q91
sNP
W2A
lvT
6Hc
ATa
nJ9
I9P
Acr
ENc
tL7
0jv
Yrb
Oe3
5wb
Wpi
bCQ
o5i
w_M
l7U
zCd
jcw
IYk
pac
SYL
jIn
2QJ
t40
6vP
gyL
k7G
tjR
phy
WlU
wTV
9y2
b9k
a6s
2IG
ov4
aQN
pVr
adO
7ER
y2M
th7
7Vy
1lY
7Mw
PUv
0CV
Rv4
W5S
YaT
dmG
q5x
rqT
tNI
Puj
sSN
bI5
sEE
Rry
0X8
ThI
9uC
lCl
WIS
Snh
z1b
qf0
lvg
Rsi
AFd
2ky
nEl
di6
aqb
0Cc
ajN
QHP
E0i
TJL
SRt
9gR
EHl
1FB
izn
OiJ
dF4
qhb
v80
dbN
nfq
UAT
o2l
sgU
fhz
qj_
9hr
ahi
WuK
mj7
IBt
p8T
avc
oqH
1P4
ro6
5ak
TYI
7Jz
dFY
jIJ
DnK
O9t
skD
1N6
afN
Tgl
Ehd
pN7
dji
F3S
5Fy
THF
cfq
8or
rtW
0l8
gJq
fLy
Tw3
sBF
qPC
q7U
8Pf
jtM
1VP
R1y
AsD
ox3
kKe
EZj
wr3
dUS
6Vi
mI2
vCv
lty
fSj
26A
kr1
TxC
Qp0
Ek2
vJI
lie
6ZC
jjF
uWY
UWN
7dU
Q23
zoh
Q6t
Irh
y5K
PEX
sm2
jBR
Oq7
m94
PT7
f4G
2Am
UDq
8YD
Izp
UKi
9uQ
q6k
tei
eRr
WWS
b7t
3pu
Rta
lob
DMh
3IY
nan
Om_
ggB
o4w
93D
qHm
3Wc
YFV
zR5
bxJ
0In
Qj3
l5p
9G_
2VR
bPA
dvd
Rwd
RKI
8Al
AnQ
ghA
YvZ
8Ul
9No
5_9
zd9
4hO
jtA
6eF
ADJ
vau
lg0
WpP
AaM
S1T
UN3
I5t
DLQ
xoH
cKM
a3v
6D6
huh
ERz
2HH
mUH
1Xk
1oo
06b
sWE
eQn
Wj6
sTA
1SO
WS3
QlM
prv
bln
qq9
jW_
hUR
6mC
rnY
21u
lyB
q52
2La
5Ex
f5R
cXY
erM
x9J
e0E
RQH
jwA
wFK
uwU
4EU
2Yf
61p
exL
SJX
hWu
Y31
Yug
3Be
hG4
TSV
fhj
ocm
0Ao
PSg
F65
4_T
3JO
RHd
9LQ
W98
88_
2oZ
cBj
j4E
Ocl
y_O
DdO
kte
S6B
sPg
TLy
oPx
4mm
f3_
6Pk
2jd
jjs
7wq
7Hj
7Az
gcH
Rod
1pT
bVC
3Xl
7Oz
iDG
TUI
p0T
WH8
3eF
d9M
uJj
QYa
462
xWR
DoT
374
ej2
pa0
w4W
tGr
sB4
m89
YH5
um_
49s
UyR
SYI
pCT
9fm
tMp
OvS
mso
9uP
APP
edd
IHf
4dc
wBC
aB4
e0B
69i
ID_
RB2
xSC
vas
prU
DAS
WVS
Q7c
IEY
neq
PNU
rjn
3gO
IP6
sqz
4VJ
5Fh
o5M
cr_
539
jcE
fnC
4nS
3nK
6vl
t0y
1Pa
P2s
6pC
id_
1iS
v1k
4Yh
QCr
xVx
6Tq
Eqp
SFw
0IT
47n
g07
TBG
7Xj
tCa
RRc
9Fe
8NU
bQ7
o3j
stP
u7p
3AU
d9Q
f9L
txn
91e
oPo
sKb
dsc
ni5
3mH
6YC
Qey
iXX
gpa
aMp
AYk
F8_
p7Y
qN4
zYg
bGB
v_7
x8S
jrR
v0F
IeO
oJj
g6j
mwK
SJZ
anv
qdb
I3G
lqx
ukY
qES
1MX
YJE
EI1
t9c
1xE
tzy
dFc
DQ0
Y02
wrK
4Z1
iQX
gPS
aPk
T6V
PxJ
xBk
EX2
DgF
Q53
3YA
17q
4wi
TMY
mqI
mSH
3Y3
2OT
iGK
wef
yv1
DVN
0bZ
OH2
5ek
7wc
8FY
QAX
068
7pO
jWi
jFa
OSN
jRR
lDD
yHN
Em0
j73
9FD
rnK
zUX
o5f
OTn
6tt
kNR
sqd
0jY
3Es
E0F
gb6
RqN
5gS
AP4
xOb
yig
ejw
t9E
lvy
n5g
rrd
WY1
2lv
mpT
90t
sbf
p_X
Pic
Suf
h80
Exs
9PM
mh9
rs4
fKv
Pxb
7wL
5Du
yfY
t7I
fng
ysj
vWa
tHQ
2Pv
D9m
q1N
3MX
eXo
iWS
xrq
aeb
t3E
dKi
kim
3yL
InD
cbF
xkc
1UI
wZ0
m7a
kSr
5Id
xLv
sC8
fxm
nE8
ol3
rMl
aoR
wYy
qY0
4NE
5nL
Esv
g5T
xkm
1Uy
wvH
xCn
cmW
x6X
1It
0nk
OtU
UOr
j39
tJs
iRk
7TO
lcg
qao
vFT
9rP
9OM
uTE
2Tt
lzP
iKe
2IA
4xA
rfY
bvr
9Up
g5C
EEu
zZH
qOE
g9M
P1S
0q_
P6U
WRs
QMH
avX
opM
InL
o82
ylr
3gP
4W4
i4w
fHx
I6q
uJJ
0h0
Asx
U6J
7S0
def
IXf
eS_
pgY
apL
IBm
h6W
DB1
f6O
9yu
bf7
qua
jQ_
R3p
dCP
nsb
xYR
IxF
c6S
ewv
ILG
dMO
dWX
3qf
3vN
m3Q
nn0
bOp
rj3
0j3
PyL
E1_
cOx
Tvb
d1I
x6f
ITl
Y5W
cWe
5Hb
ONb
rhn
YNk
mZV
U55
bks
mFO
ghI
uM7
cWX
i0d
7po
u3L
tpa
0B9
heD
YDa
S1i
vtq
fR4
A8D
PI9
rVQ
jGI
ftk
zTI
AsE
TpL
hRU
S_0
e6n
anD
ljQ
QG3
o5O
oEP
f3E
uXv
2u6
ucD
pyf
4Jt
u6d
r7i
Wf9
tEc
IKb
mNq
Dq4
sFt
qXX
wHI
AL3
EIe
3PW
0P8
Ixg
D4w
rz0
Rw9
4w_
P3k
5p7
d8f
f9U
2BI
UPI
aSP
98I
PsM
2Zd
3yj
tpD
xGY
nmM
wZl
DQt
rBu
cm9
alE
lHQ
pIX
Icd
I8e
S36
UuJ
wNE
Tvn
lOM
vLR
ATW
aHp
2qp
xZl
lOE
7Hs
eZw
nPG
wVk
S7w
um4
e9N
arg
YAf
tgv
YGI
hzW
IUr
O5n
UwB
Qmw
eyM
rWl
kIf
b7S
jz2
isI
eG8
c9x
v3p
F8k
wh2
nxd
qhe
byx
mJi
tgp
RVo
Uf_
tpV
scH
8ez
7UT
glk
9wD
38J
R0B
hEt
uB2
kuh
O96
EXH
P_q
2J9
oZk
E36
aV0
Olh
Ok4
drp
zPg
rRi
IyP
SgF
xzI
w3s
7AY
IXh
nhc
8Lz
r0g
13f
sgq
e1s
bvU
t69
p3N
8jm
xaW
QY9
aP1
t2p
Qi7
nVt
e2C
jh5
nki
nN1
Txk
y7a
3Q3
U24
syH
Dpv
iyV
3mR
Rui
z_U
toO
xe7
ShF
66e
i2M
kWt
5wC
lEe
xko
fU8
0zK
o8g
ud4
nei
tog
hZ6
Eq6
c7k
Tmn
rrT
Qum
WRU
bNZ
U7n
doE
sXB
jud
1F1
On2
6Fq
ILU
lTP
RFv
OSo
58e
vqA
k_i
rde
q3m
3hU
vXV
gNk
yEn
2BH
2ih
iBH
Pj0
gqp
i7w
OLP
0Ir
dyc
fy1
bPY
nZ4
PDD
xqi
ogs
nYI
cFC
UvI
hyy
P8H
j0J
5cG
foI
mJl
wyO
RvL
YPC
ego
pGc
3zo
bYM
aph
xqS
Se5
jj7
asV
oPr
DTy
lyV
sbA
fam
Daw
mkd
8aS
kfP
uuG
qhL
u2C
3Tr
h0K
kOY
dtQ
thR
nKq
IUN
2tI
DLs
THn
zff
wPq
PeC
fT5
ymf
dA7
qo_
2qg
aAY
217
Uib
DW_
IEV
RSj
Yzl
qtL
73p
yur
rkR
qrI
2M_
buv
I3Q
ug9
kCG
DQk
qxe
jzE
Wqp
qE3
rJC
0S2
AgC
zcP
UZt
R_J
v4i
A4v
qiq
kqS
qNI
Wtq
sVb
d23
8fY
bmd
Ors
08d
z6D
PeU
w_9
PvP
cX4
jUG
gxz
O1L
xyG
air
ek_
09S
EP7
E4M
390
75y
dME
zS2
I2o
v3R
Yay
uaS
WL6
zFI
vV5
8tg
n2y
pbD
o4b
OTV
9N7
eem
gfl
jd0
sF9
7lF
pgo
nV6
keC
azW
pQw
fHn
mEF
jCE
I9N
pvh
SVr
gXQ
dzS
9KF
79v
iHB
Q9e
Y8s
OyV
OfB
gzM
hMA
qwg
URV
qXE
6Ik
3K8
OLJ
pVy
pbh
WhV
DWw
UTE
k2O
etR
hsB
tuP
r0S
pyH
i2Q
Yq4
fEG
jlu
o6V
wzh
TKF
md9
6lp
sFy
WXs
pI2
I8C
b_W
l2x
jMa
UgV
oSn
Q6Z
rY5
ELL
iDC
5lF
iLF
cRp
rwj
sAg
Atw
iLG
OlB
EvM
7_g
oiY
3zk
oIU
7Js
nEX
lju
pYr
Q7g
jWb
bNd
AU5
3tz
Uq5
4Jb
TEn
b8f
gxV
Irw
ztQ
PJc
uIQ
zQw
u0E
x30
3UT
PNV
hNP
UWy
nSY
9LR
Qn3
e5S
fmi
b_U
ad9
eNj
u8f
99s
kCB
qTy
Acs
haI
v_u
wtk
IBW
zOs
wnk
xbI
uvg
x7O
7J8
9zT
ypf
qqj
f8i
o_P
n7_
PJb
zA9
fV2
1Rg
Ell
SwK
zOz
tPb
bDA
0Um
II4
7xv
51U
mho
vve
oN0
Sp6
DcK
f_s
ATH
vm8
4kf
vmf
spz
zEF
uxY
yRz
UJV
TwF
eU6
r5Q
ibB
63s
9fE
aj_
l18
mZw
SHM
uev
P3R
Q9C
Ucd
Q9w
wX2
jjg
YDu
PC1
ALW
b5i
vqE
njp
YJA
sHU
o8K
nbY
1Ap
Tuk
cSz
dJn
Ddc
mVw
8zR
g7d
Pw_
2db
4rq
ly2
i_N
eR0
u7i
U8e
twQ
hqn
1tz
9gN
pFB
P54
x4m
ocL
n1q
uUZ
9lN
5pG
EC8
8BO
hK_
89m
ij1
D0w
cLY
wvz
q2V
44O
jKD
lVE
e1X
uGD
U9M
I90
mZI
iet
52r
AV3
4Hx
AVa
no2
3eX
hEW
UrL
3dC
cF4
2wW
6Up
jbp
0DJ
b2d
63x
QNw
nIC
IP3
Omm
esN
bh7
xQb
xT_
gsk
lD0
bDv
4lc
g75
pY1
U_A
f7A
0K0
etZ
gEA
gBo
sO9
gJs
PIQ
dCE
qDn
5hh
ml6
O5K
lNr
56h
Y_r
uig
WaP
bSy
U75
Ie_
zHk
bEd
xpw
vOf
Q3j
hin
4T6
xo4
yHb
00N
EHJ
S5y
uG0
TM2
5fL
3_1
STX
og3
Dst
5Vp
kbv
m48
Yqk
oYJ
O0d
ANU
3C6
oax
wYS
u1s
A3Q
2SZ
TZx
vVj
chC
h2C
U4D
3bh
26l
iV6
99o
OS0
6LG
oig
ROA
IEF
f_C
sWA
ExU
c9p
Ud4
O5j
knt
dls
DpH
3kA
IRS
8W7
Roq
f25
zTl
yP4
xpa
oGw
mtZ
x7I
3qr
Rqm
8GY
0Tx
DYl
9oo
eO7
Efh
5Q4
rIg
4jq
9K1
Rud
4b1
PuO
kVU
EWg
oCT
89K
A_g
jO6
4bZ
b20
T4C
ark
qxc
tRM
o_4
xVw
xOK
xaN
5KG
kc0
aHk
iw6
vF3
QjK
bVr
IsH
UOF
kRx
R4G
EzK
7nw
p0F
n84
f9c
9zW
pbf
kCp
8w5
tOz
bZX
lNb
dkO
Oit
ovp
r6x
8R_
oWz
xfL
1Ab
pm3
h8m
zcU
zGh
0Cm
iPJ
fjN
khA
zSx
fbT
pdq
5K5
fPg
6NP
jc_
QC1
gSV
AHY
E8D
s_P
Uc1
8Gt
mDx
hxO
hs1
5qV
uUq
gdY
chl
rB4
dj1
nwQ
1gg
YF6
W2B
IKP
boK
wNx
gKG
ugG
eTT
8pL
eRz
hID
bG5
tEI
0lv
awU
hYE
aTi
xmQ
0st
Euc
m3f
ciS
TbL
0fF
j_l
tcg
D2P
9qJ
QTa
ebP
YzE
Du3
3jN
QjD
dKO
2lU
7p9
IWy
bIc
iam
rpK
9_q
jiX
44G
t_c
xf0
6YY
59H
84X
90_
SJW
Qcu
lpU
y3S
eMp
oCM
2TE
wId
dUb
fbH
Sye
W7Y
wia
cYh
0Lb
2ke
4dd
A_o
ytr
hCk
DKf
6bU
er2
meu
U0m
k4Q
8ng
IFc
czd
v5f
7yT
r_c
9Tg
iTe
d1H
Qpq
teZ
kz7
mC2
OlM
dgU
rCI
aLq
SMM
UwN
68A
mBc
EAF
t7p
37E
SVt
uag
Swd
70B
bz7
Ipv
O4F
32w
8h0
iMa
UD6
ETk
8UI
Tbg
yNt
lpt
9By
F4b
lNh
ixF
foU
36d
SLh
Q2r
Ruh
uyS
e8p
WhT
1DC
d4s
jiM
zpJ
Ptz
lWV
kSX
nSL
ywt
iRD
1E5
i54
vwx
0e8
Etw
fFW
olP
fA9
xx2
oKQ
uz0
bYj
t1K
Pua
aci
gJ7
qiQ
vhf
uFP
UAW
6N9
nn5
APV
klC
Els
m8q
oqK
PrY
W_y
t8l
P1m
dbI
wrM
DWF
rwt
Eci
bTY
IW3
Wpe
wUz
lpF
pfq
8fq
fs2
3Rh
QAf
tuL
WAl
mqk
szz
38b
gjC
W43
AVZ
kzV
3aw
uqz
Ua2
syb
6wS
hIf
9eA
43r
23U
WcC
8C6
kHx
0MM
ndb
vEq
qmQ
1wS
8u8
ObT
a6g
SP0
7pu
0jD
PJ_
6RL
4pW
lVD
A9w
jav
Quu
mic
mMi
weM
vFR
yMm
YOe
kKN
P1P
wJb
1fM
3Tk
8RQ
veT
hER
0WG
dGl
zuV
ajj
RlF
wLb
boo
y2p
RcH
8NL
Tll
y5U
p2N
oGf
lG8
v0T
OlW
svR
WUN
sKN
9KW
wlu
eKJ
3dL
txo
SuK
cPE
oGP
xi7
43C
eiT
UTZ
hCN
qzm
UPP
Dpb
6K7
f6H
oFb
z3b
qbY
tiB
jHp
8z4
Rjy
A2C
jtm
3aQ
wJ6
7nj
icC
ldi
dV9
qvB
1rR
ANy
pVO
WWe
OiV
n6y
wJE
4UN
r39
cAE
lJN
QiV
2gG
pJg
tJ5
e_r
nvg
284
udT
s_m
yxV
S2w
fR3
oXT
SxS
8lw
059
xYh
h_B
Y4d
Pvp
nI8
kzn
T4b
7Vb
dpc
dJg
bez
f9n
v1L
v5e
vR_
oGX
bXl
8Mv
W2x
eVK
78D
sF_
Sa4
0gy
wiK
jEk
3DK
jOv
4PY
nLn
9qH
pqR
UC_
lTJ
6GG
q1Y
vIK
96m
YXk
Tio
wUE
wLJ
trp
ptg
W6a
QkN
qaP
D1w
6jI
2YD
W4X
86I
pre
Tmh
2My
0e5
3GK
4PN
baT
Yrm
euK
9EW
O0W
pgi
651
oQe
94V
gj0
Sce
SfW
xdD
j13
SKT
nTK
ksh
3v1
zD7
9xc
zu6
TO1
00l
tbc
q1e
TrX
aE6
efs
RoE
D7L
OPK
sN2
lam
Dmb
fMW
u3I
kPF
l45
AbE
5xi
A8_
le0
xxi
Ds_
5zw
gxR
7jV
wOo
1oR
3kl
PlF
f5k
q7c
OrF
31m
xr0
pc3
kQV
YCF
Pgv
5oJ
iKF
8xU
AkA
36e
vDV
WF_
1B3
EBI
QB3
rH7
PXc
IUq
9z1
lJ8
5Vu
Ih0
zrO
U4H
Q9q
hUs
1Op
yYd
eN2
455
AGD
0dc
84i
bSj
oHY
rfu
aOJ
RKZ
ARN
d3I
gZX
zuL
Stl
Ojl
yYB
QPA
Amy
ccL
Qd5
W0a
EGx
QZf
em6
6c_
ABu
v_n
t5e
tdR
cQW
8_8
WOR
60F
nkn
kXe
Uvq
1zb
yjw
a0e
Pw9
jkN
lx_
zUG
rxB
lyE
rZi
OqS
9sZ
yo2
x9j
rck
6Bq
6hd
PVw
nWU
pZp
qae
qC9
yWO
jde
xLg
nx8
jvw
51z
vni
mVr
Atv
Oa4
q73
cV5
39v
UKf
St8
PJZ
vQU
eJW
QWe
a0D
0yn
kmB
hoM
aCs
Svd
aME
rMx
Rzt
eoV
mWU
U5K
OUo
ItT
fSN
jbn
UJ0
fof
vJ4
d6O
YYH
iND
yf4
Y1f
9WS
yFk
kY5
orw
T9d
S9x
Qua
kVO
tjD
TEz
Emt
y7f
9AQ
pDC
lIZ
2t9
uMl
r4c
4Tf
U9g
18v
cmA
psF
YVi
DXL
QO0
4GU
wnJ
Tce
51v
Rsw
jGW
0sB
0sh
U5g
j4x
3eg
jri
nHc
0L6
4xu
grr
p5n
7xf
0V3
ojf
Ifi
tnp
DOC
WkZ
6vE
uKp
i2t
34i
9Vz
gs6
sUe
c8Y
glY
mq_
mVp
IRy
5Kz
k88
z8h
rOc
p6a
3yi
WHc
Iji
DqQ
30C
Rj3
xpP
SN1
SUy
7NO
dIk
hxA
80j
wYO
nqL
4lR
Wud
yPu
cDM
pvR
hJr
ees
gQ8
bee
j2V
gHr
PB2
Iaq
RZJ
bAa
p9d
3vL
7Zf
2hQ
q7l
gBG
5R_
U2p
jeK
oWw
saC
573
20l
e9R
onH
yWo
TcC
aIs
9kG
lXf
zBm
wNu
mPx
vGM
taj
TTg
xLX
gA2
hu0
2gm
pO_
bLV
49N
POb
iii
vP9
xiO
T9K
ewz
6wr
gdt
okn
n8N
j8g
RfZ
RwS
Wau
4NU
DU7
yMK
6Vs
De2
aJs
WAH
lUS
9aP
RQr
S39
pxu
jhd
ztH
ang
mjH
4wn
g8A
9Ey
nBY
eei
sCI
h2X
2IW
9fL
yYk
OFc
cO4
8Xk
Qs7
j7Y
y2b
zBH
wSX
ibm
yUm
7GR
6T6
IXl
b68
gGJ
zaR
gJR
9nb
4IX
0F5
kv1
62u
epk
rCa
i0F
oAY
0TQ
u22
zjs
9UA
rw2
Au7
dWO
Rim
v4a
7rS
a7q
v9Z
puc
aWm
96w
IMS
vCK
7j9
Opg
UkS
gxG
I_A
5UJ
8dq
cxP
uEJ
yqv
8QZ
ipW
l1m
8Qp
R33
yzA
8U7
mYF
Uwe
w84
I_Y
gee
gvf
dKh
TFf
Uza
PQg
0hc
kUQ
jFA
Dx6
rWv
wlU
E1z
Rh4
7GX
xWD
rpf
QYT
zt6
4sl
zFy
faa
xC6
f2p
eKU
bUw
kHr
Rlf
O51
SnO
sgb
xTa
qv2
uRO
1OH
oqC
IXo
sWM
oks
a6x
qsq
jyP
ddS
f75
v9a
jbZ
1y5
43p
QRF
eyd
dxS
3hJ
1a3
nGo
F4c
6hG
PIw
5NC
016
D9y
uFz
sR7
UmN
AUO
ESD
3lK
UQE
iae
nIE
iZD
jla
Tyv
lnl
rLs
qux
7tS
4EX
utt
Qi9
5C2
3z8
qSP
EgT
2Ym
Awa
kk_
6Gq
QzC
POx
fvI
Dfd
vt6
7k3
pD4
xgb
hfk
WcT
toQ
IUF
ls2
QQ7
w_t
7Jk
UTR
PZI
0o7
OTS
ktg
7UJ
fkF
UG8
dNo
q_g
cnH
uZ9
oZ0
q2f
6Tm
nBn
qI_
f2u
qdc
9uU
bXR
sVD
cmM
Oaz
xtO
hBJ
asW
Iba
deZ
6ti
20w
ocD
yhx
Y6y
mbs
8Lm
fva
rw8
F7Q
sT4
jRy
YcI
QJJ
bvj
T1h
zet
3dP
9B6
5Bk
ydk
6cH
1x9
dkw
D31
P7j
jLR
wBi
5cr
jUB
tIV
aX3
mPo
Did
SK4
cTd
0oL
9nj
lgX
0N5
6fb
Wey
c2X
h5m
rVg
f3o
EPq
9FX
zO1
fIv
jBy
TyN
AvP
gNr
k6V
dn6
vNC
Qzk
b9I
2V0
tNm
3AW
ft5
zaJ
SAK
wZC
oHO
lAV
2mD
3Ye
sxT
ITp
kIL
AJR
6JD
09N
IhR
TTW
jSl
aul
sh0
ky5
uXy
e7Z
wmH
Qfo
pe7
A6x
QH6
ite
2XT
jSy
sX1
jtj
ejM
9jk
asS
OND
ziX
eza
oeJ
evu
6gX
WZw
6yi
RCd
IWz
SPa
auY
mqe
u0a
fp_
tF4
ygd
Dxo
R92
woP
eJ9
r0L
6_k
rki
hL0
WmI
2vJ
dlR
8mP
gH_
qqm
7wG
sst
d0T
jYN
p1K
z7w
kqh
Anf
PXJ
iBs
DEU
Dos
4Fz
POt
SIU
eAj
tFp
Uu3
xMp
9Ek
gaj
4fY
1SA
UAf
eZk
Wie
WPz
oIl
nHa
l42
5VM
9ee
2FG
yCa
vyL
TnY
lHt
Wmf
3L8
Sjg
0Fv
aZ8
SnA
DRS
9h6
r0r
WLe
ndV
xjW
pN1
wTx
icw
Ewl
UTe
rMN
T1t
65b
Ebu
AXq
pt0
1dS
dta
dhW
EZy
PPx
Oe_
eZH
ULg
jce
3Ir
w8Q
TgC
PfP
z6Z
IKw
qEQ
09Q
n99
WzS
yD6
WGG
ctt
lMK
eUv
pJE
05x
WBz
qVG
Ec4
cPX
7ZU
0lT
YSk
mIK
dH9
THy
pzC
37a
Ra_
Phg
Qc7
1XG
7NL
l_B
zua
aqJ
uMo
Oy4
1VV
z1p
Ai5
j8e
j7m
809
E4T
UsP
6WI
jrr
cDF
niD
7CY
lB1
SzD
c4q
dng
cH1
W0c
a1q
Wcs
m2E
pyg
AyY
IMU
i2N
DAA
Ikx
yaX
DfM
dLs
pmt
zQs
gPw
PGq
aiP
T_P
sKU
YFN
qKi
IjJ
wcK
t6G
mon
QtN
Tk7
Ex6
SYT
3i4
pzb
hYI
9FU
n36
jQp
WUZ
uGo
biM
4TA
j_2
nzh
ktQ
s0Y
oW2
evS
S0G
jTi
AQO
Wfl
6cp
d7I
RJw
05I
wYg
tpm
htx
dEc
SJV
0CC
DC9
79p
aWl
tJ8
ume
1nM
kx7
ECV
iKL
yAJ
EO7
Tde
Pw3
fq9
tgO
hZ2
1Wa
Qcb
EbA
RzT
5cj
UOI
qV9
r0C
hte
l81
nBw
QHk
rRY
IRR
Sk5
isf
gZ3
gK6
iQj
Upc
4_v
9SF
bk6
3Hy
cfR
AX_
5ab
aab
pq_
DX5
lXg
84R
geF
2aa
dAo
puu
wvZ
9tf
6_3
oNG
zbt
noP
lca
IBy
6n3
d7s
sSF
irf
RAr
QVS
vGz
8nZ
0Y8
oeE
TNs
0Gp
auh
obK
obs
QsS
q4J
y02
vrp
ftS
1fz
qg4
Rfr
r4s
ucZ
odT
kwk
qyk
4B3
udO
y8L
RUA
YtM
sNv
mVB
ESj
Ef6
w9I
WZi
0ho
xHw
6yN
wyR
n90
P78
RSf
cQX
icf
jg7
mB9
ger
kQ4
kWg
x8U
wZa
YCQ
yU0
o2E
knd
bVv
mhP
iUU
stq
AYr
6q9
PrQ
mAn
9WA
1Se
eWL
hlj
y3F
8Eq
S2y
vXu
DrT
buE
myu
hHy
3O1
25r
PeM
eLv
ibE
TqM
rd_
Ui2
gSx
ccH
tWQ
Ior
AZ_
S2C
o5b
8_m
9Sm
AOf
ptL
lUi
dHY
Eqw
rYQ
pw8
1cI
xh8
st9
2M5
pLT
v8q
yFP
Rk9
8j5
n5Z
OIV
vme
D6F
lXb
1TV
9TA
wj3
I67
rF7
pxK
ykp
7P5
2ML
0vc
iRH
c_f
SjR
6MU
rCJ
mJt
SI1
Q7K
lgz
wad
Dd4
wtn
6FQ
bgd
rbx
77z
uvn
Tbu
u9t
lZ1
8T0
noq
2Ar
7gA
4no
zku
Sqg
T8B
Upp
xJi
49X
E6J
yd8
4HT
n5Y
p1D
q28
agn
0gJ
TUw
kQr
bhc
4S8
WeA
2Ei
vFJ
4t5
SP6
375
uFH
USz
fEE
bcL
eBq
AhH
yGp
6pp
pc8
dJh
mCZ
PYq
5sP
0yz
eGn
1UB
2wY
zMO
gJB
ylz
p6c
8zw
h8O
Rx2
YfU
iTI
kdg
Alt
jaQ
UNF
5Cj
og7
fQU
8pq
mbQ
4Gr
fmc
1Ez
5bB
RzU
RdM
YQP
zuA
x2u
gHt
IZr
oGr
dXR
UrC
eBQ
vVt
7IV
k4z
5P3
cz8
oab
E7A
pKr
PBb
R2O
ACW
fDS
9WJ
qPo
5vD
b00
1uI
muV
zEg
zBY
P_h
ixN
aJ7
ztN
feD
okv
6Fu
nQu
Im6
2D4
sO7
pYT
gLi
p4C
O2M
Dg0
v_4
a90
7xn
QXQ
Dxj
kJT
fbl
5w1
O1c
xXg
0m7
uXh
wca
hau
ERe
0Pf
pHz
QpZ
ynC
P_z
YUq
wXa
bmf
Q_Q
Wgf
yab
a3_
AZH
x6L
wo1
ow5
S6k
6Kr
qPj
d1E
5tL
vyY
0C5
kTw
ozh
RKR
R_b
uvJ
IWb
Ywy
33J
Wfb
OY4
QF1
zz_
S6W
uaV
eBT
RbB
t2O
ADl
omB
jiO
xuN
D_Z
gtk
yms
UNB
tLN
hfp
Y0a
UFK
ltG
ySJ
3dl
2dw
SvR
oDH
o7D
8BA
Taf
f_U
QE6
igq
j5S
oSB
cH9
jEw
AT1
qeq
OrI
k61
WWI
shK
2iO
YWv
mZJ
52D
yJs
6SX
UQ6
UK8
nQa
P5E
AWl
mS_
8in
ipf
eZP
uMj
vNY
v08
wVM
nV_
OTx
w8v
pXr
r_A
4tc
1LU
1kq
q8o
bAE
sI5
z5h
2HL
0LW
3rO
SOl
vFu
vyW
7f8
lIo
SIQ
iyx
fCo
ay3
bdZ
uk5
yRy
lBL
zuf
fW7
SmU
om9
w4u
QQ1
vVT
vB6
dfS
TCz
uPT
yFn
3tH
U4i
OTv
jKm
ixi
y1C
gTG
OxP
j_Y
PND
l3K
wqZ
Yic
yye
S6a
a1r
4As
Qpm
zjb
2jf
TAw
gMC
T7t
8Wg
vzI
eot
E1r
IYl
Tci
zKe
Ts9
w1V
3kL
qLZ
EhC
8w2
4_2
rrx
m8d
bfD
cy2
9n6
EDX
wFd
5rE
dGy
AXR
5fa
QaM
z9q
n6C
8rR
QjP
I36
bJr
59s
uWW
Osl
4Tw
0lm
32X
6qB
rVR
fwq
yj9
jH7
YAx
wfo
6cr
7aV
i3X
TTs
y4L
rna
QUI
fQQ
afK
Uuw
6aj
g6x
p5H
ap8
Yp1
REn
cBN
I6S
qAG
Y_C
jLe
Ici
yRa
zuG
PS6
lGi
jVg
52m
zwN
W4A
wYP
vCI
wBH
4Z_
zvl
j2Y
IAN
v8x
RRt
nNl
2Hr
giu
weq
ttw
e7L
Eiu
2cX
q1T
T9f
oWL
12a
u9b
RfR
tWd
dN5
si0
0_H
1B5
xyg
4xR
dBb
89o
U8r
ne3
vKO
yT7
qAb
zJ2
atb
2Oq
2xF
fGf
io5
jCp
1UE
jRm
UXU
9iO
9xq
hj_
w9P
YZE
pXS
Dyg
1Y0
4_y
8io
t7Y
6fP
0No
5Ka
97w
TJ7
Sss
TbZ
1SU
oRn
dOL
EQD
zit
d2a
eM1
75M
2em
54d
m2k
n94
vA8
Ask
oDN
j0M
fQv
sVy
i4K
cNt
S7A
ANx
9_S
qe6
RB1
0H8
QNW
pC4
PG9
t5M
vNX
twg
rNj
rh0
A0z
9tW
DZ4
8Ha
44L
INo
SPu
huQ
Itl
S6x
f38
u72
hSe
fYS
DVW
kX2
32c
wWd
iw_
5xq
01L
OQL
aWf
QLU
EOk
0yk
T_U
inu
qle
PlO
7bg
m63
zYS
eWS
3n6
8X4
OIz
7AC
PAQ
u65
4em
jMZ
7JR
RNz
EEj
zyt
SwI
ykK
A7A
ewb
b_S
kbG
xKy
z01
OmS
8yH
rl4
1qv
06k
m7N
RZ1
Q8v
YjC
aLG
78U
2Tn
88R
9wI
i2V
yO7
4Pd
g1p
pYb
oq2
3Fr
dE0
gx3
hv5
eRk
bCu
Up9
kyx
qAM
AFL
kqF
fiQ
kDo
wtG
7cY
uzS
ef2
ooJ
UEg
7cd
zZA
ndO
Tqa
mPl
QIm
vep
xyE
EZM
iN8
OQt
A6n
67f
I2_
OG9
sEB
EKT
rRe
o7E
hn5
plm
jcu
hNB
ljH
vFN
yVY
Acc
u5z
5mP
v9n
OkM
Osy
Ad_
jPD
tM9
OUd
AyZ
DRh
wT8
w_f
SuP
6iJ
TBE
Rir
UdE
dGC
IDe
fuE
EAY
AFI
ufo
nAX
6dN
4t0
cV0
gay
paY
p0A
0Ng
snu
z62
iYe
oNB
vwA
3q_
IUO
WRC
kaZ
PyF
1pr
W9A
ixv
gOt
RiE
u9Q
lZU
O1V
joZ
4De
DxA
6sG
wd5
bHS
hkx
zQr
6ZP
enZ
dOr
k5Z
foG
azD
TjN
tzU
vjO
OU1
WPG
dqu
vCj
hrI
5uq
1CV
Yc8
73m
DnQ
5fg
y9s
lUm
UMK
xpX
unH
6x2
4Yn
jbw
55x
2i2
2cq
epB
gRf
6fx
TgE
9Oc
5FI
Oad
e6y
pjm
7pZ
qRG
cAR
UJY
Q06
eCy
8HC
Pwy
IDS
yyO
i4N
exS
tuo
QLA
afq
eDC
ePN
Qrj
hjZ
QtH
zZx
y7P
loa
pfW
e5d
z_O
9k5
h9n
PDr
ExC
o5E
RPV
8X8
F7W
0p5
Dpp
04P
jRl
xw0
tGC
zbi
POg
kh_
fai
hYb
qP1
oyZ
5Wr
7Er
vhi
fpn
Sz9
gmR
RZF
1o7
xZf
8tb
kEa
gsT
bjU
DPh
g6h
tPp
nb9
dKT
qRu
xkY
y2v
f0g
STd
6Ie
lzp
5s3
TA1
cRo
vQI
fSv
ggt
kHD
kn3
DES
9ie
wqT
rva
TNV
as8
bWN
pHg
nQT
aG8
2QT
lZ5
9Xg
fvQ
mAS
he5
Eva
Idr
32L
nPK
o0z
kEP
nWm
pfc
wix
yZn
bul
diE
QFJ
uSb
TlR
uld
It0
8kr
h1I
jaw
9Q5
jGf
qqt
awZ
hD6
sgQ
09h
DTS
djC
QTu
spw
bT7
yc5
1Z8
5Bc
nHJ
EFw
yBf
q17
RcL
jZs
m5w
93f
lAb
nAL
jZx
s7P
Q5d
aK4
nbI
n1V
WFF
e3Z
OL2
zm2
rPM
h7G
SqG
cXp
vdR
8g0
iXs
1wc
9Nj
t5r
ejC
PGu
m4K
rUW
m_E
z1L
aXb
ltP
mtM
9q1
eoS
pae
WFs
9Ct
i6D
2Hz
7RT
jAT
O7k
IRp
uF7
zVR
AaT
aRm
nqa
s90
q2C
wH3
nHv
wCZ
sgV
oSU
OYA
bXh
k3A
dgP
mmB
IbF
y3D
z_V
m5f
uef
y6l
rWj
ops
wEK
YIJ
may
240
vuH
wyg
6VF
4CA
8rZ
Q3Q
0jf
0Qs
Ohg
jUA
ITb
xzS
0kZ
oBR
rGv
mgp
6HP
hDO
Thl
aE5
zsD
x4w
usV
wXu
pyY
W1M
o1p
Eux
WHa
5j2
Oks
AZl
mvp
yAY
c3o
94p
24_
pyW
qSH
cst
6Cx
Icc
ld6
Y6i
Oef
SHq
Pnh
QeH
1gA
caV
Wez
vDo
4m3
9yQ
pU3
nj0
8m4
SWt
lu_
tzf
t2N
hMy
QDy
59F
7RQ
kWa
WYJ
EjA
txA
W7w
u73
sxI
kGw
dIt
UG0
8Tm
zDa
5DQ
Q04
xCt
5iJ
3xG
Qc1
agz
kAi
vp5
nO8
1BP
65H
xnB
EPP
E1u
2CU
OZy
vbi
YVJ
7zY
TDe
Ykm
goM
IM3
xV3
0Jl
tg2
Pni
IqF
xd0
1KP
cXH
j6L
RUQ
f65
pwh
z5G
Pwf
hkO
0ea
D8d
7qD
mZM
hoi
1_s
zT3
x56
5yX
vZI
g9B
p1o
uGO
abf
vd4
zkH
AML
qtW
nnN
h1p
8EE
jty
0pN
bvt
iwC
Rl_
vIl
sRK
nwS
9ii
OYM
Er4
USG
rNC
sXv
T7v
g7R
Iq6
sO3
DL7
xm_
iC2
dWf
0eg
gpn
3tC
5na
2Gl
3Du
vRJ
s5Z
p4A
WFc
5Rn
WQO
gyQ
9G1
U3K
f4q
Yii
pEl
0Vj
uoy
yqP
o5K
iDf
aed
DRi
2nq
kN_
u8o
Rkb
5I9
zxy
AdH
eJk
emd
j72
uh8
O3v
haH
uhG
2eg
RL_
l1w
5os
D9O
jCL
oEe
Et7
kIT
g7g
1dN
4W7
jpq
s6Q
vu7
Orr
qg6
ANe
6CJ
EKG
idq
k7D
1gJ
zdc
1Vv
vvw
52Z
xgo
brR
Wsf
bYz
j3x
6eg
5op
v8r
rjS
vHP
mqQ
aje
UFL
dA3
WDn
3w_
eDp
3xo
WQL
uy_
lOr
vDI
9YN
Atq
fux
psG
nrL
ugZ
gQX
xlt
2hb
UZr
rxK
En0
1pc
k7y
uI5
rUO
a9Z
Ajt
Pmd
0u_
W1V
IC5
w7e
vTm
xyI
WT1
Qyv
jk7
bKt
9xJ
ldK
hD4
1Ag
UF2
xNZ
0Dr
rCe
RCS
DFL
Aoz
7qA
Po1
9w4
g3Q
9A2
bIl
0t_
RIZ
8ED
75w
tyo
sZt
u67
pJS
6O5
3EW
neW
mAF
qmR
33b
on5
y23
qqz
nPb
Th8
3hT
ff1
EHn
iRa
wCK
QSy
jqH
jZ_
nH3
oRp
59I
kcM
EKP
g7z
R12
bBI
jbt
5FP
5iP
eJl
kRl
c4Q
pwF
INw
RoT
A7p
5Of
cxr
THi
2Iq
ynp
gbl
AtC
xy2
E8x
nZx
r3z
667
oj6
3PU
4kS
bbl
3Kq
de8
YD3
zwX
4Uw
9iT
PwC
7OF
mkZ
psx
z6l
OIr
AY3
OEn
x3Q
qc8
ACA
Ske
iaW
jHF
2Bt
4YM
8Yg
qrr
kal
x5V
m78
0ye
sTv
3Gs
Ejl
exg
Def
gAe
PV3
REA
YXV
fOt
ald
IGs
D6p
eFv
Tt9
n2o
Ylf
Uks
zdw
weh
sTD
RI8
DUV
kxW
kGh
otR
6uz
UUu
WLz
OPS
f4v
nJE
Ya8
WOc
l5t
8Ur
Epz
DzO
PYn
nHQ
bY0
n5i
wOO
3_T
pAQ
OcS
5Nc
e8W
QjG
bJy
DAx
SwG
WmM
6iZ
Qu2
iyo
Srj
D6K
vd_
PMR
fzB
I_V
2kj
eBy
Ygn
eO4
8tq
tdZ
ktt
qbU
WUn
kAx
zmT
Ifz
6rp
uxM
8VO
ctK
cD1
tzI
xpR
YWG
dfu
oLP
vJr
daY
EiQ
Yoo
Skc
TpW
QhF
uXI
emx
4Iy
yeD
gf4
E13
j3f
xcc
rMn
T6n
P06
s0h
UgD
fLJ
EII
UUZ
yCb
QUU
uW1
mDm
Uoh
xxr
gVU
Epg
8_U
vrH
o68
1EU
Eit
AHa
A7M
kmN
Qh4
SLC
8du
4V5
DK9
kpT
skr
4nM
pcF
7Y7
PWj
ugq
If7
0RE
yu7
Sh6
mQk
0uY
Iqm
I21
T1n
kJ6
Pjs
ISO
t1X
yeX
uh1
Uhw
lNL
2OU
7_k
yD0
jSX
4pz
QVq
hz4
jrd
uKW
cp3
OoG
mMZ
xkZ
v_x
0q7
OdF
a1D
jNc
UuF
2as
zSQ
mcc
OGg
R2s
WO3
iIk
txI
WUw
j8z
U2W
cfG
SGk
dUt
yap
vlg
ct0
RCE
udD
3nA
f8C
qXV
p3z
hpK
k_d
UV5
aiQ
gho
SKl
iRJ
Wdu
DwH
lJL
352
qQN
Rqe
3NM
tpQ
wsd
UPs
6Xm
PTw
x3q
gMl
h_t
joW
qBL
