worms_1302
pebble_1512
mush_1746
strings_1894
rock_1859
worms_1146
rock_1021
strings_1408
mush_1919
rock_1336
lint_1660
strings_1186
charm_1403
charm_1484
pebble_1052
pebble_1645
hair_1735
mold_993
dirt_1108
strings_1687
charm_1897
charm_1286
strings_1754
pebble_1673
pebble_1711
pebble_1977
dirt_1227
dirt_1550
strings_1333
worms_1516
pebble_1576
hair_1262
charm_1163
mush_1561
rock_1516
charm_1770
worms_1971
strings_1135
worms_1912
strings_1208
mush_1837
rock_1958
mush_1620
charm_1108
hair_1424
strings_1777
strings_1824
lint_1066
rock_1949
dirt_981
hair_1044
lint_1465
mold_1700
hair_1894
mush_1410
lint_1633
mold_1435
worms_1117
dirt_1479
mold_1731
rock_1704
rock_1741
pebble_1068
lint_1059
hair_1190
strings_1340
charm_1569
worms_2039
rock_1152
hair_1155
worms_1326
pebble_1878
mold_1158
mold_1903
hair_1104
worms_1223
dirt_1118
lint_2017
hair_1079
lint_1276
strings_1701
rock_1947
dirt_1579
lint_1896
pebble_1638
strings_1130
pebble_1047
mush_2033
charm_1976
pebble_1394
dirt_1711
hair_1123
dirt_1278
strings_1545
lint_1975
mold_1910
worms_1823
mush_1950
lint_1150
charm_1415
worms_1888
rock_1472
lint_1622
lint_1853
pebble_1049
dirt_1380
pebble_1130
lint_1626
hair_1625
mold_1356
strings_1790
strings_1938
strings_1640
lint_1804
rock_1224
pebble_1458
strings_1901
rock_1467
charm_1605
strings_1879
worms_1984
rock_1672
rock_1175
charm_1542
dirt_1443
charm_1650
rock_1020
mold_1439
dirt_1721
charm_1039
hair_1161
mold_1393
charm_1035
pebble_1075
strings_1111
rock_1084
mush_1514
mush_1614
rock_1898
dirt_1345
mush_1658
hair_1490
mush_1627
strings_1510
pebble_1117
rock_1457
worms_1934
charm_1513
strings_1689
lint_1178
charm_1544
charm_1385
rock_1673
mold_1702
worms_1892
worms_1180
lint_1483
dirt_1680
hair_1895
mold_1727
worms_1101
mold_1334
mush_1653
strings_1242
pebble_1111
pebble_1460
pebble_1731
mush_1754
worms_1044
strings_1225
dirt_1242
dirt_1830
worms_1576
worms_1680
hair_1759
rock_1725
lint_1932
dirt_1404
dirt_1540
mold_985
pebble_1890
dirt_1849
worms_1364
hair_1542
mold_1909
pebble_1275
charm_1496
rock_1545
pebble_1445
hair_1833
hair_1903
hair_1098
pebble_1563
charm_1498
strings_1953
lint_1558
charm_1778
pebble_996
lint_1339
strings_1042
mold_1236
hair_1472
worms_1619
charm_1438
rock_1828
lint_1124
charm_1312
charm_1386
charm_1128
mush_1623
rock_1177
dirt_1215
hair_1652
mold_1091
hair_1869
worms_1551
lint_1199
dirt_1275
hair_1295
hair_1533
strings_1595
lint_1961
mush_49
worms_129
dirt_779
mold_1172
charm_1876
mold_1341
dirt_1486
worms_1676
charm_1751
charm_1008
lint_1779
mush_1912
mold_1196
hair_1603
charm_1665
mold_1846
strings_1073
charm_1145
hair_1373
worms_1538
pebble_1836
worms_1121
mold_1651
charm_1793
charm_1995
strings_1082
charm_96
dirt_64
dirt_959
mush_1254
mold_1618
lint_1227
rock_1914
pebble_1952
mush_1094
mold_998
pebble_1877
mold_1916
rock_1211
charm_1131
lint_1303
worms_1540
strings_1162
hair_1591
worms_1728
hair_1010
mush_1113
hair_1610
charm_269
pebble_626
strings_1053
pebble_2002
dirt_1247
rock_1653
strings_158
mold_892
pebble_1401
rock_1694
pebble_1243
charm_1362
hair_1338
lint_1577
rock_1846
dirt_1838
mold_1035
rock_1337
charm_2004
rock_1359
mush_1869
dirt_1901
mold_1480
mush_1667
rock_1040
rock_1501
worms_1950
pebble_1640
charm_1528
mold_1123
mold_1255
hair_278
mush_361
lint_638
rock_1593
dirt_1283
strings_1886
charm_630
lint_728
mush_1305
strings_1452
pebble_1964
charm_573
pebble_1723
pebble_1519
worms_1041
lint_1872
rock_1867
mush_1983
pebble_1785
mold_1008
rock_1506
mush_2070
mold_1386
strings_1597
mush_1601
lint_1678
mush_1971
charm_193
mold_895
rock_1124
mold_1387
dirt_1415
mush_1648
charm_4
worms_299
mush_1266
strings_1142
rock_1936
worms_1006
strings_1367
dirt_735
charm_889
mold_1241
strings_1277
strings_1369
charm_1999
hair_1278
strings_1536
dirt_1754
lint_1889
mush_1114
rock_1088
pebble_1813
rock_41
mold_645
hair_704
mush_1337
worms_1065
dirt_1244
worms_1539
strings_1075
worms_1644
pebble_1626
dirt_1893
mold_1475
rock_1702
charm_1743
dirt_1753
pebble_1099
dirt_1872
hair_1075
pebble_1373
pebble_1557
strings_100
mold_247
rock_998
mush_1500
strings_1385
charm_1543
charm_1220
worms_1106
lint_1870
worms_64
hair_146
hair_755
strings_895
dirt_917
pebble_1267
worms_2014
charm_508
mush_844
worms_1118
strings_1294
worms_35
mold_68
charm_1369
pebble_1887
mush_1700
mush_2052
worms_2011
mold_1199
strings_131
pebble_325
mush_723
pebble_910
rock_953
strings_1331
hair_1171
rock_1018
lint_1575
worms_1563
charm_1732
lint_1331
dirt_1469
pebble_1832
worms_1031
lint_1646
hair_42
pebble_566
mold_618
pebble_1160
rock_1858
charm_298
rock_371
lint_540
hair_1134
charm_1371
lint_1899
hair_170
mush_563
strings_553
rock_1109
dirt_1752
dirt_1086
lint_743
strings_1593
hair_1856
worms_1407
dirt_1697
rock_1068
rock_1130
strings_1235
pebble_1328
charm_1959
mold_1635
rock_1864
hair_1420
lint_1946
worms_2036
charm_216
rock_892
charm_1309
hair_1380
charm_1842
hair_1046
strings_1365
pebble_133
worms_382
mush_1848
mold_1075
rock_1966
rock_465
dirt_485
rock_590
pebble_760
mold_867
mold_1174
mush_2010
pebble_2008
strings_2
lint_547
dirt_708
lint_1024
strings_1066
strings_993
pebble_1144
rock_1279
dirt_1293
mush_176
charm_691
rock_903
charm_1160
strings_1600
hair_2
dirt_125
mold_452
strings_933
strings_1909
mush_1804
worms_1333
pebble_1013
worms_1131
worms_1227
mush_1550
lint_1413
strings_1006
dirt_1026
lint_1319
worms_1273
mush_1378
lint_1641
mold_1012
charm_1507
pebble_1607
charm_1972
mold_771
strings_803
hair_1270
worms_1578
strings_572
charm_617
strings_1291
mold_999
lint_1041
mold_1659
hair_28
rock_112
charm_444
lint_663
mold_966
hair_1676
mush_1981
mush_2038
hair_1226
mush_1605
hair_1038
charm_1219
mush_700
charm_951
rock_1883
worms_1179
dirt_1440
charm_1554
mold_1836
rock_16
mush_200
strings_187
charm_749
hair_818
worms_894
charm_929
dirt_896
worms_1553
charm_1925
pebble_153
mold_531
strings_608
mold_637
rock_1201
mold_1690
hair_1764
hair_384
hair_745
strings_923
mush_1467
pebble_1483
worms_1241
hair_1211
pebble_1227
rock_1573
mush_1959
rock_138
worms_387
strings_1231
worms_1822
rock_211
mold_1855
dirt_1926
mold_354
hair_662
charm_1228
charm_1834
hair_1943
mold_1117
pebble_1797
rock_1924
charm_314
charm_1491
lint_1510
mold_365
pebble_1153
rock_1371
mush_1185
charm_1427
mush_1584
dirt_1761
rock_1589
strings_1386
hair_1136
strings_1661
mush_528
mold_563
dirt_1268
worms_1731
hair_368
rock_1277
pebble_1390
dirt_1815
charm_1085
worms_1197
pebble_448
mush_604
pebble_551
mold_804
rock_920
mush_1082
dirt_1821
dirt_35
lint_894
lint_1603
mold_772
worms_1816
charm_1946
hair_916
charm_937
mold_917
dirt_1281
lint_1770
mold_1830
strings_1008
worms_1763
dirt_1422
dirt_1009
pebble_63
charm_1150
worms_1097
rock_1438
mush_2012
mush_44
charm_563
pebble_764
mush_871
lint_1529
rock_1290
strings_1608
hair_1825
rock_132
mold_1311
hair_1223
pebble_1374
lint_1466
mold_179
lint_333
rock_969
charm_1009
strings_1360
mold_1089
hair_1488
dirt_1625
mold_1734
strings_1747
charm_1663
strings_1078
mush_1424
mold_1432
mush_47
charm_272
strings_257
charm_624
mold_848
charm_1583
rock_560
lint_649
mush_836
charm_1716
worms_2035
lint_1794
pebble_851
dirt_1881
mold_1184
charm_744
rock_1576
mush_1748
lint_1408
mush_1940
worms_1562
rock_621
worms_692
worms_807
charm_992
strings_1345
charm_1223
worms_1249
pebble_1399
rock_1744
strings_217
hair_354
strings_1427
charm_1237
pebble_1058
pebble_1423
mold_1330
mold_1629
strings_1361
rock_1644
dirt_1466
mush_1771
worms_1583
strings_1743
pebble_1409
hair_1904
pebble_1922
lint_91
rock_209
pebble_529
pebble_884
lint_1672
rock_206
dirt_667
mush_765
rock_1323
lint_1332
mold_258
charm_366
rock_511
rock_987
worms_1448
lint_1496
worms_1360
pebble_1548
strings_1249
lint_2020
strings_1951
mush_1253
lint_1139
mold_1201
worms_162
charm_300
pebble_862
worms_914
hair_1379
charm_1313
dirt_1397
hair_1588
mush_1720
lint_1484
worms_1637
charm_1812
mold_1421
hair_1029
rock_1247
mold_104
strings_161
strings_182
charm_364
mold_465
dirt_523
pebble_1808
rock_739
pebble_1321
charm_369
mush_449
worms_1651
hair_1239
mush_1518
mush_1768
pebble_1695
lint_2030
mold_7
pebble_193
worms_1073
dirt_1616
mush_1798
lint_1082
mold_1429
strings_1480
pebble_211
rock_372
worms_1234
lint_1425
charm_1708
mush_1802
pebble_1007
pebble_1268
rock_1810
rock_1237
lint_1570
lint_264
dirt_1360
rock_1711
rock_1788
mold_1046
lint_1983
lint_204
rock_804
lint_1769
rock_1406
pebble_1315
strings_1929
dirt_1878
mold_1923
charm_1030
dirt_1768
mush_162
hair_638
lint_1681
pebble_1559
mush_1870
mush_22
hair_104
charm_647
pebble_1804
hair_1901
hair_1617
strings_1856
strings_1913
lint_425
worms_813
charm_1025
charm_1646
strings_1623
charm_1827
mold_1861
mush_771
rock_1007
mush_1351
hair_1673
worms_1294
strings_1355
pebble_1018
pebble_1440
pebble_1753
mush_1825
mush_1118
mush_1634
charm_934
strings_1409
mold_1717
mold_1770
charm_943
pebble_1181
strings_1693
rock_1786
mold_1400
worms_1352
strings_152
dirt_855
pebble_1524
pebble_1665
rock_1060
mush_1801
strings_80
mold_339
mold_865
pebble_1241
dirt_1489
hair_1553
charm_1729
mush_1364
dirt_1383
hair_1703
strings_1845
lint_1953
dirt_1317
lint_1796
pebble_160
worms_714
charm_1657
strings_1515
lint_2057
pebble_65
pebble_700
charm_968
charm_1155
dirt_1034
mush_1975
pebble_1515
pebble_1745
hair_49
mold_693
mush_860
worms_837
charm_921
strings_1605
mold_1611
hair_1742
mold_1870
strings_1289
strings_1462
mold_1169
hair_1318
dirt_1922
strings_1283
mold_1605
mold_1847
mush_1706
pebble_1761
dirt_1203
charm_1639
mold_1755
mush_550
mold_528
mold_647
rock_1204
strings_1517
lint_1433
charm_1974
worms_865
worms_1807
worms_1623
worms_1307
rock_1637
worms_2037
charm_2007
mush_336
pebble_290
lint_1746
rock_1229
charm_1090
rock_1574
lint_1992
worms_1268
charm_1424
mold_1880
lint_80
rock_612
mush_687
mush_795
rock_1355
pebble_79
strings_340
mush_619
charm_595
lint_1420
rock_1186
worms_1633
strings_1585
lint_1861
mush_280
mush_343
mold_598
pebble_659
dirt_758
pebble_1555
lint_1240
mold_1466
rock_1777
dirt_1473
hair_1500
strings_1329
strings_1478
dirt_1783
lint_1675
dirt_1002
charm_1607
lint_1389
pebble_1486
hair_1821
pebble_1686
hair_1643
dirt_441
rock_585
lint_1490
rock_1081
lint_1076
mush_1242
mold_1462
lint_1436
mold_1856
rock_1119
worms_1279
dirt_1350
mush_1956
strings_24
lint_1118
lint_1471
mush_1332
dirt_1270
strings_197
mush_796
charm_788
pebble_1760
lint_1860
strings_1836
worms_1238
hair_1501
pebble_1633
lint_2056
mush_1109
mush_1172
lint_1134
mush_1644
dirt_987
mold_1453
worms_1128
hair_1400
dirt_1762
hair_1096
mush_212
rock_346
lint_1585
dirt_1504
strings_1716
worms_1792
strings_1518
charm_1760
mold_1020
pebble_1270
worms_1790
worms_1781
rock_1909
hair_1937
mush_324
lint_306
hair_670
charm_1299
pebble_1734
lint_1591
rock_264
pebble_373
worms_1327
dirt_1475
dirt_1705
hair_1207
lint_1359
strings_1955
lint_1664
dirt_439
rock_494
worms_671
worms_1168
lint_1814
mush_1274
pebble_1967
dirt_480
pebble_1466
worms_1556
lint_1597
strings_1810
mold_1316
mush_1730
pebble_1937
dirt_1182
lint_1793
strings_1167
mush_1717
rock_1069
rock_1893
worms_31
pebble_213
mold_1283
lint_125
strings_222
rock_1258
rock_1762
mush_1942
strings_1216
hair_1275
hair_1713
pebble_1157
dirt_1214
pebble_1703
pebble_1210
lint_1644
hair_56
mold_253
strings_622
mold_843
mold_1627
mush_2030
worms_1518
strings_1730
worms_2000
worms_248
charm_331
dirt_789
charm_1589
strings_1378
lint_1852
mush_1145
charm_1632
pebble_1290
pebble_1054
hair_1355
charm_1520
strings_127
worms_296
hair_636
rock_930
hair_946
lint_1573
worms_1502
lint_1287
lint_1859
mold_1000
hair_1179
strings_962
pebble_1370
strings_1648
lint_1811
mush_1841
hair_1802
strings_109
charm_1702
hair_1299
pebble_1917
lint_1103
lint_1494
mold_1516
hair_1387
pebble_1178
hair_1349
hair_1515
mold_1047
worms_74
rock_77
charm_408
charm_537
worms_580
strings_865
pebble_895
mold_1065
mold_153
mold_167
lint_499
charm_1137
dirt_1718
mold_1360
mold_1181
worms_1596
hair_1818
lint_1390
lint_101
charm_390
charm_731
hair_1567
pebble_175
strings_211
mush_1146
lint_1347
dirt_1289
lint_1491
mush_883
mush_1839
mush_1991
mold_1258
lint_1173
dirt_1418
worms_1864
hair_1551
hair_1532
charm_1889
worms_1472
mush_1399
hair_1462
pebble_1730
charm_124
mold_409
strings_783
lint_1693
hair_1457
charm_1843
pebble_1979
mold_1156
charm_1918
hair_1853
pebble_999
pebble_1098
lint_1056
strings_1322
rock_803
mold_793
mush_1355
worms_1062
rock_1061
pebble_1274
mush_1661
hair_1822
mold_1040
worms_724
pebble_888
worms_1959
rock_1138
charm_1262
rock_1814
charm_27
strings_41
dirt_242
charm_467
strings_652
mold_1534
mold_1786
mold_1329
rock_1915
mold_1578
mold_1865
hair_1587
worms_1867
dirt_1862
hair_1942
lint_1202
hair_1969
charm_1140
lint_1468
rock_1835
lint_2055
hair_175
mush_288
dirt_267
mold_489
mush_928
dirt_1080
worms_1693
strings_1316
charm_1418
mold_1392
mold_1394
charm_143
mush_216
rock_1313
mush_1949
hair_1224
hair_1468
worms_1177
lint_1768
mold_546
lint_672
hair_986
rock_1017
lint_1730
rock_1456
dirt_1487
mush_1736
dirt_54
rock_611
hair_859
dirt_1329
charm_1447
charm_1924
mold_1362
worms_1037
mush_1485
lint_1187
pebble_1879
strings_1040
mold_1644
strings_1673
hair_1217
mold_1359
mush_1306
mold_1324
rock_1140
pebble_1249
charm_1953
strings_1190
mush_1325
worms_1689
worms_1835
dirt_1164
rock_1827
dirt_1650
dirt_1056
rock_542
mold_773
lint_1650
mold_1612
dirt_1789
strings_1792
mold_737
pebble_1383
worms_1412
hair_1959
pebble_1716
strings_1638
charm_1379
worms_254
lint_1685
pebble_713
mold_1423
mush_1840
charm_1070
worms_1141
rock_1773
rock_1121
pebble_1238
mold_1819
mold_1029
strings_1741
lint_1031
mush_1329
charm_1308
hair_1132
strings_1722
strings_1819
pebble_1195
hair_1851
lint_1089
hair_1316
pebble_1749
mold_288
rock_801
charm_1015
strings_1312
mush_1657
mush_1126
lint_1631
charm_60
hair_143
mush_264
hair_1415
strings_1897
pebble_1187
strings_1317
dirt_1043
mush_1779
pebble_1204
lint_1755
dirt_1652
worms_1740
worms_1166
strings_1128
mold_1549
pebble_1295
dirt_1432
hair_1824
charm_1199
strings_1697
hair_1862
worms_1996
worms_47
pebble_58
rock_72
lint_810
lint_916
charm_1378
worms_1432
hair_1621
mold_133
charm_735
mold_1342
mush_1812
mush_1103
lint_1209
charm_1392
lint_1431
worms_1761
mush_1448
mush_1662
hair_1932
strings_1831
rock_134
dirt_252
strings_293
lint_297
mush_403
lint_413
pebble_852
worms_1408
pebble_1641
mush_1167
strings_1644
rock_1488
dirt_1827
lint_1443
rock_1446
rock_1342
hair_1513
charm_1851
charm_1816
worms_1076
worms_1195
mush_1175
hair_1360
pebble_1826
hair_1005
hair_1775
charm_1406
charm_1282
lint_1684
lint_1586
mold_1573
hair_1173
hair_1065
charm_1825
worms_594
worms_596
mold_1569
mush_2028
hair_1816
charm_21
charm_207
pebble_428
strings_467
mold_490
strings_605
mold_1603
rock_491
dirt_1839
worms_448
hair_474
hair_861
dirt_1420
strings_1690
mold_1134
lint_2018
pebble_1802
pebble_59
hair_257
dirt_771
worms_1581
mold_1579
lint_1101
mush_1715
lint_566
pebble_719
pebble_804
strings_1439
mush_1586
pebble_1362
mush_1326
mush_1789
rock_145
hair_1454
hair_1789
pebble_1084
mold_1154
mold_227
strings_610
charm_1677
strings_1622
mold_1656
worms_1999
worms_1585
pebble_1895
charm_1916
dirt_1891
mold_1070
hair_1511
mold_1367
worms_1834
pebble_1616
charm_1249
dirt_979
hair_1200
worms_1274
hair_1110
mold_1128
pebble_1526
dirt_1
dirt_569
strings_1148
hair_1492
charm_198
pebble_461
charm_598
strings_567
worms_670
charm_979
strings_1380
worms_1613
worms_32
mold_323
mush_756
hair_920
strings_942
worms_1906
charm_1094
hair_1288
rock_1432
strings_1653
rock_1144
charm_1167
hair_1463
mold_1640
worms_67
worms_864
pebble_893
mush_1578
lint_2025
dirt_1092
lint_1404
charm_1756
strings_1899
strings_969
lint_1035
pebble_1492
charm_88
mush_116
hair_296
lint_430
charm_1591
strings_1560
worms_1036
charm_1566
lint_1054
lint_1238
dirt_276
mush_572
pebble_1088
rock_1592
pebble_1741
pebble_1790
hair_1964
dirt_1470
mold_1527
strings_1609
strings_313
dirt_487
strings_1158
pebble_1329
dirt_1700
mush_1348
strings_1093
lint_1356
lint_1479
lint_1674
strings_59
mold_659
worms_1953
strings_1410
pebble_1188
worms_1057
dirt_691
pebble_967
rock_982
hair_1751
charm_1463
strings_157
hair_720
hair_1214
pebble_1019
rock_1128
strings_1155
charm_1895
hair_1283
worms_739
strings_863
dirt_957
strings_1382
hair_1064
worms_1170
hair_1962
hair_1661
mush_1345
rock_1292
mold_61
hair_68
hair_282
lint_429
lint_1094
strings_1610
worms_1253
charm_1724
pebble_1893
lint_1224
mush_1674
strings_1246
rock_1730
hair_1028
hair_1320
worms_1411
rock_1931
worms_1151
mush_2011
dirt_1047
charm_1457
rock_1300
charm_1661
charm_78
dirt_849
worms_1450
hair_1930
mush_1865
mush_1889
strings_1137
worms_1099
pebble_1593
charm_1580
mold_1666
worms_1713
strings_234
charm_661
rock_878
worms_1137
dirt_1295
worms_1508
worms_1582
pebble_1168
pebble_1294
strings_1918
strings_88
lint_488
hair_691
charm_1818
mold_1183
charm_1645
lint_1752
pebble_1456
rock_1365
dirt_1453
charm_1116
worms_1387
rock_1463
pebble_1531
charm_1903
mold_1275
dirt_1125
dirt_1273
hair_1858
worms_1493
dirt_830
charm_895
strings_1279
rock_8
dirt_258
hair_605
lint_789
dirt_977
strings_1286
hair_1399
hair_1496
pebble_658
mush_764
mush_849
mush_910
charm_897
worms_1088
pebble_1430
rock_1873
mold_1130
charm_1703
hair_1762
hair_1485
rock_1688
pebble_1796
charm_1864
lint_1640
strings_1617
worms_1107
worms_1940
mold_1233
hair_1247
charm_1563
mush_828
hair_889
charm_1545
worms_1664
pebble_1509
worms_1657
charm_64
mold_1928
lint_1043
mold_55
dirt_232
rock_749
rock_1041
rock_1049
rock_1502
worms_1105
pebble_663
worms_905
worms_1372
dirt_1290
dirt_1207
mush_9
hair_429
pebble_1336
rock_1160
charm_1757
mush_1446
charm_1340
pebble_1385
charm_1570
mold_1877
worms_1756
dirt_1915
strings_986
charm_1149
worms_1855
hair_1886
mush_2004
mush_1154
charm_1471
rock_1377
mush_355
worms_156
pebble_372
dirt_414
pebble_466
mold_774
mush_1023
dirt_922
worms_1339
dirt_1673
strings_661
dirt_827
rock_1325
dirt_1139
mold_582
mold_696
lint_2015
strings_67
mush_194
mold_373
hair_533
rock_913
lint_1862
worms_1286
pebble_158
worms_247
mush_1492
hair_1581
pebble_1349
mold_269
mold_418
mush_156
worms_923
lint_1261
mold_1689
hair_147
worms_435
lint_513
rock_984
mush_593
strings_1416
worms_1646
lint_539
hair_1707
dirt_1060
rock_1391
charm_1719
charm_1808
pebble_992
mush_1225
pebble_1619
hair_1579
mold_1553
pebble_1631
worms_1993
mold_1279
lint_1748
lint_1840
dirt_1030
mush_1566
charm_1440
pebble_1406
rock_347
worms_830
charm_878
charm_1742
worms_1017
hair_771
dirt_899
mush_1761
hair_1391
dirt_1782
lint_1874
mold_1235
mush_1344
mush_1477
lint_1214
lint_1595
charm_1117
hair_1724
mold_1904
mush_1400
mush_1688
mold_1898
pebble_49
hair_174
lint_583
hair_933
hair_1409
strings_1821
rock_1491
strings_1500
pebble_17
worms_251
charm_1795
charm_55
worms_1749
worms_1936
mold_507
strings_1540
dirt_1130
mold_1371
lint_1968
mush_2016
pebble_1213
hair_1578
pebble_1613
strings_967
lint_1221
mush_1503
charm_1845
pebble_60
dirt_349
pebble_1818
dirt_1500
mush_1803
worms_1239
mush_1414
pebble_244
mush_536
lint_1656
rock_1844
charm_1698
hair_1026
rock_1546
mush_1320
worms_1380
worms_1709
mold_1795
hair_1425
charm_36
dirt_552
lint_1503
lint_45
mush_238
dirt_861
lint_1432
mush_1574
hair_1506
rock_1447
lint_1950
dirt_1106
mush_1382
lint_1772
pebble_21
pebble_307
rock_626
hair_1269
dirt_1423
strings_291
mold_497
dirt_568
mold_891
charm_1162
charm_1395
strings_1214
hair_1657
charm_1361
charm_144
hair_305
charm_602
dirt_909
worms_1098
charm_1135
charm_1735
mold_1783
dirt_1186
worms_1829
pebble_1933
lint_1717
mush_1862
dirt_56
rock_140
mold_283
mush_387
worms_1642
charm_1082
mold_1073
rock_1285
dirt_341
worms_624
dirt_875
strings_1113
mush_1569
lint_1854
charm_1294
lint_1649
rock_1332
charm_1829
strings_7
rock_1079
mush_1264
rock_1910
strings_1219
lint_1619
mush_1968
worms_183
dirt_612
rock_833
mush_1271
hair_1004
mush_26
strings_1606
dirt_1636
hair_1237
mold_1485
charm_1951
hair_1267
dirt_1176
pebble_1305
dirt_1322
hair_1606
strings_1771
hair_1953
worms_1682
strings_1
pebble_61
dirt_330
hair_557
rock_1750
rock_1352
hair_1366
dirt_1678
lint_113
lint_955
mush_1334
mush_1491
pebble_1032
lint_1144
charm_1414
lint_1462
mush_1523
hair_1386
worms_1721
strings_1299
mold_1504
rock_1471
mold_1572
mush_1635
lint_1801
lint_1893
pebble_1795
lint_1855
rock_1050
strings_1204
pebble_170
hair_450
strings_1068
hair_133
lint_1038
lint_1294
mold_1775
worms_1954
strings_1780
pebble_500
mold_825
mush_939
pebble_1870
strings_8
mold_421
lint_431
pebble_451
mush_106
lint_197
pebble_258
dirt_756
hair_1913
rock_95
charm_347
strings_585
mush_691
dirt_1956
mold_1920
charm_1240
charm_1866
lint_269
pebble_1793
dirt_1148
pebble_1789
rock_1930
lint_1486
charm_1517
charm_1564
rock_1257
mush_1998
strings_144
hair_516
charm_1176
lint_1671
charm_1891
mold_1140
hair_1508
dirt_1551
dirt_1818
dirt_1007
rock_1743
charm_1366
worms_1481
pebble_494
dirt_824
mold_64
lint_624
lint_729
dirt_873
worms_1334
mold_1412
hair_1018
worms_1305
worms_1969
mold_415
dirt_1253
worms_1443
rock_1716
mush_1833
dirt_1842
charm_1921
mold_1326
rock_260
lint_718
worms_785
lint_1635
mold_1433
worms_1658
lint_1866
dirt_68
charm_442
hair_1066
dirt_1226
hair_1639
mush_2019
lint_1931
hair_1848
mush_1170
mush_1268
worms_1475
mold_1131
hair_1311
rock_1636
dirt_1592
strings_1735
rock_1197
mold_1061
rock_1740
rock_1962
strings_1088
mush_569
rock_1428
mush_1554
rock_1454
mush_2066
charm_1350
dirt_1598
mold_1710
mush_2054
hair_1810
hair_1555
dirt_1370
charm_1533
rock_1540
mold_1660
rock_1942
mush_357
strings_1018
strings_1101
rock_1178
lint_1535
mush_1891
pebble_1778
hair_1541
charm_1785
mold_1170
dirt_1279
strings_1115
rock_1728
mush_2046
worms_1312
lint_1534
lint_1701
mush_1591
charm_1208
pebble_1284
rock_1362
dirt_1471
mold_1252
mold_1657
pebble_1554
hair_1032
charm_1305
strings_1641
charm_1860
mush_1370
pebble_1342
mold_1844
charm_381
dirt_438
mold_797
rock_1024
strings_1102
strings_1041
lint_1843
worms_38
pebble_250
dirt_699
dirt_739
lint_1106
dirt_90
charm_397
strings_1532
pebble_1388
mold_1352
worms_1782
charm_660
pebble_827
rock_934
rock_1606
worms_1778
rock_1729
mush_841
worms_1026
rock_1164
charm_1736
pebble_1714
dirt_1546
mold_1213
strings_1672
strings_1624
charm_1073
strings_1441
dirt_1265
hair_1797
dirt_1140
dirt_1198
dirt_1606
strings_1761
charm_539
lint_1897
hair_1009
worms_1904
worms_261
worms_274
mush_720
worms_833
mush_1287
strings_1888
mush_1237
mold_1674
strings_455
lint_874
mold_988
charm_1235
mold_1652
hair_1107
hair_1452
mush_1665
rock_1014
charm_200
charm_208
strings_459
mush_832
hair_919
rock_1185
mush_1408
hair_1844
mush_1162
hair_1401
pebble_1142
dirt_1413
dirt_286
dirt_567
lint_1137
mold_1490
charm_1726
pebble_1174
mush_603
mold_1500
mush_1845
worms_1059
mush_83
hair_912
pebble_1525
pebble_1122
pebble_1461
strings_1206
hair_1002
pebble_1046
dirt_1280
dirt_1111
lint_1882
mold_1706
hair_180
worms_1621
rock_1868
hair_154
charm_849
hair_1394
hair_1734
lint_1086
pebble_1000
dirt_1641
charm_1319
charm_1439
pebble_367
rock_381
mold_610
pebble_769
worms_172
hair_779
strings_26
charm_93
rock_236
mold_572
dirt_898
dirt_946
dirt_1374
dirt_1595
lint_2001
mush_1309
rock_183
worms_230
rock_1227
pebble_1771
dirt_639
dirt_762
worms_1221
dirt_1396
dirt_1554
pebble_1322
mush_1418
charm_1802
strings_1432
charm_1881
dirt_1277
mold_1541
dirt_1759
charm_1230
worms_1608
rock_1243
worms_226
strings_918
pebble_1591
charm_1745
pebble_1451
worms_1019
dirt_1179
rock_1551
lint_1069
worms_1313
dirt_1642
strings_1705
dirt_1953
strings_990
pebble_1518
rock_443
lint_527
lint_646
strings_998
lint_1828
strings_172
mold_467
rock_1047
worms_1584
strings_314
rock_1713
dirt_1644
strings_1274
pebble_1426
dirt_1116
pebble_1982
worms_2020
pebble_1001
hair_1094
worms_1944
mold_1176
dirt_1090
worms_1802
rock_111
pebble_126
charm_1468
lint_1909
charm_182
lint_402
lint_680
lint_1207
hair_230
hair_574
worms_712
hair_1938
worms_1440
mold_1869
strings_1805
rock_1154
charm_1122
pebble_1278
mush_1860
rock_627
charm_685
dirt_712
rock_1768
dirt_1180
strings_984
lint_1809
hair_1240
mold_1796
hair_73
charm_299
mold_482
hair_502
mold_518
rock_1960
pebble_1969
mush_2047
strings_1228
lint_1116
lint_1526
dirt_1694
rock_1010
dirt_1604
mold_1748
worms_1494
hair_1927
mold_1894
worms_1054
mold_1555
hair_1893
rock_1482
strings_1849
dirt_1898
hair_1382
dirt_990
lint_1138
mold_799
dirt_1183
mush_694
mush_874
worms_976
worms_1071
worms_1715
strings_117
rock_674
strings_691
worms_359
charm_761
strings_53
mush_86
strings_538
mold_915
dirt_1647
mush_1105
charm_1236
mold_1202
rock_1657
worms_1072
pebble_1199
strings_1209
strings_1284
dirt_1497
lint_1737
mold_1896
lint_1756
mold_1714
hair_486
strings_914
mold_1253
hair_1281
hair_52
hair_160
dirt_866
lint_1322
rock_751
strings_1871
hair_26
mold_139
dirt_141
mush_772
pebble_1214
pebble_1915
charm_1511
mold_687
strings_792
mush_1760
strings_319
lint_360
worms_1139
charm_1930
hair_81
dirt_158
charm_404
charm_1320
strings_1311
strings_1425
strings_1422
hair_1308
pebble_1473
hair_1350
lint_1711
rock_1819
pebble_1035
hair_1646
pebble_1853
mold_1685
pebble_1816
strings_1070
mush_166
lint_2051
rock_1813
rock_1862
charm_1941
pebble_542
charm_953
rock_1172
lint_1898
lint_1028
dirt_1363
mold_1099
hair_1456
hair_1039
strings_1014
worms_87
rock_367
lint_1474
mold_1445
strings_1239
pebble_1380
charm_2001
rock_1549
charm_1638
strings_616
rock_710
worms_1012
strings_1012
mush_1549
strings_1732
rock_1077
dirt_1533
rock_1537
dirt_131
rock_1687
strings_1709
mush_419
mold_853
mold_1122
lint_1325
worms_1266
hair_1585
pebble_1725
dirt_1217
dirt_1272
mush_2024
worms_1211
lint_164
strings_1664
rock_1784
mush_2058
charm_446
hair_1538
lint_1888
hair_687
mold_1112
lint_1613
dirt_1425
dirt_664
charm_1737
lint_1835
rock_1625
hair_1216
worms_2006
worms_1200
mush_1800
mold_75
strings_259
mush_787
dirt_725
mold_945
strings_1521
dirt_1213
pebble_1831
mold_1229
charm_1695
dirt_1529
hair_1958
strings_1497
worms_1029
rock_1863
pebble_1800
dirt_221
dirt_519
lint_2023
mush_1863
mush_2045
mold_741
pebble_1903
dirt_1285
charm_1152
rock_534
pebble_1652
rock_1830
worms_1895
lint_1680
pebble_1261
worms_1952
strings_1387
worms_1714
strings_1236
mold_1557
mush_53
rock_382
rock_451
worms_788
strings_1476
strings_1613
hair_997
mold_1264
charm_1047
dirt_1552
mold_1810
mush_33
strings_937
hair_1879
mush_1938
charm_1148
strings_1201
worms_1739
lint_1171
mush_1372
pebble_1446
pebble_1612
mush_1478
pebble_1393
lint_107
pebble_238
dirt_409
worms_589
charm_928
pebble_1343
pebble_1311
charm_1430
dirt_18
charm_30
rock_151
mush_592
strings_588
charm_894
mush_1625
lint_1883
mold_1893
hair_1324
rock_1801
charm_1370
rock_1585
dirt_1337
pebble_1413
lint_1579
lint_1986
mush_1505
lint_1290
charm_401
mush_1917
strings_1563
strings_1332
hair_1612
worms_1601
mold_1693
pebble_1356
strings_1578
strings_1912
pebble_1904
mush_1680
pebble_1744
mush_1859
charm_1382
rock_303
mold_150
hair_690
strings_830
charm_1771
pebble_1868
rock_309
rock_434
rock_703
mush_1203
strings_1266
charm_1133
charm_1943
dirt_140
dirt_194
mush_252
strings_237
dirt_345
dirt_359
mold_402
mush_595
dirt_638
charm_1292
lint_1935
rock_1587
mold_1338
rock_1408
charm_1479
mold_286
dirt_453
mush_802
charm_778
rock_854
hair_985
hair_1883
hair_1325
pebble_1331
strings_476
pebble_743
pebble_1162
hair_1153
hair_377
charm_983
charm_1871
mush_1319
rock_1531
dirt_1727
charm_1246
strings_1321
pebble_1549
mold_1109
charm_1300
dirt_1312
charm_1928
strings_126
dirt_560
lint_1049
charm_1052
hair_1227
charm_1668
charm_1012
charm_383
pebble_741
mush_1303
charm_258
lint_283
charm_698
charm_783
pebble_834
pebble_1420
worms_92
strings_139
pebble_994
worms_1420
charm_1865
worms_119
pebble_1152
strings_1403
charm_1790
worms_1437
mush_397
pebble_738
lint_1417
lint_1841
worms_302
rock_333
pebble_980
pebble_1148
lint_1351
strings_1056
dirt_1095
pebble_1863
lint_182
charm_494
pebble_1271
mold_1577
lint_1955
mush_1324
worms_1939
hair_1436
mold_1218
mush_1396
dirt_1493
rock_1818
rock_1510
strings_1820
worms_1422
strings_1433
worms_1258
lint_1821
rock_1838
dirt_1373
hair_1204
lint_73
lint_476
rock_777
dirt_1578
lint_109
mold_464
mush_645
hair_892
mush_1918
rock_1650
charm_1000
charm_1687
mush_1704
worms_1045
hair_1410
lint_1323
lint_1726
strings_1157
worms_616
dirt_710
strings_1150
dirt_1916
lint_1531
pebble_100
hair_177
dirt_217
mold_810
lint_1072
hair_1443
lint_29
lint_46
charm_83
lint_64
dirt_555
mold_906
mush_1260
rock_1376
strings_1628
strings_54
strings_365
dirt_1071
strings_1199
lint_1318
mush_1649
charm_1250
rock_1528
pebble_1764
lint_1497
lint_1122
rock_1295
pebble_1728
lint_1026
pebble_1477
pebble_1837
rock_1122
dirt_1132
charm_1083
worms_209
lint_642
charm_1420
lint_1789
dirt_1494
mold_759
hair_1404
worms_1497
worms_1723
worms_271
mold_397
lint_473
mold_806
charm_432
strings_793
mush_968
lint_1718
mold_1353
hair_256
dirt_1263
strings_1708
dirt_1795
dirt_1054
rock_619
rock_891
strings_1350
charm_1265
mold_1447
worms_1820
worms_1204
rock_1870
worms_1229
charm_1836
charm_1080
strings_1265
worms_628
mush_1081
mush_1469
strings_1466
mush_300
lint_613
hair_746
lint_1745
dirt_1039
rock_1167
lint_1533
pebble_1437
lint_242
rock_287
strings_1713
worms_1377
pebble_1398
hair_1453
mold_1300
hair_1402
mush_731
hair_909
lint_909
lint_1013
dirt_1444
worms_647
charm_949
mold_1302
mold_484
rock_744
mush_1422
pebble_1141
mold_1162
strings_1196
worms_1818
mush_1815
charm_1893
mold_1
hair_969
mush_1902
hair_1298
charm_1683
charm_1476
pebble_1671
pebble_1812
strings_380
pebble_555
lint_605
mush_673
worms_775
charm_850
worms_1922
lint_1401
worms_1434
charm_1896
charm_1172
lint_1415
charm_1247
hair_1666
lint_470
strings_684
hair_1249
strings_1499
mold_1680
mold_1242
lint_1128
strings_274
rock_437
mold_1672
pebble_1308
strings_82
charm_678
pebble_1135
pebble_1285
lint_1215
pebble_1777
strings_1783
mush_1899
rock_1959
strings_120
worms_431
mush_515
charm_742
mold_955
mold_957
strings_1254
charm_1910
dirt_1564
pebble_990
strings_1477
pebble_1043
lint_1784
charm_513
worms_617
lint_1667
dirt_1699
strings_1140
dirt_1184
strings_1346
pebble_1070
rock_1217
pebble_10
hair_132
dirt_186
hair_444
lint_452
mush_597
strings_1411
mush_1431
dirt_1682
hair_1572
strings_108
pebble_847
lint_167
rock_202
rock_578
pebble_833
rock_1397
hair_1099
charm_2010
mush_1878
lint_549
hair_598
worms_966
strings_1372
charm_1685
worms_1235
pebble_11
rock_214
rock_602
hair_1331
mush_1227
mold_204
hair_40
hair_447
rock_469
dirt_778
dirt_1865
worms_910
dirt_1605
dirt_1220
worms_1909
worms_1296
rock_1005
mush_1854
rock_1789
mold_1722
mush_1489
dirt_1573
worms_1879
lint_1800
lint_1235
lint_1310
rock_383
lint_418
mold_670
strings_891
lint_908
strings_1491
charm_1344
strings_1833
rock_1000
strings_1164
mush_1534
strings_1900
charm_1983
worms_841
mush_1362
hair_448
pebble_1102
lint_1920
strings_966
rock_1328
mush_1314
hair_1681
mold_163
lint_1917
rock_1026
worms_1592
strings_1946
hair_1968
lint_95
mush_366
hair_366
lint_538
hair_911
rock_951
mush_1925
lint_1590
pebble_1833
strings_199
hair_503
hair_669
hair_977
worms_1082
worms_1572
mold_1595
mush_394
hair_896
charm_1180
pebble_1312
lint_1697
strings_1883
lint_1267
mush_1544
rock_1795
dirt_1421
lint_1020
pebble_1684
mold_457
mold_622
hair_980
dirt_43
rock_1809
dirt_576
hair_1120
rock_1577
mush_37
hair_490
lint_1545
strings_1878
mush_1269
worms_1370
pebble_1358
rock_1270
worms_1173
rock_1345
dirt_1850
hair_996
strings_1359
rock_1350
dirt_1663
mush_96
pebble_449
mush_1031
mush_1141
strings_1090
pebble_1722
dirt_1743
dirt_1050
mush_1880
worms_239
lint_354
dirt_1430
pebble_1677
strings_14
charm_524
hair_761
mold_826
charm_917
rock_1198
strings_1302
mush_1933
lint_1419
charm_1171
rock_109
worms_165
pebble_957
dirt_1160
strings_1531
mush_1989
mush_84
hair_1650
mush_1980
pebble_1521
rock_1718
strings_1241
charm_243
worms_1915
worms_1973
rock_270
mold_453
pebble_1026
hair_1157
worms_1466
dirt_1572
lint_1998
mush_282
pebble_650
hair_1633
lint_249
lint_455
strings_617
rock_1489
pebble_139
charm_419
mold_509
mold_847
pebble_914
mold_1090
rock_1908
strings_47
rock_670
lint_1014
lint_1517
worms_1885
charm_1088
worms_44
mush_652
mold_1477
dirt_1368
hair_136
worms_660
lint_999
lint_495
hair_627
charm_757
lint_1787
lint_1566
strings_1133
hair_51
rock_1630
worms_1612
lint_1628
dirt_1064
mold_328
mush_381
worms_622
dirt_685
dirt_279
lint_1183
worms_1847
charm_1509
worms_80
rock_579
hair_864
pebble_951
charm_1032
mold_1203
lint_1871
charm_1360
mush_1689
strings_1851
mold_1093
mush_97
lint_250
charm_496
hair_696
mush_1692
hair_363
mold_533
rock_629
rock_843
strings_1396
worms_108
charm_129
charm_553
dirt_1940
pebble_1523
strings_335
strings_463
lint_1513
charm_120
rock_584
mold_583
hair_681
strings_1773
mold_1248
pebble_553
rock_92
mold_248
lint_876
lint_1549
rock_1952
lint_1067
worms_1927
strings_207
rock_508
canofants_2217
strings_1458
rock_223
hair_237
pebble_269
dirt_313
strings_690
charm_1059
mold_1120
lint_404
worms_725
rock_942
mold_1144
mold_1189
mush_1316
pebble_1255
hair_1865
mush_1187
hair_1698
mush_129
worms_262
mush_679
lint_688
hair_734
hair_1540
mold_1145
hair_101
lint_256
mush_437
pebble_1418
pebble_1719
rock_230
charm_682
strings_1062
mush_269
worms_495
worms_620
hair_689
dirt_840
dirt_1728
hair_1180
pebble_1839
mold_70
lint_238
charm_515
lint_1556
charm_1380
charm_1462
lint_263
mush_306
charm_1546
mush_1471
hair_1739
mold_1601
mush_1788
rock_1753
hair_1145
lint_1061
mush_1464
lint_2063
worms_781
mold_836
dirt_1507
mold_1581
rock_1690
worms_1815
pebble_1053
lint_1180
dirt_1433
hair_1384
pebble_1502
dirt_1520
mush_1206
strings_1285
pebble_1154
strings_1863
rock_315
pebble_777
strings_881
dirt_949
charm_1405
hair_110
worms_695
worms_68
pebble_131
mush_399
dirt_599
charm_1993
lint_1368
hair_1774
worms_1570
dirt_1308
mold_1506
mush_1291
lint_87
rock_190
charm_250
worms_1947
dirt_1602
dirt_716
pebble_248
dirt_925
mush_1318
strings_1443
mold_87
mush_210
rock_340
pebble_930
lint_954
mold_927
pebble_1107
pebble_1974
mush_1906
charm_1575
charm_1691
rock_1681
mush_808
hair_1613
dirt_1200
hair_1369
mold_1614
mold_314
charm_589
mold_952
lint_188
lint_1721
worms_1759
charm_1777
dirt_1084
mush_1239
lint_628
mold_728
rock_1414
strings_1715
worms_1382
hair_1372
pebble_1209
lint_1055
dirt_203
mush_713
mold_709
mush_905
mush_944
pebble_1051
charm_1765
charm_354
lint_735
mold_762
dirt_1327
pebble_531
hair_573
rock_682
lint_819
worms_936
mold_1661
lint_1709
lint_3
pebble_273
worms_312
charm_388
dirt_646
worms_980
mold_1301
dirt_1864
rock_73
pebble_332
pebble_554
lint_983
charm_1711
dirt_63
charm_899
dirt_1798
pebble_1005
dirt_1156
strings_1343
dirt_1052
strings_1364
mush_1795
dirt_1835
hair_1837
lint_1934
charm_1604
worms_1083
mush_1838
charm_373
mold_871
lint_919
hair_1166
pebble_1015
hair_1109
pebble_1708
lint_1160
dirt_1790
mush_1778
lint_1878
strings_223
hair_610
brandy_106
gold_1631
hair_1656
mush_1343
dirt_1843
rock_1205
mold_1037
pebble_1484
lint_1753
mush_1576
strings_1120
hair_625
hair_632
pebble_1
mush_115
lint_214
mush_308
strings_766
dirt_832
charm_1068
lint_1121
charm_1884
hair_1484
dirt_1419
pebble_1910
lint_1367
rock_1420
strings_596
mold_856
worms_1719
rock_1215
strings_1174
charm_1244
mush_303
lint_344
charm_1482
charm_1486
mush_1725
lint_1381
strings_1781
mold_1778
mold_594
hair_658
pebble_1843
dirt_1904
dirt_1063
rock_222
rock_277
dirt_483
lint_615
mush_1895
hair_1188
dirt_1629
hair_1033
worms_2024
mold_786
heartofgold_1232
dirt_1809
rock_1142
lint_1396
strings_1031
rock_1343
mold_182
charm_209
lint_134
mush_160
hair_356
mush_708
hair_944
dirt_1942
pebble_899
rock_1536
pebble_1470
rock_212
charm_345
hair_545
pebble_572
charm_1963
worms_796
mold_845
strings_897
hair_1102
hat_2164
charm_1875
dirt_118
worms_332
mush_613
lint_1327
mold_1336
mold_425
worms_689
lint_776
lint_946
worms_1276
strings_1505
charm_1383
lint_1659
pebble_676
mold_662
rock_718
charm_1887
dirt_1542
rock_1856
dirt_1590
lint_1846
worms_2009
lint_1759
charm_154
worms_2003
hair_1448
rock_1521
strings_1368
worms_1610
strings_1671
rock_714
worms_1108
strings_429
lint_691
hair_817
worms_969
mold_1049
dirt_1591
mush_1773
mold_1889
dirt_1481
strings_1654
lint_2006
worms_30
strings_748
pebble_896
mush_1057
lint_1984
charm_1339
charm_1555
dirt_729
hair_1514
mush_1060
pebble_1599
worms_1635
charm_1127
lint_1596
charm_1096
worms_1283
lint_1791
rock_1461
mold_1726
lint_578
hair_706
hair_894
worms_982
mold_1268
lint_1785
mold_13
pebble_431
worms_721
lint_704
strings_1806
pebble_1400
cleaver_474
cleaver_106
mush_1905
dirt_1193
worms_1920
pebble_1989
rock_1567
lint_1774
charm_1151
worms_1747
pebble_1926
dirt_1037
strings_1270
mush_1888
dirt_183
rock_1907
strings_435
pebble_866
pebble_1841
pebble_1715
lint_1776
mush_14
charm_279
dirt_301
worms_333
worms_1191
hair_1662
hair_1082
worms_1217
worms_1653
lint_1099
mush_60
mush_511
dirt_1620
charm_914
rock_1314
mush_2042
hair_1277
dirt_1061
strings_95
worms_445
mush_599
pebble_665
worms_1315
worms_1314
worms_457
pebble_543
mush_1231
rock_1209
worms_1394
worms_773
hair_1353
dirt_1362
mold_1414
strings_1651
worms_1880
pebble_1726
mush_1879
charm_161
mold_284
hair_576
dirt_1102
rock_1216
mold_939
mold_510
mold_2122
dirt_2200
mold_2469
dirt_2650
hair_844
lint_825
rock_1306
strings_1584
mold_1187
pebble_1597
worms_1937
charm_326
dirt_362
mush_1313
mold_165
heartofgold_152
canofbeans_81
cleaver_1898
charm_1573
dirt_1319
worms_1724
rock_1032
worms_1349
phonograph_1542
lint_2014
lint_49
charm_337
dirt_385
strings_636
mold_751
hair_8
mold_188
strings_233
mush_1066
mush_2007
mush_293
worms_314
charm_472
rock_655
lint_1377
rock_61
hair_168
rock_188
pebble_1699
dirt_1468
worms_1267
mush_1501
brandy_812
mold_1492
phonograph_1576
hat_1536
hair_411
strings_987
dirt_1149
charm_1269
hair_1550
lint_337
mold_512
mush_809
rock_1275
mold_1749
strings_1100
mold_1259
rock_1634
worms_1808
rock_1031
strings_1094
dirt_1535
pebble_1480
worms_1243
pebble_1171
strings_1738
mold_316
dirt_1800
charm_1935
lint_192
mush_820
worms_1035
mold_1115
mush_149
pebble_25
worms_1799
ham_934
canofbeans_1031
gravy_1766
strings_1615
strings_1342
dirt_1829
mold_1135
charm_1594
charm_1062
mold_1282
gold_1883
charm_1467
lint_793
worms_934
mush_1385
hair_118
strings_149
rock_247
rock_391
lint_732
worms_1291
lint_2
dirt_425
mush_885
mold_1335
charm_1597
phonograph_117
heartofgold_2487
hair_1870
strings_415
strings_767
pebble_1442
charm_94
hair_491
mush_960
gravy_1413
pebble_1224
strings_1035
rock_1351
strings_1592
rock_1906
lint_1738
mush_1876
charm_1856
pebble_1718
strings_1495
worms_1690
rock_1940
canofbeans_1138
mush_1693
strings_1861
mush_1690
charm_583
worms_768
charm_848
mush_1022
lint_1766
hair_1361
worms_1304
rock_1349
pebble_1513
pebble_1580
strings_1485
mush_1664
charm_1649
gravy_1698
dirt_1258
rock_1372
hair_1839
rock_510
charm_883
mush_1004
mold_885
mold_1407
hair_1861
pebble_1057
mold_1388
strings_1679
mush_466
pebble_887
mush_1810
charm_1048
charm_1201
mush_638
mold_208
charm_594
lint_904
rock_1543
charm_590
dirt_774
pebble_838
worms_1564
mush_1721
mush_1867
mold_234
hair_1701
mush_689
charm_763
cleaver_154
mold_1512
strings_1263
rock_1735
worms_1777
lint_1710
strings_1937
pebble_52
rock_129
rock_425
lint_1091
strings_1508
hair_850
rock_860
strings_1822
worms_1470
cleaver_1514
worms_1110
mold_1063
charm_1459
mold_1397
mold_35
charm_76
worms_426
hair_417
dirt_1708
worms_1400
gravy_1490
gravy_1717
charm_1844
dirt_1563
mold_1806
dirt_1634
lint_1309
rock_1877
mush_1209
mold_1380
charm_1259
charm_1810
mold_1812
gravy_280
hair_1577
dirt_1103
pebble_1079
mold_171
mush_382
mold_603
gold_1975
worms_42
hair_455
hair_577
worms_974
rock_31
dirt_207
hair_762
lint_912
charm_1821
worms_1641
rock_869
pebble_359
charm_437
hair_511
mold_714
dirt_846
strings_947
mold_1510
rock_1937
lint_1498
lint_1623
mold_1422
strings_1550
worms_1425
mold_1649
lint_1511
worms_1541
lint_319
pebble_511
dirt_669
dirt_1416
pebble_1791
hair_440
pebble_493
pebble_583
charm_1761
dirt_1854
mold_1853
rock_624
canofbeans_3
gravy_10
gold_17
charm_1100
strings_1745
pebble_1453
lint_1850
phonograph_1128
strings_194
rock_313
mush_462
strings_261
mold_331
gold_756
cleaver_2524
dirt_1347
pebble_1829
charm_1273
mush_1643
mush_1945
mush_317
pebble_755
rock_844
ham_388
canofbeans_1146
dirt_104
strings_303
rock_1132
charm_1521
lint_1201
worms_1353
hair_1882
rock_1357
strings_761
strings_1837
mush_240
charm_518
rock_1563
mush_1224
mold_1528
strings_1057
charm_1772
strings_60
mush_461
dirt_1877
worms_2023
charm_1567
rock_502
strings_1309
lint_1296
mush_721
charm_1574
brandy_2207
lint_1751
hair_45
hair_644
ham_249
brandy_632
mold_1165
mold_298
lint_804
dirt_876
charm_1297
charm_187
mush_600
mold_1288
worms_187
hair_223
lint_511
mold_1544
pebble_257
mush_214
lint_1424
lint_1167
cleaver_741
mold_1323
mush_1797
hair_1352
worms_212
lint_326
hair_380
worms_94
worms_604
charm_627
gold_139
hair_1599
heartofgold_208
pebble_1782
lint_1197
dirt_1880
charm_1268
worms_1647
strings_453
strings_801
dirt_1190
mold_1871
cleaver_849
pebble_182
mold_359
lint_568
lint_689
mold_1319
worms_1388
worms_1558
charm_1518
charm_290
dirt_544
mush_946
charm_944
hair_1013
rock_1901
mush_1089
strings_1276
pebble_1397
pebble_1672
worms_12
pebble_23
gravy_1849
mush_1642
charm_1159
lint_1355
rock_1632
dirt_1165
rock_1411
worms_1112
charm_1323
worms_821
mush_970
rock_1083
brandy_1254
rock_1783
hat_829
hair_1017
lint_248
dirt_297
mold_367
strings_1071
pebble_1689
lint_596
canofants_172
gravy_534
hair_1314
charm_1051
hair_1220
lint_1350
mush_726
charm_816
mold_866
phonograph_453
brandy_2493
strings_262
lint_316
rock_362
mush_2144
rock_2147
strings_2452
rock_2539
mush_2932
charm_3045
pebble_437
charm_1416
mush_777
pebble_854
charm_947
worms_1365
worms_1484
mold_1059
hat_431
gold_1551
gold_1653
lint_1441
lint_1807
rock_1335
hair_1781
pebble_1534
strings_220
hair_954
worms_2018
worms_667
worms_991
gravy_582
lint_639
worms_759
lint_1551
dirt_1656
lint_1741
cleaver_2478
brandy_529
heartofgold_2414
pebble_1419
charm_333
dirt_812
rock_1622
dirt_1099
charm_1335
mold_1792
heartofgold_1625
ham_1745
canofbeans_273
canofbeans_1968
hair_1804
mold_628
pebble_864
rock_988
dirt_211
worms_655
charm_1806
mold_1851
mush_330
canofbeans_2276
ham_1550
canofants_407
hat_391
canofbeans_1808
hair_1526
charm_1730
cleaver_226
strings_1000
pebble_1939
rock_1363
hair_1014
charm_1917
mold_239
mold_395
strings_750
strings_1766
pebble_1232
strings_1891
worms_2029
mush_1388
worms_1309
pebble_1736
dirt_109
dirt_577
strings_600
hat_1944
worms_1561
pebble_1072
mold_1097
charm_1327
charm_1377
strings_1464
worms_214
hat_2363
lint_1172
dirt_1822
hat_301
dirt_306
rock_299
mush_1610
hair_1607
cleaver_2461
hair_1843
canofants_1864
heartofgold_1291
lint_1563
mush_46
rock_1149
hair_1564
strings_229
strings_452
lint_1714
heartofgold_1133
lint_1254
hat_2368
lint_1525
hair_1537
cleaver_290
gravy_1322
lint_236
mush_686
dirt_811
pebble_871
strings_916
canofbeans_1620
dirt_45
rock_185
hair_328
lint_693
charm_805
charm_847
rock_258
charm_428
lint_443
mold_556
pebble_1768
strings_65
hair_652
strings_1124
pebble_1463
hair_1565
mold_237
mold_505
pebble_141
hair_743
lint_1181
hair_1575
worms_1575
lint_554
strings_823
hair_243
lint_394
worms_764
worms_1473
canofants_671
ham_1886
rock_1527
dirt_1461
mold_1733
brandy_383
lint_1145
pebble_1208
rock_1405
mush_2023
pebble_1874
hair_107
rock_337
hair_815
worms_1004
gravy_2154
gold_307
phonograph_1493
canofants_2482
pebble_1432
mold_1524
brandy_2298
lint_1025
hair_1697
pebble_1947
charm_172
mush_1075
mush_1966
mush_379
charm_514
charm_532
mush_739
pebble_1670
strings_1827
mold_1930
charm_843
charm_860
dirt_884
rock_1678
pebble_166
worms_249
strings_587
rock_899
gold_311
hair_1624
hair_1840
mush_566
pebble_582
strings_81
charm_1258
worms_164
dirt_650
mush_942
heartofgold_1454
mold_1478
charm_1776
strings_353
charm_414
hair_423
mold_809
strings_901
hair_46
strings_1001
mold_1552
strings_644
lint_903
gravy_1678
dirt_1205
dirt_1208
charm_1624
mold_1471
mold_1558
worms_2001
mold_1922
worms_1672
worms_1784
hair_695
mold_730
rock_754
brandy_2031
canofbeans_29
strings_92
dirt_107
worms_195
mold_962
rock_1526
mush_1511
charm_1238
rock_1101
mold_1296
charm_1859
ham_1961
mold_1148
ham_1524
hair_102
dirt_382
hair_1504
canofbeans_264
worms_1109
canofbeans_18
worms_1543
mold_994
lint_1733
worms_1355
lint_1384
lint_1954
pebble_1065
worms_1335
mold_1596
worms_1980
heartofgold_623
cleaver_372
phonograph_1438
hair_494
pebble_14
pebble_300
dirt_411
mold_520
rock_521
hair_748
pebble_1158
hair_2835
mold_1628
dirt_1076
dirt_167
mold_483
worms_24
rock_353
charm_767
brandy_2515
lint_2036
mush_879
hair_914
dirt_1316
dirt_1802
canofants_1256
mush_1128
charm_1419
lint_2191
lint_2218
worms_2243
rock_2297
pebble_2343
hair_2360
hair_2741
strings_2790
lint_2895
mush_2957
strings_21
worms_857
charm_918
mold_880
charm_1828
mold_4
strings_286
dirt_377
mold_516
rock_1181
worms_1737
gold_794
worms_1145
dirt_1799
charm_1656
rock_1766
gold_1269
hair_186
pebble_829
pebble_949
pebble_1200
mold_82
pebble_537
gravy_491
cleaver_667
strings_1300
dirt_1848
lint_1476
rock_1662
hair_1465
pebble_1198
mush_1150
charm_1905
dirt_1464
phonograph_990
charm_1028
worms_1738
hair_89
pebble_287
dirt_363
worms_836
rock_800
hair_823
mush_1352
worms_1087
brandy_1345
brandy_2422
worms_1367
hair_394
charm_651
hair_943
pebble_963
mold_1159
lint_1330
pebble_1772
heartofgold_659
brandy_1489
mold_1636
mold_1457
mush_1679
worms_1767
pebble_90
charm_1960
gold_652
gold_1893
worms_2008
canofbeans_190
cleaver_2129
lint_546
rock_947
lint_293
lint_736
rock_786
dirt_1740
mush_1872
gravy_21
hair_1265
dirt_1895
phonograph_898
gravy_2066
mold_987
dirt_1873
pebble_463
worms_577
lint_911
dirt_960
cleaver_251
canofants_1087
charm_1391
hair_1479
strings_1009
strings_1884
ham_644
cleaver_525
canofbeans_890
charm_1560
worms_337
dirt_1210
phonograph_49
hat_2072
cleaver_1187
lint_1194
hair_1231
worms_174
pebble_487
hat_970
ham_1578
worms_1624
hat_1476
brandy_1837
canofants_2457
charm_1720
phonograph_2384
hat_2250
mold_300
hair_790
rock_862
mush_209
dirt_263
pebble_497
gold_1948
hat_2496
phonograph_2276
hair_1374
rock_1806
gold_1809
brandy_2256
dirt_1114
worms_1329
strings_1258
mold_1085
mold_279
rock_726
brandy_561
canofants_1492
lint_1942
dirt_528
worms_652
hat_2007
lint_1518
dirt_1690
lint_390
lint_756
gravy_1398
worms_437
charm_739
dirt_943
phonograph_704
worms_221
mold_587
strings_1975
charm_2507
rock_2507
dirt_2646
mold_2631
mush_2787
mush_2794
lint_2870
hair_2840
lint_1454
ham_642
heartofgold_1186
charm_1455
pebble_1592
pebble_786
pebble_794
rock_961
gold_312
hat_2486
brandy_1206
lint_315
rock_458
worms_522
gold_829
cleaver_1588
charm_1847
dirt_553
gravy_1955
lint_15
mold_110
rock_499
dirt_557
strings_959
pebble_314
worms_885
ham_580
charm_1541
mush_1636
worms_1374
gold_861
rock_1171
dirt_1857
pebble_1344
hair_1218
worms_1825
brandy_1135
brandy_251
pebble_1296
lint_220
pebble_688
rock_713
mush_1516
hair_398
charm_1700
canofants_342
rock_1038
mush_1212
hair_1430
phonograph_2492
strings_1841
hair_41
pebble_118
rock_267
dirt_462
hair_825
lint_922
lint_1266
worms_1866
dirt_71
mold_103
strings_206
rock_384
ham_1113
charm_1054
mold_1195
hair_1754
canofants_2279
dirt_740
hair_831
hair_905
ham_1303
gravy_147
gold_373
phonograph_1825
gravy_2199
canofants_2117
dirt_1402
hair_94
worms_385
strings_383
rock_509
cleaver_1820
pebble_1184
dirt_354
strings_731
pebble_768
hat_1426
mold_1339
canofants_1158
charm_1586
lint_1190
mold_1327
cleaver_1216
canofants_1958
heartofgold_136
hair_1354
mush_1527
hat_652
canofants_1672
ham_613
gold_578
pebble_276
hair_390
charm_609
lint_1132
gold_1564
mold_1648
mold_1834
rock_51
mold_192
lint_698
strings_758
lint_1698
mold_27
lint_51
mush_868
ham_822
worms_1620
worms_1403
hat_2130
lint_1827
rock_634
lint_686
rock_879
rock_883
lint_1645
charm_1862
canofbeans_565
phonograph_943
canofants_1012
brandy_1066
charm_1610
pebble_96
rock_385
mush_846
mush_875
pebble_978
charm_211
lint_257
lint_287
cleaver_1770
hat_2237
hair_1649
lint_1306
charm_80
mold_308
mold_349
mold_800
dirt_2113
dirt_2280
mold_2401
mush_2664
strings_2627
mush_2948
strings_2915
rock_446
pebble_462
dirt_540
hair_583
mush_1221
dirt_1239
hair_1716
charm_359
charm_506
worms_684
mold_820
charm_1157
rock_1794
lint_1297
mold_1532
brandy_766
phonograph_1081
canofants_493
strings_1193
charm_612
mush_733
phonograph_1527
cleaver_2496
hair_1296
pebble_1045
gravy_1214
dirt_1045
lint_1373
charm_1492
mold_48
dirt_326
strings_729
mold_852
ham_1752
ham_3
heartofgold_1660
mush_588
pebble_68
strings_860
heartofgold_1839
mush_1229
mush_1270
rock_1721
mush_1383
canofbeans_2024
mold_1565
dirt_1928
mush_1510
lint_1084
strings_1064
canofants_1358
mold_672
pebble_748
mush_1050
charm_1212
dirt_510
mold_702
brandy_569
strings_1589
hair_1682
lint_11
strings_241
worms_584
pebble_841
worms_957
mush_109
pebble_309
worms_357
hair_857
lint_879
charm_157
brandy_1423
rock_1312
mold_1814
rock_1161
phonograph_2286
heartofgold_687
brandy_923
lint_1112
phonograph_932
charm_577
mold_607
mold_1243
pebble_335
mold_353
pebble_479
mold_508
mush_576
dirt_565
hair_680
hair_165
strings_280
mold_746
mold_862
dirt_1234
lint_1911
charm_166
mold_250
hair_270
phonograph_310
heartofgold_241
heartofgold_2074
mush_1133
pebble_400
pebble_853
pebble_1443
worms_1458
worms_1503
pebble_1570
rock_1680
dirt_520
mush_725
lint_817
brandy_287
hat_1372
worms_1479
worms_293
hair_847
canofbeans_2040
charm_585
rock_693
dirt_20
strings_554
mold_833
mush_2163
hair_2461
lint_2636
hair_2612
mush_3062
charm_131
mold_366
phonograph_2428
gold_1304
hat_79
ham_245
mold_120
mold_548
worms_810
hair_1021
heartofgold_652
phonograph_1992
cleaver_114
brandy_191
canofants_447
canofants_486
mush_332
hair_439
canofbeans_1946
canofants_781
heartofgold_1327
gravy_2078
strings_1932
phonograph_1918
charm_1474
dirt_992
mold_970
hair_1045
gold_680
phonograph_1662
strings_1005
pebble_1987
mold_1696
hat_2350
charm_1762
gold_399
phonograph_1308
gold_755
heartofgold_895
strings_1314
strings_1339
pebble_934
hair_955
gravy_1069
mush_1280
mush_1794
ham_1347
cleaver_1490
charm_1803
lint_2045
mold_640
mush_825
hat_1090
heartofgold_1054
gravy_1382
dirt_1426
dirt_415
hair_430
dirt_724
worms_1198
strings_1858
dirt_974
gold_25
brandy_122
phonograph_845
ham_1870
ham_2182
mush_1935
canofants_1530
brandy_2367
lint_40
pebble_230
charm_433
charm_447
mush_575
charm_773
mold_727
hair_2057
hair_2080
dirt_2074
rock_2310
pebble_2513
worms_2694
worms_2847
mush_1377
worms_1942
brandy_20
heartofgold_1927
gold_213
canofbeans_433
hat_2287
rock_1347
worms_1783
dirt_1212
rock_1266
pebble_1784
gravy_333
strings_1180
heartofgold_848
pebble_296
mush_530
gravy_1245
canofants_1337
ham_63
gravy_1656
dirt_1640
canofants_1910
mush_1670
dirt_490
dirt_524
canofbeans_180
cleaver_1159
gravy_415
phonograph_1689
lint_2040
lint_1974
pebble_262
mush_848
rock_958
gravy_756
mold_1591
mold_1597
brandy_1166
mush_1522
brandy_78
dirt_1369
hair_1830
heartofgold_1587
hat_1078
hair_1282
charm_435
worms_572
lint_602
hair_792
strings_1019
dirt_1228
mush_1774
lint_1837
strings_376
worms_844
gold_1022
charm_1670
strings_1347
rock_1745
mold_1908
pebble_1110
strings_225
strings_374
pebble_610
charm_328
worms_694
ham_1779
canofants_1792
ham_1453
canofbeans_1693
gravy_1984
hat_1595
charm_1666
canofants_882
dirt_1041
hair_330
dirt_452
hair_715
lint_2318
strings_2443
lint_2879
lint_1957
worms_376
dirt_1820
heartofgold_1971
strings_244
lint_483
hair_1975
strings_1990
pebble_2279
worms_2692
pebble_2721
charm_3023
charm_1782
worms_371
pebble_89
dirt_304
mush_925
phonograph_2466
rock_1410
rock_1444
pebble_180
rock_877
phonograph_858
mold_1798
mold_1033
strings_1091
mush_1881
ham_1143
canofants_2233
canofbeans_875
strings_1925
hair_268
strings_469
hair_805
dirt_890
mush_1958
dirt_1668
rock_1235
heartofgold_511
gravy_2043
charm_1205
lint_1884
heartofgold_248
brandy_1822
heartofgold_2125
hat_331
canofants_1602
lint_1164
canofbeans_1094
lint_1949
lint_597
pebble_913
cleaver_2477
cleaver_782
ham_915
rock_874
pebble_2270
lint_2341
charm_2541
hair_2601
dirt_2572
mold_2706
strings_2799
hair_2846
dirt_2834
mold_2848
mush_1457
mush_1638
pebble_1656
mold_708
cleaver_373
hat_1240
phonograph_193
mush_1575
dirt_1639
mold_1663
pebble_662
mush_842
dirt_357
mush_776
gravy_1241
rock_1618
gold_1587
ham_90
canofants_1930
mold_151
rock_364
mush_525
dirt_1512
brandy_2093
mold_1027
brandy_1761
hair_1866
canofants_2225
canofbeans_631
mold_1753
canofants_328
worms_1155
worms_447
dirt_782
gold_503
cleaver_656
brandy_2002
hair_1396
lint_303
rock_320
dirt_630
canofants_955
rock_428
strings_928
charm_2425
lint_2596
charm_2608
hair_2667
hair_2855
pebble_1427
mush_1732
rock_686
lint_858
pebble_929
mush_1763
rock_671
strings_753
rock_1621
mush_221
pebble_327
pebble_18
mush_78
rock_774
strings_1910
brandy_1230
brandy_318
hat_924
heartofgold_1586
canofants_527
gold_1750
gold_460
hair_1470
dirt_1923
mush_759
mold_686
mush_975
rock_1422
heartofgold_2164
canofants_1840
cleaver_1564
cleaver_1616
hat_782
hair_619
mold_788
strings_894
pebble_1953
worms_1156
mush_1744
cleaver_2353
strings_6
worms_13
mold_58
worms_95
gold_1615
lint_1092
charm_8
hair_161
pebble_275
hair_367
mold_434
pebble_413
mush_798
canofants_2344
phonograph_469
gold_249
ham_2162
heartofgold_849
hair_1440
canofbeans_404
gravy_733
brandy_1649
heartofgold_2239
brandy_718
heartofgold_886
worms_615
brandy_100
hat_407
gold_1979
phonograph_2374
brandy_19
gravy_2291
strings_1126
mush_1393
mold_1410
lint_1777
strings_1024
gold_334
gold_610
gold_2217
hair_1671
rock_149
hat_1231
dirt_1509
rock_781
charm_92
charm_29
mold_538
hair_634
heartofgold_1918
phonograph_2553
ham_1818
cleaver_1840
canofbeans_142
mold_1761
dirt_1450
charm_582
dirt_891
gold_67
canofbeans_1305
canofants_1905
rock_1487
charm_367
hair_1447
lint_835
hat_681
cleaver_1093
charm_184
mush_323
worms_322
rock_545
rock_745
mold_846
canofants_766
hat_1775
cleaver_1357
ham_2470
rock_1547
rock_1765
hair_1291
gold_956
ham_1392
mold_1501
lint_1087
rock_1223
gold_209
ham_410
charm_1826
mold_113
charm_228
strings_576
mush_923
gravy_462
ham_888
mold_1497
hair_1796
canofbeans_1616
ham_2163
hat_2252
gravy_1066
gravy_2374
canofants_2404
phonograph_967
brandy_1426
dirt_1100
rock_356
strings_487
dirt_734
rock_975
hair_1199
mold_62
worms_112
mush_741
mold_874
gold_1716
rock_1686
dirt_1245
worms_374
mold_297
lint_584
dirt_767
canofants_1234
hat_2065
hat_2208
phonograph_357
heartofgold_879
gold_46
charm_1333
hair_1058
strings_1776
rock_29
mush_392
pebble_961
ham_331
cleaver_1197
phonograph_2348
gold_686
heartofgold_2131
gravy_370
heartofgold_614
cleaver_1209
hat_2025
cleaver_2398
dirt_1424
lint_1574
canofbeans_1526
heartofgold_1962
mush_1416
charm_305
pebble_304
lint_651
mold_783
brandy_627
brandy_1454
canofbeans_1263
brandy_2266
canofbeans_415
heartofgold_597
gravy_615
canofants_0
canofants_381
canofants_1631
cleaver_1290
canofants_732
lint_1848
strings_30
charm_173
mold_272
cleaver_2431
worms_2080
strings_2039
charm_2164
worms_2198
lint_2727
mold_2672
charm_2876
lint_3008
worms_795
strings_1762
mold_271
cleaver_242
heartofgold_1289
cleaver_1600
charm_1061
mush_1747
hat_221
strings_1362
mold_1694
mold_1763
rock_1251
mush_606
rock_1016
dirt_1773
hat_156
heartofgold_1322
gold_2454
heartofgold_192
worms_1476
pebble_1064
hair_207
strings_254
mold_1463
pebble_1371
dirt_1906
lint_1395
lint_1461
hat_2098
lint_1802
pebble_1851
hair_163
hair_700
worms_932
lint_1012
heartofgold_1124
heartofgold_1388
hat_1912
heartofgold_2100
phonograph_1435
canofbeans_1530
gold_2305
phonograph_130
strings_1711
lint_506
lint_573
strings_831
hair_922
hair_1159
cleaver_363
canofants_1995
brandy_582
canofbeans_1380
gravy_539
canofants_1386
dirt_1460
ham_885
canofbeans_939
cleaver_1247
brandy_1898
lint_2010
lint_500
brandy_232
ham_2391
canofants_1748
worms_1504
charm_1654
mush_1852
brandy_556
gold_1331
gold_827
gravy_361
heartofgold_1174
strings_64
dirt_74
charm_571
canofants_359
canofbeans_1048
heartofgold_1959
gold_1194
worms_346
rock_426
mush_545
pebble_556
hat_1862
ham_472
gravy_1155
charm_2011
hat_187
charm_1112
mush_1750
brandy_142
phonograph_1718
pebble_176
lint_634
gold_1641
phonograph_1241
worms_1337
dirt_1287
mush_2071
strings_657
mush_878
phonograph_1900
cleaver_1074
mush_68
pebble_132
hair_128
strings_179
charm_286
lint_794
pebble_874
dirt_910
phonograph_489
cleaver_1534
canofbeans_1775
cleaver_2036
phonograph_26
canofbeans_928
gold_1593
gravy_2380
charm_1086
phonograph_104
hat_1065
canofants_2
gravy_360
gold_447
cleaver_1589
mush_1686
pebble_2001
mold_306
mush_548
hat_1787
canofants_1203
brandy_1712
heartofgold_29
heartofgold_1159
pebble_1167
mush_406
worms_406
charm_628
strings_944
charm_1210
gravy_909
hat_385
phonograph_864
ham_2073
gravy_277
brandy_1865
strings_408
mush_669
strings_781
mold_835
mush_1073
worms_540
mush_738
canofbeans_915
gold_2389
canofbeans_620
dirt_46
dirt_516
mush_1346
charm_241
hair_711
ham_2027
gold_947
phonograph_2146
gravy_1437
phonograph_1492
hat_316
hat_1147
heartofgold_130
canofants_1501
canofbeans_817
canofbeans_1366
canofbeans_1551
brandy_746
gold_537
cleaver_640
gold_1437
rock_1591
worms_1729
hair_1936
hat_830
heartofgold_2465
heartofgold_1426
lint_8
pebble_98
rock_144
pebble_1956
gold_363
worms_1604
mold_410
pebble_34
worms_502
charm_606
rock_660
gold_770
pebble_2015
hair_2024
lint_2356
pebble_2396
mush_2584
charm_2599
charm_2621
charm_2697
lint_2710
charm_2767
mold_2794
hair_1287
worms_152
gravy_43
heartofgold_860
mush_1107
mold_84
pebble_433
dirt_488
mush_751
mold_790
mush_1159
mush_1258
worms_1654
strings_1812
ham_789
rock_168
canofants_1494
heartofgold_368
gravy_1237
ham_1356
mush_1603
charm_1445
lint_1501
mush_675
pebble_870
hair_418
charm_902
canofbeans_1188
worms_238
strings_739
pebble_867
mold_566
hat_768
dirt_1971
gold_773
ham_1350
ham_526
canofbeans_2282
gravy_358
mold_1163
rock_15
hair_238
rock_407
heartofgold_1115
phonograph_2358
rock_1213
pebble_647
cleaver_170
mush_1718
gold_2022
charm_866
ham_2246
gold_798
brandy_680
mush_51
charm_620
worms_861
canofants_2463
worms_1748
mush_335
hair_579
strings_681
mush_908
lint_122
rock_473
pebble_727
canofbeans_385
canofbeans_670
canofants_2461
canofbeans_30
canofbeans_1063
canofants_1194
canofbeans_1360
canofants_261
lint_54
mush_636
phonograph_1969
brandy_2206
brandy_1954
phonograph_439
gravy_1831
lint_2352
strings_2728
hair_2936
phonograph_755
worms_1184
heartofgold_924
heartofgold_2190
gold_2057
canofants_1591
ham_2229
strings_1940
ham_1986
mush_127
hair_422
lint_875
ham_1581
hat_1756
lint_1057
mush_1186
canofants_498
worms_1225
strings_1492
cleaver_1645
strings_583
canofbeans_42
brandy_1235
strings_961
lint_1775
strings_1194
mush_1619
gold_2304
mush_1547
dirt_1788
pebble_1536
mold_1679
charm_107
hair_267
charm_361
strings_351
lint_475
rock_608
charm_689
mold_940
worms_1122
phonograph_99
brandy_1589
heartofgold_27
rock_1578
charm_1981
dirt_616
phonograph_2002
heartofgold_2211
rock_1027
mush_1379
ham_2212
brandy_2080
cleaver_2424
hair_1059
mold_257
strings_301
hair_736
brandy_2317
cleaver_1537
gravy_189
ham_744
brandy_82
mush_1240
charm_1749
lint_1019
dirt_181
phonograph_2393
lint_1410
pebble_832
gold_2311
heartofgold_1107
gravy_2104
phonograph_2438
ham_917
cleaver_924
ham_2279
phonograph_2010
pebble_1407
worms_1700
strings_208
mush_703
mush_1127
worms_1687
brandy_861
dirt_788
dirt_122
worms_611
charm_857
lint_203
dirt_347
rock_657
charm_745
pebble_716
canofbeans_1588
mold_1086
brandy_1036
mold_190
mold_350
worms_415
mush_615
charm_601
worms_664
lint_992
ham_142
gold_1950
hair_308
lint_311
mush_463
worms_629
canofbeans_1920
cleaver_2339
hat_816
brandy_2387
brandy_1215
gold_1692
strings_1934
hat_742
strings_1489
ham_283
hat_1326
gold_1332
phonograph_216
heartofgold_2130
gold_1924
heartofgold_2374
gold_1317
brandy_1941
gold_705
pebble_1596
gold_2140
phonograph_945
gravy_1269
charm_168
dirt_423
canofbeans_2214
hat_2283
ham_1029
cleaver_1228
lint_620
pebble_709
ham_1344
hair_1785
gold_1864
ham_911
heartofgold_1933
strings_1869
mold_877
dirt_1250
heartofgold_1373
phonograph_1661
gravy_461
canofants_1459
gold_1152
cleaver_254
hat_2487
rock_582
brandy_2258
mush_1995
worms_4
charm_54
mush_110
pebble_392
charm_469
canofants_1926
mush_2140
pebble_2170
rock_2277
mold_2201
lint_2497
worms_2466
dirt_2574
pebble_2715
worms_2792
mold_2758
hair_2912
dirt_2873
gold_492
pebble_1602
lint_28
hair_93
heartofgold_30
canofants_1745
dirt_1751
cleaver_571
mush_1887
worms_2013
mold_620
lint_1022
rock_1709
gold_920
gold_2493
cleaver_1112
canofants_1843
cleaver_817
strings_1685
brandy_132
ham_2342
pebble_1229
strings_1384
gravy_1914
dirt_1903
strings_1684
heartofgold_1983
ham_1364
hair_1595
dirt_361
hair_737
lint_860
lint_1826
heartofgold_694
cleaver_1214
lint_144
lint_325
strings_373
rock_600
hair_1042
lint_516
canofants_36
canofbeans_544
canofants_709
worms_1259
mold_1832
gravy_643
canofants_929
heartofgold_1781
phonograph_1131
hair_85
lint_246
mush_859
dirt_1407
worms_525
worms_771
worms_906
canofants_1083
pebble_1847
brandy_963
phonograph_644
boxofbeetles_1363
space_1926
ham_968
canofants_837
brandy_1098
hair_1272
canofbeans_1413
lint_1904
cleaver_691
hair_1273
hair_1449
cleaver_2413
hat_995
canofbeans_1527
canofbeans_480
gold_1698
mold_1823
lint_958
pebble_1175
lint_1610
strings_1908
brandy_1156
rock_4
hair_879
phonograph_639
hat_645
hat_1564
hat_112
cleaver_638
cleaver_769
cleaver_606
brandy_2027
mold_435
rock_427
lint_435
mush_813
strings_981
heartofgold_949
brandy_1622
canofbeans_2235
phonograph_1673
gravy_195
worms_1542
lint_1842
worms_339
hair_365
hair_497
mold_701
gravy_2166
hat_823
hat_1152
cleaver_1913
rock_1366
dirt_96
lint_281
mold_371
gold_1363
strings_1842
heartofgold_1840
cleaver_688
canofbeans_1022
gold_1857
dirt_116
pebble_127
mush_577
hair_556
mush_988
gold_440
canofants_2414
phonograph_1669
gravy_1092
canofants_204
ham_923
canofants_1488
cleaver_272
canofants_730
gold_1190
hat_1978
canofbeans_1411
mush_2276
pebble_2275
lint_2336
rock_2668
cleaver_2140
phonograph_1246
gold_524
canofants_1874
cleaver_2355
rock_1874
dirt_529
mush_704
heartofgold_985
ham_779
hat_686
brandy_2414
canofbeans_1004
gold_1110
phonograph_1678
hair_1309
charm_802
canofbeans_684
heartofgold_1263
ham_1341
canofants_926
cleaver_2230
canofants_375
ham_276
charm_1948
strings_333
strings_775
cleaver_959
canofants_2352
cleaver_1520
brandy_416
gravy_26
mush_219
mold_850
mush_1842
dirt_869
worms_143
charm_303
mold_732
hair_1302
lint_1901
strings_1835
charm_1206
mush_1434
worms_2012
heartofgold_366
gold_1718
gold_1773
heartofgold_692
heartofgold_459
gravy_685
rock_1782
hair_1878
cleaver_527
heartofgold_859
canofants_1262
phonograph_2135
ham_2403
charm_217
heartofgold_827
phonograph_1947
gravy_782
canofants_1391
hat_1869
gold_2480
pebble_1218
dirt_611
phonograph_1699
gold_2247
charm_1019
cleaver_39
hat_261
phonograph_353
worms_1961
brandy_401
phonograph_2390
rock_406
ham_58
brandy_1397
pebble_1041
phonograph_1547
rock_1269
hat_1518
gravy_1980
strings_421
phonograph_1508
heartofgold_63
brandy_1331
hat_1733
dirt_61
lint_403
hair_620
charm_667
rock_785
hat_600
cleaver_1003
rock_1284
mold_1670
pebble_1815
charm_1850
strings_473
worms_855
phonograph_1716
ham_1536
phonograph_1377
gravy_71
canofbeans_1998
gold_546
space_1766
brandy_833
pebble_620
heartofgold_1028
dirt_1688
charm_308
charm_376
charm_389
strings_394
rock_706
mold_731
gold_2491
heartofgold_253
charm_2533
canofbeans_2133
mold_1719
hair_1788
lint_889
mold_145
mush_982
worms_965
strings_718
hair_956
brandy_1532
hair_1647
hair_249
strings_628
mush_920
cleaver_2062
pebble_1010
rock_40
dirt_256
rock_344
worms_257
mold_914
gravy_127
cleaver_1907
phonograph_841
ham_2210
hat_179
heartofgold_183
ham_562
gold_1640
charm_1207
charm_1792
charm_1813
dirt_1171
rock_271
strings_721
mush_1441
strings_620
charm_908
hat_576
ham_1999
hair_515
canofants_77
gravy_1922
ham_582
gold_1581
brandy_655
canofbeans_1327
rock_1770
pebble_1030
hat_811
hat_1813
hair_1101
hair_145
hair_1089
strings_1487
dirt_1662
cleaver_875
gold_168
hat_898
gold_2278
ham_1435
gravy_1343
gold_1888
heartofgold_1895
canofbeans_2394
ham_2070
boxofbeetles_1559
hat_2382
linensuit_996
ham_376
ham_575
canofbeans_678
canofbeans_1092
gravy_2240
hat_1175
canofants_1252
cleaver_1628
brandy_1835
worms_236
hair_520
rock_669
brandy_1076
canofants_269
brandy_1630
gold_2005
boulder_1117
hat_1406
heartofgold_1595
hat_1929
ham_2370
hat_2120
cleaver_2360
cleaver_2481
space_1791
canofbeans_390
cleaver_1127
lint_1786
hair_1397
pebble_1682
worms_2306
charm_2658
mold_2856
pebble_3025
ham_2174
hat_1543
brandy_2272
ham_244
heartofgold_1383
canofbeans_1134
canofbeans_1391
cleaver_1501
pebble_1138
rock_1367
lint_1624
lint_177
lint_271
rock_709
ham_1348
mush_1420
canofants_1872
gold_438
gold_999
gravy_1312
gold_277
canofbeans_1498
brandy_1587
gold_2165
gravy_2223
rock_1758
lint_1301
phonograph_1226
strings_1028
rock_1948
pebble_271
pebble_277
phonograph_376
charm_1074
rock_472
mold_642
strings_871
mold_887
rock_205
cleaver_928
pebble_1869
strings_51
strings_210
worms_756
strings_746
strings_751
dirt_751
gold_315
heartofgold_199
cleaver_1990
hat_2296
heartofgold_2087
phonograph_1741
dirt_0
cleaver_317
gravy_1005
gravy_1183
mush_373
mold_379
dirt_640
mush_1076
pebble_1758
phonograph_102
gold_1397
canofants_573
boxofbeetles_1980
canofbeans_1667
brandy_1328
strings_1892
worms_1040
mold_1378
hair_1522
dirt_1115
charm_1907
hat_302
hat_1903
hair_2133
lint_2269
hair_2312
dirt_2726
rock_2930
charm_1571
canofants_2473
worms_1745
canofbeans_1228
mush_234
mush_384
brandy_1719
phonograph_240
brandy_565
canofants_1935
gold_855
heartofgold_1138
mush_1579
hair_91
mold_128
pebble_226
charm_335
worms_1114
rock_90
charm_542
mush_801
lint_884
lint_1131
cleaver_1147
gravy_2229
hair_1530
charm_625
worms_780
lint_792
gold_1426
mold_478
gravy_1765
heartofgold_2286
heartofgold_1147
phonograph_71
gold_697
gravy_2274
worms_585
pebble_585
space_1592
pebble_1203
strings_1642
gravy_2371
rock_1097
phonograph_65
gold_2464
gravy_1529
canofbeans_2422
hair_1766
cleaver_807
hat_2355
gold_2380
phonograph_1409
brandy_532
lint_1277
mush_284
boxofbeetles_1470
heartofgold_1103
brandy_1592
mush_1245
charm_1667
charm_405
mold_396
hair_708
ham_2383
brandy_1151
brandy_294
mold_72
dirt_92
lint_758
cleaver_1104
canofants_104
brandy_1391
heartofgold_398
pebble_2701
dirt_2705
lint_2977
brandy_1482
gold_1812
heartofgold_1956
gravy_1886
mold_12
strings_243
strings_643
brandy_58
albatross_1828
heartofgold_1440
cleaver_2354
gravy_2347
holes_1959
pebble_374
hat_160
brandy_872
rock_1595
mush_2330
mush_2337
worms_2407
rock_2415
mold_2549
canofbeans_2194
worms_1500
lint_211
charm_970
heartofgold_1686
canofants_228
gravy_389
gold_1198
worms_1130
hair_253
rock_552
mold_649
dirt_766
cleaver_1688
cleaver_808
ham_289
hat_859
hat_226
dirt_1178
dirt_1786
rock_269
charm_463
strings_673
pebble_945
lint_1009
gravy_713
canofants_2435
canofbeans_1593
phonograph_2338
worms_1295
strings_1245
charm_1696
canofants_705
canofbeans_960
canofbeans_1342
gravy_314
ham_903
rock_1193
dirt_1594
heartofgold_82
hair_1051
canofants_1119
holes_1312
cleaver_1910
hat_154
strings_1272
rock_193
charm_613
hair_870
lint_830
brandy_710
heartofgold_766
cleaver_1829
canofants_326
gravy_364
canofants_536
ham_154
gold_852
heartofgold_901
heartofgold_1245
strings_198
charm_700
charm_981
hat_657
worms_243
lint_697
charm_856
brandy_1320
phonograph_2156
canofants_728
cleaver_1610
phonograph_1728
charm_1231
pebble_1821
mush_1197
worms_1875
