24766
12621
82671
83352
18479
99348
17138
70494
24462
98472
70907
32333
81523
94614
16259
36192
20220
3880
20643
80213
54965
37342
77459
78779
21879
91425
21870
41287
99267
89084
19050
35399
1440
73898
76225
17578
87805
48278
24646
97104
36388
677
70709
85723
24501
93433
39148
22387
5207
37178
78606
98188
76560
56817
6136
14988
23661
44051
2690
61063
95877
59454
12268
80461
37472
34226
66269
27122
83282
68333
13223
16922
39126
62117
88848
26576
61645
30558
5591
65327
33489
84567
44195
87486
60253
78098
463
69125
8569
55664
90338
88496
55521
67056
64817
92845
48398
44577
84324
24199
17240
62776
22407
97530
74734
73680
53487
14464
71668
48835
74945
43142
98657
51769
19697
93732
35648
50685
31181
99323
60920
725
61372
56076
37492
70223
61048
33154
72048
92996
69481
91329
88863
66362
29149
45664
93140
50330
65328
83964
86801
42070
85719
81652
74901
45338
16446
363
29812
11944
62642
26012
15973
32675
42071
17316
79872
5831
46737
81775
22496
99315
76999
91989
46917
62413
77648
88957
26145
16900
21915
77541
74364
85181
3236
90620
6814
51648
93299
58238
11885
90237
34264
16366
98259
65442
2617
69708
42940
40657
98220
29927
18712
16359
43286
37657
38106
91793
36647
14738
70805
3564
96006
73254
97854
93217
11310
73573
68911
73849
77373
16776
99275
33453
3322
6685
63534
81517
11558
64018
28097
95478
94265
516
96409
23007
67642
85097
96703
14050
41767
28630
32272
89507
91964
99222
17160
97468
86188
20806
46869
72394
86572
35672
84168
73506
61625
4627
68417
23422
98464
26907
66719
64343
68552
6953
27461
72366
56124
78993
4366
74807
27825
69791
59312
95977
44939
3788
37138
5102
82200
70516
15618
22834
94871
54023
51731
83779
70415
87172
73397
73638
51368
15784
83063
10265
52867
46642
92555
93232
80093
10776
90611
68370
56708
94277
30078
90549
88777
94444
84072
26762
41231
52524
97174
81033
27945
2155
20542
97979
5637
44391
88886
45308
54379
89161
86432
48192
2059
54467
94732
58733
49803
35438
12609
23048
59443
62705
79381
78489
68899
30240
17570
28374
23863
66156
61262
5516
16754
80241
18464
57954
91537
37827
11707
97124
76349
71457
18778
96066
53364
19602
41454
86517
8654
87156
23204
17251
24468
92567
99879
13204
43564
10805
86705
35350
21076
21325
33051
74896
98988
50467
68262
88880
81974
35983
6022
15648
59490
71479
42049
28324
27809
85151
62258
69288
85657
45452
37158
19862
69906
98256
12901
43638
89754
20621
42028
68734
21742
82388
83902
60026
59322
7659
91913
35066
22526
58620
20235
97812
82143
74607
48388
45613
12192
39944
60482
87899
8753
66042
55901
8250
89864
15361
45778
55937
25506
65326
23638
5881
18256
23957
46153
64134
93526
68775
93216
30648
69991
61111
7988
47705
53726
4817
33748
33155
75132
81433
71299
6710
23584
2248
68995
76270
22835
30196
92526
85662
65166
56195
81751
60560
76250
2675
94790
21308
32672
29978
51156
60961
98577
48094
56496
83420
86621
20892
33864
40382
11048
83321
21698
15843
85905
47217
21270
36075
96341
69832
48228
95071
1946
90326
13994
70987
59584
86248
66360
30778
15687
71946
85886
46989
5648
71421
82117
68663
6099
65522
97351
59362
90484
97486
82167
13044
60034
39051
58930
60446
25437
8263
15625
51446
84326
66109
67518
95671
70847
71574
22994
99540
82088
59910
31485
8853
87178
69488
57175
33614
50216
78145
79489
50123
36324
79550
46827
80108
54338
96584
79129
67361
20533
61919
35047
55332
74987
76048
24160
65449
18070
2680
72019
28358
6772
37379
61551
55489
63970
14104
53524
16719
16909
15512
20841
205
96605
24303
98204
93746
47429
38695
8010
27153
17567
58112
49735
71419
30518
79721
45038
44857
66946
99872
69276
57711
49209
65780
98950
25954
88259
98334
93724
55028
57430
73636
26129
38557
13243
26969
73860
30653
94084
50177
92333
49004
62242
29441
57033
30754
41599
77608
66788
83337
66462
55306
13715
40062
53994
7483
65001
79460
96845
35242
20890
3345
73631
14797
81893
89181
85715
81961
43390
63803
41060
59987
82991
36660
21612
14319
30537
75675
34232
96866
48580
71711
78004
61023
93391
94625
79519
3386
12348
30434
61713
72683
66512
45421
20165
64610
92343
74720
90166
5536
52357
445
49916
17196
93465
72152
89197
35726
40833
15632
22173
42412
57406
73969
38154
4065
1386
37795
76533
65330
81224
40327
22614
36675
37124
63397
46654
66833
13141
40474
87598
91294
39435
75425
6029
25956
2775
95962
93479
48890
8179
46447
91027
73577
29356
26107
81879
31927
33405
33837
47852
33678
280
35017
92482
27410
47593
4848
51814
69868
59297
48885
34785
60078
71613
76107
90553
62381
9097
24394
26725
31507
89738
84243
1246
40310
53084
6886
39196
98595
95099
53072
15204
238
88466
44425
91277
61386
71629
27843
11538
26967
22218
69675
4981
38004
1539
98098
6463
25843
19975
23698
33779
24083
25086
83453
58682
76064
89766
46296
29869
81885
67825
16606
34342
13540
7900
3670
58687
87300
15777
95116
73216
43625
62754
77940
83201
94976
86608
23036
17961
96268
48416
63665
31353
4482
75483
20681
41278
36773
11650
89408
54845
81408
90246
83127
99731
93452
41656
1763
10005
84487
84035
77001
5979
4956
33037
69726
96669
5472
8609
1963
5926
89512
6711
5112
7176
24487
10389
84153
56396
36157
31233
1697
6827
88670
29389
28639
24130
65049
45918
88610
4657
11921
80829
53896
75371
78648
73935
45867
50878
45042
24125
72978
52805
95526
66154
34912
15941
9262
99026
65472
42222
71322
76711
38932
63644
67344
53121
30988
22902
2765
88275
62231
55348
71503
92073
969
76276
2785
98355
31714
45542
53541
20741
10922
9705
58718
94419
58084
97794
43580
88075
54086
48151
84627
93739
51606
67315
90924
93690
50979
51949
38276
85176
87273
52798
90994
75609
59336
14477
23153
94623
77527
30900
46683
54188
33664
1747
4648
72411
52103
89090
37037
42139
77249
62192
79807
28086
23865
22557
24910
16318
41061
36819
28739
78810
80254
38429
52048
19572
32921
93498
57226
2757
14415
80165
88522
94069
49801
71752
46425
47707
8963
26597
581
28783
85866
23083
58466
6264
26238
60348
76746
98613
48439
46055
41913
25475
46861
16817
10217
68616
66396
84225
85519
97466
61133
5799
30978
69999
93262
62518
6742
89033
45749
26764
93103
95261
93909
78786
62976
29980
25995
86482
30286
51451
50859
54915
984
29750
97566
71235
63325
24044
57536
95980
41341
63920
95076
55993
96762
35123
58132
80263
49569
69034
80652
61415
15817
40160
32878
90310
25647
37048
7474
34224
28696
44869
76574
41834
19586
17895
56073
73439
82612
12186
51011
12203
63986
59204
64097
41445
26954
42795
82763
70392
95869
81927
79652
80405
7043
15138
51877
10962
52290
38955
71855
87344
1611
68883
50624
87958
65964
55484
63561
20084
41226
19318
14308
67913
74431
11069
85758
6841
96350
42497
22375
96751
7640
20483
5590
34495
47396
33660
59537
69281
17362
51609
48790
35000
30816
72402
1554
32447
10334
18934
42208
50232
90476
41826
24310
21655
49527
39154
1734
76530
17354
83323
79050
72280
35857
43443
41502
27074
67035
76672
63455
40519
71350
77783
64058
19238
95617
64181
22552
85526
57911
85148
67869
75834
26640
52761
86404
17189
86419
69293
9119
96975
77124
55478
93685
57464
16496
48131
25205
67275
99753
24639
92848
1321
2022
43677
71509
55434
40826
62357
44612
59433
33214
5103
54409
54226
54173
85710
21572
68444
35684
88605
90461
92723
95798
37459
86679
44994
18583
46344
27915
15067
68724
39566
45975
18629
85821
2687
31132
84905
77680
75149
77457
55717
98042
54662
95105
19498
75477
55762
10562
63905
36565
39681
54999
65782
28326
95514
55729
46984
71938
13881
46360
26811
24903
66643
6583
21956
50630
95315
8561
45437
85498
35099
3531
42914
76464
56104
52738
98156
3415
78093
639
85349
17084
84132
20401
82710
50506
22353
28636
54938
8665
74663
85080
64512
62232
87684
19688
48621
3813
97153
13722
98462
68083
77367
13817
55817
72423
99201
86924
52134
34769
64043
96767
80293
88217
36385
95969
8397
15507
57110
25584
98377
86163
57235
1112
96110
15970
5085
97395
82450
74598
52192
94593
22859
28820
89839
44412
82006
43105
41010
27826
8421
27001
5226
29655
89394
45223
9998
65939
82098
39965
1199
41985
98429
8051
12876
76764
65376
6726
71488
95287
38708
64887
55021
86071
31207
36981
16966
55322
95584
85631
16320
64598
56015
20906
20290
6087
39555
45227
76721
27472
10992
40140
12197
57000
91211
89958
17662
14985
4175
19242
46062
68879
50414
60094
87758
57982
58417
53461
83023
50951
28107
17600
38646
46015
34163
30779
76490
42165
78871
1467
11560
62568
5940
13412
54817
53797
2211
22362
64789
60830
35100
14767
10363
85888
46362
47129
6861
315
23605
23160
92061
78101
21597
77645
81043
87701
16797
45925
19492
84374
7575
5235
26910
93686
54791
12264
19781
80565
30399
25443
9266
5772
64175
55086
6638
288
28701
60713
8900
57890
75180
30065
1381
19855
27451
47997
12001
45126
20269
1592
87631
71677
83203
91624
37066
65733
21968
56588
36030
85962
57832
2117
16277
63024
39761
41568
74690
76297
80038
19497
60809
83120
97292
79779
55949
81136
42491
39068
70487
69050
29682
29797
90871
91615
87046
59658
1235
77876
14069
24582
74922
1209
21032
95404
34857
92811
9539
70157
49024
65727
97237
16856
60465
61289
18437
38347
57644
71759
6206
33095
27438
20531
35297
29458
13442
61571
4971
7459
90866
75620
79295
63131
69399
97353
99559
32486
79692
87403
48393
7420
14992
32331
23486
31289
41995
34768
72333
98099
53151
91442
6970
48630
50422
21214
66428
84640
58075
28762
47565
98678
42650
31784
61276
45269
29138
96779
51031
24920
86202
45022
670
40299
9669
40144
83033
85279
86058
73457
31730
58714
22638
74633
15393
48687
1704
58146
32193
85833
16903
56222
33104
77561
6446
43066
62892
46949
35240
95074
24043
81491
5690
97889
25705
7227
95643
81313
46576
82141
45983
90965
14746
58114
25711
73933
72274
19477
53546
24662
17758
21979
82332
98829
58774
40958
3581
89974
6480
1422
783
5742
15380
60730
91416
17676
69714
9328
84553
89848
61252
13259
91105
17066
29791
79144
35548
38671
33618
36768
75824
59097
1989
73371
98746
33198
47732
38529
4083
57770
75291
74332
56850
38361
68793
67363
88139
38132
94709
73132
80168
26394
27828
69921
18696
13022
56180
66681
92168
46942
60083
4633
92444
60486
60353
32664
12356
10408
82134
37861
66811
13914
50973
42891
289
23968
81630
42723
61665
95720
96055
71129
46602
7349
70267
19155
55426
2739
55708
57093
831
99171
48048
52677
4446
83841
80144
71092
41369
26789
99284
87229
91180
20070
51860
38572
42506
67371
1788
41194
39773
24299
74839
22480
9956
36655
49989
39918
34742
29422
66728
21535
98968
13567
73341
26776
25025
91892
85383
27592
21530
98206
91617
60468
94786
45336
37133
6440
99340
73820
16470
80396
93806
53048
79674
46188
72924
19649
23762
41612
27616
20064
76036
98830
94652
35772
3602
79806
45110
42781
91818
94138
64674
16327
47375
47009
20413
60794
91480
25640
56568
52727
21781
36809
32794
2610
36059
59185
64109
38316
40640
93171
52166
68085
4833
56196
18569
9154
93692
43609
84921
54156
76469
37127
95166
40315
64019
2651
94513
74416
72433
33931
21721
69717
86343
31604
15666
16378
69297
15897
48654
47342
70177
69775
25152
63179
70832
1176
46616
4638
9354
69145
95129
23505
84847
65365
83008
49665
32371
55611
16047
78283
79161
84525
45034
42057
40287
17171
81301
79264
30583
84362
57987
22325
2816
22139
16212
26128
7113
3698
23310
48501
47186
17875
14761
92197
95302
58079
35249
6041
6232
95942
61409
23271
62312
80049
90947
52914
98900
46621
40138
617
68519
51729
14297
15075
19116
68412
51115
98244
12791
15048
70608
38498
77116
76121
60265
59483
30342
24775
15415
55010
3529
34087
18999
17076
92387
90446
67137
23002
29199
14407
1557
75110
22837
35973
19357
97816
52336
84146
69356
20961
25802
45446
54246
15899
83397
93135
68588
22418
47088
63284
46568
57621
9002
64126
67281
67350
12784
44133
55415
6202
30489
42604
24094
39022
25160
82246
60356
63298
14800
82129
82749
68765
42846
89262
24027
57476
24533
43205
97550
42350
25523
76456
60032
92056
45717
55129
6689
26655
87811
22825
84666
40643
56836
45632
19559
5414
56121
660
3637
50960
76838
86865
10720
18052
29921
23309
35910
77074
55984
35476
34782
31080
3479
95218
97406
71310
78159
47390
6141
11400
20205
64870
75493
73046
94456
15041
74774
83882
80901
5304
23148
66978
18163
51657
89246
74504
51530
58196
45581
13186
39934
3959
89357
36481
74417
22273
24641
31884
65731
86514
85968
50213
32877
45567
57875
73246
34256
32543
41847
89380
95369
22790
95032
90832
84165
24679
98471
48837
75310
45527
2946
9667
96771
38066
36955
33047
18789
75270
85448
27617
88428
75004
17396
71570
97495
23917
96776
92969
24861
62104
36180
54076
85289
42334
35490
74170
703
93359
48862
43069
93040
84492
30793
36596
9746
88418
48517
90197
63818
9150
46226
16884
22493
46584
33240
55992
72363
75746
41181
229
18208
5701
2955
22913
43402
25053
74551
87105
99356
83818
71674
24460
55070
35711
66204
47667
5091
97907
3636
6776
3598
64401
67333
34273
40862
9496
59335
58647
223
49810
27037
85538
28402
54208
93535
38029
39143
1840
40000
89275
60234
95791
82320
73976
88443
22963
79904
55153
5798
2407
92458
38791
96498
84595
77381
43952
89675
24418
75113
75259
98786
13559
61775
35325
9044
52142
74014
63991
2789
3583
96094
60206
6779
53646
13496
99141
43128
50318
51784
50369
73059
83740
925
17176
16818
90150
82813
80442
79536
89648
15443
55779
97668
40263
40394
59681
83498
58308
94321
91381
74505
51659
53116
93063
87055
75737
30731
77851
20471
14185
5116
83888
99888
39649
64836
62009
40731
1175
62763
65029
36214
43975
34759
67212
56748
19442
78602
48288
25062
96520
35967
13505
55136
67911
75078
90379
61249
2753
3335
23614
3791
2440
11190
26157
31469
62671
56141
98572
65448
80795
44975
5376
28146
38262
24373
95789
52947
17886
88367
60984
22643
90104
91241
84750
41208
47573
5045
78994
4611
10779
2716
61177
78610
98658
25145
65877
22341
38903
98669
56853
77947
58766
61805
33147
36947
20625
55791
11556
52582
65164
41120
7973
23978
12606
6313
36891
35128
80851
40517
61846
46649
80625
28312
3774
53769
61101
32817
87929
3735
62798
79335
22862
35936
41088
69925
91785
57515
11767
80298
61928
48632
50278
32478
64493
21160
36367
83568
58351
5974
6678
54264
21495
29004
86857
8525
79006
77689
30927
28988
25978
30594
25932
31393
94647
14598
32916
18548
11267
79364
24120
89429
31496
37160
19162
28397
98300
3747
10431
62175
46997
21486
47381
57756
367
5477
6419
72053
31782
20844
58237
96037
42624
90143
88885
75661
91006
15743
96963
83302
27003
96174
92746
67900
95131
64529
91928
15913
44789
58126
18037
51308
1687
60427
35512
25064
61847
80333
92939
43398
59879
72228
90906
94603
67334
36643
59282
19636
14848
1682
43197
30763
38746
35480
29105
73309
55574
45472
16101
52956
71025
16885
86382
72107
13971
70544
99910
91237
90587
38805
22236
77371
13166
78115
53381
43746
38083
29214
97768
18185
59108
27918
91206
79334
17538
71081
76478
53456
68166
11409
12721
554
98945
20041
99817
30545
67153
16339
29677
32588
45193
11243
28509
51761
64636
53589
10358
78300
34047
25068
10646
95832
62695
88815
95284
25798
89791
85317
84544
47779
22923
54908
57944
75559
77722
1605
17708
27514
66374
60147
93505
91129
56370
23442
311
78924
37929
21552
96221
29508
18886
50295
36198
57003
16066
3006
34501
31476
85896
40367
48937
10094
35293
5651
8057
73732
61319
54784
55406
11302
28292
64879
39866
10883
83944
65992
39057
78517
23977
86090
70500
13323
25561
51684
55039
58906
84045
4784
12873
26095
74833
54350
83025
40392
91383
68379
38920
23461
12241
99866
50431
2793
92954
52831
97119
38974
83070
49522
76229
31609
78782
96107
9839
54964
33223
24226
55019
34442
99685
84159
3851
93862
57660
67944
58591
8402
59689
71923
44228
4159
16625
50640
63838
60640
63362
63322
59704
12254
74085
47357
98365
86926
28154
59390
83825
48639
80090
19635
6554
15653
63537
60572
9324
67823
10808
32499
44752
78150
98971
98310
28500
22588
18705
7286
95679
49660
92137
49281
78821
564
35839
9368
21805
67565
27573
36056
8378
96911
33601
74097
82381
27833
17928
73500
52834
86113
13892
54368
26770
17683
96182
53915
28996
56267
16006
69367
96488
19169
63061
34194
47430
60447
12963
20518
65022
21788
95198
63167
68866
46545
73344
56211
92590
69569
74715
67836
81962
21157
38878
920
83065
72426
88493
73998
16937
66381
62545
55768
38675
42695
57396
62686
2760
66917
34652
67683
11654
85272
7462
4197
3121
63140
62268
44178
86360
91449
25771
25061
71302
74661
3324
13787
95741
54356
53052
87005
5704
23992
45164
90628
11463
89653
63453
14600
11816
52249
25682
76288
44016
60545
30082
20973
16675
3026
29758
57162
31308
45578
41586
30170
24780
45566
88426
94820
91986
31465
93015
1815
57246
13285
99640
57181
53745
30290
51099
45889
45143
19192
35594
39298
13607
72926
81294
31247
43341
23790
39172
69518
32770
76914
54424
42219
84115
52459
66283
90744
32458
32384
73284
164
37850
52617
26317
76373
59989
91672
29337
13826
16118
61295
83943
46761
7047
52767
57572
75655
47968
87078
86187
6654
79227
56934
23079
43234
15910
52515
74249
11648
67
83375
63679
25538
98053
57374
90974
2963
11340
82359
33704
68287
18309
47468
60995
12147
34005
24779
59955
42529
71940
62733
89649
23888
46628
54404
85620
72699
11276
41757
54674
3560
15883
87191
85470
7050
41617
21761
32243
86325
37606
91082
3037
16258
43618
63323
51397
6028
77290
32364
66530
91326
41406
48058
5137
33023
15651
25816
9938
8876
95855
53759
74020
13309
84477
34223
53716
21165
66886
58579
41020
45327
17031
96568
18249
45039
49462
98498
62191
10835
70703
5857
35287
84422
76186
73285
99127
29606
67734
24288
88653
43534
40037
55253
2457
22479
40676
13600
41046
20857
35599
78123
68986
18733
58435
90433
58115
35206
65649
11175
14905
31534
93653
72293
12286
60529
62124
53445
29974
95564
99176
88014
39696
10809
31689
83635
61288
93955
52946
21479
10451
7497
97633
39929
23856
37542
21782
50788
31078
2650
47741
70197
92118
34824
42765
13780
9204
17525
12977
58706
45989
4641
94205
61342
50818
35544
72707
34607
63583
63660
2697
36047
99285
61866
4844
59153
44780
24744
60540
39682
68384
33101
59513
93244
90948
24745
67246
39573
94890
21283
61802
29887
21500
79468
12808
40843
82883
20422
49968
83107
75597
54761
71030
81183
96041
25111
72076
22394
5768
83160
53493
49719
36502
23358
91151
72853
10281
55230
21614
56279
61918
3288
17500
8989
29037
24092
85019
45278
90523
75985
56940
46010
90937
16704
75853
57843
57198
60806
88323
42258
11589
28041
6129
16494
12392
29773
5746
36257
97249
51332
72320
88574
27002
45004
41485
83387
16990
80600
77417
69890
70098
98321
68338
78451
30167
35114
95739
10598
9086
45494
14017
65827
53638
58284
11951
24273
88080
35158
15255
83395
93622
48407
31560
52113
88570
69572
34907
15213
57755
13836
27878
40347
92445
93059
20501
69672
40014
77132
6504
82707
54294
12420
93869
50846
16738
58917
40654
69163
22736
74104
43376
69165
71538
89135
32901
82830
25579
93618
51459
68231
93460
78851
89586
72845
96223
36252
54995
59545
84209
39799
25754
37311
92673
40582
95395
24642
70514
23513
35403
29725
85475
24701
7720
19088
41256
20462
36708
2168
844
29425
55345
91516
80045
6968
79165
20866
88152
61841
91280
8926
96635
25233
95813
8942
59932
92079
42736
6163
87761
72754
14123
12601
59812
73189
81535
40649
95291
16438
40728
6466
60085
11480
94592
44225
52602
69909
96741
77761
16040
69650
3511
18909
26758
94534
52107
13084
58297
93675
93808
12269
52209
43473
31464
38055
44058
46742
28170
42550
47952
86126
81435
84665
96481
70252
4547
63066
51917
15598
27905
57355
79962
39600
46300
2691
70995
31347
44740
34383
71820
87179
5720
25403
34478
48949
81049
27513
14290
47209
23903
43334
47221
92455
64662
19221
18833
45943
35625
19509
49507
6616
39947
55155
13083
35243
94923
7528
85139
22801
52747
70162
34902
56250
84555
66478
51497
12943
42645
91165
5063
65885
74292
29274
42993
50674
48848
6013
97716
30299
53009
28483
85906
30818
5022
66305
42972
72653
91445
16752
34168
33323
5973
26091
36377
76160
3490
53540
22549
99810
64404
87094
133
42777
17094
90592
3651
34816
47548
20077
82755
59361
58078
48519
14936
93033
32649
65017
27323
75706
40951
57306
91515
61895
32156
60530
72297
85558
29668
94436
88949
59762
72281
62973
11992
55201
33841
43150
71996
2064
43262
8524
92937
97279
4522
88290
40556
8554
35368
49421
9697
23701
49062
58165
80845
38870
20214
27211
28811
13310
64092
5517
87354
58342
87342
86633
53663
41488
89687
67914
94942
84389
30502
38941
72148
76446
47025
19521
33935
94898
86302
15382
90743
70258
87659
70517
75674
80294
39730
73087
22585
67096
2629
21351
48316
17183
6252
83012
8193
7481
46925
90818
42444
32423
69949
65237
3823
77801
64417
48953
48627
35226
59169
90401
3676
76173
38069
56182
47316
83776
98071
19620
92684
85320
46261
26722
38905
15378
46254
41601
4754
19937
29226
18868
48826
80778
3221
16296
40137
53604
43574
48793
82358
91252
8330
13271
20731
30333
26430
95069
58951
4807
15954
74842
20489
82139
85194
47896
46908
6066
94344
42751
28970
54591
91257
19795
79206
66250
89901
17223
5287
34778
85568
39725
53085
98225
89192
75016
98713
676
79177
58576
76988
22379
53131
69229
13751
2034
80610
40494
590
978
88009
22988
32284
71463
59305
17099
65755
95213
44290
47576
49738
67037
39822
41812
46835
93769
82287
21977
47858
22329
97029
86875
87717
28122
11205
39166
69964
20868
41893
20171
71560
65564
15473
40771
12101
93858
5916
94052
98258
86421
43349
92370
48047
32545
31811
67780
30607
7736
20112
66976
90582
98777
20169
24675
99695
24777
34545
41082
86425
68602
54481
99984
64581
74568
28301
26508
58818
63505
48523
32397
30257
15049
32445
47240
50631
53433
47946
31237
23714
33574
15605
63145
44305
81056
30524
82552
90181
38803
76129
90594
53877
62162
11110
5158
12502
70522
47720
49021
20767
14374
58138
51058
55243
64125
62597
14419
68316
78715
73552
43848
80148
32188
6545
8280
33774
63585
6998
5963
50967
27767
47627
75430
33494
19979
68814
56587
55250
68812
35678
65205
80981
26544
90328
47782
73587
34604
61773
26316
88869
78955
86243
60940
19090
39384
57389
54567
76750
57519
76692
81584
5855
18787
89255
2007
98587
15072
6237
34568
90022
86022
28745
96353
68673
83784
91761
67839
98450
4921
55600
63907
63394
4102
90770
76853
24052
95824
53913
4476
74571
85399
82456
74240
23507
33236
35137
88851
94379
19924
93053
92181
16114
10469
71808
29338
71933
67800
96199
40429
94532
93680
46036
32059
90175
110
33975
12231
19422
71057
34761
74200
16128
94282
85586
111
63862
88716
74938
99531
73195
44308
95057
71876
78947
7090
81877
86649
92392
78064
88651
60331
83486
81811
43591
21557
31187
16152
34213
92708
72793
41693
40727
88243
55140
37662
23748
44215
49246
93398
71428
98821
13650
10694
55830
4854
19146
91882
34341
5344
68914
2654
40059
44143
5009
13038
34302
29804
17204
48817
52070
14644
47515
86146
3787
65221
73606
58109
71559
44616
45877
22753
45249
53353
68980
20259
2439
45067
30696
20955
18132
11185
60946
9651
88350
89622
78243
3284
48588
28023
27835
10327
185
25460
44744
96706
89116
67266
81525
58291
50659
79374
46440
87182
3108
47108
21819
48190
4396
57296
2451
13174
84590
60008
70390
68841
88894
99755
32976
44054
69838
52969
21284
24023
42274
29744
16467
23188
51291
35924
6511
48665
39408
17865
19222
88223
63477
28248
830
92627
7209
83226
38415
53352
35749
47255
55404
26362
99558
86822
72111
86142
9164
16282
86304
88575
87462
78003
56727
44827
71379
86732
44231
79533
8262
16328
60647
68697
93717
64376
96383
57790
33838
17463
18046
48613
79760
52975
60222
21700
67032
29231
24398
50291
54172
76754
91517
83220
81539
60744
73215
54563
41360
30921
50825
67145
53160
89545
31346
83815
47655
55441
58650
67142
60567
54651
67330
24294
98789
50223
72127
52619
4951
31776
23540
54921
63793
70174
16806
93533
868
81240
84911
50551
3828
59021
60100
75320
77665
19597
21605
24829
52335
65840
65867
13571
9467
9486
77525
56038
54202
91780
6916
55545
57530
36100
76190
34589
73513
31512
86116
6888
21285
82785
15455
22226
76890
38757
19114
81198
89129
13485
86486
63650
93971
60930
51821
54493
92838
81859
79631
66247
95656
16563
41346
86847
43578
13553
86815
67527
89432
97409
87484
33266
83121
23029
60902
51775
39711
51306
93639
76106
42873
37852
26452
66900
66507
87767
52912
18031
80906
41229
69064
75271
87833
63046
64250
67703
73081
88295
36255
11040
51082
43400
36840
60323
13968
69161
49913
30834
7394
57448
7974
49323
6889
21858
95054
58626
39096
72717
85528
2371
71109
27254
68981
30865
33398
67854
13
11907
21064
62037
76112
71578
59253
78025
25662
20853
66117
90317
83883
42452
2438
17668
75220
75039
61324
49636
65356
40884
72885
70624
46101
27487
81973
15284
73092
46604
73268
88499
75085
64334
65041
86832
18570
92680
64765
65236
41372
27210
68228
86013
80532
80156
31845
40854
51928
37347
27206
49962
54395
36887
82387
34950
44349
88778
10267
27960
63454
6996
69911
82540
61575
47889
99366
56155
33204
17006
65195
97981
70367
71724
2911
61822
98758
59965
80471
21760
81321
31372
36577
95049
62243
91950
31951
88042
6244
38553
84587
42133
91281
73597
85462
55323
19326
71330
56762
80131
94353
88085
34324
73562
31475
52663
89209
86012
89092
35008
24488
6407
81989
87835
9367
39301
28844
84565
48477
80208
61122
37975
7717
37471
77830
47078
85435
47581
83732
21342
19640
82988
66485
37234
1523
33420
55517
40500
10953
58853
12693
96071
31676
10658
58230
62036
9735
23761
90684
90422
63273
55400
25164
6401
92906
50589
60106
65998
10433
55743
61444
2506
87854
76842
91420
66829
86011
86888
30869
97873
57404
36642
55784
32013
91106
13701
3724
95767
44300
82902
78331
80018
74464
15844
90083
79375
83947
67759
79761
51557
55174
6684
3000
73555
31301
15306
63040
78055
70994
78563
92549
16144
89603
26678
90261
57964
23866
2693
73697
46491
46458
60583
73220
81193
11734
36896
45170
63057
38973
79128
86418
43407
27349
7834
74507
23340
69595
30910
17753
68994
65806
2886
49451
1538
58680
15615
28652
82963
91572
99183
94849
95140
39003
63958
29895
86409
18471
88105
47031
97131
75884
99942
78832
79303
52203
30132
7026
9947
77916
28416
16257
19607
11803
20718
488
45387
8544
30980
41632
39327
7571
70013
14296
56375
12919
73319
43475
41630
9883
66836
52968
87784
18281
63045
33921
4050
7876
62107
57309
52057
988
35145
48115
53837
35551
78390
43309
20127
79023
10486
58005
9737
47767
5551
52225
88628
48822
85878
22704
88318
3931
79434
41642
80306
43504
77663
21679
47916
44973
42594
16808
84933
67006
5076
92411
61215
30516
21653
101
69740
7788
74844
99754
43420
6832
71460
73339
72504
35529
46424
45529
60839
15508
51268
75503
16623
8201
5691
23918
70322
24645
27886
96934
59788
30376
74106
89626
45927
34483
41089
29977
3179
59460
97134
88616
49187
16422
48898
14884
29295
68415
62939
38977
32233
23932
39009
12146
56320
50725
33295
25428
39350
74869
28066
33792
63750
8977
4982
64184
96921
85735
5538
65432
24469
64026
2504
48766
41116
27847
66982
96193
29893
5889
22103
91566
25736
87641
55391
36610
94227
29846
33655
40414
75638
83224
47423
56335
9158
24881
19016
76166
37047
43305
91264
61650
34132
46096
9329
72661
65778
56083
89527
34236
17273
15235
42581
61709
97842
92559
54033
54644
73881
61387
83298
839
81208
78877
30458
81932
26690
5457
15730
41039
50948
44352
39434
11984
14822
24987
14307
66607
44890
43890
15357
99569
87616
32578
42473
40473
21927
30646
60631
28578
59548
25492
44190
96242
44486
95453
81163
62605
32292
81889
59487
9757
47051
54568
47435
17195
74305
55034
99934
47442
32150
51377
48290
49400
30750
27682
92799
19900
11290
50388
54022
18444
49054
63068
52589
29765
65226
3342
82656
26360
68736
54401
60086
98887
25779
58554
38109
3381
350
99133
73585
3437
20908
26839
56720
768
4994
23102
55838
27114
47117
8383
44200
24118
61113
29088
35003
18043
40170
73013
13116
77450
47101
31644
41954
81012
36449
5139
83429
34586
1483
22357
40477
29856
30089
4571
8015
36830
8303
10972
93754
32928
29835
31111
95691
3731
89985
65397
31386
89709
71974
26088
60548
54276
76146
9212
12426
47516
65959
24912
12194
49785
57259
72369
9507
32205
40708
64593
70310
27425
1719
8268
40168
26659
70615
45011
56941
1499
48464
62606
35445
206
55544
69057
12370
66085
48344
65876
83742
18742
17834
84270
76119
48270
63769
96306
88119
47473
97898
22031
79684
37000
92094
70445
95255
87043
26555
12869
58887
34394
94450
5802
29013
15938
93752
33048
63997
35394
87265
35406
30528
51462
60481
31744
33276
12579
89579
50387
51185
13509
39948
35926
16935
15989
32533
37488
64333
69580
50411
27593
33458
48294
56160
38265
95827
16951
62673
72316
38323
99603
67903
24705
95544
66480
78898
25751
79048
40208
80757
2448
27604
11050
6962
92310
6640
26554
15555
24321
43165
89748
60009
1783
21171
74856
42164
67516
64948
42445
25787
82063
35728
89929
42986
30109
30007
53580
39708
29774
76583
32946
16418
18980
60237
89168
42939
55509
61267
34943
53372
69716
66950
84114
38667
49306
50444
53065
47315
45288
6624
3882
89113
33486
94302
67103
37190
67278
20113
68815
81591
12074
73529
64937
95336
30544
58041
29311
58459
20748
64260
58882
35859
43813
91018
8143
41690
14217
84502
79893
25341
82252
94320
92835
11465
5282
31667
36265
11854
63545
27416
78545
79118
97215
63425
45322
29057
22804
67830
11492
11094
24671
32592
96151
49276
71116
22944
66252
46009
52560
54925
30808
31407
40864
80125
95329
11612
80309
23832
48536
31254
8432
1614
7557
39245
67499
41721
34556
1865
49489
89480
96313
83309
84644
6924
75060
33835
25200
62408
83620
15664
18131
61093
7323
47790
95989
11635
88591
10609
38179
87197
11163
93758
93804
81334
67855
308
45431
22772
59630
29638
27832
68297
55634
41252
10106
95343
65792
90859
94243
76603
80497
53254
79092
57788
43323
25316
16926
73456
22679
6060
64326
89922
56958
43307
5886
67030
96222
43879
86197
90398
14546
88407
83547
7915
49863
72572
36371
19665
73206
99561
5237
23537
38206
16474
7058
68761
13312
12817
192
34934
46244
38010
70542
96573
73090
15993
6868
7971
89651
53357
95565
29849
81002
56613
39740
44776
34986
35864
24359
44594
47530
70444
52618
45015
8736
81052
41157
25707
83009
90836
20997
97775
14931
65619
28398
48101
92060
31103
39735
16387
14347
77228
50535
34671
96235
23408
10950
35277
4942
59135
70377
30645
90761
51866
96674
93542
50972
64643
27595
19865
15194
38729
83793
35820
9692
76431
68272
54025
92044
28547
18002
6980
63375
47965
32048
83211
95283
13202
99583
51344
77265
10198
20338
72043
42030
14240
69713
89036
48122
89614
84794
60295
48232
84692
67603
21330
76302
74258
71169
88257
17454
47292
30918
59966
9898
53050
45521
90716
82762
57196
17021
45157
88727
73696
14013
7030
51995
73671
44681
61595
24074
23811
62884
74212
41307
4959
76018
99476
50896
28516
88597
6083
38111
58463
45899
41313
28403
78432
57631
1471
1279
71504
71282
42493
50564
48264
99518
33949
43936
48061
62213
7435
53654
76136
5779
21037
87912
4392
96530
49774
46551
90935
32376
23958
28623
54996
74872
76861
788
64276
52373
28537
49269
57202
81199
47610
83000
33795
46726
87847
65217
54939
95556
68857
76815
81807
40981
7623
11431
75914
76761
94453
53007
23294
93919
37787
36462
23171
45660
21855
12969
80468
26845
541
12523
41322
39561
86228
1349
72930
3458
94258
12703
46087
90307
35912
77530
13679
28579
93270
84204
53279
88588
95169
53538
17485
14508
86613
23640
33402
83275
71470
17412
43595
4608
85015
1391
27374
48542
13687
25004
83595
31597
53215
43383
49083
40838
80876
21856
34831
43608
51881
53054
36555
42908
48961
9250
59814
22071
70363
54760
15177
94664
34612
86922
44548
24762
49477
24768
11932
27255
24312
85057
57538
3665
57842
26454
43791
51802
35853
63090
75492
64136
59700
71084
51687
94028
10010
94114
18568
99135
54414
85844
95417
32191
75999
87825
46408
29054
92862
2108
40584
95004
78136
94543
58405
53784
82409
24759
16380
26253
51168
45694
75084
33883
51518
6119
33411
46185
61189
35454
46763
11965
40996
42960
21978
48679
70752
12333
62145
59760
26638
75851
66601
27233
58838
48698
21565
37697
44838
11229
37947
78299
36634
89913
50476
58991
94024
34918
60084
25988
9205
82257
92618
41821
78268
95360
37596
89316
87034
21182
20942
37109
83576
22282
42399
74461
29584
15592
23759
28640
18068
22197
58966
14534
29205
51427
69648
62725
89329
57130
5572
33666
30485
3034
46165
77191
42496
58033
6169
92435
30382
62742
98234
46473
16088
63209
66267
51364
60016
61909
42416
47097
45237
89585
51279
22817
89260
24945
85327
13367
44116
34606
96789
30140
21937
32875
79915
73924
40792
37516
57122
36860
78873
77664
54630
15343
56445
64330
12204
51566
47349
96594
41709
60172
35357
70797
93370
13345
12038
44980
27433
87026
13175
51033
26447
68656
35557
77286
15771
96544
40262
5709
43242
15152
7651
7998
35236
40753
68298
38159
39439
25331
19290
25902
2653
19240
11475
33950
83709
90842
759
69884
13129
84841
63631
83258
75739
94295
36325
55192
33138
70135
27224
36351
37157
63355
11237
86999
22383
96650
88017
19770
44726
67652
58753
70165
95935
41329
71430
64443
4321
75885
70399
95326
35230
75921
43549
20637
19907
85308
18057
25513
95396
57651
86437
30858
90304
84465
96280
6890
5321
90683
54549
92558
65872
43912
2863
48629
63204
52343
1517
47131
65103
46957
9655
68020
88914
8664
78966
74242
65025
49407
31975
49754
56678
49744
5292
23487
87957
42764
698
80618
52922
93481
53903
22369
93898
10056
99481
14838
22652
49792
32256
88831
62777
31935
75053
14961
39171
84100
7778
27903
60398
25668
53610
83669
42843
78623
16745
30108
11139
42203
59631
5169
97207
56814
28351
73625
52061
78780
82924
71939
90187
32998
15900
70304
84174
68601
25969
60354
33219
61608
13789
49341
50976
32955
42815
3582
42977
59655
94223
34927
24142
52599
53193
39267
48888
45264
69115
19481
86307
76620
12401
94043
71903
42148
20224
76286
7408
50383
18493
57728
14318
2519
34901
80503
64101
43226
82764
57405
11262
36346
72617
34801
22649
63281
17400
84576
39455
6587
68171
14310
90532
81659
41600
6842
27615
27034
98599
65110
42286
2147
75545
52215
35705
45510
73994
99254
45767
30373
97778
92681
29841
93129
22012
85449
6018
77646
61979
12889
57187
81846
79989
38305
99919
27115
21209
10787
64807
93779
29836
94032
87654
98458
16159
94339
240
71758
18218
93227
69875
94731
66776
21340
90403
73695
58996
91160
78751
29905
99784
67872
48993
91508
5138
32334
97845
70484
67933
32020
18147
2335
3820
91187
8463
22792
64480
58700
87525
11900
4586
36806
93872
41710
10176
35072
75478
14864
14485
75227
16337
1830
62968
61646
41293
57690
88156
29944
21636
77687
69486
81912
77695
92434
82524
47780
40744
44847
80276
89046
23270
17830
60690
15360
3746
861
72502
98863
9950
31708
36360
43155
56637
64784
4281
29854
24248
55084
58960
39149
77862
58485
94145
57128
11210
48671
25753
87060
49498
96237
92202
69002
23920
1071
46463
6015
12742
69387
86104
19277
3106
52795
66327
22534
59577
27876
39114
1207
96095
84109
73008
95215
71689
7275
46572
8233
26097
31605
77927
6821
21320
86896
93060
92483
28310
79529
27177
93022
88333
13750
22582
57153
22673
85147
68390
50892
59921
65972
95775
94371
71140
28080
98627
35203
28855
23912
43636
13769
42798
13458
34755
93614
20552
26556
69930
56473
52317
18535
70077
13181
75896
70073
4626
81642
45503
77180
42931
39790
62197
95635
3242
99247
20557
47086
8856
91693
46648
82619
29771
14589
72385
28520
2901
66893
84360
63014
31357
15929
16541
35932
13918
88658
29449
19120
79191
56535
92219
46481
56502
43642
72709
34120
85676
86476
11160
4195
33232
42574
92236
1184
62334
82093
38016
9088
95005
28832
69275
21059
26314
24561
6986
44623
45828
33624
87735
87308
86703
80251
62753
25296
21211
49390
83349
64197
66572
10721
65842
92481
67156
3678
92496
2663
37368
33031
28749
77674
44112
83046
81905
76486
31886
85639
15294
95696
74149
16034
34327
67351
88101
43797
1692
7080
35139
24593
85748
49991
91303
1509
16762
16000
98695
3933
42308
28275
49821
37977
13444
737
54740
10118
55395
51523
57666
76624
43450
20840
27219
67678
21062
29294
11833
58298
60068
68263
54583
6384
21278
83686
93873
77243
78799
90352
80562
12726
76236
16825
93876
81202
33493
18958
70845
9532
58050
55077
37373
34307
18258
80530
79260
12546
47293
77224
71047
1416
50269
10664
93697
54062
14588
64351
83015
44484
79665
65611
51861
21268
32676
99841
52601
88753
85101
45965
48121
56014
90330
2118
64808
69538
76093
96916
20108
38853
49933
99914
44375
36973
8781
7983
74559
7595
45012
91506
40095
6073
40010
30493
9521
67502
71608
16902
32528
7917
31505
69119
67675
82769
47471
50752
10430
78940
37615
56685
37299
86737
68548
12747
90570
99072
20919
98032
34198
52523
39106
5150
7809
94017
34713
2895
48249
60662
92172
37377
64282
68743
13713
79609
43815
50977
66034
96113
57935
77938
98385
86957
27768
86627
27159
92536
5149
24811
74801
82435
29139
21507
32392
78138
63286
62595
6031
55850
13163
31723
22232
11493
61264
25788
81337
31020
98653
92694
4992
94602
26174
9224
97479
56281
47613
24614
67407
39209
45367
19836
15728
62205
73261
78534
77906
32377
48814
96832
65233
1902
66868
61922
8412
63736
17328
21436
39297
25605
33176
58810
71647
74093
66664
80053
60748
5049
29225
12833
15104
2514
13898
85875
51639
29269
75526
32758
65185
72458
7994
4147
40875
4917
84990
53846
84624
96935
74393
77030
80092
39280
90164
98499
18523
13380
1728
17829
72922
75937
62748
85982
51490
78758
96878
9659
64517
12453
29411
96859
46872
3614
40112
93233
21065
48134
17802
86166
76627
25038
6039
81764
81880
44444
93172
83490
69008
92705
73210
84980
52915
99711
31654
14341
78891
85827
59834
45312
82274
35630
17817
1115
97536
12371
28667
30404
54815
61565
75603
32342
79425
83903
89449
83808
52592
76395
27563
77420
45326
64845
34074
196
51884
20960
44021
53957
71130
95330
86204
73154
62361
54148
52786
19233
20006
8798
91448
58954
82791
96412
59210
27562
18779
43523
22848
18542
86694
73956
76393
45161
16878
47477
12582
6294
57371
23847
21677
284
4866
63385
26078
49366
36173
7905
48241
64433
96904
95858
68489
73649
78302
63735
82544
45230
40839
36935
16005
55331
29704
48731
51127
49779
4136
85496
68708
45454
83467
30604
60365
79525
34125
51604
59292
55488
19148
88787
46896
74636
54521
87175
30259
59357
93915
36258
21139
29850
68667
70689
62581
22153
90365
34762
53104
11155
51120
53218
88362
93159
66998
21266
37683
25014
45489
85824
82953
64535
42468
60493
31001
61458
16150
36822
47650
50283
63261
38547
971
95593
19388
76342
44000
126
79749
49197
89056
72543
45347
69665
12216
35865
72407
39734
59888
51148
1727
52647
56412
32663
30999
12299
51999
33319
42031
44370
35039
70878
88997
27089
50901
60531
36998
38228
85220
54159
34955
5007
71184
47188
79071
50395
42913
63439
16063
46983
53036
8904
59570
77029
91291
62956
73197
39963
44753
6151
89612
53387
98354
69234
70868
92508
3269
91880
65537
594
79589
18298
89405
16143
784
4773
75634
8745
80420
82491
42611
99887
47195
63535
49130
18624
95905
54269
84976
9407
89011
95241
50221
20800
28229
21696
48360
62307
30584
52375
14489
76489
99199
47620
31817
45441
29566
70313
33194
3265
81452
80684
93774
60847
18450
21408
34152
93404
42095
84850
51799
61074
8055
83524
82973
11819
84728
76729
83637
25411
6017
15338
73618
25035
35743
88748
25252
87468
13473
18737
98114
54666
65796
27795
42999
8094
3392
17257
18193
66535
52334
79789
23068
9887
40510
95812
39018
46993
31410
95145
44914
42532
2964
7767
79549
27660
67558
8668
12215
68767
8910
40398
90037
88165
85488
51903
35703
58846
44696
9972
36712
50419
43172
99968
91466
73096
46631
24714
84869
90072
4634
24327
10361
96211
59295
21181
37146
37106
41177
24977
64288
66331
1886
46995
87821
64044
32970
68498
19072
65816
63351
40768
51356
66259
22454
36314
55027
71440
29680
90717
76196
64859
91352
68072
50376
11808
17737
10778
61025
91838
31321
29374
96244
65837
31835
35460
34363
58123
10657
55512
92782
67464
432
19393
39585
97493
45932
48699
44919
20187
13104
62377
53727
57509
73334
89054
20476
60216
77591
88907
39778
39118
54578
69612
75536
70930
45436
35555
55580
82523
46940
20363
94355
72087
55881
29990
67801
22291
79994
46166
20
20060
44745
1379
73581
50176
93851
71850
22889
68197
46524
46045
82774
85298
71164
47770
40933
50623
55783
70180
46193
49881
99939
23948
67431
66913
32045
80003
75307
6341
98143
58811
58587
94121
18424
26650
68988
16893
60973
85650
62836
53789
87192
69360
61501
4475
33756
6111
49117
9476
4525
76098
5611
8978
50271
30231
90429
83505
23124
69641
381
79357
77574
53308
81388
17699
94678
30041
40489
62253
31752
57061
23275
74853
90767
71005
624
95530
47447
15193
95298
82563
31190
72507
2694
40785
35362
74978
1527
63380
61584
33941
87662
41332
25917
20427
38231
64626
88615
24833
92720
72354
51503
25098
91313
88669
8814
54243
35382
64456
23544
54113
11760
29376
95581
52483
26216
84364
93946
65088
34870
65687
48870
86255
98052
81626
29880
32590
26867
11056
70764
58219
48183
8244
20243
59412
53216
2957
22086
93419
67526
65148
73903
43312
68028
83561
5480
87128
34006
79286
25235
87083
46570
51290
40305
6075
85330
84777
18387
59136
73815
82383
16149
22272
34489
55258
73943
1300
86597
95173
83394
14751
91540
2923
54950
58750
25815
55470
66546
6950
88690
45930
27865
24617
82922
77271
20273
95734
23431
40766
64468
64269
36128
27712
49733
83771
65916
6748
1240
84418
96168
94951
56943
7336
47804
27215
4734
67205
68220
76275
16814
73163
25552
90724
7550
48952
80637
50911
75022
26872
91730
39031
6694
56904
94771
81871
68650
23864
23168
85314
86733
73175
37180
12995
36226
94039
18192
6824
87224
52049
65676
78619
5585
37558
31009
83157
41670
65521
28956
7816
51077
76806
15876
34773
53437
89938
85427
45136
50740
12679
34397
61733
33032
3460
18806
14447
11019
25241
87893
28234
64783
81477
56409
71377
28207
26301
74536
51501
89688
56828
50543
26809
2082
43601
36036
20156
24253
21373
62423
29260
89554
85600
79461
90833
46752
1899
25120
69659
44692
22348
92360
64206
42144
13772
50443
64932
35396
41830
31523
11416
70633
52708
10213
86767
54648
34004
98317
68728
57583
81074
19404
32864
51739
86213
7215
37509
65989
90241
38291
39023
78092
10177
61098
84059
40883
26100
94920
62272
39418
5553
74232
65358
40546
39627
87014
34774
37642
87888
66880
51012
25355
27229
31355
6454
72303
47029
31822
29082
67482
78835
31144
32660
73534
27638
77564
64329
50826
98369
57917
30264
54215
81121
60229
82482
71208
18189
23163
54138
45944
11876
1988
96808
96739
23021
27736
68403
27731
97315
38723
64217
13835
21744
53798
23535
94235
72356
95939
73315
84656
94157
88414
19932
49319
92830
45691
57027
95998
60174
12593
50141
65720
76450
59642
3769
87666
37012
55096
16268
99787
54605
16610
85541
39990
1482
9726
80329
11376
80246
89570
64544
63496
2546
21675
16555
79734
98696
20610
91109
48746
95350
47556
89909
56516
86223
22036
24088
60804
39955
4462
17423
42573
62099
89730
79502
61594
37251
89781
65346
88298
93557
78521
6601
22766
58854
71148
20968
66566
9994
39401
29610
46326
49384
83082
26247
91811
89685
47947
21271
68119
22166
75358
3757
38849
54365
13362
28562
82311
43611
34794
21620
39858
63194
70668
32828
75733
86483
84120
67909
86189
99390
79801
53982
9355
7092
23299
1034
25564
26677
49793
68922
6238
4200
95975
12942
66839
56482
61447
41240
51298
3862
23925
37812
94034
8144
80552
37105
69972
35999
95921
5627
36849
4870
95060
86593
64423
89397
39352
74437
14356
68305
5452
95427
39153
47296
63783
93749
57971
40528
82224
75288
37359
90276
39609
63949
93584
86416
8102
77438
16705
39736
51460
18976
80680
33776
88928
59982
84529
52755
90619
16838
60997
19271
26279
81729
48198
76459
39366
92169
81378
17229
65445
28071
74253
62297
12862
46831
7300
94136
89982
62451
25259
70587
64841
20488
39896
89324
42728
2344
64182
77628
10360
7021
84732
96692
