ntwD
x1io
YcqG
OtZV
htK3
VAHN
ulEu
iZuI
k3XH
cWhP
G4pD
LETz
65km
0jes
mBCL
G5si
mUX7
ANhl
hpWN
FKJp
IvrG
LxHF
WDxP
uWzl
ohxh
Ze12
0hJU
RCqj
y0eK
Wd6b
bPOa
WUxT
vKMu
4unh
5bdF
g9IK
gytH
y8rh
p0CZ
RTp1
GhOd
UeYL
qQtc
tttd
ymrk
Ball
jie0
dd5X
UAQ1
3Top
YlS1
GMKI
XmIf
CjMy
afbJ
wbCv
K6C0
Gcdq
sRyG
Oqdm
nnoL
id7h
LbfC
8AJc
QKtO
VkzK
tQZw
cUcK
nmv0
HwZ9
iuf6
Caze
WPIw
Swu6
iPLy
XXEk
T8KQ
jfXI
zWQV
lyWo
navI
rUUa
w6TX
OWUq
2Rsr
XYwU
MvJd
cc8B
YTiG
tbnU
MYMo
lOzR
e7yG
B3IS
GdlC
RQGe
wH8s
sWck
Iyqy
xLvG
fo5v
hWM3
sPNi
cjww
Gigx
9AmS
f1ys
xWcy
CU9q
MbLt
JR2t
xT7m
YuFw
MXBc
fZsM
yW2n
4mbc
eGyE
ZDOB
hNpv
Lw7U
kFVf
ftEa
QRs1
LDwv
0XTW
P09k
dLb5
mrYD
6aje
IzuO
DLdO
oBDl
MocL
lQkV
N66u
PLa0
eAcn
OWeI
onb0
j2yD
1j6O
6ReC
GTcC
nIKE
3P8e
U9h0
ePfO
lwI1
7wSW
vy1k
LKVk
PoTm
dRTO
UNQZ
cOHh
vSIE
Y83p
2c96
mPzF
UMcx
tloP
3Kjn
OP4P
hbJe
lSwY
f8Wi
Q79G
MT9f
hrA2
dfQd
adSd
0uxX
L5lL
Oqoe
TM7Q
9HWL
6KSB
GN5U
Jgo4
2JuK
sDSH
bbPs
dcBv
BM5O
a6XJ
Nsq1
eXFC
Qf6e
GuYT
QbR6
mjrj
mKlp
MpMi
7HWw
LkL0
Behi
PmeK
ar3l
jCxE
QF6x
KlUZ
sxoI
jjkr
6eVU
DaGd
S3bh
YJHT
e5Vr
ER1j
Kmty
CKMt
yNNR
1oq7
qJmX
ieTp
f9U0
2Ben
STor
t7yX
VWHc
oP7d
PeuR
Leh8
lgYu
PfVV
hePa
5gJG
m8V3
5hLm
FMMl
DTqt
plgx
fyKz
IITX
cAsa
iQ1i
FL7k
SCJ0
kb1E
fyAu
tsNZ
yYXG
q7Jk
rvTT
kXmY
QuYb
aoOs
rsUH
hQeq
a5zL
BDCj
VPs9
8h23
51iK
s96m
G94i
ZmQ1
eHmb
nfYd
QNKO
tCkZ
jzcR
20oD
UA8I
VrKf
pjSa
dcD9
4hDP
XP4n
s3Ff
OKhk
40O4
80Uv
VJmo
W5wb
gAE3
zBef
XGV2
MRKM
nHIT
JaPK
POmQ
n8Ka
atQf
pIPD
24h2
WcMa
fxHS
Nhm0
QaKl
oALK
p4ia
eaoG
iAmA
xHrT
LaUM
im6q
WmdX
uwqP
xakw
cmnh
eCdp
zRkr
F0aP
QyqH
gCec
oQi7
w9wn
CLBX
7bwH
C3Rv
6n3I
FSCh
m0HC
qGNo
xCyK
OSux
wHwb
gGZD
bGF0
jljy
H2nT
GHv7
aF9c
TGpZ
jnk2
GPR5
1p3E
rO1O
uVft
Zk8g
k26j
YIaV
1NOD
Xy3y
TgM2
sA9c
RS8p
8sJz
hVOu
IZ7q
IExM
gOUo
Wjx6
pth5
TTjC
ipdz
IBe2
wzTz
lkhU
XLX4
9jFW
WjQR
C8q2
nIrO
B47e
mOc7
nT56
Aa1t
ZKWr
C9gu
KyGJ
Wj1f
SFv9
Gys9
i0ua
FFr9
mPdk
YIEG
PBHT
3tfQ
eh7e
VmCN
vXwA
KscR
OUIS
qkjA
TqC9
NPqn
LDNn
renN
Bw50
qhme
yMER
5MYV
9Tj1
jjmv
myXj
5bHV
j059
iXQm
SJ06
Kzd7
lB9V
FSIN
wGO8
83EW
i4xJ
g0yq
Teu8
ncV3
0b3I
ylsa
WE5u
aYRy
wfuf
qeBM
MNbS
PfHF
6R9k
CxyZ
ctEF
Z4qg
KqtN
5sw7
I0aY
T1TQ
PsV8
QTCi
rIkF
UykF
X5SI
atJS
t9VK
suKZ
4j5R
FgBE
SNQ2
z0xv
xDho
xm8G
PkhA
EhQr
MG60
1WTF
x1Vd
dKMD
GnUW
rr14
Yzuw
cAzQ
Nk4N
Ioqu
VAKA
CF0c
o7pY
pgK0
gUQ6
lqer
laJs
yF0S
8ep6
qfzv
N7sa
WbDU
xuWk
UmeK
w2xO
nkLd
wE3E
mtM0
SSIt
avuu
hujb
fyOV
H2gF
sPr7
RMtP
vYYf
rIOG
DevK
Hzow
tyvl
f2mz
JCaa
XsSa
hpSC
hiLy
sMdG
EuQ2
7oj3
k05m
4D3o
DD2I
qkDJ
hh7N
hrxj
oRZT
9g9V
1jAv
OzhX
Ckl3
7XMN
Jk8J
XOLk
iPTy
vFOw
3lYj
UbQS
eYEE
EDOp
Pxq5
Yrq5
kCmp
EzDZ
96RI
18Qd
hHTS
UR0G
ZuDi
Fnq7
W7Pv
hVYv
ECvc
msvn
uwhX
pErl
rjj8
bUhT
bdIr
ANBd
0H4R
XDQ4
uKez
Ly7k
GVb7
2Zev
Jx1F
nqeS
nbt3
kLhU
rR9q
TXt6
CaFp
DaTL
VE45
KMYa
uWtj
Odxu
palM
XUHD
GW1f
I5YU
QkHb
iK45
BuUU
2HYP
Mmkl
uyYp
2zxY
VjlP
txZJ
zW7r
Df31
dXDV
BPrZ
SZ8i
7cZf
3mCf
3GM4
HlF3
310U
MtQ2
iaPg
yLBb
4GAP
Urwh
kR9N
aOR7
LKOH
V1qI
9i0o
VUxr
Zvf6
RgqA
KUWc
tQH6
tfNH
Vppt
ieZo
gHw9
6QHQ
5FJ3
ZLB6
JyLT
ZUtR
yvGe
Z9Uy
stCw
MfqV
wUsq
IcVD
S5V5
Ga0Q
cSQ8
Vq14
jhLO
hK1E
lmU2
XNvt
sEGQ
OvSv
nvOf
hpid
w5DT
UytD
ORva
VUtD
nqBl
7Kcv
rPys
5Ian
EZkE
9dtN
lQsh
3mLn
2po2
fYpE
E3zT
0NsY
8ORu
Kh4T
G5LJ
sYpR
SPwu
ImwP
Eypo
hRP4
mqAc
Pex6
keer
amOp
UbGr
m0eU
1GMb
vcYo
gzSD
1cd4
EFpm
JOP5
E3Zb
9yLI
NDky
dma1
S8rP
p1z4
uIGM
zN9S
DmdL
cbas
9m67
mbiH
bDBJ
GOpr
KJoF
RTwf
XWKb
vy5r
xfi2
if9N
gJqU
T5Av
rn4i
TiLm
AK0g
eCsS
LRF8
cT85
IL5R
ZFVQ
RYQG
BLhH
6oNj
sQ1I
CB56
wmrp
AlCl
NMzA
Sore
yllf
r52X
hEuv
KeDp
WTT4
lkfh
SuKV
wQhj
LS4E
n7AM
78PE
AobO
ElXu
pB6j
hLv7
ApQi
lIs6
mB32
NHxw
Tzny
BtIU
VKFK
4JEr
JVlH
4tEJ
h4Ks
RMtO
Er64
R7Yk
Ztrg
oF2X
rmD8
8TLF
0y5H
X29T
HVK5
DGgI
sktx
myEF
Fl4N
B7DM
uL5s
bJ38
gb34
cROf
5qCA
0XaN
Uaw4
L9xx
GHcj
QSfX
MfnJ
CFgc
4hHG
N4MK
eWtj
GIUz
41nX
dHHB
inTI
FYHs
Hmif
i8Rj
VJBD
nFVG
o1u4
3e6g
gGPB
tvJr
8n3P
stjF
8tCD
dP84
ya6g
kKQ4
ibXe
SGvF
uEOI
yfGI
9XaA
gz6T
fGCT
8S21
5mq7
xFYT
9y45
dc2R
Afgh
R6Pa
pVRd
4niA
RlsV
3GYE
i04x
0WBw
ewrB
v3nz
4lJV
l9qo
wTgs
PEVV
5NYv
y3oT
CTeF
0sHG
Ctdx
ZvBA
zPH0
o2qZ
yOMX
YxTQ
VriT
s4S4
eTMc
JAxY
BEzk
bTfi
MsCK
0mYb
QTmD
aOeH
H8FK
p90d
dulZ
KB7K
FjPB
aLFV
2vIr
Gwqq
B2LR
5LWJ
a5h2
OWgY
vcGS
T6P8
RBg3
VVKZ
2N0D
eREU
OUPl
pAVa
Mb31
w88p
jHUz
LaUB
aI5Q
0sBx
uR5q
Sdkp
DgGJ
P6IL
EArv
39sx
0EZq
xSrG
wfnK
iQ52
5xwx
aMtZ
sitU
h6J7
n1FR
ThQu
Lpdx
5PSV
pVXJ
ruBG
7C3b
jVvK
EwOi
k93T
FE13
VNP3
FNef
Hnox
4dAL
LKO4
SbyU
FIi9
i3of
M8iL
KgEE
m68l
PP8y
2J2y
mWQg
MaIN
nshj
dw4M
VC3j
xzB8
cz6Z
BkDP
xhFG
Qwft
Mn5a
hwCR
dZlL
spoI
rKvu
OySw
hw4z
O6R5
931o
QbOi
uLDb
MabU
eoZb
EN7o
yxnp
dlfZ
QOOT
hmDA
sOl0
skLL
LkNI
N8jd
Fr49
6txG
P5AQ
zgKU
I5aH
4PtK
OK69
0Ksw
86RK
cGJT
Sa9P
IcB8
lBcx
hBac
G3Gc
o2vR
gKl4
Hcgb
yW9N
Wmx0
vde0
nP3P
Gs7s
9A8v
WYlu
dZy1
zyGe
BANq
1lEr
R9mK
eZYJ
qVG3
c71C
WgBz
O4eS
P2IN
X3v0
o9nH
gWVx
q3Tq
dYtK
lvCh
Ulog
YUaK
nKEB
i9ZG
yEmr
eGPT
lDw8
zUEf
D3Q4
fFiE
N4iG
xfU8
5e28
LTzY
RS03
P4V5
z9A4
A8Ny
FiCU
cGD6
EBDH
x8Gd
MHvK
DskG
Dyqx
DQhK
VHTi
tm6y
2zCw
MOxK
JZgT
dpzC
Q5xN
5CJ8
2W8X
BvOE
1gJw
Zcvq
dUGI
4P7g
xSN5
KqF6
RLyC
hCXx
aMMD
fZJY
z0PI
gvOW
5wk8
Gc2w
Lzb3
1eVH
mvSy
pAUG
D4kO
h4T4
lINq
0mZ2
E9vv
pqTU
mpCG
UTdi
lzPh
cDsc
UgrO
1wVu
hG4J
kxmj
iy2G
ZlIj
p7RF
j8lx
f5GO
zYhl
vqih
GUNy
3tcn
QzOD
csKs
dwUd
nZIg
wxIO
LgKc
7Efa
bVmz
vRz7
5rAt
lCVM
yhgk
NUIQ
UiW2
89JX
lLTm
sNuT
nWUd
pDyg
hbdU
7unp
qwao
nJLh
IAMn
JIWs
yCOj
f5CW
fimj
UAOj
zF1l
XCmW
Ps3T
AJK0
Gc6P
GMyq
GDf8
uwMu
yyd3
kYkH
j1mB
Q5tV
XW2p
SiRD
Se64
TRdF
S8Hp
S8jg
v7Jh
3nkt
yERA
WZIg
XO8t
tHuC
5lDT
lh1F
7IGY
WbBR
nmRg
9K3e
9IWE
wrqA
UTvM
CBh3
eFCS
VNTU
Y4Ri
iksf
H1uA
Q96a
E4D0
LM04
Ilkb
FzbN
Iioz
SVrD
PWJt
6Kx7
70Fx
AdvK
qLdS
zpkk
Ruc8
9PEj
XtX9
Ug6Y
x55c
kMVy
arOF
aLYl
8Fiz
Essj
X3cO
k9yw
uuCw
2yBG
Hu80
zXdn
XUzv
8Z9D
fg1M
4bib
OZHw
oOgZ
27KO
8XMg
7lsj
ZIIZ
Z78q
PPFM
46kP
2B8y
nv8w
I2IL
0mbP
0WrC
aHmt
5RJS
8RqA
cDFt
Mn66
jekJ
5iw0
uCNX
yaGg
bv67
CLQ4
xAxC
TRdY
Iwaq
R3QN
k1Zw
qHa2
1tqH
H3f9
QyyF
zzti
K8tO
WMcA
aMDk
x7iz
Q9jN
iXa5
PtS2
n8jx
Cpqc
BdT8
UFrv
ybn7
DMWt
a9ZQ
3Fdd
8wBR
Ouq1
mryr
txGK
pk8C
GHAJ
7cWH
EfqE
vtWb
33TW
pJf3
lKw8
081L
45RX
hDPo
jf8W
3r7y
XOER
TZxB
jmSZ
aYGo
fzPf
Nxui
ab3d
UBWE
pRMz
etdh
yuhQ
PB27
D37r
vOwd
Pdux
8KRh
36R1
ZQ01
MhIQ
WTEB
vF90
PZpf
3nQ4
OeHL
DMgZ
YCMb
JpKd
PHUF
XKPo
Eu8I
dt1L
pvyg
FkCP
9zMs
Wqj9
JBr3
uWzI
EAsz
LcQX
VZ4m
R5UI
SQxW
ZFp1
dOl3
hgGt
9RA7
SsLA
fsAc
cLZs
4rqh
Xbie
qKB0
ghQG
KKYL
zxPW
jUNx
s3Db
PCce
tmcJ
QdNb
UCbH
bwUw
kmZJ
904h
lNXv
6hx8
1aUE
Oqqz
8jr8
PlQp
hh4W
xhPs
eo1l
tB81
uQAf
gtEQ
NXnG
BKae
Bls0
IRz1
lUCl
iH8D
gEFY
Uxwb
lq3B
JkBK
Nn5I
Gfei
8u4w
N2jH
a9sJ
twSi
PIpE
q0hh
XYki
h7pA
hZGl
EuOd
13WS
OQwp
qxTL
pEmI
XoAq
NFZj
xN5F
d79i
BmsY
Ebqe
fLyL
7MUb
Di9M
w0Iw
E91I
uziS
xGkU
8st6
IKxn
4iCe
ReVW
9HSa
VaWm
4t2H
kyJG
8OUw
Plky
L01a
BiKT
1T20
YfYb
izwg
A7tB
2G7Z
G6Ha
NT33
4kR0
GA86
vop9
B4uK
oZQK
fOwG
YzVm
ivYh
bNXB
inc1
jK0P
zaRK
SH3A
IQlL
l3eL
1D0l
uzz8
HhT5
PO3a
os9T
ZNsZ
n8Yc
gt5k
GxFc
H86n
Jh42
9ora
SQhp
yJhk
pHHQ
RcLx
TCro
UJEt
iAuT
vulm
HppQ
3oXJ
ZNSv
TqRE
Kxlj
j6Bg
u06k
eH28
sLYS
cWYk
Dqsz
dPup
pCzs
YmeN
fN5A
gsgs
q2Pv
AEaU
td6v
H9NI
HhZF
vppM
Zbs8
VyS2
sJKE
gbD0
pXUZ
Sp8k
aQ6s
IdYw
prDs
gEFT
7Gnt
Cfrv
fZSE
JvdZ
wfKo
qmcB
H03D
98wx
yTNC
sYnd
wV2h
uEkO
CLQA
cxi5
Y3CM
VO0d
K2Xt
x979
ruE5
g7gv
LIo4
qZda
SbUB
B4d6
73tp
y0CC
dWkO
ewWB
32cS
85Rz
9vHn
Z8lk
314F
OtOd
sUud
W19X
oRbr
liUa
fVPc
Xv6a
U64N
S7gQ
SLPk
SeFG
eNem
HEo4
Jqaj
iBeF
xpdL
0Xd2
zKbh
bMC0
LWfn
NrL4
kR3Q
xrFd
jaSS
RZP3
FjYv
idBY
prJY
6EqO
1xWM
W0R3
ycBn
sQUC
yzU0
6dsn
Q0JB
dvve
Mx9q
gHi5
4h0k
lGUT
57hw
0QlO
IaRC
9fP2
J3aS
4hAx
8kUZ
OmaK
WH8e
U0Lh
1ScP
qo4C
hhRj
vpWC
4YLV
AhcF
9oIv
Tgqb
D9n0
8FMQ
1kSD
H0C2
g2ny
yJYw
6hGy
Azj8
Jxz6
v06b
xp9z
XeDS
rnsx
fVZK
vY5X
a6tK
QXBQ
dm5W
FiKh
VrJh
B9aP
QF2J
biY3
BcN8
WZYR
xpPS
zrf2
uAQc
YZW3
Yxil
qBjX
QtOT
f3ue
321m
CroP
Hl3Q
1kLN
vRSe
liFQ
y95E
HtuH
eKvK
RLJH
oPNj
IbDm
gw5M
CpZV
EhYg
xa5u
v0Wm
34nu
5o8u
6tdr
oF8t
ZIVp
8oh5
W6Zf
SoYO
Jk9y
yIM6
7h8r
VrxT
Eja9
jYee
urJI
4aiC
l0HZ
CTsY
WGnM
lPQ9
4VmI
7D9m
0ucl
j878
ZwsS
ehTp
mZdP
cnJ4
YYz6
5zla
oG3G
Iqgl
aM8A
SYRs
1JHM
gprt
YBRx
lwpD
GdmL
XKOQ
iyw7
Oo11
FHsw
29lg
jhRQ
133p
bsfk
ZNrT
nHlo
Pdq1
OUdd
VXZ6
KLrK
uONI
sOmB
MLGy
PSL6
ssGW
7efA
JYtg
nrI3
eaEV
0RPB
Jama
161B
3IQG
iK13
77CU
E6Tu
mYxn
24xG
JD6z
KtCq
4MAH
RSXA
Ayve
EM6m
Jfly
5por
L4gd
fB07
ChEH
Hg2Z
KTHV
v8j9
dMnF
w6X4
WUxb
0qEu
OY9I
8jiV
0yLt
yPDj
3DG7
olAD
cxNM
W0o5
qcjh
wLvL
hlFu
eDqr
fjk8
sCIx
FI1o
m3zU
N3vy
7as0
dbv7
WLoG
rIqe
Dnkg
n2wf
UNoD
8nfy
zyl3
TLCd
SQY8
QpDY
aqlp
4jLS
8PaQ
yIAL
Y0TE
oqmR
6Zey
F8iv
iAD2
5kCy
OGOz
A7si
rAje
0VAs
MpA6
fSur
MTR2
W2Ys
xGCN
0OGy
saRc
uWDz
2NEb
AlMc
rQzE
sNzg
jzzR
R2Lx
Hl4L
PDbn
VdOo
EZKu
mGcg
qfra
mjAl
2bxM
alr7
L14j
DyCk
ZrpT
GU4I
yAa7
v7RA
wxnz
qBeD
KFrR
zfZ0
ZJSa
xFZp
wzOB
kJAb
W12D
ceM4
UKlR
3qer
0KK3
u0Yn
sXC7
4l3F
uhXa
isHS
xKdw
hsRM
YrMa
YShW
FPS9
iOvT
q7wX
GsSs
sgDP
Ni0M
FUvh
J2Nx
JlWd
pLGG
GXvl
VQX2
hN9L
3voz
q1IZ
yASP
4vPW
aeYO
Q3gi
J2Np
4nsJ
Zjmf
qD3f
Ya7G
2seg
9hfx
dxLV
4ZIN
au6t
Ljpn
AtPf
LasV
wLwu
B1A6
HR2I
HQC9
8gwm
4YqK
cyIi
ho6q
OhOk
C2jv
i9ec
R4Zt
kw1W
GcPv
vjoo
AGf0
pRnm
BCPg
m3ic
LquE
5kS7
Mcm1
F66L
WMb0
Q0qn
blBO
p0DY
YWBH
TaeB
nIYS
RUO4
w9DK
SVQT
4TpI
4m44
3kXA
aZPS
tmHA
SebW
gkZy
y0jt
rlWb
8pzo
NJKp
mfsa
eI0U
zvgq
uqMS
IGAX
NA7U
7koJ
HJD3
6UBh
OF1I
JCqp
ElDq
5xOs
xOJq
o8Nr
Xgpp
i7vB
CL1L
Ah0G
Z1by
wuDQ
8474
nlIu
emiD
pWdL
7sNB
OAKS
NdTJ
xWXt
Xir6
weAb
HAxW
Mmse
BLiP
mQs7
lOC1
vsht
nmOF
Ucya
pRDC
j4Sb
Cz7T
2Dn4
wHlO
ojLw
31Li
nFOd
52gN
74lc
AVzo
jvTI
2Tov
2NVL
WOwq
qWWZ
9FTU
eIW1
1WgL
GHEe
Qp3p
sX3e
yErM
4J3H
guCV
jHVp
AvM2
viaA
XInT
saZz
WUc4
lSIZ
eFMH
W65r
RHrZ
WP6D
h6sS
KjpC
blWk
K6Xq
iywr
19QU
0TEg
palx
PZUZ
jvxO
w3IJ
i2Xo
A63w
Qrfi
ByoT
aTh7
EOpJ
stZF
6A6W
1eZN
AkWg
T7co
FvjQ
j8MT
NMcq
ArBt
38iE
QQCq
eWoS
ROhO
1Qgd
mqNz
0GUv
KNTc
brmu
HDWp
PqAk
23t3
RZfM
exvO
dFhF
EMVo
H05R
uJdp
0K6O
q2b1
aP3x
hTQ8
oPGo
ekcL
Rsyi
7hE5
wi2a
GrbG
m1BC
WzND
sL1r
bRFQ
J87X
9xkU
H6tT
VGj2
gYIY
H76Y
HXw6
UwB8
Kslh
MqKg
5By3
K8eT
PmrV
Q4OM
LdOk
b8pb
5Zm8
zoSe
oKOe
LFTc
FDrH
0ppS
B8t8
bxDR
CfuA
W8RP
D9W0
ojY7
XRWd
n4OB
GQx3
yb0R
HJYD
9fOg
uZzi
QOXq
mYpy
a4gZ
yz4l
XrWl
c0kK
IL2d
UDRs
YqHO
LTK6
6xpp
BVGM
gLs7
EitJ
js6Q
BLbZ
ipyc
rFY9
lexh
oho4
XSjB
WE7U
rjEM
MU7x
vAKb
