83440
74472
86553
50430
48577
87403
66059
30361
66288
21888
58039
72130
67364
74774
14439
7170
44977
69850
11494
41511
59612
57559
35945
43557
62298
83529
30653
47281
14836
34408
25429
18301
32041
80175
56958
68370
64147
44388
31792
85725
33854
82443
83653
51708
60554
29564
56995
56173
26855
71260
49886
71076
1183
20682
62650
44440
46559
13498
49769
32980
24767
70703
65538
47517
46527
63850
5894
7497
54590
83801
3597
47563
59746
12834
75103
71223
74096
81420
59068
47895
38401
5223
64393
30503
32708
63480
21787
29137
29695
3517
25714
86086
62799
48653
51402
60768
50861
80186
53365
83527
32718
11379
30118
55894
59568
44702
35620
65453
22651
83946
8381
83707
57483
84871
29124
84528
34598
52041
71236
19617
26165
17306
6684
41333
37971
34052
4601
14989
23331
78206
28760
45993
33340
21859
10808
37919
71498
76801
6930
82153
22655
52583
65107
55003
81553
73079
70073
15182
14689
34325
40387
66180
72230
16996
30680
53865
20021
75497
32182
38316
42529
6782
18289
78122
11598
72711
67720
33883
22324
24829
84399
44229
34143
40576
22088
4488
25287
33462
33953
31730
68166
33117
22949
13604
57302
40859
5353
22254
46488
10702
75745
28949
1268
80411
67238
66209
47860
19112
73832
8614
29977
45024
75767
82802
3808
76984
66175
31392
15487
19785
45629
34138
21983
67056
28671
76097
35371
62058
27883
3520
61752
42385
1794
52765
51583
20009
18468
74055
3098
66898
81022
52905
13555
14762
60890
7530
73777
16061
2132
74123
38286
36098
51302
59245
19406
27474
37904
39429
40298
13879
31996
5126
30478
2747
23208
10286
69962
40447
51563
72427
53011
41320
69051
31018
45279
79106
40229
24885
40784
55709
44129
73167
29140
1683
79223
50939
1815
18581
20325
82166
61131
18952
57394
34304
70909
3567
59899
62697
39578
1497
66004
32364
20964
36369
22228
72286
40697
19134
6452
25441
16508
3127
81539
56211
69368
23940
34890
60833
66017
56545
24282
42129
50158
87889
29537
39280
39760
9576
68210
32264
63441
56044
40739
50167
57059
41959
45888
41578
11433
84857
60668
66103
64704
47349
80691
82684
1078
53841
85165
46285
10924
10287
5603
79313
8060
42367
9078
5710
61629
9615
3678
17965
37608
66562
31560
38274
18033
49218
28493
66560
81076
42852
47053
18028
85387
60218
69775
3470
85368
53693
45207
22468
61427
53850
78444
52082
27376
30005
87222
72311
27391
48728
61238
4435
13582
24825
64740
24415
32659
47496
49163
83108
48629
22804
29321
27320
67036
53308
37544
18385
72894
3798
75427
57094
59608
30003
30159
11882
64144
81258
77885
39829
21471
28043
48840
14119
22597
43458
76181
1039
27001
67606
62440
29815
82330
73120
70004
66109
65586
21403
71405
60753
28711
18798
20135
19202
64237
68953
38004
34933
10769
41215
70745
19158
73064
26111
30241
87790
9824
11042
74189
86327
67431
68178
8990
61050
87826
48251
54790
7648
39823
74478
68217
35221
29608
31262
45950
47980
61357
86742
85630
46325
83815
28627
2308
48324
3925
66980
11172
15882
5596
17417
52659
22645
52747
37373
70631
632
52781
80178
42827
75921
71100
73674
44429
62200
25173
36202
68479
23136
85608
67156
4866
54948
38840
47882
65918
7908
70521
72488
19466
86540
14277
731
45802
68630
38454
24640
29538
68411
43097
73104
53671
25409
69886
457
79290
188
18930
83385
83959
13333
58986
5810
60842
67959
8621
30540
85606
53699
7534
30559
5529
21717
9376
13343
70511
7737
40206
68879
49671
20316
45862
64206
51544
31299
20110
62554
56335
87291
80636
65211
46030
73043
6033
23511
71032
31745
38444
11014
78681
5493
78511
47975
83055
39214
38261
52389
27982
37920
38219
64408
68410
80643
58198
20603
75729
48763
16026
69034
72588
4196
53058
75809
55961
79466
84367
84427
30862
9651
82151
39513
59428
63532
24476
69445
7891
4785
74300
973
15478
28150
3028
33830
18630
25923
27175
15346
39147
79124
57883
24789
53862
70990
14710
34631
55264
46438
34026
32419
50442
11464
37725
16526
28955
2509
10100
58358
67916
41786
20765
35633
9956
76938
87112
39416
67233
56250
29514
37970
16055
49959
11577
59161
63982
78431
87772
86468
22994
81085
55807
10454
64577
85571
20475
79014
12318
562
9851
80176
44577
84224
67666
8303
20679
75436
47557
57378
9098
15823
77440
57830
78549
46816
73860
34593
41128
72724
38276
11914
76029
33948
27086
78391
56299
44263
72974
51076
18207
69269
12833
18212
9421
39308
11288
16736
84286
75893
10935
15321
71544
64643
5569
13588
26897
26187
9385
54810
31444
18029
58108
79165
51117
7679
30085
20883
19539
12602
19457
1811
12053
28133
47080
54064
56407
23886
31579
74469
12421
77293
72700
35822
33677
45573
64520
55971
46953
76544
21721
44465
76453
75749
38134
58576
66372
50778
37124
16802
75194
4066
446
2649
58560
65277
16859
65699
54566
10801
87486
35649
10249
27858
28873
64617
87567
42105
71275
68324
80164
10230
10517
61303
85937
72068
34586
5864
15944
44284
87563
16132
46523
40879
14225
44750
20632
51449
8299
3657
33889
86318
38260
51966
38951
28634
82240
2038
3779
25483
39234
2374
31858
44767
53028
18742
74302
78665
14505
19215
55933
21627
68579
25702
28639
62886
74126
71919
52788
53769
8258
74174
61809
80026
85327
51390
40173
69121
23760
60498
24405
52063
57538
77253
36667
19725
77863
6130
78805
80289
73670
79897
78120
10463
45122
82265
33296
53031
19386
36743
18269
27480
18797
27996
31786
46089
18796
85216
32956
57718
57446
45303
87672
57914
30302
32856
70270
25600
41279
86517
6960
86093
67485
87193
74802
11327
58475
6777
72043
60175
44491
54965
33602
13371
30534
49909
74554
12550
456
83975
83698
14899
12922
39411
60955
59970
67378
64171
17364
65024
27672
41763
34269
39543
9029
54862
31421
9917
38969
51341
80420
87123
51630
81380
86141
74587
24340
36719
297
76014
67012
64095
1319
53152
6232
35469
32574
10883
41955
26665
34272
40691
61437
63939
9892
86648
34826
68425
64873
44042
67314
13757
33950
22010
60939
5957
80927
40150
82705
55462
41347
54394
70236
43190
48259
87170
16193
34509
76645
23719
46664
50720
84475
20132
76527
63854
86651
41322
8552
26744
84158
67665
67440
86190
74203
55537
41643
87377
46613
8792
57163
64980
47594
47107
57569
34661
71450
87768
66480
57745
14099
50238
7687
49792
75613
62320
57305
25592
25749
6933
6814
48404
5743
2486
54358
58941
64495
14489
17869
35594
80247
68653
25432
1961
45164
53447
3724
4352
20691
36634
2928
72933
23345
3049
80093
87570
11424
3009
3113
2385
58851
85130
84979
32461
51397
63573
59261
63590
3692
55320
47823
79183
59505
23256
52161
47484
2465
75297
7144
34279
61967
75953
32526
75671
76475
70535
26285
58647
41250
44474
77384
72510
43693
76042
17390
56428
18939
28757
1327
65859
72236
13304
46269
50661
54902
57892
82420
50847
64335
30409
17955
83556
83673
52185
64633
37576
77179
7921
14227
71313
32005
76328
63204
51560
1929
19525
84721
78435
72342
75709
46222
14113
47504
21609
36330
69303
87374
16823
18382
56434
6675
85400
75955
52098
28750
84532
68208
5615
73666
18136
60137
78415
82898
40370
32424
66170
47219
74573
39026
53951
68739
39591
8916
80208
55913
58491
22398
34979
61982
4440
66009
73497
14329
61340
3533
46406
75832
35250
51761
51406
3034
36591
57825
3095
71117
45322
41849
79444
8422
46836
52543
51037
14072
68913
19928
70538
49212
34730
61027
46913
13817
84034
75170
4904
62618
46345
37036
75282
677
81446
77746
50333
51726
72723
66866
29851
73951
64202
51138
19746
57026
64509
55530
51008
69307
23458
30624
76511
29347
49389
83250
78972
42741
32035
53979
4874
71317
8932
23379
68182
44166
9696
2719
70959
23198
16319
51208
23027
50337
37428
31591
45759
84634
46029
70599
31194
67854
83314
28642
75935
49031
40791
70104
39988
69208
23289
32380
72687
77266
87549
32768
73363
14573
59393
11085
47074
61435
14722
14807
12280
39738
23816
41595
6096
25194
23357
19699
54905
86738
42709
45591
27917
20721
69862
38916
19767
48293
35048
60683
50099
82450
31586
46124
21802
85705
76180
67349
18725
2037
22070
20055
39931
53145
24195
62308
29144
40336
83691
2243
72760
23223
46563
3144
38845
73406
79922
37252
13943
72768
87762
11348
30368
8737
48460
60968
47246
17236
64167
24161
23239
24019
20741
3821
22716
48051
71136
75422
86200
34781
29299
37078
37605
59374
42845
87657
35789
58885
21282
78686
22512
37622
18460
80039
69927
30303
73391
44203
2133
64064
41706
81504
82953
28763
76412
65228
63192
79108
23080
14136
33425
59500
62218
21399
42850
33351
71721
63382
36836
33420
59315
62503
75394
69023
8300
43092
69191
36021
9864
20533
36378
21845
8684
17810
59789
34488
4414
11549
84712
25994
45268
76472
3342
30392
11168
6486
54584
22996
73288
35755
63727
87445
1541
63187
42011
46871
42647
62687
20818
51216
62346
26030
568
61838
43324
43782
16616
70721
24573
44056
46337
31316
46240
84742
27691
57701
75464
52257
23134
54529
82253
6904
32248
49723
19488
38187
70984
1606
85278
44074
23715
77552
77714
46678
36454
806
23095
72875
8527
33716
11934
10634
46769
36192
31873
49659
39025
2584
41828
14909
58049
2751
14555
23877
65299
39354
11545
46249
32480
34195
59139
10816
18075
68914
23164
76623
50096
10098
35190
787
2583
65261
80472
33044
67506
60985
22884
73876
33431
39521
84722
33204
58232
3505
70896
62578
51803
26805
22373
4129
86922
33479
8554
29371
40212
70882
61864
83006
4238
58352
40706
12216
22974
27705
7686
4027
55806
62223
39317
79489
7586
9106
72232
16693
36227
15646
68238
77024
53508
41286
11763
38918
21979
27597
10180
55460
9356
85192
61118
11917
1408
61329
31895
55677
59231
84956
5606
13088
17783
77385
3800
27726
75039
59837
14510
74223
32346
58234
83268
8171
70401
59373
45040
87346
70828
48448
20165
84423
2657
18464
57336
46220
61990
39465
70260
81228
28456
66408
70258
63291
42259
32647
60689
11846
2964
69652
51978
48758
20971
39069
78912
76828
72411
25778
35926
40223
14734
14877
2442
22912
55934
33690
61555
2612
80481
36354
1196
25925
30105
72975
70442
4558
50974
73050
49780
29661
70431
74348
62316
52586
4727
7204
46712
5530
62377
85786
9508
52980
86160
19521
36179
40899
28417
11503
87262
4810
58948
81074
29415
19249
74732
4572
41509
8633
16277
67356
13129
51018
18974
83098
62677
71324
34988
27694
29127
65996
82056
45081
75161
4074
67259
55218
67445
29417
26243
72745
24044
84992
3377
18585
10003
66979
41006
24074
60651
52752
64632
80120
85068
1092
45589
9813
6783
14595
82431
78567
78897
48749
40635
81916
28106
75600
15498
31916
42920
36226
38215
65364
82506
46837
63634
37180
73007
72032
62947
60144
39330
24026
39604
62540
3360
73055
30612
72656
31477
85601
73001
30240
49330
23699
48844
39480
35186
15965
86543
52637
57277
73942
78880
23403
8143
19606
3157
3117
77271
86731
29328
77480
49423
65914
43413
62471
26125
57194
69584
19701
27584
69022
12749
26961
67447
86290
1917
77905
17013
50641
24295
25844
33133
58151
41740
84943
39770
64213
38255
78296
48193
3933
43043
66205
10626
26228
48752
5832
36181
59534
499
55694
40149
39261
13802
60793
46595
51680
29229
27406
49887
48755
30972
59571
39492
67184
85097
46787
4227
80782
7176
1360
8292
44023
37247
81050
82510
34397
73315
84625
39603
17173
84922
25278
51830
44450
82026
70196
12165
73220
78727
1740
45554
78088
58658
62270
42753
19717
34642
40372
47818
44289
50679
76206
54982
73764
5085
79774
60813
68697
16686
51851
53561
58304
24948
42704
1453
46725
60692
33203
54228
39749
54134
54242
7043
87573
24979
17416
64800
30892
84582
66838
38577
76509
71463
40260
56245
75233
67841
74042
57158
58711
31750
34528
29948
11912
30888
60857
38377
55905
15506
87064
17120
41991
58001
14232
44731
4780
58422
48917
36111
24377
22893
12850
29897
61720
61047
18570
28394
27342
54619
39615
5659
52155
84483
43090
76538
65194
22431
64452
41649
46822
58750
15223
21439
26880
86055
72636
45911
33270
4362
57624
77934
24332
889
20546
27715
58025
44435
47394
12955
18760
66380
80602
18746
86163
79542
18859
17337
16683
81341
3712
28958
56349
20763
77183
54645
85915
34655
14159
22330
49731
40811
21631
61336
4383
16430
50761
63762
54741
78692
58158
75208
3154
45136
77391
66627
16851
65124
49694
20033
67220
84664
30519
75076
41770
61941
57902
67405
11274
28730
9216
40092
66697
82508
58399
13629
36783
62672
39865
79819
3219
51289
28297
69547
42903
41743
27731
12778
32624
14123
19662
45466
55050
56266
73389
8195
70562
4828
12431
51339
39562
81152
7734
32033
17239
20843
79094
68321
71910
31585
46546
38939
38222
26058
26835
79926
64448
39169
65191
18695
42522
39528
21837
68066
45085
51686
75788
84700
83878
225
72635
9775
83720
85528
5010
72472
70856
47546
36655
20579
34171
16385
31061
22487
42013
74878
19869
31352
60332
7714
80702
54004
406
31282
70960
45915
51222
4441
46452
23068
2620
78373
20246
61074
54669
81807
28437
38753
55014
33708
58201
69874
2651
65068
62258
17203
47471
45893
817
54283
16625
81759
52207
28818
31209
13023
37304
69462
18745
80565
34387
32710
67332
28313
6584
71311
20624
8919
29257
32180
21774
79680
7414
3307
17153
22747
41397
42674
32795
57208
54886
40838
76723
7293
3211
41613
80614
66428
76287
26000
86890
2339
71609
25681
22393
86556
17788
42986
4748
77938
1100
53250
53079
22547
64570
67032
45987
86660
76152
72466
62827
72495
15391
51287
80593
57912
52147
36183
11982
32267
17696
8237
59785
17372
23769
44287
84958
79533
46497
21343
64128
34522
67697
29389
12692
33551
71296
74841
54689
78101
26366
36041
66185
7954
53526
70965
10520
49970
77655
53170
65173
56941
11401
82430
68493
29951
77287
65542
46494
84594
37934
66182
19211
30016
68470
39502
18815
46402
47339
69288
78725
1071
63584
43271
46715
30745
55875
3829
78339
6098
68934
50364
31960
5088
40259
65256
38484
79187
37734
976
13804
14543
56087
61631
17017
32295
24085
1968
30923
33121
2591
25469
49719
27231
58983
65233
49161
60780
40729
43957
76975
8041
83727
32446
69018
65361
59204
55294
57500
14281
35439
74114
15120
40907
37536
55930
52386
17547
64348
56996
81310
64157
51220
62203
7796
62776
69375
69351
13771
56743
61663
43924
5380
19422
59686
35972
271
66831
11814
18475
9116
71382
80637
14083
28217
6585
12158
51400
53237
37535
51795
39201
20052
84573
5803
8542
57385
66286
63162
34630
48472
218
31355
19213
27643
72802
25466
47153
31408
16355
79858
51102
24193
26384
64718
16764
37221
23762
80246
27489
69670
9021
17165
45055
4126
56994
71859
60013
17213
45014
44701
67197
10486
42722
546
26740
81434
51516
45523
67721
17994
67428
84877
48474
51480
63332
56717
15322
41481
67099
87904
16846
52405
943
36605
28775
75705
41950
26215
39328
8956
51254
42796
20108
54796
24046
47350
7401
5042
13900
3498
1088
57535
49922
49620
31380
86211
9926
21027
64524
21797
50376
68168
50844
19188
5844
22537
64454
56236
33939
48292
63219
60203
71009
83961
8712
35896
70966
11947
57024
79604
67089
11244
7553
36288
10441
50010
69572
46826
79143
12988
80286
23745
54445
26110
37485
44886
46875
20880
15793
74118
63001
76242
14740
50012
87856
75333
31100
67732
3199
42186
49384
58058
82134
14500
56160
32016
59369
77341
25185
6414
35073
39293
47289
28462
10343
6533
45666
42245
46699
29796
48372
32286
83100
55532
70205
58261
7197
41958
21202
52923
4585
15010
82618
31606
310
11297
14520
10087
44820
73754
47150
80218
68275
64603
41484
63338
70239
34914
26105
38663
58495
12276
10297
79515
17259
74782
43010
43774
58370
73265
30867
2893
68725
21133
21386
87568
72366
16418
84536
25511
9709
63874
50185
87150
41001
68281
24428
4177
76070
63461
51542
77262
55851
20419
83088
54922
85231
33486
82366
75651
70436
10821
2051
82688
37040
62859
73744
32929
42734
3715
68899
2547
4535
39238
80232
4836
45600
41037
72314
62681
30515
51393
58474
23029
45702
18200
37198
12179
15277
46662
25444
78249
67034
82895
4271
64870
68972
70405
13664
58543
29909
50079
85672
23184
43645
64825
49360
66499
1517
46719
61837
65721
79901
55923
61475
73654
47593
55684
44254
22161
5992
46612
22306
48793
18073
69343
72865
18509
64116
13898
38073
42412
46714
83714
31457
70678
5646
54927
20816
78641
44793
43531
56362
51474
71738
20441
32652
51718
35844
44814
10129
67817
20312
54704
18344
52492
59712
10504
12678
76380
40610
85456
41516
79333
85534
36064
73678
77364
13358
65246
74405
15548
15130
634
86102
20896
20722
68083
38560
25010
76680
69875
71876
1351
8689
45565
49712
80633
43374
41882
21082
30176
65677
24501
26574
41890
73273
52018
21924
26482
56803
46461
31068
1162
29904
47867
70086
63595
10021
30223
11480
7498
51499
66130
42620
71427
69365
8732
85512
69359
28929
22317
27554
18219
70605
54160
84157
30692
12221
73578
61441
31846
81796
32395
4554
72730
29156
60015
16906
59927
62369
44768
32820
4962
82664
1246
48683
24350
68456
84082
2367
29957
57505
69916
53348
51381
43614
38253
23320
8534
23330
1618
80744
39514
77781
32864
44513
64363
80690
51854
51940
8313
26552
11660
6723
75469
68974
68874
83740
62117
75747
16915
22439
62289
39004
53585
71668
66149
5173
74010
60886
27678
47059
35627
87931
68212
49636
763
21334
55179
52960
61527
9007
78463
44257
68654
35127
80530
52480
64960
6362
17894
63170
23925
11084
18650
3689
67377
59166
77468
11352
49985
84697
80482
37616
82458
5497
64726
69094
24976
21125
34511
4932
5942
2589
87736
24117
43449
50796
43298
70099
63427
81810
58393
883
21519
53717
22837
1083
75041
6477
57229
70324
60799
3687
3530
25612
87753
33034
15915
20502
57950
41076
72935
71395
13376
50325
14138
87167
18903
27711
24941
60888
52194
75303
50600
18164
13352
21830
32114
1418
36683
24296
79179
62701
78087
1282
26756
68667
44829
2874
9710
2359
49471
31909
24707
43102
72239
32452
83774
49907
36421
24270
9163
86168
9970
38758
11601
27718
81433
28470
21949
86843
39054
37878
57577
15062
59185
83465
70971
79552
30174
63661
50656
75855
37797
24951
49338
69254
26684
13019
54583
27756
87388
8862
81351
23112
42815
23653
59317
40785
23463
68586
42890
70127
20585
81372
61790
374
9060
9081
54028
46031
45904
77439
4861
68854
32207
27217
46888
23193
12205
66618
73944
10328
32341
41767
81831
61484
55259
34880
28787
71131
67932
1554
45498
32660
20738
81317
62602
75647
83663
29823
73445
32772
71672
61471
3930
39000
79275
44162
48138
84908
11563
65910
58417
80199
58231
68887
61554
66230
87966
22165
11315
61568
76234
78548
41138
53770
64734
22622
2682
77018
77898
46341
40241
54020
82815
71743
34827
66183
5890
43914
53737
18626
37998
11178
27868
75574
52169
9809
50421
51846
33973
73925
72240
43240
65318
30266
39826
17549
17111
39587
15715
18845
86076
41541
83559
19179
87824
22441
44249
12291
59537
11055
72090
76592
31413
62885
61666
11790
55935
46596
21917
23495
21337
17747
7149
58143
81289
19589
73991
6793
34759
55431
31819
52229
63563
10644
36603
15603
18669
5776
60243
50910
38885
64572
7612
55331
4340
73658
43787
60078
80063
79321
47650
77212
59509
24896
17440
77548
57769
68642
38283
72744
41845
74492
2691
63409
26512
20833
58242
18103
18391
23020
87322
9003
24499
22484
16623
63365
45636
7464
72148
45172
84002
86020
71380
17667
27581
33881
44354
82751
19845
62312
67794
5183
81439
7177
24331
46772
20678
25620
50603
31313
73058
79317
18049
13055
79832
63518
51482
27218
44570
45133
52483
70387
44733
4800
2705
69779
54221
62347
77100
13312
66733
78293
16160
53110
70114
35232
68220
8575
61251
4442
72988
78558
79700
73268
2771
58040
20799
48549
10423
67802
66173
34111
8664
86512
16338
43789
17876
68695
10095
43518
87419
40308
24406
73889
28308
25724
38576
30143
68428
85193
31285
53485
17437
3632
67404
17671
23317
35895
30629
61604
55991
9204
65797
76907
35567
40559
5197
22638
80431
39202
52240
53214
15769
52346
59289
30633
75319
26921
34935
76352
7351
14003
3620
74309
60535
72147
45740
69884
46486
69940
48260
14821
3667
33039
68798
71535
50936
34777
11948
74646
24014
49754
60727
49978
30359
50918
31091
26695
78057
67376
46592
32234
56034
85935
11451
64063
13377
48441
39396
62580
78734
14241
8433
44940
71126
85742
50617
59465
45175
18315
80717
27990
15588
29044
22328
1986
84265
52045
62801
75512
44341
70089
56036
41612
73108
41728
29601
34020
55168
73625
2350
72276
43272
11789
43207
78454
6851
15117
2046
74121
12677
15807
60214
81389
70243
39652
40249
24252
3613
45997
23221
35637
72572
37235
22937
34310
87550
16048
31704
7367
1532
29863
6813
47388
16953
39350
23125
77164
74513
85260
15025
23812
61018
58523
21911
36212
6818
75418
12840
24319
82246
9485
34212
32799
77473
67724
391
24055
70102
9848
30851
64395
46920
59267
81670
84234
42505
11508
31600
23207
86844
29068
87153
87971
1748
434
14348
86429
64496
5460
21970
11392
55727
59896
47929
18340
48524
6496
2157
85797
42309
24140
6921
30069
68752
49193
52665
7678
37120
75231
24386
19072
38990
65846
31095
39162
42583
53730
43922
82754
58663
16944
71247
67803
82169
63111
36680
72144
85439
68294
70496
23570
85924
45469
86036
81198
67974
67117
33144
12927
8152
43933
70110
54294
55737
77248
82142
34601
1363
5354
24510
43436
71332
78527
58291
596
73236
27259
58247
83134
75101
29477
32993
85483
19775
12539
11868
11527
17169
53884
67967
10708
59040
25751
72871
70930
65716
59125
7816
74251
1239
10446
33040
65940
17419
2922
83387
77598
69389
5586
50395
69155
77999
48535
83620
70298
11317
78412
81813
25577
74572
78729
47911
28349
21273
61103
83372
9924
25078
27404
18856
50080
14738
50419
30804
56347
79144
76434
46382
12172
22631
40723
74688
29528
17425
38113
49507
62774
38239
54011
7969
60320
307
68597
70701
72395
8822
32269
59787
73698
52012
4123
65511
27649
33078
51673
85538
65113
44939
55860
20875
69250
87399
33906
39849
16070
51656
37885
19013
40852
77315
70747
37279
79598
49804
17143
52370
55210
61539
58322
48480
76259
1419
15150
30939
7781
80606
34497
56784
1205
12589
43158
38672
48879
36950
64786
58243
68400
76217
21522
29062
14974
42544
67517
52713
28151
15210
10749
44589
21335
64765
16153
29441
70546
30670
11757
4826
12225
56043
71790
37148
33156
44668
67243
86677
77469
83219
6982
20847
17613
66156
69898
63397
11732
22318
38770
19161
7470
66934
86697
74564
76064
72152
76504
56367
30043
58454
49411
82055
38119
38230
86403
67815
39584
51237
12535
20205
63055
16262
33361
5780
83682
3842
71024
22516
78655
3213
39850
81192
6114
85507
34142
2947
4168
86192
74827
44763
74977
57245
506
64529
82520
26029
87946
2313
45044
52030
337
17797
20605
79558
66804
36006
76277
77807
12334
30320
43170
65690
64592
538
73544
11852
43473
79793
21938
56961
44392
14263
66870
73926
62335
78445
41158
40062
7912
28332
37532
23721
82132
4171
70476
60716
57779
45383
27145
51439
70087
15517
19854
82811
82583
27346
48417
57128
74062
57269
18959
59601
59401
70569
85011
77449
34358
8319
72421
68069
29193
35447
37439
4913
5352
43482
37107
14026
21466
40400
44525
35519
44076
51964
59974
