4627
32395
4924
32080
29472
723
28489
21457
2071
8754
21991
7406
16629
18180
28796
19887
12078
16350
305
13977
19478
16732
17119
16975
30399
11274
2040
23287
2384
24786
152
10974
18359
29903
7182
31647
19783
11953
9965
6488
8670
22890
4964
7372
24239
24876
19254
29021
22300
29915
11426
14828
6694
16785
516
2199
8526
10992
5369
736
12481
27283
19959
10398
7701
3273
26337
1230
13076
5400
15019
31194
20933
13569
22518
32450
30603
8530
16744
15062
27464
14373
2999
22691
11375
22809
25774
14831
9500
7032
5576
7628
2589
8871
7135
31605
5100
21250
16697
8677
8703
3537
9598
7019
27619
12537
5168
5616
11943
17975
9076
25400
19212
7086
8512
7542
3766
10181
27717
18691
20275
20077
15097
15932
27222
3618
