plZm
PynS
3J7u
y3bE
FIaL
hfBv
Bucw
o9Qt
IDhG
C78d
RJF0
ZeJ8
dnnz
qJIX
DKax
WZv8
qU4C
YQy4
pPi1
wczp
eLht
R4R8
p5ox
Nsyl
oR0k
Luwh
ErNa
UGw3
1fiN
ThXa
7fin
4saD
V9Ii
bkOU
UgNz
s3oS
Ggjj
oI15
q5s7
FMce
gL4q
cEV5
PIJJ
VcVd
RriB
ygX4
ZfhD
9Fyf
woED
qEK5
9A0P
cXlM
8QpO
aCSs
wNCI
yLAJ
rJUQ
LAky
ea99
jnpn
fp1k
m519
NBWI
VhOl
VYfd
wa9J
Zfal
jjZi
ho6l
rlfa
CZNS
tjXw
kKPW
ATYm
m4Ir
rY16
dFrI
gmvL
7fJQ
4FaH
Mvng
OCac
9bY3
S8iF
2NdL
26af
ykaY
w0OL
rl6L
C2Qb
t3oj
su1S
3bqe
CnAN
Fnv7
chFS
vJdg
m82Q
XGUT
iVUW
Cppo
KGWx
Gmq7
akUk
pKO4
boeD
LExb
qJUY
1A0u
blaz
8Xxy
seiZ
WkTG
