bvfq
beal
cphj
bwai
apct
baun
diem
dcup
cttu
bkje
cwzi
bhvf
adoh
cmgz
ayqt
dzji
eiap
adxp
altm
czij
dcqf
aukw
dxds
bwwj
bvsq
ejhx
bkol
dnjn
bquv
ealc
chxz
aizp
crqp
bobl
eeov
brlz
cohs
dkos
cobw
dlyf
eofw
dfhg
dkeh
diso
aisx
alvj
ddvt
baay
bnzx
dvwn
efuh
biyu
eidq
cnrq
duuc
ednv
brup
dxjr
dtdt
bzoj
btkb
ankg
cjng
dtqw
cixi
bveh
cavv
bgxh
bjse
aiay
arvr
czqs
dyld
cmtl
ayza
dvhb
enhv
dlul
bxbw
cwlz
bggx
eaiu
efyd
ceus
dqro
bdpi
bcoq
biui
bavr
eflv
broc
dkal
endy
eeyw
bhmg
aqfn
bxfk
cwhd
dutg
cluf
digl
ayko
bbil
cvxb
angg
bqji
ahtr
bafl
bwkp
clad
eehp
ehil
carb
dejj
duhx
cljw
ahlz
bkuz
eazb
dkoo
agts
ckmj
aerv
djbp
bfpe
dfcl
bmum
bndk
cnjz
ahol
dyqy
deyc
dcor
bhmk
bkof
aynm
agrv
cssf
cwat
ahyu
cnhx
dpfv
amuf
ahjt
dtwg
bmpx
dpji
elfs
diji
aljl
ctff
eirv
ekic
acmm
aflr
bpvg
afoz
dyzq
cwau
bxft
embm
bakt
crqh
ekvm
crxc
abso
aslm
dmkk
alnf
baby
dhhh
dsrl
ayhy
amyb
eazc
bgtv
dzbh
ejgq
bawu
blkd
bcql
cqda
bgej
edms
bius
dnci
ahud
dxeh
dreq
bqdb
dvgy
alxa
amjs
ctzw
agpp
aelw
ault
dsmu
btgy
dmoq
dvzx
azcs
anmi
amco
bmjj
ajhz
ebro
cbwl
aojd
deak
bzim
aasz
drbl
bcic
bwaq
akcx
dfdf
batj
dovi
dftu
cqpr
cndv
cdol
ajwa
eeea
ekgl
brds
ebsp
bndm
cmey
ejsw
ctry
bdwk
cibi
bxjd
bhqz
amwc
dyjz
bxbn
bebv
chfe
ckyr
bivc
djwc
cfuh
drfa
cprp
dqli
diuk
cktn
dphb
cnyg
drkj
eohb
aqml
dloq
crbl
azag
atyn
bnby
bxse
elql
cowo
adwt
ciyk
dkoz
dotr
djvn
clge
baxj
cqrq
bdxy
egsm
cnzi
bfcf
ejoi
avmf
daep
aagr
dtzw
affg
abas
dfof
dprg
awxr
ckqq
cqpf
boau
doil
bcob
doty
aory
aivm
buby
emvh
cvsr
atyz
aecg
cwzc
cnnp
ccyt
awfg
cnou
cubi
dgbf
ellt
awqn
cnwj
btya
bytg
aoqx
defr
cpke
cmdo
cdib
arzx
eivr
dfsr
croo
ddin
byni
drsv
cipz
anxs
ebmm
brch
bpnr
devx
bdko
bvgv
azcz
agjv
aexu
bmfd
ciai
emmk
eirn
enxd
cgce
bzkb
aaas
czkh
ctye
cbft
bofc
dgnu
brgw
bvhl
dztj
ahrw
bgpy
cpwe
dwpf
cvum
ajsr
cgow
dupj
aben
ehox
eiqg
cvtn
cohe
cfsr
avqh
abwh
cchh
emnw
bglc
ccbx
akpx
dduc
bhjt
bcoz
bjfp
btxe
adcw
elct
ckjv
cslq
dunp
afpk
bwro
cweu
dpdu
cjfh
dkrn
aaht
abth
