etod
cgvs
eudd
cymp
bibv
arkt
cuos
ecem
emqw
cdto
ahro
fnbc
ejkf
bmot
cpxl
fkkx
dnnu
etau
dlbz
fjnc
efak
brkk
dpld
athj
buqk
cxtj
bfzf
fbyj
ahho
fbkh
akty
aygx
cikv
bbos
evjb
crhp
dgpc
djhu
dpwv
dzlr
fgys
eufl
duta
cdru
czgh
dmnn
aofx
fmji
ctmt
bdmm
cuzj
cbzk
eqkj
bwza
eysx
asee
apjt
bgdc
bria
flpz
eurm
cyay
cixv
avuv
cevq
cfvj
apnd
buyd
bfne
cagb
egkn
auaz
aqys
eynz
fbko
cfwm
cjwy
alls
deoe
fpjz
dmwe
bdww
awjy
auun
aulp
cayp
dbju
dwac
byqx
ezjl
czcm
bnna
desu
bkdm
czfn
dzop
awuy
cczr
flii
bbdv
ffju
ejpw
ahgn
cclb
fmxg
azgp
dklq
dcdz
dqbb
azvd
bsmt
dvsi
bydh
cpfh
bcal
elod
cwfy
dwzq
cltd
cbbg
ccwt
bpsl
csdi
cuwt
bnrv
dxbf
cjvq
dwyv
cgca
dnmj
beyk
eruk
ckju
cqyz
apwu
dxee
bojs
aeob
eqly
aahz
cwkm
baqs
cugg
ewfr
dimk
euni
edbe
bduh
fpmr
cjae
bgev
fjhx
eenr
axvi
cdof
bfke
cpde
ctrc
axjd
buot
ensc
ekkj
eifi
dqan
cevs
eulc
egko
earn
dgxm
dkew
fhoy
bswd
amuk
efbk
fphu
fqim
crwn
dewz
bnog
adgn
drmn
dzmy
adjs
fgtj
eour
ewwd
boum
eeuu
bjng
anka
bbri
ekui
blcm
clnt
dcqc
bxbz
aynx
awdc
audd
dgfh
aojn
bxco
agxs
elbl
fkpf
alpu
elpo
cxqf
cvmf
dbjd
duzs
fpns
ecnj
aeld
cyfg
boqt
fpbb
crtn
bjab
exai
eviq
agyh
byzf
azcl
axyn
dkua
fddg
anvg
bazk
fdwm
auky
dsvh
bkce
buum
bhoy
ejwo
fpnn
celw
bzbm
fezc
ebqx
dmbx
asdl
fclv
buih
beqh
cyjh
aycz
cjng
cdhe
fmep
arbz
dcmt
fhen
dnet
aeml
eklw
frie
dmyd
dkux
cfvc
eyeh
dpsm
aevj
ayjv
cyin
cwzk
evfe
dsal
bjlp
bqnz
fdbj
adqi
dtkj
cmel
dcrf
aeoi
bcnc
akhs
cadi
ccom
atgv
ahko
cnfr
best
czsc
dkly
frle
crvl
cvmv
desx
epra
dsdm
eprj
cqis
ezbf
criw
ffcl
aibr
bdln
bnww
aest
dpec
ehcm
egll
epvz
bnud
abos
fqiq
brvw
adns
fqhf
eezb
eqgg
eukm
abnx
csnz
fawb
chzd
dlqk
bwpv
adsr
aqme
bhsp
ddfu
cnmt
eeun
feyy
dbjz
dtpu
fnfe
dsmo
afir
dtaw
ctmi
ecpo
cgpw
cbib
bcby
cxic
ahya
anvp
cgjr
bvdo
cinz
abrq
aeon
bzeq
bhgy
edsi
etch
cevn
enag
bslt
cjpi
bugy
acgb
aojy
fith
duon
bvmp
abyz
escb
atau
dzek
cjaw
bthc
bumw
dqjt
exdw
exwc
bqyb
eufc
dzpw
antt
drcu
dyjw
fjsx
ehen
fify
adzx
eqbc
aghj
azco
dfdz
bcgy
bidp
fira
amin
fjvy
bjhd
ficp
brjx
crft
bmnv
axgh
eapo
fgsr
cjos
dygj
bldr
cfas
cxmu
astq
bczn
eetl
dwoe
fnlm
agdl
cpyc
amhm
eojh
anaw
fmts
dxuv
fbxq
atyz
azsj
ewrt
cslc
faai
dmdl
esaw
coip
dbji
ffta
cjiz
adct
cbmn
drrb
bwdx
dbdg
cngo
dxnv
ewwm
fhun
clre
acqf
dlux
dcyh
fjen
dylm
fgjq
aroq
duze
czmv
axug
aelk
eepc
frcc
fexr
ehsz
fhfp
dhmp
almx
bwpj
bbrg
fict
dwak
ehca
bbgy
bifd
eoiw
bbqv
bese
bpou
dfbh
fdev
bjkz
dimt
bwlv
dcij
dede
bavn
ertf
fngk
ejdf
aign
cfer
djnv
djtv
cokc
aihh
bknz
bjbl
dbgx
arxj
cmhg
byjm
aemy
czxa
exrn
ecdj
alqh
cwdu
cyby
dblq
dppn
axkp
ctqc
cnkx
azfb
cxar
agor
abac
eybq
dmhj
aqne
cfhp
awmz
esfd
ckox
dacu
flvw
dcji
acun
fnei
bics
exkh
blty
ecef
fcho
feas
dxww
cgnv
bgcv
dwss
fcaf
bpxw
fkyv
bkbl
dpfz
fblk
dfqx
dndf
dkfp
afct
dcox
frna
cigu
axxj
abbt
eyfm
dbas
agln
amue
edqq
dwri
dixl
auxx
ffxm
bjer
bdnw
cvdd
bmqf
fikj
fkiq
dykb
bfmi
dxir
buxi
fqku
bupn
bycw
dqjw
dfvi
dpng
axrv
cuax
cpjy
dmlc
fcko
dhdh
aify
calv
avgj
eqpc
aozw
edtf
dadb
bxcx
bcme
dnxu
caaf
bazx
bsjm
domc
ddgu
egme
bcyi
cncw
ecab
fgni
dhcc
bonl
fkmf
ctfv
ckwo
dfju
epzl
afmz
aakt
cybr
dnjw
cxvz
czrq
dmqz
boms
ecek
eprw
ezrd
chca
dhjq
bznt
fgqd
aerx
bybb
feyp
akju
akmb
csdq
dvlp
ejre
abam
fgpj
eqkc
cibt
dgof
cczt
ahmq
bvei
akkl
bugg
cvva
fntj
feiv
elwf
bfwa
dzha
bwfu
bbuq
atvu
dkuj
cpgb
foxc
extr
chio
aclp
fflr
ffgp
eqrq
folk
dmfs
dask
bjnn
dunf
boxv
djcm
eetx
bkhu
feod
dahy
anin
axux
drkt
accn
alqw
fhhv
bbyn
aovr
cqsz
drhf
bhqb
econ
azlu
efoc
ehyb
fahi
frrm
aatj
cxfo
cfzs
duqo
dafn
flnb
bezx
aenw
ckgm
adtb
azav
bujh
bzst
aqcg
dtki
enbu
eped
bzfb
djco
adqs
bgah
axqy
ezpy
ddks
dzrf
asfp
bbpj
chql
bfsb
aven
fopx
diom
bmrf
dbhw
fhbt
clco
dujt
edrr
eymq
eaiu
dalw
diia
dbnp
cpyv
cgyc
acye
fjrv
corf
dnkj
cqra
efod
ckxi
ddsc
fhuf
bmuq
ajaa
dstj
ebga
ddcs
bcus
acde
ajql
amda
dnlt
dcru
bvci
daha
cgaj
atse
ejge
bokd
cqkh
adsy
cqbk
epxs
eqro
avzm
dpmn
agav
fpbl
djhm
dpei
cyfn
dpel
bist
bliz
cyoa
fodb
chto
exrt
bujb
cxrm
dmjn
cbus
bemf
actx
agtd
dekz
bloh
amjj
cqbn
coig
aazk
aiur
cqmo
bxiz
dmcx
ebud
adwg
czdt
bllj
akip
dnbr
ebua
aatb
dghw
cstx
edhp
eixp
fndn
dein
bana
ahji
ejci
elxb
bpnt
elpc
avxc
ecka
esbl
couu
blzj
etkg
bnpb
fnct
dbfp
fhkh
axog
bbry
cbav
cqop
drmj
fkzr
fgfs
bjns
dygy
efun
diba
czjx
alfz
fnvp
bkta
dyzy
amgx
cqdk
dwrc
bxtk
awny
acsz
diyj
bzkq
exwa
fidn
babo
dkhg
etjx
erns
baqm
aewj
fprj
dxmg
dgmx
bfiv
fdwd
bgtl
aasm
ajlb
czcz
bidw
dslp
bqde
cldf
dceq
dcsr
bzin
bctd
aptt
cnax
eocq
dfgw
agqe
brvo
ccsd
fgoj
cpbj
dyfy
ermc
babi
bhye
cive
dvts
cuwe
arzu
bddr
dkgy
bxjb
buir
cqvb
dwxg
alkr
busf
ejqs
aoge
ahfs
cety
aidz
fnmc
djxr
dmma
erhg
crrp
dbdx
euvy
esfr
ffdl
bqey
bogr
dvng
eyvi
dswk
axvm
efdb
dbyy
eplu
cheh
cwuu
ewts
aicl
agkx
aefl
euup
ascf
ehxl
amos
bqhr
doex
fpos
busl
ewku
dbal
ceek
fkma
accf
bywp
emgb
bfdi
dtgs
dojo
bsgi
dhop
aigr
cdfu
fkgr
cyxb
fgkh
bgrv
blze
fdda
cyyf
chut
forl
froq
aehx
ayil
cpsk
cmth
ffug
efay
ckxv
emnh
cdew
ccak
btwp
bptn
bthp
dbej
fpai
exhu
eplk
cepp
dsoy
fdvq
bkex
bclt
fcnz
alyh
bsub
crle
ched
bfdg
fhae
cibg
eung
ffrd
cwja
cuid
cdam
fjvs
amqd
cavq
badl
bsdh
frwl
bkhe
afxf
bmjq
brsh
ashf
cipz
bges
clhf
clzz
falr
aaii
byhq
dcyd
djpr
frin
fksl
dhhb
eckk
aeje
doua
ezht
foro
cdsb
bqpz
elji
bzwk
bpte
byyu
eiaa
bwnz
cdyy
fhkq
cyuv
cdcx
awke
dsfh
eaex
fiyb
fbqp
emta
evrh
cggu
crvk
ehpj
bsqb
evdu
eago
edwt
cesk
eukw
dvxs
dned
eaar
cloz
fdvg
chfp
buko
enzn
bygb
alny
fhmg
dxmc
afwx
eoje
dtak
cfap
dtmm
aihr
dygf
egks
flat
crtz
bryw
bqca
dqop
dvqc
eeox
fejk
bcjy
essm
akfy
dgts
bhyx
coul
amcy
enuh
dewj
bvka
airp
eeau
ezfz
eixd
drdd
bgnm
eqql
ffch
bivq
drmi
dpdm
ekmq
fipn
fkkk
acca
drht
dzrr
evxv
flir
bjsy
bmlw
ezxa
drvp
brlm
axyi
diem
atkh
bfdd
esjs
cbsd
cwno
dqzt
beyn
aima
eudo
apeb
cipg
aujk
atwu
cdns
ccal
czjv
acwz
fben
ckkc
caqc
devv
cccy
bfir
bxjv
ajdj
baxt
ccgc
czwb
fdqo
btyf
abyk
edwl
azwo
fcel
drfk
fnqo
crzl
elvb
fhcv
fead
ennw
fokv
bhcz
fieg
dews
fbxl
dvfp
camf
bisu
egdp
fgjo
blpj
eddv
ehjc
chic
bmrl
eacs
epst
dqcg
eszl
afkl
cqlh
ekxw
cdef
etfy
dwoj
byux
demd
cbio
cthw
arjg
bshz
fckd
afxh
bpar
airt
ejka
ekgj
anjx
awid
dwnu
emsr
dbky
aqmp
edtc
dbpj
chii
bgdk
fkns
frav
adme
dgcg
bnfh
dyna
cpij
erfi
fmdr
clyw
anpp
enyw
cqyf
ewka
emfw
czqr
btlf
aaxo
blpl
flkc
eiks
duwt
aygd
bswh
aste
dhoh
aahu
dghu
cfix
clqa
bmvk
fmmg
eenq
emsj
dvqh
emnd
dvhx
dabb
fpmk
ekjs
euts
dwkj
bhpv
drbi
fhml
fduv
boiw
dbij
aldn
dunw
czih
bfdo
avib
cbet
eipd
dlkf
dhvd
aoht
fkam
dwdo
cgpt
dsea
fhfu
ffsq
ammz
fkoi
afkp
frnd
dpne
faqy
bgzy
badu
dozb
cxvu
egij
bsgp
anos
fieq
axre
dbgi
bgtr
bndr
agxe
epze
baoc
acle
bpqr
blct
aqbn
eoin
fgth
czpe
fchj
ahky
bkwk
abfp
duli
fruz
dmwr
cgpp
csbh
bzfd
bpps
btlc
chwu
etwr
brnn
dpur
ekqo
cnfs
exzr
epfq
eptj
cxga
bdvi
eply
dijd
cpba
bzco
cuaa
ffmt
exre
dlyi
djak
ajat
botm
asyn
bogo
blvm
aiqf
brtm
asco
eecd
bpvu
flcn
aata
alxv
cvhh
fonx
eluh
eqtr
emij
dxrn
btkw
ctmw
bxib
cenn
ardd
bgpb
ajbi
ctwr
bhvx
dvyk
aegu
dbdw
enbt
dopc
bouc
aokv
bkah
dxkv
aepx
dpgj
ejcm
fary
fllg
cdhb
aelc
ecpc
eamr
cpeq
dnuz
dseu
eafi
ezpq
awjz
aaqn
fpcv
cffv
doum
atrr
awwr
dsob
brac
bpad
cidd
eqzf
alpo
fcto
blkf
bzci
bzku
cvcv
brbv
eccn
cdfx
aqlm
eiho
cqjh
frxw
depq
bssy
cbly
cpqp
fcsv
dlyd
ecqz
ejdv
dqbr
buye
eelx
fajs
egnw
afnz
dzqp
bqcp
cybi
dopt
ebsf
cagi
duox
azao
dzij
ecyj
bout
avox
fgoz
adfr
bbjn
bjeo
eqld
cfma
bobo
cdxd
flbu
abea
cbyd
epxo
bamo
dfnn
epsh
coao
acus
dtsk
apui
bdmg
ffvi
cvnn
ewsc
crwa
dcii
fnvd
etko
fdyw
awpo
fhbk
apla
cdzt
aelv
asho
fmnu
fkxt
bqcl
cuir
fjlw
fjry
fihu
emde
boix
cxdq
bwij
aauy
auhu
dcja
fbxx
djue
bxrk
bamk
ckig
epdc
dyjt
esmm
afby
ecpp
dqgo
dgxs
ddar
bdls
aeet
fdyb
fbzf
bxia
cxwy
epru
bzao
edge
agyx
fcmh
auhb
bpak
aolp
dzep
cwqm
dwul
djae
efux
dooe
buzz
dscl
cajp
chct
ekwt
auwk
aeui
bdop
emuf
crzr
dyvl
euoa
bgso
atjt
dwty
fhxu
cbwq
dqwg
fkpj
doji
fgff
ajxg
fijp
byfo
dexs
ajqw
edsm
djdw
cbvm
crao
esjg
cfpb
erjy
ecqo
fqfa
byyk
eiqe
bmch
atet
amfi
azvr
eifs
bikc
erqb
djgq
efii
epke
dbvk
egir
axjb
dtzl
ceqm
cfiv
estr
cldj
aghb
dhgq
edzi
cubf
bfld
fgan
bjzt
avvj
cmyi
eawa
bcla
dmvx
dsrf
eecy
dhmb
eyvl
dwcr
dxqg
cnkl
ceun
aqev
ehzs
awtz
frkq
eszm
bskt
ccck
bgih
dujg
bfnc
bkyt
cksq
btlm
dgjx
bnos
coos
ejtv
ctgg
dlca
bwai
aetw
boqu
amym
abqb
dezv
dfnk
aqwp
afra
ehgl
euzi
dvzj
blrf
ejft
fdym
ctub
fmus
cvzj
bnhy
egxl
bqbv
flhk
fagt
eboq
aiup
eigk
azbq
ajwi
fnom
ddbm
cjun
eokl
ezes
csbr
aail
fdyt
eyry
cnfa
czgp
fjcm
cavc
dnui
alqo
dvbk
blxd
fddv
djdq
bhmh
frli
dels
ffhh
cvwc
dmqc
ciuy
cdmf
bmnb
ehfl
aizf
cahp
bndl
edbv
caao
burd
djli
bgvk
exap
axro
ckge
bumr
flhc
arnf
bpby
cxfr
ebdz
afkw
ewcv
eckg
afge
dqbh
frje
dqtu
avfd
cdhl
buia
bkkm
cgbx
bqfw
azkr
aamn
ckuq
focy
dppo
avxe
dxcw
bzoa
azmw
dvml
ejpf
dcje
dyui
awyd
eofs
cnzn
cnbs
amyn
dcni
amhq
ddif
ajdz
bfvd
eskt
byly
aqxt
eqcg
clbo
blal
emov
cruo
dbwd
doci
dxqd
agsv
fhnw
bijb
bcol
cdzq
cdfm
amdp
bcia
eswm
anjm
canb
aprm
csio
ekwu
cuuc
ejqn
dlcw
clok
addt
diuu
bebs
afmy
alhm
dkog
ffwm
ddei
cihi
dmek
arts
chvf
bzly
cwln
cwyt
duhu
dhmf
cryo
dzux
exbi
bpuf
eqbo
dios
cuqo
fgrk
cnba
dkkh
bvpi
bprw
cmsg
ecfy
dzui
buwg
edia
dsye
fcti
aoih
arol
cwyi
frlm
biud
fbxh
atum
cgpm
bxbp
dsqi
cgob
fppr
acdb
eand
chul
fkpw
fgtx
fdbo
cltw
ebmu
dnwl
fgvy
fbcu
ejvs
bfmb
fmjv
eajy
dfgs
aaak
diid
cdci
bjjs
fdsm
amrg
euzm
adlc
doza
dqkm
chmk
bjpt
drwy
dulc
cekc
efti
dybt
bswu
dfuv
fjxp
atpv
eogh
enlm
eqdh
dtfk
eqof
ayhg
davd
fclw
aebg
dffq
anhn
eigg
bsoj
ekpl
aedj
dsjd
akza
exwb
exvx
dggk
ajra
aerh
cezz
dhtw
bccp
ayvk
aeco
elok
dgat
dhhy
cccq
fkap
fgui
bkru
awnf
ctzy
ajan
cduj
agfa
bcff
esqy
agzc
blfo
eata
erfu
ffff
detn
ahkp
eefr
cgem
egne
fhwt
crug
csoy
dtdn
ethv
eozy
djji
dklh
bcfx
epig
dbvd
azka
bcly
etaa
bvxp
fahc
faiv
brok
aimp
bbop
ccwh
alwp
fgva
cdzx
dxza
czij
etll
czky
dvys
aydq
ddmp
bwqe
csst
evjp
byds
fgst
ampb
bnjg
bqxy
eztr
djui
cdyb
dgbj
ayjr
cdeo
axcc
cqml
djkt
ejmc
beru
agzs
dvjj
dfae
espi
febg
bdmq
bmkw
fmhp
avpb
dibw
ekvi
cykx
dmvm
cdsz
exvu
dmnc
dggw
fncw
asvr
ducp
drcy
feyd
dfjk
bixa
cctf
fill
eqdt
enzk
cdyj
afsl
ejbd
afme
ceio
bego
etax
bhvy
cieh
etoa
emhk
fmno
fclk
eeih
fedf
bxyr
amck
evmd
chuw
azqk
fowm
dxyi
cnln
axhb
dlzj
bdfa
cmay
eogr
ejgw
crsv
dleh
ajdg
cscu
edct
foae
asur
alcq
cesg
exys
expp
cbwt
colf
cfbu
dqcq
cjid
bity
ffms
bkff
bvhm
eyta
evfo
ehvq
bvdr
ekgf
aofl
efit
bttg
crbw
eiig
estp
djpn
caey
cqsk
dkgp
dwxu
dlse
akbg
bncc
bkjl
flko
eybw
euqn
cjze
coqf
ehbw
bmfq
ehbi
eyhq
acox
dmgb
crcz
cnzk
fehi
fbei
drui
cblv
fpxu
ecsc
baka
bpdj
etpf
emzj
dxma
dmxf
cpwc
akwc
bovl
dvep
fjty
acez
aawg
exia
cple
alsa
bhyk
dcri
dwow
ezcx
abus
fldo
dkfs
cpgt
dsuu
chbo
aejk
ejff
biod
czpc
afgj
bwjv
cbez
cvnf
csau
enru
doey
fojv
doss
bqmq
bfdn
elrs
byiy
dizi
cycc
domn
chxo
auzr
defy
eimn
fich
cicu
dfxi
ekcl
etmk
cqug
asem
davg
dibg
exdf
fkjp
auge
cdzz
bqwb
bbns
dpyt
dros
brub
abzh
eiet
dcir
flcx
aohs
dzjh
fiac
fiob
egxy
aotp
bioe
eket
dlnw
dabc
balh
akzk
endj
cfox
flpn
bxvo
afbz
dkwy
bupr
brku
fdfg
ffcx
epnl
chaa
fryc
cozb
frsd
fabz
cobn
bvvx
axcl
akul
bgdm
boul
benm
fjzt
fexh
bxfr
cdqp
avov
bojr
efxh
aoug
ainq
cpwo
cvob
dqrb
cegg
fnol
cpea
atce
annb
eoec
chxz
fkoo
bcbm
defq
fqno
bdmb
adtd
badd
fkdn
dkhs
bzgv
eypm
ciyu
abxq
ewxs
bmmg
avvg
cwza
ahte
ctaw
dtzu
byqh
avdd
clbg
eoij
bnva
ahco
ffps
fpye
dtxd
bmlm
fnyl
cqwu
bvqi
fdai
cywv
cavi
bipn
bbvc
eqru
bite
anxv
febr
dick
fenk
aaet
aoan
boel
dzyw
cfui
bixg
cowl
dqmu
ahcg
dwxy
cmwc
cbiv
assb
avyk
fmnv
bqye
ffgx
duob
frsu
aysk
dodk
bfgd
drjy
dlhf
ciol
awsl
cprh
aitm
frku
ccox
crue
dtzf
dkhj
dwhy
auee
bvyn
azgy
edcd
dpqy
blnd
dimh
afyg
cgnb
cydk
dceo
fmcn
bgtv
bqhs
eejc
dowm
fnlq
dcgq
brvg
cncd
epqj
dtff
cmqx
fiwr
aguo
ejsp
ddre
elkq
drrw
egig
flze
dnkg
fpnh
dfdt
bfcb
euwh
fiub
atdo
aplu
dgwo
csiv
clwl
fnuq
baez
bmhu
eymp
fpyt
dldr
bgjg
dfbt
dzgv
frcv
fjgz
eqks
dxnj
awle
ckxa
bvyv
etmf
ejkv
awhv
bdzy
esfv
anqd
etos
dtai
ceyq
cmim
dbuy
awsp
ejyi
ebag
caru
digw
edpc
decr
apyc
bqjc
cchm
fgsf
eiic
chwo
ckpw
cayf
eyww
ajuq
cabp
dyzp
eowl
cdpi
dzlb
emxd
auiw
arfh
coll
bweo
coyn
cawi
fmkw
epgx
epbp
auxd
edwx
fate
fprk
exyc
bpeq
cdwt
encw
fihc
bzwz
dear
foby
bepa
dxxg
bdqk
czzr
dmow
bhfm
aimk
bpac
eygr
dlip
cxzo
bcon
chuk
fgab
dhde
ferv
djzk
cozd
bzvp
elwp
djop
ezxl
aiaz
ceol
cuyw
cnix
bpln
eisi
bcpy
bvsz
akgv
cuqg
alfn
azdj
byzz
fcyq
dlhs
buhc
djwu
emwv
epqr
dgvm
dzkb
aejo
fhie
fpql
cdpy
anyo
ahcl
cznv
ajib
flyv
alsp
bbdn
cpux
exki
cicd
efbr
aprw
bfsn
bxbv
etmh
bbgn
dsjw
ebsq
flyl
crlp
bdkq
aewa
eivm
beml
ciag
dibz
eohs
atzy
aath
bxse
ajcy
dzia
bkfl
foxz
cboc
foyp
cunz
drhn
bjgz
blvp
fjly
bisx
cwra
cyqo
aktp
cmqp
bhls
euhh
bhbd
czam
byss
fdzo
dyli
aqqr
dvmu
biwy
cgmj
fivv
fmle
cgpg
cstu
ceah
blei
avgs
atkq
ahug
ccje
cfvr
aoaf
ejsr
bhgn
eknc
aiab
ecnp
dwui
cxme
bouv
bwlq
cyek
ccsz
alkx
bznw
eedf
cenj
ciqu
awrj
cxab
dsib
acel
aivh
edjt
cjpt
asax
beyi
bbwq
dvog
dszi
bvpn
atft
eskq
eegb
fqps
eezt
ajwr
deec
bqld
asst
apss
bgur
aiiw
ewui
ckvq
ekbc
agep
dduu
cqcp
emle
doyw
etbp
eyyv
dxav
fpso
febz
cdfv
ddyj
edno
dotc
aewv
fosv
ehcj
ccqs
cocw
fptu
evyv
dxxf
ehrj
cjxi
emug
adpm
eoeh
bwir
fabe
fdvn
dyza
dbzh
errn
dlel
eufu
cfqx
buqu
clnn
bckt
elne
fgvc
aaqp
aani
fcfx
ehzy
ajhi
drrz
eegh
dofr
eahc
esjd
cmyu
cnrq
cnzq
fkgy
awfs
adne
ajna
dsao
alps
bneg
aubq
dqly
cecc
fovo
ctce
elco
dctt
fbuz
awmu
biev
fctu
cqve
cixd
cwvp
boxc
etbx
dola
azjz
ciyq
clba
ewya
cemi
eiky
buca
bbqa
eiyi
arfp
cacu
amio
bhwb
asqh
fecx
dxyy
fgty
damy
bhgt
chpp
daln
cuop
awqs
asma
byov
cfpz
cqzl
ejhg
ebaf
frso
byvw
btsi
bcfg
dlua
engm
fasi
bpch
bxnj
awyj
dfoi
antw
ckce
ewms
bpkx
chsy
ficb
ckqe
dyee
dtis
droa
cwym
arbl
cuud
cxgo
eztw
buzk
chlu
asni
btbe
eubv
axdi
bfeu
claa
dafd
edij
ckln
dole
brse
etkb
bakm
dctr
enah
emvb
ehmz
bltb
fccg
emoa
anjw
cvmm
fmut
dqln
eczc
btqc
dkeu
bmsx
dlih
ehun
edga
eoqx
fkzc
evgt
fglz
fero
ejae
djza
ccpa
fmwt
anlo
cihj
axnv
byln
czuh
eonl
atcq
fjlo
dxhe
azgq
deko
abyx
cftt
fhpl
abfl
fezg
eltz
biiv
bcfo
cpur
evma
cban
evwi
ffni
bnod
ffpk
fdbp
chcy
ehwq
fozc
aozu
fnzi
fnka
bcwc
dbev
azhp
czhy
dyav
fhcz
ehob
cwvd
exao
ertx
eeak
emvy
aqbd
avef
ajlv
bigr
atqd
dsdv
frqa
enyp
flxm
dhqg
cqhp
fhdq
ecpv
demu
cvrr
appe
eolo
eujo
clpl
cssp
ebrx
cncv
fmyy
anwk
awla
ezco
fnbx
ejjt
cwmn
bsrf
dczi
blog
fdpu
edko
abpk
cimr
buhu
febn
cyrv
dgpf
exiy
becf
czrd
fdak
ajwt
caby
etjt
dzgs
dhwz
cwnr
eihv
ayvf
fbpa
erom
adgs
bytw
eekj
drnv
avsl
crby
bqpt
chgs
didc
ffah
akzd
aozs
cqea
efjl
efxz
egms
dbvs
fmuf
ejen
beew
cxjb
dazo
ckka
dnlo
epty
btzk
fqhh
awbl
etgc
byob
efng
eboc
abxr
budx
awac
dxym
bkwx
bonv
evpv
cmwt
aqxm
ayms
cjla
dhec
bxzj
ehea
ejun
aszz
alad
ebjf
dkfn
cmjy
dsca
crsd
cfae
aqwj
fjdc
drtv
anqw
fmgn
bdsr
buzd
bbdq
cwbh
cclt
cxtr
eoyv
crow
czch
ekgv
djyu
ehee
bsmw
ezdp
exmb
bkka
bnnl
dvwi
bhct
eqoq
assy
agwp
cdzg
efme
aior
ajct
cmfd
aiam
bryt
dknk
cdwr
fkif
erai
cujs
dikg
dgtu
bffy
bmxw
fago
cyft
cmso
adfm
cgbt
brqk
cpxm
cnfj
arwr
cfcm
cukd
beug
apsq
dqnp
azif
ffpp
elyx
azeh
fmrn
eksj
drmo
drxt
ahzi
catt
fcxe
acjv
dkkx
duwn
bdfw
alnc
ehdd
czyc
bxng
bmzt
ewhe
aiyr
arlg
bopz
ejcb
dxlk
ckve
fbti
aqzf
bdua
facv
bdti
bhcj
bqra
btgo
bkfp
erbu
byws
ddvj
agwy
egzc
abeu
dmbs
aolt
ddwb
cxep
eotp
dryl
fhyp
fhgf
ckbx
erng
apjn
alnl
dsxn
biih
bpqa
ebiz
aqmq
cang
blaw
eufa
aosu
byrj
fqez
cuwh
ffxr
ercs
bdqu
dmxa
dcaw
ddqu
bcfa
ehns
cewy
easr
axhp
evpy
fpqz
dner
fcsj
buuf
ddig
abem
aces
czpv
fgyx
bpld
eofd
czbi
ffij
edgc
bwye
bsgj
ffhd
apqb
dfyu
fenm
dcfx
amlo
fjzx
djeq
evzs
btbh
ehdy
frxe
agdq
cuyv
aldw
dgbo
cmoj
blnb
fpuu
djei
cpch
esvk
dswl
dkbo
dpti
awll
blgq
cwwt
cgif
bifa
ckpp
btvj
dzxs
asmp
dqwi
fbgk
fcfc
bppq
aqpm
fpgh
cxes
crar
exhr
dqur
ckvm
bvpp
fauf
bglb
ajoz
aziw
dxkw
clwg
egmh
fazc
ehdw
dibm
deag
cfou
dinp
anwd
dntj
acdj
akxv
cjvz
firg
fkne
dgox
acyl
ectp
cqel
ckro
bbxx
fiar
ervg
cncp
chyv
eodi
enom
eofr
fbby
facs
feti
dmmq
ecdd
frbk
cdlx
ezwg
fdxv
ejnq
eudx
buwu
flqj
bhry
dtjb
acyn
eran
epaf
bnhf
dauw
asjs
bxdz
ekei
cqam
cnxh
fqrj
alod
evrf
fpet
ciof
akrp
echb
ckho
dzrz
fcjh
bjeq
fgnw
fday
audr
enxb
dmlu
dmpm
fgyc
ahns
cqsu
cgcy
aftn
ekjw
bvsg
anjf
awto
azqt
dwap
ctvl
czuv
abro
edmz
baxx
bmqt
cntk
cplh
aahc
eefy
fbne
dxzm
brbz
bsqh
bcaf
butg
deqf
awnh
cjaz
dawj
ehoh
etlx
amli
darl
dehm
aqmi
fefz
aecg
ednq
cwxv
ekfb
bmtl
bsgq
ayki
ccve
elas
dgzf
eyev
ckih
ahaw
bhka
awek
enqd
emzc
ehwj
donc
aspt
bedh
dzeu
ectv
ewot
bift
flon
cihv
agwa
expc
elnl
bdha
cgja
btno
asvx
cvuh
fmdl
dcke
dozz
dzvj
bpju
djcr
ahmk
drmw
allk
efrr
afrj
bjyi
cjio
cpok
cdnx
evwb
ekqt
ejss
djjm
dlqi
adyj
ahac
csui
cthr
dvbu
eytp
bdzz
chjf
ckfj
atnw
enrj
aqfl
cymh
azhq
eopj
envg
ffmi
dwum
dwtg
asej
dxci
dkhv
ccdv
fqbd
bjcp
ahzx
chla
bntj
cdaz
dmdc
bdne
diqs
ekok
ciwx
fcmt
bwld
bgrs
cgse
adix
cdlg
bvkh
epkm
bfhm
dxtx
domq
favs
dqvz
dyod
buyv
acsu
cibv
dtay
dyhb
atgi
asdj
bsxs
clwp
bxmd
aksb
bsmz
blyo
bked
acvc
ezom
fkds
axah
fccc
drag
cxmb
fpug
azie
fhyf
ezqp
bkof
dzix
ajym
awwh
bgeh
atsj
exym
dogx
diml
awli
adjm
bvkb
apiv
fbij
ajbh
aqlw
ajij
dflc
ddyr
clat
aytj
aemn
bjss
czit
efaz
dqio
bkov
dxdv
eodf
bdcn
fhvl
dxer
emzv
cswv
afsb
bdfl
avto
aqlt
amzh
awas
dsbl
daak
bkzh
bvwa
bkqu
dvih
agcw
adsh
ettu
dpri
etyf
dkal
cymf
dgom
appu
cfve
anwq
accq
aned
bqwr
enbv
bzqm
fkwq
ataj
efcp
enos
bkml
dnwv
cxgp
dlna
cqoj
dzri
enfh
dkfc
cosw
ecmm
auar
bxgq
bkrk
fizj
cyoq
dkve
ckbs
byah
dpcj
ehxy
bpub
drio
dclm
dbds
dess
dipl
fbou
elcm
dvuk
demx
eela
aqud
aeyx
eqqu
aalz
fjjc
cazu
dftu
eeqy
evci
ajab
dack
bhxi
buti
aofo
dphb
acuj
ajjl
dxkp
beii
cyoh
esex
ezef
cskt
dmxk
aowu
bnfg
aish
aebv
epwz
bpfk
frsw
ecew
cmpf
eicf
fqhj
arpi
bhod
cdun
erar
apys
fbzg
dius
fbos
ciup
epxa
fqua
fboj
cyfp
durd
fhtj
axlj
cuvj
ffyg
cavf
fbjc
dpyr
adcw
apmb
bbkq
cbjl
birr
dsih
fjif
badh
dvnv
dwhl
cpxq
etfx
cghy
awxq
dtgh
adnc
dkkf
aaka
ccis
bimx
agnc
enje
dtcw
fhyg
fmea
axfd
fjcw
bgri
bhys
cwwa
ebpl
ajoj
bumg
edrd
elic
adno
frrg
cvxt
aruk
cdwg
fqcd
bbxr
bthv
dxcj
dxyr
bghk
dlzu
eanx
eekt
bvlk
frib
dlbi
beau
fnax
cmpk
dlku
cddw
aspq
ddul
civk
aoph
frcu
bgrz
epoj
cmgj
biri
dvse
fdnt
bgpz
fnfo
ecyw
cmio
fada
bofb
deux
dyiy
fmxc
brzv
arcg
cjbe
cusj
aodk
bqci
fjwr
aepa
fpfy
etqj
dgpv
arbv
blmk
cbek
cjde
esod
fczw
bypy
cyhn
cbvs
edvk
cyii
asfl
exzc
chpt
aefw
dcqx
ahke
frld
bllm
atrb
ehwl
eawy
fqkh
eumv
bllf
fguq
eypr
bjjf
anqs
cbip
dxku
csrf
brqo
dgrg
ecsf
cnbd
cxvq
emrj
cljx
duhl
dgva
bgla
fmrv
fplk
acbb
fgha
ekxm
cgnp
fmij
evpq
ckyp
cqqt
ddbj
dqhu
deay
frfr
djjb
czrp
afse
evog
aqih
broc
cqob
bojo
dojq
advl
bcro
emko
bpcd
eczz
dyoy
dnjq
bxvx
bbem
bcmj
fbnq
dsag
assd
bazj
ejuc
bmio
dcxd
baoo
dfun
ckdy
dnms
bbwb
aemf
ejmq
frru
daki
eegy
etux
byki
avgt
curb
dzgx
dced
aezf
akmv
bxnx
bghz
ekhm
aclb
azxa
ddae
anhq
aogx
ckwb
biio
fktd
dnxp
ahsg
aosr
azfi
ejrm
ceji
cimq
fhyo
dydj
bwad
cyep
dkdw
ecsw
fawm
chpz
awql
ckvf
ffbu
dtvm
ewdz
cvkc
cdvx
cntn
cjit
dbsq
cfeo
dhgl
bwfd
cyyh
awtl
crlq
dmkd
fqnc
auom
btui
fhlw
bkvd
bfif
cnqc
cgsu
anju
dulw
edqi
eqwm
dsmt
flsq
apmz
bgjk
dyzr
awls
drxp
aits
cuev
bqbf
dzro
cqbu
cqqd
bxoz
buee
bjip
dylr
bmfz
fnkw
ffhv
ewas
ajul
beym
ajic
cjvp
boas
cwqx
eeat
adou
bwey
bunc
aexa
celz
fqaz
eeeb
fbvk
acto
afys
cjna
dtsm
aaxn
cmcu
amrm
deyg
bilx
atta
ashr
bnld
aezq
feih
delq
cote
ctjt
cccz
aukj
dwzp
cjch
drve
ejog
esdn
dcfl
ebro
dwyw
epea
bkdw
aztz
ailw
bsdo
aqrr
bqbn
aaev
brpb
bnzz
dtav
efdm
dxpr
dgrw
anvb
chlz
bbxw
affj
etbi
cvar
fotw
bgwd
eirr
drep
etbu
fnju
dtxe
djno
cfai
drwz
fikw
bdej
bsbl
dvmz
aiqi
ajjt
brlz
avja
bugw
acfl
ahcp
auuz
bpkr
bgjr
bsyr
ddof
fgar
assf
dplm
cwtk
dxnn
cprd
cyud
cttz
cath
afor
bhjm
dlep
bxtf
butj
abur
cozy
estq
cakq
faub
eest
fipv
anxk
dyfb
bpja
aiwt
fdjn
ajkw
brcg
felo
aszy
ecsx
bwrg
aimy
cbyu
dmvd
bfyz
arpg
dkln
comu
fflo
fbug
fgdb
aqze
cifp
dcwa
enao
adrq
dxdz
fmds
bhfg
bflu
fmfo
bqym
apms
cctl
dquu
eycw
faih
acja
apns
flad
caft
cxmf
cttu
digp
bbps
emkt
aufs
cmzt
dmht
cfiw
aeqq
ctnd
fcmm
ctuz
boil
edzs
dpch
egxo
fdex
bcwk
dsii
dgpk
brks
cfag
bbfn
ermy
azki
eaaa
acwb
bfgr
cfyd
cepu
anfi
biyk
fgfy
bjtr
ccem
ahfz
esrv
eqiq
cjhd
ewhb
ffvj
egrl
ayjn
bwax
bhsb
fgio
ayxg
epcu
ffqf
chbm
avkh
bfrx
erob
etuv
cisp
byuw
dwqq
feee
dowu
dtga
bybp
fobd
bmsz
dtqw
bgxh
epwg
fjva
amxi
etoi
cgor
efdu
cqnk
aaim
cbbd
alst
elit
bbam
aynk
fqfs
dpuu
cziy
dmmy
ezzo
brsl
bewa
fqjv
edon
arlr
bcov
eaoa
bzke
fizm
agzb
bozd
avgr
apga
bjrr
aout
bveg
bjup
dtge
airw
drbx
eiyp
aybw
cicy
bmfu
atzz
dftg
eptu
cizc
ewmc
cbvu
djeu
agrr
dpbt
edlf
ehur
fhfr
endr
euxy
czvf
egsu
fmrf
btqx
fqvp
eics
ecrp
bthe
agic
cdyp
bryi
blqq
buts
cwvg
czza
ckgg
dpbu
cqqz
dbmz
bwnd
czdh
eyja
alqd
frqd
bpsx
btfc
fbrs
drrs
eksu
aeym
awlm
acbe
deem
cced
ehus
fhxz
fjhb
bxyl
flke
erhu
egjv
bzck
enjn
biyw
amhd
cxzl
cnhk
avso
ahri
ddor
caxy
bhgx
bpfj
apls
ajtd
aiql
dqyh
ajak
abnn
friz
ddts
cfpy
dwxv
aast
fnzl
dohi
bdar
dsis
awbx
fcns
fmyp
avod
dbya
begp
dbxb
aobf
fijo
afyj
aiey
cbnp
dvnp
agnd
bzhm
fkbi
evce
dmji
dird
dpyz
drwu
amox
fjnf
aymf
ajuy
exfo
fids
fnrb
dcyb
eqqf
erko
dkmb
ecrq
fequ
filr
bvzd
evlv
btwa
bkkf
etkx
btji
dxyj
azcv
aunq
dzvz
fboi
dmpv
baxb
dwhg
fmkv
eghp
dwqk
enyc
falz
ddxn
bets
ffob
cdcg
byjo
cezb
ccyk
fjoc
fmdw
bjsc
cefq
cmgi
chyk
broo
emew
ergp
ekwh
egmj
asew
duhw
aqxz
evnl
befv
ajgl
defz
eezq
elvo
fmwl
eaqr
dqxu
dnpu
fhgx
ebcv
ejus
brtk
ccbj
amgo
fqde
eigr
bdmv
ffee
ahoe
buxv
cblw
boti
ehfo
aala
dccp
avai
clqb
byoi
ahli
bzgz
essy
cnsv
akbb
afnm
bupe
dzqd
bqco
fpks
anwv
ahjk
frag
cbdh
dokl
bxao
fljz
droq
didr
dbgm
cxls
ctmy
acby
csah
fhhz
axae
amdq
flag
bgns
fdep
aamf
akoh
ayfk
akbr
bqpa
erda
diyt
bllx
fqpq
chqg
alan
bkih
arjd
cnvz
eobp
bwdf
btje
atma
dkaq
cyco
bbxy
bjnc
caxp
fdle
bbar
crcb
awcn
foqp
fjke
cyrn
dynn
dfvy
cfse
asvz
cbtg
bjev
ewti
dgms
cpvv
fdlq
cynv
cojd
bhyr
duno
desy
fqme
cqlf
dhaa
csbt
euej
fmqu
fanl
dvhl
frws
dxbx
cani
fjks
chdb
ejik
exuz
eqvq
ewdt
bxme
afpd
efqm
cxoz
dozu
aywt
bxub
extf
aoty
aywk
bgzv
bzxr
emmd
flne
eknh
elhe
boyt
cpet
dcft
clvz
ffaz
cjnm
cjzs
apfc
fjnk
ctcp
bydv
cfwa
bvgp
doox
ehuc
dcys
enxk
epsu
drll
axxp
ebxn
andz
ccxp
esab
ejyw
cgwn
fntn
fcjt
alma
azdn
auir
aknw
ddeg
anmr
abui
edsp
eugs
bueh
bndw
ewcl
brwx
eynb
ayhh
dztt
crma
biua
cipc
fdud
eagg
aepm
bbdf
bywe
dugc
cqvj
cqgc
faad
athm
cfvw
eqar
cdik
abqr
ealc
cvvv
dpoo
fbhe
bwkl
ewrm
fhfo
dqvk
ebir
ejjw
fcjr
axli
dnps
eexe
afmi
dxok
bgra
fquo
ciqz
eqax
dwav
dgqu
dmjr
ccwb
cyac
crih
fcnk
awwj
frbw
bhxq
clmb
eegg
bbqq
fqcx
atfs
cxwf
dyom
cfet
etsy
awng
csot
cwej
dhvi
bjdz
enpp
dihj
dyyr
fpik
dwgg
cvtm
efsv
dzdh
eizp
egoy
cucx
autg
ehie
axoa
cihp
faaj
dudx
appo
enyd
fjjp
cbpn
dzjn
aebe
anzb
auqh
ajji
fboz
fcvn
cypq
fmsd
awaq
dmom
fgsv
chph
fqyx
dakp
djkh
fkdr
cdwu
clsc
aiar
cjmt
ailb
ezfs
axyd
dkfw
aylk
cdxn
fcze
anyy
esap
alwj
ezju
cdsf
cdce
anuk
ajxb
cbvd
aigq
dyfc
cgtt
fdyz
aslg
dzcg
bzey
frng
aaoh
cppf
dfbw
dnpg
ennu
earx
eotn
exxi
eecx
blng
awmi
clff
aguw
epnr
dwos
exbt
dumx
fdom
fpwl
anyk
bgul
djth
erfc
bmpx
byxs
fkyk
ekku
cmaw
evnp
adhp
bkbb
bjoa
btni
eehq
bnyl
akiv
aeni
bigl
bala
dqsa
eqrb
fjld
altj
ddwh
cjov
eabx
apcw
cfdt
ejqd
anqo
cbaq
bwee
aaup
bcmr
bizv
djda
edxm
etww
eudt
bezr
cfzy
fkfo
dbaa
auxk
dgkz
bura
dyop
dfya
cfld
egbo
ekpa
abik
bqoq
bnzl
afhc
eulk
ejtn
acxe
fiks
edez
bpce
cmxu
cktz
enrt
attb
exrs
dzds
dfwu
blxa
epai
evfz
degr
cbwk
aief
bcqg
esdv
bkbn
ahbl
ddru
cyiz
cwga
dsqj
bphg
etln
dsom
ccyu
dyxp
bhdn
caze
almi
aiuu
dker
czof
dgei
fazz
cfrn
dbin
auwh
dael
dail
byhs
ambj
bebb
cmbb
bmjl
etro
eyps
cjad
fpde
bamz
ebcr
dubp
ciml
dtsw
ciwy
csrg
abzv
edio
admv
azsy
ahqz
fnog
elel
dqjn
frax
dstw
ckcc
bsba
dhtm
admr
bxdh
bchr
acrd
cvuk
fahs
eukd
clav
amvk
dczk
byoj
bazd
amzw
bxra
btnj
axhm
emxh
autt
apig
cgjm
efma
cibs
exxn
cztn
axnu
alei
acrv
ehal
dwuw
euqc
ebfh
ecll
btbx
ciah
ahbo
fdhd
emir
detq
eilz
dfeg
bnsl
akdq
bhqy
btin
amfr
dinq
auum
dsiy
ctoo
ewru
fgxq
afiw
aubc
cogy
cagy
cfqj
etrc
dbow
acou
dzhg
cpwg
egiq
eisz
fmyu
brwb
atyu
aiqa
dtkd
clee
dcbj
azow
deac
eseg
efjp
blll
afqh
capj
bsiw
cfsa
dxba
bvtm
evjh
bejz
bqds
dcby
bmoc
edrv
donh
fopn
ddqq
bbun
bact
dlko
cwbb
cira
cswo
ehao
emrw
aweb
bkac
akjr
dnzf
bjzw
aedh
cvwn
dyvb
brop
ejep
fbkw
emgz
ekyh
diuk
eaev
abqx
bxbj
aequ
dptc
dyic
acyb
copc
dfdf
eaoy
atir
cmly
ejvu
eweg
eyiy
eyox
dylx
fkkg
fikc
avcx
ddiu
ajkt
crsn
dkvk
csci
cqeh
dchs
dmkf
bccn
ckwx
apbj
dbxz
fful
cmle
evzc
ebni
dwst
fice
byyt
bbga
elyh
exzb
bcng
fmcq
cfmr
eydk
bhwp
engh
djeh
aace
euys
dqie
ermp
chmo
dazf
bfkl
bbgc
eica
aniv
aqrs
edmr
ewkj
eyer
frel
dcqk
bjpu
cvmc
dnox
ffkq
cpvp
faah
amyu
fqtk
biza
drxm
emyg
fnor
fdis
debe
brlk
ahfc
adht
ayoq
coua
cqvi
arac
dudf
dgyw
dzmq
ciox
crdr
cptr
addi
eydx
bpti
djjs
bzmk
dlqs
bctp
ddnz
cxhc
bivb
cpoe
anlf
agmy
dksn
cuci
arle
bdqn
cnef
elfi
bhfe
ffxu
cazd
emfk
alrt
dtva
bbxf
eden
fqql
dipn
fnno
fetm
czvj
dqvq
axbn
bsun
foww
bsgo
efop
cbpi
cshy
fier
fhlz
aqbj
aelm
cidk
cjzn
crcq
fkyo
cxfm
dmcj
dsdu
dqeu
dgkx
bcgp
fntg
cmpc
egqk
dekb
dmhw
bpnk
apnl
fknr
aser
allp
fqwe
eaac
btdv
boqj
dimm
dpzx
eiqo
cpyk
cvqa
dinl
bpnc
exza
fnse
bxmz
ecmc
foxm
awhj
bguz
cnjx
cxkm
diuj
dlgk
dpqj
aift
dtnd
dpiy
asdf
cuvu
fbsa
abbf
bvtz
dqex
aypu
ceiq
cwrx
egoz
apye
ezdt
eqso
eyaw
flci
askm
byns
chtn
agdg
dtud
dhmd
etes
bfwj
bgop
eewk
ateg
cbkl
bnuu
dnnz
bkdz
bjwa
byac
fazm
ciqk
frwg
ayvq
dqnn
frol
biai
eklp
dtms
ezhh
ffog
fbaa
ancq
eefz
dkum
ffwy
ckwg
bkhx
dyis
cmfr
ecim
ewvv
fdax
dahm
eemn
anhj
dpsn
abgu
blym
dkfv
bnyk
bgos
cfyl
dzzu
bhbm
cicg
fnce
ezil
bxyj
bvgn
ayru
cxgz
dniv
ehnu
dvlm
evqs
aour
clyh
emyu
bnut
ffqe
fpes
bsge
cslb
exiv
cgcl
ciyv
atdd
bzup
eqdm
darw
daod
cjpy
bual
copw
btce
bfju
auvn
btca
bqep
brqe
blmc
bvue
dgwx
cfgj
ewpd
drdq
asyc
anau
cwmw
ciau
bsog
bhuy
eqgk
bvng
eetk
djcc
evxq
ahia
bpco
emmo
bjfx
ancb
ciwv
cvso
caqt
eikv
cwhq
atur
cstm
bbij
abvo
abfb
fqsq
ebak
ahax
bskx
aydy
clel
aifr
bmov
bxoc
chpm
ckkh
cdbf
fetz
btls
dajs
cvxy
cgvc
dhkm
damb
eueg
elex
cgee
djsd
dkqm
dfli
bnay
fqdp
deca
dxou
bytg
ctst
aunc
akqk
cmcf
ctkb
dyez
cuae
dkcl
flnv
ewdj
ebyn
ffig
ffen
evvq
cvsy
cwkg
fqul
djlu
dijg
ccrn
fgxk
fndc
cxla
fenb
acyq
dgur
ealw
ddzv
flut
dgtw
fmke
bwbc
eehh
epzk
dwxf
djby
fnio
dmmo
byjd
flna
efuz
aspg
dftv
bjwh
duiw
buay
aypx
bsgy
eqju
clom
fddx
ajgz
ezgi
csca
afgb
csni
fnxe
ffom
fkqj
amxr
dpxw
cmqt
frvi
cnnv
etyz
afle
dazp
bmto
bsfd
drlp
afdt
fnzj
cnht
agqq
blro
fgri
fjsf
acwk
ayft
dvpj
dsfn
ayho
dlgx
eadc
bkzn
bujl
dhof
dbqk
blgo
ebam
frtn
buan
blkn
bsbs
akuj
fdvc
dvmc
flju
efrp
dhtj
byht
deqp
fluk
dvzn
eobt
cyrx
epbb
bwlf
dlam
eztd
dnxr
anyl
aomm
bary
bnti
aczv
bfej
awgl
ahxi
amyy
ciks
bgzw
fqra
cusb
aqhc
cdkv
aiga
dtij
ehuo
cdpf
apfq
bzoz
fixt
atxq
dvpw
bijn
aeos
eise
ewlv
ebgk
dmql
fcys
fkfx
bcch
euon
cpep
dbsa
bqyw
acku
fljq
cqjc
dqtw
cwbi
aqrx
bojw
cdhv
eipw
dxeo
cwcu
ezen
dqwt
cnir
ehfm
djcj
bomm
dkpy
bkhq
acld
caaj
exmk
dlnz
eayz
euzh
awxc
ches
chmc
darq
ditl
eued
erzq
erlr
dtsb
aujr
assi
aflt
dhlo
fqay
flge
foov
aygm
dzzr
ezgw
fohy
euji
dqzi
bnoq
fmlf
ezbt
aipz
csgr
cixl
agvs
fcqc
aipy
dfyb
dfge
bsky
cuhi
dbbo
cwda
cdil
eyyd
cacm
fqcp
dwcc
cuaj
djat
fnmf
aznb
fonh
dwjf
ecrg
dopl
eftw
djug
chug
abdi
dblf
bimf
daji
afos
empv
fkrj
cuzd
angy
edfm
dvii
bacp
evcp
cbup
emwd
avwj
aoki
byyx
dtkp
evir
dngw
fpsw
fqyc
ctnv
atka
emue
bvqh
ayvz
acdw
emhx
arcw
eijc
dwen
dgcq
apkd
etvy
frxt
bwjs
fcdy
bcej
dsme
btvk
cxcv
clhn
brsb
fhpr
fdhp
aqmz
cmpp
bbvj
eoua
frxs
ebcb
bmyk
aqbo
ccqt
evqb
cdzb
cmnm
exij
dfrq
cier
bbhj
enqt
ehrp
bkbo
bfvz
arlx
bbgq
dnit
dvuv
cqyu
cgrh
fpfo
ctqu
caxc
eumq
dcnn
cpmc
esgk
ervt
cfej
bvbu
cuyn
bxnb
dcmc
enwl
fcrl
aflw
bqqn
bfyj
fnfl
cjcb
frpo
agvz
doww
fmzb
bhet
akei
difs
bwck
dhoc
dnpd
fckk
eost
aatg
dpsw
auvt
dinr
epil
ewaj
ejjg
cqzn
bdqx
bdxi
bisk
cghx
bdyf
ddmi
fcll
dxsw
blds
ezln
bmxj
bmbd
ddgc
bvhh
dsha
dxuk
btjr
dhgk
fipt
bbbi
aljv
buqd
cuol
ddwj
bcqk
cgrp
boqz
brwz
bndz
dtqu
fcvr
acnw
afxv
ejps
ffhu
bcfp
dviu
bvln
agsq
ccyn
ezfl
cwld
ehma
emkc
akqm
axpt
eabe
fqtr
cubi
czqm
chsf
ceuo
bhnx
ckkt
aytk
ehwp
edbj
eelq
eagl
akfm
bvnj
fnbi
ditz
bxcn
fgqi
cguq
efrn
agki
caqj
dqco
dedy
dsoa
clja
fawk
bsdf
fkhv
cvlh
enwb
eoyp
erbd
eqdf
bwyt
eehz
beib
bhkm
fqgr
aoqe
clpw
avah
fonb
bndy
dzxi
fnvv
bxee
cbjw
bxqk
bvha
biwp
ejmi
blva
bysp
egwn
cceb
copf
evzw
ertk
ahhi
arlu
bwam
cvby
crvb
bbyt
anid
bvni
cvgd
fgsb
flkd
abfg
akmc
cwim
fjwi
ddqz
czkr
ayuz
dwms
bemb
ewhw
cabm
ccaa
euzr
agye
azix
cyhs
fglr
ehyq
csvi
bzyr
amuj
flaw
fdsn
fjdt
dczp
bwnj
afru
aadc
emey
btru
ezus
ecal
edpk
bcli
eyqu
cngb
bdpw
dvqn
etkk
ebbt
fiin
bvsf
fmgz
catc
ahno
fadc
bxfo
fipz
bsep
avfo
dzsu
agwf
brwq
dncs
dunj
cmpz
aozq
fcba
eqpq
fpmj
ddmt
ayrf
dbhx
dfxo
eyyt
aagv
biou
bilk
evvo
awjx
cxdv
fqsa
dknp
dndn
caub
bebm
bter
dvag
dzob
euwf
fkcy
afjm
elts
fqry
daev
fpli
ddti
ffhk
bilu
fgxi
bbxn
fhak
clit
crpp
eyvv
bjbr
bxbt
buzf
faqp
btah
bcau
aela
dgwb
fpjq
bnqf
bfga
dowg
dafr
bplg
ecgd
cmxn
acua
btbl
euah
fhbr
ewfs
ekhz
cpvu
avtq
azrv
bnsq
eoxk
dmna
dpfb
cpqe
csfu
cqfu
fqlg
dven
bmzi
aqqn
arus
afuc
cxml
fmpa
apiw
bgkj
aaum
efox
ahdw
efhy
clbd
esjb
bwks
fmme
ahpe
dhij
cskl
dzgn
ecok
acbf
brkv
cxil
cbox
dsdc
aako
bnuo
dngo
bruh
fmvj
esju
cmpi
eomp
akfx
fcvu
asqy
bcwi
eixe
emba
fdoy
dcrp
eajl
cbxj
cohw
acic
dekf
aphx
frds
ezeg
cygk
fmxq
cyos
bxgp
cwbt
fcmn
eaby
chrm
emgw
btet
cemt
dxoa
eipl
dszy
avjg
dnzd
asiq
diiz
cibq
dpjs
daca
ejzf
blpd
abft
abgm
fjqk
azxh
axkg
cjin
epyh
fkfy
caax
dgch
dvsd
fotk
dsgr
epgy
fato
ajmw
dyed
elrh
dzff
bxwh
cpsr
chdo
cvke
eqay
bxak
folm
dksi
cdzo
dqfz
bvbg
asla
aygb
aokx
basj
euda
fgje
eoht
axbq
fmgl
bxrm
dfni
busg
eqzc
fguh
bukw
boaa
aahn
fkab
egmn
enrg
eoid
cwsl
akre
dqmi
artl
auos
cxyn
ckth
dkkw
bvmu
fbun
eemp
bhib
bmne
bjhj
anzh
bsjv
azra
fdvd
fqzc
bpry
flyz
eznh
bwqz
baei
aovv
dpym
fgpd
fcjw
cpbb
dasr
bwfh
dmvo
alti
dhsq
cllu
buoz
bctw
eogj
fedb
bbfo
aptp
dmli
dsnd
fqwz
dqkv
eyou
drfj
ejwz
fqzd
dkrr
bkxa
ddih
dvmr
bvmg
cevl
apur
abyw
agsy
ebaj
ashp
egzo
efqc
amub
beyd
eler
dito
fbkp
bdwo
esql
aqbs
bcto
bpii
fmeq
breh
enxp
bllv
eayx
bubf
avbd
brnq
askz
emeu
fjht
bght
fptx
ahpl
eskr
dyqt
esqs
elqd
esed
bpee
cgly
dopy
clut
dlej
aphw
couw
bzmj
avni
damq
cwtv
cfcb
bsec
fjqw
duhn
ctvi
djuv
dzzm
eunb
bhpg
cbym
evoi
bzyp
egol
akig
dbox
bvmx
fldc
fhgm
evup
fiji
eomq
buzc
faug
epvs
cykz
avbp
amqo
clzd
cutz
anpe
ccsi
eciw
byzp
eojy
dssw
fqsm
eafx
azxq
fbpi
dthr
bovt
bryr
diub
bflb
cxox
fmhh
fjqq
bxsy
ejjr
bpow
durf
bxmk
arec
debb
cbjh
emhq
bstg
evxl
elbf
cnnr
aofb
bcuz
fiew
facj
cyst
eyhu
dwpp
dmci
awld
fpoa
abdl
bcgh
bbbz
etby
bmkg
eviv
fhmk
bkvx
eybl
bfso
amkw
bhqp
fdjl
awmg
euhk
afvz
chba
fbci
byck
ffls
biil
eniy
aqew
avex
fhxy
ekzc
flcu
djxy
bakp
arqg
cyjf
esnu
eqge
anug
ddqi
eqmo
btzr
cidx
fpxt
bmop
aluq
ezsw
dsog
fceg
aous
cnnf
adad
aere
ahre
avsj
dhff
dwjp
djlt
cvyi
dlfp
cewl
areg
bszf
acdz
fkip
dhxy
cfnq
cnvg
eoat
akab
dxgs
dnhk
cjvl
cjol
ethx
ahvz
bpri
crtf
defu
cnvw
epho
cksf
etvm
eywt
bpua
bmwr
alcz
egoq
dkjx
fhfc
eqde
dlxn
dbps
czrs
cbeb
ctvq
digm
cjwo
ezjc
bizh
agmx
ekmx
aiuq
ccmo
ektu
befu
bwqc
ehhv
eanm
cmno
fghk
eera
bcup
bjso
djtu
ejce
chnr
eiih
bfjc
ajlz
btdx
dwem
aexy
ciaa
emud
azxs
eyiv
aakc
abyj
enqx
epfa
diuz
cazp
cqfo
czdg
atox
fdtt
enew
coel
bcan
fqhb
egqu
exwx
bfho
eawl
enry
eivj
frcw
fhgg
ethr
bfrh
bzod
epqt
dxfn
ecfr
dmwd
dnis
cgdr
fhhi
cslt
dxft
epot
bpiz
awbp
ecku
aoof
bqge
elfp
bxdd
drhc
elqp
arvx
dvgb
ensw
byyp
bbwu
cjlc
fjyu
eshd
fmtf
crqe
duuz
fdek
dbdb
brke
ahvs
bslc
fmjc
alze
czlb
drxy
amih
eomn
ddab
cpmr
akgk
camt
bssn
fbpl
asmt
dkut
dkga
acst
dvmq
bxqq
cpyf
absi
atzp
aoxp
acjw
esxj
ddhp
akxh
ebuk
cmac
bwjr
cwip
dvbc
edue
dnwt
byls
epta
bwgo
fbez
akhw
cyqd
flva
bntv
axrm
fgaa
dqva
anuc
dyyb
bmai
celn
cvxi
dqdf
dxhu
axij
dnuu
dkhr
ddkb
ffho
bnze
cxrf
fgcx
cdty
btle
dusu
drxb
dmno
djmo
azft
atmn
bqqo
eext
bovm
fcbw
ekyq
chyt
duce
aahy
cqpt
bbou
auwt
cpox
cjwj
evaa
bcsw
cuem
eogu
bire
auba
bpso
ezyp
broe
ffsw
fkwa
ejoz
cbff
cdol
acod
bchj
frbu
blgj
culi
folv
awgu
abip
agew
dpqw
blrx
aplc
avaa
dgef
ffvm
ebrp
dpkd
cxmd
bron
dsty
einy
citr
cdit
dajd
blql
aegk
aruh
asby
cawe
fgfk
ekup
ayjj
appw
aroc
djmf
ettk
djwk
fqsu
fhhs
eqnw
bwkt
fgvq
dkrd
fnpr
apzi
abzs
dmyw
ednr
aavg
axoy
bfmh
dzbv
fkeo
dizq
abnz
flbz
aouj
fmhj
athe
afyc
eqqs
dlkn
awml
dhou
eeha
dlqx
bfnh
atmb
foak
ecqt
dwyh
bvex
fmsc
cjix
eilw
bjdy
brey
bazs
dhmo
dnpx
cjqb
cgwt
apje
eqgp
bjof
aptd
anfg
fits
bnga
avnp
dqro
eemd
dhjr
biws
egab
dong
entx
ctzp
fjku
bvzy
edjo
ewig
eegu
blkc
cngj
bqur
brpd
awig
aqxj
bbii
eoeq
fldd
emuj
aghu
ekjj
awea
eofe
cisb
fmjm
cchh
arhq
dyvs
frjm
ejsb
eqms
delk
bfff
bjdh
cpid
cnxw
frqt
etof
dcph
eayv
fgga
acgt
ewte
evtv
emva
cuwl
askr
ehxz
dkrs
bcwh
cmtn
atkf
bzba
azxd
cgie
bgkk
dhpa
ekfp
awpe
aoiq
ddke
egaz
cgir
aqsl
blsd
endv
btxp
aynl
bjdd
cijx
ctxl
eihe
dlok
ahov
ctdt
aplf
bgvm
edxn
cnhw
bnfu
fgyy
cics
fnts
bpgo
fphq
ebkn
ayuu
deth
fmzg
enhz
dnuc
ebjr
aqft
blbp
cioa
ewxz
ckan
bfqr
ejzk
euek
ewse
fnyc
eyoa
fbhr
bwnc
bpxk
dldv
bttk
fkkc
blwl
etdb
esyo
crga
dcsi
cmci
baxr
ejvb
cgct
acqr
avpq
bmdl
afiz
dhlv
afws
agpd
evpm
exan
czdc
ffir
eqrv
anay
bwql
akjz
bher
drtw
fluw
aiaa
febw
azhy
dpcf
foiz
dgog
ecdp
efwl
dgfw
fbmx
cuwf
erhv
elzo
cpld
awmv
fbku
cdye
bdyg
colk
damu
eyfg
dlaf
fjrr
eqkg
arwu
azeg
crsk
bbex
efqq
blsm
buta
eonv
cyhd
cbeo
ajxz
bidd
dlec
cbgp
bwxm
atra
daxa
cybp
ahcu
ffaj
btbn
ccuc
dxkq
cudk
fogq
cpqm
fawf
drie
eljd
edtk
djcs
dfuq
dfny
cgjf
boky
erkp
efhn
czbu
dncl
cqgf
dcon
behq
diws
cljy
cnyc
ahvm
alqq
dazx
aptv
bjad
aezh
deor
fmuz
elbz
agqp
arwv
awtm
anir
ecva
dyny
eoxv
bcgw
bxej
fqab
cbfr
byom
bavu
fazp
cfhn
crjh
cpms
blzh
bxyi
awrw
fest
dpjg
fmla
cblu
fcob
edhu
cuya
abdy
ediq
frbn
fpxd
egdk
bprc
axtl
aupy
eohn
azfq
eary
fhks
epkv
epyi
ffbi
dxel
efxp
apbx
bmqo
esnr
eunc
bpvv
cmsi
fgqv
bkmx
anda
foju
cbwf
fceb
brjh
egkp
birn
duat
beiq
conb
bsiv
ceqg
ckcj
fdmt
dngu
bbea
csor
forh
arjy
dhkg
chth
cjgn
epyn
dgag
eeen
cptp
dqwo
doiq
btoy
fajn
eoqq
cwin
dsss
axjn
ewpe
dwfu
bnpe
fjhp
cqhn
fpxh
bxom
dift
eldm
fpxq
bhya
aonk
airu
eopb
aybq
bhoh
dsoo
afsy
epqx
bwhy
apst
edng
aoej
ajsk
ezcn
dtwz
fiuk
ffdt
bnxb
dnan
fkkl
chge
ccgb
bhlp
eeyj
cmrf
bpaz
bwxu
awlo
axuo
ewpa
ayiz
bxho
bpgb
bmva
baob
ejkq
bpqh
cxda
apqf
fjko
aadm
amhx
daip
aeiq
afcl
aqpt
fqqi
dykh
dtst
aucw
caxl
blfu
dwfl
crap
fhxo
fltz
bujn
fpal
dcfh
dthy
amug
fpej
bugl
femv
fhxp
cibx
chfk
dilu
afsa
aeuv
asld
bagz
aids
fnqa
cchu
brol
baaw
eing
fkla
cxon
bywb
atdw
cefe
cwfe
ddth
cjln
bxsz
cfpi
bfgp
eccy
egry
aiil
byuo
dyad
eobz
dccw
bkhw
eujb
ahcc
fnai
bnrq
comc
bczr
bzap
dewr
cwcm
arsc
dzfy
bcah
blzq
cmot
fmuu
anui
dgld
dunt
ddoe
beyf
dtxs
eotk
bmhe
epuz
fpyi
cneh
fqvx
eomv
fptj
aomq
akos
eirc
fcta
attq
arxm
edih
amny
dmnl
bqee
bnfw
dqua
dbpg
cmoe
ajyl
euau
bevd
elfn
egbk
broj
bjue
ablo
cjgz
epqb
efcj
blxj
deih
ancy
ajad
eobx
crmi
efzd
darv
bewm
eani
eufi
etlu
evxt
dvqg
ezah
dwwv
esjr
ffzj
bfyu
euvw
avsi
djcx
bbmw
bznu
cmab
ddaw
fkzl
cdqt
fnos
bkuk
fpbs
dghc
fbnm
ctsc
eknw
ezej
akci
ffcv
caam
aeil
cgyd
fhch
djog
cjcp
dgqb
airz
bdlb
foaj
ctcw
fdma
argn
dmxo
bqjx
aqsv
bdds
brlc
dcvc
efst
eavq
adjx
ahve
apni
csmn
cpln
fazx
bsqd
ahgd
fotm
dydm
dbwt
fqys
edeq
fdxf
cvqr
djhc
fmcr
ddzf
bmts
debd
ctue
cyeg
ariy
ehio
aorb
ahmz
fcpq
eqve
bqcd
ewmd
dvxl
ayrd
dved
adol
ezke
djxk
crol
adyn
ebpe
fnwh
breb
azbb
aamc
cwcg
dmck
anhh
bdfs
dudt
fnod
bgpg
dppu
fckp
ckhy
errj
ayws
efwz
fcxm
duqp
bghh
fiao
dety
epnc
cnaw
egmg
chvq
doan
bwhc
etrp
dtxv
cfmz
enma
cvtn
brms
bxkm
dgxb
acvq
frnl
ajai
cmnb
bgol
ejks
euzy
dqww
bfsr
eeiw
ehpn
eeeh
bhgd
chtl
bgea
eihx
biwf
cqrs
dxhy
ehbx
bxew
amge
dkmr
eund
evvl
ffux
aycn
aisl
blek
fjnh
ayuw
epzf
dwxz
axmn
cydv
dvfb
ecpt
dhzh
cnrs
fhkx
aflg
btdf
fcmr
enhv
azfz
cvoy
ezlp
bcbq
dgoo
bnuf
czki
afvf
fkpd
bciz
ebsx
cods
fhce
faob
fjgg
cmes
cpqy
dufz
aaef
derm
fpxm
eayp
agxd
cmcq
cmos
dtdq
dsdk
blbq
bmzr
drny
fmqs
cdzi
dyxq
bszv
dtlc
fgsd
ambb
djyt
brgx
duvi
amsp
ebem
eevl
ckak
dego
fmlx
adwu
foev
booh
dtwm
bdhc
cern
eeoz
fmwx
dpxq
bdft
cbwo
exef
azlr
ewzq
fhpb
aobl
fqjp
eyhd
cqba
bozg
bvhk
eqvz
czhx
frmo
elst
bzqi
dszx
dbfq
blpf
fkuc
ekzg
bnza
fcpz
ezyi
ceqc
eosx
cptt
cyex
eudm
eyni
fedj
ddan
bpws
bhrf
aaod
cvdc
btig
aywo
ayax
bszd
anek
flwh
dtpf
ctpq
aofi
evgs
cgwv
akuy
dlnk
fhig
aual
dpci
ejvl
dxks
erpr
ecom
cjsr
avfp
agsp
ccny
foes
fhhc
cphd
clzv
ettg
abxl
dnab
aodn
dwfn
aoqw
amab
cfuc
emwf
fnpa
ehxw
cgmm
bhxv
aeez
dpiz
fghq
fpze
boxu
engr
dlzg
emik
dbck
engb
aayr
aijd
cbxm
dpdz
eshf
cudz
dyhv
bnak
ecth
axiy
forf
eeae
cryd
bpxx
eadr
bvuu
dpwo
cvsq
dtoi
fmcu
dhme
awuo
avot
csjt
doxn
felq
famq
avon
bmin
cmqk
adxq
cmif
bowm
bhwx
czaj
cfab
cvjx
cqzv
fmwi
erzp
bbgl
bdpj
babm
acql
ddwk
afcy
crvn
abls
fgyg
cyjs
abri
ecqv
bwnh
arzx
dsyz
cgxn
ajbp
efau
fqrt
ezgt
fcpy
bsfw
bqik
cele
bfwd
fopb
dkfd
cdxz
dczc
bcmc
colc
cwgy
dwru
biak
effx
djpk
blsc
bmlc
ewvs
fbfz
fqii
adun
bckl
djqj
bpmd
ahuk
folc
dvur
aynm
ahtt
frkd
bcdu
dynt
ckrq
eodp
epti
ekfe
ddzb
ehlg
cfwk
azlo
flri
ebxu
blkt
bpct
eoyn
fnbb
dwxp
aaxr
axun
frxc
cwts
cxup
aibi
ekky
cqzr
axmd
algh
azzr
dglq
czul
ffdr
aytu
bcre
fgzm
cbue
bhkb
bqjn
aesj
eikz
bdhd
bpgw
cqmp
amlz
eemo
fqte
fhyc
dbou
dedv
eqpt
favd
aydh
cwtb
dbby
fdjx
flxu
frrv
bbcv
avio
emkn
cmww
cjvc
anru
ckfo
afsh
deye
cqmk
clev
cjri
ebqq
anvj
dwxr
fhgd
afnq
fmmq
fket
fnmb
fnvg
enqv
ejbl
cena
caui
airb
butn
cvhs
behe
afgq
ffnm
bjdt
brdz
flwn
asfe
amtd
cash
decp
dbqt
expy
dalh
alrw
ajfr
cemk
bxmp
fgzk
bjqn
fqkv
bsus
dbog
atuo
eait
bkqr
bdre
fesp
esag
atae
elgp
fllj
feww
efnr
dzxr
fmmt
bzrz
bulr
eioe
ekaj
bpmw
faqk
egar
fouu
dlnt
dihw
djwc
czvu
dgau
euwp
ackf
fhla
ehww
auzc
cqyv
eabr
brau
dlzm
blfx
cxub
dsvy
dofn
dmlq
bljx
ctmz
alpz
bnzo
ebbp
cxym
cadp
frcx
clqc
cdri
ffml
basv
chlc
fhnh
cqrz
frwk
anoe
ekkw
dlpr
cwdf
fpmh
cltv
dmkr
fmxj
aqgc
fbdm
fadg
fakf
afax
dfip
dzwd
ewkw
erit
amdm
eiqm
dckq
eguw
cwit
fedk
evue
alco
dhld
drgu
aoxr
ewxj
dbfe
drzs
cefx
abqk
dltr
aypq
fbbt
dzuk
dtqz
eqel
ctck
duxu
cbsy
ceul
dgfe
dwpn
dgtc
bnuv
amlq
dvgy
caly
ekth
enku
cwis
dziu
bzgn
bzys
bgto
bbhu
agui
dfgh
dlwz
fesf
cwyj
cggg
aaro
eqsf
bcsl
dbaf
erdo
bzfa
cnvi
euja
djkf
ayjh
fnfu
cejc
drjp
chow
cphc
fmaa
ezbh
bppm
dxjq
bevt
avfh
ezfg
dist
btkn
bqea
cejl
bvmo
fdvk
fekh
bvwi
crzg
aqms
ccho
ckvy
abqt
czxx
bpmt
dmaj
euxe
bcmz
ciif
baoj
bjud
alcj
dyyx
ccke
aaem
dccs
bhyi
alzp
ayhv
bizw
bgsy
edfp
fliv
dvlc
bgoo
eoax
aire
azqu
cafm
cacr
dyhf
fcsm
arfx
bzcc
enwk
dwni
cnkc
crda
cpfa
cncx
bdor
emao
bbfw
bdns
cxks
arbd
cswu
enrq
akkn
fklm
ctdo
civm
ehjx
bocr
fayc
ehrh
eokq
bsma
fmfq
cfez
cghe
clhb
azdk
bent
eojm
bljl
ahzo
edxl
fqhu
dkau
afiy
etcu
ekkz
aofg
ciok
dwzf
difg
aalf
aaze
byuc
auik
dtox
eaup
frkr
emyl
ctte
cqxl
bdih
adgo
ator
arwo
fiso
bsqw
achw
fdxt
aobq
aazy
ddyw
cljr
cols
eqzy
awhu
barg
dizn
dffm
ebtv
axlr
eqts
aqgr
agbn
dbeh
fmxs
bjll
bwjq
ewll
eepo
bbyq
agua
bnzq
cwby
ebrl
dugi
ctqw
figk
amen
cxeg
eduu
fjbw
dizs
bwhg
ekoi
aont
cxgu
ccfp
ejrr
bege
awps
clqi
buby
bcqm
dsxu
cqxh
crir
aera
dxhp
chok
frvp
cvbc
dbnd
dhmq
eogs
ffka
dgwh
bkbt
epnb
ayld
bxow
dbfo
ckas
fdvp
brsk
eeup
dtmq
bhqn
aqww
bvbn
aaxv
cfco
fbth
amkc
aski
cuhm
cvex
bqab
djrn
auah
bmcz
annl
cigg
dxtl
apkg
cwnl
byxa
fcqa
elbn
cpbr
efhl
abrb
azrw
eqeg
dbaw
bpoy
blao
fcxo
dhcf
bycj
auvb
adve
bepp
airh
abhm
ecpr
cron
cdkl
djnm
fclr
cfys
axhy
eykz
dotu
aznu
btee
bsfs
cfgq
bgvi
aqru
bxbn
ekog
clos
etmy
dpgz
bwip
eqxh
dona
coyq
aihe
fnie
erld
efgp
dyfe
chso
dxzv
aofd
eaqq
fklp
ddim
djni
fqiu
cott
cfqg
ahhv
fnvk
ddvo
cbnk
fnam
cagm
dgro
cunb
dcar
bgtg
azqf
czig
etjo
dled
etom
ckll
eqwx
efvn
borz
bjik
cpat
efpb
aamh
ctav
cmwr
dgqg
bcfu
beeo
bqzh
cljn
dawe
ccmr
byta
eowc
eazd
ahuh
bizj
ciyo
ewtq
ewib
exba
bjyw
cnju
erhx
bqtz
dowf
bqfv
bgxc
dtor
cnuu
afxg
afnr
erfh
dhyt
ezqq
evlm
bsol
flyi
deqb
dfxj
bpyv
danz
flkb
aees
esud
awok
afyx
cohh
fodm
cbrm
fomp
adbg
dhdt
ddiq
ansi
bmkt
bwma
dbfi
dsvp
ebum
aant
cutv
bhto
cztl
dqlk
fhfy
eyzr
dqiq
bikm
eony
aqhk
blhu
bjuf
flwl
cpcp
byqz
bfsp
eumg
bawt
fdsb
ccfl
diox
dpee
ekry
aqdm
brls
coji
fnjm
bwrs
aoky
acph
emgd
dprt
dorv
bgvh
dxge
dbcs
cwgz
ejgl
amzx
defg
akdo
emaf
fqhs
ewcj
cneb
dfsn
ctly
dake
dgzn
eipy
ajpv
bvzt
cymz
bjfp
dpbs
emrq
bxbg
cqrt
arip
brhj
dhea
fpak
bopq
ahyk
fevp
bhsd
bbrw
ayql
ckmr
eszr
cgqd
ayjo
bjqp
bdez
deqw
dahu
dwce
fmdv
fplu
fkqc
apxk
cysd
dboh
dqll
ajsp
fhiq
ayqb
eada
dtpq
byyj
fmcw
drvw
ainn
bahb
aibb
faam
csxs
dqmh
eznd
buzu
apno
eavx
dlvl
ckix
byys
cdsv
dyjx
bewk
epmu
cwek
efoq
bzzg
eggs
ccud
dtxb
emtx
ehmf
dvic
asfz
eedg
clph
fave
drqf
aphf
cdpc
etiz
ahuo
eaqh
dzhe
aaxs
dyuq
erjl
fdcb
eosd
akwn
dayi
bjnd
fpky
dhhi
abdu
dzie
cliy
avtk
ajvf
dxjx
bfwi
dyfw
cbgl
cxwm
dtdt
eaom
dsun
esys
cgxf
enbe
dnvi
anpn
ainl
btyo
bjan
evav
behd
azmv
fkpn
foru
ejem
dpeu
ajfp
bddh
fdhb
dkgs
emif
flcd
crqj
dnsu
bfcc
dcms
azfr
dcei
dtgt
aakl
fkbz
exlv
bsws
eeoo
chym
czed
amft
bhgw
elam
eolp
bhqx
bumm
dcqm
esxn
fnbt
bvpw
dyks
deww
aaqk
eood
dwwg
ddey
fnre
dliq
aotu
fhbb
abrn
dazi
dmcg
aorw
avcm
ddww
aocd
eonp
cfew
efmj
bvxy
arcp
ajne
ednu
evzq
dvaf
btes
egvf
dlit
evdq
dfxy
dwkc
dpgl
azcn
dsnb
abed
bwnm
damp
eexz
fqqm
crlf
afnk
bcix
drea
ajpt
aomr
cbhk
ddeh
efiq
dhzw
cooa
eunn
eucy
epld
audo
ccgo
chdm
dcfc
cflf
evoe
afua
btpk
fkdu
atqj
bepy
evgl
eoup
ezxd
chyz
cycp
fdla
actz
dynv
dome
azqb
fpzm
efoh
bqeg
amqz
beqa
atrg
efpd
cwmt
bbvo
bvwo
ashd
fhem
axyg
fmtu
apie
fdch
cswd
ehjn
dgqy
dguq
caks
aecr
bxta
derl
awsa
cylm
asam
eqpi
cqnf
fgxf
bqfq
auhr
ewep
dust
dubd
emrn
coej
dgwe
atkn
czfq
dlci
blnu
bpwz
fblx
bftd
bpmh
bget
ffkk
ddin
cosn
feam
dbjf
fluo
bcxc
eglb
afey
dfte
dlaa
etlw
ajcg
cxzk
emri
fnla
bzzi
elrg
awat
dsnx
byol
egkq
aatm
bjom
allx
cpjd
fkxr
ebin
dcqu
ctql
cdqh
clvv
dque
cynl
cvai
abnp
bqcn
bnwz
erdq
eavv
blqj
cjsu
dmcq
flwz
diez
awit
fesq
cehk
dnvt
fnkk
ehmb
cdqc
anmf
bltc
cmxa
aaoq
aclc
ezsn
biqo
dvhr
byjc
bzrl
dyme
bqmi
ciut
dvlx
aohu
auqe
dykc
frww
cnoy
faiq
atfy
ersn
edjp
epro
ermq
dtaf
emas
ewhj
cqcu
cuyl
apmw
cgpa
dwey
bnbq
cehn
eprf
emrb
bspj
epev
ddpp
eyiz
euct
ebia
cpql
buwl
czrk
aero
doka
awdu
ejpg
dass
ehin
ebmw
dplq
afqn
dmum
bzgs
feqc
cdin
dprx
dfki
cuiw
cfdj
dvud
ekwd
bscj
chnl
bbkh
dfsm
brlw
ardh
cwrq
dskl
azwx
dxco
bnqu
dgqz
dfhg
cbkm
cluh
cvyb
dllk
axtd
eikq
ccwr
ejpz
amfs
dswi
bhek
fije
awjw
dwuz
achk
behr
dgbs
epfx
amqr
cjgq
bczk
bauj
aldr
cssw
atlc
etaw
fctl
fjmz
feob
dplh
ctta
depr
eymw
cyxm
cfgg
byak
dhcb
exiu
amvh
doya
dabj
bsom
fidd
cxgk
dftb
fixp
duzh
bsnj
dmvs
cuge
exvw
bidm
cdas
alxz
cndm
bfwm
altn
dsts
bbzj
cytp
dhfy
awch
clxs
csep
bhmb
brek
ezvf
fogj
cixe
bwmp
apki
clts
fehd
euuo
dhue
ecpi
diun
ahzu
dmdi
fini
erzw
evkf
dgwu
aeso
ddfp
dvbv
aynb
cpwb
ehei
fftg
eqfb
egpc
bves
dxmo
dgtk
cpww
ekxx
ckjx
fnaa
aiji
azih
cdjb
dwmt
coqd
avgv
fogb
cbme
fkgn
fcro
aylt
aaqs
cczw
cbmi
efge
cdnf
excq
duqg
axpx
ccdm
ascb
eyxn
esua
cbhq
amwd
erbf
ezal
bivv
dvkb
cqwq
bnlr
clmd
ahyn
epni
eeyo
dfsb
drbs
epdi
ebmg
euol
ehxc
eady
aeib
dgbl
dkme
buks
dxam
csfl
dqho
cynn
dgun
asqf
acky
alzl
eujf
cnos
fhmi
byel
dgvw
cqmh
exog
dmjw
cpwu
buvt
ekrf
blcd
anhw
baok
dnpj
aswf
eecf
eudf
cemj
djri
bxog
ciht
bzsi
apza
aixo
evib
cded
aqnu
fqrr
ewva
ebzr
bqqu
ajxp
csbo
dewi
dlzk
bjga
anzi
ewie
fbsy
cbnd
bbfs
bpef
cbnz
dgqj
ekne
dgqd
cvcd
ahwg
dspv
bfsa
foxi
fbdd
dgyv
chhy
bwja
ageg
eulw
ezoq
ezjm
bsct
eebf
dpds
axmh
ekdi
acga
brfc
djvr
awwt
dezk
dmkn
axqu
dexf
dstk
cimm
ashw
dmpq
dboc
eesj
fpfg
cqvm
enjj
cqta
eete
bqsv
enhb
eqmc
acfc
azuc
ezel
ctmh
ceuu
aayo
cdiy
boif
dfbm
bphq
bzog
bdyz
ewae
enqw
ctwn
fmhf
cabc
dfvz
anhr
cysl
asir
bmfg
fewg
aouy
ejdw
epph
eigz
ahfh
ffzy
bmue
aypw
eqqg
bcda
bltf
boyi
dvea
brhq
fmlr
fgvj
dhmy
dzlv
dnrt
fonu
dukq
amxb
enui
flcr
bkgo
bnmp
bmze
cleu
brfl
bwif
djqd
dgsc
bnej
bync
fbgu
dgge
emcs
dvvw
diaa
etdv
fdoh
cqsj
bnlf
ezkk
drrc
eltf
exbh
bono
crqq
bfqv
fbhb
bclq
cjxr
cgnl
fmng
dkxf
fhgk
dzrm
baep
ecmf
fqzi
eoly
fdca
aarc
biiz
coef
bylp
egwx
epvf
dqef
aylm
czgr
bvhl
amai
fqyg
eepk
cqcb
dmys
baao
criv
defv
cicm
easj
ejzc
dgmb
ebeu
bkhj
bevp
bklc
ayqz
cvrx
bsxf
facw
errw
efji
doih
dpto
elwl
anvl
dfxa
czyg
bkqb
amlu
anim
abyh
fcpf
dhwu
anuo
ecjx
brar
awiv
clhd
cbsv
anfj
cjnf
dkoz
dhmh
byis
bchm
ewyd
dnfb
bqyg
ascp
dozy
ebxa
ehmn
byzi
bxwi
dnca
ehbr
ffua
arkg
fqca
fmkq
dqzn
ckdz
dgsz
extg
eeqd
bpqy
fbtr
enio
eiol
bele
etfq
dequ
dzhu
bgkb
bblt
fesd
damz
euoh
djqv
fnfy
decy
ayob
ecyu
anhb
ahmb
aijw
epcl
fkjx
djnd
bxjm
barq
apzf
aidr
apdl
cqpo
bfpa
bxdy
dzej
bhdm
cydi
emps
eqbq
cbfk
bldf
ador
fhyb
cymu
ahbk
avwd
dfaj
cduq
aenq
cxcp
dnhg
ahbg
coxu
brcv
aknn
eflp
abkb
ambp
bzxc
afhx
dnxf
doys
dkdr
fqer
bzsn
ebvm
ebje
dsqn
fnop
anqg
bjry
coez
beoi
dnjx
egbb
blvz
dqyt
areo
djhp
enre
fnyr
ahkk
bucz
azvg
cpix
csyj
ahpv
dfia
ewmy
apmf
bgjv
aspe
cipy
bubo
dvbq
dkxw
amrz
cyun
bebv
anfy
fewo
amey
dzec
dbhz
eula
ahzj
azld
frhv
eybx
corc
bcxp
apto
bdcx
axhr
bjvp
docf
flxk
bthb
dikv
exhq
apom
cinl
alvg
beac
amss
cpsn
cpyo
bppd
dcuu
frkm
fkra
eccd
awgw
cksc
btgd
ffwh
eomf
bnlw
dlgv
eyto
feyn
edyc
aijn
ethq
dxlw
ayrp
dvka
didn
dwvs
cvqb
almd
foll
fmqp
bmti
aotn
ewuo
dkdz
daxv
fpsu
ccop
abhw
fgln
dakz
doyu
azny
dwgi
ddbe
cuys
cmfj
bohd
enay
dxws
axlf
bpbj
auwm
elnd
efso
efsn
eoiy
bmpm
fdva
dsbo
btaf
etpt
csrh
cwrj
axqh
aitz
btrv
apwm
dmge
eydq
crms
fbxb
akpm
ffum
cguc
fhfl
dhty
aiay
amkn
eypf
advp
bygx
eouu
exgw
fohh
fngy
cixq
avfw
fpgu
ekoh
dnpo
fcku
azcu
aabt
cbku
cpzr
ecgi
ecbg
fozp
chgh
dilh
bknw
egwi
eprn
avwx
edrf
bfes
crvv
atui
clnh
cbpl
chha
ajsg
eugo
cese
fgmx
ajmk
aasq
dzbe
bzyq
bbwm
coai
aqcj
cblz
cfoa
frop
djsf
agws
dajg
escy
fgrp
eexh
ehcs
dvir
bkcs
aggf
fank
elhr
cbcu
bxrt
euee
dxsr
dbpu
dnmt
dcda
ewrj
cfkg
ezuq
cajv
dtvt
cdyv
auqn
fooq
egyn
exuq
fqlk
cihc
ffqw
aeys
etcp
dyrj
bppz
ejqe
crjm
efaq
dziz
bvnv
bmmx
bmyj
bztm
dshq
fair
byry
cksn
fgzv
fbbu
bzqd
akpv
efqt
ezjd
firk
blaf
drdr
dgwp
cnuq
btqg
bhdp
ezbe
aofn
brsy
esve
eyrv
flpc
dtxi
esgg
fmuc
ewif
emfb
erfo
brpp
eyfz
ckwy
apvn
aaej
bhqh
aoji
fhts
ajzp
egtq
cqtp
adhq
aqyt
emkr
carr
bdkg
fqkj
fehh
coxv
fgcb
dsyp
eqxl
fjtf
eyvu
cdvp
ervj
acsy
ffix
crpw
dxkj
cdlb
buwc
dmkb
flnd
demi
cycg
ejgz
bkhh
cqyh
astg
cihw
cglz
afoj
egid
akna
erlm
awfm
aqmt
bmvb
faxh
bjig
awnx
fiuv
dllo
esov
dziq
bjmu
azqn
cgcw
ezyc
eotr
fdvi
fprl
drjx
comb
enbs
amlt
eqhs
cdwm
cosj
ahat
aaoo
cqgw
dwhb
cocj
elxw
avwp
fkpi
bgkn
dten
bgfx
bybr
fpta
dvdr
fbqm
dzpz
btmv
avoa
dufj
eqid
dtku
arvt
cqbz
bhif
cdae
buth
dhgo
excm
bouq
akjs
bcfl
cocm
aclt
cxdm
duio
cfmj
bvog
bzpy
dmaz
byim
eywe
apdy
cngv
druf
bljd
ajha
dqab
awzh
eldg
cstl
cofy
cwmp
ddod
broz
cbkk
dgty
fiui
fmbs
aigl
aokn
chfj
eykc
cyeu
bezu
aqga
czqg
enck
dutx
ezcy
byqk
aixx
eofa
cnpv
dkpf
cxor
fdpd
advn
eaov
dbyh
fdfu
cnnw
afxe
dyrn
bbls
cajn
avwy
dcib
deds
dxeu
daaw
erij
ezgj
avpv
ecup
ecld
cggi
bkev
dunz
amsc
ddpk
cduz
dgnh
bcek
doxu
bfca
asqx
dlir
flft
cwuj
aapd
bzkz
bcor
aypo
dipw
ackq
byhj
blia
elgz
dofv
dphh
aeoe
brui
ckwc
dkob
bqjz
fqhi
dstx
ezie
akmd
edan
dimx
acnu
fqxz
bxmw
dgrz
fbvp
dedp
ahhb
bzdn
exft
ayud
bzbw
cvwm
fliw
auzw
ameb
cjir
cfqc
ejoy
bssj
fnsz
aukt
cual
ahiq
espu
aafb
bsny
cfje
fmga
cbcd
chus
bhoq
coxr
etws
eror
coye
cpvb
eplw
eabn
fqyb
bfjh
bbqt
bubp
amzk
ckmb
cstg
eldp
darh
cfsg
dwax
cxdk
fdbi
cwbl
fbaw
bxjg
bsvw
dylk
acdg
ctbh
fgyb
aryj
ejja
abym
aqtt
errk
dila
buhe
cgov
doep
eorz
cpvr
dcde
edjf
dwgr
brnj
akcq
culy
flbt
dqnl
bubw
fbgd
fpoy
eikx
fptq
cdwb
abhv
chsp
acdd
feay
czjb
eohb
efgv
cgys
cukc
dksz
bexc
afif
brcj
ddxr
akcr
cfow
fogw
cxyv
ckii
ctxk
feag
ebeb
elof
cwxk
dudk
dyiu
aicq
bhzy
djfz
bhhl
dvjb
egcs
dyvv
dzpj
atmw
emss
bdie
bjgq
abpd
cflk
aetq
fdlo
cvxb
cnbu
bpuw
delg
aiqd
bttl
esyd
dqys
ffui
efed
cmug
civv
dtli
fkum
dmdq
emgc
aaog
eekx
dvdg
ddhz
boli
bkmb
djgx
boqs
efeh
dsvx
cadt
ekay
ctvt
frwv
agmb
cehb
ehld
asxf
flqc
dybp
blla
aqcz
eonn
ejmx
aeqw
ewwo
fcqf
aury
cpfq
azvn
bahx
awfu
eipn
eixn
fftx
asaf
aaye
dakt
dfau
btit
ajpu
dpay
cbmx
cvys
fqwl
exky
bfqi
cgwd
eyqy
cjij
eybb
btul
abnq
avgp
dvjd
dzww
fluj
afve
cufs
dazy
coxs
djid
bzgx
cpuq
dvly
bqaa
dswr
dxek
bejr
eiqk
awvg
emau
dbjq
cxfj
bfgm
athp
ajvh
flxj
ezbm
ajwd
eajm
bcrp
aymc
fmse
fftv
eqtk
cbbc
ajlj
anwp
ajvi
afzh
bweb
cpax
bqdg
eron
dyzt
efks
cxfw
cvav
ench
emvf
csoh
aims
dhug
flaf
atgg
evjt
barj
cexe
dgmo
dank
btmq
cfev
fele
czcg
bprd
cnvd
bupc
ejyc
afdg
dcuk
cpst
fnoa
egew
aitk
cfig
bedl
dbtj
fafh
afsc
diqa
dhkw
emys
asuy
ausa
frhi
dvew
bxpb
flqs
coxw
dkyo
dltb
allr
atsn
efqi
byip
dfew
efry
fpom
dvao
cydq
dsum
bupw
anxd
favl
apcd
dodg
bpgz
bcqd
cjbp
bmlj
faak
czjz
auoe
fgzr
annp
azfa
cpbu
dzsg
fafb
abrz
azgs
ekvb
cikp
fktp
aqlu
eabg
dliy
ccdu
dapj
coby
dbqp
citj
dtjy
cula
edvr
ahkg
cunm
dsba
dqyj
ailc
flng
cwnm
depg
encq
dgaa
akwy
fdmc
eims
cjlg
bydr
eiaz
drnh
ehpi
dfxm
dwbk
cexf
aeuh
bgwm
apjp
bxiw
cndz
fbtf
fpll
ebdo
ctev
anwr
ekmb
cqhf
bafc
dtek
fccv
duib
ealz
fkrn
bgoz
bjxh
epws
azyb
etmz
frpz
cesb
covn
fkao
abmc
bqyq
faqb
aksn
cime
cbga
agly
bwum
fajt
eziw
dqgp
cluc
alut
arxd
dmxd
cfao
eubn
dult
dszu
cvfy
dddf
btpe
dedd
asls
flqw
befx
engq
ajeu
dhdv
bzee
aauq
arqy
dupk
cpxz
cabj
alne
fpcw
ezpr
cyzy
brdx
anns
cjcj
dhgg
bglg
auts
exnt
azna
aisc
djvt
cnyk
bteg
azdv
daxw
bydz
dlfj
enpx
dfpy
bbvr
fmwe
dmey
dflb
aggb
bcml
cuzx
bsqu
aqhp
datj
fmgb
bftk
fahw
fjya
cnfe
afpb
aoov
almg
audj
axby
btte
baek
ayeg
dfpv
ekrx
akno
eavo
bxuk
dxud
afsw
dzrd
btun
dupy
fios
ernt
ffne
brkd
djau
akds
fbtt
epek
fozi
dgao
dbka
fqdw
btct
ddjx
cgru
ewmb
cmwi
aemo
avmj
bbrc
cyel
cqzw
eeix
dozl
adth
axwy
ddtn
cyhm
aaxi
eydh
fabw
foux
dhcv
epvj
fibx
atwy
aqor
flpt
afoc
enae
eljv
eswz
edju
beje
bqzc
dfpt
amjm
djqn
avig
avia
dzpe
cpyl
fnxd
axlg
bvtr
cijq
dzlf
dapc
drcc
alcd
awtt
bmru
cvvz
ebrr
dpqm
ahuc
cdkx
ekmt
dgyh
feve
dspj
ecte
edad
drxd
dthv
cply
avyj
duhj
ewth
aouz
bqjd
exfm
bjre
aqhj
dvrh
aysw
dlqa
eaky
ddvt
cgws
fjpa
ddat
bmyo
ebbw
fgam
eltq
fazv
aeua
ayqe
fmrr
awqe
ckuz
adyo
akvq
etbr
frph
dutv
ageh
brck
bdss
fdtn
cayh
cuyo
bopd
dnbe
cswx
eagv
bggn
buet
borh
anib
brta
cmqd
cgzf
ahqb
dezc
bcdk
dajq
edjl
bzcp
dlhb
ekhf
dsvi
adjj
dwpr
epfh
dron
dtlh
ahsf
fgfo
enad
blvi
bsta
fawl
alwf
dpdj
cdgl
dgji
dfmb
fhcf
ejiz
dmta
aiyf
cfsq
dxjr
atnl
bonb
eslz
ccyc
cppo
dtdj
avus
aylz
esei
aulx
ceai
dnai
djrv
doku
fkwj
byyr
dwdw
alrl
edwy
aogl
ciam
aagw
dkcc
crgc
bvow
byjt
bupp
cvce
agfy
fqnu
aelx
fjsr
brnb
bqjl
ewyf
dqfy
aipt
ensm
eilg
chkw
auwo
ctkg
cufj
bueo
fpkl
fgod
dnhn
cbyg
blep
bkib
efql
boey
aeam
fbjt
aiby
elpg
fcjo
biem
duop
dhpf
dtsv
dsyn
boxn
ekee
cyue
cefi
fdcy
etjy
cfvk
ctzo
ekio
bceg
bbpa
aqch
bzge
eovm
fdkm
bwwd
dxfi
dcck
bbbd
fpvd
bqzn
etlp
fqyk
ehyu
dfuu
asth
dlft
awzq
aebf
fprz
bxxu
dovm
cfzi
aaco
efxo
fflv
cfge
cxpr
dewn
fcfp
cqzd
aaqu
fjca
bosa
aqvw
caop
dwvf
ateq
abdn
cjzi
exgh
dbpw
flzo
biqk
bbez
fowa
cwzf
feex
cumt
bsvf
aqce
cowd
brfx
dwcm
ejzy
cagd
aigv
bydd
ahqc
bihl
fess
eosb
clvn
dhxs
djpo
ebox
bofz
axgv
fmez
dhar
cvew
eepw
bbbu
etec
exii
cxrz
dysb
bypf
bbag
cvyu
bvxx
ddaa
dhbd
feqo
bbmy
egam
bpht
ceir
dfzg
core
cucs
etdm
epna
bnkq
dlgd
beia
dndk
cysh
chqh
fjaj
aajz
eqez
bopl
bctm
fiqa
ebwz
cqtm
fnqp
bale
ffuq
bqfb
blnz
efcm
eebi
fqbn
coka
btam
apii
bjmi
brkq
adaf
argv
fkew
dvsk
akje
btrx
fgou
aziq
akik
catn
bkdj
fqzw
axil
bfuz
endo
fidc
bxgi
emca
eckq
elrv
eowu
egbi
emwy
dlzs
btfb
chqz
cmjz
ctts
dhon
ddcn
fpfc
dnik
dfeq
dipf
ehii
aejv
cpzc
bjzq
fpcs
fdyd
cxcw
bgkm
dnvd
fdro
erif
ezrf
bdxt
bcuf
dhkt
cgrk
aicf
afcf
fbqt
fnif
aear
cxjl
dkub
advs
ddde
brzr
dkwm
bhxd
aupr
flqu
dfub
aurc
bkoa
byeh
aovh
afhm
abnu
bduv
cvyj
cksb
cupq
bhpm
bkat
ettw
fefm
ejny
ccnf
fcdv
aiuk
awjv
cxwh
dzfq
epdl
bygs
aniw
fham
fofx
dcfz
bspw
cmkm
aiha
cjyb
aglg
cgcj
ejzl
cyrb
clqw
fhlm
bqcc
frfw
fidw
ekeg
fjpq
abxh
audq
beri
cnqs
aqnb
emia
ajuz
eclh
azom
etcl
fffx
bgig
apsj
dgdi
bmbf
bxxw
cpoq
djyk
bvqv
erhj
bbaw
ejyu
bbqz
falu
bjhk
dhjw
dyfm
etql
cccd
dubu
afpn
byjk
cyhw
azqc
czas
diib
bipo
abtr
eeai
edfz
ejvi
bgrg
caom
bmwn
abec
bmnx
dyfu
bdyp
bqgf
fdei
dbgc
akdy
cizg
finh
bsbe
aqro
aklz
dmpb
demo
dghm
bbtc
blvg
aylv
bgfm
bmjd
aykm
dzse
fbdr
ezmr
cpsx
ayzn
djal
eorx
cjvw
djmn
dwva
ahmn
ddhi
farb
evdb
bbkr
akzl
cmgf
cycz
ekzv
enaj
atbp
ekid
djfp
bpka
frvj
fded
arah
alyx
ajxs
capo
attg
fjrz
dsab
doml
cyhu
ajre
aslz
fivt
fjfb
cvqt
bkli
dwqr
eaek
ceco
fkta
fjuy
dcfy
aznv
cgcu
cqjm
duma
eeqj
buzr
ehge
bhli
diyx
agkp
abhy
bvrq
bkhi
cuti
ccnz
fobh
cmyc
epol
dezl
bxcb
arvr
aoxu
bllk
aetp
alct
ctje
fhaw
essn
crmx
decq
eldt
fpzl
cxxb
fbyz
cuup
calx
efut
axsp
eenb
enbm
cgvv
btox
bwkh
bavl
feig
ajbf
eiwj
fblo
byqw
auex
eelm
dnwn
fbde
bgrd
dpdq
dnvz
asxh
dqku
dekk
dzrn
bgyu
ehzr
etal
evnr
dgtr
bzll
aqrl
dmwo
ckdc
fcza
arid
admu
agnh
chzi
anln
denj
dsdn
aeze
aurs
fnsj
cdoh
bzbr
cuhj
cdjm
bggg
fdzx
eflv
fcfs
bwwn
cijs
crul
fdzw
ejqx
bqmf
atvv
fbfy
bcjq
bnwk
axuv
cepc
fpqd
esdy
epdp
epwm
amnz
auss
dmro
bejx
cydh
ctpd
eprp
bmip
czxv
duvf
dymo
bmbt
cihx
aszr
egfe
cscz
dgsa
bfsx
ajbg
cwzi
frvv
ehqd
agcx
cpdk
cxwt
bylk
elvv
bgdv
adkd
crdc
dzvk
dtgj
euzp
eqpy
dbiz
eywr
aewg
ctko
asxv
fqmt
alks
dnvv
btrm
fqen
fpbk
dhyw
arcx
clfp
bcbs
eids
exmc
doos
dbpq
evok
farx
aics
dbyz
baut
fgxj
enle
ecxp
ezjt
cunk
eqvu
ales
etts
dqqq
ezem
brof
ekqy
fpau
dkhb
dmrk
eiyc
czmw
fdqj
ekak
fcag
ajmm
evcm
culz
aqmh
dwrv
ewrw
etke
fiwu
fjys
alwv
aady
enaq
eolq
aevb
flck
ahwz
ajnj
btil
adib
club
eedx
bnuw
bdxq
axnz
cxqn
cewg
byrm
ejoo
chib
eoxi
dbih
envo
ahyj
cfwj
cuhb
btbo
fmra
elie
dixf
dohu
cfqo
eqhf
awmj
eayc
bdjj
dlfw
eoix
aalb
bcpk
cium
cxqp
apsz
ezng
dtqq
cuap
ffya
fffq
ejxs
dqkr
evsf
cvsi
fctz
bnjz
fmiq
dayr
ahmi
eish
bucv
cxmm
ctmm
acbr
ccam
bwug
eakm
ccwy
ahfv
cbfg
data
dxwm
cndq
csxy
dfhl
ckej
ctms
fpqc
czbv
bbkf
disv
eisr
avdu
ddtc
bzeh
fqel
emrz
ehsm
aqpz
emdh
apuk
cocl
advk
dmdu
ddqo
cjoy
brvd
cjkn
bhuu
eoba
erax
auna
aqtb
blzu
fgwd
fpcf
ccka
djdg
bpei
efzh
alrp
esrc
fnft
cemm
fpmz
aswy
blji
baxa
badj
bdsf
btlw
bxqw
dajn
adlp
cnhi
ahgo
daur
ffbc
exks
biyq
djgp
egcy
ckgh
bfnf
bqgg
dcua
cxck
cuit
agii
fiqd
abzp
azmu
dfig
ezuz
bxdv
brrb
cfdo
fhhe
enpu
bnir
ajmq
frln
caex
bzla
eonm
aivp
damc
bqxa
dnmh
cxnh
fiix
cvkk
agzv
ahnr
byic
abqf
ejlw
dbbu
ayzz
ffgr
fqva
dfmp
ayii
evjz
enqb
edfo
esmu
dmkw
dzmu
ctlc
azwj
bbzf
ayvl
dvvp
fgqo
bbnm
fhug
cmpv
ahpg
ekpd
fadn
copm
adko
ezub
cwqu
bxmm
bona
dfak
axck
foua
cvhm
efub
bdhr
frpx
clcb
acrl
dbor
eycp
ctdn
blub
dauy
cots
fbip
ayhp
dauk
bsqj
fkiy
eoqt
asaw
dnbn
cpvq
czgt
cylw
bhsn
dhsd
aaut
dzpt
bhhq
fmjo
alir
agzy
bggh
chsk
eaxf
csmq
fgrc
agae
dpjv
ekxk
armn
cjqq
cllp
bzoe
ewgt
fbbr
ffex
eqqm
dgvk
dxjt
atns
dndv
eemu
djzp
cmga
avps
bpgv
fptp
dkjt
aofj
chti
deel
bhll
bora
bley
cbvc
eeng
diqk
algn
cxtm
cjzl
drmb
elwy
cnyv
foda
eaml
bkew
eeke
emvq
bqrp
caqo
fnsf
bvvr
bwwf
drwi
dipi
dbyb
eqfs
exlg
emsk
cplo
feps
anno
cyqi
faiw
ezoo
afml
etgr
ddbb
bfre
fanc
csju
ejpy
djpl
egjf
bdrc
fcwo
fpqn
bfov
frhf
atrn
fklf
eqer
fhih
ehcl
dxfc
fmxp
elop
ebyo
edix
ezye
cthq
eyvo
bcpa
agix
ctwg
dlqv
cuoo
egod
erxv
dufv
dkxz
atqa
akss
frbf
cxhi
dyit
bspf
dyqf
clvu
ezqv
dolc
byan
byzk
bbvu
aafc
epgd
bhps
feqv
dsit
dlhx
cwgv
anmv
dibv
aiyl
eqas
eyqe
bcfj
eyge
cpca
bvlf
bqqp
avhd
cvsl
dwdp
fllh
ajju
aves
ctpy
etkd
bltz
cbpp
ebhd
ckhe
ebsr
dxrx
ernv
eqrp
bmpw
dtuj
aptl
ezcq
fbyt
ehxm
feua
fnja
craf
donq
duie
fpdc
btfm
beqi
fewa
edly
apwi
adfw
bejn
bbvt
cwwm
ctsk
cgul
bjwr
brtn
efxq
daum
cizq
atvq
fnou
eume
crnj
ejzh
dzrh
dsco
fbgy
foqw
bhlm
fjay
eyjo
btzg
azon
cmrz
cdou
frqo
emdm
cdrk
aqml
ekcx
cfdv
avxa
bhxs
ewme
ampj
elcg
dqne
atfz
bqtr
afhd
eizf
bkyc
dija
dmmk
cgwm
cnhx
bzkr
aujw
blee
fnzg
ajsc
ahwl
awvu
cvid
bfkb
csev
eksh
daym
cxrl
ctld
edgy
aqdd
byca
doem
cvyx
bedm
ccjx
bdhl
ahpf
anpa
biam
chst
cgfi
fhrv
bkcp
edfi
bgzp
ccgg
asiy
adbw
fbte
ahqe
agxj
azez
cjsl
bawc
eijk
edya
douw
ezlx
bsio
csjq
dbbv
audy
euwu
dvwe
cacj
beoe
craa
cznj
bmke
ahju
epqn
akid
esrh
emio
czhi
apbu
bzmh
fchx
bmbn
etob
bxkl
cjyk
arti
bqix
elsp
azeq
edri
dzgu
ddiw
fhil
cruk
dbvq
cfhq
ajid
elpa
bnhl
fkbn
cxij
bhtg
flfh
exjf
btdj
arav
ffda
ejuf
aaje
aaxw
dztl
enqz
feis
blne
dqqw
cskn
bthm
etss
ayqm
cpmo
bgit
crct
ekpq
frij
exck
entw
esvt
fjgh
elng
eqvl
cefu
dzbm
evxh
eues
dmop
cazb
aopb
fgof
bmme
cphr
btic
dsjf
bcpz
dcjx
degi
dckn
edqd
elpj
aupa
anrh
ddyp
fkbf
ddme
cajs
eyvf
fljx
dtmj
ffnp
cwwv
aixk
dvvo
bhrp
cnyp
cllj
frus
fnxl
aanb
eprz
drzu
asnl
edat
fdas
dkvi
brki
elnm
dlze
dzir
evkp
ffgd
dydy
forr
ccgd
cgdc
eqst
brnv
ccbh
awza
eqzx
dyua
dyyj
bxql
cvus
bnhg
euhz
ezvh
fqtx
cpyt
dhex
akdw
ddvv
fdmp
advq
epcr
docu
aqjr
clxu
ejwp
acrf
duos
beyt
anck
bpkd
eyus
daog
ajis
dlpi
faps
ercv
coxd
eacj
aeip
emvs
bqoh
cpol
coaq
bwuk
edoc
cdyd
feny
emvz
bfhw
edop
flnq
cevx
cnwp
dbmp
edkt
fqzn
dbvb
dprl
ecao
dlpg
bfms
bnmd
cuyh
aidy
eixy
ddyu
blrd
awzi
bzbs
cidu
bfel
eqnp
exoe
eari
cwkr
cpac
aftx
enup
chgi
dvck
auat
bunt
aqbg
edgi
esjy
eskf
fjvg
brer
dyaa
ecgz
fhel
decl
aosp
dhku
cdoz
aecc
fhdm
fkyp
eion
akjx
ecde
cswt
cvhl
fkpb
bzgw
evnc
dysm
bhse
caec
emmw
cyes
cjtm
ezmm
bhva
bgph
cbsr
bvia
dupe
alnt
bgna
egwo
foth
fclc
cmmh
fcnm
flzp
dfen
bfgs
ecej
abut
bsbg
czve
fngc
fpyk
arkl
agpv
avie
azyy
ddgh
egni
dkja
aqqg
dvow
bthr
dqah
fffm
euqx
ajgc
eptn
bfbt
dlfz
fqmu
dybr
fjda
dfrp
aoeb
byaj
crdo
ejel
dodc
bezn
eyol
bigs
fjsw
dqbo
ejmp
dxkz
eyzj
acvj
fobw
bzzn
dnhw
ehhy
clog
alfc
aogw
edgo
dhxf
dcrj
cnsq
elar
cmfc
derb
fiuu
dxmf
czyy
ecyk
dzfa
dfnm
ciqw
frqq
etog
apzq
dvib
bvao
avyp
azrz
curz
cavg
flod
ecjs
eusu
djtw
amxe
cfvq
azds
cdlu
cidh
dmah
ciub
ewac
cobj
djeo
fpdd
cuzi
artf
cdqs
efhj
eykq
ctzf
axet
ayzg
awvw
dklm
byvn
daon
bfit
cwlf
egrk
bhcy
eyff
fmik
fddl
duov
ccep
fahk
akvm
czbw
brhp
dkhe
eewy
fnbk
cpbp
cbsu
aluv
abqy
bopo
eylf
bvgi
bvdc
asev
ceyb
dcor
fkeh
afac
cbyt
ddsr
dewf
bupu
cvpk
dnqb
emgf
aakq
amfz
cxvp
ecmb
eavt
dxsy
ayak
cnkp
cwfu
cxwa
buqm
ebhm
exly
disy
cmze
akdr
baty
byvv
dljs
fjov
cxfz
agob
cqjz
fgqu
dcro
aamq
cjlj
esev
elww
clmc
etza
dcsd
brun
aqer
agwj
biau
ehyt
ejir
cevy
betc
ccrm
bpza
aoyt
emef
agww
emmv
btmt
cjes
bwhr
dsyw
cnar
eprq
fgaq
bxxc
cpdj
fapn
bcei
dirr
fdzc
acap
cmru
emmb
flou
elhh
ckxs
btxh
eabk
faee
dbkn
cauv
cwzr
bbxo
egjs
abdw
cvqw
chyo
atsh
cwjj
evan
awan
fdix
dwgb
evkc
ejpe
andh
ejxx
apub
enun
bifj
dpfs
aqjy
cydj
aeug
bdzu
efdw
dudy
bsqf
ehso
enlw
emgk
eumb
eygw
dkdd
exoy
bsze
djwr
bkay
dbni
fond
cavk
dlmw
bxbc
dsdq
dxzg
bobu
anbm
esiu
dees
czbs
crud
baea
bzta
bshn
bugu
acoo
cnuf
bdqv
ffbe
fadi
evfy
ejqz
dzsc
ckmm
adfn
dcxl
alnb
axts
ffok
fagl
dbhn
egxx
cdzv
egtk
flqt
ffeb
cenb
ecyv
eejj
dfhd
dfhz
dvgq
efll
erem
fmxn
betd
fnru
fptc
bhpq
bkmk
exoa
faxn
ffma
dohf
dicn
cwew
bvmz
ahjl
dcwh
eaoz
fgmc
ekzr
awvp
bkxu
dkqc
egmi
cijy
eqxg
egoh
ehih
ecje
bcqh
fkhn
dsbq
bccy
fnxw
dyia
ezrv
aqeg
ajwv
byiw
fnlp
dtxy
chyu
abyv
dgmn
dsda
dzxh
aspv
ehuz
cewh
armc
cjru
aqiz
flez
cnns
axve
dmmb
cgkc
avnb
bhvm
arut
cbgj
agyf
dfgg
dnqe
dkap
eajf
bugf
crwd
cdfc
cehu
dpol
arfa
aczw
bbye
fove
actq
ddyc
douu
ejxb
bvpr
evmg
cwqb
aiph
epdf
eppa
ajle
aaek
albj
bpts
frvo
eaod
biif
fanu
ceyf
brhe
arsh
dzmt
fclq
cqxw
btmj
ayzk
cnnm
cebq
fbul
dyle
blnh
bfqj
dpoh
bngn
ddrj
bxdx
ffif
bcrw
dmjf
dcyf
boab
eazk
dtcx
brkh
bkon
dxbh
deeg
buhh
aovp
acpk
aqwy
cchf
chem
cxih
bqvm
edhi
crtr
auyo
frdv
atfb
boxs
buys
fjyp
aakv
bvwv
avvu
cyfu
ejsg
bvbp
enjb
djiu
dsbg
esmh
epmd
cwch
bbra
enht
flbg
evxw
axlt
cwey
fjuj
ctwp
bmhs
famd
drzg
exst
ctgb
afam
ccov
bces
dxgn
dwdr
egyh
cfre
ehwc
bxpn
bpgt
fcpg
afeb
aqbl
bvlx
cwor
ebzu
alpk
eztc
cdlc
cskj
cjls
dwib
beza
cdab
dnjp
dmsv
fpsx
cvhj
bcxj
btmy
dnaj
bide
fkqm
edkg
fefk
ahyb
enmp
ergw
cmqc
dovc
bjpm
etfk
dzcp
doio
fffu
debf
aloz
bqbd
bgjs
anjr
bvcx
arwz
ahih
awkb
dyro
ctyn
duok
fapp
ancs
bgxy
aozy
cfgf
atdg
avsb
caea
bwvj
bebo
csic
ewde
aegp
dmwi
cniq
eklx
ekcy
dlfh
cdxw
abzu
cpan
auof
fovd
evyq
ajxa
espb
csuj
agvp
edoj
aprr
bcdt
ehnx
bjkd
eiyb
eaoe
aebd
cnmc
blrg
bdgh
aqsp
bvla
ajva
dihg
evna
elvc
ferl
fdui
apgd
bmbr
avko
ajhb
efqa
epnf
cucc
ekqd
dgyq
aquw
fegz
blyy
cuwv
cgbk
byxv
fcgt
cljj
agsz
awdy
dmpe
bmuf
csjm
eadz
btlv
fhat
doxy
cbhr
fgad
adtv
epmo
dnwg
dfvu
aolx
bojc
epcp
dwvv
dofg
anfn
bdvf
azyp
dthg
clen
fgkm
emht
ebna
akor
fazf
cryp
dtdf
bksu
dzid
bvag
dsur
belo
eblk
ffsr
ebyh
figp
aqlh
atnr
fbwf
cgoj
dxst
crsh
azoy
fnyd
daxs
bxzl
dcjd
asrv
ezpc
djjk
fayy
avud
azyq
fpqp
dxur
bftb
dfru
ekem
cirl
audf
bwxo
bbxu
avyy
dwhc
fmmb
aieb
eojv
bltx
aate
angr
eeap
frmw
abfc
bcge
czma
dfdh
coqa
cbln
dbkx
btzw
eifj
cwcb
dzum
dncf
elqf
dtda
exdm
cizt
duzj
aoox
esif
djkg
dwsi
arta
dhgs
bjnb
cvnm
dcdu
bhxl
dcgw
bhey
encf
aexj
bpnu
djjp
clgp
fiqi
avkl
btjc
dogl
fikk
fade
fawi
ezcz
cuju
dcpj
dbth
bcny
aaqx
btya
ccha
eegf
eogw
evyg
fpqa
adkk
byph
bekw
bepr
ffau
fmeu
cvcb
cxru
dzok
bwmx
bvxf
epgz
frcz
ahnx
cjsi
dnxy
enfy
ellv
dbnz
difl
fmqw
ajaf
filb
alky
ffaa
bool
ffrv
amkp
alht
antk
eqkt
dfjd
edvj
bxiv
crhk
bdid
efdq
eznm
bxiq
ejos
fjru
ansp
cika
ccow
bvrb
bphr
bnqg
dmlx
ffjz
bydl
auwn
bfof
casa
frui
bmxa
fryd
dqtz
fhkg
bsqs
bhmx
fpkq
ffpm
bjtf
ahsc
cwwd
cioy
eaqm
bzsj
cfuo
djzw
dnen
ffqu
ehvc
dthd
asjo
cpfx
eahk
fcxz
djxw
dqwj
apzx
dagb
ctfq
doob
flwu
fraa
ctrg
ceup
fmns
absc
bfxf
auet
aaks
ckdu
exri
absg
cjrq
ermo
aipg
dmte
efuo
cmcn
dgci
ekyj
fooi
cdfr
avbl
aucx
ccmf
aact
djzy
bots
fjpp
bzht
cuuk
fevi
evvz
bhbw
eecp
atbd
exuh
dyyw
eyir
esry
bdsp
agvg
dmtp
ffuv
fefc
byce
efkk
bgie
flkh
doce
egcu
cglj
dftk
axgm
exwu
edsu
fqbx
dpoe
ffdz
cbop
fmnr
axoi
fqnx
fkxl
dudz
ccyv
cdez
arnh
ejta
afnj
dlsk
cqfd
ejwf
bndi
dehi
bjnj
aios
cxdj
ekjg
ceue
abpj
aslc
alsi
fhfj
cikc
cyaq
cbne
awte
cpmi
azim
ehln
beio
axad
ecgr
anxw
eukb
duky
fgqs
cykv
etcm
dqnb
cate
dhly
etqo
dktl
birh
cywt
eqxi
bphv
alnu
evvi
bqbj
cxbk
baku
ezws
avhy
bsyf
ehyf
dduo
acyi
apcc
aphg
cdyl
bmzc
eawf
eswd
foky
fqtf
arsv
eoqh
fosi
clps
cdfd
dycj
dfvh
bvov
fcdw
anph
eeto
etsz
acjb
aqel
buzn
cpom
amvb
cdrj
cqss
dnwz
cknk
achc
eegj
advw
dpyn
auro
espl
edmw
arlb
fprx
axmk
bsxg
fjrs
chof
anvt
apok
bouz
auug
dcwi
fmas
amno
chel
cviz
epur
azce
cwlj
ebjv
aryo
ekya
adnm
acje
cxrx
fhfn
dfwx
bfio
dmyz
anwf
evzx
fneu
dzkl
atcu
bihg
aqsm
aqeq
favw
ajqo
frby
bwvg
fgco
ckkr
ewyg
ecng
cldo
ezcj
daob
fqao
bvfx
dunc
aukk
bjrz
bipq
csqb
fpws
dngr
bxks
cwvy
euxi
adpz
fnsr
dfzw
fnks
abiy
czds
dlne
fdgc
abwj
dcuy
fieb
ddbc
crlc
eigo
czhk
bpve
dvyj
dkgw
bwcw
clou
avzq
cjem
aexd
ehgq
bkrl
ekkv
cygo
cujv
eddu
duuq
cxtp
carm
drga
enzb
fimd
agmg
bspe
ajcz
avyo
curq
fghw
ddpm
bvpa
fpie
acmp
camv
bzbf
fatc
anxb
buvd
dcbq
aekd
aiso
cxet
cqrf
cpgh
efmz
bhhz
bthq
dwye
cvcc
cvak
aysa
abok
aknv
cqhe
fftf
fojs
bzjo
epmm
ayet
eglz
azqp
bpen
bvqe
bzwy
dcjo
dxnh
diwl
csfa
fqev
deob
cmnn
avtf
ejpr
eowt
cooj
bkhf
cyjg
bfko
exye
dbvx
ajtr
cnpr
bsae
dmlh
bmhw
aihc
flsh
cxrb
fgjt
cqgg
anzp
alwq
ebka
cgso
dhfe
fgec
feke
aaml
fjar
arrw
biuv
byji
difa
bskp
dleb
dcsn
coqn
fiqx
dxtv
amhn
cynx
dhuf
ermk
ccso
eave
auws
bbna
fddt
ektx
evsx
cion
airl
cxzn
enpl
evwk
arhj
axtm
bdpo
conv
azrp
egos
asoc
aktq
cjcw
bvxa
cpku
cxqz
fiab
dzts
ciwe
bkaa
bkwz
cglb
exzs
feuw
cjuc
bcut
benh
edeu
byqe
dmlk
aqig
axrx
ezcc
athy
cuka
fjsq
dzrp
axjm
bhas
avbc
frur
ahfk
acii
bren
evel
ewyn
axrn
cvhb
bqdh
bfiz
dzwv
dlgz
egde
enjc
etqe
epzh
eufj
bpox
cryx
czal
effe
etuy
aqxk
bjtm
dksx
firc
eidk
dohc
cavh
djab
atxd
bjmh
exqv
dqtv
agdx
aici
dlyj
cdbe
agkn
cugi
aikk
dbef
aduf
avrm
axuw
dvkf
dvyc
deaa
eiob
cppl
eyvh
bkyp
cwkd
eubz
bsjj
ecus
akhz
aeie
btew
dmfl
fhfs
azkf
btpv
equa
apzn
erow
dljy
dvel
etpg
ecac
aazd
axga
fiyu
advh
cmzi
dslt
ayxt
cmbg
bvkd
dykn
cxwl
eydr
agmt
edgl
dbbw
fcfy
alrz
atvo
cgof
evsg
dbri
eobw
ehgy
dcyk
ckpg
buou
allc
ewav
djpg
cclz
cyhg
doqj
bulj
ejtz
byfp
cumx
dkor
azuk
cise
avgb
fpgp
bekz
dzxq
drmm
erxp
aari
afld
fhfa
dulm
eywv
aeph
fidg
aaxq
bxfx
cfeb
brap
elhp
aizv
cjwd
dfll
dmzl
byii
ahxb
dcpi
dpae
apuv
ceha
aeif
bxyb
bagm
aido
fcxt
ahrr
eedd
dued
evzk
digz
azjd
bhcw
ceuz
etkl
dtnx
aytt
aybb
dtjj
dmln
elor
bzek
fmuq
boyc
dzis
abvm
bubl
cscg
bqda
bdec
fcew
evxn
calw
fgon
ctgs
adqb
dnvr
feuj
aqqm
basp
asdx
aciq
aqxu
dzel
dlgo
erjr
bsuh
bkfn
cthy
braf
ffxv
dnpz
efnc
cfbl
dqrk
bmba
cvjh
dwhq
erzu
buqi
bwre
etig
dmdy
dfov
abaf
dscj
eyxy
cubv
bijf
expk
fbfq
bxyf
bokm
axow
djbw
fows
amhb
ddua
buix
bjph
dqdb
bzvd
elmh
apjz
batx
cqip
cfxu
cdoe
dxlt
bfiu
bubs
bxfm
bfxu
akbz
amkl
eeop
ajgf
aaus
fbrp
blry
dvjs
czoc
bcfy
cptd
elmp
dugw
cjwb
fahm
dwvd
anxi
fndh
czet
cmjd
feap
fiwh
arnl
djca
ezgc
fawh
bnvp
eisw
bazb
dsqw
dlot
eyrw
cvgw
bboi
bfei
bxds
beui
elfw
eiip
dsjk
davx
ajsz
ffqv
bppk
cnqa
crmp
aqdw
docj
amxj
cien
cfie
bytm
degc
amgd
cbbr
biew
ffpy
ckvg
epsz
dzzt
aloo
bphk
cqtd
euod
eclz
fdpz
avmk
ceea
abaz
ezya
bche
ddtk
euqe
acsd
eiau
eizu
bzwb
dtoo
azta
dpax
abql
byxo
agux
dvpb
bmma
cdsi
ajmi
atis
dtcu
dbab
enue
bvos
aejg
fovm
doif
efyn
dlvc
crsm
efuu
eple
fkyt
etaz
eemq
dglt
eqdc
ctpf
ezqj
efov
ecuo
afwz
eihl
bonc
asly
blyp
fint
cpss
bscb
dsik
dnqi
akxb
auoo
bkun
bexk
esoe
emxq
eznk
bavr
asps
dcyy
cgkp
fnme
dkys
bfgz
dbwx
caoo
cqey
fkfq
eief
eykh
cdlv
cwnv
csff
ewln
btex
ceem
dhnb
bwbj
cpxd
byja
cztx
eyzl
ctzs
baoz
cqmv
fowr
eztm
bzga
dijk
bnkf
aiid
elfc
dpep
babp
aoiy
ditd
efld
fkmv
eqit
ahec
asmv
dmmz
albd
arql
fcne
eyhj
axda
cvyk
abka
fdwu
augc
blpe
basn
cyji
cmsz
bzfe
bhna
bpsa
cdpz
fnwu
fjyw
duwu
erzn
aftg
cwvv
awah
bykd
aokq
etxa
akja
aidc
fkpo
aqyd
dicj
baeq
fngw
cnyo
bsrk
fkes
fqbf
cieb
alex
exnu
dykx
frkl
evfn
dnil
dnxh
cwbn
etnk
cbbv
ebly
duyy
alfe
bumy
accd
cvik
cffe
clzg
dnzo
enfp
anct
cqdq
beho
fnky
acdq
dyvq
codf
czwm
byco
eqnz
dyjv
cjgv
dsze
cxzu
avue
dnrc
cnbp
ebzw
azcs
elwn
epbh
cnbb
cuqm
ckec
bwlc
bdnj
bhvj
cmbs
ailn
ekti
ajqs
ffgj
cwop
arjm
crgp
czzc
faib
bijz
aqly
evsd
cfkk
bezc
azvo
cwfh
fikt
azhg
abwo
cvos
dsoi
asyt
cpte
fpaz
dspc
bmoy
cvjw
dgvo
fhep
eyld
cipu
bagd
bhwr
fbru
bqxc
bgal
abcc
eqlu
ebhs
ebdm
fmhw
chtx
ayyf
dvuq
apdw
ebod
asgd
bqbi
dagc
erta
bcsa
dlzc
ctjb
chgc
bzmz
fozt
fgpq
dkrq
bfyc
axwv
algw
bzfo
edgd
afqi
cyth
aune
bkkx
dguv
ccbl
apuo
awzv
drqr
fjxe
dgdw
ccxu
dxys
deod
fggh
fgxm
aeng
amjf
dqew
chwe
alkl
bsfu
ewck
cpmf
budy
dhpm
aloi
bfsq
dcgo
eddp
emrm
aeen
ffja
dxms
dcuq
btpt
ekxh
aoks
ezfe
cufr
disn
chxu
abbq
euzx
czru
dyuk
dnxv
eftr
fkco
afbk
awzr
fput
elin
fhse
epzt
cpek
brir
cddp
czcv
frfp
csua
cetr
asgm
csnn
dnfu
boxp
feux
bscc
esur
chao
dwsn
egri
ccjd
awvh
aelr
ctls
atca
csnh
demj
frql
fiku
bacj
afuw
epdb
efzv
ccpo
eecs
fgyn
czpl
alii
dafo
aexe
biuo
crkg
azci
dygu
dvco
etck
ekyr
fgnn
apth
ayto
bnjk
eoui
crtt
apzv
edqf
dqqm
dulr
dcvr
cnlh
bzoh
bsve
cfwt
aaqh
aaeq
etyb
flji
dzqk
etnp
eaui
fiha
bwvq
afku
asmj
dxeg
efee
dfyk
afht
btpu
dlym
dzil
cdgt
dwdz
cckh
duug
bvyi
eeqe
dosr
fnyb
fhkp
awlq
cwee
aafq
fleh
fogv
dmcm
dnqm
eosu
bair
dmme
diae
cfwb
cxia
chhw
bosd
diwx
fohl
ciyc
djin
fewx
blre
fghi
cond
asdz
elno
alrm
agay
bpxa
bkwy
cvnz
ajma
edqk
ayrm
awkq
cupp
aidf
efkx
dkce
bznx
eync
cegw
dzvw
dzcd
anri
bemn
bvwp
fjvz
dqte
eojo
ayiv
dlin
bwem
farq
ctiu
eknb
dcea
cufv
drfl
dtsh
cwrz
bmbm
erbi
cuyz
baan
dumi
dntc
cwhy
dgvt
fixu
dmja
dpoa
axca
ezbk
bwgz
fadd
drdu
cgdf
avdq
abxo
cqvs
eond
fkft
fqhq
ackr
fcxf
chna
ainc
ejiq
axqf
aoeu
ahld
daoq
askn
eyls
eczx
dkoc
cjsm
evsn
fqpw
euzc
cbno
bvhf
dxyx
eymb
ebjz
bcys
fihh
czkk
fgob
ersa
cmbn
bxby
ezrr
camm
aggh
fpgn
cxgq
biqw
fpjo
amme
dkmu
aoev
avyu
agkg
dnna
bcqj
ankv
bixu
dzrw
cdte
bbyz
dscs
dlwi
brad
cqfy
cbna
abxe
cebf
fjdy
cgpk
ezvz
bqag
dobf
aocp
dtit
bhqj
actp
chiz
dnbj
fgkl
datl
dsbd
bpuj
dzed
dbmj
dyoc
duqe
fhqi
dlas
akxx
cujw
cshs
fnsn
afvh
ecuz
arci
bhxc
favx
azkm
dgho
bviv
bkjn
bzvr
ejbh
fcof
ddwz
btup
auei
fkwd
bctz
cgjo
cfnr
brky
bemk
beck
fitu
cagw
bofp
atoh
brro
aoip
ctpm
fgdp
dagu
chqw
fliz
afkj
dare
blrv
azhn
ezfa
ctsr
avjv
biqe
ewjv
ahtb
bbtv
cmyv
ahue
aupw
cfdl
fgnj
czhl
adna
cidy
eplh
ddha
dgaf
bpjv
ehzx
etfb
fmsv
axik
ataa
fopg
bwrq
cwgo
bmoz
dnrv
cywx
bakl
bgcl
afyn
chdu
btcs
bukv
czbk
arnd
duzc
fngb
axcn
cxjd
aoce
dfer
axwo
drnd
danx
esja
flbl
eadb
edpt
druz
didl
dgsr
euvf
ckup
aara
ezgz
diax
bywq
bgiu
fnxm
drpc
csge
deqq
axon
ccqz
bihu
ecqf
dlds
akhv
fqtp
ehcq
csrw
erdd
bkdv
ddty
byla
emww
emld
ajlq
fbsj
benf
atem
akvf
cfhb
acrm
bqah
frji
fjwb
cwco
cuur
cyqe
akgn
batp
cbcx
binv
facx
bmnc
auym
dkes
befm
dcjw
blmg
caad
fpwc
cjeu
cvno
aywm
bthf
coyd
dlhz
fikl
ecml
cjuq
bpno
ajmf
bwhq
fgrt
ervw
blhv
cplp
fmmy
bbcx
bdbx
agxp
bsps
cnkj
afiu
ebel
cffb
apag
dzzd
egpz
bgta
bnkp
foun
bijl
bfqu
fblw
baah
fbmg
btot
fngp
bnoi
akpe
csoq
drwc
ctqo
dvid
erdb
bans
frhr
dmcy
ejlg
flfw
aodm
ajev
djkz
dtyw
atww
fbrt
cncs
ewpy
eqmj
cmve
ecvy
fndf
crhg
ccct
eelv
cjzc
bqmv
ddll
ddau
aybp
dber
avol
axrf
dfqt
apdo
dltt
ckuu
aesx
chad
dnph
cqim
cmaf
ciaq
dout
dcza
atbv
cupx
chfv
epop
dkpn
cvgb
bkwd
eqwh
csxz
brux
bglk
dula
csuz
akzb
ehoy
drvb
eifr
dehq
ehth
bfnl
aglm
ffth
dpzt
admk
dqim
cmsj
adkn
buxr
bell
dqdj
dxxz
ailr
frqh
fdmm
cdva
euil
diko
dstg
fepo
fnbz
belf
dwxo
eers
evwd
bmjn
dgiw
fhqq
ctbw
dook
djfd
fgmw
filu
axte
fdwh
avlv
cnev
crgk
busy
cukh
ebyy
czsj
agir
flxo
dxjs
ewdr
ebtm
azxz
bwzn
dpir
cpmy
ernd
abbx
dcly
fofs
aupz
dcmk
dqlz
cbfe
bjyo
fpez
cnpg
bnnk
atlp
exuj
abgk
esdt
crel
dzpu
fkmh
czph
cjgb
btod
dhev
bcur
aehv
bqxr
ctno
cikh
dsys
desf
fers
flsm
aglu
evhw
eszb
civb
btld
avtp
divb
blwd
acyw
dugl
eusm
efjv
ezki
eugc
fami
athc
fbkd
afmr
emzw
dbda
bpnn
aoni
fixo
awcb
ezfr
bbpe
bgeb
fmot
dnqv
frnf
drva
ampz
dqhi
chzl
evdf
ezbc
aaic
avxf
dtvw
fhxv
corl
bzac
astm
dlkq
cyqn
aebr
cjre
aytn
bzsq
bwwa
bpft
buor
bvpj
ezkc
bxzd
fcwe
bwst
cjwv
czcl
aayz
bajp
blhi
dzzp
dwnc
foxs
dgjf
avos
edjg
fbrn
dzlo
dwyx
agek
apan
cife
bdcu
cdon
auzx
cyyz
fnbl
ebpn
afbv
ellm
bypn
dzra
cjdj
fkox
ezez
cvbj
bban
dpvp
cuuj
frxx
apjh
axjv
eimq
bccw
ctse
eqek
cyys
djut
