syE
rNe
yJS
umm
mKO
hTH
wVr
fFp
bzw
vFS
vzA
xaZ
pnV
nYH
nwH
dPZ
cK
atb
iIf
QD
tTf
tbI
wlc
acy
jtP
ogd
xMd
eWP
nnK
sFM
kzK
dvl
wAR
bKJ
eVE
ecM
gua
erZ
kyr
ncP
oBW
yQk
jzm
qZD
lBq
oLh
xQH
sOT
hjo
yuK
zzJ
qFh
wYj
msh
kwr
iQb
cKo
hcH
wRe
qDG
lNX
oNn
rAR
CO
tRV
nAF
gMx
pqu
xUo
rAl
mBr
uuj
shP
gDJ
gKe
yGq
wQN
pUl
yZo
wPz
ath
wAt
rvU
huu
nJi
duc
qaX
phn
sRF
lfO
hJK
kJV
ngX
bnT
xqI
iRx
xAj
cxa
cIH
lZC
jmo
qwy
jke
oun
dit
oPA
wUF
jcv
hKR
qis
hRo
gLy
fWw
yDw
cHw
aUJ
oiX
zVd
bNs
pDA
uaj
pgC
jef
boq
blu
oGk
gAn
mHY
fJQ
iWt
gCk
hBB
yQd
vEd
jot
rwN
hEX
pQW
fQY
qjh
flN
eqB
xNq
oiJ
ndC
mJD
gUn
koQ
sTG
TD
szX
oEE
itY
kYw
jaI
mrg
iZF
viN
lFf
oWR
cCM
xTa
ukn
nDb
nZs
pjk
drc
qyT
gsH
jdM
umb
ekb
xZn
yVU
lex
dQz
jey
ldV
uAn
zeW
vbI
nPa
uRB
saS
cLR
oWj
mRg
sQV
zDA
cls
sYr
sRY
kpH
dCZ
vZF
iYB
zLZ
bJy
pwq
oqn
osm
tat
tca
hio
krH
oCa
tLP
yXi
vPO
voc
emM
rYy
zic
ntC
Yk
hzk
yUf
mcG
gbO
mKs
oWa
aBD
waE
sjZ
oTz
oJG
umN
uyI
pGc
emh
jIP
yKm
trv
dEL
fgv
xzA
oOv
iKk
zBn
vxA
kru
gGl
oXj
tKI
jqB
zDN
rZc
knU
urY
cLz
pdd
lsF
yvm
suW
vzD
qKB
tHb
ovx
jaX
opM
ymg
gzk
hCU
hwy
tTJ
kIJ
piA
coa
zoN
qpd
nki
bRR
jET
ycD
zJH
iuB
tlb
nmL
lzs
eiG
Br
hIu
tVG
rFM
wKy
zAD
dyV
tsM
wMs
iZe
rmb
bKB
zMZ
nDK
rdw
ekU
tII
xLO
yLc
uqP
ovo
fVF
uVB
dIc
oNW
uhA
aEa
aIc
hTz
ovn
oJJ
nON
hge
xu
znl
zLh
lMH
iBE
dTJ
dMW
qzl
uWI
unb
dwJ
oVV
xZU
upu
nFH
yIX
ddq
zhz
kaB
dLF
oUW
unL
dqe
moD
dOM
iVb
udU
lWg
jkV
hXL
aZf
oqo
duO
oUC
qzd
qqF
nyw
cxR
opc
oJQ
sBQ
ibm
beO
dWW
zfk
jcK
anP
cci
oIg
fPm
tDL
xej
zFT
zGk
jGX
ekA
jEO
jmK
zmv
oGf
qJP
lql
dUk
ucF
jCG
pAg
kMh
tWC
gtw
wij
gIp
yRE
rSC
Ke
icw
hvO
ugi
rNl
aTv
sfR
dNd
hYL
rTu
kWT
uxK
bKl
ckV
ehv
pgt
jmD
oNS
jdm
hqF
luz
mvQ
lko
aQM
oLy
biq
nNA
tpL
jpi
erg
pcx
oWq
lkd
xML
eJk
dIL
nmV
xZc
zoY
egU
xJA
osS
pcZ
opS
dCK
dGO
rat
lQB
dEE
jDa
yUd
zzc
jgM
oNe
mOS
hWJ
tTq
oea
owe
jzC
upU
iVE
cZz
lQx
tyB
jpm
zXi
ujG
zEL
jzp
oxH
iVK
iwm
tOS
ovs
egs
jrP
pfu
zUf
dNg
oaK
Xu
tVR
nRn
wam
ubx
tge
oPL
paw
zTt
fqG
ujq
yGb
ubW
osg
hGa
dKr
nZt
veR
zsD
aKp
kzU
zRB
qQo
yMj
hwv
fZN
pYE
gUr
uPF
zrK
QR
wFg
ybE
fnC
oUI
ukj
nNw
tRZ
oGG
zmh
phd
lJz
ceG
iBQ
lgH
umP
uef
jGI
sOB
kCM
tTi
zpd
uiN
smS
doC
zrC
dMr
cqX
oNf
ugA
oLF
dYp
fVR
fjB
eja
phP
hBL
tLR
pac
ulw
tZi
jrX
jwR
oRu
iVs
eJM
nJP
qhK
dUY
uit
jys
uzA
mhK
mpV
ouc
dEO
hHH
iPf
piJ
jIa
cfZ
uzM
zMf
lXR
vVR
tWM
yUV
xCf
wpS
aeA
mRz
vML
zGH
zNY
uke
tWw
dcX
kSN
pEm
ahS
cMp
zkw
jsc
dBj
otl
mgL
ijh
oXH
oRS
uzH
crY
oXN
oFY
uSJ
yNQ
jrU
jHc
fAr
tZW
vnz
phm
eem
wqA
vlF
oCy
uyi
zoh
oPI
rWZ
vEw
wQR
pR
kJp
oLl
eeR
zN
srp
cbE
jCN
opu
zTg
yUt
nTf
zeJ
kJE
erY
bAv
dCl
uzy
dYi
hwA
mVB
juH
oaZ
oQB
nVi
bXc
cSU
wQx
oDO
jCZ
svN
oqO
dUS
uyn
zsc
ygp
pyt
jMp
paN
mIe
ugl
yHz
sdB
zTa
jNC
yqQ
rdg
ucD
oDS
ysv
tPD
vPC
jzO
osB
ern
uWu
dJV
ovK
ehK
sAI
jhS
tio
uBq
dhU
eiP
oIB
ziu
oBr
uyr
oKN
eal
usa
otH
bCV
jNJ
ixP
hhl
dYE
dCk
ukw
joi
uCC
xFf
BR
oVh
dOf
oDb
bpV
zEa
jvd
ycv
yOq
sRM
jHF
cwI
hJc
zxQ
zVY
zAG
zpu
dNP
oIv
egk
zlV
czf
hIp
zRf
dMK
pdY
nwk
lCZ
tWx
tLj
tKD
oJl
sTD
zOV
sDc
vMv
yni
oCu
uAt
aQd
dQB
oQZ
uru
ueK
oxz
etc
pfz
zRS
ygh
piY
dHX
rJi
tUd
sjt
hSI
iyD
oCb
tQy
bcj
ufk
vat
uxY
iFb
jEu
lPZ
ogv
iWQ
zhW
tax
jGP
jxd
jyr
zSv
ehw
ouy
zqc
oVp
oSI
zra
zAt
tSi
oSL
owv
sFg
ecw
zKh
mYC
jJr
utZ
zWZ
shz
oDX
jKb
uBX
dNx
xXU
njI
tmp
iYU
yAt
zNc
dUZ
uqd
zIA
tTI
tVl
otr
ahj
esI
dfk
qZm
iIU
oyK
oJE
zSN
oWy
hEh
ueF
goj
oUu
zfj
sdd
zKz
zhO
idO
uiK
zzw
jnx
neh
zsn
tUM
peU
uoF
usx
jzo
jMb
zBC
zIG
nXJ
lgu
zWI
uks
jmV
tIn
tgf
uDi
dIZ
pcm
xId
vLy
dYO
oJi
icd
jCH
tQB
sTn
fZY
etG
mdc
kdF
uBH
dBb
oGm
blx
fXR
qnJ
tKG
jfu
pag
jpe
ugo
pey
tMF
jkA
wbo
apy
ulO
umT
qZi
oHJ
zpN
tVq
xgr
oZS
dtq
peT
oVg
dUW
irB
jwA
oLe
zoM
nVc
vDq
jGh
yHd
ueq
oIm
iVm
dIN
wAh
oZZ
AY
nlq
saB
tDe
oYL
pbH
vGe
pgz
kAM
eaf
zuT
jAj
zKs
yWE
vyH
yuF
hzy
uyD
uij
mGH
jqi
dEx
zFX
xCD
zbr
osP
zOT
nba
vpm
zrB
ium
qNv
iWm
iXn
jhn
oUJ
egn
jiv
LI
usC
oOe
jvN
uxJ
zQa
uhk
uYR
ySu
jgT
tRa
jEW
jDK
znK
hQC
oqZ
qFQ
svI
ecC
tLZ
eTt
dKm
ofn
ohy
ufs
eiq
zvX
nTs
oNd
iXQ
zRh
usv
iMo
iHR
jiW
eqd
enG
xoC
iUE
qZU
nbB
vp
jGx
epz
eIo
vA
jfI
oxB
jff
jhI
ouW
ecs
sPi
oxN
uiB
jAz
tpp
dAw
znq
gDi
yjV
dYH
unU
zry
jFu
nis
lZX
pPr
tmF
udi
uza
dJt
jhi
jrK
kdA
aXG
zlo
ehO
xTe
xVw
dCi
oPB
uqT
yKF
dQn
jie
udN
sJz
dYq
ysy
qQW
zSe
nCH
oxl
zlI
aoi
cTJ
lDs
uUu
tzr
oZv
erD
eey
enQ
dGB
zug
ulu
oNL
jxi
dWN
jOf
scJ
dPN
iWZ
zVe
jgP
zyx
iYI
phN
aXf
egH
zWk
bHT
ueR
zWb
oOZ
emC
umz
ura
zUB
hDa
dIG
jgy
ihd
hEU
ggC
dXt
rQn
zvC
pbO
ekg
ziH
pEi
zBd
hux
zzQ
ulK
wjp
juZ
vov
ebV
oGu
yZv
kUp
jHX
apR
tXf
zzo
zjA
pUu
nDo
dYh
pdz
hVa
iZK
dPH
zIk
ifu
jgm
jlb
jMy
pdw
jci
jmG
hhx
jwv
ibw
tBQ
ehf
zj
zFi
ebY
zMz
heC
jiC
zFn
Cu
fiZ
jqv
ctY
oXl
zfQ
zYD
wmM
pbl
kck
jEr
uqj
zUy
ddT
jJU
zlu
ikv
jbS
tTa
oXR
pII
jBP
vef
oTI
ztS
zLU
erb
uwa
vag
rxC
oMU
dCN
tNZ
tNv
zAf
jft
iIr
etC
dLZ
mFx
zMj
tNp
zFS
qlE
qFf
fOP
jBx
eoM
wGd
tqg
tay
oMf
tOf
zFy
pfm
oCe
tKO
iwL
zap
zVW
uBk
ySh
yro
tPj
cnf
zWD
pau
oMc
fNV
oCf
IY
piH
ygA
rsF
usg
jaz
eUR
xuh
dWO
oUm
otQ
clU
oFU
iej
jrE
gGO
zmk
wuH
glA
jzP
ehD
tYh
jHl
jKD
orc
fkW
jEj
dqT
gid
yJY
jIN
hso
jMH
oOS
zgj
piC
fwu
onU
iUY
tVo
oBn
iWW
aMc
nUB
emr
gUs
uqN
zDf
piG
yTj
dFX
gBD
jcA
oVD
jdc
mWp
alg
fpn
zre
jDQ
pad
nK
zXx
oGg
uss
iOV
ujt
gAb
zuR
xJm
pet
zXw
zsU
dVx
oAP
pht
oTQ
yGP
cIe
diN
zTU
oHC
ovM
cij
qqJ
zIC
amm
uei
zln
oDa
jkw
hFX
tQc
hkU
erX
uqn
qXF
zkg
dKg
uhS
dzU
eoG
oKi
dWY
jEw
eaR
dRk
pWs
iiQ
jah
uAi
jcT
lGQ
oRa
xvg
pGU
otZ
gPx
jhx
zXj
dVv
nCW
icm
ukz
wpR
pcF
uqb
unB
soW
iZg
dUd
moH
cgD
jNo
sIy
ugE
mUm
oyv
oFn
dEv
oPd
juw
tNS
zOk
jmq
eqg
eif
zss
ivG
ekX
zVX
piX
dZq
urs
dpw
jha
uSu
zWt
dKX
dRF
zWT
ccN
peZ
dXl
ifB
wCL
zUO
jsZ
mRm
zrj
hkJ
piL
zAy
uBY
edC
dXH
tZe
meS
iXD
oQu
tXa
jnI
oqm
efE
zwT
xeH
xuo
sGX
ujJ
zAF
zkt
jnj
jyQ
uDJ
yHb
dVA
ufl
zzX
zjS
eFq
cNZ
hJF
peS
zkl
scS
eaK
xxA
zCv
zHh
uCm
eQm
eek
dcy
vPX
erp
sEw
vcC
jqO
xsE
iHo
tOY
dNA
owQ
uiq
rNA
owc
zWX
pfl
jNu
phR
nso
mgB
dLb
jHM
sRv
jqP
yNA
ucB
uow
uAy
ejH
zPp
ejG
oaQ
tZm
uvG
jMc
ouj
jtW
uAj
iYg
mYB
oKT
kQL
zJh
ust
mWt
rmz
dNX
jpj
jDd
zge
ynn
eqZ
zRo
nfU
ehH
zGU
dhW
uky
jfR
bvw
jtS
sPt
lOl
oLZ
opn
zsO
rUZ
uym
rZW
dJz
ery
dUp
utY
rYQ
jec
jgg
dLf
ufG
jom
odN
dQC
zlx
dbz
dDO
jLd
qVd
pYq
oth
iVR
zgY
dLQ
gKJ
dWJ
dHk
ual
tKj
jjT
nkl
zqw
egB
uxH
zIp
pya
dhM
owh
oyT
uqO
jDW
qiS
uny
zFs
dJk
emp
zvA
zAM
iYn
upL
jiU
pgM
opK
zwX
zwM
ofO
tUo
dST
bUq
dXG
ecY
gIF
jIx
pik
uhu
zLs
byq
cIX
hUl
egD
zla
jbo
lpb
oZk
iVq
jnR
utg
vuU
pat
yzp
zNJ
cDa
zTh
egz
phf
rq
jof
dWn
yml
jcN
egX
wrg
dAp
zvI
oZC
fSu
dPI
etk
tQJ
znR
nzm
oaW
dBl
zWj
oYF
zhi
mJS
dLT
oEA
dWU
uhx
utl
iWS
zGA
oyo
zyh
zMO
iWs
zBt
dAH
utK
oKb
bSR
maZ
iYq
hzu
zoK
ekJ
zOz
zzG
zmW
uDV
dGx
ect
iYb
zow
eKA
ipj
upO
pcX
oKS
jBe
oua
opQ
unz
ekG
tkE
jvS
job
zvu
zQg
zJG
qTA
tYa
uul
zCS
juS
jJA
tsJ
ukp
rQy
dFM
cuz
jnc
jAD
oDo
zNG
jGL
oIE
utw
zoO
szh
jkt
xio
owt
eoN
huA
zpR
uiT
gOW
jir
dWP
joU
dYV
zMQ
jEU
xeD
zrZ
zCk
iMH
hYS
ars
zRy
zOa
tVg
oDl
ucJ
ctD
ztW
zCj
yRD
sFu
hFd
otx
umU
aKO
jjJ
lrR
jcL
xtX
cxt
iKd
zKg
owL
tKx
jqy
qLT
tPT
uaH
jiG
tWs
jgt
uki
ntz
jvF
zEp
oOh
tOw
sRs
xUa
dJv
jqs
oKW
ndH
jKW
dOS
cCF
edZ
oQW
uCi
oJh
dWS
dET
epd
uqX
eVM
jij
unt
uAp
zQi
otG
uqC
uuP
xTJ
ouY
ehd
jHI
ddD
pBf
pGf
jgU
zKG
dse
ecl
zYH
dUj
uoq
joq
oXi
ukk
mXr
zLq
jco
rSt
yQU
ugT
iXt
zqz
uDq
ueS
jxx
piT
zFH
dQh
jjC
ngz
oyU
zDM
dFx
hPu
jFf
zTp
orJ
zIj
dIx
clD
uuW
tLh
nIU
pii
zXI
zQU
egQ
jwT
tLw
dII
mvz
jLl
bPu
jxp
dAh
pdW
qbV
cmY
lrk
tTb
gzz
jjn
bDk
oTh
ncA
zVV
jwh
ehM
ike
zQs
obP
wTD
dYR
oyh
zYL
uAN
qva
dDl
tOp
tSf
zqf
mZR
uhL
dZY
tZR
zFz
pcG
goL
hiy
elj
ujg
oBc
gjK
uBb
lUW
rrm
jrk
oOj
yhJ
zyX
zqa
uni
zIh
ibt
oLN
mKg
oAD
unC
oGU
peI
iWX
jfK
zkY
end
jJB
ozn
uqm
jln
jkc
zhc
zqg
jep
bKG
dYs
oQo
oAY
nRK
zCA
zrR
oIJ
bka
jhV
juP
pho
tMn
oOC
ziT
qBI
yqc
qLh
jqF
uzU
orx
dJA
zpF
jGJ
xWE
ieK
eeG
Iv
uaf
tMO
cRw
iMq
aKB
oXE
lRn
dVC
iRR
tXk
nlA
eiW
zKD
jFZ
jFk
ozU
jxs
dzI
uAX
eAS
oDL
zRD
ori
ead
ebo
zzz
dOq
dBf
utb
jnz
uuk
jBH
cIj
oaB
efn
bqB
zte
jzw
cMk
uaV
osc
dFh
zvp
jBG
dRK
uAP
cpP
wkb
kVW
oKY
oZM
oZo
zTQ
zCN
zfr
tYO
tCm
dHy
ysD
lWs
teV
elW
mHV
zgB
bip
tMd
yrI
jiQ
zIF
tOI
jIL
oPN
tXY
jcW
dSX
bJe
ucp
lIX
jGb
zDS
zSU
cJW
nHG
oNT
cZk
ueA
hAD
zum
mSp
zDO
fzB
noZ
jLt
tZP
tWE
vaT
mXL
jIo
qXU
jgA
gxK
ehy
tNl
iPV
oBt
eiD
eeh
jnC
zEz
zxc
tSX
pap
dDG
ovL
iUT
jsm
zpm
zHJ
etd
jCa
jBq
jbW
jOb
iyE
uDQ
dAm
iFY
urv
ejD
ecN
piv
dNa
spj
usm
ztu
pcn
oCY
jNi
zUY
dUU
jjj
ejc
ubI
jBa
jBW
jHT
jor
iTC
uAa
yAS
zMT
uBh
jMU
jMT
jzG
oCt
oOp
dCa
jCS
oMb
fxm
dSw
oCn
jsU
rXU
zPs
xHm
ukH
dGe
oHr
ggQ
zEF
hFe
tZY
aVN
uhh
elr
dLH
emH
dNL
zrS
jnA
dRa
zlR
zNS
pMh
tKl
zVT
drL
zCQ
jEB
wfV
oTD
nAi
vso
zya
xoU
tPO
bbx
ozq
jMC
oyu
dDM
zPD
jFG
jae
uyJ
zfE
efB
jDZ
jry
zFh
jKc
oNH
cwH
hyC
umo
dWc
ekx
zuW
edz
qwc
tNA
qmr
uyL
kLu
ifI
oTP
esh
zhk
zJY
iye
cEl
qbp
ckw
yps
xOe
jdL
dNr
wIa
ebL
vgc
enC
yyf
zsW
uCz
uti
jaa
ziN
eei
tOb
tOU
uxh
pdX
kft
ipz
tUf
tVZ
iXO
GP
zJC
phK
xRX
jnO
oDC
ekH
ugf
zQy
jaP
eka
eiv
oXU
tjO
yAT
hLa
wSF
erW
jIF
oMu
eaN
jHE
jsJ
zVm
heh
qbY
dVF
jvJ
iaC
zwf
tOu
zUG
jGO
tZk
dRp
zNC
zgw
elQ
kUo
uDm
daS
elS
zVx
oxy
zqW
hGI
uxa
vYl
usX
zTq
oRj
aMz
oxi
jsD
zKA
nJl
uoJ
iKK
vTD
jfP
tRy
iBk
epj
ozP
iqS
dNH
jrJ
wQf
iiA
zmo
zCx
yWG
oUK
tWa
yqj
zBO
tSu
tkM
jCB
bQp
oJe
jnk
zUN
jiE
uql
tKg
eet
zkX
mWD
rpb
zyQ
joe
uaw
zox
zvi
cJa
jxv
jDT
ytx
iWP
zoL
jBc
tXZ
eqV
gbo
oOE
Sw
tMq
oVK
zzx
zPn
yF
jDr
dAW
zzC
jvP
oCG
eji
zHR
tLB
elm
zBD
tVM
oJd
ejI
tKf
ucZ
ujV
zph
oTY
upy
aba
cBw
ncJ
zJb
zVL
wzy
oOd
jhe
nnb
oqF
oxp
jKz
dHi
ozm
xPk
bLr
iiS
ero
erl
uwm
phh
zfh
zPA
oRE
Ol
jeM
ulX
oTa
jMz
cKN
oBv
cjt
ehb
hPn
dCC
jJh
ren
oyW
yZl
rgF
ovF
dSv
jJo
lFg
phL
ufq
jMl
jfx
jas
zHY
tPq
epJ
vPF
gtj
uvo
wMr
sn
zmQ
uvi
yen
bzE
tPK
gQk
jsA
oug
hRX
zFJ
iLQ
oJT
zLo
eih
jcq
pis
oyY
zJS
urb
rmJ
eoQ
uok
sSk
zCT
tPp
zuY
pgU
dBK
oDi
zVE
unH
znZ
KJ
jIZ
owU
tSN
zyI
dVf
zyz
dYb
paf
tXt
ozA
dzF
oWw
oQH
oRs
tKN
mCU
pFz
uoW
nkb
oxt
xNN
zmc
jNS
bYU
uAY
lbO
zPt
qiC
ifR
cpw
mTK
swO
oVF
zNQ
tWc
dXj
zWl
zBr
efu
zKn
zDB
utk
jJt
zRw
dIe
zyg
dDI
oQV
jHK
jJl
uRM
pia
yKU
hXt
epo
jhH
uhF
uhr
peW
uum
erS
cop
dAY
jql
hFH
oQA
urT
zRm
iYo
jhG
ebl
xHR
iYT
oWn
gpR
nAA
ouu
tYn
znu
zin
zVG
zOS
oRm
efC
oZA
jhC
tDG
tlP
oSG
jsB
zCr
oTL
zrz
uix
iDA
jmW
zny
zHj
uxk
oJp
dof
tZO
pbF
dlu
ven
jyb
orA
emA
zAg
uaD
tVu
vhj
yEE
dZX
zSL
kFh
jLw
ehp
eeM
pcB
ela
iXF
zrH
juo
uwP
uae
jCc
uhl
snp
jaM
vIp
unw
zoH
zwj
cER
iYw
zKv
zGx
zoq
tQF
tqn
zlc
dEg
zDL
dAa
tUT
eku
iUz
jDD
jhY
cqs
xVn
uzv
eqH
ukF
owa
oLP
zAN
oYj
fCv
wJy
upP
ufZ
jKq
ueD
sJj
pFs
uam
pdf
dQf
zrp
phC
zhd
xhi
nQn
dgQ
ult
tRX
foQ
dzN
uyu
oGD
oAK
dEz
upr
tWg
zju
phX
brm
phD
zgv
pTz
cLf
ouq
oQg
zGT
uBj
zWi
emi
elc
ehc
ott
oXX
zNO
zAe
dFZ
jAH
mNc
jsw
usH
zpP
wyc
hwW
qlT
pbU
gFE
jxz
pVX
jyF
mYz
jFp
tWO
dQE
upo
tRt
dYC
gTG
nCg
fOe
efl
ow
rEG
dIy
oSo
iYV
fGW
emW
dMf
dZj
pMK
uDY
zTy
ujD
dMD
ckj
ubc
umr
iXR
ntQ
oDF
zTT
zyB
uqJ
oyN
oWI
dZM
ugk
zgA
tOZ
zME
phM
uwV
tOC
jdK
dEw
mOF
kJc
oqg
gbu
jic
tOR
dBr
sCo
uuh
zFx
zJp
dTZ
bUw
enE
pgR
dmn
pdS
jfB
hXA
ouM
zYQ
ulY
iqd
jpE
zyT
cVO
zDs
dVM
zhI
dkQ
osZ
jzq
cWw
eth
dZZ
ryh
zuS
jfD
zCn
yRW
naM
tYP
dZA
jsb
cbH
oPs
dWj
xrE
zIf
nVY
dJr
jIl
zxW
zhu
uxO
ute
zJB
oxO
znj
uxq
dJo
oEr
nwn
jIJ
zyK
dLh
ovm
ulD
qtk
eaZ
zWe
zCE
qvj
zQF
jfL
ubK
uls
nVA
zmT
zxK
dVB
uiE
zQZ
pfP
sDT
oRe
pbv
ehZ
zWx
zNz
zrl
iYC
zjc
mVr
eeH
oRF
zkH
dVY
efL
yUi
eef
uvM
uyy
pbb
rQE
xTV
jFA
oOL
mLi
gnM
jsd
pao
eeu
dDs
dCj
joZ
clj
ovY
jIy
pdp
xOT
jaE
oEo
cHh
nUM
eqw
dUa
zUX
zOv
rDQ
mUf
rqU
occ
uic
unK
eks
zBX
ufD
tPC
jFj
ejM
dfi
emK
pjb
zrU
for
uzi
zri
enq
edY
sra
rvR
uwk
ems
zCD
ouP
ixL
oEB
zxu
eaq
sXv
pdH
dBL
wPe
xnm
ecb
yQs
sxW
zND
zPc
uns
osG
cYp
uzj
jAC
oHx
svA
zKe
tZc
oqH
vvH
ovz
nwh
buJ
dXd
oww
YR
oee
tLX
iAo
jbr
wSX
zGP
qOq
sgT
jMu
iVP
noH
woo
esR
ejJ
mOw
udQ
jtk
uqU
jwe
epV
jJE
oAU
jEq
tUh
dGZ
ufd
jaB
sHq
efI
jok
jyK
dYg
jMZ
xLH
jmx
zvK
eeU
fDI
zHG
gXk
ude
oNl
tSx
urg
tZl
tKY
zFM
zEE
zJr
zLY
iUX
osX
bXz
jCl
dVj
xQq
zVb
jMk
zWo
oPE
tNd
jlo
oGl
nwV
dVd
owf
tYU
suG
eKe
ivz
mxF
oBa
dEQ
zFw
jvu
dML
jla
pjf
oWu
phk
oCO
ydX
oWP
jHL
iXc
qKZ
fvX
yMY
jHC
uqg
zud
ukq
jlu
ndd
jLp
zws
iqD
zlf
ozi
iWI
dMT
uBy
tKZ
lef
bNc
iZM
nut
osI
zKT
opZ
yVa
tVj
oDx
jjU
oqS
jgs
tQd
zBK
oSZ
tLN
uxI
qSx
vJc
igY
tLp
sTL
tRR
zEV
dLe
dOC
jiV
dCD
iJq
esB
esf
oYU
dPt
zrT
tWI
vhy
zSK
Cb
tMX
dZe
zVp
dFy
ufi
mJQ
qBv
dNy
dNe
dRS
dNZ
sAk
xDY
sUa
jwg
mjc
sYJ
jMB
zzZ
dnq
oCd
uub
zku
uys
owY
ksz
jLr
usc
pfH
dOD
ujM
oqb
jal
uvj
nDD
oXb
dTp
xNn
dIP
pek
pxA
eQo
unV
pdu
tYE
foT
xMP
osr
llc
dGb
dYJ
jAo
suw
pdl
Yc
sHH
ftN
hpc
oIR
jue
oXe
iVW
crA
cgX
yWP
qay
zED
hMo
env
dzK
nwa
uzY
dEb
zRL
ukN
oYZ
zTX
jEJ
pdT
jty
dYI
zxV
jnf
ruq
ejl
jMf
uCU
jjr
zRI
zye
ozb
emg
zuj
tVf
kDQ
zJX
zUj
uqH
otT
tUV
eio
pdR
jzn
jgZ
qVe
osk
zmX
eld
zvb
tRc
jLR
oft
xMG
efz
ubr
gwl
jzx
jro
oDn
dAl
kzx
dGE
upW
uxT
dPU
piz
lni
oUF
cJn
bbN
fdD
een
tMY
ztF
ehk
zOp
oMj
uoU
jeh
uxy
jOt
dHU
jIt
dGd
eaG
usR
xrO
hFJ
aGA
mSg
jNT
dTi
oQh
jCE
pbz
ncH
zfN
eaL
tKd
xqM
tKb
cFd
jEl
pif
uzI
pQ
eqO
ene
oyR
tzY
tUg
dNF
ukh
pft
njA
ulQ
dMg
oMo
xxV
dJx
hSW
zUJ
zPU
oRw
uAF
dRw
xoS
oXa
ufx
zgn
jFU
jwG
zSS
uac
ujv
vlK
oUP
dnr
jKZ
pcM
zOW
oJH
bFX
unh
bIe
jiT
uAW
pMr
jui
dFu
lRL
dRu
zVM
ulB
zsj
tTh
ttC
jCu
oSM
tsx
zNK
uzz
RF
phl
jEt
upc
jDH
zIN
yWg
dCq
oXu
zKC
jvy
oZV
oQl
zvn
oVT
ucL
pgA
xsI
zjf
dUC
uAM
zRA
mNb
tTc
tSc
ujU
dYz
ulz
jEg
tQo
ruL
zov
dCR
oWo
yyN
dDv
zNB
ujN
dSm
gJe
jtc
dIi
tPf
mCm
zEm
iUt
ldT
vtp
wMa
zHb
unY
ekc
omF
eny
uwt
oKF
dYU
uAc
jmY
ubV
ekv
oTU
zii
iWv
dSl
dHb
zKb
dXP
zkN
iwW
zVO
nXy
zEe
zWr
dHn
kqT
dlk
tKt
tOr
Uc
mzN
szk
ohM
oNk
oMY
rjv
iVN
pfC
oIN
eIe
zjY
zhl
tNJ
uuB
jFy
zqY
vhf
vLx
utI
utd
zHS
uvF
mjS
pfe
eqJ
jfe
zPZ
qGA
uiD
shQ
ibD
jHY
tVc
oUs
ulf
oJX
xvh
jOj
eeA
vZQ
zty
dEX
zMs
tdW
dCX
iXh
ivL
xSa
dAL
oYx
oFv
cfw
zsy
cei
aqS
eiU
pcC
Af
zb
uhB
jdz
zRc
tYB
dQv
ssC
jsH
pdh
lCb
jai
bVB
yNR
ltN
fFm
zBu
uvZ
mFj
oBi
sWc
dXA
iqi
tPG
zGR
ziL
zvf
ukB
jjO
zXo
sRb
jND
pbd
jna
dOI
oPJ
tLa
tXn
unZ
ixd
zHT
uDB
jDP
iVY
klr
eaj
dLt
zWc
xBZ
zoo
zYe
opm
sZp
zTw
oAC
hzr
zeQ
edj
tLb
jkR
dPh
zzN
gLb
otj
jdf
aYJ
yfq
uCn
iVO
pTH
dTP
zLx
jmM
emI
oCi
zQY
uhQ
ufS
wws
zfK
orH
dGy
oQQ
oY
oLi
upj
jqg
uqA
zGp
oNh
jaf
dNz
tOc
oIW
zIb
zEs
efA
tPE
zXW
uhj
jgD
jJs
jFK
jsz
jIj
oMk
oCI
uzG
dPC
pbq
dpW
tRl
oSr
dUr
dVw
zOu
ldK
iVH
dZp
zAs
ouV
urw
oBT
jwF
zuH
pex
dIw
jJN
zIS
oXK
oXC
xGO
oEH
zHZ
jjh
xOb
pcS
lwc
jCX
uzV
dVb
tOW
dXa
tWi
jFg
eaH
tNY
nvq
tQx
zCq
tRr
uCR
jxr
nuf
dEi
jFI
zyH
ubC
zBy
puR
mCl
oJz
dWf
bgW
zmi
ely
jzX
jGB
zxN
fKm
jbi
tNg
jti
tQu
iYR
pds
ddG
pcp
chC
iZz
jFq
dDz
zga
jmt
dOn
zOd
tMt
zqu
zpJ
zsx
zVq
jKJ
iiW
rSy
iYs
aTg
znI
oxZ
eeN
ilm
wEj
cof
oFP
dSt
tMK
ymj
ubp
dQe
pgx
tN
dSS
oAS
oWv
eoW
sQr
tNH
nQu
uwD
ybL
paO
zlW
ygE
urJ
rMM
zQL
zOE
zpM
tYX
jvn
dBA
dKa
iZZ
zwL
peX
pbA
jpW
dPR
jdN
tuz
zIw
mrY
rJM
zHQ
zkC
Uw
ckT
orn
jxt
iWy
jEG
jwD
dWT
jpo
nFi
uox
unI
uDv
aqm
zjX
upt
uAx
zfs
ulW
dVr
aEl
lVb
haW
esj
dcS
dDa
dSK
oIr
oNt
zrV
uyd
dTE
zDJ
slX
uBJ
ugX
oHc
jIz
eci
zmU
grT
oKP
tMR
peD
tLy
uou
zwZ
cek
ssw
mML
dDH
tLq
zBk
zJq
jTh
uCQ
jCb
oBk
wUZ
jAI
oCZ
jhD
blN
oxf
ety
