7178
8087
8507
9802
4855
1973
544
510
9968
9868
8823
3008
8064
3554
1048
9264
9596
2684
3928
9761
6733
5343
1950
7144
1800
1226
1488
7018
85
3075
5731
3622
7980
4865
2460
1338
5538
5607
113
3327
542
1093
5254
8363
9976
1022
3896
9138
9736
2313
1747
1139
4322
2953
1512
4961
2689
4580
4
4184
3317
6711
3047
1804
3244
4046
9671
286
6661
439
912
3404
1002
8476
56
8960
9293
2917
2481
2635
262
2422
6172
4667
5887
2204
5789
2792
3999
9666
4719
9078
7548
8291
2599
6181
7630
4915
215
5571
6601
9995
6777
9139
135
2899
9595
1474
7492
2666
7985
4853
6605
1122
3655
1402
7140
2205
7279
6232
1608
5217
9573
919
7716
300
5364
4081
9086
2848
4413
8948
3073
3078
1937
2294
9703
3840
1681
6236
9686
5104
1702
5259
1076
4466
1820
3446
5784
7960
6608
7909
5462
3870
3886
3121
8780
5711
2239
3538
2145
4527
437
7777
226
9499
3547
8334
5642
6301
5587
368
3994
6240
5542
4074
7598
3567
7705
6000
5964
6084
2519
5282
2312
8664
4357
1895
3940
3400
7872
3480
6869
7254
9319
2506
6931
126
3836
131
8744
6837
9442
9588
1392
6036
4517
3189
3789
8444
7003
8764
2420
6604
5151
7126
3431
20
3909
8923
8520
4699
8957
8022
5816
8690
8977
7819
5896
2696
2227
4629
4216
622
129
1208
1909
5901
1101
5918
5644
1170
9545
4678
4785
5454
6558
4787
8493
2015
7263
8473
2013
4084
8784
5043
7854
5304
7327
6985
6532
4468
4220
9998
5756
8808
7374
2047
4709
8905
7019
2515
1262
8843
9751
2588
6848
6960
8348
6255
9479
6868
730
3971
712
7751
4279
5045
7227
8570
4137
7890
4760
9866
4937
4944
5075
8128
1406
9313
6258
2853
9290
2727
6584
578
5174
4091
7458
9944
5319
3454
3920
3190
6646
6619
4215
2631
4059
3573
9337
8478
345
5993
462
190
5329
5287
7519
3826
3100
5366
4920
1072
9114
6943
7280
3182
2444
8413
5584
4189
5643
8856
102
2464
5336
4745
6771
5482
1272
3965
1052
3604
6699
7921
8655
2780
2310
3386
6542
3796
5322
2101
9537
1755
3420
663
3654
4622
1868
8759
9035
3795
732
2084
6121
6575
2220
5264
4450
304
817
5434
8049
8023
6330
1957
5631
6748
3597
6087
1497
50
4287
7332
6745
2589
2221
6655
1224
4943
4125
6884
1132
6395
5207
7204
3214
8494
7198
