aFC
3XY
2Q3
9ED
01k
5GK
6zO
4UK
aR5
71Q
0rC
43g
Yc
21Y
9_U
a1U
6sD
1dy
8Sq
1DN
3Mt
3as
aoZ
10H
5J8
2n4
4bY
RB
7Tt
8Ia
7hZ
8RV
aRg
9IW
9_s
57H
4MW
Gj
0Nd
9f0
4fG
4Po
1Gt
1nO
6sH
30q
34A
5lZ
7Fe
9Hg
8oT
6_9
NJ
1A_
5M3
2KK
2NC
0Jk
u7
7b6
4fd
8jT
3gr
7EL
01V
9jM
8tk
6bK
7wL
42N
249
2lZ
15X
4NQ
3BX
bwX
AL
dK
bl_
54Y
03Y
1Mk
6cF
4Xc
6zZ
2mA
3lc
1wB
2EV
2DJ
2zj
4Xj
bvu
8Mi
20_
7BG
3rh
4sb
0o3
75O
0OZ
2i8
7ON
t0
3du
7ti
BN
6ji
aoX
a8v
7F0
8Dp
1gN
9G6
37d
78f
avP
699
9o8
0ZY
b97
3Q2
2NS
bew
2Dh
1yK
4FJ
3rB
a3g
5_T
2z6
7nx
8lx
2nv
2ob
4LE
7SP
S0
4Ps
6Ai
a9P
84q
8q8
5Ok
9Wx
8yD
IQ
6ly
5qR
0WZ
9Qc
8YH
53W
3Ye
9we
5PU
1Ap
op
azo
0Te
36N
8ed
4O_
1nn
8vb
5lR
4yI
420
46R
5dG
9eZ
9Cl
0jC
45y
7UE
16T
98u
5eE
6yi
6Gl
8IP
5NL
08_
acu
89u
aP6
0kO
azq
9l_
4ma
52w
2rs
50i
22I
Rz
akD
st
8QH
8rW
6gs
aDk
39E
a94
6db
5VY
1I5
5qW
auv
9ZV
W_
5Pi
5Vq
5e9
1Gw
9eN
6i2
1PK
76w
4h8
78k
5Lu
9Uw
4_x
7Dw
4EQ
9oN
6g6
3sF
1oj
1bq
7S6
9l8
bwv
51z
8x1
2In
8cU
9V
6mN
09o
55D
48A
6k9
53A
6Ri
aQ0
6hr
3CN
aOo
9aX
aiw
9ID
721
8LC
7NE
6np
8Kb
76W
7hc
fB
bdh
bm6
7Q0
4b5
bso
9Q
aBH
6Lf
0PS
1m7
2tk
9uy
bd1
1QH
aXR
87z
1vk
27M
8kf
1TU
3gH
268
aZ6
2d
2co
2Lk
5Il
5v5
7lI
5jS
bb5
bcv
ato
3J4
3Y9
053
2JB
2JA
51L
35k
3Mp
z_
3UF
6RJ
brr
5S5
19p
6iw
aU_
6zl
oP
3PJ
oH
6Yz
84d
120
8Oa
4kC
3Jk
0L_
9In
8AM
2Id
6Xx
0Rv
zG
a7G
7q0
7cA
9mX
56F
9vy
IC
Cf
5vv
a40
7fj
64q
6sz
6MO
Lw
3KH
iw
2kT
9W4
a_E
9nC
13C
18J
1yJ
9az
3tI
9Fo
0RU
9ug
517
67n
2g0
2md
3Va
oU
8GV
1m2
5Mz
9tX
38t
9JE
WJ
a2c
7xX
9sN
6SP
1wP
6u2
ci
3Gm
5yL
766
5nt
502
4bs
6y5
7vM
8fO
baf
4pu
97W
0nx
4UI
5ar
5gI
aKn
9Xd
aur
2cV
9jU
5SQ
25X
8YF
2KX
0BJ
8A3
bzN
5Qc
3SY
0Wj
2YT
3Fg
4N1
0hk
bkn
9wv
1HY
5al
9rt
a2I
4Cj
61B
4kz
5vi
92_
bak
4nb
4L5
0vy
1Kq
75c
9Uq
rU
7o7
2Fu
2Qo
8tX
7_k
2iY
85w
5qS
am6
4z0
4sL
6WG
6qN
2gD
6NC
69i
and
4F4
8E
5rl
7u6
4lz
apD
4I0
9WD
61r
auI
81C
1Hm
2FQ
83y
5qB
0jO
7mk
3iq
82Q
9Nt
77k
8KP
5YN
02W
8yW
9lb
5aA
9YT
qK
8u6
7zg
8Bn
2jf
5F4
4d_
1kH
b8x
bqs
4LY
jD
a6y
9IK
2q4
1Yd
1F
a2d
1cb
5FY
3q2
8pX
5P7
6Tn
660
4uz
15N
5OY
6mQ
0bf
8U3
9Qn
5Pv
6s0
mv
sh
biS
43u
F
1bv
0LR
0CJ
6HM
7z6
22S
8g9
0lJ
98k
brX
4mT
18O
akZ
4ua
38C
5Sz
3ul
4yo
5vd
afj
3Lq
5q9
1hK
cq
L5
aYw
3LW
2NQ
9Mp
7zV
0xO
0V6
87J
bkh
1x0
9HI
7Bx
9BW
1g6
27j
6a7
39Z
9B1
69j
4jx
Ez
4IE
5KN
2bm
4AX
4eM
7x5
7OF
0Ha
aaL
8MT
2s2
0uN
4FU
77n
6Yq
1Fb
aJj
5A0
0Kg
97k
eB
9iH
9WF
0Qg
9t1
7c7
301
6_k
0Xf
7TL
hf
5gt
3JS
7Uo
b5U
aFt
_7
B
4OY
5jA
8KH
76K
1UH
6nS
7JB
5hQ
8hh
02z
LP
2dw
7gi
3Q9
a1m
0wj
6gk
9OQ
6Zl
9VY
7Y0
38_
3Ji
5tB
1jW
3Og
DQ
6OU
7DI
GQ
11m
9Sz
1va
74d
29L
4Xq
arO
5Hb
6Ad
8QC
91W
aQd
5W5
4O4
agF
2Jw
03h
a6e
6hj
73q
9mT
bhY
3VR
aTE
363
aGh
6Kz
fC
E9
6TQ
13
ZR
ZM
agG
3Cu
7rP
0E
0zp
6PZ
4PU
aM8
2kt
9Xl
3qw
2MY
2JF
9YW
8zu
7Dv
bh3
aT_
6GB
0F7
7Ie
5t9
0Oj
9UK
6WV
9dD
6qz
4BT
0WD
97p
b25
4Sa
52Q
92i
7Ks
8DW
39H
1xx
4ZX
9B5
0NP
0BE
3y7
9M_
7jI
5RE
2gh
2zU
3in
8Wy
gh
4Pq
9bv
H3
37o
0PK
7SL
abz
ajB
4gU
8xs
65L
buN
3Jc
5Jl
4tT
446
6z2
4W0
3tD
7_5
7gz
6JB
4aY
5ov
aLq
4s
7bx
1bY
1hd
6mB
9mq
6xA
235
0UJ
1mb
0Ap
7Df
aq8
aDW
85D
1ku
2wa
r1
0NT
2Eq
ue
079
9qQ
6KK
3nj
aM_
7UQ
BS
aob
55b
6LV
9YG
3ze
2X5
6UQ
2mk
Tl
38d
q2
5mB
6w
aOn
0cP
7BA
2vQ
4I9
buO
01Q
0UG
9oF
aXo
58Y
0sG
7O5
7xt
6Eu
12t
bb0
0Mh
3l8
3sS
38Y
8F0
cs
8Gt
a5z
0Cp
1nQ
0Vu
5EG
53L
1ST
887
6EE
9fv
Ze
7BC
9OD
1l
aKF
2oj
9_F
83h
1xe
dT
9tr
83F
aFR
4gz
aTx
267
8qF
6B3
bsH
MM
9Ap
06Y
aOR
729
0lm
8cW
0qS
7Eu
baC
6DX
7Fd
2Jh
1Zd
23G
aYH
0sB
7I5
1oc
4rV
2Co
aFZ
6v5
a2h
1v1
6Q6
1FE
21x
0BT
88D
agi
awh
7sG
6L5
0Tl
5oY
49P
8dn
b9f
aKc
389
4bQ
8Nb
3pu
768
2rp
3nO
3lj
1vy
3pQ
3iP
Y3
1s_
3AO
aoV
5K1
0QJ
2Mx
2bu
0FA
83v
9BI
4kr
1bH
brp
RX
21v
2hg
3oc
4uF
8CH
3M7
aFz
2uq
0DJ
7qt
3P3
3qI
7qq
9G1
6xX
1pN
8hN
32L
5Os
7Af
9rQ
7Pd
tk
3UA
8rv
2lR
2sd
1ze
1z
7a2
80G
9Z0
7Is
8gs
b4W
6bF
ZT
aWK
6F5
5BZ
4gB
8fH
2E3
3rL
Pd
5Cy
7Iz
5HM
5Dm
2bf
8Q9
2AF
vp
cC
7eK
8nP
2Km
5N4
19z
5xk
8uC
7_h
7bA
5pv
35z
7qC
3Ea
aRt
yk
47j
uq
9vV
5yU
aJM
bqC
aqP
4JJ
8mr
3d1
acW
241
2r3
8sV
2SK
2Qc
0Iy
3np
4XY
3dY
3HI
6Xe
8MJ
3D1
a5s
17j
1Ku
6dh
5az
6bl
6WM
8dE
7uj
3FB
8ds
aMC
bO
8lA
a7g
bvy
1tz
7gE
bxQ
5dV
0GA
5M0
0Aw
0a1
Xo
0kR
aP7
8Nm
a3q
2Ze
16t
9_l
7ot
1AQ
7Nb
8ex
4Ne
4kg
5vA
85A
CM
4Km
ai1
2aO
0rV
5lb
9N3
8Y4
5dh
9Qd
9cP
4jq
5Cw
bpn
0IN
5Lz
JX
4xh
7fB
bfl
9BU
6Ek
8Yv
6WC
3rO
8Fw
0pI
7C5
7t0
ay7
8lH
6_Y
9jo
1uE
4e2
5r7
bkS
a0_
5Df
6Rj
