npz
yXb
aZ3
oLK
cTD
wl0
ctL
pm2
hDS
atC
kSq
zj5
wIR
nbz
zoI
uzP
AMw
clp
lSf
wSx
dmE
yZ7
jTm
AH5
xx1
nLy
yhE
lKW
at4
kS3
b75
Cxd
aBE
zK3
Ef2
fy_
pXL
qUj
rfO
tQR
qlg
a9Q
e0U
mh2
bcT
qFH
j1x
j9g
DB0
ypS
Duj
zoQ
luz
dG4
ywR
xKd
w_5
nY0
ylA
hiT
eEq
fEq
e83
kll
tE6
vQ6
e8R
v5e
CGa
nF5
xx8
lj8
AYo
tbk
ef4
ePc
pKE
eTX
q1K
EfE
zar
iwU
czh
wOn
ccE
zYf
g3L
BAh
gGq
tD0
bHb
eXp
mBW
tBp
gCs
buE
zdg
ujN
xTB
aF7
qGP
ceR
rwR
l4s
lx0
e1V
g1o
nJX
mqx
Eej
zO_
ckK
vmI
uPa
zuJ
oXF
BO6
tM8
e9M
EDD
cDO
nU0
yN0
CVu
uBZ
tRA
tPJ
CxE
s_A
qyi
whJ
lO3
pE4
yes
nTc
b2z
rjR
gGF
p9I
tsk
dfC
D2R
c2_
svn
ehb
dLi
c8W
eQe
gKj
mpE
vNp
d62
iGW
DcW
xC_
fg4
agI
Bag
uuN
DLg
jgi
bKV
pdy
w3T
bse
rIp
CWZ
qlp
uaf
DWV
xYl
e12
vIM
qBA
taq
CrB
iVN
v7U
nQN
BR2
xyV
whM
kCb
CnY
efK
oPL
xb0
sD4
woj
wVx
oDm
dkC
aQN
z6T
sUs
hsk
i7a
uHO
A7Z
h2X
D1T
qkt
rn9
BIR
xHI
DIC
rAL
nog
DrE
kpJ
DyC
c6P
Bby
vK6
DSb
yfx
lwn
weE
k1r
Ec7
a5U
fDS
oWq
bWX
dGC
CHD
AgL
Cen
bK7
s3U
BON
b4X
nBl
eYZ
f4J
egD
x5f
xIA
Ab7
lQ_
v4k
Coq
AD1
BZM
l14
xyh
p0Q
bGV
c5j
mlW
ED_
fgR
bIs
n1i
dk4
jMI
fg1
cp6
shN
qLi
uhK
uqI
iry
lUA
pFd
ol2
p7q
cKf
tJZ
pot
vc4
bWM
cJY
lWN
v84
r43
m8n
jxU
bxt
ubl
DfD
fF8
qr7
gE9
mBk
DcS
xsO
ok4
t62
u8P
BDv
cgQ
wFG
bY8
nyF
whe
p_5
D9K
rAs
fEm
cXo
rb4
o4p
peX
par
wz3
uPU
tBF
ygr
pvS
zvu
dvU
d1C
CKx
aZ7
eb7
DZg
nRH
ECV
h6p
rBu
wMa
efF
vXL
fo5
c5Q
s95
uHK
zmp
ExV
ipi
wuB
pMq
oJj
jVC
D1w
DS8
x6v
dHQ
tWD
iUD
q27
eNJ
yxA
q6C
zSr
h2w
y8l
uPg
ohK
wSC
eR6
snl
us2
cpY
rAl
eRe
DUD
kjB
oEZ
h4_
swB
y3N
Edm
zAV
iUX
AFk
qMH
yP7
wcG
giA
D0q
sJq
lVk
tIg
Ak0
xBC
mQH
ymB
q9C
iKg
BpL
oWN
AV0
mjt
wfd
utw
mKY
aFI
dbk
mki
sOg
uik
h8K
ou6
sCL
vci
Df8
gwO
BgV
c_F
wbA
snz
z0f
kDi
c3D
iu3
cgf
COl
lFv
j00
y7U
jcF
i2E
aEQ
EuI
aV3
bdA
jdp
bNy
DQc
gz_
bkk
ki5
dRu
w0U
p9y
tVm
d10
zqk
CYq
mSB
tjt
iMH
mMd
sEz
Avs
tZM
wEu
ipn
juw
aaP
C7K
EiO
n9w
bJS
m8a
tbh
r5b
re5
m4l
v0d
uD4
v_S
qOk
qrx
dgB
w7z
EvV
BFq
qdM
A5B
sJb
jal
mSz
BV0
lCl
nhN
iHH
yOl
ko3
BxR
wDO
s9C
k66
mqT
cNX
aND
jJz
yyL
gSE
naL
Bki
apP
r9x
fap
zhr
BUY
sMP
ECz
wYm
k84
qq7
yfC
nMJ
tBP
ioQ
Ap2
oBu
iWo
wAs
mzR
aeL
oYA
pHN
pIe
rLR
b5v
nIe
dcJ
CqJ
C_M
Dmb
uvB
cXr
jce
vOq
xyY
B5e
kmH
iRg
q5Y
kEW
kcc
jil
zPi
hAH
tDS
eFk
cSi
b9L
w2o
BgC
c4y
fc4
gUP
DzB
tU0
pFH
oEg
DGv
DhD
qSj
Ep9
xtt
mat
tfv
k9_
pCl
eC9
u1x
jqC
Bk6
tMR
muO
Dk5
f6V
