5AD3U2RQ
O1ZCZ586
2NBVZJWB
31JAPRVO
V5Y6MIZ1
6R77AQEX
IKNI88X1
Z1OAKFDU
BINA65NG
MBJ78W5E
4HFU1AJ4
V00M1XDM
DIPY2VBJ
3Q0KZVN4
2GE17SSY
TWER1GZB
NWZMBGQZ
N9308WES
QSZISUJO
BNLGF56G
L26YWVM0
X6CVHB1C
S5ANESZ0
MXCKKXA0
SN7WRQ1L
XYHNT492
YJYZR9N7
DPM92GIL
3WU0L5OY
LAIVQPXE
VF8981ZT
F8FYHBKZ
RP8X9Z2B
AOM89UTA
TJR5FGW8
ZPUC8YJP
Z8TZXP8T
1Y1YBQK9
QGZXUPOR
QNN373FB
0A0YMCH4
I7I7YHEN
KJBONP5B
IVZXXGII
WX94LIHE
SOIH0AGK
NSYJAKAA
PE0PWZXB
U8J23B7V
6WXFOV6R
Y2DX1H1O
3AMDNEIB
B281IK6T
K8A990B7
GNU7VDX2
C3OQO8U8
X21A49DS
J4RG5IF9
L1PLDHP9
5R9O5V94
8BKBK2WP
Q6O4BP1C
AWB707CM
H0TAUPTA
USSXHUFD
KKAZPNJW
AGYD7VPV
Z4TRJH0I
Z3DOH8QI
DNPFAXVW
NGYL663Y
H90J24MM
NQEQCQVK
FDMKJ37L
5KD18ARH
U5RB6UCS
BBTYWGQW
I9UXUVHF
6P7AM97L
RDY737VC
2WR5OLR3
KCPUPPJW
NSCYK51M
086G8HSX
I7IERMB9
VJS38VFC
DRU6XDGR
XALTWVKO
NU6OUPI8
RRQV94WC
JKZ8J6KY
F7WRLCP1
4991JZBV
EDGR8JZE
Q530UKHC
156WPPOD
K4ZT1ZRT
UH60NDQ2
08I5Q9OW
HS8OJ7GP
PIBCBJH3
WKG1J6J6
CMSSSKVU
CF6NBZNZ
LMC2DMTQ
14J0JV8F
VL0HYPJU
O0VU8K30
HYOKJ9FL
MSMD33RT
F0EBKSR4
NAY991IO
A1TXLBR3
V556XVAX
FU675JT5
PV03CYZR
SPJL0PWF
07IE0UAF
QH4PZ4Q2
Y4ZOMJE6
UNDEUJ4P
TQUCOFTX
Z8HO4HJL
QRME60V1
KPIWJXYQ
DE7QTT8N
1XCTPXRT
VNHHVYWF
XUTIPS4K
SVRUCL4G
I7OSQFJT
7FBM9ZQB
FSSY8VDT
65D6CMIV
RBAIQ2OX
WEPE7JJJ
E4RHCS8D
9JR5R4BI
LCD5IZY4
BZZH9R8M
F1QMUI7N
N0JCU2NG
150VT1D7
B56031W6
9VZGESMU
UKAA18JY
QY0XE8NU
KS1XAB2J
8TWRKZKU
2VNQ726X
V2460C82
IZ48QID3
0B3BCOTT
0ZAAITT2
YT0K3D0L
2U7RZAEC
O9C74TEO
KZ2TR6HW
NNY0Z8YO
GJ2WVSRN
DZRR6TYX
125DNAWB
QW3YSNUD
HSA71B1L
JJ7ACWCY
4O1NYXDV
Z00Z15UD
L2JQLWMO
ECKQKEIJ
JY2FMWN7
O4BZIODF
WR7D73F1
UYHN0C2V
H7Y8B0OZ
UTN7S5W9
G7JEYORE
G92IBOP6
L8HHBUGM
BHWXQ5I8
HKMBASQY
U16VVGR6
3AM3VKA7
JQQHEGM2
1CMVAMOU
2KBLBO9M
IFU15E2S
QCTJXB35
OSKZP3AF
H7WXS70I
5CV28JJT
C7IQEUOU
F4E6AMSK
MK16GYM7
QS7AD0J1
C1CS9N38
0ZOTUPUH
0SFTZ1B7
COXRS3VO
XD2JT39L
M25RXY3F
3ESJ1F3C
NXBKBL66
PI431GNW
P77342YX
FVRGU05Z
G1US1YIM
YVRQYGQS
QDM3M9Z0
ZHHBVBZT
1SSWJ6CJ
02R30GW2
0MZXQ0BH
93GM1OYC
CD1QRF6Q
P87JBFGN
0M6H3KSD
TOMQX1G8
Y7FUOWTV
17XBMUIL
W2CDFX96
L36XHGW9
H8FFBS6Z
U0VAKSV2
HPZEDE6Z
GSJ8ZXAZ
GA4YBDZF
HX3SAVRC
I5H4WON3
96KPOKNQ
VVELDRIB
45TH401M
V2KUG1MJ
VYUTCUL0
G7WPMLKC
P8B7OWFG
W8D0BLYP
K5PYXWTV
7ZJSBPC5
O0FJJL25
8IQ7URHU
589L2IJU
W29I029A
BBBPMDZT
H2GRKBOX
A0INL6S4
FBN60D5I
SUBDCEXA
ZV8QZGOI
E2056H2K
XQN0CSC8
FLKF3WU2
81TJJRVT
WXW1DZ5G
XJMMO787
3XX4QZQ4
9UHOFNCM
CHSKE4XL
KTST9M0C
22BPP30H
2H6O3326
T2E4GKCG
9SWMSAOH
SZ2BHTCM
3P53SKVP
29K94QAR
FHOFCLJ5
IRFD8FTY
O9S3RXZF
LK5T0V5M
EG3QUATT
RZ1UYYJ7
2N1TVVCY
XSFS88EN
3JC3BASH
Q0JWWVZ1
QGYYZVWN
BAQMSF0K
CNJY6YDO
A004GWMZ
91WDQ019
5A2UY12D
P8VOKQV5
0L69LX8I
HW8CSXLA
OZAPXI99
OIUDYK20
LM9DINMG
XGLUH92T
Y17WVOML
DYNGZO1R
GV19H540
D6VWS887
8EP13WUH
ESN7Z578
WZA2LBL7
0RI0J864
P20Z6VEO
17VWL61W
8PYRRSK2
KNRT014A
M6ZJ6LM1
DZ23NJKC
VJMVPJMM
H0O6IIP2
S9DMZ67N
MG8APIRU
S35IRF4N
M4XI38UP
50HCYDRS
BOC83166
7RRCSG5X
O7W3PLXT
YR1MNNZ9
4Z6V1D2I
3P01BQMS
XYY8B1SU
VID9K80A
SLN955EH
HROH3DDZ
HVM8EQ9W
MAPRELA5
5Q8F84QK
IE2MS7LA
OVVICVI4
XB1FDFSL
8MZA2298
W62RPU72
BA6B684D
NEQKYIXU
60WIAX4T
7CDSOBVP
CH3KQMWK
SC1LLG7I
U05O1LZB
9XHJGQJW
L55MR986
T4IFLMVZ
KZIBV2TW
KHX9Z5P8
2WMTB18G
RAJBFF9F
I3H9E7NJ
1FFFVHXL
SJW9P3NN
AV61FDY7
XO48DQM0
UWM2A4W8
LXTZMVVM
J1J5I4DK
OC2HL7V2
UP3BQOSE
FM8FNBKF
0IIAAN4Y
SQDH1IUT
PJA7G4WB
QHRA454Q
JODJPATI
ZSGSEWKE
X19DVB51
SV74KX7O
FKQIFMUX
MERO8PDZ
SVDP3P44
E3OBQ6SA
W2FB6Q2Y
EVPRF1FP
J2SVJTZJ
9LXYN3YR
I6IUI6TQ
QSUT6LA0
XLK86N3M
FQLT6MAQ
OZIOGLK1
MS7G1OUG
7OPQ34JT
UY9WGI2Q
761CGO1C
8B725I9G
