39000
112870
47509
72963
101024
73784
71231
105046
65787
92858
13847
72812
101208
12581
45016
102217
93696
76813
38250
56847
93192
76560
80824
107960
105397
24187
106572
80712
33668
30982
23928
64117
101251
89308
14049
27321
11578
49070
10904
4500
65395
78528
82896
61212
55207
76377
13782
118539
6664
4211
43307
5206
70369
79439
54822
9384
11142
70757
4657
64755
3399
90364
42551
19952
29243
30783
41667
71434
29719
47551
116557
33462
115563
43752
5883
104995
77365
72949
65719
11981
27276
111526
91186
109754
109024
23030
115741
72940
115632
79061
75203
95351
74381
72376
49283
46476
10760
81756
100689
37290
15334
15798
65683
24410
30865
124938
1085
88232
7693
87390
65169
18138
19793
58349
47231
79209
113707
36935
85782
63260
114775
124583
38523
43600
4467
102216
104145
55593
35647
113345
51061
67469
102381
13002
29934
20640
82780
110694
83766
117097
64026
24500
94927
17268
66994
20697
122123
29462
39507
114512
11839
102079
24957
92676
112667
42614
74076
17859
66915
88783
101309
8210
90795
59890
103756
21003
50712
8116
85821
46807
48987
106155
49229
111443
80243
8069
1930
59539
45304
46588
23958
5037
47027
34571
114273
92962
83359
65197
123039
58492
91755
58269
33046
47178
110220
86868
8230
49607
47423
105493
113992
79975
114554
115928
29533
71008
80414
80855
44929
87309
62002
117970
43111
107937
31277
59826
4852
103953
52832
93996
70842
94151
103927
49931
45183
26189
115380
79777
90048
119103
20271
26584
78066
84640
22183
80215
41873
23914
81931
77504
98659
56852
106860
36801
48997
28583
56051
66576
122028
41094
101257
92595
41837
1964
28008
34046
11777
30527
37429
59039
74206
122395
47770
63446
72887
108132
103257
112136
116364
123544
60400
15152
106669
4335
64070
61912
34668
83168
103400
56290
92044
121215
61263
87810
34863
108448
112496
84294
437
87136
104486
22193
112290
97615
124330
48412
113348
71612
116942
12866
23710
47232
14949
57658
99445
115873
114854
62198
43352
16578
47508
93370
84729
115282
58690
111074
108370
112562
97334
108369
90289
96478
97813
83254
26201
56136
20546
113991
123177
17874
51085
6284
95885
39506
39788
114874
22493
80149
4195
12712
62845
77619
111391
42169
63222
3725
21118
88437
17443
63337
100236
33081
61417
47905
9641
10392
52842
46068
12785
54213
83767
90703
110529
94393
88486
3769
100560
54428
16064
75577
99196
2076
44033
92968
91084
36211
93279
50107
44997
64975
2529
47756
123817
117790
876
23996
96513
83861
33325
70763
50673
77397
76951
6579
59636
105044
65461
77305
56782
22722
57203
60970
71168
24007
35692
94022
5581
80412
44418
104258
21781
13356
68607
26169
66347
10091
106661
6910
35534
73846
97733
101824
95466
79680
21258
93145
73515
121766
91008
42100
53239
49280
14834
83486
15454
118850
123397
27048
26471
72983
30490
52044
96215
38989
2021
7181
99957
99282
114402
83162
109386
20686
82001
48845
65458
67506
77552
42128
116045
61307
55845
86253
68297
27014
16019
69969
114067
114125
21175
96365
77400
113
2545
104728
92562
41946
68560
17661
47090
117281
48985
5761
100426
8059
17020
33593
2028
8761
32641
90708
113051
52783
40494
43006
66676
48539
96592
85186
16590
101015
65093
67569
28363
79866
41267
54469
33827
65012
121689
100028
30045
58168
37878
22632
113918
50750
35484
15847
31881
123106
41250
2626
50582
77916
105402
88809
92359
95732
70679
83885
7723
100469
56289
103055
124435
106445
87532
34570
23107
69874
29621
6334
48653
14012
39525
14994
116765
23620
84161
100260
29611
91668
24830
93931
40809
85250
51249
80395
104957
83455
6333
52493
30396
50707
91952
77892
15408
53042
13
19385
856
88704
96724
9094
75493
51567
35051
74626
59351
35298
37931
78240
67053
89723
95932
40425
71961
67847
51847
6270
25697
93649
82525
82098
14892
69440
115366
58346
110628
20941
102152
9330
121335
114403
34626
65358
102707
85285
124962
75942
50431
39998
26287
19641
108358
37528
24737
58750
14373
13643
20278
23183
83157
30213
65261
112641
100216
19815
90074
45421
120045
61510
111877
104479
38287
102687
122614
9735
87720
90670
115140
80516
7600
51298
1984
4597
61901
41124
9659
3443
4506
38945
63887
6070
13026
83559
115999
113167
34235
26036
98813
41023
119447
31137
39814
9606
24462
90729
71778
28210
123225
32541
90209
86357
89742
114516
102921
36627
86606
100911
75169
22109
20371
75208
69908
93554
82833
68527
25451
22838
82534
36031
3681
79987
98737
68075
76543
89453
92630
44629
109698
32264
34808
28047
63441
72287
34082
61857
82871
42565
58532
32993
16187
33345
10165
18286
69480
74696
113736
99779
33552
34958
64397
7988
90627
46913
80310
61778
58995
35241
16205
14667
68431
58327
6599
56875
6770
113490
93640
58939
38300
85259
80839
12892
35648
83431
100267
42233
41845
26878
99862
32060
10230
7430
109053
83048
100029
105961
31741
12175
2958
30655
36677
33871
31863
54667
99932
93829
102584
71149
65723
11702
26214
23933
91296
12699
39146
23637
120559
91961
91313
38388
101358
71975
116277
11525
109084
49918
99305
27349
113877
23378
84544
50939
26044
36495
75455
86202
73888
86976
93098
18364
105939
115573
123322
8320
52496
107819
27577
123185
34411
21622
121408
64805
49700
90155
87471
82165
91832
21807
4163
87335
64210
8446
3081
61783
115061
45835
5060
98509
4654
542
65890
101743
37871
85896
57099
101344
95034
15693
72341
2247
67075
88594
62097
93597
79458
65034
72836
5216
58468
97983
61999
75595
115969
122337
123735
123047
104176
75209
73321
13816
91550
34893
84038
48056
11973
81364
114400
28880
2232
4373
19302
42842
68054
117562
91234
3892
103369
99281
84028
57468
23934
100293
64761
63399
45283
32451
113878
59180
111926
43192
114824
44539
63892
112565
29017
70621
20745
78945
31476
36555
29526
115465
46779
5844
83178
120987
99181
30745
114151
32436
40133
74649
67879
104296
47694
104503
4321
1195
67589
101076
38667
60484
30418
5521
109549
26769
117355
113971
109583
115619
39203
85154
113193
55713
8863
70518
29677
75100
59859
123521
107293
14303
118994
24297
25049
101416
27213
52489
64597
33501
82961
24336
76926
98354
55229
75719
43893
107436
67906
101032
106033
33352
11711
11478
1987
25395
51846
86687
85555
107970
103297
84300
51485
93057
30998
34603
18389
100605
37862
59912
77648
119488
84793
110881
105490
114060
83439
120922
105100
96662
123023
118509
32337
7079
72832
18559
116048
75373
40776
14749
45704
65190
39516
72863
78764
42327
94401
124950
99696
24235
131
65765
30386
10791
67200
43492
20557
80435
110586
22999
110081
80868
24351
23286
88180
4493
37974
73734
61752
26646
65593
124363
26843
110470
28652
19067
93037
90202
57855
76938
72429
16174
117081
2715
97177
64199
19135
104860
63674
61070
81451
99728
94953
57346
31621
13082
114870
26543
8394
107076
56733
107092
44678
25263
1908
35914
54649
80015
111399
107375
73704
42572
79742
82995
25063
92848
121016
89341
50591
10902
78409
24442
18495
18135
54565
19185
62879
46101
14831
95342
68338
103405
109640
89498
47401
95291
56661
106313
73441
29758
119933
10679
9604
46516
36285
116208
107120
10570
24109
54797
54162
63957
90474
18585
71447
123188
101067
3918
82240
111850
109634
22691
9557
87375
16999
81071
29620
56675
107843
79367
12007
78914
119546
41972
55459
45949
40525
53619
119040
58029
12562
43443
16390
103679
95704
20854
15678
116973
20599
116787
121263
38246
54683
89484
97667
76759
106099
96916
17344
72190
97679
16438
48420
9454
123900
107532
78110
81886
18927
110933
78074
12986
73927
1022
3786
61378
28450
1365
27531
46932
42342
22755
11869
12511
80138
89293
57687
24851
58584
27344
87917
83296
32980
15016
72145
9292
62158
108057
95265
66301
11924
39229
115742
36527
66421
108072
15435
123996
97486
56705
8972
114772
44566
43992
66371
4361
113861
17513
74072
71207
46916
11248
20225
110723
101873
18114
63371
1767
73300
81
68439
5574
82681
3572
111557
72263
66260
77246
74484
116089
87290
12355
22022
75202
49347
73849
82986
113029
38127
31046
107904
4810
42290
109186
84658
37222
34792
4604
46195
72400
76977
27785
62465
54686
44911
97448
46783
117962
85351
111073
57832
49891
40366
29010
82684
25087
96015
51210
51783
83262
54207
55067
77962
90120
43716
82332
61103
102540
70483
86942
61453
61283
54008
93897
50619
66436
2782
25323
98321
67728
33388
91522
117669
106865
2158
111949
100020
1243
92945
80786
36732
275
68595
94872
92897
112710
120665
39166
35840
83935
94467
11378
42858
39357
77457
60272
60364
38286
69818
53236
35286
22992
25365
93283
6393
90399
18217
37258
25015
56100
103917
19023
101360
115750
14504
71156
117654
3796
12697
7580
25693
41072
39541
88775
101043
19108
9099
28881
25968
57706
85769
121708
40652
108679
46239
65491
69012
66223
27353
23785
113822
89155
116115
94189
106530
50839
61757
36833
9068
25887
115258
112371
21089
64337
42430
61573
36453
102594
24388
37282
13228
42263
113227
73598
90943
86772
122742
88766
28911
95341
123942
26550
68210
96012
116585
17356
53015
83836
20008
91476
11757
30198
80862
63616
4933
95898
89537
45397
115896
104793
7054
67238
62299
27956
2097
1717
34339
81085
74792
20669
45174
75321
60168
54003
89737
51071
36436
53421
123542
86327
27083
54762
112273
33747
62703
63720
119687
73968
53516
20185
6439
70138
21733
108592
6904
104654
15659
120902
21901
75076
91245
5785
123783
94381
34952
35435
83865
59261
60709
112333
26262
19907
50726
55481
76927
36980
99672
100349
87828
44165
39772
73997
104203
121617
58347
52032
21483
89621
85894
104805
23502
14414
118586
95531
123092
89093
78936
84101
56096
3666
1253
31389
78680
64518
120550
95138
37845
14061
18311
124617
46994
109463
97581
120790
66369
60428
38160
12512
20976
78357
59328
110995
52700
71500
90375
90664
74191
17692
27798
1704
87726
113450
4446
116797
20388
43407
29045
75476
87630
28988
85535
49870
99596
6071
9210
95861
2764
74150
92087
61332
62991
120214
91479
25621
43961
91516
73178
99274
120738
117860
72663
108291
14053
73293
10298
57499
31793
36305
37595
651
34613
64139
45769
119810
2132
101082
58833
4479
69141
100152
121597
88755
114525
26899
119228
124434
87594
114834
15205
66232
74470
33231
100401
22663
35307
55195
100847
104797
73445
14176
88183
16949
70813
2130
12195
94539
110607
78415
40289
45690
106214
69363
74761
80107
79546
45938
104726
58505
25772
87187
88006
54251
110805
41618
83661
29671
109953
54911
93509
80182
32323
51932
45801
68934
56180
58162
119412
75764
22944
119214
29046
53643
39313
3668
38559
116521
96394
113182
118885
91751
14169
23253
13669
13288
35589
65400
35210
8916
106004
87175
88807
77300
33044
61895
31091
115117
32157
113580
19992
32099
50176
64708
122507
54550
91375
72978
100059
110191
18887
119510
100515
95002
58075
35689
64741
70195
124246
46876
94897
79347
46570
7390
53099
68382
106995
65521
3190
54349
44058
59776
47035
16616
33752
878
116199
43391
84828
185
76282
40731
75510
109352
64958
94954
27427
88126
87436
23528
120359
62561
29737
61664
87426
94312
51234
36246
23441
101971
123416
37749
14466
48643
90731
49631
107676
27501
89763
56975
67939
24116
108236
33351
77683
41906
89201
116924
23499
2653
100804
35773
5662
30813
93332
100639
56221
17479
109252
6957
12401
10027
44252
81173
88841
65851
54132
107576
46747
42092
38096
96842
3498
122836
47797
8120
40943
37107
123166
34226
97050
109819
60157
75297
77753
71326
82077
122428
62783
45439
79724
101395
123571
34740
106499
82175
38825
56357
54607
77231
4343
96130
16396
103765
23484
15159
84378
109846
14912
58919
54563
43093
52861
99993
118480
69333
117128
29993
81060
6743
50810
81670
111645
123846
3283
64890
123132
32455
13057
30521
51573
13785
117130
1413
115390
18178
46766
100528
72314
11941
12608
118452
3074
108571
29088
115272
27877
74178
25897
42107
31690
110471
83017
117456
27985
18723
15225
80222
22256
96027
70438
107723
94746
45379
119032
114734
18049
106589
68766
103710
103980
102611
59350
55290
55981
98177
72779
1390
124345
80387
108653
111904
39147
116693
77921
10584
10000
13999
7866
11189
123399
45805
11835
45265
110680
15144
5865
80652
82256
52309
47970
16517
64027
65083
9533
47338
323
10266
41073
5587
13630
21515
33794
64030
24099
67998
57418
14562
2710
15269
98900
77765
656
108360
54511
45378
68472
63800
118361
81020
50724
10858
12453
88940
9433
119724
38279
123318
43290
38607
18320
82489
49178
50636
22140
120860
58586
116369
89678
24348
22548
11824
124020
82526
69075
8900
120642
48916
68438
105672
48373
118670
16493
122903
18487
91494
104206
25754
121659
10504
100596
102303
7076
37859
29894
4676
68964
83102
8967
16937
5057
49473
11604
28761
116704
116312
105419
35133
74582
124995
19680
60899
100683
15889
41368
60737
31118
113755
33635
96489
119578
84292
100448
71538
120189
108522
90255
117078
94982
123797
52017
12782
55344
21893
97156
26278
66707
37446
98714
93878
9618
52295
11988
24479
86104
53443
12077
33840
25050
95804
49993
95423
31739
67795
66492
56389
123624
58421
121283
94116
9739
109240
17061
104575
80826
13723
36876
13552
19667
122877
62814
86394
45215
94571
33450
59837
6711
17340
66524
55598
50914
9337
92342
34602
77085
35226
23307
74039
38427
109645
8276
29539
36967
50059
69267
1806
59759
73149
87081
18354
61784
2959
91132
100317
44631
46312
7940
65443
91284
84761
76017
78514
3129
58886
123729
86433
104363
16284
39933
67503
89231
2315
42414
50020
92904
87457
118375
55324
24538
104355
100724
98031
61668
47652
109991
102865
93167
99732
99035
90849
92167
121516
54200
17958
123393
93516
87905
90576
28717
40958
98366
116594
96998
36772
87325
114392
95610
14306
70141
20945
45002
73524
105762
47125
111279
58541
58486
33202
3845
112394
13983
39953
85917
84712
124035
78557
68088
119949
61173
48557
74811
19973
54548
22338
4598
49961
84915
62883
55677
42268
21167
48126
20681
68495
120983
85117
1991
26085
88908
10376
34489
94346
88524
93840
44732
122905
34934
72442
25244
97604
101185
64429
107766
16891
41979
16306
64099
5957
88454
123339
74018
96311
124293
95737
105943
114922
63620
77321
59715
96999
122075
32846
120937
35740
96099
110319
80845
40833
11779
32428
82357
121963
83930
117835
14503
29893
67031
94436
70931
114186
120115
124826
10641
109865
86841
124196
3874
95667
57928
55931
14065
120072
86006
104290
108002
73798
28264
115547
15914
52763
33939
98235
94122
118903
90695
109468
52646
36123
72904
97711
60576
122090
26504
58010
4878
71984
113912
89690
14025
107898
69788
103843
79687
121160
94305
17809
65492
26531
122012
22930
33922
103696
54866
11290
54368
5565
87550
16454
111788
14066
19840
47736
60976
97219
10819
5684
100385
111195
9734
24376
7995
30377
117118
39346
74429
32530
81010
21174
46573
122216
97097
3309
46869
78420
104643
118744
19628
19178
43208
108587
91355
69559
41462
6882
101601
51134
62591
57719
115479
53485
59507
103005
90315
114307
91503
47818
14084
28756
57189
116788
2990
76019
96397
91150
110788
97205
98078
63110
77189
76437
97696
32810
99699
120632
67261
25368
14462
21474
2999
115434
51102
101599
40453
103525
29906
48363
90705
4291
122796
22379
17432
26523
13405
26485
47112
9246
21742
77617
65431
33782
110973
60075
120685
115565
122918
65835
50727
51466
43662
69104
81360
92605
28283
402
47457
63312
40126
37767
19555
54793
6473
21182
68999
116399
23699
32133
75657
124425
57022
122019
106401
68000
108823
119160
120889
23407
113255
108383
30492
13241
964
112228
93570
68549
92285
58961
29301
110120
30595
123144
10032
75654
116436
123388
55579
124945
105575
62559
70326
33918
97203
58608
107460
59880
37118
71768
25684
81380
29729
122115
23657
61444
3538
33513
114541
59884
108420
45144
34755
50988
25479
42886
71789
7444
23298
22465
87329
117165
52254
4206
98059
93303
110815
8151
110987
94710
82350
283
37848
16660
121527
35797
124311
81833
97356
81624
33244
68363
86895
37305
101751
116260
1464
36593
96214
2584
109006
100537
106854
47377
39286
68579
37868
102591
56483
120903
90353
74108
3723
107113
106121
116805
81717
121012
4292
852
96541
15247
41942
42852
58217
269
118605
15688
29398
7967
51031
94045
87768
11397
121810
33829
51938
46273
81333
80259
84706
17672
114508
55224
110988
102437
5850
66481
109785
84288
88179
46368
122421
77802
30507
100486
52909
104233
6176
87185
45565
98487
26704
119816
2971
37207
6670
116790
49257
49261
60149
117747
83454
119470
68606
115455
87608
39514
98252
54133
100512
120065
32660
5276
53242
94604
93079
32805
100441
80593
70103
95163
70167
76451
114429
4444
91606
47635
124784
38186
65938
102583
74734
3778
114909
33273
5145
112813
53288
62134
55647
67576
79955
107398
59896
114436
35565
66324
12820
62410
108735
91289
93353
15079
90727
114884
11801
84389
54961
81255
66838
56515
64656
54873
23948
72167
100810
238
1083
8286
85659
56644
4494
8209
124051
106564
25090
111529
49243
43266
45033
23444
45332
86416
94300
81042
110775
71901
72196
84965
119270
65637
37121
95347
33969
60933
834
71273
16725
2218
60743
73707
9358
33031
71709
90675
17254
111750
49402
61630
43531
4625
82463
42285
99803
55
60844
3991
124650
34118
111932
103778
44463
76983
97875
106479
90447
63867
115902
37914
17051
105720
73267
76048
56235
67872
671
31754
90126
117815
27021
116266
25226
28317
95982
118481
108258
33892
87869
73314
29538
94264
86004
29638
121040
115537
104926
107423
67004
84209
11836
102812
118259
85245
106726
6868
28063
27215
111677
8924
52873
92855
88815
91883
68783
16341
111353
117259
63580
122371
115598
25569
2926
310
11374
80609
94855
100321
80901
53691
38518
94572
98563
77019
12528
122537
27400
69903
56673
106874
58834
19148
39665
32251
92724
58990
54159
60245
12034
33631
44014
16120
34828
107762
40236
14707
39293
56800
17705
60269
115226
96278
59204
108611
96955
13884
47359
95181
64993
41453
20790
75271
23779
31427
12347
46813
24799
67074
16507
49228
90947
12048
10369
124821
20852
46477
108767
90305
76916
74268
109948
107805
19709
54007
300
111827
27043
97876
124461
61923
7269
11122
74208
96355
43023
41857
123555
99744
17628
119185
115449
106466
4214
95117
51691
123064
52432
39531
7481
30923
6048
62398
33776
79355
57872
80051
5364
22092
61891
113210
24615
50295
71884
122987
88257
53105
17167
28442
77015
111956
31453
4966
110713
47350
13428
118815
62426
55020
40743
43401
123556
74455
27996
43104
91228
65985
59876
4127
32080
118260
71112
9593
95251
115417
111928
4767
75282
12382
113507
30341
98201
25845
119771
94497
48115
74735
109162
102109
76056
35943
85135
35510
89983
120998
32426
99499
93900
60453
112109
68822
103992
27622
110740
64585
91987
69300
56158
79087
81928
10612
11765
37114
94734
69790
110008
28706
112380
17009
44625
86538
37384
51009
100709
24862
22783
44532
124013
85922
6517
74213
118396
62264
101138
18011
38159
71162
11432
12399
96928
23495
37412
41611
121988
117959
12022
67144
118545
24822
29367
16382
43138
81770
63130
20332
53755
22271
67916
95197
75038
39409
69829
34587
8202
87599
96495
46278
71558
79270
5486
32799
67342
108690
123752
1377
8062
8470
1264
50651
47876
33464
11050
14768
61240
119673
8330
70366
107446
32272
23199
14720
111128
56167
105131
79938
53010
121549
29438
117582
80745
12156
91060
98148
84872
2031
87624
25724
38999
29306
37535
92138
84068
60422
111294
55082
89880
24196
55685
21601
57270
88423
1952
83073
55999
46218
84415
124343
87774
71098
75649
79978
74132
112160
89491
115394
75543
4899
63978
66291
103706
25685
96308
62207
52838
59298
9207
47722
83904
49774
33385
54169
114361
24583
54770
120763
93205
48252
61186
100816
27285
114196
5225
43570
96642
120422
63859
114624
27035
43269
10096
26332
104994
32414
73188
117826
106559
66387
96853
107129
29708
65109
3412
110679
95876
73623
44739
109398
107414
111876
80101
29835
119598
50226
54298
50150
122388
94777
25658
114002
50219
111499
60524
41890
61894
64134
88966
102639
22715
37320
106333
314
19797
60820
18938
110350
15425
78542
103065
23061
118130
70692
75694
46510
57964
73685
93763
46105
16558
56774
60818
91081
5076
41913
58998
6502
119119
53019
49915
100986
20701
121077
101114
38337
73211
5678
6654
119928
39075
73724
8565
14811
72184
111692
31106
99873
107187
32160
32889
12304
114893
33058
36910
60959
8520
99795
51021
82413
98568
21695
103280
18680
83351
124359
75058
63584
36229
80403
50224
44006
115704
94054
45964
93693
3233
78638
14900
35042
13973
38892
45612
33888
36389
86155
90349
42215
61360
108205
118992
54637
121761
26574
54187
92011
78339
22817
57011
86872
94892
74313
82296
82224
81733
7241
57318
34929
45662
118535
44922
105477
74893
96518
13160
99352
43824
67442
41121
34790
40778
91780
119440
82112
7230
114191
120239
30765
79414
68769
82965
8943
47776
21561
84456
49052
27454
99108
12454
121683
115745
3441
109593
10488
6722
11717
78151
60160
23200
20847
21203
105457
55744
1036
17948
15662
61512
34708
16930
81969
113667
26814
19945
65008
4729
32795
20707
4492
50545
91941
101378
8890
28483
35285
80836
109074
108997
33924
85210
95413
64594
80506
72992
21266
55085
107840
24368
15364
65668
77645
23346
30929
6668
5992
51482
31398
19349
121036
95402
29092
74281
53392
78513
117606
103
44991
48173
6800
31521
61093
103948
53667
45318
14316
111637
113344
96377
99620
42201
103443
76605
51709
99482
77037
100893
90651
31470
17739
95469
32748
18255
66003
34960
83547
100862
32998
65679
91706
124280
94495
66198
77584
47901
18686
32745
53116
109979
53649
73991
6565
54053
76288
32462
16527
61413
43279
93109
84802
63670
82814
55771
8146
37651
89257
89980
62256
111887
37456
98919
61468
92072
43127
101124
12622
29603
103582
2905
72999
21528
17426
26992
80153
85684
52105
57079
115670
108150
101030
116550
98335
13530
113862
19232
32313
115098
112
24532
116185
68212
110273
119795
9357
61322
76982
6168
114994
51612
86425
18785
54241
37150
84579
110864
89417
79417
102413
68354
67932
14681
33083
6951
81985
19742
34069
43516
88658
105023
81997
107400
70994
55358
3716
46845
81307
18629
1323
36771
47331
5800
82177
26701
89614
105318
80329
30610
103358
71019
20605
762
38729
91631
698
85545
94109
103951
83088
7810
9592
78027
89622
90512
51270
20477
75564
59922
123112
123625
76565
56191
72763
45526
90783
85718
112730
13565
56574
4369
85903
39813
76733
78366
93647
27534
36868
22979
65866
66039
18594
52238
123875
57540
100476
33042
122843
111014
44394
112897
69924
5086
23991
43078
23259
27525
120621
100685
36669
69775
20770
122447
82879
20535
26013
60314
86444
2450
18822
64289
124040
1120
88430
46381
106050
110264
113651
27121
19979
122335
91991
86971
40872
77984
14113
113838
55711
3402
77377
119201
107199
98678
75180
35543
942
108137
83552
105311
91350
91536
68511
20419
82758
79707
21707
18208
14555
85549
67510
23373
115960
66796
30193
28345
13990
40557
15000
97226
19932
60521
120910
77869
108093
78842
12998
46621
73880
97342
25973
116565
27125
70098
85885
28595
4068
109476
68028
94361
3298
39995
122249
96837
111520
73493
1980
62925
63535
71806
13012
2841
54454
83497
4172
96467
122673
100548
3997
75563
35614
2859
86005
2921
15931
102761
108832
116161
30426
104955
93797
63343
67621
107432
86458
22836
18061
91548
124382
103636
99515
94957
102219
101119
85216
27396
66766
73584
23135
21151
48655
110977
108377
27399
62180
42486
84934
71176
39364
1909
67257
56016
100658
111826
63934
6079
26341
77828
57208
72050
33229
112040
35428
77585
117845
124409
57808
124691
60340
121108
73052
115824
98254
117768
103178
17123
49935
113906
112987
50487
44976
120741
112962
55538
119858
39029
1546
105435
115561
6698
41010
11986
96039
31834
8211
88526
77602
32220
69667
45506
9087
50500
17892
95716
120497
70245
9947
113593
107012
3103
104286
112601
85878
77571
78558
113352
40972
81238
71010
94318
629
23134
62115
18469
50754
66140
76546
60394
18238
48291
29662
99961
85175
110294
53984
42336
6510
21834
17827
89639
45758
109998
123043
40119
88449
101992
54591
34137
5248
21752
68793
83817
60147
51159
101158
57406
62109
67706
36757
79824
16973
107438
62419
70307
75660
31748
58744
82634
22363
31879
6402
95999
4863
97388
56119
11429
32789
52570
111025
62874
5870
75147
73221
113434
174
15993
72896
117688
85941
88951
75125
95692
15379
32531
42217
44293
73680
69501
92423
86782
108424
25259
5481
86830
124413
47745
61214
88163
87339
115345
99375
19367
15506
104439
109543
102820
6091
92299
109987
29827
72881
63542
33204
113931
76956
59777
52314
113515
59630
67536
34261
54346
107928
86063
91324
17613
2676
30536
121220
92461
46370
123376
107014
32057
120526
27780
10142
93912
73752
102511
105745
121923
93430
54456
26994
93633
7141
71127
87481
104750
122195
78783
90801
80509
82208
48903
58621
70059
100908
528
120114
50367
22327
24563
66509
121209
39378
97074
43828
1490
18605
105081
31429
45509
53211
114878
109156
78712
2357
88938
98635
93170
2879
113686
16085
51812
65735
89923
69375
17910
106747
81861
4663
13323
71404
30669
10537
55306
41778
22042
64978
118881
4619
6495
27824
23536
59230
90056
100311
82115
114489
117030
122218
14180
46304
72074
68968
101518
35162
51622
113965
23063
15606
3645
73791
53869
77711
20354
36416
60124
52078
92169
89271
29394
65071
8766
78952
113132
44381
37890
94849
96574
95098
51744
51908
89300
47747
30514
59728
50665
62868
67854
91358
73709
78538
17182
41481
34566
110250
17881
66598
65096
37297
121852
116414
60271
24574
88201
29070
50214
24716
81517
48337
2718
86520
40894
39217
123060
78921
71623
118527
75587
79928
105606
91895
6986
35456
27667
37614
55730
53881
45351
1527
110010
19671
16545
47973
43248
22100
106836
55817
82007
122267
79872
26950
47741
5718
89094
88601
35738
7205
120618
66322
113669
347
21794
39183
116209
118445
111779
34329
120039
43027
90777
58412
27850
35417
12776
5562
112595
63051
6905
92211
8852
39733
35984
28683
44941
80456
60789
114473
59229
42471
70862
67049
73535
5181
115646
5144
24630
29255
110569
42183
91933
65962
104199
68462
114626
113750
18218
73681
12298
122467
101930
121745
58167
35746
46774
23909
17351
36741
33019
48498
85816
110831
106084
37896
114810
79533
7895
71317
12426
110002
26733
110141
66602
55104
39402
28086
96058
124282
44554
111497
64458
115887
9296
38320
19372
52161
113503
6129
4818
28853
93718
79472
21472
42954
28617
92012
66115
118387
82543
50470
81028
33798
5736
50941
66597
46020
10688
110129
62917
21284
3832
92386
79884
113155
123187
108416
61025
89893
41541
99626
47210
90552
88190
26255
89165
86936
116378
67332
89779
7603
49195
11935
10992
90477
112355
80967
88678
6254
110639
83197
36475
23251
55633
104283
100597
116385
43643
116124
74165
97843
2443
25741
84682
121626
4841
20784
74331
91336
39887
110875
31507
7310
31384
21464
93010
91766
105642
17071
17857
25327
50417
108167
103508
117038
50241
66586
30506
61614
49964
35021
67999
27973
23799
80440
59040
117468
6140
64962
99953
43970
34925
24355
118513
36038
18395
70728
58558
110147
105207
114183
114328
12213
22816
30265
52319
17869
81251
5814
73393
3293
124904
5128
58241
3609
181
43333
114888
47669
114081
60004
19390
123551
45306
58642
103450
115886
47113
30566
108905
11261
124080
7186
109659
12379
31300
84410
116556
107820
90319
9590
95481
37476
93008
66540
65832
86758
116313
117525
53123
16494
35803
40577
110994
64732
114384
122386
68346
117377
81793
25190
61984
32831
18000
33856
83962
9738
73135
42915
30454
19862
88203
45897
18773
36045
35956
9651
35619
47044
39224
89325
37235
13593
91349
49519
79698
41572
107893
11888
46414
52233
12762
106172
107796
92692
1489
99249
59969
75464
73421
59056
7103
27223
5423
48900
54852
5223
26420
93163
63885
61400
121211
26669
8130
115972
30991
65728
111291
56655
41317
23667
85237
55249
119173
105437
64886
106991
77121
14773
109635
82990
65539
112956
37119
39295
479
124517
3092
20429
31929
64903
81590
114889
17380
43350
9857
71461
97523
114072
60052
46122
321
82376
18124
53040
59742
119491
103146
61899
56824
28899
86503
124571
45742
100554
34188
54338
29035
113250
52268
84696
99900
98243
76442
16273
30863
28829
93555
101841
100132
43346
61114
39124
122789
3008
38265
59748
80350
57581
26444
21021
74492
55954
8425
117029
21101
23411
90797
68538
8192
121815
26896
2217
36618
83651
96778
29773
4259
94108
121425
18657
75348
99264
117741
29938
19450
75028
115655
4627
49017
67695
122612
13172
111272
86504
52313
49156
101098
59093
75238
44703
77935
101372
63246
48429
9121
67861
71297
41998
85087
118804
98056
76948
124654
55213
106731
55137
27989
122781
60438
91570
34887
60851
41490
22170
118941
56481
44540
116663
50003
7832
80328
67108
6620
59361
76393
78141
47091
56838
78204
82908
57903
69586
47803
118554
63126
28151
36623
20165
21814
1632
102893
106196
54438
57390
79980
119439
17416
44204
83283
81914
21776
120878
11743
28396
81982
68099
69843
35335
46439
52363
46664
111563
91549
111831
119913
19691
23280
5899
87184
33927
41714
119918
122171
108604
27282
48401
94607
32174
77533
95199
16365
2292
53694
98389
55040
21799
69270
36190
53745
69093
39078
66243
28407
107949
25729
97396
40350
28633
100251
119531
11223
65277
73894
14060
118974
61939
110287
90976
8506
44888
89160
66334
25314
118486
104223
116181
15949
25366
4074
15403
51359
58858
35294
123780
75479
77951
124512
74160
102521
72008
59927
115371
23449
63351
85955
18285
19483
4583
48771
57568
83754
108668
83345
62359
22926
33439
68490
106334
67705
76035
68277
11864
103749
76609
77129
42345
3630
91450
27328
31981
32996
13689
66978
107834
95753
85846
123594
29577
93258
72789
80843
109086
45669
74230
103933
23966
57094
74825
92116
62564
77513
76016
118240
121942
113118
12692
33228
23312
107051
122360
46636
41154
17745
52793
4037
20361
102302
1694
112646
18382
8015
97619
81168
70337
68341
85876
102758
18324
78963
58020
76623
76872
105366
89623
117754
84651
50797
7686
37388
15750
98250
63385
1127
106286
37403
22397
50937
103200
90341
92526
87232
70405
107730
54340
115963
110279
25623
73257
52790
6560
11276
35995
111171
54492
67665
38205
92875
8732
41605
19857
39466
35526
27345
21584
74931
10848
71190
71794
94417
27315
28750
22290
32424
101853
87151
15528
93524
85611
99635
71875
27875
18265
88636
87245
41311
91575
123712
98041
11813
10386
100116
41102
6359
24611
20175
115850
122927
31135
64481
960
18137
50193
104352
22914
115979
124580
37536
17539
32289
53347
107121
78644
28187
3385
37127
86595
114240
11838
26533
28738
18211
115807
3722
10180
10006
47372
49992
53931
73304
85019
98371
109809
24958
49306
3928
53939
51089
66565
72857
122761
101203
51252
95556
40855
45803
27305
8335
25856
93892
9192
74186
35129
66828
10332
56187
111815
27098
23631
54191
10585
46486
62467
110937
19534
109197
82654
4476
60968
105364
1576
2924
10860
102020
66127
105020
38771
67582
47733
92037
13836
59750
97274
122083
9952
47512
80907
40771
43644
69550
56811
75150
111169
76098
106689
64256
100444
99214
24710
57529
32390
15223
51489
25544
21855
108103
56914
59709
80931
113393
110270
51652
108642
89813
112443
59313
61
95909
105686
51848
81474
22430
115859
82912
122484
8487
23252
79485
81432
112519
85082
41841
13221
7173
98308
7209
71910
22639
506
94456
94027
13515
85957
38499
19825
30787
30096
18048
94419
118044
114478
80023
119544
82909
96402
34055
30646
8826
48225
99935
93883
43845
85068
63911
40928
2034
33997
71868
99885
903
50359
12055
25248
86497
28339
17610
54754
17364
86295
24383
7331
69968
19373
26721
29025
103106
60944
54827
122326
122988
87324
81815
38614
17963
45180
121805
119854
3784
82623
88998
68936
27186
67865
54585
97922
70770
26826
50155
83125
26689
24656
78262
98126
76601
13881
105006
31282
50508
56793
42314
107742
101285
111380
21573
101287
50294
51028
110055
116205
73617
90548
67368
24827
30912
1891
45398
113479
32583
93321
77922
44802
3992
118696
48551
81755
111527
26289
8871
49584
71845
14216
69019
72589
56626
2567
90807
93548
20540
10181
71665
40280
40438
9813
48006
114575
14558
116187
57072
82068
29809
18034
122689
2323
118354
61962
87923
5592
111664
100734
40161
67600
117515
68441
30829
68927
88479
23162
124587
18514
58845
929
61731
119955
4085
105227
18334
102015
117454
90981
80989
102255
31703
99106
38702
102036
83797
27612
117342
123502
34904
86008
52645
60962
69692
118488
34859
24707
24607
74221
76787
94518
120611
98894
116444
34700
114123
60902
118366
107062
23077
23997
17198
99082
73644
69288
58021
46505
12770
1115
112209
23846
120775
34815
67974
12574
78873
24499
120610
58370
106936
59123
47940
66204
119273
40183
100960
11111
21164
69965
71686
58550
32008
96260
58944
42675
82754
78337
70207
8784
86109
72528
14748
89317
112098
48908
55720
91858
86313
59463
29331
62222
112927
124999
83228
85409
18552
100344
124160
51463
76831
78407
60134
33731
17396
7753
18046
101019
30095
36359
84778
2414
2451
97399
9444
88928
83266
87302
25201
59212
101044
99918
29019
46406
118964
123591
77943
107859
45986
118731
26611
43518
76005
47244
12903
115626
45246
37577
74094
11668
105865
34554
48096
42782
6104
11579
18827
36591
74205
8776
109798
5412
4881
111720
87052
69915
58127
44789
55749
72181
66777
121345
69324
23424
93111
74783
58812
118615
39368
18671
55878
76840
106331
13563
101662
80059
123691
35967
66693
40307
61367
3705
65628
110330
109190
72421
107452
88319
41768
42109
57823
26077
1624
74456
6299
41673
75985
93417
100935
91475
38755
55130
1211
78630
29585
99874
111316
45080
55352
122336
8509
89585
66842
21279
93702
88146
17023
63802
8743
60650
111390
87681
18207
44902
5620
52202
43636
24273
96419
57863
98862
5614
95079
75491
117628
97491
67455
78214
67769
120695
79471
4324
2909
112435
111799
34496
85979
34464
29573
31064
65381
69952
93140
74527
59162
74583
5804
45574
38725
39670
85577
8639
33923
102677
123258
120262
105296
89912
54829
45513
92933
83940
43330
45400
90904
43890
18484
12319
71923
124685
40474
110167
8965
59090
7330
59371
42639
18332
114235
82012
54614
103138
21780
2303
54038
85839
64586
24088
78335
25810
93133
80303
92790
68661
121849
39572
89367
11077
167
114524
118390
5644
108725
104297
111027
64298
69962
83405
32259
8366
12772
51128
33718
99609
70365
29119
97852
116962
31980
95008
20141
41670
101418
97253
39175
16253
14100
74614
59693
98917
61701
29726
24447
31003
19516
67683
835
25334
118508
69044
42361
123159
77977
61609
86708
67636
81249
6659
36450
118543
113608
58870
114826
47374
29379
112631
111502
39535
70632
43064
94844
109719
62647
66107
33670
76211
74836
22215
46749
55273
11497
55412
21874
99604
111501
27806
3455
79502
46668
9426
91865
53395
91447
71877
118495
14623
91471
105162
113497
34561
38330
42304
88250
72918
46921
26791
9807
103370
11409
92247
107879
32287
118673
35411
84566
17033
107006
109155
82624
22559
73992
37362
79705
21684
104205
95147
102854
54405
121967
69686
91327
110613
68857
108129
77410
92817
84079
25708
67199
84506
22664
103723
38386
44124
108798
50603
24052
110533
59523
16230
35655
106885
107953
112741
16662
72892
47479
15984
118612
77458
119052
71607
56870
11258
66808
87852
28231
5710
56790
23676
400
24122
115984
123254
115081
72808
117896
99926
37948
59760
108308
4403
35905
88999
31240
63870
32300
94636
5375
116591
59075
81673
56558
108849
71618
80912
51539
121366
77567
58554
28859
111154
10708
44810
25692
30124
79242
106811
71308
87916
91499
21110
58682
48610
33839
52682
25042
89090
74118
73180
108531
53893
22742
107202
43034
9308
1190
77515
33957
97260
116075
98187
76834
50886
32042
111929
76445
3131
5602
119229
5453
111860
76386
44622
90722
77932
76965
102830
42821
34441
34905
84371
110299
47740
88118
26923
2525
43060
120243
70915
39118
18466
69082
24976
103673
23304
77561
105139
14814
74756
71291
36383
71636
23040
94008
6045
122721
67303
124036
105994
123747
87759
29427
62575
108221
43224
19024
32165
5347
122494
69817
117349
39730
46175
86057
14697
27620
116979
45289
124075
77256
82751
34086
40812
6603
59299
62610
121020
121890
68755
36342
40517
73000
43116
8014
29516
84653
121769
49972
12744
45622
74653
79088
13092
112258
11200
110952
86904
43678
25208
11857
56118
89877
87946
87666
54158
71346
21607
43310
23565
104382
42938
39623
121822
54083
24260
39743
93464
104813
122067
54010
23990
22604
42881
18226
46847
68942
91301
31113
18489
112722
582
115735
123937
62700
10820
88103
84052
96647
13955
120442
22368
53163
119251
53744
30491
35708
44126
96317
53498
115037
4760
102443
69854
52027
88538
116599
34556
70126
13231
101561
22699
109321
17668
100077
61067
57882
108677
31172
16560
44243
19379
77686
32000
85110
119300
92494
116799
10897
38075
104670
20017
50383
54813
22757
16244
101913
63073
1524
105552
77947
95260
85673
35397
63019
56102
26544
116989
29172
83630
18084
110945
83806
110826
38144
58408
69766
4360
118373
58552
69250
118324
83555
82159
116517
37739
7496
50491
100590
62751
56385
51287
45399
106253
13621
57316
51851
31766
92311
25761
86092
119539
1015
57043
93605
102240
44474
11139
103396
6927
79977
110855
45694
24965
50323
79691
107380
86656
56246
97686
1911
5275
31275
24060
60301
34155
121962
121042
30905
106659
34709
80988
109433
100635
94772
78402
100420
48301
54107
91041
25540
90190
24987
41356
6514
22905
6501
109483
12728
69080
76681
11483
15030
58317
95047
8332
59086
70602
96336
25978
99718
106618
68332
64441
40745
5924
20916
43421
92659
39855
48681
25452
29365
83091
18399
76080
47063
61097
89364
67550
24182
4284
123864
45154
108717
92882
79845
78845
29898
42706
36268
24102
99534
48967
90851
8719
46892
74552
104865
73269
17606
30438
7383
103928
101148
21248
87243
83685
44268
67083
92821
77500
27484
122533
93814
3592
94667
60545
91694
47333
60080
67659
39153
124376
84166
83636
117050
90265
62024
34940
70446
95407
87773
117799
94212
123658
100291
44937
47934
38981
65315
66941
47307
2993
110237
37880
47076
68552
120035
28805
16715
25641
40318
102561
42204
93255
61963
55717
93919
124906
1505
88635
100885
65281
2693
34380
91732
76748
4647
50662
12415
5984
63153
50069
88798
107478
39263
44887
106338
112953
62819
109232
9691
6945
124602
121541
7238
96967
64019
79144
14326
71491
110571
84211
62901
7025
100813
68239
32677
14780
40322
21327
64182
10937
116140
14013
29107
57259
110102
115997
120384
123686
26025
11282
107149
40290
90855
234
89604
75176
80759
47710
58251
23233
122629
84447
72229
85022
74038
112682
13093
1257
58247
7618
7422
29069
84911
13555
97168
108028
77018
55503
99322
79353
4378
23854
41019
107078
74336
71159
82331
20587
32193
64909
64358
2597
13295
106097
100765
64650
4770
24686
19400
95445
97984
7458
76680
83389
16965
14888
116562
15493
122462
90804
43262
106607
97687
42768
108107
43528
29381
74971
52190
114767
7066
51543
61221
14800
21390
105929
91604
123631
77269
91984
60812
10042
117703
122659
689
119622
87262
54391
122296
35644
21990
51349
86131
15143
90192
64517
85023
124523
85872
53630
73090
1430
112961
41795
68496
63686
7879
17236
49620
17231
61863
2712
35405
13952
103786
119104
21366
37187
113782
65280
24274
45
55495
52057
79363
6747
32459
82979
117045
106187
42484
114075
120312
7109
89322
89589
72849
56403
24633
54490
53274
40573
101517
86140
40139
106928
123379
42273
38924
104019
20747
99590
67885
41871
81809
97062
122149
123784
91527
30329
58109
49453
102435
16927
90768
26114
65165
83871
85275
39897
98856
35992
28189
115796
43960
27009
122000
20927
68856
33587
99086
46207
90799
62799
90049
30102
102571
43635
47173
9096
71803
1335
86844
27626
14055
62525
23988
110912
70371
41824
83265
90945
89042
46831
30759
12729
98586
67515
72719
40489
73486
63273
66775
87845
10061
40065
122982
83446
108583
9880
106675
116899
119136
728
124081
16879
18273
39902
41726
98445
96632
73428
67633
26323
115663
90432
63483
23541
61472
99271
112968
73753
110944
5156
6354
56499
103570
119831
119970
27955
45502
68830
68700
45781
40526
74990
83519
98534
94431
121929
18398
103658
76142
110314
116477
23876
24398
78227
104149
14382
21417
72713
69531
4586
65229
1995
93506
20184
76305
50327
20131
23237
85907
117519
11191
94342
99094
94945
35009
51168
35423
380
573
16671
88947
39681
92459
88505
27498
53828
42145
120582
34802
21778
15372
63664
36853
9758
9048
38252
94066
18856
59000
113431
17710
123102
69278
108501
31935
53775
6369
90291
114086
2704
86857
39765
67667
90700
121750
116239
55450
14578
71519
9404
55789
121818
23457
102035
9008
102564
114404
8504
38415
67868
111539
100379
25074
34387
95906
72891
59406
30243
78527
73075
52219
39519
57424
57673
63409
101536
124222
34950
62544
86816
103852
67151
110480
4793
61449
96659
1693
64511
34104
13226
118326
49455
4949
97023
35685
72911
56496
63873
66183
60878
60357
65858
57886
26052
36186
93406
106424
5396
107167
118392
625
83826
34579
30852
12353
121907
81049
79470
19537
40908
23840
81993
26906
86199
63901
108309
67204
27658
43725
104165
60334
52151
53830
90618
117487
9222
90641
81949
41246
113061
26442
83922
20802
64587
69247
81791
67147
23509
62453
45872
43160
1148
84373
110047
50469
85633
109210
36963
106830
5715
102524
68874
78300
48714
96465
34175
48816
69756
57793
90977
49662
100186
80421
119615
76964
93811
107429
123525
90005
11545
91792
68288
118837
42823
109221
61715
78167
145
63904
87728
33619
36804
42402
29154
80016
28027
9587
1357
16502
124344
63263
77775
20350
74867
39818
63683
26091
103003
65472
35608
36530
7745
111199
16490
109540
114931
69127
87790
39673
94400
25970
89103
62351
24740
71234
78135
29218
120711
5977
27711
21727
54908
34936
77216
23174
94181
113446
55044
117696
70572
60019
23902
12976
63678
122244
84625
19864
61986
85843
60711
112009
19032
115121
36607
37149
57653
63034
63449
6488
53948
77024
22375
52486
67169
122425
9797
22232
102936
2537
98667
56647
59816
30423
13308
80555
105395
93060
2686
61590
80890
8274
117013
64071
121498
2781
28434
67016
96010
741
21853
98193
90774
24360
106904
25504
5834
74314
33466
74858
113730
102118
111633
24506
108856
25236
28276
1266
51621
70908
40568
92142
51534
14721
7692
95028
100256
122559
122653
40918
54252
70536
12755
90045
55703
69236
78596
103330
87880
891
117994
58592
22115
86299
56436
102985
76773
36490
55348
19341
24576
42286
73132
25954
96241
11107
40753
118051
78653
12555
20551
17348
17357
56576
109499
7478
63411
73563
117015
103924
52513
62417
81389
81606
116987
119135
74481
104454
60189
67096
115782
83189
112303
75897
50043
14635
41056
68890
44164
111880
15268
92550
70186
53779
35352
118394
24687
4089
103372
110597
58780
110506
100141
59850
57235
55861
113110
24474
95308
73152
7087
36960
25530
586
56438
92746
105206
24006
114514
108361
4043
68317
107228
4722
114491
31076
67801
58449
3659
367
23621
123935
35643
32458
76274
10387
105123
62112
73972
111039
87448
84858
104323
13314
88264
7660
47642
123173
90860
97422
40469
100896
41619
116519
5544
64466
30172
10244
64419
83119
71106
47366
5636
36459
37044
59081
37285
51955
3773
39079
100060
94267
50607
614
45013
2560
122105
34039
37961
44023
54477
117278
95090
58903
78900
47792
46625
42085
29429
119867
39840
42765
120023
33878
29461
75691
15118
109300
40509
105586
67843
84187
63543
66059
85192
15863
124644
97531
57880
88316
110214
6971
92286
84174
82450
37622
45200
65617
61681
78721
47302
8704
24352
6570
102604
91893
48392
21463
79336
107271
19040
99979
10852
52562
13250
87891
122816
27854
108087
49657
23989
46910
61180
104047
119805
104736
100393
119560
29161
20423
110650
124358
116244
78583
116719
36252
68731
100632
67947
113621
76456
119678
101039
97633
34684
56439
45545
17771
47966
4215
107692
45926
118799
76895
57394
88478
8032
112306
94795
113307
41916
63706
94879
80274
72243
1340
7624
37708
110752
120768
120994
42309
76848
2379
10779
69804
26414
102395
75867
110417
27936
23843
61612
84886
71707
14195
110620
101132
93472
111578
120358
65927
114284
34685
109018
34172
1790
84029
46893
100631
98930
23942
94354
83177
15449
113652
14636
95778
6967
14215
108797
112174
121244
62178
49858
40547
49501
98441
9482
77164
84253
90366
50656
20014
115215
51636
17977
72128
62022
37486
53014
76864
22624
110687
5698
6914
42901
101336
42651
58766
20407
121662
121184
24768
14864
108857
87200
71948
6261
117988
116566
28614
73443
123915
10019
31817
35748
66062
15930
75190
5152
30896
67291
122498
64506
22226
72964
47846
75896
90766
481
94717
112257
89802
87410
31865
69184
72264
29458
37310
20779
69084
21997
77498
31942
80909
9475
117425
113406
11913
22804
84406
61405
105242
117695
45653
2846
340
118014
69940
36944
56280
50586
81893
32529
82985
6485
54896
124708
49112
34840
92879
107233
16161
107876
38468
3744
48537
91083
28220
35046
37730
73231
47386
33311
45261
65208
74502
37405
65004
36395
70095
23612
38762
117921
23908
20250
56041
98812
108818
102851
13616
51391
39363
36257
84189
43408
81443
44123
26858
51143
103830
36162
56991
54901
93905
80785
115430
72249
107038
4986
47580
41935
53136
15967
97126
54046
16195
86171
66895
53590
74027
99810
83809
35713
108099
102513
51323
82768
24883
1229
89327
2401
43100
6028
45821
38344
65703
67175
68872
101450
119225
113642
85838
3707
66533
89727
118436
45373
43950
90964
72875
2779
60487
64107
51915
20894
15585
19565
28506
49547
26718
10932
7305
58793
27904
3952
53719
111158
64695
76281
12005
38209
123169
70475
49319
95656
29319
46851
82120
78235
20657
118221
51171
122307
83378
2654
6278
5376
14808
47504
42792
85316
65729
12376
19855
44676
61399
58865
36563
91979
80758
729
48463
124292
39515
60747
110943
37487
90897
85953
56735
56518
104945
65429
15339
47030
100852
15559
124269
23
737
1497
775
29210
109608
8316
28246
55202
26015
9123
73397
112479
155
12039
96184
65159
71352
71408
34165
84140
107366
4643
110642
87432
10627
98497
39906
44614
107853
85013
56472
44487
37253
60980
100418
50102
21445
72717
69095
102974
95474
88084
118067
108426
110468
59417
44465
25787
122962
84467
65021
39817
97443
95500
100099
15957
48587
30725
63846
87404
45810
84841
2274
26954
77421
89565
45571
104088
65080
82662
13698
115320
19470
33162
13269
87402
55841
11009
90027
27694
16628
87725
8086
73895
34223
92343
92192
32843
51059
118649
114408
65608
48415
83139
118865
43679
11840
102698
102968
14072
113079
14008
92598
73072
38401
91264
71872
78
88436
16875
54945
295
57898
61712
110725
40239
53354
65399
8968
12536
110596
66735
63440
95708
38315
58653
87263
91279
64094
42958
87025
49605
95933
49689
99034
117597
51316
56823
95383
113263
114318
52996
8173
30854
117154
106570
18631
3058
6888
117102
40685
39430
30844
83620
96711
46764
91117
108281
74089
6555
103484
121080
64788
88825
116925
56338
123717
65470
112037
97701
69021
25651
16460
41140
46328
87459
19995
88822
31104
12166
10026
24806
113095
81193
63931
50957
79053
22820
88317
27982
36674
99048
11680
66873
82939
85413
64476
35867
58187
107059
35878
11194
5950
72617
62225
16131
82794
31704
31169
75003
40747
24391
104679
18413
94896
110006
96682
44597
12385
53832
51874
81379
5790
42560
108274
35061
6175
83509
29935
100661
86714
19392
73074
79974
57451
51956
123508
24713
41172
9336
69685
22546
10115
93126
77013
116009
113153
13541
99845
100550
54230
94969
116803
11308
8187
19387
36319
4487
66320
39737
73529
88195
72009
64261
108027
20649
888
123745
56614
69497
38639
65269
101374
101623
14289
94869
20061
47185
31984
79703
52586
64971
55186
62957
57489
6586
70343
21039
66981
78471
111905
114622
657
112536
102175
53299
49210
40128
23834
79465
59926
36351
36067
78004
21097
4031
37555
44387
39605
60259
60237
63249
57614
61271
84580
48287
76786
48699
14037
61587
92203
11908
4322
45328
10997
3820
8174
53259
119639
27407
89143
95317
70356
46684
124016
45368
58397
72660
74629
120877
66908
79543
24847
21437
8555
69470
74057
116153
108117
50122
86571
22647
24362
89419
6812
87837
11531
85166
97965
69405
43790
34205
84177
38402
71076
57762
70802
22224
95465
30628
90373
74935
111163
18193
59291
66165
28692
57019
4962
86213
30959
50066
114077
28229
67593
2344
51302
43318
85809
104753
79648
35454
115457
106989
106236
3822
45859
41068
51413
115116
40831
38687
75340
114829
9117
51362
41993
17620
72641
100126
83075
92442
63769
114657
36561
22934
102885
4170
14772
11748
114695
105464
48573
89761
17578
74079
114521
108207
44961
15696
2101
52583
84689
95211
46816
53787
83678
47166
47821
29871
35498
93345
49065
60607
3485
65371
53624
87956
96238
89946
119372
2051
38391
60934
118501
68034
99055
60372
79652
36061
111787
32430
50624
54135
37546
47291
35719
108470
65784
11688
47253
70531
117647
65895
9543
1079
89396
54448
90866
114051
64544
109690
20138
90429
46010
70946
77191
115451
63557
108786
66425
23613
55620
87683
90245
48601
60990
109903
107285
12464
75676
43108
117108
15424
46407
99178
70419
14812
114419
81105
23278
66840
120300
68278
42434
20263
89268
81351
110766
75428
51647
74563
92248
113261
41190
77169
29820
116006
52566
107087
89750
25066
98253
76975
63968
27781
45674
57103
28762
52125
29767
19848
61038
80559
67099
112208
53199
70461
12030
118455
80124
98648
104241
83789
1659
71334
22318
92388
87107
123907
56930
22455
69918
17000
120832
83950
85181
106283
86893
69009
33854
36122
63379
91092
113882
66010
41702
85067
105305
91057
73728
20978
46145
118816
101921
80137
34160
70724
6208
116507
50882
67462
120299
77712
70658
24679
90888
48876
121748
80532
94551
1873
26671
48523
36993
38458
2561
101404
74989
21375
2198
61902
104845
101678
81716
53765
78789
120464
105336
97180
102721
95172
60062
109848
2294
95943
28704
24685
79779
110263
31944
104974
46447
108010
69886
113336
57115
4624
80385
96404
54858
22733
95417
14010
46285
121678
86975
121301
3259
9223
11362
16686
89316
61107
9271
88434
18739
97098
70806
117889
204
91222
89867
101072
116439
107787
51423
3676
77155
124403
55331
18638
49152
64260
51486
93002
88669
31949
102438
101412
29469
11733
15518
81703
57445
63982
94749
362
12389
76259
117596
9757
111728
3093
100262
30728
46249
9060
57788
57108
58863
65005
62715
35223
2938
48732
52578
117411
90956
9783
117684
113449
51660
18245
67820
67853
38589
81090
100252
16281
75864
54260
113664
172
60024
90923
100482
25768
111254
122636
81719
66392
69189
41798
34028
17324
13575
89908
80539
105074
122398
117878
107324
59362
83656
70767
54168
52788
116632
117405
60403
25861
94003
4477
94940
75436
40109
14011
43441
118812
44778
35782
37475
90409
112475
104839
11450
45127
68963
12416
88650
2422
33659
66159
122191
40405
108384
230
88266
114274
75928
105846
10850
61637
106896
30659
14454
51859
115725
69893
78062
60848
85571
65453
100525
18348
56519
112348
11964
109742
57517
101527
51303
62680
20667
67065
76574
98448
88325
60547
25031
51070
12255
24503
63499
38658
97127
83372
115000
102378
89470
21735
84962
5525
67218
46778
80599
50964
95030
104602
22865
61124
43593
85229
98158
71417
115763
106243
62649
41002
68222
82361
123586
75423
75593
118391
98961
114865
27565
116769
119704
102682
105188
50608
111816
17762
110967
111213
15713
98705
1338
117255
119763
123836
34291
19223
105802
73772
111602
23210
6152
78391
66021
122735
119414
114371
22854
74835
14415
61197
66783
104789
29416
22866
96119
52216
19096
91672
51166
30489
124698
40339
113066
4913
64614
87776
42619
73042
44646
96824
52542
90905
116267
37682
13804
30237
21232
63951
112472
74272
33973
61308
112716
59765
120730
110484
8566
31385
100666
10293
51120
46421
35278
25605
99458
46559
85712
89636
118871
51586
13750
60871
91682
40729
2915
77503
14201
58186
7937
45202
44358
44098
69053
58154
45496
13303
47416
71090
5182
5566
61420
111382
115348
41872
78252
57841
37054
48218
32112
76819
88924
93922
72506
40032
110110
29110
70548
121203
121437
118657
46920
90989
91003
91983
92927
61549
106193
38808
23056
64989
93561
82095
11797
79396
23042
55570
31016
62959
110213
38838
31328
12570
82163
93820
35393
26316
19109
2073
59473
38643
89044
21226
31297
66954
11123
119082
42764
50414
76985
99303
119592
120839
102641
116065
70190
115284
46525
32473
110962
49239
35921
81054
108478
4879
83394
93787
69783
24978
87361
36295
23007
75387
122837
109001
73622
97540
33632
9055
110916
103925
94793
105556
43856
62669
52100
88655
26207
15737
60752
20142
115218
100454
27726
105897
80816
55371
97789
32236
104646
75104
25143
84718
42969
21630
116958
123372
106062
105291
26621
7311
41268
68796
5155
84990
41051
87086
48228
5434
90106
74511
76988
103787
64803
113268
61547
1110
104143
8152
77112
112647
119421
96793
91847
104482
99119
55601
120379
71183
19665
55373
18816
110383
80092
65289
29914
69067
39987
71351
113718
35341
58255
16766
95409
102331
79760
43069
54693
98194
104095
67298
38876
68301
5408
8715
39320
95822
97244
5176
34770
77988
93144
88611
102882
112552
12902
13806
116020
31012
22924
33478
97212
63221
6251
112442
123858
121268
114715
30440
27289
81683
7799
82693
108366
20498
93733
16804
33333
121733
27293
104311
12556
36438
93119
71685
55396
34203
29716
106258
23017
111518
70249
113599
115601
8304
49255
3937
78254
53385
44029
11383
67465
70008
13122
73013
86556
43615
93026
6207
9559
2576
35192
80441
56908
68916
28799
35296
75580
38542
16676
20042
11508
73463
94137
66239
122501
54982
59133
38414
55160
65990
121618
100269
65372
66093
66784
54345
56270
83044
35235
63272
89764
92708
48066
44689
108314
105505
111551
54144
83167
62840
49836
54973
119753
22240
106931
90242
22074
4746
62071
23532
70750
8544
13227
45637
71591
38772
50578
15992
22211
121486
4530
105359
77333
103325
50676
123825
38153
112237
30684
92564
10711
61582
97640
73187
77039
105371
102350
76143
23266
4540
342
7064
49851
6291
82856
111901
22547
61491
82217
120416
36370
105680
73941
81545
19284
37736
114350
101436
3214
50864
44697
59668
57831
39250
30287
80851
60660
100313
54174
68268
54500
108848
73286
29444
24016
53456
83583
98128
1843
103103
15489
15494
105639
57592
30007
98991
79426
39917
59235
81782
116558
54925
52658
6804
10072
115500
59755
119666
9922
42167
88943
122281
105882
55105
106554
50151
38051
71705
21530
96436
44245
58312
85046
117872
101804
87157
99650
15141
79054
22044
74070
22270
9713
96173
75560
92366
100604
120825
118681
71761
123628
68584
4993
31750
39742
82717
58363
53525
112444
43147
108901
4281
19562
62387
95016
81322
40552
43044
121395
28035
26279
46475
74188
78663
52031
97649
36174
95082
122234
5996
13596
77799
107754
227
63805
18817
26616
78780
97795
31351
65394
56353
4004
64596
45188
16368
60870
91236
108138
111854
88210
59219
6979
93488
18836
25891
44837
113829
52643
20510
6255
99943
419
30001
58224
6949
23161
85795
70494
5270
25625
56189
112891
46704
17990
17085
74175
26486
6823
102308
105497
34877
112907
93724
58757
12435
91517
123366
123605
54357
100134
64084
116564
76628
35724
103417
25816
86528
42103
15588
47824
2398
16258
34521
67919
70796
104071
115845
57516
70688
63335
122457
5910
71717
49123
70041
81607
93228
94991
68592
18923
2664
53146
59240
79207
33428
113335
95924
47956
53158
71593
118905
116796
93462
102337
58355
75875
37764
19892
123503
100032
85651
8604
122342
119584
63362
74742
54078
9277
8360
19911
109154
75817
75015
116883
14976
44171
88982
77249
113000
78778
2575
71718
31892
65236
97230
19814
44529
67034
66423
5625
56652
61546
120060
52339
36629
1295
100357
9711
72552
92429
3224
26539
98015
37784
74639
37164
63165
57981
63075
22319
114638
23069
16740
104563
92878
59166
24617
70784
69906
29491
102018
60950
49831
121219
60480
104073
52470
80794
118415
108382
49480
106753
29760
78058
105223
78787
75264
41230
88187
1975
69408
55261
43244
37336
100718
64211
75605
87439
49411
82214
109968
108495
120447
45420
116214
103216
96629
92021
13042
71704
692
57924
94638
120170
88620
38303
113333
46936
59778
51312
105331
78295
2901
32596
98012
100587
83350
88661
107885
3510
51529
47448
123738
17022
112805
87319
116780
1094
83736
12826
65588
112794
26065
57754
28536
32297
10648
48103
54376
111013
107048
40390
47916
87124
52497
28415
95228
112041
32205
29130
22665
27526
77349
100159
60078
61814
58361
120551
80574
49207
17117
53644
52245
31786
37422
89151
976
106075
108886
14722
9626
114111
25078
47241
74441
15208
111102
107422
33315
55507
58718
87593
5806
11899
19930
115329
42989
23915
12956
54904
98396
108253
39404
30571
25332
20257
111361
337
23093
123377
88472
113527
42869
100487
57195
61753
27643
45232
122850
18400
91440
8747
47927
73795
36213
95193
57480
122851
71987
104632
45901
66316
26308
48489
120403
33321
21986
95194
2122
73016
65233
3760
56883
41079
715
38626
98827
25882
66748
21117
117614
25875
66031
6015
5818
30105
81805
83537
27190
112447
36210
68777
40788
8706
104217
92847
41917
23999
122935
31102
13513
47899
85892
53473
36197
18111
81411
85445
41816
46067
85074
26838
106764
110521
32731
15801
115097
28744
1682
111182
95903
16884
72149
40806
39465
98775
104786
89362
63237
2978
34605
61722
9949
112525
121411
108746
99542
7470
81952
57773
80459
100747
23970
47535
50225
7526
14251
122016
25135
92936
70774
1665
71501
57594
60447
91670
62463
16504
105441
50831
91922
106750
64773
123850
101869
20994
96374
38869
111187
93651
60127
121331
21941
90895
70718
1946
70025
122509
55362
92868
119894
17441
59595
60205
82170
42799
44491
118868
95821
75861
29475
91342
2725
33200
16729
37099
42656
21868
46575
25390
19850
38995
21119
51169
66298
10110
62260
110745
41355
84777
4839
92010
113134
106489
44489
113825
91300
37241
92880
48462
123138
15589
110206
105259
21981
18744
9128
37018
112585
81410
124235
105622
6593
64308
8319
23032
64195
6244
115046
13483
34414
38331
114256
102353
67844
58538
114841
48832
63492
112067
22201
45164
791
14726
84814
42021
35432
43832
60304
111306
20322
36551
33970
118454
102956
57803
61631
14632
11412
90833
102852
34474
113867
120543
98970
24047
82967
69655
39960
106601
42074
110684
9329
56712
92718
80331
65824
25666
113676
68300
6468
92382
57663
22006
123869
121712
24678
29087
101052
122866
5312
80348
90085
29079
41337
36606
15500
13460
80647
105934
87761
42949
110863
5732
4715
100588
5106
55748
38037
10209
121826
89928
63468
24918
78048
5099
44957
122365
1101
24076
97320
22285
115196
101356
92640
51444
33494
97848
43589
32490
79763
113813
307
94399
22250
37409
16408
1568
107421
59421
4336
2570
98238
84008
110424
99384
73796
39654
40342
59560
31738
47281
90214
23391
107522
72970
103946
76034
57846
77050
90436
54836
62820
39328
70700
1680
72299
123944
27197
84010
15848
42991
81930
24448
42919
75239
48079
65883
49751
99419
86143
25077
3848
49562
77518
93009
76166
90907
20357
102550
117176
33895
72671
47621
25888
15805
43805
23598
62679
54445
78902
72435
63617
120716
75417
21594
70379
66265
11482
75083
100148
48638
31632
6969
123099
9104
93525
38456
103763
54253
57890
88095
18081
106231
68114
42206
121717
72676
42218
7514
101676
29779
14654
64609
103294
13079
71166
98642
5029
4836
41769
6655
109689
103719
27762
34326
100130
59854
53372
82043
12472
10368
44177
31569
7941
33537
4728
111424
42125
1522
104564
81639
21291
11372
57909
68591
27032
112503
33125
18496
67662
116524
63476
63570
85009
62083
60739
64608
49116
36043
58511
113229
21574
71342
69358
50630
58046
109045
87647
44428
67304
52871
106614
87722
36238
48237
94580
107186
121913
15310
58662
95572
19669
89038
83023
82275
23195
16607
34255
89495
47917
53550
93189
22756
72135
25864
64249
91253
61632
56613
84404
19403
68781
43369
80526
63611
85358
97068
123515
89240
99890
83169
74032
83191
18171
32203
18950
31233
55057
11566
27198
46389
59763
83434
74753
39760
104271
68025
24482
91781
58078
117579
50566
116193
93073
117217
11041
109881
11046
67644
57969
116963
86223
11426
72449
120829
104314
31611
71856
44645
18460
87080
47376
86873
60602
74093
10682
11997
21964
56746
6841
6798
15032
38519
99617
25183
74110
58828
26636
106980
30208
58316
11747
116148
70747
86894
68664
20376
103672
117131
64697
36318
15265
89789
27666
30290
106857
12971
122823
57983
18076
35775
124557
98987
37062
90667
67405
103204
11283
91808
44934
109392
42834
78898
84870
87497
63601
94314
107822
52141
34239
79679
69048
31465
59079
9889
24213
71909
60248
105946
53638
58574
100997
24278
81489
91852
84688
77998
12240
30869
101400
3235
25232
63180
60214
124810
87577
95277
123214
27808
45057
113763
17780
75754
59656
50041
43652
105709
33596
6863
21321
99311
16647
79217
12377
52708
109952
120740
32016
58172
49871
80614
90793
100643
118178
93999
93723
92555
43557
106256
26472
13128
77463
94810
42977
58038
29703
22326
62290
33813
111242
103299
90619
95813
78276
16801
88598
31397
32844
84758
51147
109902
44628
87743
26966
66120
16445
108181
121532
49244
19824
43054
11802
9867
121553
122194
89321
124004
17476
123928
5226
30582
30509
40647
11237
104154
40053
84472
954
79587
5632
78935
45359
116783
71125
8352
68868
11575
56126
23058
18319
7309
81180
18688
54740
95989
39504
46170
1902
37091
49679
76161
108906
30983
63451
35576
46230
103634
64410
9195
43641
61578
55381
25409
11974
24788
57634
71762
93703
124123
68384
24189
6540
49436
4064
15845
51836
49444
47184
48288
41888
84560
90328
114797
92588
76856
117179
14694
106268
26767
30826
4490
10099
69738
62869
70760
22619
102831
13146
40512
2789
120174
79784
71967
82171
66599
107477
87266
63003
119586
16568
122815
84347
83587
102587
82083
100831
28184
56074
118576
2269
64844
62471
112773
113967
105405
49996
27480
117604
15153
100206
56228
51049
63320
112469
111343
54416
84214
64867
35035
107367
34761
101166
32457
118820
54027
47360
90514
102429
98907
85627
106105
366
3094
113712
16830
121365
67413
77534
112385
81515
32144
53273
44653
79335
14122
34838
61736
92166
4379
26470
41471
75994
123143
5546
97202
63884
66570
105608
37656
11602
16823
120472
6900
768
48312
123431
99982
74041
52831
62497
119493
112648
12507
83898
56722
22496
13781
66590
104505
82581
107234
95586
58385
103245
43490
106323
2788
58450
78673
18026
55724
75422
70386
16954
118788
4141
44459
69614
35383
83090
62335
40873
61021
109906
12087
124253
116712
21444
55454
27816
45815
69672
59687
55515
79990
58705
96120
38390
112749
34779
106003
57941
66723
58379
123000
123097
13751
99661
549
100781
45521
120162
103963
72616
85272
76854
114269
48002
27408
78179
100314
11229
37611
21059
31635
34635
69305
42413
75037
65649
44572
120476
35876
62055
15636
34236
51510
17580
85450
62617
59489
46146
44648
72087
60833
74421
51780
122831
87197
52260
22038
32885
122771
97183
74724
52822
115033
22009
76221
116470
24989
78709
47531
7506
24240
91645
82718
3121
68646
16363
16425
55422
118616
114129
9022
31740
59761
48080
104263
81334
86600
60552
55055
7881
15094
33184
119899
28793
21945
26396
66859
70106
40823
71229
87929
79487
74176
25797
103906
50168
124785
113177
16635
116688
73203
89337
41704
61943
88254
9899
67349
52814
75226
42019
102801
3352
6477
67356
109596
54001
40382
35070
59136
65947
98017
8738
1250
115094
120747
81987
46593
59801
74315
9891
116126
123966
709
21690
109256
9380
118660
54029
18258
46276
45384
122709
8403
92026
121318
96310
122948
45518
66274
26546
56957
1850
48856
69443
86539
29077
124298
40467
41396
21063
100760
80194
82180
103047
121014
80744
20581
27843
112112
44334
122897
53910
47758
111179
59476
112635
32273
41093
55201
26106
78755
73092
96725
100586
40246
118574
42082
91859
82325
15104
63685
65024
97420
26521
32723
103201
116613
84626
44851
47443
71137
95446
121018
10978
104746
15038
20052
87195
105308
17571
9847
28013
34750
95858
117583
105842
90182
99540
89075
84717
98779
15976
101914
116299
52262
92529
68131
13279
38790
52716
45826
82129
6594
47097
112132
15521
85479
57461
105115
28718
71119
68805
35761
119953
81890
96089
115246
78101
109999
80448
116339
78496
6390
46237
119388
40412
64573
124493
39491
4773
9493
118894
1000
29251
120727
104411
12486
21348
62843
22900
51308
84843
4903
62499
72516
122685
51334
1848
40296
28252
46585
21831
23600
117465
49287
55336
31623
1663
72606
36379
29094
11704
65102
87113
77733
123545
69897
123029
99708
25004
68864
72057
94987
2602
19179
81387
14206
98029
73794
65801
29706
18492
12489
23068
108481
98886
89296
58341
84015
71433
115805
11079
54228
27107
111819
83110
59599
11096
34305
1722
20135
123359
99371
123659
88672
24481
22112
18536
27243
39435
91752
62554
116083
857
118007
53310
103764
100866
49528
35482
124208
104569
41878
103286
5256
103460
115491
88236
120333
28101
62602
106148
82387
94961
6840
25307
62776
79251
17287
19835
111844
97746
20532
41699
82774
37234
74698
51656
110188
57798
120797
12278
114299
106629
105648
42620
90719
22964
65009
92997
48740
50613
117866
8402
1005
118803
106005
64083
64713
97882
78791
108637
97713
85330
73214
27245
110925
93642
11656
122164
2902
20047
79660
95915
21891
80911
118295
19730
999
52411
123722
92615
65606
3720
257
103157
70321
106190
117155
109804
124513
39020
72119
74413
71074
109281
13900
27281
27034
88779
31121
111833
24643
49431
113856
68167
92631
86128
50352
11932
97940
111634
49476
99372
119506
47910
82595
27339
98664
113145
113186
