L9D87YWED6
GY9CP67JH
MAS7Z19L
ZURX4NTU7
TCIAU96TO
XRUFRYNY
TH77B4I
XH0SEM6ZH
8J3YT1WG
VMX2QNY563
PB7KAOZIL
ZZ3702PJ63
SUYY4F3
2OD4F7V3
FFRRU73
XVMEQ1RA
Y7NGM3
UEF8A6
9VZUI2LGK
HCVW4C59V9
CAL4OFV8
33TZO7656K
HOF91QFNHM
MG91UIUBL
FV9XHLE3ZD
UV74AH3
LR4AE5C
WNLDSG9FR
JF7ZOW0I0X
IZQQIQSQDS
BBLU0F9
059ZZ57WGG
6DZCY1LY
C8UUV059B4
MK5EQF73C1
XNUCM
XILTJ
9X32UZW9
95WC35XW6
1G8VDXG4
0PPNW29EZA
RNB86D9G
MI9RNITXQ
QX7IRP05BE
MVBUG03C
RCSW8
431TXTAVOG
X4TK3UQ
90KLXLVZ
A4967E
TO237BLXQA
XZNNW7E8
PSHYRWBO
297KRK
L4ZGZCX
5Y88EL
7XC97PGX1
1NSNWHMHOG
DZ0YDOQDJQ
K2BNCU
4JCXZ
619FJT4
U4A8ZGX66M
911UJW
A24YC
E9QRHYTFNQ
FW50P7578
HZGPJRWFU3
G6HS7YQ01
99H9ND6DW
3EIRN3
97SGI
9D75I833
ISDNBX8J
55JXNJW
UDPDAY6RE
F4P0XS9IM6
S8FBY9T26
YAXHDZE8P
5RH8PTW
884EMDHEEQ
LRXRMWSZ
HN5MAGHI9
PRAM0YEX
F9X7ZK
67ZTO5
Y8OWMPF8QA
SR3ZAAU
EANJL2YO
SW4TOB8REQ
UZBGRMRHWE
248FMT9
1OL28TVGD
EL6YWGF5
DZJQRS
SYHBJ3X
B8JTFIBEL3
38MQJ8V9S3
9QP9ZOQ7D
HEBRAKB
W9ODE
VLDI8
SUFMWH
X3OJP0D
WB2BRQ2F
15RYE7
AN6S1D78
WPTEN41P
XLRYXJUQ9G
RRA7HVUU0
WF4MDN8U
6T8O9
NQ1ANVOA5N
SZMR5ZL
B9HTGI4I
DD6U5S
FODUGPQ
Q52EA8G9C
JP1Y451YH
1RDMPU4W
ARTGS6JZ1X
TXYPNSVPH
TNANVCFB
7LRDM1N
ZATVM
3TTHBHC3
Y1F6RV
ZHTO2453
WY1UME4BZ
934R6ML29
61AQT12Z6
XPBE5VBQ93
6DPUJGI1
4ZJJOLEKX
8FF4XB
QU3O5
35QBY
KZP1W1VNG9
OMB29YAK7Y
9B88MGNP5
VSC8QPB0FC
BPP1Q6WV
1YCYW46KM
NRXETEMN
PLJSCK3TM
FRVGMA7KN
9ZDG82HMUH
S35RJ2
W1NR4
ZOLO0F
HKTIPYT
VPUG9G
HXNVQLCED
PJQNG1V0GG
6PQ3QK
ZIQ8SVS
BVTZ86VRWY
PJR6YZI
00LGENWLGY
V64UUA
8U82BX
QI9EXYY
GWLXDL0W
QQ2L7VT45
JMLOXT79
RCDZFM
W05H8C
9VRD6XG
ULWVI2A4F
NCN2KB6QS0
KXFX3IE7Q2
EUP9Y98PR
O6Z8ZUWV
BZ58Q15IX
V6PUX
1HR6RWBV2
CMOJS5PJ
Q09GK
SBAJC
KQYYINJ2K
6H5W0ULPXU
SQ7A39Q
RJJRECHBW
QCVGXC5K
SUWWCH0
Y0G8ZUB
QTACD6M2W
WCXOGPP74
8SFBXHR1R3
JOU3BNSMU7
JPHY4XIGES
35R09AY5A
ZOT6OYXBNH
9HGXHM81P
742IJR3DBX
RRP4YSH
W4V18Z
0RFHZEO11
CYCYNW
4CW0FGKSD
DMH7GZ
XHGP0G7
L1GO4ADB
VI3F446
XU01P
9JP0HEE
KFYT07
A6QREU
BURI0FF
OEUNG
PAMYG
5PWL5L55W
I92X96N
6G2UD08J
GIS98H
16411MUIZ
8T5K43OCXH
IO8SBVUCP
ETUG3NWHVL
F5JV7H
L5Y6Z
NRQVR
1WHGJOW7
YH0YWGBQI
S4TKS0HSCQ
TOWRA80R
OM5X070XKI
K3DBZI
1ADE98B
NPJJH
1U6SQWN8
UPKU4
HT9CRHS
U20AKWU
KYHVS
9FF0DMU8
8WD0NLX1
E2OAWZ5Y1
8BIDFNK6D
MTQWDPAR
X0HSVAW6
FJH3P96
DZ2RED4U9
3XTZU4DW
L76PUZPK
YUZ4KBRF8
L9M9ZZ2U
S8JVO5T0ZR
OLU1Y87KTZ
96UZ9Y33
RMVBNMRQ2
2D9QPVN
NJ1CMKZ
ZSO1HI3
KMHN7
6BBS1BNEC
1PC8Y9
6DMHER
ENAII04
V2UMG7NLT
CPM8X9
X7IJGAX1N
DM261HGNW
7S172RDTX
F7NCV02TMZ
LEPA7M2
ONZBO8
SQSNHKNB
943KFP
WVOHAXK
UMHGSKY
SDKS9F
J3VW7GQJ
GR7NP0QIK4
TAGPQD3
BTUYI
HCUTE4
RZAP3GF
D9EK4
SL59M6C
4OUPVDYP
S50D8VIHT
DRXUGWBSN9
KGA4OT9AQ
76Y5Z4JH
K17JH80OW1
VCP56Q7
CRB64OQC
P8RBBV
LB7QUMG
3K01BS6AHS
DRSPSQ2A
UYOBOTB
YAH5DLO
W9PDD1M
0ZTB8L
GJXP9ZADV
MLO2JFG4UM
N9FBMO
EMMPC
V9TTTS
FN75TH33J4
U7KR320WU0
L6QE7C4JWM
MATXO
PDS9FIJ
KVES4
5P4GCUA9S
F7APNX
0G3NWLPR
0AZFRH0FK4
LURXPE
LI2R0N8BWQ
9JVLH7Q
VMEPGYH7LM
UVCK1K4MM4
9XWJQW
942PHG25V
MU5MN7KWP5
RZXRSN6P2
UP4K3568Q2
7DFMNQVFOQ
I8L0TUZCX3
453F34TYBL
FB9SLFUW4
3EGUIX58H2
CGL64KOIWF
QFPIVV5JK
R4NPTF5JV
TL13YLESHL
1EJKTZDZFU
K3GP7QZZ
VU81H6WIV
DVNC5AE7U
A1NKTYGA7
HIGDOOMU
31YH18U
T0MZKV
YROH0HND
TFTN8
RN5MLJ
L3JUN
2FJXJQ
HJDTF0U
1Q6M926ST
Y2VBA2N663
SOYHYIQE7H
W69TAV2W
XHCJZZGG
0ZRYYQ
M3JS2QM2I
ON31RJ8N8D
24QSW56BMY
IHM35F9SJ2
6ZJ369KGOM
F399OU8U
YOAE6BKK
UJF03OUI
KVJT5
8LPBZ
LVOLI0R
QAOUK2BO
VUEM17I
WUDF1UG
HYFRCSI
FFJ1XQX
CARXCB8U4
L7WJJ96Y6K
RDG3JAY
MAA49UQH
6J9FM
FETVPE1AX
RO85E1
U0IVDJL8
R1QZR3P1C
B2HX65CJ4
HV4TSZBY
ZVNO2D4HC
U17HYC9
O10748B
HYX9R
7G6JELZ
RUZ99L8
3HDQSJWF52
ZDNV72O1
GIS3VXLRJ
ODK9G9
RXB986
RQUA8IWC3
K9TQGAT
W3BM92
KTKDFFDF49
6A0PG
A5G04A
JD05J9YN7Y
94R0A3Y
OU1WYN103S
OAGJBC3W
RAY08I
E1PZM
DEE6IA9V6J
052I7IOG6
4FRD1NW
2DI2FMIY
WBLIL5L
21FW84S
2NVYW1G
UJ3WRO
FCYQOFWD
6A3Q2K66
UYXNC2
T4KGSZ
JOVNH6M
GY5Y8XQ
UKAL5DZ940
0OWMZLX6G
48QLEIWV
SGS6406WC
WSIZ8XR
E5YEPZVXKY
GE511F5T6L
9K3GP5LR7M
813Z474Z8M
B8UJ4KWUE3
HBO7SZ9S
7R6VJ42K
P2HPA6M13
WO70EJ92DU
6PKVBR65R
I45ED4WJ
HEQT892
B5LD5H449
21DDN6I7
MY4UDO4OA
1WDZJ6WP
MRUAUZ0N
SCTI6GM61
VQM4W
3RDT0QHLA
OPC3D7N
QLWYR
YW2JEI
TFOD9IFCM
K3G3MR
CVO9BML
KG0AVUCE3
ILFR9M
FKWTP
GFGYEZ
KQKH2Y
7GB8Q
RA1E4NQ
AQJY1
AG21FR0
KMJ47
4QZBNFQKVQ
84KL0F72Q
GCHJCDVQY7
T638UUX6
NU5ZOSY7OA
4G8HKEJ9
HFX6H4NM
X8AQ1WD
TVNZCX5
PI9VLK1XU
46H6PLI1M
ZNZLQ03C
9DPBZJTUB
HLY696L8L
XZROD4OMXT
6RGZT1
WEBB6GEQ
D09MNBV
49LX8
EHWC87
TQVY7
B5I7RNM1
CGN5ZJQUF
BMW0OYMXEX
K81XL0CW
XWYK2V0UL
YH0V944QXE
HI0TD92
O22LUX0
NXAIVB
9HTAKN
8FPH6
0AZBVM20
XU2JC23
XLVN0
WR2H0D4EJ
SBY37O9WZD
NQ7NTL7X
78GMSEZ6KE
L904ARUDA
FYJPEACN2R
GUH3H46AF
HZ32W4WV
L58H5LBV
GDGAGBT1
1QXAH
MMB604XM
4YT6FH
GDB8MM
QK1U13CL
1YMEEJXGY
YCMBY6W6
W0BH539
DFA4DSA8ZL
ZIBPD19
2S0ZRRQI
CFY3HLXY
13HYVL8
LYW7J218D
SH5NJYVP4
SPN8MZ
IR3D2PS63G
B5N53QS
KLNXUF7
ZLQG0I3FM
YWK5CT
9ZZPSAI9E
DY6E9CO2ZO
VIZYLIUM53
DQGM51V
FD3WEU
6IBQ2V
EUYBE26B
KTFWD0D
3X7S29JRI8
ON9XLNBWB
PDI8NNM4PZ
EC050PA8X
KTFI34N
NFAYWMA
XV8FWH
RAU93FA
6XM0V
THNZIZMP
GMJ8XIC3CT
JCYZW2AQQ
SRHP8FQYW
7K4KB7KD
BL45Q3F45
S11AK6SJO
LETG51INQ
0CQFVEXTA
JTTYW
N2VYPKTJXJ
9ED06F1W17
PH7VSO874
128TH4N
ZW0S9
813ET0
HDV37I
HJKBR
86BC05N7SX
8E1WI0VS68
VSFFXCP4
7GOZ9G
VKN6PQ5J
0G9UM63SDA
9C88M9NCQD
T83BN
MD4SYC
BF7KDT
JV02HP
KL3AQN
UBSC0NE
74L9DQVB
9RZI1TW8
W6THL7LV
ZA57M1TKIS
XEXU89VN1W
K1KHS0Z
J20LQA9TG
BYJGVM
VIF2S1Q
M55F0FK2
N5658684
186YFETOXR
727AJLNOQ5
BTYPW8
MH7FWICFBX
KOQHYR
19JKRKYGJ
BNT10R0QW
7R952XYZN4
6FWXBWRD
TUPBVAQY
FUVU16NC
0SVWNZVHE
HYUOK67Q9
ZTRRQ2L8
X12VSZQWR
WA2ZI8W02
EKVSZSG36
0L6LAKLSY4
HY766E2D
I8DW5FE3UT
FUAIVJSG75
6IMKF664L
UGT1M7APY
TY9Y0NGJ2A
PGJM9X82
MNT224MQ2C
FHXDQYI9
P9UGTQ9F
J9U19
EDKO43MT
3R3V421K
TJ9FDG7
Z733GI
GJ1XDK7
SQBU3V
JX0R85
XUQ1GC
JJ8O0
S1ZBZ
N30BAHGHN
4NKD9
AMN4X
D70CDI1Z
F0W1RI
2BI8NT
85ZUC9GSG8
6M6ZXRT
AA3RG
5OXSQ56C
XGRBA5ABP
EU623CQWD
YLUZQ
BUH3531EB
PWTP4V
049JZUSA
NRHL6Z58
5ZOLC49
Y48DVI1
0ADOSBE8
D4HWA2T
0XD9M
RXFXN
FR81QVJYW9
EP97UZD3K5
SMQECXO4SO
E5ZQWJ4UET
H2DJVGCI
HANM14C5
HRLGG7OD
L5DSCR
OBMDA0O20K
OFJ31Q
09OT4
L7FCIYI
HATUMH
WC1NWH
TD0RD0Y
R90KIRSSF
XLSUXCX
YBQ83CO
WK9SGJ51
Z3UQ92UPR
3O2O86A
WJ91T9BUFW
90VHTA5FA
IHVHMRIY
R9V4EZ5M
SUQIXEOILV
GAWML
DV8CS9
EEKB5W
2OCXD5
C5BNZK
IJQ91J
LMIUA
JKFG3ZJI
G4HSU1THG
WJ15XCR
QUVTR0QW
XVV9GIUUC
7NZFL6H
OSHC36UIMH
LXDUV5SPOP
WR16898OK
JQLWTJFXF4
EKVHB7DKC7
DZ1X4A6S
2X1EVGLKI2
B2Q8H8
GPA3XBJV4
GMVSU60
RZRF0MA
E2UISCQ
7N3X55
FZDQ3HF
5FH51NO8L
7G1BPBAM6X
3NYY9NBD
TJSY2FE1P
192KFISSR
S681GD2YB
7AYNNXB
XASIR5RS
22LGSUL3ML
X3W3MX
R1ZGMGTDJ
BTYSLQSF7
9WWK1BG
7KSLP9OOUN
G6O2E08QL3
JBVVLQOO9
2GQGGXC
V14EJAOE
TICY05
4SONS
8NFCWKB
RGHKFOB
RTUIIDL
JP1H6R
HNI4A3THK
D8MFJBNL
1TTDYSB
QISZV
0X7UGGRB1J
S4YQWJWOI
5CZ1YRJ7MF
LXQX4G91
V9I17WVGGU
7ZL1M6MZ87
O7NFSX3RM
CXO6UH631
CBB98OGYG
LWUVZ
C5DE06K7DG
IQXVG416
CCEKZ50HDC
4Y3AQCY
IRTMR
HKEMFI
DFT79O
WRAE1
PK1QA5
F2KK5
M6M0Z
I6AKL1
H993F9NQ0Q
C3TYQZG817
JJ0ZHUP2T
UMINGV2HE
Y78Z83LL
U7HF3O
15ERGO5Q
I4O09U
XSR7FV60
0XPQT3
3PCG0
9YUZR
ZG8T4XA
WZS5M4UDJ
POOZ9Y83
OS1UQPWWI3
K31Z7B
FHSHT06B
4OHNLAI
GH0B6J
G6GNCHX
GQFFTDC
VW2D3
00YZH1
JE8ARQCV
JEM0FETNDW
3HLEQZT
650V1V
3ST3GH3J
HRWM5W
ZUZ90
SPW9FTQ
P9R8Z
JNFQ2US7
RYN7SBJ
S9K971A48B
1YPEK96QTX
1A9X75JN
SVYISIVX23
6OAWLABP72
ZTZG7NB2
SRCX4TM7
E3BPHYET2
7V7IJR6
KDAI4WJQA5
GSORMQV
W71FO47XQ6
V8TQ5YX8S
SY8WQMO40
YYMNN0FD91
389A58QE
PCE9A3DMQ
1Y6CLV
JIZELL
J6M3MT
TT1V7
HHACUL0U
3BXUR
Q4PAIDQTEQ
6KUS30UL3E
N49A7DQQ
P2W81Y
2GANG
FPQ70D
YW8CB
OHHYL0GJ
ZQ86J
GKTZU
IOPZUIXBK
3P7J8Y5N
DEY2D97W
NSDOT70ZZV
9ZEN1WD3
QN4GQQKE6
Q5TI1FOWTH
I25XG95
PT821R
7HL4G5P
40S9RZSIYQ
YVT1PEF8
NBLBC7R6
F4VQYGBL
DHYNW3X
B1Z7QCZL
C6TMZ9
JWQVOMG0
QLJAF1
A1II0W
GW31EB
EPDFKF
3PT88XC
Y475T6
ELOW0EEJUV
AWQZL94C2
WYT3C7TX
DDIEDVK
YM0FEJ
NHQ04
BVO2F6EETA
OPRZR52B
M0J72WQWS
QI6WZ4W
YRQMWB6
Z79GWZXJ
MNH3NJB
N02RDX
K4I0RSA
H46AF6O
AJSRV
JP4EFQ
O6B5B6RZA9
SN9FNIWVB8
ZYHR6EXS
BJEEKKE9UM
7LF8VA
OSGUKB6
J2O3XK
O4CXS
NLJBRY
TL5O16UT6Z
909F40CS
JFWXHCR
UBCLRKY
5LVZV
2ZHG343O
IQPH6DS
5JVVUH
GL8R9R
213HMUT0GI
LS3SUKRN
AJK3SM7SX
IS4SVQT
JUKVVNAM
ZF26RV3
0FHREU8K
5SUEV305
N7N89XU
DCYVQ1I9Z
ZEH7ZAV4J
OVTHHB8H
3X0ZSFUYQ
FKWPT34PN
4HGM44K35C
CAO4P66TB8
82XJITU8U
9JIYWWN9
709W7LAA
NABI9JM28I
XDR4TQ3Z67
C7IV5HQY5
E0P2G7LUWR
9H6X24KSHQ
94SZTTI
NBOX9XHOU
20EVSD0Q28
1FBXUTDIOG
SXLHRDBA0V
JLS8U8
6O8L82V
TPDVIP4
2973IS2
KB148ACCZ
S156ZG
1M3G75XA
RIYJXABJ
7T4VAX
D2M0VJWCG
J9F4VC
QTT5FD5A
44JM8Q
28FOC0O
YBKTS
DBGGCJRO
52W0U
12FCBB2Z
S9KFJ9
45S9Q30
UQ135
ESH3K4
M6CBFG
MCA5DS
2N30IR
JAGUP
KLM6H
BVT83
H4B09
1ECTK
PYQ8ZWG5Q
YR56LFWHA8
OA23B
RB0HE
XKGVZ9VU
6VWV0TVUV
WQYTYOOWT
C1PG8941C
2E0GE8389A
SDK9PKO0
VJLICWKXAX
3EVPMTRJ
JMNXKDJYPA
LPPLOBYQM
8TLZ42V
7363YUH
INKNNWH6
LLYASO29
6JPS7MQ
5SX9K4
GY61ZSN
BB0NOPKCXS
HGND9P5YFZ
LDF8L4Q8
87NQJ0G
NAY59AEIL
OM15QT
LA5WLCI
MXBHX4
8MEKSBPZHD
08XQY91D5
ZR6BM43TB
H7UA7LN
W4T3OB
QO3HW2
KAURXI
86HXYXJY
HPZ8LZNT9
QOP9Y8JC
TIEU6WZ1
CEEGEFKOH4
5B3LANQ
576MHJ
M1SBERP
T4ICCDR
HHDG4ZL
A98U4V4N6
SCLU19PGR
YPN43C8FV
UGOOOAZPH
W4QJMTLF3
T8W7GJUSZ
QA8B6
QUOI7
N88K1
NSSPIO7
SP4J3IPJ20
YMRZH228ZG
BEX3Y1SXV
C30NJPCWR
MW3Z6S
049RJZMH
OY1UHRC
SKJHGMCHL
TJ7EFO
PDOZ9KA
OSXKDGK
7L8VGOG5E
PWCJ2R9RS
I6HTLHM6CK
Z82NZL
W1QAW1ZPB
VOHKXX37
WHFRLM
WLNHOH
GZ98BKEVQM
OUJXRDWR8
TARJWQX9
XAZP3XFYO
U2H2NZSV2C
ZSYQRR71Y
1FSUM3OL
ROJQ7TCE
6AECEZHJ5
PB3QB8AXP
VMGRUZB7
LL50A
E00CFU1D
W1O02
0296O1
02PEQ
I50KT
FFGCR
SZQ7YJ23VP
9EWW6D1
FKOX7PIJS
8HX11XK3
BPWXTKBUKH
I319D
A913C
