WM
ljQ
2SO
MvE
I8F
m0B
vQD
OoE
QwB
rLE
KcD
UbP
FUB
nJK
JZQ
piG
oqP
97H
VTB
qyK
doJ
ZHI
0jC
uJM
vPO
67C
yZO
RbL
6SG
SdE
yZK
IFD
8PO
XqO
TE
ArG
H7B
YzM
toL
UtC
h0G
DmI
kuI
3fI
IuH
uHS
npD
mM
XWQ
aPG
SRP
bBP
eML
PAK
8VR
KvL
A7B
kaF
7qF
I3E
jmI
1yC
udE
2pG
eyO
dbM
boM
XmK
i6B
urN
RtH
xpL
vfG
x9J
UCM
grG
O6C
UfH
kGK
Z8G
wIQ
q1D
KwI
I0B
1IK
UO
lLP
FKR
lUE
a5N
FgC
kmO
17N
uAD
Q3N
ZAG
RXO
FlQ
uPG
jnP
RwH
D7C
BCO
ovP
VQB
yaP
I1L
NrP
9dQ
uNE
QrR
l6
8x
hWD
WwH
WeP
oTQ
0cC
jjG
YcI
DjD
76F
CiJ
zzL
BrP
UGN
5fN
ymH
kCF
6hF
TWH
uQJ
wPI
UI
ibB
Q4C
AyH
WfR
XeD
ceH
jtD
yfP
CVE
2i
UrN
NvI
WVQ
foN
PhD
DrB
GkI
IqN
HIL
y9J
fsR
lEB
poE
u7Q
P4D
J5P
FiG
RnK
2vR
3L
D2O
RrB
FmE
OLH
WPO
PAC
FlR
bZO
bQQ
omP
EVE
juN
bdI
c9G
qrG
gnQ
ag
utC
1mN
10F
daE
DoJ
VdQ
TyL
0uI
QcR
jzR
6uJ
hNP
FEP
uGO
xVD
umR
BMF
diR
FPJ
QvM
RkQ
Yr
PIR
dsQ
4fK
oWJ
vHI
GRO
tKH
PkD
n2H
M5E
LvQ
u8R
6kI
jdK
rZE
x0G
V8O
YhN
rGF
LNQ
eoB
djH
91O
LFM
M5N
gUM
YPF
YCK
cMN
EaE
gZP
zAP
3uG
uhE
bjB
vsE
CgD
MUL
gRL
YBJ
ZYR
WMI
TtO
kMH
lJC
fCE
u7L
FlC
hZH
JbC
BUI
RuB
78B
akM
wHD
ryD
bHS
p8Q
x4J
4AG
mvB
0hG
dzH
jAI
Z5N
rLJ
aDK
AFS
ILO
o6C
5zN
u4M
OVP
g3H
NNH
c0E
6RO
qiE
rqB
4sE
KuL
GBO
NON
m5H
OJQ
sEE
PSO
mtP
CM
Uv
rUL
PtF
B1M
S7D
iZR
2RL
5c
gxJ
HFN
p0J
qWD
nDF
jNL
gxD
pEO
yYH
qoI
yOF
4RF
CJL
IiC
WdB
iQI
hnB
NpJ
s8F
2kR
FvR
P1G
SxF
JbJ
L7P
ObK
oOD
OkF
G9D
wrN
ooG
jIP
vMR
pEE
yoN
57L
vjB
mTI
bnG
lVH
MmE
AGN
SzH
PER
2lG
6AH
lkQ
25R
zQI
t0R
z6C
hTE
jFO
2jF
w7E
GqH
TCR
e8J
cOP
p8D
kWH
n9D
QH
jCJ
8RF
QHK
eQD
XtQ
2hQ
aHI
4ZL
pZP
O9E
7KO
zYF
8EH
ANR
PeN
YME
f6R
eGK
sRG
WGJ
KmP
QI
81O
05I
Y7G
CER
KhP
lg
WYQ
6eE
u6I
GkD
dRB
i5N
QmG
2WQ
XWF
09L
SCL
kmQ
9tG
OPP
UzR
ejI
NBJ
0aP
6BS
e8Q
3FF
TFB
ocD
pa
V3L
FrE
Q3B
RaB
Qo
P8F
QoL
sIN
YDD
yUC
e5J
VPQ
jCK
S9G
EKC
t5B
LrB
8EI
kQH
5HQ
OIE
O6F
qAR
vaL
HOF
0iB
gJB
soH
DB
hxC
TfO
5cK
JhH
nqG
8eI
fON
1SK
zyE
BAK
U4P
QmF
hhH
AwP
JGB
XZC
Ux
R0H
afD
bBS
HY
lUH
pvL
ZfD
POE
AjO
vyI
boP
gPN
4WM
6RP
wLI
dNL
ueQ
M0B
XZI
DGP
fWI
vzL
vgN
fcJ
qLO
dBK
DF
wVC
zJ
P1O
NsP
oD
2TC
tuR
qqG
0OM
7pB
Z3F
n4B
R8L
3sQ
tRI
vyN
gXN
LiC
cVH
rFR
jaC
bTJ
bDM
UkR
ASK
6DC
P3D
2fO
4RL
rTD
MCG
2JB
eFR
C6E
KhK
jhF
SGL
1uJ
nEG
98L
1VO
dWB
d9J
k4L
eCO
03D
4UP
9UJ
EbO
y1M
XYN
WRQ
piD
1JI
JgQ
a9O
9SB
WYL
YwL
FlG
SRB
uDK
lQD
rpC
7BC
dkM
flB
zeN
VjM
56G
VvE
BFD
bJK
YoB
62H
7dC
ENH
7gJ
FzN
5XJ
SvH
ucP
OzC
UVR
7SR
EEH
ccI
gnR
o5R
9IM
XUH
rIL
ADK
CKG
d2G
mmD
6nE
veM
rxI
zHR
BxF
PFB
EDE
NIR
LNG
OKD
xKH
F2O
blP
p7E
mmM
ZjR
nZK
nJB
maF
VjI
9gB
BzR
yVJ
QnE
58H
OwC
UjO
NhK
YrN
2FP
ERM
yHK
mnK
XRN
KXL
73P
SCP
jgO
AuE
RyI
zjR
sOD
m4
luC
iBG
o1M
x5F
hrK
WtC
7aJ
OGG
lUP
XPB
bzR
jlF
XcN
LlN
XNO
7IB
TUR
ycO
qMG
sDR
tdC
FQH
zfH
AlM
lNE
EVI
HTQ
aXQ
vVD
RyC
RpJ
iwN
icJ
0uG
E8K
9IR
zNM
u0C
fOF
ISN
jiB
3UM
I5L
MOK
DlH
FzR
fnL
11E
JcI
kLK
shN
NIK
QeP
kJJ
J2
hVO
GPG
hrR
KIS
JGL
qxL
LfB
AVN
GZJ
2JK
jrB
mnM
T5D
tgJ
VI
BZO
FNM
HaL
