U7H788230W2N053
F3P582539A0U843
W4O411248X0G504
B5W450678W7K565
I9O130873R7Q824
L3L131365O3V688
W7J138078D9D986
F9P091056S6F679
N3U335526J6E498
L2G706712Q5W848
J8J504259N9O660
W5M040237Z9N883
Y1E342052Y8B558
V5I412074D3J608
V9T812264Y3S031
S6G847930Q0S690
T1P537452Y6E668
S2L547612D0X122
R9W847677O4E869
B5Y003623X8H599
D7V964953Q6J512
G5Q826924B7L022
E5W109990O0F373
E0H023130X9O550
P4I447719V2K161
N8S270117M9U634
S4Q889534N8L373
P8T199182U6P751
F8F356485J5W237
O3G012424M7V719
E2X683603C7Q000
W8T579819S9H927
W2G670615S5E463
U9V056664Z7J349
L5T564028X7E330
I9O080303S7F304
Y0S177701B5M099
G1F710266H5J102
O0X301759N8Z468
U8G627535E1B711
Y0A481789X3P795
N5U172995W3E738
P0G707464P9E177
W8I044466V8L220
H1Y975058M2M704
U7F828399V9C512
P9X778367N4K388
I3O146892I5L475
O1L601645A2P097
T2X915284B7P601
F6V582239I9Y310
O6D660006F7H841
T1M753815N1C020
K8C573190Z8Q475
G1D718130G1X239
F3N462004Q2A910
N0L470508D3P999
V1C587678L8K222
E8X168776Q3P448
J6O866165E8C263
R2J922943Y0T763
Q8D425002C5P073
P9L108064O6C809
F0R772357B2C938
T5U054353K4I481
E6D239738Q6P156
N0M165628E8Q708
H0K128010R5H326
O1Y327022B8B693
S7G506588R5F424
T5W277511S7A652
D7L197428A9Z189
P2B295475H4X017
Q7W702552U0I281
Y5H444059R4R279
V4U125491A8H867
Z0W363556B5I091
Z9V033232U1Y210
T9R906704Y3K709
O9D362858Z0H470
U9T105629Z1F844
P1N490380J8P796
N5B939942S8G560
P0Y170233G1B324
R2R984713N2X135
O5Q719623O3W022
U0O056767W6H076
H8D660703N1T137
E9Y021403W9R050
T3G601580Q3Z086
V3C020600J3E700
P2U332018C4R858
Q4H792236Z9N520
F5C080126G0L427
T1D561836E3V564
U5N031702A5U835
N1D885218W8J536
S1H189133S5O749
V0G401400D1L980
Z5Q737518J6B204
G5U218757H4R196
V5Q927707P2T695
W9G368802Y0A674
R4A520831Y7Y787
V7Z889850T8G256
T6J024180C8O031
Z1M461262Z7B184
R6I948901J5I443
O8L138768M1I299
D0U621656S3T229
K7Y200035U6I012
T3R172123D7D867
G8A030449A6W217
M1G873818C4Q494
E6G371907O0Y819
U4S759347U7Q783
I7A257839T6P940
C5V674139P7O627
O0U330395J0C906
D8C487909C6C972
C2H336191I8B019
N6X228396R7U308
P2K038286J2O171
Q6M467626Z4C015
P9W008927I8P162
K9I844565H7Z419
D2E087346L6G574
J1M304229P1C822
G8O538412A2R013
C5V850030I2V654
T7T769861B5D211
X0K419123A1R419
I0N547733Q4T506
N8M612612Z0L987
J1M731867Z0T772
R2K530666Z9L924
B6H947866D4N568
Z5D618143F0A528
H9P658794F1B546
O5T141822C0O661
N4O347551E5L034
S9T283234A0G568
L4U114975Z9F536
I1G390986J5Y358
J6A648328N6H138
Y6I126104P3X541
I3A953015B3O431
P2O434324F1X883
J8J534139H8X132
S7Q186476U0Y202
R4W810452Z2D421
U7H348668O7L916
E9L234916D5J810
V6T060723Z6M299
F6R005732U7K197
N7V301632S2Y225
E5W151009I9J591
C0R848514Z5K981
O8N956381C9Z736
S7Z326767A1R558
J6A096151R1Z276
I5D648575W8P867
B6H397491F5B419
T6D098924V0K442
Y5T431684F7H926
W7D250231C4B333
Z4L802444T3N291
E3X217898E8A742
C3V740872O8Y072
C6Y830924O6U675
H6E264285B6S327
S3N105813K2I206
N4T570795G6M064
S8K417589O3O581
Y6A834239R9E354
B2Q081095U6Z547
X1W248401Y8D445
T7W851801M9T477
S9I434308J0Y613
P2O910400G2V164
M8Q805831Y9L127
Q7B955167U8D878
I3Z556512K9E438
V0W635391M2K663
R8A405180E5K817
I1W329000P0D304
Y9X377675X4E558
