43009
74238
48070
30920
11430
21055
77671
33066
77984
6349
13865
1683
140
42530
30194
21860
21813
63304
8272
20625
31426
19300
31940
18233
42824
38983
89312
59623
77392
64259
62309
88223
77053
59070
66345
43932
33765
12350
38032
47132
76023
76209
41366
61531
57393
87781
79077
20725
34944
7128
1345
21967
60427
49414
76171
23724
7333
89251
19809
41006
28360
6022
35877
56492
16019
24745
37
67742
14327
32389
86252
81378
61821
30564
36883
36032
70411
1062
29473
66168
43989
14394
18513
10288
74074
41824
27324
10263
71400
159
10859
56573
7277
88345
32535
85893
45927
60817
22118
3406
79224
52059
40797
60441
40426
27541
35528
5322
69542
43960
18178
87922
21379
49848
40983
7891
38608
29155
18518
29690
1525
53508
65413
32826
26655
78792
31310
61014
50904
59061
54911
47405
44276
14264
24295
15573
61301
65004
41927
74156
65254
4854
3975
65287
15549
39545
69736
52131
51639
11450
44468
26685
10329
17548
61468
12035
34183
53488
10563
56034
14795
35910
4219
25487
26744
73866
40515
52164
87077
84337
87744
19882
9606
57973
23462
6365
30218
21096
46187
2514
52082
19592
41830
62600
59449
23741
9353
18436
74619
30517
12311
12874
24861
782
9221
13123
74887
11760
22904
59579
31181
4937
22374
24450
51330
67388
67181
88521
57780
13908
64862
3293
19452
19888
43745
81139
14931
87514
64248
75106
85430
70200
82752
37634
26539
49403
21
42653
25546
19855
48681
52597
22933
86595
10076
42523
51693
74189
88870
5593
27995
6508
40241
30816
12650
10805
81678
40018
11785
87311
19493
60134
72107
53473
46375
7321
27725
60592
58798
9220
46318
13870
82367
56572
8723
87090
85557
23032
12260
47710
68128
42701
23816
16001
9800
51803
68046
8350
40936
26485
37306
59085
42241
59881
49231
87429
86151
1538
84802
84900
45081
9348
38024
83725
26444
80212
27042
42442
40495
49802
28803
55141
37503
64313
8718
28431
10559
69246
33016
4650
49367
51137
42668
11787
49091
45784
57293
21233
46075
26785
75604
28619
48232
8744
37188
85245
55058
38377
75942
75233
33873
59495
45590
17307
16203
83632
7864
61280
52867
71357
54739
11747
6435
78631
54793
51061
72594
14106
73275
1349
41430
60491
84202
50399
31073
8516
15879
88217
35995
57705
82413
1358
52278
44441
64761
69382
20304
19003
17561
50973
50649
63255
46231
14131
48242
88256
57836
30365
36190
77763
7093
87209
56222
22251
4968
53021
15817
79135
55654
9724
56382
5124
62633
44793
56696
64516
40323
72748
66517
16502
5286
57920
70717
37698
25200
81142
26452
13320
43211
42354
7536
46516
62278
31069
18984
79740
49622
30320
84100
25758
18095
52096
50964
11013
64257
44178
19785
82462
86113
20231
52155
35060
10611
89199
14706
61434
45230
65853
51355
67732
78064
4166
8204
30259
39578
16002
26687
2738
65123
80864
1065
22140
35276
74182
37392
57916
17695
54171
44418
82216
45878
66226
72751
69442
46743
65659
39327
13984
82841
66947
61078
81993
57114
86558
44596
6571
19599
84102
61045
36606
12521
38864
26336
27845
85545
43038
31472
81597
86280
39665
27497
27594
19915
10946
22691
9341
28839
64839
18526
45482
85924
29222
80642
86237
38220
88882
84287
6548
16146
64971
11101
52196
29846
22109
21824
89087
69764
9145
58998
45816
87153
60661
85099
60722
60486
21642
23646
80586
29704
51319
19840
71110
79985
61470
65516
47267
47049
1023
57008
276
9082
14913
71501
62906
73326
83266
17612
86985
43294
64781
18163
23451
4407
74441
74814
13679
16893
9071
58987
71833
76244
9000
59533
74450
46736
29628
51142
32527
9188
761
33776
69082
26064
50408
67650
25078
49369
74515
45933
14139
44780
22383
14072
74319
82844
51530
19147
75480
52932
50731
37444
25968
12454
27374
37887
18048
83568
16798
21249
40981
22568
34492
88589
24081
13088
45060
71336
49881
73066
1850
13875
16289
32235
20479
52533
50275
71473
12274
46575
48507
1865
37723
76903
24722
45758
62152
54232
32922
51838
38760
52368
64551
46827
62743
83295
8624
18394
21872
60298
54828
17642
81208
2741
13055
38413
42639
18487
46973
980
61615
11929
11496
3404
24449
82230
24675
79126
73187
21765
87219
80414
52915
81787
48764
87512
3794
40690
65641
46383
8633
67937
73552
67765
72259
83100
22698
83074
84177
6104
55974
41634
65790
48634
31554
27449
6857
34088
70799
79787
22486
41999
58143
85888
26693
63661
42273
88446
67425
27649
35521
78565
6755
75730
66595
12954
57136
37809
29230
82615
76062
85665
68490
24515
17179
54108
56997
76706
69945
7221
15751
24850
65150
20145
11521
29070
62321
77182
29565
73597
82227
62493
73394
43602
79496
69705
40439
83380
31828
56280
85461
55027
33953
50879
24020
43712
38160
81174
71772
9994
57887
44811
50885
55829
61503
51725
58573
9197
39915
81545
18651
61427
2425
29741
38816
59873
68097
48747
89335
35187
21353
15724
9973
25409
4055
53585
34489
3518
37563
4939
43010
85496
66682
20722
80966
41031
18243
46386
89446
79160
18137
31178
4252
51886
28430
48982
69020
15978
53459
47582
21502
33569
40971
15164
41985
33102
32848
64865
64954
49387
18615
63097
57116
79410
7179
11261
45062
36068
69262
42009
367
47435
45100
15035
46935
41498
88579
88695
54332
64466
14885
63921
86333
43192
12816
70616
10055
3863
30560
4038
56789
33301
42854
28522
47266
86337
82482
51700
36276
20021
24374
3974
66495
61731
23509
74507
87945
42478
61379
33621
134
8334
25535
65858
43123
21128
22559
59530
27478
65119
15179
83548
74939
59156
19669
78973
3789
65624
76160
87119
82918
44143
45567
12771
6201
47492
23965
31284
52624
64561
891
63283
48556
8759
54824
45694
45521
44361
6034
17451
66696
9674
18380
70606
76383
84647
47106
73147
10502
67450
72407
12627
72646
15679
52043
36724
66247
57646
17085
18306
20243
54199
45699
22276
58327
19937
28136
19507
56158
14787
53011
73204
35428
42424
23866
72127
64679
36195
39562
65864
22310
80117
42913
78439
84751
40988
39704
49509
63619
15583
13526
7805
42412
73918
38712
37984
69019
11850
49735
47821
79864
89429
1574
3436
34739
89422
69954
71757
72530
72889
80962
70656
40068
20437
82137
26764
23738
16116
3338
81427
29094
48920
11091
28708
2528
74932
22897
51839
48375
61068
1510
2069
28149
1952
30297
68219
20286
88322
51699
33616
21245
38682
19983
85098
14852
67653
74133
88707
15018
14626
47044
81641
27498
2288
25129
7213
30199
53426
44839
48943
6677
81745
8811
83656
23068
49157
43947
45519
42759
51737
56941
33233
46249
1035
1649
38648
5578
35470
4868
53178
48626
22834
24121
61229
63025
42560
89288
47727
60623
11570
46912
55329
37640
20106
70381
86877
61682
74793
62615
17140
32899
58788
50661
63900
42458
36294
2439
35551
53995
79543
13803
4736
85320
47064
10913
56505
75037
86061
53714
6957
6973
81944
88704
39877
79417
83307
60319
45242
46942
45486
17395
5475
79895
66555
71627
17111
72545
31092
78087
62750
27616
46229
33887
15589
47888
63703
42375
43564
73052
19102
14797
46546
85925
16849
43235
43724
4213
30448
19074
61553
3737
59845
8702
26761
55708
63764
59840
5493
22565
18347
35033
20313
78383
40302
18162
31280
55048
83743
53434
65977
86084
77488
85215
972
28592
50216
15977
67322
58477
87799
33027
11154
18863
44540
47746
56748
48601
63577
36712
38893
17498
20792
83980
81084
15891
27007
53823
31056
56087
71017
66577
32891
15393
3934
60070
39446
30356
52998
48092
12145
28023
7393
8917
84006
50695
53325
18747
1529
34228
54094
76191
27183
29662
85719
79280
28520
5812
6408
28350
295
53618
61758
9497
8202
64886
18212
13313
29277
32349
49043
35552
13877
42277
62618
72947
86755
58840
63463
52032
60290
56445
70362
36587
56069
36960
42112
81881
41214
41417
58331
14376
3421
6203
70490
21381
2073
35003
59564
13507
45479
67057
9380
23481
63820
56142
74574
3428
81766
84247
57149
76920
49419
33039
65500
16086
4118
29829
8500
68884
36233
55445
69161
50961
37776
34306
49099
55846
74611
52537
83462
76414
29526
15146
75350
41370
63222
13762
78894
69125
77540
28417
89316
14282
78093
76110
38960
64530
16415
25726
36582
40956
38035
62222
79762
55536
39429
82038
27201
82301
71928
4702
46692
56978
43208
33857
21815
12080
70210
50678
45660
78199
26088
55468
51406
74994
33829
16213
26123
60929
36945
82869
2611
34472
24664
37407
85307
24389
15830
28901
1889
78344
57918
38013
86771
61165
19450
38881
55242
28635
41232
58666
26420
46999
75957
19310
18642
69808
23770
34722
29729
27913
30298
39539
34494
19981
42312
13893
14946
373
18604
1228
33174
88614
13863
2775
21440
26486
23516
66479
19870
25108
56265
24403
14485
69212
51183
14973
32411
960
14274
76930
38658
32657
29351
32950
31901
77208
76567
79199
82781
31994
17073
89505
48192
42792
24531
21301
32803
27054
27990
24637
8404
2991
27971
45184
79467
5542
64343
64122
84097
57049
5854
56358
27889
5119
21980
32055
57625
6650
9993
4218
67389
45349
66768
1670
1707
16050
69828
88112
17770
55197
13009
61690
68220
57769
75136
31193
35578
671
33385
56775
85909
39060
81955
702
47916
77634
58871
31321
6306
15144
81697
69236
60166
12406
54368
39255
65322
70215
66873
40223
71137
7958
66064
54543
10762
47484
11407
6636
39190
89462
43647
79409
84196
6241
57256
45372
65193
26541
51935
76061
47908
37492
34405
24931
77999
63168
13038
69928
2980
50137
68789
41321
43817
56917
40090
22406
23244
58515
83310
72344
9543
77814
71419
12882
79728
5348
21634
7802
17616
52224
85640
14661
71165
6954
73175
56570
62819
66007
8502
38229
26945
66302
63676
44630
7921
29248
76438
45296
77524
80908
84718
82445
30127
29037
56844
32484
83427
13918
21510
80986
68394
77658
6777
56195
25681
19598
11900
82733
41217
66567
9015
9925
25226
3289
82427
42772
1606
81319
36763
24609
46653
6627
30990
68347
63211
36323
12807
61010
5128
6382
22857
58074
57804
36475
38366
11393
78873
64088
48822
63272
4794
4893
54503
40239
85358
28871
14638
33115
19112
63135
31433
62022
70198
21683
48766
69644
15057
22717
53393
5913
22831
27839
65233
22162
3068
49118
86206
43573
71383
27271
13983
74657
44687
37584
84110
11304
69803
80482
3359
55586
66610
74908
75715
82962
78063
27805
7440
72395
44543
84496
30607
3497
47357
10423
69135
18672
15400
5361
2917
71277
42341
35872
64337
73621
40646
78995
18173
381
78830
57249
26044
65899
19946
45317
62008
20350
57907
75520
78646
18705
20354
26710
4834
9578
5175
57237
6850
44603
61394
48167
13795
3216
82348
18754
76253
15612
75633
74525
16212
62405
5781
7597
12044
46983
60898
65813
66749
74763
80898
42102
37170
75810
27605
79731
3616
58343
6373
44373
51476
64094
19012
31168
47213
49494
3636
62741
86286
16383
6355
60844
44768
1991
3460
14019
24494
83695
61147
72733
29438
87317
11089
63117
20287
30763
36684
32992
18995
9203
52764
71249
9730
25157
84583
89432
24322
45749
38653
22032
34217
74629
82325
56074
70284
74912
38123
70544
8353
29535
31440
11196
80688
5153
47440
83287
20126
62478
72060
29107
68751
18551
68424
32187
8232
16478
11471
52635
75385
28993
72628
48768
81844
66223
31122
41766
67115
3087
77301
1599
1353
29434
23615
62957
63125
41899
21016
21516
18533
6950
53976
6210
40013
32556
17184
50862
88843
86416
65448
27491
86938
16352
88071
21941
40601
64436
26855
84136
3138
37903
77942
35130
10208
65872
40822
28862
69126
27694
35283
42715
46254
61009
60874
33582
44164
87797
16943
79440
10787
71960
22674
51424
52308
47676
74078
497
35084
84894
73870
19225
46897
23077
46994
31996
15768
4875
41015
15438
50149
9571
48103
61931
48159
62411
72516
84232
25426
39500
41700
17635
81055
26292
11412
26272
81100
23163
19188
70182
17230
34169
54464
28240
73872
85121
16766
26625
48071
79268
11695
40899
47919
7431
20564
60694
5139
55073
47826
73423
17912
53631
4548
54681
88069
57153
3545
73615
11298
85841
16944
30048
74235
13056
84696
49690
29328
19608
70484
83146
57341
62157
52369
31639
88830
12610
37875
1438
60318
62557
45902
75918
28305
15748
7413
79568
26543
5468
32569
60006
61409
25282
31356
40821
84312
58626
24249
82346
55041
88273
13409
14592
9284
22280
36094
78282
40729
37924
25956
86774
48473
29935
14415
84448
66711
43036
13400
83705
16227
25502
40408
7144
38740
77979
16326
38711
73019
23475
35903
80005
84944
13052
46524
82497
19145
26993
73831
12916
17562
32183
28102
9174
279
37148
15351
83834
67663
15281
85080
63905
53511
27505
65270
26294
23263
77427
67566
45689
88471
71363
311
45598
41260
51299
27517
75875
17501
63498
6159
18472
44863
55383
13496
81667
62117
67751
34115
55518
76223
82234
84087
62291
62861
63699
86417
5165
61164
35488
8189
11717
76558
12411
75876
67033
69913
84047
56163
52053
20214
51984
70747
8025
6199
37226
9646
8058
59442
43678
32477
29049
82042
49842
3221
28331
58191
73736
56365
58338
56848
75723
2616
48308
84007
50825
13435
71923
59984
83857
48209
45810
94
63477
54852
78158
74800
19964
72923
58614
79899
16655
63428
4929
1856
42693
88980
88092
88824
43404
76812
42326
68304
82273
52024
11978
81342
12158
80224
49797
14232
38526
1640
12403
58076
12668
86898
12672
82575
24659
52999
26712
49165
21652
41651
62368
36773
85458
28029
44109
32058
66613
28819
24682
85165
25326
28079
66289
73291
68205
36392
73368
39379
88860
22288
58484
59911
42268
46118
58353
28347
41166
69373
42594
35517
23344
23028
37021
80127
25011
40808
52136
56826
46764
21500
22743
45300
54805
51558
43249
85489
6557
47418
6073
60096
51764
84805
58863
77138
37858
68844
78939
72279
44443
37117
38064
11274
71919
17617
31147
43467
69052
48525
49177
54641
56811
32909
67504
87835
3577
6790
54006
67153
18834
4193
36208
5574
27384
28529
12891
48853
20995
89100
22425
1088
42059
21058
26861
66175
51520
52893
68408
26205
82141
58508
42636
47962
11793
15150
29852
4495
87046
17160
79250
49472
49227
58469
76024
23362
65195
47718
233
40092
64753
63314
57082
35002
38620
9638
79487
61107
23226
87898
3692
17725
26472
35467
49517
20167
79045
50324
33998
76609
19741
42620
80310
32434
36967
77895
48250
63832
19929
51176
63766
3639
15774
34871
37145
60448
8261
396
42951
16175
48269
58332
28287
80378
6810
21463
80608
18775
71860
18724
35268
1145
1083
49560
26042
31635
21924
8472
60066
75203
69639
22034
16393
72637
86652
14738
53107
21051
51770
40961
54155
81774
39465
61589
72359
8218
16491
595
35964
57927
8481
4738
151
56363
65061
65436
13040
52386
31566
56468
28346
72702
13316
15473
53724
40958
47899
89385
1097
51117
50212
22252
45218
52572
80913
73332
49678
67422
73593
69654
5993
9009
45246
53524
23425
81640
46348
62118
70147
88661
16206
74535
39778
88759
9839
34841
10089
19936
71044
38923
27339
52655
6971
54186
54717
53326
65125
84920
82123
1073
68420
63496
24812
43961
53396
27851
30660
77081
52251
34973
33900
42141
51016
74985
58046
15180
6112
58371
75019
9228
36226
51847
15730
57570
42357
34229
38086
72998
35063
56699
27515
7392
388
55055
87463
29884
23897
76926
66965
71746
48249
58339
60910
15448
34559
80742
73526
47022
44273
58854
73158
79027
70008
66684
3426
27931
25866
17942
24334
45489
40520
2760
47475
1232
74686
21847
36374
5451
75725
23881
57215
42023
57532
62843
39013
84025
51045
25246
35464
9505
59864
39149
9347
62142
59721
70857
3645
85598
76471
69036
71608
34719
11758
31596
78844
55903
26517
24050
12564
10097
74166
63713
61283
70668
84384
26831
45827
68493
15030
27727
62815
56125
88079
19510
53498
82907
41128
21688
68761
13066
70520
29510
24039
87509
85870
33140
47923
37607
2493
36037
58702
60567
88334
40024
7229
39011
21504
10543
42880
52149
32460
57093
77399
21946
70073
1822
21601
81788
45825
27669
6848
7599
61881
17822
50249
52185
30447
17951
49546
72892
68832
23299
32531
60779
21341
59154
83734
66327
2677
8694
7774
30226
17918
26347
59884
69701
68114
4200
21477
10888
64051
75083
20500
55401
19408
68760
9557
8988
1278
67077
42329
4011
27739
58540
48844
59520
24363
76776
50658
22452
21707
86006
12270
37239
5071
89234
25720
31672
78694
88415
78786
52540
75113
29851
60837
23145
85280
84743
53
741
19444
5643
37823
28798
18650
65135
45098
84476
54043
32886
1122
67090
62489
20754
12975
59778
51719
4357
89538
22285
42056
4481
40483
81652
12183
49663
80346
19297
76851
83101
37282
63783
72345
50819
24991
57764
50751
23150
61526
83620
74798
10976
80460
13453
5044
40725
21698
81842
66902
50841
6684
6737
13595
28530
57793
44916
84775
79054
9783
64671
85596
71302
69204
43520
36359
71227
83601
48328
14919
4185
81105
13828
42409
16836
72932
1486
81266
83807
14393
52542
72538
33125
37308
45250
73586
55125
8234
42470
11445
49871
15554
24943
61968
75954
879
64458
34439
32276
32751
84867
75102
13462
89266
55206
78840
50369
87884
12612
68941
66292
17103
87611
53024
38047
3854
54990
37919
13658
88732
47870
21000
56218
67249
41136
42614
82087
28179
11862
76672
28557
64047
79259
10191
25737
70193
62215
58065
42157
52880
60589
83520
32249
3096
6543
16076
37677
780
27712
46183
42342
7899
77271
41310
89035
73382
12160
38940
14427
75011
3808
50387
56110
77717
62595
39219
64911
55177
88310
42533
55794
72309
52041
41042
9708
75625
74999
63597
80008
13418
82435
42041
5558
6283
37857
82718
26089
9332
71559
46277
36428
85878
33668
11345
51741
62648
9328
60536
13252
7087
10172
8036
10921
15683
9502
47784
75560
11992
16419
43834
85465
57063
69364
18636
31965
83967
61671
12370
46682
2785
86085
39370
72570
20211
67646
15108
13777
20302
62519
58723
40139
48663
74414
1830
82714
30702
55257
43574
68809
73520
13169
62756
82625
27942
50288
30262
36113
505
77727
71888
75249
31008
77389
58075
11950
1379
73799
23120
38025
40345
49191
57057
53004
75488
67141
52645
42453
22494
38971
70103
69929
59890
40114
25631
35368
5524
40709
52416
36620
36328
12288
8676
70849
36187
4861
41587
30589
80252
73566
83360
84525
43149
53709
16904
41898
4597
82699
33232
56319
66471
83658
9749
2953
11991
7359
84891
5338
28082
6067
49924
27547
80040
16100
49411
15193
74790
66128
51237
73775
29358
37804
27
35042
63377
70516
32520
2539
44990
61338
73724
60561
32620
86401
64218
47873
30158
4146
71790
12888
79630
48871
73787
75863
21656
46112
22816
19023
47594
88030
82093
30293
74076
48641
79319
39641
68787
64921
59374
59835
37757
84945
11840
70166
54197
81435
9107
57460
75722
36008
44450
62931
23884
914
74104
13889
67919
32781
17752
77582
4956
80323
15815
35176
1301
23466
58063
80149
78632
30210
44677
53308
46707
7246
62699
73973
43911
49979
48722
71652
862
46146
54699
81167
14177
14568
82577
74333
46792
86329
43913
4199
3347
43012
54638
35456
12371
65832
20551
12249
18303
3032
48080
84077
45990
43852
71817
49225
14777
74382
75164
84656
43329
89399
53379
12958
5954
56829
18563
25548
20009
86808
23156
46625
61080
20542
8535
21794
78895
72636
20954
26436
88289
39902
51408
238
47324
39869
25107
85769
22648
82176
49544
45604
21922
11286
51645
63932
45991
26127
63465
29292
8635
59685
79115
48643
65128
39668
41719
57357
16979
2863
60555
51062
926
16949
50756
57099
85718
39258
67279
43680
81131
62855
13829
57822
50452
57048
87283
36429
40484
87204
62150
88369
34635
26862
87707
86130
877
30407
32697
1057
68766
1906
50224
25800
70442
53999
54728
46751
6535
46543
28641
44970
49807
77142
6832
44033
49543
11594
56907
65606
81437
43367
62857
2274
32964
9819
69674
48436
76408
44338
59203
14937
29419
706
81648
44737
68576
54085
84462
19068
35665
74121
61072
13766
57819
19181
71237
30680
33248
56800
68933
80488
32211
18245
57465
49806
28549
27352
44115
87247
18928
41672
24607
31908
26424
17378
52463
86123
29367
68302
27423
36019
53881
89277
19385
4580
64261
85011
69277
16800
5918
49272
30951
80327
43554
63695
87332
89131
80339
825
13054
61933
46820
11455
77029
51970
58548
66622
67946
673
45285
10607
29138
65417
23936
84014
830
87878
58378
57615
18097
83514
76664
75260
57776
9616
6647
60092
73039
34692
16141
31134
73149
64702
83528
35164
8280
61170
61721
54005
52944
32021
48261
10364
45048
32692
16342
75785
54223
15959
28722
33454
69192
41120
48049
21044
65775
68833
88711
34178
54201
84144
16697
31801
79329
57935
20734
57765
16299
57156
18968
38216
29800
28407
15016
84979
58020
63166
66704
69519
4895
38581
5688
18009
40507
35935
48060
71057
25044
79188
34863
24162
59017
31173
16044
24486
74857
59789
17722
25566
68963
80536
45397
75272
36942
74558
22927
28565
39043
10544
89000
63085
8330
30756
74080
829
89332
9601
82804
75629
11832
44493
9191
9777
34539
52983
74313
76081
84299
59865
11877
35238
84560
51341
72641
39099
56560
87565
58287
11216
62148
79903
73199
53182
63404
48836
43241
68190
30323
86069
7678
47287
77791
63855
11123
76885
58375
26016
86422
88943
18475
43303
82880
24755
36590
33755
45719
83852
28593
11121
20560
89263
85845
49761
26568
17624
13036
61996
35021
2491
60692
31258
62624
20973
63016
23818
19479
79083
60295
15971
10535
65987
59980
60239
27427
33181
11054
24687
74127
55077
23942
72877
15682
43996
65435
68866
36275
