7289
6708
9040
2635
10149
10332
8629
2554
3291
3076
9000
7035
2905
10577
5840
8910
1770
1046
7783
5578
4532
4703
9574
5877
7768
4933
3335
7898
5667
784
8973
4768
9195
9543
3997
9082
3971
7375
6884
913
7661
10224
3187
10286
9162
8720
8311
8481
2085
3980
9094
4932
4340
793
8533
9252
1391
7247
3311
4186
4802
4868
6710
1141
4513
8423
2889
9898
4086
1754
999
6041
6673
1643
4084
8750
7478
7192
2131
2724
8648
7189
5996
8943
10773
6909
13
1152
3613
6737
8457
182
9943
4108
6034
599
4138
9219
6140
3893
10637
5766
8319
4107
10646
6593
7765
5300
80
6203
4698
3572
4364
4608
1360
8102
7343
9623
5878
8307
8638
2766
387
10768
9538
6595
9326
3637
7565
3306
6082
9259
6174
5169
4127
5743
7983
4046
4077
82
4695
6590
5416
5260
7141
10152
164
9460
6555
4966
1913
359
7745
2528
5413
4918
686
2773
3940
8084
7212
240
1950
7010
10042
1137
6636
2764
1323
6131
912
7377
94
1170
1565
7452
5264
2926
6728
10634
2144
7146
3881
6239
8441
7726
3830
8001
7937
6399
2034
3074
6978
6567
10348
5992
651
10388
32
9464
4853
7924
4672
1956
8427
4316
1875
2461
5482
4972
4137
933
9794
10709
4323
7610
4354
5535
2727
2233
7280
9768
2150
7358
2129
9670
2597
9878
10476
8106
1529
8710
10749
5848
476
102
10423
6756
5699
10378
8036
2961
9680
4600
7902
5619
6665
8345
402
6258
4566
2729
7090
5150
10711
8041
1148
4379
6307
7821
2567
9582
1327
7348
5039
1076
7934
9501
9112
2499
3158
3051
10574
3541
10674
8056
322
6971
3486
9699
10016
1042
4453
845
9236
5510
900
1562
10347
3061
10132
4595
1504
7690
9981
2893
9808
8184
2391
4183
6471
3327
4958
6836
3052
1110
3415
2195
3852
1707
69
1760
7941
2865
1877
10331
2392
7200
8536
750
6921
5519
7504
470
4145
9909
8046
2390
5677
9061
10752
9042
4219
7896
6637
8366
8835
3488
8818
425
10306
6803
4205
120
1831
10406
9391
9045
3057
2199
5478
7354
2378
5618
6476
3164
8514
5411
3611
7985
214
5053
6408
8127
5421
4938
6007
7634
1341
10616
1957
2249
6494
5849
4663
767
8099
7761
3693
1318
4285
1517
1265
10562
6426
8060
1863
4813
1096
8458
8794
6947
1369
2388
8780
2668
1560
6954
634
3904
6523
5448
5287
4693
863
8424
6121
5690
4717
7715
6873
2602
6091
5586
10785
129
2315
10075
10626
2619
3287
671
6032
8834
9642
8711
2692
10276
5221
9273
5819
9931
1721
4394
9012
1844
10160
46
1894
5204
7474
5030
1231
7935
3762
1888
1727
5938
2637
5530
2456
579
8975
9221
3742
3951
1038
4423
7059
1060
7740
6066
6528
10382
3956
1249
8861
7228
6272
163
6946
3081
3734
5997
1116
6735
2686
7851
4425
1636
8875
93
6949
854
799
7009
6850
1336
4415
480
8463
3120
6220
7521
1522
9638
10408
8223
667
1376
1801
3537
2613
6664
9333
6472
2649
8836
9596
2795
1540
1146
10273
2566
9865
4185
1434
7666
145
2999
342
5687
4454
1703
85
3936
3954
3554
945
1890
3804
7828
6948
9769
6360
2250
9809
5
2022
8627
4351
1713
10371
2370
4800
57
364
10648
9934
4324
9812
9765
9497
4269
3135
9348
10632
7885
4559
9166
5549
10210
7351
1390
6869
2016
5745
2957
511
3864
10661
9419
6766
6762
994
5442
9684
1208
8670
314
5815
1405
6991
8118
7822
10691
2114
6107
8792
7391
9334
5998
338
775
5931
3190
4234
4288
4049
8131
9322
8811
8490
1419
9047
10533
3867
2248
7904
9360
284
6404
10813
9331
971
10715
1923
9450
3116
7664
4525
10554
2728
8570
5420
7360
3560
40
327
7564
4236
3910
1221
3402
2661
9110
4341
2757
9031
4683
976
2771
6182
9144
3546
6296
2627
5650
6406
9021
2060
6531
5545
8979
3593
7722
10287
9163
1933
9431
5787
986
9507
321
5266
7332
8563
6847
5155
9301
2655
7860
7965
9821
626
561
3657
10170
8634
10741
5724
3793
9091
9095
6268
3998
7496
7791
9121
1779
3696
7016
9258
3452
6477
6613
3820
9420
324
9674
7834
4691
309
3815
8694
2533
5824
4224
1940
8232
5335
8624
4845
6716
8403
8086
73
1235
4842
1273
15
2938
10458
9314
109
8542
914
1421
10379
7086
2077
10621
215
258
7370
3302
3630
5331
4539
3122
5340
7679
1277
7560
6454
325
9627
1302
2628
4259
7442
8622
4671
7567
9036
6848
4278
1730
7544
1701
9950
7353
3805
10081
6615
3781
9949
10750
5118
3698
3049
4682
39
6581
2959
10401
2193
10597
1320
3798
831
7020
1914
2904
3843
6703
7274
7263
4121
3398
9697
2687
1738
4505
5343
3228
8381
3201
2916
4564
8558
4907
6343
6838
8322
3484
8921
9206
3975
7903
10422
2504
7248
7576
2783
6180
3090
8256
6046
3170
7460
7738
5406
366
7221
8993
7887
3854
3617
10244
9796
1876
6827
1374
870
8016
2371
6410
6582
4996
6548
7268
101
803
5479
2884
3377
8768
5262
9282
1490
4908
5071
6860
8733
8496
3460
1019
9189
5233
10100
2557
2398
6746
7427
1416
7869
693
9374
8976
6914
2589
3899
4133
10624
1067
5932
9748
2117
9740
4202
4661
2080
4843
6644
3205
3707
1497
2562
6945
10514
7995
9559
2212
8031
1993
6269
2405
302
6783
6956
1756
702
8506
2458
1648
3945
6996
1568
68
2520
4719
5187
1013
10774
3188
1999
7499
2720
9658
5285
136
1463
3592
3521
6707
6442
8453
236
4662
2577
2993
7677
4909
7512
8326
333
9317
7162
9526
3498
792
3895
6814
10720
3046
1781
3921
10775
10029
4761
661
6647
10767
3873
2976
1500
4928
5125
7226
8179
8760
5271
7631
4817
1167
6077
1357
7958
10724
10236
4338
1628
10148
10385
7871
405
7936
3580
446
489
6435
7489
5526
2691
8556
10185
4530
4578
5364
1570
6416
7491
7298
471
404
2093
8416
10448
5426
10350
2599
11
4568
3993
1602
885
8952
7923
3454
1577
2110
7654
3176
6327
1903
609
3062
10066
2010
288
2453
8641
1907
5348
6427
4799
9651
1018
1107
7881
6608
5663
1317
3504
6625
9903
7336
10428
3640
4879
4749
6157
5378
1828
8577
3931
6342
8977
455
8843
10536
1906
5214
9310
3656
10200
7480
9495
9230
184
3828
7580
8816
2974
4486
5965
4164
10666
3771
3396
898
9332
3013
5438
1587
5450
3214
8217
5456
9057
4849
1399
7502
5601
4495
864
9671
10320
4007
7689
5883
417
9566
8722
8526
7321
657
5544
1479
5894
9069
8580
1443
8012
4846
2159
10734
3675
207
6600
7206
2532
6004
5232
5936
8413
4803
8238
5012
9203
5370
3834
8766
3358
10192
9149
9227
1401
6961
3002
6392
10579
10241
3136
5838
7523
7497
1151
3425
10627
7846
6207
4575
2427
8398
3317
2459
1776
2228
5984
8477
4241
3365
10362
1670
5467
6432
1527
3782
2494
5009
8608
8314
5322
6473
