4000
600
1700
400
6700
1600
8000
3101
3700
900
201
3601
901
3003
6600
7804
2600
4101
3001
2702
9000
1201
6601
3501
2406
1805
6300
3203
5400
6102
4802
3305
603
1901
9900
9503
2802
5502
1102
3404
8500
2100
5903
2701
7501
3202
9007
9601
5208
6101
5705
3200
3600
2903
4102
803
9206
2809
5503
1802
8407
1903
7304
9705
9300
7207
1101
2902
9207
7904
5305
4001
200
4215
8801
9001
1500
1108
6911
6810
3401
606
2705
3306
7100
9418
2202
2103
3607
9502
3901
9115
2327
4906
9400
2805
1023
9305
2908
8009
8206
2906
6203
3502
8412
6302
1215
6517
9132
6506
7715
7530
4900
7003
8411
9111
8303
8021
3628
8919
6704
2808
4903
4330
3201
1213
1811
3212
7226
1010
405
5020
7515
110
602
2709
8704
9527
9415
1000
3408
2842
4433
508
7321
3503
5000
3138
9600
4224
1613
316
6109
1812
241
6833
7236
9909
1137
5522
9002
2511
6121
1614
2801
1604
2706
2815
8700
2912
8212
9416
1820
7102
1300
3817
8142
3400
9607
2225
7917
2118
8455
7105
4218
9713
6608
805
5828
1325
4502
1128
2503
6529
208
6915
4425
6514
8649
4219
3005
2201
2741
2346
4745
9906
1412
2422
8519
1311
7143
7722
8110
6940
9306
2745
9915
3126
702
5636
5229
9610
2252
7509
8906
2618
8305
8322
1411
214
3227
6414
418
8910
1922
808
7409
4004
6714
6303
9921
6108
5346
7444
9834
2806
6727
3424
7113
9013
4220
1015
6114
3105
2631
1020
9733
4748
5329
5110
9727
55
781
4407
504
3724
3903
2517
9105
2614
6502
4641
6516
7442
5125
734
17
1784
6807
3718
9814
2464
6614
2516
9316
9932
5602
4248
8674
1622
2341
5916
8319
9302
8633
1705
3205
7412
8750
1235
3707
5519
1342
4516
4211
1502
2207
999
7500
8035
5067
6612
7750
1962
3324
1314
610
9344
7819
5810
2113
7423
5901
1523
7813
9975
5826
5908
5619
3506
9214
347
4947
2340
8005
1771
546
222
7504
8506
8104
3723
1644
2736
8505
9718
9728
9067
1894
6407
1906
7324
7545
6731
9629
4254
1257
5124
4412
9663
7300
3734
4011
8314
4919
1014
547
3217
8281
435
2716
6813
4821
8951
6708
1749
6308
4416
1835
9406
2306
6607
5403
2718
1782
1946
5025
1205
412
4111
8439
1807
8396
3624
2109
1831
3974
6706
3649
9245
7027
8406
4141
3407
1171
6025
2707
8937
7832
9848
5764
818
1170
3286
6441
4710
102
8901
8080
2739
7723
4914
6105
1441
8695
6159
7316
5506
3915
3006
1558
5801
4181
2637
4831
1637
2890
9822
7753
8421
2382
9063
5459
4927
7002
2800
1716
8640
5731
8450
7106
8157
401
1952
3165
4351
5942
5717
1210
