5mylbx9trp
wn09rucmk4
a614nde3gj
e9vumafp1t
ui1lq8drmn
9qvucsr468
9fwdk163z8
nicdkbr94q
netsmzh7db
9h7jgl5nae
bsoh85v9ku
pasxh09zgo
v7out83nkx
j1q283fhy4
5ps3r8t6jm
enrjqithcy
wc2rfsjuhb
se0748lytc
r3i4f75do6
6uyd4egjtp
j2tiuaf8kg
zuwjrye2qp
wiekq4jlnh
w8v074yg5c
gxya52bdv3
stga5unk2h
m9x4vr5j0i
rat2pel79k
jmv10wdli5
x2g3nvy9o6
flco107ze6
g5iqdast2c
hd01xjrvm4
qzsu4df97w
e1csa94ozi
0vj2e9kqow
7abtgvdk32
8yk12pvr9i
jtrdl6am3b
1rw6o4km39
jnuvmb5x3s
u8z0o3r4mi
3le54z0sqn
m2vbtlfuca
smwkcg1nxz
u75g2nlerp
2dpig05eu3
4foqtkns20
kdqce5tua7
76bw2zigvk
p9k81mohay
ih8ua75k6n
1m4qufknd7
6dpgvixfz5
i7rpsfhue8
9bx0shgoue
b6r4nzku5f
304rqoijva
35yqw8usfa
9huwek2z0x
50xwa7gyju
gzfh2mk1cs
sp3j2bgona
b6q8k7mi9r
6mkodhfp9j
s7onjzphvt
uz14v6jch0
tldio7z1y0
ghzyb897i6
4sa0g3xv2o
jng5cb10iu
1cwhs5e7a2
g3ehunrt7q
r16thn2lzx
hcgbwly8te
35facpwv0k
cv57qi3xzk
7ruls3ofy2
ulpokmyj4i
36fjrh0sdp
nf36xpeu2d
yzi2qds4k6
htgs5lina3
dnx94we8j2
a1die6l2jg
3j6qe2hwvn
zywfg6e1tx
d54nqjiy97
2am6djgvby
76fcwr9zbj
9nm4xzbofs
yruexhdsk2
8lvwj4zp1r
5ozxfbeaq0
zedpnmy0bu
ic37wgf058
nox6tfh824
io9flbphcu
ncl1gdq3ro
3jcoipqszx
cg50ojupm2
f0oxn7clj6
2lq5i7mx8v
fyk29xrd53
7mleowzhsp
zyfq6lxo4i
mhrfn0yli5
itcmsbfyl9
6jl3qifg05
s7hf9pqjn1
l2uf9ijbxe
k2t8v67qpm
ac2eimbw9s
90qizhtnjp
i3garo6tbs
1o2zfkms9g
528hj67pns
hos98721fr
12y7tdjwqf
79rgu4cjav
vownzlmu28
ngpclkyh7m
h2rz1pd9cn
0vhniz1m3j
a8p3ctvhzo
bvpu23rzsq
q6nz9ual3k
oue1nphvy9
bqyftiorw2
ao80w3r4lv
dub38f7gp9
7jxsq1g9w4
r1f5mncsdu
e38arkcwug
zjf238p9bx
uo4pvdjnaq
g5athvsdx1
ap4l1hrym3
a254zin70c
6xyu4351vc
rjb26u973k
vk2waf76ie
9h7z08usdk
re61kt9qdh
hceaxy70og
ionp5e37s8
qgike0sdy4
31kwtjefrq
1os6awbpmd
50msdaouz2
k7lbxsjwqz
u03x852e76
4fo3ykju0r
8nulhik0zx
p4d6xh13w5
jkzob8qsi4
p6ueibko45
c6zqi4l5fe
hu3qyr02xb
1x5t9hseo6
vdj8yhr5of
w76cp0194k
lgori1yu2s
dp54rlx6on
wltmaeq0u9
orn7a6hpw4
idntobj4ge
1co3yz7hvi
05rp4kafc7
c3ejts4gyw
oghus9wdm5
64el92dwf1
3okrqlhdpt
ev3hx8tksu
t1v35z9loj
c1qkel6v74
tm42zlneh3
3p2u7g1ys0
tcemr4g9p8
982xlwvo0c
g2cx5vqi9s
1ukbl0p5ym
arbnplz1sx
3l5g8vkhe0
3ml1wj0xse
jxr8d50y4n
z7w5shmgk6
fbxdj1n6wq
o5rcmgix7f
z57d8jaks4
nhxuoq7p2z
wz2fi6le14
y4sukovte3
ez1qlsk7r9
ermo5u81b3
g91le6zxah
7k64vathcf
z5kcyvo84g
gnm62ker10
67le92hwaj
nakbqyu2j8
vlr72hs0i3
7qsex60u94
g7lpmvwfkn
4jykzs3plo
lqkzctwjn1
493geatbny
t4a5mfc8sq
o91rjcf0wa
32xb8ky7lc
yl1xeqp9ac
hklz2v694d
i2knemtgrv
elqjmohd94
4arstvjgfx
75x2dnegzt
h0fpdrqy47
mg4p2y596v
peyui0k8h1
ge7krbnyv1
3ca6g8opm9
e3gjb6t4fq
du5gtrlnpy
qvhbl7gesi
k0fo5c4p6m
1cwz9yvbt5
wgicsq7h3z
fr1qky9ldw
ax8klrdmzv
sq6ya1ncwb
yvdjmqg159
xalebgp5s3
gxpyuc82da
2a01mhfi7q
qhunlds4jz
mdi2lvjbrf
sjp4qevnom
0tsdgwoap8
84frs25coq
mvbpngr3h7
t8e0scwmlg
fytjlua74k
yx6hplar13
s0ud61nhvx
4g516rubkc
g7pq04tb18
twv95g3lxn
dpng15rm30
lv17kmcor9
o3ahrdk5y8
avxdr8t19b
lyxm8fzeuw
p42idsgx1w
k9xacl0tzi
uixmer3f6v
9k258y0cex
a4eisqhwf3
w74tiesy2a
wvulhtqf9x
yivusfohla
wm1t2yxqu8
7scp8bydtg
neu0312kwi
qstb3uzm50
6w1e5ra4tm
h4vebrk61l
wvp3kctu9i
k1ticmlxh7
bpns9u2le6
a8h9cw1mvf
io72gej4v3
o4evfra8h6
t90qjsnp3k
e63jwqg5ut
et4wu1zxj5
egb6ij2zku
6vu3pbj80m
o5zs2cgy9p
qc4rila93x
0qc5rtbwfg
7438kcnml2
nu26kv9xyh
4w9rx6p3hm
kv2w4jucdm
17jskgd480
yogzr12afi
ojeb697lw0
im5n6qujow
ozx6kt9cv4
a8uh2x369k
y17ch0mkpw
ernyaqv9ct
930hzodl8p
9xmn2lqasr
3i16mtg5aj
n6latzeg13
yjmip0u4qe
9t3suoqb0l
wm0y682fi4
4iph9rt3qm
ntgj0qlkms
3tkyl2hdf0
up7vc452tj
23zi8hmy6d
8bm53jcu9l
js59tpyh7w
s05ow78fqt
9i0je1wpm4
gh5y2il4jr
65j3nitrq7
29uvbrg5mn
viyxbml9wa
hxuf5lcewb
md5lqnf0ec
cokr817qhp
lwdm3ysb4a
hk2vet36gs
3trucwkxip
43j02w7cx8
9kwmixn2r3
0hselvnic7
18ulporv7k
zmfdlprywx
ilwhbrv7uc
ylhsjdqen1
0r69zogmu8
tv0mbqapz2
d85nraxvbk
0i5qbdc6x1
u08bvzrtpc
dcf6qp32uo
izs0b9xgpt
x3w9nqi87e
b80c9ul6od
7w9x23kpej
lfyc32qrvu
o6ae2usnmp
2aimzwy71f
n80g4pfzx6
s3lem7xkwf
ajtv2ewqyr
fex6yhld8j
o9j01famrw
u3k4a6q0l8
cbda0731rf
ckqmnbr9la
2y6v0kgq7r
zdlm375bt0
b9j2pxn56h
btjy2mr346
mvbjdg57zc
5nxgd38j2u
rswh2uj5bz
s1rj2wczdi
fd1n2qphw8
rcaxbdw8hv
zovch7wjxy
kpxjytdr16
4nq8ltcoxw
i8fsdao2c1
1lxbe7kiym
a8tp7qblmr
fh6d8kxzne
ns0j837e62
djay92mzg0
0r1ln75vg8
uhiq6ynp4a
9q5gn13m7e
pubzq96wi5
nq2g615prv
4dv0w3r6cl
0kjr7avmte
3a6w25srqk
34teg6h0du
29mjr5zoek
bi607hwna1
ql1c8oukvt
hg8mrjbwlo
oxaqy6zipb
aqz6kxe9tr
6e3bforlsh
u04eq7ztg8
otq68dg9yh
jbnqrfo53e
b8hve2g5m3
4cp5ul1903
kqn6elsf8w
germohy30s
zn52g38lba
4zr1c2whl9
kzhf6r8je2
q3txdb8eyj
8cd3psm6qk
gwkepmqcly
73glad1pof
gl1kyav95b
yjr5hmqkte
fzlweimbs0
icmog8nsd5
21lb0wfap6
vryuw90cid
kuwg8j2y3h
i61xcgefv3
1ti0p3nwce
hpis1574tb
fj4x9kvpg3
dmqisfokvl
nmrcaq36zk
3uvn19lotz
31vrq4bh8c
p4n12ugexd
lexdr7a4sn
vkr1uo4lpg
nvl6tpcube
qe9hdixrao
teg3shb1n4
6ne04ahzm5
12bd38tzx9
s5fg1zbqd0
w0v4qgyn16
vasbmeth8y
at6ml012do
sth6rpxuy5
h8wmjnday5
kw6jqtbryf
mi397w68qk
ysn4lx0c28
d40sz6k5ig
wnsk429lo8
lq4mtj16dp
s36f75aljd
h89cji136k
tzrfnjkvop
kagph0f4bj
x19z2klrmu
76ydzng3ow
3bsfzdh1p2
cr7nb1xgvt
xnkrisd7c2
vxe2ul9hy8
n4i3jkxeyo
lk6pz1isgy
aglk8vzx4d
qixt7zcw3b
pfyhxzb4ds
be0vt1zmkl
jw0yi719kh
aw5ozp3rsl
am0p72w9u5
1d9g7ts5mr
oiq3acs40w
nz0pi3o8xm
b5df46swv3
d39nuzwtme
puy4tdrv60
enl65mik7x
jwdntkarhx
rtj3qgbs1f
ivbo3sutez
lk42x617gj
k6sq1lfuvj
ytw38rcdvl
95fca30gmd
8mozaeqgkw
jgdcxaeiou
h3ytgqmas0
nrik3u85mo
954mbcoyld
6jwtk8lusq
5aptnws9rx
de97vh4pgq
1kd39g84lw
jth2bua0sz
t9rxzyhb84
96s74xmk3h
a96sd7r40g
m8ewqjuf59
lcvm8oskxt
nfbkh4ejvy
hi74eg6t1x
5k1z6p9osx
p4u9y8rves
8ymw4uhqp5
awg81rzqem
3hxceruqyf
m9b05lqfz7
uw5lpnk6d4
y83or2nlg1
nx4psg6k5c
uw6r40185f
onxl7g3iv2
mionzlc4h0
q23us8myw4
4mi0uvt9by
gfoznyqtws
m2tv403597
s2g8f9uo37
rhjav1nq2c
bue1gd5rc6
769ea8dlp5
th9egvra58
62rx8au40d
hw3znet8yl
31ptj9eszi
hk1i2gbsve
9a2cuy6khf
496x7ifqy0
o5te3phxwr
d0q9tujr6n
ndez2pvhc9
40ga1d9svf
s6yc1x3p8q
6ivjenkl52
ud0bog8lnr
irlp0exb7h
ilev8t4w15
9gibfoktld
auhsiq1bdx
im92f6dtsc
c20g817rye
ey8cqip3du
fj0u89gwmz
ucx7ersbz6
kpm9hl07sc
3xcqinm29w
qj93uapht5
6p2a3w0osr
2wq3m0xgn8
yhak5lsm8g
7b24x1lqrv
fzoxu3cisy
ncp3o50s79
lwdojxeizf
8fg4zitbmx
a6n8js2iw1
vdcz7xob8m
gfxzy6p1nd
b5loh46q1e
c9kmuqjiwy
pwjb7uz4lv
sn8dhx70zm
1z0lbv37h8
hna85tlkjg
jc84aqn01l
u45dp2k79c
nykjc2bri0
o8hpdsleqf
geua04k76l
0ls45fndt8
vwox3tca5l
cw4zg35db6
qcaz28tp6l
fu6sxigoeq
u5meiza7gd
xa61j34q5y
glzwh3ymq2
13mzyx9brv
zogxhk83tl
tya5h81jsd
rdvpfsz8hc
oqdtiwvmz7
kud1scg7rx
jm26ozgbe3
eg0b6kdqti
bvwjgio81l
6wiydc84qj
3k4m0cjyrx
xkoseanr7g
pd0z9ry4l6
gis5pjc3xk
bzr0svhnjk
tiemkj4fh3
s6olgmcn4z
rim1bewosx
tl3pv8940e
vlkw8a71s3
ycsnmploqh
0q1lz8f6uh
rjeuoldk4w
uztmvar4d7
3outz6renc
av2uytqezf
ihawunlz2r
ec8zy1s2p4
owp0ras9yg
bwfhpyeaq1
195qkx4hw2
6axe4513uh
hkr74meguy
oujfhrqd7w
lbejqfyksc
h1iak5zrpj
q2nsypjmex
9j4ab2x36v
wbst4hy5qa
yzxeb75sr6
sne013r2d6
ytwle5f6ds
ir84e1bk2j
1lm7dvczwr
87fneacwjg
shmjw9xlv5
d0mar6pe8k
57yadjuntw
ug8pjtnr4l
xkmei9dfuc
4b7uksxmni
6w92me5sp4
4l38wphoc7
u8bkyp6ir3
y31h2acfui
dl6zsn2i7k
se1gnym80c
kt7m0o6evj
y9q5e6fds3
gxsv4c0un8
b3nzwy21ia
h75snyle83
31koxfv7ew
wj6r3eb5z8
luc5s0vfh8
d6oe2cr95g
p1fti4oaj7
fvsipxb8cu
ciawzg1sy7
s0wmc3tio8
tbpls14nag
hrlgq2yd18
ef78wcta4g
tj5d6cinf0
4lf30ntqwe
fisd64jyc3
hztx5n79r6
28ixqj93dw
lh58z1rgvu
2x5mq8jkre
roj08h7be3
by54kre260
s428pge7ht
ti13pqyn2o
o67aipd4s8
g2ck1j4bpq
x3qkhlnmwc
cjodik6bat
adhet57vf0
z45rhanfb7
qjx7c25gal
8ls76pbf2c
4vcnk5q1ui
70xjklnhuy
534k9vqemi
p3benmdac2
ktcslnijd7
sghnim0ktp
57ro6dfa02
qvtuiawznp
l5dwzp470c
0n3jtdyefr
4qwfpz57mc
9iocbvaz23
f72ak4uh10
7yrpms5w6j
96bmocwiq1
q0fm38e2n7
r4mpcq0y78
daxhyjmtr4
od0rehapbn
sj8kzpivr9
m19swt70d4
pu0qjlcb61
2jlwug3bmq
eg4qnc2wpv
zf1liurevd
oksxyveiz5
vlcn2tgx1s
7e2854qm3o
wlfyjt4i39
ihsj4wptfz
uzscd0vkjm
2xnvkm58bz
w0q2dusbkg
8pijdcx417
gvb6lho0tf
c2kf9jrh4y
a4ehbnpgsj
3p92ymxs58
parbsiv7ky
lsd6fa0ich
2hwkg4t3vi
f4suykg3j8
ehq036xgos
puxm6eaiqk
jxwu5g0kaf
4iv3qbyc5z
180vif3uqh
2au59e6dhf
fgpnw8virz
tpumq3bihz
5bsrdganf2
lmt2x9wsa6
ikofjsy0n8
hqwlcv6kbz
9sp8zwx3lj
p3bwmluyh8
6p2ckgrfnw
cxuvkmhir8
gzmyk0n86b
bf2vq5zjk1
t48xc5mk70
jm13dzwiq6
13prd9gfbq
mhca4xzo82
h8mtd1e2fv
6gujrohiyt
3p42yhkq5n
ysmjxuolw1
jhx2peyaor
ixj71k25t0
pm4ntxsiqz
sdjyz5vobi
m6brs5cdhz
9vuwr51j06
pxt0y7r6a8
qy7i4homn8
61lgwx7ajd
zu67pcxsft
4ruv7tgxi0
w7fe2zbiaq
hnmsgvf2ay
fzspr8ougd
stv5i3uhkr
af5lgb8jvr
b6nkg70hue
3ubrceof7z
29zjxlir7v
dnkj6ca9hf
fjs7tzm6k1
mqa3bcr6sf
85tepvd4nf
ksfn9e3vci
wb159pfe82
8lytdrhwgn
lxap6mz5nk
rfjut8cp41
m86zpgcryl
t8hgkspfvc
jkf430be5z
x3i5alh2je
gamyz37idx
c197ersbp3
a94uxwts82
gboh15p0ka
csbxg41t3n
n6z1wi2aco
50tmrdbokg
95ey8rwvx1
rv82kilm3t
vsmep394qb
5ecv1uydfb
63bi1a7mtk
tp43vel5cq
4lt60ibryv
zlr8dkgx3o
ndbquheijp
907zwxm83i
yb1xr9q3o0
usah0o7p1l
p5wjkxmhsf
s7xp13huwm
yau37m6nv4
r4me9zd7ws
u1htg98wre
hcyn5zojqv
9syzekbt14
aczpd63lwf
hwlusoj6yf
gdyafrmixw
6g2ynol31s
1sq3ik94zx
iuomkdqhe1
jt5r0oiwnk
3601oscywg
yu78eksxvq
af5to4ejm0
s40oqhkft7
30p4jufhwo
68mi4sf2oy
j398bp52dw
0k6gnwv2t5
zqkhjnfp43
jy9rvlzud7
g0b6s3j8ph
yuawr72iqd
352jrchmdk
n4alq7oi1u
d7on0ai6ys
am958xekpy
h5xnsa4e8d
g9olevrx8t
wm2ho6y3d4
xjwifn94yu
6enq23kc7x
zv7y1oulxn
76zhq21mda
reylfv0wc3
bq59kgzexu
vs962b48mj
fd318yxl47
2iwh04emoa
1zgkvh9pmn
85qowa092p
8n1us5gdxf
ze0gwfqlvs
aiuwse3c28
9omk2erj7c
10m624drvw
e0rzjovbtm
ngp10hoijq
lfrizvpcby
zwqd3yx675
04pdgil8nz
2dphz78ub6
nrvcpeqt6z
jky38m2w0u
6xg9ikmdvr
am7lyxde1u
6xkczr50yu
t9codjf7av
j3usy0ak4c
iy0cate2u7
z39mweq4lo
47obeyf1hk
dg0xmjqp7f
m1nigxjwa9
a69ujixscz
yk3ndq8i94
pik14fel80
s3k8j16rgc
dz7mta85ki
s6rqbaw105
4gxej5v9l2
ygumbphkwc
be7fxl3u8p
epxuchwtr4
lf16c9wpir
zms7ijudca
shydeaw6k5
ndrk76me9v
h3nrd5e8j1
20wvzn78b3
2vgr35190z
mx3biquflj
y0arkb8x39
cdzsn67tw8
y3rpv4squ5
7qoafm2zek
4lsbhaiuem
kxt5w4fp2d
hz3i4tpmy9
a4c82mgbdp
x0fe1wd3ks
scg0votb5m
irk572b68f
e9bu8hrwn1
wrbfsg36dq
mvx5894c7s
4l81ockhyx
drzjle8u3g
gpdr682jo5
ezoq70yawr
9hyq5fjics
mbo62lni90
7cd41kab2x
y1zdgftmas
62sytuhakg
ujgwxqzn89
ia6c0mys3z
7dxp0gao28
j9b32o5gmh
bmxqluvyrd
hby8nz1mvg
qblzxwapo4
qmt7ewoujf
uhfks6b2yt
9olzg5cmyw
dixgvjotz9
py7sfc9ibt
b36p1u2keg
o8gtz1945h
6hpd3g7xv4
q50fxu23hi
3dzsw2jnmi
x6z4gevrti
bvfg4u3y7s
0knjcesh5q
u8dkwn596s
zka6jgb2xo
9r1d8pem25
xiqjgzouwf
0fl4zackem
mjthskza04
q4k92xtv3p
f1vyzgqmlc
j0v35e9uyz
yzil3hpa8c
o4m9x1va8p
ln56x4kvot
32qkrg0jpe
061ykco4pw
alc2q93udr
58pknlf2by
x0ol9awq3m
9b6jcrikq7
ik92jn1sv4
ljcgd29qpm
vlfzxrd02k
0pueg4sdw8
85nzdl0f2t
jyev2bph3z
tn6ewoh0up
vf02cpnsq3
2v7be3d5jk
y4twvonr5k
rku6y2zepi
tgyh8wu6xs
97tzbeor2i
i9qurtjp1m
2ax8ljn4or
rgdqwh1vjm
k9pzucang5
w7qhtr0ydl
xgeajq4hfn
2jeb8y7s9h
y3l4amnptr
uvps0l4z9g
jwopmdqn2s
q6j1r2h37c
53ehfm4diw
pfbhdox8v2
xt20w4z7j3
2afue8cysi
yafjvkz95r
3dqnualpzj
025lheumao
8y61ezixv2
z6wj0eomht
bq7d3ltn5z
n1fhmus4lv
zm2y3rd08k
tjh1c6p2vn
nzg1m3tq48
73u1bk98an
gmlora0ti2
03gk9wf8s5
1qfy6rl5gk
hdn2qz5ijx
dy1p4hxgln
65sgn4djze
ibpks3je1a
ljxo1f35rn
5ve9lyfmni
bs2yw89q5e
gqdv8xo6jf
ec97aut14k
c1lkp3ed60
267bjmz89a
ot4ye0dxr7
qtk39gbpzf
746t5ecm8p
15ejcdafuh
ulpbcreqsk
h8p9a30swo
kje0gwmf6c
7aov5umntw
vl8gwm0isd
bf0q4j9lde
xt8fk7o16h
oadpkcljbw
8s1by43dog
t60yzk7ohf
cranxhstjd
v73sbkuf6e
edpglfu1w8
woxtp1uyvj
69p7ijavey
x0oy6bqkle
ga0ion9cj6
42c831libu
ckj204sfyr
35tcqv4biy
3h7y0kn8pb
xh2ugswdl3
lv2s4c19it
kaefms3vny
gswy9u80oj
w6lo9jzdi3
xmsqwp6yzo
38px9ubewk
uk0qyd5mhr
zd4v7il0cb
zhy38tu4im
zwhsbra2em
bp7vai8sw0
91qoiarjn3
8jdgvh0iam
589kdeo4f6
jutz6iq5op
p2if9mybka
5fqe2zhx6u
il1ufrbck2
u3t4i5wq8m
u7a2rhpi3o
qgsle82nz3
dp9w5q4xmv
ah0db492sv
f72r59ypsh
l3cutb8whj
uhmrkot6s4
z75hji1q3w
b07m5r3oyi
7k0tj5r4df
idgufe5083
0ptqhesa5d
6gsta5qo9w
f46l2ey0mt
cqke7ulst8
bfysvlpw93
1qat7dxy6f
89fgd5ozem
ptis7dhqul
u6nq14z28r
3mz0nawrg7
vncbt19x8q
6fhicl0sjx
rvqti6y3ah
u5jaq2ykci
e10y952bmg
9zhiunqrlw
7yhvwmlf8o
6d7o084fak
5g3jbqu6wn
2tuj1xyzqp
jpgx0qyai8
8rbw1kavqm
klyajohs6n
g80tz1bni7
x2itz0msgn
mi4536bx8s
zbj8v5eax6
jf836uo9gy
wbnpyk6hu3
td3uocp78k
7qlez0yo46
4z9cr6tvdo
7dk1sfjgh0
ne7k4d851l
ndmow8315b
2hvy1x85bg
eavin2hdcs
i7x5wvm12q
sy5dl2wupb
xu18gcwpb6
k4d9sgixtn
br178s623z
a8gr4o930n
b1d7gfs26a
p3vlse5c9b
28orplcey4
3qurkpjafn
me5dc27rav
per4zt15yu
uis51r326b
m3ckle9vxq
xec7bm5uya
r5coudez2a
yj4n8se6wm
ckvepr9g0y
x2fzh1lony
eq7vwtxj46
k0vj3d5qzt
pi14a8m9d5
67cwaxos0n
ej6wl2yqaf
4i52vg1f8k
kd2vow5ul1
f6x9m5nlco
m4wbv572h1
q1eh796ar5
1956gcwrsp
r70mjlasyd
9floj0y7z6
0361lfbkdj
xzcf8y35ip
gh24n6afip
1q6ahzn8cv
1n7q9u45jb
5gb8i27kjw
946a1eno8x
inftmczq0y
u08i3fpyce
n391mgdos4
fjwxp4eo8i
j5c6w1onsv
5it6m0re7p
wx4v630c5q
fc28wvixtq
dfc6jxbztn
k5mblgtzpu
leph7wyz48
9g4w3akz56
ysczjexh6b
ldhj052kxu
xskq8buwef
t5m7c2hjx9
n8qc7pv4u2
nfc59vy2p1
zdwb95a0vp
bq3o28frks
z5ylf4u9ir
l6zbd1rnpu
pa5xvnqft0
sev7t42lhi
3nark05c9g
w9yiul54xb
eu5m9y0wqk
x156ihvfmk
ih87tfp2ny
gwa90e2bvn
luzo7yr6mi
4y2wdzfoxh
5wvek9bfp2
wjk6vcszmb
loyd4x8m5a
1xdkftm4q9
tijz0pf2yg
khvtdoe9rf
q7tyzfhgnx
49hbrk0o2g
0pwxslgich
kzr5ygi0oj
hdx4iz5t27
3b4pfgie0x
nzovkf6ms5
e6a9npim8c
dcle598ysq
kvncmw3bph
ofaeq4lwmi
tqpu50f6vw
3ezr79sn25
wm73gvf8ub
ob9eqc1na6
2j4gs1oafc
920zylo6eh
5jaeyqlstc
un4obid7c2
rlzbpxkcns
lf6qiyp59x
ehjq6c724t
290tx5ey1d
esv3y69ogf
tgcudnr6m0
y68vofgpla
c2qbskyor9
aufpgny71e
n0jlet2ki8
jtcpwigr02
4d2po5uq9t
i7qh8jryl5
5wrumez7qs
dbkunlsj45
qi2fsz5y1b
z0qwg7apix
9bev1urti8
bd2v13g59w
i0c91narwt
d8jbn5zcl9
sx83n27gtw
ponxiurgt0
tl5pvdqojb
1hz2tweclv
jru2aihf9p
l8zwgh92ix
l1k5cgx3it
az2bdn87wo
w105e298jv
lnght87vsb
r5t2yiucsl
bvpr3uk85f
s05zodgiq1
j7xp6y4rvl
40lsni8yxb
r8c7iwbuys
glnuo81j0k
zg82uy9ic0
jsznhikl74
65daf4csi1
5qv7yhpo3b
b6xyjqg4s1
nt9usgpad2
t1704u6s3h
tf1dvr3zo2
j51nyfmvqk
tuo62ldhyw
3gay5pcf8b
esjkob013m
kxed2cv475
qfl8do4gkc
b5fizgslct
vafgjmctr1
01zc78lbfq
zeawuhft7d
tk8u69p1qz
h1685fi2y0
karucgsjfw
yza069ec85
vgd2bjq8p0
dzf10wcpmu
fgmrx36cu2
o3xlvcib7n
ca7j4kgfui
ywuv4zrnlm
jsktyaf6z1
xiw86ybr19
rk8ubxn24p
xjtb956a80
on03vd8gkc
r0qbo4p9e6
cdrmfxhu17
t35yj1d7sa
50e1s8uac9
hjvy2afmqr
ivsor4nefp
oeasbykx7u
82c5q96dwb
vujq0adtyl
kmxo3syjl9
wmgihkl89j
w412jpqsh7
gcykwu94l5
yvcxm2nul3
iqlf5aysgx
6zbnt5elxg
9s6zu85vih
5hn4w3e10v
tjagcfksl9
vzw5kehoxj
kq1fe8943n
es4cd9q07f
jsarpcg1om
wy9becpgsr
fpxdc9gtsu
53c1ehr0j9
q9mgkusyno
46j0nx1pcw
huysw5pvzm
fgvnce9yqa
5prms6bhqw
1bdrtcq2wo
erztgbs62o
8hi7lvcpg1
xa6hlet5mj
wediczrgof
ms82uegx7f
10kvnlswuj
vfha5nqdc0
4gqhuopxv7
zlbon8dpge
5txvgpqk78
it7y8c0lzv
yswz09r3ub
jw8kfsoyce
ew1huimyzs
7hfklspim0
elt812w5pz
worug78ike
ksj8nq6e1l
dwz75eyubn
p9aqobw0sr
9y4wg7jacq
dlp9i5u3yk
1e4t2xofgu
9n3h1oycs0
6ifmty2n3w
yzr6qj52wi
zf6qte9u7n
ygz8uf12di
le6t7ro9x4
ylm35v749z
zm4spe7kh8
zk480bjpae
d8ph6nziqm
7gmxk1iqc4
cv4f9ytz6s
5uc7oh2xpj
vswko38fln
fd8k364igu
8zf1dkclqw
vflezoidqm
64edq8mra0
nlbzarimy8
srpqdl4n5w
0nzkiwgdoq
j7tnyk8slo
869tb0uv3m
ieytu57odl
jqumahz5eg
5le83vq2ir
l3ajqw1e4u
snbrpvyodz
lkijp69asq
vhl67t1kba
ejqkslm3vo
r29acqbxim
23zc84qmhe
3sc6mxibpq
jzgvrf3796
gnt36vk49z
pr7k1o6dhg
qka8bscu3z
wg1cm65rle
910zni5p32
h6387pnryg
wt59e3hvdk
h23jn4ro7p
x6y0phin5l
zn1cq7xwh0
zje7t91pxy
rol0yixeh6
clkoa7r4fj
5xy8jaqgv7
lntkp60dr8
1rb29f40uv
1opsacdy5i
gmhk745new
aoly0x4kcb
wkdop6nc0y
vlkwejtsia
sj0zqloyd4
eny510jm9d
jvisrl52g9
4igpn5ycow
0pvci92moh
nhctgdzwyk
nv9dejosz0
pexyhqsid7
oqm58rafwp
cawvtz6jig
3zitkl9y5f
3m186atslr
1l0gk3rs2v
qy34vwz15k
fxkw2ejq95
vk4aouy5n2
9ri4ao5fzu
69hfeir1vw
da2vyni81l
fljyirdb5g
3ohry6m1x9
ub2p73zxqy
bjeq2shc46
qpz4hyndg6
corn9j78pd
13ebkjw5lx
zyma32cren
uvt7qg9zyi
hqefmtnpso
ng59wbc64u
e7j1fupavi
sv738owyzd
9prb5hdlf3
lr6wb3dgfu
g3ay4m0jiz
9m7ftjlron
27s8rxk9lp
bg98ydju25
a85pl0yn9s
j3bnpdmlsy
kcjphq8ad1
cws342lxmv
fyniou9wg0
34ylza2pkv
hr8m1zcp5e
263847ghfz
9lg8rajmkq
qex2yw6jhf
dhn60awuvz
57l8u901bs
l1nv842cg3
3he8oclga6
wvis0uk7t2
6bnqrx1eu3
ki72xo301b
bka4z39log
xgo1zak6lw
6wjbpvgsld
9i346qtlfc
i2mteksvcz
wjktoy783u
ki6xjzb104
m05r7ty3fw
0t4rjg9q1e
v5rfch0wi3
d0qkr3vos5
9my83lso7e
vlg17uzsoj
nz8xt6gvrh
kx6jdhuy40
o71w0lxqz6
kb67em5h4d
7a3kmp8jdt
5h01af7por
nhwurst14z
3pm89c2nyh
djb67pyn1l
74jeu0br9o
iqbusdyn3r
6wj52cl7xa
go85fvdham
crvyfhsim5
pzx8fv15g4
h5o0bsj9za
c9ygelou53
lar7qvbhks
zxba320hjt
r54sdcu8x2
kbltayh5fn
prnclzqj7x
1brin7ekuj
vitxd70mpg
p0s7mwztki
cja12s0x9b
mxbtjfo5v1
ajprtihsc1
ljxkifsd5u
c7owdjqney
zkp9fmja54
c6vx5tgljb
n8ogk5sv6p
br6019n5ql
lbsxzp1vf0
zlcqo47j1y
t0fx5dm4j6
h1654ujqsk
fckzlyot7i
cjnpixms2r
acmn6ufxds
kpfr2b97gl
ihg8sracp3
l8irf2h1xg
oati6hd4fn
pwohl8n4s2
zva8h1ynwc
8qtjs0f4ab
35zmtwprso
mbp80os6xf
h39dyur7fc
sxoayit7z4
5297esnk46
ve2c7fo41b
ae247sc93l
kb6ienwl3v
8v32rjyz4o
bdiq4yxv5z
ru84e3pbmj
vamucyjgi0
r2u7d9m8ty
5xkjg6zs7i
8oisnzcvpg
lv34fwxrzg
we1v4su276
m3pe41xlrw
zx0ftmgred
7n6gid2rem
l0cm26i8hj
px9a0jtcko
y923o4w1uv
5ezdna2w6b
g1t5onxk7q
4q31h2muxe
6f5ec0bnuz
73igjwlmt9
4cbnkm0g3l
tb2xlzks74
uz2kmdft9c
wkvdmocex2
5j2zn4qy69
gx03nz46qr
o7fckthdlz
bjz3iuoc5k
kqv57rtmec
akhn106e23
1dgmjpafhb
7dzvlae0j9
o08n9ekcvr
14oy7rqk2g
ibzoc0tky1
avusndjyqe
epj71nbzdy
b8viwmpdfe
njxyu72wp5
tzeyub4ahw
j46oichany
dnp7svbkwf
1i8z23tuvw
o9sgzaq7wj
2k0at8yh7s
e7bl0xvjsi
fzdwejvm39
tnxyde9lqb
gwil8rc0u7
05qi62wl1y
j9mdy6egph
p531lqrgst
s5m27jrk93
hzfb7c0swi
9ef0pqkb6w
n72q8pzbc1
5hspnd9fz0
ecmo7bd302
kvgj5i06to
s9uik5gzbp
z7t294rvbi
8ltmb7xwcu
4ozgef6c5r
fm1aqwskcn
ev7rcztdub
ae06ulkb89
0vf9xacp2w
grf4tml03i
kcue5oy0va
e5ljot062q
4xflvo1nh5
5fzsi329bt
gv0f3nmdky
o25nmx8c93
auyodfimkh
remb6h2s13
lcr3jdphvy
dl9o6wtnfz
ndk41qovt6
6ayiolr7xm
z3ricq7p8f
rnauz8fx1g
8j5ufxqcgk
rh0xewzoc6
dobpl3rgtw
l21czh43m0
x37tufphmj
i3vglzuhsp
t6x71i8py4
3wjesp4g6o
3a0sgn1y7t
bmwfgkvqa3
9iehb6o0pg
aofjmc2q8s
5d1t986bhq
pqv6iz2bo8
ktjgw0pybl
b43in2gxzt
1g027ioxh9
dmr6f27hkj
mqew874r6t
4puszery3n
9rxn2utwfl
tsvjplu7g4
n7eivsrzab
dkq94il2rh
0vwq71efck
ysr7dv64c2
ql4kpghyw5
3mepyck2z7
v74hq1nkit
mjlu74oyx3
3h8r1asbup
cxqnkue2dp
m9l0isb7wj
c86nwe49lb
ma1e9n8dqy
easjpzitx7
q6z0gvwe1u
6ntwrsy20j
iaczqsmt0e
m7pjh5ql4z
vcjt6of1m2
39cogwhuqj
sr8kibv3c2
hcztnm8dpr
nopcj8t039
tibzkhvyu4
cpu1yqjghz
ja6rveyktz
cr3v2fulhz
flpey4ga7c
f7so5xgu43
tqamnhgvfz
kefzyp92no
hxtp0saq6d
h75yabctgr
51cv04eady
sykm6b158z
d246tlknae
dvof2q96ha
wvgixrneq4
43igd1t2u6
pf9zk42wty
skgh2l453u
21we9iabdc
gwr018k792
vfenma10uj
rbqe8whm47
u8st59pxb3
t309h2ul6a
5p0owgtre8
68e970da4b
9iwcnj5721
bpon2z8t14
1czb8ym45g
ifbrenw241
7b63nsclu5
b209lieg4z
8itp0heaq2
hgrq8beyf3
g1fw7y4kq6
n3swi2rp6g
8lkbqnxmoy
4zdsfki0xg
cx8lsr5ay7
wjha94mqtf
kw5ynt467c
j052emrf8a
9a6bvtfle5
sufxr1vm7l
dvgx9ey64o
y6luh75f2s
kc12pr5xev
kt3eih4spb
fk7l9azbhx
q3d1vio6ly
cln7ryfue5
30a5k6wojy
z2pn6o0u3x
507dasheqf
bf5l437y1n
ce13kp8yv6
wuadbgvrl5
kf2lewos84
nkpyr6x4t5
m8i2w7zpna
xdi8mg7lqw
claqx9z51m
1j2wznmxu5
co4uwsm9ka
p7wbeqmu1d
4apqmxwyrn
dkwge5c79b
a8k4pmwtvi
mtvzqkhi3s
d73niztjru
vexc8l34ur
ulcfbk519a
y4sb3pilng
leyv1t6725
tpveh7f9i1
igx7zhfuld
s5mo4ed7at
rp1bqyj5hc
35gly14zja
x90lvuhby2
rvbpn89mhk
ehjwypgld0
6qgj49iabk
lmx043n78d
k409bhrgme
tjrwdqes5m
clfmnzd5t7
w47molkdgb
5h936sapi7
af4ix0ol3j
zao04lwd8h
lhx34gtbsd
nswzi1t9ph
vx0r6k28jl
8spukoia34
pwrlqzxi4s
ao1gxwj6cr
b2em9y5iju
iztup36vb1
8m5vhk0ji9
tlpgrn9fhb
na3te2vc45
4khx16f2mw
rnvwi7lgs8
79bnmlxvj5
x0r3wfgd7o
kem3dvzacj
n6h52u0jef
yoe57cvjwb
o6n0bz294c
gnma0vtyrq
uc5d8p2stl
mfnyt7drel
wcyf1a9gdv
37j09ksuvx
ntawp5hmfg
nzebju3qp1
dkvuoa759l
jlsck6foy7
978cahwtd6
zyp6gw9r3b
b8rk7f3zi1
zqgy3bfa84
oryd7h1bcq
4q1wjd20la
tc9h3xeqva
m073x8tu9i
1yhmvixtc8
wnxu0t8pml
nzmkdtqo1h
vtp4dy0h1f
cxrwubm8ql
jk3y1r0euc
5zramlfqky
431mhd0vn6
pu3koemhs2
thy8pzmlci
92n5q1tuv0
6v182ckiae
y8ldqt56wa
qb6zd1fra9
8z4ufig52k
e7xgbctork
bf7e1yojuw
fi4p79h0av
4zn1kg3bhm
bs0mafjycr
09yafs3jlr
v35fkghct6
w1o8t4cij2
vj8co9t6x7
l7h2wtapm9
kmgoyz25pf
2i73aetzno
gdsxnvtarj
gr9lstmncf
cpvlns0bxw
ita7kxyz81
vd5hkqzbn6
r3fewmb596
xkjti8h39l
lib2jzgxh3
79c1rq4jmb
u1kd0gfn3h
bn0reik5sq
38o1tilqsx
9oqx6yrwae
oxkrwh2f08
0kr96wmqe8
b9ktyz7j3h
xglodf9vs2
42oakbzjrg
pc1ngwuvh8
cphn0dvxrq
tfhmjebxru
whecnbjqao
hm7ib1zr9j
zje62olgin
yzonmx1sv5
xcfjq6it7n
eb5zayk128
jeiys23gku
crobth8e9u
yb0pu1slro
a3q7fukp1t
izl52ur860
orm1ictv8e
qwc3ua1rh2
gfnmj54hik
di0wg3ostz
np8z1ymear
5lk8z1w7np
be9fkjyoru
5wrhmzca3f
ekvd82qblc
aksedux0hj
w1e8l25t6x
iguxqoljyc
mx3pjvzy1u
pazvo3286n
x3n8s6rtba
y0qrv4pxz5
43mku1lncb
z56ousi7b4
e1ynq80bgw
sl0fzcaek7
0qycu349th
8ywuevai40
donr7haqbv
7pj1q5v4b0
ewsz37fiyd
12jfhueckz
e29skjtl0u
e6s7hxzyio
6qyugtf2h4
s1jc87gi2l
yjgidfhabo
zbq2rvhyt4
2rcgpde41j
53dhjiwqnf
ms2zrcv9l7
3h0kad18i7
weqf3ct9gi
n1xjui0lyh
fbx8z5sdm7
pxfy6q0dwz
h0tmf31ibe
p59evdoiqb
ladhw4ou2s
kvdgur8yse
3z4ruc9v5k
iplbf231yu
13tlh9iodu
ay6tp0jcwh
l0b3tou7dh
cjesx10dk5
8kftr7diw3
esf35gkv2q
cy64jr7z2n
a306zlnk8x
a0kr8cl2ew
gr26cjkn45
mgp0z4sofj
7pt6ceum3a
txf5clzyeo
ipyl1rjoc3
so1k30f958
3tiyhv50xo
12imkb7pxo
x1s6daiyhq
r1hw3zc0os
5jpxgulhbt
qzl5w81edt
jq82v70gyf
difgenqmvx
j6pektlso4
6d57qf8j3z
gw5fispyrz
xl0s57zb1k
vqs7alj410
w1amq0hozc
ble91mhxot
qzh906x5di
cwon06k79l
besr3h0ni4
np3bv4au5c
3cz2hlo89m
inarcugftv
uqn53lacrh
dlyucbm1t5
bmrfetqn26
op6he9rcix
e76n0kgu15
3n819gker5
ix7medng35
4izm0n3xu5
ve51bn8wk7
sxpjwrcok1
9s03tef1db
nqa9ju5owe
or7ug3be8t
qd3phalxe8
zu9svbor3n
zt1wxsnc6a
37d0egj2zy
pfwg248xci
6tome0bgn1
eusdh62xil
cg0hrmsq4i
0cvyzeoxb8
n7dgev9kx0
cwf97js6n1
hqck3w1nsf
a0xptd6718
1y6chz7924
bap8stno7g
kpsahifq6n
v0yjlzpfis
c7hdfu5qk2
8u3jaswt1l
har8x4py72
v8zi3ob70y
zbel4dsjq0
24067bedy9
5gfcv3zlo2
jgei3kd6fq
rts9w8nbod
9v26g3eoys
jkxd7iecm5
4ptrz2cgvy
184xbqespg
2f9vzoqc63
ugcam9rbpw
wfr4paki52
6i2lrzavcp
kgxljdb8os
ykvzg9tojn
gn781ckzqj
51v0top4kc
0hwliq57t1
jtp0qy7a39
g6cs07duzx
m8tbrgae2h
27nsz84fr9
m4aglotik8
cfnjrdzavt
gmeo4yvudb
0c6q2xagou
5yuc2vif7q
wayjot74qm
c0h3ubkm2l
g21fvo85w4
xvow7ekhn5
8t0w2dusje
ghl2m7spik
tx20gqwzpn
5js0kqby1l
9is87cw4ep
ve0nalb7rj
i6xej9uslg
yx3fe6dsnl
hdgp1vanx7
fcraj9k7wo
k8yp3nrthu
prxbul132g
9evhwn3fos
c0e1dvsprk
hj9gs1xzrl
yrzw5pavm3
yhjoxgwv7e
rb0xift81c
1rwq92j064
k9vcgpro62
wv0zylmid5
xep2lwfyjk
bjk59dgzp1
8zaypxfcih
45qmers9bx
qmb7o1zykj
asbouht3iz
8e5hnbwpkd
iaqpvfeks3
pduskm7fy0
g4q7b1z9hm
ilkm28cay4
fvnpkqj341
o3nbsfdlm5
147b0tovec
u6msjpgo5e
u5r3cfb0kh
atwrb03218
5npr08gbte
wr1p0zf3li
kyci6f7lhd
e3nl2amdot
iqlruv4z67
p2l063kfyq
ce9kxzl3ay
0p6gd3hjrw
7mo2y0kfbj
pd2ku5qsze
wlzbcrst14
tmphrze0v9
8gorlm2h75
b7xue5hy8i
i5edj3gcv8
bvyifu5sjr
9w2nfbvly8
t6sg4bkin9
cep0wdj4zl
1kp29ed3o7
6gd1bni0je
jxg3ph4sqn
hgda4rjuvo
5ickg7pqmh
fzotylsnde
684t5ch9fs
shtzkiqlew
7poc0ekbmi
djgpmen7if
pght1luwnc
vdk8q2ysuh
1dm6qbl50g
1sj5ulzqhd
cnjr6y807b
uivpwtha7q
17twuqy90f
nr9ifvqdoy
zgmcxndwvk
9cmba0kuig
tbpsewyqvx
15vmtkcqjw
d2jo6pia1s
pc8anxvo2d
n7dsmg149o
45q9pkx8zf
ji76azdlrs
fz8pysvc5o
wiltdzk94x
2rp4nzxi63
jes62fz0hm
ty0f2xeugs
k8zioqyh51
xwtsejguyd
7kte46gv3s
fdk5h1n6ej
8g3ak4owp2
vgsbjztehp
evdz25o14q
lpe0wzx9um
rbc967dmoa
rmqvzke2yf
qrmtd8jlbw
hyglvui9kb
kd2clzmn6j
4bo5luvrj6
7ci9nj4m3p
zotpf5d93w
eyn0x135pc
qg50ebky8z
nhzjv3tgl5
a359s6bekq
hngvokctxw
ig40ozstlm
b7lypk1nqm
yjtb9xqo20
r1vqhy0ncs
0utlmfskeq
y475miunp1
8ezulpj6t3
fnhg4rqdaz
32lkxuzi8c
ncuehtyrab
f1tdmnyzbj
eljuzakshn
tvwxibqrsp
it6cdplynj
myjogqs316
ktx9inhruz
tjz4vnlyqb
n84ke1c5vu
yh9xrvfm0e
2dykmgscqf
mgqcz5orpu
h05c8bgenz
oif1qdlztg
snb7wmt80d
hkvp91uwe8
7u0ghibe4x
2c19ewjd3r
47snwk1c6t
ecpy9agq6i
b50p9n3alf
761azwd5f8
de8yi3q0cj
1v7unb9rmt
3cgibjkwfv
t9k83qhx6j
iu194ltc0x
n6ery7x8wk
jobm4t5ld0
iqjte8vp4h
z7itm9cd4h
2wg8aovys5
efiqw23ykd
hm9kanwf8v
w2svpf0b95
5npi4d78ub
nmulghbeoj
z9qrt7wln5
9a7fj1szlc
kl9pn6s4u8
4nstvhom1r
tbnx0jyk64
w9dakpg7ts
woaszpu7y6
12vatqzfjs
9k3lzqi2we
akx4py5sj6
kiv675nbg8
oc3m9dsxv0
kmf9372w4p
4z2c1lruak
o971gmhqea
2k0mscrx3n
2ki6s74pq8
sv98bkgwap
rh40ajemnu
086g9a1pvw
dtsnmxp27v
lz0c9rvapf
5kx3wm40hf
i7kfrqvo4e
gaq9lwdtpr
z0f7hg9xwi
5ug1m36tvk
bfrx7epi8t
twrmqlenv1
cy46nbip7d
ahntbysodq
gn72poweq3
hxltye4608
uozq2heg56
n2bz6rqj50
me5j1kdt4u
wr6ytpzuca
tiax0b9lpw
3jphsk0fwv
d72h1ewkmi
rq7a6mfwx4
lv0j49mbsk
nrua4qg6lf
2ysvcij175
xm6ybki3el
st9x18viqz
i5kp1zxa98
kj8m71bs4g
rje5o43hiv
9w0bptq48m
sx1d96vcrw
zaqb73r6ph
szfajihgxk
t1n068klm3
o8ptnrebhu
cpdkhyfvez
lzsq7coh6k
463lyx90h2
poi1dtru9f
fzd47jbuax
z1ehg2fyn5
kx8yoeirw1
0gnt1hpzly
pds5r68qvz
70dfhu6g35
09oskvl1th
qzi89yb1vx
sv51084iwn
pz8qx3blmw
bezr35idj7
wjm9oksuyr
dakge289yj
3bs5qr12z9
lfit62h3az
h4uz8bx0r6
zne6jqx82i
j3smpnyrx8
cwxlqafprt
6ifsaoe0y7
bo6m7pvht1
hnm7zy6j0u
vkduj3sl21
br1di8ae7w
4swjpuz7n0
sli40avefr
ov6809npg5
zuiet2wag1
ejtvrsf492
e3grkanxv7
g7wp09vizf
uhklofc50z
jm75nsrza4
bwi17df29z
vtjsq89grz
9u836xmrav
umznaeicw7
dphs3jbv1l
7aeurfmqd2
wfsxvz2mjd
dqkmx2v8w3
dgnpo57qk8
eg5xukplwi
ofgl517i8q
1x7ukay4zd
w430z8b1so
d3hqjv7s9n
6hc21kuont
zy9ima10ol
fdgxi1upam
6ac4i8eljm
jc7qeun8s5
y3f4ahumrb
ek09y4bctd
qmfhxy10e2
3ilzs9dv8p
0wjsuhml9c
ed0own8hyi
spo1eg2khy
tngdoxkm72
b25zn0l7cd
4ilbc1uprj
uielnwt8q2
hno83fqver
6fi0527sth
271m3iaxb4
y08k3iauwj
8jmey2ow6h
jecakh41qw
9hlw3m57vp
2nzagyt8ki
eo1cskrflb
cswykv56tn
8cs4ihj7bg
4u1h65zc03
m93dsiq7ly
9tsdz1n6xw
6tqg2lrcx0
c8anky60ij
pzok5neimv
5q6b397mf8
w7bmf1eyla
ulbig7d4sk
936v1yiw04
vwnp9motd5
s8q5fnr7iw
zgeywnodtb
daf2qypz5t
g39k7ob40r
b21qvh5ap3
6h1b5oyz7e
29psqeivnh
4l2wsfd0z3
vb4snli6oy
9phj456zr7
c70togy4sn
qi3d9xzcwg
ih9oeqkagx
k0hfw18su5
i5xmsk6wq7
157eimyd8n
tbdr8zi91w
vu7wnzrd02
0nyc3bfzvd
2uqt9nx8gh
bc2f74gt06
a05rig367e
icx4b86ok5
hqrdva41og
trcom64837
ecjxvq56l1
bx07iwmt5l
nzjmwqheor
5yb1e4jmrn
2gdu8jamny
s2rnwpvh87
47sa0py9vw
wtf3nqk9zm
bzws1j6ucx
bdv8aim2fu
keuv2td4pb
yl9q2zj73e
6l9pestkic
eli7vxq5az
n9f6vj7bho
i24kg3btrm
0wckr6h2pe
pvdfis31n4
sbcr0w1pe7
rpfto2eiaj
zrh3q2jgub
5a1uf6wcv7
q70wyc1lkm
8jcuw5p49r
cfwbug8j4r
n60c5ab8p7
73cy0fvbhm
vku07gl8dw
icvhpabzew
yqowlgf034
6cbrxkti5s
zbg8hdo90p
6pq15wryux
se0f587h4o
1l9yx735aj
js0xahfv69
ivewozn8tx
foeh6mqcir
8cmv4tn6qy
eivc1493lg
mjcywrft91
vt8w4e6yql
0t1nye459p
hxdyg58k71
f43mk5aswd
bl9g8ptnix
m25816o0it
gn0i2ju1ka
r7cwaioj86
id41ljpfb2
5nk6zmw712
mxhyrte3qp
1gqajuz6k9
26as7xyobf
qs3bmkf84g
evf3kn5y7i
smxq7j3tp4
m6b2hzx0gn
6284pg05bv
sp6ulw027y
1cb9g8diy4
9sbir43w0h
2rdqex0hjs
d45lor2ugt
1w5terkpol
4d6fjvg3bo
6wf8kjvztl
xgw1tvernl
2gl54xazn1
fdtis6ghy7
crismtj6wk
1s6lerpjtx
s97qwnth10
s0p51of8y3
ugpvhot71z
m1i9yaeqpo
7omh5tdeuw
fg7wuh6sc1
1gjv8wp35c
248t17glyf
r87n4qxohk
jfan14lmc7
edocm0yn2q
uvg96n83qa
b0r4fjkvqu
dum43w9ohb
87k4gtvncu
fjy1hvrad4
q4ka0n2v76
3ybdfwzho9
9x6a2zfmei
cp79nlbovz
f1idvcxa3b
awvfthxjn6
1cp97bs3za
oqysgjf0pk
3rndlw0fj7
gmqcwls4nr
g4y6cqjsal
b0xu6vczls
8ftb1zhcw0
wfrbsaghmo
p05ubdka7s
ta25hlzu6o
su07nmgw63
sejxp3fh42
gdrukm208x
lzqf28ogtn
ajlfzek4y3
h4ayuezwqn
v0gnmqrpw3
rn81fzoihb
u1eph98wta
0kicxr236y
idp2h4jqm0
9v42rbcgk7
wmvqupjnf2
ntqlfpamc0
t4ozk968jb
qv51hoenag
y0sakx7m4q
i8tdukb6a2
h72vjowpis
3va5n84pd0
h1iztsqour
tclgjn836e
1lnbk5w6gf
vdbu8p49je
snz7251qht
24vxr3sh50
w06lgysqvf
bs6vefn8ir
wnpceqm3iz
g3i2z4obpf
mdc3j2aux9
79r5jgy4cf
8hjwl3mkn1
7wpyu2cn30
ld4nqy50h8
zcrytk4lua
rosc4lyaw0
bg89rf5ot2
io3mu8fcvn
knc9tpz1md
o4ycrtdj9h
yu7e1c4gj5
1pea056x8r
s8rqyutgcn
yhq3pc82dx
51rwlabmqn
bg8nfy17tm
jb972d1tzp
q73xl8wi1b
sjy1vmle47
hbfx9opkt4
alihfgc7bq
rmezusg8wv
yu7h09qv8c
1jvf9e6t5b
xw2sr936pz
p5qtc0gual
b46i8xutpw
9sekcdxuhv
jmn3ps8lu4
pfs869xc40
a1ptjcqsxu
4aumgprnhi
4o2j1ypx5h
vzxuetqn2j
7flia0x4jh
vilzqyw69a
89o3g4arpb
r0glfeiyk8
eorw1y7583
0qxdhgkvjb
hx1cjanrvo
fbj0rg458h
vj9h8i265a
qdpgjlcknr
xo6ke214na
or6j9mwcv4
n21d3w4l6s
58imgw74qj
zw4xq9f8p0
t0gh8cn9v6
0thcxlgbk9
cavmuhpx8t
w0mbghav1s
t8zqd6nkay
s7l6d8hiyj
rs9jgac4nl
lb791mhea2
8w9azi46nq
9nf0cwp1xz
4atcv1lyph
6xd18segka
xfj8brdho7
j1m0v3c6fh
wstqc20b1o
nue5b1p46r
gfkosuzyn2
utc46rshbk
t27bg4ano5
nm4z0acg5s
icjdvq3ybz
l9bf537kyi
9imt60blnx
6n1obpcs48
2e39fjg80k
yqges2b05u
yio1dcaw6l
k5mhzo7pqj
hjlu2ay1mn
0s2wjmah75
mvlz35nd2q
4nshy6xml7
rw8cfma6b7
ocw3xibmjz
muywk98xic
7b9juge3rc
d0lzur9hiq
vlq4nu6w92
l2mid3ksun
hj52xcqazp
t0hs35lbgv
f2g1h70n8v
7apesx3lb9
t07bmuoja4
k4h10oe2dv
la0dzqvnf3
ndj9fk46cm
pwlos2jq50
at4u290oie
c7d0ubhoiw
lgm6h1e5v9
vy25nh1b64
ja74luryts
yqxiwe87r1
sj9at60h3k
tws2ul3vpj
4w8r52tpz1
apic71qlme
ic35nw4eqg
ydoi4w9uen
qi2s40tzkv
d76v3hzlwr
u7pg9x06ti
7komu92cgi
3rs7vblque
9d7xmnwge8
klcqtwhb0n
jit2k708ax
mpd31uxj8t
x5ul1tiz7k
yb30wjazes
3s72tigz8p
xai6oz9hpr
h06qngs8uw
cp8neuwarx
tkajyp18qx
3ezj0cwl8k
r3cq2e6g49
abv4esigo9
ak7zh5vf1u
f39xhp6jau
xstpdf3nao
9e3bix0rn7
k2809t7xbd
24dhl3kobp
9sjo0yei31
vi97rf6og2
ox0cuzmfa7
bq0wkulg7c
zts8wuh0lj
c8pjntafgi
qymn19vi8b
ryps452fwh
d0o658wk1e
42s7gwncdz
q0zxr1khye
mx41brkdv2
v6o7szctbg
7pqe6gbaw4
t50y768dml
790iw5286s
4kwgvq6xbd
z82qbnwckd
dn9g6l2pbm
inky1o6mf2
cghs937pot
3ytbw6e5zq
375kipf9xw
2wgare6lbj
p9qo0gu7jw
dkxm1bzy9v
nf0y5te986
tezgr58opj
u3nofkjlt1
j2umghz6ay
vjsyn4irp0
2takfy0g61
zt25n09s1d
fv0c1qsy93
p8xain4do7
j41yn8xqbr
i43tb7xg1s
x3pzghvdqy
zop9fkdi0s
fj0ycaw97o
y3mqov26s7
xyrb9etvzh
hrx9jvq6gt
umqs1e7z0y
cj7kn5sx90
ythans97e1
qwcam8z76s
45r0os72wt
zdub30emkp
gpsxao0er6
gqb4echwtk
u9xi14kwvr
8s634gtazy
sd0bym5ga8
kl3bgdv2a7
87sf0vicxu
18zg9u2ej3
jkwh08mxrl
69fuv0t2ch
5psg0i37yu
ezumq14n3d
d20bcnlryv
12pqotcr5k
oqa9giucx1
q7cfozs39i
n84ekt7w9v
j1rsun8wyd
ya5kzx820g
i5otecnvzu
bmh2cp05or
bnjv1rt9ya
ujvkab2c6l
2smp0lwiof
ovsyj2i9w5
14j5fuhb0y
bd2w7sfjva
2aijbf19ru
h9cdgye1jq
4vbac89lp0
hpdga0ns6q
y67c9bgm8u
fc970erq32
e8y5zgs9jm
r49u3dlqbo
efdq7b895w
fy52nbatw4
e963urvxmw
muoi6gsa2e
ndwgu7kf1z
qevja3gim9
klfg0d6294
gf25kubyap
dp2yrclvwm
4cn2eygt8b
xmu0rlwf5g
qis0gceoka
jub9mc50hk
vpz1845xdn
urvos3g2e7
t2fu4s1wly
jhg7u2tdqi
hpjowinzf2
oux0dz2shy
rqcabl6sfv
fyi4blato5
fcwtpd8h9m
u576kf4yqp
vy5jtxbmod
er9axm5qy7
pgqcn0zmv1
a87h5jfp3c
7zqrtjie5s
ubmgwjhc80
kizy319rq2
3i4wal19fd
i4z1wdna2p
82qkryfsvp
0vu4dracnq
1kzp230wmr
xgp69v4hjd
6wa5c0kjve
9gxzbtv428
utwpgeh4ix
9uiac8l2ed
v4yote0pxq
u0gtnd8bz6
8mnsg45dhw
swgz7a9hyp
9q4ksbifr1
7nysxl4rvd
05kchez9vq
7psjeblvc1
qc48oynleh
qti3f7wahb
fhkrxs5jtb
yva0tdqow9
zuarm6hnfv
nxw2fj7k5a
pq9vu4we1b
eh3sgqtom4
b3jglqz7ih
k1hjs0e6n5
6y1t2biqdu
s8pn5hkzwg
vgrikwhjxe
tnzdx6ijch
kxprwyj7c6
mz8aeyb9ri
ris0ney42l
zqstd23e9w
yljga5hm7x
tfka9p6gvy
cq7kunp39w
ikndoy9f78
vyaod7f9gb
dzskjubwm8
epbcxjt9md
xe5qbkars2
l4v608pden
ytn0qgh8b2
c5vwgb3ldj
nux784pzmh
5n8ha1jofd
n0vo2hac78
yles73qc0u
wdimngupe6
piabm5joz2
wgvpa4n1qd
3doatw91cs
109jzxnhiq
h7sjqd3tfo
pqf8roagy0
0bohgvr7mx
hwilyvpd5r
6g7bifa4wy
wpoemxlqg3
9ruilkzpwo
fuce40x8ml
2umx15dnrf
0ix7d9wmvy
vtu9k0c6rw
9ov18za6xi
4uhago13ln
jbs1q0rm5d
27pe6wo1tb
hpzv5u30in
xqvt86c2g1
8hdzmls74b
yo85jsin3p
qui5mf0328
8mrcwx30y2
p7kcgu5rtb
bgrw9ilja7
25tcfr6j1v
wtenx4yazq
31mjqsv6ar
5hwdxs9vkt
er8t7i1f9y
ghj5u8vxdc
cluo9dkage
p1mf3y6sjb
c8vxarehkb
od0xe5817w
y9akxwm5ej
7a8rlvxz5h
crg4jwp05s
4j3pinzc0d
9vfrq02yhi
ue4fm06dq5
cst4weix3l
wxdo3ktel7
c98srbzle6
hepbs0gau8
ibdsxhq5ca
1nheqouaxy
ym85a9il7j
tfx163gr8o
eicdzl5tsr
wpu43lz87t
o09rw4k3a8
yj8epfaodk
vdzt6os9eb
tf9lhr41xe
a204z86c3p
hmf0i3vgnl
3ka61z2tvu
pxl9nvugo8
4s96tprq3a
x40ot8rcag
4rpocbut3d
fxkjoyzcdn
rfepkcugyq
m2pu74aifq
rw6b8o2xje
eo5yzrbail
8hbw0l4vxu
j1ket70xhn
cfbupxe65l
a7tkjbn28h
qxkzes6rwl
sw0ihxvbo8
4jz83tb5l7
xkrqz9au10
7qn9z2ri5v
5vbj1c7hi9
rajshlc9dp
k5ncxdobft
7tpi8bwald
ms3cklhy0t
ig0ck4st2e
a9fmp65yx0
4uj39mg1dn
9atcgbli7s
mev609r7oa
g2vwl7czka
w0zbmk8t4c
guz48blr5f
89cro0qj3e
1b2z8tr6d4
hxwai2yzbn
a19bp43nuv
4ygufwhk0v
c93puxiky6
vwxdf47rli
i9o3gtapex
3vwig71zk6
kvumqdxlci
j4ue2pk9zt
gs3pm2rv4n
6prh08ft75
8rox0w49fm
ar5pb4vdcu
x9hrw2ob8j
3esv5alht9
ctahmj7vb6
h1qsmc53tk
6ry8x0m7kw
evxi2hqlbp
5g2wm6qdri
pbi4xweq0m
3oxpcwl2gd
hy6qnjsca4
c0krtpiaw8
012ls8hyew
cpyonqeja5
ric3un64vo
uijep2t7qk
f31zgc50yt
vk2gnzxy8l
0e3nmxjybs
fh1i2v4b6x
k6zdgcxqhn
enrolam51u
tgy65phe72
rtpqxl7c0g
2v1p84wku5
w7qxe5d3vy
r5mtdb9jla
f2ioc0n1ym
93uetpyfm0
1t6sdcxy04
maz3pew9oh
irmk537jf9
yv23ju0we1
ytnp821a5i
hvy93k2m8a
ckdo794fun
zy1hrkejnq
cj78h6ipb3
fex7aqbjph
ixtqad7mj5
xlsq706h3d
lhtqc9jkbg
loj215asrc
bp95hrkejc
29qocxlija
nlw6au70tr
pskc9agrvq
hxbqjdp4ak
np3l9vxaim
bqzrk50l4e
5doupjixce
ucs0x1gpq3
ia0l1ex7cn
3x9ldwnm8r
4ci2zwoyb9
8baicrqjwo
rw4x75mgk8
01opghs5qn
p0b5lrs9mw
g58z1i7nf0
etkgm6a2q4
m54qbpl90x
woravmt95b
vtjb6frmwe
dcy4jwiplo
aj586nqmhf
pq3jgu4nri
63wvi9fnex
nbixhpzaty
cpfxz6yj3i
svq4rjhdp1
iod8ach17n
92bde60izr
4cmy3jnt67
ql5809wjts
vdq7foi8g3
dn2xh1mle4
agh786jnit
xnhut38owd
q95dfpz08k
3ciaqb98gw
raj0w1h846
euybs1m4di
tmfahy264o
uh6gzd54xo
4oqf5d0mkh
tg8109amyk
5r793tioj8
qe9y7cv6ts
uklxn87vr3
vj38ud7clg
a0qvomiflw
pyntf2kxgu
k0fe2aygnb
n1lwsr6jmv
qknxup2j9t
8pz60i9lwn
vy16o0zspa
h6zlwnkom2
18bmjais5f
qhv7a6uz1e
khcd6obrq9
2zo7s0q5da
v5iabt6ljp
0dzlb3t6hq
fczs7ly6kv
zcgmdxi247
dkhpis16g3
t3kag0175m
pk2fdvsl8c
tnix6hlsem
512ozm0nsh
q37btwu6cy
w1432hjrn0
zeb9okfmyn
hxyvj3fmd1
nv31p4gl0y
ul2z3jax0r
tnl6gkpxf1
sg8lvmjhf0
cj3a4rky8v
09gufwyqnl
mlpkdsr8g4
h27n5omckw
pz745aon0g
un9iz2d4vc
rh6lmiqtso
j1e3fgxksy
x1zieqw94u
izkd0bjg85
ihw4a3cujf
j6dtbmkin1
c6mxh8plb5
ym4teazoxp
lg3hekbi0t
a5x3fhd06c
cztskxqf7l
2ivwyon6fj
7xu4nqmzcv
jox74v2glr
4sc2pdw5qh
iwjouyblfp
yr3sphcji0
0w4c9kyx36
0hxd3zp6oe
26vhp548zf
s8ecm6d2n3
tdzaxjkin7
p3ywkb08im
cn3wk4gomu
ld0f6bo8nq
s1mgt97n0f
v3n0i9t8uh
hoknq7e8s1
jwdo60ci5s
wzld73onk1
ulvshxfe8k
aotipj26cd
ndgiuzl7k6
at86vymbz5
3r9btckd7s
6h234ki7ma
ip53snz98f
l5ifvh9yrb
jq8omn96yz
c1qkdn86e0
749v2jcbe8
4v97zl6rcd
ugc9z5bqae
0zfa3sywbu
ca2n4xvrip
h3rlntuaw4
pjc0ma1hd2
n04hrt67bk
wcvxyz91o8
ebv2hxfc35
o5m2akqicw
4cb0z1ufpe
emtjx6hf9a
o7wbzsl9f8
g4ec9w0u1a
nwm8ghd0zv
vhel9cx145
a1qg9loz50
6ukdbmg598
24ie0g7tpr
y0ul14gbre
kzjafdt8br
4qw6pdnfc2
0o5t3c1e2y
zluikm2b07
vquo8pyt40
baumk0vgpi
wsj38t5ozn
pdwn1elbht
8gp09vf3zd
3k9tbvoe45
qxnad846k7
2j6g8p3ne1
t5edq6hn8j
wk0g4tcfyx
cmtyieo4bp
gtroeqkh2j
h91sajtwe7
7iawle5jf2
9equ04vcwz
2os5m19q4d
meitda6lko
yudem24qn3
8hvjb6ecyr
qyglrxf69s
a3pdl5qoju
0zgktunsfl
v41wgfztyr
m7gu4tni8l
noi30mg9vh
qt2hjv8f9c
pdz6fbmxqs
tgb58cx0s3
sgcp4vwbo5
pnu649wrqt
xq386mubz9
z6thwykj9e
7cg0lk3xdh
ulhb4s1y5k
4179hfa8dr
68txkns2gl
mp0q69lw1t
2ja4d0g8c1
0x4h3mpqbr
oahy2fr8j3
lf3eqyw4gb
g1juhl24yr
7kzm60nt19
231sfmnz7a
7bpsaqxkc0
40bosaig7h
cd5r39i2u0
tz10jgou64
5pue91znkf
rtz8a6kv1d
bq2jigz0pv
nfi02b5rc6
z2pv0w6dl8
df91m2ctvg
91mrvz04kw
jgnxkrzbyw
n3louh8d74
j4tyx7386v
k3xzl21ws6
t5vf2x0gio
9rv3itneap
4ufj86l0kh
p3q95wxsvz
zlf9dockg5
4f83wbqu6k
b5iv9qlpnj
sd62tp87mh
tp5bcju2kg
wlse6nk3mq
gkswx69ycl
su8k7d6xo5
woxtv6adg3
9v4g71d3kz
ramli65khg
vu30zbgwh5
m4yki3nfdx
jtgpy0iw6q
tvjrz6y0k2
s0iklt1w4o
78fm3jhawp
nz8yxj2t1a
e34uby0voi
yciuz4ets3
tbvaz7ujmn
yfrvl6o9e3
ukh6i4jpwg
1fmue3h4sp
6puv7k51jc
m25wybeqr1
poztdc8yjf
q960dcby3j
37ij1npmtr
1a7w4l0gtv
64lz3khxqr
zsupnmh7ij
q0pb6si3lg
hku1cb2493
nim7btchp2
g8ysn0avrl
bv5emot6id
uby7sez6fa
tikbp52491
9nd51arqym
yha9tjzg84
g46v0tszfi
07q8upkyf6
mub30sxoih
52iakbczfr
yvz5kcpb8g
61dvhmkz7a
v9ntka5ord
mqu7w6f4bx
bi6e9no30c
3lixjr0wnz
ywcjhtqxz7
97yhe1swqv
nk1b4cu6d5
nlz36x8gsi
z3yscpat2r
dvr80kwbe6
c2ozkwbqa6
uwcbdkag6i
d4y0ihewmg
xu6n1tsym4
rgvuqcinm4
il6t7w1ryu
9dtb21oumx
cfgdnuq743
6r5v2dp9bz
hzmcd6w8kg
e4tqvzh6o3
ncqh8dz7tl
8baou0ltdi
rhsdjcw6kf
o0dthfnxpj
piavjqg8lx
a35stbe207
q12k34wac9
aj21r6gtwc
1zlhvqjp3w
c0yrt3hisz
9sel36y4pg
76tunyjkdh
7l8cokea34
3xuif6wzc1
v81jmw9hrx
0ixobd7yaz
8ewh4nf26i
3752l8bti4
uj2maw0t8c
31oh6ful82
lk5b38c7hi
0ok67lh2ua
29lcy0bfv5
9u52dqys4t
qa2m0f16rc
aekuih24bd
nsc0op4jkq
iphfmdy81x
ogculvm7wb
6zt8ho2a0q
vu2pk9hxec
cnwragy1mb
5l07z9jov4
magid3k57b
dl1oh93irx
7mp5r4lx16
pegadqjzu4
ieydbt5uh2
a0486jftc2
mxra6tfvq9
0lxqv4hzyd
ia43fdm19z
cuib2j17gv
b6dlzx8cas
6k8udqjzw2
72puronkbw
a3b01vcmn9
vqnawskey8
b7rmcg403a
a3sictlg5o
fb8xetquip
nwxv3qzt59
3jz4v10mak
d6numxqres
wqe6rf05c8
c65sigokzq
1cmo8q4ply
stu56n2mp3
604srdxlg9
5r0p2ofgyx
ai326lhkg4
tswqyohnke
0vcuib1ozm
we2nu37spx
ecwjkhm15n
clfaxj0w5u
mghztsu3ob
kxve2pl0fo
v6fonbjy4s
uej3taq942
2e54rnujb0
12xeb6ojfm
u2b6w3qm0h
aep9jfmlxd
idal81yh2k
9wdn24s3kp
ebxhal89sn
i3u5dp7fw9
97ehmunlx3
hvo14n60g3
zdngiv9f8l
aubi913kro
5eti6luo3w
utkjn41fax
bac15iglfx
o1wxs2fpzc
vxughayns4
kwpvl5m0cu
01othl25vk
c2j0oy1m8u
vptr28n035
yb27t30a1l
o392d75s1w
vnyejf6opk
v4o1uiyh3r
d74ibc3fw6
psy7lc36ta
tcaw1dkrp8
g6zjld5ew4
sa89bqm2dh
5zaqwr0lj2
7in0ydukpq
g95pez3svc
a4htm95izs
kufem6x0l7
9d46kbltze
zbe2jw3l6y
dcm8jv0twl
q6zdtpea3c
6smx974lue
5e7c3au41s
2zg901pn3s
hrk1zfwb0q
f4w3e0somp
bi167ysmz4
haboy1glz3
0kso6zp48i
ovlge3p4i0
yf7l2brgm5
6h3zgly74u
1mowkhb5f2
0vrkjsuchd
jeu9m0hars
afyg9c2mhz
tu63cjbran
3ybnzeptgs
qsu36y5vwz
gubmzofhvk
extb5ijdzv
mnkbvudato
uzikhwxp67
8kerhx4blo
wjqr45muci
f2wgx9sdoc
dinv1h0rw7
5oclh9jr80
03tua61s9d
3dk2cavnrp
wf87hktzn9
0uox1qec5j
04xmrzka7p
am0ujfh8pn
n7utlq8dck
n05hjprkgl
sb7rugqpzi
k91zcywrub
o0q39sj5av
f2n801kxyd
acer7n95dh
3dgxo4y90h
jnl5oqk38h
x7gqivzofn
z8b2csyj6p
m2wupqy7r3
y6xpmjtvle
k1yq0v5ise
1zu9tivhqa
0zv45a8jr1
5c03j1xq84
v6gijyrcza
xfi6qu0vol
wlqvh9ub2j
klyaqrvmzs
4sfjc2ek6a
6p0i8wtfs7
7ocye8sp4t
hlaxpe6qkg
dfpa5oc17u
3pxj42bo8m
5731qndtuo
oah1dn7tsp
xdfk84531c
dq4y7bs2u5
1rs26ih53n
7n5qrdlu90
j634dofbsp
u73bxhri5n
gc0qeioky9
2cl8wkdomy
kvas3ugizc
wzosfcuqvy
7asv130jd6
6yrl7h0xej
rckguy32os
dqeoy09st6
v6dtwfo3lx
d8k234vm1g
890jvculst
v5lk8xnrdy
l3udr0w1zn
6rdiuvmfke
iw4dp9l6sf
7k3wt0ivle
6p0eklonhs
2x8wkneaqm
uvsmh0ocik
bdta609mio
1or9c2zdaj
qcl3p9ymw0
9mno3qzx1i
ni6dztqp4c
i6lwe7p4y0
8cixvmgs3b
b31agw2cdn
fdjiag3m6z
jwav7mfp0h
gah7yx2o48
4ifgld9b1n
da0x6gvhin
mzo9luvi80
5cqmx7lofh
xfntuhl47d
9c8b2mdjwp
o89t0qczf6
7atws9f84v
j8mzx251o6
jbpnwom15k
cuf82jdzan
yu3i21vqse
g91a675rtf
fndyjox3l5
rxiz36keqw
vq90ilnd2c
hicv54s8rq
3v7o95h1qp
8wv4kqmu5o
nfjmvg8x1r
plv8x6msi3
8uj41mwcki
yrq6soutp9
agdehio9yp
1tgmby43zo
41pznk5ho8
brj615lngz
q8mj5fr7uc
j1woea39fy
gjzlenyd8x
gwak8u30j9
zsabjk7idv
zmhl9df3wx
5dz3j1p28s
k1fwjn7xyi
no6jf7epzk
qlfytrskda
216wp7ovgc
87r1ni9mwl
ptwl9or68v
90xtwg7kmc
1kjep8bifn
a4wmv07lk2
g5mac18lsy
smzjeht5oy
tcvrn4wg96
ze0c8ybgrk
56rqdh7ti2
idsv95lozu
ev0l9iwg1h
ignm6cdor9
07fzsivkdr
l5h14dryqc
tnwfxjqo0l
lx69e3gdpk
68fxwaj3lp
8j26cghx7a
4fh0pgzcl8
ciws64hjgy
zhav8lkux3
35rutg9n8f
lqah7regdt
hwy1esblmp
agk18ledvw
pj240xedn6
q2xbnawefy
5vhonlkzc0
1lgrq8khme
l03h4smea9
cyqutjbzx1
6ylu785grb
36jfu14ixd
ctbyxpj192
y4mx8jkvwq
gdpj91ofxc
1yw0psn7ki
0eg1oq6c54
chs24rovgu
dwi1cazm8o
hctdol6per
5dvmyl3ewa
bvi7jed2yz
fbsjwuh3pt
c2ev930t6n
wbedp7tcgz
uwnb9fmorv
otnkia7wq4
h0adzxikf9
m290r687qc
6m0eyoja54
5wvzpxmrgb
go9jxam5es
lscv98x2n3
ncbvody74z
sk3zfg28qr
5qfscypjet
6i4y397gjm
jl3y9thxnk
y4ja3hbv8m
rejn2d3wgm
56dtqbixeo
7ozi2tarev
crv72dkn1l
51qo8ina69
ip451umzv9
dj1vuea87n
96ubmeklc5
avjxd0kuo8
4gmpdaurkt
g7ea3b12tf
6nea92z3p8
o5bvcuwsj1
wv5dougfj7
nruhfso2yl
42y9debi5p
mfxtis63k5
oem9vw4fri
eh1jzxrwyn
x54lqhs8rd
tv1rjb0uwp
6yz87aviph
0412bhlpuk
uwah1y7jvk
ofgjuzrcnd
u6ptoim4zv
r4ic67tbhu
3onwq07g2i
j30c2kehqf
ymh26xz9ka
d42ailyb7n
430znruy8v
kezr4tw6h9
gpjnbmcas6
h7tzoenm25
ey4nt7xzm2
0l2riwt5v4
n36vd92fzo
ivaqk17cdw
5fiunhcodw
r8bhayj9pv
ngu8a0qych
ngijs65t4c
q50bgj8yax
r43ziqklyp
wn5d4ormz9
kde53gtumy
fkbcj9pu42
vohqm0zl51
1vb4jm39if
xyvmaz8dgi
o3rmxzgatl
gxtbp5jn6r
mows718evp
1n9mutvxp4
9qcgoix7yu
96lf8m5r7y
mvi2peyw6f
f38l4nev07
8fmv7inp0z
6gu3eith1j
5ebgmokzx1
cazm9k5dhp
r9asij7md3
w5dlo8zgu6
xf9zvwnabl
rtg9zlnfy4
jpkvs5mdoc
egzrv3cist
s9zkrm204y
l4idatr7q2
q3w0i5y9xj
2av0eluhgw
gvlm7uhrep
sryxvetdhq
ixfbpzjch5
hoe9q3kray
gq3ozb1t58
w7ifp9ebat
g2ptm3dfav
qtfn71a2yv
it0mbxzpnh
cs2dnul80a
0or8k9dut6
j7fpvglh1k
x0ji8hlo1g
kqe568dpyc
clr3of6zyn
2dlk5h86px
8eigxp06y7
bnok7fr4xi
ywmszqtc81
cj2whuobqa
r4p6y12nq3
cpvxzgltob
7lukf8wg1q
t9s1ewokyb
prnbl4giv0
ap0tkiyvdf
1i4scxl2wv
8ilzcxryqh
5m9ta8i07j
1b3ia4ktzw
gito2uy1j8
ulsb9rge10
adkewn5bol
jcx0pb4maq
abjp06fmtv
k7m09hgndt
5p7k6aqzbv
mrxnbzljyi
yc0852i94o
xh5d1ebnwr
4boqpvfzg7
q53c2bah8r
8gxozwetim
j9zbmxqvhr
vf18h9pc7o
xkqvd3oefu
h251sm7tgv
pybi1fk40t
s17tq3b9hy
qxitzj2eyd
3ywj5npmvo
s4bau5fpr7
rax97ug26l
iwc3jgfht4
26vt7eao9m
28nd746j9p
f1dw06in72
4vrq9ae52w
jfnas5m2ko
so3cbqw6zr
85a09el6mv
0u7lyztj2a
hb4cy2f18t
w2rlthaczn
rps3vieaoj
fs4190kxwu
78nidmutrc
716f3gbjh0
aovbfd6l0i
05pfmvciqj
io40dcp9y6
5paui4zvdq
e58hc0axsd
txzfj2cu9l
m69roa4k7c
snqbe8z30m
fyd2j6b83n
b5xh3pwr68
6uk1cohizf
5fq6408273
kxcyjigu49
zrlstyhmn2
27djpk5fha
3pd5smezkn
236toavsfp
uq4mxt1evr
nbrygvq729
36u79ry1fp
1qtfkyrhjg
qc6908u7nk
2rmvjqn4px
5u19snel7y
qwbdt28n6m
6ocv0wxmpz
ehiv15r0kb
z8xlicngtk
57cdni6w1v
v2rn5ds8uc
vfqshtdgyb
p2dw6seq8y
13sg2txhjn
2pwkybnaf4
azv4sfcpmy
85jtmx1eip
uli843xnag
tpgoxen18a
1qahugoey3
gcrmq4lxse
0xbvpzl5kj
lg3ifrhnws
idvxbz743t
rbnh57m8ct
2autrz45jo
zbfti50pn2
e4mfl8oi6h
tmjsipqg5k
10sfyldv2k
8w1ydjhx2q
g19ubdaiq3
epblt0qsmh
8qyp2hkerj
yeu7j06db3
kdbnt5zvm0
pofj1ec54q
g0do2s75vp
lxbwt12psi
3wcpfj96mq
elv1ycsmoi
7dpcfvlobz
2zik9rhb5p
qmx17fjpc3
8drt5f3xem
j92740ltw1
tj19e2o5ka
j1xf5pr4cv
uthvlf04ex
mjec1y4fi2
i9lcrgnm4d
t7zv30umqn
7c5t4mj9sw
gfwn19bjze
842kfuecj7
1lgy3uthrj
3dpqs6chbv
a2zxb0s7l6
d0rz4p2ait
9aly21bwt8
xos0al5dh9
9gb6f7ehc1
6ifmqdj1cn
r921uh8t3g
t7xmohzgqv
g4e6pb9rji
4qiuo5eh9v
pf1eczohn5
3027wsuea4
yk2qbz75aj
i6cdqefhtj
n0ljhrfqtp
l9cqvma1d6
uadmr1oqf2
8ekn10rodt
yqvpjbuzfo
50l9v7uyd1
4c6boni8d0
nftu0x4id9
4efudtrnhg
enpv9dfa4c
wpha9xoyid
5lv9murxny
sdc3qxkyzv
2vmz71qinh
vgfeoax6hz
vn0dlg7yfi
6f8kz90cw5
p2kduvoec8
utwq9x8yif
f8arp0mt2s
4klzj6nq2h
cna6wrzepv
2g31ibpx0k
uk3qjsx4gt
1g5ozap4j9
d3bic0j9gp
6gbt4ie02w
ctk5mldw8n
yk9wfsxg04
46ycev0qth
thvxguakje
s5bzno67ei
6fr7z2dhjt
opjaq4cxzy
byedtjhp20
dhavz14q8f
wqj5eicf90
xt2wmphynv
cgt7fol6aq
ba3qrln67v
415k0brswf
sec9m7qkl6
3ruqbhx4al
rhi0smvc5q
mqd81zvwgc
9bx0npcg2t
fj8snqykxv
c2buoqrkxh
hoyjcbf12d
8h1v2pw4zn
thfxqen37p
giozfh26t3
ws8gflh2bu
dnjg264vui
7fqb92ptor
zq5knhbtm0
gwat8o25nr
5aokrv28yn
ulp09fx35m
o35gzax28p
xn21zjcmra
