anot
dmux
bpah
czrk
caee
bsqf
birm
brpy
dheg
csjm
cvfv
dvjf
bsea
awuq
asbo
bopp
afuf
amba
dngc
bwpj
akjc
bmud
clho
bewd
dxzx
cjef
amrn
aggu
cgwb
bcgi
dmio
dfoc
cuke
cxmm
aqdp
awqw
dpmh
aejy
aaob
dcqt
axhn
bbmj
atqd
bxjv
bihi
bqwe
cxik
czre
dtjj
cwkw
cnzn
atzr
bhwu
ctsr
cpgu
bdlr
byia
agmd
chrd
dilg
blsc
aqzu
ampb
curz
bwyy
ccrt
chfr
dspy
aenf
awql
apwu
dhvg
dmbl
dpvx
czot
aryk
cuvg
cvod
cqau
blyh
cyfn
cbqa
brph
drov
ciyn
brqt
bmxv
dmvt
alig
dbxs
ayay
coqg
bqda
cghn
duwt
azxr
bhbr
cbhv
awuy
ciwg
bjqz
aniz
bmrn
axln
aqpo
bopx
boad
aesl
dufh
dprq
busp
bnnx
cvjd
cruw
bxbs
bkqr
bpbq
aomo
clca
ccls
anle
dmgy
dxtl
dyww
aolo
aeui
cfnj
cvei
amug
byja
cenx
ctbh
daci
dthr
daef
cnaa
dara
crev
bgsg
dmaq
aehp
dtov
btyd
anei
aghy
brvs
brxi
csms
dpsl
dkat
dbqg
clvl
cqof
bytd
bsfc
dkvd
cszt
apxd
alav
dmsk
beyc
bybl
beyv
arvq
bcsm
btkw
akzm
ayxw
chvu
bowp
dknw
dktv
axjb
dsgm
dgim
bfip
auto
cqjq
bcqa
dujr
dtue
buos
azja
cfoh
amnn
aqty
dofa
aoss
acez
bhgh
dqmv
bytf
bfcx
bhjt
brcb
drbz
crpv
bdok
dvhm
dwbp
crvx
ajcz
aytn
dncz
cqmu
cflz
angn
axka
avqb
ammf
cvza
cela
dius
cdmu
aikr
cuwq
dbea
bicw
apfq
bevg
dofn
dqbt
deym
djyi
akox
adkj
bfew
andh
ahjh
dzfq
bjsb
baht
asms
aigf
afmi
bznr
adlf
cxzd
caqe
bmjj
amqk
alil
bwiz
bmay
cbda
ddcs
ckup
clis
bapi
cmrb
axwi
brwv
bzmq
brqj
cjcf
bevv
dbch
drjy
dgbu
blmf
cdmz
drof
cqxb
auky
dbcl
bhlv
ctub
bhqj
bbmt
aojj
bjmf
auqm
bapl
coxm
cqiq
cknd
btfe
cemd
axgy
ddxj
cunp
benv
bmqj
amed
apuq
dlcl
cnld
doxc
aplw
byjk
dtfj
cpdb
ayrw
dktw
djql
cesj
dzei
bwip
cfci
aaai
acdy
dmjx
bwcz
cned
crxe
bxvu
drgi
aqay
cqsn
birg
dshs
drzq
cxcs
dzin
cbnf
ceqh
dhkg
bscs
dohe
bote
aprx
bfod
adfs
adpf
awqc
bneh
cghg
arih
cskt
cwna
dgct
dzky
baud
bkxj
cmap
anyq
bmdw
aqqw
chqe
dtax
bxjc
dbgb
dwxw
cwgp
bnmz
brwb
afkl
cvgf
cays
