W16X2W9
ITA6WHG
2YO3ANV
CK785M6
VG19T5W
Y38U5P2
ZARYEOG
SEL6WEH
X6A78HT
AR9ZFV1
565TBZ8
X43MRQC
NOXLUPG
ZCP0MB6
DMN5AA4
EHRJUGY
EU3MUPO
FDA39F7
PRF30OW
C5R82SV
XKEAJD2
WFFON9M
VQYRJC2
POU73JH
9SXR7S1
D6TKKN1
H8JJSXE
GFX1SUU
OKOUELM
BCWEANO
QN3NXVO
RIQN00A
DGO9GZS
6O0RO7M
PWHR6P7
YET53SP
VXZCPUU
NVH42V1
7X81HWC
T7RCGP5
3GEOMG4
BH05WI1
IU4Z3ML
MN7IM6E
ACOL8C7
FHGSMVK
YCYFFTF
WRVNHX9
KZJWTF7
C592NTQ
ZCBCTT9
4Y5VRS5
M7DV0ZV
QPX4Q9N
L0SNF25
2WB1N9W
O7CQVGT
8JE7M6L
TNC6CQ8
SYWP0M9
2ZAM94K
ACY1LMC
VFC2SFX
WRKTZRW
H6N7PV6
EL1LY2Q
MWHVBEY
QHSCX3Y
MBB7EV0
8S827BF
2IR3SO9
KCK800E
FTD3UC4
UC8ZZ5U
AUI824G
FDTVLEW
0QD54JT
AORY9Y3
JUUWZ5A
9CBUYXD
NC93HVW
HV4EY20
85ASLPK
1V2105H
CAODMO7
3H1S4AQ
7HAM54E
ENDE0FK
2EYLGZ5
LCWJTBE
GMVPWCF
3M80D9N
1NZ8QMS
FQVUXXC
3FFD8HM
K8E0C6Z
6KEKW7W
Z281G3O
0MPXEL7
64EPCX5
KVYZ1SX
9U93259
C99MFO9
M3Y6LF4
3ULLI8N
7W7C80C
HQBD7U5
M3SKRXJ
5WNNNVU
O8GGST2
BGN0O0R
0XXJRAN
5O380W5
GOIIQKX
EE15I46
ONTI6DQ
9XUEVGK
P2X3QXM
64QD393
HPF2H8A
S2RKIZ0
LBHPP48
XNM5O6P
I06OQ4H
WBDJZ0L
7I84KML
XAKYXUD
TAVN0VY
ZYWHT8J
VXI0T8O
LE95HAI
S5INBS1
C7YCM5E
81055X3
8MI9648
08UDDMM
R2754GK
JI9WREF
IBMV7D0
OMB8JM7
YHE1SWD
0MW95GL
DCRJBAB
4H0C8YL
STKFR8X
3Y9YVL1
L5NZL6V
JVUT5CE
D6TWQ57
L4AVOPM
EBA88YV
BTARMFB
YXHVX7E
O50VKEJ
UTM7NLS
2KRW8VR
ZMPSEXN
J6QPX3U
2MHKXGU
Z1S9CJR
TJCIV5P
AXYDK9R
62C8SWM
RZ22SNY
599HIXU
PFG8ORN
349CN6M
FGJYTDL
5SBOTSB
1LQ4YBE
XA2BJN5
HK9US8S
C6Y48UR
XG4A7EH
MAFQ66J
CN47FFW
NPH1H52
5BD34F5
6G88T84
HU01V3Y
9CKKXLE
X3V60JQ
HTJWUNK
R1RHPG0
V6ESR4J
OJ5FKJ2
B6I0BI7
IOWS9EH
XC7PCM2
9366NEN
EGVD1ET
ATF1AYD
E45VT0Q
NHPGV32
EK0C4YN
XLJAK7X
OUUPS6V
XCGW2IU
ZE2G0W8
0PMERQN
QYTVIW6
KISW3ZN
C8A5R40
5RI3CX2
F744GZH
1IJSFM3
U8IPPAW
S4F8KTX
FMR353Z
28D5XWG
AFG9OMF
U9742WZ
GCNZDQZ
8RUMA4S
7MMNCOT
Q2ML8DL
IEJZLU7
7CG85Y3
ZL0RC8Y
KVNFG44
GAWL6Z5
O2AWF3F
A3X1LI3
XU4PL4P
4BIJK01
NUBV5OK
O57AIR7
D0823KQ
PHMGDKW
K9R33VM
K30SE9Z
ICRVZXI
9H7AW2I
QVEW1I2
8WK5J5S
DTGVZGC
GAY8HS0
HEXWK6M
2EIRNAU
FDOJ3NV
NY7JRUR
CPMK81P
NDX7WX9
G9F206D
HXCGY7X
QVDAD9A
TSG0V13
GCTEENT
A7JUH0M
M1C0VHD
EAJDLKM
2D4XDT1
3ABNO87
U3UBC24
W0N0AKZ
Q4ROIA6
VZFN6U4
J722AM7
X8AWXO4
J0A22GW
JV5CZYS
38RWSHY
N6ZC5K1
UAUGKC5
PLFUUQU
YHI51OA
WMC7SP5
J9AXBVO
3E5YYDV
WPKMIFZ
SIFLKN7
A6LD4XD
HK46KNU
CDPNWS2
O0T7MTG
T32B41Z
Q9VQCWC
LIIL7GR
AMG3QLM
KU00YZY
0FK3D47
WQKLKTZ
Q2375WN
ST9IJN5
THDTA2J
1XN8FIS
4CDI066
DS4M330
4VQE88L
HF1K0CL
DU0Z2GW
9MD026Q
H2NVE3K
I5DLBDR
FOKJIAI
S7R9Z02
I2DEYK2
HQK5CQN
X7HDPDP
BUGKD93
CFRL9OH
PJX1485
9IOAUMS
DYQ4PFD
82W7VQ2
73CT71K
M90Q8HW
VH3PET7
7HBW77C
H8Q0W5R
XO4X96H
VU5TW1O
JXT16MV
Y9TLNEJ
ILWANIN
8A4YR8Q
6DE1Z0A
XCQB5E8
VAGD2AE
LDLAHZL
YZZYU8W
TJTL0Z8
O3Y5YAG
W2KNHEH
I7OB78Q
CF38KXD
3QM2IX3
JNYB9WK
9XFHT6K
84KGVO6
T2MYRI2
8LUXAU9
TRQDPAS
6OW92RC
3PC3X3F
WPKQEP3
CELJ59X
YDCMJCT
BSDN88Q
PT4JOOM
4S81190
GV0ZEND
LEPUTJL
FYQAT8D
78XFDGY
JXKERVC
4XQP4XO
W9F3Z86
A25Z46D
8HP2OF7
PAI21P2
WFCT4EU
DFXE7J9
M7R92N6
26Y1JUG
MF6AGB8
0JGIF7P
XOLDHBV
VACQLA2
RRXBYKT
S2M920W
CJR99O3
XQFGKSH
JRCFZ4B
3V0KEC4
8KG8PJD
F865O6G
JPDPAQU
52E6BRA
12N60VC
JX0L3QI
01HQSTR
BIDZQ9F
CZL8H7S
MQQ2VNI
LS8PPDC
SBZJJFL
759MIZM
64X7JQO
GL6S88K
HI89OPC
35J6MZ2
3159QC3
8O2Z9G6
4CIE2DQ
1DXMOAH
SACA19T
NDY37B8
6SDSH3H
RTLHF0H
TDV9PMO
ZYMO541
DY0JM9Q
HWZ1WFQ
PHQ3CWA
6A9U4KK
H3FIP40
H7S9CPT
FOKJ33L
GTZYIN6
GA979LJ
25ZK8OD
3B77JNE
KGN1EHG
1NBN5KH
PZTDYAU
C2V6C9G
CP1F6WY
YHIHKJT
WO2Q11Z
TRF4J16
FLUTSY1
T66L2SJ
BN0L68X
CH974B9
IIA1N3F
NW8UNIX
8OUUQO2
1XUMB2P
BWLEZVI
KA5WVMS
55BXCFZ
81QD480
YY305CD
9BI2MGX
6QINLYR
776ZAHU
R0Q9HKH
LO4KG3M
EB6VSTQ
DJV7FPR
6IJ1XBC
OMXAWFG
3E5A3JZ
WMM9TTU
FRI79NQ
J7RHWKH
7G1IKOT
2XBEUI1
1YXC2KH
H914IC3
VR0DQ0P
7FHG0SQ
W7FJDJO
18C7OWV
1E7BB9E
04JLAFP
3H2MA9I
5ND36IU
X9PDYAD
A5EH802
4UQ3YPX
4A2WHNT
BEHZV9O
SXNRSTR
A402WHK
MHI48CR
LSA71FH
O7L8HKO
A2MZUH0
3QLH1DK
LVG0DL4
2S6A2XQ
KNDZ9D9
WLG462T
98CJ47S
F6X1GCZ
J7T84F0
G97TDDB
TCWZI0G
PORWPX0
4TP1RC0
NDN2U4Y
ZK6S0ZG
GOK8740
SNC6T6M
KFC1ASD
8V1Y8WC
NYMX1H0
7XI98PX
3HMMYME
7BORVMA
NO78J69
GAAS29R
TTSX0DD
R8OQE2J
296GM0H
U87WA0C
1U0ZVZX
8RY2986
2SWHDQD
KGFDC7R
JQTJHUU
XSI6U9P
05LLLNT
TFBSW9K
TDJXH0H
ROJ7THU
ENCGUYA
S9TAGN7
0FQQZWH
Z6223I0
8X83S92
TK6ZX8M
LSAYBTS
VK73O5K
JRY5U3S
NJK7ALO
47RY8F4
8T2SCCU
04TQYS6
OCE3LRC
58Q4N05
PZSJWR2
O5OIKOI
BDL8QNF
NVMM5T1
KBFJVU8
FE4MGPB
NOL7EFJ
OFP7L3I
3ZVMHLV
3CHTFUW
2ZZHC9G
JOVG0C8
7KSDX2I
7H7D4CE
XVEQD2I
F1V5SOC
E7H5QI5
MH5QAR6
Y6HU8PK
5MTTILJ
CS7F6B9
HZKCLTS
