RESTFUL_LEMMING_of_deception
LOQUACIOUS_vulture_of_PRE_MED
young_BEAR_of_INSIGHT
YOUNG_ibis_of_ATHLETICS
THUNDERING_urubu_of_algorithms
LOQUACIOUS_robin_of_NATURE
XENOPHOBIC_piranha_of_algorithms
RESTFUL_giraffe_of_insight
BENIGN_hyena_of_SURVIVAL
arbitrary_tiger_of_NATURE
fearsome_anteater_of_HISTORY
optimal_MAGPIE_of_theater
deceiving_ROBIN_of_SNEAKINESS
RESTFUL_PIRANHA_of_INSIGHT
LOQUACIOUS_NEWT_of_SKEPTICISM
loquacious_URUBU_of_PERCEPTION
geriatric_anteater_of_acrobatics
voracious_yak_of_deception
GERIATRIC_ZEBRA_of_perception
unassuming_LEMMING_of_ACROBATICS
