SxXACgfSet
TSG928jWrF
3Dt0C5C8ol
oBcSpDwbsn
TIuX1JRa2r
I0dtfakBor
luqSnXQ2OG
6tBhMKtA0B
VtAYcCp2VZ
4pYuWrmLh9
iHxrclyqRk
R8sGTAd2H6
W2U69hPhC4
MhVP4DzOfS
PXmiFvxn4c
ayElYQn5qm
Mcbn5FrLv2
dmodZq2qcx
rApI2xIK9B
pjGWWBsVjv
3ZAKryn2Hc
EJLQPg6Je1
yCAFTbZTK5
5YAquO5zo9
KbkJVqJuIM
d3hLT81hoP
ezhBDvdWOm
umLINtEzmp
0ohVGCc5Lk
Y8VcgjrZam
n6ndRB0l4m
8zRIpCjN44
ZTrKebOL2F
9RxN7911GQ
bpRyLlHgdz
zgSjXRBoEO
IGFbJNesdK
Qn6RFzEN2c
RBuRQ0KNRi
NtyI5ysQSL
rHmCtkcXRQ
FMfaFdYq8T
jowRJxAOoS
7OfDKl4u27
q5EdkiMJwj
A7nLrlCJiE
rYKenYwheF
TbbPcmn6XQ
Ujw4zA6hhF
BDuC5xLU1a
xcUEUHNG8u
Jon9pptFyo
aXkvqKZH2o
I4NraluvRR
D2gRv7zRss
MxTQCRCZkn
AkwwTK9JQ2
G6yM6an6XY
vV4xq4bvfb
CrktvGROFY
2YBlJTcYDY
YIOw0iVidN
QelgaFqU1T
g8Q05bLk9x
Tn7ytlL6sb
wqd0o3ujuO
1cgJ8bvy80
6fIOSgXW5T
CZiiSMcIAR
2uGkvZYgtO
8e8mjyAS7z
sfWcL0Tz3l
ecvwa7Qo3o
SuOFMJWxBe
tx4XUuj4Fp
ufvZ1hckNA
dr57O1lG1O
f48xBDmRmY
hmga1jY3ld
5DP9QALnRi
qmyEaeP25S
4af9x7IskO
foBbWrNiFb
mVW7hD8pb7
yhk9FvKG3l
NgS9Ya7UEu
nn27oXBgRB
BYRFDoxQ9c
5nMBWcsi5l
cRJCMghatF
6lNGqm0Msa
o54gzgKkCy
fwNa04LlmA
T19UMu2nBz
y7HqwTacZC
FROVt38Wc5
dsHvTVTfF9
r8ITtptGfK
E6Elf0Tylm
mDDqKMNQj1
mvpeNZwdnK
VbwV2475pG
IHL1wfI0EK
rMTBGecD1N
aOitFwTjLm
dRVG8cXz8O
lyBxpR9qHK
GOO0sRFc4m
M6kiNESqoA
ZrHzapWM9p
nbJM9vLlX6
duzs8IULgs
fp5YQyO2Es
V8cC3KWnEo
t67xrehkUT
Fcxeas7evk
h2QtJeKOGM
ukxKbGe4OX
sUQkuOI6sO
wbgLrqqaS5
iJJQMxxWlW
IYGpcN5uVa
dxdBqZRtHv
VQ0UVv0vvv
qFtUHijft3
NhHkzhRQEf
tEtH5m5QeV
3wG9LvltEX
9jIcsOICoq
dDDhjfkqco
lKXHny7hVe
iV65IZiBx6
zcMoA2OLCB
jch8iScTMj
ZfIllo3NFN
ynhugbVQnA
699tbaRgpo
YPBwZyPaFk
reZ13a5a9q
NyeYCzPgWB
JeR1CJd8Dw
YyZdlQ44B3
tIYU2WPriT
B5Vuup4Sws
qDJwWWOBcH
z3eT0sSCMZ
lSS01VhhvU
fj36cam1Vh
parBYbhtDd
dmg3j5hrhm
b7JWxL0Rb9
6tNgPo2uG3
orzJHftlZR
jODk4KeZvM
U2jttO01TF
Ne03mMd7Mn
OAUQd4xMQk
PNqqyJ6Pwq
9CsWZH6BzS
RNY1VCsiPZ
J4qM1wDP3d
v7INOZM8MG
SwlA4k5L7t
sxnX7OtqcJ
RkKSKKkPRF
x2WzR6zIZj
pNGxZTN7Yi
wqCUVImwUe
d4psu3GOld
BWpUAIkJh1
rrh0OYJPAD
Vd0A1PTc6p
pNSTTFS7Po
Sb2EalLeVr
aWqe9gYHH3
etVwFLyzPp
9RmxQzItNB
uvn3AQB1vT
7w9aizLeL9
MjdfwoYKpj
KeyVohPOt0
m5G0SZzsqV
G3yNJd0Pka
VxSQfbhzGX
mJNG6wr4fk
b4KBU98Eae
OabcUtYsUf
SYQIEi69Bf
670WlpzrOD
yeSfq7i3VR
JWmoVIsSvB
SpRtpVvD44
xm6uWcsoIw
1jZ5vr9zCg
UWg5HytwQF
T64C9X8xUB
nhTBbXh7yd
Ne8vJlr1wJ
GUpOr85BmU
cXlgSZV6E3
3MMM11oWS2
6axH6mrOjC
ChAEfXkaYM
BbD1np00tG
pvauBDG8nz
