AQSN
AYDG
SQT
AIUD
AOBN
AKTL
PVJ
VE
YTG
AUJ
ARTX
MFG
EBW
ACKA
ANPB
ZMU
ANVC
CCV
LJX
AQKM
AATP
KFQ
XNJ
FHO
SWH
AEMJ
ACBA
ANP
AOZO
GIJ
JDQ
KMX
ANGR
AFPX
ARXS
JFF
AGDV
ABAT
ADPS
AESJ
NCW
ARCV
HGF
OXF
GID
ANCO
UTO
KOR
QVL
AUPO
RFI
AGZX
IIT
AAGY
CSQ
AFHO
AFTD
XF
ALGQ
AAWL
AUUF
AXQC
CMB
ETV
IPO
BUQ
ASBQ
CGX
NRM
NCF
ZLS
JRK
GUZ
MNF
AGVZ
OAG
ACN
VVI
ADXK
KNS
AVUN
XTD
PEN
ARUW
ATVE
PCA
AICN
QMP
EGC
QLS
LOB
QTT
KFZ
ARLK
ASPD
LIC
AMSA
GLO
ANQF
BOA
JEN
HRY
AMSM
VQO
LNH
RYX
ANPX
ATNL
AGKA
NBC
AHID
ARDC
GIX
QPA
AQVP
APDI
JTB
ARGQ
