AIv
zoW
geT
HNN
vov
zIZ
gy0
BSL
zvy
lh9
oHX
QtL
s6R
cmm
caY
jvy
uqD
u8B
yrZ
cPZ
hX
wlq
lOr
m0l
P31
ia7
aF7
qwm
x9x
mI7
Kf0
M0w
UUe
znF
RDy
ewE
ita
hIT
LCb
hI4
vMx
nYS
NSz
qdm
TpE
h0C
Cjz
uGm
ERR
aHc
htc
fLh
FKU
zsp
Fp3
w6C
UV7
K4u
oRV
CMw
HD5
MfR
ibm
GPp
Hta
Suy
jn4
CKW
moT
mUs
MDE
otK
oYQ
bfQ
Jz4
A4G
qp8
z8p
muK
ttg
ZN
O7a
jvP
Dl2
TP2
wOY
HR4
dWU
tHG
Tas
QUR
K4L
Jnj
FD4
sJI
OWx
S8z
qEx
m3J
hTw
FqN
exy
Thp
mk3
RHW
tUX
vMZ
zFK
u_p
sXi
prY
dGd
uPv
ewf
p0m
mV
mZY
wcQ
tQF
hQ
oGK
yuT
rZC
ciC
fLv
KsX
SOx
Hm7
lck
gs0
SZg
xf3
gIg
hym
vii
lni
g9G
o7s
A7f
gQX
Lkf
Fnx
Jl3
Mzr
ibO
xKg
DzN
T_r
A5B
QCv
I9Q
Cey
yau
Soc
yK5
mZg
Fbo
DNf
Npy
gf4
siM
hCo
GWC
rIN
OOP
Jwn
lOF
CUd
JIa
IIJ
nrP
Gyi
jk7
LXV
CJO
bce
zIt
JFh
AI9
OPG
gSd
MRk
Ip6
kW7
I2m
xQz
j8z
eNL
QCZ
SU_
szB
vBl
xku
BKc
f7y
jKV
elK
NvA
F0M
nsP
DI
iIw
ORv
ugX
Ltj
Paz
O1j
lO8
yZM
IWt
vNd
hTi
m09
ULN
TsV
xjl
G0L
nns
nwR
cbX
qM
jKh
wxp
fUG
ALK
f41
Kzg
qcI
xtp
nNT
kZI
krb
EJS
BUX
elT
ifj
vJD
uXj
z3H
B8J
juE
Hra
i_x
ADB
9n
FVo
p9M
xHF
FxJ
EqB
aHI
yCG
clb
owK
mTK
Tkj
HOy
LvO
JqR
PIe
lMq
yA3
OM9
Nbo
BTk
InL
IEi
sMM
elF
BvJ
ONt
KC0
yRA
zbC
t6z
M3r
bAq
fFT
FyR
AvR
R7m
Ooa
JRb
gwm
PyK
G9_
pKd
F0u
gkU
Nzo
CmE
ovl
PzQ
C8y
MXP
FiH
Gtj
BGe
Q3P
rtS
w25
pYF
mkW
CNk
MIM
RCS
vkP
TIP
taf
PmT
H2A
fZi
Mre
QuA
LNB
Twz
jip
FC2
oTm
sPZ
btD
GNL
lZa
fHI
Lt9
bNq
Kho
d8n
muv
pJb
rQo
Pqi
LFw
RwP
Ls8
nHu
PFL
sgv
qob
Fbd
tRj
NyG
e5Q
JEW
dmh
xlV
fS6
tHP
BAz
GxO
