20874
48562
49652
20376
13902
20643
42769
4377
23653
38638
62957
28310
20387
67123
44176
13155
22810
65365
60083
61191
36303
65768
52293
30279
24294
73414
31506
71231
19365
43686
58938
24220
8547
31447
20936
765
76340
15079
8064
71777
18574
32860
5344
53398
7453
15578
4178
7182
42817
23211
75155
30306
16555
39604
15667
61460
39546
43620
11810
4412
64016
16063
8761
74984
49531
23897
23762
31663
69966
48181
70203
66718
61615
50543
53629
64071
33700
62750
35843
31436
23670
28397
48451
67056
40699
65487
12624
14150
72419
46718
46841
23046
13987
45262
41073
41547
57648
53653
6395
59071
35891
68716
3699
26913
