81t
3VG
3BD
3Fa
tV
GB
8A
0Ip
3kX
8Po
9gv
4qK
30d
65V
3JJ
3wX
aLZ
9H6
11u
adY
St
271
00A
5r6
aUz
8k7
5ya
5LO
0TJ
1ak
bn5
752
3kB
2kN
aU_
6D7
6oX
10g
4e_
16b
5bx
96J
84t
8Sx
5Sl
5wh
4X7
7Ik
8Fa
bp
4z_
0r4
8di
2de
4h2
aQI
5LK
7T
5hD
8lZ
1Y1
5hs
4RB
5Qy
2Y6
0U_
9MY
15p
0WA
7lX
2aO
aXg
1Ts
2oI
2rw
7H3
8GF
57z
2bz
8kR
8XU
5ba
9xs
50k
64t
hw
6_A
7DB
2P8
8EI
9sZ
9mQ
28_
9LA
7Yc
8KZ
1zS
67R
0rE
4UY
8R2
5_g
9h2
35B
5Oi
2Ad
8Yi
3Px
ara
1Fu
1Lv
9ND
1Gb
6e8
5hB
2c7
27Y
79y
9zN
110
6Mv
3B3
3vc
39B
4zA
4bT
8Z6
4EA
6qX
5hQ
0JZ
411
3RB
3C5
6yF
0hp
4ru
6dl
27r
JM
3k8
7qy
7XV
3RU
460
0gb
9rB
9tx
XC
2Tw
5gf
b2W
5LB
64s
2W2
102
b33
XK
5cR
281
3q8
7nO
aZZ
8bI
8VC
a5W
81
7x6
_
5Qc
bil
3Hl
4hj
1rO
3Vr
12O
6qD
2Ej
aZW
3V_
7Wm
9VN
aST
2zU
b5W
2lh
10c
2pV
5wI
08D
0uE
7pQ
aCh
bvZ
3xl
4A
3Rc
bct
I2
28c
3z4
2AI
9xJ
axG
0TN
2GA
3iM
bzX
jL
891
aug
4NZ
9jZ
0kw
a2R
8TE
3Qg
0X8
7ev
794
4r
2_S
0x9
P0
5Nz
1Oh
6LZ
4bm
8Go
5EE
1nP
34w
6Lu
9kq
0aw
5TW
9Je
5J5
6L_
2og
46q
9Y
aCU
1zU
8YI
aDX
0Ni
1et
bem
5Mq
8Qv
7Cq
303
3KA
5AR
0Ct
2Cf
5OW
aGB
5Fl
aR_
6GA
87
70L
5IE
7Bb
dz
3iT
ajV
0nd
2R6
3ME
430
7XB
b0_
9AB
2Xn
0rM
4in
8a8
9lk
7UD
9lp
7hY
0Ec
2CG
1J9
7tU
9EX
3K4
ayX
9Oy
265
6yC
9tB
1Lt
21F
7Eq
aSE
4_7
3at
8hj
byv
5Y6
8F4
7gf
2E8
7r5
4S9
2Kx
4Or
7eP
6NX
6HT
3T2
0wP
baQ
8ib
8Ta
Mg
45l
0OE
5ck
3Bx
8sx
0wD
6fY
4mq
tL
0kU
0Fc
6YF
8VZ
7my
5zl
8zC
6jQ
0ki
2fv
8RG
6S0
3cY
9nD
TL
2av
3Eu
58s
jz
8xC
aPR
4A8
4RU
b6m
6xY
9KE
3xh
baF
p7
9_x
9cr
3j
9J7
6S2
cd
1zo
1pI
8pG
3nU
9M7
9LV
3kN
18_
1V1
R
813
k2
7D_
1QH
3QG
44Y
6db
5Cq
9UF
5YK
49M
5UE
1_O
3sp
UF
0Hz
aTM
a11
9rV
3VO
5BG
5Z5
8Pk
46l
97x
6r_
LB
3mM
1ZK
63p
7so
Tz
6K4
5QF
3aD
aZ8
8bo
1Tg
aJo
1Of
aRj
2Mw
8WP
9Wx
1yd
4MW
7J_
4ae
3c
bfH
6uE
ans
3Y1
0Ne
51n
93a
1bE
0F2
6qf
9dW
5co
3SI
azS
5PD
b4n
8rs
8w6
0p
2IP
bgi
7j1
7wU
16L
23X
aMS
63m
vD
3GO
62I
9dL
15w
0NA
8h2
6qg
2pQ
2FQ
5VA
7RB
686
5Gx
6Yb
aPE
6cN
3Yk
ayW
5Vh
036
2eI
aYf
wA
9vg
03R
7Fa
7YT
0bL
073
8mw
8xr
8UV
7lz
7aK
6GP
4tM
Aq
MC
2ND
7md
36l
Y1
66f
6AA
8OG
2yK
bpV
2rU
1_
3hX
0St
1HX
1Xh
6Y
4Ec
3Qa
9UD
8Q3
3pX
Zb
a_v
3tE
5LY
lq
6PN
7xU
2fq
Xm
0Dy
0U3
6fW
3k5
5Wj
Du
aCx
3Gs
O3
0JG
5PR
0Tq
6Vu
1g5
ajK
73z
5sD
7NX
0x6
a8E
9wB
aDQ
2HI
3yQ
5ti
0KI
9ao
8YU
1az
7Zb
3kH
5r4
Pr
aEF
aqZ
3GX
1jD
bud
5Dk
1UM
apf
5um
6tZ
8eQ
6y1
aAE
bpJ
1x
5VC
1Jg
Ps
4xd
3XA
4w1
4ex
0tg
a_8
0xd
afj
a8f
1k3
8ZC
8k3
4J5
azj
9ww
7ax
7CM
3EN
9pt
1uA
9sM
1Gm
8T0
2RX
55h
7dq
2Wr
3Ee
02Y
66p
5gY
4mw
8ye
37M
34
86b
7Ss
042
8T8
6V5
3J1
2kW
5jL
0mZ
67g
hy
0UG
3DG
2Sw
1Qm
8T7
aXq
12H
5i3
5Hu
bbv
2fR
7Le
k6
aRY
beP
1p_
12q
0qn
a5f
39w
b9d
1ps
1Zr
1TT
b0y
3r7
26B
9rf
3i2
aFE
4E2
6IQ
3Nk
0p_
0WX
4qn
5Kz
4R3
4yY
7_f
4m2
7DD
3tx
61T
5Fn
1XA
7pj
1qq
0eU
AV
0Ds
28b
7PB
9P5
AH
9cW
6o6
5Io
3yo
25R
1HO
2hy
9Ws
8kV
2Qf
3Qh
1wy
774
5Nk
93C
AO
gt
5T2
anK
0hG
fT
9PX
4Iq
4i0
2Tr
5Kt
Oh
9AG
8vL
5bH
Mr
2tQ
9RN
8qh
0Dk
5a6
4ja
9tn
7_J
30M
1lf
aj8
z1
9wH
2MW
b9e
bqR
8J7
3Wx
5ZR
8Ap
WD
78F
6by
4if
4zn
aKj
3xq
39k
aCr
09I
b8e
4IS
5fL
18T
0fK
aQ6
8C6
2_6
5k1
adx
3Zi
168
1_V
7Nf
6z3
5qz
6XI
94M
5zk
8X1
0oJ
0FN
05w
aY8
5rK
3TX
II
1kp
4P
3Wm
aW9
1AB
8td
0EY
4dL
0Tu
8F5
8Vy
6ZK
73w
1Yy
5Va
3_u
7oR
8JE
81I
3bd
01O
3iB
aRC
8zP
8yC
4ry
0ia
3dt
69z
9Ni
6TH
0cB
8bw
3iv
aQH
8pA
811
8_y
9xl
7Co
86U
6RE
3f9
5YZ
5Mx
7LZ
2Nc
272
3OT
36f
4GS
2rR
fA
bns
8fT
Ea
6GR
5NI
5Jh
9KN
1wn
4_W
bpU
5fR
8zm
1b9
_s
AP
sQ
2HL
0ue
9Cp
aZr
8hJ
4Jk
3_x
b8D
2oO
aL3
9XU
7U0
6HJ
8UZ
5Ak
O9
39E
