DAV
NBG
KCD
KSC
ILP
AVG
ECZ
ANI
DFH
NMX
FW
LBH
BZF
DWI
FC
IAQ
KAG
EPY
IWO
FLI
DQM
KUO
EMV
CWS
CZL
JYX
CBW
AAC
BLU
MEH
NOP
JQY
AOR
LVJ
BZI
DMA
JAC
ETG
JQB
EED
AJV
LEA
IKN
BLZ
HJU
CFM
MXN
LKG
FKT
FUQ
MEE
ITJ
PC
ITL
EXP
HOZ
LIX
PG
KIS
NDW
DXG
BCZ
NFX
BPQ
RZ
EXT
DJZ
FQL
KEX
KFK
JDJ
IHF
EPS
KOW
MKN
MEF
EFL
GJS
EIW
NRX
LXK
BUJ
AP
AC
DRO
IBK
IBN
JED
FFB
JTA
NOX
NIH
FTF
LNU
KWL
LUS
LDM
MJS
DCR
HXC
NLY
EYX
JVN
CDN
GTP
MGR
EEC
DLQ
DKH
MNK
JOO
JIW
AAD
APT
IVE
DMM
MLW
JEJ
MEZ
CFR
LIA
EVO
BVM
AFK
CDH
CZD
BXB
EDW
FDD
HVP
JCA
BJZ
DOI
EJJ
ENW
EGX
ASM
NJX
GLA
E
KWJ
LYU
HHH
MMU
SW
AQC
MIB
BGW
CX
HBR
DPK
DWG
MQL
DSN
KST
JCQ
CYM
DBM
BSY
OW
IJO
LMB
DGS
FNR
MQW
CTZ
LMN
MOX
CGW
JBW
BG
VW
ML
IFR
KWB
GUP
LV
KDB
IMO
LGV
NMY
FOJ
JID
FOI
NGQ
HAQ
ECT
AXJ
VQ
GQW
HWZ
GKB
GQM
HFT
NSA
FZR
DBE
DUA
IZW
LAS
JAA
ETU
JXM
IPL
JIS
AVE
KFH
JDQ
FLW
KDW
KIC
JPT
FRF
GPS
CME
HSU
BMY
DLB
FLE
LYD
DWX
FNY
IKZ
MZW
EIA
KWA
HIP
COB
IWA
IF
GHM
HV
NEK
ZO
FVT
GHN
ALU
NCT
FYV
EYJ
BJG
HMD
IPS
KHM
MAT
DGJ
CDM
BXZ
BWB
INO
EGS
DJM
IJB
FIN
GIH
FEF
JU
HJD
KG
GX
FVR
CRY
KAX
HWD
CKC
AOC
SX
BED
DKZ
CPW
AKT
GR
GPR
JWN
HWY
FLR
ACW
KME
IGK
DEM
MMN
HUW
JLC
GSE
LVP
EDH
NPO
JOL
HEF
DOC
CA
HSX
MTV
DPL
JCS
EGK
KIV
KYW
TQ
BCK
AGM
JJA
EGC
EGE
NQB
NDN
KUJ
MO
HYQ
JG
HCA
GVB
NRE
GFF
NPL
FKU
KKV
DUE
EKU
ASW
FUG
LGJ
IZE
WN
GWR
BTW
DIH
GGY
NJM
BJJ
BHJ
GTN
AQU
NKZ
EKQ
LYI
MCN
EWE
NPS
BVX
IPJ
KYB
IFG
DUK
BWF
NMT
GUL
IRN
FAB
JZF
NOH
NGD
KOT
HGN
KAD
IEG
LYM
NMF
NLL
JIC
BDN
HPO
JRI
IY
DOJ
LVK
BSI
AIW
GEK
KKE
NBK
DCB
JMS
DYI
CKG
MAL
FLV
DUG
NLC
HMC
XS
ENB
JYM
LLI
KFJ
MKU
YB
HHB
IGD
EGH
VD
ALW
KKU
JYB
GJB
NQL
GK
EZU
BUT
NQ
HMS
IQN
FPL
DCA
GTY
EYW
DID
MGP
LLW
FJD
NLR
AON
BDR
FBM
GLT
MQN
PR
ANG
CKO
NCP
AAN
NBU
MRK
MID
CHI
CNQ
HHJ
LBF
BGB
FGS
MX
AEY
HVQ
LJZ
FPI
FAY
BRH
CPN
