15509
18574
3893
4828
7751
7846
5173
18547
11441
2350
20992
9141
21630
20523
8595
1612
2700
21128
15028
20255
10618
9432
7044
16985
437
10378
4077
20097
21452
10835
2843
18364
11503
20778
21400
6804
10963
3019
20072
14698
1299
2190
11765
16623
3480
15838
14895
3648
6698
15288
2791
13151
19647
14788
6664
11209
666
18418
9608
15658
13016
655
6662
5721
10312
21104
17455
18144
10078
9363
5067
12410
2865
8224
20565
13094
10822
3490
5002
12556
5330
4183
4500
9747
18386
387
15118
15592
5091
12649
11478
5676
7922
10915
14995
17554
4119
1797
5629
16740
15785
3110
1016
20667
9522
15186
8524
18469
14755
17565
20374
11669
19831
14044
11026
14602
11673
17348
4171
19339
14419
10794
13418
468
13574
18761
14737
3629
5117
10180
5963
11579
20431
152
9752
20439
1331
13232
15783
1107
2131
12759
11130
10371
15222
15980
11022
16185
6533
12340
7114
598
13626
2966
19704
21091
10306
7845
14496
2361
16027
10603
7174
3290
10065
6916
15794
21773
3111
9154
16678
21269
4161
6171
2318
3688
8466
17580
564
1882
273
19095
4537
8836
15985
6761
2092
2447
19128
15920
7678
18866
11427
4450
21266
4997
17007
15204
13250
11028
20068
14146
20423
10680
