n
k
A
K
E
w
6
r
p
O
0
x
N
T
Y
s
H
u
m
9
R
M
z
i
J
v
L
u3
T4
uH
XZ
y
JV
8
nw
qC
o
eQ
C
U_
V_
jO
4
G
Q
1
B
hw
HT
xP
nP
X
ou
5
_
rG
D
nF
TV
B0
P
pC
bN
2
q
nM
uM
e4
j
vS
CU
W
d_
eZ
B6
OT
IQ
mX
v3
XY
qE
zQ
r1
cn
sD
xT
V
GV
yY
oG
s9
N7
bd
V6
EP
cA
yC
ks
n_
sM
KZ
H2
h
nr
g
dy
hI
cM
M3
gX
uN
pr
TY
R7
C5
nK
R0
S
bt
kr
bD
aF
10
G3
NW
qR
rw
pz
I6
jt
jp
aw
MT
RV
pO
FR
M0
dX
sx
yH
L2
d3
aP
an
MP
CD
mS
gi
W3
AZ
iC
pH
dt
np
dJ
hZ
pZ
nS
bB
gx
dF
GR
bW
xR
fE
i0
GI
f3
AH
n3
mM
lq
uz
M1
ER
56
MV
tD
oZ
k4
ip
dl
IO
K_
b7
aQ
IT
sA
MN
tW
rF
vZ
m4
o2
kO
j4
y9
LV
wN
eh
iI
cv
dn
E8
kA
FJ
qr
DE
R3
l_
ox
ce
mr
35
tO
DR
ty
bL
NU
iF
p7
yN
xL
M8
C1
V0
B5
h0
o_
A6
oz
ar
K6
uS8
qS
DE7
kzK
or
ow1
DF
bP
F2
fT
t9
b6
l0
tH
pWX
m0
wK
st
it
nZ
vT
23
hk
l9
w8
rL0
uU
CP
OS
w6
jG
b5
pB
xUY
B1
I3
hBL
iA
BW
e5
X1
L7
dwy
tE
nI
wZ
ejA
bm
lC
sS
vA
gq
rA1
kV
FSV
ov
E7
tu
wL
ap
yY1
gJQ
HS
oL
pK
acC
EW
k3
tw
nrX
gD
gj_
bG9
iQ
LMR
eo1
IK
zW
jm
pL3
diW
BRZ
xyP
uE
tOP
dpP
gkq
T9
fsW
eg2
yHO
kMR
ux
fl_
cO1
H9
yK1
vLT
inp
lmW
67
tF
gC_
28
f67
yA5
DN9
tAY
DS0
tTV
zN
exY
eI
fnA
FV6
uMP
OY
uv1
BI
r_
kx1
fg
pxN
hv
cdO
wJ
luB
lS0
U8
yW9
BEV
vY2
mE
uK
bjD
mBW
df
E_
wJO
uIK
fCZ
su1
AS
acs
G8
V46
GKS
rw_
pM7
dJR
bgz
jRT
lTW
xP1
wAN
iBG
BCR
qsV
eG
DW4
DO
qL
op5
jpz
LP
cAW
wzZ
nFR
eyS
cSW
SX7
g3
q57
sy
dlz
kov
CEX
JP8
nT1
rW1
hJN
AP
vwW
mT8
CV6
sO0
oY1
qAR
hCN
NO8
nyL
ERZ
no1
xT_
axW
jqZ
bqE
tZ6
jv2
AJN
CF
av9
fxX
aA
bwP
aD2
pCW
co7
bIS
zN0
aBC
eI_
nCL
eK_
cD7
dfx
oT3
y12
wCY
agD
yCI
ch6
v68
yG8
N1_
hoY
yZ0
gV2
byI
FO8
AU
k2
os0
xHK
lNX
iHJ
joq
PV_
KPU
kwD
mCX
bR4
bcG
nzR
sw0
aL4
nVY
p4_
av6
tEV
ozI
oBK
lEK
kzD
mZ2
jlt
bD5
ru9
GJZ
rQ_
HZ3
bhL
jU_
kor
dp8
kp2
pC5
fl2
akH
qBW
mJ9
iH7
ikP
eiY
g47
anr
xD_
eS5
nKN
apy
vP0
pEO
giW
mEM
bC5
sKM
rEX
zA2
aeM
grQ
jkL
nz6
kqL
AJ7
HIN
mw2
biI
ryP
dqA
eyB
dj1
abt
lFY
ajp
bn7
qCX
yRS
hR9
vwI
ejB
az3
ilQ
kJS
GJQ
VX9
iPQ
RZ1
eEM
dL_
aLX
aM3
s16
pxX
bv3
nX2
aT7
v10
FGR
ego
hy8
lLS
sGH
NO3
ioL
nY1
hT1
460
aU6
eD0
rCH
oF9
iF2
eU2
o24
cgh
tvx
iB0
gl7
nR3
oR1
hnA
eyY
vE5
SW5
koT
xQ_
APX
kH9
psS
uzT
V16
a49
bs3
fEF
pxT
lI0
zIL
ajM
QR6
rDP
GI3
fvG
a0_
dU6
iAR
JL9
hiI
ns1
ntY
bhZ
glT
tAB
fq2
mrU
EJZ
GPR
bDE
xMT
IOS
GI4
fI3
anL
wy4
cvV
xT1
eOX
bo7
kR4
cjy
yP1
L20
lEW
co0
oQS
acf
aBX
eiZ
hlz
iuw
kI_
GJW
dq_
aUX
IM7
r36
T19
egU
bD7
rHV
fiY
nvS
nIX
hL1
zEQ
bqw
JLS
cE3
rAQ
bij
nGQ
iA9
pzU
GM8
nqQ
zY_
mY9
pC_
jyA
qrs
lW8
zV0
wFY
iP9
dir
iBU
uL_
vCT
dzD
s15
ckV
lR5
zDL
hnH
xF3
u29
mBX
gy5
aM_
an8
wB2
diB
aqS
mux
lz4
nt3
yK2
jI4
RW1
fwR
fw9
iOU
WZ8
rKQ
zT1
SZ1
jsW
wR7
gDF
rzE
yXY
yGP
fX5
CW8
cy1
uA0
mS_
qE0
FP2
bF1
lY_
qwJ
hiZ
vFW
qUY
nK4
gGK
xFN
wX2
aPV
IK6
aR9
vHV
cgq
wy8
yEH
zK_
gK0
wyA
svI
gOW
hIV
mFZ
rGV
czL
bUZ
CD3
lpM
dzR
PX0
o57
wEG
pQ8
vzM
egj
BL4
xP2
aPZ
jK6
kq9
CH4
gPQ
pKX
dj3
ntB
RVW
fsu
im0
uY2
jHK
eT_
uAC
u13
kGV
hor
fqA
ek3
eE8
nU0
aey
vzT
noV
qrV
tU6
oSZ
aiK
b17
uCX
HIY
xE3
ku2
oAP
oQ5
uW7
iC9
qD7
nT7
eDY
RSX
wAJ
aoA
E34
hrR
lUY
EUZ
jEX
FQ9
qMW
jU7
n38
beS
epr
dwZ
uwS
cix
jG1
d59
a26
tF9
wG8
PR1
pR1
nBI
c37
os2
yzR
lmL
hH8
ry5
av7
qz5
jmB
cgn
LP8
bsZ
tyA
U47
nyT
iET
tU3
ft8
ej3
lF8
xFV
knq
ou_
uN6
AW9
wyP
wDE
mLY
uzI
ux0
djw
BS1
xHX
irU
ySW
nG9
knx
pvy
vL8
bz6
xJ1
gwR
nT4
CLO
H17
hJY
bou
huT
zI1
mL6
yVY
myX
nC9
lnF
nUW
oNS
cJ8
drQ
zWZ
hot
vX9
gm9
nvU
tS6
yGM
vVX
fzA
aE9
czB
DFX
tNU
zN7
muZ
qz_
hpA
anz
IN9
sV_
ER2
kpG
pH3
nA1
cvw
qrR
zF8
iCU
OQV
oM2
yV8
wEX
qsF
EYZ
mpK
E45
nrK
dDP
GSX
lsN
jsx
bBD
zG1
aE8
rv5
qRY
mvw
bgN
FZ1
tGQ
BE3
lqw
hoC
pUY
lW2
gio
rY2
qL0
bu9
bnM
kL5
iB4
gk3
qv0
pyY
JV8
gxW
v1_
zS8
lK0
tY5
grC
kBP
nsT
opI
vK6
wIS
yQR
ew6
gBC
rt3
hCV
KL7
kvA
cLO
bj5
EFL
uFM
gW_
in0
imq
biU
syI
aF0
MT1
mDT
knY
QT6
iZ1
V67
ez_
hGV
ptB
glH
ADH
fgz
qyQ
boI
jO2
MQ5
dsH
mwx
lHV
lm9
rvF
gx1
uH3
bcx
UVX
pwF
cjQ
qFJ
nY4
bOR
x34
drA
mL9
xN4
oGM
rNU
aI5
rFV
qMT
gl5
AUV
yP4
ciD
mL3
lA5
y5_
tDK
qBG
IJ8
xT0
RY9
ko8
dgX
EHI
fnD
ovO
p7_
bk2
aes
rzU
sv8
bmL
fx3
rOX
x3_
iE6
BG7
cI_
N16
bzQ
dmo
hQ5
iqr
wW8
EL4
j20
ci_
gSY
B68
apz
npw
hkm
vX3
wL1
bqU
lA_
xM6
bO2
cey
wB1
sS6
NR1
JNO
arE
n45
PW9
AGP
mT9
o34
lQY
Q10
itG
yzB
p67
qP6
AB3
bT9
fS4
btK
ty7
rLV
eX9
lq_
kVW
cwX
lo0
wzS
bly
jBI
vw4
wW0
ewz
mCT
lHY
bzO
GRZ
pvV
ceR
et5
v12
CMS
psv
qM0
dK1
qN5
aRY
e17
GM0
Q69
e36
DY0
hiq
avB
cgC
bDY
pKQ
zEZ
gKU
elm
tx4
fiK
bu3
glm
tU0
gkS
jyV
ehp
rtO
vy5
gIW
BM1
msY
ruX
AX4
uGX
kN2
erV
UX6
rLQ
nN8
fFX
zJX
N79
cuX
GW6
uFN
Q7_
kAH
lEL
uJU
mnp
EP3
mnZ
vLV
cKS
erE
oB_
ajH
tvy
uK7
ekA
duK
UW7
kn4
hOU
xFG
lqB
eF2
dtN
uy7
p29
FS6
uLQ
cK3
jZ_
nPT
oH5
EO7
u37
cQ9
pFQ
lIP
jwI
iCZ
AEJ
bm4
klw
vRT
GNY
hv8
eE9
KR1
IRV
cfJ
eh5
qQ7
gm4
xIW
zBO
cHW
sz_
eo_
gAS
OV2
xJK
CDS
M10
pPX
mqy
tvZ
wUW
nDM
gxT
tKZ
L50
gq3
qKN
auK
din
zRW
dE3
sI0
pz_
DX6
nN3
NSY
ER3
MPV
hk8
efA
xIQ
lwN
bV2
KU4
uvR
jkE
zJT
cw5
xM7
o30
vG_
dsR
owU
qJM
ckK
d25
S50
hwE
jDW
ivK
dyJ
bE6
wM0
tzV
oT6
AJR
ak4
K12
amJ
CI9
lzI
DGI
aqK
cOX
jU0
kuT
AEP
xCN
cKR
luJ
AMU
dpL
R70
RT0
pP5
txZ
cW1
cQS
py_
sK0
pNR
dg5
uGY
gT0
is1
dC0
qL_
CSV
wDQ
biX
ANW
pJ5
IK5
jC6
gmI
BZ6
sIK
amM
XY4
oLX
hj4
tWY
vY0
au8
dBK
a67
sR7
V27
mv1
jrQ
OZ0
JU0
gEN
nsE
wIQ
kvC
bsF
aVY
ST3
acX
fi7
qX1
AL4
hR_
pxR
JMP
IQ2
AIW
iv2
prM
dpq
aiz
aQZ
bs5
hPS
bj6
eHN
hEH
dX6
qR7
HLR
xJO
sL2
swH
tJ5
ekq
nIU
kF9
nH_
oq2
vwx
qt6
ju6
zHR
nE8
lDL
wS9
dG5
lP2
fhX
cx1
hkT
mnS
aB2
J20
nPR
lrU
TZ5
eKQ
f12
mpA
O69
qRV
gqW
pyE
lnr
xIM
p9_
suz
qD4
NZ_
cCK
IRU
HL7
pE8
sL8
dxT
pKN
kTZ
hDG
D36
FUV
au3
jFW
ioP
duZ
QUW
aMX
wPT
vZ7
del
bT8
lT_
dqJ
OR9
wO6
sB0
pvx
op0
cqA
LS7
wGM
oxV
sAP
bFI
sUV
KOV
ceN
oZ1
uAK
mGP
xBJ
suB
ceS
jrG
bcJ
dfy
sxW
iAW
MUZ
xI9
S27
erN
iyH
fF8
jvL
R0_
aky
cu1
xK1
gzW
mAC
PW3
fgR
FW6
SW8
hH2
uzF
v23
aJO
IN_
yN2
G45
uZ3
130
mtX
gn1
stM
APS
hkr
x15
NST
iu0
al7
czD
jQW
fA4
mn6
MTZ
lwC
sw6
LS1
nQ3
HQU
btX
buC
iIN
iL8
qCT
JP9
vxX
KX1
bU7
vR0
dR9
zBU
VW5
yL2
mJM
oKN
wxW
DEO
elz
rE5
uD6
fEZ
nzC
af6
dky
gXY
frX
kOR
vz8
m18
ot2
fz6
btz
FT9
BIT
QYZ
HRY
ilz
kPV
fT_
wxY
iF4
exZ
pY5
eH6
fr4
bl8
nu9
acd
sxL
qVY
jV2
fx4
izT
dnT
lwL
JPS
aQ9
JV4
gtY
grA
mzL
ceY
pBE
cgm
r58
qN4
wyW
qCK
afZ
dRV
uMN
giF
qvM
hZ8
ayz
opx
pG3
fiS
oOT
dP5
AHK
qF1
kZ6
sE4
dil
IX3
DV7
bw_
yCT
IKT
fMQ
fF6
erw
yC1
aE_
gr5
efY
lI1
ho5
otD
aEN
DJ2
w34
nF5
jD7
COP
dmU
xR8
fY8
dux
zC1
G48
hoU
ew2
yOY
lx6
mX6
bE7
fzT
JV9
iyI
gL4
fH0
b67
m47
aOY
ctE
tD0
hLQ
quY
jsF
iwG
qtQ
er8
emG
hQS
vI1
zC_
nxR
CLY
eDU
fi9
chw
zZ0
oy5
hjU
bdV
kB5
kq0
bG2
uST
wS_
h9_
rP5
rFX
IV_
amI
nBZ
jmp
bVY
djK
oOU
qvL
orW
ltF
dhp
GMN
NW8
dS3
pD8
enw
QUV
EF1
K14
rHX
V56
bu2
249
lnU
ad0
x56
lA7
mPQ
gCY
arQ
bgV
gAZ
fyV
A2_
JV2
twE
mx0
HZ9
sB4
mBD
u17
n59
GLY
blD
imW
bR6
DJ0
xEO
j70
O10
aIX
vKX
OTZ
AIZ
CX7
hjZ
LSU
kZ8
rz3
lGS
ivw
xZ2
dRZ
br8
BEK
AMY
fu8
yX0
eW4
kyE
M45
swX
g14
BCQ
xyD
nK8
nEK
MVY
aD1
oY8
JK9
rsR
AE_
ehH
mCI
mOU
aJN
pOY
aN7
gtU
vxI
vBV
dDG
i2_
rt4
cM3
ixy
HS4
t0_
EJV
puI
KR5
vAC
eL0
HI8
bDO
X80
bpZ
DNT
fE8
iz7
zLS
uW5
HJP
FJ8
ahi
bhD
UY3
gtE
cEJ
GH2
zEK
dj2
AD4
378
ef8
bHR
hY5
wxA
aiX
mzF
eqw
ELY
TU3
itM
PY1
mCF
st_
hz4
AEY
U6_
IM4
adU
rNW
ds5
biF
iL4
ek9
bew
sy7
ovZ
FX1
wH4
mqN
gMO
bgX
fKR
b8_
uMW
kr2
jrR
PX3
LU3
pMN
iSZ
iKW
vX0
ahU
mx3
HS7
oq3
TX1
suT
tDV
LOX
kGT
eQ6
fFH
pT9
zLV
dU9
IK9
HI_
eOV
gFJ
isA
vJT
oyC
wEP
HN_
cAN
oKQ
nS5
xV1
qwD
uK5
ARZ
pvC
qwI
eGZ
jS0
GV4
bhW
pY7
CMV
h7_
OS1
ILN
wFH
ejW
jkH
Y35
wE0
gDO
gY3
nq7
cBU
apW
xNP
FL4
oNQ
fkW
kr_
yHP
KM_
hwH
VX6
mH9
mDF
fqQ
zY8
sIV
ER8
R19
eL9
yJ2
uxD
jsI
ei0
cV_
rEP
eyT
fmQ
ly9
msA
exD
hMP
cG_
du0
fju
gGI
mu3
wIM
fFI
fpx
lC8
iU_
msu
dr7
ekM
hrA
o1_
dEI
nF7
kr5
CIP
hyP
AW2
pv7
tQ0
bZ_
dfr
dsY
GKQ
fQ6
lTV
tIP
tyE
LOW
mR4
cM7
PZ9
beJ
tzX
efD
iUX
DN8
x1_
adS
o7_
DHX
qW7
mDH
dwJ
lJS
N0_
oS6
jO8
M50
HW9
fq5
kRX
HR8
aAE
aAG
fuE
rtK
T90
hmo
fwA
xN2
bht
vKY
XZ_
CJX
mty
iyM
lwW
giL
hmY
cEF
chO
dy5
yEO
dp5
lxV
dr1
uMO
jK2
sP4
egL
iJX
dOU
nvH
foO
nBO
uz8
uDO
wW_
DNP
hq3
efB
szV
bsX
fqM
qGT
jzK
kHM
cEI
fs4
wGN
gwG
dJS
bhl
KL1
qKS
xD8
tDX
jq4
erT
btO
HTU
kK0
cmG
NR0
uJS
TY9
jvA
MS6
iKR
mxJ
msJ
prs
hsP
r20
oR_
wG_
sNU
cW6
pT4
qDY
yDH
pxC
sA2
mQU
zG6
HMQ
kU3
iqA
tE1
oCV
gpE
hLY
ntX
gi4
bet
mDY
quP
bUX
dh2
lFS
K34
gzP
IV2
nTV
cY9
QW_
oHU
AC1
mJL
boq
rAT
cz4
ES_
bpu
my5
xF5
svT
yJV
mT2
BJP
mGL
fkF
wX3
dBG
vDH
uSX
gnp
euH
DJQ
tyD
mxO
kX9
ahH
ASX
wyM
qNX
nyZ
vNO
lGH
hlp
HQ2
cL3
ET6
BUV
sBK
csU
pz5
izF
pq3
A28
knQ
mn3
g78
dq0
dwB
mwC
jsA
ix6
fU1
cpN
bAZ
nY9
dH2
y90
iyW
elP
kHP
nP1
lK1
uP5
oMN
xyM
sPV
hpP
qtE
bKW
yOR
cTU
mR9
ack
CIK
jkr
vMS
h27
nvO
kFI
ntA
qCM
cAJ
xBC
tuO
LT4
tE7
T15
eKY
do0
aeK
eV8
JU9
jmE
irF
cj_
aku
GL_
rvx
wxJ
K57
m60
BH_
cCM
NSX
juY
ipR
zNZ
rEQ
mvC
aN2
qM2
eA2
dvI
lKT
fN8
gN5
aC7
pB4
mpY
nq3
wOQ
LX6
FTU
eo0
rOZ
b7_
amn
lGO
DT5
nNS
fu4
CI2
gHU
qy9
FHP
wB0
AGI
bLW
U78
az4
dKR
kmG
kxG
FR9
tWZ
bR3
dqw
FIQ
Z4_
zFK
DU9
dek
RX4
nzG
fBH
fD8
SY2
hz7
lC6
nCP
gB8
EPS
nvz
iH2
yB0
ctH
JKT
jv3
sQ4
wJK
hJL
AJ9
pvO
kot
MN2
kP2
iAV
eoD
cPZ
dmp
mqP
xIZ
mwT
eyV
mD_
fQV
fxB
mF3
sH5
BY1
QZ_
kru
dX7
SZ2
lTU
axC
fo3
hrx
vJP
pxK
eOQ
ekm
rv3
nqZ
cIL
vG4
wLW
tF_
pDP
hE8
iQS
cqK
lBZ
jY1
wEF
p68
mv9
or2
yIK
lJN
kwO
zOY
bcL
zEI
K1_
cl0
CLW
vEG
vB6
xyX
oI5
nOX
gL6
sLW
su6
yA2
wNW
alt
U25
aP3
k69
eRW
vIL
pX1
ajV
cG2
hw6
bJ9
W18
zDS
bq0
jY0
ehS
bk_
kAD
sDW
EGL
iMS
BY6
xIR
uwQ
doW
DKL
eV7
uBV
dwP
dgK
aL5
o14
mG0
qJN
lBU
AR7
iE_
cRW
xQ5
oQR
cP4
IR3
BDQ
JMV
DH7
ceL
jD8
aqA
gmt
alu
lz0
bfS
cpY
oM8
atZ
mFU
CU1
tAS
czG
eiW
de9
swS
nv_
hEI
hkC
lvJ
ovJ
coJ
YZ9
kY2
pwG
asu
nxV
awP
wF9
FKZ
lH2
eL7
cl7
uxK
alH
uFG
rYZ
JOZ
ef7
bU5
gj7
el0
lEQ
eZ8
W69
qN0
OZ9
u3_
dHS
anH
JMU
nEZ
syS
bdn
vCU
gJ0
gC3
gH2
oM3
stI
B0_
puJ
pMS
stR
gxF
A4_
lp7
oN5
mzW
np2
HIJ
ADE
l24
jJZ
jRX
qxG
xY7
EXY
mq4
ekl
op9
iT2
uD9
bMT
wY7
dhi
gkD
MS0
tzO
s0_
gJ8
afS
csD
tN4
bjU
GR9
dAK
AO_
fvL
lH4
CKV
sCW
bny
P34
IV3
bqC
gY1
jTX
tJ8
BTX
sDL
gtM
bxz
Z10
wN0
Z50
akC
BX0
uI3
ipK
sw3
CE8
dqC
lW6
F15
gmQ
knu
O15
npY
E47
vMV
uCW
mDE
qrS
bBJ
sHZ
kP6
vL_
zQ9
dh4
hP2
zS1
uHJ
qw3
IOR
dzK
uyW
oIL
bsU
nD2
BJ4
evG
hjS
kzF
hv3
dWX
KUW
w12
kH5
bt1
sNZ
qsP
hyU
eyz
dkW
hu8
uI1
DG8
qX3
iJL
fJ3
r6_
EZ7
qAQ
hmW
hvC
qxF
l13
eAW
hL2
pry
dFO
K3_
pT8
qJ2
sPT
ewE
kI3
WZ_
sO4
X67
mrC
iIW
dkM
qEW
xF9
gR6
ghv
GJ4
W5_
zR1
ABP
mGM
hQR
AHQ
DO3
sR3
jJY
xFT
aeo
pTY
IU7
csx
w49
myC
gJR
uA8
HX0
yOU
fgG
IX_
bi_
pQS
np6
dis
AS0
qR_
kM0
wPR
DUV
oFN
iyF
p5_
lV7
eC3
eCF
oLV
qxO
jqL
aiV
gDM
aCK
jkP
W89
hM0
AOV
blt
fqy
ty4
wC6
kA3
btL
AZ9
fvC
gBX
ai5
mNY
KQ3
CG0
bxY
jA_
aOQ
lop
C25
aK7
cyF
nV8
imZ
lpN
ghZ
qB5
M17
flA
lC4
dMV
czN
otN
pBU
djI
dq5
eCZ
pwI
sHR
HWY
xDN
oEI
LZ2
gY2
W28
rDQ
pD_
KU2
bfK
jpR
GJ9
fmZ
mx5
vE_
rQ7
eiU
eF9
pE0
bqV
pwY
dh3
lDI
oEO
gk_
L47
tIT
lr6
z79
hKY
nG2
dEP
A79
awY
dGI
xV_
gX1
hy2
IQX
auZ
uV4
zFL
etH
lKZ
oAW
oBU
oW2
oKZ
rZ1
iRS
stY
jzC
AL8
jqW
gZ6
dT8
GZ5
io7
qI1
qt5
pG1
bF9
uxA
nAV
nCV
fWX
eN1
U12
vA6
uO7
CQ0
gvX
asD
iHT
oKL
qyE
dnS
nL3
EX5
N40
jO0
hTV
fqt
dNY
ANX
zNX
cfp
lJ3
EJU
bU2
acB
gow
gB_
jB9
fh3
cjT
tw9
vM5
lK4
eF7
HPX
uD_
dF1
GM7
ozH
uHP
bNS
jln
gH4
h47
jqJ
drV
nr2
ct4
PT3
tG9
bsS
jmZ
gC8
rOW
SUY
oyB
eB2
y67
fg5
beG
ht9
wIV
klz
bFR
kmn
jEW
ES9
pL9
lpQ
BM4
mw7
j25
dm_
iBZ
jku
ioX
uyD
bvD
UZ7
uQ5
B49
pN_
hpN
lI5
kpv
aTW
PXZ
glA
zIX
mt7
zBC
bN3
wz7
eqW
mTV
uEU
ksA
bG_
cjY
oNU
tM7
DZ9
oPV
jUX
sJL
eFY
iDP
pJ9
quW
hLZ
ajG
qzA
fjq
uDI
txO
fsK
iAM
dxX
CRS
pFJ
gy6
qSW
lsU
kHR
BU4
rIJ
dkl
vCK
eg1
jAK
oyV
lv9
rJV
hX2
ruY
sU5
jz9
c60
bhN
eBU
sx7
ary
xSW
wzI
dB4
yK_
pvL
hC3
eD3
QX0
ei_
dNZ
knr
wKT
g37
gPS
lB3
B34
bzJ
qI_
yFZ
bI1
fTX
yz6
oDY
kEM
xX4
mzS
vAJ
inB
bO0
nAB
jP_
BMQ
mX0
CTW
AQX
ewZ
AU6
dGV
q13
xD9
bH5
esG
gAT
txE
cSZ
hjp
iqv
cuF
SU_
iIL
mSU
b37
AG3
vxT
lHM
bLU
pQ4
fij
gpD
vV8
qW2
fuI
hCF
uS7
lS6
bcH
rIK
z38
bwS
wCJ
APY
iOT
e3_
dvT
ko6
cly
sv7
ktB
cW4
BR9
cmO
P2_
c9_
CIR
jFR
tHS
lG_
emt
bc4
dyW
iDY
brI
bMU
pW1
sV4
qJQ
zF_
orv
luI
jL2
S35
tyN
dk4
uvK
hyN
vK4
D89
ry4
wNP
V12
xZ3
u7_
anP
ilN
wGP
svZ
IOX
d16
huI
fjn
yJX
wCM
dyR
glr
kD_
DSY
bq_
tBJ
uz0
FO2
EGZ
ado
AHY
hIT
BQ_
fR5
lD2
J16
qNQ
HM_
dm2
sS3
rN9
R20
fj5
AIX
fgN
C10
wCQ
tIO
acp
sZ5
qST
fJX
xL0
gCI
wLT
HT_
nY2
joK
ekO
inu
dv3
AOR
jLW
kqX
tAD
MUY
aFI
uGT
fvA
z70
sN0
OUX
rN_
pP7
sU2
gzC
efZ
vCO
nS9
cgA
cAU
dwR
jqC
EHX
ai2
qxP
nIW
gTX
tW4
wGU
zU4
kNZ
y59
AJV
FJ5
fC3
cEU
nEX
RZ7
DJP
noM
lnP
hxS
eft
sBP
aHN
tO0
knE
boL
PY0
rKL
B70
msz
sMT
zSZ
fPY
fGK
gjw
lRS
acW
bpK
exM
u27
mnD
fgw
gqF
KZ3
HU2
dlR
E46
qsX
wDO
pRT
jpJ
jtx
dry
how
LOQ
jAT
ABW
bls
ATV
MSW
CK2
zKQ
CJM
otM
ck0
mVZ
uLT
yM6
oIP
dP0
w36
rTW
CJL
JPU
boZ
O8_
yW3
RX7
sAH
jlo
JR3
eq2
MNU
bMS
xy8
di8
CMW
rsv
iM0
ip2
nwD
X2_
tLN
iS6
BRU
fu3
QXZ
muO
fuU
enE
fF9
fqP
qU2
jpU
Z80
gK7
drK
OZ3
ms7
eV2
DL5
ipY
fiv
be5
nWX
DIV
OR2
JO4
sxH
eV_
cN0
fI7
yAL
KNR
u34
gh5
bm8
eL8
yEW
PY6
jPQ
hou
orC
azW
cE7
jn3
eAL
uFJ
bjF
wT_
bnK
tHW
lF6
wMP
fhw
efX
QS4
d60
auA
mqY
RW6
lq3
itz
dxN
ptW
goK
ktG
mRV
jV_
pt1
oQ4
BKV
lqy
kCN
aC9
oP4
iw9
tZ1
jCQ
bgW
dX1
hnG
elS
uyX
goY
lPY
rs0
LNY
EI_
arx
hBF
nAK
oxG
S90
hr2
cjn
JT4
sO2
qS0
ghn
jBU
zG7
lzP
yM3
vJ9
pCI
f37
asP
xK3
wAP
wDP
kZ7
ESY
rL1
koy
uNU
uL2
LU7
lvN
bHJ
aM8
qO6
dHN
ABN
xBD
nuA
hj_
kwW
cqv
orF
chj
rAY
MNT
yI7
NRU
iwI
dxJ
iF5
rzD
aAI
jVZ
no8
iuO
pP2
ipM
vW7
wCI
y80
ijs
IWY
x48
kE4
bmM
mwN
jC8
sY1
fyS
dV8
rHK
NP_
V49
gmG
iT1
as4
eEF
mX1
mnM
pH0
BM6
iH4
oE6
vZ3
tyU
blv
axP
hxQ
emQ
cO3
fkE
FL6
R67
FH5
AVZ
EJK
OU8
hI_
pPR
bsJ
moH
tFS
JNS
j69
pSV
uU1
xAQ
aS2
npu
tS2
y1_
p13
CEQ
gBI
dhI
V24
jq3
HZ4
awJ
ds8
vKL
fm3
uA5
ckX
rwQ
eTX
mX7
vyT
ipE
IW6
oKR
tOV
kBW
EFJ
ads
bfh
ah4
lB4
uBS
pqv
LQ0
lKL
rDO
iwy
go8
dj6
LUW
duy
eNT
itK
vD9
aj2
ejL
kOX
fBV
cEW
dtX
AH1
ntH
atO
hX7
xUZ
nF_
IU8
oyQ
lHJ
mq9
cfF
BJ_
TY1
hUZ
ALO
wyY
ew5
hU0
r27
wP3
Z28
qvZ
bfP
aDJ
AR_
ho7
ksT
wM8
iFJ
ryY
LNR
qCQ
iQ7
pFT
m10
nr6
qCL
hlL
569
n10
do2
qF7
coH
yzG
MNV
sTV
LOS
csZ
oH3
uy0
rPY
B30
X34
tSW
COV
rZ7
oR3
gMS
ruV
nN_
fOR
iw3
jwL
NO0
bC0
otZ
gz6
lmu
hpD
aD6
yKX
aB5
GO9
RU6
mS4
eY3
gjN
a17
DHL
eW7
czK
aK_
iot
exQ
A40
yET
czV
wCU
mr5
jHY
QR9
kUZ
DGL
jBX
oEX
nIM
vxQ
elE
vG2
ben
gBO
or5
yI2
w16
iB2
E9_
dmI
B79
GS5
g5_
efS
lwE
dkz
Z36
JNR
hAK
fY9
jQ8
xCJ
kw1
exB
d47
AMT
GZ9
itP
mn2
aUV
qSX
aj3
NT7
rO6
rw8
FXZ
jKU
zT6
dR3
nE4
tTY
yW6
kzP
kl0
ikG
jyO
dDK
ck3
iKY
tNR
loX
cxD
EY5
BH4
L3_
hoL
efh
itT
cr5
M26
pvD
jm9
czS
ijp
otC
uER
jS2
wQ0
cNW
DFS
hA2
aQ6
ozW
aA7
fEW
bK9
ER6
anI
oAK
fX6
goA
fM9
rJX
hZ5
zKT
KY4
qsu
wyH
kL4
grD
xLW
juy
bvO
HXZ
w3_
klT
A30
chU
R80
hxL
dln
luY
vy8
ez6
nD3
bW0
GQU
bdU
qOQ
iyL
kY4
fI_
nw1
dfH
I16
gnw
ptO
APW
dAG
AEO
rBL
px6
nqP
vxH
J49
foV
RY_
apI
GJ1
ltZ
yG2
EN5
V38
CLQ
kmP
lX_
fx_
L8_
rE6
jP2
uT3
QSY
qR5
L90
jNQ
SX8
lwO
lDU
lU4
AK3
ixN
uxZ
sQ6
R4_
dPW
hzH
uyN
bH2
CES
EFR
nCE
etK
gzU
oxy
x8_
uW4
npC
bvw
kq7
mAH
ouD
cxR
CDO
cjo
agk
IX7
hpZ
vBR
qr9
oGO
gqS
kqv
blG
bjG
hA9
jr_
pxM
bIU
FR4
kO5
EQ1
hqM
JZ7
bEY
kI0
rtP
lr1
ls2
exI
dGM
HVY
dW_
x27
QT1
hjn
rLM
mHR
HN6
avW
NP6
tKO
D68
xB_
tGH
vRX
gs9
dW5
hk5
S7_
B10
JM_
c36
fhK
aci
hzF
yQ3
frR
uF3
zUZ
oF3
rQT
lr2
sJR
grW
gkH
HQ4
dfv
jux
qF3
ckI
nGW
qAJ
as9
U57
rGH
EI2
duL
kCX
blo
sDV
lsz
E59
ftA
nG7
r40
hBC
xFK
dzT
NPY
kpu
lpX
rLZ
yzK
KNW
cdZ
gI1
aNW
gR2
pY9
uE2
isP
rBK
eB4
bBO
sD4
NVW
jw0
TZ3
fxD
enX
vCJ
zE9
dmS
xz3
oBV
A49
IK_
pOZ
KZ_
eX0
awX
I45
bnQ
NY1
kqO
M13
op4
GHP
atQ
DP7
MV6
foB
vJ5
acS
glF
CDY
aq1
cDH
kDE
azV
eA5
aW6
qr_
nQZ
LM3
aRT
xEH
GL6
dAW
mD4
rvY
nP_
SZ3
apR
xYZ
fQX
BIS
EFH
ovx
anF
PSU
huN
gl9
bMO
ce_
svB
mNW
jsS
kLU
lC9
aW8
b9_
fTU
aoG
xzN
DG1
F90
TW4
gxX
sX1
EY3
KP5
bRZ
ae7
gMY
yNS
fwz
l34
DPU
kqC
CX9
ab6
ksW
iDO
nH5
iJ6
fn7
grM
fW0
qFQ
nqD
hH5
tIM
nEW
tOR
aFQ
hpy
inR
mIQ
sLS
lux
uTW
cT7
nDH
pNT
GU8
TV6
a20
jJP
AHZ
GQ7
ghK
D57
iv7
cv2
dl9
huG
IZ9
cmE
zLO
bxD
bcp
ITX
hLM
JR8
gl4
hiR
rAG
bT1
lMP
gB5
R79
cyU
R60
JOX
OP0
K9_
aqR
GS3
IV6
vGY
etF
lqQ
zV7
D48
rwz
pX2
zR9
bC3
rRV
flX
rK9
hk4
CEJ
rI8
ijS
AG4
ozO
dgQ
rtI
ktw
eJ0
HP3
pPV
sWZ
bmF
wO0
dgA
iKX
pY0
qIQ
pS3
zCY
FPU
xB4
gJT
D28
Y24
ko2
dw7
LV6
afo
dtS
DG6
rHR
lp0
dqt
oA6
lrJ
hV0
oO6
sQ2
pFS
qsK
zZ2
fCF
IW5
bnw
ftM
OX3
pr2
dhZ
kFL
yC9
HP9
bjV
rAL
fns
cZ2
DOP
yLV
NQY
zD5
NZ5
s9_
eix
wP8
luH
wJ1
zL8
lvO
akJ
EJO
ip7
cuC
kMN
cyV
bsC
P24
iBK
ej7
mCO
xX8
tGY
vTU
PTW
HS3
nZ8
lrM
asG
lBY
bu_
z89
oFW
hxA
dxO
cES
goE
eis
kuz
npD
vDV
dgJ
IN5
mpF
ahv
cdx
iZ2
ksR
iVY
pV0
xyT
mrs
ikp
sGO
bgt
w48
ezC
fW5
lZ9
ip8
qL4
gCJ
alT
uy8
apJ
IQ4
fyC
rtZ
dl7
vGS
ceC
pK7
lxE
NUX
qMS
myO
fG0
x20
kr9
qQ2
L34
lnE
eQ8
duN
jsY
rF7
biH
nT6
lKV
kXY
kS1
lx2
yFG
HW3
df8
pJT
q12
bck
wBR
ho0
nE0
vxS
n48
JUV
eUZ
ixz
kLR
BP0
ADL
tvB
LPR
tCS
dgC
zP4
EHR
aM5
hJ1
bx1
tM1
nGH
DYZ
cfH
GI8
fq6
ior
akN
kT2
cIO
I79
jot
xDM
elx
yC8
BEH
TZ7
NSZ
bdN
vAU
mXZ
DN4
ruQ
uzC
mpN
LNS
F68
lu2
hyJ
gzN
jpq
oDT
gZ0
DFM
rLX
dIP
lsw
c19
huy
rzI
izG
rvV
BX3
cPY
DR7
AH7
owM
xGI
agU
LW8
pL1
689
B45
KSW
gF0
247
lqv
uwZ
fjG
ry2
wz6
abV
kV2
vQ8
oLQ
H59
xOW
HSW
yP3
wO5
cfM
CMR
cj8
bzI
agp
bzM
PV3
JKU
pN1
IOY
gq1
LO2
bZ3
aB4
cyL
G38
jnx
hlG
i78
gzS
GY5
jnt
tG5
aIK
sC_
NOU
D4_
fVX
fAT
sMO
ghA
qBZ
vEU
aP5
qEO
ixM
uT1
gHZ
doA
bgB
OQT
cfP
zNP
jZ1
aru
CL5
eTY
hK6
cFX
cg_
tIW
nSX
mx6
di_
kyU
DEX
go4
cqD
vFX
FS4
aiT
ET5
moG
rDF
hA0
gS2
guI
yAQ
hqP
mF8
CP3
loC
mTZ
jL4
kn7
coI
PS6
sD8
fgU
tI5
mIJ
KW5
zPW
ipP
GLQ
euN
sW8
frs
rwN
oX9
u16
dxV
c
f
