14779
146691
42237
114371
80155
19397
31076
51144
97715
35285
63884
75986
114057
71188
68670
148136
111024
103610
66520
18589
150499
145853
4279
132444
40148
42811
130941
13112
24611
28138
31347
46684
34726
149166
48545
26954
39837
113542
132413
79445
111545
53221
15298
150967
10295
1994
119093
76409
106741
152317
92266
78746
127327
109764
136116
121843
137168
129330
241
57399
144343
90302
16042
92620
16696
125777
56578
2908
113460
21907
2026
144730
109042
32348
88167
98314
29120
134676
36725
110666
29732
135484
24740
44676
143408
40456
104125
97402
11229
72868
93254
124161
132424
148073
103434
107574
30601
34224
130481
90944
43873
87275
17435
143415
146810
53670
68064
39514
123025
151278
123963
128571
73767
47010
106007
88899
144913
86044
12745
63840
80361
33001
64819
138805
97693
152443
70346
7200
54628
70381
81206
149440
88194
68878
75109
60838
123125
116391
117656
122171
37496
27471
47106
28301
75443
143604
126371
10591
21467
151467
148241
17067
4020
40784
48169
149490
15075
54057
80368
138541
31614
57662
129865
95839
124299
148729
58072
101685
60301
140264
74011
124852
36699
137092
45201
43749
33967
68094
80295
111307
147885
96302
103194
74566
90413
154732
81503
36382
111366
13357
106726
144308
127502
141233
118258
113972
24158
91958
84308
111864
147953
27169
51947
65346
132893
29892
151950
141676
126058
50808
9718
86352
137709
75376
83901
42251
47195
69568
85271
153987
95099
79602
72955
75996
60533
9671
113448
98718
136494
61072
71979
9623
122722
127469
9388
69348
65177
33519
11658
26607
81789
11528
88088
7978
83026
40
103482
110483
149096
101564
107859
103778
64459
91516
70229
56920
47456
18111
113758
105260
15026
41154
118038
32460
125152
37906
129977
97926
138585
36797
87528
49166
70596
21189
50615
89507
53173
5572
66878
96058
38403
23363
51191
64927
129127
89185
70151
131213
143908
138979
142761
144864
6418
3023
64657
97403
94036
149161
135044
152393
149074
24988
94691
29136
106365
8792
11943
121903
40039
53119
111817
125008
52812
8910
22800
29265
126173
60390
39571
34294
130613
62604
114764
77436
26988
14210
74686
59473
42954
32786
51089
43455
144767
135591
1035
26667
10454
83250
6692
14197
561
71040
61243
126694
118827
107497
111306
19473
72290
144657
52403
93877
23277
59360
4155
40329
90271
75755
150974
41085
107658
14287
65403
111233
12026
47368
115944
69926
81887
102774
72238
104861
137029
10838
47072
101824
81405
41196
135791
105926
9442
144347
116068
55207
93421
130285
43268
106135
76342
84229
23403
100614
26956
141369
102231
94634
38700
97427
105456
6461
128179
33248
113862
17684
52509
30070
2865
52472
44200
112375
17197
77643
20229
111990
72383
121760
73200
47864
16356
89133
62043
129465
108851
154876
36723
127347
130191
93098
64604
91023
68850
123998
131596
117149
90185
30271
37009
109566
99560
71103
65550
22691
117666
83261
38581
93267
103054
72363
67899
116105
135024
133019
92893
81902
105494
146994
110929
49615
48920
117366
55347
128282
129178
84637
92147
23407
130125
73192
129639
28404
47420
110032
131329
153695
103071
80059
20909
40538
557
93472
92654
55326
84535
13923
97975
7815
94731
89586
44608
82534
34793
5335
37182
18672
150187
42043
63907
50611
147495
71491
53871
7831
43967
29704
117812
103764
61738
137066
44738
113305
19781
90039
99807
16234
40331
17358
86906
148299
75626
56352
70917
146583
73099
110533
20969
118400
97560
89086
8367
22605
33786
90466
53368
22383
114717
73245
92899
43781
80097
97610
94610
140717
41351
130863
53064
152793
18257
29125
136448
72051
142452
85073
69015
57188
31760
58420
112545
36640
59333
15184
15774
128462
12371
134913
46848
46742
126529
129941
132452
10661
69969
94231
44895
141357
141285
68460
66392
49191
59561
51222
98884
102063
110249
47468
35149
135746
100340
53997
140427
141054
135471
7757
21509
140279
18505
85894
26046
127597
150483
82744
53661
125505
143595
10444
140618
114821
87100
132883
5995
66240
47444
154292
53781
93074
142519
20881
16343
103676
107858
90684
66579
63955
84127
39270
119616
123504
137585
20560
35562
106585
65446
83545
52773
65054
60941
109281
142538
65604
112827
62116
104707
134874
76308
131721
7365
93372
31013
18518
107767
16002
68361
64924
22031
50458
39994
138110
57001
149696
109681
47586
110456
67821
117555
63284
27277
107845
3391
117603
148466
31934
120772
137032
55559
97001
53528
48116
142713
29086
78045
5924
152358
124691
42453
50308
19299
90174
56096
36622
46702
38548
33518
89804
66393
122185
4964
98761
80374
68917
74292
118023
38073
66661
56682
119085
152763
61748
146460
60141
60213
134698
80462
60582
26077
45256
134014
101544
29512
31052
146040
13812
97775
74901
95307
65792
68480
100998
4378
76013
66064
24477
102186
53881
138917
122981
144479
82343
108311
79015
150012
19031
14467
46428
25407
15435
69968
139250
72308
16163
81572
10694
136188
123679
138025
56690
142287
143404
42241
11327
77200
44500
85989
105363
67694
133884
21976
145446
8747
6429
49837
8915
60084
145009
142151
8042
83013
132034
15313
105204
122881
51080
90739
112924
93607
119498
133938
25722
134019
25787
20780
115504
77563
91615
133296
123746
58663
12773
116642
83215
52564
99326
84728
52815
58245
88598
102953
137184
66017
146991
25484
144516
43239
5441
1783
145365
8714
14206
39967
87886
41841
81818
81716
57993
116041
69219
70731
128371
9312
131472
121519
42871
27096
91030
44048
16433
56554
34553
122230
118938
33906
13622
86134
57540
5521
112902
86170
63490
9760
91100
17745
53741
32260
130064
28933
42973
142742
62588
76194
28567
153498
100518
149935
150135
152655
11302
42938
4455
74146
65006
110747
87007
143362
29861
53110
61570
143868
119952
56189
42724
92565
54800
16292
139387
92616
108677
152342
123154
35839
24814
11759
81806
92098
33948
128040
110284
95975
88241
56805
58554
45557
107141
125602
63756
110091
142074
84135
24654
125830
118173
119640
91507
125861
83527
86649
1822
119557
106226
80823
93501
34530
7340
153301
75262
5213
40712
69763
21333
116236
101007
146929
142528
120643
71180
142952
10231
46242
44744
17604
141352
153087
27185
20398
90125
74420
125923
71051
33076
130766
60122
144892
90926
134567
59993
148811
61852
8046
82995
154170
21473
35909
97997
140208
89925
99773
82660
17336
40482
112653
122028
66082
4314
119947
62338
22268
124054
124079
92853
122819
106416
133632
144446
28988
37193
18681
141569
47271
79881
29862
41972
92797
39521
55468
93948
973
99636
25989
140087
82437
77739
72109
37572
6225
76973
75907
96891
119997
141727
148260
115801
61369
35088
91303
145458
37503
78387
154129
26823
15685
128857
20458
135563
67906
81330
44060
33499
105102
65929
41689
97895
71079
63487
12643
128921
142102
117977
38555
147764
106392
64407
46454
141938
150158
111214
64871
145797
91984
24984
51956
59821
66215
76259
121682
43848
109222
123155
133822
80367
93716
100444
60053
16508
123228
8363
64302
12012
104054
150065
105658
109512
101796
54274
129883
146309
81221
106498
149262
130914
12445
30501
146091
134007
35791
38568
154729
83217
89064
129172
95728
59127
50497
2588
111506
91327
10447
56834
58263
15784
116531
84644
5948
110794
84947
55187
5132
139698
119646
66904
21428
96809
8095
136391
104129
134988
73954
119476
93451
142215
136635
113249
136747
6271
57787
99595
56870
97899
124190
151779
80115
82550
32805
47613
1266
90938
142481
31198
2756
76568
18726
96049
66740
100424
133810
53418
68678
20485
5334
126735
60887
59280
28569
97061
65292
134761
25175
132145
93061
46437
76502
25381
79172
53106
143403
55250
132602
146601
45418
135505
21486
112752
71423
92008
18468
75141
42333
85174
29041
34022
9274
19485
36339
93804
49678
107961
30468
149747
72325
149862
25871
63015
107062
70132
35353
113551
109925
101703
21056
118083
135392
115379
32968
31623
50614
60389
105723
45986
60698
90757
146751
38503
76688
154139
113945
77977
67267
77175
144012
26197
28655
84781
141869
118952
69480
137837
21861
55023
51710
130926
47636
135828
87542
59279
110085
119932
17402
8102
71810
39260
99108
21941
5147
120827
150671
3043
25888
115271
73670
99628
11142
101589
38014
88616
109021
118983
54615
21358
23784
101797
42618
69309
136553
37538
146101
13673
88534
10603
149360
116734
137007
152796
90711
152077
105549
76825
10433
100980
89679
98947
123460
142739
27215
107048
49543
81248
85879
30517
115200
73412
60650
67792
6232
8177
22223
95448
91075
86834
25878
104993
132791
136415
60308
50875
47824
101641
64270
60407
10594
99012
27317
50378
143322
3529
104483
131340
24849
75455
107357
99616
128913
53680
106030
27069
146310
12359
2596
146288
96641
107221
83680
122273
127633
81080
113502
64814
73938
74342
96297
61782
10318
26682
53873
74270
91111
105951
148277
103181
100418
39463
134196
70513
113172
139472
80626
127886
144704
85873
5764
21
140635
120477
102043
92443
94681
80880
146557
36159
15826
101583
149945
78723
49669
64192
21559
3261
141456
85449
64854
106122
61965
34664
124570
75315
26317
85726
23827
79686
147656
144037
5559
151322
44005
112673
34747
106266
119714
35734
90154
125558
76245
1009
38167
21944
11959
107548
100368
5474
77584
109531
58509
112003
107014
17421
43433
117764
62118
50486
44780
73810
126941
126726
129094
132845
121948
94000
24406
30040
50749
51055
89640
74023
50045
151851
46762
113472
44656
132202
453
149767
44732
101497
112010
44210
116713
92340
146634
86011
137562
51867
87657
39530
29057
141922
114436
103421
27359
30388
115167
38263
143520
50688
12170
148064
18105
64850
31544
83587
123206
3174
75819
45198
86021
96628
125089
34299
2618
113695
145654
52469
15354
97860
19135
33988
61923
124718
53603
36086
118212
28611
52460
61689
145246
113035
84440
17424
9857
65912
142821
10880
24912
102469
93030
140595
141096
19593
53359
1146
71196
75052
76462
144565
22109
33351
57876
88751
10476
113388
7112
75312
53186
77511
84630
28653
142807
85183
36932
36980
106998
89739
93740
119570
138069
38250
7965
43750
119403
146062
44930
92700
38877
115411
95583
57942
127695
133036
87225
120362
119681
129560
13136
33101
138518
90605
22378
13329
69489
150998
103895
70565
145255
18833
31742
65858
55308
22164
66794
146737
148135
108199
60470
116494
100933
99106
14758
60110
115767
90537
139560
10435
85542
15106
120266
75
137790
118395
116133
152374
20912
127574
53795
81393
70820
35105
110426
64884
7846
43542
90399
130467
32008
12568
57154
115011
76503
118151
1759
54498
54186
56568
79505
92992
112065
87291
62738
118775
75566
96511
13079
20968
148816
129814
6906
27429
22901
17006
154758
57668
114389
20884
153452
146127
97892
94813
136207
140522
106279
115185
107889
23584
9821
75400
36227
80652
141115
121250
80227
104591
145055
6909
115328
60613
369
66863
20982
76325
79409
9182
85981
42002
16746
6803
94153
117541
139165
747
67670
53157
85556
136930
95751
12938
55413
143509
81536
89678
111875
31875
2954
33096
77103
130699
118794
57164
5483
29928
21038
138170
65859
21113
22259
109136
90440
19239
147752
53092
145146
61542
121589
20271
82844
33393
48558
72444
115444
12844
102938
134239
47311
30021
92006
124557
60721
106336
147462
17085
36515
127935
139080
19250
47812
112986
149225
65636
103340
131560
85472
23182
142855
85774
36268
150280
124649
98411
133025
19753
88524
127007
136689
34338
67198
54936
24832
121246
130201
43499
96115
59662
26704
142267
40374
96655
131769
59945
154776
87062
29915
84950
114247
116350
79768
104230
3927
56901
142724
69444
34360
20926
46991
11589
114617
9644
5028
126180
98867
85512
34902
40521
117053
65545
145083
53568
73764
59920
108478
125892
84604
66462
49258
151672
142554
52213
79513
135218
124463
63697
118700
143411
1144
21248
134621
23517
139438
153331
138595
43094
127786
33131
92719
124627
19558
134021
129577
74750
13081
20332
108036
91422
50986
5540
95372
152862
23942
2518
126486
152987
17341
137447
110387
16121
120014
139019
141065
121552
116231
41356
152194
89430
28607
63379
141252
15737
105513
152079
77745
41441
149481
28870
141867
53527
116510
88707
11643
118000
38819
111399
107526
18725
140249
6978
125024
78383
71029
114337
91175
38142
96479
53309
66476
55724
85191
62401
36736
139938
48354
110330
144573
143262
115696
55195
67344
145409
100779
99094
19800
140908
112178
130702
77714
17624
58266
100130
49610
98965
139824
56929
153172
47087
77238
16853
18749
20971
128996
67651
84170
8600
35612
120833
11555
25552
128714
93608
148791
97054
23632
8938
94968
50215
71515
86095
88008
102495
133272
3469
119840
21137
77185
12864
91274
78346
33817
25438
80139
107375
127157
144141
78876
74433
90272
119327
104732
91666
106332
28823
13527
27305
48156
80805
125573
40223
113852
139750
145201
122018
87524
14077
125016
94363
45262
132346
6965
12945
47765
27655
138649
120732
64975
58070
38958
142840
74515
9383
103481
141696
48674
134551
32663
105803
63851
136960
59286
145935
132281
45438
67495
57293
82560
58741
35269
95987
23780
145426
24860
82186
34515
123680
131426
67081
85829
8928
76753
148526
17539
32997
14678
141303
75651
75528
117643
103808
144464
72378
44106
53614
146820
104497
96367
61785
115523
108534
10159
118351
84149
52550
103314
31415
61016
131304
60764
23241
30861
76531
149838
107469
85323
60490
129191
63134
49971
93091
46554
83669
76962
111122
95366
71923
60945
112642
153762
144699
84049
57417
66587
134937
87197
36005
127658
86947
142612
1548
9601
47065
77595
29322
111541
110108
78319
22091
74320
6405
39120
20672
1661
123468
2921
11263
142107
57212
122636
78080
28273
40282
68454
19730
83647
152906
47443
132336
89798
100198
77669
96437
15512
78453
48862
126545
54657
3291
48389
27114
29164
118713
126661
84690
44720
105905
82895
41300
154815
46039
146131
76811
57077
101789
114041
12466
143407
115204
74373
21652
67469
95425
91298
68371
98525
14278
86916
58029
53168
8838
116876
8043
130654
26831
116821
46406
118119
69645
105388
62021
131911
84602
132516
88399
95691
40467
89088
72384
112677
9029
50266
2947
54806
133131
114438
18047
86452
113052
28780
28425
125222
148482
150313
145665
11404
91481
109658
143046
31134
39975
77809
150330
137390
74687
1602
44565
36353
48875
4264
125620
39095
147401
11003
29351
153759
94277
39469
53502
130396
40772
123293
92958
134186
71797
29442
111740
129667
109197
18153
10274
9698
8652
73383
80499
131166
94888
4775
43525
148112
108280
33867
132039
143508
95673
130284
150281
93261
78351
122365
9589
95230
48012
39362
30035
74016
107379
69429
28983
113418
154817
113138
14967
121224
115479
89302
67325
52722
133502
2426
86051
52623
44711
151477
51802
141657
139639
45795
100428
17503
54406
39152
81229
119906
16991
35578
74712
35204
138208
53628
115022
104
74709
37213
19762
134409
38515
558
97787
32055
24778
45517
132114
145764
139882
12552
149695
40580
142101
43973
124202
81007
46046
112444
68499
134422
25246
25754
147659
126639
144003
75763
131021
87179
139337
95303
86300
52903
56806
115812
150177
52411
42331
152917
90785
140397
38113
152511
22465
34283
102206
122597
142620
31135
104559
115095
44582
123054
39346
34851
49799
76370
71329
129507
63193
18312
27349
67643
68553
109295
4927
95485
16669
1941
39572
74782
42037
51327
67468
98038
59994
72962
67745
133688
127299
6236
100089
144631
99815
121568
92004
5361
54316
83426
45845
87540
14737
123512
12055
97244
148373
50755
105213
66589
94661
9995
4276
132564
145089
61310
34036
126660
147056
63265
82052
135767
4344
55989
136998
146054
118464
152571
63326
112480
72212
80164
42840
101981
154184
30455
67540
85231
22963
65507
85313
86354
55508
16517
113357
75256
126271
66744
82861
20021
81548
58155
76375
38817
112848
57606
48690
115406
9048
108034
48857
81611
54771
65639
60115
38408
81941
111090
5735
39865
120674
120730
135789
147249
125938
115032
10794
8128
55322
108612
47446
141097
40846
88681
63305
115668
150105
106994
94895
138346
131509
31893
56213
78906
149958
35663
146065
108270
151559
29853
23723
112087
107524
30041
109465
98845
8078
7777
63123
13258
1005
91440
50740
94265
43329
8605
150304
69888
43512
39455
134231
13254
97476
100704
94570
32882
39758
55484
79460
96535
2282
25074
120438
57459
45710
54292
146053
12801
6762
130458
13062
49581
75914
71210
92882
81491
144762
59891
139372
10537
117297
98262
128284
97250
30964
81852
26644
3926
55324
85211
1595
147629
68073
85151
73961
17750
53204
36018
64180
48996
94122
11190
121457
48605
7288
95843
103489
16589
33059
100149
87680
117532
79941
16461
93293
47835
17029
121052
151387
119200
106759
86705
10948
144821
125736
96617
21121
37407
118267
125626
116474
84244
153119
109168
32662
79869
118413
117086
23465
125366
8422
386
42956
12531
13951
20553
64254
99758
119005
19516
5704
40852
70951
96987
21565
2463
138268
109404
95168
123525
99325
101985
150008
39276
90622
32032
13798
112998
121678
9460
28946
71360
128755
56973
149316
16609
83586
1305
29085
114177
6954
102430
74717
63145
45302
17153
106812
117344
83820
40536
87774
16378
24844
141700
127684
39985
44111
127921
41973
2542
27534
34459
61457
9275
51195
21490
61609
30658
150694
117665
4374
81364
83829
129869
130267
34695
35102
5902
146785
51560
137640
143425
58230
23654
20022
18683
75977
35564
10342
49003
52880
18181
13428
86765
14318
111037
8772
44852
36987
108522
130115
80963
28214
133169
124914
124933
115793
22533
47899
12755
15741
29835
74122
38070
69756
118110
113697
84912
76643
127651
93253
129446
39748
138511
55848
119893
31541
107640
83519
65703
118041
28622
132742
18258
17541
51779
154137
9516
151439
118621
126157
16920
192
1120
59156
55429
12965
138257
102152
147203
119319
150525
154369
76584
133207
79595
52555
22838
153390
81171
54175
31728
125969
121861
109923
150956
130497
99884
50492
53416
48949
132009
55202
102417
38349
66526
113526
935
21553
119082
126046
14840
121790
142308
131696
127442
100756
140988
106682
72906
10402
129072
110945
15220
58555
104879
109398
92215
152611
78692
62365
146351
79306
45538
149940
33573
100495
104575
51942
88364
32196
152658
85990
41198
38422
132605
109483
63128
90378
105991
71605
141341
108827
69967
146077
121616
59415
23244
109712
92012
145134
104256
139105
55
84742
74211
58338
105855
126194
104689
120733
53547
149495
125331
75086
14720
47084
150830
18553
94264
29339
118513
74765
12021
26239
145251
46734
126878
8394
27640
5522
70771
42526
115307
143836
18663
29449
100345
70262
68163
32655
73724
138554
48885
119119
112751
21261
89244
130347
97802
139388
43230
127259
47791
31524
61268
89433
103175
121389
151788
6278
66866
85923
24126
128418
72350
54785
75613
49612
25262
141295
30981
56855
122517
87770
136212
29232
130361
71282
143797
91372
28422
77484
88657
95340
26242
72575
7003
109024
235
37051
130360
83559
83968
43328
71284
108680
112286
67620
85951
18544
11454
116523
109966
29371
104395
58988
30100
113959
76423
105458
106436
117038
99023
137913
140254
134391
64261
104032
132606
11100
104712
72359
147196
147684
119790
3858
88650
85771
80438
4190
3057
91597
25316
148229
40836
115031
125838
101920
111945
32404
100098
34757
85840
29827
110859
117346
116667
107209
90477
71755
104073
110530
69513
850
13557
52483
86619
113701
111660
132597
101432
59026
131102
64388
67113
8596
73944
154104
93750
53893
84329
69308
5418
86530
153316
92915
80810
141190
6057
145607
69699
153860
101184
121215
89922
64021
76391
6344
126449
124279
115430
125890
94078
64194
100548
147358
107598
17661
49896
8974
11457
61580
113520
132847
43147
105119
55344
59150
44205
56833
136357
65650
142534
125401
114856
140697
77070
5128
116074
39949
122432
10092
142495
110136
42267
58500
90130
70427
131222
66302
21974
138655
21863
95312
69340
46800
75802
56728
126269
63375
76025
16469
4596
15179
50365
78789
37362
146376
114479
15868
114536
143159
148045
109224
50635
146827
138915
82257
147226
130278
111767
8880
117318
33534
113463
138073
37771
148804
106014
139511
36612
85842
6741
69874
81696
72732
19045
113433
45923
59061
37179
92631
71849
83095
154477
25014
51520
120902
37996
120100
150936
17310
127718
125482
31588
154650
116064
50712
137792
61160
123695
11117
88095
23024
79641
64861
78008
20491
72637
33801
119556
26181
46210
52822
150960
90935
102155
153578
111936
98626
10693
147927
65911
59729
39963
111730
134690
11472
93435
17533
103634
144570
144085
49288
105402
148741
133466
118698
16706
6698
64092
32876
131335
14124
140209
78719
102851
42570
132369
103345
100562
119985
121448
130775
35247
17732
122405
117831
140515
149462
68137
153557
126918
115530
45176
144894
27014
87833
101779
103740
13996
144555
77035
51926
52591
78604
23543
80146
11153
87726
135593
152249
29327
26092
148560
115116
51901
108183
150511
26369
141271
102371
20570
11965
120360
32403
138870
110877
79250
22843
42604
57291
132651
137038
57442
131303
94539
61826
72122
20949
125915
120780
122048
6864
65720
125350
93142
120271
77501
27976
89521
11249
124788
50747
108325
87235
88378
86310
59916
51990
76655
75709
90060
116520
23619
26789
105805
138106
77819
69748
59554
138421
43712
87859
131309
100420
67399
93563
138426
59948
76287
125260
11346
87704
60916
137201
98908
47275
22278
74025
142585
66596
83328
5520
112246
126912
118027
144180
121816
13014
85857
109957
10399
5614
21160
10836
27822
119301
16252
134737
2427
35883
33532
17633
2475
56200
114202
87065
66016
88369
3640
121737
59226
5958
8634
68948
92870
110504
74753
76460
49622
39624
4338
118394
6374
116120
38011
29344
130820
60897
68556
107505
130996
113351
46724
51776
82231
97492
97006
56907
15947
46671
125255
140864
144985
47096
34771
106374
101999
3710
58309
153652
46837
20130
66444
103682
82926
137288
137211
110454
74698
139143
33377
104787
98003
131701
4593
136742
132279
102601
147038
67311
134508
116762
71632
121661
131028
35770
28235
134989
49170
28491
96861
123614
153489
114010
71229
108331
36433
134748
146426
38652
80586
113949
85712
23319
110382
39711
41039
91992
93619
104306
3906
96826
7187
109400
59015
79900
100363
26493
5287
128781
4879
132066
127441
70781
118620
144127
128351
21657
38517
122780
91986
2304
66952
132050
32803
146444
98268
41251
79190
23
121766
71128
122908
7968
46282
121911
9444
60194
41814
5584
10180
60157
107731
124460
17670
2646
116932
132123
483
149544
83555
116130
76603
95184
72872
36141
136822
8432
108282
126683
5490
116670
17791
76887
109178
75699
127263
114398
39761
56105
23590
23308
14997
119000
28799
28487
136779
124694
94144
131606
3814
39714
6598
43407
29894
2344
125896
58724
83431
83122
127850
40343
51839
123862
122233
152110
137474
18161
25821
59637
4234
95941
80416
73453
134040
77898
128963
26945
81620
39817
18219
110977
110612
38839
90371
146495
61915
32995
78310
36824
3388
19956
38813
152544
23922
68866
81097
99004
121782
36766
33876
48941
63003
50044
60102
33565
21917
82425
121035
140769
36186
148897
57730
143081
6853
117241
4769
1130
35599
68006
89572
48119
65254
120500
45117
32519
59131
125967
62561
97752
96572
103374
56719
46083
45608
110218
72113
82917
38968
136239
104053
137319
139582
1388
5831
139272
78724
56794
107106
124147
25697
64211
103966
93844
123369
22735
151524
91297
51855
121506
49874
96824
21849
145390
12805
44777
40629
92128
95468
87564
8611
81027
124484
133358
101345
103655
92875
98248
56546
117890
68439
81607
87878
19059
136829
71453
133273
138057
34422
142961
114542
17709
111292
61776
81167
130334
60411
17035
152475
33919
147171
35115
118844
99445
137945
139684
85878
103204
55238
87989
20811
122353
21641
7708
110174
58640
5821
100988
75261
29001
37257
58025
136424
4549
134148
28299
128733
134151
68609
21624
5530
22008
134753
73635
81274
50376
1062
118336
129155
47691
148471
31247
7614
18570
133531
138325
99825
54794
129259
5881
9755
94398
129916
124645
37971
135809
74720
100802
102597
82712
69388
35456
25366
91898
75637
28489
92824
27275
127870
122853
3194
132063
82676
138463
149285
31947
79329
62405
143875
42170
74942
118583
6640
13644
143109
5687
147114
28786
34616
65352
131562
63348
144982
66438
132921
86789
140805
15915
139215
7800
68206
46713
10372
142624
116095
38286
101320
88646
10046
88944
38644
29909
3112
65807
52724
81133
35814
30730
38428
35460
44507
18572
110604
104752
122039
15063
134527
22285
764
70192
59146
40192
105750
55815
136029
138535
63192
80908
32747
61473
86660
122873
84988
123554
131078
8246
154864
91307
152590
15373
47415
123126
67527
126640
73805
108243
139194
46301
15243
10695
109501
115136
78843
57690
1659
126167
118529
108057
129439
10615
34669
16558
77689
154781
31031
69483
134873
134016
109578
118160
87967
95433
144960
39612
89113
86782
135206
146036
67713
127035
20025
24320
49681
25761
108846
121825
40509
13165
139877
47274
65271
91996
70281
56150
44190
84965
152436
93917
28625
134361
150224
139343
59335
76047
153901
106891
5498
114160
92544
100767
50832
103324
88416
73910
39969
121196
86998
123204
149722
52386
92346
110240
21449
11618
85528
2179
55092
118687
13462
109772
65519
49097
88901
116329
7951
1529
136503
113737
24629
52492
152011
53385
117558
33814
138708
7021
13268
20806
12708
149483
107050
75519
102134
60049
57409
47833
26429
44147
138396
5225
124082
48128
53679
63821
99714
26566
101231
123667
112386
92115
11385
100635
23749
56760
140959
41876
19565
153311
23115
13873
119756
143593
31931
93532
39112
56823
137488
80815
63094
141494
134673
95212
88698
14760
134054
68841
23939
137607
119925
153468
154460
4224
46931
134701
142442
138290
71670
73766
143926
122842
56
95942
62323
80601
108758
107606
94069
66464
48042
124692
113194
36428
38802
131477
96907
7983
36284
94807
66075
120975
143734
50375
124455
29851
125333
10542
20992
136237
15484
6601
45326
90583
86777
113558
31437
794
133047
110522
22784
37816
137251
92199
64462
6041
38673
77685
86220
34055
5262
118657
122147
28512
29395
79702
137250
38297
101592
101755
67082
104637
89808
127747
104534
53575
48758
144164
39398
2061
58828
141536
145666
59012
34856
126632
146189
133628
24804
32881
36472
19110
55619
93628
70288
80040
74222
135503
43375
38960
47438
47308
41581
118836
87642
117711
64310
54194
8967
7081
111591
40228
76306
31028
16209
101215
121376
78667
24043
93521
71575
9289
20404
70253
62820
36960
95570
147042
144587
94822
106419
92492
111833
105832
7725
10382
149771
47477
145669
154528
3335
111987
109538
105837
54861
367
136153
97135
94332
11758
103060
50617
17112
93166
47179
10894
145644
116314
115522
111258
37383
135314
137070
25629
1969
41226
74066
22536
10581
134920
125952
37825
6371
125185
139884
129387
128384
135697
119106
71501
147362
88990
119404
135093
148857
14946
30563
133076
154838
17280
116346
117975
84442
38103
48502
95588
100260
99229
152690
52103
88261
103772
101191
121436
144381
22089
123598
102447
142200
40442
88981
122257
120223
61660
90886
10976
94014
89589
147277
114550
53607
50959
13362
37436
151399
35553
16055
140534
787
1670
77131
89594
22498
131110
30158
19563
55480
52656
29718
110534
47751
127080
41117
86871
16377
88744
78498
77299
51305
62976
52593
41665
91730
22212
31024
40145
20165
149882
21235
18235
118889
65606
13002
95907
136063
55640
148769
70184
120613
144635
109357
62147
114464
109508
43755
2688
101623
135515
151393
69478
24700
89576
53902
136271
1857
133563
149149
75415
10741
136367
3987
54706
43545
133126
38862
74065
27034
9191
128305
8520
57521
64348
141993
5805
20423
871
125686
120788
88713
100350
71807
81210
10989
134763
131436
42186
129992
108498
67978
141516
152140
99542
78991
117799
44198
105691
68662
13667
137101
2801
82809
74978
111344
117641
124697
113700
73097
61651
120189
13658
2650
110616
96482
38499
65576
46559
13103
52035
14370
76147
93062
123982
105025
15445
30923
146187
135425
24327
81647
116215
139399
141228
85390
97973
135538
1119
82474
149611
20200
105925
93134
27260
861
150564
90276
42495
1834
71148
75593
145092
143141
91492
48563
72436
92658
36182
152794
92433
42346
15693
139733
115776
135409
152146
61549
128435
90182
140076
68758
123616
12116
13523
152517
90432
46024
47619
72426
63173
113746
44281
63376
8217
147652
145019
154101
38401
39884
53310
70363
10273
72005
74417
116157
100669
19686
147487
28166
114945
107646
46492
19904
36832
148896
93442
6648
2076
15734
145716
56626
133950
38743
129245
36379
151061
154997
51618
83576
14452
70932
60891
900
81071
145766
85443
45604
117380
85509
74789
123341
15989
3437
25830
32933
130923
150073
5104
113533
46400
142243
8060
108965
133911
94356
43445
131708
54495
115112
14913
93163
96365
66143
146412
3259
142839
108580
58567
106798
2361
57947
28646
72946
117713
80791
118918
152031
44578
20360
142969
103824
142083
40957
136035
12563
97855
69043
81269
63480
51418
112113
25266
69120
149371
125052
31185
137052
141106
114236
34672
68586
103455
81739
19805
96772
84348
107247
129685
16619
103540
110054
62294
27082
4223
125515
12303
86903
134980
56214
140432
15436
151353
118502
109738
128218
90603
49295
95284
76708
74411
90118
142348
49975
114003
37713
36449
135406
54683
147555
38255
134003
114784
76399
46789
60370
46016
55046
69569
84972
64957
129348
3867
7215
46506
143394
105217
119727
2499
26041
134992
134211
84260
41508
35851
137063
104558
9236
51599
123645
12607
87058
34798
37749
144372
112420
130416
9156
149198
38622
63658
31892
6731
14747
61483
47211
86119
98911
107466
111603
136380
66356
7381
37189
18211
93479
35840
130796
122098
120802
87494
44653
126231
132711
20228
40641
29043
2071
48957
18339
129113
151849
122224
82942
60800
29409
46490
35480
133336
36408
104562
49869
56180
136075
1365
79882
53261
68669
7803
152591
127081
73517
83083
53203
128053
74289
112388
13730
1957
142762
146237
82779
82908
76320
115401
35376
85931
72769
21144
90244
73770
100630
38452
67131
150751
91968
21739
99508
84991
86006
3238
108363
125256
8547
34250
16662
50950
69072
20698
97249
47500
62006
114091
4866
9665
58696
14031
35299
11377
148974
34436
29925
142146
77663
18660
103706
47928
61343
126069
115909
77231
111001
18649
93909
131949
13913
7825
4195
23746
216
138935
96219
111067
105317
1180
49116
130437
109445
19818
113904
101154
10285
67820
127401
18642
116987
60457
119974
99394
46877
80327
118274
71554
132718
130651
97095
83635
119946
63597
29722
151442
6257
67925
98691
59988
138469
13600
149714
46637
114054
105998
39540
34272
124087
13655
112635
37802
55822
122363
49460
89716
9954
109905
61081
96626
6722
25602
122720
30538
20515
111314
129855
77411
29324
38967
66270
49637
76350
26289
11956
89871
119207
121802
14117
11161
23437
78644
56946
1712
49138
4066
60044
49019
57855
133539
112666
135907
47526
104686
135066
28070
16540
140413
803
106848
151511
72933
11232
120377
108509
26299
117522
59486
142660
83884
113739
125668
4051
81136
97012
74330
123177
130325
117892
143740
97212
86709
27326
17542
35847
41961
47589
39710
119147
76870
147178
14577
62432
106209
66108
122867
30880
27653
146269
19210
22991
98368
45843
72701
49809
120357
15560
32860
32615
30820
104404
56010
110698
123205
7042
151375
34738
97873
92228
55223
37055
114267
39056
26069
29955
37144
40382
70613
122877
74437
119225
137881
104860
45293
70514
73968
58866
63520
145434
33487
36616
97522
110720
93463
80653
148581
53308
117143
136264
84793
136789
96470
54151
16462
84799
134764
7915
21291
103319
108714
44915
108784
152003
96369
111409
66355
7958
64628
34198
103555
93247
68813
103514
31693
20202
2500
12978
4031
138808
96691
20575
114633
102027
93980
137751
152340
74314
111156
120398
56825
21947
136070
63346
126130
95024
79232
18587
99816
129627
51140
8156
47974
103784
73507
86201
28338
142385
93113
48143
11520
146458
80181
83386
1324
83912
88494
116207
108849
32852
52545
87865
138903
115529
142623
72638
37075
60902
123587
90479
119521
9493
57991
68939
77566
39570
16082
62954
99592
22400
76658
116590
55572
139400
150505
45775
140333
117797
144582
106379
72494
29880
90386
141861
39875
140379
104213
147668
127123
99978
62352
57287
121003
76587
1893
101211
74057
26747
66590
34140
141246
52261
42888
28521
26465
31831
9619
152792
74112
38354
88722
26245
137864
5260
75173
5818
59900
16333
44252
15246
56703
23816
91491
78171
49606
74719
59281
105596
49199
120745
74486
150029
104115
25052
13092
101176
113930
74493
73980
12073
74303
111317
73385
146814
91273
11615
20014
140429
62391
81196
22757
46020
111806
23674
6233
79527
97878
149801
87958
80278
66570
31590
96501
74005
71232
54766
127861
99726
118882
663
46134
135984
121628
39539
98361
45466
52587
106574
37782
54955
47112
45025
125373
17785
16654
104810
94019
71463
40614
7820
130264
100269
6838
61662
40593
45670
139962
15534
108430
112216
54062
1087
36297
74511
106697
98775
17027
1182
23102
141595
91639
5009
27286
109731
44572
99914
26985
58550
50687
98609
54221
139872
62688
12198
147151
48954
21459
18608
33755
15689
77339
6776
88210
54470
128680
47877
139336
76889
25317
19874
135696
26559
353
77222
67392
138736
90787
126030
54493
123757
54892
72558
85258
105051
28363
136603
141235
108097
151562
18325
23792
112670
149086
32263
27581
55786
76269
95959
46393
93371
98764
102907
28883
83819
119111
150949
141693
148751
102385
16895
121705
120768
12392
96843
120031
66483
48091
44167
44531
57387
61224
79153
99405
1208
101809
16832
69053
38293
147646
64135
136990
40061
149638
136639
90839
47722
52892
84081
51772
80573
31444
6528
118654
146571
32922
17642
93928
22663
6228
25525
100620
69895
63922
129286
138936
67119
92204
135069
57491
9157
34748
42013
116491
62505
132448
50939
153209
71902
60643
125094
142265
140053
53492
59250
53803
63869
80912
11560
82387
38244
134230
142718
39752
135616
25812
106359
73505
89341
11901
100929
17577
151159
103623
11921
147799
96181
43296
117602
30768
43432
12670
40231
135559
22370
998
100633
103034
137219
114689
12313
66894
55765
147963
128225
70677
144407
43465
6285
80840
39501
79507
115409
85582
117246
9806
20539
91533
154842
17977
68405
68584
146177
145113
13495
59685
85617
49729
96279
72577
11419
11286
43742
71914
132087
84891
1107
124621
21581
25273
69434
121809
98497
12939
150665
113205
130029
115110
31137
37329
18429
17507
114733
128475
63544
81061
148704
28050
146668
105706
141594
34221
68977
149736
94059
123805
119675
17865
89749
113631
89920
23452
106795
79528
67134
29272
25127
105664
63259
132410
121414
11376
36935
70635
135990
37931
129252
24999
125810
82699
149805
152248
35526
10630
49710
122475
116899
72617
26467
33419
26560
41137
22680
99019
124263
100782
142642
74305
80204
88703
152454
146980
64556
153083
25804
151778
124324
121469
14016
128303
139781
60809
57133
106389
5515
134297
44244
106292
47779
128486
12440
4048
2750
101459
114252
141982
70133
67069
23629
128159
140068
124006
135949
73260
42940
23236
67260
145333
3521
137684
94585
13483
117768
33105
139130
32640
105282
21272
98037
117968
133471
139515
129820
67405
9743
24287
140599
18413
78035
147420
135837
41096
81539
38755
48983
122524
77633
104348
55599
50981
143006
121107
120120
121387
33896
37229
108586
137042
89143
122635
49546
22463
20573
130550
125992
134259
51081
2813
32732
18973
115583
115794
24436
147361
151125
103373
55616
152278
38398
11841
65185
23057
138963
50544
42785
64790
31967
46008
121369
124574
153302
5671
9413
88684
145555
4894
44897
4982
107116
71936
122595
131819
25298
24936
121466
145399
32033
121263
71971
144324
32752
129538
108802
99811
24433
105450
137400
125937
111287
68811
43323
45776
41033
83924
90211
130611
30355
29960
75439
88247
89224
65843
15950
110729
132508
121433
16659
108426
126000
7103
8804
38647
10665
66296
132971
94234
16172
68508
89522
87259
143477
74512
41029
82618
69037
38307
91733
106175
69226
29952
58189
141131
23461
71131
19068
106341
121546
147039
21009
88693
37199
40822
52783
128264
123995
91941
5298
25219
29070
68933
32511
71016
98129
113844
150349
77276
3411
32865
18756
68168
52373
12651
29613
27000
100924
105013
11954
36654
81326
120022
8888
101414
136279
30884
90119
111453
75608
62194
15511
6867
117359
90515
102653
93923
102180
67128
44952
50624
103587
46922
107849
140337
146239
24065
28523
57508
49128
36482
121676
124626
11879
63990
61886
7701
49697
145735
22685
100339
10914
100498
58411
152080
54359
83961
91311
76827
87944
144717
154661
110040
68585
151104
92183
78173
87087
21392
137454
135583
49954
134204
117644
118766
111537
65044
12229
48383
5384
88828
139854
106271
127017
146418
112220
99507
69131
153872
145213
122760
4914
14765
95969
2771
45330
52211
28820
75492
125698
118515
101187
1968
94061
41195
63385
37237
41366
31229
24854
15112
100700
83942
123109
42047
144009
56309
44701
123937
121151
86330
28096
29388
89988
46006
62990
31362
893
51650
141949
141971
138882
58898
105627
49437
115501
134716
58939
133528
153026
153142
115652
7327
27943
148258
104973
132541
108991
35881
57473
8779
99470
64394
93553
72388
68854
98861
141639
110897
75464
84200
94997
39196
129226
106121
79916
76907
16939
14927
136752
27986
76297
52952
48160
95304
104218
140826
44892
40983
151276
74931
42131
29561
65845
121512
37838
123373
1464
139095
141018
12575
142198
45207
134455
3524
115475
37883
43470
47384
81960
137921
114675
75318
90509
140692
55197
132469
1997
10800
142454
96781
49551
77628
90586
136304
134249
70487
90857
41630
17436
2449
119796
142363
45897
95293
94500
118254
42709
101223
66931
147820
96349
5858
103630
141146
107258
127631
9712
118291
20703
103151
124363
4349
146278
111599
123664
73832
90098
99429
33127
110696
116088
4400
69653
115361
154480
135781
19622
108637
24796
6245
68807
151890
119021
45922
149295
15413
114653
50020
126995
76715
31339
54626
113548
148028
62262
63453
78338
15668
1839
62042
13907
5770
113517
77178
35922
46882
22181
28898
117876
113819
93406
88331
22419
148983
91159
120209
94863
142583
126009
135347
97294
81589
72479
89952
148037
262
31861
55842
16978
119211
7695
142876
107734
141338
6270
141649
115718
65113
61996
137197
50402
72427
126071
86766
51568
112098
100587
45123
61824
119077
9759
88278
76520
18623
82321
112298
83534
47234
127237
95874
55003
24913
72935
47077
11436
151767
67937
121121
118045
116387
154428
116946
47188
518
69509
152171
67988
105736
57495
124897
44513
39241
42216
36756
49328
22189
54603
117262
21234
122724
133561
143663
77568
89633
71224
1658
92644
45846
68756
40159
152913
72441
124538
49931
22630
108248
45408
110556
104388
97698
125204
104851
72076
102606
68127
105399
57198
104389
110638
117300
119659
123627
120576
56958
54743
54672
3398
46961
120137
146944
29311
141373
120472
81175
30593
146962
90484
84462
112044
85725
82379
129788
80081
154353
153508
6719
28110
90433
92264
37026
93896
70091
141038
143308
150716
56153
52000
35128
13804
27428
126765
64264
37073
78976
52836
47931
82167
19803
85606
16708
105702
51264
23980
108200
71053
154189
129403
113540
126762
122468
46595
40194
86298
61778
47353
121527
101407
73247
134670
102534
5495
1955
86349
77384
21103
50358
95992
34522
5485
86383
150502
110592
26021
92036
97398
69249
114582
90675
102331
79165
61100
113672
115197
113027
141964
137033
120154
3245
125095
67770
150039
68506
112057
19278
52804
43937
7525
88833
54905
32168
105054
138594
128706
24284
28182
18675
45643
130511
141198
148282
76100
14804
20076
148080
120237
140393
20793
68639
2634
134381
46606
146183
115860
128267
89799
123319
114412
96398
35825
153670
45943
462
58147
134104
54844
92105
101848
44856
102630
34148
15597
24017
12986
139254
17014
151062
143240
3376
118065
132420
129269
134198
30924
145308
85397
109043
58542
125233
47989
117721
78298
60751
145618
97172
98114
47970
58074
66594
10669
148451
23840
4646
110145
138079
108734
29602
5946
22482
26447
57150
148985
23538
36451
133834
59249
29946
105362
99729
123063
62781
26784
86023
26237
95232
89946
143474
33247
78238
26406
121837
18186
76982
137594
55723
31735
96043
75282
54692
63344
75644
45258
61336
43207
111339
13256
9579
3527
89508
145951
41520
120030
131341
98009
123951
38593
4468
93239
67876
130594
76854
114579
134120
96107
14156
145386
19799
84121
131424
31556
102149
68362
34217
152841
46323
117284
125025
111897
5839
119538
79689
109377
124586
94952
37531
138760
147052
12042
118054
57278
136523
151818
57699
70341
128738
73393
143919
67711
35121
107622
143175
120021
76104
49343
21042
64601
18152
2156
66025
153358
75071
40709
54432
95460
25030
145982
131343
64325
136065
119202
112590
15715
61763
239
112327
64959
27679
41420
74547
58095
33980
115213
119978
37699
89434
48982
95860
2956
18713
127965
137107
72963
22435
79752
140008
20788
11910
143850
118461
45856
95385
12895
63535
92359
3159
75003
21529
33638
73793
148343
16016
73853
90184
105179
54052
79501
80939
124597
33555
117291
74078
89976
35405
91614
8143
64867
36245
8303
46549
87700
79318
14425
140466
123337
71017
70269
121849
42699
128658
10380
103358
110175
14868
141475
19862
133864
137532
93233
138978
124267
132418
7888
5271
86475
74172
64419
109801
118662
64574
99391
116612
50894
50058
58719
153249
62044
3042
88820
100054
121119
76576
87653
64943
80145
11648
97514
54051
38562
81812
66527
85332
92100
60471
63655
88705
120988
22264
113121
5437
99943
33678
51323
33049
93709
96854
70077
27161
75275
43287
14171
31375
551
85354
137675
66980
196
135497
129212
97236
109441
95450
21614
19557
36391
3771
18719
26341
98182
43047
76363
47278
105434
139007
75667
71990
67100
92527
14417
49942
101849
142924
120024
132301
125235
118330
90206
42494
6129
109979
51250
91169
83474
143460
139510
45623
137149
9264
65980
143902
93897
78200
17023
47032
121338
139668
63095
87598
27264
142054
41667
64174
111264
127273
43758
54709
83863
137818
95361
125023
86546
94073
20030
150160
12763
130432
15831
19206
42413
51992
101268
41266
95803
48835
22050
133269
140977
113165
148854
17135
95577
61701
152366
42359
103588
132068
52662
17422
47095
83799
105516
94733
137455
95648
66330
127738
10921
147187
148898
87457
29413
22041
138715
4328
47484
104102
87812
70594
39282
114778
26286
100918
94732
2321
5960
62458
35315
3130
31823
10889
11334
79024
29573
131372
126530
67958
44191
88173
52768
86728
3064
133112
98270
108032
123985
154495
35092
106191
150225
27717
59271
148626
147473
21740
134613
135454
147173
127526
11538
75253
49042
50530
75767
126385
65336
21068
39542
26306
131972
38860
71155
126982
112965
48652
7325
56043
40499
77030
85687
85164
99053
47750
92193
89030
22702
89168
152142
58249
81377
20256
149741
73518
135059
78581
80924
120293
35998
147942
6391
13967
111228
54010
146499
144719
79557
82623
150908
93842
10403
99709
119442
86351
23943
86046
20508
57609
145459
55102
6132
79228
51217
111819
114779
104611
73689
33065
6709
31686
51818
78336
103299
51007
133756
60420
53377
149498
4005
9695
30583
8765
40021
20647
120112
154393
154889
2776
12573
1218
31986
89007
56278
63892
124793
151118
79257
50478
80080
79736
48526
110671
7401
97076
66019
12139
91223
117198
9892
119627
61218
43053
19600
148029
140783
82546
25997
57795
17919
132510
20773
115091
45182
140587
57237
44469
104184
59521
34070
72987
136899
56627
76243
59340
95113
8627
24311
86169
117780
52189
120011
105459
11268
51185
73851
104934
63163
40199
106529
118499
2343
148606
67830
134251
56047
82101
46200
65952
81424
94341
57764
57484
103056
13326
98246
46850
86245
123097
151034
118568
39103
42647
82207
44163
66768
39649
104051
59983
57750
110324
95248
66727
98064
58644
22240
130709
88298
56241
152813
2406
73138
13304
63752
80975
52247
152735
50683
61198
78759
88929
101740
67015
19409
7132
43688
124199
74453
22971
141305
13882
112504
9540
79826
5161
36598
6600
140239
97861
101982
4878
135776
33560
78158
103670
58289
81468
17998
99737
119836
65092
31163
106905
126690
133718
99375
94081
51826
16167
42787
141139
90326
31922
49389
42698
124328
7308
90709
130072
134344
105760
104960
89424
114413
32119
87070
72107
34382
67373
77464
69319
138264
147301
123158
139998
150817
35007
33629
86882
71101
79898
70034
130002
26130
129965
86412
101103
118691
38223
66376
43036
154060
101275
31004
104307
99308
39298
29954
125304
36845
95762
130028
56235
42484
9199
42469
124562
57520
30238
78632
65602
20464
3945
139459
88949
10634
7435
90116
73230
105718
103084
127176
2454
39490
44263
2814
106203
43452
39351
102769
20440
142687
35981
64236
98529
60112
130026
74260
40025
99750
33933
132243
68449
130099
111141
115842
107896
40956
137003
49835
66895
119698
154325
70332
133821
20609
1662
27053
137542
63458
73378
133570
95063
142475
35259
93049
33556
98223
43776
142075
140038
23264
56330
46176
18990
90054
82812
22003
614
133709
123207
26881
149895
46977
82934
154222
129699
74204
4756
153629
143389
149752
132547
143506
116633
51675
83867
83477
134642
100468
124024
96685
132265
36621
137497
110532
89450
71748
5590
55672
121470
131852
18087
107145
72317
81083
108138
1894
84281
137691
75925
153291
54158
64193
46804
90007
55218
88069
8240
154957
114867
80026
81464
12556
99187
15949
24997
115297
64282
147557
120633
38633
27857
45191
6606
150266
108268
129053
141000
33045
32774
95192
27145
50118
8167
73637
72432
142051
121645
286
47663
43487
62922
51155
12861
17214
117585
10269
86227
147513
38535
109284
137986
94529
11424
76689
35789
59328
135077
19808
28733
92843
131277
92909
68509
60692
151091
1066
50036
56535
27594
142272
106367
94874
78652
108487
106460
143700
128593
151680
38087
29747
5031
99021
120130
134216
141932
14340
135801
110012
154898
46172
4657
96254
51799
153900
129963
69143
133365
77317
154001
5728
15717
77766
79181
99172
124453
65591
15629
112734
114829
137196
3560
54640
109661
63468
84811
145129
108368
35797
133793
37162
141239
37021
109179
118043
79762
115563
24603
15227
112634
744
140982
123606
82680
119684
91747
21892
17109
125613
140967
43685
25699
30357
98339
12067
76947
36429
48353
18167
4850
54237
43737
101750
129752
101061
78629
9777
77624
114632
40449
51691
47776
53775
