3690
40150
47231
7403
47201
25471
11425
661
17980
23031
23866
11832
4515
10633
21341
22870
9402
4455
16410
7958
27341
49002
31374
31671
2839
22675
18995
19160
39006
21438
32671
20785
10915
10745
39283
31379
16483
26447
8109
13792
871
48206
11557
39035
36303
40590
8045
27431
38942
11239
14755
47086
48360
31849
7803
40597
37510
12530
8258
5273
6382
16915
20908
23564
32347
5272
16010
14203
40121
13804
17169
28526
2023
29963
1768
44241
31774
45333
39023
37275
47530
37144
31293
1335
25495
24226
44917
11681
14885
4077
10934
48182
29865
26651
27405
15316
3899
17205
14221
11350
37696
43546
4750
11486
39092
1703
7528
40950
12650
35503
36474
32342
23899
9029
39704
5327
12940
7756
10483
10203
9182
49425
10345
7621
48992
29572
33652
12626
40880
17507
11728
6920
45098
43344
45193
10366
12833
33392
26864
21032
12684
43588
11468
40890
27223
6842
46197
47009
13611
24562
47924
20161
15477
7044
42862
19981
8928
8366
18885
17028
19554
27159
16133
15516
14761
38937
38994
4644
23482
37951
39768
9822
48367
13952
26259
2539
1193
23209
9489
41235
25145
11699
19792
49295
13098
18134
18201
8235
26378
21371
33751
23281
48512
9969
46133
35972
25297
41406
23851
26061
28646
47670
35706
49898
49463
31571
14640
20988
47949
37385
3637
4153
28736
20324
38306
10689
25378
14661
6432
40987
17736
31344
4535
4481
2498
803
30721
30876
1625
13471
28382
36148
17448
22049
3915
30290
20738
31996
29561
28664
11163
22135
25273
11257
11507
46067
3275
46567
45783
41055
40098
3162
35258
6427
28163
1520
17885
15096
43365
19346
6476
29336
26767
17945
10316
1656
470
11844
32298
29746
35858
33878
42114
12632
20213
7349
47702
38438
40983
19280
2385
30932
12950
8753
38969
727
17751
20928
7930
41242
24907
14416
32027
16772
13113
23890
42486
44402
21532
945
25774
317
21419
5213
39162
16122
17218
18137
25669
40808
44974
11367
37028
17575
3165
25904
45328
45809
30105
47833
8250
45616
34660
43873
15923
46740
19211
43397
3267
30006
18805
22443
38870
28122
26103
15868
12189
32088
4540
8307
10877
44247
39773
2984
30572
11993
24640
10924
22568
7289
12691
18223
6639
33320
5263
16385
35688
32399
31710
48093
40531
13749
733
33593
33990
34342
39652
7048
22598
5973
3336
35489
17815
41627
39880
37226
18902
29673
41466
15171
16655
37994
27875
42354
27398
10816
16913
24067
4575
9157
36878
13078
31059
13589
10544
10392
34737
33899
1304
16679
32310
5264
42664
31463
18230
27034
48006
842
22096
41073
16454
15299
10529
43643
24893
44577
35521
48297
46465
24397
40473
44561
5590
29199
7808
40070
33731
23096
34670
9599
11313
4924
21976
35081
32771
12971
19684
21378
24368
44029
26798
4557
41457
34857
34191
38308
43159
45026
40839
32511
35795
13795
15815
46438
23940
31982
13377
13261
47482
19428
30757
39086
26969
23461
240
14985
17018
33600
19242
11440
20321
2723
27560
1689
41797
18126
4176
26213
31202
7368
5820
29725
24998
48942
17366
39476
48418
22654
48023
36625
38285
353
31402
4259
17595
36370
16889
14618
34883
12848
26769
43304
30100
19268
6826
46807
28882
27564
25179
23571
42570
32179
2912
24378
8196
26607
19006
35342
45729
21050
33349
31845
13600
24830
9505
48546
20752
40085
16474
35968
5843
27767
5431
29714
34446
8524
5149
24967
42419
24513
41496
40547
25397
7882
17947
10466
5789
21537
8270
16129
27044
523
5597
20075
6890
4207
4962
25523
30515
20696
35687
12235
32375
32753
21176
32089
3248
16987
2170
1065
32196
19902
45001
42063
33092
36017
6098
34898
3108
17684
10254
46402
44006
45996
19472
28288
28634
588
8256
12478
21158
27716
38884
37834
40612
10390
9757
31886
11967
11520
35851
36171
11210
22963
31187
28263
771
2448
7291
43899
48595
33768
32419
17244
34473
24216
9235
33837
3889
36052
41898
41826
34697
9880
952
39879
24541
42334
28378
1659
45684
25867
16151
19949
7376
22258
49073
39632
37131
14816
13679
39796
14636
27287
48898
49041
11308
559
13585
34483
12306
18809
41695
39928
46594
30866
30446
33350
35000
17720
22586
36844
34892
48559
49822
6453
37514
24727
11002
40914
11897
22713
25511
35160
27798
6917
1927
11446
46541
29016
48470
44763
37804
45611
44275
46177
29377
43811
49392
13676
34903
9524
25304
14350
25037
7323
6891
7245
20349
39769
28748
6949
38698
27346
40034
21009
46421
32148
38553
30689
39837
13412
49604
30859
34934
40294
45454
14617
40193
40282
3069
6870
18357
4657
18140
8010
41681
46861
5967
11479
26249
11277
20047
39766
14219
47640
22779
11594
543
26829
28088
23339
10650
8691
34706
4380
43556
14628
48849
48519
36457
44886
40101
41294
6573
28114
6450
789
21609
40307
10070
28638
28960
16093
49949
4607
13959
9749
1427
6435
23420
1420
12507
16573
17290
34467
48919
11934
39037
23623
19051
19420
34821
46250
17361
34513
32350
11159
19256
34951
39072
16094
35644
7975
23284
4950
45132
41762
2662
44442
32690
1385
15752
13934
18191
47492
25220
21502
634
34770
21515
1163
24703
1570
17389
29144
29290
45178
42982
21653
8084
28791
16120
1951
23547
4065
44948
7496
11672
7041
30168
31860
23537
32140
8268
275
29467
16844
19291
9930
10723
3675
2404
20416
12370
37959
29578
7613
25338
48459
39110
42854
18005
2230
16770
1272
36160
2438
48039
8873
22657
28711
46092
2307
10979
6746
42015
35425
25969
18089
4119
15527
25884
22239
39806
29703
24999
15344
26332
19208
3898
37197
27273
250
37440
11212
39051
23101
13469
34618
15906
40209
18363
31864
36717
31926
29737
49969
5356
44328
15971
9977
35147
6581
19478
1934
27505
9227
48603
38857
38233
29251
38154
39197
33904
2762
27096
39508
39094
36898
34245
11221
26577
23839
33891
40250
32277
35958
7612
46372
35015
13414
11016
5076
45845
859
33367
17364
19295
48588
37020
6242
39834
32500
9418
30299
25144
29872
49119
3457
27073
29935
22041
16031
19890
42866
26894
9013
1748
21964
36194
22638
33019
47537
19918
48431
26428
1508
26600
8231
5096
34160
3950
31417
43512
47277
2556
15406
14905
20842
39237
22889
30835
43705
38591
9798
12814
25095
23425
25940
1093
2796
38762
43057
33302
3632
17546
35156
10906
4612
12597
17699
8000
46496
20108
960
11342
4339
5636
28072
40782
6307
38151
34362
10369
14333
42103
48004
23663
23091
37456
9116
7177
23762
6824
43793
32980
11726
36762
9274
11490
4808
25048
26474
36430
13879
45833
24341
18027
16011
17615
869
10515
1558
3272
29139
47572
14560
24931
48035
41382
34792
2030
45593
45458
41538
16989
45840
10847
44582
16854
20734
42165
25186
48336
19299
25073
43153
24113
202
12041
36947
32011
15084
49968
16411
5665
34239
34325
31092
26077
3447
29387
40594
10490
14765
17861
21284
1090
16821
14824
26491
47838
12729
9126
23793
41350
19615
39178
830
38938
41212
5490
16071
15517
1325
16620
16400
30200
31935
38292
18898
5116
29951
20123
38236
37885
15417
48045
48933
37234
9118
49221
44723
25363
24994
34555
1690
10760
14112
8998
24366
2064
29092
22474
3383
24034
42226
9612
9842
30508
32544
43792
32813
5026
13276
44802
4720
40812
29058
22009
1020
7523
17928
19712
28690
41905
13822
29280
3598
23708
20570
30626
3156
15
10762
40580
31555
36126
49560
40016
18957
5840
16750
12019
48828
12039
37659
37211
49394
33844
1137
2177
8133
36197
37790
22758
13253
40837
37045
5394
101
39741
48487
27828
23185
13615
6025
3302
7799
26592
36049
30632
726
5619
35768
15483
43260
11706
36202
35911
18828
45138
19332
24688
100
49590
43385
18388
49643
10770
27245
39020
1873
13620
8065
44244
19908
754
28262
42405
14081
33456
17091
5915
29985
25932
43170
26081
8728
10145
20798
31889
37391
32645
35513
19980
36378
13640
27557
27108
4579
14529
7355
20575
44696
35145
28192
28688
34941
32078
47917
17229
11542
31319
32453
3370
29365
1346
31749
39899
47481
48173
10447
33152
3566
46441
7728
37631
8338
48221
14048
49147
42604
9763
23463
23590
28574
8802
7611
22126
47330
29326
11959
48483
21538
38153
694
35178
13123
37158
4685
10296
19276
49774
20054
22128
11801
41873
26624
7839
32289
32545
21996
23018
31644
34808
33184
32018
11988
47910
39886
43018
28865
33796
29553
27240
28256
14947
29344
43530
46792
44283
17803
47880
16142
34154
23973
10841
49620
22984
33614
47376
7182
5874
17263
16169
34220
19572
36438
41507
32317
47441
25703
4432
1429
847
22707
4563
46573
36076
26142
31197
13779
34010
11900
45651
46462
12422
46951
30774
49404
39435
19489
31407
7685
16806
19893
38280
25561
18177
46435
24984
45457
20691
17988
14015
30763
36210
9147
28974
38247
46095
36633
11938
43270
11806
36842
19081
16570
22943
5505
30401
46954
39286
34932
46430
7531
13812
23218
18965
12243
22945
1933
5504
3880
6542
1432
21800
34236
19076
30769
21285
1376
40493
47689
32154
42009
38874
38985
48482
23964
39356
43215
33480
44838
2549
18231
21891
23974
13817
8797
45448
39347
33609
42318
48877
11899
44614
34438
17586
3368
20379
36178
44448
36734
2695
16323
31211
1793
41211
31120
37486
28655
5246
16026
10985
30933
33343
25077
27638
30957
1186
18707
44465
46585
44585
18878
47117
23638
34768
48091
40259
8948
26517
1403
15837
33432
27598
10547
36469
17301
11209
28032
33485
8662
32144
20451
18782
40581
11739
46801
31531
40771
42899
36954
26627
38522
34302
20024
49504
41794
8464
19727
24075
30141
40372
34355
15562
35994
33822
48328
24123
1548
21666
15585
25723
8473
43209
323
38561
31182
28049
22446
21104
12406
23942
21125
27472
24334
29741
26661
35915
30715
33744
46394
30664
22727
30779
42834
20667
35614
3581
49866
25629
43435
903
34884
17309
36593
31548
37493
16015
21347
28069
32501
38501
8227
11423
27520
6641
8160
11270
9093
36984
40530
15876
30550
49557
3073
24867
11977
10081
33046
3012
17268
16980
43036
35011
6772
19019
932
9304
41503
11788
41089
37449
32290
14835
5695
26949
41257
17705
15677
41010
204
40422
24908
47474
48331
14882
49486
2517
41366
3670
14738
36922
29794
12126
4321
32424
49447
31457
26576
30520
42871
9393
49055
25130
27146
23020
9792
21335
24256
7382
20184
3321
47310
21775
18307
43268
12246
1182
18926
32943
22323
213
5754
5781
8396
38953
9670
20257
6886
5433
28363
16399
14682
47994
25986
22591
40796
13134
17405
16089
24144
35052
47358
41675
29627
11895
35112
30608
22770
15383
29324
26072
8515
26460
34592
13958
30471
38769
15772
37724
10155
29518
3194
10202
35246
40814
30841
44290
7732
49400
16916
49531
29888
39352
7850
30123
17297
36340
1965
124
35324
10732
3706
39371
26880
10785
49029
31820
10058
329
28485
7285
44473
41961
27158
43864
19602
7417
46310
29435
16643
37796
30616
23988
22015
48648
44097
46668
20703
27821
6940
29920
47596
1673
32490
13479
12279
40928
11625
33216
23324
18251
44142
27282
22354
46126
19575
10748
5706
27165
40389
47701
7869
19390
37737
8725
36413
26267
1524
20890
21061
26709
37745
16289
34717
22661
45290
45858
17948
26628
30502
24700
14536
14348
29445
27027
31936
31536
39132
12254
488
2395
38197
45379
17083
40698
44669
15613
25284
40582
39282
33326
48116
9331
6232
1639
11194
45745
19738
47046
43511
23092
35492
23557
10578
32575
17153
18051
31392
28273
11920
20066
1045
24013
403
10305
49554
34937
43128
31095
16416
12625
24685
1128
17600
19096
35961
39932
39239
36229
43617
1321
48778
4880
17969
38209
31541
43806
34275
30888
7244
841
32923
27703
30023
13933
41060
13302
10031
39085
12136
22750
37418
4576
31301
43676
3008
31722
27191
8791
5538
18101
48842
1057
47973
2997
37977
6691
39251
21392
3489
1826
14690
5093
931
7857
6268
37986
43438
24137
12198
13323
8730
38019
25789
38401
15305
44045
44748
4635
47094
18706
7905
20181
19239
43524
44098
8346
13378
20172
18596
7175
8909
6434
39116
44841
47934
5090
6506
12654
44963
3013
36749
6289
6254
43666
48237
24293
39142
25564
43390
39349
31949
10599
24757
20269
1607
43995
8779
3360
5978
21453
49355
29691
11882
8554
26461
7668
9161
26434
41570
45784
3792
45475
17960
42378
23906
33351
11678
7878
40381
12344
1212
7977
40604
14205
37604
32218
4275
10495
27364
2492
4381
24852
46867
15000
40201
21579
10459
33023
11773
48616
40915
30225
44038
45796
21031
17283
13144
49892
26493
38483
46315
36828
9357
35383
23409
33314
15591
30871
44894
14678
36226
35879
39673
12567
8542
27306
38829
15402
17446
49362
43350
31207
45716
4105
44759
34017
28366
27180
30263
42316
31290
44602
27224
11765
19913
43094
10047
21082
17487
22626
18881
46189
6219
19818
34564
2806
48620
48215
22935
16238
953
3019
10619
9974
27277
18430
31135
34231
32043
21127
9504
47984
12790
19187
13462
31000
45895
633
35729
36853
47814
18291
34494
1783
19137
21316
11246
22301
25535
695
27528
31616
30256
45934
7078
31490
43779
21015
28766
44597
3682
32547
11099
31256
24988
43542
24629
13375
32709
23842
18488
43763
44050
39399
12614
27789
15921
25895
17272
14865
34791
10843
29398
20543
5222
44799
19933
41322
14935
20806
29773
27548
22521
38952
5322
10993
46870
15773
4044
40657
18270
46512
49596
46628
16860
25088
35846
25657
6956
27621
18807
40628
33777
16710
30050
40921
46341
24709
12315
3695
47068
42297
26045
27678
35574
39012
36743
38365
6832
17686
40751
34428
26585
34568
6393
30934
19773
8260
37760
2622
16546
19086
7058
41065
8135
28151
3952
32880
44780
41076
46517
33334
8132
20072
287
30670
33832
25346
18335
31739
40549
19099
35749
30688
31487
29523
10262
20073
19059
391
19387
18157
4418
11767
25995
148
14381
42560
14305
14254
33952
30680
11925
13604
25411
38649
4749
35003
39854
27923
48954
23555
26579
27313
26250
32822
12899
33452
9560
8518
5097
23378
28627
42096
13062
20085
46849
31896
25161
26168
7400
32395
35130
24645
1586
42160
28827
27814
36716
25946
319
28116
24115
5641
30245
24212
44258
26055
27896
36985
20091
24612
43425
46345
38632
4506
44535
48702
29789
25240
44732
43420
15575
9046
37914
25788
37185
18831
40020
47623
40586
18461
1134
13887
23172
38850
21440
14326
7933
40019
19026
29810
2910
471
1815
18498
28160
48005
17341
1554
38418
37719
33408
42448
4894
41731
48238
26415
26109
40980
6781
31636
48567
33510
34701
2667
29369
15375
19989
36803
21769
21967
14167
36702
42652
43949
816
34984
46663
48199
48112
12456
6491
5805
10500
14686
9054
39219
894
15351
27259
19878
35268
22719
7529
38839
16692
17722
30052
32294
34715
36252
18080
49160
43147
16368
4000
10826
17387
31110
10154
25298
6915
44034
32867
25842
14018
41009
3697
38878
44141
12719
20642
40283
35593
27834
18650
37223
40501
17938
44457
48382
25146
1773
12408
45492
37606
36190
11317
16076
20226
4957
12354
36684
4468
6761
23686
41721
6803
37089
25239
5122
9156
36472
42048
8492
21930
42724
35061
24063
3427
47308
2977
3756
5077
18618
31014
48685
11763
45957
28620
18525
41892
30527
24888
35395
33546
26563
26482
26046
39623
9621
47170
2031
44714
40001
12377
22748
12978
49208
34490
11775
32908
30485
25465
29388
16247
45061
28970
23357
34594
12579
15520
36015
14538
26738
410
6221
38356
33317
31829
11848
37553
29284
21590
2208
2754
42815
41941
3066
16125
8738
8727
38976
11792
9883
6080
6893
40858
36321
25926
48128
34126
20950
46427
30489
39999
11695
19825
678
13329
44734
9170
768
38743
45628
17300
21412
3016
2080
18253
11653
24287
3767
15582
47299
37367
5916
29660
508
15982
11226
36196
46722
18118
36718
36285
42833
7011
47322
12882
10161
46634
7836
38669
34641
34756
35206
32349
48865
26297
2171
5449
43305
21861
45893
28956
17504
24886
42879
3107
39064
16760
6051
42199
10667
13485
4516
17910
36053
15239
1681
16968
42520
8500
41785
23979
33451
25868
11577
19807
32248
5536
32384
1941
46559
5676
32304
39293
48915
30216
34591
2725
40130
8395
20767
47243
27008
10389
31640
20140
1285
10173
45558
40047
16537
22556
44619
22056
47348
28986
16068
25028
1202
35791
22427
6159
13193
33288
48596
30189
19613
26823
9049
16690
1074
16234
2378
6212
46763
49242
37653
44462
24981
23078
36351
42335
45372
2275
20074
16576
21698
8080
16255
35405
22602
35929
36981
21541
21063
33596
896
41595
30597
17622
14
47368
8491
26987
19573
36991
40154
31688
30071
49868
36355
22899
14182
35059
17725
2119
13986
36083
44494
19041
6154
28709
35801
17981
39087
38382
47868
8433
25349
25459
31798
34294
23358
1345
28486
35969
5633
20352
39405
43970
41414
21439
47508
5705
4444
15286
12878
5965
5697
30362
19644
1130
6100
41619
16080
29294
25786
17100
17940
5761
32193
24153
24278
4984
44796
8845
12146
28123
39913
5432
34233
29903
10903
36606
20059
30312
29137
292
46730
49532
12991
41923
25654
30555
38712
45517
35977
22036
15528
1614
31656
48108
11987
39528
31574
23204
34360
6852
48768
4319
31132
48400
813
36697
4015
43412
1004
35583
19863
46194
10158
49472
8649
845
21441
24955
26957
43276
1191
1282
44138
37839
23578
11598
15871
27574
3134
7362
33498
30700
13353
4352
36019
10341
39327
29592
12173
40877
48626
12421
26390
37272
41049
46293
1894
11818
45667
22941
13506
15814
8334
43488
10003
2010
49194
24530
34296
41035
29226
24085
46288
46330
7550
40701
22853
47746
16424
34109
5060
25416
26538
39174
14252
32302
49435
18745
49565
21523
48345
27021
39713
37487
4637
8426
48274
7154
24280
42840
4315
22611
17332
44698
8598
26425
38106
33166
34389
45625
41345
29735
539
35777
11600
29464
11082
47430
1563
21401
39357
1364
40694
25172
25804
21462
29715
778
8451
34180
33927
19521
43312
1087
8443
24736
23951
33809
11045
31399
7572
8888
29850
27999
14362
17627
24577
536
24316
29693
11539
7322
44102
440
22846
30906
28213
1497
2993
21868
30448
40097
32416
26374
11061
14212
9805
14908
28892
44772
26074
31143
197
46578
468
38951
32951
16814
44100
39238
9238
22565
19798
46290
10719
37317
37705
46179
10055
29826
38254
23772
26320
10171
25361
31450
23871
21026
23893
41455
45473
29230
1135
24370
37787
46790
34349
10576
36318
49870
47240
35516
13509
15632
41454
40468
2536
39895
13415
49535
16110
822
2730
44777
30133
10270
13863
39392
4666
38237
28195
23072
17381
37203
18082
28439
26054
49610
44683
28674
30328
18811
31976
25623
21587
43254
39611
30455
369
48716
14213
35901
28682
29590
12816
9921
30309
6646
34001
40003
40676
13864
22904
12981
32268
43986
38363
19451
8203
38304
3988
49872
21852
31080
29656
21224
16308
34129
9349
37556
6062
49725
36398
37266
42190
1002
11643
22741
15277
18258
13007
602
8514
33063
45271
33109
22669
3061
19469
3273
47638
24619
22511
14976
11828
35804
23274
10331
42579
37451
35086
41114
27997
32606
11797
36739
39920
94
43776
4670
7962
33515
43694
18182
43097
47727
44084
49328
40011
46887
7828
46412
22105
3467
4725
25250
26027
12329
2829
32903
3143
9543
28393
12736
21557
39715
22011
31958
37783
13195
25101
49164
44315
18757
5918
38663
35992
13421
4440
37517
31879
21751
19172
7336
2214
22439
448
33888
48975
45527
26667
19308
8623
23595
32805
26449
4312
12317
46263
39467
12637
19147
8739
6259
36698
45384
47948
25626
10588
27996
28675
13047
46000
3575
19238
31898
35237
35245
11924
39615
41312
42026
10728
34279
44586
8804
48198
3435
19022
46221
21947
45627
20948
38457
3791
35668
32583
3801
35404
3120
13769
45747
7470
1839
7365
3377
12452
1142
35453
42430
13484
5235
45514
42417
22312
9688
31127
41121
11658
3402
35693
24605
41958
27812
18528
41082
10804
2944
9936
30055
42627
34893
6990
43140
18562
23117
1424
18091
39077
28838
5493
32323
48972
25051
33245
32591
49413
22681
15689
4807
36268
4150
20099
39555
7257
44463
5353
21305
3002
3665
15268
21200
4868
15706
17020
8071
13473
7633
19721
37129
48007
4093
32625
47062
9796
5034
46837
26644
43063
6666
32810
32921
24492
28603
27927
39691
41868
781
42467
32120
29375
2424
19113
28880
27709
11532
14904
24083
6150
46842
26924
7733
45230
43487
22184
19236
245
41144
34746
5008
17287
31234
46914
48843
31801
36639
10043
30254
34087
38526
38376
23481
1469
4939
13324
22709
4279
14867
49329
37972
17670
5091
2028
15081
2043
21730
12723
5794
47076
7088
20967
1210
13120
29594
35294
4272
31155
20865
16946
25169
25202
23985
12134
25976
20088
35580
7191
42795
26305
46878
12072
36036
6359
39579
25080
22097
15490
4099
45626
21720
42137
19634
26566
24322
38087
42374
47636
38228
2740
43721
4342
17338
34807
3387
34068
31247
28063
37545
32324
48905
36213
47709
16390
39206
48244
47861
37942
47276
12997
1262
9490
26243
33587
42767
37230
2505
22209
30631
31912
2075
45453
43735
35019
32348
46764
4134
48783
10617
16393
16701
5809
17163
12933
189
40629
5023
7964
36685
1102
10034
42844
41812
27871
44883
40414
8839
10127
20369
11983
6237
21824
15267
14293
41959
5753
9312
22525
47974
20371
48749
23690
11108
12885
17043
38142
13467
47384
9485
8535
29180
7497
28173
46706
24754
33554
37525
46627
5210
44594
20581
17639
37881
17050
35531
28990
38230
37483
31364
25154
13058
25531
44123
10085
10864
15438
20398
3046
12292
40491
46552
39277
28938
49988
27687
6096
38479
27993
24272
27035
17264
12123
19588
46621
6845
32378
34905
31013
35158
40781
3439
47098
8099
2488
22561
6043
24176
22530
19376
9566
48864
39398
15143
49358
40426
48286
14773
10496
3419
22321
43204
26273
36476
16969
30414
8612
31530
14336
39874
31716
14194
45414
12686
45066
44989
34076
16978
35210
18444
42958
6258
11753
15461
32405
15522
17323
39830
1935
25412
9555
3347
1902
46235
4019
13294
17848
22918
18586
18484
1631
44888
11170
15927
37352
659
37096
12914
16228
48468
46613
6291
23933
4419
43658
10916
49895
16683
23499
25315
9782
2588
12451
39755
2430
28952
5011
12288
33869
46902
46549
43436
24517
5194
45152
37647
23125
4264
28942
7013
18366
38044
42017
42732
46912
36652
45669
15578
472
43006
36301
32461
21053
28404
4079
22829
18884
5777
41527
43246
31212
41269
42248
42310
12428
43611
48495
780
36071
17034
15928
33477
49450
32058
9785
7591
23574
34407
48079
28626
27617
13167
38201
19407
11693
48249
9972
38865
9816
12512
29852
46113
8702
10412
39625
46713
42835
27793
7357
32496
787
26635
38849
37930
17936
529
42010
47989
25963
49523
9537
28579
37616
11718
37746
37835
8180
10555
34693
46728
4298
42261
22640
44741
25894
1736
35651
25147
38796
41033
3875
30663
49838
26401
37221
24439
37884
28762
43217
10532
10928
15558
47943
1946
45797
29768
47506
28769
40404
27412
4243
21028
1167
2919
7384
45958
36536
17054
29459
43250
8857
41585
34567
27895
15855
27036
7125
8748
14955
1926
14651
14734
21584
26458
5883
7608
14291
33833
39539
6637
17239
47549
20448
38523
16309
2141
40166
24005
47772
37149
14964
5514
24939
33642
42780
846
13348
41854
3056
24061
29235
44953
21785
35630
39201
44815
28243
47941
21464
16591
8899
13659
10983
42508
26184
18506
46304
13053
36699
25606
42960
14556
13920
6989
35540
37782
23247
35870
10461
33726
43736
18624
45736
24375
21179
16728
43843
12455
33220
19781
5760
35935
9786
29792
8859
19948
33457
6840
23389
31848
17343
30961
19730
49811
36417
36841
27760
27280
46134
42564
12035
25216
23119
38473
10338
15109
48561
46117
38718
5686
40293
19533
3230
24891
13394
19272
34672
27335
17937
46658
30395
14689
44072
49013
16077
46212
13451
27849
3783
40767
4191
38118
35608
13789
7664
31627
12065
48384
1153
2995
14264
49623
9077
5500
38907
48310
20331
1872
24743
15914
12641
2795
15997
3795
6494
2014
18485
20350
48220
39207
30889
49220
26197
36793
6839
22280
19257
20966
32928
2765
15384
35490
42916
44420
1437
26772
27493
41802
1889
46526
4234
33033
48412
13184
10973
44872
10425
6285
18815
10567
13635
37436
46002
31026
16657
36530
35875
39747
48847
36822
15422
41940
6591
5477
41120
21889
46834
36597
3855
42016
30453
38759
19540
2789
49703
2223
48162
10415
38081
24434
43091
10528
33979
10167
26529
20979
11836
20081
6379
5910
49637
43185
3540
17349
26327
19474
20786
20235
40264
48636
43819
19638
26162
14898
21552
18094
10097
18879
13574
40985
48428
45324
21560
39493
44483
19185
37369
40734
35460
21229
2700
17111
38002
10148
4641
16684
3833
36478
7024
29237
13013
38536
34570
24053
30936
16553
24555
9536
31124
42032
39463
39730
12550
46196
13983
9307
12267
32214
22606
6946
10020
14641
41275
34763
24294
18104
1113
38859
22476
29014
50
10028
29576
34690
15393
23253
27912
15545
12646
17053
16898
41072
24111
1409
12946
48917
22175
12010
22397
26717
19173
36800
33423
18742
28666
8286
17256
10250
23883
27127
23066
39226
37054
49415
5144
43508
2032
40711
38841
20830
40562
37775
10138
37550
15823
42343
39354
603
18341
43363
4195
42745
24246
39961
18802
28355
36750
6898
35333
34713
49278
504
5668
13496
25997
45521
12649
35919
21496
46259
34345
36659
28349
14419
42280
28975
1363
19015
25793
19532
19866
18188
15926
19315
43958
23891
2815
26113
29420
46660
44929
40477
1913
25974
22428
6044
32519
1374
33701
13826
15948
39263
43187
39509
26343
8121
3772
28171
27091
24739
20129
13862
38990
38775
6706
29891
29311
36150
20870
11340
11353
48524
33467
49766
8060
43333
44912
36909
29919
10866
30986
38412
7155
22761
43845
36227
17538
13809
37697
13872
26790
46860
44868
13568
5987
24885
35152
32761
37792
31903
16596
32939
48066
1720
34930
13839
16404
43538
477
1080
34301
21624
10792
49336
450
21827
4460
9300
0
49003
3717
36022
11935
1888
42110
46698
16496
37955
9570
24714
42696
47959
12472
8718
35483
19314
44193
22032
37104
16819
43173
35993
731
7551
46838
43690
36220
13064
13008
23333
34486
12133
4590
217
28289
9356
5380
15541
23646
6406
41943
48228
14767
29721
32131
11772
14688
20279
27448
29754
44493
36889
27936
6976
29313
2886
19186
1411
44300
45125
10063
32584
35215
19458
28225
33185
36115
39931
3234
48981
15789
962
2636
1255
6077
2836
27735
41528
40869
24184
11396
24043
37496
34392
39280
14840
3758
46164
19274
30974
37859
36746
11534
9465
7298
35871
3455
43105
22574
33072
13774
17612
15485
10705
15292
46090
24090
49916
9573
39373
37205
30350
25426
19017
28613
19231
35480
15019
29469
33741
6249
6527
4512
31289
28886
5267
22554
42064
49987
13831
39941
10628
2027
39395
39804
15446
47902
7059
49227
29894
44862
14722
2948
43239
20809
36604
28962
19391
18912
33143
6838
12699
30487
1576
24595
16447
45183
23721
37415
23327
27764
35363
49630
44009
46253
3180
3776
12402
7643
46123
43562
17360
32720
5768
49602
48242
5534
24733
32307
5933
41334
43927
6502
9123
32617
34056
20466
18923
49243
922
5281
19111
26542
21914
43719
14810
15768
32151
48269
27309
43608
8048
11530
42547
29556
41659
49078
22445
8652
44992
13267
46671
5441
22536
15796
21683
38029
42769
11852
9353
30985
27400
19885
41086
49906
4080
39634
24554
19353
16619
9071
7091
4219
10870
10945
9903
8400
4676
5664
1144
46405
26985
32252
15932
11502
17631
34816
1561
29990
29263
45793
32930
2608
42330
18199
2521
31107
25342
31792
4795
37887
42389
31286
29281
48109
38830
29282
544
14631
34862
38583
4214
29936
26574
32413
40857
45350
21066
45881
23165
35033
6421
46576
4383
39503
30381
45226
6810
19753
5542
34797
42429
16108
11583
11154
44212
16045
40742
11859
49914
1792
13884
19598
30130
5496
9624
26088
12326
1247
46029
4730
14549
47850
49365
6919
32840
19963
45928
29497
44668
38903
3286
6769
45705
17608
33289
18619
3547
15771
43431
14754
25070
8244
33496
12210
45532
24477
25384
12964
25199
40516
47102
37381
17985
36011
18296
11540
36960
32736
4351
19732
9233
36657
11526
4
46793
31023
17470
7096
44167
13296
14517
28493
23560
30393
20265
45760
5253
40448
34100
33586
48787
2809
41165
8303
49747
23034
41696
5171
39454
21514
16544
33296
45604
25762
43401
893
42638
43561
45501
33430
30457
1392
40819
30884
43827
20200
4664
43579
12822
16694
498
13742
41626
45117
43732
45822
2038
1383
13572
31222
42684
43441
15629
14808
1795
25460
45576
42352
3106
39686
36236
43886
3438
16438
42694
20943
43194
18119
11905
17075
24882
20814
8553
30171
17946
1713
15007
6924
34879
37206
7445
971
39032
23845
28233
22362
32385
24221
36723
3832
30069
18988
24349
15310
28782
48606
43961
8810
17038
13194
40140
17455
12670
37829
41113
29097
44361
4479
25954
5284
15539
46033
29548
21140
30088
38139
42670
41296
4254
8940
15617
26525
7056
8852
39090
11001
40494
30727
5834
17888
39735
1454
49842
49317
10587
22272
21181
25290
29680
6311
32844
5004
11584
1938
37946
23798
10106
44454
18827
34999
25714
13470
11710
41939
41419
33066
7825
29857
12061
28364
41359
21592
24416
20435
28765
47163
20606
28329
21282
42706
36962
45222
9729
26110
17913
15360
4331
40169
13365
19373
46965
19862
37362
40670
31617
7974
18655
21134
30530
38350
34269
28622
10820
31753
48264
4759
25848
27539
29339
19776
37111
14779
35926
30991
18942
2845
24587
2169
22261
28124
28196
1761
49205
24254
19279
20277
47560
45139
32101
33542
42281
2694
42847
29390
41219
31532
10922
42877
43206
32587
41729
9585
6523
2650
46784
49293
418
29786
48479
46931
28612
46782
13048
2458
11470
47760
45803
43446
41090
14325
45911
33107
20724
26990
34522
45765
30305
24755
20221
9000
17884
31252
26499
12568
30523
25352
5234
16521
23380
17128
32669
38347
12314
10772
31970
11703
18928
23161
17558
1416
14540
36831
20535
37928
28138
13704
1268
2291
7963
48258
41024
37621
19935
10075
38867
5415
30649
42000
28499
30221
18718
15118
37512
4960
32198
14115
47468
22129
37353
44475
12184
37059
27088
5993
9607
24414
12527
30064
3228
14372
40706
18474
26398
21029
34773
23313
21319
26078
49563
13149
6668
43962
40568
10627
35439
12977
34897
17236
26227
28287
28130
2349
27457
9901
14548
36544
9284
3863
12655
18480
14161
35832
30399
44108
5450
7812
38062
16196
20819
15931
30711
17934
45596
13392
2935
20684
18367
36337
14278
13364
46513
13653
37366
47042
30963
49012
48590
12239
29271
30972
8219
14797
30061
7293
40740
31591
47820
18614
45488
43004
19795
27333
34852
20832
42360
49353
29426
5895
37014
23746
26248
42420
1200
16882
39507
20003
38485
34519
10634
22845
35032
36411
6878
2713
10368
47006
16106
1589
12812
45425
28968
6027
32549
3034
46139
21073
23375
37521
21508
39668
14821
23653
16333
7660
35601
147
5207
11875
3071
43790
30926
9968
9882
18279
28506
40892
45129
11433
21725
36884
30075
32772
37899
16985
6117
19888
36761
11280
28899
24219
41971
1434
29381
6793
9511
10332
40363
45202
25132
14349
23546
11973
19138
19334
39951
38458
38713
15945
37725
9158
15080
13263
17574
17094
5172
196
32233
37124
35355
2231
33163
41682
19779
26512
48442
30237
29347
28075
34650
14511
12321
28819
4946
2802
39792
1708
15827
19846
39536
10630
33876
41983
32958
6201
8520
43051
43199
16427
25235
38070
39811
24249
40295
37847
41268
6605
48757
20788
33043
48340
44151
12489
11450
38668
44653
25040
12605
8846
38284
44807
13701
8882
19371
40510
45073
1447
8440
15061
45610
31711
8762
36045
6654
6397
8377
44320
10714
1431
49132
17895
14954
7720
21065
49017
28330
15361
19530
38499
22039
47503
38984
11861
24465
42552
40509
27446
34292
35316
11890
15368
33131
48262
11106
10913
5720
45917
36785
26252
40511
9351
7833
22405
46492
38551
7060
33830
41421
17605
42558
37803
34289
29517
10758
755
23090
12036
19183
11679
44654
35517
6111
30718
36845
9039
6530
48957
9863
8198
18584
10474
35502
18240
6293
16095
17733
47206
28555
42153
1286
5467
30830
49736
38372
43280
6679
44276
3645
42993
21894
43925
34707
28141
37683
23581
19780
4289
2897
46261
23983
9937
45313
26731
1634
9228
13601
7883
41813
23971
47014
17900
9404
14498
47088
42978
20710
43778
908
38601
36752
47101
13840
26396
9611
44939
16703
42478
29675
30361
23318
9620
8413
40379
8365
18672
47502
8332
48119
20527
1702
34601
26316
27847
38961
12345
37107
46650
11785
45219
28935
464
8726
7074
16718
18358
7651
17491
17417
17372
39163
12273
40222
24351
20049
12367
2112
11356
43849
16802
20616
26170
12454
16272
13861
28589
29246
20969
12606
47092
38629
14056
20525
13766
11522
36193
21046
15218
15986
14086
38646
48285
19860
33368
27813
20068
1846
34894
11332
6141
37429
43201
3587
41462
21530
44730
11230
3375
4051
44439
26976
46488
31060
512
21081
37708
34230
331
16348
18974
41299
35131
27785
30109
20595
16402
48940
32470
3324
29220
12755
21485
21845
37731
44642
14733
49706
41001
228
13507
10842
1
10361
27973
28863
30220
40658
18019
20100
43756
49503
10228
31441
43149
23674
3283
48644
32460
45979
10884
35417
49534
7661
28183
27150
3067
14258
40054
17842
12593
26940
47720
11095
43900
10926
45110
32436
33617
29265
5816
8186
2399
24793
13273
42653
36833
35942
17514
14748
1196
31325
374
3446
40685
29516
22787
36957
40738
39071
46147
32680
20010
18765
34304
14718
45808
21196
39369
27714
15322
26879
28212
9714
47694
26409
31946
49871
41110
49476
2441
26232
12027
32455
34686
25135
25451
47197
30053
43492
31544
7451
43315
452
11288
1064
9639
40986
13239
29317
42760
12464
31547
30383
7070
29960
11369
43680
46396
38580
5766
39511
41348
6263
14368
27838
44918
44326
21826
15370
12781
49462
4878
34826
49178
36668
21813
29982
31635
23381
33381
37086
11963
9249
10982
19548
42267
19324
13312
7311
3113
38464
37544
10695
45154
8861
18017
4969
30323
12711
47314
4687
38218
23670
3372
12703
32489
30854
38514
31338
16554
28778
15743
23544
23200
15661
44228
41364
20982
11970
15456
45063
19978
31414
4391
43325
44991
16035
34691
16652
40665
23737
44504
32
13270
45409
8622
12618
1372
20715
39989
8083
708
8339
36967
33728
46805
46217
28132
1461
7165
8066
28805
42798
45755
21559
38652
16257
25682
33251
3243
26729
18042
29736
27176
44013
9982
7105
11659
7134
44497
9582
24682
14321
28516
8418
37546
35631
20512
30190
5252
10505
32899
22804
38868
44134
40895
23150
31469
45724
21102
40797
24718
45378
24367
19837
6328
20984
9369
18882
5231
40023
33410
15177
20396
44172
33856
27636
9252
15942
29615
5059
29597
44027
21289
8516
47146
15220
11377
22284
13535
17829
7800
28283
37334
6067
45700
20383
25330
13980
22115
14030
45184
17227
35027
6885
40407
39629
2617
10208
47224
20256
5867
41834
12660
38954
40435
40691
49530
1175
36404
7568
46335
20380
29274
38253
19457
24482
42532
23812
32023
46936
42530
34482
25876
37204
6457
49267
4756
37031
18820
16148
32553
31520
13139
6192
507
706
45043
29115
22241
31549
35561
7111
38664
30417
8265
274
12031
29954
38039
32479
26954
32013
43505
48947
6620
39937
13854
40553
38888
39888
46418
42407
975
34373
17520
12908
42636
26674
48774
41271
13642
28031
36787
27288
29878
44959
45192
15076
27965
552
27680
29671
37759
14932
1263
6549
46127
40232
19499
6001
38755
22492
25742
15279
38063
46245
47304
19196
47306
32314
21875
28839
49419
44231
9627
45311
5257
49903
41533
31706
34825
15882
46988
30532
44534
6233
36738
34258
18664
35512
28873
30915
46743
14059
18808
7305
3847
23975
29400
46888
17095
23926
27169
318
5379
39304
38012
18084
7679
30595
5323
1319
34052
16260
46854
20855
35924
49625
22694
23088
19129
5468
21955
16041
47683
5135
38299
27567
30043
561
2831
8654
7849
24928
19431
34313
5788
1089
12407
30032
32985
38182
15463
38108
8663
29395
20127
8979
42832
31772
27586
17517
23302
49389
42105
42425
17396
28451
36386
43295
31990
20549
23862
5046
14280
28070
46531
29512
40846
40883
17275
38222
25781
32661
35689
39556
21656
19237
16500
39927
25706
21058
14050
6448
579
43467
1535
30770
10795
8052
35625
6869
49294
19622
26185
6459
25802
20712
3222
35117
45340
25035
30652
9144
45555
31386
17224
6656
24399
1540
34827
20002
49645
14551
20136
3123
43154
29588
45025
38968
27438
41831
7446
26821
237
40763
26462
40208
6220
9725
4724
18035
22108
31165
40539
16866
30074
49508
39394
38802
42770
41295
7242
45988
12388
21433
24120
26028
35641
41993
19906
1516
17217
24507
22083
22976
25649
26413
30815
8154
34024
21302
43448
17526
31600
22775
27424
9818
4746
23041
43188
8751
40660
36628
40167
36601
32973
13852
4012
26338
8538
5389
42504
35185
7301
42640
29086
39281
1487
19587
5503
19761
33008
19535
40267
24094
30128
46030
15929
24131
45490
44161
89
24887
29560
11779
43359
35068
24103
43081
34925
10217
5184
6466
12559
34181
19131
24234
33202
20980
33821
11476
9522
23618
4592
30161
49057
44622
49681
49285
37147
6711
40131
35730
48642
47816
23178
49238
20147
18351
11748
5663
8984
40075
36690
32613
11824
14967
42557
38528
35615
19632
24102
7341
4922
10789
13308
15003
35725
12000
9375
12029
47236
32649
7122
27321
47904
18220
47955
27391
12819
44702
15312
25046
21320
25832
40639
8229
19354
23472
10693
43553
47978
34888
37711
46096
35133
40055
34837
35518
19491
46329
10264
33483
24309
38301
20541
35493
17257
2519
44229
31914
45588
10524
13140
8754
37765
17022
9726
14394
4671
28860
49184
3047
16279
30504
20400
6695
14673
10620
22615
9439
29120
37877
379
5180
37890
34956
30095
30547
46091
25941
33076
28995
41793
48677
10236
7114
27942
47157
11585
11714
15758
14963
48135
1799
25830
49735
43473
34079
15536
10680
47140
24199
3384
13369
30374
8715
10376
1863
22388
33576
29911
16952
28012
35026
23999
13923
1644
34069
23168
370
26850
35666
4528
49339
3893
16379
31068
45598
42266
41989
15437
37605
5807
14715
16178
5437
47692
43846
41378
25116
12533
10348
18353
40964
32157
38637
23365
20657
33077
3214
1612
44870
48899
38930
6749
23305
44492
13266
48193
25484
39057
1751
13209
16868
20228
40692
7157
13969
40092
49815
11562
21636
3537
42444
8906
7887
33881
36084
26570
40936
25616
2515
18292
12541
44847
27019
35642
25749
29701
33574
37969
44583
47119
1236
35622
16645
39954
24880
5601
40727
3415
33168
37396
5400
35810
36381
38786
14186
49837
37201
13162
25568
30556
38699
5383
45503
37388
2833
5811
7460
41493
33386
18929
9986
29803
46184
45699
13361
40773
5931
12251
32776
29123
44547
16673
3434
43434
15436
9833
4784
12808
27043
12403
19932
8509
3649
15152
17371
3709
49311
28920
1610
19071
22944
34995
2470
5501
42055
32178
10604
33099
8619
9530
35889
48597
31404
1026
25777
14629
31881
25083
45675
20774
33044
36786
7035
7209
24683
5780
47852
28732
16747
24617
9125
6856
28214
34436
3613
44429
4852
39036
47326
34330
25935
46785
48984
30874
43828
12523
16638
31761
18460
7325
33332
19133
43400
13996
24223
15731
16970
14200
43167
42333
32607
34929
13425
31793
8002
13012
37564
28807
16007
7650
34835
44895
48200
24761
35575
7269
20284
45253
23766
39892
10314
2566
39306
11903
11452
14981
25171
49371
14633
15760
33471
16707
43301
40247
2693
26321
21790
38377
29609
16862
2001
38958
27243
49662
32780
28099
21170
15159
5114
25633
38894
17441
5290
15699
36769
43313
45773
24919
36813
21396
25356
27278
32368
38346
409
32410
10645
41960
8148
7437
17000
20423
30612
45242
37040
11667
7168
5600
39480
42439
47350
2237
44724
22950
37534
34270
6272
34865
11421
42571
43545
37025
8572
48726
28720
38665
8211
3979
32829
33309
29015
8742
18700
43110
39701
29625
15957
20391
15269
3074
47100
21164
2686
10159
34166
4261
14576
21700
11888
44250
6975
46662
25160
7561
30695
7704
3332
23236
17052
97
1410
14942
40862
29236
4470
9301
21403
21233
42873
2526
4283
37023
1253
32570
32231
20188
4851
19578
31458
42794
7745
18162
5451
23415
41232
33098
12643
44738
46980
12425
29082
41846
33794
26740
24012
15756
5924
47165
48657
47317
28396
3971
45143
10096
25949
13940
19985
13811
732
36623
36003
33051
26492
44077
15455
12635
49953
28717
19151
19128
12616
19909
12503
24390
49651
30106
39296
44255
549
32904
31972
46150
37051
41716
36687
34118
7927
33014
23785
8331
47548
128
43909
41607
42981
42984
27931
47294
40277
45446
13279
32534
26611
560
31840
22560
4884
32117
5656
47679
22909
32752
15850
31951
40118
728
16647
38733
8290
25992
17760
29383
29039
36041
25668
37307
3920
19808
36004
1213
24788
10733
30851
30764
24959
40136
20607
26307
36704
5386
35597
30617
4879
37929
41899
25720
48998
2684
14716
37741
30824
26079
6151
36320
13989
8547
25750
33223
29708
44528
43129
35266
46875
143
27721
41804
35107
43197
49705
32005
20864
20848
7985
8681
13587
3692
45877
4104
5064
46450
26884
9534
13427
49527
39823
1750
3555
436
25660
33919
26673
46661
7220
13978
35411
13287
33085
21873
11083
5010
13396
14061
12399
29270
6170
9756
32685
16189
2903
5678
38309
26354
30224
99
37941
12892
10610
43084
4524
26923
29734
31763
35564
6484
32000
23239
42789
29705
15552
42254
7542
35954
38406
7576
47287
24298
774
2474
29587
30923
8880
6957
25737
35233
35472
7782
26165
28271
41709
48599
13660
47162
49608
33764
2497
20292
8295
18215
25410
39230
13168
41561
25979
33208
49639
24467
12534
25745
20744
25308
12397
31857
39445
33038
18548
38628
26489
29757
49835
1725
23005
18781
41344
28971
12992
43800
49080
25589
29969
585
45188
20267
8600
11723
24128
7235
29562
9096
30590
17210
812
8602
35499
48874
27348
15309
13743
24716
27596
34404
25197
23808
31610
34439
16639
3876
40177
27246
41900
27310
17377
37894
357
8824
31201
36945
31062
9417
32960
25289
32864
21639
47693
19702
12444
42246
13873
14503
48671
34667
42778
26887
29399
28796
14492
16208
6789
5075
451
34969
23487
3594
28489
24130
10919
38362
34853
19691
28853
49940
3701
25056
29583
48714
32630
16816
1573
10774
1387
28059
10007
43947
15801
27642
42273
29738
17462
19601
13731
22217
37074
36239
6881
21516
21363
27918
6134
41902
13206
41441
26513
22372
3004
32585
17246
9080
23980
47219
33800
5362
23213
2769
48317
27891
9916
45085
13794
49954
23910
3025
7259
4872
44536
3078
44646
17992
47141
38083
9189
23859
27338
376
43510
23878
30392
30176
45714
4135
19074
1414
24488
17189
48593
39058
48383
12778
7895
14762
12891
24669
40866
44572
23886
44985
47302
44176
27443
23030
44128
45013
31381
10965
17260
32334
16192
42180
32876
42938
5527
26703
15806
18263
27836
15959
11651
25579
24039
21633
13763
4591
26833
49859
6284
12895
966
2069
8829
18762
15904
30450
43526
17576
12018
11355
2770
30342
13342
47550
14676
8067
49499
36863
9225
44093
49525
20402
27724
47313
36072
16366
26895
8732
21838
14864
19707
18416
26965
9064
2261
3883
8049
32038
30987
18147
49084
526
5152
33886
4256
4199
3043
28799
10200
39367
12303
27122
48456
31277
36811
12557
1003
48853
9255
33610
8733
40959
921
14312
48146
15415
5143
26609
4538
43407
13141
14106
188
34538
10927
21454
31185
4304
37880
15719
41988
29666
1844
47543
38018
37287
30857
11009
46966
8923
32954
24208
11092
38080
17959
3060
19566
15534
17102
16614
46244
9358
30533
125
31486
13121
7073
42757
39013
21090
49066
49197
4545
33128
15251
47939
45424
29782
16565
20319
11344
45413
7688
4004
26334
27694
14580
49273
48122
24668
21848
12798
45105
14847
22300
42077
22658
37417
39530
27233
15289
14561
33250
11657
30181
44398
17329
20177
45175
17531
9790
43462
5586
2265
46452
16897
47857
23186
38697
22630
15537
33534
8736
33943
12825
39439
9392
3789
25955
28609
49155
4895
21596
22704
7079
18422
40634
43880
18206
6353
10005
19758
37242
15751
46967
28238
15521
21306
29779
34720
22538
22479
22516
27118
48591
41655
934
5631
443
37454
36338
38556
39210
2619
22951
49984
47238
27491
26909
30058
8193
11798
21985
14190
36986
32051
33972
13548
20499
26589
37412
15288
12989
8836
45203
6183
47575
34760
47521
6689
38224
13850
16737
20388
26704
20208
43752
23015
34049
32024
149
6604
36403
22827
9143
31189
31416
3516
45031
12731
23140
1763
6081
23835
6550
31505
45194
44196
20519
25074
38608
8335
35960
32816
4689
22313
23427
38520
21451
2928
42538
33983
6631
8952
41525
6657
25214
19399
11019
21355
13527
28279
15342
1205
21732
1278
19698
42629
7000
33374
34911
35984
44761
26275
42950
29915
23465
33635
2096
28953
18635
3264
17564
49159
15770
49950
9278
17899
44446
6876
33419
16345
24783
29156
13785
20039
12277
8149
30674
25558
44784
36953
32015
46191
10276
3986
40343
38109
25791
14951
371
43587
30749
34947
33655
8409
24076
15526
12188
15794
17036
40495
5326
23765
13755
39019
278
42975
24150
11634
11976
40149
8955
29896
30578
12945
19486
36192
36874
22697
35467
47885
12079
698
27830
673
39578
11020
43430
10210
12182
18232
21410
44455
20044
44377
40725
28247
13971
46234
18260
34365
43613
11119
36564
40593
22287
37947
10325
49582
45408
12032
40367
13175
39366
29091
21753
33232
46826
28867
33102
37875
28286
16578
5939
27063
103
35339
18328
4603
32085
9764
44022
10458
25245
20741
13559
7642
28800
19462
36753
5537
4188
5602
4907
26742
36132
4085
12047
41713
45047
36314
26120
36346
35996
26849
6222
44149
22519
24283
24544
32254
19591
15885
35951
5228
35941
6343
42082
41634
8015
19178
14504
42442
14874
36522
47228
31171
736
7831
36363
19663
32738
25694
10168
20530
47142
14281
31872
46691
6413
40922
27214
35939
9509
18518
17512
7316
25353
12535
45704
39232
17369
42904
9718
29531
41997
36308
643
1197
23529
18377
49900
32916
30137
9998
35586
19149
12316
44311
5223
41578
27866
14906
39824
20585
43874
34600
18022
31847
34514
39786
45936
12764
22027
32850
49923
29386
25562
45910
8914
11316
9752
6282
7009
28189
594
43265
45223
12107
14855
32697
49764
9105
48555
38626
25966
49907
12639
9781
35020
24979
35859
47095
2943
7530
21120
46171
9743
35109
23569
22007
11183
36797
40443
14426
13395
36118
27080
2721
4493
20305
1439
44620
46299
13094
16627
17991
3622
23570
29862
25693
395
5896
47150
41896
11185
17259
32124
9730
12310
34391
11269
44408
1883
35347
10821
24097
23080
21729
44379
35394
11878
1494
12463
23500
17841
18603
7183
5201
37965
49254
6799
22679
10312
41841
47244
3163
21019
36205
35854
5569
47333
34806
12836
32428
34259
20103
9887
25656
12434
49306
34810
19562
4663
46506
21707
46505
26700
49338
38711
4606
13318
185
7383
45679
16426
926
33834
4263
8830
29832
38157
36123
24527
12586
3408
38604
3270
24169
33757
2145
32138
34664
9745
25291
9267
47027
47118
42003
25121
28979
7565
15280
11964
31888
29101
33035
37961
6246
48903
15077
6677
31816
18043
29710
16432
32737
9474
16664
47217
49720
47542
2744
28760
36707
28887
49411
48424
839
31175
23086
25055
6629
10939
38397
20742
20914
3244
24177
48738
44154
14045
13694
41341
3459
6056
44713
21000
35445
2184
39664
18841
39575
5893
36552
26373
46086
39529
42353
31873
42332
33465
19907
24460
46169
36847
16200
24451
14159
24380
23042
4511
7595
18087
22562
1051
2655
40661
32379
11354
9655
1493
28062
13292
18826
45315
26994
9415
13524
40908
8494
6763
33201
30693
109
22267
49432
21047
40699
1691
19007
42092
22958
25374
18364
41630
2393
46798
49230
26418
2435
9658
37303
36233
24863
30060
11614
47931
22353
7083
34455
6597
9024
12312
37652
44406
6243
42845
17942
38959
47261
49635
6267
6065
35311
14533
36815
31307
18724
48737
35534
27531
10904
4129
56
48808
4586
43703
41810
13573
48682
13684
13599
47204
35899
12665
39653
12854
31588
48047
3926
48856
26641
41390
23199
21460
6409
6277
24424
31683
11590
31950
45415
21112
13723
16127
45842
23270
20732
11745
25047
42299
49575
49833
10731
875
45614
9445
5963
46085
19198
6298
49031
11636
19246
20961
46344
23374
28963
39958
29099
10220
23498
17002
26614
20372
30970
30460
42498
35632
8883
25343
42295
46816
21870
34288
31626
32167
7034
10226
25061
37245
42594
10815
3055
6514
16852
25702
29168
3790
17431
49181
41184
17411
48377
17922
29304
35426
36374
13885
4731
29873
24780
20853
7128
45758
46387
40835
28200
16199
6728
34578
4948
31054
33157
15510
38790
6580
25317
16356
22462
32734
39061
30644
10280
25133
46539
37314
20095
29329
5860
44140
12918
22269
5021
15178
16781
10936
48041
5599
20878
15148
40753
38456
40306
46303
39551
47970
27241
37806
593
18486
28397
26727
12236
22793
37657
26221
25195
20791
25423
14758
19693
3294
29323
28249
1940
431
8031
30922
23884
49547
36987
21463
34584
11837
10874
12051
12368
22764
24614
32768
9724
4631
18537
43767
24165
14552
25953
5453
45817
2493
33030
37128
25039
41638
22762
18798
10730
4837
7901
16312
49360
28950
23367
1848
776
29287
33867
19649
19509
38735
14713
34174
27218
22599
43485
18856
3688
26811
24772
28912
13519
24897
37363
4763
48477
36558
34512
4982
4710
17065
49573
37276
46657
45496
9819
29238
16428
24977
39407
22477
28444
24553
43571
23368
32221
49947
13045
43708
14799
12453
12331
6182
19116
9191
16818
46373
47049
37516
17806
49908
14452
6792
33803
45732
17434
33366
6960
992
43905
49934
46199
115
37603
21938
48744
23473
18739
45682
17730
47896
7954
42359
48985
28186
40704
37403
49828
33551
18065
34036
25485
25663
11541
11329
14423
11949
16518
47867
48330
26580
36200
29439
16749
31296
40486
31063
2863
44289
18939
6213
34085
24956
3892
11451
7487
38273
40615
8841
12282
27334
27488
6864
35717
32942
31430
785
32465
