43218
10356
12127
40275
42951
12132
28387
9218
40262
43213
40268
7277
43209
7279
19648
10348
40279
40269
28395
43217
43201
10354
9202
9212
19653
28390
9210
16618
19640
43210
16603
19651
27878
43207
10350
28386
27874
12123
7271
16611
16617
16605
19649
27862
27871
19644
7274
40276
27864
10347
10357
9203
27879
28399
42941
9206
40278
43204
40274
7269
28398
7267
16604
7262
16600
40266
28383
10353
16610
42959
42957
9211
27866
12129
9217
43203
12135
12128
19654
7276
10352
16615
27876
10359
28388
40260
9205
10340
16613
9207
42947
42949
28392
19646
19645
10349
10358
10355
42952
19655
9201
43219
16612
9213
27860
9208
43212
42944
10346
10345
42954
27868
42953
42945
12121
12120
43211
9214
42956
27870
40267
27867
16616
40273
19659
28381
9215
12136
42940
28380
7260
28384
16601
28394
40272
9219
16619
10341
40265
43214
19658
27875
9209
27873
42948
27872
40271
7265
42942
12122
12134
42958
43205
7273
43206
43215
12137
7275
27869
28385
7278
40277
12125
7266
12131
9204
19641
16606
27877
43202
28396
10342
12139
19656
42946
27861
16608
9200
28391
16614
19650
27863
43216
12138
42950
19652
7270
40263
42955
40264
28382
43208
12126
7268
40261
19643
7264
12133
40270
7263
9216
19647
28397
42943
