3307
9500
2119
4100
5657
2851
8517
7955
8085
2458
825
3564
5614
9432
9300
5388
2844
1038
2277
4179
6435
129
5454
5148
3805
3929
8837
6293
6389
1852
6467
1862
8804
8591
8305
696
4094
590
9622
279
7180
4788
8955
9400
6849
950
6909
2955
545
5016
1166
3550
6489
6025
2433
5806
7813
2220
7299
876
7724
6893
4956
1721
5967
619
7958
9566
6199
3228
8052
4869
4648
9220
8952
283
3387
9185
5215
5771
6973
2465
9192
4951
7024
2312
3116
2769
1563
7406
4218
6731
7808
6704
1140
3404
6626
3239
9963
7391
2655
266
3338
944
7967
2301
1546
2052
6456
9909
8844
94
7834
1014
5949
8385
6444
4866
5554
1284
1949
8586
1198
6110
2868
8183
1296
8751
8525
7756
3059
6877
275
3499
9291
5781
7268
6644
4182
3257
6547
5907
4475
5651
7568
6918
8287
1168
9948
7778
1736
18
1982
4841
7649
784
4271
610
7214
9255
3517
9907
2402
8878
886
6144
2169
1562
3112
4891
7013
543
2650
7284
7535
3207
340
8389
5767
942
1806
8355
4627
3213
376
8453
3205
8421
9547
7711
564
2494
2776
8201
2783
620
3983
6911
8544
5635
4861
7560
4173
9542
2302
8595
9410
2538
1422
3393
299
9986
289
4020
2083
7975
9050
5894
2689
8313
7518
6193
7739
4928
8470
2710
27
3718
6855
1787
2329
4315
8439
3114
1513
216
5833
378
6528
7446
835
6488
5752
2680
2273
2942
5780
6988
1093
5559
5329
4767
1726
6556
7719
5765
4680
1291
4813
313
2111
1065
7280
6298
8225
3288
4614
4338
9357
3800
6288
586
501
8713
8518
1039
4935
2995
5502
4681
957
2542
4927
2602
5701
8993
9117
17
8816
3885
4942
6042
40
7736
846
4738
1341
1474
330
5103
9984
6990
1381
9340
1060
2423
3392
8801
4756
7478
7530
2964
7590
7106
4950
212
2490
6465
3984
904
2929
9762
3477
9813
7672
8543
9952
4589
