4502
9145
643
5028
9829
8297
8422
6094
2748
8274
8950
4893
4029
6576
1302
9885
8787
9452
791
9300
9987
4281
1192
8790
1616
8782
2311
8379
2118
8254
5547
9669
4388
2813
8842
4227
107
5192
1886
7175
4251
4232
9290
2131
1274
6198
221
660
1117
74
4001
3925
4723
4407
6412
4601
6889
616
6599
556
8924
1456
9758
3495
6519
5736
3439
9748
811
4363
3774
8168
712
9298
6216
5535
8785
6799
740
2499
6001
5056
6225
413
8967
8557
6758
2654
474
5806
2686
8777
4030
3656
9508
7237
5324
546
8345
6641
1828
7758
3104
7368
637
7293
6866
8544
245
4926
7668
9327
8578
7612
1042
5043
3041
1129
136
8296
8058
9053
737
9611
8528
9846
3133
8883
3543
1832
6281
285
8603
2028
4567
3854
9157
9405
2172
6066
2854
1458
1220
9031
8112
4061
6376
8280
4890
1883
1564
821
1223
2685
8390
4973
9133
2627
6763
6989
6331
4711
7348
3418
9184
2254
4200
3674
6356
747
7964
3638
5386
3744
8595
5952
6622
