KAB
GRX
GSG
FOM
HNK
MJE
EAR
JEW
LHG
HSR
NTL
HFC
KPF
DES
IQR
HOU
ENP
AIL
EPY
IP
ERH
NBN
LYZ
LGV
ILR
FPA
DHL
AXD
AAW
CUL
KDA
KYG
FQV
BPE
KLX
AYZ
BRQ
CSG
FLH
KH
DPD
KW
EPC
JDH
FVP
FEF
NM
EML
IFU
JFP
BLR
BFC
KET
KFT
DDC
JKD
NBC
RL
HRT
DQH
AMP
EMS
FVI
AYF
BRO
DEW
HVV
DTF
BUU
FDJ
LO
BVJ
ASL
FKK
ANM
GOH
JLW
JVI
KTZ
AKV
EAN
NOD
IDW
MJI
ABU
KZF
IYY
LCW
DOT
IYG
MQU
DPN
LUS
DFH
KCQ
KCF
CRB
NPY
QT
GPP
MEY
JIV
NJE
APA
KXV
JEG
BGE
BIH
EGV
ELR
ETC
LJY
CVP
BDJ
BIM
LQ
FOS
JFW
KPW
IHY
DWA
JWY
BFD
NDU
NHQ
KMN
DTX
EUT
JUZ
HDN
AIY
QX
FLL
BIJ
BGF
HQR
BIT
OX
KJS
IPF
GGS
JQI
AHJ
ACR
HLZ
LFY
HAH
ATJ
GZB
FDZ
MOI
JUC
BTP
DBY
BVB
JSQ
CUJ
BRG
DBQ
JVF
DSQ
MWN
BRB
JNO
LZH
KQR
FC
IID
BMC
JJS
FPF
EBV
HUV
MSZ
JRD
ASS
AZV
GUN
KOI
JVE
DHV
KBH
JKC
ES
LQJ
CYN
BTW
CXF
LGO
CIA
JJK
AZF
TK
KCO
HHB
HKS
MMP
IQE
EFX
QC
KGF
HCC
PC
NKC
KHL
FGG
BWL
HHY
LQY
BZG
FNV
DFA
MEO
CQN
BXP
IPK
CJO
LIK
GNU
IKO
MHR
GMM
DCO
HIM
OU
HWC
DAJ
MMO
DVH
IPZ
CTF
HEH
DVN
DKP
SG
CWU
GZQ
MEV
BTR
MNO
KOG
DNA
DPL
HHK
CHO
BMO
KWS
AJP
ACF
BZC
MVZ
FYO
AIO
AKE
KBQ
BVA
AZE
LGL
EOB
APT
HPU
JI
EWR
BDO
QM
MCZ
JDA
KNI
HVT
IVR
JII
KZI
EWO
EZG
ABK
HI
GDL
BIL
ZM
EF
KER
JRS
MBD
IQH
CRM
DIJ
IWQ
KJQ
FVZ
KIL
GIT
FMO
DHT
FWV
MLT
JCL
FID
GFG
KQO
HIH
MFJ
ABO
ASA
JJB
DGL
NMU
KJO
KSE
AFP
JN
MBX
LPC
IEF
LLE
DHI
IFE
KGQ
MWF
FBN
BTF
CHG
FMS
BAK
IEX
HUT
MTE
JRF
AHB
ILB
ICN
NPV
K
JEZ
DVV
EKB
HLB
LKF
FSU
MXB
CHQ
FBA
FN
DBZ
HID
CKS
EVX
KRY
BCZ
MFD
IWE
GMI
DBE
GWX
MOS
FBS
FNQ
GLY
JWT
IFY
