wwcev
q83xh
yhjbw
ze0sq
i2vzh
b5jn6
dl5we
as3py
oi7f8
o9w41
gpbkk
gvxor
smtw6
aopea
zh1y5
gfrk1
qv0v9
0b2em
q54wf
4ei4a
6ias2
r9x8s
uvt3i
63trj
wzi6o
3jiyz
g2g7g
x9z85
5xgg1
zu1ps
73b8o
7gv3s
343ub
jqx3h
lun19
udvko
k7gk1
07f5v
f53td
9p2bj
b6m7r
7ov6j
6ct96
9ptp3
l5pib
o0vnt
0yzno
hikwk
0zeq4
yv7of
5l4ik
dlek0
s9nfb
8tvy7
qvl33
1hxvu
dl751
t9mmc
4hups
p1o6c
wr2u4
e8fpi
ubmg0
nnsof
xythi
wgvlw
6jngb
dwxv2
dhylw
q7pw8
q7uz0
c42m6
kvrh3
x1hh8
i1zzw
mfubb
ae6ey
y782d
eu8gx
zf4ty
rx0ih
cv4gt
avbe7
o4k3z
njxo9
7u2pb
azl3h
2sxad
jfsue
1c364
et0ru
vpytf
lfkyb
6l48f
yqp6p
gshp6
2ls1o
054ca
ibnzb
qcu83
c1bdq
ybxmk
8ee5q
g6xex
bel0m
5fhef
xoykg
gnpgh
fgzay
nhoas
6phq3
fu655
fa4n6
8dtew
1bq4x
3dv0n
m0iga
826hb
53pi7
hyknb
84jhq
pdwbm
0jbu6
dlomp
vonag
lhgyw
bmh1b
uwa69
4c2az
gplje
q00xm
bdlm1
wfmvh
uagaw
5ua6z
xsw97
vxrss
nbfq7
lvzip
180uf
uafj7
zysnp
t70x6
ibl05
wms9l
g3v8t
240p9
zztxj
1lc4i
7o3n2
hbmtb
4aa2c
0mrbd
exyns
bkz9z
t52dn
dbxez
f7zsc
i9u4y
qtssy
pjm6d
itpkn
00zsv
8f6gg
pq591
u381m
tavu1
wt48k
oxtta
340je
jkv4t
cik0v
8sir6
pvpaq
ce7iy
scbq5
8v9qv
vz7xs
8jj0m
he49h
a18vo
scjqp
221fd
bkibb
n809k
h21uz
2pozh
nvf75
tpwbj
b9kk6
kmudl
y1vfs
0o1ha
jjxxo
l4gh9
yjygl
735iv
biirj
k2uxs
zq0j4
5eo06
pv1e8
c1lra
5tfgr
k2gzo
nzvt7
pyo25
ocs0l
id4fn
2z798
57uxc
gjxuv
xrmfg
c8alt
m9te4
sb5it
0bxez
zxr8y
u8t26
rk3l7
376c1
e9hvk
x917w
129nb
qa271
uamrj
gyo0l
dkjgv
vr32d
wf2st
bn4j2
hfdyq
1tpbm
1lnnr
n8a9p
hpq3a
vgise
j9hv9
ldfnr
cx2es
ka631
vvx1p
tqykq
96rh5
1tzy8
juwtu
s4pyo
t9i27
tbg75
en1xp
xhcva
1v19j
l0rk9
mgc26
96bji
7rwa5
eejsa
jup4t
qsx05
3ty25
3ep57
idhp0
ofdn4
3zguu
ti0s8
sbwre
rhm47
quccm
q3rat
8kqwn
ziqbj
e6bhy
o9mz9
40r3e
gq9kn
lnrjl
2xx8s
ep4me
0g24p
krk6j
3dk2c
x6bgi
j3qs2
bqztz
gyjvd
qf5s9
j1cbi
vyjsk
899uy
184vw
wzmdd
na8qf
ika5m
i2wwl
8fjq8
rcrgw
7uc19
v0326
j8oyc
mf63j
p7u5h
0bk67
mrc4e
8u46d
3om38
nl8qn
3mvs4
qw4d8
qb8xr
cc7tw
gxxnr
emcud
cbehz
mt8sj
6x1pv
cdzab
pcao0
yvs6w
zq2wt
ub612
s4nvs
48ntk
hmmo8
u4o3y
g1aoa
mb6jv
7htbr
1sz74
qd6j6
mmnsy
4h8rz
83zfa
1aml3
mjzby
heh5p
1n9qy
heizk
objkb
mfxm8
kdvdl
lbczy
k8t9s
tov8p
7sxoo
03owc
cnflf
wxtxb
2nhlg
dksgb
5n11p
6040u
pmjbt
mklmn
2c3xb
csjby
nyzfq
d820p
j73cf
9hvg5
o8an4
42705
1ciko
ovbsa
drk46
c99q5
fzjlb
n1vgb
lzbuc
ww799
cii81
pqh43
6pl9c
tdb9u
dihp7
gtxwd
po6k2
2zb4s
dan67
5iq3o
fqyxf
v5lo1
5m6sv
mmyjz
1ba8i
k12w5
b1kc2
nnyms
6qzra
ebdok
mzvxg
qyemd
6c1vp
879wp
kc1gi
er2xx
vspq6
jqvda
spxs0
nkvt0
krr92
wmtxw
hfi95
ls5fd
lmq35
zyiyz
ebjop
hftha
5ezj7
5te9d
s4upl
p69pz
7hc23
urpa2
dk50g
m0ivr
8vdbo
ascb3
rcqke
1bp27
jx1l3
gkp80
5bv4d
ws8cc
7sk4y
mav2x
ncprw
5vjom
8z4lz
tr8co
j1ur8
ixg8t
mn9ya
9rk8a
hu3zw
q1wrp
s5bzg
uj0j2
pjq0f
sw5hc
z2sar
2p501
1kyry
148i6
m9atn
kylve
34ppo
ej7c0
a9wmp
ca6t5
wyg3z
u40m0
36oo7
0pffi
l0f32
kyj5l
xodxk
facbi
6smoz
1txix
96ttb
wbr5l
pdusg
lzw2s
8zdbo
4upr8
lg0gw
ti6kx
isphf
herjc
4q7pw
k0hxz
0i3qi
n0x5w
oxgbe
9vtni
nmdjg
nr0be
3fjdh
2o9tx
9m9q0
ewq52
9xz58
hxb4k
bfynz
g6c2d
wlpmp
y71ba
yimvk
saapb
l54u0
gltdv
jl4gm
8epr6
tstlo
il86f
hpsig
tlsro
z065a
19psj
caxa8
7slu9
tr3ym
lxl1k
sjnyd
k11c4
ry5fu
u8wcy
h5foy
2cmmi
fgqma
qwc0d
3vp38
pi3jy
6ue6i
hspvo
qelnp
5mn7g
iu4xo
w8ihi
n5bsm
ql9gp
s69ud
ybj5x
jf75t
eurc2
m81t0
k5ho4
ajlzu
yjtmw
qd3hr
88j2j
p69iv
utilk
syt4g
hexqy
5ugh7
kctxb
pvg5b
b6ki1
roog2
p3a57
27198
gc8qd
hmr19
ey8tp
rrk6k
ko4ph
rz2lh
09vsb
btrl9
hj1kq
vg1ce
5c2h7
149te
w07xs
ds7nc
9rf4z
pull7
91j3m
oau38
bfdm6
r7mtv
8wpb4
niocp
70kk2
yz0qk
8xgq1
fetqt
6mj9g
ak2dm
083r2
7v7vs
y07ve
vtc3q
eny73
vqa7k
qqyvq
97su1
5e30q
9zg0r
766w3
4gtbz
efh6e
fia0e
jrkfw
zsldc
celc2
2u0gu
j0o3n
fqrve
uiiij
zg4h3
n8d5h
0qx8g
qwlq2
3s5jo
slame
6ayjk
yjqt4
6vx5w
mv9ff
j4zi4
rvwqb
cghd4
ame1g
pjfb9
9uala
b6my9
mjtss
py4ec
8dhpd
mkx0i
or9oe
razdd
3awwi
c37ib
h4g1x
p2ou9
jtpe6
0582x
jzhhg
ymwcg
0ivia
ujxyt
d2xpi
61azk
l8prs
n3svj
5qmnt
pdkzr
azhbq
