75726
85075
45001
39014
38896
874
60534
78351
21010
6896
37031
53997
76247
44933
24274
9103
50561
24501
72922
2244
89329
32896
6211
94079
77616
77755
69419
68954
98573
63275
13317
46334
40212
38986
71447
87166
87587
4260
22575
52255
32794
29743
34541
90332
39884
96391
2574
54452
10628
1278
70061
81400
72924
55786
23462
12357
56451
33638
13014
17904
50954
93290
88203
22600
85604
18710
1186
6767
93259
71941
47994
39171
137
15040
36805
99673
2428
13877
33710
93463
92271
69778
13651
64333
96433
93730
74284
69375
76036
88354
83828
94297
24188
62216
73786
23540
66216
14838
5039
65749
70360
73295
69879
59555
35073
23798
79429
64476
94197
79037
86758
55581
50971
82187
9263
70969
51149
297
45057
9523
51264
38555
96856
8364
38490
49594
47710
24017
9300
92658
95832
93355
27794
4560
36789
83597
15271
67129
74494
46683
9107
25836
81189
24997
62950
6572
96304
29518
52727
15346
36730
75662
36581
75505
24898
47962
32799
68386
25822
16353
14992
50653
81783
653
18372
76672
41050
65446
61015
97872
75555
20424
68012
94880
85165
49733
17414
15912
61273
53909
98591
74737
38227
10188
24758
3882
72987
84499
6390
65199
54636
22621
44935
24522
87556
2571
96402
58062
85910
66387
64268
71550
4593
17990
57979
81622
84273
25439
14202
91588
43533
59198
92082
54364
54082
54670
75730
45373
53489
14753
87439
43005
51648
48009
636
79922
67128
83474
86656
81598
32897
60048
72
49655
80209
39235
10144
44967
19069
58115
40341
16858
87435
84658
9380
68721
82352
33182
20593
92504
12943
57290
63351
55265
93023
13420
63938
77970
50641
4718
78465
57925
87968
52058
46816
21819
35037
74633
20856
25889
87878
88237
10362
47651
56033
68221
89125
98548
68758
30726
44400
110
69493
28052
11291
24857
75738
84550
61886
45210
78725
24714
11668
67610
89321
50037
24864
49346
52820
76572
86712
26304
13901
10524
92869
56182
9708
21939
70629
91631
12985
28750
6247
21170
43152
87131
15365
49713
37165
23453
50086
42902
1480
4379
64469
72618
91935
16367
41803
20060
30983
31821
58800
70108
53479
43815
22474
52626
32102
76983
61106
64631
14323
83857
2743
66362
80798
26506
22669
62721
35271
96204
45055
84303
28397
47359
61648
64734
31110
78106
28550
86439
64116
99748
30834
94840
66909
77059
65012
38828
55823
52703
53771
93363
80417
92219
62780
93547
43876
47299
34468
16939
51391
47447
65642
63685
53979
37690
54264
30703
49442
70917
16512
41026
93926
98466
88313
69154
31666
47480
25395
74323
40910
53000
46349
49145
67884
64259
97398
10673
19954
7799
83782
16501
31450
18051
38251
69081
20770
83072
61496
66930
9138
2938
84105
6810
95140
50895
18329
48131
38839
31869
14677
38463
28842
92738
191
52798
19422
67817
68450
38497
80146
17547
49164
91035
50824
83744
42890
87909
40765
71117
61019
14547
93551
92883
90101
46484
9112
4394
7154
28401
88369
1813
51157
89326
6582
43491
5119
11313
83041
5468
9610
23988
32914
18562
11039
1585
82134
39452
91700
43612
6853
35485
18827
41447
74777
29409
67700
26957
42008
72432
44054
93079
38333
47565
54450
24097
47004
82002
64589
54542
62479
50064
21166
24356
96692
84630
26774
46784
20829
73186
82891
54829
61814
10103
19328
5117
51861
18550
42333
83308
50065
68976
20674
43752
78818
88356
44799
43763
15096
14249
52582
94657
34780
66844
89928
83893
31219
9602
12004
51128
39830
42060
3766
3391
25063
79668
28028
86183
44224
88919
61904
35428
6043
31371
24068
72355
14181
71075
98442
92030
86936
3352
85363
68105
3964
43247
71304
72044
14165
3610
58781
22413
15323
37895
89054
62975
37252
30334
43336
358
91176
95565
51120
83541
58282
60007
84440
83870
88219
53383
39001
39802
81988
53310
89688
92
60950
22605
77215
6599
32287
5697
86063
53741
6451
61781
78095
57184
51199
43191
62982
78422
38706
78165
46872
1484
98232
51136
59068
46044
92684
78911
86768
86747
18384
34905
82780
33073
94437
15885
36258
33125
71423
33725
41887
16344
95562
71563
90284
35099
27631
21601
52497
97884
92218
67423
17454
51910
4052
48800
67095
87544
93617
61322
96472
98925
97019
68683
36669
33322
12130
88029
27970
33843
25688
51162
97911
64427
18770
9047
57161
63452
81269
81730
25274
79042
66324
70431
32265
86363
1739
78519
20446
61157
74516
15941
52787
85270
89728
5130
54130
71350
55959
31550
73393
63443
44460
30066
59571
68213
11387
60744
41621
53247
97816
26445
95278
24396
54507
44981
90785
47505
28275
50038
82358
32351
82528
57106
21369
91999
28467
40730
45541
3960
8144
69817
21891
38383
89322
96952
93934
50152
18558
22010
19019
4321
32289
49937
25113
79866
57765
10499
13359
70455
30734
53074
67421
83794
99701
71393
26048
36184
64205
29074
10265
4672
68071
48557
10614
18504
73903
6262
337
17415
18138
94256
75675
49317
92315
95048
3826
99295
86058
65106
31454
24287
70895
88008
16077
5609
5318
61202
59551
22385
85126
5568
14678
71443
28858
21106
33419
40152
96313
92714
91203
28162
56772
31745
19096
26537
27575
86074
926
96522
42992
39030
80110
61082
40502
11308
22857
27326
5228
36590
62746
81154
45885
43439
50309
65492
81441
33619
96019
60209
11345
11712
7443
34978
29341
24939
83766
59152
18085
48808
70429
82088
93882
59748
16287
23223
34699
44964
36319
1039
96102
74158
64281
32866
12291
19536
63775
42478
38080
17266
83441
71223
73583
16997
14079
9495
23816
18352
88955
33505
30342
51398
98020
49027
3899
1591
93749
85915
66270
89911
89042
95473
59995
44229
73350
61449
87728
81037
22035
11412
93030
92260
59288
36831
95670
41657
54536
51465
42318
82317
79679
7813
57752
27882
59429
9247
51784
47293
29794
17054
68180
49401
29435
59057
31642
72552
12741
87020
13762
60800
15008
50835
90537
16885
65805
92709
56642
67445
10637
10360
25528
26352
75087
56929
14453
95255
67309
74157
85211
47462
91726
71718
15501
53841
83198
15656
87666
60871
94038
19343
14394
55015
54711
52195
54163
51041
15751
99457
28213
74004
63552
97194
32758
45203
75359
93351
4404
96429
17393
50389
25552
18498
6588
12602
28323
81465
13458
15934
72238
51252
15127
27352
62299
99113
84582
16742
6605
9445
52518
37203
51480
39430
68896
44687
98554
99177
54218
31754
41014
20229
57240
9028
25502
12159
21476
7073
63000
3719
42064
24089
64109
27268
52666
87017
17043
20987
92136
10505
76691
14630
54109
78453
14857
39850
44750
16384
21789
62714
40988
33310
82575
39360
58235
53421
44199
7336
92150
42874
15962
56034
83281
96323
47302
97379
33764
51109
61777
68002
38795
15861
70927
13312
61152
32080
18786
52268
69301
88671
63619
47578
43246
72670
21507
76900
41576
64826
65290
54899
46684
54354
69969
71437
9923
25873
97072
51028
1142
67126
66501
36940
49661
97471
6294
65589
10732
90872
73078
79005
89904
84462
26461
83649
36113
41398
92455
57625
13376
12127
63666
16255
69350
7815
62878
46516
60548
40962
80584
28653
8562
92071
9788
15867
9969
70847
9829
40005
84936
81613
4875
29088
11536
72533
1506
45876
68584
6321
7220
9516
4714
28612
4933
39392
42358
66405
87858
63956
36468
42618
40440
22268
29451
1336
7376
85623
58935
63541
76798
30539
18383
16184
42233
1842
42213
26576
81855
5642
30125
69715
5622
65120
22553
47871
60719
3629
81805
44111
8524
56378
97259
20146
69395
79534
55225
99885
96622
1009
99623
34729
28747
58392
44158
79856
21900
56379
49658
41537
33862
60250
65857
31215
27160
6579
54134
41509
76494
37280
7730
35365
56761
41713
38346
41587
57361
18684
44858
76825
9457
53243
25646
32418
21272
12702
40480
29876
88064
42674
23255
91929
34201
62795
67904
53992
21967
16530
18899
9899
55466
91857
19306
34420
92559
60346
42699
69695
69975
19136
41905
71161
41353
90846
24175
18738
2461
92787
62264
92685
52226
90021
77564
13288
60897
78390
3351
55629
79538
30526
33147
25431
70246
15485
68728
64207
18300
78683
82735
79742
47764
52841
56654
5052
9250
29311
42749
56316
18760
42201
94302
44044
63932
21001
54718
9830
81254
33647
12621
29508
52654
53403
65281
22009
74622
49033
10610
32742
70373
96558
40686
85154
37729
74950
97023
66771
23384
99254
12093
72969
37849
88210
21673
45889
83298
61010
70525
12
516
12785
59418
70991
38911
15003
20071
90205
42875
15431
91553
7906
23247
22150
60366
57408
47870
75679
4842
64249
98590
52711
60125
76425
88107
768
3005
97614
79956
42697
41172
5958
46945
30630
92788
60601
99871
6812
410
97265
39157
63989
52783
96873
55436
96573
69880
13717
12326
69648
5618
81933
335
26606
45532
33962
45504
79589
89639
67475
50282
90239
26458
53911
45568
23194
60119
38581
62649
44844
80506
44353
62847
4479
1101
57424
89919
53986
56223
58064
67833
70067
29919
28357
85874
93432
85304
32873
23648
2151
86500
87342
37463
55056
74411
64405
6394
19022
74315
68640
41561
6727
33861
42700
39732
56550
9543
6369
82345
75487
9411
33715
16900
72685
89357
49169
2261
99607
35969
68252
72090
45
65699
13405
96356
10676
83103
48045
56475
43946
58736
42646
3102
52880
21689
88705
94049
19241
77620
19027
13343
62832
53503
79001
67326
62570
12755
79465
96470
88536
69035
51289
81256
45858
75865
13880
74076
77517
52012
47704
95359
606
2303
97098
5142
82597
10488
69691
13034
25665
670
28193
71564
34329
40561
18564
959
27931
20132
5249
88654
48473
34151
95159
21171
49506
76645
26828
47905
36599
67499
21855
84694
95458
51833
53564
57474
33265
81356
27923
33698
70757
30190
30711
44248
44535
39749
74199
82111
95307
34747
53918
8975
47639
11244
53991
29410
45217
87241
23015
5707
21970
94760
43906
13669
95496
2812
45482
69998
72569
88168
19988
21325
46846
97661
75831
44636
77036
69067
49000
55376
76918
90788
28869
34385
32812
16582
38545
79509
13401
65333
13557
51806
16915
53294
95874
94183
14718
35115
55534
36111
3081
78880
38442
97294
56762
74701
47532
69298
9876
90058
34467
18838
85419
71087
28330
37163
41533
53833
71095
20504
97811
82087
16922
2129
88038
80534
33298
89958
13006
10599
5790
52925
78064
61458
31629
40681
19003
95880
8892
91899
38078
54741
29992
21637
32691
32458
99019
8654
65287
35840
43468
76213
84687
49806
69185
74372
90587
9376
33758
4807
45692
63778
70966
86753
52682
90202
6564
9819
83658
94741
47375
22449
34364
55828
7949
82577
95147
44153
62987
98448
94771
96642
34339
82620
50977
91243
94164
92195
24791
9646
16754
43315
55240
22428
45617
72937
70152
10604
2501
38492
96821
9122
31941
65364
16678
59830
57573
5203
87209
90174
54979
64856
24327
63505
55885
50075
20615
63442
24613
69453
12488
66599
74568
20732
38694
93404
23793
72449
60692
51981
73374
17760
18196
61221
56069
13558
595
50734
95439
17193
33622
33266
29227
33154
41128
62929
35283
20372
50353
58584
97366
86358
64547
55049
11947
23289
30545
89575
66168
99401
2322
40853
23822
77470
70132
74716
67846
49387
84230
89563
54471
11384
77179
8465
31094
8397
33385
31270
87623
86555
81073
23412
81346
59160
16710
4522
33616
88583
58283
20383
97546
88370
8240
25647
89174
28092
1827
26975
79417
39791
24831
44477
49821
25068
64802
57567
29826
32154
12432
16566
93043
16993
66300
88211
38472
15865
43147
75028
61695
92516
85293
26384
52331
73116
91205
20524
13667
37243
94208
53691
70325
89439
48233
86177
74003
61650
91885
30173
80722
76194
45492
68050
22602
12717
80675
38917
71148
72903
41351
96749
54256
34204
41493
61086
83621
95931
43850
36389
96641
48263
3852
3797
30330
24470
71104
71259
66359
96710
65328
52283
12192
67408
65839
28756
20685
73239
1097
23759
7221
68137
27002
74969
34271
28076
94614
53018
91325
9413
24978
94097
88027
42242
96756
69958
88295
84585
47422
35585
80817
82197
80931
39393
27045
55424
85484
28520
44633
70180
82061
71997
34100
49799
92899
98818
92595
83631
37089
10777
25896
4564
9904
10363
26107
19101
46799
85774
88429
37821
90992
43926
59916
42944
42323
52619
19999
62824
36714
52665
12603
74264
40590
37289
42122
65548
31551
34096
32687
84645
37697
73593
75366
57107
50212
88308
17212
69551
46067
1406
13666
95412
98777
31099
43470
75230
53299
24233
96241
74922
3771
80566
28003
9197
92651
48637
94690
57364
12923
96951
61465
38222
51192
74035
5488
62807
82825
70907
79445
59444
5437
17511
66995
45604
59298
29791
32438
91129
6559
44703
77397
98955
49276
24071
62781
20850
92663
58840
22979
77339
84501
75
33958
88153
4032
17368
96742
36791
84016
2011
54549
66999
19250
57234
30621
43591
98658
29448
46384
62015
16600
28077
20692
44194
36973
75055
49742
46984
72750
69685
8660
78534
20297
40285
90055
75713
78594
23041
20439
53483
47385
39657
1790
46068
82847
64489
39982
22636
58872
12989
11778
88900
21704
46015
37192
22196
81581
69308
89708
94624
23542
27692
11564
36203
31672
32435
89780
70550
58803
43039
19301
37384
40174
111
24601
62001
4246
43041
62340
5776
45765
74010
35007
9693
93400
37231
44262
92780
8827
31500
94205
93781
7011
90458
4222
59754
83280
59035
50096
95778
68596
40253
30898
41281
78059
25245
10170
73683
18285
85573
13779
15157
20214
98252
59909
51749
53514
82330
11071
12945
80387
82118
76294
10647
77800
58333
34219
78943
56
24540
75390
93021
33243
56155
61613
20361
30615
34986
79958
11907
96786
6787
92441
52256
83638
243
12340
64226
77997
28860
12975
65723
18934
28649
41247
601
34451
42951
60382
49795
69851
93323
48377
91037
76669
2674
46514
56529
94292
23990
15736
27806
74173
43424
46263
49875
74365
29719
27719
8064
44825
34270
73936
59407
43339
10868
60934
64787
58794
63584
17878
51210
91596
49925
66279
18931
22210
5658
96061
47457
13246
2560
52923
34215
23531
19085
10677
360
68843
41429
20335
77828
93601
51060
27073
48219
5332
67257
13183
40139
67970
79838
40030
10982
17237
28580
35201
61662
15913
87455
11200
93088
59868
50079
64009
93879
89507
78697
33574
34885
78580
28614
26315
92449
49493
93621
52855
69811
37841
55573
50447
5242
23839
17756
33909
66836
99535
10762
28209
23513
48731
15304
90593
87559
65743
32073
92412
53725
24986
57855
7956
42575
79961
96794
61908
46642
89144
30151
67701
8513
13010
37233
50485
36593
92208
99861
97971
13438
64500
10249
99407
1615
37785
83863
72063
23188
11485
3498
56803
75077
98584
93161
54152
2538
99598
80941
75740
28180
76747
70290
80752
69158
78126
60596
44834
10533
78957
23127
66299
5230
63974
79381
63165
650
83987
78861
80607
86067
95072
38198
68867
91227
18946
4641
80268
41843
87653
82065
97271
38634
72774
54514
94998
72241
41702
10072
89578
78444
38814
70168
6891
88243
56203
21056
20110
77789
68606
97182
79614
94804
95190
75034
4559
91238
26821
91058
41
94061
12403
57935
29637
79191
41217
61664
26072
29994
17180
41321
10977
78702
17509
11310
67306
11622
99752
59667
2546
75795
28577
349
43436
88920
53828
76796
78297
4786
76457
52403
42526
15272
89737
84826
33038
74669
61115
25711
73174
26550
10772
4726
94983
10311
34984
83805
20823
66398
94104
70531
47694
28886
39224
38528
66244
89668
11493
34474
29220
62241
89530
83348
82908
97128
67544
93704
22680
92545
99573
69834
28673
11561
44899
1098
30952
81391
9290
36007
80114
53168
88464
60673
28621
5636
87874
96298
62767
13215
41921
4857
10448
93633
63409
3180
81601
45243
52061
43380
92999
84018
78507
2421
82960
80786
21536
99241
66633
73086
66611
32669
48661
84593
84620
49215
70761
95308
3182
89423
29965
1066
47554
13506
24302
13133
99267
1735
109
58479
71454
23003
25940
91443
2174
96173
53987
79532
954
97107
14359
80942
13881
4733
28412
52026
99950
72139
59815
84906
70989
21686
41088
58642
84747
33559
30418
85118
34491
31199
66528
92032
90673
15573
32591
68395
65830
11818
90758
88016
88288
49374
77723
46130
92255
33134
37112
54066
34263
63317
15893
72499
47047
51569
77184
50265
20409
6584
82659
29296
77869
56826
79945
59295
65141
47669
96224
3722
6881
16284
78535
39101
13852
51864
77651
16261
32626
78236
31325
89742
81966
50451
11142
14200
33398
83261
75279
91741
42945
56706
14945
10608
23860
34202
69676
32681
93894
49657
64001
74187
29536
83550
56326
58364
37744
10300
98472
77228
93275
14048
97030
14538
74304
64092
82145
35111
5293
59525
19623
36153
38064
3579
27389
79791
17808
784
60383
22247
15906
86173
5324
44329
48574
1618
77092
6056
59585
51582
81207
98185
15708
84951
43359
58620
55805
1240
36545
69877
6886
18785
4890
59632
85949
56260
69800
82236
82223
59808
3318
15204
80859
94173
70222
30762
91910
93344
69426
27530
78291
82756
64752
40184
28929
71525
81117
57468
27071
31252
74469
95250
40472
16958
87375
43641
11219
1581
93984
5795
99370
82025
84830
66605
55529
29457
66679
44011
58930
72871
52662
25560
20234
35284
8950
58129
87836
68912
63997
57709
91013
16766
93141
27367
34128
79769
85516
27021
23712
95554
1271
16515
60674
18604
95426
25252
35635
23152
27626
43317
89396
49654
93260
39067
71488
53350
33837
97598
10686
50918
14719
68048
28161
96518
20676
65603
76571
23945
75119
82604
95063
10165
90886
43716
95812
27567
94827
69898
67498
54111
35305
39013
89276
15872
38722
99691
18447
74194
12146
88831
90976
96932
66100
73179
60834
49788
10129
92535
75547
23876
55975
11745
95179
51621
679
99504
37350
48293
2369
23144
71186
26765
46673
58989
73154
57119
81603
80556
76488
65604
65605
12255
815
95573
57562
92998
90580
64367
26733
5527
44281
89282
61952
48418
98234
82459
94735
89294
83911
9993
24018
28579
70362
52957
24404
7352
86095
77056
31945
164
71381
67135
22844
81326
32887
42741
63103
21928
45859
54464
90697
25971
77308
53285
25144
70250
55912
64873
7859
80061
29658
219
33719
99664
74196
47207
49163
24266
20904
85442
42792
67634
3152
63298
19293
39883
50666
49602
80115
98652
16228
19629
41815
73845
83257
35850
20115
71490
5
25034
40664
94743
95557
44396
61162
12208
52133
52808
80461
95033
40438
49529
58953
82100
73565
95896
22140
90172
36252
28857
13117
45245
29566
47616
92183
19048
97211
69062
72316
57677
89052
4799
46732
57313
51549
70875
48537
29751
63375
68804
70616
84066
51933
25750
45005
71703
202
98303
80092
28697
46828
3387
50646
99420
40027
42393
9358
68535
59812
87382
33650
68178
39514
50123
2107
59058
55018
91578
88059
95843
28959
94301
10899
77853
35422
73473
44408
86686
47039
17885
60829
25842
33280
42112
17274
25775
43011
73959
31031
20220
10954
9577
60469
87522
39643
88161
86085
90234
3170
81524
33492
96942
54284
50105
32100
4039
63902
85505
5554
77607
5074
48422
78010
99566
80957
3251
49006
16225
9687
69614
76932
23941
83503
51516
81155
4008
57869
42690
43704
55398
49277
92758
75018
42602
8480
126
11957
5238
37440
74125
46792
91640
6813
32386
41325
49973
21282
66959
32926
54722
95558
38865
78449
18422
77793
17428
82661
12618
20610
57957
47265
10079
70073
33806
43381
49596
7342
33987
23422
87279
24058
49214
29036
62129
35017
96674
43322
80875
50908
69078
22238
6634
19349
90189
69133
16413
89162
46707
73535
13397
1978
5221
74519
54379
28114
44267
36968
4159
73989
50987
81257
32610
52424
61756
3543
97386
54496
23567
27854
75657
32627
92754
80141
79477
7798
52033
35307
6550
36937
49949
84725
19312
24106
90387
56923
49583
56476
39524
47463
94636
50780
78638
52573
83066
10877
38067
55320
33092
29343
128
75493
27209
51349
10490
92191
26174
41191
19254
57860
33117
7392
99763
63760
82291
3677
39752
53863
95954
28671
50283
91003
97808
5758
28376
64288
72563
93637
36500
37374
45883
3490
45737
33002
19310
41216
1567
97599
88366
78566
65887
57568
47682
55780
64035
75242
87170
18581
58317
19196
54457
11194
25082
9499
24024
94739
6758
66286
43407
71904
4014
1498
2728
98768
96005
701
60363
35541
81746
30010
88361
71668
43125
45011
20185
94367
91517
79582
64140
65450
77831
7076
4484
603
96151
72857
67750
30559
48258
942
62211
79050
8833
78521
82993
27253
54638
18834
76343
12354
72609
23728
33490
72905
99449
3131
44021
11117
48590
58725
20173
67019
59055
66458
67097
81198
92761
49576
2795
27839
79915
87668
95953
62657
85531
24316
18083
99418
11875
28396
15152
79756
61244
15251
33936
68575
55278
92377
21510
32083
13268
89662
74049
992
25614
63092
82927
23105
39505
74134
71931
9461
50827
18068
39037
80323
69932
34899
50658
95298
78462
81260
75624
30529
66875
14897
27015
23998
30548
21706
12648
69599
21044
59560
24638
73905
48312
98956
589
56792
14168
25917
68503
83747
96845
45487
49609
44733
58390
35288
72728
91120
95722
46060
80066
66043
90823
18183
14698
30300
48041
33105
48815
11006
61149
53450
6808
44659
19188
43834
89766
93670
16017
95338
99403
41689
15894
91757
59974
15081
3796
75458
33230
2354
35620
98202
86648
38775
38726
75315
43489
33173
94892
8793
52840
24143
21964
3779
84146
21203
91201
58734
69018
2379
37076
73476
6922
31978
47918
95693
30180
26262
17822
45430
29489
90839
91081
92306
95406
76948
29504
4022
23841
93134
27478
53322
96727
72361
11890
51389
45538
96598
9363
2090
45977
56004
66207
40453
81018
67678
93646
60428
44600
73276
9902
9533
7637
59642
3280
20128
13671
22191
29930
39969
5223
43264
76814
10123
82571
49814
47011
78368
90164
30347
97537
27208
58192
45128
45421
75517
23506
46045
29629
31767
79848
17679
77423
96243
42210
34728
36811
68420
82092
58790
65718
55416
62997
72842
11005
84348
51765
90721
69398
76366
46832
11021
21765
83220
55680
11757
30562
53228
93916
16161
68093
66257
11686
55051
48279
58890
85023
54913
8865
32223
97638
60779
17751
27814
17407
33700
541
39251
71729
11227
54029
72420
3441
21380
84096
922
759
7732
35855
40120
88306
5019
65340
53434
2688
76979
80653
84746
49636
67814
36346
65386
11120
71024
69041
38565
67068
1948
52553
28803
40208
42450
39920
95516
7767
56259
54936
88924
1998
84656
88781
6963
80903
78741
71908
86368
8550
65099
97834
95401
28554
5787
11539
29282
58731
47928
54470
49203
77807
25414
13074
68255
4374
21684
44341
46243
92610
3574
84840
14441
47354
69410
61561
17030
64407
6163
58170
3394
59820
47050
52237
27280
92770
43482
7568
53386
31022
99828
79336
33773
89903
51489
68436
42851
28897
14246
65990
16767
8367
27354
65635
64553
34783
38290
42255
8394
67138
35094
45543
62022
99694
87289
1819
47338
93148
13273
84233
9660
60305
47881
88448
38158
42385
7925
59822
41130
34888
36073
59311
4645
36584
30475
63451
32779
35246
16514
19733
95672
27177
66792
57968
90155
99214
16757
75728
38707
62465
40777
21719
2832
64911
3146
42589
84512
87722
68196
91026
41998
16628
33572
97744
57436
276
45142
67281
98305
1689
23924
96467
97053
30690
10109
35587
74936
68206
2362
37606
97240
72215
16149
53818
39011
88650
2762
85092
86724
97345
94674
19432
85658
9686
38209
15623
36086
87236
87777
48710
13166
64343
3453
62538
5100
36242
25064
77536
3439
89970
823
22371
32628
94785
58504
62476
30991
3042
872
12735
80274
97929
3563
22733
32375
25108
16954
51726
40495
3118
96782
1352
50849
580
92417
24555
99111
73664
91334
96860
30345
98657
82945
58831
73227
36651
12666
13124
29166
77334
86854
91264
40691
82478
82357
32988
92955
32424
64984
66367
67012
24862
4797
19255
74602
86070
3542
48425
97223
53423
93449
7125
22312
4765
19065
2797
17603
34237
95592
84610
26898
33614
8469
79898
73908
46404
62913
36861
9882
69206
32371
82268
55383
9541
40360
9862
49083
59749
10196
75976
61383
81317
28609
77019
83471
76768
4289
66349
99978
15447
11964
53303
92200
37616
81798
84415
29713
92339
74048
48966
28502
61789
59778
18020
34967
5874
29903
99819
93064
22893
88
71797
12641
22886
56705
14173
1600
82788
20194
32389
90602
2593
2732
85854
69687
27064
63267
62835
98443
15043
5699
91392
38837
43114
1845
43309
79637
36286
83532
67949
68453
7495
42946
20286
70829
32502
13536
98056
42267
85519
87526
10234
68072
33440
18310
3203
73731
57
26754
22856
92087
59840
56554
62897
44252
56915
14803
76172
21718
18116
82710
65033
35532
77132
340
20773
30374
77115
489
24479
73344
23579
15400
76050
46165
33008
38239
24732
80332
16601
1593
90798
24645
63741
44426
6178
8363
95616
17375
89907
62291
18061
35490
46868
3346
40350
34211
98379
97148
75268
89544
52009
26185
30372
58893
28375
14976
75086
94947
7385
54647
67314
91333
20588
47461
7975
87313
69730
70251
73519
17890
79854
40511
38786
37250
34939
41980
73924
29281
66882
3078
60892
39856
36431
8558
45697
11121
10511
20212
77608
9540
895
95425
44925
40407
59877
56193
58787
76698
1826
49580
86442
60753
1261
78726
19510
56509
70990
27805
75088
37278
66202
32667
24331
26715
68772
54199
71349
76125
154
91370
15375
19949
76176
11292
3372
80649
84625
74019
8784
1044
77342
85659
33724
12164
30029
52964
29870
53205
87262
39689
22374
31296
52414
98773
24709
69772
51238
81121
46145
66403
62044
18960
92477
89859
58120
49052
27557
76762
22540
94284
55940
3332
54797
97233
50970
61468
17559
33101
50771
75788
42976
83932
96717
29176
33951
51464
47366
75102
97477
57596
93854
50043
39002
95967
91192
99468
29035
98316
25588
19434
55101
6815
34155
22549
17844
99005
26484
52002
1338
37764
86264
4273
56812
73648
15726
42088
38004
39283
37358
24801
81794
49947
79946
82455
68321
34920
51824
12753
49924
44792
80657
81892
72008
24104
65679
7066
49901
818
42258
17827
26105
14326
63689
25341
50950
5775
20871
56128
98610
90411
50604
7099
19868
1084
49394
60016
49287
89999
98624
60114
81234
51787
84787
71023
82006
79066
42622
97666
7744
28526
47671
57071
84086
42491
26483
9244
38656
29838
