XVNHAT8Y
681MUK73
4KNVSD0D
H0U2CNI1
G6UZEW12
LS41YF2V
3CQA3R5E
FKQU1R99
YCZ0JF2B
5TXBQQXX
TU50VDCS
KBIAJXXE
S4BOLS80
I74OO3GF
XVKXEHB2
UJVOCYWU
LCETA564
9L6IY4JB
BFK01OIE
CN3QTZ2L
XMJYE2YX
N5L9R0DZ
KO7L2NAC
PJ60IV4T
JHP6AS1P
RS4LRNJH
VPJ9OWZD
OCLBEENK
YLCKJ082
GWCMIUA2
WT6Q9YGC
QNR1KY2F
32T5GXMS
G6153TVN
PAK7CJZU
PF7QK2RH
OSQ884ET
P7SAEQKK
4O9L1VTY
0S9A1FZ7
V84M2AXF
N3YER6TC
E9K4B49J
UEMBKI9J
O1DIEL2I
G3OYHW2A
ZUEITJJ0
5R8SYJC0
OOL3RT1K
S69WLG0A
2ML4LEMG
YOF5KH6F
KWW16JNI
6SUU1NB4
FNQ4BVDH
FFOM3X2R
9WXS2OG7
MWH8WOT9
PIAJGUPG
6NZAOYON
1AD46Z4C
Z32Q7KDO
45ZWCMGB
UMRK9A2X
F759V8EQ
352AJO8S
650QLQLX
MJIWIJ0F
DPHPJN8N
INPI2PG5
QF7VS2XV
AJLU1SU8
MIZ0YI1W
X9YHVKR4
HXRMNPSX
ROUFKWEU
349MAOMS
A0IMIZHH
ZN028AOS
W2POH9GJ
BRITJYJ6
6NNGWO8A
N1WL5MIP
AOOIA3LH
5EV5OZBI
KLIJ53SO
4C86QZEI
76407YNM
MTXY72KY
KLC6I3PL
4TID1PQD
RCTEJDEE
FMF1E6BJ
H1DV6GGQ
7EKV9RNR
4CEJN0AR
68B2ILYA
E75OLCGH
WKMDUE2D
S4SJXPXX
