57068
4000
599
41083
73557
73888
95233
35434
48867
18511
46700
56030
80736
44957
24417
19275
77488
47852
67467
7133
44793
37393
83585
83403
55424
81497
97487
80380
38846
26375
399
27292
97569
21815
29860
11815
40144
41726
58361
5954
69178
49997
11187
89673
92734
89105
55489
49818
74373
6121
59584
64231
61514
55022
79978
73740
71497
30881
26014
87673
77075
27821
12444
28633
62997
24856
59463
24234
12750
38337
68169
45660
6909
66065
28878
96970
22628
39454
78239
5478
2548
4804
40980
96804
44598
63455
9111
92795
97095
70776
94855
29397
59353
12381
37853
67777
94462
55252
10834
53100
92764
21904
79878
43785
96146
20678
28581
59122
76727
40536
3648
44162
33491
61639
64848
30795
30570
37055
63541
92852
49622
88350
94803
77041
63885
55327
95631
45050
53558
66969
51979
13500
94379
34891
42664
96068
26501
8022
59429
31169
82239
27407
75608
35205
19897
13234
88792
7486
68349
72034
26969
61110
55013
32923
35606
70227
19918
21758
39663
86217
65868
88989
66178
33657
2708
61668
40143
91998
95305
52091
2063
19364
582
43919
71880
79086
22094
73705
14238
91901
76544
69887
52007
72075
77988
64756
75823
74125
94284
52428
40714
12051
96128
58801
44693
18235
28242
73980
91789
56373
77666
51765
15154
31133
56346
55212
94389
88686
12101
7842
42846
18959
54120
96176
23596
78535
67469
4890
56558
94035
10199
76683
57418
57567
27554
478
22265
4318
66772
97235
88036
50367
82653
24076
69046
39029
48349
77351
50286
96317
66459
39605
43128
67407
84397
79180
68112
21636
46690
61557
61983
74055
37756
77331
7380
35304
