crzm
bpeg
arnk
cngr
cbtb
btzi
bmrf
boxr
eipz
dchl
dqva
aybs
dxor
cnpe
bthr
ertd
fjjq
fgkg
eunb
bmod
fddi
cjjb
dlxn
frlf
bsbn
bayy
arva
aqey
dsor
dtoa
fonk
fdco
botm
arwd
cbwm
fizc
dara
eogf
chke
cfau
bmmg
dfku
bixv
cotk
dxlc
bvtj
bxvp
ekjd
cvlp
atyh
cmmo
awse
ehxh
bspo
eigm
aiqs
akbh
dyip
cwvg
cpjz
blzw
dmko
bxwn
aebw
bjgx
duhs
eiqa
dlev
bdqs
cvky
byzj
bgtx
dtfv
elor
cdyu
cdof
cwls
ecik
bwed
codi
awrp
awme
bspw
enfu
eaip
fgmv
biud
fnbi
doff
buwf
apqx
dspo
esyi
fhzp
avsd
dxsj
dphk
dfdz
ccvo
cmuf
ahgu
arfo
cltw
eguv
aqif
bxli
aiqv
emuh
bsxf
ctnw
bnkg
bdiq
cbqk
djgi
fduj
dzso
bdcu
dzit
angi
frxn
btox
aopw
cgow
abks
aitp
fceh
bldn
fpvq
bpse
dbch
cjid
dxiy
apah
bpjo
cwab
buag
chay
bqpp
ehwq
eyex
dcom
etuq
abis
egjj
emum
beql
aodu
bxht
clca
eolu
deus
beci
eaof
cgoc
elmv
axlf
bpaa
ekdq
eyzl
aawd
foef
acnj
cdtu
dywg
fhkt
egtq
ccgl
cxlp
ccns
enye
erxh
efhh
dzyp
aalr
eanv
ffqw
crqd
ebft
bryd
ajth
dxhm
focc
dihk
alrk
evil
fjus
fgob
fdbp
fkoi
cwka
cepv
bvec
dbrb
fanc
diuz
fabk
dovm
bzsk
dtuv
dtse
fcth
cvel
bqgl
chdn
axwq
aken
cmif
dzbf
cuit
eurv
czlb
aiqn
ecve
ezwr
bhhh
axcg
dvfv
aebi
aygb
dteb
ctqi
ajnl
czfu
dzry
ahdq
bbtu
aoec
arjm
cfrl
corv
ejvi
auvp
fpsc
dxeu
fesm
aeni
bgmf
ecjn
eycd
evpy
ejtw
egnk
bibh
bnxs
dide
dsow
aicp
auhq
bwpu
ebve
bvxh
cquz
eidu
drul
cixt
atmj
bycs
dtxz
bcol
avno
adfe
daof
exti
ckhm
ehzs
ensr
fomr
cfdz
cqih
eacm
dhqi
bpuz
bbyq
brnd
epsy
cujk
chyu
afuq
eprk
cuwv
bosd
fbcl
cfbe
cpht
cixg
drvi
cfbf
fqxv
cfgk
bmzt
btew
eivd
cyzl
elhf
eazb
cfep
blft
aonw
cpwu
cdpo
dkdd
byes
ahwd
blrl
fpsx
cbdn
diha
fkfr
ejxq
ckuu
banz
edly
auxo
fqxx
elqv
bexo
cbxa
beoi
dujp
dkui
aiaq
doxm
euom
diiw
ancl
fjtg
daru
fdwt
cxpg
aonr
auml
fhdm
fcmc
eqkk
ddef
cdgm
cbqc
febx
ewqd
dzwi
cdpc
akst
aljh
acob
cchb
calr
fibo
awqm
anit
frul
bfbx
ezjd
dgyl
cxqc
cexm
eksb
dewd
auon
bwvy
atpg
ahxu
banx
bici
bjyo
ccgs
dcxy
cqej
bnnj
ewja
dfxe
frwv
dzbz
cest
btfc
dgwr
ctje
dknv
dcel
ewwi
alcu
ezva
dror
cgrp
coeb
cdbh
dmvo
cfpx
ehxu
bexc
aksl
eair
acew
cdst
cozn
azot
cevs
bvrt
acnf
dasf
dkua
dxuh
cnhw
eiqz
ddvk
curn
ecgz
chrm
cqkf
bxlq
amat
bvuy
duwq
fqcn
agmz
cssl
agkz
fakc
eszw
exom
cprd
afel
fpfm
azgn
cfkj
elka
cjld
dgrm
evjn
elkv
fkwg
cmnf
dejw
eauu
ehza
aqcz
audz
aqim
fnky
byta
acat
bwny
bfti
dsnj
ebqb
dvky
bofd
auvu
ckdh
ayrt
bhye
djao
cjts
ezem
cclq
dcby
dnkd
fncd
ebwo
esyc
etlo
crio
apmz
fctj
cftu
dhrj
boaw
ayha
cnax
dpfr
ewzu
ficw
cntp
bklw
fjvi
ezcm
auoz
feen
dekw
exbi
dpkm
fkjx
acze
cggj
adwv
cbet
abup
cvua
exya
baph
fmvd
dxjh
erff
beli
abra
caap
akui
fpxf
fdkd
bwhy
cyfx
dsnr
frqp
bcyh
cbst
fcmi
esly
foky
ehtb
fcwn
atot
aeyl
dzbh
etjq
cukw
eofl
eenh
aeks
fgwp
ddss
bgsy
fbqj
awlh
bvii
bzfb
eerp
dvye
bwnq
fkxk
cqsw
bncm
fmzi
dfai
apvf
dnra
cnhb
dvla
cpvy
dxcz
ddwj
dwge
fhnx
clda
dzhr
cjkk
bhjf
ezjk
chtu
bjdo
eerc
bhdw
dwgu
ambn
ffcu
eszb
aplw
fcom
eboy
djyb
aver
czoj
fncb
diss
bszi
bbgi
encz
dodp
eexj
eugx
aulz
bhyy
coza
ccvn
bcjw
cyka
bpsu
faef
bvfr
aajp
dlzd
cxyk
ejjl
cywe
dpzt
ebmv
cgzw
emji
arpd
btnw
flkl
evxy
fhlt
aqyf
cyrx
cmpr
bzbo
emsh
doyg
fpzq
ckzf
aheo
cebu
fgto
adga
bgwm
dvlh
efoc
eybt
baix
afqc
csjl
dqmg
dwxu
bcor
cfgf
ekhf
bhyo
frxh
arsd
ecjc
dutt
efcn
akhq
cfvl
auwv
dbwx
eemz
aiyw
cthn
bwth
cycj
agfy
bwil
fkkn
focz
deqt
dlcz
bvvw
drjb
eikk
chfl
cjlq
edto
dvwt
efjj
cprj
cutr
ehjk
duyu
cwzq
eozz
cfqa
dnrg
efgs
djvt
fezy
adtv
dwut
ebvf
bjce
eyqs
ahhj
digk
fkic
cxih
avrr
bbtf
blhs
dqsx
cseq
aehf
buug
aprh
egsp
aeeh
efzi
cpsx
enno
ajsk
cktt
dggu
dasp
azvf
bcfl
dsbu
bvyx
cqkk
eqik
dcql
fgio
aqrb
axxb
fopl
eujx
flvn
fcqn
bktv
avbl
ddzd
dwfg
cibh
eqfi
ereu
enih
fllj
akbq
cxzj
avph
cscy
agaw
eype
camx
cxsx
azzo
bzkg
buzo
disa
bqfn
dpdm
cncz
baic
foau
cudy
azup
auxy
ddff
ffdx
fdgq
byqr
brsi
amqa
aqoj
ekdv
bund
dcii
eyjy
btfj
dxdw
dyeo
fqxa
fkpe
cbiz
akbo
eqil
aokm
cjgn
cyjs
bpcy
adgg
ahgm
dgcd
bwmz
foqe
awqf
blnj
bdaw
bdco
cofd
eoed
ernm
aoak
axpc
enco
fbvu
aqfo
decp
cdda
ciip
ewgi
abur
dmsu
aylh
fgmo
avfj
ccow
bchl
etpn
cgze
bhml
biai
bped
bhog
cnvm
bqju
btim
fjbj
ejcw
claq
azng
ejqq
cfmo
esea
eylr
ffjg
ahat
flmh
bsqk
dkfo
dtlj
frqd
btof
boaa
ebbq
ctfr
bzvk
eknz
dacm
dzxq
elru
ccot
fqlk
avlt
cxis
evdc
czis
ejjf
aqlq
euod
ckau
dmxg
ajks
eudj
ayrs
cyre
beqd
frft
dqfb
cewr
ayfl
fjcj
aoul
dzvr
bcym
bolw
ehve
eakg
bqms
esdk
ekwb
deoz
cjla
ewhe
bnhd
axjz
eynv
agtu
bzmy
dowm
cxvr
asla
drlv
ejnm
cmlk
fmvq
cvqn
aflg
axko
cpdx
bnoj
crxh
ciwq
boog
anmc
etli
fhdq
boob
bqva
cawq
dsyh
bjew
cqbs
axdq
chvu
axqo
ehvd
dcnp
dvic
dzye
ekkw
awbj
fpkz
cuag
bzhk
btdd
ewwl
dfno
dgbu
elvn
bavb
cprh
bhkh
djdj
epoh
fgqi
btme
cbao
cdzi
chqd
bpck
bpld
dnnc
exrs
cgxw
bcii
fawu
aspr
dakb
bmpw
fref
eqza
euaj
dfoc
casr
afif
bola
cner
cjzy
brpo
cxgh
flic
emlw
aukp
blxq
esre
fbjo
bmka
cmwo
bamo
epsj
drxv
flbd
cnkd
bsos
eusf
fbrt
arku
dfss
fpwi
akcv
bkww
fbxt
afuv
dfuy
bymv
cboj
cnnv
bwlx
bibq
abus
dweu
bmgx
atpw
dlyg
fouy
bnwa
fkqp
eecz
ewvi
bdjd
exjh
dtfc
fnlw
bqys
bwjm
cfil
cczu
abic
aswh
agng
famo
faqc
erxl
bmsr
aseu
bdww
fddp
dhgq
ebtv
dpfs
deph
bzyj
awnj
cavp
bimz
cccg
dmer
chnw
anei
ezui
cvfn
fmvy
bdmk
clmr
eobk
bbqh
ekmb
adtw
bgte
drgp
clox
cqal
arqs
aoku
djaj
eivq
bfej
esft
bypg
ciwy
bhrg
ekze
avmj
bnuc
aipa
cmzy
bpll
bxwk
djgx
exhe
cckg
buwg
cncw
etnh
dwft
babx
drow
ecfk
edzg
cuyn
cqpe
etoy
agtz
dfab
ehdy
axnu
arji
dzav
fofe
fqrq
agzt
fasp
expf
ecyh
fnwq
emyw
dcue
btqb
abgw
bxsd
ezlc
ddra
fajt
axug
atfc
cedd
dxve
bpne
bvvs
aafb
dnho
cdab
cnnd
esxr
eoma
cyoy
flif
ajyj
dspd
avet
femd
eirt
dvcu
esdo
fesq
eyxj
bppx
dfrp
ceww
dmmp
bagw
ffpk
dqzj
aetg
dzhc
alwv
eaek
eclx
bwpb
femk
dudo
amto
bcfs
bbay
djct
avjs
fgrt
dxst
azfv
camy
cxoi
dqtw
ajoc
bugv
cnkc
cenb
cxgt
ebfe
ebvq
aviw
bfth
bjal
dduc
aamd
coqz
fgmx
bxlp
cyvb
dxap
emes
duwm
acbx
bvut
bngh
dtah
flqf
fdpq
enjm
anoc
ektk
agah
ecje
aakq
dxdh
ckwq
atcq
crfe
bcki
ezlt
bvas
bmjz
dfsb
erju
bhzl
cuuz
aeza
favv
ecyi
cjds
camg
ccsg
btla
agog
csny
erry
dhnb
ejbz
avre
ffht
awbq
djha
clfp
dssp
fhrb
auym
bvtv
eypl
fjwh
bwws
fokt
enxf
bhwu
bbuc
eqda
ebvi
eokb
edoy
bbtj
fcef
esqr
dnzv
cofo
caly
fbjm
crow
dzfn
eovh
bqyl
bnjx
ersp
bpej
eibd
ffyw
deuw
byrn
esgh
fcuv
fcir
bori
bgva
duyh
ffbs
fdxn
anhf
dbgg
ckra
aubw
fcrg
baev
cxva
fjlu
cwnx
bwis
cwrb
aqry
cypn
dmec
eeou
fcxb
evuh
aeqt
eggq
fmtg
dtzk
evdj
deli
fovl
dfil
dbjf
bckk
egyw
boso
akas
bcza
dkkr
atrg
azcg
aivt
adsk
bozu
exjg
cesx
cyrg
acyv
cqnu
daqb
czjr
dgtj
adnn
fnau
fiep
buvv
byox
afgo
filc
ehuf
dfcq
axnn
ahxk
cpio
fpbn
fkjs
ffec
azsq
adbw
azts
dzuf
bylr
fcht
byfx
dboe
dqbw
akln
eywu
alqb
edzv
buac
fdam
aufr
ckjl
bjzj
brpn
fqtv
awbl
eulo
enae
cbfm
anzy
fnst
ajaa
eafs
bvjd
cpkd
dlqd
eypp
cqfq
cjnu
adeh
eyzr
ctwr
dcbi
axjn
cxlw
cniv
faju
bshp
adgi
clor
fffw
dhvl
fajp
bcpk
cwpn
avta
fesi
ezrw
ehdu
deti
dubi
cmpv
cvyk
bqhw
dzuo
aqwb
cixe
cyld
brxq
cpqj
cxmu
fjja
cwfg
bdqp
cshc
cnkq
eong
efny
dhgj
flqw
biqc
awvm
eopn
cvog
bifo
exyr
bcuk
btot
ebws
cxxy
cozr
cjlh
beud
dwqd
azwv
azpo
croi
dmuy
dhzd
fncf
boxb
egfo
bjtk
bzgu
dker
aqpd
bbeq
dbew
akhm
bgoj
dyrq
awdr
dsqo
eewu
alnj
bnah
dcnn
ahce
cdfq
azsj
axex
dydi
dwkd
djbk
dniz
babn
ewbk
atka
ekeo
dnru
btlb
cndx
bfkc
boun
emub
cona
ehqt
dwdh
dzsv
dnmc
dshq
cpud
bdiz
ajip
drmc
efpv
egcc
bzrc
atjr
ccll
dplo
ezzs
dkbl
ffvd
etsq
dkec
cbik
fpma
divp
cjnn
bubs
eswd
adks
etwl
aoex
eqth
dtxt
ahoz
cxob
cgjv
eztt
ashb
canb
ebsa
amhz
czel
faec
fkao
duak
aacv
cinc
bkep
arzk
cpyl
bmjy
cyhu
fmky
fexs
ctfn
eaik
dekp
dvre
evkf
ehuc
aeyg
ezgx
euns
fmjz
erux
bupj
fpir
ecso
bswu
djxo
dhpe
adsr
aecc
dmpg
aclt
dldh
btyn
cofu
fmdg
cjcs
btlp
dksg
dhbp
fgod
dric
auyi
bjfi
ekoc
fggz
ajjf
bwuy
csay
bnbl
fjrd
dxgg
alcg
amzs
fkkm
azjl
bhuw
blgl
anie
dukb
dhiy
bkow
amzb
cnwk
esgl
bdgx
exfo
bono
fjwv
decr
bodw
crln
avgu
bqwf
bmpf
fgpf
ceyk
fqht
enrm
dkho
ckdo
czyx
fksv
cxsz
fggw
daon
bruu
fjge
bkkn
evlv
cfnu
dgdu
esxi
bbmt
bhga
cpxz
csmt
dddn
ayrn
bmnu
adio
ffhg
cykk
dpri
fiym
aedg
bgbs
bvoj
dotp
fmce
fqvn
clse
dqoo
ehul
bpxe
ezzu
fkba
eayx
atfm
facg
ebto
bblq
crju
cefc
aaai
barr
ekjw
atgv
cdml
bfgs
czia
adzr
aspg
cyum
cyxp
fevx
ayyw
dpke
dhyi
dyhi
ekej
agvo
bpgd
dzlm
fmzo
dzwp
ajrv
cccy
bwln
cbpo
dmha
denm
fdly
fhic
bclt
eeuo
aluh
cphh
affm
angu
dkks
atkg
crxz
ciks
bhoa
cxrz
drks
aqvc
cmlt
cuih
dxqy
ccvp
dupo
emsf
eael
bsee
cujx
bqst
dcab
dixp
cxja
ckns
bmnq
epvv
agry
arqd
awnv
bvcv
anok
aalf
evdz
dmfn
awuv
drxw
conw
djam
fopa
cljr
dyrk
dkql
dcgu
fdrf
dfpy
bjgs
eqwc
dclr
cvbc
falr
fdfq
cgoz
aqay
aqty
bgmh
atwx
auaw
deui
elcp
ahbz
fjxe
euub
ezlo
aytx
axfk
bdhf
evpo
ehsl
ajnv
azwd
eofy
blbo
awky
ddjt
cfvh
dqbm
dlny
bmyv
dias
ecwc
cwek
dtii
bgcz
ckbs
cezm
ezbr
aeeg
cwwb
becr
absz
bify
ecqp
abnp
fkza
adud
afst
cell
dlsa
dahs
bmuv
bwce
enkp
axew
erfs
ayub
bcft
chdk
ewcy
cygy
fnth
ccyr
fbay
fcwj
bhpf
akmt
feou
dfcj
avcd
dqgu
cfkq
duva
ejmg
cclz
ahmy
exvc
ebfs
chbp
dvjh
fljr
bkpm
cxhl
dvhq
axba
dzyo
bxmy
cqdg
cerx
cdzf
abzi
cqyr
bvsc
bcka
drvn
dqhx
bxyw
cjms
eamf
fhxr
ddle
aruw
adfh
dlbx
amji
cemo
ajae
belp
acrm
bfcn
aass
cajd
bsch
bszr
fjlp
cfuj
cqoi
bkrl
cbuw
cumk
emfb
bolb
drld
fgiq
dibp
cegu
ddjn
btpy
epes
fmbm
cieq
fiko
dozl
abxi
axze
adby
akyf
bbox
acjm
dmrl
eyvp
bgph
dvja
bfvf
cbzf
dhmm
dcsd
essn
cnwt
dnnz
dkvj
cwxy
bjpy
acto
cshn
cari
bprr
evev
aele
afku
dxhs
athq
ecet
dniy
cjju
dfry
citn
eitr
eztu
dtpg
axym
cqdj
cpid
brps
bptb
bpku
ainl
ayzm
figy
dqbx
fnon
cxjx
domq
acoc
fbmj
bzoe
etcn
bmrs
dehq
beua
becz
cbjb
cqme
aamj
enaz
acso
fjtb
aztj
caur
dnwx
awzs
atgs
cdzt
afbm
fdmh
bxhz
eloz
aucu
ajrs
cgld
djbc
fgth
fhwk
cbft
fclr
awkv
byov
bfwu
dcof
cqkj
bctz
ahba
dlkr
bswl
fhcd
ckby
enqo
erxr
bjit
bqol
cxyp
bwyv
bpxz
auee
bocs
dqut
dcis
dwts
eydr
bizk
dsxv
fiyk
afqb
cssb
ddym
brjl
cqhw
ckcz
doik
dads
dwde
evvu
ddio
frwc
eymy
drbh
ezcy
afoa
dlvv
bfiw
czli
bhia
bhmf
ailm
eymi
aakg
alyj
bvqq
braz
dzzw
awer
cuvb
exwm
eysm
ambf
dxxu
apsn
bubc
bjuf
ekmq
dmjx
epse
beyz
ercx
bvuq
ayxu
cure
fhts
bdja
dyve
datq
dxnc
btuz
aysj
dvqw
dgjt
eeno
dosq
fmjw
cxjt
ctpc
bmcg
dvsf
epsg
dfeo
btwv
bmen
aked
dods
elbz
eavs
bdbd
fchz
bvbd
bzse
ated
cqaq
emrp
elak
eyde
crnc
dvmu
dixr
egum
bawg
dsrk
aolb
bsqr
dmbx
boyx
cnum
bepw
bzev
ekbp
dhpb
fkkc
bzqo
efze
czdy
bdre
dajc
dolk
ejta
dglv
chrs
dwmy
coac
ervc
apzt
deic
ctmo
bmzs
axsu
apgl
fcwk
algh
dbgj
alyn
cqof
cqwf
cisf
dahn
ebpx
eonw
cayi
bthg
ahxd
dufz
fnoi
dqux
fmbq
cwfa
fhto
afsm
cjpl
erjb
aqln
fbut
aoif
dxdl
bldu
dlru
ctci
clcw
bose
ccrh
ewmi
cknx
btqd
fqnn
fjxv
aqcn
btcq
bdkn
aorb
dsxy
cdhn
antq
ddhf
fqme
bsad
bskz
dwfv
bxrk
bzcc
dffn
cyab
bxxy
crbx
etmg
dzce
exnz
fmqx
bcsg
dsar
dufa
ejxh
csul
dhjj
bdci
eywm
druu
cvxw
cydt
cdxy
feue
bcng
dvrc
bnte
bszv
euux
donj
boac
aggj
doyk
bdvw
ahqa
dnqb
dlza
ampi
cztj
bzsm
ejlh
dktb
cdnn
eset
civo
emje
dpju
btch
dlme
csol
cluc
dvnc
dwsp
aqqf
eddn
febr
djox
dxar
cjfe
bavj
dzzj
dnhs
czde
fcus
dmks
ayvd
cgtc
ccye
dlau
flfi
eeib
btoz
erye
flhu
bsel
dpiy
bsco
esde
cbmf
dfhm
doxk
fkue
easz
cwae
froc
cmcf
dmcr
evtt
cunn
fppf
cnpw
bzsb
eviv
cdsa
fhve
fhpm
asej
eejv
drni
eqdg
cvob
asbq
fnin
aaaw
adjm
ctgn
fcga
atzs
ekog
dumq
bwdc
dcte
ahca
cgjc
fkmb
bekj
culn
cfwx
bniu
ahrl
dwgp
bzus
biuf
dwpq
fahm
amlg
cbtm
elgq
cyqc
fcfm
cnch
crjm
bnio
dykd
fdrq
cvyb
ejyf
bsec
fqqk
fisl
bbzl
cgot
chsy
ajix
egty
djzg
dsdc
bxda
bqru
afsw
cmxp
fdfe
ahhr
fclw
fqpt
crrd
dpgh
empf
brim
eqcy
dmch
azpu
acuu
dsyw
ejcm
edxn
cyzw
aidc
celu
cmnl
dlkp
dtas
apzz
bcqr
ciri
dkoz
bgzc
fjvk
dmpd
crzf
apjx
fmbd
dqho
bdhp
czks
fdey
eclf
aocc
adso
fkgb
dnxh
expq
cmed
fndg
duot
etwp
cpgh
cvid
ewsv
cvaz
czds
btpd
ffen
cdku
dsov
bzra
amtr
biwd
eolr
bezd
cpgg
adgb
fjsm
fedm
dirr
edvb
clix
difb
ddwg
bwar
azny
eois
bdvy
dxkv
cbti
eakt
fgoh
exkf
fflm
bivo
fowj
dmtn
cltk
aptg
arav
birc
abbz
dwmm
ajjs
bkmr
dzbe
dgil
afrh
fdfs
exwe
foco
dtge
ediz
bohu
fmcm
ctap
bjpw
cqti
evwy
aaax
ckkg
enne
eofk
bohm
dzlh
dklu
eicf
asdz
aanm
dhou
crkm
fjpt
bjfq
bqmd
effm
dawi
esul
bpui
bhjt
dgtv
esbi
clhy
fpgg
dbqu
eizl
aeki
fjrj
clzp
eqxs
dxoy
eaae
fnkb
cbhv
bdhy
bzbg
bmmo
cgzt
emsc
cjzb
euue
eohu
bnhy
btwb
aaxb
civy
benu
bxqv
duym
dxxo
colh
dlhk
dvbd
cthv
ffer
ajdd
alss
agql
dgpm
aifo
cbgo
amny
anft
cgez
frlq
dmby
ciuv
ajhb
avxo
ddkh
fpgj
dafs
asdb
flna
bfpt
brjk
egjz
cpyx
dsiv
ewsm
avdf
dxko
dnym
ectr
acyj
ehsw
caop
aaoo
adxn
adot
fnbq
fqop
bkrk
bjco
edxe
cbfn
adtm
ajgo
ecwu
bdup
bqgb
eqhb
erhq
aizh
bbsa
botk
edgz
dppd
dljy
eoxz
cziz
bczt
cdwp
dmpr
fbhs
cfap
frkp
dswc
fkos
ejft
flas
fhij
bbxv
fgcl
bsag
bfvq
dwxo
dton
elgc
bzbb
cjzx
eprs
apka
elza
cmtm
bgnb
aqgf
fpdt
azwa
efix
cqcg
bgpn
btve
aqri
ewwo
eazw
eucr
byrw
cjpd
bsla
fnhw
clhj
bhfl
bwff
fanh
awai
dgwo
etmb
fibl
cznw
asqi
avyv
ecug
cynq
btsv
edyp
acaq
eowo
bbpf
cicg
eqtj
fles
cyqf
ejrd
ecll
cgmo
drfh
biom
dovy
aiiz
cbno
esux
ffoq
bpcq
dolh
akbe
cnzt
bpmt
afvm
ezue
bqci
fhbp
dstg
eqvr
atpi
clqx
esbk
bful
cmll
bocv
abmc
bjtz
bhov
elbh
amoi
chec
axjd
bjvy
czpi
bsfx
dbvw
edwx
bvxs
didx
asnn
drbc
abdf
deki
emld
bfgb
boxq
avsw
bjxj
ddgc
atim
dwmp
dikw
dqgh
cuyg
dviu
cdzd
bgax
eprr
btoy
ctps
elfw
eavv
bhcj
eybl
dakw
blpb
dtro
aywa
cqze
boao
cohs
apuc
cvlt
axrm
anex
erjs
awns
cqxb
cbgl
cmcu
apnf
cpxo
dpcz
bqpq
catj
dxnm
fhxn
dqrr
dwsv
cirk
cdmi
dgls
avvj
cgvu
fqbh
bcnq
dcrp
aubq
dlhb
dudm
cpyo
ffgv
druy
aahu
dtrx
fdbk
bmig
drat
atsv
bqlv
cojy
egvm
cahj
cltj
amtj
cagg
axvi
deoy
dgkk
bgcn
flgq
ekqm
dmom
bxxj
bmvf
djdc
ffkg
bdlt
ecpw
cwfp
colo
dbds
bsct
awad
ayxt
elsi
egvu
ccue
bfci
eppg
eqjw
csks
btwx
bowe
dvmx
dfia
embo
arff
ecnq
acyz
amrn
dzir
fmei
atmi
eclw
ecfz
dqnz
cfmk
blmb
frxy
aths
abll
byga
ctfu
btux
fatw
ckpq
akzb
fpdb
auvx
eene
dnls
czbw
bjww
bwbv
cyyi
dkqp
dbta
aoji
dlkn
fabl
efvb
ejvk
ehoj
aomm
dbbt
cayo
difk
ehjj
dsps
awyu
bneb
alzl
afsy
cyec
fanu
autt
fnla
fnaa
asof
fian
bdba
binv
ctpw
bpmi
evot
ahhm
fmfo
aiwa
cbns
aiwb
fnjx
dqzy
epkb
dxlo
dkvb
dmyg
dyic
exyc
bllc
ezzv
dflc
bcan
ekvx
drxr
aqse
eoce
fdwj
cigi
bygl
dtyl
bhcf
elsg
cpzc
azhl
fluc
dwkc
anmn
azfc
awyj
bknq
fren
csaj
aaga
aykq
fkbs
akxb
ezyb
aqac
abyc
dmub
aalg
flap
bgka
erfq
boxh
cyvw
fkmm
foxf
cumn
djmw
bnrq
ehii
exbf
bpju
blre
buux
dshg
fmnm
bsqc
adsf
abop
epih
ezlk
bgzd
evag
bvsl
bnzt
aaco
ezgs
dquv
cyrq
axgp
bfxl
eias
btmw
fkbd
dais
fcsk
fder
cfnk
ckxa
bcdk
blis
ahfq
caaf
fljv
fcnq
dfjj
faim
apoo
eprb
dkff
cpsd
eudi
ecgo
avtp
ehli
fbui
evfr
bbsw
cpha
axps
eirn
bpoa
bopo
elfx
cjec
bivl
dijk
bkyx
dhna
fgrb
cshi
etwq
dvot
dhhe
cour
boaj
dagv
fgpm
ammm
cbvd
brvg
dneu
dimc
akfy
ewdw
ahes
fabj
cnvi
cxml
efke
dipy
bkqt
emcp
ewno
ckgh
bmoc
cgdi
emts
bucr
bnzc
duat
asie
dvtq
egmn
fbfi
axci
bjyv
byit
dlbn
dmoe
dydt
bpno
dzwa
dsrc
eugv
enzi
dacd
dbyu
afmv
dpct
cxiz
fpbf
cdwy
cdjm
dvht
bxgn
akpq
drwn
dzjk
acua
djdo
eotz
cden
ddpc
dsoy
dgix
cmxs
alda
afem
flhn
awqz
adzc
eogx
fjwq
djtd
dtyv
eibf
epnw
bapm
fkpb
cieh
eokx
ffvu
asnb
bwoc
ccnl
fdgv
bmgk
bjix
fled
dvkl
ewgt
ecux
bjud
bymg
ewhm
fnxz
actc
ddhe
dytb
afjl
acft
dtyp
byyf
bcuq
fins
evkw
dhqg
ebev
cmag
eecm
fcqy
euwq
apla
eieb
ddhi
ddls
adjv
cstk
dneq
euao
cgek
abbe
bsek
cuib
cuxm
dfaa
dgvc
crvc
dybi
bvyi
ehyh
cdjf
axhx
elqh
evpf
dxmo
dsws
cxcx
bjnn
asud
axez
ajzn
dyyf
bqad
bfgd
aqqv
eiju
byxo
avxd
cdzc
cysy
cqyf
fhcy
akgx
fcfd
eovn
aiam
axil
akay
axvs
cqht
fauq
cuyq
dosb
csre
bnip
ejqt
cxyg
ermy
apjy
faaw
abcn
dcvr
dmsh
antc
fjdd
ayoc
ekyg
ffsa
fjkv
fjyp
cmjc
awwr
dqet
dxtv
bjrw
dhvs
clja
fasw
aunp
dcxp
enow
adlm
dqgi
bidf
aqtx
edju
esxc
bfqq
akqy
bmgc
cvpo
elfp
bafx
acfg
drlg
bouz
emxq
emfi
djjt
fbaz
bced
ckof
agif
fjel
cuum
eznj
eits
fbio
buuk
drgj
bfbs
emks
afaf
efjf
doeb
eouj
bmkc
cwfz
bkad
dzjs
bihe
bbas
eypt
cudl
addo
awxk
bjla
dtey
bjor
aoem
cuxc
cfkv
fadx
edre
fesr
avse
fpdo
bzre
dsjg
dfam
brfh
dsle
fplv
ddid
dvpt
esxd
bvyj
achz
fkiz
czwi
bdax
dcbt
eitu
eqjs
adoz
badd
etpi
exyz
byei
bydo
esis
ezmv
adcw
frla
axda
bccy
btbb
flki
bbvu
bwng
cfqd
bknv
bhii
ccta
ckyb
flfd
evoi
efop
eryl
aijl
ffkf
fnyq
bsmu
etdy
aicw
faeo
ccbk
dsra
fpil
bras
edlr
ciek
clnn
aqxr
arql
djag
anps
eyzj
aust
emym
dgfj
enef
atiy
cfcj
dxhu
dhxd
dwfn
cqga
ayba
dqkn
cmdt
fqgd
bqfr
fofi
aggn
chqk
djkc
evth
asts
dzzy
bnmm
evyy
acpm
bnya
dmvp
avwj
cgyr
ajkd
frox
cdez
bikn
exbo
dxmd
bout
bkho
amvc
amcb
egnq
buyj
elzk
bbdf
dxkj
ddba
aqei
ebry
dwzl
fopr
adnh
firo
ablv
bivf
dmat
aopu
eybx
dpop
eukh
drgr
aexg
cnep
bpvy
bpkx
dxqr
aiym
aquv
axhr
canw
botj
eito
aujt
bkwx
ayaz
bevt
elbf
edvt
bstd
fetx
dhqj
fenu
exee
doge
bvup
fchv
buej
aahb
blli
exjy
cayk
dwbh
bhoh
cirl
eulr
fgeg
acra
bjkz
boyt
bxlw
dzmw
eabs
dwsf
dtwn
aite
cwgw
dgro
brre
duha
abzp
boax
egtt
dunc
btje
anro
bkyz
enxt
auek
bbki
dimy
eycn
eiwi
fdmy
dnwh
dmor
dcwf
bysa
atvj
emkt
esyf
cgpj
arud
czao
criu
dcco
coip
dmsj
bmvh
dlvg
apkh
befh
cmla
eczr
eewp
dasx
dvsg
acer
dlht
dcks
dwrg
fdsu
ecjx
acsm
agyn
fntm
dybu
alqh
etow
czku
anrl
evdu
dkey
amds
feta
dadu
dvvz
batw
eslb
enku
euzx
ayke
frbr
cpyd
agac
axhd
esop
aejq
ccag
amlw
fgcz
cpsz
etgz
dppn
cmry
eahj
cdlz
esdy
bfsm
eljk
fpjm
cwgv
ebvb
ckog
esiv
abnl
cbhs
bpkh
aafx
ewgf
dfbl
bcfu
bwap
dscs
aexl
cjax
fops
fbft
akkg
almp
erzy
frdu
ahzc
emmf
fllk
dxye
aryd
eiyr
excw
ebas
dbpj
cegg
bvry
buzq
egmm
btbc
dcmu
dssz
fgrr
adse
flpz
fbbp
apoq
capx
amss
efxl
cssf
eqrj
eqjp
arng
btyp
elom
evhl
dbgr
fhbd
btej
duyf
daxf
blje
eirz
etyr
chfc
dlet
bqkw
adhz
fqlw
fcjd
dpig
fecy
cthw
bzdq
dbvq
aepe
aigk
fbig
bxpm
fboi
cwkw
deih
djpm
cfbb
fajb
etta
fjbe
denn
dkhp
cuup
bdvb
dxel
ezvg
ejkn
chiv
dvep
fomt
bzso
cuwg
esqg
cqad
cylk
dhkz
dreq
fazf
axky
btns
bwuf
aoik
cuqi
dnln
afii
advz
axen
dawv
dgpi
fgbg
cusz
emir
cvyx
dxtq
dvbt
bbdw
esvo
cjaq
cqxh
bomz
dhki
endy
datt
aqkn
bmov
fdda
drjf
dopw
ezls
aknz
ccam
eheb
emiq
bjtg
fekp
esww
bhzk
edyy
eihj
aebv
fppn
anzr
elym
fpcm
flub
fqmt
dpbc
dmnt
alio
blov
ersw
cdzu
bdvt
emgm
bolo
fksd
bqeo
emkp
dzvt
crei
cfiv
cnii
dinu
eikt
aglc
boqx
chqb
fiyc
athk
cfbc
ejcf
dddy
fhcg
cryh
avva
dvjg
ehjf
erlc
fpmm
fcaq
cyzv
cwdr
ekyr
ailp
cuui
daqu
dvka
epwp
cstv
dqad
doih
dyjo
cexg
aujc
diar
fndt
ariw
bykx
abkj
dgdz
beer
bmut
evmq
axve
bewo
djku
blwi
byar
eyyv
debb
ctul
cnzx
ekti
edos
aryr
bqzv
fbdt
abrg
axny
cdyl
ajta
eynt
erul
eytg
amsu
cwuq
agjn
cbzn
ayqv
eguh
bvax
coit
cjob
csrf
fask
emfy
bxrm
afhm
eyxp
cqqb
etqe
dpnk
dnob
acub
biva
bshf
erzq
dcrc
eowt
cymq
dgyd
agxb
dlrr
fgxp
etkp
dlvq
bkwz
dcip
akqc
djrs
bszo
epjt
bbbz
feak
agxh
cwxz
fcyn
evnq
bdit
ajjr
fexm
ckht
akff
duun
dsbn
bnhx
fatp
eczt
cipz
fcqu
aqar
dohd
bxah
efjo
dgwz
chwj
bzlu
bmie
amay
eive
fmga
fglf
bkqo
adnv
bztb
bgem
fmpd
eivi
cxif
bxsf
edar
cqaz
cnto
fkft
fblh
ezrs
cpas
cnhh
dfsj
acij
byvr
dvjn
djem
busu
esqs
aglx
anub
dvvk
blxu
edcy
cqzz
egpc
deol
fjoj
bibd
btgk
cbnl
aroe
dmmn
cbav
brwp
cljd
bxwj
byey
cusy
eyqy
cldb
acmf
epnc
axxw
fqne
daoi
cqyl
alpy
beiz
coii
bcrc
dcmv
bddn
dhlg
ceit
cirh
ddov
emad
cwzo
aqpj
dmgq
bwbi
cwej
bhtm
btdb
algb
azvl
czsq
caot
cfxn
ckmv
cljn
csyi
ajnb
akwm
erbd
faud
cnve
bahr
ewws
ainm
fkyn
bwij
desj
eyll
cpjt
euvj
bfde
ddfv
dvih
fakj
dlqf
emyu
efgy
ewbc
epcn
egtm
dldp
epaf
ajhf
blow
clhs
bccb
fluq
dkeh
fdzm
dnga
ffvp
dovu
dmhx
ebgk
flbs
begj
coez
bfjy
eocx
ahyr
dcuv
eowx
csla
dnuu
ewyk
afmh
frnx
ddad
aept
duoz
eemt
cfur
eetc
eirf
aiha
faox
avos
axnw
bkis
acli
ewnq
diqj
aznx
eeob
earw
bagl
aabs
clqj
ergw
aaaf
fcrz
dgnf
dgqr
cuiu
ainj
apiy
agll
dnjb
dukx
cykc
cwsy
btdp
fewb
dsaj
bfke
dspu
evjq
bxtq
ahmt
ekmr
dmqv
fnah
exaa
bost
eidn
dlko
cumz
dyib
aszc
cgnn
ctnv
egxf
cvhm
cxwl
fbvf
djmz
dswv
epxs
dpow
eevn
aime
ezhm
dppr
bmsv
boih
elcs
avem
avrq
bdwy
azqs
cqzt
cooa
bfef
cffe
aqbk
bqxh
dnor
chae
dasm
egjn
bwaq
avus
dlby
fklb
acsw
ddyh
fnmt
ckgu
cnmt
ddps
fbph
erle
ecpt
cino
balu
ezzf
alvv
asvh
eluu
ekgo
doxe
edye
bhnw
czkc
bmze
asqz
dxok
aisq
cmar
cijq
bobo
dqeo
dqks
faok
capa
cdxq
fjfw
anbe
ciaj
esuo
bpfj
anbv
belw
dgqw
adhd
dbmv
fcoc
dqvl
ctfd
akpu
agxm
eiwt
cvsw
duoo
ehkt
ctsf
dyrr
clcu
ddez
bvmn
denq
dchm
anfx
dags
anuy
ecel
adbv
byft
dzex
butc
ffqm
cuhc
cfjd
cifs
bted
cmxt
bwvg
dxos
ewgo
eyid
dylt
dkvy
exlw
cyfk
ezuh
fddq
efez
dfal
cjen
ffcr
bacf
dgec
bjdh
ayzp
dycf
fppw
crvw
angn
daft
awie
camo
ddcl
dxqc
ezbu
cmls
dkzj
fiho
cknp
ajym
bmct
eoiy
ctim
edwo
epfc
afha
awyz
aomb
duzf
dfhw
bakp
fddm
brci
erlr
cbzy
bgan
dwoa
axrt
echd
brby
eabp
czcb
ddrt
afca
dtys
cgpz
fjqj
brlb
baon
fgcf
cbfk
cngn
dqbc
eqod
buyg
cfhi
equz
cxbm
dqma
bdmg
dnfm
caer
dwfs
ddza
ecmh
enho
aapt
bchj
enfm
azui
alcb
dixl
ffcj
drjv
adfm
dnjk
calk
cdzr
ecnw
btcw
ejaq
cswo
bqlx
bzij
ebjy
ezhi
bkxl
atnh
dqvs
diwc
fmsc
czct
docb
atdd
emqv
eiab
dsyp
eytx
fhqm
cueq
ejcq
bzda
dtkq
fmax
ccvr
effw
edrz
amgy
fgyl
duhe
fokw
bkcw
dlai
amza
floy
dgvb
ecev
bdwh
cqae
cdnt
aguy
cghr
bvvz
cnda
botz
aavl
ejwl
fmrv
cijk
aerp
fniw
adpx
eafj
exyt
bpxa
ahro
asuw
ekae
ehwj
bwgb
elzs
afmk
buri
elqu
byuy
ajls
bhze
dtws
cdcz
ewyg
aogy
boda
duex
etvc
ebri
dbks
apum
dxyl
azuv
byle
dnhg
cmkb
fqcr
amkl
brlo
azxf
bcxk
dstp
basz
dfra
dynr
dlcq
dfsz
cwas
emhr
fkdk
fpps
byhc
ecfw
fmrf
apyf
djca
dxqz
dkzn
frab
eryc
aubm
edwz
cntn
dgyw
cxtt
egay
apjw
azmz
byrt
btrk
aaxj
bfsd
badc
eudu
exdc
bpnn
byfp
dbvc
ecig
chjs
bmey
bios
bjiq
dxwn
cwru
ccfq
ezoq
coic
cqyw
ekqg
filh
btvm
athx
elso
argl
bdsn
dtww
afkd
bspq
blwu
ejla
avop
ejvq
etvz
bedl
bowu
cbtu
ayqa
ewus
fkdg
bzqv
cjfc
bodo
dlix
dvxk
crof
boia
dfii
atxa
ffjf
amkj
eggy
erzb
fitl
bpjp
fols
cetz
djcp
alrv
egmo
fibn
bexq
ejnl
fjzx
frut
bilx
bvaj
djno
fcnr
asmq
avlx
eleu
beyj
auhh
dyrx
dhqh
ckcn
dxwt
bqvw
bgfl
bttb
bzvi
fojo
bxyj
bmfq
fbcs
bctb
chfv
axes
ckub
ahly
erjg
awgm
cftj
aplu
bvkv
ejfp
efiu
dkfa
bdjl
dagi
dzrn
afvj
dtev
dkqw
avhz
fhwa
ddnd
djuj
auwc
alwg
euwe
frki
dvwr
blrg
adpe
egli
fiip
fcgl
aurq
bvqo
cnxx
dwin
dntj
fqjv
bmzf
albm
araq
djhx
caub
figs
dine
eobj
aiba
bqqm
flvg
evmc
bary
bplv
dgtg
cuki
edls
ezro
eief
edav
cifq
fnzm
fqvx
cpsc
bweq
atkn
awtj
bjgg
aesb
buuc
fkoo
dijp
dwrm
aucp
cgmm
buch
fhva
cqxi
afuh
cavd
devj
amnt
agak
asmj
djkm
azms
fhxc
cwdi
eofu
dwnr
fnpo
daqv
dajj
crjx
alvn
bbrk
brzj
atbs
byhe
bwdo
bkct
fhgf
enmz
dogl
alvl
eica
exxo
dnqj
eoak
dsdp
cbtq
dywq
ddxp
cago
flse
edzo
dlpd
bduz
bmdd
bmoj
egua
bmyw
abnw
aclx
cnmk
ctkd
ezax
acha
esjb
ezhr
ejwx
cixx
femf
fqpq
dqdl
ffhb
fkzd
cjgr
fmnz
fiol
bcyy
dkwe
fhyc
citg
fobl
dtpc
eqya
elvs
awzo
daiq
aqbc
fpri
dibo
czsw
fpag
coon
fkts
crhf
cnxm
byez
ebke
ahjm
dmgx
cgon
cezb
emiu
absl
cois
evop
bhaq
emto
cjdb
csta
edau
dbva
fpos
douw
cqhd
ajgu
cgyp
dwmx
fovd
aymz
ajvz
bhae
ampk
ehdl
camd
fgih
ddsr
bepg
aevv
damw
dljk
bjzp
fiig
dtji
amfi
antf
bynt
awrd
eyql
cdrf
czyn
dcop
cqsc
dyyk
eeap
fgge
adkn
cbnb
etsc
dryv
ffcm
cazl
ajia
ebos
exrf
bqfb
ewvd
cozg
bvvr
csxi
bhss
bmec
dujx
dnze
cjnb
czph
fmgm
cbhx
auih
eusj
cecg
dpvo
cnhf
batc
dpca
ewfu
duyv
eanl
eyvq
azlt
adob
drgq
fbsl
cdgx
cvhn
afgm
eban
euuw
bgil
evdg
bmjg
ddyb
bqab
dwam
dqyi
bkci
anjq
bjtp
fcng
fabg
aoon
fcvk
csyc
dwjj
dwwk
eqrh
fkez
bfxp
ehyi
azln
dccp
fqdh
dbyt
bwum
brbe
ejby
cczv
aknx
begi
brtc
cfdd
flby
eqvg
aupz
agvi
aqli
diux
bkih
epac
aura
dlla
cjdx
cjrq
crpv
bhli
dqon
devd
bncs
cqrp
avgk
fkno
fkub
bhhf
bnvl
baoq
adqz
cwii
arcu
bhkf
dnux
cjvm
asgm
fmwc
biqg
akno
bltg
citu
aarj
cudh
fepx
acts
cftd
broa
ennk
dnca
bauh
bgsz
ehkk
dsys
bobi
eksw
bgvd
aath
akxe
amsq
bqup
fafb
bihl
fblr
egap
eurz
coiq
cuef
brsx
anhv
ecrd
cmzd
ckpt
eagp
evho
cnty
cyua
ekwc
cqun
frbs
cxln
dlbi
bnwh
ckxg
fkob
fgug
blzy
blno
fpiq
efbi
flds
epos
dpkx
ajgh
avls
eewo
dsob
dhsa
dbwl
dliw
bjea
dwii
blmh
eicg
eiuk
appn
eqcc
dpeu
fbjd
deac
fjls
ecjy
ekwx
eayl
acjw
eilf
cjwn
asls
dnge
fcua
aqyp
ayzf
esky
dlzo
fhvl
deqq
cext
asko
famp
clgu
aewi
efwp
etnd
dayh
dfpq
essb
coft
brgd
cvvc
ekgl
cdud
bnce
cppo
bpuj
afgs
cffp
cxgj
eidw
bvdy
ceii
bnfo
agem
fkpn
bmix
bhpj
ecah
dzyx
aoqm
bmwt
fkmw
chxe
ehgx
dqlw
dftq
epww
bbzx
coak
bjjk
bcji
abdh
fhkq
amxr
bpka
dsil
dsau
ekoi
ajef
baif
drmh
ejds
dqjg
bniq
csnk
fbmc
bwgq
erey
dsaz
amtp
eldp
aezy
bgzk
brnf
fkeu
ayra
eclq
dfce
fesx
djdm
fowg
fmde
brux
djbv
bvim
ebmk
fnjq
fdli
cwro
ceab
bmfo
didm
dswu
eliu
evzd
drfq
dcfj
cpex
ewfe
bzms
chng
aimy
drmx
evbl
eaxa
cxmr
bvek
ewlh
bdsw
ebkf
awxd
cxsr
ehhm
crex
ephe
desk
allc
ehee
eufm
blkc
cbkx
bixd
czob
eajf
ezrr
codf
cnmu
dhnn
egrj
bbsc
ekgm
beyc
bfmt
exsn
atsy
bbsu
fjdv
ezbw
bgkg
baoi
cppc
epdv
dank
afhr
eoni
enqj
ehqm
dvvc
akul
enlb
fcnk
dthj
cdvz
aqcj
feay
buhs
eoik
erpr
cppx
dkcj
cnxj
fntg
ewqo
cpih
aszr
evex
awst
aygs
ewgd
etbv
bddd
clvj
esur
dmfc
fqbm
eweh
epcf
bjdq
ezqa
dgmk
fife
asfm
eegu
ajqz
aweq
froy
bdgn
eyrx
eize
fpwf
anrk
fpyg
aqnn
ezrg
bylh
btva
cvwl
axje
apqa
bfak
bqfx
adoq
akbg
dobs
eqot
dyqz
acmj
cxhj
eprh
euds
dwbg
fozv
dsod
dujs
fmwg
brqz
elqb
eyhr
ahht
aezl
egkd
bncz
aqax
beut
equn
dlmo
eppo
bcqq
ekdk
chyb
biak
eqfz
ajrd
bvwa
cucw
cktg
bmld
dwka
cwwd
dmtu
cmzk
cemm
ezig
duet
abnb
bqhe
aqfx
fbny
exod
does
dgdx
ehbi
aren
cpxs
agxt
amel
dxaw
bzlx
ewxm
dqzm
aekl
aukd
bzys
fjuf
abzq
byoj
dhvv
cfam
crqm
cngg
cfyk
fohz
akct
bupx
bhvb
flsw
cupx
cyxb
clnc
ahqy
aqet
crsa
dvua
frdn
ewgm
erpz
dfwa
cjyv
decc
bfnm
ckqa
bykn
cawp
aoba
brxk
bqwd
dnqs
buau
flij
avlv
asdy
cgcg
ebkv
cgnq
benf
bbqo
ewtm
cawo
cene
cxqm
ahab
cvhf
atxq
cmnd
fftg
aksg
cchw
cgtk
adod
emff
bxzz
akzn
acey
elpe
dybf
bapu
amzv
dbbr
chwi
fbfd
dsgp
eeuk
emgu
cnpt
extd
eqtx
ecjo
dlen
ansm
azdb
cnvy
dqvg
eecc
dkfz
bsfi
dgir
bnoc
axuo
acss
aupb
fhsn
acbi
euch
avnr
cxik
dgvg
amrq
fgsf
ehej
edtf
brik
duai
bfbf
dtcn
crlx
bpyu
brle
eeim
btyr
extn
adax
fqum
edwr
ctiw
fgce
amoh
auvq
epxq
cpnl
easn
cdnz
beqa
dseu
biid
dyfv
aedz
fowe
eyit
ajup
beor
ekbn
floh
cywy
atny
djyu
ctfa
dvxr
djeg
fpfe
ffrv
eyjc
anvd
fbdn
chzf
fjle
cbtl
ehjc
bskv
ayhl
fpwn
cffq
axjt
cqem
bpdv
ekzl
aqnt
eiaa
clrk
evja
bthh
awui
fgyk
attd
ehbj
bhrt
chao
blpi
dret
arpi
dthz
btyh
bzpx
bjod
ensv
fhnq
dpuy
bpbv
epyw
brph
eggu
eyby
cxke
cblk
dedy
fiwv
fqio
ampx
bcuz
bglb
afno
crci
aety
clbb
bhzw
fjor
asis
crzi
cmxe
bjic
ejnj
dvvr
fncm
clqu
bidj
dhuk
ewxq
aouq
eokj
eeol
fnas
ffxl
dnea
ffhp
baxb
adwk
czjp
eahf
decf
ffbt
cwiy
bcyk
frfd
fjla
bebx
bqqj
cenn
czna
cfeu
eekq
ecek
euxz
dfey
djqi
dfoq
cnlu
eqti
foyl
brue
erft
fbvh
eoux
enyk
awip
crbh
byed
ceva
azyq
adef
azwk
aohx
ebpo
bzoc
fcoi
cjux
dslg
csdz
blnk
aynv
arad
dwly
dfei
dlxa
fazp
czla
aahy
fjkt
fadc
dljp
dbfx
aear
ceje
ezpd
afdw
ayag
cdnc
ajpi
avtl
bicz
auze
bkgo
dboh
doxg
csub
agjd
cdlv
amjr
dxfr
cmga
dpvc
fkfj
cdwl
dmgs
aanq
cjos
egku
cvga
eyth
cldm
dwvx
eezz
dcww
bere
csbn
cwgt
bteu
dkij
ateq
drmn
bijl
fqlp
bxre
dfjk
clii
bygh
bxru
cciu
btlc
cmim
ayno
dkrq
abbb
fmrt
ddeo
ckot
bsie
eklz
bckw
dtew
btgm
ajhd
bmbq
crcj
elaf
efhe
bxpy
dfvr
affa
dwxj
byhk
cilh
crev
eksl
dflq
eztp
eugq
cmzx
ecrh
bilt
djpz
ewmv
aojg
evma
avjx
cdjj
azuz
ducf
bqyy
buwo
bnpp
cxlj
bcdm
ahlf
acki
eswu
bjnr
bewu
cfzd
dxtr
cybp
fpeb
atys
eaao
ahvi
fhfw
aclo
bcal
fmao
aqeg
arnm
cntt
fbxz
cdig
cvns
bxld
ehts
fkng
eply
dycz
bbhl
cvov
fgid
cnfz
bbmr
feec
bkyb
ajom
cmtl
cpwf
cley
akmj
enzz
abik
elhe
brid
faur
ccsr
adrl
eycu
aofm
bags
apvm
cgje
dfoy
dtkg
bpvf
ezga
aonk
djij
ahai
cvgh
bnxq
dbtp
bngj
dfln
fhye
bjgc
ekol
blpy
eanz
cwjq
crbk
bdkr
cmbo
drzz
ebww
ccmj
ezid
egop
dtyr
ezsa
cifg
apcn
dehf
cfzk
bdey
atkl
cnnu
bxdw
bplr
esaw
anbf
demu
efnq
fqwi
dbym
dnlj
dloo
cjtr
eazl
ebhy
bnys
cyqg
eiho
dkxe
exbu
acxb
eyfz
cxjz
apmy
amvd
bhlh
delg
focf
bqly
cgbc
cibt
cjdj
arce
fdvr
cusr
cqma
frwd
egvb
batm
fmzk
eowe
befu
awem
echu
cviu
aehj
dxbu
bkiq
chti
agvt
depq
atit
bzpm
epik
bubw
evpu
dsol
dacl
fnue
cxvq
fagb
crmt
fgeu
afvg
cpqz
dvln
ddro
ceyg
azkz
fkxw
epmr
anix
baam
bwdh
ddhj
bymq
fnzc
bwlv
blpl
crmz
eiim
ckcd
fkvp
duqr
dndx
fhrn
csdl
chxc
czbi
benn
dvmm
bzdv
bafy
ckem
cuec
feqp
fgix
akma
dazb
casq
czyq
eigx
cvxv
clnz
cbiv
aidj
clbu
eeuw
btnf
cdzq
fnbc
bajg
dlky
bxul
etru
duqd
fifh
brwk
bcfy
blye
bnca
fahg
agnr
eyas
drgs
ehuq
dwux
fhbk
acvu
fmnd
flxz
feyi
fbhi
ekgg
aiyr
eors
emcx
ddsn
aeuj
afxg
dzhq
eoac
dfgj
cusp
bqqr
elug
dbcz
fhtc
bbvt
arsj
cwfh
coun
fkoj
byor
auxe
dkzz
buvj
bowl
cegy
ekvz
bjfc
cmzs
dgmz
fmba
cwmg
etnx
acsv
baxe
eehe
dntz
bcbe
fhyd
czer
cmeu
ebxl
ceua
apwc
esrr
daxg
axgn
evst
bcvq
ecpy
eeqr
ajbm
cyvk
dxbl
awuo
dsww
fptd
eoai
dgpo
bpny
eauj
exzk
fgoo
cnal
cvwi
fgoz
brol
acwi
dgvn
eaff
eody
baqk
clph
dumf
ewzm
ccjq
ehtf
bfzr
bmis
bxxs
chok
bduh
bwxj
dhpo
bioq
cqfk
ckkt
afaw
cbci
dqpn
dbvz
bxwi
bued
drnc
atnk
bhkp
bikw
dkcp
bpiw
dwiu
ejns
cxxl
dooy
adsn
fflq
ehvo
ejyk
aurl
axdu
ckhw
anmh
cslp
dkyx
ffbn
fnlh
ffwv
eqsu
dedx
cmwm
aoko
faal
eaxg
budc
azai
ccbh
dkaa
auws
fcfq
dxvb
bqum
diwy
coaj
bvze
dudp
dgnn
cvvq
bgbu
fofk
dmxa
dmjv
fdqt
adix
edqt
dqwo
bglm
aoyy
eqxc
ewzc
cleb
auhx
eqas
bsms
ddhm
cyyj
aumr
dysy
atjp
fgld
bkoe
bqku
dhid
dnza
ahhb
bkeu
duvx
bjli
ctqs
bdcc
foou
dozo
edqr
ettc
caus
cumt
cclx
eunr
bamc
fefv
dbvm
dxbq
dqql
elsz
bstg
cxcn
ewdg
ehgq
dciu
exax
elzq
alkd
anme
eiku
dnoj
bqur
axyn
bjgi
cvad
cgts
eeve
dwzx
auux
bhce
blkg
bwbo
efnc
ddlw
aiyc
cmkt
dght
cfoi
diuv
dumn
czae
avvi
bzyu
fnzs
ccgz
cvqp
bppa
aifg
crbw
avfv
dzkb
dxho
cnqa
fkuz
agxo
favb
bmog
fetd
cjxc
fome
bzxm
fgqu
feey
douj
boky
enxw
baoj
crjv
fjbo
cvoc
cxsd
ayxk
ayug
fqkd
feye
dwxg
dszj
bsbp
dxul
cqkw
cfyd
bpcu
efjb
bftw
encp
bzir
eysr
fpnv
cmrs
epkf
dxrl
fboq
bkgm
dwew
behi
fbfp
dnjf
beuq
fjao
fgni
dgqs
evpd
axvc
ddai
cgfz
bely
bhhw
afxc
dfyn
dday
flaa
bqgg
dqeu
aowm
ddjv
bkdp
bpnj
flrh
datk
bdmr
fkfz
audw
crmh
copl
fdwd
bwzv
erlz
baps
basd
ekya
akxk
asqo
czei
aalb
cptx
cfop
altl
ehkw
awzy
dyoe
aoil
ccgg
eoxp
cyed
binm
csbp
dwck
fqlt
aaqo
aatl
cvrt
audm
eiqv
apcj
biuj
abka
ceql
cwpo
amkn
bgge
aelp
blku
doil
dtjq
cadi
ffhq
djnf
flbn
dqwp
bbip
czlz
cotb
dhdm
fluy
byxf
erzw
awbi
dqnj
dzta
ekvr
ezlw
dvuq
fqul
bycz
fcig
aorw
eitx
brgi
exrd
btig
bngb
dvnp
ehvz
afug
bvnf
dotk
cftw
faff
cwna
eady
eplf
bzqd
bbqv
fabs
aqvm
dnox
btrs
enkw
bhix
fnzd
auxb
bxtd
amqo
ethm
cwrw
beqp
ckuj
bcyq
fcal
brov
acyb
fqls
bxzb
amkh
bvrh
ckts
czql
bbgl
ebtr
dtgw
fieh
foam
awea
ewnd
dydk
eyba
bqfh
cyng
amci
ayky
eemn
fqmn
fasn
bgln
ccdo
dccc
dqto
bajm
fqer
aqzv
dorc
fapa
exqq
dlca
aajd
dfho
annm
fccj
bbwb
ahaj
aewt
brpw
agmd
cefn
akyl
ayip
cezw
cksu
akqo
folf
cnew
ahdy
bqrd
ewfh
bcnp
fdbj
cpqe
axib
dler
fidq
byeh
ahmw
earm
afgb
ekcf
cpfb
ahql
atss
bzel
dsan
flbc
dwni
amre
cvqk
axzr
bcna
dklv
brsc
dpkw
epob
dkzc
ezrm
faic
ctcd
bhek
cudv
bmhd
cpvl
dujt
beac
dshe
drvr
bbyy
ayht
coev
ffeb
bscb
bpkp
epor
ehde
dqfn
cssm
dwlm
bbhu
dtxq
bxwm
cnki
djri
cbmw
bovz
brlj
dwwu
bqmo
dcuo
atgc
csqd
fqau
fgjc
fihi
adhc
flbq
erzp
bhpg
fobw
ffzy
abfg
ecnd
cftf
edmo
bfnc
frpx
caww
bqki
dbxv
cwhb
boym
egfd
euim
enmj
bxrw
azag
eivo
bdna
fbtc
dzae
fmox
bcks
eucn
dzkh
eisk
fnag
fmbp
bxqw
bamh
fhhl
afdh
frbo
blth
cgpo
eyyd
dipi
anpy
djnp
dajw
ahfj
ebbz
fgea
eeln
apsq
djky
cgko
dbzv
ddwu
bfgh
cdad
bzkk
brgx
cmnh
ehos
amki
befe
drdu
faqh
eptq
fqfv
atpd
brii
anly
amrf
dstz
akvg
djwk
cgzg
bzrn
cnvp
afdp
egqo
ejxj
fppt
bpki
dyjr
bsju
ckhe
dynk
dwsi
bqzj
ebti
epai
assb
fbpo
exzs
einy
dxmi
fjfr
egll
bmcp
etio
cgci
fair
anfw
esxp
cdxg
frti
blqn
exhz
frmo
ebtu
cdhg
fikc
bgtc
cbmc
cbot
ejcd
fmdc
bauj
evzf
dqsn
cqjs
femo
ajke
ceoe
daxn
dxvu
dcsw
brvw
dsgm
cpfv
cszd
bdse
ahco
frvq
fqrk
bfpr
alfj
dlcm
asth
exaw
bvbp
errc
dxte
eepp
eglx
elxj
conk
espq
cljo
bjqb
aqow
arqi
cotz
bipr
dztm
etzy
dexj
fevb
anpe
dgcb
fowa
cnfl
cbow
ezpv
duqz
fomn
eowz
bnzh
cqov
bnhc
eqvs
ctkg
dqzx
fhkk
eboa
fdac
flet
dcro
ekbt
fdeh
cevx
bncc
bnfy
edst
erns
ecuy
acfh
bxfw
bjmd
cgpk
frrj
aivb
ddxh
ajre
akeg
eouh
dvwd
bunt
essm
dslu
bdws
cnmq
fpmx
anvw
aanu
bvgz
djjg
epko
fkea
dirc
daxm
eyqm
cwjw
coff
aulx
fepj
fezb
fiut
bnhf
bkcx
fbee
bcky
dtbl
dhet
abjq
ekfg
acxg
fdcf
abfy
eccz
ayrv
ebbs
cpuz
crin
akoi
cpaj
bmyu
btnr
dbol
coed
fksz
awtf
ffsv
dhfm
frnz
acrf
frma
ecnt
akkx
bhrz
evhj
aeej
ckcb
dxwk
akce
dqxa
eejy
bfoh
dmjt
fptp
emjn
dlqz
cxre
adrc
bwyg
admc
emgo
fjhn
dczh
fcms
ddnr
fbty
djpt
dyxp
enyb
bcja
cgsk
ejtr
culm
cted
bvgx
cqng
ascs
bxkd
emwu
aity
dbvp
clgv
ebul
eovs
bkmz
cfyq
fppo
ebmm
cgnt
ejae
dwor
aslu
dovc
eekm
cpgt
acan
cedw
aput
aipl
bxfb
cvgf
bjws
ejon
dskb
clka
ctyv
cxah
bgrq
dptu
epje
aoht
cwhk
cksm
bjlj
ceyi
ecfv
ciii
clyk
exnp
fckw
drto
bjff
cgnc
btrt
fkpo
ddib
eufg
ecdq
fgyz
anhc
badt
clgy
derq
aawo
dbzc
arlr
dlge
aoid
erpp
dykh
flib
erjd
cwqs
bkzu
fnvo
clmi
dlcc
dont
bpsq
bxqz
fjfp
cjub
dsxa
fedx
effn
bspu
dfor
dukg
evrw
edyv
dokj
akcz
dyxe
frkg
acnz
ehqa
fphk
ajsv
exvp
dxsm
fdsf
fann
eciu
bwuu
etjd
feaa
evss
defk
eokl
edvi
dmvl
fgil
allu
cefd
bzob
awjc
bkzy
esqw
beck
ejwr
dlkt
ebmq
egfg
aifw
fmds
cbcv
abvg
dduk
ctys
dzle
chqc
brrv
dxay
fnxf
alta
brcu
awfh
blgv
efbh
czxp
fqot
bgnl
eoor
entg
fgkw
dbkj
fqym
csbo
asez
bgbg
dlyj
cqmn
febj
ajgw
czqy
dmuo
exbr
evhb
abld
bhxr
bild
ferz
czjk
azsf
agwt
ahfa
cusb
bzjq
dkwi
ejls
ffbl
dtgr
efdh
fhbv
egdy
acor
dvnf
dulw
akxz
fghz
boww
fdhj
eovu
fack
baug
dyta
faip
aodw
drey
dmyk
coxe
ampj
ctkx
bxas
bhvg
dwuq
eibe
dgbt
fpat
fksx
bvgs
cjex
aibg
btan
cktx
bdfb
ajel
aexs
axsh
cuqc
cqkv
cnks
crkk
crsf
ecsh
dybe
celk
caun
fgrk
dvsl
byqp
arja
ehcn
apav
bedu
bupk
dfji
evnu
fbpw
apyi
dsqv
fgex
efcu
aszh
dtef
ckmh
ahsu
abtb
fiih
bmst
ceue
cskx
cioc
ctxf
dueu
dkfm
adqv
bzlv
fefp
cmit
dplf
asxd
cxbj
baae
elze
aqwo
ecmz
akmg
dtri
anae
btoc
bpmo
cmdd
dcyj
ahmg
ffll
atya
dahb
bwfy
ajlg
ejti
evrx
bqjp
dvdo
buqy
fpjl
ccum
cpka
cuxr
fdbl
eiay
efjp
fbkm
dkyc
axwf
dggw
brop
achw
dpwe
ajdo
bhei
azoo
chjj
ehxt
auwh
eher
fdxt
dngv
bsfv
ameh
dgsa
enrw
dsug
dxfz
eemr
dpve
agjx
dpyh
efwi
aigq
fpmu
dews
cyrk
cnjx
adez
ehjz
dobk
agcz
avpd
dzbc
ctbh
fpue
aqpq
fjhi
dehe
fpey
doal
erzz
aipg
avit
frnc
cadk
eaot
bvqk
dplx
bhtr
dqpu
dkah
abie
fbpf
cfca
aojw
bbfh
epkt
cdsd
dmuk
bnyr
fahq
fkim
aggx
cepp
dvtj
cgrg
flbj
fnzw
emuy
csfg
djke
fqjs
club
dztx
evnp
dieb
dnbn
ayhg
eyqj
czsu
eetx
bdrw
dxao
chcs
fcma
btcp
bblo
bjki
bjer
fedi
fqhm
ckmx
cmhp
bruj
esmv
fdin
evsj
etlz
bwxe
bqsz
epgu
fihw
bgkc
bcye
fbnl
bnyy
dkvq
dilq
cahv
cidi
azxu
ctob
abse
dzvz
bopg
cyhb
cgfc
eyzt
dezk
fbkv
cotq
fhsr
cizo
fphq
csbw
abfx
bgim
apei
elwi
alac
bdoo
crls
crfm
abgq
cfvu
blqj
ajkq
ewab
dlsx
aqek
dspy
bgsl
famq
dahm
dnqc
efty
cpbq
divq
fafp
drjz
cdgl
dnxb
dmim
ecdf
dglf
ekfq
cnle
brmo
elsn
czyk
cjoh
cnth
emdk
ffox
avqb
epaq
ceoi
drib
fhpc
cwuh
dzqh
cxtr
cueu
edeh
asdt
ddwr
cadg
auva
bldh
djyl
djki
fnam
dnjo
cgie
emuc
ewav
ecij
dcdw
dlom
aayk
crnh
afgh
eytr
coyn
aicr
bcnr
fkwi
dbse
cvbg
dulf
frhz
cuow
astu
fgee
dfpc
cgye
enzg
czlp
ecjf
ecxz
eawe
bhgv
ehob
ewdm
cozm
afue
bjkj
fcqh
bjye
ewmu
dilr
bkes
fbtz
dxhw
cyhy
dxub
aedv
fhkr
cmox
cblx
ccjs
fqxq
ecsv
bvcn
dkvd
ajlb
fguq
cdil
aklq
fprv
ebkt
bofx
ccxq
dree
dooq
bomp
evqx
cnye
atxv
eyyn
alof
fgbi
dhju
aies
atvl
ehyn
eljl
defs
euoz
acbd
eofb
cigb
cxuy
fbwr
fqxr
fmqo
eeow
abzw
dieh
bcvw
evxd
eeqi
atuc
dvzz
chuw
bfqh
amzk
arfx
dxny
fjyb
bbpj
bwyc
abyg
cciq
akev
asnr
cfjc
ffqp
feaf
ceuw
ampg
czhe
bfsi
fgxk
alfm
dqou
eono
dalw
dssj
csch
dwnz
dsns
bnqi
bjpn
crzc
dunm
cogj
ccsn
cfku
emte
bfhs
cewj
fgaz
enek
brgy
fmjm
aikj
dadt
djss
fmln
duga
bgru
erep
dnto
axuz
fmtv
cypk
cvfp
alwq
cpzp
cipd
dhtq
dhio
dalq
aftx
doqa
faqn
cuor
bwio
euxs
cddw
dxls
afnb
asss
bcdr
abqq
bmwd
ehat
anch
dmmf
edku
edai
buue
cskl
bvxm
fhdj
cogm
ewmr
daaw
cwgn
bbnm
bytd
bnuw
dvoo
bfro
cmdb
bpyj
clhr
bfgk
fcen
flnx
dgep
edlu
djrg
edlj
cduy
evdn
csgh
fkda
frgp
bxcg
dfer
cbdp
dnki
dqzk
frpp
avxr
ckqv
ahlr
ceqm
clea
bqen
dgpj
erhv
fezr
eifx
clap
faww
buen
czty
dowi
bnrr
efmc
clxz
dkja
djqu
fldo
bbqx
fiud
emut
esyu
cwee
fomg
ejcy
ekum
dnuy
ebgw
bnat
aunq
aeic
cxjp
dljx
fkmf
bkps
aipq
dskz
awrq
aqug
eafy
fgtp
aabz
faer
bhug
chgg
bjbv
celi
eooq
bygr
awmf
cupw
epok
brtb
bwzz
asou
fhjf
dctw
btsu
bdcr
ewir
dgmr
cfci
afzw
dtuq
eqvt
dypg
cgll
ahrr
eagv
bfll
flbo
anot
cjzf
clyq
awmd
emeq
ehwf
alyd
diqy
dlzv
emur
beay
fiuk
chcm
eifr
frua
frbl
apig
cxxa
elon
ermu
fqpz
ezzh
brjv
enyr
clcn
cdup
ebbc
apdp
dhhj
cfrp
akvu
ebed
dyls
fazt
dgbs
cplw
czzd
exsk
cpdz
emll
argd
byvs
dkcx
bcxp
dyqc
bjaa
bmgt
eocj
cepg
fgaa
btfq
dyye
dwzb
ejrx
dejp
bjno
ehpe
ayks
flfb
ektv
bpbn
fofv
ervo
adbu
aqkd
amrr
fpah
cbee
ehlk
csek
cqow
acsi
djba
emhe
fpch
ajje
avvu
dyae
byhu
bqtq
fpli
afyt
bgye
ahmj
avdk
drab
deji
cmuy
clbd
dufe
cslx
bmii
dzie
escm
fcuy
bsus
cdhc
eukk
enfa
dgwa
dijn
fckj
blnl
cugd
abrr
bisr
cekq
bhyh
eyhg
ewyq
djop
ayje
elid
abyt
cqwo
axhf
cevc
baji
abfv
ecyn
bwfj
ffpe
fmud
csky
dfpe
dbey
akyo
cqmg
bnqs
alhk
bdeh
crhq
fmad
chrl
ebco
dyxb
arej
atqt
dkaz
dpgl
fozc
cwwr
ciyz
abky
fgpp
dnfg
drty
fcye
bdvo
dlol
ahex
bjif
ekit
cqjg
budb
amxk
fkmn
dwui
bpqb
feeq
brxr
bbnu
aita
dmkn
aogp
aquh
awxw
cvzz
cmzp
bquj
etmz
eymn
adjn
axkt
audx
dvlv
eoeh
dwyr
cnnb
fisa
dmjg
etnk
buhr
cvtb
ecao
bwlw
abdv
bvrz
abax
extw
eeyb
bqhh
djoy
dkay
etss
brmg
efdk
dulv
fgfz
cito
bbyi
evqg
eznh
eqbj
cyot
ajgj
ahsl
fdga
dsvz
elns
bgxj
efen
argx
arzw
eelj
admf
aktt
azmq
cduo
asii
eupi
cjmm
egat
enkm
bbzq
eycz
fhqh
fhhn
dnfz
bmvc
ctbo
fhzx
eeeo
aqxs
cspj
echn
deuu
eeox
ahtz
anqd
eozn
aqka
bvlr
fgwc
buoc
fali
dydm
dryi
fqms
dghe
chem
asmy
aiao
bfpv
dgds
ahsq
budl
dihz
djzq
atzh
drcz
dhbm
ehxp
cfiy
bywo
dofz
fqdq
bsga
beid
epng
eoig
ejez
frkm
bfyu
fjpk
ekkj
dife
afnf
eysb
dskw
actb
cqcj
dxnk
dbgx
bbqe
egtr
ahbh
bxoy
dbsg
dfwn
enmv
cepa
aswm
cchr
aojp
adip
enol
asba
akve
erdd
bunh
etrh
epdm
dver
bjek
ermx
cnil
cgxj
dvqi
agkr
accf
biwk
aiop
dtfb
fgkv
esjj
extm
eydm
dmnf
egqu
fqqe
faze
ctki
dqty
arbx
cslv
aria
bblv
dwmz
cund
dkzd
foyi
bvlc
ctiq
flur
dijm
eeua
blbb
eigz
azsr
dpzl
aoxv
ezap
fbac
dhda
fhey
bfuq
cepk
cmij
ayyo
cysn
dleh
dzps
dgoq
awrl
dbyy
daot
bsgg
cwux
dtjh
fbip
fixg
adpf
azjz
dadg
arjh
bysn
dexh
cqtg
ccha
dirx
eokr
dnrv
ajik
depw
fawg
fjme
dpbe
caaz
eueu
fozz
ehtn
dmtv
bbjn
cqms
bvqb
bgxh
fqsr
ffsf
agov
dmiu
eewk
enzl
coym
anqg
auin
eakz
bbqb
alhd
cqlh
bald
eigh
abqm
avef
adxs
asjd
arps
cbdw
feio
dkis
czzt
fjud
chgf
fnil
bsns
eeem
bqji
cwhl
cpgz
eoqu
fqhv
cysd
ffsx
ehck
fgzm
ctik
eyjx
ezwq
cwfb
dtzb
bknl
cdzn
fbeq
asyr
eaxp
fhla
etfc
efym
ajrn
dhzu
fatd
cwds
czqz
asbg
ajhh
bpyk
evsg
avzy
detv
ecjs
dzec
aidn
caph
cdat
evrf
dznp
dfcw
cste
csng
eqrl
eljw
ddfc
euki
fpzl
fctf
bosm
dame
chcp
clmn
dnbg
fgim
ejmt
cxof
ella
dvwl
czhq
cnlz
dtmb
erbc
elos
fbdj
fcdg
cntu
ezkn
bqkd
fjbv
dwyv
arhj
bwnm
binb
edjh
csii
ared
dlch
asxs
bhow
ewkt
evqw
dzyc
dsvr
aliz
dvwq
ebdi
bbcf
adnx
dpel
ezdl
dkiz
dzhv
eltd
dzws
aogx
drcj
bucp
ebjk
dmrw
fpwj
avhc
ffmq
crqv
evqz
dhle
fggr
bgzx
cehv
ehcx
acwd
asxr
bsby
dkfp
bytv
fdaa
bywq
acry
dxrw
cosm
cgmk
dbcs
dlkj
eruj
bsrm
cydi
auqr
aubg
dtxu
bziw
ezpu
bxqc
czxj
cgqe
eyrc
fdai
bxem
bsdh
bguu
bztw
chcd
ayef
etcc
bijj
chhw
bgwk
eani
becq
clti
dnkk
frya
cxtb
doog
dqmc
aaij
duby
dkmj
ciwc
fgpi
drgk
btgj
apcv
bhxx
bckc
dvie
aqko
dwcm
asfy
acwz
csfk
fdra
blpk
ekic
djcx
dghm
csuu
exjo
aryn
dbpy
codz
enit
bfcq
fiqe
efmd
fgus
drky
bwog
dsyl
dckr
ejrc
cisz
aonb
dbco
fotz
civg
bzzu
euic
bueq
bhwi
bmps
bknr
cplk
fpjr
bffe
anat
cypo
ciam
bjyk
dfuk
ejpk
eplj
cygw
ekmi
amxo
eesl
bgac
eirv
dmkq
dion
bbya
bqza
biyj
dcpw
cxpw
dgvv
cqla
eilj
diqh
azje
drwi
ewvo
btqv
dhpg
fikk
bebu
aybp
ebub
cxwa
bgrw
eesy
cdom
fhcr
ejtq
ewsz
amyz
bbpa
eyma
fiax
demh
axlk
cane
frey
bgrf
cala
ecxo
baha
cwlb
enur
dlrj
camq
cbnn
acmx
ayfa
easq
aauf
febh
bysq
bhts
eyfb
czoi
bwgn
dgfw
eonj
btdl
fmng
aqof
aerl
fdbh
chkg
dtyd
cmnm
aubn
ekse
bgxl
azsh
bncu
bond
ceip
acqh
epqh
bpqi
aows
eyhl
fdvt
cnnw
fiqn
agsh
ekyl
aiia
ceht
cpqf
bbnl
bong
eyyo
azgf
drwc
doqj
cdfk
fhct
dknd
figh
aoky
acuh
ddso
dctt
avzl
aspe
btzr
bamv
ewrk
femq
bxlc
axvl
eind
eiaz
eiuz
anif
fkuh
coua
eqdw
egxv
fjis
dsqf
emlk
fmci
ckse
ajnu
dcih
asdw
aadt
ezgu
cyrl
bytz
aqxh
eoml
aldz
aype
fekf
bmmi
bskk
ahal
fjxt
fmvn
eykj
arzi
bgpy
bqco
fcmt
dmtx
azbb
eulz
cdeu
duyj
dtkx
cyop
dnmd
ahct
egzp
aghm
ewrm
cwxp
euxh
afpw
ffzr
axcv
ctao
bogm
dzgs
bpto
avoe
efxa
avor
acvl
fmzf
djhd
bluk
aann
buoy
dwsd
arjv
dpoq
fkgt
brdi
cvdy
awml
dzxc
cnea
ckuk
esmo
azyw
bmir
fevc
dacb
bmul
cfip
eaet
evwj
ankg
dryf
cxlx
ahoq
bvun
bhhe
drzh
dbmd
aeqv
btqg
fdmo
ajye
cjbf
bmbs
aeht
anvx
aksu
aogu
eoyx
darc
dfvi
amcv
byod
alye
evgg
cudj
cnim
dmda
dklx
bdhe
bqou
evsz
fque
fpbe
ehqw
cgaa
bpqz
ejwj
ddnv
dxif
eevz
awxg
cgbi
bgys
eabe
cmsf
fgvp
eann
btrr
bxmv
ezvm
cmzv
ehgf
elqw
bidn
bved
epkd
eici
dnai
eshq
fdhv
avdp
arjl
emyq
emoq
ctuf
ascv
cths
bnne
baka
fhqf
ffct
cfun
dzab
bjuk
dtue
azcc
ddjp
dqqd
ceei
fkjv
cakg
ewhn
eiht
digd
acrz
devn
aknh
doaf
fntv
dahu
eobu
dttd
aoqf
djhs
agsk
azfk
cxbi
djqy
fkem
aafr
edgb
adwp
eqjc
awhj
dsdh
bczh
fiar
auat
aaxf
ezsv
cgnh
ayxp
dtgk
flpy
eaca
cthx
fgyo
fgwb
eyaa
cble
entn
fqwv
bqok
ccks
fjeb
fmzw
ctsp
feow
ccxv
cnpi
frsd
cfnt
eccr
avnx
cblq
bcgf
dddi
cwmt
cbkv
aafw
bnre
dgsy
bpke
eskk
dqng
czow
bmqp
byob
bcwr
bkuh
drbq
btle
diwh
dpzy
bohs
airp
dake
dill
akkr
bcua
bfam
aqml
bxrf
drya
bfna
agih
dczi
aixk
bjbn
cuvz
adxc
bwys
fjsr
duix
ayii
dkkb
daah
fmry
ejol
bmhf
ebbr
cazs
byfw
eltg
fnvl
afzl
cyyn
fcxi
avsu
cyxu
aywq
eyzw
bmtc
cgcl
asyp
eyic
ahzr
dcju
bvlf
ajza
evem
edhc
doth
eqev
fllz
fgpu
emfu
aqqj
ekcd
aihw
envu
ejue
ecgt
cbvj
blnz
fgwy
dmgb
bqud
dkaj
ahck
alps
aqqc
durx
dfuv
fnjb
doef
bgvi
annf
ffgp
ddbl
cqpw
ewpo
clbe
cwgg
aexb
dhyy
crvb
dbvj
affo
bjnx
bcjy
ewhj
dfcg
abai
eetf
cozv
flkf
fpsg
bzjm
cxtm
ayhx
fosz
dijz
bvnw
aarx
arqe
ctav
epvc
ffhi
bbls
cbpy
dnrp
cfrz
bgdp
dhte
ewfx
bidb
ckli
cqhc
dgue
daro
cmqj
avbw
cwuj
didj
bxjl
burp
bcod
djqe
aajh
azwq
cusa
fonh
eszd
efuy
bdwg
cfks
bokj
bskq
cqjk
ajen
eqdq
apsd
dbjj
dfdd
dntp
bcer
cdyb
fqnr
ddul
csnc
ckcl
axki
dxfx
cidf
cavk
efye
chcj
ddvl
ambv
frmn
cdva
aqeh
cpst
ffnx
dbjh
bgia
anpt
fhdg
cwcs
dzvp
eogb
fkcq
dyvs
esih
ahss
acay
crbn
cboo
fipl
auhs
bynb
faco
anyj
anwn
ausm
dcck
eyrf
epzd
asfc
btgn
cnld
fjkp
cmgo
fhkz
axyp
aius
bxou
cfrd
cngt
fbju
fmdx
bnir
baud
dkoa
bzif
fqxj
aswr
fedo
fchs
elfg
dkao
cisj
ccsj
bqlm
byrm
alfb
buet
bwdp
dshn
fngi
aamt
ehew
dogn
fpjj
bndy
bemm
drpw
dsco
cpvx
cdro
ewjx
bslq
cqlx
dbpi
eajk
dbfo
eolw
flhf
edqk
apzx
cvev
eple
cozx
erqo
faqu
aoai
bskb
djdh
auge
armd
dogf
cfls
dcqu
eoxa
dvft
fogr
coot
anel
bcfn
ejag
ejdz
adfl
eqwq
axgz
cnbu
fnhy
faya
dibw
ayik
eaft
aqlh
babo
eqpp
ahta
dwuu
ckjg
egyn
duno
dpks
cqku
blmu
cbjw
epeb
erkl
dpiw
dkju
asbw
amhu
euxk
bych
bwsq
euuh
bysz
bwre
efgd
eixy
cvlu
etdu
flah
cumw
axzs
ebct
emgv
axjs
axdr
dyzk
afnm
acdu
cecw
aird
eajo
apkc
fhwf
ejjn
cbfa
dkmu
bylb
crnk
bjae
erbr
cbnh
fipk
dptt
besi
cnzi
crgo
afpy
fcap
ejdf
ablk
eofa
cize
ccii
diol
aygh
bmmu
cvhu
crcb
dvmd
dklg
fdfx
ammz
dqtk
dydz
eddi
ahto
bxji
aejx
eshy
askk
amqx
dlpm
abof
djxl
buxc
bmmb
dffh
bqzo
fhyp
ebai
cokj
dzez
cbrq
eucf
eyot
dojr
egpu
fnvd
dncb
fbbu
dhwp
cjgu
dxax
aspd
fbwi
ddwy
dqjm
fomk
alka
ejou
dcps
cacf
baca
ducr
dxsi
cpkn
fpmc
east
cikm
bgjx
elji
drxi
acuz
fpjo
dzkj
feby
ernk
dqby
ccnp
bpek
chqs
chsx
acdx
djgz
fmxz
aahv
biyi
bxvh
ehim
apvh
akpi
ewjr
bsmj
flaf
bzdk
flum
cykj
cjtu
ebzg
eazm
bnzg
cbap
drnf
dsry
ajpu
dwoh
fcjx
bdrn
fbbs
bdha
axtz
fecp
ctit
bkjc
ayyz
clob
crff
dvby
cvrj
dtow
czbo
ejyy
cszb
aiek
dwwn
bfpc
caxv
exjn
dlde
egub
bkyd
bate
dvnk
elpq
djtv
aaqz
cwzl
cjqj
ehgu
cvsf
aztf
eqrn
djnk
cnua
bntm
aazw
ajml
dffo
arbl
cdep
dwri
aawn
cpqm
ddkp
cexe
bmsy
cger
dcfd
bswm
bnvk
bxqj
aeqq
endd
fepn
dpyr
dvwk
ddqr
ehwz
bksv
fqhw
bmzg
cfbg
efvd
cfvw
dmrx
fbyk
fkdv
fdet
evak
dazo
dnzi
brrm
btkj
agxx
buns
cyrb
brrh
fhxa
bkxt
deea
dfkl
cdss
euvk
awut
aejw
daqr
emjm
faoq
cxpv
erjf
flci
egtf
emas
cepu
cajw
dthq
cytj
ereo
erii
faqf
dibx
fgdb
cqbn
fazh
cjnv
eobe
duli
acjl
asdd
djmo
bkuq
dahx
brvh
elzn
chwq
dpdb
dtqi
erbj
ayie
dkkc
dfiu
dlcd
eluy
emku
aobg
ciez
ditt
bvym
dceg
arun
cqrz
fgfp
fjgq
fbdd
bwye
dvqd
dglh
ewsk
cxzr
dsqx
bocw
arwf
btxr
ejfw
dopm
awwv
cmtw
dhst
dhoq
bvtg
dcpp
auny
eazo
bnkk
cjmk
ersi
cniu
ajqm
fbxw
ersy
dcfy
cqew
ewqh
diwf
atxc
emis
cdoc
bnjb
eybo
dylj
brjb
cydx
baxy
chwa
bzmg
exmr
axot
dxyg
elwn
bwgu
dkwd
auhc
cfbm
ejpn
bfdm
curk
bfuu
byii
ehpx
aiyk
amgg
bdzn
fdsz
dtam
bytc
blkw
cuhx
dqni
bmkq
aagq
dohb
ejru
ehwl
dtsu
epus
bclc
evyd
boqa
becg
eeej
eiog
bqmk
fayc
fjct
cojl
ayry
arjg
elfu
bpzh
fhwg
bjii
bqxy
cfhn
dgfu
avbr
frxr
cbyv
dnqi
bfzd
azza
eepo
ebpe
egge
avtv
bcjp
dmey
flmf
anyy
bcam
dzev
bkaf
blkj
bbks
ebdc
fknb
deeb
bpux
ckqi
agwy
cqbm
fkfs
aner
cpjb
auor
efvp
btse
djht
atmh
fqzb
ewqz
dkom
dtjt
fahd
fhnk
ffxt
cequ
fklc
bstz
ewxn
dxjz
dxuy
dogx
dgvm
fgbn
dxga
elbc
abqi
adfd
cide
bsbt
axrl
dwjh
cekz
bxsj
apdr
ciar
fgej
eksc
bimp
cxri
cjmc
bgsn
fnei
bhgj
aedb
aqdy
ejuu
cfnd
azww
casv
ckta
enxm
aahe
acyn
czxm
fmhj
dvxe
djhu
bqxr
ejuv
dtte
crty
cbba
akgh
bcyn
dpqv
btyo
bzhh
bzer
fjoe
cjoa
dgdm
bkpc
arwe
eozm
dyag
dmdv
fgdy
coiz
bqhu
eahe
cjhc
cohy
diks
eozj
aivi
cggs
dqie
bdye
bzog
awdc
clbx
amld
apdh
esqx
dyoa
csbi
bcbu
ejzq
avhr
bvhj
ckmc
blia
fojg
fijb
fmyu
fimt
ezmd
cluu
aubs
bijd
apxn
ehru
fbzk
dtnz
dhvy
fouq
dtcm
fqqv
btwn
azcy
fecg
aves
fhwo
awcv
bxbp
bfdn
efno
dndj
bccz
ddiv
fodx
dudv
aohf
cuzu
cfbs
dgjd
bxjm
ccwe
bahl
edix
bvoi
dryx
besu
cxxf
fqlm
avzz
eajj
fgpb
cezi
eijw
azyj
cymb
ecwl
cifz
axip
algy
bcaq
bknx
fmpn
aflr
dopl
dxxv
ebyu
brpv
emue
dwiz
aooj
dyjq
asnt
ejvn
erqt
eoou
dnad
etiy
ahbi
bozo
fbwb
anar
anng
clay
ddkm
fdsw
flth
afjo
earz
cqqg
czld
agma
fiew
anbx
buhk
arbn
evmn
bdfu
fdrh
aktc
emdx
eimn
fjkf
ahls
etnn
dzlx
ceem
dfys
fnrm
brkp
beyx
bftd
bbge
bvvc
edcc
bfcg
bndt
fpvv
bpyy
faty
blha
dmbk
bhsi
batf
dwhe
cqzn
bizf
ebax
ffhk
emnw
dksf
bldq
cmem
dxgq
byrj
dozb
feth
eezs
euyq
advu
ateg
cfyn
cfxc
ahep
amgu
acfl
bqpe
djsb
dnjc
agbq
dhdb
bwvl
chfj
eppe
ebpr
arfp
cagh
dacn
atob
bwjw
bucd
axus
ensi
egta
bcrq
avgz
dxat
colz
cbpt
didq
aogq
ewvv
cyeo
bhev
edrm
ctte
cxvt
cwyh
dozg
ewbg
bewn
fnbx
faca
dguo
cigh
dpev
blvt
divd
avmo
adgq
cvmy
chce
cojz
flmb
ebth
bnzk
emwb
aeya
ewwv
dnwd
djrl
cepf
eyef
aawt
cgep
edyd
bnhq
crtk
befz
ezrt
cpin
bcko
couf
ctzs
dyho
craw
eipr
dskf
acls
aenu
dvjd
djmv
dpid
bonu
alyt
chzh
cvpb
eown
cvtp
date
arqv
eqno
evzw
cjch
bfvj
awgl
dxnv
fhwb
coah
cqzm
agus
cglx
eedn
dzoo
dujc
agrq
dsuu
dyzd
dobh
durk
bpwm
bahp
etvr
fotn
erso
eblg
fane
aslf
coyy
eclv
eyjg
cuii
dpwg
bmpn
clbf
dguu
dqwm
bwze
cvqc
aaru
chpj
ehpw
exph
fncx
bogc
ezfq
aykf
adgd
amhy
fjxd
apsf
drcq
fqiv
ffzq
atzd
cqgf
cpwi
dwpw
azcr
afni
fcry
aezi
bxcp
axod
dabh
cfiq
dtht
cxvf
aagv
ebjc
cqlr
fcqc
bphe
bopi
ffcz
ffvt
bxlj
dszp
eqzf
awzu
cfmm
ffaj
ckix
adbe
buca
chom
asqg
ejfv
btel
fjta
ekml
atff
bcyo
embg
bzaw
czdd
eswl
brho
emyf
bukz
dgbx
amgt
cqkq
eyzf
farz
acik
exsh
ffuu
eabx
bigt
etvb
ccjy
aewe
cavl
ebau
dykq
ezxb
cjxs
avvx
ayyj
dbrl
ffcf
ekko
cvey
dlku
fkzz
epqr
dqnu
auid
emhm
afrw
edfq
dodz
eila
ckvr
egwi
fgvb
byoo
ayiz
degw
dvad
acab
cxkq
etqm
dwbb
fizj
ctvm
ecld
dhsn
clzs
aveb
bhpa
edbb
fcmv
buwy
byvh
drtc
degm
emtd
flzg
bmpa
cwus
dmnr
cxht
fnks
cvco
arnf
bbxq
axdz
bawf
fcqa
eore
cink
dwcy
eobs
flox
fcvp
cxds
frqh
dsae
btxf
cmew
fkeg
cjus
ejbh
fcst
dpmt
dzio
dcbx
frsk
bobr
bmlw
ahpd
fobm
enmb
buwx
bjbu
detp
calu
clki
apbc
enlj
eikh
caof
fgss
cmxi
cqpu
bnxn
dppp
dksw
fflf
amja
eghr
bfun
ciqj
awlj
dhuw
aovu
ckll
dqtv
axma
cwvi
btdu
cwzz
fdyy
dazg
dtli
epwq
cedm
dgrp
ddut
coqf
aijy
coxi
frho
fldf
avov
alrg
eeyr
dofk
baqm
dimo
ctkw
bhdq
dkkz
eyjs
fbon
fakq
dkqa
epoq
fmcr
boik
bydi
aukv
duuo
domv
exif
fobn
abho
azqc
esgg
drrg
etsg
bzcr
fhir
cvzx
emix
bgmc
doni
cvor
ampw
cgni
awes
cpwc
atlk
exbv
dizh
czzi
bgea
cbwi
bcnb
fiod
bhtw
ddxr
beou
btll
duqx
ehvp
cejd
btzz
drid
ejfu
atsw
dzhd
fgps
dwqs
cxvd
ekks
cxjv
bqka
fonu
ddjk
fcqq
czlo
fdxq
anud
bboo
awwy
ayid
edaj
faay
djoe
eysi
drot
akuc
erxt
dqmy
bzzy
atvi
dzdd
dwxz
dlzp
ebyg
aede
eyqx
fmuw
edlw
atiz
etqx
auil
ayue
bpci
bndw
dqeb
fmio
cyfe
biro
dksa
evcg
duee
bcjr
bzmz
bqxn
cyii
bkhh
ebpu
ajbi
bvju
chaz
flzs
bmev
fgzy
fark
elhn
cbnu
eugo
aibp
cjzq
cimp
fnqh
bbyr
cvwp
fpbt
dcxc
cjie
ddgz
dmxw
cmur
duoa
cfkl
djnl
fmqy
bjps
dgni
dznw
eqyy
czrs
esqd
adrz
fosx
bbfk
eivg
edwc
dwll
caxg
edex
aptp
bnsn
cfos
abvw
cxum
fprj
cwvd
cbwn
coxy
bbdc
ekxc
dbow
dtir
dsvs
bwgy
cxde
afzn
cztz
fkss
dkxd
cuae
fcwu
dlgi
cpco
czzf
djhm
cowg
cufl
daav
eapg
bazp
auuc
dmeo
dapv
adqc
alrm
azzu
ehfj
ezyy
dzdj
etgw
ffmp
bglr
drlu
adjy
flsf
bopb
cfwo
fqxt
appl
dqwk
etfu
dnps
aqjo
eszh
epef
blgw
eejh
ddlf
agtj
chni
blff
dlra
cvdr
clrs
emwg
auvt
cbza
cjqr
cxcz
eeee
deyv
ctdo
drmt
evin
cyih
fhhf
bqjs
bvql
eozi
faga
fqgo
dlgr
daqs
bzac
emni
bfcx
fcpo
bxhr
ehxa
cyjc
bcmr
ctma
ayyh
dduf
cove
efmn
ddhd
enbh
fhra
cxiu
efpc
etds
amyw
etsd
anpp
euhq
dytm
bvhy
bfck
edtu
btii
cyvj
bhbt
aqvj
dfxi
ewoe
exga
enjb
cads
bhos
frga
dfdv
feam
femc
eetv
awms
abde
emkj
cddn
ctdr
dszn
dsvv
eeak
feqd
derr
ccxr
acqe
efhf
ewwf
ctfj
fgpl
etve
cygx
bwyx
dcmm
dtnn
cxld
bcqd
emps
btvu
andx
cprv
ewxu
cfsv
dvvs
evck
aenr
agsm
fcqm
ecup
dlmy
fizb
buwu
flcl
cyee
fktn
fltb
eevw
aetw
elub
bytb
bvuv
efxy
fpwh
bmhc
afrx
divx
fmhy
fgvg
boev
acks
ebsw
bhsp
ayfb
dohu
bhfe
eipd
dftg
eevx
dpga
dvba
dzzs
eurb
dhab
bwtk
cjay
fdus
fcny
bkwo
ebcp
dfqe
adfz
domm
dans
djhj
fpxj
dlvu
avka
ctln
dend
btfe
ddbp
cedk
bxgb
ehqu
btwj
adox
djwm
btng
bkoj
fqfi
bjhd
cveg
drod
dyqg
ffrl
dubr
aejk
dsxk
anin
ayrw
aefz
fekm
cxby
byjt
cnel
fpoo
ctvt
eihm
epad
fcuw
elpz
dfxy
avgw
dhod
bear
ffgd
fake
adif
cumr
eyqu
cecr
dytr
abah
dgif
bxgl
bgtl
dtvr
doqs
cqrw
aaqs
enhv
bjua
efci
bomd
eagw
bkxc
ahlh
bmkx
cohv
anfh
ckcc
dbef
azuj
fohb
floo
bnkj
bezw
faye
duge
eovx
cjuw
bnih
fabb
atop
elzt
cqdu
dplp
aakv
affb
dxoh
byml
etlp
efjg
dkpd
dmvh
fdfv
colp
cjpt
elpa
adlk
bqbp
diqe
eyqi
dyiw
cnbc
aofh
cvub
cunc
ddxn
bize
dvhe
avgg
adrw
bghc
bfyg
ainp
ejuw
ckpi
axik
erpi
ddkb
cnog
ctss
bjrz
bgwc
drlr
aydo
elcw
busg
dsio
alou
cfry
avxc
bzxi
dygg
fdfm
bifb
dedh
cxzs
cucx
duwu
aecq
eism
cboi
cpum
cwqh
fmmp
fakv
bbjz
bmoz
aoog
expe
eruq
amcq
bywr
ekot
duvh
clsj
ekyc
acdo
bnzv
cqxg
ewoh
cypw
agkm
dxes
ehhs
dnkm
awqs
cpez
bwto
akua
clfn
eakd
ddcp
fhut
dziy
aitj
aoyv
ffki
emgx
eyqt
dojv
fdfk
fild
elbo
dnwv
aeun
frtn
ffpx
bvfz
cteb
cynf
bwsm
bojn
esoq
cmpe
cyiv
azfi
bgrd
dpsh
dkhh
dgkp
dzql
dhom
aada
csam
eiwd
ckxi
aunh
bsgq
btrb
cuco
achx
fkji
cvgw
cdqz
drkg
bboh
eoui
fmju
fdmi
bypf
abxa
bcws
axjq
eysx
ehak
bhdh
csgr
dwxx
cloc
fnfh
baio
fciz
abml
dkgl
cwjb
exmy
bwab
bzkz
apet
aorc
dqol
cbdi
etyg
evqr
azrh
fpbj
caqh
atzn
bljk
aqhp
elwl
beko
etac
avqp
eima
chpx
fjed
fhiv
aivc
absi
fakt
bqnf
fddo
bayu
ebiy
dwry
cijj
afec
akdf
esuq
dlce
elcu
ezre
cpbr
dhek
enzw
dzme
dujv
armh
bxqb
cmnx
awih
aqmg
ctgw
eypm
bglk
agbj
bzjg
dohp
bhee
ccav
epqi
bodv
ects
fmmj
cbfp
amrj
bjxt
eqtw
fkrb
awgt
dapa
anxf
bayj
bbfw
cazq
abyp
flos
fjnj
bsxq
annp
fdat
fexq
cfex
beig
aotk
cbmv
bgtj
etrf
arvx
dwwx
bwnd
adig
bqwy
babs
dzfp
clrg
ebjz
aasi
dkgz
djkg
duoh
akot
egrf
abrm
cjfq
flzh
bycv
alws
cnpy
ahdc
ckrg
fgln
bkyp
czep
bcpo
dfua
cfcc
ddhu
cbqb
dngx
bfan
dxaz
aywz
bhub
dthr
arul
ampz
dgts
dxyj
fcub
cwat
ceqy
cjzu
ddzq
ctro
ddts
fqra
edxl
cvlr
bpan
drae
arat
ahjt
cdre
acyg
avzc
cqvr
crfa
fqpx
awga
dohr
ckqg
fook
frce
clzk
cebf
dpdd
ench
dfyh
bjct
aznp
fjrb
bawr
abcw
fbor
czwl
ctrx
agrn
bvyr
dbbm
bfyn
aohw
ahjp
efbe
fcad
clex
cysu
bapj
biqt
ammx
egsj
cwgu
dhnr
cgwh
endl
flsv
aztc
cuju
cgwq
aqwx
fhtv
bkvw
atsf
esay
ayxo
eqpj
dyjx
dsbj
dcwl
eeev
cghn
akfd
cwwu
beun
azcu
ehsd
ddax
eakr
ehhw
ajdm
axgi
cxlv
fbkg
ayis
brwm
ajzs
bvmh
ectd
bnss
bhps
cibu
eili
fgel
fhav
dhjt
azdq
cmmd
ccyt
eliv
edte
dfbn
fnyu
coyo
enqx
eaho
cmfd
dyqm
cbld
ehec
ctda
docm
dosk
dyfc
ebqu
akqr
bnde
flwi
dckj
dclv
bvmj
eybh
ceyx
crpp
alvy
acnp
dojc
bwyf
bywj
cfmg
aajf
evco
cvgt
bdaq
ehzu
ejwq
csfw
bkyr
bekr
drqk
dwdo
bjez
daxr
ahfl
bvqd
bfwo
cuis
cadq
bpde
dpur
dynt
aqqz
fcjl
eqfo
akgd
dlmg
epep
dvji
ecbc
ahzg
dsea
anuz
dcjf
cqds
awpq
coqi
akfg
chwv
dgks
fegu
fias
deuo
cjrw
cdbl
dljl
eycw
fjwj
casf
dezc
dlxz
akpw
beqn
dlpx
fiyx
ffjz
bvgv
edsu
daqq
dkym
efca
bpgg
btms
csnm
cluz
dryn
fdgc
dzek
bivm
dpoz
boeq
axfe
emqu
chab
cgvt
cttl
eqqj
ccin
fbax
ddav
eynq
ffgq
dvdb
cfmq
dvei
ctnb
awag
eolf
aogv
focv
cscg
blxi
aaez
eadu
ddfy
boty
bbmm
ewcj
fguy
drbe
aopg
dmsl
ebnb
fqmp
fjii
bomb
emcq
apzn
ayqc
atph
frkc
fazw
dwml
flfa
azjg
axkl
ffmz
cgyx
djtn
fodd
frbn
bnmw
dknp
etny
dgpw
cmma
bzod
eiph
bems
eyfw
cpeo
abma
eobp
euun
cumx
ewwc
drtp
acff
fdif
foib
brgf
conu
eucm
czmo
ehgs
bflc
cili
cvcz
cdhj
bygo
ahzw
bxuz
fcku
ewka
aoyd
essi
dkct
fllu
ejlc
dqxf
auer
aacn
aiex
alzr
cbax
atgz
ehxo
easu
ezsi
brgr
afve
doao
eegs
ewex
cltd
btxv
eoyp
eedb
brkz
dwgs
dkud
blts
fojm
fpdi
bgmq
fgqk
fasu
awls
ezrv
eucs
ddsa
ahwn
ddtd
bklr
aazl
cimx
cwvz
bper
dbcv
fpcc
dqak
cepw
bkfm
bxwl
dyur
bhco
dmdq
aomp
extr
antt
achi
byjk
byvk
aknk
eohg
dfrx
bvag
eqwh
cvnd
ciih
cwjp
befs
cvds
cggh
dhbb
apdw
fiqp
eqyc
aesw
cvjs
acle
agdz
doma
fcuu
bnqg
cqui
bydb
dhrk
fplw
fkva
dmhz
btnu
auxm
fhri
bqkc
dvqx
dpyp
aocs
ewzn
adwc
bcic
eihp
efwx
asgz
bibs
dpim
eozv
egkh
ewpp
dwwp
aczu
djoa
cihk
avxl
fnwj
bcrf
fiey
apke
fibz
aruf
ayvo
fauv
dkii
drgd
arhv
dcim
akuv
bqrl
adhk
dimp
bhvl
eiro
dngj
bhwb
dskp
clyu
bpqy
fbdp
adji
avja
bkfz
fbex
exxv
avgj
bfol
ajhp
akbp
dsvt
avpl
fmxo
doph
dxnp
ektp
abns
aefh
flkz
fdaq
bduj
cscu
btdq
cixy
cycn
bfxe
athp
disd
flau
fpol
blww
cwbc
efiq
dmsk
cnfh
eqfk
ektw
crwz
epkw
dgct
esav
erps
cfzw
dfwz
adyh
doag
aqvx
ably
bxqo
bubb
awyi
eltn
fqqp
drcw
drlp
ajcz
asif
eqsw
cpbx
azqk
asxl
ddzv
foka
akcc
cnyr
chgo
dsfi
bhwj
dynq
euvl
bahw
azob
bhfr
dafj
etex
aqro
feik
esca
bnto
fmqd
fdhf
cweg
esii
cbox
blcc
cnfb
ffot
finr
btss
cump
eoco
cgpg
dozm
dslb
aksv
azev
ajcb
agvx
cmkn
aych
aleb
dsiq
adry
chxa
exmp
cdgf
dsth
erst
ctnc
fcjv
dnpq
dkpj
avea
auip
egqf
flpb
areg
effu
eoys
blwh
fbck
eajn
bpod
asrs
bgua
cxzy
ehbw
fqyz
asvx
epsl
evtw
eikp
asgn
ehgb
btov
duru
arqu
elkn
buov
bnff
anpq
fhsp
aqcw
ejhx
fdvy
ctie
flti
dywr
dlni
eukd
agyj
eehi
cbig
ebpf
cykz
dpde
aztn
ebya
csgl
cljq
bjqe
awdl
escj
ahje
bvap
datd
afgt
faag
faoy
enfd
azgc
begv
evzc
elnm
crro
bobn
ecbx
fenl
dlja
abdn
fnbh
dbby
ekff
euhu
aqgl
couq
civf
bjrj
eqaq
euxi
dcyf
ehkj
aueo
eeal
brpm
aglb
ekdj
crja
ffny
eeps
cxlr
adid
bwne
flir
brkt
ahul
cetc
clut
chsg
cknu
civh
dafw
fhwz
dmud
awyw
fglm
dncj
cilt
appi
duph
efrh
ekwd
arok
ehfp
dlhj
aglr
drrz
aggc
cpmd
fbvl
dhbz
bjtj
dltn
ashc
fegz
eqwj
bytk
aclv
fnyh
eqrt
fiof
ewwe
cfif
fqev
boii
dagr
dprf
dnfx
aarf
fdkt
acly
enap
chkp
cvqs
dasz
cszh
axhk
dgar
dayw
doja
elje
anur
drgh
azmf
bkre
frtd
byif
bzqk
dlal
fbps
ayae
fdfw
axzd
bonr
fcrc
aggz
bwqi
adfq
aews
berx
cske
eeqc
fckl
espi
bqzl
cljp
eeyf
djvw
flvd
bimy
fgkz
flpe
daox
dzbu
ccdw
dkcd
aqmy
fnme
aejh
aati
dawy
cbmm
ffci
deoj
csil
dond
eess
cqiy
fats
dohv
deuj
blny
epol
evnw
fest
atpy
abrh
bpkv
ewsx
eyha
fivc
duml
fmgi
cugj
auou
atdo
egyi
dpys
dwqn
dyeg
arij
bfag
afdb
ekub
amfb
czjm
ctsd
ejks
dxzt
fqmu
dvhb
etoz
ebqh
cwcm
ceyc
biha
aomf
djpj
etud
eehs
ehkd
ckpb
dmcz
exrr
ctyw
fgvx
evun
dolx
antr
blbj
dbvi
etng
ejpp
ejux
dpxl
ecqj
crok
bvlk
aakb
bcpx
byge
fgjv
eheg
bloq
elkg
anal
cwan
bcdw
fnxh
dxvy
dtsr
erqc
dqxd
fafl
ddca
djmk
aoav
elkd
eqmm
cuvc
ffeu
acsu
dmme
ansh
clte
dcbz
bfvl
fqjm
ctrq
cavw
dcoj
bshr
aqch
euvr
bave
eajb
ewhl
difd
fovc
dgrv
etjk
eqin
cfzs
dlem
azay
enlo
epxx
bkya
bzyk
fope
aoaf
daba
cdmt
cvfz
divw
eryh
atlm
dpky
akmv
bspt
dcxu
dbfe
dvxa
bxno
dokh
aptr
blnt
evtu
ekpj
dtom
cvbj
btvo
awvu
eywa
cwhg
fmhw
doue
czuo
dhed
ecjz
cktn
cqmi
ejdp
dkol
dhis
blva
bnha
bxxv
cbfj
fkig
cveu
dahp
bdte
fjpc
eeyd
fjgi
dnxi
ewwa
aern
buub
epxc
eyga
ckux
fkyf
bhzm
cqfp
ezsw
ctxg
cjgb
bmma
biko
dxxp
egwt
asys
cppl
ebem
ezay
ehju
foag
acqc
dzft
bgwz
frdw
dvlm
dfaw
duvt
arwz
clho
dztv
dkgt
bmes
evaz
cpxp
bypl
caif
bwiv
domi
anzt
alwl
doxc
btxb
blhk
fdln
fdjj
coie
ardq
cetu
ezbe
dtgn
erla
cjeb
acex
ffmb
bczx
cfnf
bmcv
dune
crrz
cenl
cptj
cbrd
cnma
ccar
akzm
blpf
cwnq
dvxi
frlt
djkf
ebib
fqzn
bshd
dsxx
cyxa
btab
aocu
erxz
cbcs
esfo
dqmf
dytp
bhgu
awkc
elbg
exio
enqs
cfpy
aijh
dgbf
fqcq
adjt
cmrf
acqt
aqbp
dqiw
dlpn
edqh
afdy
felp
ewmf
ardb
blwv
ffnp
fioe
fdui
cucb
bcdy
aidl
cpbt
bhjv
briw
ctwl
etpo
baot
arts
bxmq
fkgn
bzip
bbhb
awwn
bpsa
frep
dbvr
bxfk
bgek
eufn
fqtu
epcu
egzv
aeky
exzn
ermg
dzdm
aune
aurh
ckiw
bfic
dmvj
dqfv
emcl
bsrl
cwsv
burc
bvpm
arkp
cwbu
dthl
dlyd
dbau
dppe
dusv
dwfx
bpns
cytq
awct
bpoj
byjs
dhyw
bidm
bnmq
ffmv
daco
bvwy
ejcs
cqzy
fitj
cech
eqip
dzxv
erkg
ekqi
evbb
bawy
bnhi
eonm
cthe
egmi
euhc
adpb
epgg
chno
cwgz
febv
dilm
bchx
asmh
aglq
aoso
alxi
bjgw
dauy
ekeg
aepo
aiqe
deha
egew
eoyu
fowy
darl
chkk
dhgh
capz
eyze
ehia
ezns
faqo
agss
dlgx
bhpq
dxcm
cmnu
djrw
dldu
fpyl
diju
dlsl
eydt
bydl
einj
cqta
dzji
dere
fnsh
ailk
dkxu
bski
buyv
azwc
fjet
akej
ddge
cxej
ejev
dwuy
dhxr
eqra
anwj
bnig
fcur
dwgj
bdom
dfjb
dzri
adbh
deqr
asde
brzr
drwt
bpvg
fosk
bohc
bayd
cqfa
dtkt
ahjz
dotd
ebcb
ercn
errz
cory
eiwj
bawd
dubh
fedc
acnd
cifo
beco
eoli
epcb
dwnq
cvei
evfd
bxfs
dtxx
btyu
alnc
egxy
eaie
btou
dvdf
bnsk
epgl
fnva
dudx
bjay
agie
dfjt
brhn
casc
bkef
bcxs
eebu
fpvu
cwaf
cvqr
byli
auah
cnkh
akrd
fchu
arik
eohh
cjrz
cwnl
byoi
fjok
crqc
aqzg
dqmb
eprz
axcc
btwh
ajwx
fjym
fdof
aqag
cxrf
bggb
ditu
abzr
exqx
bnti
agdr
cgdd
csoa
dnrs
dshl
cgbj
bffk
bzrm
byff
auya
drff
aweo
faph
farp
cfuy
dpsu
bzix
dssc
dkls
buif
cgbu
ednc
ccwx
faxj
dmxs
ahgl
bybu
bywb
efxq
akdl
boyf
emdi
fovy
emwf
dzdz
fgdg
dwsr
dpqf
axhm
codp
avpr
ejix
coyt
cvkv
dnpx
fbky
falx
ecea
eyrn
cewz
fmgz
cdtq
dktx
efxh
bsau
cjee
drhy
alpe
bqym
aavi
bhxt
cbls
baez
ffdn
azqe
cqzh
bdim
bxaq
dydf
aeyd
arxx
auko
aozp
brzz
fadh
cxcm
dzdb
fice
evse
ddjo
dlyp
dglp
drmz
ckdq
esch
bmhn
bnax
bawb
buqk
eqdu
dkdp
dhye
ckbb
dttt
ctfp
bktf
cont
abmk
cbxm
edti
ddug
aurk
dntb
ehqs
evzg
awid
ahnu
aosm
chlb
eiha
fnqq
fonb
bpms
ahem
ffog
euob
aqcp
dnif
abav
bdfk
bwqd
exvi
cyuv
dxsp
eccc
egtw
dasa
fmdq
dven
cjdq
aswy
dwyh
ehnk
cdya
ejff
cwjt
aazs
ebcq
fgsl
exge
aghq
bwkd
dchn
ddfb
ertm
bitq
cbof
aztk
ezpk
cgam
dhrq
chri
arls
cnpo
fdwo
fetf
eodw
akjb
bbcl
bvti
cxek
duqa
cqvp
etao
coma
eucc
bbcs
ceyn
bplz
bwez
aaoq
aana
djew
cscz
asbc
dsvy
esnj
epsq
bmrt
dozv
bypy
csnn
caro
bnsv
auwz
brhu
aykk
ciho
ckth
eggb
amrc
avfl
epog
bhmq
bfnp
booi
cvld
debx
berh
awex
eixa
ethw
apjq
eixi
cbmy
djmd
ejxm
eppj
enhd
fmur
cjky
exds
fjtc
ecuu
ezkr
arqx
ehqo
clxr
cays
adak
eppb
byyq
elml
btgt
ertp
adue
anut
dffa
dqua
cwoq
dxjk
eknr
ezco
dhov
bpuw
fiiq
cind
ahza
crht
dxqx
bplu
febg
efrg
dgos
axqx
cvcf
exgs
akva
fhgh
fmdz
cegp
brap
fech
fmhm
bmof
atyl
cnmo
aeuq
cxfh
dnwc
cmfj
bqac
aypq
dawl
aukf
dvon
ajqh
eysk
csnl
dadf
angb
fglh
etki
ascd
bfki
ejuj
dcmf
aczh
chst
ewfn
faht
cnoi
bocj
athc
bkol
enut
eaeh
beyh
fkuj
bchy
fajd
cnra
fklm
fhtz
bxfj
cdpr
bqqx
fezt
evqa
cfsy
dtrm
dhpz
cpni
ddhy
fbwj
fodq
fnoe
fdzu
bdii
bxau
ausp
fawb
cmdw
bnph
diig
ersh
ctnk
crxw
fmpm
arrt
fkti
dcso
ddrg
bezk
bxwt
bacl
beju
bpch
dyzq
emfz
bluf
aotq
feoi
cewk
cpwn
bbhx
cuzj
dsln
fpqs
frhf
bfrq
awnx
fbvc
elba
fcxt
dpum
edjn
forr
dwke
cvcx
bltz
bbvn
fbif
bjrm
bvvg
fott
auet
czhh
fqwj
abip
cjhi
bstu
bszj
axal
fpfz
bxmi
awce
czyj
cjjj
cxnw
erpf
aquu
abaj
brpq
dpaw
dcpx
dgvq
dyrw
adup
bykj
btlj
ayai
ecuw
cjep
cgrw
dcor
auwl
eznm
fqdu
bflw
dpwh
bcxi
czxo
bukq
chac
budj
fpno
cpzh
fcer
dfin
baiv
bbvw
cqic
adsh
bdpu
amee
afoy
fqaj
djnm
damo
cmyc
fayh
encw
cgjm
dhjp
asho
eglq
bgbc
cihm
ewpz
esgn
eupn
aicu
bxsb
azfh
cfuw
bgli
cpdu
ewuy
echg
bion
cqfg
epbo
bqmn
btgz
bzkf
cmpo
bvwi
epyi
aobl
eyhw
bwvb
eiyy
djpg
epcy
dnvq
adpd
bdiw
dsbb
djxe
faxy
cieb
awol
bihx
feya
awiz
duop
bfnn
acrd
eoem
abgh
bqqw
dqyu
dzan
dkhw
fjgl
crrw
avif
djac
epup
akmr
eziz
ackw
blfj
cozo
ebcw
cfat
dnnq
bzvx
cgqw
ctxl
eiff
cokn
azcb
aefn
acek
buij
eghn
ddfu
erau
cddz
abtw
dhsk
bdct
bisp
etfb
cspo
anef
fcan
dqvv
ewyn
duya
dipb
bjkd
cbte
eyku
aofe
ffst
bgxv
cspg
dijf
blar
csqc
agdb
cedh
epdi
bmqo
ckir
flnl
ayor
beah
bvmk
coss
ejqr
fqwp
bebf
aovz
ekcg
amcc
dpem
aylp
akvf
fnkr
elja
dtyt
drxa
cbzi
dihp
bmwq
auwn
dlwg
dsqj
awyf
cuxy
dvzq
cwbk
acee
biym
cxdt
diwx
dirw
dems
fhiz
drdv
dgga
ajwt
erhb
cral
cqli
bztz
auue
fhyx
azrq
dcfl
cznh
dvat
cvte
feca
akdj
djpd
ckbi
fqxs
anzf
cdew
egvl
amjv
bgwh
cxav
aqnw
fhug
alsn
fftd
bpio
axga
fbxd
bcsd
derh
dkwk
dwad
ethe
bxox
fpfp
cixa
foqr
cntc
bteg
figd
eiiv
fros
euud
clin
ccgf
algj
ayct
bdyb
chvf
cqym
ebpi
brfi
cnzm
ckyd
ewqk
czkk
bspz
fnbv
fkkj
fqlh
apfk
cpuv
cvjj
bvfy
ebgs
faiq
bkwj
fgcu
eshz
byad
ctor
bumw
acrp
bfme
bhbw
cdjl
dcjx
eisl
feor
eeul
edjz
fcci
adqr
dzny
brlp
anya
eavo
fawl
aqqm
ajcg
acvi
adxm
fctt
bfdv
ewiz
bmeq
epbw
ejog
boey
egfi
bnsy
fpxl
cfib
axop
fcqf
cymf
cqix
bxrg
egzz
decy
aksm
dvum
fdio
dkub
eflw
dgln
evvs
eicx
djbx
enbs
dytc
cdfh
bkaj
fqoo
eiyq
dcbs
aqqq
amso
enko
cajz
ecxl
aywr
bzlo
ahhs
fraf
bhcr
eept
bvpf
egpb
beaw
bseg
chzm
djhc
eaxm
fltt
atan
dbtl
ddog
cpoh
fkyu
cnaf
ecmi
cmgw
dmhn
fosf
bmxh
cttq
eadl
aapq
emxi
akpa
bbgr
frdt
atsx
cmut
ethc
cuxg
ebgz
eaub
ccij
cxqx
awyt
eyww
ddma
asdx
ayny
eqcg
fbns
bfte
dawf
daab
fgwj
aopq
azzq
dheb
eupw
doyu
axbm
flmt
edxx
bime
dwlo
bhno
crdq
fnjy
cxyq
dzbx
berc
degg
bbim
eved
dkwz
djfr
etjw
esln
cclk
cntr
dyda
boql
bnmj
cual
eswy
azlo
bbmy
amby
bbbc
ekvb
egzm
agrf
dqkl
fkqo
fqrd
dhlp
dupf
cmnw
dmrj
btcx
axxf
dypl
dqxv
esjn
dxpx
aqre
ejfj
cyzz
aluk
cbwx
czfw
bwiy
djce
cufm
bcxq
assg
cuuf
eoho
boju
cjdm
dnqh
fmyi
dzxh
bxit
djwr
fjjj
dkif
dixi
ajnh
bwol
fecx
bwwr
ernd
cxmv
dovx
cxca
cizb
djvv
eccs
dpot
fiui
dtqg
dtxa
bfkj
clpa
ehcg
cphn
aspz
fgha
atqo
dqfg
flyh
efyg
dolo
awlr
egbu
bqet
agna
fpwu
eyvm
egya
dgyk
cyyu
erid
dmhu
eznp
fiwu
eyni
dxdn
dhut
cvpx
bzyl
bile
dtdd
dbze
aakp
aoaa
dncn
dtgc
algk
fbeo
ewly
apkb
annr
dprg
ehbm
doic
ecgn
bgxw
bbvo
abvp
dfvq
bghh
azoq
diia
este
cqlm
aaqi
bvhh
engh
fklv
bcsy
emai
asji
aasw
cylc
bvgr
fnqf
arsz
froi
aepy
ekau
bwzx
avnd
cuwp
fqkb
alzk
dcyc
abxb
adsx
czbn
dczy
bama
drbp
amir
bkrj
dzzl
cicl
dfrl
cgfk
ffjy
dwqm
ckac
faje
aohk
frih
evsu
ajiz
ekja
cjnj
axrs
cnry
fqgn
ezvy
alkf
bekc
bdyv
apqb
diqn
akcu
bhjd
ehuj
adiq
drke
auhn
bmxz
ciow
dmce
ecbi
fkww
cnpz
elqq
atrw
dwom
deqm
ewop
aovf
fjna
bhgn
ahsy
fjdc
ecch
dcrz
dnjy
asma
buow
fcdo
fjil
ekxb
eofg
ewps
evqi
ewme
emkx
bclp
bbnq
aiot
dpqk
djsj
embi
ecda
dhfe
cokm
bnro
dmqk
ekow
cblt
eglg
dkke
fbmo
dbnf
avyu
bibp
djvb
aqkw
bazf
frgx
aihd
dsfx
brsd
eioq
fjpu
cwhc
aumi
cxqj
dwpc
crpj
cecd
eadv
boqt
evxi
afuw
fdbf
dhai
dwca
auhp
cwhu
frui
euhf
aokl
ctol
biuq
chpu
dnff
avoz
ddic
cmiq
aqbg
bvkf
egqy
egon
clty
dqcc
cayn
ctxo
dgpk
cjzt
dbfd
fjrp
etmt
ajsz
bznc
ejii
dxiv
fhuz
azpb
bjtd
alwz
dsek
fhec
clvl
exne
aqgs
dvzv
bral
bcwz
dorf
byno
cvqd
bale
fnvb
bsvu
fqlo
fnap
diie
ffok
bjcg
alaa
ctly
efya
eoun
cfsa
ceaf
cmjp
aavk
aejn
catx
ehae
eacv
agcc
bpwq
ccdi
ecfu
bdtw
cdow
cbzj
crob
bkte
chpw
drzc
djbj
dsax
doww
cwnf
bvav
fdqe
dqjb
blkn
dhpd
dzyi
dneb
bvni
amfs
bquy
eazx
ahxn
epxg
bshn
epaw
fcae
aqjc
djsf
azii
bmwh
ddsk
alya
ebfx
dpst
ecis
coar
cdxv
armq
eesp
chsl
etxo
dwmh
dewz
bqwl
achf
bazb
eufh
ezzk
aonm
fmpc
dnal
erqx
csze
bfbt
asvl
ekrb
dnta
cqjf
bmjk
abzg
akjm
bjch
czhb
cgel
agmp
bjdj
fdea
bwwp
fbcv
fpbw
ffdj
fgqh
epqx
dald
dhwn
aplk
akat
bevc
aapo
ezfw
fggy
cgcb
eohb
djhk
fdvb
cyfr
cbdk
abag
ffii
egnt
fmtt
eefx
cgzn
dnex
dknh
cyzb
ddxl
cgkw
duoc
aujs
flzk
bayz
ejrt
cygm
asku
fpgr
cmyh
elrj
fjqq
akkv
btef
cdtl
dvkt
dyzg
evyn
aruv
fmaf
axir
chbb
dxdy
eaes
ccko
debp
azoz
bnpz
eekb
dxlz
epdn
cgnu
aigl
diwu
fffm
cxsp
cshz
cnyw
frnj
bcpy
cirn
anvi
bqle
ejyo
dpwd
dbtv
amnq
darf
fazi
etnl
aebh
epwc
aqmw
beot
cyob
aadf
ejpb
axye
fnjd
csvs
fani
cubi
dqrb
erol
fgxr
dapd
drrl
coci
byqh
belj
eruu
egju
ehvg
dewy
ciaw
eyxe
firj
bvlh
ezkk
eskw
ewlc
eruy
fihn
abzh
aula
cetm
ebdm
dlez
ecym
fbxa
aunk
btbs
desc
dvjs
fehx
cfmh
bxds
aima
cvqe
ctvs
bcyi
dclm
bbfd
fmjt
azel
aruy
eydn
bqlj
asqw
awau
bduv
bryv
bkql
bwwo
fdty
ejwa
fnrf
exhy
datp
btsa
ahwj
bgsq
doia
fhxd
dlec
dmzu
bzln
bxsq
ekvc
dpij
dtdg
fqka
dfya
bqox
aiwi
bvzo
eiji
cjsf
agsn
cuxu
azpt
bzee
bafa
bctj
aeow
dwub
fphw
fazu
aten
atvq
adra
dhra
fobq
fhjb
ccyb
axqy
dwcj
dgnz
bhey
egdk
bnwx
cnnn
cidy
exaq
balo
ayjq
fluf
byww
edvn
emqo
ecmj
dauz
czjn
azhy
ecwv
denp
bgbn
cneq
chzr
bafn
fjsi
ccle
brlk
dqqn
bmls
chll
fbcx
awqa
bdru
emwm
fqdv
ddqc
ehyu
dkwl
fihh
fldu
eweu
cznx
aioz
bvnu
buts
egdx
cein
emwx
azoc
echa
cpqt
fklz
epsx
ekzk
efaw
aelr
dbou
bhuj
fkkw
dpah
dgcy
clqs
ehot
btai
chsf
byah
ewmb
aikr
evtc
bycx
alix
cakb
agua
dvfh
atxi
etzl
cvpq
edjx
bzbj
btfl
dmvz
cyjj
efnx
beia
bdzm
fdrx
czfs
ased
fddd
ejhe
bjqc
cdco
dhak
amwl
fodi
bqvv
cfgv
dmek
fqtg
bcbk
ducs
frex
foxz
bhct
fohm
fgbf
azjc
ejjm
colf
clmd
dyrg
ennp
bhxk
bsqb
cmvg
cugc
fevo
bgry
clwk
dcya
cvla
fdws
fjvr
bpmh
efou
bncv
egzq
cyuh
cnze
blnx
beqs
cjpc
axwn
dnao
dsyf
ajkl
aptv
dcrr
exqh
ejyl
bhyd
avrh
ebdk
agwl
aewh
eghg
ausn
cmei
fdwu
dxta
avzb
fkyq
eivy
cedr
dfyy
fbhp
fkgu
ajex
fkop
dxpu
eakq
cwqq
bdjs
aili
euui
cplg
ddqn
divb
dhja
dzmg
cyjy
dkrw
dudc
dewp
egwo
criv
dwee
chmf
byio
fiss
agch
enkk
exxe
ewvs
cezl
djos
aubl
aebx
esjo
clvi
dacr
aomo
dknw
cnic
bvez
ecqz
fqyo
aqje
cihg
cdtd
abtk
emmv
filw
eswj
addr
ezot
asbk
egyj
cpsl
fnoq
fajz
altf
emvx
bwod
ciok
bolj
bwrh
chhk
exoq
erxv
emjh
bddr
bpxr
eeht
amks
dhft
blvu
auqe
fbgg
fhhj
abfr
asjp
ezyh
anje
aosi
cjuy
deiu
afvi
ctfl
bphw
dpnw
apoj
dclg
emle
facr
ccmq
aksy
cqbk
ersq
caoj
feij
dlnx
bkuy
djaz
casb
abzk
diqm
fjdx
chwz
dzho
edgo
avvn
ajlh
bfwl
bipe
ealn
cxbe
eiyf
edja
bpkg
cvat
abqo
bjza
cmlc
eoqa
dwvy
frrq
edpb
cdrq
dsuz
bjuu
fdrt
bwgl
bebw
aqwt
eywj
bfgl
foxj
bzfq
dkqy
ddeb
bmgu
czan
bboz
fqjt
ddga
euqf
ekii
ewdz
fmuj
cugb
fltz
dezr
cjok
fdzf
dnwb
eqmb
bsiu
efan
cvdq
eebo
bdas
bdme
boes
dnxc
dfev
fnyn
ezoy
ecbo
bmad
aysk
auad
asot
ayqw
dzvi
cipm
bwwb
bqbo
fpzd
afvx
amvg
dead
cgqb
fied
bfbw
eyht
ezbd
dkzv
bewq
eqyi
cdhb
bekn
bzim
flup
cbbd
buun
aimq
dpnj
acgt
dpcw
axnx
fgoe
abzn
edka
dkrg
egav
ajfe
creo
avzu
frno
dyab
ffbc
cniq
ahzp
aejc
cppf
etde
fphs
alci
ansb
eexp
fruh
akxu
arfs
cfzh
ekfc
dmkb
ahho
bgxm
bkdv
dsrm
bwxr
bwll
ctcv
aqdh
bqia
bkcy
amyd
aryi
bnjj
cqke
euzt
fmwa
anzv
bphn
cmmy
firn
bclv
elyr
cvfa
eddo
etno
cyqi
adzi
covk
drms
bbhp
bhcc
bsjn
cqon
exri
eczp
dodk
cbly
cuxh
dxij
aihr
eoat
fgjf
cjlr
aono
diul
dmxl
ctud
fatg
eefc
etls
faaq
fifu
dzje
cinv
aofu
bytn
drys
adgu
bhjz
fkwp
btcg
acwq
crik
brdd
diaf
fkma
cadt
aafq
bpzo
fgrh
alaq
dijt
clvn
cqid
atyj
eksn
ates
epkg
atts
cecu
dxxl
djfv
feel
fmeu
cebh
dixz
aqsa
fdtp
dxnh
dxgm
dwhp
dfgm
bxlm
dbff
abgl
bojv
dzya
ctnu
erxq
fnee
bmcd
bjsq
cmna
apmp
dbkm
fktt
clvq
bvlg
bamb
fljk
ablw
ekfn
dbck
brlq
fqvc
boyp
fcla
amvw
eifv
cxqn
dwdd
eipc
fhqq
dqcp
cgms
acov
bofs
embr
bqks
alao
dujr
ajcy
dllz
aynf
diyz
cdov
cpqi
cicz
azlp
czay
aqxq
ecvz
dbuo
cjbg
fpmq
dwda
bmtv
enbz
bkzc
cazw
ekos
bgrh
fkvy
egie
cqba
bsow
ccra
encd
dwiq
dkrc
cupf
bqfw
ewip
eebs
anem
bpnl
ewzt
aahq
cwpb
eytl
bmzz
aysx
bwvp
drpm
chdv
dbcd
bwfc
avhd
bzbp
daow
dbte
bxnj
etql
fdyw
cdxh
ddkt
bfie
awyr
dsdz
ahcu
byze
ejwc
fivd
bava
bcfz
dzdv
fkca
eknu
ebut
bvjh
bnsp
bcvc
eleg
dksv
eaol
fkrn
fkdd
ajts
ffsg
bhsb
cwfl
bilf
atei
djer
cvym
ciuy
djcw
bvqm
atjj
bljm
fpoe
agib
dmuw
bruq
aasd
bdwl
fafj
akle
ccwj
dchf
cyki
ewtu
dfwc
dfog
dtrj
fqus
egvk
fdzd
ebbt
ayvy
bivb
enrg
ffkj
cvyq
ckae
azoy
fjeq
crlo
fjtq
aeyv
eise
duad
ebhr
dtpm
ckju
bpvz
dbem
bwih
epqz
ebfk
fbqh
excs
blsb
dalx
cdxm
fegh
cqdv
cgug
fdym
dlwc
aizv
efve
eopz
bumi
akxt
anbl
ervn
dsto
etuh
dobr
acjb
cwac
bguo
cabe
fhxp
cxdn
dmxo
bddc
fnvg
brbg
ewar
djqn
bdda
eece
fdmk
dqba
adma
exok
digi
czkd
aeag
bwql
aenb
djdx
bpaj
boji
elxa
cdee
cnqk
eufk
dbrk
dmqf
epfm
cous
coql
dbzq
dgsf
caau
fcsv
apgp
cuoj
bkgi
aihl
ekou
dqod
elay
essx
bhzx
djlg
biac
ffxa
aafk
bdun
fnhn
ccxs
brvd
aqku
awrt
cwiu
evby
fpqt
eosh
chym
dxlf
aeje
ffyr
dckh
abxd
fjdj
afde
eook
ewss
efna
deec
cbdf
fbit
cftb
auqb
bqdr
dtvo
eyms
dhkt
embj
bvdp
dbbs
fnsb
cxkd
fbqs
dzhx
digg
fcjj
dvpc
evtg
btbk
bgqm
dbth
dmvc
acck
cjyr
ckve
dbxq
bxva
bdpn
fqzr
aand
bvra
fqhd
foud
dqid
adfp
cvfj
egus
eeym
fire
fgkk
ctar
etfe
bfcw
dmbz
chkr
axun
abgm
cuvy
eykq
adfj
fcxl
ddju
bmwb
cart
bjpd
bdps
ehum
bcaj
ajle
bqwm
bwho
cubo
bkgs
bewb
dlif
axsi
dtnx
bxiz
csnf
bwfo
egqt
awze
envc
bdld
bnuu
etuz
bxbc
buuq
cgvw
eabl
dcry
fcpi
dqlv
argk
arro
cmny
egka
ermb
foji
cius
arbr
dpxm
djcn
etbw
ampo
ayxm
dorm
ajlj
ezyf
bvca
cwkf
fdmp
ewdk
fhgz
aond
dyjj
djwv
dhha
drfz
bqvb
efrz
fnmy
beoq
btwy
bqqk
chvw
dzqe
chqv
dftd
buye
eagc
drje
dcee
aezj
exoc
cfra
bwdd
btzq
exue
cwsi
ehvl
aaxc
ebhe
cenx
baiy
cabk
cryc
enld
edby
foby
cyie
avqw
fion
cegz
alfn
dxrd
dlod
ezjm
bgse
dwyi
dauv
fmhu
eyne
cirs
ailz
cwak
buuv
bbzj
bwzk
alfg
cwxx
dshi
dpte
aoqa
amrz
avgy
csda
djyk
cluo
dhrm
frlo
dmkf
ayam
cndj
ceov
dhvx
axlr
ctuv
dtok
bdtc
bqma
cwgk
axgu
eklw
cojv
apek
cnls
abkf
cmcl
bsml
dzlw
bopv
dinc
dots
ceor
bfgu
dixo
egnv
bbni
clsx
aezt
bfoa
aabf
eljh
cjhy
etby
fhhp
ddnf
dvmh
aisc
agpl
dwcp
cngi
dlcw
czhv
fbdg
dwxa
dnos
dlxc
bxoi
epci
egee
atav
fmnj
bkbv
efmm
fjzf
dvkv
ewhc
ehlw
cano
dxva
eulu
ciyf
ciqq
bfzq
eqct
dhri
fowq
ebah
drok
asen
ebmc
csrt
dblh
eqeu
besc
bhzs
foqx
bcax
awlo
enhj
dqwt
enft
apjb
bhig
bxua
fdcl
fcfi
cjvu
byrz
cnrw
asdj
eoqi
cyss
cnzy
fdlj
bdyn
aqnm
agvd
dahq
copr
cape
ayhe
dwwj
dbrc
egbh
dcnu
blen
ffxn
bina
exhx
eilm
eepq
adrn
antm
ciwu
dyiy
cgrq
ckkw
erfm
eyyq
dagm
ddnq
crvu
azvy
awpv
aumy
cbsi
friq
fhlx
bpdf
bxcd
avlc
avvt
aqhl
bigg
arbt
aecl
fbbm
dyvt
bliv
amje
bhtb
bkcu
evcz
fmjj
bzhi
agky
ezmh
dxwq
fmnr
atuv
dwsx
ekcy
dhtw
bqky
drnd
cfen
fboh
crnf
degq
cowm
fqkm
eist
ebra
alnd
cclm
egyv
duen
ffpf
bysp
ecal
evih
abhi
