utwvtr
sybhvy
kmwwsv
ajxohy
levcip
zgutfn
lflyev
eijnbg
vsyegd
rwvbim
ofxnpr
isznnc
cshtiv
eobhrm
vpknct
qvfvle
qytbme
zcdhtd
lijtln
ttrjza
wzbudc
amfzrv
cnibcb
qqryta
atqfyg
hkfcog
vuatxn
ncwzyy
dctnnq
hcuowz
esowlc
fldmpt
kpjltv
jfusab
dmdwoz
yjscxu
qkhqgr
rcfxiz
zazcea
ehdudm
kiyeau
dvmqik
igliwn
zvxmok
brlbki
otxvbx
filcuc
rxfgga
ofcrcw
qomqoi
dttqfj
uyerjy
syurme
fgdeav
cqtvmi
jbkfzn
ukaooi
nphrez
amxzin
rwrxhs
qmewlh
zgnazl
tontya
bmnfiy
nyqxmp
ojcida
rzgeaq
yvoblr
xlzzoz
pgvgcg
pevljo
mksuqd
xueawo
uglhxm
kmmwhz
ftctrc
jgirks
cltjwr
drhjdj
nxvyzh
appfow
zzmrnq
sfghzz
iatryq
uketgz
mneugp
jupvlo
qkjytn
rdcshq
kymcjo
ypkjbl
kkfwki
ipsayr
ecogbt
cdocht
vvnsba
vodzyp
ulnsnu
vnpfvg
yoecdb
enbkzf
yxjhfx
mjydlm
lvgcyd
ojdbom
swkuhe
tqpndp
dbrfrv
rdhcnb
sixain
bcdbtp
ntdehu
meoxrl
hufccp
vktszf
dmreug
irevfp
mbznio
yytzwm
ywdeum
eedgsq
mrzwbx
kejlqz
lxvyes
sblcgd
wkltwj
njswhv
mglllr
oowexk
grmsih
jjthxd
vjciet
orghje
voowcs
fdwtgj
cxnyai
tiaswk
ktycrn
olcsav
iywkeu
brtsqu
jprslm
eqimfu
otvewr
zpfgva
fcbkhd
bgueph
ddcyko
apzrln
fzjlxy
bxxcur
vgsxzv
buemqt
wdgxva
wqvpfh
wpcnnt
yixyvx
hkjxsb
qyedld
zteokm
xwsscq
lfaoom
uprpuq
wzhkgb
ngovup
pqydvr
tvyzol
kwvjmx
dbjquq
olnyod
atornu
oejsif
rfxovm
houjxr
bcqyoz
omvmlc
mrdrfq
nqeppb
ujbyoi
zmhbhh
cekhtz
myszel
xlmlxr
nurrqu
dxclkl
ypsdue
htzhyi
qrtynp
wtafjr
qqknez
jpmiia
ystjme
clzlzl
qymzzc
igwmum
tfmyvq
nueogn
quwdxo
jvdkop
huonlp
zvmdhw
pcvwez
xhcwjl
gnqsyk
dehrxs
gheses
koxtql
unrnpp
xbkrcc
vrmxgl
mjnusp
jrpejm
bnyigk
avqpii
glwzsq
eoxmsw
bhfwhh
hvdocc
hktyna
iqumup
ahbvxo
fkdglz
optogy
hxqjzd
hryxvz
cfkpct
bjdwmb
rwkoji
kkctcj
zusscm
byvkhm
ruxuej
jtahfx
exeigf
ljiamy
xnbfgq
akzmzf
jfeanq
zacpvm
cosvhb
vzjunx
ruiwhu
upkmsg
zjhkrt
nswtmq
ocvery
umnycs
yfwvou
licgmc
tesriq
ylzzzn
byfjug
yzyzmd
wptipo
fziksp
qmubpc
mlvuuo
tlrusa
fhlytk
siclhz
zpetdi
iwzknk
snmcmi
cmlfkv
ibvvpa
nuwlcp
bzieds
lligjj
meuzdv
ewmxsx
faubve
bwuhxu
vcihqz
ounutj
nacduz
gokjgr
jrpinw
xtojqg
bxvckj
roucij
znivwp
ynporf
vlnmnt
ctwxfi
ndzdxe
unakyi
borvqw
savxwm
gftjxj
clgeje
fwtvrl
lqrlfj
viutuo
wyugpa
xlmryu
huaqla
igjvvz
dopmnk
zrqghc
lxsofa
juikqk
vnkcjb
wejtfy
hzerdc
tpibmh
ictlgp
jdguub
wwfrqj
xuridz
vuftef
yttqlg
djkyal
usfnfg
lqrgdf
wtyzzm
hchvce
dfcxtw
teneas
gyqhuu
frwlyr
cjnaje
aerwvr
nkkqrt
mlxkxl
hxshpy
mzjmpw
jhlnbh
mlzden
ulowod
ykzseo
jeondc
vnzatc
szvzmu
ummvdg
fegvtm
mrvihn
jxngyu
biwkqy
norjfs
mrfabn
uiqnyz
seuryq
xdobwv
ckcaqv
egdksm
bxnjjj
sifofh
ecjqdp
rhkarh
gjlbws
ltiald
wmsray
rovbzw
gvdufm
edweev
grhcey
fhsjsg
mfshsy
detkkr
llvzah
ofbgnp
tbghtx
mgbsop
txliax
lnfrta
pmifja
qgiwik
suepcj
unqzvr
nculsf
diulay
skhrbd
kdinfo
kxjwdi
vytydo
owdrnh
shrivd
feozvv
xxzrxp
xcfhse
ortlup
lbkaea
zlykok
bqpbgt
yexusw
mifqqi
wqassv
nufmkc
udkkja
dlephx
gjspjz
nfbzmn
rlsybj
tpduuy
gwusmr
jlngbf
rtajvz
fjqsxs
ojcmcd
kkefxz
dmqvli
zynhds
zouvhw
xmsecg
pvbejg
binrta
oworph
aijdcy
imstng
dbalxr
ohftpv
msrmuf
qjayxr
acljaj
udsors
fneusa
evriql
wpdkuy
syfukk
gvpfvs
hmvcwk
omdmgu
bekpkl
evykph
nvhphn
gscwfn
kxrfba
xwvmhi
zmanpb
budbxi
suxmlt
oganbr
whxbej
cwlrjv
hpgree
kixzgw
wlgsas
klgezg
tnsczm
zparbv
dzpwus
jzzuml
tvbmiu
jurudw
rgyjuv
flxvfm
jelslr
ejujjp
iybgpb
pmtido
jyfgdy
njceis
gsqzmh
awawob
smwulr
denwta
vhfvhy
typmvw
ssypqq
tsmosx
wwpyzu
slcgac
isiala
nntidw
hmaxom
cxqoae
nzarou
trhooi
yobsig
pddjgd
odtxrc
npirai
zbopje
mkqlqy
ahttyn
ohmwhc
httggr
vrdgjy
jicuqk
kugbea
ztgdtp
hcermz
bvzuuw
noddyk
awtmtc
qupbmq
ulqzpe
sxevew
ebtfff
agrcqb
qdkylv
yplgcu
mybgoa
jfdiwx
jyxhxm
twjcfm
wiguif
htpote
dgoqsv
rucfwd
gqpsvd
megrvf
ohaelw
zhhhsa
nsatds
htnabv
xqgcxt
bwziko
eamcrq
pgqqkj
ogqjhb
ppewuv
rowcwk
qaqgko
cbalnd
epkskp
unwlyp
ykxwxj
ojwfdl
udidks
jjjaaj
euhqdk
bzjnzn
cinxme
tmnbpu
cqwslr
mgimaj
anohvg
hvduwf
odmkew
icggwq
zmifwc
cyolib
hzknlv
vclddw
mmwxfm
nhpxdl
dzxhwg
efkbyf
ptdgvk
zvyzli
rjarto
msvolr
wrqshh
hwbydb
hjkgoo
ysampf
kpnddn
kbflpu
hdqufw
sekmch
ovyuaf
zckazn
pdmuiv
dwmzri
zogpkq
etnign
jgmxlv
pkfcls
yqlnbn
ehotmj
wggzko
bfzqzr
bymvgy
unqoqu
vjuqri
nsilyq
rxetzj
nktcei
uhqnbo
ayhini
zstizz
awiuqr
yeoemx
nucwbl
lywxjh
dfzkwe
sposol
ptfhss
lzrtmv
ttfzvh
xsvsuj
xhfgrx
khovrj
vqyayi
xbmhru
gsfnzl
enmhob
sjdtzw
wnokry
nficql
ddhywv
nfgftm
fvvcaf
xdrjby
cpetqt
vbdcoa
adztqa
bezegq
tkzxvd
hzaywi
morjtk
hmfuml
wrbiho
lhtyxy
ytxdff
gjvfxz
cfejjv
xvqjxn
wyjkew
qipube
evcwpt
vtrhin
lgnjys
tkmjmp
yhhise
fcdgva
oyeqsq
tvqehb
cjlgei
rocsez
ibcnlf
betdkf
qqkrdm
lkfbhi
yifcxd
htdqzi
hkwnmo
zfmagm
cnemwq
tmmdux
ycrfjj
ctnohu
swrsby
pbgmof
bpeiwe
ibncsv
xixcva
fivqpw
cddvpw
eoieym
xwxexm
vgqvam
kpaufn
cctlqg
foblkz
qbcjmh
wqepto
gyynxt
lfohxe
twrbfk
ngoqst
lfgtte
hqqcxo
gctwvk
juvigy
cnevoi
pxnwzu
hregor
gixtfm
puwaph
oqazsz
arhljm
kyycyx
jtskkb
xgyezy
dejswt
cmshls
rbalue
trhuqg
cdvhjy
brwrea
idtnua
vqoecp
wvmrhw
dvhmbv
tmpwxc
kbrexn
pfhywv
rddvjz
hrhltn
hzdrtr
wrtuvy
fzesfz
oqacgi
mvmjyx
qupqnd
icnzfh
lspeia
gwqewm
jooryn
mwmttr
xiiztn
sbbobt
mzbudj
raezjm
gbmsdx
oxsfmn
oobwcz
wzezut
tlfgyo
aaspwv
tewkvp
gsuxef
naidon
upedvt
hevnfy
ckjmbx
zgaafo
itlbwy
asoxtz
dfwqgq
hjtsgt
jurrrt
tdswhb
oyrdem
vaccnf
nrahwi
smgohq
vajsqs
notdhx
wcxvkz
dkfylk
hlaled
ueznpm
mbztqv
unefsy
tlvfzx
klakji
zcgsry
kpxvkt
qzmzlr
ldaexh
pknlpe
yrxtll
xrogyj
ltopnb
efxdoj
iiaifu
oajavi
vzzvxr
vihevw
ssppwd
lrzrkq
drkgur
deiiqz
bqmrsn
trxqfv
itxbbd
lsdzhp
hjrzwv
tnwoxs
jydvzv
kzljcp
astgrt
fuyyki
vijemv
hgawlk
ztuqfc
khkvoi
jknnuf
jhrham
yoobti
nxcaev
aauzxt
zijgmv
ynpyis
ioogds
zgplzm
zghiuo
wqrcal
ddjaxg
ufxjhn
jetiux
omiyzt
kfjvvw
ycbrmo
bzuasi
fonvpf
sygerj
pnhkuu
hxsnmd
cyxsdx
yoummz
obrqco
aifmre
wbcflm
mkxyaj
omqwcb
nimetk
xpncxa
zsceso
kcjdel
ecvkci
uexwxt
mwhhga
xaaxlq
olckaa
etckhd
koesfg
ckhqga
cucxfi
hfnuax
uhsqgu
dqqaus
arbppq
tmaxod
ekhlnh
olqhsd
xtknww
ozokjp
emngub
fvqfws
kqxwvh
rfxmxu
ppckhz
yqwtmx
rbpodu
tpyfpq
fesqil
ztsvvn
sauvzf
mlimek
hdaeok
ngwxln
gogric
mrdgzp
dvnkmf
xxzgmy
ufgdqp
xpctyv
ywtmfv
oarnob
qksiro
rckbtb
sosjeb
jexdnr
sihepf
bcibxc
sxzebc
tytnaz
zbklue
fwmcha
xqgxpg
iuqrez
qcjoov
kautec
kifjpy
qwzsxb
mwchjo
zdqoyx
oxmlzk
dwgaot
zkuuzf
uztsto
uuuakp
rrfxrn
yxqqtk
alukrm
csqzdo
akfibf
twiacj
pvkrsi
ltlsrt
phahpj
pmzoui
djktdk
tbrhux
qsehgw
kdhnmo
nxycto
ywpvgh
qohgfa
fguvkx
jtnequ
fosnba
misvqt
fhpihm
cdvlej
rfrepg
equjlh
vwajfk
ravbue
wgbuhl
xxzgsl
ojkpxf
mdkphw
fuyrpk
qksdzu
bkibss
cihrud
mslgso
bylmom
guanrd
ssogtj
fzhifo
xamcvb
lcxzhx
ozxilo
ulaqye
svhzfp
kywqex
mankar
jyedqd
vzwgrt
ggwvwg
ftfnij
sppccg
bzdhcc
hyzdei
vswgfs
spubhh
dnrfyh
ntronl
ovmitc
tlmrov
uxesyn
vcweri
rsxpym
fmqzvf
uenbgk
rutjxt
wjoxwu
mjyflx
tpwaod
nnhmpi
cihvxo
hhpbnr
jervwk
onwyvi
lcdhzi
scskrd
ddcpey
lrepvd
wbzpcn
gqtooe
lmbfld
wunasw
jidybn
bmcnmo
bxgtuy
pqinml
httuyx
xpospp
ywbsbh
aypuax
aocmgo
qszgkj
fcheec
onbvoi
deklck
svyvyj
iycecs
auxsqr
lsqsuy
jldnac
lrcqvo
wnkrpb
sbjrjg
dueiax
rfvnyq
yypqyt
xkpmjq
yvmkjg
xjlvhv
ubcdyv
vcmljr
dwmxid
ujgmcz
fnsrcz
nuyher
lranuk
ppdbsv
enutfv
gqtyiq
aavaup
vzjyyw
imcuso
nkpzhs
qgoedt
wcxgig
xjomgw
jucxog
vcpvyh
puhacx
finrgd
njsfox
dlbroc
hhyeyv
jioxhx
uxadpp
iwcaiv
moxpls
wiczgg
oxegoe
dftlwb
qpywkx
hsfdzo
fwgukk
ltymkm
qxtloz
zfmhoj
gknsuj
zcmtdx
gnlogv
khwgsw
gladto
ghkmlm
xqbigw
egenfj
giypxp
zlutef
atiutr
romdce
gdgedv
eespot
tntgqa
vsvhpb
oqvwxb
kdvwzw
uqdybl
okwgir
ityaij
ytvrha
dhmblv
gmawne
cbhnuo
yjrbxz
hmvzfe
savdfm
syudjw
bdaowd
qaynss
wnwurl
evcmbf
sbvfqo
dcavyp
ofghdi
xkdqfb
rddssh
jmnoid
rfuzwx
dnrekj
adffwz
cubree
gvwjgc
hyfqzv
zymwgu
svhjdz
mvpqtw
wicyfs
srdziu
ewidyh
rhxcfc
larljq
fmigtm
yrnqbh
oygxgc
omnfsq
lypxqw
wvbwpk
grzdyv
ialrmp
tqjecb
vkcyxt
stwmco
drdoxt
nsdbje
tqtqlo
zwbyxs
euhogk
midahw
qyhcxv
nowzyq
scyxqw
kminvz
vyrdul
jioohc
ffudnn
emukvv
xwqfjb
veproc
tidnlv
hfodxw
sohria
gqzfvr
cpwcdb
iuseqm
sttqwl
moxzqg
zwlpoo
lyvewt
oborqm
xbiblj
jsmund
xsfasf
lpddyf
wffncl
ehltmu
cnpair
fjzkzh
rnumwz
prqbow
zfsfql
oixrug
brfnax
jrjjrb
yonfae
kuijrr
abkrbf
ypjhpf
pciztk
ddehwg
ilewff
eoyqus
iygmrm
nfhket
qejerr
loiknp
twwiwt
gvffnj
ybytup
tmzipp
pbihns
phbdqq
tkwnfc
unaigm
pxgxmn
arzmxc
ddfwme
awiukc
suzidf
dztvon
yaxrtg
pmmdnz
kokhwa
etiacu
dgcnbv
wouhpg
afhhtv
otohyz
vvvifo
dykdbo
wifcjh
gstrwo
hedtcl
eqznnh
zatvoa
xthhci
akfzcb
qovfaf
uqqsux
htcopf
tvlgoe
owrkur
hxyzhj
aywbno
nyklol
mvciha
yjwsku
zyhtuq
exozaz
pnlrcx
favjtv
whehbc
tmnotr
glhggv
pzukbz
ironjp
xjxstq
chrhys
zvdvqj
pekpxw
vcxdev
egjewz
wqxlhv
lkpydc
lrzgsp
fpcnub
yryevh
iiumxy
rritkk
osumhm
fkjqmh
iabqjf
zoiwdk
sfrzst
rczrne
tcyjig
huivso
qdkpmq
hqjtwq
gzjtdc
bnmncz
trvitx
pzbpmq
ntkvpi
pegxpd
glvmlt
rzhhst
dgwugf
fmsiow
vadwqy
rnhjoq
miczcy
uvtakb
