11607
103660
89826
4115
59508
86790
56182
7870
54260
1776
87884
72448
111033
7421
28601
72792
91374
71568
25700
74469
103557
99389
77918
79451
1566
39212
12497
67962
79616
105898
50456
79671
116785
115412
35797
22492
56594
85176
111213
3435
81424
111024
102357
23904
35694
63771
116203
84214
82998
14003
47161
51685
10140
89768
109904
99689
53232
51174
1757
62542
49667
4880
34900
83966
44227
20578
78011
83263
18103
10873
82801
67293
107133
47318
115384
23878
22493
100022
109645
108460
67925
59331
16778
110880
87186
88670
35700
11236
63403
20746
24001
92451
92490
13977
43271
103359
117433
91025
60387
22446
