418 
701 
3377 
4752 
7214 
7988 
8005 
11521 
13029 
14308 
21266 
24170 
24182 
27398 
28226 
28470 
30663 
36508 
36641 
36739 
37047 
39009 
39210 
39282 
39504 
39860 
42558 
46295 
48014 
54434 
60775 
61143 
61748 
64761 
65663 
66644 
68724 
70966 
71007 
72936 
73089 
73955 
76663 
77050 
78036 
82584 
83670 
84168 
90137 
91540 
93117 
93569 
93685 
99570 
101123 
105686 
107544 
108251 
108554 
239 
801 
1100 
1324 
1657 
2848 
4599 
5089 
7704 
7880 
9845 
10131 
10863 
11109 
13273 
14376 
18457 
18594 
18852 
22375 
22665 
23239 
23705 
23762 
26059 
26523 
27697 
29239 
29793 
34034 
34356 
35967 
36562 
38641 
41031 
41785 
41797 
43882 
47307 
47930 
48569 
49377 
50852 
51303 
51331 
51656 
53077 
53698 
54589 
55403 
55526 
55628 
57135 
57642 
57674 
58088 
60426 
61032 
61727 
64174 
65933 
67078 
68893 
69054 
70301 
70400 
72008 
74262 
74438 
75207 
75704 
76925 
78994 
80067 
80557 
81021 
84085 
84378 
84992 
89652 
94963 
96180 
96214 
96283 
96495 
98104 
98514 
98610 
99449 
100243 
100274 
102299 
102929 
105770 
107260 
107518 
108488 
108523 
297 
1484 
4475 
5959 
6314 
9159 
11598 
12974 
15209 
15695 
16294 
16613 
16775 
18018 
18040 
18753 
19476 
22032 
24245 
25261 
25279 
27675 
30194 
31427 
31725 
31828 
31877 
32488 
33031 
34205 
34284 
35140 
35634 
36234 
36733 
36981 
38061 
38337 
38622 
40477 
42928 
44650 
46671 
46722 
46951 
47233 
50121 
51668 
52901 
53288 
54041 
54063 
54107 
54819 
55706 
55740 
56761 
57384 
57862 
59707 
60831 
61030 
62109 
62193 
62337 
64131 
64244 
64658 
66091 
66601 
67012 
67829 
69304 
71580 
73278 
74073 
76130 
78516 
80110 
80138 
80676 
81992 
84758 
85314 
86664 
86927 
88472 
89587 
89935 
92283 
94249 
95216 
96165 
96982 
97485 
97881 
100145 
100309 
101113 
102326 
104036 
104277 
104747 
104827 
105191 
107827 
108759 
117 
597 
4499 
5270 
5555 
6950 
7136 
8377 
9428 
10565 
12486 
12879 
13355 
13404 
13967 
15562 
15906 
17361 
17741 
17963 
19509 
20212 
20453 
21394 
21751 
22740 
23093 
25178 
25448 
27134 
28560 
29881 
30222 
30600 
38044 
38482 
39079 
39109 
40383 
40587 
41525 
41639 
42055 
42519 
42553 
43036 
43068 
43406 
43576 
43852 
43902 
44867 
45863 
46078 
47782 
48240 
48980 
48983 
49390 
51573 
52632 
53108 
53915 
54507 
55041 
55561 
57305 
57944 
58156 
58370 
58481 
59137 
59222 
59619 
60354 
61154 
61733 
62271 
62578 
62859 
63837 
65497 
65956 
65967 
66075 
66326 
67288 
71349 
71440 
71689 
72237 
72322 
73083 
74259 
75277 
75938 
76063 
76283 
77808 
78442 
78489 
78802 
80957 
82978 
84204 
84338 
84433 
84451 
86234 
86277 
86324 
89421 
90905 
91071 
91770 
92479 
92758 
94368 
94927 
95005 
96232 
98254 
98652 
99328 
99834 
100575 
101567 
101709 
101905 
102927 
103241 
106686 
108273 
108453 
1770 
2127 
2250 
3060 
4568 
5219 
5302 
6884 
8280 
8879 
9727 
9742 
11304 
12125 
16064 
16568 
18971 
19040 
19453 
20158 
20340 
20389 
20565 
20903 
21746 
21968 
22246 
23155 
24150 
24900 
25804 
27435 
30880 
31400 
32117 
32280 
32647 
33218 
34063 
39190 
39318 
40541 
40772 
40823 
41467 
42776 
42802 
43650 
44227 
45613 
46108 
47196 
48614 
49826 
50319 
50871 
51499 
52614 
52702 
54528 
54586 
55156 
55667 
55916 
61770 
61916 
62733 
62757 
62766 
63963 
64078 
64592 
65258 
66737 
66920 
67247 
67570 
68448 
68661 
71826 
72620 
72744 
72980 
73474 
74519 
74538 
75980 
77175 
77894 
79879 
80708 
81901 
82406 
82986 
85773 
85875 
87058 
87305 
87946 
88438 
88516 
90433 
90452 
90470 
91334 
91747 
91950 
92198 
95485 
97236 
98579 
99970 
101195 
101289 
101971 
102986 
104708 
107279 
107667 
107691 
107971 
108451 
108542 
911 
2114 
3537 
3769 
7312 
7600 
12339 
12529 
13396 
13953 
14304 
16191 
16491 
16836 
17572 
18513 
18563 
19034 
19690 
20251 
20290 
22337 
23997 
25617 
27099 
27147 
27167 
27564 
29039 
29944 
31666 
32122 
32881 
33185 
35641 
35723 
35944 
36499 
37402 
38236 
38741 
39692 
39698 
39819 
41932 
42129 
43846 
43970 
44537 
44562 
45838 
46746 
46813 
49204 
51279 
51382 
51915 
55213 
58401 
59746 
61083 
61860 
62430 
62727 
65455 
65916 
66345 
66904 
67301 
67748 
71267 
71414 
72341 
72470 
74367 
74522 
74888 
75170 
75195 
77348 
77852 
78455 
78576 
78607 
78671 
80999 
82308 
82590 
84412 
86688 
87356 
87486 
88565 
88663 
88865 
89016 
89703 
89762 
90227 
90779 
92030 
93614 
93688 
94040 
94283 
96115 
97579 
99428 
103750 
104543 
104628 
107403 
107510 
16 
102 
1470 
2357 
2473 
4261 
4385 
4760 
5038 
6786 
7469 
7783 
7867 
7909 
8008 
8606 
9561 
9870 
11305 
12670 
12691 
13153 
13816 
15140 
16663 
17651 
17912 
18338 
20189 
21335 
22794 
22867 
24616 
25250 
26599 
29296 
31117 
31739 
32344 
32969 
35537 
36751 
37271 
37532 
38037 
39392 
42475 
43428 
43851 
44377 
44805 
45289 
46645 
48047 
48422 
48857 
49168 
50975 
51736 
52303 
53593 
53594 
54712 
55426 
55452 
56195 
56277 
57465 
58514 
58633 
65204 
65389 
66083 
66399 
68577 
69569 
69737 
71965 
75807 
76994 
79162 
79372 
79924 
82821 
82961 
85657 
85880 
88484 
94976 
96499 
96865 
98787 
98807 
99783 
100433 
100604 
102501 
104244 
106269 
106383 
106399 
106963 
108647 
110 
995 
1043 
1430 
5493 
6099 
6921 
7376 
7810 
9055 
9111 
9601 
9683 
12437 
12598 
13950 
17107 
17710 
18787 
19586 
19824 
20394 
21074 
25019 
25498 
26433 
27365 
27961 
28246 
28621 
31408 
32434 
33629 
33886 
34462 
36845 
37126 
37918 
38413 
39825 
40315 
40657 
41607 
41763 
43619 
43850 
44350 
46791 
47575 
48054 
48307 
48461 
49374 
50545 
51838 
54060 
54974 
56261 
56296 
56763 
58596 
61304 
61494 
61693 
62134 
63023 
64138 
64255 
65299 
65774 
67229 
69711 
70150 
71374 
72092 
73554 
73573 
73785 
74434 
77131 
77621 
82863 
83056 
84897 
86080 
87454 
87892 
88764 
91353 
91851 
93606 
95938 
96375 
97478 
98726 
98928 
99209 
100099 
101658 
103396 
104926 
105939 
107955 
168 
294 
2282 
2743 
5485 
8002 
8162 
10148 
10484 
11099 
12038 
12886 
13095 
13600 
13956 
14755 
15741 
17453 
17687 
18684 
19625 
19638 
19979 
20003 
20387 
21325 
26217 
26479 
27778 
27785 
31100 
32150 
33149 
34037 
34769 
34903 
35921 
36248 
36736 
37608 
38581 
39136 
39158 
39635 
39678 
41296 
41489 
42436 
43162 
43954 
45112 
46842 
46975 
48739 
49865 
51904 
52570 
52929 
53528 
54212 
55951 
57898 
58693 
58988 
59293 
60649 
61073 
64863 
65773 
66139 
66222 
66706 
68615 
68764 
73642 
75125 
75300 
76868 
78531 
79306 
80523 
80534 
80877 
83359 
83671 
84824 
85576 
87751 
88718 
92294 
94744 
97826 
97948 
99088 
100507 
100716 
100799 
101591 
101638 
102238 
102420 
104256 
105127 
105214 
105436 
106424 
106998 
108047 
277 
1383 
1598 
1943 
2582 
3275 
4305 
4946 
6358 
11274 
11370 
12888 
14210 
16304 
20105 
20866 
22073 
23915 
24172 
26074 
26482 
27525 
28146 
29665 
30086 
30467 
30651 
30954 
32694 
33009 
33524 
34068 
34867 
36860 
38334 
38533 
38816 
40017 
40624 
40881 
41394 
43987 
46907 
47166 
48162 
49595 
50732 
54664 
55029 
57551 
60446 
60534 
61782 
64375 
65048 
65722 
66106 
67822 
68227 
69279 
70359 
71587 
73587 
73893 
74870 
77814 
78244 
78382 
78450 
78618 
79459 
82393 
82851 
82874 
82926 
84370 
85588 
86795 
87072 
87184 
87189 
88373 
88641 
91908 
94153 
94317 
96389 
96803 
99799 
100468 
100813 
103015 
105269 
107097 
108575 
3588 
3739 
3777 
5823 
6010 
9453 
10916 
11004 
11158 
17053 
18254 
18341 
19468 
19978 
20366 
21172 
21588 
22141 
25703 
26535 
28897 
29319 
30623 
32782 
34813 
35966 
36002 
36254 
39019 
39575 
40526 
41231 
41473 
41863 
43215 
43727 
45165 
47795 
49155 
52525 
54919 
55170 
56014 
56469 
56707 
56716 
57872 
57909 
58238 
58933 
59812 
60790 
61710 
62461 
62619 
62705 
64355 
65004 
67381 
68070 
68657 
69179 
70634 
70937 
70975 
72988 
74588 
74671 
75314 
76651 
78598 
78952 
79098 
79399 
79603 
80162 
81145 
82553 
82906 
84509 
84836 
84949 
85504 
85899 
86265 
86267 
86321 
88167 
88850 
89041 
89215 
90106 
90799 
90813 
91413 
91971 
93399 
95120 
95877 
96768 
99124 
99368 
99625 
101311 
102565 
103114 
105266 
105730 
108039 
233 
285 
435 
2628 
3363 
4827 
5023 
6533 
6949 
8317 
10016 
10494 
12703 
13705 
14054 
14188 
14735 
16935 
17663 
18169 
19412 
19603 
24748 
25440 
25736 
26793 
26932 
27620 
28892 
30876 
31128 
33180 
33848 
36169 
36822 
37326 
38621 
40341 
42879 
43857 
44715 
45707 
46963 
47711 
48011 
48107 
49967 
50450 
50561 
51609 
52620 
52833 
53005 
53706 
54367 
54578 
54687 
55289 
55764 
55858 
57217 
57778 
60117 
60173 
63399 
63766 
64925 
65642 
66625 
67125 
67179 
68096 
68373 
68544 
69563 
70879 
71426 
71478 
71485 
72233 
74680 
74747 
74894 
75307 
76539 
77716 
78202 
78813 
80618 
84789 
84808 
86601 
87064 
88633 
93712 
93791 
96030 
98697 
99551 
100803 
101394 
103117 
104266 
106709 
106906 
108669 
108673 
425 
2693 
2736 
3241 
5081 
5342 
6493 
7718 
8350 
8774 
10416 
10717 
11075 
11270 
13027 
13504 
15053 
15526 
15772 
16621 
16907 
16996 
17333 
17421 
18033 
18104 
18724 
19451 
21316 
22321 
23492 
25469 
26897 
26933 
27892 
29545 
30327 
31911 
32369 
33533 
33654 
37650 
38537 
41149 
41302 
41486 
44589 
45283 
47253 
47530 
47963 
48495 
49153 
49931 
51374 
51816 
54442 
54969 
55507 
57570 
58392 
59490 
59692 
59970 
60051 
61583 
62837 
63430 
64178 
65127 
65681 
68050 
69695 
71975 
74225 
75018 
75199 
75750 
77068 
78543 
78615 
79005 
79488 
79533 
82114 
82507 
83703 
85554 
85757 
86947 
88461 
92234 
92613 
92614 
92961 
94876 
96538 
97225 
98246 
98795 
99257 
101743 
102427 
104070 
105683 
106391 
107945 
489 
1350 
1597 
3854 
4836 
6370 
7131 
8393 
9316 
10393 
11015 
12641 
13419 
14799 
17599 
19270 
19491 
20052 
20571 
23859 
24819 
25198 
26299 
26624 
27902 
29741 
29750 
31246 
33347 
34257 
36253 
37285 
38120 
38664 
41793 
42179 
43234 
46338 
46886 
47464 
48877 
52967 
53266 
55679 
56163 
56266 
61274 
61759 
64283 
66380 
66700 
66982 
67042 
69967 
70566 
70796 
72082 
72619 
73014 
73160 
74950 
75158 
75609 
76464 
77432 
80615 
81969 
83431 
84405 
86185 
86279 
87362 
87814 
87992 
88489 
90620 
91490 
92588 
92648 
93123 
93645 
101126 
101378 
103228 
103783 
104520 
106778 
107615 
107832 
108062 
399 
1536 
3174 
3551 
4108 
4292 
5708 
5794 
10254 
10510 
10537 
11104 
11342 
14708 
15775 
18617 
20233 
23661 
24049 
24836 
24935 
25017 
25541 
30121 
31940 
33253 
33881 
34742 
38602 
38893 
42243 
42451 
43032 
43644 
44345 
46398 
48294 
48392 
49041 
49362 
50883 
51916 
51942 
53351 
53666 
53963 
54042 
54251 
55389 
56657 
57029 
58332 
58945 
60516 
61408 
64723 
67473 
68675 
69939 
70822 
71653 
72013 
72221 
74240 
74740 
74783 
75374 
75392 
75902 
77164 
80385 
80387 
83991 
85036 
86593 
86996 
87146 
87420 
88048 
88863 
89258 
91014 
91859 
92722 
93892 
96854 
101407 
102271 
102448 
102621 
102948 
103052 
104823 
104913 
105712 
106300 
107350 
108370 
1387 
2834 
4330 
4683 
5529 
6487 
6591 
6796 
6931 
10425 
13300 
13999 
14670 
14728 
16421 
17220 
18913 
19252 
19538 
21691 
22308 
22488 
22748 
23961 
24322 
25729 
26928 
27445 
30071 
30140 
31856 
32997 
33555 
37083 
39243 
39518 
40707 
40853 
40885 
43259 
43310 
43411 
43553 
44166 
46103 
48724 
48982 
50336 
50511 
52137 
53774 
55234 
55539 
55576 
57969 
58345 
58592 
59146 
60879 
62155 
62379 
65238 
65273 
66349 
67141 
71562 
71664 
72976 
73007 
73309 
73400 
75559 
75595 
78402 
80699 
81139 
82037 
82429 
82902 
86873 
87528 
87830 
91475 
91963 
93585 
96659 
97209 
97317 
97996 
99824 
102140 
108858 
260 
469 
1371 
2685 
3132 
3277 
5161 
6051 
8277 
9039 
9140 
10383 
10809 
11554 
11985 
13024 
20710 
21782 
22166 
24572 
26810 
26924 
27088 
27373 
29856 
30050 
30575 
34767 
35124 
35438 
35627 
37659 
37689 
38072 
39910 
40743 
41729 
43507 
45684 
45909 
46884 
51080 
51123 
51946 
54407 
54518 
57025 
57883 
59021 
59391 
59602 
60267 
61688 
64416 
65323 
65788 
65829 
66836 
67720 
68914 
68989 
70088 
70162 
70699 
70934 
71174 
72629 
72722 
72996 
75421 
75456 
76359 
77192 
77329 
78196 
79194 
79520 
79883 
80261 
80638 
81579 
81595 
83254 
85562 
86478 
86604 
87459 
87993 
89547 
89948 
90208 
90805 
92433 
93985 
96195 
97750 
98454 
98883 
103245 
103542 
104179 
105104 
106280 
106932 
107553 
107595 
107647 
107672 
107816 
108466 
108780 
108897 
1212 
2169 
4865 
7593 
7651 
7998 
8058 
10215 
10468 
10635 
10895 
13174 
13329 
14619 
15296 
16085 
16662 
17216 
17966 
18290 
18983 
20434 
20473 
20521 
20705 
23416 
24649 
25888 
26421 
26986 
28872 
29400 
29692 
29865 
30134 
30436 
30868 
31049 
31088 
31831 
32612 
36722 
36772 
37891 
38805 
41223 
41844 
42775 
43353 
44176 
44476 
45327 
46505 
48075 
48081 
48902 
49151 
50201 
52716 
53161 
55953 
56099 
56172 
58656 
58696 
62469 
62638 
63124 
63629 
66413 
67540 
67633 
67913 
68692 
69579 
70168 
71149 
72196 
75247 
75540 
77547 
77747 
78109 
80411 
80458 
82898 
83968 
84310 
84774 
85990 
86672 
86897 
87620 
88336 
88746 
88870 
89131 
89710 
90423 
90969 
91208 
91522 
91574 
91615 
93706 
94208 
94474 
95326 
95700 
96440 
96531 
96802 
97809 
99964 
100954 
100985 
101292 
103115 
104139 
104723 
105598 
105793 
105843 
106297 
106320 
107567 
107689 
476 
6826 
8370 
8527 
8688 
10167 
10303 
13130 
13932 
15068 
15925 
17859 
19695 
20423 
23268 
24382 
24541 
24908 
25059 
25077 
27402 
27951 
28118 
28515 
28674 
30047 
30100 
30842 
31891 
33567 
34207 
35605 
36213 
36725 
38289 
38361 
39476 
40922 
41765 
43464 
44688 
45826 
46293 
46423 
47344 
48832 
49862 
50627 
52172 
53725 
55726 
56295 
57724 
58093 
58516 
59235 
59497 
60566 
60711 
62219 
62990 
65078 
65320 
67380 
67603 
67658 
67741 
68099 
68295 
69684 
69843 
70263 
76014 
80297 
81015 
81676 
83047 
86240 
88010 
91705 
93382 
96071 
96384 
97055 
97345 
99247 
100066 
100916 
101806 
101980 
104515 
105088 
105792 
106468 
106648 
107062 
107823 
108769 
12 
3319 
4076 
4325 
4949 
5159 
6559 
8514 
12114 
13003 
13633 
13902 
14201 
17642 
19041 
19294 
19821 
20337 
21320 
22057 
22363 
22450 
23825 
24038 
25110 
25631 
26035 
27191 
27293 
27429 
27676 
29346 
30681 
32100 
32204 
32496 
34466 
37101 
38258 
39813 
41054 
41629 
43072 
43459 
44038 
44513 
44819 
44887 
45742 
45887 
46767 
48643 
48811 
49306 
50783 
51278 
52424 
52545 
53542 
53672 
54795 
55057 
56051 
58576 
58714 
58808 
59568 
60017 
60224 
62927 
63849 
64202 
64447 
64616 
66208 
66640 
66857 
68806 
69484 
70654 
72713 
73193 
73841 
74517 
74721 
77186 
77208 
78216 
78856 
82545 
82720 
84087 
84613 
85309 
85363 
85485 
85659 
85980 
87499 
89164 
89234 
90727 
91175 
91756 
94107 
94330 
94867 
94879 
95318 
96857 
98511 
101382 
101547 
102017 
102489 
102864 
103358 
104410 
106355 
107804 
108594 
290 
1968 
2240 
2910 
3122 
3853 
3962 
4512 
4931 
5635 
5826 
6180 
7051 
7410 
8594 
11287 
11539 
11890 
12257 
12631 
14419 
15582 
16590 
17388 
17695 
20422 
21857 
21880 
22331 
22381 
23521 
26563 
26583 
26606 
27270 
28465 
28574 
29094 
29095 
29141 
29367 
31328 
31939 
32476 
35418 
37142 
38055 
39850 
40154 
40570 
41453 
41972 
44296 
44319 
44926 
45255 
45660 
45984 
45998 
46828 
47165 
47487 
48198 
48717 
48939 
49142 
50477 
51295 
51427 
52327 
52649 
53789 
54406 
57651 
58882 
59704 
60763 
62088 
62307 
63338 
63588 
64272 
64500 
65771 
65895 
71052 
71073 
72047 
72307 
74064 
76246 
76389 
76513 
76792 
77022 
77563 
77892 
82053 
82726 
86097 
86573 
87852 
88328 
89304 
89444 
89709 
94026 
95688 
95925 
95946 
97961 
97995 
98292 
98380 
100051 
101362 
102616 
103589 
108266 
108619 
1504 
1947 
2383 
3673 
4525 
5201 
5644 
6130 
8085 
8849 
10859 
11400 
11964 
14001 
17100 
17717 
18545 
19251 
19770 
20826 
21622 
22326 
22462 
22527 
23844 
25083 
25201 
26320 
26728 
27487 
29274 
29405 
29427 
29461 
29678 
30548 
31439 
32529 
33011 
34247 
34568 
34792 
34897 
35763 
35980 
38185 
38219 
39838 
40769 
40946 
41426 
43286 
44585 
45870 
46221 
47663 
47874 
51398 
51509 
51814 
53497 
54603 
55778 
56392 
56548 
56665 
58337 
59270 
61897 
62185 
64949 
65388 
65505 
65835 
67005 
68210 
69922 
71889 
72201 
72210 
72863 
73394 
74102 
75215 
79137 
79474 
80099 
81573 
81758 
82220 
84645 
84799 
85374 
86022 
86074 
86289 
86743 
87688 
87752 
87879 
89146 
89485 
89588 
89691 
90704 
91056 
91763 
92205 
93142 
94364 
94825 
95569 
96713 
97279 
97808 
97917 
98691 
99227 
99582 
101137 
101541 
102701 
102809 
104997 
105167 
105486 
106398 
202 
2108 
3860 
4040 
7031 
9497 
9910 
10855 
11368 
12972 
15094 
15287 
20458 
22543 
22857 
23372 
25184 
25812 
26107 
27006 
27831 
28716 
29684 
29875 
30331 
31632 
35173 
35478 
35794 
36567 
37106 
37273 
37757 
37779 
38881 
40098 
42059 
44250 
44400 
45087 
45724 
46085 
46784 
47127 
47310 
47521 
47707 
48139 
49572 
52442 
54461 
55428 
55522 
55845 
57132 
58049 
59127 
59863 
60050 
61018 
63511 
64505 
64941 
66300 
66350 
67610 
71444 
71737 
73845 
73933 
74542 
75529 
77053 
77525 
77553 
77639 
79164 
79281 
82319 
86126 
87776 
88033 
88452 
89445 
90576 
92275 
92895 
93942 
96934 
97164 
97802 
98133 
98561 
98922 
99587 
100939 
101604 
102279 
103198 
104211 
104672 
104717 
104784 
105380 
105500 
105589 
105666 
107353 
108621 
108778 
145 
180 
584 
1104 
2891 
3085 
3274 
4047 
4583 
5350 
5997 
7023 
7929 
7990 
8410 
8518 
9931 
10913 
14864 
15290 
15427 
15478 
16096 
16908 
19615 
19837 
20021 
21284 
23403 
24850 
24868 
25429 
27251 
29302 
29722 
29792 
31749 
31935 
32560 
34783 
35886 
36489 
36790 
37369 
37419 
39923 
40688 
42897 
43386 
44655 
44676 
48037 
53368 
53926 
54533 
55467 
58023 
58170 
58791 
59642 
62237 
65665 
66642 
67813 
69208 
70188 
70839 
71424 
72099 
72260 
72912 
76311 
78375 
82341 
84825 
85328 
86982 
87966 
88446 
90289 
90890 
91121 
92098 
92317 
94430 
97797 
98533 
98988 
100011 
100574 
101023 
101075 
101516 
101967 
103072 
104334 
107834 
108645 
2652 
8347 
8508 
10182 
11664 
12060 
12995 
13056 
13100 
13590 
13886 
14313 
15320 
15579 
15879 
17264 
17992 
19006 
20739 
20799 
21141 
21647 
21738 
22776 
23332 
23629 
23876 
24898 
25371 
25938 
26838 
29022 
33220 
35533 
35614 
36758 
36813 
38084 
38661 
39434 
40286 
40290 
41425 
41996 
44237 
44960 
45543 
48881 
49325 
49402 
51220 
53696 
56532 
58177 
59251 
60207 
61631 
62793 
64101 
66085 
67207 
67842 
68058 
68396 
68694 
70429 
70744 
70916 
71983 
74620 
75029 
75419 
75931 
78377 
78993 
79265 
80636 
81773 
81814 
86357 
86537 
86859 
86877 
91209 
91611 
93551 
95093 
95435 
96293 
96402 
96517 
96619 
97288 
97774 
98222 
99491 
99612 
99752 
100672 
101909 
103799 
104471 
105710 
105726 
106058 
106059 
107262 
107756 
107964 
108746 
0 
251 
1044 
2089 
4073 
4105 
5158 
5716 
7217 
8900 
10012 
10343 
12232 
12285 
12722 
13756 
15990 
16143 
16678 
17078 
17291 
17337 
17458 
18044 
18634 
18993 
19205 
20054 
21666 
21692 
22424 
24982 
25096 
25799 
25907 
28335 
29408 
30918 
30984 
30990 
32922 
32955 
33819 
34064 
35006 
37847 
38817 
41247 
42489 
43008 
45835 
46460 
46476 
49420 
50044 
50270 
50876 
51619 
54057 
55605 
57266 
58254 
59174 
62708 
64299 
64770 
66237 
66285 
66967 
68365 
69152 
69366 
70782 
71843 
72269 
74799 
75318 
76618 
79051 
79419 
79572 
79743 
81231 
83593 
84141 
84246 
84306 
84710 
84990 
86238 
86614 
86852 
87590 
90719 
92981 
93032 
93150 
93599 
94974 
96813 
98365 
100622 
100946 
101779 
102738 
103428 
105129 
106618 
107463 
108285 
108831 
108899 
839 
2119 
2235 
3672 
4888 
6522 
7920 
8274 
8671 
9009 
9380 
9543 
9903 
10283 
11203 
11792 
12390 
14270 
18073 
18421 
19971 
20643 
21786 
22471 
22926 
22987 
23957 
26493 
27502 
27705 
28144 
28862 
28969 
29583 
29679 
33095 
34224 
38409 
39275 
40180 
40651 
41002 
41662 
42774 
44711 
44757 
45034 
46364 
47516 
47613 
49342 
51708 
52383 
52645 
52978 
53841 
54287 
54579 
55814 
56472 
58140 
58344 
58892 
59089 
63170 
64252 
65689 
66437 
66667 
68634 
68898 
70577 
70752 
71881 
72120 
72168 
72904 
75068 
75241 
77182 
77845 
80060 
80183 
81553 
85276 
85653 
85715 
85812 
87891 
88179 
88894 
94687 
96190 
96806 
97318 
98307 
98611 
99402 
100337 
100974 
101044 
102225 
102390 
102623 
103662 
103961 
104355 
104482 
105184 
105851 
543 
1149 
4941 
5526 
5913 
8375 
9714 
10650 
11140 
12491 
13040 
13093 
13974 
14743 
14997 
15011 
15660 
17268 
18010 
18806 
19496 
20250 
22510 
22887 
25666 
25851 
26465 
28655 
28770 
29428 
29519 
30122 
30612 
31016 
31034 
31897 
31982 
32091 
32197 
34751 
38212 
38571 
38850 
39078 
39811 
42250 
42988 
44437 
47384 
47718 
48025 
49064 
49074 
49515 
49674 
49945 
50105 
50748 
50985 
52997 
55837 
56194 
57182 
59826 
59999 
62624 
63545 
64539 
68962 
70749 
71525 
75200 
77789 
77925 
83702 
84765 
84809 
84938 
87060 
87431 
87490 
89795 
91510 
91766 
92329 
94057 
94353 
94878 
95126 
96543 
96691 
98031 
99224 
99320 
99627 
100140 
100194 
104589 
106057 
107504 
107751 
108541 
48 
980 
1223 
3067 
3668 
4312 
5424 
8980 
10096 
10731 
10852 
11420 
12145 
12284 
15764 
17360 
17382 
17754 
20456 
20701 
22238 
23100 
26068 
26522 
29199 
30410 
30653 
30662 
31113 
31397 
32330 
32947 
37445 
37738 
38828 
42272 
45084 
46323 
46362 
47300 
47723 
48894 
48987 
50135 
51184 
51711 
51925 
51988 
52206 
52368 
52459 
52460 
54829 
55936 
58708 
58934 
60747 
61492 
62397 
62751 
64694 
65142 
66228 
67439 
67493 
69453 
69521 
69800 
70620 
71336 
74202 
74816 
76147 
78051 
79181 
79604 
79696 
80090 
80279 
80525 
81993 
82354 
82620 
83999 
84021 
84090 
84328 
84785 
85476 
85839 
87458 
87663 
87714 
87947 
89056 
89430 
89586 
89820 
91280 
91362 
92694 
93211 
97796 
97935 
98504 
98640 
99232 
99613 
101197 
102802 
103794 
105317 
106100 
107973 
108080 
108701 
97 
192 
1184 
2400 
2404 
2615 
3287 
3667 
3822 
5681 
5970 
6502 
7175 
8050 
10152 
10520 
15915 
15952 
16172 
17201 
19163 
19342 
19471 
19911 
20142 
22197 
23193 
24423 
24568 
26788 
27754 
28060 
32114 
32788 
33664 
33805 
34960 
36025 
36595 
37164 
37654 
38123 
39833 
40849 
40884 
40908 
41397 
42902 
43520 
44272 
44699 
44938 
45630 
47236 
49211 
50861 
51446 
52156 
52461 
52547 
57034 
57691 
58034 
58465 
58520 
58590 
60118 
60164 
63559 
64781 
65924 
67066 
67120 
67765 
69171 
70833 
73525 
74309 
74461 
75249 
75473 
75959 
77494 
78318 
80809 
82683 
85879 
86916 
87095 
89989 
91369 
93409 
95112 
95684 
96505 
96926 
97097 
97159 
97182 
98444 
98707 
99593 
100215 
100447 
101897 
103451 
103885 
107383 
107656 
1314 
1562 
4676 
4722 
6105 
7169 
7391 
7978 
8352 
11542 
13473 
16263 
17033 
18517 
19406 
20820 
21171 
23106 
23289 
24177 
24696 
25745 
28160 
29775 
29988 
30014 
30553 
32838 
33047 
35087 
35406 
35558 
35714 
36841 
38806 
39312 
39807 
39844 
41328 
41841 
46201 
47376 
47459 
50026 
50988 
52610 
53986 
54370 
56128 
56460 
58013 
58425 
59025 
59210 
63312 
63502 
63671 
65415 
67671 
69080 
69707 
70272 
70542 
71756 
72717 
73090 
73589 
73872 
74126 
74260 
75164 
77233 
77502 
78722 
79951 
80583 
81445 
82454 
82835 
88089 
88357 
88430 
88929 
89824 
90678 
92103 
92363 
94383 
94566 
95646 
95691 
96023 
96152 
97074 
97428 
97516 
98359 
98786 
99993 
103309 
105768 
108353 
727 
1791 
2614 
5645 
6286 
8924 
9817 
11330 
11640 
11648 
11995 
13864 
14860 
15108 
15939 
19577 
20691 
21403 
24401 
25853 
27818 
29574 
30946 
35574 
36225 
36802 
36960 
39264 
41315 
41421 
41950 
42309 
45582 
48766 
51259 
52116 
54859 
55207 
55563 
55573 
56147 
56395 
58721 
59500 
60166 
60404 
61528 
62422 
62975 
63509 
63600 
63656 
65947 
68055 
68836 
73512 
77936 
80740 
81340 
82235 
85628 
87368 
87923 
88004 
90391 
92477 
93781 
95268 
95776 
96627 
96666 
98811 
100161 
100980 
102447 
103288 
104596 
106403 
107369 
107448 
108775 
1277 
1577 
1761 
7899 
9535 
9639 
12184 
12436 
12913 
14870 
14949 
16649 
16913 
20308 
20519 
21845 
22779 
22818 
23770 
24526 
25253 
27012 
27069 
28761 
30155 
30348 
33034 
35208 
35914 
36326 
36377 
37579 
38340 
39565 
41155 
42314 
42348 
42854 
44499 
45060 
45874 
46222 
47117 
47524 
49062 
49076 
50375 
51447 
51451 
52882 
55538 
56038 
57047 
57160 
57334 
60459 
60465 
60665 
62045 
62424 
65968 
67499 
67886 
68951 
70998 
71293 
78205 
78711 
80241 
80410 
80487 
81217 
81687 
82740 
83348 
84105 
86880 
87701 
89060 
89677 
90136 
90726 
91717 
92955 
93146 
93935 
94750 
95208 
97557 
101913 
104274 
104632 
104633 
106821 
108435 
3166 
3625 
4392 
4899 
6011 
6101 
6697 
6880 
6980 
6992 
7089 
8822 
9469 
9769 
10488 
11751 
12063 
13002 
13447 
17495 
17962 
19663 
19792 
21072 
21303 
21489 
23623 
25164 
25209 
25352 
25647 
27732 
28575 
28816 
29957 
30284 
31307 
32553 
34882 
35616 
36678 
36858 
38900 
39056 
41917 
42214 
42333 
43436 
44318 
45659 
46228 
46380 
46622 
47083 
49349 
49664 
50661 
50922 
51041 
52350 
52498 
53109 
53447 
55535 
55555 
57197 
57430 
58235 
59527 
60800 
61430 
63114 
63816 
64148 
64440 
64559 
65879 
66584 
68240 
71467 
71571 
73240 
74034 
74867 
74951 
78403 
78884 
78888 
79304 
79410 
80768 
81701 
81875 
82919 
83174 
84658 
87086 
88015 
90217 
91683 
94850 
95412 
96018 
96962 
97673 
99114 
99388 
99557 
100211 
101275 
101600 
101687 
101720 
102692 
104385 
104888 
104894 
107295 
107449 
3268 
3354 
4340 
6350 
7141 
7937 
8914 
11194 
14214 
16310 
16855 
19520 
19850 
20748 
21709 
22118 
24350 
25181 
25575 
28319 
29975 
30716 
33265 
33349 
34001 
38534 
39017 
39349 
39593 
40571 
41108 
41403 
41518 
42334 
44618 
45502 
49477 
49505 
50195 
51943 
53328 
54349 
55313 
56024 
56550 
58564 
60223 
63714 
63850 
66339 
66379 
67459 
67796 
68385 
69098 
70374 
70532 
71807 
73832 
74375 
76109 
77990 
79470 
80031 
80851 
80907 
81470 
82048 
83008 
84455 
85181 
87102 
88320 
89207 
89249 
89301 
90780 
91167 
91284 
91688 
91906 
92390 
92472 
92865 
93477 
95397 
96031 
96550 
97998 
100796 
102873 
103801 
104451 
104486 
104656 
105131 
106487 
106532 
106540 
107378 
107611 
107649 
136 
291 
407 
480 
660 
2275 
2584 
3517 
4126 
5249 
7101 
8159 
9149 
9279 
9449 
12481 
13157 
13755 
13858 
15419 
15749 
18449 
19884 
21615 
21685 
22684 
22821 
23249 
24647 
26643 
26659 
26746 
27592 
29321 
29867 
30641 
31275 
31476 
31477 
32354 
32975 
33939 
34993 
35745 
40377 
40767 
41842 
42521 
43765 
44540 
45108 
45818 
46446 
47109 
47670 
48209 
49927 
50696 
50872 
50925 
50948 
50954 
52045 
53394 
53876 
55000 
55306 
55356 
55565 
58185 
58763 
59871 
60727 
61908 
64021 
64643 
64840 
66292 
66530 
66672 
66709 
71143 
72699 
72785 
72861 
74358 
75210 
75269 
75348 
76055 
76479 
77083 
78002 
78940 
79050 
79080 
79866 
80541 
81026 
82764 
83598 
84017 
84497 
84746 
85584 
85668 
86730 
87163 
88616 
89489 
89917 
91748 
93475 
93515 
93965 
93998 
96240 
96308 
98366 
98371 
98669 
99277 
100005 
100495 
101143 
101287 
102302 
102819 
103017 
103725 
103913 
104744 
105790 
105960 
108838 
187 
643 
792 
867 
1022 
5980 
6765 
8313 
9160 
9187 
9519 
9526 
12249 
13057 
13845 
14109 
15100 
15402 
15988 
18529 
19642 
19956 
20222 
26206 
26303 
27532 
27682 
30386 
30485 
32067 
32323 
32702 
33094 
33148 
33767 
33902 
36454 
39491 
40513 
42666 
45691 
45986 
46736 
48121 
48965 
51358 
53792 
54049 
54354 
59724 
60410 
60924 
61347 
61519 
62595 
63135 
63810 
67619 
68628 
69917 
70612 
70981 
72569 
72873 
73997 
74502 
76157 
76373 
80251 
81059 
82373 
83867 
84453 
85972 
86398 
87254 
89892 
91460 
92558 
94628 
94633 
96211 
98291 
100280 
101972 
104406 
105015 
105086 
105493 
107720 
1638 
3027 
3033 
4867 
5030 
5092 
5940 
7146 
9219 
9597 
14741 
14862 
16909 
17183 
17813 
17873 
22399 
22482 
23952 
25280 
25581 
28704 
30807 
31805 
32799 
32896 
33439 
34684 
35302 
37663 
37746 
39219 
40923 
45450 
45673 
45867 
45884 
48150 
49284 
50251 
52961 
53940 
55494 
55930 
57121 
57579 
58798 
59592 
59671 
60692 
60756 
61951 
63083 
63368 
63719 
63822 
64176 
65192 
65848 
68241 
69309 
69543 
69665 
70075 
70717 
73486 
77304 
77485 
78178 
81198 
81339 
81905 
85348 
86854 
87315 
89135 
90067 
90842 
92451 
92801 
96722 
97068 
97093 
97545 
97785 
98122 
98842 
99659 
100780 
101551 
105334 
105378 
106315 
107442 
710 
3554 
4905 
6498 
6517 
7823 
9223 
10037 
10418 
11174 
11261 
12788 
14454 
16236 
18789 
21625 
21675 
21865 
21933 
22618 
24099 
25353 
25399 
26443 
28151 
28168 
31086 
31661 
31830 
33073 
34051 
35094 
36983 
37392 
38147 
39097 
40084 
40358 
40540 
40560 
41792 
42810 
43054 
43714 
43821 
44520 
45129 
45644 
45704 
46890 
47015 
47424 
48317 
48863 
49954 
50614 
51567 
51617 
52559 
52643 
52959 
53821 
54174 
55342 
58048 
58064 
58285 
59612 
59933 
60249 
61133 
61196 
61779 
63325 
65040 
65130 
68464 
71182 
72063 
72234 
72779 
73098 
75102 
77558 
77877 
78587 
82699 
82761 
82908 
86033 
86463 
86724 
86819 
86914 
87919 
90883 
91027 
91792 
92010 
93646 
94250 
94300 
94765 
95789 
97351 
98214 
99944 
102218 
103821 
104386 
104667 
104737 
106729 
106810 
108711 
1074 
2333 
3253 
5105 
6639 
7293 
8800 
9007 
10377 
12328 
15188 
15519 
15928 
16321 
17165 
17314 
18628 
18999 
22042 
23427 
24486 
25612 
25662 
26497 
26896 
27456 
27546 
27598 
28331 
28835 
29276 
30306 
30660 
31978 
32618 
34587 
34803 
36058 
37178 
38203 
38557 
38635 
38829 
39273 
39984 
42738 
43611 
44588 
44902 
45801 
46768 
47405 
51579 
53204 
53620 
53907 
56353 
58417 
60021 
60886 
61425 
61694 
62949 
64551 
67135 
67910 
67993 
68292 
69937 
71176 
71494 
71866 
72169 
72964 
73334 
74279 
75640 
77909 
78566 
78868 
79271 
79733 
80601 
82916 
83240 
83284 
84486 
85852 
85894 
86863 
88646 
89786 
91228 
92268 
92397 
97120 
98977 
99132 
99788 
101216 
102754 
105381 
106256 
106549 
107305 
108525 
108788 
513 
2337 
2554 
3140 
3152 
3545 
5175 
5911 
8453 
10905 
11969 
12011 
12391 
12578 
12847 
14598 
15127 
18159 
18458 
18733 
22936 
23374 
24428 
24820 
26239 
27587 
33169 
33385 
33741 
34932 
36033 
36716 
37375 
37469 
38321 
38493 
39224 
41892 
42358 
42360 
43373 
45321 
45367 
45825 
45855 
47621 
47924 
48741 
50098 
50657 
50709 
53786 
55515 
58178 
59135 
59196 
59368 
61146 
62055 
62147 
63159 
64645 
65062 
65473 
65590 
66657 
66994 
69302 
69566 
72036 
72600 
72612 
73534 
73752 
74101 
74362 
75509 
77470 
77765 
80560 
81086 
81519 
81577 
81795 
84217 
84513 
85022 
85127 
85770 
88068 
88120 
88198 
88778 
91219 
93619 
93837 
93933 
93938 
94829 
94900 
97992 
99015 
99982 
102051 
102475 
103511 
104836 
107423 
107815 
108628 
318 
1121 
1768 
1813 
2088 
2251 
4706 
5599 
6250 
8398 
9296 
9567 
9732 
10550 
13219 
16903 
19092 
19866 
19933 
20426 
20580 
22454 
23012 
23129 
26713 
27962 
31015 
33025 
34581 
35170 
35274 
35600 
37623 
38024 
41142 
41405 
42752 
43040 
44042 
44285 
45278 
45527 
48068 
48833 
49233 
49526 
50152 
50547 
51120 
51672 
53988 
55110 
55584 
56167 
57068 
57416 
58668 
59314 
59410 
59604 
60919 
61023 
63293 
65125 
65381 
65597 
68522 
69425 
69523 
69660 
70843 
72754 
73301 
76715 
77481 
78816 
79276 
80758 
81936 
82350 
85578 
88610 
89492 
90822 
91220 
91652 
92199 
93787 
95537 
96734 
98916 
99928 
101279 
101950 
103499 
103878 
104219 
106029 
106141 
106365 
107535 
108119 
149 
235 
1432 
2436 
3221 
3680 
3743 
5677 
6601 
9076 
9655 
9728 
13113 
13508 
16207 
18848 
19005 
19909 
20634 
22498 
23081 
24728 
24963 
25101 
26587 
27320 
28614 
32990 
33773 
33804 
33811 
34473 
34520 
34964 
35544 
36754 
37231 
38927 
40360 
40734 
41176 
42189 
42657 
42871 
43255 
44031 
45399 
45896 
46261 
48923 
50046 
50064 
50188 
52066 
52094 
52131 
53246 
53581 
54992 
55382 
56228 
58153 
58288 
60379 
62210 
62614 
63340 
66343 
70038 
70201 
70408 
72194 
72286 
74187 
74293 
74297 
77755 
78084 
80388 
82148 
82778 
82867 
87289 
91662 
93462 
94614 
96474 
96591 
98375 
99342 
99997 
101932 
102416 
104937 
105107 
105763 
107207 
107779 
107960 
165 
819 
3748 
4906 
6052 
6205 
7477 
8578 
11954 
14329 
14769 
17251 
18472 
18828 
19460 
20442 
20657 
21347 
22666 
23950 
24008 
24386 
24496 
24903 
25152 
28698 
29459 
29923 
30124 
30256 
30604 
31166 
31297 
32909 
34303 
35791 
36066 
36298 
36334 
36604 
37062 
38092 
38973 
42052 
42193 
42305 
43773 
43915 
46356 
47758 
48610 
50038 
51137 
51584 
51928 
52055 
52476 
53039 
54340 
55567 
55909 
57055 
57199 
58575 
59511 
60324 
60660 
60870 
60984 
61299 
61305 
62090 
65543 
65578 
66053 
66669 
68947 
72390 
72975 
73364 
75671 
76216 
77735 
78281 
81599 
82195 
83369 
83819 
86123 
86212 
86453 
87284 
87974 
92884 
93017 
93446 
94466 
94571 
97094 
97611 
98184 
98358 
98417 
98805 
98850 
100793 
101553 
103263 
104335 
105597 
105603 
106322 
106459 
106631 
107755 
550 
574 
2340 
3022 
3527 
6474 
6771 
6990 
7000 
7441 
8341 
8610 
9032 
10026 
11487 
11652 
12128 
12342 
12960 
14273 
15447 
15520 
16080 
16282 
16604 
18036 
18547 
19431 
19818 
20623 
22293 
22562 
22879 
23703 
24318 
26158 
27076 
27133 
27786 
28194 
29256 
29688 
30203 
30497 
32704 
36573 
37374 
37744 
40969 
41348 
41522 
42120 
44182 
44558 
44741 
44903 
45160 
45361 
47184 
47468 
47529 
48438 
49304 
50667 
50987 
52670 
55760 
55856 
55954 
58865 
59330 
59898 
61924 
61935 
62364 
63681 
66757 
68434 
71750 
71799 
72578 
72674 
72809 
74094 
75563 
76626 
77942 
79534 
81332 
83911 
84978 
86893 
87137 
87423 
88202 
91597 
92089 
92608 
93167 
93173 
94568 
96423 
101561 
103140 
103670 
104004 
104099 
104693 
104694 
106537 
108449 
1485 
1975 
2189 
2822 
5881 
7357 
7582 
7768 
11461 
11905 
13920 
14972 
15020 
15114 
15364 
15993 
16222 
17243 
18593 
18920 
20694 
21486 
24893 
26296 
27047 
27049 
27876 
27932 
28408 
28571 
29169 
30395 
36263 
36445 
37270 
38388 
40240 
40427 
40674 
41375 
41843 
42428 
42736 
43651 
44016 
45074 
47269 
48126 
48475 
48940 
51083 
52854 
54133 
54360 
58466 
59683 
60206 
61613 
62309 
62458 
62801 
62881 
65212 
66313 
66591 
66691 
66738 
67596 
69581 
69928 
70036 
70635 
70736 
71240 
71470 
71906 
74233 
75418 
77174 
79250 
79985 
80216 
81636 
82343 
83022 
83422 
85059 
86134 
87346 
89248 
90467 
92066 
92402 
95525 
95849 
96265 
96746 
96772 
96971 
97872 
97910 
98161 
98448 
99172 
99504 
101678 
101916 
103132 
103513 
104846 
106251 
106735 
107048 
107275 
107580 
495 
602 
934 
1595 
2056 
2777 
3589 
4788 
5152 
7091 
7282 
8550 
9271 
9381 
10309 
13475 
15115 
15789 
16105 
16256 
17630 
17888 
18436 
18907 
22675 
22741 
23815 
26288 
27299 
28206 
28357 
30916 
31353 
31710 
33611 
34951 
36332 
37065 
38198 
39377 
39506 
41373 
41875 
42072 
42704 
42996 
46567 
47966 
50693 
51299 
51390 
52393 
52413 
52985 
54398 
54513 
57425 
59033 
61747 
62180 
62269 
62655 
63231 
64141 
64605 
65693 
66611 
70450 
71391 
72514 
72716 
73091 
73605 
73834 
74372 
74749 
76631 
78240 
79475 
80591 
80935 
81717 
83117 
83766 
84602 
85828 
87639 
88428 
89880 
91858 
92132 
92200 
92684 
93455 
97711 
97731 
98451 
98519 
100403 
100917 
102211 
103210 
104207 
105397 
105590 
105630 
105741 
430 
1137 
1436 
2728 
3042 
3292 
5021 
6050 
6135 
6137 
6295 
6380 
6407 
6705 
6706 
7752 
8523 
8758 
9691 
10324 
10883 
12564 
13257 
13290 
16308 
17378 
17409 
17689 
18278 
19049 
19254 
19594 
21117 
21238 
22387 
23286 
24124 
26496 
26510 
30110 
30791 
31639 
34454 
35929 
37621 
39401 
41097 
41819 
42098 
42265 
42483 
44657 
45088 
46231 
47205 
47412 
48071 
48094 
48142 
49716 
52003 
52256 
53442 
55843 
57709 
57774 
58409 
60383 
60772 
61842 
64780 
64811 
66051 
66158 
67386 
67498 
67793 
68664 
69071 
69781 
73503 
73768 
75884 
75966 
76023 
76610 
77429 
78819 
78860 
80437 
81262 
81479 
83464 
83566 
84051 
84118 
84535 
87933 
88812 
89191 
89758 
90220 
91638 
93564 
94428 
94889 
95226 
96129 
97126 
97475 
97518 
97867 
99335 
99935 
100126 
100891 
101079 
101731 
103350 
105176 
105351 
105471 
105810 
1381 
1988 
3770 
5679 
8340 
9242 
9772 
10139 
10155 
12817 
13325 
13996 
14668 
16283 
17168 
17385 
18450 
18581 
18794 
19373 
21063 
21704 
22002 
22235 
23644 
25625 
25800 
28434 
33764 
34481 
35281 
37646 
44105 
45560 
46192 
47122 
49220 
51267 
55046 
55079 
55868 
55877 
57187 
58634 
58919 
59011 
59301 
59889 
60744 
61817 
62277 
64370 
65801 
67855 
68589 
68610 
70511 
70607 
72453 
72548 
72654 
73835 
74937 
75178 
76355 
77213 
77724 
78187 
78427 
78789 
79362 
80820 
81274 
82666 
83304 
83633 
84307 
84737 
86241 
87965 
88817 
89128 
89503 
89862 
90026 
90607 
91443 
92393 
92746 
93458 
94244 
96154 
96594 
99035 
99039 
99966 
101254 
101385 
101511 
101540 
102410 
103639 
103693 
103739 
105275 
107152 
107626 
549 
555 
1311 
2025 
4173 
5107 
5142 
5538 
6586 
6874 
7267 
8998 
9793 
11605 
16867 
17580 
19869 
19973 
22354 
25040 
25369 
27306 
29841 
30433 
31000 
31451 
32935 
33365 
36486 
37893 
39006 
46383 
46625 
46825 
46973 
47445 
48973 
50671 
50772 
51173 
51353 
52162 
52250 
53037 
53090 
53880 
54419 
55015 
58113 
58691 
61386 
61863 
62171 
64377 
65433 
65906 
66167 
66342 
68427 
70396 
70568 
76944 
78316 
78409 
79211 
81159 
81467 
83476 
86864 
89003 
89621 
90518 
90622 
92235 
92996 
93316 
93872 
94498 
94664 
94928 
94968 
95571 
95965 
96447 
96805 
97054 
97362 
98431 
99241 
99653 
99812 
100418 
101234 
101542 
101969 
102174 
102313 
103604 
106356 
106420 
107393 
972 
1046 
2588 
3344 
4800 
9192 
10367 
11166 
11393 
11512 
12059 
12632 
12756 
13064 
13833 
14132 
14487 
15394 
15626 
18798 
19231 
19967 
23809 
26622 
27280 
29275 
29472 
29537 
29964 
32883 
35546 
37825 
38138 
38755 
40119 
40464 
42476 
43434 
45058 
45225 
46119 
46290 
46454 
46701 
48626 
50352 
50594 
51416 
53164 
53681 
54810 
54924 
55479 
57690 
58545 
59245 
59446 
59981 
61166 
61685 
62670 
62971 
62974 
64240 
64692 
65491 
66199 
66402 
66807 
67342 
70695 
71387 
71757 
73862 
74222 
75783 
76273 
77995 
78035 
80239 
80544 
83557 
83574 
83921 
84662 
85107 
86501 
86633 
87180 
87916 
89203 
89546 
90014 
92641 
93190 
93278 
95601 
97360 
98381 
99819 
103363 
103887 
623 
1553 
2187 
2836 
4013 
5371 
6218 
9404 
9558 
11254 
11590 
11983 
14762 
15057 
15578 
16576 
16706 
18228 
19448 
20450 
20842 
22813 
26671 
26942 
27760 
29731 
29857 
30142 
31091 
31269 
31849 
32822 
32951 
33134 
33213 
33444 
35263 
35469 
41981 
43298 
43355 
43967 
44332 
44552 
45689 
45824 
46247 
46488 
48383 
49013 
49135 
50794 
51608 
51624 
53435 
53824 
55627 
56647 
56703 
58061 
58651 
58801 
59153 
60044 
60211 
60461 
60592 
61836 
63448 
63880 
64212 
64246 
64313 
65029 
65431 
65724 
65807 
66080 
66422 
66960 
70671 
76152 
76733 
79318 
80148 
80171 
83912 
85426 
86103 
87124 
87295 
87857 
87938 
88001 
89096 
89406 
90812 
91492 
93320 
93939 
94472 
95830 
95917 
97267 
97943 
99120 
100399 
102941 
104564 
105978 
107241 
107364 
696 
2072 
3758 
4114 
4236 
4759 
5728 
7451 
7737 
10288 
11531 
14944 
17247 
19316 
19766 
20447 
20967 
21402 
21426 
22831 
23185 
23229 
25490 
27265 
27631 
28020 
28603 
30390 
30539 
31456 
32717 
33821 
33911 
33918 
36035 
36128 
36713 
37543 
38191 
38918 
39709 
41322 
44582 
45535 
46885 
47700 
47828 
48433 
49600 
49887 
50786 
52673 
54812 
56074 
56507 
57301 
57330 
57847 
58354 
60214 
60680 
60893 
61159 
61651 
61803 
61990 
63185 
63460 
64707 
64744 
65213 
65457 
67339 
67636 
67951 
68256 
68616 
69797 
70199 
71955 
74042 
74555 
75067 
76649 
77857 
79840 
81019 
81292 
82596 
84678 
86214 
88003 
89113 
89242 
89246 
91410 
92195 
93751 
94047 
95230 
96621 
97870 
97988 
98868 
99251 
100517 
101828 
102088 
102134 
102540 
102589 
103011 
103466 
105526 
107125 
107219 
107684 
108456 
503 
999 
1224 
1539 
1930 
2470 
3006 
3167 
3516 
3713 
3788 
5820 
5868 
6497 
7497 
10226 
13104 
13871 
15408 
15585 
16582 
17005 
17137 
17444 
20756 
25080 
25468 
27330 
27886 
29920 
30002 
30712 
30949 
32236 
32384 
32411 
33630 
34089 
34735 
34935 
36513 
36740 
37717 
39594 
41099 
41703 
42782 
46898 
47600 
47943 
48148 
48439 
48895 
49347 
51866 
52789 
53101 
53350 
54517 
58434 
59850 
61326 
63541 
64378 
64427 
65622 
65755 
70467 
70688 
70740 
72071 
72345 
72518 
73827 
74953 
75311 
76477 
77128 
77931 
78792 
79365 
80492 
80564 
82800 
83096 
83289 
83350 
84402 
85270 
85365 
87088 
87977 
88260 
88621 
91096 
91215 
91855 
92784 
92983 
93171 
94068 
94085 
96987 
97570 
98156 
98450 
99005 
99423 
100654 
101745 
102590 
103435 
104668 
105640 
106392 
107550 
107897 
108630 
1674 
2939 
2946 
3249 
5217 
5915 
8205 
8719 
8730 
11042 
13385 
13949 
14760 
16046 
16876 
17077 
20086 
20934 
20983 
21229 
21581 
22950 
22953 
24680 
25398 
27931 
29204 
29238 
29396 
29494 
29675 
29762 
32815 
32865 
33048 
33138 
33671 
34379 
34929 
34967 
36072 
36880 
37551 
37713 
38296 
39074 
40142 
40929 
41589 
42322 
42338 
42472 
42722 
45037 
46015 
46449 
46554 
47697 
47741 
48327 
49677 
50434 
50752 
51069 
51479 
51959 
52513 
54051 
54563 
54649 
58007 
58264 
58715 
59473 
64450 
65111 
65647 
67806 
71004 
71887 
72719 
73869 
74096 
75695 
75944 
76386 
77569 
77927 
78107 
78866 
79208 
80007 
80501 
81324 
82065 
85876 
86860 
87168 
88199 
90245 
90708 
90865 
91707 
92520 
95371 
97228 
97483 
98038 
100616 
100782 
106529 
108407 
175 
1049 
2265 
2830 
3289 
3953 
5140 
5459 
5534 
5840 
6690 
8063 
9898 
9918 
14886 
15120 
16572 
18225 
19395 
20749 
23112 
24360 
24470 
25537 
25680 
26412 
27324 
31457 
32557 
32856 
33124 
35399 
35560 
37366 
37933 
37969 
38888 
40047 
41287 
41434 
43397 
43572 
43574 
44055 
44222 
44501 
44990 
45147 
48822 
49065 
50290 
51630 
52739 
52810 
53188 
62808 
65169 
65890 
65910 
67100 
67302 
68195 
68265 
68518 
69194 
70053 
70109 
70983 
71118 
72642 
72680 
73318 
73401 
75458 
75716 
75867 
76253 
77546 
78080 
78898 
79022 
79910 
80595 
81245 
81252 
81347 
82184 
82464 
83042 
84057 
84559 
84611 
86617 
87742 
88195 
89314 
89659 
90706 
90775 
91516 
91811 
92701 
92778 
93822 
94604 
95205 
95370 
96246 
97299 
97955 
99836 
99883 
100246 
101046 
101409 
101868 
102915 
103271 
103385 
103408 
103824 
106847 
107257 
107920 
1938 
2844 
3765 
5367 
5809 
6756 
9161 
10198 
11730 
11822 
12236 
12533 
13126 
14138 
14882 
18204 
21478 
21509 
21789 
22276 
25185 
27296 
28531 
28622 
28868 
29342 
29392 
30588 
30647 
31096 
33064 
36854 
37306 
37927 
39842 
40989 
41689 
43126 
43818 
44959 
45144 
47682 
48185 
48232 
48452 
51256 
52024 
53154 
56169 
57046 
57320 
58052 
58121 
60144 
60548 
61772 
61865 
62339 
63385 
63972 
64284 
65507 
70197 
70758 
71243 
72011 
73666 
73792 
75101 
76171 
77169 
78609 
79370 
79712 
80228 
80526 
80683 
82167 
82436 
82793 
88284 
90327 
90618 
92172 
92224 
94930 
94960 
97669 
99882 
99994 
101315 
102498 
102991 
103686 
104487 
106155 
106753 
108819 
494 
1222 
2082 
2372 
2701 
3071 
3224 
8200 
9450 
9617 
10127 
11423 
12368 
13802 
14241 
15834 
16002 
19953 
21934 
22264 
22469 
22894 
23591 
24827 
25254 
25640 
27552 
28314 
28745 
29431 
31562 
31714 
32153 
32900 
33713 
33889 
35107 
36953 
38175 
38178 
38849 
39214 
39440 
39907 
40248 
41146 
44233 
44825 
45561 
46168 
47636 
47912 
49532 
51317 
52353 
52767 
52895 
54954 
56770 
56830 
57045 
57333 
58811 
58967 
59332 
59620 
60745 
63214 
64228 
65018 
68187 
68225 
68496 
68537 
68846 
71590 
72686 
73672 
74374 
75055 
76116 
78493 
79378 
80735 
81256 
81563 
82152 
82395 
83109 
83625 
86483 
86715 
87173 
87196 
87200 
87439 
88159 
88846 
90002 
90734 
92524 
92780 
95170 
96266 
98005 
99463 
99669 
100035 
100232 
100416 
100658 
103284 
104460 
106117 
106574 
107251 
108509 
378 
3084 
4934 
5102 
9080 
9302 
9569 
10817 
11216 
12741 
15558 
15670 
17919 
21953 
23889 
24215 
27215 
28215 
28401 
28558 
29028 
29051 
29463 
30325 
31624 
32253 
32394 
37363 
43657 
44007 
44661 
47250 
48100 
48904 
49378 
49856 
52124 
54873 
56186 
58080 
58527 
59930 
62992 
63741 
64520 
65511 
65644 
65811 
66036 
66368 
67523 
67786 
69318 
70369 
72028 
74355 
76393 
77504 
77655 
79609 
80249 
82349 
82706 
83420 
84066 
84740 
85205 
85835 
86284 
86318 
86591 
86804 
88305 
89541 
89791 
90229 
91817 
94605 
95966 
96199 
96397 
96704 
97980 
98301 
99798 
101593 
102216 
103063 
103454 
103567 
104373 
104391 
104833 
105321 
106978 
687 
2966 
3919 
5122 
8621 
9534 
12214 
12545 
13874 
14573 
16300 
16979 
18019 
18627 
18763 
19871 
21129 
22216 
22377 
22861 
25652 
25906 
26840 
26994 
28637 
29137 
29615 
29823 
31993 
35055 
35072 
35254 
38057 
38149 
39131 
41205 
41495 
41663 
41963 
43101 
43385 
46244 
46315 
46478 
46666 
47206 
47511 
48497 
48744 
50031 
56782 
57236 
58788 
59237 
60123 
61068 
61810 
61988 
62166 
62391 
64234 
64379 
64458 
65240 
66406 
68045 
71316 
73815 
73978 
74889 
75896 
77040 
77529 
78522 
81029 
81215 
81524 
81873 
84578 
85635 
87091 
89434 
90392 
90947 
91239 
93493 
93884 
94839 
95524 
96643 
96717 
99632 
100630 
103345 
103752 
103983 
104392 
104845 
105260 
105659 
106467 
108763 
1194 
1652 
2783 
3044 
4999 
5765 
5853 
7852 
7958 
9018 
10532 
12826 
13252 
13868 
14089 
15397 
16165 
17782 
18696 
20178 
20444 
20787 
21091 
21687 
23872 
25192 
25221 
25620 
28707 
30597 
32079 
34046 
34940 
37792 
42487 
44304 
45515 
46337 
46928 
47235 
47719 
47935 
48398 
48683 
48747 
51246 
51288 
51805 
51884 
52841 
53130 
54689 
54851 
55543 
55757 
56279 
56397 
58323 
58382 
58678 
59288 
60836 
63432 
64472 
65275 
65423 
66351 
66455 
66800 
67404 
67525 
68535 
69065 
70032 
71013 
72968 
72986 
73100 
73547 
74702 
75371 
76570 
77688 
78261 
78328 
78351 
78561 
80734 
81629 
81939 
83396 
83940 
84798 
84805 
84834 
85791 
86301 
86531 
87846 
88411 
88814 
89132 
89641 
90513 
91576 
93140 
93484 
96533 
97232 
97359 
98130 
102123 
102152 
104314 
105937 
106687 
108372 
907 
2493 
4447 
7646 
8724 
8820 
10349 
11145 
11992 
12585 
14340 
14807 
14827 
15107 
15846 
16201 
17362 
17539 
17817 
17841 
17976 
18180 
20316 
22582 
22650 
23057 
25235 
26818 
27864 
31103 
33103 
33946 
34186 
34200 
34945 
35668 
37341 
38709 
38720 
39018 
39274 
40332 
40484 
44158 
45875 
46234 
47683 
48447 
49357 
49536 
50212 
51362 
53699 
55227 
55882 
56938 
57339 
57981 
60155 
60435 
60554 
62278 
63236 
65787 
65993 
66102 
66316 
67666 
68492 
69285 
72985 
75222 
77619 
80119 
80422 
81313 
82515 
84716 
84766 
86582 
87126 
87587 
89355 
89857 
94856 
97286 
98497 
100638 
102485 
102502 
102592 
103448 
105292 
107468 
884 
1671 
2551 
3828 
5570 
6072 
7811 
8710 
9638 
9916 
10415 
10525 
11035 
11125 
11736 
15570 
15601 
17059 
17938 
19125 
19355 
20476 
21860 
22153 
24051 
25922 
28013 
30910 
32009 
32060 
32573 
32663 
32668 
33035 
33325 
33620 
34442 
36243 
36994 
37772 
38582 
45109 
45472 
46028 
49929 
50435 
51956 
54079 
57501 
59517 
59717 
60279 
60943 
61085 
62102 
65484 
65606 
66347 
68741 
68802 
68936 
69977 
71188 
71473 
72439 
72515 
74299 
74687 
77133 
77237 
77895 
77906 
78110 
78515 
78614 
78684 
79516 
81022 
81286 
82451 
83329 
83993 
84522 
84781 
85330 
86193 
87607 
87822 
88131 
89149 
90710 
92632 
93934 
94319 
94883 
95350 
97063 
99513 
103423 
103949 
105401 
105622 
108520 
1002 
1702 
4288 
7199 
7923 
9331 
10122 
10384 
12088 
12493 
13051 
13208 
13876 
17072 
17772 
18252 
19066 
19243 
20321 
20670 
22067 
22470 
25211 
25914 
27212 
27217 
28339 
28492 
31812 
32167 
32291 
32379 
32784 
33540 
34302 
34700 
37819 
38719 
39861 
39987 
41723 
42183 
43127 
43995 
44058 
44649 
46967 
46978 
47460 
47727 
48123 
49351 
52561 
53240 
53610 
55168 
55341 
57103 
58498 
59193 
59570 
64523 
64990 
65704 
66009 
66195 
67848 
68165 
68479 
69565 
70254 
76787 
77177 
78071 
78106 
78152 
79720 
80793 
81706 
82831 
83839 
84276 
84674 
85146 
85744 
87257 
87558 
88689 
89923 
90265 
90900 
92842 
92969 
93615 
96655 
98402 
98510 
98730 
98879 
99084 
100253 
101176 
101242 
105733 
2008 
3106 
4104 
10132 
10918 
12369 
12438 
13403 
15109 
15141 
18575 
18832 
19088 
19190 
19762 
19886 
19915 
21153 
22962 
27595 
28514 
29157 
31435 
31881 
32409 
32431 
35635 
35753 
36106 
36436 
37503 
37806 
41781 
42446 
42781 
43170 
44687 
45140 
50691 
52381 
52799 
54070 
55148 
55884 
55959 
56510 
56638 
57529 
57582 
58805 
60989 
61300 
62426 
63592 
63908 
64286 
66445 
66519 
66527 
66652 
67175 
67296 
67551 
68367 
69614 
69835 
70289 
70626 
71133 
72622 
72638 
72771 
72933 
73300 
75226 
82988 
83318 
86655 
87011 
91602 
91706 
92273 
92370 
94602 
95491 
95622 
97786 
98165 
98306 
99958 
100049 
102831 
104240 
107233 
108230 
108517 
154 
2152 
5955 
7197 
10627 
11406 
13012 
13305 
13536 
14992 
16350 
17396 
17675 
20114 
20193 
21476 
21494 
22082 
22114 
24959 
26556 
27065 
27606 
29149 
30838 
32556 
33538 
35307 
36010 
38130 
38552 
39799 
39941 
40858 
41483 
42625 
46357 
46519 
46686 
47154 
48428 
48431 
49136 
49690 
50001 
51478 
51674 
52101 
52276 
52486 
52655 
53403 
53678 
53804 
54412 
54496 
55459 
55967 
56046 
57133 
58561 
60481 
64828 
65885 
66746 
66862 
66879 
67224 
67437 
69600 
69971 
73200 
75185 
80603 
80932 
82155 
84230 
86698 
87413 
90086 
90157 
91780 
94570 
94719 
95600 
96976 
98493 
99042 
100752 
101939 
103843 
104345 
104408 
104546 
104716 
107323 
108044 
22 
1737 
4646 
5489 
6230 
6619 
8448 
8483 
9363 
10541 
12056 
12515 
12528 
13314 
13319 
13526 
14407 
14576 
16952 
17513 
18053 
18900 
18909 
19566 
19937 
20033 
22204 
25247 
25556 
26087 
26149 
26253 
26663 
30608 
31255 
31304 
33542 
34010 
34561 
34763 
34825 
35299 
36662 
39008 
40175 
40420 
40498 
40865 
41579 
45429 
45810 
45906 
46571 
46756 
47640 
47677 
49663 
49994 
50162 
51423 
52796 
53973 
54402 
54625 
55977 
56399 
58524 
59946 
61194 
61359 
62004 
63282 
63314 
66202 
66939 
69891 
69998 
70600 
71090 
71728 
73054 
73133 
74619 
75546 
75936 
77620 
77753 
77977 
79912 
80665 
81613 
82415 
82547 
82812 
84543 
86798 
87597 
90150 
91801 
91890 
92289 
93095 
93548 
94326 
94746 
95430 
95544 
95885 
97043 
98405 
98538 
99584 
99838 
100052 
100457 
101418 
101579 
101648 
102031 
102780 
103553 
103778 
103989 
104025 
106255 
106370 
107984 
812 
873 
1641 
1951 
2061 
2266 
3591 
4380 
6122 
10441 
12065 
12849 
13919 
14043 
14393 
14889 
15488 
16550 
16861 
19299 
19303 
19644 
19897 
22016 
22333 
22356 
22575 
22866 
24036 
24907 
27421 
27424 
34770 
34949 
36340 
38924 
39395 
40762 
41065 
41990 
43022 
43024 
44467 
47894 
48400 
49207 
51425 
51517 
51679 
52725 
52880 
53671 
56098 
56278 
56449 
57995 
58349 
59271 
59686 
60152 
60438 
61999 
62231 
63222 
65006 
67362 
68275 
69583 
69919 
76080 
78144 
78674 
78983 
80736 
81763 
83031 
85718 
86796 
87521 
87930 
88699 
91275 
94295 
98091 
99053 
99245 
99744 
104165 
104674 
105354 
106980 
107452 
108325 
1265 
1330 
6293 
6466 
7895 
7970 
10362 
10423 
10722 
10837 
10845 
11235 
11415 
12216 
12646 
13751 
15330 
15996 
16850 
18991 
22555 
22858 
23995 
26029 
26734 
26909 
26945 
27244 
30263 
33492 
33628 
35876 
36523 
37459 
40026 
43189 
43666 
44059 
45657 
46534 
47880 
47937 
49328 
49817 
51221 
51457 
53440 
53509 
54459 
54848 
54862 
57577 
58145 
58320 
59107 
59584 
60107 
61997 
62136 
63571 
63704 
63745 
64900 
65717 
66027 
66341 
66838 
68051 
68970 
69263 
70398 
70780 
73256 
73713 
74635 
75251 
76153 
76758 
78406 
79288 
81204 
82973 
83501 
84344 
84466 
84588 
86774 
87971 
88944 
92847 
93655 
94606 
94716 
95116 
95129 
96292 
96399 
96558 
97767 
98926 
99291 
100082 
101017 
102364 
104021 
106405 
106584 
107690 
2817 
3391 
3587 
3718 
4254 
6066 
7242 
7627 
8042 
8670 
11326 
13557 
14018 
14424 
17141 
19541 
20319 
22427 
23493 
24658 
24952 
25335 
25463 
26058 
26989 
27607 
28795 
29928 
30632 
31014 
32045 
32115 
32491 
33822 
33963 
38639 
41593 
42958 
44981 
45787 
46959 
47182 
47532 
50976 
53473 
57771 
58701 
58837 
61512 
61594 
62471 
63306 
63939 
67837 
69089 
69356 
70311 
72154 
77497 
78079 
78294 
79636 
80886 
81582 
81923 
82886 
83578 
84064 
84166 
85484 
88495 
88975 
89403 
89600 
90701 
92036 
99498 
104051 
105812 
105895 
106594 
107444 
107872 
108873 
3578 
5634 
8444 
8582 
9049 
10816 
12043 
12386 
14165 
14661 
14874 
16668 
18087 
18764 
19493 
22312 
23021 
23465 
24917 
25567 
25908 
27539 
27689 
28179 
28297 
29347 
29808 
29951 
32606 
33205 
35079 
35871 
36968 
37692 
38980 
39479 
41474 
41721 
42093 
42816 
42839 
43309 
43492 
44297 
45486 
45523 
46826 
47036 
49003 
49542 
50074 
51542 
54231 
55532 
55560 
57198 
58775 
59993 
60239 
60829 
68219 
70147 
70202 
71592 
72331 
73368 
74625 
75474 
75681 
76098 
82312 
82767 
83073 
83241 
83610 
85637 
86071 
86858 
86920 
87768 
88593 
89385 
91037 
93020 
93349 
94082 
96046 
97539 
98160 
99897 
100506 
101157 
101183 
101467 
103697 
104380 
104514 
104828 
105585 
105964 
106062 
1937 
4996 
6761 
7654 
10354 
10449 
10940 
11011 
12076 
12159 
12203 
12224 
13006 
15439 
15737 
15858 
20593 
22280 
22502 
23144 
24913 
25159 
27301 
27911 
28282 
30872 
31305 
31403 
31601 
32565 
32970 
33438 
34480 
34606 
35447 
36762 
37501 
37644 
38539 
39802 
39933 
40089 
40482 
40897 
41506 
43207 
43340 
45242 
48988 
49676 
50481 
50670 
51145 
51357 
52431 
53054 
53695 
56053 
56097 
56224 
59252 
59744 
60193 
61546 
62222 
63721 
64104 
64495 
65114 
65235 
66021 
66518 
66992 
68797 
70540 
73521 
73639 
74033 
74656 
77439 
77782 
79069 
79389 
80320 
81222 
81281 
81587 
81821 
82201 
83533 
84074 
84104 
84239 
85165 
85431 
85926 
86210 
87671 
88058 
88104 
88180 
88463 
88829 
88972 
89418 
94919 
95049 
96370 
99957 
100136 
100729 
101376 
101948 
102116 
103455 
104650 
104711 
104855 
105390 
108521 
2224 
5377 
5808 
6539 
6689 
8027 
8426 
10496 
14805 
14838 
15668 
15922 
16557 
18698 
20231 
20306 
20841 
21904 
22720 
27399 
28676 
31806 
32791 
33791 
34120 
34495 
35737 
36230 
42471 
43281 
43496 
46751 
47611 
48521 
48726 
48764 
49688 
50956 
51153 
51639 
53048 
56464 
56877 
58408 
58848 
59990 
62135 
64597 
67692 
68291 
68603 
70715 
71416 
71520 
73063 
74892 
75058 
75819 
76541 
77111 
77531 
79147 
79341 
79521 
79595 
80396 
80433 
80438 
80567 
81490 
82632 
83027 
83176 
83696 
83735 
83974 
84552 
86578 
88413 
89555 
89737 
90453 
93764 
94871 
95460 
95604 
95834 
96123 
97376 
98797 
98798 
99517 
101627 
102041 
103543 
103681 
107039 
108144 
108462 
1401 
2194 
3462 
3504 
4613 
7401 
7585 
8320 
9285 
9592 
10224 
10361 
10899 
11519 
11854 
12500 
12546 
15662 
15850 
16117 
18392 
20680 
28236 
28536 
31983 
32056 
32540 
33280 
35961 
36782 
38368 
38572 
39246 
39484 
40192 
40892 
40963 
43933 
47115 
47247 
49171 
50088 
50578 
53201 
53687 
54027 
54478 
57824 
58120 
59837 
60225 
60336 
63311 
63736 
63871 
65794 
66809 
68575 
70110 
70132 
73454 
73565 
74379 
74788 
75389 
77205 
78836 
78970 
79073 
79297 
79418 
80246 
81649 
84196 
84909 
85585 
87383 
87860 
90436 
90651 
93251 
93482 
99773 
99967 
100462 
102484 
103087 
105664 
107166 
108884 
303 
2370 
4163 
4491 
5020 
7798 
8325 
9402 
10389 
11367 
12468 
14391 
15767 
15801 
15918 
18291 
18305 
18816 
19054 
21299 
22186 
23516 
24039 
26055 
26488 
26815 
28663 
29507 
32001 
34952 
35585 
35846 
36008 
36388 
37037 
40442 
42082 
42142 
42653 
44953 
45234 
46141 
46388 
46970 
47972 
49852 
50165 
50633 
51682 
52111 
53148 
53682 
54456 
54855 
55206 
55528 
56495 
57185 
57901 
58847 
60588 
62576 
62868 
64135 
65308 
65673 
67418 
68728 
70049 
70064 
70268 
70372 
71370 
72937 
73927 
75613 
75974 
76398 
77673 
78073 
79398 
79847 
80701 
81177 
84221 
85734 
86545 
86980 
87235 
87719 
88130 
90959 
93886 
94766 
95732 
96247 
96779 
98273 
99134 
101065 
101307 
101608 
102797 
102818 
102953 
103609 
107775 
107927 
32 
1009 
1709 
7208 
7873 
8745 
9471 
10908 
12124 
12381 
12833 
14822 
15421 
15929 
16385 
18140 
20166 
22696 
23203 
23453 
24113 
26514 
27131 
27623 
28913 
30081 
31786 
32174 
34147 
34651 
35728 
36570 
39400 
39461 
39794 
41133 
43028 
43861 
45407 
45836 
46943 
47605 
48009 
52686 
53073 
53943 
53976 
55124 
55485 
55592 
55630 
57013 
57142 
57689 
58136 
58756 
59479 
61061 
61302 
61805 
64322 
64681 
64878 
65528 
67959 
68429 
69115 
69162 
69798 
71025 
71047 
73152 
73885 
74945 
76958 
77234 
77902 
79947 
82078 
82459 
82717 
86146 
87222 
89735 
90236 
90930 
91879 
93796 
95149 
95357 
96113 
96255 
98196 
99010 
99162 
99369 
102707 
103618 
105878 
106563 
106640 
107455 
615 
1127 
3086 
4015 
6248 
7944 
10514 
16626 
18300 
18484 
18717 
18941 
19481 
19668 
21957 
23702 
26266 
26966 
27725 
28217 
29548 
31170 
31332 
31816 
33880 
34045 
34122 
35172 
36085 
36235 
36963 
37054 
37336 
38580 
39244 
42279 
42335 
44587 
44610 
44894 
45747 
45879 
47125 
47436 
47973 
49468 
49849 
51470 
51738 
51767 
52457 
53950 
53992 
54099 
54692 
55181 
55246 
55320 
55732 
55774 
56366 
56398 
57261 
57840 
57863 
58877 
59404 
60582 
60760 
61839 
62535 
62544 
63496 
64477 
65265 
66794 
67665 
67807 
68288 
70462 
71255 
73036 
73251 
74402 
75849 
78697 
79701 
79741 
80389 
82460 
84186 
84840 
85177 
85437 
86299 
86639 
87001 
89766 
89815 
92316 
94386 
95387 
95795 
96830 
98631 
98902 
98951 
99145 
99710 
101330 
101589 
102510 
102891 
103988 
104372 
105134 
105303 
106199 
106884 
107531 
107742 
486 
2320 
2940 
3314 
3315 
4034 
5380 
6531 
7260 
8787 
9033 
9321 
9678 
10005 
10312 
10626 
12420 
13416 
15326 
17007 
17117 
20211 
23445 
24426 
26321 
28977 
30231 
31825 
32989 
34725 
34775 
34957 
35282 
37150 
40832 
42104 
43562 
44293 
47491 
48211 
48486 
50813 
52719 
52952 
53763 
54918 
56503 
57671 
57885 
59276 
59346 
59593 
60627 
61363 
61764 
63043 
64287 
64754 
66808 
67075 
68335 
69652 
70130 
72397 
74501 
74810 
75232 
75707 
76640 
78469 
78528 
79620 
80692 
80945 
82416 
83461 
83617 
84861 
85180 
85541 
85665 
88171 
88175 
88400 
89405 
90006 
90910 
91433 
92716 
92760 
93669 
94310 
95283 
95557 
98086 
98484 
99233 
99678 
101510 
102190 
103896 
105531 
105903 
426 
545 
2867 
3288 
3341 
3535 
3600 
3824 
4951 
5148 
5507 
5713 
7942 
9085 
9168 
10888 
11404 
11835 
11950 
12188 
14453 
15003 
15270 
16058 
16455 
18133 
18237 
19178 
20283 
21480 
21942 
22731 
24479 
24493 
25416 
25616 
27292 
28021 
28682 
29788 
30062 
30302 
31393 
32169 
32762 
34043 
34057 
35822 
39039 
40467 
40527 
42756 
43303 
43483 
44221 
44690 
45853 
47492 
48527 
49099 
50603 
51627 
52446 
53209 
53566 
56310 
57619 
57823 
58220 
58500 
60723 
62178 
62398 
62630 
62928 
64061 
64218 
64291 
64430 
67462 
68595 
68612 
69134 
69382 
69756 
70105 
70960 
71840 
71979 
72925 
74715 
75177 
75264 
75620 
75942 
76826 
77099 
78089 
78174 
78253 
78825 
78960 
80095 
80260 
82000 
82010 
85160 
85749 
86399 
87721 
89335 
90281 
90877 
91609 
92231 
93391 
93401 
95668 
96282 
97801 
99333 
99531 
99735 
101239 
101543 
101882 
102227 
104079 
104925 
105239 
107040 
107797 
108113 
108264 
57 
527 
1182 
1970 
2422 
2761 
3069 
3958 
8837 
12926 
13841 
14142 
15605 
15793 
16791 
18115 
18406 
19094 
19330 
19562 
20440 
21978 
22185 
22992 
24041 
25725 
25824 
26151 
26314 
26339 
26921 
28949 
29547 
29830 
31519 
32055 
32834 
34980 
37564 
39379 
40060 
40502 
40982 
41306 
42574 
48808 
48918 
48954 
49369 
50149 
50236 
51505 
54242 
54983 
55540 
57146 
57782 
59950 
60059 
60177 
61910 
62197 
62528 
64716 
65109 
65187 
66047 
66914 
67161 
67352 
68012 
68510 
68863 
71597 
72550 
73621 
74692 
76422 
76551 
76806 
77366 
80558 
80856 
82162 
82231 
82336 
82673 
83075 
83706 
83914 
84754 
85117 
85620 
87158 
87422 
88500 
89309 
89504 
90630 
91960 
96300 
96831 
97001 
97016 
98703 
99658 
99743 
100252 
102104 
102189 
106665 
106881 
108104 
860 
1077 
1903 
3398 
3648 
3888 
5921 
6312 
6712 
7257 
9644 
10687 
10753 
11354 
11379 
13022 
14802 
14976 
15446 
15900 
16007 
16037 
17363 
17974 
19264 
20577 
20717 
21712 
22827 
26923 
27200 
27545 
27599 
29530 
29718 
30033 
31919 
32219 
32708 
33972 
35752 
35790 
37778 
38382 
43505 
43602 
43608 
46608 
47243 
47457 
50317 
50921 
51983 
52064 
52389 
52469 
52788 
52836 
53917 
55027 
55431 
56012 
57115 
58817 
59225 
61820 
62092 
63589 
65122 
69683 
73735 
74648 
75073 
75578 
76814 
79314 
79424 
79676 
80425 
80940 
81630 
81872 
81957 
83012 
84668 
85928 
86132 
87104 
87201 
89634 
92092 
92386 
92693 
93345 
94289 
95842 
96339 
97308 
98799 
98905 
99179 
99639 
100171 
100998 
103793 
104726 
107754 
350 
1868 
1915 
2185 
2380 
3881 
4442 
6411 
8268 
8654 
9257 
9775 
10612 
10623 
13921 
15022 
15246 
15816 
16676 
16917 
17448 
18120 
18123 
19484 
20007 
20570 
20682 
20782 
21690 
22265 
23938 
24081 
27973 
28352 
28368 
28747 
28873 
29624 
30585 
31768 
32271 
33769 
34044 
34055 
34933 
35808 
36721 
37138 
39428 
39574 
39605 
41569 
41707 
45107 
47410 
48734 
49259 
49538 
50266 
51238 
53728 
53837 
57237 
57517 
58405 
61063 
61246 
62302 
63993 
64259 
64714 
65159 
65402 
65593 
66164 
66863 
67241 
67328 
68476 
68640 
69629 
70680 
71805 
72057 
74735 
76807 
76965 
77025 
77222 
80653 
81144 
82840 
82951 
84483 
84967 
89163 
89368 
89382 
90045 
93722 
94193 
94328 
96212 
96277 
98708 
99174 
100669 
101514 
102071 
102778 
103154 
104781 
107179 
107810 
146 
913 
1166 
3015 
4443 
4516 
6872 
9330 
9747 
12812 
14581 
14808 
14892 
15311 
16287 
18043 
18270 
18363 
18413 
18713 
19361 
20746 
20852 
22124 
25636 
26486 
26658 
27454 
27519 
27720 
29096 
30092 
30271 
30300 
30701 
32444 
35243 
37064 
39048 
39467 
39586 
40228 
40271 
42651 
43222 
44477 
45205 
45866 
46688 
48309 
49892 
50400 
50486 
51262 
53548 
55077 
55695 
55892 
58526 
59143 
59376 
61103 
61722 
63258 
63983 
64260 
68111 
68209 
69473 
69686 
70078 
70260 
71764 
72026 
72401 
72596 
73201 
73931 
75905 
75998 
80788 
82589 
82641 
83236 
84629 
86757 
87372 
90964 
93306 
93661 
94101 
94354 
94815 
95818 
97509 
97668 
100197 
101059 
103183 
103597 
103911 
104984 
105809 
106486 
106965 
107313 
108723 
223 
445 
1353 
1456 
2062 
3094 
3466 
3513 
3546 
4194 
5568 
5656 
6908 
6925 
6940 
8903 
9504 
10370 
11520 
11841 
12941 
13434 
15383 
16049 
19894 
19944 
20013 
20912 
21219 
21664 
22368 
23390 
26177 
28607 
28778 
29621 
31340 
31673 
32223 
35369 
37198 
39060 
39194 
39221 
40717 
41682 
44294 
44389 
46788 
47703 
48359 
48841 
48968 
50923 
51243 
52125 
53051 
54395 
54877 
56706 
57641 
63951 
64747 
64833 
65093 
65498 
66613 
66753 
68880 
70353 
71343 
72396 
72507 
73732 
75493 
75604 
76917 
78085 
79984 
80743 
81586 
81777 
81984 
83268 
84027 
84350 
87013 
87477 
87912 
88137 
89119 
89238 
90053 
91863 
93267 
93311 
93449 
95470 
96127 
96174 
96990 
99378 
99820 
100374 
101047 
101354 
101375 
101415 
102121 
102471 
103820 
105113 
105155 
106408 
106737 
108294 
1190 
1961 
3371 
4818 
5220 
5359 
5412 
5590 
5685 
5862 
8839 
9000 
9218 
10835 
12471 
13797 
13912 
17934 
17941 
20633 
21116 
21464 
22069 
22309 
22489 
23480 
24932 
25111 
26366 
26538 
26874 
27231 
30466 
32334 
34170 
35081 
35175 
36125 
36616 
37974 
38167 
38277 
38837 
39207 
40237 
40798 
41904 
41941 
43053 
43311 
44054 
46729 
47148 
47607 
49327 
49387 
49779 
50703 
50771 
51861 
52415 
52986 
53146 
53782 
54548 
55581 
57336 
59429 
61499 
61525 
62002 
65736 
66499 
68430 
68462 
69026 
69074 
69870 
70015 
70194 
70412 
71593 
71628 
72268 
72965 
74646 
76093 
78855 
79541 
80344 
82224 
82250 
82842 
84876 
85731 
85762 
86232 
86833 
87975 
88584 
90134 
90721 
92242 
93143 
94143 
95285 
95562 
96529 
97349 
97434 
97694 
99242 
100242 
101268 
101674 
103067 
103593 
105705 
106747 
107109 
1323 
2424 
2709 
2714 
3250 
6113 
6752 
8107 
9446 
10601 
11265 
11292 
11810 
12551 
13488 
14688 
15310 
15708 
16851 
18343 
19253 
19657 
20735 
21843 
21892 
22596 
25134 
25425 
26877 
27063 
28809 
28848 
28934 
30981 
31021 
31375 
31595 
32313 
33266 
35005 
35613 
35838 
36709 
36990 
37585 
39697 
44000 
45566 
45620 
46698 
47046 
47895 
47920 
50955 
52941 
53110 
53391 
54022 
54225 
55126 
57687 
58666 
59080 
59133 
60082 
60255 
60376 
60452 
62052 
63581 
63604 
63981 
65579 
65876 
66319 
67068 
68438 
68943 
69216 
70293 
72031 
74331 
74666 
74769 
75878 
76105 
76195 
78367 
79596 
79832 
80034 
80901 
81430 
81932 
83168 
83859 
84458 
84500 
85048 
85290 
86331 
88032 
89425 
90542 
90583 
90683 
91098 
91612 
91840 
94584 
95513 
98089 
98250 
99507 
99885 
99981 
100884 
101927 
102615 
103812 
104119 
105853 
107157 
107792 
107928 
108784 
92 
998 
1205 
1821 
3009 
3020 
4577 
4667 
4944 
6244 
7746 
8419 
10398 
10701 
12745 
13784 
14467 
14798 
15139 
15671 
16866 
17239 
17577 
18313 
20789 
21162 
21397 
22384 
24353 
24841 
24854 
26759 
26880 
29660 
29710 
30491 
32839 
35895 
36503 
38556 
39101 
39577 
40099 
40395 
41802 
42824 
44800 
45179 
45432 
46348 
48336 
49609 
50062 
51424 
51701 
53419 
56114 
58472 
58838 
59000 
60826 
61778 
62709 
63281 
65146 
65867 
66831 
67431 
67725 
67909 
68328 
68769 
69962 
71281 
72044 
72361 
73168 
76007 
76354 
76937 
77381 
78045 
78249 
78571 
80306 
80746 
81512 
83132 
84312 
84750 
87032 
87668 
88153 
88607 
91955 
92673 
93302 
93875 
93943 
94913 
95847 
96060 
98672 
100518 
101288 
103178 
103321 
103712 
104466 
104538 
104918 
105431 
105614 
107558 
3865 
3897 
6843 
8298 
8701 
9034 
9052 
9236 
10955 
12444 
14893 
16279 
17380 
18665 
18967 
19554 
20369 
21042 
22590 
24965 
25034 
25615 
26703 
27464 
28243 
28354 
29197 
29556 
32772 
34505 
35942 
37426 
37816 
38729 
39385 
39719 
39785 
40441 
41073 
42452 
42629 
42740 
42778 
43621 
44095 
44984 
45549 
45938 
48541 
49312 
51758 
52560 
53043 
53486 
54493 
56974 
57526 
59186 
59955 
60386 
60411 
61372 
61637 
61785 
62369 
63057 
66151 
66388 
66933 
67130 
68571 
68730 
69821 
70925 
71061 
75225 
75393 
75492 
76194 
77358 
77729 
78421 
78480 
79110 
81852 
83207 
83429 
84308 
84470 
84796 
85086 
85178 
85413 
85865 
86611 
86855 
87260 
88483 
88725 
89625 
90522 
91226 
92538 
92735 
95591 
95949 
96201 
97307 
97384 
97650 
98667 
101735 
102147 
102903 
103278 
107406 
108225 
108713 
1755 
2933 
3732 
4924 
5495 
6120 
6555 
7829 
9541 
10719 
13413 
13691 
14623 
15440 
15536 
15590 
19057 
20190 
21595 
22174 
22698 
23383 
24495 
24634 
25166 
25553 
27360 
29008 
30082 
30854 
31335 
31952 
33990 
35687 
37700 
38649 
38852 
38885 
45635 
46021 
46521 
49511 
49697 
53955 
54273 
55703 
56390 
57419 
57542 
57937 
58006 
59302 
60828 
65429 
65987 
67506 
67553 
68079 
70662 
72002 
74291 
77248 
83445 
83538 
84388 
84480 
84950 
85272 
86310 
87550 
87827 
91044 
93034 
94335 
94841 
94853 
94955 
95311 
95365 
95598 
96359 
98837 
100018 
100792 
101839 
102574 
102728 
102850 
103545 
104091 
104862 
105064 
105366 
105918 
106238 
106606 
107136 
107366 
808 
1724 
2669 
3247 
3397 
4033 
6653 
7587 
10240 
10992 
11614 
11827 
11895 
12282 
12880 
14026 
15533 
16464 
17345 
17582 
19169 
19314 
23769 
24090 
24251 
25343 
26399 
30638 
31098 
33264 
33327 
33865 
38162 
38292 
39208 
39615 
40162 
41640 
41678 
41876 
42533 
44023 
45135 
47094 
48279 
48638 
53358 
54061 
54415 
54920 
54956 
55138 
57220 
60342 
60385 
60736 
63535 
63918 
64004 
64066 
65452 
66548 
66653 
66702 
66712 
66815 
67055 
68331 
68453 
69207 
70730 
70948 
73117 
74159 
74882 
75194 
76022 
79100 
79153 
82149 
82975 
83771 
85233 
85333 
85783 
88235 
88251 
89549 
90427 
91926 
92351 
93590 
93905 
96074 
96453 
96767 
97081 
97895 
98356 
99077 
100849 
101112 
102154 
102618 
103249 
103500 
103753 
105182 
105190 
105255 
106818 
107137 
107509 
108121 
806 
1315 
1386 
1987 
4341 
6762 
7922 
8801 
9436 
11065 
11529 
12105 
14124 
15041 
16383 
16559 
17298 
18904 
18960 
19129 
22307 
22353 
24497 
25554 
25952 
26676 
27321 
27344 
28197 
28476 
30857 
32448 
32683 
33295 
33547 
36944 
39297 
39942 
41615 
43472 
44478 
45286 
46098 
46358 
48675 
49469 
49836 
49898 
52214 
52906 
55166 
57203 
58973 
59475 
60169 
61261 
62652 
64294 
66227 
67188 
67853 
68533 
69459 
70387 
71783 
72129 
72960 
73064 
74192 
75829 
76372 
76521 
77094 
78696 
82196 
84374 
84518 
84753 
87578 
88649 
89846 
90027 
90760 
91079 
91190 
91458 
91689 
92998 
93237 
93987 
94411 
95422 
95813 
97268 
98428 
99165 
99649 
100550 
101291 
104968 
105186 
105213 
106479 
106542 
106587 
106836 
107954 
795 
2978 
3590 
4186 
4576 
4979 
6094 
6406 
8712 
11620 
11889 
12069 
13758 
14200 
16325 
16927 
17571 
18474 
18610 
18711 
20502 
20621 
20816 
27236 
27710 
28797 
28973 
29226 
29641 
29861 
30028 
31713 
32785 
32852 
34315 
34655 
36001 
36194 
36329 
36826 
38800 
39350 
39908 
40683 
43031 
43516 
43561 
44739 
44772 
45972 
46876 
48193 
51237 
51506 
52146 
52738 
54981 
55225 
55791 
58112 
59229 
62294 
64349 
64846 
65679 
66218 
66264 
66884 
67784 
67992 
71082 
72118 
73123 
74842 
75078 
77727 
79127 
81480 
82992 
84477 
84940 
85520 
87052 
87596 
87821 
88406 
89255 
89797 
92309 
92442 
92945 
93565 
93777 
95462 
95731 
98233 
98860 
99626 
100627 
101755 
101878 
102040 
338 
1296 
1298 
2450 
6112 
6568 
7734 
8138 
9674 
11323 
11498 
12047 
12237 
12283 
13747 
13796 
15071 
15368 
15503 
16452 
16938 
19758 
20267 
21133 
21415 
22000 
23323 
23799 
24757 
26015 
26969 
27893 
28227 
29026 
29241 
29378 
29597 
30150 
31521 
33851 
34157 
34388 
34635 
34869 
34959 
35186 
35440 
35750 
36851 
37317 
39096 
39205 
39339 
40010 
40109 
40152 
40155 
41621 
43658 
43770 
44773 
45117 
48684 
50264 
50617 
50678 
51156 
57464 
59953 
62574 
64536 
64598 
64839 
65371 
65594 
66137 
66909 
69369 
69911 
70060 
70435 
70503 
70631 
71207 
74952 
76430 
76442 
76825 
78378 
78727 
78911 
79071 
79420 
81761 
81779 
82690 
83584 
83963 
85807 
86007 
86811 
87094 
93996 
94408 
95872 
99253 
99874 
100861 
103972 
105503 
105688 
105834 
106558 
1337 
1487 
1521 
3030 
3750 
5346 
7161 
10897 
11027 
11844 
12558 
14530 
15119 
15715 
16362 
20380 
20624 
20772 
21462 
22107 
22628 
22649 
22836 
24923 
26546 
29182 
29486 
30516 
33656 
33929 
34213 
34830 
35042 
35259 
36866 
36900 
37685 
39747 
39871 
40338 
41599 
41780 
43753 
45757 
47042 
47133 
48321 
49077 
49102 
49471 
54378 
54941 
55059 
56812 
58471 
60511 
60605 
61416 
62292 
63513 
64601 
64671 
64750 
65359 
67197 
67356 
68036 
69292 
70575 
72024 
72780 
73417 
73779 
74726 
75762 
76999 
78788 
79485 
79539 
79685 
80597 
82347 
83233 
85172 
88059 
88245 
89694 
90100 
92671 
94819 
94958 
95011 
95023 
98062 
98271 
104588 
104641 
105488 
105904 
106338 
106417 
106614 
107244 
108444 
108548 
645 
992 
2756 
2986 
3112 
3951 
4024 
4881 
7028 
10142 
11410 
13295 
14299 
16168 
16217 
16844 
16966 
18508 
18783 
19684 
19791 
21087 
22159 
23285 
23739 
25751 
28396 
28771 
30285 
30886 
32800 
35199 
36574 
36714 
37280 
38815 
39399 
39547 
40029 
40485 
41122 
41942 
43432 
43722 
44213 
44495 
44735 
45199 
45752 
45827 
46274 
46771 
48278 
48785 
48858 
49548 
50303 
50535 
51285 
51321 
51776 
52494 
53996 
54054 
54809 
56499 
57326 
57487 
58654 
59835 
60287 
60395 
60860 
61696 
62349 
62475 
62720 
62890 
63375 
63814 
66814 
67533 
67923 
68274 
68695 
69229 
70667 
71171 
71858 
72997 
73771 
74161 
75367 
75524 
75677 
77373 
79981 
80158 
81319 
81466 
84080 
84314 
86029 
87128 
87341 
87523 
90113 
91169 
91591 
91753 
91754 
93814 
94578 
95040 
95065 
95897 
95964 
97446 
101657 
102044 
102798 
103201 
103445 
103577 
3079 
3134 
5647 
6195 
6727 
7372 
7995 
9250 
9485 
9892 
9957 
10563 
12042 
13710 
14662 
14699 
16705 
16821 
20230 
20687 
20817 
26146 
27026 
27145 
30815 
31566 
33478 
33549 
35297 
37786 
37794 
38685 
40235 
40243 
43321 
43911 
44627 
44667 
47755 
48421 
49606 
50384 
52382 
53832 
54131 
57099 
57234 
57727 
58328 
59988 
62604 
62815 
64800 
65241 
65747 
66270 
67885 
69406 
69431 
70930 
70995 
71464 
71586 
72594 
72802 
72946 
76434 
76579 
76675 
77996 
78715 
83083 
84033 
84081 
85962 
86988 
87424 
87695 
88019 
89338 
91004 
92287 
92669 
94777 
95461 
96069 
97683 
97873 
98066 
99532 
99538 
99872 
102829 
103608 
103830 
103856 
104067 
104803 
107180 
107201 
107614 
107951 
228 
1808 
3005 
3351 
4362 
10036 
11289 
12518 
12928 
13075 
13391 
16332 
16716 
16811 
19751 
21682 
23909 
24429 
24536 
25057 
25847 
25868 
28537 
28991 
30179 
30802 
31434 
31509 
31532 
32506 
36284 
36320 
37021 
37093 
38655 
39230 
39464 
39570 
40167 
40418 
40973 
41152 
41854 
44604 
46197 
46805 
46839 
46869 
47735 
48789 
49034 
50749 
50977 
51039 
51492 
52687 
53796 
53939 
53998 
58079 
58450 
58724 
59105 
59510 
63834 
64236 
64298 
64411 
64537 
65206 
67152 
67861 
69901 
71088 
72035 
72131 
72436 
72712 
73446 
73746 
74418 
74738 
76634 
81287 
83358 
83861 
84918 
85603 
87700 
90400 
94010 
95200 
95236 
96663 
97185 
100515 
103137 
105454 
105581 
107344 
108244 
1157 
1254 
2870 
3629 
4113 
5103 
6282 
6412 
8928 
8997 
9952 
10959 
11122 
12004 
13908 
15063 
19682 
21912 
23440 
24799 
25132 
25570 
27233 
27350 
27948 
32112 
32571 
35050 
35857 
36336 
39330 
41320 
44747 
44925 
46097 
46370 
48530 
51372 
52449 
52631 
52887 
53143 
53384 
53646 
54260 
54499 
54525 
55217 
57065 
59213 
60595 
62629 
62795 
62936 
64022 
65840 
65942 
66370 
68691 
69342 
71020 
71238 
73925 
74119 
75652 
75689 
77737 
79248 
79584 
80608 
83149 
84278 
87386 
88316 
88420 
88932 
92672 
93425 
93623 
95575 
96700 
97806 
98747 
101447 
102029 
102920 
103120 
105715 
685 
1665 
2512 
4199 
5262 
6068 
6503 
6680 
7416 
7538 
8111 
10101 
12476 
13389 
14546 
14628 
15198 
15914 
16763 
18784 
19204 
19380 
20398 
20529 
20541 
22531 
23348 
23645 
23842 
25653 
26119 
26121 
26626 
26772 
26905 
27325 
27565 
28587 
29116 
30159 
30892 
32027 
32342 
35223 
39135 
39154 
39728 
40609 
43966 
44026 
47033 
47317 
48740 
51379 
51984 
52791 
52953 
54534 
54561 
56898 
57087 
59649 
60694 
60699 
63523 
63763 
64777 
64903 
66478 
69157 
70384 
70557 
70877 
70883 
71621 
73610 
75091 
75800 
76648 
76881 
79126 
79558 
80626 
81694 
81756 
85465 
85780 
86826 
87617 
87812 
88594 
88695 
90903 
91964 
93129 
93192 
93940 
94650 
95486 
98391 
98932 
104049 
104980 
105325 
105478 
106082 
107347 
107603 
108790 
459 
565 
924 
4762 
8099 
9499 
9704 
11293 
11522 
12506 
14703 
15359 
17147 
18332 
19366 
20818 
21466 
21548 
23046 
24285 
25918 
28121 
29541 
30247 
30624 
30755 
31637 
31681 
33427 
35840 
36349 
37125 
38329 
39222 
41484 
41850 
42038 
42763 
43277 
43551 
44156 
44777 
46485 
47339 
47593 
48270 
48506 
51995 
53395 
55595 
55749 
56307 
59681 
60496 
61413 
61543 
62872 
63634 
64548 
64830 
65227 
67457 
68185 
68650 
70273 
70651 
73331 
74449 
75767 
76913 
77109 
77320 
77776 
78404 
79753 
79755 
80186 
80696 
81747 
81845 
84245 
85463 
86059 
86334 
86981 
87775 
88451 
88645 
90741 
91414 
92020 
92064 
92225 
92619 
93964 
94278 
95967 
97813 
98048 
98108 
99371 
100109 
102175 
103303 
103357 
103388 
103898 
106568 
108779 
1957 
4793 
5004 
9006 
9782 
11699 
12488 
12702 
17655 
20258 
21158 
26225 
32950 
34152 
42031 
46737 
46882 
47265 
47865 
50808 
52709 
55117 
56022 
58470 
58868 
60673 
60821 
62227 
64034 
66626 
68158 
72128 
77523 
82861 
83344 
84329 
84852 
87498 
89623 
90633 
91346 
93520 
98688 
100321 
103710 
104368 
97210 
24885 
96494 
81671 
78999 
87770 
102055 
84846 
90978 
45764 
25251 
46895 
107760 
24160 
66233 
69178 
8381 
67589 
39393 
92343 
87707 
66230 
15720 
48921 
75596 
97049 
24964 
81972 
25338 
5818 
64821 
98144 
59559 
70980 
40204 
69064 
91508 
26791 
108367 
94654 
85373 
88883 
10147 
73197 
13679 
98935 
47539 
52422 
47350 
78264 
63289 
20229 
77597 
24478 
78111 
57621 
60034 
50932 
35701 
94772 
8748 
83799 
69874 
20425 
57856 
81738 
9882 
96024 
78000 
36161 
93926 
23253 
105376 
101611 
37432 
10430 
75108 
16932 
86469 
51013 
13429 
58419 
37808 
67485 
76406 
105844 
17638 
101823 
70694 
74628 
95728 
56490 
19532 
22780 
1359 
103795 
77437 
60849 
99892 
14322 
3183 
78370 
31653 
38278 
61598 
