89527
33912
87915
72484
84959
89495
72255
70836
85961
84644
33544
748
76523
41575
2290
14769
76125
61130
85872
90220
62592
34673
22741
94721
60847
59557
29176
84420
90993
28200
42435
37845
39849
41490
66342
71074
62216
81524
47095
31458
55008
91161
21027
17461
23955
89644
42311
67250
43343
44487
39810
10934
58398
15052
90511
83168
70912
25514
62713
71083
9994
84858
29530
82373
2549
40746
85544
17248
70253
33369
75050
11968
52929
86901
17603
68649
84472
21067
93746
12574
49155
44207
320
73424
87875
79131
14418
84293
8705
