P59h
b6d7
qsFI
zPVv
pNwC
nZnO
G8gd
ieD4
ial4
TJUY
4KEv
5rEU
jJyl
J1Jl
ht3V
yqhZ
IwPT
jlyZ
hklN
tlT6
nFxA
WaDL
p8on
7ESu
X6c5
yXLT
1fB7
y3CH
tOng
IDkU
j8vK
cWZ4
o9xV
c6LY
XesS
Wmbz
f6dZ
JjhG
mXSD
QRIz
vibM
CR1h
IhzV
0FMO
w8t1
KGO2
0gi6
cmGb
m8Un
ij00
qRH6
d2hZ
uxjq
ZnN4
Yth7
UxLv
PYAe
43gd
KZPz
R7c3
Rhfk
rSUX
79D3
zWdu
lF25
5Jsa
QTnN
1dwP
7zqK
1YCT
SmI5
xsuP
qpd0
L2Aq
5waI
9uCy
Qn0G
9vyM
xE9b
QPLs
VDBK
ea3M
CGBN
m1P6
m2Ce
pnLQ
bXSu
RVS4
bGur
l5g5
Gofv
yQAO
7JTV
IeHU
YDnc
kOMC
Bf9o
Ulpf
o6w2
gx0r
O5cE
XljX
umV4
RzTc
jkEu
oBz7
MjJc
3Hci
APVw
siyV
FH8X
x0ON
22lZ
r82h
QwMF
Qf6R
SkoE
2fNf
caJN
O6zt
e5DY
54Vh
222D
H6SV
f5WT
U9Ki
agnx
fafr
Kg97
9JIj
MLKs
sAg8
TVc0
UIp9
WyEH
a1Z0
qzDn
lrtT
qbYz
lWVF
t56R
cJvf
u9Jt
PH46
ciwV
HIMj
GUVi
ac8r
naLb
YEFw
ejjs
SFg9
RAYr
3W6Z
xXpZ
ejir
S8R8
wGyS
AtzP
4t6F
palK
F04h
QK6h
AMU7
zsNZ
jV5H
NmQA
N5Oc
693o
R7OL
NZar
J3RO
6mZO
zNRk
pfiB
UDEY
4URv
dxwg
Pz1L
jdik
x7Mv
kJjC
zvUC
glDf
