22141
31578
33918
68882
77354
50470
26214
67867
64493
8164
85597
61490
6935
32787
91913
82277
46988
64863
25250
38245
84580
38209
21442
70300
65343
91031
29510
32994
7433
57165
21729
30017
76310
83828
72404
89235
10928
71433
75154
6789
19350
57281
94967
52933
78890
77622
81829
22539
42884
51058
80491
29240
37943
44532
1992
23812
52761
40327
29081
45272
89533
29605
21246
17902
85990
58029
87012
92848
59244
54226
81937
44488
37148
28291
89686
33554
18507
58979
42747
27767
25200
76450
89272
34972
37526
72873
55953
42386
15220
70696
21429
5890
66559
21976
47401
10760
8526
73952
44142
16800
35660
56685
93650
11685
89668
60575
6894
92714
62082
71029
4983
48667
42640
8772
50938
11552
70375
12600
31658
3973
3566
71484
84592
9793
73144
87654
43312
89646
533
46419
68786
73942
62577
55506
59207
51354
82132
5910
41518
72659
14328
12693
74686
17057
32475
22333
60572
38813
14739
91273
10788
31215
4218
21487
55743
4809
78962
25450
11787
43536
18020
53782
85059
2409
3593
18480
83720
59999
80989
17743
49342
69339
8589
2114
59186
6760
28584
37306
60989
10536
7561
62530
86720
21615
32393
42751
52829
36461
90210
33391
84377
41064
85694
21366
60752
31309
31360
94046
59783
94005
78307
45442
43686
61399
20282
29624
79396
11517
24274
13100
60860
15783
6165
59832
