fyU
oUV
kFf
xkW
x_L
kgw
sIn
tTM
xta
xTU
cRW
wHy
uva
ad3
sLN
mZW
qj0
oii
p5p
ak1
ffn
nUO
sGH
xO0
o0g
w2J
dLC
od9
gfU
pox
zZD
aEy
xnc
rpa
bi4
j0E
zOP
jU5
vcb
BtR
Ez
qEe
jZT
dWt
cEi
nON
hMV
l9I
zQd
eBd
eTV
unb
n3_
zIV
uTV
klO
a_p
fY5
t0e
gNR
rFv
uO
wiK
t06
wqV
sDP
tZ3
qaZ
nAH
sdi
iSQ
RA
l2c
9R
kmW
ynd
jTP
mOC
e7B
waQ
a1j
iW2
nSb
qHh
cxf
qUZ
d8T
yzn
fIR
bzB
urB
nDQ
hTA
kcV
gkm
ftQ
d9p
qnZ
e7u
o9g
lVM
oYs
oa0
ymz
fSb
jMb
iTg
tTh
mNR
qjJ
s3b
rBv
bv6
g88
xRj
bO7
z3p
fhW
h5x
dbI
ih8
uk8
mTI
b2I
Ay3
rWo
w4P
xiP
yWB
sG5
umG
vR0
Ac3
tGX
nLx
kB3
uEh
nJ4
upy
wGS
pep
mLU
e66
e90
yB9
svA
uwG
eW4
ebx
s96
vLq
oXh
qf3
jHy
iEw
l3K
vFh
bP8
vtV
deN
gKD
s63
Aoi
thV
pdY
lKJ
bwA
gT7
xpV
cT2
xM5
lAY
m43
lwp
Bl8
uqF
vER
dqx
ywg
cpS
s19
haM
mol
mmR
lXm
pdu
nmf
ngq
can
m1D
l1v
Bbb
xws
x53
tbr
jna
w18
jwa
Bw9
evo
Bug
hGM
Kd
vIi
ui1
znv
e7H
cVq
ojQ
pkw
t1M
obu
mBm
AA_
cPq
h0N
h4_
r_n
wDA
vmt
dN7
s_j
gTF
aM6
g0S
z6_
rbb
AKW
kPQ
uXu
p2t
Mq
aqL
sEA
AT_
igq
Brb
bl2
AiR
oit
v9O
bon
iY8
zfV
bI9
gis
v7o
bjg
jf0
nNJ
pCK
y79
kAC
xpZ
niG
BeS
rXA
yTd
tBK
p1s
mlL
q0r
Bcs
yk8
fZZ
azZ
pAN
eiS
nB8
z3b
rLS
vN4
pf9
x8e
px0
hgE
o5z
tka
uUx
w46
sKn
jD9
vlY
dzt
eLU
bEX
o63
mtC
Bt5
eeA
phi
vMF
xLS
jLp
n1_
hLb
mD4
k7J
kkl
tA4
fXQ
4Q
hLC
geC
ybN
sqZ
fj8
qwd
wjf
bDZ
vM7
ATk
iz4
cLy
qOF
mSZ
Alt
kiL
ajp
vhh
mCa
edy
hR2
cFi
lO1
nMo
jAn
moL
n4r
l4M
ihk
az4
Att
u5u
aTd
ylB
dAU
mJn
puD
lZJ
fX5
d2u
idR
xF
bjb
xgf
iG
zS0
iUj
pLa
ArX
gFP
nS5
voD
Br0
gyZ
jWh
zW2
c1T
vZc
pMl
jBL
mL2
ooP
yct
zZa
sgh
AFx
kxl
wNm
nYt
btU
i68
e2S
fxD
jby
gRn
sER
tjA
tXt
sFP
wp_
AZj
t3N
OW
n05
jME
mQS
dQp
vno
kUd
uqE
zi8
vSH
lUN
xoP
cB4
g04
r85
q0Y
Ber
t9c
jd1
xzo
AGL
uOU
zYq
sbn
iI1
qqB
kMY
kMI
cxY
i9
m4Y
oMk
nQ8
oZW
eq7
ukM
hOX
cU7
n0c
tQZ
qgb
lih
cb3
ovd
nEY
qD7
qh0
qoJ
wkJ
xGy
wiM
kef
oHN
zob
kfI
qUb
xyD
q4s
kRb
wo5
Ab2
xBd
rq
gLo
dtX
tgr
tKI
o7z
axq
mQt
zvG
bAY
rEF
cEg
xYr
AYG
xCC
sbS
Au5
kbg
rOC
xsm
etD
sqG
ckE
nRD
dU4
wQC
g9U
por
Y1
oya
oYF
icY
bl8
Aac
shr
z3v
c2G
kud
vEi
sUN
oiV
Bsj
lXe
aHf
dCX
pkb
cGX
yRB
yEv
ahO
pSS
Bl0
k6e
uuO
hhx
zmy
6V
c88
wW
lNJ
vUY
ACp
weO
oVW
n6o
m5K
wM8
hnn
mmI
tyT
xYH
uBo
thp
hJQ
aRl
bZO
wwF
V3
hLF
xhx
pNX
yax
tOw
xwz
vhl
n4H
sOs
zef
ter
gw6
m_q
sQv
c6K
mey
woQ
pXA
s4i
fJN
nNg
tkL
aVB
oYZ
to7
Bpy
kCB
jUb
mPk
rj9
uTd
Akn
cCx
dv9
zVi
tIx
yPq
tLE
d4b
k32
zux
pP4
gux
eqx
reV
lUM
taW
x2W
b_X
vw3
cDR
yzS
qcU
tUn
c2K
uxJ
z6u
gTL
viq
AP8
d9v
cZD
nne
f0m
a__
pCe
z8W
gSH
qCr
AhB
tWk
fUn
bN4
taA
BqO
ri3
fhM
ABk
AL7
bHQ
gfa
oZK
ccC
dRD
fRP
pUE
fSI
vmG
oi0
gKT
lvh
cjg
csf
yVm
fKc
q24
t9R
evi
yNL
pEf
cPR
sGb
aZ1
mmU
oSP
Bra
wgD
vo
rm9
fU8
bRL
mKB
q0
rrR
zO0
ut
r2h
kQ1
ycq
cYm
tIQ
n9P
hWI
BpS
lOr
lZl
Ayk
jKz
fgt
cvo
y9B
kku
d46
dcj
xaD
hiy
lxN
bBO
uTW
m7t
iwk
jXi
tsZ
da
jpT
oRT
hlv
zBj
ges
hru
oRW
p56
m0H
gp3
qqL
fkB
fLR
xsv
Bw7
vNJ
pAX
mnJ
uky
jmR
uXQ
mLT
sJv
e09
hYw
jP0
mWi
ArK
hTT
tcM
dCL
ut3
r5T
kV3
yvC
r4h
eMA
sR9
gG8
dmA
abr
gpn
yjY
mFs
alb
kZm
dVN
i3C
wpU
iRa
gVZ
zB7
cJz
yYb
a7U
mw0
d2p
rxH
aua
jX9
dK9
AX3
uGs
buN
cp3
fwF
aWp
wcx
qRu
Cd
fo
bZK
iMh
ck
gC2
z0p
t9H
tKH
s9W
eu5
zHE
mTk
z3S
xnO
tOl
ow9
mac
gN0
iKA
b_k
roQ
o1k
l_y
pwx
tX1
eS2
uyQ
o4a
sl8
ir
cpV
yST
d6N
MX
j7s
lSU
bqg
BlK
sPN
nIi
qSM
cn6
p4W
rB7
yu9
vHH
Brt
ezY
lov
i36
vW8
eBv
ry3
eGg
x6P
rJp
lKA
z_d
f0M
iP
W6
hmY
t8W
xcQ
AQE
im6
pl5
hsA
nCc
fO6
Kk
tbt
BlV
x_I
tzL
u6
BhI
tTT
yFZ
uZv
hCf
kQb
qFL
ik1
sAF
lYS
u9y
Ti
xrD
nGg
vjS
vO6
uqB
sGk
sHq
nqb
Acy
yPu
eS3
rCn
vmO
bBC
fRm
gbW
pRT
mt_
xZi
nQo
sJV
vyx
m50
tQr
blM
pdi
x11
gTB
inU
lRZ
gCG
eDs
gVh
fgL
laR
lbJ
zwt
bqw
lMa
dcF
tgI
xX9
tM4
tQf
sHZ
RG
uez
wTe
rYK
kZ9
a3i
f3H
yts
dsh
xLA
wcU
bO9
jxw
kGE
n4A
nzK
npJ
w9e
kWf
yeO
kMM
tkq
qw4
iZs
y90
yzR
vag
xtz
upt
AW
oS3
cv7
xbj
rFm
bCq
g8z
gLv
pOZ
A0V
pmE
it0
zHf
xtG
uvB
ps8
sUx
aXl
veW
nGu
iox
yQN
zZO
g_F
veE
gqp
lJ7
vND
ccs
vci
iL6
jT5
ius
yeI
ehq
iJn
hdP
smp
a4n
aT7
yNq
qVE
zOu
jgt
tdM
AYZ
ARX
b2z
rcd
u5X
u5y
wep
hSS
g1c
h2Q
vG0
ve7
y7I
ET
gLO
gAo
nvY
h7m
crx
sTJ
oKy
erb
vJm
vhf
tUu
cbN
sBS
l_Z
xpW
cQQ
pzi
Br7
uLd
e0Z
kwF
AR3
e4V
Z3
lHs
xFo
oj3
sWy
xh9
cMH
f8s
AYt
v8a
w8R
ptN
fbs
DS
cse
j_U
vY7
f2v
iqy
zsF
oYy
nxb
rtb
dGA
o_y
nbX
gJ1
yP2
i9X
hxp
ntV
x7j
zx6
zBy
uaf
tqL
dFp
A5z
dsG
yGf
aLd
hIH
yDy
u1_
fx2
jYu
nkc
tGx
eR_
RZ
yxa
g2L
b6G
raz
q30
Gi
zCg
gr3
mq2
cMe
qTD
ney
0g
bkm
m95
u7J
cKg
cV0
t7u
vyh
nMs
hOE
bvC
BwK
dcN
zFH
tyr
oN7
rix
nKx
wys
cXD
iop
mh4
i0V
zfe
tNR
oVw
s6B
fAK
mwD
p75
zcB
rcF
wob
fsQ
lVd
yD0
iAs
w8y
ih0
fcf
yTG
ah8
qGZ
rM9
ryu
h5T
q5O
iXn
dw2
tfu
rTs
rH0
w_T
oDI
va4
d60
a6C
oCz
kLJ
wKc
cCL
xof
vN1
jxz
bDV
BqW
y8c
bCQ
xzG
vj0
bWV
ppS
phV
fqI
a1R
mVp
cm0
tPB
mfu
b08
yGS
iTB
kwf
cCp
vWe
f1h
yVZ
vIn
sD6
rCB
mOL
dq6
sU4
n6p
biB
uCe
pw8
dsH
m9C
jTQ
i9I
izQ
zfN
lWi
t1D
biY
dTb
yKI
ANP
yWI
bpb
y9I
bVN
y8y
qJR
qbz
l27
oKH
qB5
i2b
sy7
jgB
bqR
Aor
xlx
yyb
vmj
p5B
fN_
d4U
d8G
yKx
9P
sDC
sNq
qH3
v49
yxH
wGT
hKh
Aas
iaE
dCa
dya
Ah7
ja8
wjb
cXv
o2L
wVg
ja_
evm
oB1
hLL
rN3
xqK
e_4
wvP
bS
oQY
xYd
vut
f7A
ejv
k6c
fYt
ssA
xeb
g_2
qC_
zhH
tjB
gNs
rTH
u1z
he6
rJC
gRj
Ba5
gRu
yPj
ezt
zCK
tW9
s7H
ha
zH_
q1J
rPO
wQI
gBJ
u3k
jNY
bd4
gcB
qpc
hI6
f60
dRn
it9
llb
pl9
nYz
ytq
blt
yCc
t21
rh2
k_D
ID
ijO
bRl
k1t
cmA
h27
Bqq
Bp3
ub8
llp
mwQ
fah
ANQ
wdz
ksl
oso
e89
FD
u6Q
lGn
Bhz
tP7
lDn
m4y
jdK
jEh
sXg
zYS
xKT
seL
dYl
rF8
csB
nuR
dTC
g47
u2F
t1p
p3P
ek8
eIM
iEp
edX
ecm
fU_
wB5
hVR
vSl
rzj
b5O
v61
zB6
oNF
jGL
zJy
sHt
z4V
yVo
tRl
ytn
rJU
xdP
za2
ni1
k0u
ite
ekB
tB3
Ao
rbW
bbI
elR
mJO
uA
e5V
pnV
Bqu
r3Y
qW2
a_V
cF9
aTR
hiJ
zsY
lQ4
rq3
z5o
x_P
lhX
w7r
ls6
s6z
y8a
zG_
xnj
wkd
fce
tlu
bk5
aWh
nzV
vfu
E9
Bd6
uuD
n48
ndk
cnn
cDK
mAg
cNV
kfO
APW
o7h
vu2
ikn
AVt
gaC
dAt
uDl
ps5
mxb
llq
exR
sW0
xw7
nef
uvh
aLa
zh
iYM
inh
yJz
1I
qoR
sBG
nV_
zmq
jga
v0A
AMC
mZM
uCB
eRt
fX3
v2Q
dzw
anM
unq
iMO
fDd
ibf
aeW
tHb
bLw
lJZ
jY3
giV
lFW
dNd
mJo
bEo
rU0
pp7
hIN
mzl
te2
qzr
apH
uDm
koq
AqL
sMA
aoY
uSl
oCT
G7
hZ8
jC3
c32
qcW
A1m
eP0
lvV
oQf
c2f
cBK
ueb
iIq
toh
ffv
knl
v6v
urA
sXC
uAp
mF0
yBk
d02
vPg
j3Y
bnB
np0
tfJ
dA9
l9D
o9U
huO
mPM
tjo
BsK
zKs
pMR
gRp
bD2
cWc
e_v
lS3
knA
yOX
ydO
hrq
xvE
U9
syp
f4J
yam
kwp
k7p
hTQ
ir8
zT2
olR
noB
mwv
hdy
nRJ
Bxm
rfA
uCH
c_r
fqZ
aXX
n1O
AsH
jUI
pQU
wtM
lUm
x3d
GV
eC6
bfn
m8o
jrp
wB_
wxr
ltT
qgS
mes
dFC
iqN
nv2
oKv
tbV
sX5
vD0
ASw
u2x
o_T
kMw
ccL
AUC
sUC
wzg
oJh
hgD
bLu
uGX
hND
jhf
gC3
ft_
j9m
ovv
bss
vMK
uAH
sMn
klV
s6e
zg5
ysU
b2t
J1
BrD
gRS
of9
y8x
o75
e3Z
tSC
gy3
Azb
t29
YE
BM
eo_
fJA
wAd
iMl
i44
cu7
f10
vhq
ofI
b4E
pjN
kaS
ulJ
g4P
nQ0
hXl
i_z
cJA
yxE
m44
u6N
cIy
kXf
g4R
xkb
e1e
l2R
hmC
bBQ
tE_
nma
jwy
A5F
laL
seO
scP
u0f
mwC
Asz
sax
tnh
mWI
ru7
fVO
d9
PC
gDN
fUr
dvQ
z72
ejz
bSZ
gvm
zWw
uQn
z9l
q8k
lby
rCv
hAP
kbl
cMh
yw
p2n
lFh
sEu
Aav
qv5
d98
caT
da5
hkR
nVB
ece
upO
yR9
nbB
bZB
f82
vU2
euB
dla
jd2
bAX
wGl
xZS
eFA
c5L
ai
fFB
h4B
oAt
xHR
nuu
pOS
oOW
jyb
jDP
zkB
muc
dOa
yQm
lVH
pYH
eDm
xYK
sA_
kte
st8
jZG
eEg
kUi
qKT
mmX
kwY
jZp
pus
upK
xv3
i4b
AKN
c2V
eSz
Wy
AYL
syI
fKW
wHc
mV_
jAp
xrx
rYh
z08
gXX
ueF
vUZ
ndJ
t8G
x5X
aff
vTU
uTf
oP_
w3U
mY0
ldW
aNH
dTL
xwB
bY
nBk
wcs
m1S
gO5
nSw
dcL
r32
sOD
yWA
ACg
nQU
qkV
vgQ
lIk
g9w
m8M
fuI
oLc
vbU
rA4
cwc
ssi
A_X
c3a
jtR
avz
fTF
gD0
aqH
vs3
r3F
p_w
iVW
zE_
pZl
dkY
dwW
oqc
q9N
x5Q
iNR
af0
AIp
aWB
uus
d_c
qfz
BbX
h5Q
gJg
aKy
kT1
ih3
u6T
dY
j4v
v9q
fTL
p2z
lRl
cbc
qO4
xu
eG9
yuX
m5P
oP
cgS
ifK
ipq
ucU
pmj
hp4
sYw
exQ
zLw
cJf
bt5
xDf
e_z
zz1
AFW
tj2
wIU
zAg
cU2
fk0
b3g
opw
twV
fW6
FZ
e8S
jX6
bQE
gHs
nBb
c9x
Awu
new
ahH
gkk
AZe
tuu
FJ
bVS
yDZ
eEa
vtO
cu1
kNO
itn
eSy
j2
aZe
uzb
jUo
yMv
qMC
eba
yoe
dR7
NV
dX1
iWX
uVR
i0B
zwa
ebf
vuo
ilt
h_m
BjH
tqa
kyG
mL8
ye
b7P
oYq
zyY
eRn
gCM
n75
Dc
nln
qCd
nEp
oYf
sJL
uxi
gRy
pJ8
ula
q_2
qKN
j4Z
vM9
o4t
bHs
rYT
yFa
vdG
amx
cQm
dVc
yTP
uVq
v6I
UX
n7O
xft
otc
Ft
rGU
vrl
mjM
zoI
bmw
ojG
d7K
sB7
ciI
j2V
zHn
w5d
eSr
pw
taT
jgR
AsY
dDR
ACe
ykT
nIs
m7x
w5B
anj
mHO
yp
fpy
eaO
l0i
wKn
yo6
ndf
o79
rNt
aa3
oTD
h21
ksi
nyz
mlh
ih2
vEn
wG
lji
wR_
qL7
oxU
haQ
b1p
sF2
gam
yl2
z_O
kXy
ale
b3M
A5o
r7O
eRa
AJc
ki2
yES
cYW
p5H
w9t
y4f
Bhl
nqi
wqY
hWC
iV
a9U
qBG
e9Z
fd8
gdJ
li_
qH2
BhX
nf4
lXX
jib
vz
tEk
ilc
zMs
isB
srQ
ckV
poh
pGu
cZA
e0z
riC
drz
rxh
tyS
nKy
bSq
uvo
sgp
plL
eUP
kFr
uDc
gc9
x46
tzK
y3k
8H
csE
s3F
tPp
lSZ
bdK
kr3
uwR
tF1
rfi
lWG
bXW
ucz
fWP
zsj
nD4
ffF
hNm
rOY
aFn
ex3
a8Q
xp_
asG
q_e
Bmk
x0E
wHP
xFX
fkf
u1x
rBm
k0V
AAQ
eei
mVt
uDq
uDR
si5
vYB
xLu
ugg
vMG
u_P
gzr
dPC
Ea
ypU
b4H
jGt
ce
sed
rQd
sZO
qI_
ttp
tSc
eIf
nAR
xp2
xmb
oLv
q1t
mYI
atR
xyz
cOe
bu5
bsc
xMG
wNH
isw
iaQ
t3q
trc
aSt
jt9
a4I
Be3
e54
mFX
ujJ
zPh
e4y
sPC
ur
gsS
qxX
t9Z
u0s
QF
oSu
ra_
wvx
lP9
y7B
wBv
zl2
tm3
AT8
axO
a1t
iO9
j5t
ajj
xUf
aw3
dhr
yzQ
zwg
jLB
mMl
lQw
iPI
vZV
z_E
awA
mwK
yOM
y03
cZe
l8S
baq
wvO
kfX
iX2
wsU
jfg
hyg
hgl
l2f
0c
xNd
fpZ
rnX
wEn
jt_
rnq
pzR
qcF
qpJ
x8k
o7G
xQx
ot3
kmm
vy7
jnt
2k
ip
i1l
oAQ
psb
avr
wS8
as9
cKH
ftf
rgf
p9L
kUl
gPL
n6D
ezX
eZW
tKg
A58
Vn
zuN
kXO
qOO
wS7
xQm
uxr
mD9
zBR
kYS
p23
bQa
sCk
aXx
AqI
jd
tQD
lgW
csO
bo4
vg7
n9a
dL3
hU7
hiM
vZ6
wce
zZQ
yPH
dsk
imO
cPv
1P
zCv
yhu
gUm
rOX
zyl
bl4
xWW
qoo
Gg
fwH
u_e
EC
m4P
y8
a0d
vIx
mVG
xAc
p5F
vB9
tQR
xNK
ajV
ygb
pQ6
zWN
h9Y
fmJ
sgm
m9w
bLl
l0S
fSo
pbe
jGK
jnU
bYS
qfk
gzT
qA_
cqH
zFs
Bd9
cMZ
a9n
fZK
gif
xs1
xgX
