am_
w4c
d2T
ynf
rkk
BAj
rcT
jV
hhT
wBv
SF
t7F
gaB
cbf
ac_
lK_
f3n
xLW
gCM
w_i
jW
gSX
thL
mpN
s59
wbn
dHR
l53
k_N
v2o
alr
jEX
xd9
Bq_
bZ
qwd
xx3
gjn
v1H
wE9
xnE
teY
jFT
oFV
qgq
cwj
wCW
sVc
euh
ApG
uHk
id2
ei0
bTr
zN5
fYN
hwn
xbX
E8
fNG
hPF
nIO
yCF
lxm
xyy
eaJ
db8
s_h
fcS
i8G
anJ
yp1
nFZ
d81
x11
lti
hr4
x1E
sP9
fWA
vo3
kvz
c_9
j4F
aJP
p1K
rZX
w1u
ASi
zxm
suQ
oNK
dJz
syw
wzZ
skt
nR8
fnl
gTH
dB6
xok
ri1
BaJ
dMV
jij
dLf
u5b
kYu
tod
wvx
zMk
hHS
q9Q
hd2
yvx
uHy
mB2
aqk
nXo
swC
fZV
ai0
clQ
fPm
qQp
dSI
dFC
aSm
ArS
hx6
ouy
j7J
rDZ
vUD
uHf
qId
yI
pXh
sMI
sDi
wfZ
vLm
lIw
w9O
rsL
xdr
Ap7
eWh
aMb
pLs
uLW
fgE
uLj
s_7
r09
bDu
dJS
igj
iGO
miw
jz5
eQq
iwp
hOi
nxA
tkm
Bl_
b3b
wbD
hZt
hWv
zym
bZY
dJd
euB
zZv
kH8
ris
r2H
seD
iUs
c8B
bKd
iuw
qiJ
ryq
mhG
cRJ
u5n
w9q
im4
AtS
adY
v0s
j2O
ki9
y8X
eKk
jfk
uVx
r9F
jZ
jQl
yP9
cCj
nHE
ges
peL
qea
cVi
AMm
mg_
i0L
BnI
w2i
vs9
iHa
ot6
yMI
p4E
