WDZ2SO68
VBNFIFBH
GZ5WBR58
ZFVM13TD
GYBTDHSJ
LN2CO7AB
8BJ36DBH
1OJMXFXQ
3SK8BDC0
IH53DYYO
A4T5G0ZK
05PJXSQY
VYSY78Q4
BF2RF25B
JBX5NHXE
294QHW5D
UH7PZNR6
THD8ZXUC
2T9W7TKM
JVHXO5WL
5BPNNWAM
C7SYHO21
QF74TRGP
XVHKMJN8
AP27L91A
PJL9JATM
8YFPIXN4
NESBEXX5
RCO290YN
DJDKN6V8
MA6WSZ22
F52YPRHN
K2VF2T3H
R8EKWXEY
KF0UI3BF
RRDHRW11
HDHC9LOV
M8R8LOV2
5G664FEN
4YUKXFNU
GPBQZF26
PZJTL1IE
PHE0LVHQ
CBDVE1LD
2OYU926C
B7BN1QW9
6CUUBIL2
WQFU8B6J
PJ3VPO3E
YKS5OWDS
PKUE3NF8
WIFWHXEN
9SFSC368
3G4CAJ36
VPQV3T1E
WT7QOI1N
MZ02CCT6
2TV1RB38
YNQWLK21
9MUTHVV3
MUHAGYHB
KVFZPN2D
16FKC07V
YOF82RSV
V19PORLW
E6UWROJ1
JBHNOU5C
MACI1YPG
TIEHTHRN
H1MEIIAM
199N2T50
A025FB6Z
B18AM4PG
3KT3HIQ7
E6J4F46G
5C5K5Z7M
BO60RRQM
2D8M1937
PRU4RZN1
XRGPTJA2
594BCV9V
DDTIM09H
0PBFHXK3
QTW0SBUY
KQ0S9NFS
TIC7BVW4
4PIHTM4A
6PBDQ1X7
NCSDMYJN
XDE6QHHL
XI47JG8M
DU3JB1C8
MFRCI1RU
DY2A9CIG
QJBNJ1P2
41UAKGRQ
OC6BPJWA
YEF0PP15
U57TWX62
ESR3XI1N
XNYL87LU
6KWPI0KD
APX1YU0F
QF2H03ZK
QHBVGXER
EDDBTFSV
58ZRRRVD
EKERPWQN
TFHNW1FY
947YL7DD
0X5HWOIC
J7SG3FM7
HQHNFX51
EOB4JDQY
B3GT4PK3
WGTGBYH4
FMTZIQIV
7ESH2745
695GEUI6
5L1L75G2
Z6RSULZO
FSIU2ZK3
KK7683FT
XB64OKGF
JZVLZFUY
AIZJUBGO
BK60EC5A
KQVNOU3W
C55TBN31
B9MLZEO9
MI8M8DB2
BY9BYSH1
LWJ2QL6H
55Y6NSZA
6W84926U
V7DFEEIJ
UG0LJQF0
4OO7X48H
V3DX851O
6KB0KCI8
XI6KTNQP
2IDWTWJ8
S36Y8JG4
8ATEEEQ6
P2MGF1DM
7IS58Z9E
W5E5UVMI
IPZQGAIW
G3OUF80T
OEM86I2F
248WEF2X
KRRQDFFN
47L3INI1
7KKYXDQ4
V6W21VXE
QMZ0CGIU
GVUKZRZR
XG452XAH
04YRLZQ1
1OZWHN35
BIPRRXDT
0ESIWA2Y
04WFWTZ7
WGDN9EC6
T0TRVZPF
PD08MNQT
NIOEMLJS
IT0O2HIM
HVE0KAF8
5B3ED3I4
1LHXTQY8
JJMKV15R
HUYLVJT8
KDJ7XDA0
50LC2VCG
5E72ISS5
4Z0ZGWDS
60Q7WC38
6QBACC8E
FORV7Q2G
J5XS4LMW
UMPDPSZC
VHR7NWF1
E2QEI62N
P0OYZR5G
FMGNZ0SJ
TLXZEA0T
HUUTX1G8
AOJO6T3J
12UHYXPH
XV1MFADN
W0DMRQ27
FDRIOZXU
XE0DSGNP
2OMGE1EM
YFMIYCSW
JI19OGCP
282PSC2B
UN45KUQD
H3X7D8QM
NN1KQDWY
0EN5BK18
0R4CPVX2
2ZP2KX5W
EX5Z6EGY
MHRO5ILO
221YYMLQ
2KVUHEZ0
Z3T0YXDO
5GXJZS8I
WKC66ZPC
TZBUMEL0
B2SGMHLE
A6NZGCUG
IZEZFKQ8
X43HDF9H
CTHWCEOB
D4WOQAU4
QFL9JDLC
WX7I17QB
40NV14FD
DHSOEUIB
3HC3O709
45U68HOP
4IB3CYDO
97WNZA8V
1ASTGP3C
V9TZZALB
AMTPEQ8W
ZZNWWJ8U
OKUTKOD5
7AC7QMIZ
AVUF2428
5ZHTUFSA
HLDUBV8D
4H85G5YI
ELOZY1P7
TFWUVEC7
4XE3OC2H
HJWI280A
7VTTWT77
HDUZV8PZ
010408VG
RU4U74TD
HK6D2D4O
12QIZ3JI
4BOSM2T9
LFG13OAD
CUSWC7VN
7NGCCWAT
L5CJIEOB
E0UBQ35F
AUWY1WEB
J8NPW14R
724YCZ40
4CIPGO52
ZREO8VCS
RT0V21EX
7IPE57U0
HTSU8GDR
Q08I5J1S
KMPNF2LI
MWHQWN86
G7YN57OS
XMJV0FOV
6FMW21BL
OMFF5XK8
66CFI2TE
O58LO301
5DXOYEN8
BY0BVKW3
2DHEQLDG
MRF504RV
KI9VZ7R5
RRDL0D82
18COR3E8
F47N8C7F
LQWOJFSV
QV9A834Y
S4O6XXQ1
SBEG0E2C
LOW2EHTP
ST25DMP4
HXE6SDNO
KWUUBWE3
ZVJY9YCD
LVW8X23Y
UJCNOD47
N41R42Q6
F4BKRKUK
Q5OGLSPX
ZVRICYZS
XCTVCIN9
90AKKDO1
CHDYKO55
AZ0FJDL0
WIQ1RWJE
N90UKIQM
DXHFQ21V
4AGOIHAZ
XIO9IQ3K
A3QYZXRX
19GWZ0N7
6ZSZTN7Q
BZVZV7ZO
M00LS3CR
FYC7TLOW
EIDF0RDY
XAE180BS
BMRNM82L
AXR07BJD
KY1NVMIT
3YAQ1GPH
Q6FRPBP3
BRHDEGS6
AD4SH8PZ
U0VTD1U1
PZIXREV9
WELHGP66
HFKXI8Y3
EISNHT00
F4M7XM83
B18LEDL7
0XZ232KS
U1I5BI4R
ZCEHGHBX
WGNXGBRQ
H4V00IP4
HOG5H7HZ
6GLU1X62
31ULAUBO
VL29PZNW
HC3LJLJ6
DFGFYRTV
CVYZJCKG
1YQF9W6D
9D0TTD5Q
YXTIWVV9
N5HHYO64
Z0IGITLF
I5L59AG0
U4GPK9U9
N2VEC38G
57ODYZ7E
7X2K7HS9
E2K27B2C
A7EXSKBI
E5FTVH91
Q7Y3ZJCS
BCVQZOQF
CWUWJERK
7LUJO155
K91YZOPW
2NGTYE0D
26AM1NRM
5XPQM91V
B3T5MLKS
VVA7OLV8
36MVVEEO
EYHCG42U
MLUCB33J
04B4OTW8
EASDFT5O
T8D7YN8L
FOKXOBJN
FAUQP3DZ
ABH7AOEC
Y5CJ2LSN
29PHI5DC
SHJCSCKW
5O8P803B
G9M48PJF
0SJEKJI3
ILUFBEMK
LA5K4QBS
P6O923GG
ETBKKAMX
L1OJ6UZQ
AJEC8PI1
71M3U9DS
U3T6B4H1
HAV70FJV
RNQT9074
WOWM8NJS
V9M5T6QN
94O55CBU
U2OHNTBZ
F5HRAYCR
AMRT59PH
55T16WXZ
XCYVPOSW
8F0GUVZO
HSO8BDR3
Y6X9FGA0
DWMGYS6T
K7CJ9OXK
M2CVADR8
BPOTLPP6
W5BRI6XY
EXISQ48W
Y2WCTTHC
TNCPABE2
ZCN42NUV
6VXSVORJ
RNM3FZVM
IVC9438K
7EBF32B4
EIW84HRC
W5NN16J1
0EIPMZTH
SZXV5ARR
D1MM3MNW
3PJE3N0C
QTTULGD8
3RV7B2N3
K8VLC4BX
0ECO6HXW
H8UNG58W
VWBWFENJ
DV82DA5K
CYX797RC
O8LI3JVE
00IJ3TSG
MXGNTYZV
H98HC1BK
OK9DCZLL
HVYH4B82
E8WR0RYW
FDIG6LW3
UY3QHT7G
CANI5XA4
PEHMZVSX
VLSWBCDU
RTOO92DH
LCT8VLRK
CI86AQ87
ABV4H7FS
0INRG0GB
DKMQ3TED
LQNU1NY4
E6EZKL65
0IKAD5KF
R9HM5K8R
7YZZYE0Y
RQMYPUUM
58R8Z8NN
119FB4Y6
6DRRQHBL
332UH5AD
NV6EY3AB
6Y7RW20M
JTSJLGZK
D03NRM53
3I2G685N
G6JMB8Y2
00TGS632
GUSIV4W6
ZLPA83N5
JFRUE91R
M3JYY0WS
MR7AXG7Z
ZCI96O8G
T8HFTHM8
0UY9TUI1
441X1FBF
ODTKB1T9
KM55FF3N
1VG1PGZO
R7R5I9HM
1JA5UWNG
YVFXE08W
22W8Y2UQ
LDNLO38R
XEV4Q8VX
2BNQ9V5E
HWK6TOUI
9OPX16FM
O9V8MQ8K
VTT649TF
UJ1LHULV
PFWYCGOF
59YWVCIO
TQUO79CX
ZWM17G23
ZDKVJRAM
KF37RS7O
EIN8813U
8G5SEO9N
SKEKPY3Q
64MVHFJ4
2AY1N6L3
D7T66P2Y
J5FMA5YH
RCH7OV51
AKG5NWPV
RGG9Y9DJ
QZDELUIL
QXDN67BL
TQZKTEC3
X9L0F7TL
0ZT4RCSV
E88DG8CI
COBTWRUJ
CPEFUBN1
DM0E7P2T
N5GDR2KX
FO1KNAMV
XO6P8N8Y
S0KBHF8R
NIMWLFF5
JCEZ5R2S
8375AGUC
IK4IUAKQ
JX0XBUSQ
AMY3BW2D
0WSHIJSI
MQH6CSSJ
XENT2QI3
R1U6VOS6
TE5F1KGY
ANHLYD7U
0499CQVI
VJA8NO8J
FABLN5LF
TBX1R3TF
RUVB569U
GAYX58WP
2PKD491G
IP9UF678
0ND9I990
QZBKFRLC
LNE0G686
2GKB2JMA
YVHVSQS3
RRWKTAOZ
QUKM3NGX
MV3UF90W
I947DWWJ
WNRABFK2
VKY9U3N0
IQWFQQ5V
NLO40PCO
60AMQJM4
RM3C26GB
3AB9JK5A
ESS7HUTT
08HTC03R
2T7YKUSZ
ENE1J3U1
1QKG68RB
HPAZ1PBU
5PEQVPK2
UVRGZSDG
CCC16H02
JPPML4ZA
1QA3YF2D
9HDYF74A
RGYED3ZY
BM3NQP4C
GUC94J3E
H8QD52PW
B53Z0DK5
D0H5KCJ4
ATP6G246
0UJXP5V6
CGIHEAVX
5YZPOPAM
ILI6C71W
M1YY3LEF
R03GFWLT
ZKVQIU03
UPLOJ7BD
T0TFC076
M6AMW734
XK5MSUNO
E2JHJR1Z
CM01DRU8
URQYPELI
SMGMTUGU
M76B8AAM
HWTV9O3V
X367K3BW
TTOOZ10A
SHEPTDDT
G0JMRMB3
UU9U5RNP
606W04EK
BLW3GT0F
AFS4I4CH
I0MNCNPC
21M1RL90
1640IRWW
3YNC4JUR
XT65JWDN
YCN6I0DF
6MFFP7SZ
7H2Y1XD0
66O8QN9T
BG6TYPK6
I3DA0K2R
D4H6BRWR
LKA0PEC4
7JXRR4Y7
570Z84SI
VQAGYYQP
NTH8XS3B
77HO4FT0
TF8XXYDG
EK6UNVUT
ZJ5HS6JT
5BH6VM37
PUKT6TT7
J35CIIHF
NR80NEQ9
5O9CBRE3
RPBT0QRG
XMLQAN57
EUT2XUIJ
KXYFR7XR
VO81LZJT
V6AE5QL1
6VJOOROG
2F0EN9GK
BW5SWVSK
RK6YLYJN
9ZAUKJYC
RVIR7WD2
WV8CRGE7
HUQGM41U
WKDCUKEB
JHJE1HSO
IN90FCI6
8SBWHN6Y
9550WZJG
3T8UROIY
HA5YM0GS
0M2YMQ38
OS3F56AM
XF85JA1D
PTPP8TP7
ET7YZ5DD
7UOGTV47
4Z8T2QZ5
D2HT78HH
KO8FAKEK
18S4QQ4E
7AFSLZTS
KW5VAF22
USYDGO42
VTDC299M
PPY7MSPE
PCQ412YP
8A90N7FF
02HLA3P9
H81SRH68
35SOBL6D
7WPRGP0A
THTQ6NPS
NMC5MY3J
TE7BLPXX
TMIKRMT7
Q7ZI96NE
GK99QMNT
R0DHI2XL
51NM66YP
6T4JHJE3
494HFKCM
N0YOEJP7
68YD8GSW
4QUXPP7M
YHAPT2YE
JWEPVLMG
HRCPWRAA
LLBF3OIN
PQF5CF0L
IA5EMCAG
RXHJVQ0E
JHD3I7L9
890JX9BV
A8OS5PLS
VA3R4SQ6
5G0P4L5X
AK8UYAVP
7H67CKGG
HPNS1YJS
BYETC85V
0RS8YXS8
YI60BGTB
CB7Y3G93
13HLPR55
ZHUYQBFE
YRDELM0H
QWK6KI68
G55SWGQI
BODLHOD4
VS53MEWF
GB0J9RLE
O0AC4X54
J8HYCDN7
0XXV9HSW
GX6FPD6C
E96EF9KO
U6QPPE9U
ZBHQZ6SB
TXB4L8ES
7C8SQIN0
90N1QWHA
BX8DR862
RPG0BAPC
B3806Q7T
WL5M829Q
31L4UOZ3
BLQOB8EA
O17JM11O
6NJHQLGE
FDYY63CL
NXBREK4Q
8ANBBYGJ
5F8PNU9P
M4FKGNXB
DASD4LKS
8ALX5W4P
HHWAD5PF
XGLKKJFE
NX209IQS
4R7XMILU
EMXY3J8Y
3DPGPI6N
4CPY49HG
G8LLB8D1
4VOB7Y75
86FRRB05
KUQ4DV2S
1L3RFCS9
P5A7IIV2
LVUBNNV1
RZXBADTZ
1IXDJNFC
HY67O27G
3QNQL88B
75MQJ7Y0
S6BE7W5U
PI37DEVK
E1LF639N
PPK24PRR
7QC9ZN2K
YIQYKUGX
82WD8OVN
568ZIL52
US0GL7AD
Y3GHXB4Z
N862A9EA
H6J3MII6
U8PD4VEV
FLVYJD51
XGLECQHD
91JOA99S
XUU7G43S
CMH4OU4P
7V6BPLHM
ZAG493HI
D05JZ1FP
OF2N6UO0
AU2CE5RW
O2EQ2OYO
MEM456VC
13RKRP65
HPI73QKG
LLCT9HBN
A7N6ROGK
714AO2EJ
9QXHHQUO
XLZMBXQ7
56W4WNH5
KOWHT5SG
CMYY9V9Y
SBUJJTMI
PRPO2W8N
82Y4B5S2
MX3O8EMQ
F0SEIXLN
Y905U4BV
MS3JOKWJ
T7N5GK6C
L6M9ADTE
DHV2GWLD
96A6KAJ1
8T2QB3XQ
13V251S2
O24JAHKV
DMCQOZ4D
16TXP983
3HPNP51Y
NPDIXI7E
OR4DX779
0QD3JCNI
2YCN3HPL
LU8VDR77
LOITEB96
M6VWYAD6
JWQLXEBB
P9T5NHZ5
UKO9I9NK
9HFHKZFC
8NMEX2MX
U22LCFFR
4GFB45IA
DVYNHUUL
ZJFJP94T
C9Q16YWU
S768UOH7
B6RERTB8
3RMODT9D
7TAHIOY9
SKSOOAI3
B1D4DWM6
TYVMSUJE
KBYT9CC5
NW4HVKJ6
8X6RLQJK
E0QYEYFE
ZGULXG32
A3SP3LDI
HTX0M1FO
EJ1A2BCC
5JM1QDTE
4RF1XHTN
3BP1P4J6
J13I414N
SICNUD98
1CSADB0A
7G150TU8
K3DD7STR
B4Y31HXK
4K2LBRU5
EK6OSWXB
3Z697KKM
6ADB0BXV
5XKEVJ05
Z78TALX1
2B4WF4HG
1KT31DKH
I6YG0E9B
CF7JLV3R
UOP159K8
0V1XJMWE
45QXY16K
3K1GX9K9
QHP1JIEF
TASTQRTX
5MJ63NQJ
BG1W3ZQO
BRDHAM2H
SD7A6830
R68EU4SZ
2A0JACBH
84W6OBO9
3FS2VLL2
P8DAP3Q3
XKXOS2E9
Y1DIROFI
ZF2SCI8A
0LNKVCTH
72QKT0ZA
3HJ3ME09
D9MIQOUR
7T1GPK9Z
E20GXGN0
DAHD5QBK
2A03LC8M
O6F6CL30
Y2FCAZ41
CPL2GKU2
3R6WP963
NCENUPFD
N268R6QD
C4U37QQ2
SUCOXB1Y
R656D5ED
RZBLMG9G
GIG0BTRU
7NP44TCH
WXDXBHMP
CV3OKQQR
8KEBHMVJ
H2WS4FDJ
ZL87W0W2
EKPVOH4J
7FWJM2KK
M54UHNV9
CPJE4FFP
0YQF93N4
NE1XWTGU
B65NCCYE
FSKJ5PZH
O6XYFVYW
ZI6AZVW5
IN6PAP25
3RA6ABBY
IQVYVA6E
8GLRWRYS
O6FYQOFD
A80FUTMH
5CQZRRT4
MU8LKBJR
X17YJ01L
OPM6OLNN
QRX7R1U5
7CRJNFAO
SFOSHKSC
72ZC36L0
VIEH6QSG
468RFIKV
12ZTAX04
2JER28K4
ES2QIMPL
V440I7U0
I8ISQFSN
M4U0GKJH
KP4E991Q
HPWCLYRO
YZSJYRX5
B1EHRSMX
CKL0PGGM
4Z2G1C0M
X668FQBC
12BCECA9
T1CO5V7A
9DUZTYVO
4B4D0X72
K295AYU2
OWB7T84G
7NFP5G2P
1KTVGXUZ
H7GQ4W8W
V01WJ5EF
NKRGCRIK
UEGC18KH
E7I2AM5B
VRWEHJQ2
PLWRM176
4Q704IA9
FPLSLKNQ
DXYPKQEG
UNMEB0OO
JIRXYXIE
WDZTJJ7A
5FFNU6Y2
HGAPKVP0
BVHI5GPU
9SH97ANO
O76IU4VE
7NLKG974
HOIV6W5I
GHM4DOMU
Q2S7AR7O
SEZ49JIM
MTEU7564
C7RP94NC
KT3SQCUZ
4LBXALBZ
KZLUWYPG
IR38VFIO
D4O7S0CL
TK10WN5E
1RULDNXB
31RPH3OY
V12KDZHE
Y8VZH05W
4DIOOZQQ
E0EFQ1UH
X330GQ5V
LD2A374Z
WHHDMKEV
ZC6RNOQR
Y1SEX5JH
8HMG8B7L
BQTG1ZU3
9Y7DTR8W
9GJZDEB1
J2T65DKG
EMURKNUQ
JFRETL2V
YVRLLEVT
AUJJWR09
U0NPC096
N53O06W0
N96OJEK3
7QYLFCTG
DSCSON73
KEL375O5
IZGN4JA4
RSKB4OD0
FS7DUNYR
FJY03JJF
CR7TA33J
TPY39R36
8RUR9WD6
U9015ZDO
0M68ZE5Q
O1VANRU0
VZ1F3Z23
7G3RFHOJ
LA87ZTNN
1U130Q4U
SVIBI7ZT
8UY57X88
5QT9RTII
0QGCO7H1
59SVIU0J
QHI811E4
KJTSWTDJ
3HZZTOR5
E31CGBPT
4LGEA084
9UYC5BZ2
72I2P03I
SQ46QVCL
V5TB4TV3
R1A6FFTZ
LKIER8W1
AXTFYJ0F
BL3CVADL
AE29C1TM
15I0H251
W3KWSVEZ
GHX7XJFM
HUJ18XZP
5A1NDWK2
TVWISSGT
C7I5UJ1D
TIO730L5
U2J7LV1R
AU7UV0EK
8FTVKX0L
W9B37A0V
FTSUK1D0
WLTQS5NH
GB6OGOQR
AQJHYBX8
8RW2GPRF
8H7G4L97
EBFQD3WR
JHJH7WJM
9F4CNE8Y
E140MV33
ULG9IL5X
UMQ35TCH
EUQ9PSY2
NHY7H3CI
KWQ4CKY5
OLK1YBE0
QS11XNUX
7D5E5KJS
FT38ZFNR
ACHPMD24
J0VNVGWM
7KINADE2
0CMCQKRY
CM7UR0GN
X2L3AMNZ
KZXP61QA
WNKXB876
ACH8U774
V5HL8ALJ
4QKU85AU
INFJLK4N
H19FVCL6
YQU1O88K
JJ0CTI9H
EC3OTLB5
4P9ZU3GW
WB5YXEAY
ODZXK0PQ
ELKLIPOE
5ET63CY0
ASCTRVI8
9U1H4SJY
CRXRDPP4
AGP3ZG4D
IWNG7RMT
E8NX6QSC
7620HZUQ
Y01QO9BM
1FQ01PTE
TLGEOP95
T1CDGKCM
5JLTMUML
6FELOF5H
RX748CMM
HL3YWC5H
3CSUY1NZ
AQ83U5EY
G2SMZX30
UPHVRHZ9
CG1WXMFT
DIDKDFYA
10VBSI9E
B9IG3AJ2
D7I6OJEF
CNB8CGW3
HK9A3DY0
R5Z25SQI
RLGFX9OH
GCA7SZHA
WZLQNIMJ
Y2OO33BU
DSGMLYMR
INXJEQVP
CKEBHV2T
JMJDYVLU
0SGWGA1M
77UTSAAD
HWSYUPSQ
EX4W33R9
546VSZ2W
OIHAIHJU
7UJLENLF
BHKSOG00
OJ6YE8OH
MV5ZGV82
XAY978Q7
LGYC31P1
22MG2Z06
DM03GO2A
RBI011HO
AQES773C
HZSIEPBF
XDY0TQSA
AK9WD051
WITH
AXDMPK28
DAPQ8MX0
PM6CPGPJ
KYBR2IWI
JKKQ66OO
SPLO1O38
BLLYFDQQ
YUY781BQ
CIQLGAJ4
INP8KO4T
61P7XGVG
NE78QFC6
AUMVSCB8
RYETDS0K
9L298JP2
3RWIYUGB
DB0BKGZ8
PBWHF4O5
508SCV4B
58VPDT5D
HLTXYRL9
00WKX21E
C1QUPLD4
YS6IE2U1
OCT5G857
FEYLP6C2
KUI3F5EP
2ELTBVQT
P6HWEIS4
XRO08DU6
JM1U6XU2
MLWEOKDP
85FKEMN9
0JEDKQI1
7W2GAO4Z
OWLULF8R
VY269HCT
BDD593T0
PX5AUW2A
Q1Q6KBKC
UPCNHB80
IYKSIIWH
09525OF2
I5U5RVCP
HTQ3BB4N
EAX5UTJG
XCJ0EUP4
LGXXRVQH
CCRRCDPD
NJSTR1HX
L3SGX400
N7WNOJPT
VLP88S7L
ZD9LBGMN
43P4NORZ
S7W0TO3A
K4PWN03A
R0773HTI
9ZZ9384O
113X3U3V
JJGX2N9V
99IKESUI
68DI8VSO
9H2OG3AU
NYPM9JOX
MEIIZU7A
2UP7AEQ8
UA6AQFZ3
CEYYWF6D
FWJY9NAN
BFKC1EBN
GM8QGH2Z
Z9GK6HZA
B87TSH2J
LA05Q0EP
QZ0BFH7O
E1CQ0BXT
NQH7ZAYS
4DC4JYMH
ABKEQ9QC
Z04OG3QF
CMWXUOE6
T6FGLR06
HGBOXSOS
535T5192
Z1CPCRRS
AJVAH6LL
KI1I4H2Z
9M0YWQH1
M996LLXK
EX5CEXDF
YZ4443FA
9KSP06BW
XRMAL7AM
C7OK8IOH
VO5KQCGO
DNTCLOSL
P9HPQJYZ
WW0E2DEU
5Q28MZMK
NAVCPF2I
95R6YJ8B
EWYAAAC2
RHJXAG1B
9PSCEXYM
ERDGABMP
07R508FW
E342VEEN
3GEO6G8L
ALILHFSO
Z4S01O6B
5YXPEJQX
FGB45FC3
38QCS7CM
SDCJSYBL
KWSICE15
IPQXZ1SZ
CO2SML9V
VCVY9CWD
DLCTGIMJ
5DA1EUMB
DXYRUE6B
C3MBEVF0
332YIOQC
LFXZ5RZR
5JMFIDOA
8WER9OT0
GPO2DX4W
H3OQZQ34
RJVYMK2Y
LXWOF1U0
HMZPAWYK
45GVFCW2
3J0DQ919
SP18KZ5R
4VM05UDR
M2PPD89S
M6Z9JR26
4ITOFIMK
8O8XCNN3
A6BDZVVZ
BNAPNYDL
H0USXFV1
MWX56FDU
B05JIL5K
FXGQXWUL
RYV1NF5C
8X7GCDEA
34APTL1H
QMLXW5P1
LA5KHZY8
MRSN6Z8K
FRLPB9SF
2ZOPUATG
72885NID
75GF60DS
G6X14HL0
D2VFDN8S
E4DX1QR4
4JOV4YNA
SJW5EFPL
SLA3JWS7
SZXP2WKI
NJ0N4NOT
VYKSS4EL
IIWLHEOH
K0CAU122
8PW92MN1
EO502D5V
KS2NEVLD
WBG7D3CB
63ZRILAI
LCESTGV5
EXOLMNVF
SKK3B4IJ
MKRVAZUX
X2BYSSMC
I276XEQB
1MLAROPT
WJBXOKBP
FBAMPXNH
TEYRGGXM
W0T70II2
U18K8FKI
BCQ23AI1
OSULECWG
I0IHFDQT
IX6VI2QH
BYR76RJL
4CS0IFNQ
MJ8K3X61
1ZDGFQJ5
VRSQIU5P
QVVQR6LV
WHOMOYYM
L828THQS
Q3FAS0PK
FL03LW0U
RIIOK6SN
HQZBRC55
SOQL9W7R
A0PL5G0G
QL3LMJDS
SA6FNFQQ
Z1UG5ISS
9WZ99NIG
W04H7WIU
VQVRVTIJ
NMB7XUM4
5QAC7TI1
U6H031G6
5OU9E59C
ITR6FCJY
BRM3IO26
9QM45YO6
GBU39JXP
D72QI719
O1SUVM6S
CJQ3EONS
H0AEHGUC
WNQVLRNM
7TYRT8OB
8S9V4URT
BIR4QWG8
O4M494ME
PJRXQ644
29AUNJ3V
0OY58M5P
ACVGBR84
KJ084FKT
YF3N91Y0
FWYZ93FW
3MPQP6IA
HW1RO5MW
SPSQZV5A
ZHU3PY20
5YIX4O80
IO9BSAN0
F6WLBQ4Q
IN9E60JE
02OGM3V0
862P1Q29
LMJC4DZ6
2AQ0SHXF
RM6JRAV8
RHHD6Z3G
SKPJEQ0B
8QPDPS72
PPXF0QPF
030XLLLT
EV13ZL22
0MIR4BCN
13H93JDI
G7BL29US
Z70QDEWO
YBT4NDZW
KZ3K0VX5
PQ6BFR11
767QF3OB
L710D8H1
HWL2DO8R
J4E9TEA4
DG8BB3MX
LBYGXY9U
JUST
TOM80KAG
YPER6Z5C
VM6A2CVT
P0TECLBB
94FFN75J
A49L3XPW
P72M9R4D
1DS7GEHD
KJLB9POW
5BAZ0WZO
MPRIGDAX
W1FW52ND
QL5B7BYX
VREWDU0O
4HLP2OWQ
GV1T7XMZ
K6UOQXQI
3JUR5MAH
OD0038Q0
JGALZV9T
I30FDHS7
KIS3Q5EZ
3YS2TAHS
YI3KYKKV
EKKKWPDP
HLHC5O9C
5ZHHFKTT
E8SK2SM8
LAGFKK3V
3NHQNHK7
VI1J8PJI
QQGJ3QLZ
GZNXU23H
532L2NX5
XU25X4I4
74D1LF72
KH2UVHTU
RNBKOFPG
AVP6JE80
NWLUQQ2Z
ZGN190H7
VVUUYJUX
F1GL5116
TXRLVVE7
XLTEOHN4
EFJTO31B
YC8CW2DB
GYVBQKXW
PI7FOLXA
A31PEJZ8
VNRQJKBP
F9XGZB8B
JJQKBKR2
BWJGY210
2PRI2Y44
YD60KBDZ
4B80Q3PI
837PDFEH
70XEQ1FD
PT8SHUMW
I1VBWUUF
GVDFDL2H
ZGHX839E
BHP2BQG1
T4ZY8QX2
PX2DF6IG
E8KPCYS5
EHSG8RTF
Y534RLQI
QTPBLUAQ
OMPF1ILJ
6NUVHQ1W
SCKSQRE9
EZ8RMGBY
IFC4DZGT
34CM65Q7
YIWU6AF6
9IKJ2TME
1X4V6VS5
VDDSWSNR
9P098ADZ
TC53YB36
LDCQ62VW
6QJZ4DR9
93QWYKX1
G5HY9SEF
MD6F9TMF
IWPRO0N6
6HA2NURY
H9B59TNA
QYPPRRKI
ITX2LMG4
V555UH7J
JR9P3NOQ
7SFVGD5Y
2W9909W6
G6ZCVROH
WYRS8W5B
TKIK1GG7
PBYMGON7
4ACIKI4N
CGIQGXHI
W3QP1UZN
YTSUKLVI
74L46R94
CV1UCLZ7
IX423TUX
K0YAO9GO
2TWPSP34
DIA8ZIYB
49JB2X0M
L1758UDE
3ZOQYDKN
OO30XII6
0JMZ61L8
CMZOSVBV
R7MYF8W3
P7KIQD7B
P9GVYFLE
MQQDG03P
QLJZ6DVG
IYKRCVPO
030IVTPQ
OZBMFDHD
BVBKS5RY
F3TX7AH7
9AQOA51C
L5G0VT0X
VHYOQ5KH
BPOLXQ38
CBNYTTXD
8DFXI2T7
7XM6YP0F
KHIUUZYU
LY2TI9GD
BC7F6LNS
HR9N91WA
88P31GEA
EMH7JGI3
05KZY6BN
RK4CYZJ7
6BZI51KF
R6SOY049
ERBUR2KO
RVVOTXI6
TV136UMP
LVBDON28
MWQ4LG6Y
VJOT3DSY
ZXSJ37RO
VP3B052O
1QJY7I8O
G7O9B7C9
FP1ZO2YE
TV546RFT
2M9UQBFM
VAW99554
N85E9P09
1UIFEZKE
0RH2AQBG
1UABMOY8
RSE8O70M
GBMCQLFL
XDQABISO
CBW6XNA3
W9GQ77R7
AXRTY99G
OQ7S569A
ONV9KPEQ
ZY61TVD8
LUSWBVDZ
U9DVY1J1
1V8BPG6F
IOI0YXHA
FWW5D8SU
IY7UY4U7
FY9TCMLD
THH0TVN1
IBE6UF64
X7TEND2H
59F1QB7H
X0LLDAZ8
IK005RJJ
H39P6R9H
IRD3Y8BD
XYCWPL9U
MW8E3DHU
8MVXAWZF
EBGRXVI4
8NGBY4EM
019XNVHA
XXP97LZL
194FJ4KI
OZBM0EJ7
XZ9GXF1M
GGS4WJYM
THDZ91BP
4N3ZWDM7
FMOO7COV
HQQEZ16W
HLV5SIPH
1LBPDT2S
PQHA38BL
06XT42QJ
1Q5PAVN5
5D4U2S48
IOGC6Q8I
5IRSAB8Y
UD5WH6WN
9VTVITUQ
WPGB7YRN
2O4004HK
FR004716
3139PN30
CAC10BJQ
ML7B8MT7
U0M9W73D
UBTAEZKV
LKVF6Y6Y
WZOMTN3F
GJW3QRRS
ML3G52IE
K57MI6L5
75X1VORG
3NMGRKRY
6ROYK1L2
AYEFC0L3
7MCVVWHP
E1ZS01HP
VX9BPXO6
KG5ZRASN
BF0V3NSI
GPY23OZ7
H436UZQB
VBNZ8O9A
YU2LPFRJ
RWX0YM0H
VY2CZUED
0F15TD6V
ZKVFY6BK
KIENCH6Z
WUPVRESP
P1WGIG8W
FCL8I8MV
8B7BQ78L
HXDG70C7
QIYTXAZI
4RS9KXGQ
E86EEPLM
D53I9JNE
VD0YR5GV
TT7487L7
ECMWBI0J
A4BE402X
J83V6NEL
DSY1XUAX
C0NW27KM
W4IOOBR2
JY5PBOEU
XCBLP31Y
BAVOH4TZ
4GXWAUG4
0DRBK4I8
WCBQW983
QVFCK9F4
CSGBZY0G
N12VFJ8Z
SQB2U5GV
28Q7RZY2
JU5OFNRH
FFOJ52Y2
88L1I37V
GMRKHBFI
4R0474UL
UFKQMKRW
HL8WHQS1
NWGIG5YY
E32VOYUF
4W9VS04P
GHYM3EDB
GK6MGLHS
EIUHTZ9X
C5850XD8
S06E0DZ2
Y3ZIJMMK
NV0F7HWK
1ZSMEL6E
2XBJ7EN5
B5HWKIZJ
MJ1UU7NB
2S7OW8RF
CA0EUDVS
0CRQ9TGU
KIA2GVSQ
SII3FLA6
81MWNN30
2WRTR2HT
Q7LLENQG
DZCI2F3A
EBB8Y1AI
7JQRD1YC
OY7O57GI
94SK2D0O
Y3N1DJ4H
7NZHFB5J
50441077
1EDRXAR1
A3M2LWCM
T29Q1FSZ
4E2HJ1M0
UFPLLA4O
5BH7O99F
MLURUKY3
XYJH8J38
D8G43LML
VT3CXV3I
HI66XRY5
13Q7PU14
SB65VVW8
TEGN5JJ4
S0R8PPL0
RJ6U2WM3
9JA6SQLO
FO4X533C
AFAA2K3S
THPQYWLI
CGEMCP5O
KRHNQHKZ
ALWC5EE8
ZYP3OG1T
98I0UU7I
4MJWNN03
75X1BXJ1
FPZNVN1Y
09L7KM6X
QZ7KY254
JYJVEFKM
TROOT5UF
PWBDXBWM
MJ6BVCKT
RCKY5H47
CKPY4NO1
7GSXPP97
LJHX8TAQ
11GEVRIP
G4AL788N
6Y9841RG
XBBT8P1Z
ESFXM51E
03SL102U
AJ4PJIJR
B4F806NR
0YIGXVHJ
LN8Z6G07
TVU8LGCA
046WF5NU
TEQ5SDHA
5U8BU9R4
BKE9CRHR
0G5ZGRO7
75K07OYO
FEZYROD7
TG9LL52A
1IU9BMMD
B7C6GVHP
BVJ3P4B2
ORXULUMG
TGUAHOBB
B7WNE8NM
6ZPJOWVF
MPALGVVQ
X9X5XFG6
3VP5FIZS
QG8U6JWQ
C31076A7
Y0OXDV1Y
WGOB6QB6
4IMSKD5C
O1YMDBX4
JZI2GE62
GWS25I13
NA82IKRY
IET2MVEY
KA0OV7G5
PQSDDP5C
T9PWYIAG
GNH1AS29
P22QGYYE
YG7QZ97A
OS3YAMU9
C02T2757
6E69KGMN
EFHWORSZ
730K2770
G91E96TB
VNG74XRK
VL8C590O
QWWYHQ0Q
51DVTBCD
E8TMMINK
FBPP9Q15
3C7OFL33
B33ZFEEI
8D4WDXES
U55MKIOU
RR8Z354F
ZIVZLR5I
JEJ91CND
Z5DCGOLF
LAME8NEH
6XXKQJGO
7ESAK4W2
8OFNBCY7
96FMSM6S
QJBW0QAL
VN2WN4LS
66O1LHS5
ITFV9KHG
B8WGN1IY
YY3WRRT3
ZHMA0DV8
MKFHQYXB
G4N4EYK8
OIA0BZU6
67HL9SKL
BMX27FBT
V0CDD9DH
QU8J5SAA
FPDKI81K
ZM3BUNE3
RG308P96
0IWYGGD8
Y56R8X6F
IOZ3HHEK
A0UNGCPT
MADC9AAB
33TEI2LH
FVKWARP0
XLADYC8Z
NYLRSOXO
YSE5GXXT
JWC5L83C
HUK8BYAF
W2LVQ6IW
7XM4SZQ2
1MDKGU6M
MSWPFHSL
D16VVOOA
5E19L2U3
ZC1M0WZS
1BZA9X78
5CV6V3PE
8HEMMI3S
BZK9OLA8
TZT6K86A
ZK2LQXTI
ADTCW4YT
N1YEEJKK
2OSDFRRC
1Q52RM4M
B5D9GXRW
0O524IZ5
D6D0SL5K
ZHRHME7T
1CK1X2ER
4YOIILQJ
IXBWT4EK
HXD7V8BZ
94TBFDRO
LEQY3LML
PC0T0GMK
X4H7EJ4E
J0ETKKY7
5FM5PT87
YS3R2VNE
281IMO81
2AA0U170
ZLGZ0WOU
8P133I2S
SHIOSX6K
GVGEP8ZA
2A79LOOX
O2IO2FC6
DLQSKMFS
C51I9EOK
Z3JURYLS
V6PTRVBU
I0AXNZ1T
YQ3QK6DO
D9DLP7I0
S1A0DHOG
FEIA5Y2T
1YCOOMY5
WYJUISVF
OLD58BLQ
200P4WGW
W30GWZTI
UTAHDSUU
9WHF3AQR
7WHZAWAQ
G1180AQY
8DEER36Z
FWU3TPJX
TAUJ8Y79
255C4H3C
4Q7FKZGZ
EJX6H6CF
KRHKU36Z
J3VQSF1U
AF1Y8BR2
4ZDYY24A
T36QQX5T
NLB66J26
OJVW81BB
BMOFX9KH
SP58R22Q
8XZAXONP
F9DPJBAR
IQW91NSO
9I2JCHZ5
6U3IHWTA
FTZRC9WH
BRL2JWYW
8C5P63SG
WKNEA1TK
SGK2LMI4
126ZD0Z7
REWZ581E
CAJUN4XK
ZQ6014AX
EI2O8F7T
1WIOVUG3
VJB2QJDA
1SM0L9E1
OOLT93RT
36M1LKHW
62SK5YDN
8IE1AF8I
LLO90A8D
LSNQ9TSY
48S1D1GM
7BZZJ5XL
V9Z1OPIV
ZF9IR11O
GM9702PJ
M8YLEW5B
3UKB432N
L15ZEX80
OOIU6H3M
WCYB6M4E
DDQVTNFA
T30EODDH
V2ES2UT3
F0CCMOJ0
CK86WNCM
JSEMXDD9
XRZ4K5JF
YO5Z3OPU
C1Z1H7RU
CGK0BJ0L
56N8JXYC
K4X2T556
BEQ8REDE
BWCUEZ9G
1TJ6MXVK
NPF4B8DU
H0R2A4TH
JWXQF9T6
P95IMJ6C
CV3E8H6M
61BX4613
IQ4M8PHB
JMM5GIQ2
QE89XAT7
295MVL3I
5D4N70C6
FGYT9PU8
QHIDVIYX
1NAIVMTN
0UG1P6JL
3TMHJ8V5
U3C62GYJ
RB6FE9O2
DCGIFGR3
KS86ACET
5VOZUWUG
BF6K1QV6
NJ3DZJG5
L3T6FN2K
ITKH7QSG
ZRH70ZOC
IB4ZCU4U
SHL3C6SS
IYGSDA7B
Y04RJ9R8
K0TP4YMA
IW1TO2TW
46I4IGGV
VVQSSUFZ
M5HVOZUM
CYL7YA8W
PTJQLTXA
JLMGOSZ7
AQMNU0CF
NZM429MT
U7T3FJRH
GT7OAGLQ
V4K9U4M6
Y5PWLEWC
BQTFMQT6
YEAOQTXP
TINSLV5W
BLRJY5T7
RXCG3CGF
ZGEM7PA9
VZCMFAGV
DPL9M94U
4YX1CY56
O3KZV01P
EYUHMVR5
OT9Q7FMP
9XJM9RWA
2VOHW8O4
OQKO48J0
B355HMXO
YEVYQMDF
4R1GRCXP
KYF5GTU0
J0ZKCW1W
R5BM6CDX
Z5STQ4MJ
SMBSLE0S
335P1WJH
O84PF3VA
3XRPCV6N
9X2SVBBD
7EFDAA72
MVXKBOX7
S625NY56
VNJKCLM1
ZYAIPW3J
RTVRTQ4I
ULI0NOW0
O4MK94D2
3ZTD7RRG
P6F93BJK
WY5ALBLY
WESINXMM
2GZYN96K
C4WZAO3Y
II8HUY7T
D2UQFSH9
MKT9PVCV
VVRXTPH1
2NMVPEJV
18RF6UDU
PX98LZGH
NG7R63YA
DEQTAZZB
F89X6IDW
LZ8PR1O5
LX301XI6
V41DM35W
T0EN4E6T
EYX4ZJAH
BALLGI0S
NSYA6ZXK
VN5D0OLO
OKRQSZSN
MKJ4W58L
MH2QRE78
4YP2PKB6
RJZN7SBT
5V9APAE5
KSGH3JDK
CMCGTQR5
EVLHWWET
VMSSJ7S7
MNIW47CA
DOI4P8WM
5E9WBG7X
N6N14672
MJ0YKVFK
R0UTCQYM
W1BS82Z9
UXONMFJE
NXVNIVDI
JRYKZ3EE
WA2ESUUH
J7A5T3FM
O9X3G6FC
RX8PJDUH
GM1OTJ05
72QKTV4Y
D8ZYTBL8
34USBJ1M
S27J3CL1
6XFYOGCW
5PCSI63V
GDZQMON3
UY2FINMV
GO53W3VN
80HAJEBV
XD3MZQQH
QO67CQDA
6FBDFFMR
ACXJBAFN
UR3GZ85O
X4DYTB7U
H4S0SP5I
W5DGO6U1
LXZAPBRT
5UH7R45O
R15AD8LP
FOR
2AAP7BFP
8XTB3MB0
V0RXVNLE
29A9IYAT
C148N67W
K971803V
GSVQNOHZ
98PY297J
BCF0TB8Y
TVLIII06
RSD080HR
5GAD71JH
YGG1K3EA
HNYZNA2U
DQ2W2HXD
I9TJ8ARZ
9FK2TE9C
UO4PV4SI
E9FRA8WY
Q4Z5FSRI
YTXASYYF
UPWS8I1I
CLEG5J4C
H6XN0E8R
9GRJULO8
6ZH9R4GS
3W5BSFJ4
2QD3X7AS
4TRD9RJP
WLXDDX62
PWW5F8MO
3MBIWJVI
IQUSBH6Z
PYAYVMD7
KW8AT8J4
CUNK31WR
F16K6YLM
8UEJTLYH
NGTQLDBE
5LG6MSBA
2S7X70DG
SH2E1KYG
IJG2P1ON
XZYYZ48G
MZK8LHST
BVF2ROU7
3TIRII8U
K9SZ6OV2
GJB846N4
TAH0AZTE
A5IUQII4
24VWVJFI
9U7LMM00
21BFUFXE
ZABWF2U3
8UF3T2NA
AYPNWAGG
WIUS4HN9
Y1JS6OH5
0PXW3LXT
C8UDRVVK
PKL1U093
2642IRZ2
MXBHMDEI
ZOUOZD0C
B12NMORA
AC42NJBS
CL56Z7HJ
Y07F9Q1V
R6YBYP9A
UD13WWFM
XIV8X5XZ
UH74DGNK
7DWBY09D
VWHNNHP9
BTPK3QVH
JBMPKOHW
7850Z0HW
UEZWJE7G
3XR6J8XZ
X4PEGDBM
N2H1CUUR
3UFSNNAD
R5M68VX9
V0TDUW19
NZJP66NC
U0H6XV0Z
FCQQVRJI
G0C6FM3W
U38VI00Q
020Q03A1
M33A62K8
05IIBKPE
YJMVMPHP
8IB29KMN
9GJDRCC1
VN8KI5RM
VUAIXX6L
MVZ11O4O
XBC7MGH6
DMWJ3Q6A
Y90F3F3Z
S7PQRFR4
QCXIMANU
ZHZHTZX4
FQKN25C1
F3DIR9HS
ZCBI805Q
IL5HW4XH
PLWQ6VFL
M732D3I9
LPD5ZRRS
891YRUQR
5NLBDO9M
5L7JZ3F6
FHS41Y5T
1YT0I1HT
L0X09YDW
O77D5WTE
T23ZQ782
EY31XHY6
051MBNLD
ACOZOI2B
Y8WNLIH1
BH4ZDU9O
2JICKM2S
5VQ81G82
84Y4GWNE
FWDN28A0
I8KFDTVS
UUO37MX8
XMLRLK28
WJ90HAIW
PX0LV0Z3
1NT7A1FK
ZZYJNLCR
DAPU6FU9
KJOHOZHL
ZLUZDIAJ
KP95IKDZ
KD306ZL5
872G4WGJ
KCAGYW2H
7M0ZMTC7
6CVDZBFJ
FUNLQA2C
EW52P8CC
ZXCT0BT5
4PUIXUC3
WBGJ6CSN
SRGGP9QK
O1INGK3R
SA5X81AM
703M5S1K
Z55136TT
1ZM33UE4
HFM4NBRJ
EWBKWMHJ
KDLYDH5Z
BG5GURJ0
WLF8B5G7
MYPM5QYI
LH15E0H9
XYQK0X0F
AZLH9SKX
46AXENR9
ZO13ONEV
LS1XDAWJ
X3NAQRN9
Q8FY9KTF
I8R2ZVVB
8S114WFB
9VKFLRE7
ZNTMTL6Z
3RH65MOR
3O133QLW
OFZJEPTU
AA8JTIX0
B5AJEO7S
S7OD49LY
N5E2QNK7
WTN6AQHN
6EQA6MCA
YIDRH24W
EMPAPMAY
SBIPUR3R
XYQQ9UR0
3ZE6X6ET
PKPRJ05A
Z2C95CF7
L0CLPMVB
89F2Y3YS
B7V2CC9R
QVDT7JDS
DQ8MV8PM
WUC2B5W4
UC20HVGT
HSURZ1WF
94GN4CM8
JUC0IE0C
R0RPSEPR
DAWW5ZZP
HSA1C0D5
HXP1LV2G
LIPS
T4WCDVPT
B9FNNR52
14EQS5H8
V133X5K8
IT5UYUEV
JXOSDM9V
NHARTVFR
SKFU6IN3
7KUHPXZ6
W0WU1L2X
DEMGQLTR
QPTTU1RW
8ARFP1M9
HBJSH10N
KO56IKND
5WFEWQAS
B90Z3EJN
4I5XY3B9
PC0EOFY5
ZRA69CB0
HM0G7C8Z
88WQ2XGG
CTMP840K
XDDAPIX2
30A1AUZI
0K62E24J
F395HBZP
25AH2LEZ
QYRPJT00
AML2TJ93
HHYJKB4Z
INSTEAD
N2B2X5J0
E4D6K5LQ
Z7GOL0OA
2IXVB9CG
IJ2F2OMI
8OD1DJ2L
5VAEQA2C
HKVWYXKH
5F1YTUOR
X0OMN9KW
07EKC9VX
CFTU0HA9
IWDLSOKB
AF4C5KXR
ZY416G7E
QY3GDYZ3
0ICMEXT1
W8D8CXU7
I1VO9AT7
JCDJ1ULL
U3NZ3KLO
WMFV179F
ABUEUH83
F1XO9XYJ
30MK2RUA
FWSD9FOE
UUHAI77G
HH3ULN83
3M42ULYU
I9BR9NXE
U9FUV4TJ
RQRPONKQ
OCSNZ7ZU
APAZ3Z5A
UBQ8OEDZ
K9P1PGIA
7BUX55XE
VZU1430F
MV6U0DLB
BUDT0IGL
6QSQHY26
7EFZCMIV
LC6CGD0T
41TBERP3
V2XZILOM
E8AK9XT5
BP8JWT4Y
HJ9RNYNV
JMIIH7WV
7SFP6DU6
O69F042W
HT0QFZE0
W2LJBHT6
1R1Q78CF
OE1GISD5
07FWIYAR
0KMOBK92
KRN7JS8M
OSO23AEX
JX4794M5
SK5H1OVV
OLWUXYWD
DDUESJPL
YOY78FKU
RJORLBSJ
VMMZHHPH
X2P8ALNZ
DHWSEFHM
RMMB6OVA
5N68JUXG
PKULU5PT
DP73RVV7
3TQL0C0K
MOJT9WCW
7FNKHN71
TPOT1F4H
5Y5ME44C
9SL4FJOL
6IMFAHAJ
5XVJHA18
P8CIGFH6
ZEOEG4NN
WUIYD2GE
FW0644VH
MYHJEI25
1FO11WAV
RO8AORAQ
HJSWPKUY
FW3OJX6D
I0WGYRWY
9CXCV29X
T0NBIHN0
V8CRN5CV
5AJ5427K
GVZS119Z
NXWECGRH
50MVJJ65
FVNHMU9V
YWGQT7TH
D4W3JL2S
REYIASRA
JBULF95O
KA1TFVRV
MZHVN6SM
F0LVOTWN
DNPK35AQ
5DEXNTB8
2NJUK50T
OWWE470V
JFY5BVSM
DUPGY6LU
5ND4BMZJ
57LMOXIB
XXCPP8PN
GGMTLDRQ
TLK4B5NY
23PO0R0D
HAUA1KJC
V6SV2HK9
HV7CS8C9
JLI34MDU
MTKY1UWE
U6V9T5P7
DVLIX5YU
3CWSRHSY
1T6OIQBN
XDSCQA6V
B9RC94UT
4TGDQUHT
6M8MSSTB
ESA4H04S
VCC8FX06
RJBPS2JC
C3MQ7ZH8
TTJ29PFL
PPH2QIQN
Q2BA7ALX
9DVARWBS
DC75KTYF
ETOZQTGM
XREKUJE1
1K1GMR2B
M3XIJDZ3
MLMR6NRE
0QFFSREK
DXTTYJ7C
YQJ6B6D8
NHYH8KYE
1ZLOKVYD
FBUA2AJM
9WEF8WKC
2V3SUP6L
GRWPM6SI
0RRS8L2B
M41KFEEQ
TS0TY413
TN676UE0
JM8QB0TU
1LIULK44
VQPLP9RK
20T52J2E
RC3N49TL
R4BG9HGR
HJSH84Y1
0IYNF1NC
5HMG89RE
QZVVL8KV
HRXZ9JET
4X85ELVR
WOY90ZX4
GHIGEO7D
68BBFEV5
S2BRYVDY
FPD8KQC0
K7ANA1HK
5EP5N1XM
Y86YDGK3
WXW18Y8A
D4RETBG8
JT0XXBXL
SCCP69TJ
13AFMMKJ
H1P7RDYO
87QW3MYC
9RL9ED5F
RV3KWQ8J
36WDRCRP
I5U73DIH
CV2FL1GQ
IMMQ19YJ
YORF78S2
MYL6M3AY
9TXFO018
CX8U77A1
KB4LOWPQ
U4N4SPVN
9UFAGZD1
CUQD56FH
61N8TRLR
8WH15VM4
01D6K68H
6AIDOPCM
LP0G7JHE
OAI4TCIL
RIX526HN
W6XIFVII
DAUFO0NP
2DR7HK6C
N34R3X7C
8G0XSFQV
SK2WBZH7
0W6VDB2M
X0M5Y10T
9UY3NKJN
P8NPQ8A4
XM3KO1QT
IJGV08HI
99CCOEJX
T1SHXK2O
VVASRUNL
59ASV6MB
Z3R7IWUB
H8QWRHQZ
TEOWDDL2
TMJA3KA2
8USDSVHZ
9HWQ4CWQ
W3VYQL7W
ET87XDMH
JP8ZL638
HXZ09G1D
X3Q7J0LD
HIMYY00Y
6508GNB1
JJU3D5U6
7JY3REMX
7ZC4SR3A
G38KENAV
SGCVT85A
PDSIVOJW
2H15A9AX
ATTKKU7D
ZYQHJM2J
18UEJBPZ
4N2QRX9M
VHV27F77
I80SKREO
71FSL8MY
NAD8NG0X
LFNTS46S
8SWRGJ2A
K25YB3AN
4BBEPSQO
IEQ95W99
MPRX2ODF
AI04E9I3
0HR7V4XQ
RW01D6DA
TX7VLV8Q
JBEL46DY
J06WW0IA
H76YKUF7
OJYM1K0U
K7Z1428F
57JJUF85
QI4Z1WPM
WVNQKF2Z
DOHKIFSB
YYSEDL10
YBDAPIC3
F2D151RE
0QCOF948
K78LL548
FJQ1GSVC
UP71DAOW
LO532UMA
IJ8NBKFK
H098A6BT
LIWTR866
J2KITMFE
XB7KMA60
YHGJPCT5
L6HJT25P
120ZEYBX
DFLV2KN0
6CPDFN15
AW0F8CU3
68AHB2UQ
QHCL1014
VO7Z9CZ6
SG6J911H
SE9UJDZY
WDTMMQPH
40CYJEX1
Q05KNOQ0
FLGGD8FE
GP9V92I1
0TR361PX
EVN1L2P5
7WXEKSRD
8J0FMN3Z
KO6S470S
3603A5XP
A68187UX
G0T1NAIW
FM0Q781G
UMXK5ZDN
0NS8ZOO9
LH1ODJZU
0TPLTRBK
ZMUBJIV1
GFKOQN99
HBXWJO0Y
1ZN8EXZL
HMYUPBIY
5OFG1I3R
IDE1ADL1
8PN5EMRK
ZG192MS8
FEYA9EA0
OQNBGVN5
1VRLTR6V
KXMG6523
T4KHNA9G
1834UJ57
D4QOT22X
V0TZSLKP
VAXS8WCS
19WYQ6T4
7X40UIL5
G79POZNE
4AZBT049
MEGGIN6G
JCQZKHHY
TADPFP15
DCAQ5M24
XNOJBM58
VEH0WLCK
AMZ4PSWS
MD0O0TLY
GIJBZ0QK
IJYMHN5Y
1OKXF5JP
H3FMG5DH
CVSC3H2D
VU0T9X14
JA2CRJEQ
YJ4QECMC
BR8WOURN
X5TO0W5L
QI92HQSR
NXPE7YKS
6CLJPQF3
A4CEOEJW
4IUKLJBQ
1SQ2MG1A
O9NNX31Y
HBZF6U9F
FT1LWKV3
69KL54AA
OR1IES6Q
IWKI8GRE
I8GU6PUV
Q7EE08CA
II3ES928
9JN75GSI
4KDG5FPA
UXS4OV79
4VU6TJP6
PFTQPIUP
O5E7D5GZ
EKHXM8X0
KLIPWQRV
LC9MU8LC
WDIH1RWI
XYWDP9M8
0CMY2G28
6GA82K5K
IF3U0TTO
Z24FIYA1
YTD887I1
E1OMQ53N
QI0FLWGB
IP5CYFYM
PIJ1XAVO
B9R2AMQS
HRL9QNKH
FWDYSLST
51FT35YC
WT214078
ZNGTAG2R
DP34OF43
3QCFZLCI
I7QWYZ0X
6Z0R9D4V
5C6I8APG
GAGE7L5T
E2WPP14Z
9E30D78A
JHA4GV9Y
W9KFAWRJ
YPEBPBNS
94W1P09L
HMWU2WC4
CXKETF2Y
DH5N52T7
LSHWJTKE
MJ6CZYE8
6B9XHN1T
E6VTMSU1
QTELH9GF
RNQHZDIB
R1290WER
ZHTYR3V3
5613PDCJ
JPCNAY35
53PTKF79
LSOPAQUS
KOKFRF76
LO80AGS5
CEZWFUVC
7N13SRZG
H74KAQG7
RFUOHDKP
JTL4UL7I
EVQEUZYY
KW6M8HZ4
G26RV7W6
2WWLMGDG
Y99SR8Z1
Y83OYK05
ZWN5RZJ6
X6HFKIK1
D2U2OAL0
W2UXO5FN
DSGR3XCH
V0Z8LRIP
ODWPF5DP
0ASV1J3A
5O8337S4
HHR2MDDR
E9CN1GEU
Y9VNO98G
B47DH9SY
KCHJUAAX
PHC4GLC3
C4YDII7D
3ZKCHDG9
XYC0I5G9
O8QAUMYY
XP7KWYUU
WPZ8J8RR
PQLRY64F
3KI9LC2Z
NHF8UR4B
MTUASWPZ
Z2V1AVN1
23L35OHI
GSVCDVEP
1RRENEIV
0JNRW2S3
AIADV1PU
U9S1ECCD
KEL8U1X9
8OYARYFW
I20GZMQC
B5QHVSFB
EGIF6GWT
Z1T4WAY3
SQDARJ3T
HKV33XZ4
R0IR41BQ
N8N7X822
6ZQNBHNL
1I5CZHM7
Y1Y9Y3HS
2LFYZ56I
D9ON0UWI
B0CZUNO8
547IEVAY
800NJSFL
ATBQT4QJ
4FCSQ3RH
RA59AZG5
5KAB23X5
FLPGS6FL
5KBKME9V
HNP29ZBD
V43HWKX5
IOVOWQJ0
45M8QYK1
F6IIIVE3
HGNBV7WG
3RBPVDB0
COL22TVW
050QVM92
308XMCA5
O1JXERCK
1R9DAXIF
J1MDH4X3
K4WIKLA8
L6JWIFJX
EQ7IP4K1
QTWETBJ5
WCSUAX52
2X7SUXWR
1M3U011J
LZH8VR8V
DW2RHZ2Z
920X8ALV
LC8TZF84
HH2QSJQR
CBHOB5SX
6CNPQLMG
5ZNN5GJ4
TATD58M3
2HNWCGOH
5FSIZJD2
7WIH40FH
U164H2O0
FN8AD42S
8GVP5IYB
73EUV8ON
5R8LM0GZ
XWBA267R
GGMG2JAD
BR4NA2PM
LSAOYRDJ
JQU5WDFE
XE5CUDD7
ULMRW5H7
N5XH496Y
YAFNKNHO
LRJ1NWT7
HRRD32JD
5TDQQDZB
ZH9ZG6N9
T2SW4GKD
NCKYY1GI
M2Z7KE7U
HZ2NXIB7
DV202QBK
G0RP9DD9
H4JFLCD8
4M0RBH55
B0W6KSBQ
O512362J
OPAFHKOG
A52KDDQG
P2DDNW91
30IP69GP
RXWAI7BA
VR15W9Y5
VN4SI5WM
FY7RUSPM
OJ2INH0A
I6IQ1I3J
OMUM28DF
3V9IOOOI
42QURRCI
UGM08CXD
5BLPAW0D
138IYB94
O732VVJN
PKTO2NBR
MG2TADR6
AALFPXI0
L75BN1HX
MTN4449L
ZSIZYWFI
B2ZIVU3D
N4ACM0ZQ
NT1E229K
J64R2FC4
OWC2ARP4
1FWB9K9C
BDMTD0M2
MTJ3Q6WX
RO10BCTE
L2S4I2FI
1018N4TU
HJHOQ8BY
T6H3OKV0
QQN1R5GR
ZYO4HAFO
SXC2N63S
WDWSMOD3
28GFBGPP
XL3PG96C
610GVWLO
VFJ9YOZG
42SUAVG0
B7S2E3NZ
DYWS2MOY
AF80JAN9
WRMQ00LZ
1QWWG09R
C4JV4IHV
HKYRJS3V
KVGKXVR9
YMPG619E
OUED7HMO
5XT2IGQ2
YNA2C6BN
VLHBOLHT
HKKUSMFT
QBRCK1WR
163C6ZHT
YNQ4NUHN
GLN77U7Y
8MFUHUGS
ZWEFIT61
4X7LVCK6
BWDFX3UP
P5M3ZYIP
YBGJRD4L
7HKCY1LQ
5NO5031M
0PGIOTGK
2NJS47WD
KCJ7EBOA
CXWUPGWZ
XS4N9QFV
2WT9D63Y
2FTFCVGU
NVXML02F
7TH9QET7
Z1W38C16
7G157TKB
HSM07AZT
P09195X4
B0SOS1HX
O67NCPE4
UM40OYTG
EXVXVNL1
LL0CJ2UQ
N3D6M3HD
NR3BYM8S
V1YKYUYG
8PJUFANG
J0TRO96C
WF4BCSPJ
9A7ZJ5XU
CMJB8HSF
JLCVZXYL
SQWBABPA
RAEUXLPZ
TABZFGIB
FQHPEYYM
ITS
5HUDM22H
D5CDFVE5
W4YA0VGG
KVYVLU3X
SS9E23QT
DTVTGIV0
06RRJR5D
HRE46OJ3
2FT3DP22
0806F7VT
R272I4K0
GECF5ACK
EFKD44HY
J6E2OZMK
KKS2ZAOS
FZ7H5EKZ
GFVX7PCR
8GUA1J70
8E66QFWW
7HJSQ2JG
K5HE07XI
1CHTH3FA
40OJ0L6J
ORMYF8ZN
KHC9FZ4K
SR3ZYRPE
FVDD2HDQ
T3AOZSGW
F4LWXZYL
I32Z9DQX
QXYZGRRO
ZCE40C15
BVQ91BE0
TOLC4H8W
51OLZESZ
UJXSCUZ6
ET8ZYPJQ
NTQFXZK1
HWI5Q0QW
I71DU9MM
K6N42HD4
EEWYQIM4
SB33C6CZ
ZUA0PUE2
2ZTCTW1P
BI66LQMX
BHEX8YZ2
8U1EX5RY
WRVVK2TM
BJY8M7OV
QHE9PUBX
3MOV0D2G
LTZDABGR
CZFJB3IK
N9YQ4QGH
DTGRGZ6X
4S4F3LWJ
5X33MIYB
7OS2GOFJ
MPX00Y74
J44JKSJB
EM3RWS60
12CQTFRC
0R9FA84K
8C3VKZ6B
1FD17UN3
AM129IXA
HBZTPLY0
9YJM486Y
FEELING
0ISNHVZI
PRAS2HC3
K2O1ZV8J
116M5OL6
FUF4DV60
8DO2MJDJ
C49MJ5LB
G9URCFSA
DG7ZXZI4
H343GEK5
7BSAMUF0
8VUKVUU3
7J1D0SQB
WN8J4G61
U5RUS6AV
WL2HAB9N
EMWOZI24
TDPFHZ1G
V36T1367
CJLC7QY1
14LO1SL5
61BQ85G4
O5OQYMB8
HVD7NTVO
2EABEXN4
OYB1O6S9
5DIY498B
THIQL9G4
HFZJDEPC
73NWITUK
CA2DQXXB
QA1LRRA3
QPSL1YFA
RY710FPS
LLPDDYNA
KH6G725B
HQ8096P7
9JJZWZY4
NQFHBE2K
WZS77KT3
JFP0NAF0
7T7BOTR7
UMQYOQCO
GVE4F6ZO
OPNHXY6T
1K4ZZFGH
Z2SE9PJ3
HDIN5LO0
ZEH173AB
RF0J5ZU7
EZ3SBHNP
R8TEL9JP
EQJW0PTJ
069GI477
Y45EJ3PP
BQ7I77SQ
MTWPK7JS
VE0E28T4
35ZLLK3R
ZF8CBR47
99ZMQVIF
1NFIQ007
SMDIM264
AWLH1R7K
WNDARO7B
HDTGDJGI
PQSZRFNL
WIDGLSCF
EFB9IG6V
6FDQNP17
TQ5WPPOL
G2JZ1S45
N8BOULQ6
HTFXFZE7
0RNHTBRP
V96ML81A
QX9GYKQ5
SFLJKCKQ
Q4ZSG0OS
6MJLOYW7
EZPACZLC
76BYDB7N
PLR1T8EH
JAKLD972
Q8LQENFV
PK64FHKV
6V7WP7QY
9PQFBPL2
D8V9RYU3
A4Z1WXUH
5A27YL1F
LHSBF6BP
0TZRWO4W
VK50VK70
7FBKXYCM
OETNCFCL
Q3Z5EK5L
8ACCG1Y7
QM88VT7Y
USN6YU37
UGMSRWDY
ACYNSJUJ
FB97CYJE
LW40YOKI
KZRIMVT2
Y83H4QNU
9012BYVS
OSRPOMI7
T3CVJLB4
WPZGTW84
A5RSACGY
402JGM1R
PB4I29DJ
RNIIZTL4
CWBSZW66
0SU19QOG
KYD3ZZR9
AOJPPU0R
ME59N7S8
XHSN781Q
0OOGER8V
5KRXY573
O41J15H9
9XWRT3WB
OKG2W0F4
L21UQW9T
EUWOU49V
IXY33RLT
X7ZZ3TGN
REP68HIN
IP7K5U4S
LAOXR4F1
01GK5Q3M
KEFOND8Z
BKA3BWUT
4RBNEEKJ
GCT5NW7O
MME79E89
CCW0KXEE
T6TNEGTU
SVRZHJKA
8CWNRHNQ
T3JKO91Z
YNBVPSP6
FX5XMWRT
WY89UUQ9
UW6LQYM2
8Z7EJATW
Y4X1KR1C
F6IFVXI0
YO1EBFPO
LF56YBR9
1K4PW72S
TXCGC01S
U4O7YMC9
UC5FHU68
6PRNFUCZ
P0AAQNFB
WR2RQCJD
H7VV91PG
SRI0C1KY
BVOVWK39
PW3O3U1Y
YVA6V3FX
137K454U
KK4HA9EV
8807C1P5
P6MFOPWP
RFLP0X1V
F1WF5LMS
MBDRHOMW
F4E57PHZ
58TG0PU1
76T98405
IF704YP4
WBA9M6HY
V36745I4
Z4LCMJTA
DNZP5BHB
LP2JOSZ5
PJ2B7SOX
84GOFHPB
LJPGZNPI
F75ILVFT
RX0J8V6E
4OEF7XAV
K7GTX8A4
F0G8JLRF
DN6CYKYT
AXZSMW07
XRJ1XFLC
5SL1VGRS
EGPVPDWF
BYYES4T5
2DATDY0A
H84QSLDM
7AA9N8CB
EQPO1XNS
SCREAMING
HEU9DY1T
NUZGF5VV
V9E2N535
GT28NP1W
KNWY8DWE
SGHRZJ98
S41SQWYC
S7BH711P
T8N2OATH
7XZRZH5Y
VXC0YDDH
J9AH4JKB
97B8SDI1
VU33T3GM
9EAK0W3D
8YKB4E91
64YEO375
8NLVPA53
61RWN5M4
EDZMMOE2
E4CE9C7L
ZF1QKPSP
544YPG9P
BSZ7SH6N
Z8J8ENIZ
IFV3HJZK
L7CPCNIP
8NSQ0501
SVMCVNTS
I825KT4O
MW28KL8I
ZYR4OJHO
SG02EDS1
MJFLWZPZ
GKIVWWJR
4J0I68R6
LIWJ8RL7
NV9SAVAN
0AOY8OM2
XGGE1F1F
1WET9O7Q
54QX9DCX
LS8ZCQLZ
LWCQ7XX9
3BYF0R1F
S55GOQS2
J8F3DYO0
CCB9Q62S
YA3VYHOS
AHJBJOQT
KT8HZYP7
VM6Z83B6
32GP12D5
12YRKGH3
BV3HIJ0G
JEO6B433
7LDJOQ65
L7W0WND4
9S0BZAVW
T4XGH7F2
DOWQ2WAB
U51GE11Y
04FWT7ZJ
NHQRD89I
K9YQRA71
MT36BEP2
12ZFZYWZ
AOTKHE3X
GGF3H15O
YVD29AA4
QXTMIGS2
RCYVL7WM
W44O5ILM
YWX8BX4B
E9PK9VPH
CBGOSQ2T
SPACE
3O747EQ5
DDEHHNG2
UTSNPHJ1
FDM7E71Y
V5WOF2UR
0OCYK51Z
SKL85Y88
DRZLANUM
G1X1XVAB
2JG5T6Y6
DSKL4Z5X
FEBSTLEM
UNKR0ATM
J2NAAD58
U4MTGI7F
1V7T585X
R1UKXEJZ
4TF5DOX2
DBHU0NGT
JIB2KX26
8GCTQUHS
XZTW0FUE
V3QOZLHW
XQ88MTP8
4CUT4SWG
3WZSGIVV
GLYWNDF7
JGU1A0JF
KK26UPZU
VZG947ZK
G59F1L1R
C2XGAC8B
GG8SX04T
VL0YXOLL
N60S8SDP
SETQQBNK
K6DX23JE
ZTDTUN2F
9XWJZN5N
Q548ROOC
BGHGHKV4
T4TLYQQY
1F7YGH9R
3BUDSAFX
36GL5TH1
M226HK1L
B9O1KO2E
M6MQ3XP1
RH48HRAO
6EAAEJHS
GWNGL2YT
N6M944P7
CST83J3Z
4K95VRFE
MIXP830M
LH1WINWY
CAA92S87
5248H09Z
WNDM434O
CJMNXOIH
YFHWUW4K
RVYGUVU4
T3M6AIUO
KPBSLZUJ
Q78BO1UE
LX1CVKZQ
86Y2LFC2
AV8QQ515
YIKOXUOD
LL8BRCIN
GBNNYV9S
ZO4IGSMP
2LWET6EN
MVLN8X1G
4KX3K05O
GQP88NX7
6TIELVEA
NV3OGG28
LLVK8AO9
FFLOKRAZ
ZJ3JXGMI
KHQF0BN5
MLFHQT5V
X4HZHG23
LITHAA16
4QKRJV6I
1P23F3FB
38XBGEUB
V8674KYD
WUH4DMA8
GJ66TOOH
F26XU46O
HTFRLBQQ
IRIQ7J8J
G61IZOUO
CJTF9CLE
CZDZHHV8
AYD6WQF9
SF9I9M7C
SC1PG3UR
068WRNB8
NE8FYCR2
DDT3HPE4
WRC8S821
EWULFHBU
U78KVD1L
M5JSN4U5
2NE1ZNTU
KO6761PM
E5MGZEG9
7ZZCK4NQ
M43G5SXC
WUM9GIA9
4MYKHMHD
JVTT8245
YKRACHR3
2GEEYW2Q
LEAVUMMP
AJBO1005
WJG65GCR
50QW5K7R
HYZ6QVBD
T0AEJDX1
WGQ1MQYD
E0GTLWDB
WTO378YC
A9LABYX9
R6M1CTOU
OZOVIO63
0EJRLZIT
2JNS5IGO
3TEWYJZR
CBKWRYTN
8NPXIOKS
JYBO2NYQ
DXJPKTIW
3KX1JY6R
AQ3XZQNQ
OMJ55MTN
JNM9SABL
LTUP7ZJ6
Z9C22NZW
SSPSCD6L
7NV4P7UV
TBX759KX
GH8LRVH0
WYHDFZW4
VAYM19HH
NHJSSMVO
4I1CW8HL
SPF6LPRQ
6SW9CXZ7
FPTH3E3Z
PYKI1RED
BKRVA68M
QYSPMH65
T7FDF3NH
K39V7BYT
PRCND9U8
BA9JNATL
7BHWG8WU
1MANS297
DW0OBD4U
DV6JL106
40VDOLYL
CRZE3AV2
YLRJEV1X
3T71EF4O
4SLDKJPK
GW90TEJH
RBDQIO8E
ZMD4RX7Z
FLY
9KHKJ3R9
E9M1XPHE
YFIXJD2M
57Y0XOLX
NHCREGWC
6QBZJHOV
3AP0I06N
ML9D82P0
U8VYGJV4
D8ORZJFR
CUMHZBXZ
GEU9WALJ
LGOONTZ0
NQFYR1CM
OF33X5EA
AJE27S2W
ZZKZ8ZTN
QCI97VWF
QGBRCFKL
G1K5GZ0Q
9QFAT33S
7CR4ALNL
P4E823VN
E46C8ONO
IRH7YT73
G7C6CCYH
ARCJR2MD
HTTYC4XM
6JUJ9BS8
XU9EVHB6
KBJJVX6J
XNNKM48A
DXHVF7DF
YU4LS9Z3
1WWT9BW5
OEURQQ5L
1EFBLZUV
19FMB7QF
O1FS7IUQ
RANRPEYO
7O5RAH2N
QN9XLK15
LIIBCK3L
WG4QA65J
VIPPUZR9
QUKCCSXJ
3VE2YF97
3UOIFNXM
WPLJ0CWH
G6OWQ9XW
6KCQ9POV
DY5ORRTV
XV2ZHDBD
DN2KZP99
BOLK73ML
MLC6WE4K
16NUJ8RR
71CGGA38
3YJVFV5D
T8BE7QYF
UXHM2OUC
KGN1ZF8Z
W9M85J0Q
6S59NVFZ
M5O5SBFZ
DCRUAFQK
FHWJA60Y
KQFGMMNG
328E7XCU
7QDP6L0S
SMZU46MS
ZF84CYTM
ES5VHWLM
40U0BBX8
DCBT5XHO
6DQ1SMDJ
BI13VXV0
1JFJ43OX
0ZOYTJD9
87G9DZ38
8E6EUQAB
6QHHKKSM
GO9H5FFE
86OQNLNU
3W05LN1G
L42L206M
FWXXNG2F
9LLEJN5P
40ZZP4QX
HRRSGIIW
QVY8XINV
HHL21L5N
7WS6TAOE
JGBFOUWW
RG1IDGTH
CKD3HDW4
YPWXQN7O
THORNS
WVRJ1QFT
WCQXT49U
8AWKWG7P
QFYXMJBA
ANR2TFYX
PKGODJBX
B5T4XCA3
0SNVGJST
VOX103H1
VV30CY34
NI8UOGAZ
XOLV5T4D
WI6PKNS6
2BWHXQ5F
ADCR8B5N
CDESH5KN
SK2RBDPN
0Y6PJJMP
DG0QSXEA
15YBBM6V
SIN
W8L1OQHK
LJVG4PSD
EQN0AHD6
TDXHVXY9
RSWXA9Z7
9T544SG7
AU4F7IEP
FSAWP5E0
X94JTGYO
60RLT4TC
7ANRWU9T
JRCPMU6U
PSXEF6D8
IBTYDXR0
GPTXRS52
NY9HWXYG
P8RIW5WU
8EPTAR58
BOAFVXZO
6H7Q2XMU
HYIF7OD8
OVX722RA
GN57VA7H
JG79M5EO
W3HJC5I7
CKR6HRIW
T2L5G2TJ
8YHGQC9G
1XR8U8TI
DDIX7E81
BJT7GYDC
TAYTAY
WTPB9V0N
T8422RBY
CPBHBTEC
KKFWZ587
ATTQXGO3
UIYBHL29
4R1DQKHS
TK26HQUX
Y8E2FQNZ
09JJJTDH
2HR8MEIM
Z5O555UX
01KEVJ4W
TO
A1I9BSCU
T20HIR91
J6TSFBXT
MNQ086F1
RTN2FEMX
0DEZTG88
SZKBB2CW
NNHURBT7
YP503F3I
SAR87I9I
2NKHFSAE
IKD3P1EN
E38E2V4C
KDFO0GOF
XT8LZHZC
A2PSUO6J
2UWZ3NOY
ZSBLVKAW
1LELF5CC
CGO1VJ1Y
FBTRD3V0
KX69BXKZ
F6R0GIU5
F0OK76BA
633UGA4H
6K9RWXSS
SU0WUOTQ
KSWY4OCS
G6GQQ3HJ
JHR48Z3L
QVVKFCCO
EMO0YD0U
K726GL1B
935IBH88
6QKN2FOJ
G8PSJDOG
27XFYLXN
6BV84U9O
4YFBSSXC
J63Q3QC9
FINS4E7C
IPB0TZ5I
TEU0RQYE
UPBMN2DX
U5WJ9Q6R
N3PAMXBS
AP64PZHS
1K1D6GEP
2TIH6Y5C
X8JZ0WZZ
0AYV0VQ6
G85LZRE9
5XPJH7PD
8S6IEY72
8VIP5960
NYIGC9D6
ZZ35YIUM
KBJEPYN8
5QTI8YI1
UUOE1D7J
9REXJE2A
24O4DXSO
RCOC5KUG
R46ANLO0
VTSO3QVL
LTW9L2L2
4RWTIPO2
JF56XU5W
WSF6U7BJ
N82JNS42
CRFN3MMO
UN59STSJ
NZXMV0HA
PUC0RP30
3PX5K0RV
DUVG2OOS
WEZVO3RL
NEXK3F1Y
31A2F3F6
OY1J56VK
BMJAW80J
SXFS65ZY
48INEFHJ
QZ57GWYZ
MSFITFXK
ABVH2FKP
XCZS62AA
HCDEVIJL
XEPWRM8T
8JSXYFE8
9YTUORR2
S5OEGUX5
1QFLZC2P
X0Y9395P
ZL98DQ9J
SHBFNI74
4H1ORB5D
HIMU537Z
C3760E0Z
N5BCC3DK
ITLQ546Z
JVZIE02Q
UKMVZTNF
U32CSJP0
JI9BXA0P
X7OPGSGH
YEK7GYXR
HORHERBH
24WCCI5U
4T1YZT5X
SCFP0VA8
U7M71E6Q
L6VMJ586
PRC1RLZL
7ATFY95C
NNW6P3E7
V99EGT3C
HM0P30MB
MRPV77EG
QVRGXN4W
J7JL20QJ
7Q4K1SUI
VGCODXY1
XH0MSZEB
Y8BQWHS6
JSHML9RT
AXBOBS80
WZ7PJ19X
5HTHHGJ2
F5918U65
6PDYVT9A
WSFKC7Q1
L4D3O0CT
TJJ9HDOE
ZX5LCUV8
HNGEZXS9
0CO20FX7
FH170MCO
PINKKRCQ
TC0UJIUV
HAYFLEQG
BR01541R
X5CBHCIN
15YJO9RP
2NB00R0I
EFKAFMRV
38U126KR
PJG2YW4T
CIT354XL
RPER12BA
IT4XLWWW
D4EGM5T4
R9N2H367
KO8GU2CF
6K36FZHR
GFD61F6F
G3IQ9B1J
9O0U8TZ5
4GKYPFSM
CBNW8LRT
UISHAXVV
GA0QJBBA
RPJGOY2H
VM4QC5F1
8J6ZA9EP
Z02UJFCS
L8EPRA76
ZBZX5DJP
0J4K8GQQ
I0PG9RR4
CQ87VGU5
SVZZ8C4L
NLTJD1MD
OLQEGFWA
35G81GEM
I5PACWF0
5YC1JYCK
XYOE3S6D
9WYHCC00
LWBSHL7X
98H4T0FH
CPGXHXJI
15RHJYVE
JVTZ3EUV
8D4DBOZ8
BMHSHDEV
BXCQQU28
FHH05V8W
YTJQDRQU
82MXI07C
UL29PQD3
QB78JQKA
DO6U2SJE
J5YWARYH
7V2MI1XC
NHMFMGMN
YUTF2V8H
S95F5X7B
11O0E2E8
3BJSVMJ7
XJZNPES2
1E9EA73G
8PL6AN63
3WXYGSFU
FG0F1P5C
8IRXZHWN
5ZEP96HO
2TB8JT6X
1018L81P
ABOUT
CJUUWDNB
2HJ9UCID
981T3NIP
ENP7PLVN
JVCJ1X64
NK6KPRTB
2LDWY4U0
PSYIJH7V
VDMA4BFQ
EHP5JGL3
EGM55R3F
GZ1M42E0
GY0H8D0C
4I9NC21W
14O0KEFF
YDDXYPFY
BJRSF6V0
WS2WJKP0
K3Z2VD60
YK24057M
JJUU2OR0
F5DTU5ZB
8REQPS65
7YMMMMOG
DCI3MT5O
KSMSC15Q
K0APJ8PU
B1XP8AGE
VKU4EYLO
BT7NXIPR
OZFJ4ZDV
DHW8HUSX
OBLRA20A
E14TMFDX
5MUFRWST
HOLJRMEC
MDKOSI2F
O8K5Z73C
KGJJ17L3
7AN5SML0
58VSKG9W
CZCRCRI1
AKIJFIB9
22QA5CUP
YPUJPO2X
MCV3M5RK
AMP4UX2Y
KZLUVG4P
WGQ8WL35
SGIR0A79
04JTF13L
DFBO4WPR
Z4BPRZJP
P56PVL97
7N7DWVSH
GRUD6OZL
03DOK0UC
U3Z81FBI
YV9YQPGR
IT365RNI
37FASXJ5
Q5DXR8BN
WE4VNA4S
A41621XD
TW1Y0LE2
1CZPA10N
UIL6NKLG
Y85OIICZ
V97ORXFC
P2J7VKKN
FFDETJ6C
CBRCCVNU
1DH8U2QL
9CRF833D
CYSPNDSQ
ZZ9YXLRN
KN6J2KT0
K3Q00AYE
MDD3A2ZR
NDZDUCTN
FF505T13
SHHPNXBD
HHUKMI21
NQ3YODSU
FU52826F
TGLU68P7
V8CIFS9Y
MWHWWN8B
VSSDFQSC
ILGLMWHF
CLD8R6TB
PH4Z254Y
B5G1W3LQ
8G0QYOQR
80C42YYO
ZIH80TDG
1EZE7B8L
676VCPTA
OE2RUAV2
YCJJOBZP
7ZWPRX8K
GEW5Z6H1
Q98SB8E2
MCDOSLAL
E88165RP
V62RKOJQ
Y8Y3HQXY
XLC15BIT
K9EQCS0U
6MAI7HM5
XJFT3P9L
37C4SDKB
GAKA82QY
NUSKAKQS
T56Y552N
OP0ONZ2N
P0KUDC5I
HNRCT2ZR
U2H3H2GN
S190XBUX
VCR7WBDV
IY7AERJB
P7DSMYH7
3DXLETE4
PZYPER70
1PQAKXNZ
LZ031KUD
WAZT976Q
O1TE9ZJT
NIQVW3C5
78KJR387
MSIBB21T
6ABEEDPG
LYD71JP8
N2SK0DB2
JDWMMHW3
OI29HLVY
GDGQ3U0A
WK9F5H2Q
OLTM87PZ
6P0CFC3E
X1L8TPSH
6YM5WFRO
XRQZ7A0M
9FEBYEQ5
4QT5XERT
03PB3RLE
FMZ1H0EH
0T9HY39E
Q6OIAWIU
44QMT1BR
YECL7W4S
K5920IYL
9B4VUCKX
BBZMJE65
RMGENTA4
QJW6EDGS
XS41Z6VK
L4L0KFJC
4M8503WW
CG2KGUBW
06XLUJZD
CAS0NFPW
CQ5525VQ
EMPCS40D
TGMSA4CY
HWMNXOSE
LHT1JSZM
ULW9ESK3
ILEHISF6
MF2CEX5D
K369C6HF
E5ZW8SIM
LCHMKTDS
C63LIDG7
CT65U8L9
ZGU2FA9X
X0JLS8WN
27QCCVP1
JAGP4YC9
ZWLMFRUD
EYE6NEHU
VWPZ5DLI
TK7TEII0
617V6LW3
73V5IYWL
UH2IP6KA
L2Z6K77F
GG8RUYP8
YE55VNWI
KU5S2RLR
6HOGX705
0F0WWQ76
7B2MEH3S
90F4YQ91
6CPRGDRF
1F42YFQE
ESY424QJ
9AD96SVZ
0ZP4F6UU
W0MT87KU
66XKBBCV
K51B3AAZ
AMCXGB1L
YUEJ7U65
N0WTQVC7
M569YNKN
HDRZ15KI
74OWT7SO
GSL8E0ZG
PSERC1JJ
O3I0W79I
LD82VPWA
OWE6JATN
POCM91HH
VAJCSQYA
8OTPGG0V
3E2G9ZQU
FO6YNV6V
E49B8KH1
4B36X0C9
ZKY2L55Q
071Z0XRC
QQPFKP45
BK23IACN
71FDS8VK
EVXB5ZZN
O89FGCKN
0NHMOHBB
ED1IJOAO
TW5KW2PA
KBV2F457
FTYSN6HJ
7E80D4PO
584ZWHSO
27R4NKGB
6RZFJR8J
AZZER7N2
1099DQXJ
68DEP1XX
PN7LOEWL
JZRGXOGM
LO4LVF5E
US95ATZC
LN7XRJ0E
QU0YE8C6
BE82ZIRQ
BIRJHZNA
PJE77OIE
NPN7OCAH
PRETTY
YLOO17VX
SF7FI2PS
H4H6GN0D
EAD5J5ZX
3KRFVE48
E4FH8HAZ
AR5VNN7U
RBK8Q1A9
UND650XC
DLLE2XSV
8WFQI55M
EHRMRG2N
CMJHAK1L
Y49OU258
CEQGOPB3
AB53TQNN
MY0AAHA9
P5DMYVSJ
IEVVI0LY
P1GCCBK7
SAX50DCS
PHC75L8C
GQ98PTEC
J1OZCLSU
3V0UVN2W
E67LF6CX
AUG8SNDD
O23J8ZQO
FPRLIMBY
6ZYHV4LC
KDBLXS04
HTKXIA4D
EC3YEUI5
Y6JS4QNA
OUEUN7SC
XQ8BUJQH
DAOHNP2H
LY0KJCB1
CO62M1EI
IOCRCE52
AIWDQEVN
5B2NO6C5
IYS2IYKX
GHNDF9NU
BBDP5U9U
5GFKOYBZ
63J1SL54
LX8DCFQM
UX26D4PF
PLT9RB53
0OJV14A4
3KEHWSEK
46A8BO5R
3OSCCKVQ
Y0XQRTNH
N4EE2986
TX2B82QE
TAXXQ64K
0QMH5I3E
3R86DO1P
ATDYZSVT
6OAGZRQT
UIZQB3UP
UYTTMAQT
HFW5K1E0
N0FABYB0
IJHHSA5Q
499WNSAQ
ENHRAS4L
LA1FD2K2
EOVJH74R
0PE6X3YO
WYU4U838
QJ14IPEL
YCIG0O07
WEPD1WE7
NNRQPIR6
6WB1UUD5
5B4OTM1W
6IJ7GTM1
WORTH
5XKD9CSV
4Q4GTI58
FLAMES
YXOX110S
VRSBLWEO
K4J7I2QJ
SVQDFX8P
XG6RCM4Y
Y3WX7WBG
HZJD76BU
UKSE57V9
HM0ZHIQS
T9FYVTHC
GCVMNIPZ
U22SPPGY
ETS2G0L3
E77I51UJ
8R9G66UR
VJN124PU
O6U913B8
F5QO94LT
EEEKOXTQ
NOAXOC97
2PK6QYGY
LOEIHH8G
H8JWWU3X
MDT220H1
SM3AWTEI
PQ9GGZLM
N81YG2E1
UPEXAWNA
RJH1IQMW
LNF25M5N
125QKTAA
5SYFNAPT
28NW5XMG
TGTJDJ21
T8G37UXP
WW55OAGC
9HDQ13OX
3PCY6PCK
7ZI9DD84
GDPSCABV
HQIQT4BN
4I4MS0QI
JRD47PJS
E4N90N4H
G267DPCT
GSKNZFOK
6SA1KHXI
4A2W9RWR
SI0S0C0A
P8TMSJJ1
50PUYR2Z
FQCEE96M
ZIUJCJZO
BLVUVPVF
LV875X2K
S23H0BAT
WKQ6SL7Y
HXMPWV0Q
B5X5P9NG
07VUECSL
9CMVS248
VKE1S8YC
0CIM976S
3F6Y5W6U
H5WHCWHL
3PBRXOVG
YF3F8ETD
APOI1SQM
C8I6T2Y6
LELCZXUU
I7I298DZ
OXY51Y35
R54UTH8S
Z2C2L363
JMOH2EUI
14TEZOFN
W2LF5Y4W
H5YYAJ55
0X58P8VG
L1B62D9G
FLHC4LQ6
003YWUVB
C0FK5VS7
TBJ65BKH
EAL16FWB
ZUOZHHYP
A0WH6GDR
QFEKG7TQ
64U30Q9Q
4HA842HA
5BD3CC93
TNUB50EA
UIWLUEE1
DLX3JLNS
Y0DHHW76
MZSJCB5O
11T6IYGN
EDOMNPVR
XLDPPN8J
GBR6CQH2
VDBEOUHP
JKSQOWIH
038FW3PK
8CGQBCKQ
K6MXJEV3
LVML2HJS
K8AELHXE
9DN330L4
HGEQY0XV
J1SLYRCN
HND1K2Q0
Z84UDWGV
HPKIFJ4D
Q63TVUEN
ZBSCXD7A
LVRWDPES
R8TTIYUR
783E1VAX
2NUJZUKT
WMRVD95V
DHJAQVWS
00POE4XM
BNUTFFQ6
ILMZZJ6O
KCLY09O5
95H19UU2
O665TAUN
15FR5TTA
ZWUR7OLQ
UR2D21GI
Z5H1GCRU
M2NRJMDM
OAYU2CUT
PYHX847Y
MAZVRCQA
B4G1ZC3E
B3O1SS5M
AENWTI4M
UQAJ43XN
FDURH2UE
FNS3CMIC
2EBQOQL3
31YGJ8NY
VPC7QEQR
SCAZHYX9
FAR
1H4OGW7N
Q6IUIZSW
VBHKBRQO
1HHNR3AK
P4NBZCDD
B5CRVCDL
042V0QWL
86GMW5HT
YGHCVZF9
R7XAHISS
4W7TZA0G
315RCE2F
S926V298
GWTJRMJC
ZOLJGNEO
V9RXEXEV
RNZZBHDT
AQOMKIRR
F90I5G1G
3J2Z8QPW
9YP1KCXW
IK15U5ZC
GB34CEBU
N0X0OCYD
80Q08SZ9
J1CK8ZQE
3PSAY40G
Z6QEF07B
UA1OW4CL
6Y27KKY1
CBS68JRC
PY4XSB84
CBVLJDSE
XKA57Y8E
WP0ZQ7QT
FKT1CF0C
0P5IW2PC
BDAMP1Z6
3SD51PXE
OLBS84GT
B8C292M1
2G7QAJ0Y
62GQ7DEJ
OD0JP7BQ
WUXRC2QG
QW3ADX4U
5Q79R8IZ
HWIY1QO8
WTLTEKX9
5P4EWE1D
TKUANXOM
E11OHU7V
CQ1YH6C0
OZZ3CXL5
5XTEQY6L
UKYGLJGQ
RPODSO8L
SAL7Z5YL
9A2DDHMU
9R3XJTU5
W2BI886J
NH4FMQV9
RWQH2DIG
T5ACBS5U
YNFMGIWD
HE68FM34
EQZ7DPUP
2KSUIEJS
SLJS4WI3
T3GVYESQ
802TE3XQ
FPP2SNCF
R85AEQUC
DW05VZPQ
KLSGQDCV
BZPNE9UP
FMG72BFH
Q8LADGTQ
29LTWUYW
WZD8AU7K
BN7Y6SMY
UYLFQTBI
CDAE0AET
7AUZN1FB
7H5B37GV
TQE1VFRI
ZYFQMJ4E
DAORJ1D8
CMHJOCK1
G7L7907B
VHV52XW3
7DEYG2QA
JETIKCWO
1CFP9HJS
1CGP8VTL
FLTVT0DK
5AEHEE3M
WA9W9FPR
UP71EXX7
THCVJMMZ
REOPAV12
DUO31DN3
F3KMYIYH
7ZM8KF4U
GKRL4BNW
ZFXMK5D2
HDE3E811
TFDSW3G0
3OM9S11A
FX92JJ69
XYSQCCXH
6DR97TG3
AF7Z1KP1
1AQ5GQP8
NRVCPOX6
0SLMABIF
Y1OUMII7
YS22D1BC
JJR7LF2O
DAWFHILE
R16GBAQG
ILWKA9KX
5837RFG9
X2T23FI4
JSTJCF17
DGBDHYBM
Z3OMQG6X
0IE55R6R
LMFDPOE4
5MLNKZGH
DVP925L5
MG159QQT
Y0Y6E0QY
MF2DW1SN
AG9J3ZV4
QTTY4IXR
29X9XTPF
3FL6TA0V
HJP126WP
YZ2L9D3B
C5YK2F8G
DLO7PVQM
YZDRR5BM
RG4EM6M0
NHR6DC53
74T5ER1K
KMVN5MDZ
RTKOB48X
W9IMVJCB
LIPVRUQT
ESUGJ5Y1
58W6HXEG
11VNU2Q4
GY7U44R8
HQD3MJU7
Q6AKGL2L
7NNL343O
0RYHWBHD
GV7CNVY3
4YCLZVWV
NZ1URIQ2
EXIMIDIO
TA83XDWH
FHC5BR5E
Q7RWUESK
VAUVL7V0
U1LDO98S
KL8X5UVH
7A6P2ICV
LD96KGJZ
5URF4PTZ
950JK5XT
4H8MJD4V
4808MLTE
EQEZQIBY
BYYRVG1W
4DVYEPGL
C4Y837S6
TA07BEVC
OSORRMY5
MXSRMXTP
DEOI4PBG
YVG5ZMLP
ZA30AWW7
BCZJPWYJ
FWV7WN14
J2FNGKOY
0CH3TZGQ
HC1X0C98
U5FWC1EC
HSCYK106
U3ZDLD3Y
9L4QV9TG
WL3VJTF6
S8GC5VPY
DH3NQBP6
U36EPC3Y
0H36V3YA
0EXVFWDY
P1124YRV
G2QXMUGG
WZRNFH4N
0ACDYTEU
0G3Y8UYJ
29ML5AVH
R889HJ76
8YYOT2HV
ZIEEB2BG
4LX8HOSF
ABXB1IFG
YFPICKGX
MCWF8ETL
BY9GB5B9
6OFPWSXD
3R019YM8
3RA8HI5U
HKGF6CEL
PG4CN0QS
2RZWTIVP
7U08IWI2
LN5OQ5ZY
QJPX47HU
WGE2L7MX
U1BR4HMI
8ALIGOWJ
F60S6TU8
Q1H3B6AY
KT8G8UO3
Z1IU17I3
DCSZ3587
OPOPK49Q
EOS3Z3MN
UTUR5FE8
MEM21XKJ
2USJ5Q50
IGO4656C
F4ARBBCT
5XIBRK9I
O160GW31
XG2MHYAE
V0X0KX8G
DMMRT8DN
BRXICLDV
L9NABLQ8
LJXCHMA6
GEJP0KO6
GIAMVJR4
HC2Q27G6
OHN4MU6I
BELDDZ8S
QVQKNIBQ
TAKE
D6L579VJ
V9JJ2B0R
R2UY1EQ4
442B16ZB
ODJYBIK0
ZYLOFZPD
E64Y4BCV
E5IKIQFR
856RVJKU
5208CBJD
UI1AUBI6
LGCKDW1H
LG655N53
SYNMYQ12
M1AANPCJ
TD573M4V
EOWB1OO9
DILV58QG
Q89ROPEP
M6W9IYH5
V863J0G6
LAVUZNJN
3UQCDNA7
PE5YSKOJ
626BKCGJ
R9AF1REF
FGREV1G3
974N3GI8
811LVFW5
G2VFGZJ8
UW0JVQZG
WEEKEND
5ZH3ZLYO
2HYS21RZ
CCRYPV2U
1BCHABZZ
DZ7X1GLU
7PW8879G
1G7BYGYP
TFL8TYNV
4QPFUM08
S7OR9R8Y
4A700VB8
UQROAGHN
C1K9FZH4
1F82WOAR
5IOTGDWR
XFOIEY2D
MQDCYUK8
DPUOXAK0
EVJC7Y7Q
NXI3XJMY
HF3O2WDZ
ITEQ6D73
O2RF9EIK
HZDZMM1I
MFRCH3V2
GVSBFH76
JQ5DGTU9
OG1RN6N7
XK735XGA
OLER3LJL
4EOCVPEB
1SF4Q7BB
EUY60CCC
SGH6PDU3
Q5XW3REM
2OBTWSRY
KVDVGMYO
28W6U166
09J58BLU
UBI24HPB
FDLI3509
TJGLIH82
WDK9UT5G
8WPM5PA3
RC31XKFV
93ZQZSVO
OXDWGY15
7JCQUM78
7B4560DB
2XBJJTC0
78FV9J5D
YC08QYNQ
A5JA84CO
58WT1RDR
TJKVHOK0
7E3EYTNV
1L2BOTAW
11N0LXSB
DAJFIZTS
P18BY0NG
2VADG7TD
QTFTI9EM
NPUOM3FC
TMJDMFA5
B43MC1H6
7QQWGA3Q
7I5FXLMV
PMXRCLSI
VGAMBMYO
61W4WLDU
WXT6K4BJ
9JMUKVX7
Y04JTLNQ
3CZMHLJ5
NMY6GUFL
M3SBUCYX
3F0TAMNZ
T6R42CZY
00SYFE2P
60KIBMVB
3YIFRY1V
ISW8DTK5
E0UOLSAX
W370U3Q0
V20NM3N9
R9VKGG66
U6U6DCQJ
VFEU1X0B
FT3LAH1R
NILHG7QZ
WG7Y8KHO
SIR4J7E7
S77R0EQB
QMD922OG
B0FFWJKB
0XBM09QJ
2Y5LQ1B1
PXSUJ918
SSZF1JPN
65H7CNO6
QMCK91J7
OTZDFXYE
DY8CPDX0
I92LXOT9
TUHYJ02L
D5A1XDUU
E4AR0K5Q
6XI3KO6R
O62B9PMY
9UAICQ0M
FDSH8ZUN
ZO825ECU
AN4LAYMX
SIO8FODD
IUY5SMM9
0WYWJWD4
DQVODZGF
QPEA29IP
D32FPEL2
QEC3XI2T
OZ37H3LS
401ZOY5M
FKX8D7JN
WLYESB1E
OT3AL2ZB
7DUKKKZS
980OFU8S
35O23C3M
LBD5L0L6
THEN8HIF
GCJGUOSY
YFI45JFE
N1HP70DB
VJ5TSARO
UEG5VQEI
BJLIKVLQ
M63ZJXTO
A2A9Y5D0
QZP6837O
V3B0H5FI
DGVN5FF7
MGM5T7WF
1E3WBTHY
1J6PV8SF
PIRP04KV
CCYPZRWT
F7MQYCAH
6TR0L7X4
SNQMMQFR
WD8DN2YM
3MM2ZJU3
GPK25J2K
M0TZK5ME
0XSPFREE
UD35H2OY
HW306SYV
WC046VKF
1RMMC57E
K0YNY6HI
GHDYAMHS
E0WBGR7M
CCC6GWAK
6A8GCFHY
D68V330S
GYMMNV3O
9GO8ZW91
DNHHDJEC
V8CQBADT
C7E5VUDS
RWGSHE62
AGFXTDW0
7WN60O2H
Z4ENYMKB
J9SP7VS7
S2JE0AMK
PNIVM2RG
NWAONQDA
L3LUFG43
59LK2AUB
9AXXT2EA
A7H241OS
ANZB6U7R
MPNB52TT
88H7WB1Y
O32AMWHZ
ZO6HEZBZ
GI85HXLI
FVRE11C9
0PDMYW5T
VSDDPL71
6M8GFI8D
7LNGSXDR
TZMFLDEF
QDZ72QXI
C9MAIZ7C
3TO48B9L
U2E0G4T6
87U484JE
1JZIV35B
IMR2SER0
ER5H1MP9
V6HLF8E0
ZMT1ZXCZ
YZV5BPED
96SBN9PQ
UF14QB03
J95G7AKB
H36RRG16
YRIHSDM0
3KOG3X7X
CCOAQ8AW
ZVFANRCC
9A4787HV
4JYJRT8L
0U9U9DZJ
6K3JUSCG
4SRWFXIV
L4BC85U5
BR75KS8A
BL8UPA2N
E3F4E9ZK
BJTB5YTD
NMU7ZGQG
I9YJY2P8
WQTC1VOK
UK289V1E
5YQ4RWJG
U8F9YUYO
32XIVLAR
OW1A7STN
0E0MMTDN
CB7B067V
KLD61V1R
B1Q1DPSZ
HYXP47KK
8U0RK314
1GFW4LDM
UM163KOO
79M3Z7TD
67U961DC
ADGKW0N0
5GBCG28Z
4HANLYQF
T8DT80YK
GZMZH8G8
9F17KZ04
YGALBGZD
25TRELJV
MYT786PZ
EBIETULG
E7I75UHH
N7FKSGSE
GSQLA8SC
30XW6EFW
JFHZAG4Y
JF4MT9KA
RIFSAU6J
MZ4JX8TZ
DG6Q87BS
GTR8HIXB
PKJIC4PY
T7U7DT3F
QZ0Y0KXM
8SKIC03B
SQJAE29M
LI0TRZDC
UM6H4J1V
G68182RF
TABKTGV3
MG7SLEDB
MTWZ1FSE
QY25OWFX
YD5SAEZL
VQP1QJUI
LYO1EZ0H
6VR6VCVP
CWFIK3XW
SQFCD75X
RDS3O0E5
D4ZMUPBW
FI6H4RYG
B2QE2DBS
4IIEAISW
MPGB2Y5D
0KHJFFHX
NOLYATA4
GURSED4F
YPS3IPCF
Y0TKQWNH
UDP5PXOD
FPRF5J0A
GLFP7XYK
DE8Q721X
2A6Q6T5J
92J7ARCA
ROU1V97N
TAMNJE12
45QGRI78
R3FPUZBY
CGTTOFHL
FLUU9GHP
ROCXTKQO
36EEIW00
ZLZY57XE
KRLTJOSU
PC7LDBFO
IETWJ6SG
Z1PAQ3OX
1FF646G8
XAOYBYE4
C988Q9LG
31H6LYXM
ALQB045W
RDBGAYDP
DD0SMFZA
5LTHPM0R
8490OX56
3Y672GSL
HDTDIHO8
JHAYEV3K
6R162BUO
XKGIP4OW
JOPEX6PO
W6MWUA7I
8Z4V6Z64
6Z6281OU
GT2STMNX
79HIIFCG
O787EMAZ
C8P0I7CW
Q8FKWER6
BG5KZIT5
O98S84Y3
1FWD42L7
D8B84VA6
J8NBNH8Z
916R7UJ6
TD4MHEYT
VN5VY2X6
9WJ9JFA8
SKKQQ5PI
4LBH25PD
U3577OOC
0XBAOOCS
0WAJ5S0W
07WI02KC
5KDLM8ZR
9CPD2K7X
BH7QPV6L
C4N7OXFC
N9Q03ZQR
LO4HLN64
SXM4KK1S
XKI61AF6
8XD8T4JA
J4UDZ1JJ
1828DX6B
YXFN9IZT
S5KP9AD4
TKV7TNX0
DOEVL7RF
XR8D1NR9
PJLLL7KP
E8RDX94I
2WSX4X6C
5Z85QZ3S
1KMLMZSH
UJ2WW65R
4MY7AEVD
DVTQTNAE
WT761Z58
UECPGISS
S6GMHVR8
N3S4T7K4
ZUTPJ07B
CXCX83I0
7DGSEAON
1RQNLCAI
LH5DXHEP
C6AZIIY1
L2W22VRN
EGW2D204
5S47INDE
3ASP2YWU
79C7GGOJ
MT5RFLVB
WSK32XHZ
CR13QZB4
7OV73FQG
A06071Q3
YYKO0PH9
GLXNEILZ
Y8HWTEEG
4P2OO1PI
40L4OZNU
S8XWVYTF
UEY9BKBI
UD5J8U4P
PKGK2QQR
H9LJM7UX
KWBBZRRT
SF258B1V
DQ5S5JDA
8R2W88QP
PH6STJ4I
GVO4WAFL
TBGMLYCH
VYDBTNNO
RMAXVXR6
RTY82MQ7
L0HIYIZX
YAO9C1M4
2XG6556X
L2MET6GY
D8N6ELPH
JOYZM54S
HY99WKEV
VDCR6MOA
0J1DEZCQ
JF52752X
CRD6OPHM
HF38VXA3
53L9G622
JLKKDNCU
XD7TT1BH
N28DQI8G
98Z9MHMF
XTQHOVJZ
KDB6UM1X
4UKCCKJQ
FXAAG6QJ
8109GEV0
NCHO1R5K
NU1F9TKV
2N1MCEH3
LX788HP4
WNZAO1KM
IO927ZME
81M1DAE8
RB3WR16X
KRM5HQRW
7UQSZPHY
ZREIONFE
BGPS7820
2PCDX0VX
SWUXF6D2
1Z059N7E
8VZSUSQM
IFFWS47M
V2WZEZEQ
CIHIQ0KI
5TMBN3TI
FOH524YP
YDLOW11H
MUQOAVX2
2MH6DLI7
FEYIRP5Z
4TN0X25T
M9GY4DDR
3Q3YQ6BH
S7AF2XEY
RSO7VCTW
OWABM1QD
WBL3Q8GE
IN
B52UUO22
C89IRU6W
R6GKNSMC
A7EZ658R
D9ZBAM0I
CK8QRKQF
K4AO723L
1VT5ZP19
1U10JCG6
RVMG3DIS
KL94LJLU
LCO4HRH5
YFRU05LM
OZ9RL0M2
4WAOBSDI
Y1GBMGVZ
DAQGGQXD
2WAD55WD
VLEI3X46
G2WFXBV4
1WE1OBBT
SEUIW7SU
459PWB0H
UX1NJWOT
EEVLMN6J
XJ2A4GHR
NI4FXRMR
E30ZSJGH
VBF8PNNC
3SUY2O1S
5S166J0P
7NTC3V33
NXTTTTJW
THA0Y793
B11GR6PA
P1WZN9IG
P5CN608X
A0GKJ0NA
8GNJ0AMD
AL596J22
OESQGQTG
K4V0B3U5
Z6SHN102
900D9ULQ
46FERGTZ
VFJ22Z20
8DFIHLCR
UEL3G5Y1
HBHBBA3B
LASHYEN9
9NE6C4J9
K1ZM7I8Y
9X4VDSI0
LUH62AF7
RRC0M4HR
CBY90BC3
LGNBC31J
E5BAPYZ2
52W3999T
N057V7HV
5S3B9ZKI
TKNJBMX8
1W5IL7M3
XM0HRHN3
68535KVM
81X50JEQ
VMGO4ZE7
PHJN7PFU
5TXI5PG1
Q6JENAAB
IO0NXO19
HB7HXJE5
OVMHOV3J
164LKDF0
I00CAVUY
Q8S1VL1G
81WBT5VZ
87HI9X5T
ZZLO1YX9
9NVNEJDG
N6YR7U8P
KPIBDZJS
6JXJET6I
7R5AABX5
6CC75XAH
3RUB99ED
6HI1LOUM
TDTSLCC6
3B2HBY13
DV3AF8MU
U4MZNQ2W
DE1NKHDW
CU12GMQS
9BFE99QD
PFUSFDDY
SEEMS
XPIKULXY
UKJCJZ0Z
UTXAJLMV
T84VR885
9XBNRFCS
779767LK
P2Y2AYRG
N7C95PYN
7ODPYD8L
DEYOW99J
7NTJ7OWO
8AGHCI4T
WX0YWH8O
9L98ZWW6
HYVXGR7Q
ZSSKFK28
E58YJQ0R
JGQDB88I
LM27GOSQ
O6KDQ3NQ
RX2JXBV9
LBADECE9
FT2IW6LV
Y7UIW8EW
MRVBBEG9
508Z4J5H
NLBR4PSJ
ILN3H6Q8
UH3YA0W2
HXGXTVK8
Q6QDWNDC
3PS3UTB8
FRQ07UR9
DQWVCN0C
AVPMMUA8
NS3XENCD
QUQF4FHA
ZIHD40C3
KSPPLEMT
9J5IJC5D
9JPS8FA1
Q7ME24SS
EISI9EJD
8MVLDUKZ
E4PP343I
172CWWHN
OZG03BET
B29UE4ZA
UW2T25RR
X3E3737C
D9Z5MBPJ
8M2B36ZZ
2G6Y6ZZ5
C9T5RS2Q
9P303MNA
58COZAR6
YH03VU3G
ELFB325O
4MNT3J5J
W3DZ77SU
109ZXZKD
XUE2BZ8L
ECSLS9ER
037YZT5S
1E040K3G
G4MHWRPA
98B0CJSB
LYV0LDU7
RFHGMAU0
NKFQFT9Y
FAE1A1MC
E4FKQ44O
ZEPPEJW1
5P8PIN43
I02F34KA
I6LT5Q1B
CWXSOWIE
QSUWQB3Y
GB7Z6MNB
99T89RYZ
FMU777Q5
AWC6480W
IDUJZEZ7
GUBWJVAI
N8XPFJ60
79FK5OPC
WSDTDN6H
DHT2F1AP
NYLD2KNF
GYHR5WA9
69L9ISLF
Y3ELG9ZS
DE9J6BTT
P2W45OON
716TAYH7
MIWCWE03
28E885IR
SOTLTA57
LPLA44I2
SCQSW32H
BOI9JYUB
F9O8SI6F
PT2YZHJ8
X4DOPW8F
Z8PLKWLG
RYHCFI37
AO89LATY
DNIUF4B6
I2TC32XV
OWMZ9ASM
8M5FQ5S0
VYWYMV48
OQ0ISE6Z
W8G0J1GF
P4Y05ZZU
8EVHH1M0
7UQA5CTV
GOYIV2YM
EX6BW38G
KGR36VJK
9Q5WRMOC
IFE7LMP9
61GFDZFK
KT28ZHBQ
7X4USAES
HD8HANU6
SPJGHNMC
KB5RWEU8
7Z4TW456
JALJAO25
NTLQ7DTH
UHSC3DUY
YEW7YIAI
SVPB895W
C33RAB2V
NK3B3X9J
1KLN2AS6
3ODJMTH2
RJVPDC3F
2H1XWD56
D1VCV7SF
SJDBXX9H
5ZUK1I07
D4H2EABN
NM88HF16
JEG2YT0D
6VF3UWNP
JFOABWAV
JH1DGVRZ
39BDAX2G
6TAAFGUR
JR8GYPNC
49KPZNAX
SQLDJHES
I0D56TGA
4WQ6D6SQ
YUS50P6J
XRAYB3AD
ABVB1ONC
CWQA6T7B
KB5BA27C
IBXHXW82
EZCMAX3Q
RJRQEY3Z
8F0YCIWZ
AX6XLLSC
7IDH8TY4
8VLWV7RV
7N3MSD4O
GRQML7NC
BQAMR6W3
87I0WJWH
VIJHOOW2
3I1SCIF2
WYTY3ANF
ZJVFJSJY
2AD4S2NO
GZQ0OOKC
O4JWFNAJ
XLIBZ3U6
EDJ5FWL5
VBNI2EIG
0PBX8FXR
YWQPE7UW
SBUQ52Z6
L5E07YBC
WENN1XDT
SPOP559Z
GNL1C29U
PJ3BDFAO
P9F8GZ3K
ZLJ2WT2D
Z9YL63VA
F9H29RCI
5WZEDH0N
FAQ4W8VW
7LVH4IRO
1IKD53I4
JU6TGQB0
URWAW2BW
OQB2278M
CTX95001
2VUB0DBP
9YD0WD0A
7E3OFL46
2CONJTT8
VEJS06F1
98OA0Q76
0ON7WAVQ
87J095KI
UZYAILT4
GJLNCBQF
QMF21ZG9
VNM305X6
USK4EAAY
FQF43L8H
76HJQQF9
F3SRIJX9
HUY00HD0
15G9ZGKY
TPK1XXA9
TLMKV2JK
5F6J1OUX
EFSHFT0E
T6BPZ7Q8
0O5WSXQO
8RGE2V94
EKE3G8OC
F73V3RDU
BAV4EB2Y
3QPBOOE8
QRBQOY4H
MN9VUO7G
O2FERN6Q
OD4JFR8W
XB1DGGX1
G7MHEZGT
32PQGYZ4
CMQCU1I0
UKWHZ5T1
2KN6QEDU
Z0HKWJSG
KDPXXPC2
P7IFMJ6E
QNGFA3SC
YYW2YAC8
668YCHC7
K2CR12IR
R91RZRGT
PW8AYP9Y
FWAOTRX8
RHZ45XUM
NMSW25VY
8PRAEY3G
IUL9VJ95
0OJEM0MY
GBR4WTLN
0D6UOU8P
GBP9PWD8
UWUS0AKQ
WC7GQK84
64FN46RB
LNSEKJT1
R14OJBPC
K8DRSU5I
KQ76DO77
DZA1MIK1
YDPL0GI7
TFU9QM4F
O9LOS1ME
X38A7LD9
KQ9UTSPG
LB4S9OD3
LY6TQQUP
RK6SGWL8
GDRKFHKR
41UUVZL5
CHN5W6ND
33RLIY19
MQYGB0CR
OX2YY044
K01V2NNR
P4B364U1
8UJ5WMOX
FSZMXRQ0
DM8N6ZPX
KHHZ179I
4GZ9DVC9
OZO1KE8L
BFGC9LK8
6VC98UBB
SVE498DW
IRKF9H85
M3QKJA4H
AV292YFV
0TGVO6IV
IYAREP6P
T5O2WRTZ
JAW76MBF
FBJCE9ZG
WZDTPDF2
OTO9HZJY
SR1V3LGJ
MRCMSHW4
ZFMWN21Y
RGVUUGC9
IXS617M2
XEEJSJLG
84NTBFGI
DMN10P32
ZP4YAEPW
B8QZVKJQ
TZGEY538
S7017OK3
6Y5S8Y1I
UAFXQ9NS
X1U35JY8
91FNMT2P
AWZGM652
6JUGPRRW
F9S81SWW
SDX56224
H9HNUBMF
TE93EJ00
0JE2VAP6
Q5WX2216
BMK3Z6E1
HCVK3JRC
YOUNG
W1U2FLQ7
IF3B791P
I0ZRQEX8
O3F6P2PG
M9H6LLHU
3HOL131S
T8LFTUS9
9NP4VFKY
ZAPDOP8Q
MEDEJ8C5
OQCA973S
1AQ3AFFB
0ZGWQZYG
BCKHJ6CN
1GO71MLA
F88Z3OE9
KFG1VBLM
AGX39SLE
4AVU8791
T9HFD3E7
VB4W8US6
C713YM1Y
DJN5B7JQ
DLI0WBE5
D04CMM7H
4AA9JO1R
Z2PLCAXP
JAHGEGVS
RQKPN67A
DFD9OKTL
BOXHI67Y
R5CRC8EZ
37GOK6N3
ZT58FL9V
NHMSXDC2
DC689DA1
AZ7HCPNV
MOE0MG15
RSJOEYQ5
VI17A1TK
S3JU4X95
WL4ZFEZZ
UA0V755N
9F91DKQ0
HYV553YH
M7Q4M3FQ
2VBQWLZP
RXJQONYH
2RO7GYO8
XAX600L6
O2L0MKNN
7OKWM8AZ
QRDE08BF
LSDERT3M
5RO1QPBV
H8HQWA8C
74Z1W1KU
OMSSBIXY
HHID5J2Z
0ZHD5BAO
NGLOZOV0
SIU79MCW
4IZC4VLM
QOB5UAZV
LL3N0C6G
CF6M1FN5
FJEEEBVD
7NHI6CZE
LSKYAV42
SFWFVER2
JCE0HLN1
ZFXAVO8O
OG2HZ9CP
EES1LEQ2
4C4K4H13
PV7I530N
3I50E0AZ
V7I5ZW8K
VA17PXWF
E8OFKWIP
KTKXB73K
IEXRM12A
I7F9HJ2K
7J7Y96XP
VHDPBTYH
GGR6Y9MV
K9T3M4OH
L6ILOVGS
G5G2J6FI
1MCGG44Q
8L1K8MZY
HRDS7BQS
GF9EHE3L
DEYPY8TC
DPN12RCW
GLLHBNPW
7L8PMELW
GBMF468N
HZKF7ZYO
PRYJZQM8
WIXGX33A
E9BBZYPE
XRZWTM44
Q8CWOBAV
O1KCU6GD
H2YCWABO
RKFWNQ4H
AJEIU2W9
O92CKSCC
UKJ08NB1
R2AU0RQW
JYJ5ZW62
XICRF2P5
XRKUEEWP
UQT6X841
SO0T1V1L
XV3TOCXJ
CZ2DHRAK
ROXDSYEA
8TAQJW6H
U7HKG42P
NM16XR0U
CA0VWPWI
67WBVLHI
Y72A87M8
U0KI057Z
FRSTHVRJ
T2SXVMRV
TCHKI6U5
SHRHWO42
A9MT5ELC
0K210GJK
9VGP0CSV
GEX9HCEA
I3F3QGU2
XK4V67T2
P5D8ZBYL
ZQCPER53
J2JKFRTQ
B6S6TZKQ
NLGIMNEM
8U90ZJEJ
X4XOW4Q6
OYPT5G24
EI8B4VSL
RS5KAEV3
6J1K7ZK1
UPT55IEP
HVI4AHBA
TFQY6FX5
EUC60TJO
WNSCXFTN
BDF40UAE
W71PFO5N
7JZUOU2U
GXUSKK1K
0PLAQ07Q
C880ZR2B
7XS70JJL
ZZGCDVQI
3GQ0P01H
Q8KQ2U8P
UQJA3T04
K5C8AXZ9
JEQFXWMC
NNRAF97P
Q6OEL7DM
II5RCVGZ
L37JDUEA
D9UHD6RG
UAV2JDQ9
H3MD4FBF
S9SWSEKO
XN5HC1V7
VVW7ZVBK
O9UMYQQE
I1G5RKKH
3F0PN1TF
S1IG9SW3
COH6EETR
AYA4EGMV
X0NVFG92
U4T13UFZ
VZR1718G
7R17YB1V
LTBOKBA3
KH98VRM8
ANDODX06
499OIP2J
C3MBVXW5
XHJ9YSB8
UAC0C893
3VDXR937
7R5GYUZ9
EQZUDQUL
JZKKZA2Y
YHPXTNBU
P4BMD25E
O7FPM0ZY
26WC1RCU
XNI07E86
LDVIHUJL
BGPHKQO6
9XZYIM39
1FNG4CNS
D3HT3WD8
7FH99LAG
SANF0ZYL
GD781D4E
7GASHCPZ
IN22ESZO
JJDB42ZL
1YXLPECD
QLDT75O5
0P915EC1
T7SVN7PC
TZT49VB9
H4JXPG1S
J2P40TES
VRY795VP
GWREXAWH
FG6O92MJ
KT7OOPX9
92JHZT5R
BYO8RVN7
OKSLXBH3
UXMKZPU4
TENWNZGQ
M5BX11FT
DFNO3T5D
XGDTUSWG
DCHBFKKD
NYA2TIWU
MZHWZSMY
8HSGZ5HO
G7N131US
0G1DV7AE
WJG3OA2K
VKOR04PJ
SC0L7NJ2
5QYHY0TW
OQLQCTUC
IBC12WX5
Y80YFF3D
0EFHCKPG
GV6TNGEA
VIC6FY2A
L89BK22P
F4KS90UK
1166HAE6
P797KBFZ
WASMK31S
56KOJ3H4
HRZ7KLSR
ZFGZ4RF1
VI0TD4V3
WGZ0FZ88
5GKFZCB7
F5S7UVYA
XABVQYMH
YKKW8DGH
OE65K88Q
V8T4UQ04
7JBUP4XG
UZ5ROSLF
DZVMJCJS
24AK6F0S
LKO7LVC9
9TWE1SV4
S0YQYK1V
HS0N6U8W
Z884JCRZ
TC9BZK52
TS527KIS
BLQXBJF9
NF9PWNIH
JQD73CQA
Y9490AKZ
TOWC7P85
51WT67LC
KO0R2HWG
CELNJEPI
6MSJWXFN
5O7M5Z0A
X8HNUR2L
1B00LG02
P4Y98RXV
RL4C4K2S
X95GXLM5
EL3YCY3N
2K2D1W1F
FYWMTL8F
B9040TXA
ACZ6YADR
9ODSZZ0J
CKXJIP9W
1IDCL4S0
D2B3GVBR
TCS98W7I
Y77MJX7J
M8JXMECB
4R8CGC02
53NQLOY3
01FJC3E7
QYGMPA2C
DKBVVUAW
LXMPDFY9
KDXEXFIS
9ZJP8HHG
BSD7BXKX
6QLL4K0T
JCH70414
5LAE08KH
SMME0I4L
HYA65JRJ
Q7RRXBXN
ZQ9389JX
GLD57QWU
8U5PBMZ2
FC860E4D
LC3G87EM
LC1TSCDS
QMI0EQHC
C4BZ0YI0
WSBD1RNG
67KZ17FF
L7BVXKK9
EWPTLZTU
AZXMPGD2
U8F810QA
832BOSNY
1AQ2KJOO
MFX42GPJ
CF6B0XKC
D4DAX09C
69DCB40Y
KYE37F7T
A6OSTHCG
Q295S15M
1KZY4VXB
J0P81LEA
EK38FOTO
1XDTPJLV
TXV4MNZB
RVKOZMI9
11YCT1X4
Q8IRZYQL
YS1AGF5Q
NDGL20OT
MAZV396F
DKQ4QGWK
B4QVQI75
4K4MB52S
479WP9CS
1WPZAKUG
ZWMYYIHV
GAEQX5JD
Z99HRQCU
C2VQD48A
M4E4ISGZ
OPL4U5I0
4IF96RDW
DH5YXEZ4
5KPROYXJ
XMEEYPUR
EN459HDD
32KHSB5I
3T1LTW17
LPJC4BUI
JB6X9X0L
1H5487SU
9YIRP0J8
7K8FYU69
BZ3AUD1Q
U4MX5O45
JCW2SXFX
XQO4E16Z
MENLEQ5F
2MFG5I76
SQ76YDIQ
4YSVBIHT
I17MDHIT
MA61ORPQ
3Q5XGEJW
OSCFX325
ZQJ8ZF8W
0NIYMVOE
SQCC5I9D
S2R0DNGR
3276M6XN
CWBNFCT0
V9NVZ3DF
O3RU5EPA
H2W8U4OR
DC9329P5
4OYN97D5
CP64UHBR
NWQD07H4
SVGPY0BW
BFSRF6RG
BROB1JOP
24O7BUHM
GSSWKK80
ZFQRYMN2
9GISUDJQ
6BW10EMU
H48QX52W
6AUQV83M
SBVTHI83
Q2BKWTCE
RLS9RE3E
3VWV0PLZ
D2Q7PIJZ
SHSDYPX6
5WEGH0VU
H0CLZHB0
XKLL61DV
YVIQQM32
U8WZ0XQD
3MXDLA03
GVWFFQ08
0AL9BB08
S2Q51R5Z
O8RZ931P
DRU5N2OZ
L5EN0KKX
0H3SHHMA
BJH9NEPU
0NALHEPY
9HRNCOJ7
HK4JH8UH
V5SWXZQ7
3D4MFQ1G
3IKO4LZL
ZLQ86T0A
KQ0YKEAR
V6U4LMUO
RL8V5CKE
WKVEMOGC
COIJCLUB
S029V43Y
A0BKVYM4
YMHVF61W
ZRX3NX8I
UNYVTHW4
4KFOKMNZ
X1AYR5CQ
UMFQGKGZ
M2MB6RXW
W3D4G41F
N2MGCACT
ELIYD3FH
CQGDUGRI
UUDAKNI1
FTBB6WHJ
NK1EO5Q3
ESSU6QUH
YZZY9B12
O7AEB07B
3G6JZ9EF
2BXM9YN3
3TL8B1OO
N5OY0IHP
M7BX0FMZ
W7J0KDRF
N231AMI0
WNMQ3O9S
ZWF7CSRA
C07A2EFR
XTESRT8L
YSF5GBM2
EJDKB9N3
R5EE9EGM
YU55Q3M7
CMDXETI1
NKE9CYIK
C6YDMT75
YF8KQ3B3
7QUH0ELT
5T4XRI5K
663RHKWQ
2DYA6A88
123WLBEV
2H94VF1G
D3VF81IM
CBOCTJPE
U7Y7C214
31CY5EVB
KOX4C4ZF
4147GBIM
DC6OJ9TS
UUWFAR85
EN7C6Q5H
SJCDD3RL
AU3UGZGK
8318LHET
R7YONLKZ
D2J8IF6U
BF0DET4E
41KE844O
WKNKG86I
YU1F6KR4
CC48JDEI
MU0HKGG4
MJFIPHQT
RSA9599R
6SGEKGC6
18AXL6NC
27JOIK4L
EGIJ90Y8
RPGSDH8S
7D6F2PM6
O01VBRST
8JWUGNL5
00XVE6FJ
36NGAFR5
HLN4I4MG
IFOPSSMN
524V8KO9
04ITC7JH
DWLQAHCF
2EZLI7ZZ
69EDME3T
ZD26ZOQL
0EMGG99Z
S4JG5O9W
LBM5H1IT
K90SO455
B5GL4F9U
4YG5QWSV
2KPJ6N9W
94WGVG0B
HOKFUJCH
LIG2TVXP
CNLZGVIC
70V7UUJ3
ZJVEA4R3
UYNIVFN7
1ALPT4TI
VAD4CVAK
V8754I2M
O00MLD1Z
PQCXL83T
HXGUMSCD
U3SQ9ART
LGD3BJRE
IQ5SWB3Q
GFDAAA73
ICWX78F3
Y576E3QC
P1JA8SUI
0CZRTPKR
KMVXA7BD
LKI7XE7H
B5U7HCR7
2NY35JT4
396URH0T
DNET35Q8
D0XMXG4U
QGD7X5KH
4EWEN069
Z1ZDEHMI
QNJ0Q8YZ
JXX9KT7G
C34C93DC
E2V2RY0R
RE0IRA2U
MC0TV91J
YTG6WGWH
N0GJ5745
NN951JY7
UQMFB0VQ
VOMEYPN4
RZ63LY1S
X8S2K1I4
AOPC7QR8
DF61TEBG
EA23KFKG
NBVXY8TV
LNUGV7HL
XPI7G1CD
HT3DQAN4
2MJ53CDF
6OFPR1VR
8WPOHHLX
NEXKVJDM
HRPJ0PEB
3W29L44F
Z82LA1JU
V7EXFQRH
TWZX4KHG
FEQHJACA
P5PGZ69X
63EMTGAT
IAU6JPRH
7KFO7GD7
42FJRHN4
F2HDURSA
SG04IXCT
AHEJHAHW
Y5CE67BO
OVNWC1S1
CY07NVHT
66Z8DP1S
VZA2Y502
T2QBV0BI
HW9G3UH8
340PH6IP
6QJ1KOMS
U2ECVMNU
9BP1AK42
