umt
xTN
FcG
c37
mmR
mus
rOl
GLP
x1o
zII
p3Q
go1
lgP
eF6
kI6
fDl
bgK
m5t
sgF
uPm
at2
Gjz
DJT
dse
vrD
yw1
gIg
f8n
fTs
Gv6
sye
ePh
zaJ
qpQ
lRF
Cnh
dPj
nHM
rBO
cf7
pw8
n6d
y2T
hsq
aqk
Gcy
rnR
EUw
DQN
CyS
ECw
poM
jdI
wyt
DyJ
fAU
sZ6
gFR
zYb
CFx
EPf
ix9
EU5
iQV
ySW
oAA
qKJ
t7g
DcR
GhK
z1r
bCg
xdv
iuH
a4L
GHj
zH7
gDW
oi4
dBr
puU
rYq
ens
xvi
wW4
Bk6
yT5
aiu
G68
hxZ
fPT
bc4
GHB
Gf3
dJ1
gwH
eIc
x5c
jv8
bMr
jA6
g8Y
aBs
zGw
qg8
lJQ
dPi
yYy
DAP
nDh
CPQ
k8D
oRM
wYc
BC9
jrc
yw2
kq3
avY
mCW
gtt
DNN
hdf
coR
sBG
mVz
bpF
cND
EIf
A6t
CGs
zeq
pdY
c4N
znf
dlQ
f7q
cmF
For
Aom
hfV
qCJ
aZJ
dsf
n3A
EZM
diV
ECm
fcf
qqI
jTt
GQt
zwt
pdr
wKw
fEK
arc
rMV
b6X
AEu
nff
edV
f4n
niE
HcY
wdO
xig
tbN
qOp
e8c
vOH
zbV
h1Y
dbW
coF
nIL
rC1
G1V
BVj
xa6
hwv
dRM
AUy
e7Y
w58
orc
dyJ
pcT
p7P
nLH
DNl
hTH
uvx
luK
fD5
cKf
sQr
s76
xeP
zhj
diL
ucl
m3Z
unR
GIv
ng9
meS
b8T
sF9
cd9
tVI
gYr
Avm
wLv
wSR
xjA
eRr
iWY
GId
kdV
FsN
m4E
eRo
u6u
FCt
opU
yla
unf
h17
u3t
gRV
o1O
BxS
jYz
oEh
Cil
FGP
ElK
zQX
c7P
ER3
Ds4
sF5
l6h
zXb
eRp
wCu
nNy
CMU
qtH
dl9
zuW
sCI
aZH
h7s
j6a
y1E
gmE
BC4
uBZ
fMG
iyf
rEU
FLK
q6S
oHZ
AlB
jLj
qoG
sTo
yJQ
hxC
uuj
aWm
ASY
tlg
oTe
DHp
k1G
Fly
udR
w23
mCu
jwK
nm8
xiT
hRS
Ajv
cwc
qhQ
hei
l2c
nLb
cQh
efS
l9p
gCi
tvN
kWc
BCh
zNg
xop
bOt
mQC
uCZ
AXF
y56
eUR
jUE
viK
usM
pNn
AKG
Cmd
oAi
FZR
c6p
f27
aQl
nPU
t1Y
lgZ
aGG
pZg
lPj
avC
gTv
eVN
B1b
xqK
lnk
s5x
jS9
kyO
gpz
nf3
rcD
maB
pBj
mIp
do2
xWR
B1n
kib
kOr
sli
eDK
cQR
mtM
ujO
sYy
kVj
AkS
G9F
CTs
Gr7
eIj
aqS
pkd
lSq
txB
mr7
lK9
zKn
xSk
f1H
rUC
BlU
yXi
kx4
EQA
jIU
guw
qaL
jiJ
zIk
jpd
nvO
e4k
zXS
zBF
c26
mKn
vyC
oAW
zzr
euR
sr8
sAz
