J10Zwy9B
pcp5GpKG
ywtC2pB1
nm75dWvI
tJo6a32T
y5pHogxR
SzvP1idA
hw0kXTqE
F7ylf7uH
xD8bjMOe
ewHz2ZeU
pNX9OEqH
KP_cI7_W
KV3iPFWh
v7yen75O
73GyL4CQ
wmp9jBCV
NuxIEwFH
wXqEwr3I
xPr98m3T
Az3J3Uh7
q4aYxDmE
lf3WCpXN
r6uTsrXv
dXpKh8P_
m3fJKuAD
NxV54ZPg
8X8W0kPv
jv_D2pIT
9LlkgQX_
n1B9HLeh
twKHMwGY
nIwtUsqR
LfL8LW6D
przzDmRw
EeY6sBoq
T5gXRW3I
2SWa0CLi
koe6UZ6_
lfqXWmAD
Gzz5hrEN
mzpEk7rq
diMX_LMz
BIjvg1u3
2O8vQ0nD
idcHe9fu
GPyA1t33
4CFDK1HP
o3jE8NXL
p9n5arCl
HXR5Lgk9
dwjURePD
485cjR6J
k0WsUuKF
equMhfmd
A30e4X8C
sc9wDIwe
XMvJicSf
VEeSKp7F
_jvrFFkH
5aJpMbJ_
Q22reQ4B
EKm00b_2
tHGkGB1F
X0fwWFB0
nsQRmE6h
b8WHC8Q1
SZen9R6T
mMCtOfTt
h7sa0Ib1
7XREXfQ5
