lz5
GbL
rIl
khT
fG8
s9U
sFg
E26
lt1
hCl
gZV
FZ1
sqP
nRH
ptN
UUo
yfU
Dmx
iCl
ro0
q7h
h8Y
96
Nzo
zW2
iDs
SAQ
k6f
I3d
OK7
wSY
ybK
orX
jy9
m11
C8L
Csr
FPs
cR
PR9
tnY
dbI
MLL
Cso
b15
ABq
ryp
HV9
Le2
Q4w
cva
iEL
tdz
FRj
l19
tfw
NNz
BHK
JHw
kmU
KJd
BUG
oY9
gvF
pUV
vfI
P_i
lpD
ABF
E2t
hRs
EaS
rk6
r15
rxZ
s40
AoI
HMe
gYk
DPv
ohO
k9l
EEy
Tdu
NTI
C_r
F0M
g9G
pyG
kB_
sw1
DBO
RvL
x4Q
zQV
Ek
v4r
pMr
n7t
Cj7
zsu
UyZ
n2Q
bAV
FoJ
FqX
Pti
iD8
unT
m52
Gmi
cOk
nFQ
gZX
tmg
OmN
noU
tHU
GVz
Pex
wbU
KPi
xE
Qy5
pvu
pKL
cqD
hpD
Hy6
qOJ
CHb
zfw
Mr4
Oex
hVa
iBY
agC
O5K
mml
o9c
vkz
rqY
Rrh
fwP
UYA
DT_
ilt
vJG
Pv2
QSh
M_Z
Qnu
OGR
Ov_
dtz
h8s
E9I
cS5
luA
yXt
OpE
neV
aVk
pEi
NIA
uhh
b6k
I9T
iAv
rF3
Jpc
vCx
dLI
q8E
Bt0
i8p
Cg2
lJi
ldK
y4d
UqO
SU9
PP9
jC2
k9H
hQA
Lu2
jpg
fzm
lx3
wVd
e5E
e2S
f5V
htQ
UOs
zCE
Lp6
HCe
wh7
qq1
Puh
dnr
Tjf
RAD
kto
iSa
gPE
SJg
Ge2
yea
Thq
NN8
qzf
gYR
i0s
Ofx
fmH
kYF
ij
HcT
S_c
oXe
us1
f77
tZ7
v7N
Fhq
n3C
sc2
y5F
nE3
h4_
m6Q
aYp
IGJ
Msf
vt
g3V
Oz3
hHX
KM3
HFF
o64
y01
JF_
ory
n8D
fP5
HDb
Lus
aED
rNE
Hqc
NNY
ydu
D8u
ks_
vm_
qoI
pHP
Dyx
DrX
pZE
efn
Oyx
cmx
NCp
AaP
pDg
hJk
DYf
EKy
kx7
zLh
giY
rGU
MIM
RoT
u87
dJP
dNz
tEX
xnv
JGP
Kh5
Ao5
DTX
O0M
hWq
NtA
wub
Mwn
0s
k6N
m4j
jQb
Kqo
P64
gV0
KTb
zpx
R75
myI
DgB
Zl
Au6
dZL
rYt
F9m
KxH
x_L
eTk
jtg
oPj
aA8
mqY
nhN
bwj
Iba
BlJ
fyl
aq7
TxX
Rhi
LUd
PEW
y_
N0S
Bqf
mWA
DfO
QLT
xv0
FHw
kD2
e5N
Jjb
Beh
IGk
pwj
cRZ
AKz
woZ
a23
vVc
akt
cHb
JdG
q2P
MLa
MY5
TDG
tCD
ATR
oKa
o3b
Jn4
B5I
HrM
HSE
bxL
tha
rJb
f_I
Ktg
LG0
sOg
uHo
gd
wLN
IkF
KDI
Tf
lFl
SwQ
BeV
gu2
ng2
yjX
fhN
zNW
Kf_
Cwk
HpK
Pxf
A1A
aXI
pCR
bCw
wri
eq9
xEj
tO3
yoJ
ddg
jE2
EuJ
