7541
55523
33534
79083
27170
11686
1813
9981
74998
40335
22630
98996
21893
85342
20896
17588
86714
10044
85870
34306
64640
24661
98037
40469
65340
10838
34138
104247
115509
64189
95629
110587
99888
84426
72369
38637
6799
126439
101790
84332
26403
21728
103249
101979
37325
15308
97042
124099
99985
65193
25802
85038
723
57582
75862
10623
75744
114564
14083
71441
10322
112483
81128
111133
43936
16972
108447
42729
76830
61374
89316
23808
90857
6903
106707
27466
99399
1541
38633
109625
79616
79905
25640
55496
105875
65862
29877
10407
86091
28590
106965
101957
61561
97682
43016
84084
8801
54826
78404
47255
95707
78116
29496
35957
48256
68820
126376
3923
66158
24358
15817
37519
95269
54885
34620
98690
23571
13692
11950
99471
82898
59543
82571
73048
121837
69158
117177
61428
106631
4672
16795
42919
71953
44755
124004
39119
21826
4667
32633
123261
8220
17903
31086
53578
90342
43853
114915
25021
2287
77930
126117
123575
11261
70157
85506
57431
86102
22745
37097
114107
85157
13390
116445
41616
37836
103058
4341
11013
116581
58581
41759
35402
100566
85017
11383
49082
46693
43505
2256
69850
77518
50563
34494
4166
12531
62928
97633
79370
64932
107181
121515
72966
96430
104288
43737
5266
19146
76862
95125
41139
87774
77380
6710
39853
56854
89716
123517
92071
99727
14991
116657
74226
2917
30255
112234
84128
115050
74734
119232
13024
33670
53087
17749
23034
44373
76852
16277
100572
19235
48521
59918
103808
94162
12062
82926
32693
99556
58754
107901
43292
44198
21384
3514
31172
56938
117039
26721
101578
113380
47668
28431
99134
70844
112586
45939
29298
96904
35825
57030
3529
116867
50663
21965
48819
29823
102331
17601
97013
101751
38415
119043
54039
71849
76107
43635
49996
692
97683
114911
43415
31169
37410
120489
77083
13463
27786
88609
115735
60900
122820
14978
14406
33385
54762
110777
81852
101083
109306
110903
39809
87738
73949
76086
20330
125144
92184
79395
111330
111015
53029
34525
39253
69632
32280
75515
49954
6819
71549
56877
61084
44152
22558
2638
102753
106856
120841
62803
55083
111732
109447
101686
106572
74096
16409
17060
58884
62138
44664
71315
49712
50170
36025
58018
118506
59372
43987
38145
125499
56473
75196
48953
63194
42791
115024
100579
37598
85193
1885
97740
76079
95241
13386
25643
93594
106917
41122
72937
118101
99279
114011
43937
87733
62672
56029
57091
89460
120614
124740
68948
57514
83178
22068
68943
5667
65730
13148
46974
94334
102185
31149
24431
87625
8933
121337
89659
82937
17608
80283
80111
4309
45661
34399
17174
97456
45633
111073
74185
57973
27053
10936
12817
85838
113522
102210
76811
40790
73538
36958
59464
77479
53875
22208
23651
57750
51165
114164
48279
59570
28660
49892
72349
1788
53109
33623
95041
32303
61090
109673
13450
84717
47239
125552
54546
83461
63737
35193
307
101002
22904
95709
25335
30421
107751
89909
126223
120269
39107
44233
70651
80637
15318
1978
100491
77450
11410
68688
6696
38384
16930
58280
110131
105945
10377
82922
58350
23534
4934
62673
126276
84586
33704
74300
82668
88410
94776
68877
26772
94819
60557
90715
120911
23629
37920
84232
21810
37370
117278
57381
19107
124183
9351
16445
66962
107604
28233
44721
96029
93654
47972
49039
35932
25220
98998
46493
87691
78636
42745
107210
108100
22949
43400
108235
6649
118391
40622
52522
124180
72525
71617
79122
87114
42251
58227
45208
117724
31699
15634
55963
7776
39576
14339
43648
95587
18322
19800
119989
45360
87516
36377
124356
85592
99886
27996
125808
12919
867
123636
34249
93934
4100
86614
109423
56613
88469
108434
92464
16389
18670
87184
119908
95767
78910
106758
80380
62125
77741
108245
93605
99596
49816
53107
63417
76170
69330
111993
87376
73288
86434
3269
122093
122810
7561
69324
86607
5984
122684
4000
109344
85485
117605
97048
112633
80393
4876
121061
60483
42847
68348
81632
36599
16191
51629
89115
42474
6008
7215
79511
123618
31450
49092
48773
50869
95461
95954
7237
86855
2096
27168
103946
40082
37750
44441
102591
21550
119760
98028
71543
125385
100949
89618
93658
90947
6974
98209
28509
95540
123184
4128
90655
70696
112255
1612
108719
14778
121097
70359
69834
109375
64563
116913
22687
34904
50246
35767
108929
60278
25815
66606
96834
87653
76308
1699
8057
76218
16638
34810
60655
40977
79673
13259
31395
110521
54931
35477
75962
85657
84081
91495
120448
83490
95838
102620
88684
100778
68808
70519
74
28236
79761
109446
52515
32216
108246
59213
85647
19320
4135
84368
41787
27693
41585
60328
32239
37880
19620
14007
119458
108019
120134
86061
73330
122957
120310
77400
7440
49207
27844
102076
96700
21777
77948
72656
43636
107049
31191
119781
115539
114141
14902
15787
14665
42960
21236
49115
111471
3841
52186
68424
44689
7822
104251
77712
114690
108532
61613
3764
23023
2796
118885
10918
38996
97796
35728
50344
40851
14515
94156
116897
95818
110846
24547
36644
7118
108680
35756
46050
71010
93163
70726
72895
14554
24728
62309
42996
103797
65914
75433
83837
23127
59390
122724
87124
114215
47435
21447
104472
84939
56697
64777
50963
50548
14653
72563
27035
120948
33443
12915
62137
41128
54337
41027
114487
15266
21679
62197
26351
53508
9274
78855
68110
112646
125554
17745
100448
108950
37752
107828
116548
123319
35122
59632
92572
76566
5089
100011
38396
63763
115966
102365
69857
82851
51583
123392
77226
8377
42409
121275
27699
85930
96137
23307
46508
1017
18970
112986
45396
114714
72881
29061
39470
53005
80415
104858
103459
75219
85789
118827
96132
20805
118138
11838
47890
71153
109488
68962
12760
112560
69830
113357
19931
1671
111237
87197
81937
56537
101795
117127
37111
31076
57045
101732
21553
60917
8542
78390
36105
53958
107179
104276
94989
52238
9458
8658
95255
41612
54032
125070
70217
98048
20207
93776
41023
60987
6469
99508
28804
126109
109367
124811
119423
23339
91942
118725
40735
67514
51031
85873
67393
48900
71169
111095
5061
6029
36923
28476
119015
121228
5293
46853
104582
28107
112199
59365
45616
83594
48194
87973
72010
65495
21970
101233
36503
88349
26729
72250
33709
5747
94559
56012
35432
79487
13275
99523
34814
63849
59445
124308
1844
23212
30586
46948
104974
124041
30820
1183
125058
113121
91550
96751
105460
60779
114386
68628
16684
103655
46395
120129
69683
40525
90426
73160
55188
101572
99444
55623
38518
66509
32711
115667
76314
2184
95419
80364
69404
100433
75066
42352
32476
111857
76914
124063
38728
113402
126249
27709
32730
73761
18858
39680
71296
44458
17648
124620
53328
21450
68193
77957
36888
86467
126293
112512
45242
95532
29920
38854
33264
12464
117306
93450
1072
104106
36214
98261
47384
124268
6965
81132
4438
108773
6540
16583
53131
6682
107228
29879
102487
114463
124472
26340
80400
47897
48982
6054
121641
98148
55640
103507
54107
24328
30811
115761
38216
116919
37521
84078
57057
21420
45324
66757
61177
61320
29566
36067
51503
57549
56616
106963
108089
98858
101873
92586
65939
39462
58609
2874
94908
79575
94981
42274
92133
69275
103656
87568
12262
62229
69546
82576
26207
109277
84903
71183
99355
44318
37577
25610
24459
55583
113675
34239
43051
39001
112767
96419
48670
33477
37298
8837
13189
10080
5918
27450
60559
86030
44726
85731
45382
125860
260
81025
15802
58874
104190
116994
14848
105408
117716
100400
10128
28526
4732
106683
73338
106677
121636
117220
25866
53534
23819
10386
91520
89715
59487
58295
95738
110174
25365
105854
49949
120232
81158
5104
44694
10761
16002
108727
88754
111735
123279
99746
114456
43868
3834
28731
12910
123975
123211
111891
36207
69505
118692
89564
78128
28434
124033
4378
32551
62680
77025
118403
44581
89086
61576
71699
39764
5695
83251
110746
80381
76460
105792
84276
85114
94772
86672
102416
93885
108806
59163
83678
82212
61338
88708
124446
125387
102893
82246
59615
29335
120745
42342
89538
62187
50978
35259
109711
123251
34986
124214
96278
52324
43679
21535
77427
60635
107602
28734
27588
47367
31781
94588
59548
27663
50243
69118
20243
26450
48393
87776
99865
28843
78516
37076
38061
80569
18977
76665
81257
113612
106775
70030
12165
64813
79543
101171
76694
102431
53786
3089
66175
22453
82819
72904
13001
118050
61872
3370
97011
80938
93199
27603
33513
34773
66823
99976
51033
110940
123855
92741
7647
58764
122337
58243
61076
242
63548
4532
45529
86040
62767
114886
50651
111115
74661
12853
62817
118168
6808
84013
51293
58583
117594
118464
11926
82829
62960
43230
97424
85499
114880
33571
123835
5653
53167
22990
96456
76918
45900
32140
24222
26653
57640
29714
14259
6262
15880
48357
90184
18896
60892
110563
45743
50283
100810
22373
107766
113588
86444
39867
53397
14089
4907
36124
841
81300
102675
119403
1035
58641
81926
57991
108190
80606
113227
114639
60045
107782
55635
82629
109597
118084
118311
78936
29457
93206
4375
63812
16588
56220
89019
103992
60886
118022
20080
52931
88061
47851
77519
92199
64530
105367
110640
65735
95780
29842
113928
73930
109545
17781
124869
89964
578
50054
55566
43097
23098
66241
3934
109960
15803
77764
47074
73243
11866
29041
115913
89585
78803
121976
54651
50180
69592
109616
20883
1479
39233
60687
103879
9429
64779
108810
82766
54920
35881
39722
5180
5647
108787
40378
115400
23340
89641
79051
6543
38592
19318
34250
4813
108845
115358
18454
116898
99876
79717
86558
68784
72475
98561
3662
69328
125290
79339
28098
97808
14667
59258
94530
91323
56274
3072
67468
67766
92955
38593
45685
116117
31471
124847
122071
90815
14087
75202
67533
119496
58975
13457
53093
69635
42927
86350
23180
121990
81568
21453
95554
121640
36137
7377
43885
124951
111786
38540
15603
57056
79651
65779
74958
123848
81106
81550
22871
93421
101862
79264
95898
104218
103253
109513
39144
26243
48449
121908
108140
105145
100774
109236
2968
39258
51849
107981
65412
120984
32996
18631
39741
48539
1816
53941
81493
60096
16193
65479
77008
58412
21701
105628
103811
16892
3873
20635
69616
46639
46897
124762
109270
82071
58494
19674
93125
54471
21176
125101
5204
104244
45628
91020
37894
81935
56099
51483
76836
66764
47755
50048
73694
31976
48798
20806
69856
81814
76419
66188
20469
72194
41614
106146
41021
1998
32429
10528
111647
62262
34125
5491
121126
122031
108613
28548
245
37212
38050
14599
93295
85009
80292
26683
114171
45976
90731
122289
90312
35574
71560
58183
81076
73427
88160
55756
20562
103036
10627
109092
48608
24850
92690
64377
31005
72057
49273
103466
112927
50225
69987
104449
85397
93691
119400
121003
96652
67403
79394
52621
75190
77924
105541
107743
48430
49095
120135
125646
19385
124836
122929
57840
16693
115584
39061
53594
104960
12023
43654
125367
120577
90910
54224
50764
22447
4055
50707
6189
20426
101064
87618
48841
45675
69363
94405
29420
52513
32297
12157
30138
122053
2398
71036
19573
108467
124532
59743
110770
75619
41914
61763
11096
40438
50036
66810
77504
101082
46019
74653
56977
7209
87778
41871
60116
55363
24716
45621
21282
62198
81780
41793
107611
4825
38817
59153
69045
89259
81148
100331
11377
60131
122146
95508
35991
502
29426
116494
83562
32122
99071
58154
119064
114348
72444
91480
83741
89179
87565
72766
15096
92577
13212
78416
120910
46861
121812
3720
120673
14330
122495
100755
98132
59077
103442
2582
111782
98954
76891
112003
96053
117247
68180
4690
34735
18614
42492
73680
121093
110233
48513
88457
111160
52984
110858
96953
51117
51415
62405
58153
46377
13252
95804
26150
2201
37549
86458
112200
47490
60733
47093
57910
115016
23852
55797
120483
114925
1011
92936
5639
2814
42136
2296
86813
7906
71603
41316
38052
77575
61539
57206
15385
47568
25453
43770
84907
60995
117381
39066
85076
121189
48408
113851
20371
103345
63433
85192
41025
62605
110096
86538
115423
50288
61048
94660
50100
105239
47834
88939
27731
96650
15671
117865
121437
32613
75405
94923
16868
32783
119637
92916
97347
66725
43406
124574
105142
57551
10842
88275
15331
92323
93497
98803
13618
122365
46313
61163
58814
125391
50524
95123
52926
88877
79342
112678
67901
80333
109895
93704
23493
31467
104530
67044
21216
5076
120470
29239
76
58114
5044
81375
15805
44504
18259
72050
109550
63535
70085
31316
60885
96147
29034
108340
85501
53416
38559
117790
40641
21020
64626
113431
51536
47945
40665
120153
12908
86946
110850
25874
106040
45118
119877
95601
90531
5933
16175
117645
1775
27961
5936
93575
10000
55938
100527
87060
22988
5612
67926
3643
79777
46626
100431
37341
14016
125242
40415
5659
109602
48894
105176
11329
65811
96042
74926
6261
66103
117693
65831
61333
9656
25184
100398
93573
60243
45456
6949
98442
4219
24351
5295
90959
109757
46316
70001
40784
117674
93062
93892
75071
109464
63095
60514
61787
84887
108963
28149
110260
123697
119283
54476
124749
39619
77585
775
94188
70106
75964
52021
62808
108389
14792
100966
113119
1913
35813
80981
105868
22793
84372
123665
6886
33739
37152
120284
96664
79145
109840
73886
8592
15645
70365
85577
120643
123401
90389
49013
29143
96587
20751
11447
104908
121790
20961
48312
59301
53808
55407
51560
121725
43858
17321
62389
1322
6644
38472
60774
102262
31965
71227
23486
63246
73005
71996
32081
79776
1091
76148
16160
118576
46302
33152
102526
33248
13238
116962
30158
37696
82910
96238
14728
75554
110971
91569
11852
99999
57892
77813
33223
38117
40261
2115
34923
73982
61016
51437
55647
57784
101569
82797
29666
69103
124912
60988
64532
124454
53767
33810
114938
114373
13731
31361
38981
57159
52164
124359
24561
96981
37113
44034
42828
79515
76786
77965
123185
18369
11770
32745
58734
92800
63725
39751
66703
53847
84438
28116
51332
20894
103878
7641
40945
74409
99333
80358
91867
64129
91056
82823
120506
37003
90558
39922
13725
104645
87319
48783
52507
35718
61097
101347
1164
106248
93044
41707
75318
48079
15180
121492
24586
14791
44082
97501
38521
26830
19833
51001
1603
32910
7245
90566
80677
33844
115249
120329
93229
10294
96626
629
122536
100582
102460
43767
11992
37015
113194
104331
96903
83781
47137
111481
67758
26129
65825
69370
29170
102508
20111
110360
117116
30956
21201
55118
85348
57500
65806
72879
38851
33545
93555
115021
26242
91777
67426
15089
33081
116353
95107
39464
23419
45804
68569
58584
100865
19934
86375
29633
80777
96562
18540
20375
11251
71255
22148
69441
41856
115008
532
23632
86392
105173
60179
63396
88941
120992
70490
58552
1384
61681
106466
47060
29534
106234
14452
92509
67614
65217
58318
110910
724
10202
47130
70751
66722
67428
108196
100413
44061
32570
28419
72648
19542
61182
48424
56135
38874
67230
27370
61013
27019
123055
7861
113742
72942
15217
19184
15705
81175
123896
37884
13651
2265
80037
9385
74645
65258
101378
79538
46513
111323
87660
3
94939
79431
7470
37283
119646
102377
21696
49130
95879
116138
74535
15142
58250
106192
84981
45736
59849
104700
122216
66939
19130
7678
57738
119166
25996
101145
77567
52851
115166
70473
40
117607
46333
18992
72160
40920
123934
28948
45286
24718
70758
121960
117610
20315
77551
46221
43921
63131
25565
87663
91807
53537
18047
104016
11181
122624
116127
121394
45113
77667
43448
83897
24753
19768
19612
118088
41894
89066
51170
14288
119267
65364
80834
13213
123944
98622
16761
31919
97186
67384
28193
29313
18379
125760
109077
7691
5462
59959
49309
53828
35726
101247
36202
107004
102113
80372
80575
20065
11649
31222
92216
23714
75621
67865
120845
12377
499
27710
13438
53410
1472
88323
64064
34492
47499
49310
28195
119147
116476
15473
101517
5903
118145
28616
117458
101840
61295
58562
111736
56857
12608
121718
114871
102123
111765
25199
119596
100858
84617
5623
119039
95338
87752
125188
117404
49899
102485
48035
70404
15791
57003
58187
54485
13530
111389
61463
123308
1454
25147
87220
96605
104181
69971
23487
73863
34776
81155
4754
120786
48315
112100
116988
25310
82200
118485
88394
53580
15576
68664
102521
113773
90136
112126
41789
15864
122869
18886
124357
102615
106468
102817
124988
79709
66109
121684
3686
80995
20915
58643
24689
82242
77140
99249
102737
104296
10897
126263
18842
26210
76243
124846
59760
71637
9734
40283
96305
35639
108127
98635
7902
79938
118249
47382
17230
97832
31943
27029
38866
54360
76706
65926
41460
80798
84223
42268
107342
67572
106603
67649
90415
54081
109053
60977
113607
65826
113408
56996
46126
33639
45724
95856
61296
20238
68417
76128
77089
77698
74284
113361
88303
113048
47145
37209
125958
16670
92670
66799
25384
25221
51651
108343
56266
80746
72399
39769
96629
18730
54661
125549
62527
89167
9723
57603
89435
21571
41455
44651
12886
45684
72977
108007
74573
47000
93964
85802
92332
30480
62458
97303
17928
86746
6191
61222
99909
90341
91715
119229
116106
29325
90501
44104
73928
118961
43852
33568
68916
60513
86456
71625
55035
15709
91872
59663
19357
93442
8271
79237
37653
89422
50580
74838
101934
118553
26052
84801
11997
49318
85964
91467
112505
81166
68974
92748
42852
50525
105694
37745
125798
102459
63975
124594
94607
15891
43346
34321
9251
47546
2592
96288
81379
88525
35458
34613
85698
22809
25892
32395
33339
59185
93394
49913
24679
83353
22457
4730
44190
85864
18121
79645
126420
31776
66684
50320
80013
45959
13337
57299
110291
24500
26678
37246
19703
107900
75746
78904
46811
62177
23371
114916
77498
92286
43009
5382
35156
4954
124218
23168
63040
5473
55847
69537
80559
67159
16427
5156
112251
45705
115023
45309
15523
10660
44029
35303
57385
50592
96386
88279
39249
64112
81462
109340
32088
20960
4986
112054
115973
114422
46845
21203
118172
67739
64116
81857
100567
76595
21798
104497
111654
33165
109503
87770
57534
105308
114358
51524
118587
31482
21128
45111
75742
16347
22389
53330
101004
23937
22515
114285
88005
30393
5956
92188
96033
62264
12416
47121
95691
68020
98925
105012
38386
25585
123377
62318
71493
18557
126422
77107
75904
30893
92847
84283
28460
24340
106949
89008
84878
36336
74015
18381
45748
77155
72693
74375
126040
23453
20777
117864
11402
9510
18470
98627
31630
32128
4711
87295
111895
20724
46898
68511
94381
20323
32407
93986
74161
107294
94936
91815
16455
113594
14615
99948
81623
7722
95542
96677
108321
18961
116172
90768
25256
104646
76952
75595
49731
92539
54120
98619
79906
24130
100505
9039
38583
86481
1469
19981
21643
16532
90817
22534
19153
51230
14809
10676
96923
97519
12163
100212
42183
111806
92716
26164
125375
99593
44676
16161
49540
45463
122606
1758
124128
57393
61459
25830
125400
106319
14682
88459
8166
92246
18177
77153
88503
121680
120431
80359
100015
85659
102561
98444
78437
114961
90935
39087
119926
76349
53043
87803
20840
50223
89379
94320
93046
4840
51586
101243
104617
11646
43158
117622
23196
59730
87989
32457
110439
48960
59435
96724
12560
1378
38706
98595
76819
54258
527
46158
96271
119813
69710
25835
55936
60335
22041
91798
86564
27142
101238
94146
17451
97944
58184
80439
10165
89649
46557
103819
3528
36117
90920
124892
126134
88875
10634
67027
22468
3166
103932
77524
84243
89374
109330
113998
71411
6966
100436
54670
54246
86948
658
844
46114
44480
362
58710
58308
21126
36819
2345
10450
27865
121253
74912
121980
113223
50292
67492
32749
33368
55558
11888
16756
101962
60047
76915
118504
92853
108536
91522
75400
96959
28667
107624
17202
42191
67389
42892
33326
28148
19531
53728
3218
108472
39671
18834
24283
23003
92383
14607
2494
14475
107216
52268
63774
39633
3989
82636
9362
56776
3705
89009
125486
40770
3845
91693
92522
16932
18311
77114
72760
10953
25660
49693
41063
5559
2324
9174
45922
43980
24359
25641
126463
20179
103443
103479
26444
70260
25797
75156
39173
85321
24161
43374
52188
86983
124779
72692
9770
33743
39480
19222
104219
66773
7841
11733
64877
111479
81179
41636
49691
92245
75306
123065
78541
92822
115662
67062
19521
57779
65118
27895
35083
68089
90439
43354
86866
42026
81600
54432
85158
53914
126350
38908
115323
3019
88794
41988
92007
88400
118272
32503
112197
19754
55645
91217
80044
72840
89990
112105
30088
45332
39471
29256
64690
99935
6272
121024
53892
29999
74792
61301
51216
43772
14142
91551
93171
11300
40941
122814
105806
12421
73839
96114
93212
61194
61009
3320
89550
94616
7212
112596
99921
42169
124563
67542
8860
60662
49625
68327
35479
12969
1694
99507
19589
9968
3225
12112
99177
95756
103752
39400
111562
45368
21961
84481
5254
27525
44048
82871
71416
123325
52567
19723
86070
2173
104677
61237
62520
118290
19746
56182
93653
60342
122211
39843
71352
69510
38607
51198
34414
123885
92862
50813
36686
229
119795
36168
431
121130
21093
87858
4305
78387
87385
37614
4082
41583
17247
94477
104877
89191
19933
51049
65141
62543
82430
99429
22536
73433
36337
43366
33879
126264
115056
48679
62175
60703
42062
98752
32134
113682
575
54832
58870
56494
74524
51473
57893
46914
9368
18396
80302
31339
72374
41144
36642
122747
22529
107190
69933
40724
102146
62200
6244
89717
91376
23223
123180
7509
97025
39114
3753
112434
106900
114600
62896
61078
54747
117745
108867
37942
69869
90129
101543
40997
100720
23165
90465
49195
31613
37846
73384
33870
122033
56150
119981
86140
60659
84103
40284
100376
124463
13048
17252
19264
21875
28981
107430
35827
74617
39367
810
1381
68172
124190
25296
79010
91666
112014
2119
25461
11370
82628
50215
28582
8938
72540
115532
58673
44368
42809
70485
60009
17688
124405
20169
37312
64492
100165
3750
98485
83692
124772
83269
17899
60012
11667
19375
77871
103745
119820
46605
27614
101392
76784
63152
92423
55927
916
15614
58514
34686
47917
56286
42403
72371
67987
25555
53691
76425
107737
52814
98660
1521
76527
44178
97473
51229
109734
88311
86875
95777
88129
70116
87978
4061
56809
28305
108828
60793
51510
80304
5583
115707
114883
25599
103775
54589
109204
62618
98730
106584
47287
48167
44053
81219
125104
75186
116283
38656
22720
6522
7825
16320
33882
17666
78255
41808
49072
20261
10823
94601
18326
24884
110887
86902
108609
32563
85811
47952
86110
30152
13799
39435
71440
72952
107480
105108
121998
56692
122671
8170
41391
70139
70753
93405
46521
114112
88715
115444
105985
96759
28376
100509
113620
18532
5272
120177
8905
74487
115947
84798
76072
27265
81614
35179
76888
16984
7736
68346
47124
26982
113260
106836
78465
6593
3464
78094
27469
1333
5807
15620
74534
98666
76658
29285
109360
78749
31159
22780
66494
28127
41932
118532
9247
10775
9781
97522
108155
35952
26300
68116
123404
100021
65249
4675
79965
10862
3603
123361
10720
25729
101215
60999
2590
58238
25316
48717
112278
16436
103089
11824
72658
114252
116624
95451
74429
87474
91573
34711
63776
16796
23886
115859
119764
20610
71019
48136
47532
91631
120003
98870
77167
18982
124322
35914
28379
21629
73818
66100
121637
1705
83324
101299
104118
1007
86231
42022
27970
44347
105547
14505
23325
117715
78968
1771
14467
82699
29530
30149
68683
6356
13168
99348
122551
79685
62621
102894
22421
112381
16663
28723
101787
53388
32468
74416
8897
53977
16810
59630
121021
65031
102327
38613
68541
10404
21575
79461
115348
123586
92311
91651
120560
8242
38885
25738
63702
108558
83051
103239
1376
101091
32787
59936
36374
74747
75368
123212
9610
112808
20920
65587
2670
81281
101742
38955
66631
18537
32462
81518
3303
27651
45856
85704
46206
35224
46710
23037
61436
106754
48429
124965
34647
59398
38989
39885
21181
110168
34364
112260
66681
75024
70134
116360
35144
70798
77723
90447
64118
54055
82464
10555
80543
101538
63195
28125
8341
24897
80140
23238
90983
46253
93918
28433
15229
74812
105106
79531
106187
37965
15079
24219
73706
19000
52005
111234
104431
110796
53357
106601
16678
78591
61318
30845
97225
45151
115896
95934
104632
6311
3222
22803
66843
71923
30608
47498
52305
89113
117813
19073
91225
92576
56280
111013
84567
29631
74441
64618
43523
84253
14161
78530
6052
93068
86990
23697
17723
13657
2041
122267
20037
28941
60976
13290
39655
122165
112096
72236
70223
22407
30251
30781
101898
5455
43973
121580
122301
710
25875
42124
66303
30370
92317
120251
7711
12583
23795
52044
78856
117202
41222
8705
84716
106853
58063
97824
17274
93795
67520
79023
97647
43360
73331
56047
86519
26904
100473
42998
12970
115450
120731
21554
115198
40924
91463
48439
6510
66580
110835
38252
25653
34651
77187
97958
61111
67604
64392
18275
78300
82912
30849
2898
80522
122713
104241
45366
46026
112210
83049
6486
43438
20424
65061
107238
24521
46589
48246
86306
28754
29788
48272
36106
123207
31856
110275
25261
126456
22593
19379
34053
16384
24821
21151
21502
2680
31027
92920
41248
58887
47787
64344
60529
92019
21587
92421
76587
19789
83812
1571
98728
121352
78379
51017
48633
110918
15788
85340
69819
91943
110483
121995
46787
80220
106148
115472
51343
94123
75737
57126
81304
123199
67950
92391
79244
9002
67090
117913
97276
119569
61010
47433
33341
8575
39958
102246
115089
108551
108585
120464
95102
20284
42826
59775
20110
19071
82402
90851
79121
91440
49364
45166
38933
10438
33841
53022
91697
36445
49507
58287
105155
6659
80175
100416
29745
108004
50779
114878
21207
30977
28938
42430
84969
21979
82238
92568
109912
17599
3709
28914
98451
78558
42099
54533
52043
42553
79276
66474
10792
116164
6571
62860
13721
10129
84113
38634
48758
77254
85106
58873
104851
54956
30791
72067
61947
4720
3114
27826
101293
6865
14867
64676
17356
107511
47474
53407
104340
78652
4741
122823
123781
13796
97857
20066
101911
114924
13384
67435
53699
121522
20886
78942
117575
54978
89052
56504
41592
2729
23244
28903
112257
76959
59729
5367
12828
104597
16615
90669
99464
91284
9056
84177
112860
26859
125010
12926
17272
102835
57544
22110
3908
119749
43466
14895
104728
88333
97744
54381
30216
33306
36618
14280
93966
23604
25922
48118
5176
56585
69923
55062
19591
89558
47352
1854
82413
116778
41314
21362
22951
94654
65617
24707
5
30396
28453
26137
70413
37661
50523
50589
19209
61754
15983
1928
11496
51598
40546
102347
58942
35169
115028
83087
11849
41235
60211
116712
15928
84109
64025
66034
94849
52301
15200
66855
75661
8058
17226
30932
17294
13685
4453
75693
65167
84135
97242
89012
50985
48694
88616
50621
68607
95197
39207
78587
93133
102559
101019
125222
60474
93205
87937
56936
19503
65047
4222
116701
76805
110760
23635
123815
72283
39790
425
47746
68019
22156
47049
93101
78581
23962
16240
80326
72111
34793
98136
78774
110303
73314
81514
113946
81029
63866
16063
120000
110963
112337
89023
120523
19556
10440
105465
42976
85958
82611
70572
61470
42015
29961
8149
96773
85175
47670
40841
88701
93576
17491
53019
87011
102097
63676
63388
7895
74107
118696
70879
118446
51730
96332
51830
98283
46854
115590
598
43895
32321
81010
97725
104907
120679
38533
18389
31328
6957
90881
121819
19572
70470
12044
118010
7532
46196
99179
116684
58799
96488
21353
63850
39279
36234
49312
30150
24935
86439
60288
40309
56818
64257
92826
104712
68858
16223
17464
8756
38492
19479
63908
100423
62488
118763
83284
27621
90949
40759
17860
77350
45301
92130
2833
6470
1688
90932
1237
92789
29508
86966
83129
12513
24127
38129
84513
65738
126323
50558
35571
34706
21129
94127
26256
104020
117636
17590
75749
49191
93263
94841
92278
18530
41360
104447
89604
118615
23041
112762
87584
50855
104809
124716
49162
91526
119150
86298
6581
14939
77316
125913
75507
67887
41878
75155
29708
53646
112569
33023
116194
109943
108668
5626
60294
65571
26015
51621
33053
50905
17364
66644
21007
41919
90063
16301
112435
53049
50872
37952
78177
23624
13172
72284
55078
49740
14208
47458
65783
112618
25675
15181
8539
62184
88019
64575
109026
76868
88538
107603
11781
44564
58382
116383
15122
85887
84718
113914
107121
65093
76356
52175
32944
88501
16816
43250
77878
12182
116046
108636
85234
106418
81601
50504
84105
107719
105808
2219
15121
110956
58662
63629
42075
69702
109762
110216
66710
84533
103496
68339
44484
10694
9958
49957
117232
100645
34068
10577
59417
110173
120975
3566
6392
18664
91856
36272
120351
114270
55618
17163
123774
118599
2837
19063
109523
47272
33019
1402
27117
92537
111504
81239
122371
10193
8381
37778
105670
61832
61065
31276
80993
24480
42505
70436
104544
3613
126310
63346
105281
12216
16404
72616
46288
111049
98125
54811
14371
108211
26700
119113
109926
91138
8662
7454
47149
37973
18864
56545
99696
19188
118479
109568
10541
86675
21283
57405
102738
3348
15615
43748
63105
82893
67774
43048
18341
61236
110972
28643
117111
82478
81417
26996
103545
99851
111390
114935
114770
48820
18463
3179
41735
124697
86522
99937
85792
64020
102317
70289
40257
91077
18253
123901
80788
42472
108424
94416
13159
100373
61931
104215
113340
115673
41190
32861
35087
59822
85901
105766
102880
49577
72226
109293
11985
38297
101865
46283
107643
30208
44007
11299
116335
97259
9331
6303
41734
12634
14819
59554
107553
19189
41070
83047
56049
50643
49994
39046
107967
34575
126346
67905
74032
74528
88548
31201
112590
32852
12411
67014
29858
56180
112961
24163
7032
31415
103764
69269
70191
122712
37146
16913
17619
110210
114737
100266
38150
120882
54210
120267
91162
28896
126388
105519
75947
86608
119069
48414
68407
29411
28410
8729
96900
79811
102685
49768
94526
84130
110310
89260
66754
95082
45901
125306
40638
101393
12697
96329
60718
98601
79790
115241
119651
6955
91703
26671
93419
62144
64531
94119
76756
73499
107493
23123
79098
15824
53191
49946
76791
24397
35022
68703
1991
30282
78039
72807
121348
49478
4679
97833
37949
20196
81380
91743
45169
91820
111792
70546
15633
71783
18881
59008
58866
100222
61579
73363
47177
94828
55190
11276
78471
115464
5092
24854
8659
106220
1910
48411
39088
78552
86933
66928
8034
45103
24226
59532
90784
6101
22057
52257
112250
108270
4558
82185
11862
81696
18405
62637
10164
5517
158
109304
57803
81843
76306
117839
67338
17165
31570
109966
47926
68055
121602
85557
42854
11994
25711
4737
51878
17788
97521
46874
48579
9650
115356
76414
8850
122829
44497
88854
87779
64047
90330
79282
381
88318
38351
38085
40116
63634
26961
107770
96937
14868
124199
81193
48171
97109
75115
6088
41487
41344
53841
30774
60184
29723
13580
74341
47589
54618
56751
119071
114288
73700
77307
119858
19719
83623
34878
29698
79347
43518
19976
33800
95309
256
101124
99761
27968
47824
58913
56648
124376
22340
120896
34848
30823
38568
102782
104701
117221
59556
82340
34501
61150
62214
125731
51701
28206
17416
53475
76353
109346
10497
94977
31881
40353
56332
87814
6881
106538
83473
667
10811
52287
41643
83765
67157
8812
108334
117268
75253
60951
82187
14776
55776
1139
104423
113813
100737
114782
11672
47478
29590
99463
42364
124500
28214
17514
15410
80363
78993
37970
111112
91607
68634
68598
6495
108511
99771
22261
90729
107099
124547
1135
124962
108
18276
35101
3145
16061
120357
64163
76322
55732
75866
57169
84961
40236
102998
124903
79541
85080
12407
8896
4677
75201
24980
80565
31354
18563
79092
16169
105234
51424
110590
56203
51594
119687
40006
787
49815
38891
102095
40195
72792
8606
10666
57038
112271
98540
7130
122543
7759
67545
90873
36940
42804
114662
23584
101342
29281
70969
54913
118078
38019
55709
77753
91261
92632
72597
46396
2770
63931
125997
41716
57927
650
66730
65205
116770
9646
40192
97433
77210
26812
46136
56160
29178
116705
114460
115991
38754
28080
75700
22572
10582
64487
19307
78212
123626
61788
40187
28854
104075
88882
6500
25734
27692
61073
116103
81553
63294
60861
22671
14378
71977
43742
4824
42966
82456
46157
77343
95304
39651
13863
82437
49043
98542
32016
68078
58149
38462
65060
10630
95413
5874
51858
114286
112395
6271
104933
81993
52833
46930
122535
12975
95553
84643
75056
105521
6424
3349
48646
53792
103274
71644
6226
91720
83144
117065
55102
37990
86018
75606
36178
63273
53054
42230
122563
55238
74511
81634
69487
67297
55487
102418
16622
99941
40230
52946
1289
8114
11543
61744
21120
60627
44762
94222
83077
24653
95740
10075
53553
65072
73762
122524
28093
54746
102569
120723
2152
107903
120158
19067
121811
17131
28341
73915
60213
124381
21803
67622
74839
14320
51576
85883
57409
21046
74055
14453
38245
95028
20707
73954
27655
3479
64337
118299
38438
35085
98252
34478
55587
52505
60576
28597
22675
36670
70527
111573
115175
66596
19964
85692
6551
2904
8249
55034
95562
100319
48950
38509
105705
26960
112023
108889
5664
36849
97156
52161
37220
18943
113465
28493
60717
73148
69907
115566
119297
17977
94346
45843
34583
55996
82061
112375
31357
36759
42257
55339
32906
22944
30708
119332
44786
76444
93688
33372
79632
1661
54896
102671
114149
90915
116278
11268
10641
32089
10221
90051
8923
102934
70230
99472
49291
125139
34419
4833
34081
52639
11303
16458
22010
55388
96750
58449
18928
7730
89640
29744
77615
116975
44560
39983
45428
36256
37190
45712
72899
3134
81471
83876
27967
26463
110183
42628
79059
75420
123876
108427
34037
62111
40581
53343
49620
7401
78625
58547
42776
103974
16226
99199
117823
5602
82589
123597
20324
75733
23187
110192
122797
44973
110680
45276
10832
6202
83305
87505
119936
92786
102445
98100
105702
38183
1749
39481
33436
122422
30609
123472
37138
111425
