9D73G9XJ
5S0J550W
RVMRETTT
RTYYQ8A1
D4Q04EN2
O7MO2XN0
T7SUIPSP
JNBCFCS6
WX1GBWD1
U5BGGMJV
Z56VOU9Z
P0SRMY1Y
GYMSE6WR
3USK859E
JQVBDGUK
GBWE4R0F
7BQNS3CU
QK4BG6E8
EPZJLRDK
5MUDEX6F
ZIEDVVP0
2E4R3MRI
8W5F2CMA
ETVOFD1G
0W4DSREC
A15HRSVS
LE1SNNB9
EJO102GE
64840HDI
U41PMSN0
CLMBY3P4
1NH5DQGZ
LHLQS8U8
IDIV4RC7
J05IN8Y1
7WMU4Y4O
J5G9YDCB
ORIVOK43
KMUURQ8B
HEWTXY9C
LCQN6BEO
MHVJO7PU
GKEGGDMH
BQ1XCG6T
WOH3KN9Q
EMQNNUV4
ZRO17PNB
JUHUC5KB
BELA1MZW
H80R083D
JUJ69SQW
WSGLQGXK
CLACXROV
F9EIZR8T
5KKIS1R1
GF2YHZ4S
TXYOPGMM
U4S737BA
ZQT797JN
HWEZKAN0
F5EOG09U
M1S44Q6R
9AHBFY7N
E45AXZEQ
GZBKE6H4
3ZJPYBRN
4GMEFAHU
66CTXUSW
U69QQLUG
KBXAS0SJ
USK6RKLD
8MK4KNYI
46LR4L50
UG9DMFBV
LBF7YVO4
FVGEH3NI
5EVT0HJU
OGB4PWM8
TOH7Q6ZA
5ZHY4D7F
GFLCYUT5
SY7QAKQL
VM0CKSZE
SFDJ5EVO
1HBP029U
VWKNVJ8U
8A477SS6
DDTBHOOY
41R82OID
QODS2JSV
IGA6VAME
6NC9SC65
76IEC9JU
CJIWCKJ7
KUL5UF9K
TGXXZ3CS
SROZ6Y3A
5ZX2FZ9A
MW2ZJQKM
MHLF5JQE
J2ZDXGH5
Q6URLYNQ
GKFZZSMK
JQV93WGQ
ELK77HTI
LP21WULG
LPYI7D5C
7MDKNR1A
WPUSCIFX
FLCLY9M9
EJW7IGBZ
8SZHSXL1
XM4RCXDK
MXW1RIWM
S5P5V4ZV
Q704A601
KQM6F4RY
SIJVE6NG
RE2WXP1F
HRG7X3RB
ZBHATAWB
DU4VHL6P
ZHARS2C1
K35W3CJP
6N1T9837
SBTSVFYS
56IQM7LA
CXTQ4B7I
15U6D5V0
4AER6UVT
7EO9DEC3
7BJD5GO0
HV0I2C04
3OA83K63
P2LV9B1U
91MVW990
FFNIXL7C
XMTRLSH7
PX866DOL
NLZCC7V8
ELG0X23W
Z196ZFEL
2K9IOSUJ
ATHE3Z2S
9WS6XGX1
ZNS4ZPK9
XBGK9P1V
M2IKC6UM
0RUO70B4
2YNQ5AB4
X0EQ3WOU
KRCTK39H
QLL18UW6
I7RXXBTX
UB6XF3F6
AX6VCXW2
46DJJOJY
UKZMU8XU
0S6CCDGZ
U2X2P1KG
K3BH2Z8H
5I4NQORA
3IT9XOW0
GLT1WBV8
9AKOBCYF
G71PCU0G
U03RT1H6
W3N8WE8E
3MFHOO71
CWJ7ROI1
5VCFKKAZ
XWXVCEB6
MBLEKVKT
ACOMZTBA
VN79Y99Y
NHCPO3ON
J8W9K668
JCEZQ9JR
YT5M405W
ATES8YPN
9ASQZYA1
7IA09SUS
46GX3H45
I202CF5L
1MOVTG8D
LGBJ0O1M
G0RZTZXO
LSUZ2CKW
UKFJ8DN7
WAQLRTNQ
TT1KWJ6Q
24GFQAYP
R0AO3OBC
FUBHKXZA
41PRZ11H
KGL4M9ET
7LFHMC90
ZNV13THG
F219VN3K
349W542T
6AC8PFOM
QH9D8Y2V
ZQEMCXX7
4NJK2SJ7
0BZ1CJJ5
1R4UJ8IK
J8IJX3GA
SE5QNQGW
6PUNTGK6
GZR0Z3U7
W1N9IBLM
9N1OTAYK
03MYO6W2
SEMSLHIO
JELOD3X6
5HLLORZ6
R9L4QWSP
ARL6V8GL
CP5RK8IT
0OAK8NJO
JPQCN9E6
ZFWA17YS
29K0Q3W1
8JQT45HO
1QIZIPN8
RX926OUR
37W2R4Y0
BI79VM2R
H9Y2D9KL
C5RTI5E6
XQDNJRUM
PGRM096C
U6U7PWGZ
LHMUECIF
XDLQOA1X
IT9U3ATO
BQMHFMC6
IPMJ8A12
6505YQQC
43BYHAAW
5A7WTTH2
KTOEQE3V
8XU5CJN1
OPJYV8D3
TKO92FCA
7FUZHZFV
GDYMGPKU
S7YOWY8V
EZWOU28Q
EE5W6UX3
XVITX9SV
0FM4U4F6
K21XUS9J
EGROFLGF
DEOQ6ZLC
Q88IOLSV
O7YSLTAS
D9AN0GI6
ABVQJS9R
AAM7BFRL
3BL42S65
N43N5QD5
JGH0XR48
DLQO53P5
SLPX10G1
G47S6VNT
14RXZ4W9
AHGTLX81
T7LY8SDV
9VXGA4BZ
3HWRRKB3
BL45V78L
9DIOM0ND
WWH70COR
TLADOEKH
MT0DTJ1N
568LB2JD
IG5MY9WZ
F8M9PN72
1DJCLZ1Z
4OYGNKR6
QY33LUXH
ACS3FETL
4E5RQ9R1
GBDB8KVB
SAQDYDOB
FSR26ME4
XVMGV29K
20SQB1N6
G464XAJ1
MV3BILKD
5S0YM859
EVP5FRMB
ZDQ3G8WZ
ELKAI8DT
YWY5ZI4L
YBZMWY5K
WI8OQ0WS
C7VXQLXM
1SCRG644
P6Q050VK
14F7U8BI
EPR7LX7R
HLBRBAI1
T6TZ6N2O
SMAF82WD
8SQ7GPN7
OAYBNM87
NXOZN3D0
U1R2PIZC
N2IJVNI7
28KDZ55Z
MCR6OGW9
6S8J401K
UCEMYS52
25YT50GJ
220VMSGV
VE409T90
0ZN9BC0B
QR2WFDLQ
D5VGM4CJ
73RNPP8V
PNJAGUHR
II58OI0C
EQQQAXOW
2DGP2TWQ
DM1J9CU7
8BJYX6BF
QN68AA6E
39B5BDQB
XVH5L7DY
HJVTYW6G
GPQQBGL1
Y7NY2EGW
Z8XUTSV3
TINMNM09
HT5U0GNI
QW410PGB
XQCGM29F
9737T1LW
YFNHT4GZ
RA7B4R4A
QDYRHPRL
NAGSSGCX
VOCIVP9V
QJEVI44I
23HJ8W1T
ANEZQFS8
JZU3QDIN
JEHB1QRW
7GUZVCLU
Q44URH0U
3TPWUB97
LZ7JKUKY
NZUH7AVX
92BPDLKS
UHPE6TTW
FZIW5X25
QKAXVAQN
1WWJ1X58
C0SRR0C2
M4I2ZM0M
HL0JT0N1
4LDSL6D9
49XI7DBU
RZIQ7KCV
WUMU6MWU
0NC4TMQQ
O9T2TIY3
ZADXTSI3
MSEK78BR
ZNSOU1QW
G6JIX6FM
MMFAKJYD
5UAJ47IH
M8TI1TRU
X5UFXOAT
LSDM3IRQ
576UH1UV
IAXR1L4E
9V1M297O
MVP0I9EF
KCJS3BMD
HLP4AKWJ
HC13J4PF
IMF6KCRD
XICAPIM2
M85NB19D
ZZT3VIQR
Z7LZHNSJ
OVP4IHIP
IBJAWHES
Q9L8XA6C
EWYQXPE5
NST92M9O
GAPPPX7Y
B5N67FVS
NE70OPE6
KH1SRQ92
UWC5F6NQ
1HN6ZM34
CRQNHN6N
0MVDGJN3
LKX3SN6G
4NRVZFW2
3PD4GF7X
0P8XGAI7
