21200
24219
2973
3154
43567
4408
15068
2916
25788
7077
31413
32397
10776
44972
45826
31021
12374
12816
46451
18979
14717
11254
36801
10215
41456
4407
47557
39706
29412
17593
35089
27287
33865
1994
42920
41182
28890
10741
40183
38393
23311
48635
33435
34918
6266
35059
40518
46273
43381
4394
5775
8588
40667
5165
17116
22986
22095
2764
24291
4382
34125
23
9249
30117
14745
26654
33514
26463
17978
16101
33796
42032
8164
14069
36772
41532
30824
25862
32649
14059
9973
4656
10285
5505
37729
12362
37510
38824
7869
46271
26028
32533
21655
40899
26
14633
17230
23071
46903
37107
36394
6856
27838
10439
19205
43771
46864
32192
39812
35581
10448
21715
12531
14742
9322
34248
34178
11382
45830
21174
3151
12582
9214
19419
33590
26634
23637
19671
22522
36549
40582
28070
27280
22510
44704
5439
41651
10518
1525
6600
928
19322
39351
11524
24476
16635
18333
31825
18908
8704
43772
12587
30640
17238
4251
7344
40764
32322
14740
41065
19261
48068
11212
3502
20020
22732
28966
32218
49344
46922
14984
43475
40925
28885
43527
49548
1083
34703
10986
19313
13469
40393
40265
48513
632
5347
3532
30638
6234
20480
44365
8987
21089
16510
18880
10467
41039
12150
21233
29128
42325
31365
32199
38898
3490
38315
14564
45989
4008
12257
45639
31557
6770
41002
33432
49812
9747
33342
4432
41178
33675
30411
27020
31205
10894
15904
30119
18109
49060
22570
22183
15639
16115
47878
16902
25324
31693
43775
8426
26047
4644
47556
38909
15088
28475
16610
13561
46996
46570
20742
32550
45695
37868
39539
9042
42523
13724
5447
26366
30998
20072
1704
6582
48102
34352
38582
25364
45247
49621
25248
9774
33318
41304
11494
38506
14208
36547
10653
11962
10687
13900
38573
40339
16
32112
29915
41616
32417
40923
1717
12681
21043
21185
44638
41364
36508
4113
29240
45164
17471
636
3920
35065
9652
21418
23176
44844
45118
41709
17078
45722
29455
32918
42485
17804
41749
42435
33543
37642
30874
27572
19621
25446
23581
41428
20654
47933
22167
5459
8311
6603
42803
26866
21042
30571
44892
15860
46857
6857
38612
37334
3308
6965
38487
15098
40373
22174
5651
44167
12840
28741
41269
46339
46566
44383
17025
47082
27980
35678
36158
1418
46618
31936
9377
41552
45675
39260
41186
24416
16352
28776
11439
12694
28692
42794
48461
6967
25653
21806
37542
11714
18302
3085
48900
10680
32744
30949
44437
13347
31017
9661
2697
26306
11924
2933
9976
17947
5139
4755
28370
28378
41686
27592
44534
24827
15164
20064
28118
43902
17676
12334
38951
12713
14092
24807
25164
44806
47171
23995
23905
1382
7439
6383
41661
43419
32098
30641
11467
1232
46263
33359
9285
17215
29833
22116
29978
37847
40714
44575
7746
48936
48983
40994
8752
31559
34816
11665
33445
10720
14019
21350
11006
21928
19561
2504
3814
1985
10935
36735
41539
9590
11273
11002
32288
13699
6742
49449
10074
14105
46756
27641
48439
26004
22915
30331
17781
41431
27341
1547
15321
34369
10682
49830
47996
228
39157
21236
47954
37548
10182
32754
44667
35249
15704
41020
12845
22380
17214
1330
48494
26464
6096
42786
45439
42760
23224
37688
19777
11964
24644
23164
9920
32619
36528
19696
20657
12510
16385
24208
47107
27178
2885
35594
26754
25737
23202
21545
36728
2609
22209
3480
15246
20232
12865
20433
19128
2365
23580
40461
34717
10952
6986
4223
28583
30659
4663
49577
28998
19796
14511
45364
48470
33446
15667
935
29795
16641
35962
1065
31842
45678
13944
39464
9627
4969
47867
33725
22426
44859
31757
26607
31330
47990
2410
28702
42784
9631
8521
13695
10841
7078
6197
2180
30981
43779
29493
39124
37543
3717
22232
14286
19649
44947
1149
38260
37744
28323
49964
26831
25268
143
7673
44236
44901
16982
44050
17208
10181
27351
29919
11568
49518
23636
26651
13026
48325
14152
43430
39692
34137
9346
20083
5151
27217
23153
4338
11012
43864
25621
45062
8271
9743
1508
6901
16672
32201
5968
41396
35828
23097
40237
7009
45338
40468
5663
45188
21184
30858
26535
22665
42684
21454
1947
14232
43979
29481
10629
40245
10417
26438
44939
6208
34538
23001
5964
9701
36848
27905
26114
9292
10963
4528
29500
34989
37027
5961
3125
26340
9983
25557
4257
30222
36994
47407
563
41977
3034
20865
48909
37365
13221
30346
37207
48804
45739
43116
45523
25605
27303
2117
45402
28901
13649
28104
49052
30778
9028
2740
41859
31622
31828
18679
39122
35546
45234
16922
4474
35076
37018
33555
39964
9267
36282
34154
9723
2949
6370
38672
25755
16682
4040
48290
33611
7096
34953
39360
1667
30872
16867
28615
24377
16721
34438
17066
41691
34256
41084
8764
43143
39121
42758
17141
13362
3213
17190
10018
6284
21277
26774
11949
39696
11917
49930
6030
8461
47402
28504
25848
20836
13313
1573
2402
41582
29817
37665
40261
30794
29986
46969
22533
46535
33084
20908
43236
43219
28072
34079
4439
4782
26804
37036
32236
11301
49216
19110
25537
29743
11271
5310
46703
7994
32148
37825
30044
44930
25262
5944
34411
12650
28298
36489
620
2447
11542
37857
32826
6722
3618
28202
40290
25208
6285
27971
34261
3578
26784
24704
15492
21875
35959
18026
36645
19736
9576
45960
33465
27358
13969
15503
38572
15188
28584
38478
13309
7422
45649
16821
14212
25169
30472
5853
42471
20455
17605
12356
31247
5976
33525
34889
33366
45149
49180
12433
14537
21393
48784
46342
12542
23871
9992
28125
9139
46692
180
34016
7225
24229
39990
46677
9125
8791
30625
3533
48834
30243
1970
17041
29708
47356
28304
28197
19317
47440
25940
32121
38411
20068
22290
1324
1312
33424
19386
26361
19214
41306
44825
5094
49475
46203
16530
47924
28824
2984
27095
5757
37682
39119
27581
11902
20169
30345
40338
33330
14649
32911
9069
40882
38461
25117
30708
20637
39685
38718
48399
3284
48158
48783
4716
18616
39605
43934
33741
48862
9634
20231
6301
46014
29038
37987
36746
20142
43817
3909
2231
7462
37383
7915
37971
30701
13792
6973
26689
45845
4849
27077
39051
28249
16694
34484
8017
46942
43325
46364
25376
6219
13426
41330
13093
1629
33356
38941
48553
23252
12317
41973
34124
20174
28262
35142
2232
25149
3021
3593
20379
35787
20026
21008
32583
26993
8010
35838
19585
37404
24828
24498
46532
33837
26537
43347
8714
35160
2093
24302
24294
26305
16477
39369
12569
49263
19240
45508
46296
18028
2549
6982
7819
29744
40247
5497
26466
42832
43197
24963
7175
7348
29573
10062
8954
26947
392
5625
6318
22347
47660
31356
18270
49089
13769
31333
38724
30812
37574
33828
45410
1810
4619
39930
27364
33960
25094
41594
10563
9617
15480
27979
15726
7692
11164
45416
27155
21231
13674
264
16838
28195
4259
36007
35293
36069
47736
45407
27619
18118
31753
38702
47650
43657
8321
20193
30406
24279
14898
18256
34465
43823
48178
31524
2138
2902
6930
31445
13628
792
5762
30899
12213
24091
28816
14123
16472
14746
42928
40777
23867
5153
21876
27258
30910
13032
6012
12696
43876
16273
6755
31937
500
14267
24690
42123
7545
3469
28989
33249
33455
45929
9355
24853
48324
46582
46917
11207
42131
16836
5327
22629
19757
17081
34929
48967
41444
12071
21660
25112
12996
33776
8514
35736
27246
37570
48097
7743
8180
42781
34663
13391
32844
12633
729
6462
39722
35179
7774
41938
15132
39526
16603
6619
49679
37933
12732
46171
20987
16071
8883
10123
2554
24539
33615
10667
2531
5444
48593
30885
34858
35042
13647
1666
14386
17644
36945
49454
29508
24116
20139
4146
7876
11978
16174
20826
37730
43672
21667
42091
2564
3087
42421
5638
36199
7783
12517
37576
4025
44951
19190
29550
3904
5851
4835
8414
6929
2174
22021
14476
21902
10754
40815
26943
5254
40077
42500
19040
37430
28650
19200
28935
14748
32925
4459
18077
34646
10481
33314
24459
39705
24209
29916
24380
7741
43542
13903
24928
36681
33049
12525
49696
35481
20237
24573
28518
38008
41911
41045
30956
31860
16051
8150
26598
37005
34185
9101
19480
42573
36752
33192
46516
38307
45898
40632
7074
28424
10250
33299
26084
49280
23840
24878
9094
44021
38930
6064
43894
28286
45074
22407
40018
20857
26983
10350
12950
14947
19161
15359
30277
37572
1128
25133
22193
20161
47579
6580
14197
6229
5286
13954
30577
25428
24298
48799
990
3607
11269
19405
32499
49281
44381
33878
35278
19361
28238
16130
49335
15745
45412
12291
4786
41128
8381
29341
32088
41102
14217
118
45451
24106
26196
17379
48872
7939
7496
46055
13487
2308
27728
26575
2039
28548
30293
29027
2876
44907
12248
29734
10258
34202
46119
35225
31703
36063
44113
7896
45056
48883
44127
18538
40223
27426
35963
25733
20378
34246
39710
28933
28835
17106
16121
21032
22964
24398
47362
45894
14995
16313
7407
36314
25051
17021
33136
9364
34892
34997
47861
27917
11865
33691
33227
16363
27887
44183
40726
34591
458
22230
12366
8276
888
48353
30864
16251
4214
37816
14754
16299
28796
10756
26439
32434
30500
11035
37183
22057
48286
8385
20737
31714
48156
31712
20980
19449
23231
21250
10133
714
41573
37010
17061
33916
24236
26058
5521
36593
13398
1426
7825
19323
22023
1051
30690
41137
3076
28305
43699
43855
46706
38191
4495
1795
30792
19842
3830
29657
35068
6440
16209
46799
32514
14428
36427
4869
35457
16011
1356
31359
17357
24689
33917
7167
23528
45459
22969
43953
19012
20014
16752
47917
23817
34245
10549
1259
21404
15605
38837
27422
8095
23038
14567
20276
40538
6505
36310
33883
29338
14661
1455
31452
15776
10466
46552
49095
19235
3644
4088
46234
45096
47190
6668
35423
9335
6609
48530
46892
26223
5643
13315
19163
15669
18655
35464
18805
8343
25353
4205
35565
8578
31570
40633
28307
6434
27533
117
49687
28708
42668
41641
48010
7150
48760
49040
19929
48899
2978
45143
44058
4080
44490
11128
588
24666
42778
9519
41527
34685
35415
3137
18374
43004
20931
47345
33958
21110
11414
8951
42819
2378
23410
26662
43355
28174
42765
13442
30492
44625
30043
12223
48859
9206
49685
450
24402
9798
14463
12843
18036
39039
1177
10886
5028
38266
41980
46839
735
29539
27171
43178
48600
27489
12368
7483
28442
1988
28145
27983
11706
2611
46959
11929
27490
9715
7326
40768
43992
24269
31956
17232
23851
24099
42966
34085
47064
17711
42179
38158
12478
34255
27382
1347
12355
14406
16084
25591
17655
20360
4967
43601
31606
17048
22697
28276
40040
17659
22534
15422
28022
14585
42075
21066
21229
46199
24373
22196
30126
40904
33364
28550
44244
31669
27261
42235
3674
15595
22937
20644
43476
4240
20119
15871
27404
24973
48371
49260
41131
7494
33914
6051
18647
47114
8431
8161
4699
45787
17068
4982
23050
6140
27617
20522
22464
26302
27981
34254
32750
39384
23417
6391
21170
48468
23453
42586
33180
13314
6394
31949
34104
41355
25622
5702
10702
17615
43547
9166
34236
15134
37455
10647
33979
84
25471
13477
20716
25486
23699
32381
28491
16876
28573
41967
595
42451
10328
28617
27443
38710
33385
33391
30420
41208
42674
12116
45276
23289
23959
36634
25975
12415
25316
44599
42693
20302
20557
1042
15129
39147
2586
29675
16135
46590
20619
38253
31955
4384
34600
46159
14414
6463
13770
6920
22529
35494
16202
44561
15752
17675
49321
46116
33138
39219
46572
34224
18237
7711
25442
9003
5662
23439
38948
48337
6496
3553
32986
39382
2956
15986
32817
44956
25063
7132
12490
35182
25214
33177
36198
20516
24163
41191
6625
8162
27377
43997
20166
48218
13641
13496
40081
33760
17416
12255
23158
11727
4036
10171
23019
26093
10751
45746
25289
10492
27950
19033
15836
19709
42493
32671
3571
49673
21780
6392
28105
20744
11910
12335
30302
18798
11084
48929
35466
41832
38074
28363
4517
36545
6190
16528
48715
7855
21091
37667
22871
45801
33546
11340
39989
13179
27779
43897
33322
20118
42057
20104
14461
25934
37290
10226
38608
30205
22668
47073
8538
6778
36345
11702
45535
6404
28593
7465
34748
35024
37332
40006
25987
32799
20840
15698
3231
9047
36105
41153
12040
19367
32603
41048
17548
49149
44340
19256
12349
32366
314
21432
16495
23275
448
37245
23321
31163
26272
18981
41839
42130
1828
47182
6936
47427
34230
1652
21978
13143
33724
25507
45016
4405
30490
29084
30746
47277
42344
14507
5364
14466
32776
30780
25782
28413
47269
6910
9609
4022
14651
21566
12917
529
47293
1884
34952
20764
22505
18764
29153
41933
48882
30860
13097
43023
42339
47906
2235
4877
26918
34100
5664
2001
14090
42492
7237
37803
21108
39261
37789
43946
11730
12337
33360
8735
48636
36522
45587
47868
31967
33463
37494
44209
46424
45453
14861
34542
30268
19535
34313
26824
5595
5960
4562
33182
14283
43313
29131
15452
12270
34365
48273
34617
6593
7016
46641
32247
42408
17105
21954
9313
26574
18033
27524
35148
40340
18572
10649
23622
14272
18435
24497
2727
34930
46616
30720
38517
20837
39765
10689
27457
41655
12613
34384
17708
16519
18596
49715
11983
10502
45996
49396
3341
41813
21299
44251
19210
800
37462
2871
35781
35641
14528
45367
39399
26959
27667
34010
41161
4479
44904
22311
42809
32301
37296
12215
4381
9718
45532
2399
8361
18202
48618
15665
46902
47885
6644
27797
21007
7780
34376
42874
38895
49320
8819
44120
33120
8474
40913
32220
18223
4212
25895
43621
26383
33009
15172
3615
42079
2514
43800
29217
38589
5440
11413
17674
33266
36537
23810
8395
32266
43519
35396
13048
22257
5912
21611
17011
43560
48769
13158
39052
44505
15648
3725
45628
709
36704
23393
22024
21258
34799
2439
21560
43993
12066
34339
11827
30167
10725
9657
44762
28925
28153
15679
26214
43235
38859
34460
43452
31156
32273
37810
23770
5597
20006
7281
44203
23896
46900
10179
6896
31372
33987
14013
34341
45190
19823
27830
47498
9046
22356
21603
33872
39189
1580
16391
15598
21695
6917
20356
41700
42309
47984
28018
28482
30326
36592
16920
39422
9598
49117
32916
43874
49023
18130
17547
953
42811
21001
14277
27661
44576
36564
49825
48678
24683
33150
39372
36550
40570
24738
22674
1806
15590
21440
1962
49973
24660
14715
15658
42418
6216
4913
48587
20172
45943
26839
3181
3989
5491
21232
8281
33628
21512
16901
19111
35443
8025
19516
18956
18127
41950
40516
28762
6168
3456
5434
35965
19168
1719
33764
3735
5400
23126
40005
29645
702
22672
37549
17790
17897
26713
40126
42525
31320
47220
38901
34107
22917
10141
3529
9457
7409
1317
415
20216
13472
19232
17484
18477
14807
44584
38228
27324
20136
13913
23564
31029
38757
27585
12925
27209
27982
41575
21996
39779
42737
36068
32616
12416
12848
1309
42511
25828
44174
29707
11855
31665
32717
11225
13549
217
20540
45373
20097
5035
4580
42624
48597
25595
43617
3403
29403
29958
39915
1740
38552
33103
30700
35501
7601
20906
49524
42722
16975
26972
49399
13373
2849
26527
23672
45745
31991
35254
18
6218
13927
38234
3164
9693
20735
44376
20912
17197
9938
43248
43916
31506
18914
44970
27026
14153
4035
25474
36973
10778
37637
11014
8144
21270
40958
17954
49533
16419
9668
8076
27671
22255
6725
1390
12874
30862
10407
16004
36804
819
4572
11897
24763
43689
41074
24316
1736
41631
34207
35188
5222
13254
23280
19899
11922
46363
11522
40118
21538
30423
3754
11508
5150
34745
15173
15367
7207
44723
4417
41376
14378
14480
4446
1675
13767
38557
13341
28127
37852
28386
48329
43544
13214
16695
32017
16772
10470
8067
45767
18587
32056
8279
42829
33859
32425
15699
8619
37164
27211
48558
16325
35189
19636
47565
31431
7425
41788
16398
24762
39249
45365
11630
40452
7182
992
42331
33331
42078
45750
44922
43031
1036
6882
22252
20177
40456
13033
38655
16064
29877
32877
44588
14870
28731
40782
44100
24665
1210
33447
44461
37551
11734
29054
29517
18215
39225
8765
14052
1609
17689
2661
25714
27125
28589
11245
20885
21470
46178
47778
14670
15562
27494
11300
33276
41798
18672
35521
31549
28876
41866
34468
29245
34843
91
26642
40486
10016
20364
18054
5493
39268
14694
47394
16403
15967
37305
9079
18595
43605
5804
35875
38231
37483
37406
14868
24686
31323
38196
42333
5380
2181
20880
19596
31193
45395
41726
46377
27878
44977
48839
2386
782
29504
20459
7557
10374
9269
45583
1521
33018
13228
26900
13178
30901
22046
27541
34159
24227
47872
37261
10627
46859
42109
46868
13728
49259
35706
26704
30233
15911
2730
2165
23666
25929
40496
15981
34197
9270
8760
4560
43638
48914
9196
48917
40608
6363
28278
46391
8347
3460
37565
25562
34444
49519
45808
31198
16054
46261
49462
9474
47454
19572
34326
14380
38018
43305
719
29516
13436
31705
31982
10630
26523
12103
49692
37563
12140
42842
16781
37113
16114
7929
44170
30773
1459
37114
36853
6442
6486
29025
41541
15395
48822
36655
15976
25126
49373
24787
36980
35614
28136
16617
7765
32786
45405
22887
5453
1524
6182
21292
38324
1968
10003
21269
43850
31284
41358
14652
13427
38122
29093
39367
17757
22787
28425
17207
20601
9901
27477
47554
46489
152
14135
12645
38518
10904
12383
35220
10327
29253
463
25538
33811
47026
44589
15435
34800
46738
17720
34015
9276
39488
23324
8912
49471
45740
48603
25801
21572
31574
36569
2302
34924
941
17085
36516
20871
47967
19896
29963
49688
35452
2070
45248
21713
19388
37233
33591
5994
11186
29600
37217
9994
10065
7051
2183
10402
44071
28596
18175
47991
36721
5049
48001
211
15925
32730
5892
26457
13290
38394
32144
9604
1587
18547
33716
2089
40727
33983
14774
8754
34614
40408
2298
35859
4151
25152
32993
5293
11777
17744
27248
17233
15781
37930
19193
16591
30018
13403
46620
42696
42002
1261
7472
22408
20925
9783
20563
867
12250
18786
45980
13877
44224
31566
34903
37457
7304
17909
28928
21496
34017
40491
4268
13855
36474
6043
43209
28446
2989
44122
45187
36785
28172
43194
33132
15691
37512
13478
41630
15139
35927
5576
45447
32516
41462
11468
23168
9810
40045
22878
45303
26151
48442
27421
49724
24481
43059
32318
30057
31840
11383
3585
25228
37199
39174
18989
47603
33228
41082
28135
31476
41975
27456
37447
49908
17459
5705
49697
44459
3179
42949
47180
23687
46735
24039
14422
45982
26841
23686
9113
13177
2362
21686
13393
26384
27381
37782
17892
43631
28696
40266
17734
12655
10900
27988
190
33726
20454
27977
46549
27145
27681
10458
14961
22025
13227
31759
23641
21044
35842
3948
13087
2196
16243
12595
46397
2593
13923
4172
22546
18147
13635
36793
19467
41515
20700
18181
3501
22019
15638
19035
10926
11167
23365
31597
26696
11366
29087
41986
31702
44009
20745
1608
35040
7164
18199
35357
30244
3831
28399
39468
4
10974
47174
25906
21033
22631
29074
16258
11297
5419
23561
33022
5123
35095
2785
44791
11652
3200
6723
49798
16076
41350
21063
33804
3643
12430
16804
8463
39860
31587
43592
19798
14660
35205
1170
22414
12955
2923
883
11277
32212
43005
34532
33519
34216
6446
21926
21305
20812
24339
45651
41266
9936
22809
15792
40534
9446
33212
31998
17170
5802
44189
3649
41244
33870
19096
41091
19216
6528
34145
35414
43747
3597
8719
38727
45608
30828
44075
5641
5901
47139
3297
25533
23177
17225
40465
8174
39642
45864
41055
32605
44626
45829
8800
40966
25600
12481
2366
15545
9805
7852
21552
9350
21776
5956
23099
7581
14470
26903
18343
22739
2131
17362
15142
38190
3779
20993
47629
47608
46469
18308
7058
30654
16663
47681
31302
11816
1871
33357
33439
22758
38988
2751
5300
8349
30945
34517
9110
26046
20495
45600
40044
3134
12539
29923
13368
4614
29536
4187
47048
33795
2394
27820
20254
38929
28065
27594
35824
30040
40568
48982
46003
33651
30564
27842
19011
34342
38799
31578
3427
49330
28402
19312
11270
4152
47152
27718
22428
35520
12680
6377
46170
42412
16015
15934
37870
15418
8044
46191
18580
10846
32250
37636
27509
41101
6215
14404
44865
4437
19132
24095
40908
46751
663
47637
34272
31508
30189
3985
15298
10717
31517
13422
26428
9363
42159
17985
39898
41969
40701
10529
567
45849
29414
29560
47167
43471
24958
8441
28119
3088
46746
45642
3138
10271
31668
43917
28701
42329
12321
5601
39321
9472
18847
30566
7456
41583
9453
6405
24863
12564
40684
42645
31195
9264
30196
7417
35868
49350
36820
22503
34595
21879
29523
36432
27908
39783
28963
2878
10499
6116
41143
24951
35721
35132
24732
41145
30818
11537
21646
23582
27519
49239
25624
22790
8353
40974
44436
47068
45022
43037
12547
5436
48177
40314
11501
39363
9475
11234
44712
26524
37698
17712
18441
39014
14602
19962
1982
18967
720
5468
40543
38396
12253
27633
26734
46513
13479
8424
26090
31228
3729
35663
22643
16019
27356
35558
3817
4100
14634
17569
49386
31082
19821
36083
26197
32621
49484
31052
16005
36523
37423
4566
28788
47973
43734
15446
10919
31862
44103
12174
21282
14303
32725
34923
30097
45254
7066
12125
48166
27647
4461
3669
43791
45685
40522
19325
47685
28089
12888
13717
11363
17366
47941
36206
46613
12469
21135
40968
33688
4360
34162
45470
29590
34471
22120
29747
43736
35286
30497
3234
18553
49198
30738
41722
44406
10042
8289
15026
8815
28669
29069
28658
17376
42081
17124
42591
20125
6483
2321
29587
48632
31865
25381
4097
49592
29137
16969
11499
23549
13332
27949
36374
1070
18528
27072
6652
13911
38013
35775
48805
1557
31350
11320
18080
3401
6669
33930
26530
6985
46520
2152
28897
47146
46405
31527
14142
13236
35709
26867
48845
20270
28987
41918
31554
18398
18763
47734
30827
26359
36258
41385
11770
42878
37453
15370
32011
49779
37374
27115
38311
21600
16664
29595
33549
47751
32169
46510
37188
19629
1304
39969
21877
25377
22270
38634
8159
49850
17946
37846
20621
6924
44024
9717
42124
36708
8087
8008
37228
35595
7301
15015
20048
26971
12530
8009
38052
4976
49703
29293
45793
31238
31575
22916
34346
44038
23183
30900
44296
26295
43432
48069
14156
17677
4546
45136
32708
3224
6747
40033
43620
11333
16665
1761
26232
49589
6599
23301
26355
4812
33485
17035
35758
24506
37310
9213
39213
16100
8239
20916
25020
40676
45753
24155
35417
1279
15653
36479
12768
13413
4192
33295
4909
23317
18087
26118
10997
10301
42593
22098
47716
35647
40064
8377
26333
16392
10912
27133
41422
3239
42157
19786
38568
26488
6971
39502
5490
47823
47952
7530
26836
47452
12308
28258
43659
1618
5429
31849
44921
18851
37203
5025
4006
29361
24342
48931
4958
49006
34233
13756
7554
19718
43996
47080
3625
10606
69
8403
42113
32831
49154
35693
42822
14905
12762
30904
46272
13742
43705
22730
17094
21301
22208
26016
14550
1820
45570
16737
30692
34002
28352
41258
39591
23752
46212
19224
8795
22627
42606
43555
27021
40593
8561
12163
37379
48379
34041
388
28250
17549
11553
46770
40141
12658
38810
1244
12465
21360
18015
45028
45552
16454
5007
22943
28535
24549
32951
27348
38813
4215
26326
11627
26345
41563
46059
11184
47265
49664
12298
31146
32585
28894
8210
12117
7966
24696
2151
26408
36375
33773
16123
31087
33694
32994
15281
33679
6654
4823
45779
28122
35629
5206
1721
39207
47291
8763
45616
1574
37839
17805
5260
14832
6079
12581
39690
15111
41019
17710
12514
43358
10070
46346
43614
26669
19846
49822
16198
15460
31137
22453
6412
24270
24202
46425
22042
27650
3780
42558
34073
21754
46218
6838
14394
23586
47994
12121
23733
16648
3479
36036
46412
35519
6108
10277
23314
2835
21999
44367
13819
15284
14520
14983
18195
10739
15919
34217
38559
28398
17044
29867
28155
12565
21991
23387
31465
39843
3219
32608
239
23344
40405
21918
18416
7446
37699
29649
13762
37798
17812
49618
35053
5220
17761
42978
1243
46107
18338
32971
41369
37926
23112
40423
49824
27435
46060
9448
41058
19052
38339
33755
34267
38863
21164
41248
43904
21317
25425
15035
29716
37345
31488
14031
12741
41662
47219
36808
15585
30301
26011
41544
34797
11607
15805
15181
47575
8940
46473
999
49556
25478
23159
8510
45304
39659
10127
44798
21183
27474
6611
11048
19455
17537
35836
22670
42780
29510
38162
13191
7454
16762
45605
14801
47532
36457
970
15855
20710
27363
6798
33088
12428
899
14945
13408
21244
1708
26281
33948
4183
45682
45272
45564
28337
38285
1588
15474
4822
46031
6281
49305
47622
30930
2506
29439
3591
24030
8462
28956
13034
37913
3325
43297
48321
30696
44883
31764
34115
18940
48326
44221
28206
20575
40695
44681
12287
33265
36906
37950
36889
1310
26018
49039
16974
31716
21056
46435
47242
1220
869
31808
26500
38085
25857
20774
24768
23297
41725
16917
6490
46442
19428
11637
18423
17716
34086
42979
33406
29432
25414
16518
17027
11046
48307
36346
2845
32648
4216
15624
30344
42603
34429
23976
27761
14972
3017
38914
39529
38615
7337
30204
36266
24075
36847
21980
19851
2512
24813
34987
42890
33648
35169
11914
49433
21259
7643
8208
44503
35801
16966
44858
11200
18808
36102
1141
24310
35525
13038
35075
28138
5484
37104
42406
49242
45506
19849
31412
3880
42043
36014
38741
12202
5915
8559
32559
22760
20979
15593
4616
41550
28799
44640
33035
12601
49742
38265
2128
35858
30203
36298
20032
8445
41955
6427
10960
42508
8427
15678
12623
42142
40388
31389
34398
29423
3811
5833
47290
20772
31197
30595
44392
32010
8948
41023
26687
49545
25129
45115
19167
12850
20553
6475
26925
14566
4443
199
31976
47261
4021
26557
25914
35879
6709
8379
3647
26600
30540
37279
5084
18131
38486
5862
13430
8518
33603
44121
21962
39109
49098
6368
37580
28073
42065
16634
41968
47469
47285
31064
33985
49490
40163
10300
12230
39180
14605
42870
10051
41115
23484
1207
32651
33389
26759
38578
42369
4867
21034
22462
38151
44275
4697
2612
24722
4970
20439
33670
5893
48401
34097
24353
37337
24043
41652
7925
47387
38296
9171
15917
10553
8243
43319
21371
45076
39743
16706
8230
49749
44716
49994
33329
24162
12558
29909
23938
2806
9259
16892
14200
44144
25794
18030
38185
3117
40249
21860
11220
10786
32311
37524
30590
25291
37559
10541
12279
6171
14935
30912
1024
16358
1955
16102
28608
33475
45716
33849
34545
36742
13739
3596
43276
7238
9624
30759
35259
2759
11224
22314
15874
37126
19260
23551
33963
34283
12864
22478
15306
17177
25958
34667
30961
13161
2569
15689
39479
3010
21525
26324
2027
48348
1931
29199
9600
42912
43702
22468
15706
8534
11330
14888
22444
23739
45581
46767
14268
11236
41162
2082
27543
1147
5480
937
15303
46005
27937
15388
20666
14290
22343
16240
18240
37318
35183
28586
46276
2314
16447
32428
46543
17389
4334
23170
40001
12703
15508
38131
28618
16549
42438
44866
19448
26437
31790
15932
10456
49751
3765
20952
19377
30278
11868
33544
33409
14681
21450
29189
24496
6639
45003
25410
20135
32858
4882
47847
26778
38469
48014
45113
37229
29899
15696
28577
32024
22359
21735
21513
45834
37589
42258
23709
38306
22137
42793
47914
31037
44396
3634
5343
3964
6157
11475
34401
28624
24446
19034
9012
13683
28936
25948
26434
12692
48753
47902
507
44265
37752
9875
46110
40753
8970
33491
27127
9331
17380
2971
21872
44936
41622
4923
23738
10306
14934
45723
20889
23661
28390
48747
9440
40389
20790
13951
3813
29096
37881
43368
40600
13047
25650
28633
4821
24742
15153
22935
39275
6221
43891
23420
39544
5005
24766
25652
24087
5645
37315
23133
42585
22958
44030
28547
688
38916
1838
35760
6674
35104
34102
11298
5021
31701
4157
13187
48829
23322
7551
17606
22824
41381
20451
23157
25864
46216
13625
43955
26643
34540
42680
7440
32
25187
38200
34451
39127
16106
42299
34674
42108
35242
20819
8235
46528
13774
30666
5659
41663
35625
19652
34348
3433
46252
9481
10829
26155
27941
39793
7803
48477
32602
35201
5985
48047
1199
16445
41367
21238
33662
14933
41087
41062
4331
48248
49523
2888
18415
31367
15428
18233
14539
39797
14587
19565
10272
27729
1491
6642
6810
10206
49283
44572
14106
25661
30843
49334
1489
4248
5560
16487
1556
41785
4862
26986
35583
35950
16455
27129
25185
26955
3925
46632
8678
8337
43740
5352
32431
43317
42577
4541
37355
7312
29498
45053
28810
40140
14910
11146
36617
47298
245
29714
35465
12456
33205
27643
22458
17780
11903
28847
30048
15403
31613
49945
22598
15757
19606
40799
13095
42744
39845
14426
21705
41157
43748
46374
38595
33712
43345
14951
20913
14144
41117
36099
16945
30467
10757
46835
13694
7001
47495
36572
40642
2819
25017
15196
25567
28190
8882
433
46000
11451
45107
9237
37445
14703
8593
23913
22540
10987
4466
45937
36372
24119
877
39953
29192
9970
6367
20489
7253
25260
32487
38597
21324
42009
5693
13673
49044
1351
35682
16423
21372
16461
10830
15407
5022
46608
44735
46078
47115
38361
13729
46479
13687
38030
29367
15654
18997
5527
24355
6984
39441
21012
39019
14188
34120
16855
46844
21630
11841
30997
39877
1720
42340
25915
27698
33752
2692
9848
368
36563
38264
21273
49565
48808
45800
26475
30372
23985
11864
49603
26995
558
48208
30635
37112
22699
49021
25909
29563
22655
9343
22166
46007
3706
47744
29036
48100
23677
29320
6704
32966
18306
1774
14340
17480
36093
22382
19112
18145
36278
35395
838
3400
42351
37620
45538
33595
35041
18896
47534
4914
5243
44756
38602
21055
37843
30613
43590
318
35044
3025
38410
7763
10068
994
44070
37694
27014
7400
1490
18340
21345
34946
38871
35321
17863
41397
44080
23718
13505
41393
23204
432
42981
29689
741
243
30153
10384
14044
48625
46464
37292
7073
29427
20423
46123
35612
14133
21666
47745
20662
24541
2605
31065
28839
9571
42273
11640
45457
3463
7292
36579
23385
9484
15660
18323
31455
45399
36224
39768
29685
16785
2592
12009
34110
34360
6200
44092
36914
10049
42359
15697
36328
24286
9007
25519
14592
33583
24477
15220
23081
10705
27279
2844
15604
31388
3774
406
5706
26154
8703
34349
19749
36799
17962
42128
9491
43188
24937
27694
39569
5934
14351
14174
9867
40439
38024
12612
35300
34603
8591
48011
30852
40924
20018
30597
49474
15019
224
29428
22773
38463
19058
7594
14867
1114
43443
24407
32274
41437
29722
13934
18137
16607
7187
18007
15714
32419
34268
2031
39181
1068
42775
18932
14395
1960
7695
37657
39473
24698
13596
37981
29609
44835
44140
36082
8296
23178
14569
32936
36461
10645
35390
42648
29124
29437
33434
49304
21988
39098
15406
3672
7523
35020
25708
36555
10363
29700
2974
17690
46792
10516
23375
47757
25551
16457
7278
30662
35277
8227
23351
26791
19527
9341
34681
25689
40785
36244
32111
11127
11476
14035
14147
26164
19024
23360
32075
39648
19015
15107
48512
49459
37673
48456
37397
36744
49222
49641
42431
31044
48544
9025
48332
16045
5917
34253
19893
7477
19845
9752
28322
40793
46081
43027
26401
4047
3215
25199
10968
1169
24181
11405
43725
33780
34996
22228
47918
6958
29491
8739
2960
35738
36930
36486
24728
48019
2119
31250
31565
37157
49160
2523
21069
25189
27470
21636
19532
20508
2071
10547
1844
3397
32766
39594
27625
7045
25275
37000
21489
46938
9825
90
9762
45318
22463
11353
32640
39831
15177
7451
31971
36477
17810
22129
18930
25083
41311
29236
30332
34774
3430
24250
24685
46897
11047
36084
11018
36918
22275
3426
37118
34172
23016
35029
21245
45814
32384
25583
9454
8797
11407
47527
17828
44241
4118
29139
5241
16765
30180
11925
707
21836
48546
37080
14997
22452
35218
6273
37807
8899
501
106
28559
22777
18526
332
9925
39572
9063
46782
22802
27624
3930
45243
31818
20181
37320
31428
37323
46495
29860
37161
5032
24487
34640
38091
13360
15377
1886
10372
46724
14173
16430
13936
18601
33296
8818
11513
15061
7661
14010
18123
20289
30078
27225
39238
23400
26744
16521
1757
27277
835
32784
30988
14908
14810
1439
15445
37781
36113
39633
10966
2257
49365
42967
16760
39454
44489
22364
34474
5366
2034
48448
38484
26751
13845
18427
1635
40090
40795
14588
25671
45486
6952
32547
42522
16627
3595
9029
29078
19389
48524
35138
7788
16517
24325
7616
46711
25935
17147
47596
16161
27006
19528
18161
28870
36822
36553
46369
27202
23268
37882
47766
35327
19493
32628
44890
39028
16628
21677
26388
20756
24638
16400
15099
46383
41204
37603
2431
10834
23141
32240
8978
30968
37225
21289
43712
13671
31501
41667
5399
35004
27748
32594
15672
9459
48798
45705
4586
17363
20175
22064
18187
36414
39809
41322
41000
5145
43478
23983
37826
46798
30032
49080
39698
27926
33826
32477
34917
30539
29326
38452
7776
9227
34452
6347
33830
49894
21122
9239
15021
30908
44697
21084
26526
15906
7428
15758
29349
49107
19715
26242
10002
9732
49520
25368
46331
45751
34039
4213
24615
24259
37075
15878
19130
47642
35308
15416
1992
17773
40489
44581
32244
21534
25423
13000
4378
16789
47078
28652
44987
43304
30559
17262
47772
19090
23083
36149
34163
47770
28008
15114
26816
7754
10270
15883
11760
43826
19395
7938
13061
404
5050
46719
37678
41576
19868
15555
24210
42958
49276
43963
17520
15368
9815
31117
31174
34906
15423
456
45841
2663
19413
49473
35419
42462
28630
44914
31544
20441
14240
28544
10344
17752
12395
42184
38322
30881
44473
46484
27501
38744
25210
18372
29672
44132
26120
2815
1549
46714
10620
32035
45427
39489
36630
32972
33372
25421
44419
41160
47321
1977
3963
43553
22308
3895
41024
40791
31167
27631
10767
18446
37211
3837
31652
2723
6263
14356
14806
35685
39548
8097
21556
23965
22032
1007
22596
2630
36251
21134
32727
34715
21839
3210
37617
47662
38252
49297
30170
40649
27124
25584
6399
26789
10087
47488
13278
43738
49821
9365
4926
28215
11295
8960
4806
36154
49920
19183
34092
28657
38004
32767
49893
25156
26000
4881
38821
23800
47421
10570
10750
14022
45511
43169
5793
37663
45461
38445
11588
30371
6491
19009
21567
14124
34300
28949
47423
16148
5469
10152
21595
20941
41897
3311
4795
38639
7478
44653
47364
8636
21752
41239
24232
1724
47715
28655
44583
18106
10420
276
35427
40476
13808
18260
7603
22059
8648
22217
44916
23740
25054
21486
5234
24927
14534
16362
10515
7800
43308
13334
20322
34577
21407
34984
5995
46049
21283
2995
37900
26899
43314
8077
2488
30077
3766
28484
43943
12977
5309
41190
22726
36947
37556
17540
10892
2099
4138
26244
35115
34055
30442
23621
34499
34383
27130
17709
8400
24060
17494
27022
2982
27032
20905
21335
13933
40734
11466
38269
31526
12935
36705
13389
9586
46463
31280
783
6037
32054
39153
547
26581
1130
7829
30454
46142
47985
6417
33025
35830
41914
36009
3254
24204
28220
20266
20506
29263
26111
15268
32562
36552
5359
15692
19156
36133
40099
29888
43085
17558
45951
6631
21520
25536
10330
49311
7405
8446
45609
33459
1560
39917
23980
23875
44659
27945
40474
20255
24522
44118
32358
23894
35866
1581
34046
47310
43759
16862
34632
29800
49041
5818
41399
29578
34662
10212
14965
27507
14626
4168
48663
39727
13301
20585
47943
38753
47436
29315
3590
25118
26370
44854
695
44328
7126
2786
4731
42361
23646
11347
21255
15328
16143
24026
42941
48250
38767
27707
22845
46319
35445
34909
8170
45270
13172
24663
31487
6445
43653
15299
36000
14296
49733
30297
7818
32261
43677
26629
36666
42070
34050
5279
27298
7274
9216
36595
43261
28938
37625
6023
15564
39603
34552
18086
12503
13041
22567
25706
24926
12947
31176
19707
40013
4715
23606
37726
9072
38877
30694
38849
44708
42551
34301
10395
22694
41295
31402
9293
13759
28996
21559
11906
35935
36371
23233
49064
22612
27837
23184
16173
38167
14354
27609
10783
4984
10641
41920
8478
41786
31552
18812
35245
35516
47589
16572
8599
6604
28994
17137
37621
32172
6954
37187
6925
46415
16911
28587
42445
3680
19306
27759
371
30853
3316
30647
44407
25759
14982
1473
36518
43244
29017
23956
802
8425
40700
14383
5974
11090
11942
41949
34303
32023
40999
30014
36815
41761
23926
43130
14949
15834
2527
39584
14201
34048
28571
12128
31846
22608
15288
38224
36843
32794
36465
45417
14815
14085
31240
30953
2532
5950
12344
3856
47842
19115
2610
32875
158
36872
48024
41549
26015
31868
49141
16048
29465
29524
49196
45565
20894
7578
6081
37763
15791
2114
27161
27256
40127
29849
26728
42763
19251
45279
32825
33860
7289
29941
45048
39744
28041
15217
5686
8148
33846
29190
46547
21680
39071
6045
27099
49849
5036
28659
14543
5943
9876
7414
8360
32132
42367
49580
26079
21330
31111
5384
43529
22436
37567
45396
39469
47065
11562
26078
45422
4692
19016
13126
46094
5919
21969
29318
28078
43208
28186
13276
44033
40993
12962
4029
18472
41627
6013
30599
2040
10634
38594
11575
21102
12013
11533
8755
43191
13550
27015
21464
14787
32175
27850
431
18476
1403
37502
39612
26222
36030
20152
39450
34200
44125
43091
49677
43802
45271
3863
12302
37918
41827
32091
23134
7531
28665
49009
4708
28216
17823
13456
37477
25631
48885
34257
34637
39199
43893
329
21124
23889
2356
42583
14313
47101
33534
975
7277
23018
24777
28553
43239
23627
20582
11779
49704
24421
36411
25851
9222
1791
45877
30886
15351
45300
30163
27349
11133
38900
32264
48566
23907
5786
39501
38628
41721
829
39776
3864
29934
30774
16523
38102
48671
29462
30065
3828
23300
21240
9899
7598
27367
38937
42702
31990
22469
8178
32897
18903
5680
5062
30401
25752
26873
37990
39700
26215
24090
27170
35920
22690
43685
29209
19030
39269
32988
1366
1271
17567
21557
27439
6158
39630
33635
46794
24337
2392
5208
27352
37765
45195
15477
35822
17302
26481
18978
34846
44730
41259
20124
37155
41264
40828
42366
29183
17474
47808
19705
8870
14565
18481
37219
790
45738
30393
16208
6581
36458
2836
7095
44807
5135
10869
23024
29212
6707
42965
2999
19920
10295
48285
42820
16124
34435
13464
25503
37553
22240
49456
44801
40969
15240
16773
25461
49345
35015
7098
39676
48070
36097
43309
44541
34583
48483
17949
31980
10664
11422
9104
22336
30127
28720
30168
44795
17776
47178
17438
42576
7771
851
14726
4033
44528
17285
16374
39101
16451
17855
28226
664
29559
19547
10787
6359
39140
41692
39840
30578
7799
31628
33740
27774
10501
44669
7047
8727
41278
12386
34040
33215
24038
37915
9352
42588
20609
8985
18507
45184
944
37707
24569
38243
37983
34582
9999
9433
24381
9387
9483
21594
20845
27705
48570
13105
1179
16323
43526
24757
7507
974
4059
15070
37223
14752
35472
35631
29499
32667
46023
45424
14727
41657
9236
46729
48995
15988
41134
281
45965
41546
42319
26568
5608
42549
35303
16195
49357
2582
46927
33361
19071
1750
18088
2881
1394
12534
40527
24375
9790
45501
29802
9537
19263
24254
37242
30543
19166
20968
39802
18950
39283
13813
25127
42507
25707
25572
49001
40741
17697
28808
24528
9903
49774
9225
4543
32502
31313
33235
27623
16912
9803
30383
9254
5714
9859
26610
32850
13286
49426
25803
7769
42888
25876
21149
49255
49073
33834
22581
4387
24605
34054
45630
48772
23458
5710
2022
21009
29006
48346
6736
5582
7085
13509
30007
19911
39246
1118
28990
11606
44322
8568
12898
28666
5981
29011
32896
41071
7297
40419
10169
21516
33627
47856
2601
6897
3696
25202
13399
48565
1870
49563
31385
18800
18784
46101
18150
7240
23091
17613
34807
2899
27039
27699
13028
37651
41046
34501
13691
49539
36228
30242
38586
41459
46880
3227
1769
34877
35564
15959
47491
35989
38230
12911
7654
6745
21148
12339
24998
29922
18060
38873
32109
7134
28515
25860
45783
34388
29626
1086
8941
14091
48304
10903
32338
29943
7030
46490
40088
27340
14216
28219
43834
26948
36128
34418
47340
37955
20743
38179
21601
48410
6433
46036
18962
30702
48646
39888
10060
2015
17403
47913
16923
1165
44015
28315
24192
2211
25943
49033
27862
41991
5596
26951
4989
20895
33405
1045
26088
30159
8839
41964
5141
33589
33851
14913
13793
33800
3013
7159
4633
24713
27450
2186
28823
28260
4297
3835
46957
26840
33655
9621
18586
30996
47606
20486
18813
43428
8903
14301
48687
9150
35544
20067
37653
37168
23035
48548
27148
24393
28235
42855
45820
1340
41079
38683
1589
33640
27885
30398
39070
34009
12060
48479
32551
7464
42759
10583
79
25872
20668
44252
27432
44316
17508
21452
22430
26021
39738
40941
9287
24067
1126
27270
41263
23492
31026
33852
43862
46343
29519
22163
31031
6501
7722
31547
11005
17409
43935
13212
40946
15617
44526
41833
33159
9866
49682
23795
7964
41170
48699
34995
27221
28527
20749
26722
25283
15344
8835
20148
21770
3715
3568
10388
11740
22558
41666
45569
4271
43198
28240
12748
39392
20315
48227
21447
44304
36567
45155
1088
225
41481
26711
43311
46247
5046
48605
49943
29348
48203
12307
25725
13207
22234
34830
12578
32242
3023
17672
40502
34018
7844
15933
18186
37996
29463
43860
25135
16502
41163
17369
40584
17452
29780
36910
22571
46883
23865
30584
36577
46542
29799
42514
20564
44482
48719
17131
13397
37712
36505
39952
28891
47347
23947
49516
36421
35285
29028
33505
2084
42488
28753
6398
49885
39859
1343
25420
12858
39370
26317
26486
41736
48725
12835
49864
16770
21288
48035
784
25962
22303
41135
16373
39948
31510
11436
19082
40317
33939
23784
12553
33961
6270
44934
21550
35276
6031
21941
2672
35012
22133
5910
22157
43400
45805
24451
12724
940
14358
32572
43901
40930
28820
37599
9162
13322
20424
3833
40883
5984
38240
20369
24936
36189
21689
46337
13002
33187
35748
15966
4084
9765
28162
12662
23556
11302
2678
34878
47684
35195
27806
14199
28115
1192
34074
27556
17533
1909
10590
942
4320
18425
48585
25496
21020
49246
23610
47004
23465
46452
13707
43341
6468
20129
4500
19272
45602
5134
17927
33831
43539
35548
39716
12849
9359
27452
28684
28128
24460
48284
38545
42605
45910
1604
28904
49192
19869
18773
32440
31294
6008
44602
32795
29964
4433
17930
44753
46860
45221
29589
43320
15006
31926
28516
46667
16849
18649
1796
49788
7559
37514
45844
13597
49213
26853
4544
38779
32716
1941
9733
40182
12824
31954
12740
14331
47262
16158
47960
47339
43970
21505
41672
33273
48510
19274
22952
25819
29375
44751
34149
2292
6843
22882
20233
5725
25455
41994
1226
44696
18915
37831
13979
24645
16393
47888
43948
30324
27406
44920
16395
33536
20159
42266
27957
19854
4827
33166
33471
4658
14116
22914
46830
31746
8433
7075
18211
35180
2539
45917
39128
7005
22402
32139
15559
28255
49055
17341
42947
16227
41999
13764
16798
4375
29604
34278
46418
27257
14390
42459
41637
23336
5798
40546
40948
9109
573
7034
46066
26188
447
22965
3805
6088
11078
8674
45825
48389
38523
14198
11218
41221
28755
2293
16861
36446
36350
48773
36662
45846
43203
11999
26136
48848
11075
17442
15832
49384
4388
9932
23381
19600
32743
26967
11696
36562
25590
30211
6093
21537
29641
17457
36450
23216
39325
26672
10525
21435
37214
4961
10314
7155
577
49217
37880
16557
18406
7375
48789
5671
12820
47075
18074
17809
22033
45798
41997
21579
44086
9289
44608
3731
22703
3459
46372
3873
20950
17211
40521
44415
48053
17023
11163
31331
41782
367
6224
47446
11759
4651
35372
15950
49561
3035
7913
389
1885
9369
38585
25328
18748
46645
17073
30940
10331
15735
28509
17354
43514
18973
12458
11589
34357
21885
42434
36003
38556
12536
9589
18213
31338
43139
9411
48627
12797
32590
49294
34158
21804
25235
6450
15858
29693
3453
11854
12709
322
5332
42089
26950
7065
39558
2829
7792
42777
30913
43700
4208
44411
13547
38796
4927
18226
44074
21112
20902
44194
27513
22788
8203
11227
41335
42132
7388
21935
19207
7651
47318
7127
18483
14322
12082
39665
15071
29541
15056
22800
28493
31639
36240
13987
41114
15845
16633
23479
20822
32774
46087
48660
10235
8449
31478
16024
43656
22835
48766
3809
8586
26503
20130
2216
9684
44160
43110
24089
22873
14902
286
42039
37610
42455
18927
18268
6948
48733
20940
24559
26322
49959
15738
38733
7900
47831
47898
22768
16997
25728
43072
26901
2953
39433
4217
5909
48161
15100
9756
48312
39828
42733
35246
2801
5182
13525
17942
37040
4456
38413
26678
37894
45973
9375
20015
8620
47373
42720
10491
6147
42899
25751
48968
19414
30989
35082
25310
21241
10564
12896
13611
35789
12515
37282
41802
26685
30826
10519
42152
22826
38299
19387
5896
16546
39736
43722
37302
24123
23357
31440
47713
2168
44519
20924
20373
12561
24211
33298
24512
22535
37898
44318
2840
26339
6260
22744
48850
23981
8780
47231
24158
2769
13788
15176
35865
24600
18542
44413
14939
30234
17802
31109
8447
34673
33896
12474
32314
39413
31113
25657
2397
1888
30620
21128
4513
19441
17467
33031
3527
44495
47651
9778
1084
40698
20288
11506
16492
14659
40305
49234
9614
7515
29002
37948
46576
35207
38028
29492
11474
29742
44872
38459
43534
8836
10367
31107
15231
25348
14099
22541
20054
14348
16344
45090
28161
20586
1225
4351
9706
31227
14927
14531
32435
39827
3841
24617
31824
21090
46809
11547
17616
27134
17092
41027
41882
30766
7592
31030
3126
4043
26953
9595
3784
29005
3167
3991
49672
24134
37508
1903
24018
17019
149
44486
6005
44248
41488
14604
12617
1651
23079
12642
22476
8497
41598
35967
36515
8249
32556
2714
22981
25846
12372
42077
18177
34931
32840
12572
36382
15308
10828
477
34716
10506
7403
21109
22644
35582
16197
29053
4578
23967
11843
4371
32308
29267
18946
28595
41174
9332
18418
47669
16726
46136
49425
37941
21019
2584
25279
23706
44088
39764
11625
39224
1
37159
28917
32448
24036
46330
34391
33060
6162
31173
49081
42275
37516
45631
49997
25232
27740
34469
13216
44263
17889
43612
34880
31497
6040
14164
30024
22423
34551
33797
39043
10053
47680
42114
192
44327
46712
16819
39770
45343
7714
7678
25259
42047
36870
25041
26614
27269
47689
44152
42841
20655
8030
38340
29194
23030
17555
1677
37410
8609
17280
32554
41480
16192
40937
34581
19623
29851
18436
20025
9373
47761
6784
6851
1026
10658
6063
41927
25878
24917
26076
4287
21957
43679
11398
11448
18207
42447
21342
40832
15431
41236
16353
6396
28599
2116
11878
27725
28013
46148
19819
6382
41565
46167
12760
45043
45788
2924
293
31768
18129
35992
20238
7952
13799
21838
26493
33306
46493
32040
16028
33007
49860
47797
17269
37602
38204
13312
33245
40551
6746
37751
43425
17506
47666
4641
6931
15937
23058
8784
3707
11762
30657
9008
8287
22393
32432
40501
6471
48362
47123
49935
30245
336
8966
11185
37592
18749
9507
12311
32898
42084
15325
44289
2862
31579
48382
43962
40926
38076
26141
10669
48637
39628
24769
11635
21793
32341
37253
30972
16289
43108
8477
43189
24518
18163
39218
39610
45012
7935
46037
29453
46217
37327
3671
48919
8003
7215
5301
23167
26319
32584
27871
27553
32284
45328
32221
38792
25659
44840
3104
19673
19431
48523
28020
40248
17580
22757
