18009
57703
18397
65554
70163
74669
29157
43497
32765
18894
43315
5160
16641
64631
41099
50131
12879
66700
63875
69681
19069
52121
45098
16104
12040
54280
73662
72418
2733
44844
15065
74818
35777
6502
51898
41777
48987
4169
55691
51793
20479
78430
72519
10861
25435
6901
66584
11423
67091
22337
59104
60110
13323
50118
68466
71719
17044
43937
7167
24033
2538
69990
57104
50301
41314
22360
57910
66981
58668
58520
49917
52923
51344
52709
23203
8289
24828
22451
3786
44313
3740
13622
60826
19664
22335
38319
44717
47305
11813
62863
25314
4756
67682
17089
56413
38525
39705
29134
41107
73647
27196
75996
25097
65077
54646
34647
29971
66549
78831
12605
15365
77300
45662
24930
35893
16595
12881
26810
69499
48660
33328
31203
8049
20168
64906
64855
48797
6825
65775
60377
48648
5317
30033
59218
18036
57671
57231
25500
19773
72634
54183
26607
72922
63498
18942
47058
62046
48626
44909
1204
45611
67150
58319
54498
403
63929
37183
79857
26200
69132
7008
69356
76168
51883
76843
4165
238
41827
30426
5482
72258
56687
56071
14970
35270
30118
41121
51148
4280
30594
43562
56247
76576
42465
27649
77384
10847
50851
40991
37801
27467
79996
12223
478
9210
20907
46089
53035
57829
20169
74768
1453
3308
31741
50515
1116
26161
2929
52110
48543
42416
29634
53919
2150
69448
53804
19235
22492
64778
52071
37816
41065
77724
31566
18834
70729
41379
44856
41782
36379
3600
59925
11120
22217
36165
29452
45649
17197
22094
13896
42530
3477
54630
40311
75695
39787
59572
16600
28554
47960
29143
64672
15612
30936
70245
17411
51545
67492
36891
9687
7048
57111
51892
53703
58024
56045
69594
56423
44240
23251
77310
48381
74301
76442
70755
30468
17078
5302
6890
16907
71969
8096
54481
13169
54608
52178
54017
19137
50580
15124
49544
45157
58147
51449
7372
28994
54768
28482
38390
12632
41430
72428
67143
15296
52893
37830
14819
9998
1000
7243
79947
19088
6025
46060
41727
73336
62251
10770
12235
72459
68538
22184
4443
47252
64978
56287
60293
17355
15512
23364
75799
74939
25354
24235
55135
74232
27110
30835
16340
4578
15891
2921
71891
58360
69937
70618
28142
13589
27972
55844
16627
37765
42576
57578
29442
27170
71259
60828
65152
56164
12068
18613
71127
19829
33337
54625
71284
27527
4479
19306
69130
25620
32858
69942
78231
11761
52531
46236
54272
75179
6866
7603
53516
38311
52106
58707
59672
57395
78373
200
8570
37569
34851
38668
69786
61761
35132
4911
18667
69298
78239
39025
78756
1471
11169
44927
1747
48963
79879
20934
337
25521
27075
51868
38072
35790
49200
27648
73492
47306
60310
1924
67710
62979
36920
38278
55974
75126
13244
62225
65971
45996
64639
65303
30431
65306
31762
38966
72950
39209
16831
57931
22132
8485
27136
10917
52064
76917
37696
70469
40338
7894
52851
21101
32787
19011
59162
65348
39197
33040
41017
62353
65418
27986
45839
60386
12782
39288
61423
54400
42929
60713
11473
79435
57039
73776
34515
68425
78577
61213
62447
79085
54534
13606
62706
52619
60189
72665
74588
63390
67172
62933
68703
537
11144
36208
13868
63441
52376
33835
5058
31571
51795
48883
65090
13326
52416
55779
50135
78397
24536
19592
46449
13636
7142
5596
44159
50774
66487
74811
47678
28508
69032
77476
35576
65548
14863
3236
74067
73602
30378
63651
36417
28452
55479
74817
50919
44527
1600
4307
41934
69985
60181
66314
36178
24678
12234
14665
46122
46832
69974
20839
5102
42966
75471
62343
15663
48573
70056
20254
7516
22555
7636
78105
58128
16281
8560
49130
35284
3533
15467
79665
50198
66467
70052
35323
52877
22779
7772
65693
46235
7454
22689
49973
1622
31793
67049
39837
15280
22044
20315
30125
41198
74420
33792
31875
3632
8155
44513
15575
71344
78423
71803
32570
74359
77087
5891
43642
56713
42362
59899
31163
75664
61505
9007
49311
17691
66861
35951
8408
36899
30681
37442
56936
70821
36730
22858
8579
43784
73013
43148
29161
19057
595
35168
44699
46278
69684
76211
56054
44197
5255
4596
44583
71633
30508
26623
66494
23211
26368
31557
45319
39865
55985
21795
59376
5121
17808
78420
29749
2363
12216
13768
39871
49556
60812
14864
34549
23725
7040
78924
60426
5785
27442
5494
24213
16226
31796
19763
29595
72479
5057
22263
62610
55145
76224
66137
44822
44809
32438
78033
56339
56240
16886
23362
29967
67761
23174
62296
28638
41860
11319
2047
67322
25113
23301
56496
35762
31118
50819
47785
34324
78003
66842
4815
65178
35622
67991
27109
30907
32860
2860
3948
41578
23285
66192
3433
51167
28590
39775
49157
19796
8372
26823
43308
11472
38504
1075
65871
45795
27517
22189
12948
8336
4711
36479
16710
22427
41366
45577
38413
12342
58568
39863
19986
57164
50525
11036
17011
21229
29368
34200
74180
11084
24440
12444
37883
5524
54677
60967
29380
14744
58093
25540
15630
24096
38657
41057
42028
63142
28611
77485
70551
67135
23766
4782
54990
68541
59045
50382
30964
46644
6305
11903
76705
38220
42572
503
18306
54457
34341
31879
65883
30531
27418
77332
63171
28118
29577
42341
44079
66547
76900
67061
15129
27058
39282
42058
43041
42727
41649
8563
26258
11694
4072
51590
8549
58559
5243
76103
1024
15589
21051
69160
57095
11124
54045
56874
47359
76969
67529
60195
598
19010
10631
39206
46681
70592
22078
23935
62027
45188
59270
24305
59724
4626
75346
2631
51689
50724
47961
49596
45069
69951
33687
72264
21329
54741
4755
7199
17872
3079
28319
38864
58519
70737
46504
22919
51632
55853
38893
48939
75038
9877
33230
19189
42115
23404
38149
72336
23166
58661
57252
76697
39464
35268
52324
17876
6178
10014
59058
69231
64575
37495
61263
35523
4894
16123
53149
39216
30785
12643
7355
59267
30970
36360
66496
65972
50354
18586
72222
60495
2147
53680
74664
79128
39001
129
35310
17957
23739
77416
76789
38285
59751
37188
75017
33528
58640
11883
5923
5694
68679
31056
52319
23657
17254
54334
42170
9291
61398
14820
71075
58943
15692
48170
39990
3824
25773
46334
44024
63010
2550
73997
65277
10729
52856
17924
58957
17828
10304
59775
7356
55486
34192
63152
18780
69149
20259
12852
11857
9075
5178
25678
68963
21308
66050
26070
3472
61468
74400
19108
32117
79919
56863
28667
38775
66217
34615
60130
996
19579
68935
45762
18192
33383
41981
59341
27775
32779
73051
25978
24274
33270
7624
63463
5931
39814
41344
30790
34020
41813
24016
47932
40748
50595
57437
48169
45344
47096
35041
7119
43001
25987
65009
35171
35244
40950
76965
4842
57378
47954
489
11365
46190
65584
78494
52448
5281
46493
37680
69519
63665
24736
750
20390
17661
39997
63777
18562
58235
23688
69466
6556
10093
36508
15521
8671
13467
63807
7039
7289
64583
52540
47473
65287
24544
10167
58506
25357
45927
58
55897
60438
3338
41780
10423
38381
2157
19275
5275
19585
63856
63726
34730
2199
64333
74812
40502
28800
71872
8963
33870
2627
37700
56751
57991
34617
23867
29363
65167
62330
64858
77027
20932
36960
44239
40956
28632
58301
6066
60710
14547
2707
45164
36357
44731
45333
65790
24774
33694
65699
2555
40126
74003
46711
8489
21477
43626
41408
43882
76788
14556
49351
6880
21491
36528
54664
71230
71629
73953
65828
56723
7499
31772
78598
58893
77417
52458
13314
41253
34145
74886
49401
78864
35459
25196
52422
76857
16513
28984
37286
27353
77355
64026
59804
55467
5803
32179
32549
32284
23180
78853
77400
20463
57804
47446
5774
44843
75512
27673
20142
63408
30771
59095
59382
43
60194
48118
20858
9053
75839
8466
9875
52575
48785
35869
50082
21869
78978
73043
43618
69560
25137
72689
17571
22318
30620
45029
37145
21235
29655
29861
6185
3235
6358
50549
9883
65990
65562
34433
55028
3114
10695
58004
6397
27204
3950
44337
69020
39047
31112
21919
25836
24835
72299
7904
13600
68767
38062
72776
31247
2755
24636
76761
32030
13569
48323
21178
50534
26565
71982
30212
78098
71254
60384
40533
584
28954
53145
2083
14943
76906
17032
23874
12708
72799
64295
39003
55173
32216
23645
65799
72317
40137
79370
43121
13189
31390
48912
17441
6701
4444
56611
43898
10976
48635
43299
54882
39105
79920
8118
10463
33213
46930
44488
3528
60685
23022
41495
51017
70585
67518
42956
72565
25335
16843
72737
40156
2820
9610
16755
34778
9101
8700
53358
73932
27669
34395
71644
50317
17640
44682
21415
6643
7633
16637
23108
75234
78141
11989
70143
18093
59211
22845
42822
33473
51220
65907
30750
13062
6857
6109
60815
71275
54884
32835
53222
10818
35611
15609
23371
32945
61323
19368
32135
1986
65864
19907
79241
53906
13670
20703
61919
15665
36982
42684
70880
76929
71200
35659
75600
47622
63110
35185
4288
60121
47748
67331
41300
64742
22724
13398
65490
18928
9100
68308
38550
74616
68208
49702
77049
65717
65697
48143
51251
33538
35298
16473
79590
78593
13090
5726
10495
12199
67055
60811
57212
72300
46172
70552
5861
53911
44485
68257
26410
44660
39706
61367
6798
20753
36958
7290
34816
33908
1067
41401
58114
52348
72708
64459
44804
57769
72732
38121
53176
2659
46129
37694
67934
3041
36507
69202
45346
33604
55155
16632
49972
66758
2514
72225
44623
12573
17572
31354
78580
31949
3895
9304
60932
34753
35219
51045
13338
3800
22196
56689
37192
3793
10178
78445
46992
48781
72378
3799
53089
68350
75306
50132
47553
75840
47643
4481
17165
61436
66915
32764
24601
65374
65491
90
76185
30738
39091
66772
9651
1695
50869
19330
72042
69041
71859
18866
37728
61238
37306
77677
22841
56491
45949
19056
51863
38537
11256
30424
42280
64435
68568
50814
62203
54428
74847
76400
12042
37848
1258
67854
43209
31803
13146
68750
41492
43094
18111
9963
60397
37994
38529
47136
75221
70950
40265
25590
51558
59627
49561
46233
69281
43482
29167
38833
20329
36539
61494
67739
15836
10698
73373
51598
40164
60525
11054
17591
43460
1372
16573
22378
79537
62047
1244
42315
18596
40089
7025
27624
60649
30190
63234
61712
1299
56089
69571
24498
55718
29156
71933
28417
21744
8829
30856
41977
15181
54318
60051
73962
66504
58897
44819
77078
7424
6633
1331
16061
49755
70939
9974
46268
74240
63701
24394
17597
71910
57476
28698
2948
48739
75205
59526
68281
43625
76726
37897
30416
1789
33991
6125
61506
71266
67486
38669
74844
68483
44569
18660
329
585
38332
43669
27197
63634
14753
60458
17294
12848
19853
42877
16486
58460
65044
50000
67772
8226
851
3138
323
58099
46136
23539
32699
26739
53921
76521
73047
78295
39352
20986
31988
53576
64726
8775
23991
62867
7747
51755
74410
3214
6027
40434
4628
38749
19580
10794
39111
3962
73947
76299
73075
14874
13010
23737
34864
37981
15466
63400
58100
12045
48553
55816
56389
41736
40588
61597
63350
60630
24782
76233
27389
66310
78896
27888
5472
67534
65806
48070
55329
24776
28058
62532
38069
29823
69939
3856
51058
69945
5412
79228
72486
8687
74044
5038
6195
1488
9027
22673
74353
16230
26160
77707
9125
62255
37743
78970
23533
22166
41656
77151
33165
4932
48680
39164
16716
64217
47882
68565
29262
16205
39515
75561
19971
50091
28516
65542
20554
62775
42438
1880
10804
28350
20889
54063
67201
56337
23409
48550
19653
38648
32757
21288
49710
78496
28196
60601
67275
47109
24406
59032
76351
26654
64622
45939
38045
12481
46408
9836
5351
27799
5981
6548
77578
4082
41861
64889
13938
38874
55775
77596
13175
10416
6067
50014
69338
78229
18105
72630
70794
47089
64089
48654
41741
74424
15380
63609
27667
54716
57074
69698
20712
21091
30297
44225
40757
40925
50962
32275
22593
5973
39349
18156
30756
43383
60880
50557
60385
67990
73960
5168
28847
42916
805
75910
23832
58510
75937
46405
34459
74239
18881
10029
30214
11330
52235
64762
8807
59336
61593
24304
31266
76063
26836
78140
16855
16550
30858
54309
64659
50239
60616
10346
22446
34307
53408
10793
35938
11451
56438
20565
49093
67418
39657
72533
42552
18922
70955
44233
6743
27242
47251
68094
16960
28610
53302
44574
78873
61765
66556
22942
57238
42891
23400
64098
12385
3372
24451
43430
10575
7342
24458
359
17229
31860
67606
38674
41059
2112
45349
53725
40006
21547
67520
35914
35749
76376
20763
57007
48589
48702
69525
70745
26008
55612
78241
60342
28604
76409
69546
21707
31714
70795
19876
68481
17058
14124
20603
5988
7605
55032
55414
60740
64381
22667
57521
47436
36287
34937
15890
28031
49800
54230
29176
10032
54732
72994
48312
66024
40960
68284
35269
58927
39832
75335
55735
45575
943
72367
52776
22658
29913
73943
76681
3597
31050
61082
37251
27156
35300
78398
35598
5953
663
26015
24251
32192
17464
13248
19419
25095
27482
61278
6130
14544
79342
48830
49908
75759
37139
40527
11258
63247
12320
39819
69404
7504
49621
51597
9065
30691
45206
9990
76756
65733
40020
40125
74186
72718
45067
55426
63894
71861
34609
46095
33072
46690
24465
61413
40297
74032
58296
23899
17357
39545
78553
28183
56285
55778
28348
32888
38719
23810
25237
53005
41820
59028
35954
61365
2956
34673
71236
9112
14480
48492
76095
60953
2696
37852
47038
60731
27117
21317
51052
27637
24306
28262
15279
49058
73273
32227
78895
68802
10934
53097
25469
12184
12651
27013
77603
53488
52555
53324
12955
50826
44586
14986
20353
46715
19629
39332
47175
71345
6100
11372
48715
8730
49802
48227
5271
41733
65317
45257
62694
66318
68925
33134
28577
64941
34935
34325
38008
30630
48082
39148
63477
22924
32869
16560
79376
74714
61683
36604
60537
59143
41723
22252
53079
39438
37941
60229
68927
19499
33780
27732
49663
34677
37953
48073
12260
48469
46788
67826
62564
51291
42031
25864
23215
28257
29604
46123
7107
79792
35570
13473
33962
24957
9787
38672
27392
29490
2569
45472
18573
29049
30900
75892
53015
50391
55852
40867
11165
16235
28055
76004
8442
40165
36541
24696
38431
38006
63795
72224
30705
33139
62114
45122
64046
50298
57858
28631
21963
54107
40655
4761
46701
57328
72348
48265
17965
5343
49928
51389
8692
11956
74502
24708
78612
7814
73222
34720
78220
45134
58996
10628
3920
9089
8669
76735
31113
31272
66724
61038
52559
3594
56528
48656
63316
4309
44587
55674
39240
65431
5920
59505
874
11483
8302
33727
66255
68751
70705
7520
74570
35903
25142
42938
70166
7420
66019
570
37425
28398
14671
27636
54495
6271
32328
60843
27349
18762
65872
60984
35084
24511
626
32868
78000
57714
254
4200
12210
51734
55926
66673
29205
24365
46525
59179
33512
39747
18042
21550
67792
9024
36483
42603
1979
66175
57751
13637
60489
57359
62151
71352
31368
30324
66604
42782
7061
23772
22794
68861
14663
67929
27092
6939
58909
61659
46053
33054
29709
33523
11920
26916
62448
7347
30453
8486
39233
77826
60456
41612
76854
66389
46616
39624
75301
57707
38043
22803
8214
8525
72532
20030
49479
30365
60302
50810
76583
47560
7193
72898
79970
43258
15746
43000
9189
70023
1657
17170
58166
20027
58089
50077
20705
78283
49980
34988
14149
44224
13638
32002
45202
32288
79039
52318
67444
77217
60091
63987
46038
45398
66280
49790
29172
74047
11524
31082
30335
59068
37619
74662
26087
17501
65241
11516
73005
24499
77489
50093
18456
11151
22644
62418
36149
36146
56728
34823
64068
13344
74268
68810
70361
77646
53067
27716
58583
29325
42950
46101
48820
34659
57083
10349
72080
30441
76331
61925
44298
5823
42244
29116
74601
27147
50857
42612
56654
55959
61941
56673
18007
27024
13331
42518
74349
40389
12688
42217
55993
75774
46245
52014
64124
17220
40657
69857
77295
64298
47836
18932
48783
23281
63709
70058
648
3137
73331
62568
53849
10737
29502
37156
27804
62090
9928
25087
35577
10445
70714
29509
32957
69614
63652
12053
18571
3148
35122
53813
67558
77369
55045
66226
75811
56596
1603
57317
57856
54524
76274
28359
26648
4547
16351
74027
15650
56595
17216
77102
36285
4633
7787
62243
64054
18773
46310
35689
13948
38699
23366
43181
31359
421
2327
63073
36883
32894
75300
70011
45987
70544
32517
35729
8817
35182
4418
50150
59966
54631
54337
2110
30300
66820
58969
36398
60741
9026
10537
75981
75058
31799
20026
50535
4509
26215
11582
6634
16002
20430
23069
19318
11107
3753
22082
31138
76352
41192
17001
33035
49934
73759
24571
36829
68089
69413
24171
45715
21432
23072
14189
49328
55451
23587
60372
25446
77730
15831
43785
73066
35970
13012
4963
62894
56929
8478
17281
36157
56271
78411
6390
39585
32456
33332
14690
34353
24152
79226
71101
23423
20176
43963
9560
75536
15728
57850
26244
11021
3135
71592
70000
48224
26798
74476
7849
59194
15412
49765
28040
73461
13258
21107
12191
77545
63301
30600
11827
23157
55860
27854
71876
25104
26650
535
43421
69431
79908
69935
36133
76179
40476
79930
53041
76664
67396
60487
62663
52722
47267
11277
61677
71957
53007
64803
72678
1367
3603
35344
59184
25088
20649
28542
659
33392
44646
52610
22631
6940
34067
38958
13372
51185
54907
39844
50986
9925
46800
3677
78316
23782
801
33382
30593
9459
59133
33094
38565
68192
25009
749
64169
41464
77969
41299
65540
67778
40615
70791
54962
45057
26122
69670
5835
60659
12592
46329
12730
79406
22912
62112
13657
44520
57495
79807
12768
22280
16338
45219
25687
20727
64811
28222
33049
29987
76192
21552
51305
13484
24843
42605
67089
34860
63714
2562
66782
40843
70070
70467
45877
20783
26363
47112
66793
42532
39066
77624
67147
58274
57415
14897
33629
41877
62259
13493
26746
43830
31591
29611
19160
20220
74816
67509
30295
23184
36237
5359
76548
6494
15824
10501
23324
11370
29337
32726
73959
29079
4147
69746
32670
33071
65678
18698
10825
35707
22897
70970
68606
35065
19243
40869
33031
62831
15520
68582
284
72967
31431
40475
30227
73152
13678
71214
26660
28805
26609
7210
28798
12655
498
40419
51733
44026
5440
56487
59108
12577
57335
32039
15729
50018
19956
13872
76038
41402
45660
63925
18379
76760
51260
40808
69266
27728
27609
54874
17923
12641
52077
67378
10121
1756
37739
6076
26116
60997
64227
26762
8472
2694
29301
8716
20488
57272
47434
39465
67290
30905
75867
47361
50190
44058
67651
25891
13183
54034
61958
73533
73365
23615
36949
18819
36068
78052
59737
51712
68892
34350
72788
61477
35006
59788
76130
47905
11495
78085
6413
18694
69070
16602
35117
6661
13667
17666
34295
35906
79392
79515
62297
50405
30030
67132
16120
43221
75613
17742
40984
65731
29866
5952
69765
59715
53202
40004
6315
63349
48379
20095
22309
26248
5338
16994
75412
28686
79647
74994
39916
65308
934
68165
59945
3987
58410
2373
48343
70672
43569
38818
9155
51943
69682
67974
35075
31919
1278
51215
51800
27455
31442
55533
72761
47956
64739
6855
64337
7930
16685
21921
24256
8221
67649
40280
26936
43835
50961
30404
14217
43990
15085
40306
39810
41456
73700
14410
4829
34181
74819
3127
78468
25611
22868
35913
68087
11602
29689
49073
46917
42412
283
12063
23412
43567
31128
7034
52847
47655
71332
33758
69995
46474
51926
52547
40771
11445
48292
13309
3550
12155
37705
1755
22745
67116
63005
51528
37457
56958
26257
78820
11500
66157
46869
59632
35889
30121
17770
78268
44666
6601
60906
28660
35868
65347
55839
79648
49417
36341
16663
79066
47085
46009
41913
48010
57251
13912
49846
1487
45177
78862
23233
11193
8972
35003
29090
9108
29666
38157
1581
15983
40554
23255
32579
69183
20365
371
53822
51740
60122
42580
61676
52746
44875
30606
58747
14587
40714
73818
72244
67670
34282
56023
710
9975
3273
69381
74319
73725
70897
62938
28044
64485
2258
78299
19722
36887
76176
26588
70746
5706
78161
39885
12113
9967
9534
35976
32194
38158
49586
71715
6850
2665
74590
32730
4074
42659
4330
74147
60471
47830
78672
57503
48250
21682
66716
74416
72073
64717
45788
59031
14720
65182
40895
67072
12304
55603
68130
5846
41318
40201
3745
70094
42767
62318
65536
72806
50453
11068
63755
35102
18671
3989
69962
23904
60460
36581
47073
32279
37894
78393
44785
17279
69161
74778
59096
11280
6174
76581
53917
72968
40059
36781
21427
45682
60350
32713
16809
60660
77972
30908
32663
34469
58470
60564
75203
68163
55802
43528
21602
72193
60689
52076
58880
17105
37136
12507
38304
22033
50243
69119
7691
38935
70484
1923
44142
6201
73125
79091
61866
73158
21538
58101
45799
70918
43213
38073
28547
39188
60595
2119
44595
60164
5927
70442
26576
74521
8594
22102
77567
21590
34150
10868
51419
35446
50999
51483
61686
23188
52825
58027
3287
60097
4584
31288
41534
71496
4996
70304
79907
39699
31529
20360
4918
71869
49400
63291
65367
28924
30037
73217
15632
32917
56296
40972
38686
10357
70657
9818
35291
16906
40879
77866
20486
52421
60516
6483
76551
74865
65852
74587
37342
43513
7612
53419
10071
58059
322
39744
15261
36828
61858
9956
35092
60752
70650
6058
26894
73751
34478
8383
17126
34293
76464
51670
43436
5643
40938
10722
78364
47694
5837
22551
68485
70138
70738
44880
70671
52626
68504
70501
61658
65777
70777
76338
14256
75721
68917
36414
4306
40432
66415
53719
52823
8050
12251
62543
73317
56277
68306
70027
51102
66162
48807
18864
7270
57672
57990
18607
38018
3100
54029
55833
67141
9767
22960
51008
14746
4666
12100
74135
56134
32605
46383
37167
467
11518
26182
15494
74504
10136
73401
39331
12912
49714
44219
70344
56025
59392
26007
402
68940
78680
64954
35237
53361
46919
65707
70540
50951
23541
70670
10072
58047
22194
35146
53596
8073
21831
63827
8366
76465
15696
60119
36941
50034
41140
50252
20915
58573
24798
38124
9416
46416
64477
78426
41016
39203
47315
77782
69810
62400
54049
1444
55593
63884
2745
22464
526
46149
41275
59794
5443
18861
79171
5693
33129
27025
24386
32407
34468
47227
57505
22629
29511
12094
48044
31129
52025
17224
69561
76629
4325
12166
15427
14296
65154
40667
47166
12078
48940
43783
78031
37265
15562
78863
5300
42014
79089
22155
54848
36824
78226
44846
52800
76221
10503
33712
38828
66167
64532
1813
26786
77425
18071
78259
11873
37781
16525
14467
43520
25250
53651
22647
50266
67908
73136
68118
22499
34829
59440
96
46876
55249
24074
22978
8581
34661
32766
5725
21020
47917
21990
21765
3997
78859
37240
47479
46750
51965
11159
8956
7853
63014
22485
8149
41832
74015
79827
74787
20490
49393
29642
75744
1082
40983
44562
75942
63272
35985
67536
2361
28149
53000
63828
44264
49720
53296
35636
47828
79882
48275
72869
4886
66669
10181
74151
122
50416
34525
33326
74065
43122
14475
36826
12743
10092
23781
17628
21310
8202
30598
30821
59380
16156
17569
27803
65239
52764
44521
8653
67623
45156
48206
1779
22372
61150
66582
18044
25652
8828
13991
17465
35978
65798
5525
43651
8838
1371
7623
70416
55859
58922
20068
52383
16913
55000
79909
2955
7847
28009
73400
21882
76621
14380
33015
76255
41682
68639
54005
20941
597
70859
15256
68745
3495
9641
20930
53357
26917
32082
151
78329
64873
17484
64423
31533
32781
27299
50787
50593
624
55469
10693
61237
69972
53455
38955
79427
41433
72253
19185
52063
12394
47238
8465
56562
45238
69545
22209
1826
41238
74089
59246
14104
26099
32246
57590
50181
66125
43328
31789
57621
62024
49581
44099
55061
74184
11653
4046
56445
44158
50308
21222
27372
59924
3452
8859
9477
77599
77589
51015
34249
36576
65345
70102
21028
45169
39811
23485
39940
4279
43793
74223
20308
65169
11680
42906
10103
18313
75211
4848
9570
16885
73701
9052
64809
20653
53119
18155
79419
31406
50329
59361
76402
43633
18529
46858
79373
53200
79081
19068
21714
52183
5444
12147
43555
38030
48657
5892
52585
60439
50502
63792
37006
64687
19310
52398
73948
68920
46972
68475
6878
5250
26281
9669
29246
771
600
69108
77313
27322
67300
13503
68375
44347
67458
56985
75549
67043
30354
8871
30989
22654
13687
7155
51957
43529
74247
28857
52979
63130
36527
47149
54217
12697
78374
21148
63332
58536
78809
49014
28152
49906
2644
42116
79379
44070
23694
53715
13571
5695
71689
12627
3849
57357
32282
33550
10815
65508
28976
10938
19393
13100
66542
22097
73046
9318
76903
31746
55573
17717
61636
36904
55197
54982
7824
15317
9228
29579
63035
58765
28546
27955
22874
20700
41139
19960
29994
5850
66348
70324
45645
46680
10233
50941
62049
71756
70142
63451
9528
62346
7790
58677
49158
20715
19918
23247
6048
4548
57743
24659
10584
78911
5279
52343
29791
5824
18108
62341
40019
44971
39526
33166
45176
67238
8615
223
72461
72698
26856
13755
63826
9474
37829
35338
47067
60800
50408
76500
36670
56764
34120
67861
64545
70377
2718
72928
12514
34164
68632
54787
74454
37490
7796
29767
74127
73785
48581
24375
73413
73509
75925
4878
52440
3916
43447
250
11340
79341
12985
52914
58422
12313
45322
53278
35325
52680
20773
25071
62487
23079
40489
16456
79679
47167
3350
45723
38852
22304
67733
32742
40056
68595
664
57002
70053
6573
37019
68326
14995
30504
21111
14436
35103
62504
55163
29836
1059
15335
46401
30840
22253
59783
12270
49383
23691
20537
26240
4926
68066
70696
66520
13349
22069
38608
54073
41047
29702
37859
58500
36167
2225
17221
65628
39478
51141
69977
26661
60145
64692
3040
71073
4870
34272
65070
29229
11364
26851
53197
16220
55725
71902
75804
55793
30852
75421
75304
74753
13031
13699
14522
76989
64482
64357
72972
24558
19608
16570
9886
2800
8830
37279
35004
32925
61214
1794
68131
58157
49118
50146
8897
6225
35340
46665
71327
77441
45557
6411
38235
24727
22303
70578
59629
73571
34872
36098
43770
44681
36465
30612
56179
16852
5324
55257
78723
23073
67443
30678
53716
15178
62466
22283
32050
46154
62789
6781
55629
61470
22656
40585
6794
71412
31447
2556
76529
74494
45936
42279
16485
23232
71045
64168
24045
6766
47974
14389
20781
38412
49068
58956
56657
43700
13763
20395
34708
71398
32961
20439
45653
16426
38810
3405
3447
27039
32114
52305
49115
10579
71945
56910
24357
32072
12987
57447
35209
77463
6032
32289
77089
78722
66690
19724
49975
14029
39876
30873
70945
26339
2019
54412
9461
55338
64307
52660
73730
9658
16784
58750
30563
71547
79888
24519
75099
44203
61354
34808
78216
3628
45968
79363
52350
75632
29649
24415
54735
14365
78563
56783
29435
76557
15315
35937
61073
11353
78784
65853
49023
15216
70534
10051
64304
13683
31033
11595
41846
18483
72067
74709
14558
56283
25604
30644
474
74063
1234
72123
1235
27084
20906
12994
4641
30309
62715
35612
3910
4990
66670
8232
20496
52037
24210
50115
54767
63775
72804
9312
43264
47244
49953
33716
9675
15321
74463
62376
19764
27245
56402
22617
32411
69254
48328
39115
47884
37296
41506
12250
76232
70496
201
11016
62773
6588
31360
72112
2387
63934
22172
46181
25519
5059
38156
64833
58611
68659
62709
58135
9898
53668
28669
46051
14042
17642
65331
66905
604
79218
69565
72148
1417
21315
10768
30672
3276
5142
2664
18588
74498
61123
53257
27685
3250
79262
45681
32502
59415
27551
57422
60022
62550
73779
22442
78751
3428
35859
66620
62040
13428
70949
73223
78547
11990
76362
38933
75029
7900
13593
6879
70151
2328
20722
25619
7915
77733
27965
14428
20887
63565
65270
54769
28820
41020
25977
3587
41859
32269
6651
15249
70956
59279
62111
71298
20069
78839
23421
48721
31432
14737
18939
34528
65593
72150
23990
28054
30838
70054
6283
49309
50456
32692
21953
22065
60346
42378
34191
38717
24955
34718
67916
21582
20190
67140
23173
24179
29849
5119
75644
9620
18407
48134
32451
28816
26044
13538
26
30635
67196
44461
51516
40628
33495
11385
40859
67280
37724
24361
21286
50387
2285
56511
47118
25507
47846
70001
72099
27344
49236
79891
24006
61442
51569
65888
17115
44235
75188
46389
63491
43888
23095
1156
6644
7613
43674
60863
34692
74871
12110
53735
37261
78884
64444
859
75693
58473
32667
73640
70043
43437
21775
35910
15146
76408
7509
46985
61723
2329
8562
12200
64466
56720
12128
48077
19859
46147
18336
40262
396
1037
76158
30185
16807
68913
12614
2021
74439
42591
29437
13564
66954
52114
12473
75946
5844
77104
34832
64972
29513
14472
23989
54103
57427
17442
77443
69685
48332
45181
41304
38433
68728
3081
70490
35445
44364
72803
24313
57895
45697
69617
66248
79139
21825
49685
77706
52355
32636
6287
20247
37707
24354
24537
52292
7786
21621
7529
35014
43613
29394
76011
15341
49673
13091
34815
17836
14021
37103
37978
61177
11439
49246
5251
29026
37468
33203
41364
41061
11022
25606
73569
62581
61438
26325
28927
276
37114
19607
17916
54883
60472
39676
19070
3766
42976
64720
14209
25907
57147
3332
62591
2657
24886
62233
16619
23895
23490
60522
54952
57682
76480
51317
61108
6123
74399
5578
26415
65519
66436
5651
21049
49080
33429
10200
2583
56514
68581
11673
35189
54360
42831
45871
67317
49933
33623
22915
76703
669
6647
59952
34636
20634
45756
10090
31336
16121
71162
43791
24942
64282
11426
49239
2198
75521
79938
24508
1733
20592
49568
6974
8161
14193
24663
57709
2688
31747
3881
6750
71897
51159
17262
54546
7997
21098
46058
61609
15497
58983
52891
23760
77615
79429
17554
29850
10577
24901
43476
59237
21977
42808
450
23903
21636
77312
59000
23491
37487
12775
53629
66971
24209
44123
43832
12156
60599
46873
55
70180
38765
30097
45046
12437
64146
2341
52387
46835
42999
5306
25685
11633
61212
7758
47711
59344
47146
68033
1241
52479
67056
38617
1226
63600
47845
61412
73635
25111
425
5418
38101
2681
60940
18327
33676
46130
17626
60252
63348
3733
5702
7531
25260
32435
44047
10368
76027
21960
29155
66958
69715
25006
21660
53051
63318
59681
70179
77450
29603
63373
47300
69447
43113
74682
37745
40355
79974
16315
37224
77548
21901
58051
64215
76902
66512
47957
47915
63561
76541
44637
16394
66108
35706
64476
11976
16765
46052
7945
22938
58797
12913
27984
47568
70744
77812
77019
11983
64673
11752
76836
5804
15238
61785
16638
31038
153
10772
69179
6239
67846
45051
49945
52306
10597
63627
4601
15572
71956
42131
51583
16527
44963
58389
50144
23681
21835
5417
8664
68789
44572
2949
62161
11246
65190
69819
68947
21403
64812
5032
57366
32760
14911
33896
63613
4817
54974
37607
1040
57874
58606
76312
15524
44764
37686
73145
1862
58379
32071
9166
23808
52625
77297
56746
62430
74567
53037
69887
2148
48533
59502
47210
49530
4897
9106
73372
43217
37565
53259
3234
13792
11913
27553
78051
53981
55277
48637
39930
12568
6455
70710
380
30749
1696
24023
57408
47116
35050
13167
14710
28322
42317
15061
23323
76201
46566
49540
47704
23981
70278
64799
71900
33324
62307
56239
34806
35173
64948
69188
27103
63534
69107
57402
4716
20079
56273
71357
36845
61332
75336
79659
42082
53106
48538
18556
41870
22802
29068
59447
27873
20850
11088
19908
39434
28102
32826
31338
5874
54190
66701
17650
28858
11988
14320
39079
71394
79465
20923
4586
3890
58854
79701
11235
2958
29974
5838
61024
50353
10245
9649
67011
31824
25037
64192
12959
14916
15943
56664
30326
15833
72590
57998
69509
73711
14521
15386
69104
58669
3541
30394
20706
34852
29688
26764
36574
16234
58563
36910
56235
47350
37405
48069
11219
56646
9209
62310
18993
28697
8813
12895
50609
47806
40036
69886
784
37863
10964
3161
32711
1289
22338
9097
25114
56067
39580
52545
54203
51751
55438
42108
53969
24852
54430
55895
72859
62153
23318
56425
49075
46635
70792
4966
28412
28190
6796
50849
40712
57859
48938
24334
25594
26185
55362
65315
9178
4832
77533
79217
71097
14549
22030
68514
57041
16341
49834
16518
49077
60190
49794
29551
78370
25654
73320
16420
14102
490
13947
43546
68772
8288
42186
69840
24326
69026
15244
5557
9204
40589
18757
50426
70275
20326
77042
1198
4919
28910
44753
60904
2534
44021
60753
77422
55303
78332
45412
42272
66237
33466
78708
19856
25999
41100
34015
1031
10580
8841
9272
57364
18092
3886
60718
65501
19193
4725
34297
39078
33284
54717
38877
68981
19053
15775
53316
12687
41553
51366
77491
8622
6568
26328
37189
43867
10796
59778
58703
8264
37769
14994
27601
34948
43396
18115
16396
11085
46376
20756
39966
15695
49527
33374
16445
3532
11163
25582
70193
1240
48451
65453
72436
20630
30547
47186
26080
23545
9408
59649
75750
58299
12129
16443
36066
72232
66363
45929
57841
2530
30308
28234
5815
55840
28738
53683
11239
57760
39842
27310
46409
6285
4534
25918
17921
61078
15465
70461
63486
15880
74152
15421
6509
20361
43705
45734
73761
77354
13565
29298
72636
11839
24173
5090
39348
60823
64779
72020
34345
21316
79318
13405
55876
39802
1977
77111
65895
46601
52622
48586
4419
66090
47904
73868
70003
21375
31977
71954
41768
3644
22592
75237
53781
23803
52500
25692
68198
52484
43553
36294
2082
61739
5376
22292
9800
67594
49538
69324
44454
45764
50963
26992
27962
45443
27094
29142
42997
15294
29837
50908
39752
6215
3190
28487
57016
45692
25468
2256
29359
45054
45055
47236
15994
39860
8565
39134
27651
74059
39546
21053
8186
64991
31598
78840
39120
72263
7439
66177
47398
40650
109
44613
56727
8578
21179
30484
37821
74266
22180
16853
3589
14369
60375
12229
56457
77823
27754
33220
18605
38351
28779
55405
73610
52885
76291
67512
21027
3634
58603
22107
45469
36305
77161
7677
22559
77142
62809
40261
42690
5141
5641
26338
72051
19257
24298
72609
7834
75528
11265
63902
22027
5283
25349
79086
62645
75835
56865
33689
63182
39474
8652
8335
22798
67544
2477
42602
36812
44379
67600
6240
44508
48501
4468
46953
33384
14622
78907
53265
21804
8674
59530
33385
41724
43446
57956
23390
47366
46219
6817
29378
30238
24690
50800
40531
27533
51581
13694
78742
77022
30134
27625
77544
32215
53895
9602
69923
28728
63882
74206
29366
25988
26618
26144
47544
75656
57148
43757
63391
70080
62700
77105
12859
37631
56962
7099
33398
43632
20300
58003
76033
21824
2287
15975
17641
55466
46741
29657
40644
42897
34976
27294
38994
27300
57448
54958
6777
26972
76607
888
43576
40613
60693
70867
52603
42404
7696
51969
4507
5118
75622
79414
16254
47449
71764
54812
3850
35953
67103
44911
26417
56795
5867
6295
43215
40207
59628
62393
59348
43836
39217
13013
47266
11075
62531
54242
73202
67884
26245
70182
66503
23735
43155
58540
11753
47940
67751
14757
6442
13009
31582
5509
36297
40049
69674
29535
46756
7054
8329
56201
23074
39000
25347
29699
4391
13027
48173
43057
14379
24249
67145
11286
56835
6471
50133
26841
44916
53867
27712
45933
37163
53648
62316
50905
54064
39475
66315
23200
27412
55358
60655
60463
55264
32298
9807
51667
53514
42651
8546
22305
33928
11339
73828
39268
61783
48714
43194
72777
51346
27613
3701
59669
23045
69865
64121
25337
22821
13759
6041
75266
64417
70343
4912
9234
16764
38469
24373
74352
58682
9707
59153
25463
34841
30582
78054
36687
39277
34166
19658
1673
58365
6881
10909
17573
47514
1667
36135
34930
2995
22323
61057
43831
36753
33787
11148
43329
40590
29681
37452
2752
71992
13348
68082
71129
19168
12124
35107
63745
29880
24594
59764
51208
40638
17564
2155
12638
29036
43172
4787
38013
19463
19898
31116
79157
45553
613
23936
6194
26190
42045
61248
40716
75807
6551
7371
64014
36474
32630
62372
71366
68850
12408
1036
76741
2613
74810
15180
65206
72800
28544
52944
31814
16777
59911
4442
28764
25456
63682
42652
66612
16692
30241
70358
6477
51478
26045
27298
37023
65722
5640
22070
15935
36015
40471
2909
73894
41739
25241
48058
75201
68141
72868
57254
26875
57685
56335
53642
77482
57297
44125
54881
79443
11515
18856
18268
17763
44798
62411
29921
79237
75012
14311
40040
77266
48447
35083
58999
16375
79885
73669
53170
65437
40780
42672
39149
42600
49661
54396
50650
46828
35867
33152
24506
63200
75602
41457
49724
36235
15977
8126
23532
2984
10783
61363
44929
5258
69626
44984
78570
67344
68648
12706
36174
72040
78730
39806
29421
22229
50696
32142
31886
53858
20001
44124
67918
61638
8420
34641
79380
61961
4809
44492
7771
6097
43235
65531
73396
58560
11315
35076
62349
17073
28473
13685
73399
37878
75520
55133
78303
13820
60133
7789
28605
73719
69072
17956
20289
1521
41228
68283
58795
51432
38002
49541
27954
7225
74929
64951
32669
74335
18981
43013
50001
47084
56251
40820
9921
76986
45317
52826
66256
18261
42283
18631
62752
51814
72541
64013
22152
55008
48793
9830
32165
31929
11664
78581
77588
10791
40907
53998
67564
69766
9114
28475
37205
77365
26803
14476
69503
42543
64069
8641
32038
43512
15349
73291
68597
55333
69702
5672
28307
79883
47722
40062
46755
35780
50694
45613
46075
72427
60915
7435
14105
59717
57574
79475
38460
63597
60577
60789
4973
7604
67483
25781
34682
36952
2803
62967
79433
34723
39121
40599
65687
11071
27819
442
26309
33431
10232
77276
799
54662
14595
73304
39588
27076
11261
19
23513
74306
10397
57336
14567
28427
33535
65826
19806
47540
50507
41623
16636
57126
28460
4772
11359
52957
24695
65929
9688
47639
53903
29764
7769
52541
76660
52866
72236
60007
956
30408
38557
42327
16140
64029
4595
46927
59825
26740
23471
67499
73316
74621
24322
2206
55437
76460
67223
57351
42006
75235
47427
47780
68613
2114
31550
20266
23115
35646
19590
50117
30674
64971
15859
74264
79623
78005
13527
1906
3032
43935
51837
40735
77932
55400
21542
22867
44965
40611
66499
29103
64917
1739
63261
25539
41025
61272
11341
12125
30926
49633
49823
29946
34441
42098
79765
16583
11902
38098
44198
1656
35991
77605
61194
46179
50645
78095
48144
27443
31970
58626
63193
28423
79782
38787
25244
46983
6024
16124
65276
79877
24034
66229
2646
41205
62910
45651
24546
3883
69680
33285
27345
12228
74196
955
11685
56788
76687
1772
37159
58438
12112
9920
36447
23493
65085
10504
51902
53502
52386
6532
27221
68567
16458
13690
60143
72337
19974
57735
68377
58170
42720
42577
34656
30953
15058
1213
62614
26249
30184
25741
22702
6610
48531
31304
1961
4985
28463
60686
29489
55942
14093
39479
64369
30988
33762
49630
18269
74470
5334
67601
20292
11230
77956
45644
62471
37334
14752
52609
52616
57517
54730
50473
3109
16202
55911
56641
68515
71005
22029
78251
40941
67701
47362
28080
1976
62922
47303
64073
28840
41502
4689
78926
57067
43048
64606
58635
61508
35074
54326
47235
10439
17809
55999
42069
561
48872
24960
71543
71148
46984
45155
16783
45318
14312
32753
33600
42343
11440
7588
66544
49453
6491
3277
48092
78548
7146
23811
4665
20038
12906
34670
7350
11298
54584
78714
62757
23382
79431
42488
6593
46392
63734
68759
21326
30987
11498
34804
55069
22855
3099
78823
69554
24146
55480
49872
40179
40425
9870
71099
60352
79728
16684
74997
55969
53036
48885
30343
53048
43116
24847
7631
25154
49185
67993
73220
55585
5157
57170
75893
10250
56495
46770
72107
41954
36674
36257
44858
38931
50214
24808
9339
60052
64152
2391
34002
72873
10025
78353
22459
24610
40658
31193
8862
8005
35791
17658
77130
12136
27275
30603
19641
79975
72452
75244
39613
78647
44487
29007
14208
16427
13596
56597
6235
57500
53090
36207
65844
46299
36182
9062
67032
8125
25119
8561
60033
23425
48744
4133
43603
30036
56316
72779
39194
65471
25194
9453
20317
43394
63078
44270
6006
15732
47105
57945
59752
22623
49611
274
70886
79134
52698
29008
77710
20995
28856
36036
20406
75391
56320
36156
46965
3584
16397
46087
53531
5098
30861
35364
39611
39932
38385
44483
6859
71932
46135
31032
57860
25990
2611
48395
79993
11249
77071
18289
70518
22888
60441
42875
48471
44089
13042
48079
44683
781
24327
36533
8842
58257
42991
8413
8554
63556
70591
50397
5308
78940
15070
8986
8567
43222
68008
72269
79027
61748
296
67883
49442
14503
53796
9646
7693
18611
6755
46735
67505
50943
72196
56232
78256
25522
30198
25721
6114
59811
47799
75485
62957
42774
12269
36615
5963
38148
3774
5822
25723
50409
11000
44540
53340
40260
22429
54382
52621
36334
39341
48636
41340
13647
16125
39437
22752
59339
32551
58271
75492
13542
78811
40760
61938
45775
21671
44431
39655
45967
32229
23660
17830
46171
9207
32083
24079
45467
63323
79972
19008
78648
37832
59602
63310
49929
56476
59927
26302
17018
20963
41927
3980
56455
46961
31192
32688
1266
8759
39944
47640
63849
9463
27983
39012
59979
35466
61028
33477
33906
62760
14188
79745
22571
44205
23540
34489
57308
41203
48373
12322
59425
2444
15652
60436
43991
21182
23552
21092
63760
53334
22901
14416
24961
64840
51481
48520
40789
9025
11231
5360
59944
8812
69544
63051
18514
77616
37187
58244
5972
47129
17790
54265
30736
42839
50606
56305
59145
4220
61877
52961
36584
8948
16208
36827
36016
28603
47095
61722
75677
56024
51893
46326
71828
39150
49028
64323
42737
70164
27488
19855
34448
26289
44512
50516
67794
10047
65219
26341
52262
56336
73564
71739
45548
77539
50552
42176
8639
61333
74005
5895
67279
35935
4608
47518
51100
61862
13292
79009
14961
43845
12626
67075
63560
6010
65048
31283
18841
62145
43559
71421
41044
78012
59132
16072
26000
60326
52308
5880
54855
52643
25236
67013
61464
4168
22791
38067
60361
46442
68575
46378
31666
21062
875
74843
51676
3049
41303
51292
5713
55650
77694
55107
51180
48409
30575
31850
67543
14374
68768
67521
12900
3864
48490
46729
14033
59043
9050
60651
28056
31786
6460
35653
45930
40728
66343
785
52147
3255
62805
5854
9703
822
77859
41881
52111
25792
77676
3947
40460
42215
78996
40787
22210
64380
31717
44033
59384
76997
37911
51801
10583
66023
14524
72061
52869
43276
67106
74256
40772
28690
40041
22949
5549
38571
23802
32516
53452
75904
22972
52417
17563
21743
78371
78847
47509
53310
29100
67200
11452
42701
62899
59955
34048
54243
36312
59679
21860
530
77159
57085
54799
56965
48782
1416
35394
38052
71967
22804
56072
57230
8475
1506
68031
61378
42205
17116
27895
520
44765
26345
27220
42167
5585
70305
67367
37491
71538
13965
50429
9788
44195
38118
51535
52875
35098
40051
77784
4477
27178
68062
24876
43330
73409
30233
30899
72825
350
28286
55248
9561
60056
25433
14376
42333
9927
77785
41268
32959
38831
15897
13034
36947
59975
77364
31778
7277
68424
2205
10334
77069
75821
69714
26757
54015
47769
74415
66235
15499
69144
14147
36172
1354
63512
39612
6183
74607
26780
77088
22687
58441
945
40580
38616
10651
12526
1848
70762
6245
72262
6971
68686
69309
72194
17750
45439
20950
7541
9581
165
7287
13686
57161
5407
59001
3789
209
25306
63643
61624
16358
75612
75798
47018
75147
24237
52271
37134
76369
64879
55165
19914
79029
11223
11314
23892
30224
4664
77509
34163
60297
44272
46872
40014
21387
27226
5853
54891
74921
69654
34000
48767
9095
57128
15560
8938
40569
70135
74401
5185
29323
11683
79393
4554
51703
21166
12303
39531
79321
63210
42961
60711
57683
76225
49201
17969
37514
4508
1387
39412
12090
17008
45757
49116
21972
47737
33850
8373
66266
34219
2235
78611
57543
31905
4291
68038
10179
69378
30405
75076
70254
29972
68786
742
17517
57813
19815
69668
48127
40623
75749
58977
2263
64377
37622
41655
44200
11535
7542
7716
59897
67403
37542
47779
22572
52073
58400
27425
61344
24470
6268
67411
70758
67191
11576
55767
43049
74183
8874
35525
11073
23494
7024
32525
75594
9292
22671
43606
77938
1055
28028
32028
18669
28859
20730
61190
38968
50533
79460
30810
48758
60232
23452
7750
24328
21980
17623
22471
21670
2181
74245
26256
827
68234
37016
49193
2325
26101
59059
56131
18210
57168
41982
74310
39413
1748
48740
36364
28255
76212
41290
4931
8483
76133
40229
79141
224
53276
45531
36662
68017
47549
63311
2812
9151
63612
73435
78989
39287
6018
11597
50471
8410
56184
19957
7818
30909
69388
75643
58692
6272
3590
68764
36898
56797
35936
29669
71482
24526
51241
68629
23578
36381
54610
6117
16971
51061
1740
2525
39275
49554
51057
9124
68039
30591
13646
1881
25163
68365
50965
11575
75215
6297
47723
61034
50971
9173
48537
7383
40975
70210
34363
16075
50753
44549
75671
2725
3627
11241
7916
76856
59333
9600
32200
39838
27231
43219
22219
30955
60676
60768
47480
59872
15464
25240
30124
20291
64940
51475
36603
79092
10303
2408
45749
50223
42975
25653
64624
22109
43763
32960
70839
21918
14639
25908
38555
6196
7556
70015
36271
2040
58370
16448
24893
76495
48217
28655
68154
27742
44199
75290
55571
30733
28414
62125
38247
38987
20587
43384
8328
14122
61610
40283
42954
74356
74641
21776
73295
79462
6539
58452
54032
24417
2180
3954
62783
77929
68910
4375
57315
37320
78163
19973
67430
15148
2355
28947
22751
66607
78614
59277
41740
77513
7989
38026
83
59345
57470
10137
71235
10388
38829
59298
12715
22137
20480
23376
61265
11031
14900
53684
3382
8620
60187
19903
24387
53940
64676
39449
47472
25164
16421
47199
61424
22985
74720
30102
62956
64926
57811
17964
17463
20454
64012
56193
23204
56498
73141
64273
44188
29496
14560
77942
53628
46417
18043
10263
5139
68502
156
71353
8776
17829
18032
55275
53348
11145
67493
8347
1515
43532
11484
16001
8681
66109
76106
54429
26598
23337
327
32122
78284
20969
61083
43405
11397
24948
6060
30231
72159
9557
26039
23335
2002
60727
26156
65067
32553
44484
2098
41060
33701
43275
23988
73100
71920
53904
43727
41451
36710
69073
68838
24510
25555
72322
53460
1209
10389
13293
39807
37518
77454
33612
19107
9908
65244
44444
63589
69794
37411
57475
35430
62386
26649
33170
19362
1495
79351
46478
677
49476
51314
28441
28996
79014
35921
66216
65243
53466
49253
29381
66682
59646
5155
62746
31369
16720
1930
75954
66433
14115
19046
35039
77976
11039
2716
15258
48988
58092
13185
42044
75133
4622
70533
46865
53081
51169
37307
13901
71776
57044
65307
29805
71597
54698
7555
71780
2316
815
36132
67182
5165
4971
37129
56443
77746
20692
65931
48688
53095
48616
9420
63994
68055
6061
51731
77760
26124
20951
52919
29715
37157
33396
4520
51458
67381
11045
53690
16571
10035
43112
51642
34516
21715
59504
40645
26212
5156
18618
43875
26971
68893
45827
3476
30465
17274
60050
14053
9835
51421
10519
70842
63615
73867
157
62766
29723
15789
77841
8714
33283
53636
34751
18433
14615
47777
28011
10292
61562
17485
41563
74129
51307
52072
49613
24081
27289
19714
47740
67283
54046
45532
78894
60787
27939
56183
21270
29761
18141
31355
42109
53284
6531
8219
53490
15420
24772
34655
69960
35519
73974
75033
49076
21628
61071
45121
5787
55066
11897
56149
10821
17196
48621
17109
1014
49795
14134
45461
26312
55658
53807
49672
49043
75118
66585
17764
58156
50129
5061
47414
53808
62652
65305
11760
67133
50695
63426
34706
39552
22100
2587
4717
11371
6790
6320
53154
3228
72969
44463
41664
19905
54738
63631
62489
53994
17659
39319
43347
71989
29177
15633
30400
45932
67620
14334
38715
68811
69500
40759
55820
47942
25537
28892
19493
39096
35093
79678
32590
29382
39677
71456
23310
22412
14543
13895
40620
6791
3540
42913
75810
72895
21837
75800
51126
31463
23187
59340
19227
47121
14187
73360
50765
78538
5784
44814
20678
13137
40285
30007
2463
34902
22793
75060
59067
36083
1646
11681
40990
79754
55421
50307
72531
27209
60615
3580
25170
65333
66273
23244
29006
31831
78973
28086
18487
75487
15060
9395
75738
46641
75473
14156
26198
54800
20052
8349
70703
12896
46234
37820
6831
31715
974
4476
63660
14218
24709
38600
29966
23186
9527
42946
62023
15776
42429
66293
33017
65708
29029
42413
21859
46664
51622
62887
35480
3186
16634
75558
62159
72369
2025
14536
8662
43464
44493
55517
39915
31634
54999
29759
44530
62262
56705
22319
14216
78269
64528
4849
63750
44573
78656
69606
45940
24453
60437
70325
34947
20080
31155
34952
17137
20008
10497
77623
3975
6675
18664
47349
16515
3880
17553
52532
57188
50579
54187
41108
22718
4825
14934
79700
21322
44312
34657
32333
33898
7961
45520
7968
73225
54185
6410
53587
38720
13730
39862
60498
17135
6095
27078
41465
58976
68921
16826
72117
50845
57808
17920
22321
29743
397
3260
14525
5248
8048
63852
176
45874
31348
36412
66840
41406
41396
14975
34119
22312
57725
67663
10929
78861
51782
61179
19048
8047
63664
11420
78992
73887
18393
14545
58046
58904
4100
68385
33053
43019
50712
50945
59071
14260
76177
50390
4962
61331
17859
40140
43135
10792
55719
6606
97
57944
5964
44115
2542
8131
49427
25526
15577
15123
49259
52813
72701
37025
51392
74564
38232
4129
57220
49500
16453
72173
77700
48877
75965
60180
45220
32486
56721
79751
12728
61688
22908
70543
17948
5471
35090
41455
48000
26066
51825
29459
6422
72316
70642
63614
17360
55973
13957
45501
45209
75548
40583
64589
9394
56250
699
30035
599
64334
20009
15430
62716
66699
78511
49963
28640
41854
29829
342
20724
58906
61850
360
61838
12851
66508
18533
34044
37035
34743
74864
6080
44081
13595
46186
25084
74858
56280
75724
3529
71720
40579
23613
16740
76308
38809
25394
44931
70445
5879
8760
21100
71001
583
68817
37125
1902
33863
73169
32524
51055
49247
39792
5068
73973
30512
48757
55737
6429
5401
44355
56483
14754
77254
32066
53869
32437
61751
76199
66262
18028
21626
68906
16192
13760
4296
71175
50714
6813
47429
9500
74835
26427
57187
72285
77878
49566
21875
57737
46144
48098
69922
77356
13247
35236
51316
60751
25795
72200
53158
54399
57086
2804
25231
48254
30694
16756
51586
40749
44715
17226
71749
46384
65506
28543
70797
70443
23488
17977
50506
55136
33783
74298
37323
36197
23277
77187
67044
69616
78572
58065
33513
8188
6015
9086
41875
53932
39177
69669
17925
31099
60071
61261
69452
49616
36875
63978
53254
10599
15501
67466
17462
13374
8111
56073
41546
11767
18775
71892
49312
9832
28995
62854
35415
58377
37985
47539
8761
25334
26183
43933
53809
6396
13079
12135
32515
12548
56529
46049
6725
52998
46842
34913
63141
54233
17387
13567
39672
12786
3494
74351
53848
40781
6165
34116
78079
12826
16763
62869
60019
29766
27440
73216
34825
32402
53884
69776
12825
29247
28122
8672
49951
49022
7748
64888
60098
22670
64411
41659
1194
10858
12574
79212
30744
59213
8491
34058
60952
54040
79144
66507
34881
8246
40619
41021
73442
15024
79973
45565
61407
26684
62290
73829
55376
40465
27539
20606
29576
40796
67128
25374
59824
2816
68788
28446
69814
41559
77595
18501
11302
37583
47657
61855
16191
30876
18633
76661
59787
58086
65098
78028
58472
10003
58436
51412
47231
48559
41262
40081
38395
55368
79271
72124
61445
78573
79253
20622
66222
2581
28967
38144
25211
23543
58318
64825
59903
29204
73048
37421
21140
21493
77103
2756
48818
33759
14366
7782
67137
30818
41730
24691
14449
2409
20164
44983
1300
32381
58968
7825
26311
72511
14733
64857
58286
9840
39215
23329
54158
27415
44190
15080
17094
26837
68912
10735
8655
71567
42915
29264
61465
25454
37919
438
58572
16819
43920
15991
29976
65681
43738
852
13463
19262
58613
62029
2201
8415
40817
12288
1636
71609
65472
35932
36661
59449
27718
45255
36340
65520
76160
43337
53001
69064
14279
34921
16355
4358
15295
62042
10378
44413
47914
70408
33891
17593
51867
35040
53846
18404
41188
17389
63409
21048
8230
10685
73089
66633
41023
38700
69080
45473
15023
58678
21367
2854
43458
60891
68452
38266
64379
64072
41024
62758
29549
33656
43870
65887
22074
1206
11383
63645
16455
1163
36979
15396
30998
22228
35035
8245
25027
10231
6190
5652
51171
73453
25499
69159
70919
15598
62319
16972
60208
71076
47169
75181
7010
78568
17837
71392
68013
51688
66397
73458
6653
554
58892
7967
20976
32576
41681
55371
8512
61143
47336
56719
25451
64116
7517
37502
57033
76361
76973
49295
1286
20849
71906
22856
10871
61689
58704
63180
1168
37536
6072
13182
30261
25412
64645
54079
55532
30860
55440
31101
40701
48847
53546
63853
55297
31743
38778
18859
66567
20828
8082
19774
71613
71455
77688
68647
44702
68979
23885
56554
13928
46964
13642
56462
10453
13427
76401
7070
60085
34953
46799
24112
38772
45277
42864
38027
9559
79371
74161
28962
26171
78483
4227
44425
4458
22662
8421
41088
79490
16875
44371
79047
33057
20748
52024
51020
21112
62249
18972
30409
40856
20219
52883
77277
19167
39751
13446
12065
7201
25854
2338
62634
56994
76136
8269
36986
61711
73335
2264
33859
15215
59716
34085
33204
8365
56964
53947
79353
29901
1925
53649
71247
27166
65379
4785
31108
61700
40357
33598
11824
10824
59363
17968
59667
53451
1879
66407
1500
16404
15079
16584
78549
76768
10937
35114
9415
31205
49414
17585
6081
74140
6322
19723
26159
44751
71034
76971
47812
41555
53967
12924
2443
52370
38519
28628
41637
65417
44877
8003
28719
61900
19681
4226
45415
46631
2121
46340
3604
71084
55370
32906
49585
14230
4091
75580
79929
16880
62836
64213
51221
37819
47418
1620
26428
26625
73349
3293
67355
22711
14155
73825
15998
4059
68649
56642
17718
40157
67419
13747
13308
12997
5396
18395
58899
42029
63617
36754
35439
69941
30368
34084
24664
54264
57773
20842
13498
8377
34502
14034
21115
28923
76496
5674
47104
50576
16894
49469
56157
63293
20149
10669
48324
8357
7402
77549
72971
31551
56265
56044
27795
48965
77945
8691
465
58886
42653
63425
48284
57227
56573
42411
62743
43316
29824
67321
52734
40632
13382
45325
66524
10318
78901
65994
13464
32455
17541
42520
38870
55278
43971
63791
29897
37851
66080
69246
32244
8348
61740
68517
42463
62506
39761
2967
4814
68016
47409
33242
36751
47746
16410
42678
25484
30865
74629
33164
12897
328
43115
23114
7822
26608
47982
3825
3787
3366
74609
14437
44020
19183
2629
13951
3722
52561
7033
47268
38249
27108
59223
43461
49452
50596
45938
64325
52811
52323
51587
24600
6036
21093
61258
3326
46871
42895
37496
61805
44019
53255
62722
20137
77068
39536
32552
51319
78785
68060
34686
64138
40163
20784
6611
38453
47869
4585
7539
64045
30748
71779
78395
63716
10910
33214
71362
3712
29293
32609
55137
29814
40878
2236
24382
991
16223
43552
59950
37105
68224
2620
65007
64484
4086
7014
48911
52576
24224
43837
52584
48283
44902
64422
15248
47351
73087
21663
36436
79609
418
15453
19646
22417
60394
2078
6156
33330
17307
47656
21258
24143
32837
20288
8658
50392
41606
73897
57258
42407
41079
1602
35479
33355
73863
6236
36442
36136
38476
3485
34173
32359
21737
78812
37130
52702
37876
3926
9808
56181
64693
10633
14947
73721
19864
60239
31952
54672
51728
49825
18335
13911
72879
25857
23659
761
38305
78671
47749
44539
69805
63333
57309
74855
25628
44829
31767
43335
57988
37015
40959
66904
68434
55792
23378
37900
73944
69140
40420
35194
17793
49717
20535
37161
62627
68539
61131
79495
45314
1171
28477
2754
36532
16884
33724
77971
34194
66898
26741
11421
34271
76765
5126
52630
41177
41561
35843
45292
27141
38303
1491
9683
24223
48325
27684
49415
28879
68384
56753
45018
71406
60188
38639
64688
2900
68645
46365
32547
4589
76855
69380
71261
50193
40035
50828
17976
23043
20177
75021
22215
23814
6223
15925
8564
47469
18927
51750
62503
26055
73971
29040
11168
54678
9457
27370
45020
22325
48587
66349
64953
2660
8165
4824
27417
19367
27093
8451
23081
12365
25982
8665
32162
66386
24180
39172
105
36338
74083
50649
9510
34224
63764
50036
18903
75827
14554
78464
27762
3979
61548
22036
25684
21615
9905
67221
30526
74898
47705
10867
65741
65568
79273
70312
30263
16114
23456
47470
74608
18186
14066
66500
56725
11023
13325
36464
40401
61329
34653
42686
54077
19115
36096
71682
75930
47543
45667
71177
77120
52197
71481
71921
52620
74287
59817
10424
18488
34776
56798
55945
22416
71844
70249
22063
68680
3654
35905
79272
63548
31127
58062
29925
28737
32422
11807
62245
16244
56192
32577
14915
48867
25245
74263
69587
57643
7679
41781
77861
51261
34704
13266
23032
58321
50750
31331
22231
64865
5611
17232
24875
3820
37007
18287
55300
53528
16557
75657
31661
61444
79514
22187
25036
69177
63401
69860
423
42593
28587
50208
39826
34606
3202
28661
32285
22147
34599
8482
66609
29063
26038
44076
26997
49977
4505
63145
14140
31031
37140
58821
15460
1076
48408
30890
8698
66249
31520
20738
44275
19237
60496
2532
76722
61264
40848
54397
47428
73990
39566
39581
56379
61583
78844
71007
26208
39678
66845
47360
60622
7527
63757
29695
32745
45963
28326
29543
63744
36888
24613
49044
8355
2598
72789
42285
76482
50312
26927
40993
58364
22284
65462
73277
26564
25135
37259
76456
50113
25502
54789
31452
17754
60824
56424
4803
46273
14580
48445
30886
2568
77838
37895
73881
78681
65332
18178
36318
7851
69835
62048
11276
38771
71801
26081
41609
38464
46300
10387
69325
61663
19513
26918
26636
40300
42199
77480
72237
53522
24270
8220
25074
8236
79622
27207
748
11912
79863
46145
64204
53032
35956
11109
53736
55423
17140
61435
43448
76555
3652
24275
60978
46143
5680
35212
39793
11896
13511
77367
78592
39212
49480
62100
57602
14745
39977
63838
73099
9153
59578
73116
1519
13769
5852
36813
68088
15999
60228
17531
15694
50744
44766
36951
12127
27528
7160
51963
32751
55270
50076
49521
13135
69983
6829
56303
1496
64515
6892
58008
15333
24345
19788
53052
16516
45102
52320
27301
76159
19358
18133
63353
19674
12253
65456
11667
76269
32758
70298
76065
9601
23880
58529
46232
62106
65254
33430
17792
70782
64308
19013
73106
27897
35613
72696
47750
29857
42979
20330
51784
58950
37165
47712
76517
50713
13011
75773
7095
24572
72172
62628
10784
28997
47407
32139
10866
17962
51668
52966
18940
52442
54215
42401
49199
63347
33526
46244
73782
71826
27135
13656
68919
12266
16150
10618
63282
4201
79683
52185
28221
79349
64725
13221
22561
36758
37462
13497
30755
71310
22169
24155
39625
4634
53457
45661
38015
47039
41677
51328
5975
73505
65172
75189
25748
48453
5365
60131
71755
25720
51741
62942
76307
24464
67508
74128
46125
52714
36560
24208
65619
62705
3201
62449
75702
43876
29488
57361
73910
16900
27296
36081
3307
7493
66518
40631
9109
50244
75980
37930
38654
6199
74045
23487
30601
52506
46674
31928
23794
63911
29028
16100
62936
52890
22453
4271
61902
61675
1716
79829
9603
7759
63320
66606
71643
10606
35008
36069
63387
57784
9945
37017
51359
9311
16555
20010
44391
68924
50909
28273
76943
46453
64660
22792
31916
24153
70352
16528
77687
74397
15835
40295
39391
57464
43449
49647
72274
4542
70393
4131
72584
62066
35273
11257
75114
56904
78734
46630
62629
56037
16857
10985
7497
32015
78224
52647
48314
3178
1332
29680
13774
47122
30546
29426
46359
76690
8784
32714
75655
23208
51293
70656
61660
25432
18696
31320
10947
21389
52556
68744
59958
25809
31939
18221
59086
51710
34068
58285
56819
39255
74143
72561
1311
52481
71480
39646
70253
74863
50711
52241
70444
68451
68618
8120
67653
35806
65326
17141
62665
77108
78757
76163
25313
58599
49475
24363
34729
32183
36482
10487
23807
35989
71078
76514
14936
29064
300
41069
74754
64250
53402
30564
43992
64367
61414
65068
65076
675
57639
36980
27089
9960
49746
65451
26490
44662
62776
46021
66603
35362
6965
37744
65147
67009
76097
18831
38789
30249
49638
59144
38125
69147
36173
49608
65220
53826
79876
38709
69307
1429
29367
54615
74441
44917
77206
36163
6461
28717
26839
2153
20750
67994
54346
20568
71248
25076
50749
53403
28081
23827
55604
50586
19701
5817
47872
19570
27307
75809
39270
13601
65224
30120
21920
10950
39218
60365
43678
62500
38520
13684
46212
21433
19557
45589
1243
69120
22896
49830
2539
60339
1246
9464
56242
40102
21408
15643
51146
1563
39939
79235
18054
31556
29144
5679
8260
27786
38563
11514
73143
63222
38475
61963
8771
36383
73694
68510
19601
69192
39986
75011
65657
53339
16832
42881
75028
5259
25520
31412
9622
45679
31049
11717
42763
22529
62787
79003
1490
18532
68729
58953
11395
55090
38732
43236
79791
73568
65776
29249
51672
68640
54814
37330
42022
22232
29070
75916
33818
59168
27875
34695
10696
78623
78939
14958
23209
26406
58272
27250
45696
10558
21756
27896
35332
74615
45989
61328
45115
4060
25693
20495
66345
57193
17835
2774
8973
59090
40660
31464
47566
18789
4950
51947
25266
73441
17596
17430
32418
68266
48701
72662
7011
9849
35904
56412
9107
24945
45561
54271
52307
51459
15233
44985
60684
15468
56199
56261
52273
25110
14488
35131
74033
2805
19861
26797
10057
22006
26930
57723
45364
21764
8777
79339
47241
37899
51678
37141
43611
54047
16523
48545
26108
41274
6192
34259
42068
57708
70701
12364
49166
72606
17412
9973
49555
26886
52779
62609
29175
19109
41569
76191
13356
27140
48732
57693
9739
46418
28012
18027
33774
77597
26435
13962
32980
8932
21417
71467
19028
64842
27844
39472
8363
73031
39651
20691
17198
61504
64686
73838
20141
55797
11805
70007
59342
73362
21672
69485
34893
13900
47317
58837
36366
21755
16301
67329
48607
74132
23679
28676
4408
43742
33289
62314
31744
51568
66058
55009
36148
22413
51600
37798
11670
14919
7251
76231
11375
44585
60937
65655
5618
44393
56165
69820
6574
56229
3450
54849
10406
3605
28662
23972
69965
52717
76081
7415
45906
52915
75449
75016
18403
55917
49109
16493
24520
21350
68753
30509
49583
40413
15484
52347
4480
29888
67528
12512
16611
43152
4199
68347
60363
73498
27099
15243
55529
3526
19954
43317
72563
3050
58528
43246
25803
1525
48694
1938
73798
36363
20698
39369
11360
17063
41551
36320
75278
54455
65827
69040
55157
34524
13178
40162
62785
55738
22860
1625
64383
6292
45391
8623
71277
61161
42102
44548
31660
29335
59154
45080
26815
66210
29243
28114
39443
16141
68027
78666
48491
7055
70882
71402
11152
29717
68658
18958
1155
53779
41056
67546
56606
12192
26864
33163
14204
63312
5498
30565
24252
11305
12101
14378
36782
49545
17231
47233
39100
27174
9102
10916
75690
41849
33832
70392
79252
23403
71009
49069
50231
53543
64920
39510
26241
61364
61182
77301
33675
53174
60529
75553
12960
56750
70112
37498
66405
3897
19214
77347
51203
62578
28356
62267
53135
23831
37872
21962
63165
16155
19550
9490
59012
20627
58584
62256
36017
50538
75637
58023
57020
9529
68056
61539
2811
70820
47767
6941
64472
9924
71977
63372
76609
6657
5441
7351
33106
42671
39176
49339
33815
24848
61023
78300
45897
1078
54489
20621
61901
65533
24300
69121
8719
6730
37722
12657
33509
50313
28539
70192
3821
46264
69645
72649
24991
70947
6143
75635
78807
34949
52608
47994
18770
54645
60936
44679
78659
43496
11001
59531
12923
72039
10395
54908
40940
77715
67491
75834
59465
4528
38645
14117
59643
11684
27790
58375
479
76922
57837
3855
75745
52784
36097
73281
19169
11872
13483
23999
60353
38827
40614
57032
77569
61772
62273
44016
43166
50751
18974
6335
1164
61368
52587
78444
33861
33036
69412
9348
33678
52617
5786
38748
45132
15736
42151
43561
47559
40284
6677
52221
4833
62269
45934
37410
56996
27435
4026
57889
16620
53473
50099
65455
16059
33788
53248
42993
53363
36145
66466
42338
64475
36735
15309
28068
24715
78463
103
65298
79143
53797
1165
3215
55640
22040
26006
29830
73076
55983
54994
23413
16011
69019
6827
31740
28022
68896
34198
52934
29124
9145
32759
15576
55465
61773
71895
20567
14938
21985
72195
8867
19018
41618
41602
44658
74320
76341
64271
15083
29423
72290
3662
1060
71943
19955
71258
51687
53661
19972
27343
14302
56610
21965
8526
61995
4646
52356
72517
51476
8148
54927
62488
73313
57644
49342
59494
46048
56815
12391
65709
75641
31749
39048
22632
6147
76257
61255
76223
20074
22963
5789
43023
79865
73395
54058
11255
13993
62635
10984
26179
15232
41359
48522
14123
32707
46022
16926
75936
63766
29218
38201
67138
38382
39152
47551
1454
16585
31540
52371
32744
53518
37777
634
33217
1326
73135
11817
20262
29244
53004
6571
79142
34912
61732
8857
77517
38671
63601
32141
71276
12787
10048
56954
60576
6963
12921
34870
72699
16811
60221
73526
50836
50672
58664
73279
20569
62062
79752
1767
33657
2708
4422
14077
29260
31873
72490
48006
75599
1890
23207
40741
2889
52237
8004
46159
37176
48873
24860
60933
70111
12305
71272
78314
28633
41493
47163
76957
38146
73334
77481
6166
33211
9123
9668
74080
54232
19122
34880
37691
29306
28125
23080
72574
46514
31228
63143
23334
1457
54830
36481
37309
29430
54071
32073
10692
4484
52880
57668
54705
7130
8360
76135
20841
20500
41089
33746
42300
47021
76479
68223
5252
24231
55726
2612
15608
5649
22906
3237
38270
31756
48693
76558
20639
40575
206
26863
34854
26214
75665
28246
62782
53933
75519
36729
4800
17787
60432
22377
38491
51984
35738
3088
78219
25700
65416
29286
31976
38509
55317
50640
7191
29842
54935
40957
64212
45777
4606
54926
21331
23297
65194
47763
22725
61623
58417
76964
3451
26243
26828
34741
57435
24939
54671
23838
27612
22587
31940
74862
59633
49121
59699
50351
30415
77174
46243
30898
28394
16881
38856
37124
8527
10363
31797
7031
65691
78354
71124
78405
52298
9358
25120
41491
37280
76198
32018
15574
24044
24037
5860
17758
73402
31755
66437
35285
64553
27066
79684
15734
29290
77383
43495
1091
46210
3953
28964
18538
20888
1841
29545
66135
46801
70962
77092
35891
36913
5970
32208
51948
54970
39742
30671
1115
30022
12576
12947
43207
20588
60575
596
20605
23669
47783
66406
26763
23275
42328
21120
2255
14108
28715
59013
56492
54261
3333
63522
56789
67642
74230
73364
41341
77309
2894
55938
73780
56765
50100
34268
52246
74085
31927
53602
39213
57795
7767
30239
76552
35884
18735
51002
9495
36652
983
21445
57785
66305
36985
69336
34220
61343
1443
68438
79926
19797
53718
47239
43021
67694
31081
15490
27077
67068
72518
14103
4382
1771
18746
48034
3878
15662
69927
59220
47868
64776
50393
77128
79120
71562
72116
29728
70041
10683
51016
28545
31702
3633
7352
63689
24399
9305
50064
27104
43056
75969
62362
59181
33909
26217
73139
6059
13956
20297
28299
12046
78438
76720
59805
72199
14065
22560
35257
2088
10455
21012
42485
47406
62167
706
57101
21877
66824
67658
47130
60845
11035
69754
13050
10452
63478
30259
8193
22596
74638
56997
25779
32329
61113
63989
62544
62101
38521
71257
41068
2041
30816
6273
1212
68133
48532
60444
57021
38640
77815
37164
70031
25086
41077
48330
76188
38902
60443
13461
34845
29583
35053
76420
79977
33039
29710
6035
45797
43774
60941
21879
45466
15462
65695
68432
68132
47071
40528
31117
54291
31114
7072
33666
44973
19682
65700
76762
1035
41026
22031
7295
73926
28904
24090
45643
43979
18226
30806
44821
60289
6120
44460
26429
69327
6860
30254
16204
33130
15960
70008
731
39812
20747
27552
79105
39394
56581
32228
127
78225
14281
47661
52703
79516
22633
50025
50647
15458
70948
63596
49142
28496
50788
60642
41635
4071
61594
68461
61920
49881
77465
67704
5722
7112
5031
62204
24031
36308
14448
44363
37263
43367
66666
52615
43404
63139
59225
29848
19300
48773
31357
44938
13742
54538
75091
40454
70153
18690
22449
18827
42168
48655
24979
33338
17470
53343
53069
6159
78971
42422
70049
58842
58523
27424
49682
7610
46643
34291
44032
28986
63003
51836
50907
57186
75762
66792
16071
78331
48571
16612
68660
79965
48212
48081
8656
70010
30592
51139
58316
7312
46625
66435
27139
24502
45393
31107
152
5612
65977
49927
39208
71805
36104
22226
51955
45896
10293
70137
34051
20793
53390
68359
44612
28589
17877
15787
28716
45717
51219
30741
61591
5344
73811
40646
2636
50725
71893
69505
71194
24299
9313
74224
5933
1830
43654
50550
30935
68877
32687
55826
51082
13136
44580
8170
9157
73266
77327
38099
76311
47301
58637
78660
59480
50621
1208
76516
78690
52035
27499
28300
46424
79302
37738
29201
25975
32327
36243
74738
49330
33558
18731
7852
44541
6861
48514
77816
21665
61996
35169
3087
76750
47289
25541
30146
23930
18033
62171
48213
16596
1378
71939
24291
67599
57745
39696
79480
59712
37719
48722
52290
44061
23780
52925
55269
65591
15680
48973
60528
50759
37168
41361
3514
568
31897
69856
68097
30177
26526
48195
79229
5299
48929
75438
77709
18933
61856
6816
36927
46822
79482
26026
22672
25683
51402
4506
17413
17157
55677
7423
24824
78993
65492
7106
24612
11087
27243
30619
39022
29827
24809
36607
58639
25413
34608
44732
35167
24145
63047
23879
56796
40390
31305
61176
46361
22307
22067
62868
55812
20939
40037
53459
1926
11536
64719
14239
59901
3147
32199
55616
62350
35540
59583
58399
40659
4211
76481
70586
75236
9325
75814
74458
28804
1705
27398
77471
74366
5583
25340
34892
2579
25758
58832
8939
73348
23655
63048
42880
37874
35188
55316
58521
10785
48223
35341
21428
68813
6163
10211
41767
7949
6784
33897
53724
11338
10946
38853
34561
14736
71506
15594
73088
63759
53177
41775
23212
22961
64205
14186
49183
16750
5569
21526
65688
7145
24534
46857
62777
75743
30872
1838
66644
59074
36411
37847
63837
27183
32990
50216
68573
68007
75874
22861
6269
14200
51391
64947
50151
32752
58955
6086
38133
10355
9871
20295
31554
44392
58437
46377
50134
22491
30837
15697
36266
52108
21202
2310
59106
30096
21406
26271
7348
78872
6000
72183
43431
60215
18008
36775
47713
66828
71875
29303
1927
72570
61260
42661
24024
68477
31823
40057
41896
41833
16621
43892
66396
41083
61397
50837
45282
48228
51870
24513
29451
46936
53515
9648
17741
45551
34011
22675
45022
36227
23386
64081
62636
62472
54387
18358
74735
1788
40970
70243
27419
5712
15179
63389
70700
10125
48371
27928
39883
70417
57504
11665
11259
31838
77091
54477
63520
45830
48700
69928
71202
32979
45204
43481
52787
265
22971
49119
13952
70158
73639
66645
45117
3884
22320
37398
31552
42665
35957
18632
77572
6290
10317
11469
35091
6197
45822
69830
75209
4239
609
58060
57866
15031
50682
62352
30859
50065
54879
75031
51269
37009
43554
69846
65596
22375
14563
54581
1415
20626
2360
48296
15063
5671
4983
62658
64488
59167
51355
25464
57463
33510
2744
11784
14599
55501
36415
71180
54986
31511
65767
11596
36242
5930
38806
79496
49488
37836
76102
45700
16139
51433
61514
18080
24958
73090
463
61056
75861
51162
59351
50658
5548
63150
68776
803
6822
23816
45669
40410
22153
17539
53413
41116
34396
67134
35097
27853
53801
55109
480
31835
22728
26478
33156
70603
64974
40807
12072
7060
37295
23243
32241
73408
74934
31454
14600
68256
25100
43558
20589
38415
19051
39402
31754
37853
54174
42579
20762
59648
64876
9048
9036
31622
68827
41055
23840
33785
14477
7710
77215
38956
33335
39634
11191
75848
17108
3970
43111
55498
31448
75900
66110
44174
46407
76031
57189
16951
36203
11009
32370
48130
69052
52884
2523
18890
15473
34640
28117
40424
27028
74123
71213
68867
49550
45213
45268
79236
57355
17684
10627
66613
30703
40675
66010
48279
72318
51107
59053
8157
32603
3992
68459
55186
33157
28115
18550
78631
30515
18405
68862
69957
21149
62536
26854
61125
44602
20847
26329
70898
889
9642
73282
78988
55044
57015
18737
46393
21522
39748
36653
70079
76591
74736
79129
23817
69559
75673
76878
17565
2356
38708
51589
19822
10170
18987
22123
56484
73384
16559
71781
52645
4134
19055
6826
11783
2709
77745
700
24250
2120
5980
38634
35539
74393
5521
12282
3199
38173
26929
52325
70566
32297
68484
36079
73377
4827
27157
21333
71568
65202
10678
9409
4907
47330
13777
9037
9281
64868
77532
2302
31349
24518
6648
54189
1734
36144
71975
24289
20000
52801
3159
54004
61804
21029
9653
3810
6812
26709
25116
72267
15551
58618
58883
67380
28560
63069
41109
30739
78755
3149
10564
39445
73052
16649
22801
29922
23189
13648
62689
14846
47739
26292
49772
17064
76165
22840
51652
1545
9122
62901
40532
50152
71283
38999
14191
57027
7642
28385
18904
17639
72327
74016
1702
31570
54273
44025
72607
58738
5730
42133
70558
10206
45800
36264
44915
33069
78164
53547
29803
22597
56145
8737
48878
55546
34153
26216
18113
5272
1846
27845
23869
21082
39996
8235
9639
27244
35365
47995
55841
4527
60092
49252
10828
58484
42758
33074
38558
77333
36454
72688
24512
76292
48263
57893
76013
21127
75860
12436
12713
20117
27973
11698
8071
37467
64623
30206
20948
33793
33668
58256
34225
11224
26560
21708
19679
74763
70593
10505
49108
41774
54146
26100
7680
38967
42828
4607
17619
9959
58080
67665
56366
60996
30808
30507
42683
30538
33507
3257
12479
5408
47844
51842
16511
60864
5676
17947
23839
24564
35507
68563
47108
69738
14010
12925
40477
62382
52388
22124
72480
4799
29277
46728
34351
68564
19695
75148
68376
26367
28373
66274
34920
56233
10265
27652
56289
48808
41647
45885
41276
65227
14520
15823
39671
28472
72147
29859
49459
36339
23804
75385
24859
28559
2464
78617
43011
21242
62851
20840
13077
48443
54096
69924
9705
58415
68139
44932
14466
11715
28192
6797
51585
43582
78011
2637
35358
72917
22892
43792
34745
24181
40825
46877
73211
34752
32293
25341
34296
2697
42581
58812
28848
48871
25258
66388
4991
33463
16796
17233
6441
17532
58769
63551
8081
65949
8375
43919
26563
14785
78813
47764
10536
3289
9137
10489
76575
57487
16683
74225
32156
78918
68480
60966
13018
47346
53626
7190
66309
50180
22308
40727
40127
34283
60778
63214
32190
69333
43162
47368
48197
24730
75689
76631
1849
70763
32107
71554
74940
35007
43208
67136
61146
78826
78257
21900
36647
61077
43244
54585
4748
63904
45267
5140
22869
7939
18423
1187
41310
58110
66124
44486
2219
38842
10024
39046
73688
54401
77216
19725
67545
71114
76492
69151
16449
64446
58122
14588
46366
61154
7425
59293
5711
17788
59711
72695
40845
35971
10012
31394
78673
46782
44151
57805
43782
21405
59148
15861
7567
52881
11823
46761
65499
43058
60688
45071
37541
45787
79624
73293
21472
25004
37223
17720
46738
63555
41744
23926
9652
1647
7245
73359
21964
36914
31438
73853
45321
45348
7280
57855
27604
39265
46399
57580
51908
54593
62944
11987
51149
44718
72924
41829
71393
13142
5625
58061
68572
6440
30740
27155
71797
51168
30857
37730
53214
29997
25535
22983
54591
22313
34934
53717
32523
39843
75551
69479
70148
36187
29035
34746
58924
7547
57056
72510
47507
1146
38465
27727
7503
51497
53299
21553
9419
12039
25775
73777
55810
66550
1301
36814
558
46174
48703
64100
39971
40461
10753
37519
63453
27940
57099
28599
30903
64216
25035
15745
59391
12901
60990
57305
18953
64203
50479
49011
64837
26411
58764
58660
33831
63835
25386
67069
72937
30050
70167
32048
29158
38928
34919
11137
70881
17540
69484
2540
189
71770
15773
76309
49273
38527
59268
53102
72208
46700
1328
3792
31920
4334
12945
7281
78240
36611
47595
37701
72046
5859
47411
69039
58966
46645
43790
74488
2513
79472
53456
40135
25225
71333
35047
51375
75282
34649
30562
11549
40891
62473
51509
18014
21941
79022
78683
13902
79744
63244
29160
7761
59215
35850
40052
9833
11985
30952
36657
61234
3061
11355
51539
1461
62615
49971
42734
65674
22816
39972
13873
38432
76098
63678
51183
60652
39809
21745
12725
7172
56142
6255
75019
22890
63747
62260
75620
76530
47413
3599
62651
13591
4600
29275
34882
5825
62194
27182
7959
22458
10115
53805
39845
2390
13775
21968
73958
21130
21661
26279
61990
45931
26499
33333
42032
77744
24500
50156
49574
3848
67563
15893
19494
9969
10300
44790
54703
23117
69360
18091
39242
32956
18999
8811
22917
8280
26079
34373
3071
74691
5298
45345
13274
37257
68478
6188
54239
45276
70649
58647
76497
29835
31499
79225
458
13818
22106
72854
46582
4784
72787
35271
501
13447
65583
56319
50894
45471
78684
66439
51588
58451
57326
72520
79309
45207
39831
25286
17207
65240
164
1459
66224
45559
74694
8281
6040
10975
53031
43042
34861
60490
22045
63344
69953
4485
51763
4788
44698
12956
70694
419
25243
28613
78242
79019
47955
75243
14802
51818
271
39544
10820
45163
48467
19625
63547
18288
17310
18312
10454
78920
12044
41174
32379
13733
77242
72575
35299
70644
3089
53298
76898
44378
62309
18946
9732
11304
28763
28123
32803
79211
38572
74325
57029
28008
50428
1450
56385
11366
51762
69185
33627
61926
77507
51179
12877
60822
59700
16689
31773
3601
45392
61487
38284
59895
4978
5888
50844
66145
40252
34247
60445
16316
56144
45437
16441
24635
76206
3158
49435
55618
76379
8407
34658
72982
6149
7168
27387
21471
26865
52852
47288
2954
46929
16856
60657
48407
74788
74088
36655
47827
72648
11125
34365
19136
40974
75803
14280
48609
71495
6046
34014
53359
26996
43443
42303
48128
18863
62853
10849
64141
46634
78615
60638
721
48280
50870
11336
72041
74417
13761
69437
31941
56228
42992
71549
45274
16038
23387
45417
59725
3275
79627
41879
50136
77047
47903
42559
45068
27753
10596
40815
33461
14552
69501
54297
74962
73332
37113
76180
48310
53016
2658
64723
34975
70459
34793
32621
44063
69508
3423
73472
71936
79421
17967
66144
31523
60287
62987
53040
20473
14945
21627
40992
33563
9008
28002
64841
51172
16030
16313
19266
56276
75493
54592
64445
44584
39117
34792
76499
30142
74565
48928
2592
66951
66364
33779
58418
63878
9063
35703
56102
74909
59374
22898
77661
29950
73341
5567
54229
75881
71802
5834
17228
31337
51486
76131
77028
70045
27751
8686
53652
42911
40704
69774
54241
4778
9831
28849
14917
27293
47147
10221
24301
72149
30009
40482
51671
38147
488
55922
62129
67379
76540
48145
3585
79830
47967
44373
58776
70584
27444
61195
6243
15500
75180
44810
9769
6296
70170
68522
34273
52303
77318
38938
46540
57396
33301
19186
37521
60995
22916
67621
15397
5159
69643
23325
65527
78337
15067
28530
817
39861
57478
25627
244
53799
19749
66385
60291
70367
23809
2265
78746
16381
49261
58158
49756
43119
63178
6819
46714
13702
57803
70610
51869
36780
58239
77061
16357
66143
42942
12267
6237
68965
23566
79041
50519
34789
57704
67628
62170
7524
40721
43374
65800
57544
13468
46920
51563
59503
23253
75645
2407
76633
33519
7391
78404
4221
21030
50978
46827
54359
73845
24212
76689
42027
23992
13177
24242
64510
42454
27
62582
9756
76754
22895
20032
66079
8464
27203
49664
74620
59489
29547
27980
23156
4469
70263
3066
30298
6276
43129
35515
21037
69801
38716
77479
79992
78914
60769
2653
53530
55259
1057
31103
18714
28973
29027
67117
50921
12628
61921
12864
72220
33395
16990
54706
24269
13871
53411
64594
35584
50311
22254
63839
34092
56928
15143
35575
59784
55029
8208
30636
74708
79145
27611
3162
13430
567
5062
73069
34267
10808
58558
45062
2686
2123
51648
48769
22096
40699
23934
20148
20459
53275
42078
77811
79625
1501
26009
29968
53195
24743
43309
25835
54609
56126
24054
11854
51704
46837
13955
37573
26385
25913
1592
7917
61396
78752
71094
50639
62073
57278
27107
2887
78507
44100
47561
45363
24292
28585
72745
34537
15454
9709
33356
28309
24838
22688
20563
19890
43188
77512
78441
30173
6336
64305
60296
79100
22734
60341
1207
41857
24266
22653
10402
42754
64835
47020
57642
11309
15081
75410
17811
16529
48050
30974
272
36860
29609
50432
34629
26436
21805
28821
39263
27411
40296
76378
8523
45637
55542
69577
3031
7368
15684
31423
19521
234
27729
59245
22955
57209
95
54488
33361
52855
73865
15664
6317
29988
47028
27653
7437
47897
6586
42089
52420
36110
56383
4308
60064
373
65049
77423
67539
23168
33618
11154
38988
69622
77783
37703
44357
78825
59236
42699
23449
17308
57135
52120
70796
35747
9625
73851
38128
25746
18792
60565
10563
66916
10113
16754
29795
50866
74602
27292
464
64753
29544
65513
68028
34439
60732
72599
67828
31987
52475
61511
65369
67885
47274
44085
9676
38892
41613
8621
30176
31426
34739
26587
26274
48345
46148
64560
42927
29168
44366
11803
71130
69357
1950
17548
66070
67031
59668
47230
41399
8396
3618
70222
77978
54525
10440
60254
35293
15210
41725
43538
42104
63317
76956
49340
12236
61027
51210
77769
56180
40763
77659
11838
55256
72334
14024
61112
28465
74026
12569
70171
1068
79007
19677
72118
47471
48699
65626
15125
66952
19765
18606
15222
43260
49569
27758
27064
41518
34168
17719
78508
57835
19720
34180
30667
35
25612
2111
75828
67281
3680
45521
79040
36577
52006
22778
55769
58032
33672
60032
77273
2936
76757
64376
34201
43250
14408
51451
57105
57026
61429
20651
79459
55068
74165
46704
28424
31194
40304
34868
25018
27887
77399
28951
26824
23549
30148
10697
17765
58064
45965
13488
39753
7838
61196
17606
9176
16909
36189
15588
77349
20564
13592
60055
53396
76367
65493
70658
37870
26915
36531
9029
56384
18557
35193
21189
72233
62510
73852
59105
65535
26126
22926
26549
48996
54109
14731
53472
78709
8699
20136
65359
34914
58895
24992
64030
72059
77072
57515
37422
59900
72504
37952
35892
69223
7156
75903
76600
14675
75132
39789
46290
3292
61724
74464
64101
68922
15733
21492
78255
41193
74386
18973
57768
55214
16899
37855
37609
46836
45119
56688
51495
76419
46951
62616
77758
37420
9971
60729
37058
22173
35705
34750
37146
773
29429
78304
12658
18910
49002
9909
43173
6244
53394
40946
62172
28413
73624
49609
41905
52648
47724
8785
9923
30463
54281
67173
35541
26272
1773
19998
71827
57356
28925
74233
39395
77368
11153
35183
20916
54186
62889
60739
36765
67645
8688
57477
32016
69148
32690
62915
14511
61924
19491
47468
4933
57762
70029
27770
56047
4128
9501
20532
1523
51766
20728
24000
19703
21873
7621
58203
29497
24156
15347
73421
38350
36885
66453
42002
22255
24472
1778
28461
67907
5866
28495
5976
38478
55724
68503
39250
43300
57497
972
46802
36696
71123
40259
17104
57761
37472
43435
76915
28583
38875
41745
58767
8601
67348
70895
50217
61717
36618
26138
1259
78552
2511
73280
22138
59432
62124
65075
23897
52377
24661
25453
53342
29647
39101
62565
51517
36449
37925
51059
63885
8342
74726
62888
16524
74133
40711
21975
56297
20299
8663
70359
46109
46140
76652
70697
76928
31393
2272
19188
14255
43703
74017
21979
70640
2663
58641
72294
21629
12411
16546
42569
24356
10425
61704
60596
52062
65381
76463
25739
25952
32943
75971
36152
39165
16844
28408
40341
20848
50934
23031
43556
39368
13776
43241
31453
76737
55768
42139
79391
1524
34340
2632
18661
69176
54951
43314
60431
49192
46355
28989
72707
74429
52411
57499
27710
12741
59943
64808
69405
7637
42018
34719
18912
77631
21113
75935
53814
42924
59131
62205
73391
73889
65058
11663
62865
52853
66774
71012
4394
76719
35637
5436
12702
2162
76041
35517
23812
46847
42067
8022
73788
38429
17009
41172
17831
18457
79886
41191
57127
50671
41049
11547
39765
40214
66492
60813
78649
1093
3473
74996
29923
7794
71493
3229
41453
33860
938
11240
52263
28444
24686
29542
21035
9964
19210
25261
15626
46150
30270
68596
60878
56489
26010
75723
14709
22068
38598
26107
12259
9386
56497
47597
50442
4760
7746
12630
67246
9726
48493
36731
30679
34639
66304
68059
40412
45840
46739
60020
34827
43972
49649
48308
19456
14398
79146
16073
73596
53414
64561
22353
29937
35911
57789
16556
41397
64048
39195
32709
29936
77073
14523
36921
9323
70778
42189
47765
7109
67592
18829
11446
75820
4092
4972
57253
78625
33194
73167
263
24535
24276
13668
17164
15936
72496
15068
11631
76161
25092
48472
11044
51420
32807
58026
39171
66416
25994
13370
5316
1959
43024
51334
34165
68815
77928
21983
54643
25165
49966
51737
649
60163
24899
25897
57987
27469
77112
62999
70645
49204
8340
49151
55463
28507
27172
33914
51173
62935
50619
25411
57004
10168
74181
41648
73060
1599
50835
53307
69253
68029
21194
440
66594
6552
39835
60090
22843
9288
20982
11386
15336
12989
38416
34583
14295
47304
76377
47369
33331
64546
61512
63588
57684
32338
979
55372
47042
50740
49879
62874
55965
64067
39090
38718
18132
52990
76721
62704
17187
29436
74179
59803
34062
67865
6655
35306
39436
54704
22257
44879
76005
15306
20926
71411
30963
63271
38396
2042
43397
5762
31642
56069
3531
76515
44271
59276
38776
45552
59478
36659
52543
64677
9950
57045
58748
20791
49260
10464
42912
38492
27749
44232
32360
41560
22041
38091
36689
75032
50537
42867
51007
10802
48430
4018
30153
54307
21562
48225
37324
51945
25311
63162
51109
32207
16460
64992
74519
13054
4377
39325
29818
70500
23987
16492
30307
69152
63206
64468
44336
61713
24694
64144
28219
77029
58591
51785
52652
55694
76318
30897
28734
64613
33628
72062
13180
10444
30452
46221
43170
23998
59025
23457
20461
8207
2591
25655
9976
42545
24293
12067
52133
16782
8783
38468
11811
58255
13688
12098
78133
38702
22810
38834
67767
61107
74789
75621
30344
32780
60969
16613
52414
63876
51647
51309
45895
22738
42735
62916
6087
78130
56478
43005
39367
40376
643
79048
76359
24662
59566
53438
17739
14565
74848
63052
24892
43199
13429
71873
64384
58155
10056
52949
65791
30568
17595
68032
6001
74038
644
27088
41897
2323
28575
50309
73124
66611
74406
41064
42117
61339
45778
26956
52013
54295
48068
2888
19007
11149
61566
2561
42033
16870
59815
58471
77493
78991
78865
19609
56814
53762
41462
46059
46959
18832
53941
7525
57783
6649
74438
53916
39476
24236
55268
7491
15923
44160
64166
69329
12996
37177
5924
66738
30815
11840
54389
12321
10948
26817
51200
22928
13881
73949
22256
51009
23044
4062
52193
75747
31180
24157
39764
35245
40912
28696
69984
18333
9370
74290
72654
75692
14555
40576
66225
11978
74822
3637
12524
32859
65107
21792
57232
21823
63662
39584
4994
27083
77675
49229
63067
3424
79320
34055
27529
64180
20947
26405
70943
62113
49071
1769
28220
68270
78877
76301
79747
58063
4946
72830
49665
62708
79282
8273
32086
23106
27501
71570
6783
41087
5312
76706
3272
71608
54259
860
49430
72744
43844
22347
42947
78876
50035
47148
22884
18706
73668
9287
28390
50748
33261
2334
60517
65368
65696
19511
10520
15738
43735
48071
6476
23327
27971
56714
13017
33533
13033
76060
3101
50664
12469
72451
73642
40161
5889
49845
60405
71475
8701
67644
3346
38102
41345
55967
10908
48743
62014
57149
35460
44227
13101
24543
48309
38891
38876
16561
16060
5158
50328
43668
74321
1718
40299
32218
63717
57068
40079
30783
50398
57861
11573
29109
3331
60288
1542
7101
46272
71687
7100
65940
10305
4993
25072
79497
48233
67139
60227
44423
59631
73212
79294
25597
52113
12052
17342
55436
17791
70172
77531
46218
42163
30123
44059
5636
47045
74440
34853
44547
17685
31926
5253
54617
52419
63708
65545
51828
24448
59088
41305
24943
5836
4149
76091
53247
21973
17499
79103
12118
22948
11290
74576
41277
17833
76340
26759
15348
52161
68225
26308
33151
8860
25128
42331
63599
36561
48452
63388
76256
18793
48794
22900
26313
21585
3951
59441
53461
67157
67706
2619
52190
1975
23901
74668
45964
24836
62419
71675
7938
41673
62345
29975
60515
77767
13572
12
59977
24729
75463
30878
50233
31602
56245
72495
78858
34863
14641
23658
20629
69042
77944
76105
18383
45680
41452
79828
5783
2817
28182
27963
29169
24377
6412
20374
61709
70017
64864
19816
57526
13188
36816
64002
19255
51021
77158
55147
79104
47399
50404
7217
7625
67759
29268
50520
8680
58600
28283
46813
42408
67647
62852
59645
28893
4702
46404
61553
9497
24829
24827
9978
31284
7947
17139
73045
63351
75406
34548
68433
51650
68875
55156
13186
64359
45872
64375
73487
39535
1672
56321
44242
1030
77813
21377
25762
55813
16664
14019
64118
63273
74830
36534
20771
69214
52272
64193
27202
52849
22588
9884
31525
24003
16245
42114
75585
16647
20139
65357
21929
74746
74849
33016
508
21374
18385
32309
60182
36938
35162
54278
52793
6395
18839
54038
50431
29304
28746
63331
54248
30301
40230
72221
62401
57229
59928
37567
7224
18332
22483
772
43265
5188
64529
40378
79512
3591
56712
61556
8657
43074
75219
28612
27605
27063
20946
32604
49803
15931
11279
52075
13547
11720
19192
66875
19027
74706
66877
20226
62653
70968
6792
5681
73292
58381
4521
77472
33864
35444
59243
7823
5473
46716
39468
37390
8339
52054
72473
69971
1709
60916
22591
26291
33140
79890
34522
23548
31249
1242
33613
40913
16102
59072
79227
66555
25840
36905
7532
38573
14352
59379
29123
64699
65762
3291
10667
52892
66734
21694
49979
35912
10347
63857
63890
67762
41301
73888
66839
67992
9872
69335
46360
64154
59481
29195
37469
14259
5260
38777
68191
9605
66605
8772
6919
37020
68506
50042
60550
64355
48277
17406
43764
15293
60892
31319
2248
33992
78440
26369
4240
29856
34637
43237
41903
7446
54231
38233
38379
33047
48449
6541
39754
50262
6157
46864
20140
25052
54216
31054
4204
28695
57812
43905
46963
57009
79454
49597
71843
67928
62377
21021
58884
76988
43117
42188
51765
9640
76627
78724
67860
29597
37755
45801
65108
30291
24583
30550
57827
76175
66147
1970
38250
34352
66387
20487
8361
59953
52959
7638
5435
63851
58944
77717
78301
10119
52010
5333
40823
36236
31606
54633
13007
56241
4470
37308
68360
43973
21146
72146
14673
57031
39193
44443
44222
23483
11626
34143
34989
1811
12460
72601
7307
4850
22839
12480
45300
27806
23399
24015
33028
57955
6900
38927
53883
46263
21097
39975
23757
64542
66771
27377
24463
52346
20954
75483
79083
65532
34115
14399
72600
20420
60963
55992
20313
9136
66934
76763
70497
37727
63175
42687
10073
31080
35134
18659
68442
64952
15291
56341
7735
42981
37921
45152
31164
38857
59644
41761
54097
40439
29969
36080
52373
55150
39305
12390
42107
5750
26548
58363
72243
28098
4847
24151
12019
6303
18860
59280
32607
40206
64099
47337
52659
35184
42691
74419
46180
32708
37815
19850
63688
53710
19157
77331
13342
134
45334
2087
66054
30652
55171
78472
75366
35005
63245
78575
54676
72884
8376
34770
50049
57028
9929
3155
3373
37979
1928
20539
72111
56035
71457
4445
22777
6160
58108
28039
32580
7026
50532
51659
45701
830
26876
2125
3976
49619
68633
64527
11911
67343
38793
39309
11103
31690
9452
35048
20175
1177
19665
53144
12071
31332
52539
45341
47811
12712
31547
72682
38937
70934
36037
21424
40788
41575
55795
14842
77890
33688
5437
73061
23484
46977
46076
30669
45377
24777
7406
73824
19789
55617
64559
11164
36137
16954
42103
16298
72973
59956
40617
59381
60530
48123
18828
79314
31825
6140
30432
60795
6071
27516
43477
10111
66236
15459
66631
71658
52799
30743
10023
73297
1990
45522
7500
72453
40713
53080
26072
23873
1138
12572
26880
22501
759
73869
62937
53263
658
30880
21619
23740
44434
73058
11751
11808
28972
52624
18442
35750
65701
12645
74081
69109
2392
30532
65620
53018
34053
57271
33078
42926
39759
45328
38656
9051
66409
29245
27717
17322
32620
75761
30203
6700
57519
30183
30273
50615
22754
45547
53053
76901
59990
25452
73406
44507
40705
51973
64517
19999
29188
38349
38143
76828
74160
18771
5677
5189
19124
70308
60763
75313
28067
75731
50046
33496
58705
19000
46623
15053
19571
35095
36084
12215
35883
26071
77632
3486
30493
20460
58376
39205
7049
16318
47448
63581
9028
70974
48941
1114
8033
3401
77790
9126
13990
52236
17217
27889
8827
72521
75649
71308
71498
43851
26994
76539
8243
660
11356
76834
50427
25621
25099
54788
77967
62
78443
42177
68929
48892
78640
77386
30440
76184
27910
58905
28193
71404
5442
30922
53397
14579
73648
52653
52956
4281
24993
69929
66272
38352
67327
25942
30247
39820
11884
5313
70409
67195
47041
21014
40765
4467
68730
44671
72472
22064
55367
40430
73961
49671
64611
5375
21425
28445
79749
4992
57363
11841
26556
1586
69063
37913
14913
76739
31289
45331
10864
31361
11072
62257
40955
77540
77697
14743
61426
40633
45135
17954
29973
28308
29855
73459
37865
17662
293
67301
31917
27148
1090
55345
67345
50827
32774
74780
48619
77348
77483
77153
77271
79375
76588
33433
41427
54782
50388
7144
71237
19067
24568
28435
4101
71607
60690
15332
59976
57888
60219
29305
35211
75806
71004
56381
33784
21736
18954
4557
72019
78590
67703
35822
66362
1023
5989
17917
66590
37540
11238
15270
58722
20648
17747
51599
60653
48157
8786
37072
36903
75312
1403
60497
20933
21289
8190
73032
17827
25962
8955
40134
68590
6457
67149
70736
20358
45208
31335
5406
1445
75958
57992
1389
39202
21108
41214
14920
14012
45468
17516
5183
65968
76429
10602
48090
40005
46382
58782
804
33020
69436
45676
72954
18913
77927
10736
64993
57792
42917
16016
73823
9702
38255
5647
62308
63761
26143
52441
3917
60026
44778
37488
65763
14504
22344
10927
49666
26935
69003
175
2680
79479
78513
54427
32155
41219
43004
2370
13644
28476
28396
41812
12073
10441
14838
37983
23295
64919
40411
70483
44565
5881
59662
60600
41732
36859
62392
38169
42719
51240
34073
5845
2588
54308
14949
71856
11785
38071
5788
28395
19747
51360
21861
65030
53395
54736
70282
23891
6389
43026
19860
78497
63629
59180
49575
48112
72515
43728
49327
76632
69520
52824
11342
44596
45081
19628
35858
30839
73392
35434
5006
75730
76039
39945
39673
72867
58928
33336
78002
37984
49067
14435
30937
36981
60151
40703
37856
32029
18354
62607
18193
8200
73471
58444
9856
14619
56672
65302
31837
57705
43348
70921
24634
71212
30718
5919
36209
74288
29364
36779
15262
57658
55083
75945
42132
28736
8477
78544
73033
45416
10807
5256
37256
47638
36205
53096
12468
32335
66247
29420
29379
41043
5352
10220
34662
13778
40087
50207
10013
32664
59069
44784
66827
9689
63407
71286
27091
41510
37123
34660
71446
43445
5387
15860
51343
69139
14037
14319
77839
66929
12983
41904
75574
59052
50608
439
20180
72726
63881
11307
35860
42551
25726
19621
70860
77020
18031
67258
55151
47883
55452
65884
3896
22758
76679
61437
44236
58951
1169
9755
10244
61989
14899
72709
68363
18258
43704
52763
59479
51847
56963
43540
16776
67276
71545
25472
62745
16299
75070
18198
60132
49667
32336
73363
30323
47237
16691
20312
28185
20693
6507
48072
44178
43717
61552
29453
2340
61151
43223
64123
60336
18589
49659
19238
51378
68057
55399
14426
60746
23767
35710
65436
43605
5556
42043
52050
6367
67057
335
52533
45056
66242
78412
59742
24501
42164
46423
71492
74773
9349
31527
33104
13333
55516
76829
25003
16339
50061
37951
67105
25865
2257
2251
8192
46524
7300
60165
70868
36240
8612
78026
72736
26255
79855
2821
63399
4891
9685
38868
38016
73760
31227
48649
19623
12443
44635
71577
27661
9621
8802
42673
44700
27927
38742
4823
65765
64741
28677
35600
53920
22311
30325
3636
45691
58295
3411
55818
67436
12049
29269
14946
1580
8580
61063
1260
7173
74892
23979
62617
22376
78327
7870
15376
29480
64990
11485
73003
22909
10727
56315
6815
72395
62970
67278
76814
3231
49105
19663
70626
60779
25896
499
23058
37132
24447
59051
41980
17161
28963
56836
41066
46301
12363
68752
73004
446
56655
67624
49308
53315
24745
71469
75866
23973
79927
9580
16981
41880
29887
53983
23296
44220
40139
6972
43753
49134
48755
45460
53659
58652
41120
62703
16099
27956
72860
28793
55331
31800
12111
69393
67983
67734
53003
24303
75974
59960
52981
53245
24142
64804
44899
59439
12633
41939
57932
64114
5896
76808
42876
6800
37014
42458
79382
84
78425
18978
45530
13469
46699
18311
26835
18989
42567
45246
68674
5851
31070
3414
38100
65380
61345
14719
38200
49194
27276
44865
31367
42340
13472
24134
65932
27142
40740
56940
11220
26314
70976
57616
53434
24611
57736
25936
44928
54225
71931
30345
29083
69081
47776
26857
66859
28343
70335
36953
67797
51140
65743
68641
78655
35680
63570
3681
9686
73738
71794
26853
17257
62673
3784
11812
30293
4318
46971
28504
682
74893
31413
56243
60733
19125
48622
720
18157
3651
16973
15399
8237
35327
33791
58665
26145
42923
25719
74360
25098
674
63151
39877
21255
18260
13731
21766
7151
18079
13367
79995
41403
78198
50220
73532
20029
25914
26282
59103
53968
70861
36056
38601
25105
34010
37749
27733
28029
52544
45894
29879
55971
59420
15741
69318
20909
21971
36171
29676
45627
55344
10309
26207
58891
22628
22643
59334
980
17225
9799
34362
44216
25895
29605
75995
11718
29895
72021
11247
32912
37191
74765
50251
9365
50630
12988
19817
77618
58396
77701
5161
21138
29450
69864
25339
68544
23544
61629
75895
69406
35583
38869
41076
61637
1452
52036
59147
7421
20598
5257
49316
18663
40855
32441
39168
28657
54808
34787
16428
68634
69944
60829
43527
26346
6902
45883
40910
64644
67503
51968
18331
76501
816
52560
66300
29361
27079
16452
38808
16795
23881
78202
34560
16237
27457
15084
56984
67356
78146
46213
13220
38978
58636
22423
52173
16210
10613
9670
72497
71391
77874
73312
18500
29977
28813
53323
2365
74566
9837
55084
19556
11099
11237
44588
37270
49909
59291
63891
57896
58007
60691
59332
40339
60074
3258
43320
38092
22099
45560
7737
16687
33073
75245
32361
23833
5411
79681
68625
26672
51133
59763
68011
25855
2861
78778
44845
9768
21881
16451
56513
40279
43025
72759
78165
17873
51060
5691
65656
60179
43624
57303
25073
34523
43810
5966
69002
44217
35109
39333
70168
64491
17312
38507
74149
2567
32836
79461
68390
57397
63452
60803
48838
26041
74068
70236
55260
66130
4804
65111
55398
59745
40790
79809
1980
16077
33586
48615
75212
46550
74378
76059
43239
43711
30367
26033
19006
22290
76418
57191
44972
10291
71273
48141
63559
39477
35665
79880
10928
77732
46097
32818
44684
50577
39256
9903
48344
24830
16429
36263
1507
49153
68876
14858
12506
2981
46047
44734
29700
59221
1236
69323
72306
42928
49782
69841
78652
18140
47574
77328
66154
20628
78860
36485
53463
54616
8010
28823
67662
18116
73385
18578
33122
51584
40128
2364
28515
27436
53578
7308
27065
608
53545
57576
60046
43039
70309
38070
72905
78850
62117
36062
15777
66188
68897
29708
7384
58245
49723
59383
53577
35085
6145
59463
3427
44716
48
48809
41405
43869
62726
63653
22277
7619
9847
44064
15149
23546
74385
70028
54607
74391
43699
41421
41976
46604
49866
71531
65355
18779
79948
33393
31541
2283
29590
73827
20307
32096
19721
15304
74137
70373
43179
27295
53949
44334
27831
6779
5296
22934
67007
31100
34364
27394
4186
60788
22490
63928
13357
34328
62980
1707
42489
23963
14735
19948
51967
65109
67110
25390
18396
70306
33670
49366
72252
21951
32887
10442
29648
6189
36844
12311
48964
38192
68543
34019
65521
72429
68342
62248
6475
67818
25842
47477
75254
14783
13045
64863
64125
4073
14654
41380
68352
14569
42898
60683
7948
10457
11975
50481
30172
31951
33655
60396
26213
75213
61608
47202
47896
42305
55675
60072
14686
49557
15993
20053
12099
35709
30274
10117
38461
27623
12911
29159
33536
5870
49844
34547
45796
19295
67795
39080
62295
49451
65592
46137
31868
73933
36606
11795
60535
14414
36612
26001
15937
52239
61584
50240
63563
18901
21832
40141
33728
48972
41221
30921
66569
53033
39163
69233
39875
53283
40433
3713
67243
72506
19297
39382
12384
1641
32027
45988
38569
48544
60939
77127
24441
73945
27297
9150
13081
23512
18104
10338
47878
22168
1239
58031
56726
16631
78305
25112
49249
71181
65043
57407
29580
42618
48561
24951
36734
10827
48810
3643
25233
63809
35975
53110
70055
61138
56830
5033
39467
25508
8156
5413
56816
58994
4206
1703
29727
47997
69999
25796
14110
20949
34865
75101
487
3200
60031
68527
33464
61495
75868
48499
59735
67224
46505
66326
53308
3991
28541
7521
30008
45628
24277
51627
23971
41171
67115
66548
50953
35524
7111
43519
75337
10182
60009
60376
58612
65343
58439
50037
9186
3399
7506
61753
38028
67498
536
73319
32668
55527
46937
46185
49271
77424
52789
21500
57834
7198
75844
66468
18689
68482
15481
70602
19865
34250
21332
10728
46107
11444
7007
43120
35521
55968
64534
62943
35105
67420
20798
17160
38467
5331
35086
9077
30536
73473
37255
7056
33625
67741
29792
79628
31500
60865
79730
76584
41811
38029
9450
50187
11482
16648
66169
14240
29276
73896
56454
78808
64374
76978
1601
60617
46875
51669
7505
55692
58483
8473
33155
37325
62232
24225
36085
76373
39532
71653
53780
62838
55572
41743
13242
44474
37939
41679
20441
41540
70704
27930
20917
36660
5547
49470
36752
44989
60770
19873
70508
24186
10576
22032
27926
35748
25160
46100
42435
26730
51653
3551
42245
74813
27246
77137
62152
53663
22349
74121
9407
63285
14708
39204
70476
62421
60772
48864
36919
61664
31424
12525
65223
64055
3977
42553
24262
76608
25213
18384
24775
61592
22566
8026
55754
37301
20772
65792
58361
29
14427
75230
51508
41636
39675
11424
43755
43187
48281
51727
11089
25536
56230
37571
65288
40756
61959
1050
47735
63608
45021
2717
65168
43712
68628
58723
73781
30855
20301
9347
70191
20501
42010
72190
19909
31204
13324
65118
21236
23612
52785
1639
22291
69403
11904
21499
27801
41404
3232
993
74771
59915
50524
40568
23283
45926
48113
79949
44066
28197
24172
42200
73952
45353
9146
76963
78413
50090
15128
71494
70276
42042
2030
47522
71757
16666
1520
53897
70599
17071
23586
58900
33472
47044
26659
21262
64303
42977
21394
72608
10907
12727
6645
18167
38034
53664
72284
44630
79420
34032
48580
34329
61145
73305
79991
4329
49218
46896
60404
41821
71877
23435
69679
74048
14707
30425
38609
17549
20751
60383
52109
24946
40487
75923
41564
3902
27420
55247
61256
1787
3146
42827
60879
23394
8513
8209
35849
54065
20640
53360
28988
45500
71919
49092
5276
15525
50128
55589
25951
22171
43480
37424
42437
60656
15674
60053
47941
55158
32395
11293
58989
5363
42301
23965
4588
72880
29900
18045
64416
17407
78150
49353
68631
26957
21584
57246
13347
25195
22134
15735
6473
41251
47508
56613
51895
34023
52605
19620
3442
43189
73241
28429
4893
11679
48792
74396
8896
58775
32109
3708
68230
14760
43475
62772
29769
67413
5415
79239
38172
73067
4555
6428
5519
65897
52775
45436
46402
15138
29724
78900
56442
72622
46114
66632
3453
13528
29881
41786
72163
64460
68009
58667
30549
13953
50848
11248
10273
32136
60797
5397
26233
13496
16833
28256
27360
53199
8112
6964
32115
55984
36480
20620
6599
48175
1172
58435
17409
73905
26522
41975
64483
53039
29461
79071
64544
54342
27695
15945
68349
22553
39153
49436
72245
29763
32646
42105
70009
14620
42995
67541
15331
11577
61565
39023
2372
76589
63172
42087
58885
76094
64354
5613
187
51601
9599
67501
75999
67629
33391
22434
60816
55098
23290
27012
21378
79210
21635
61109
59812
58005
50730
38011
75075
19082
13655
33706
77466
67513
66973
46612
74244
53586
48650
74064
31530
60677
36737
53196
56371
39908
78908
74423
62796
51617
49721
20792
4828
67293
72747
500
16377
34132
68140
15932
40844
601
32287
21436
10986
16390
58835
29828
43612
6458
56088
19680
74815
68447
45347
37627
23258
79831
35898
58048
37828
65654
72358
72481
51431
28803
40440
51544
58247
70600
6557
42764
78372
59487
73338
70181
23373
78679
79997
46599
58088
43136
43047
15685
33033
50666
54714
52822
18520
20788
58901
52195
70819
30576
19017
36105
19191
38534
11040
7609
37592
39081
41497
13015
71305
49771
77307
67565
79964
78013
27314
15147
7009
37127
26772
3072
64094
36273
75279
51044
69184
5131
75194
32372
73752
7830
78027
57474
57228
24043
58459
64143
20752
27171
33529
38687
71403
77191
31953
971
22472
56043
7681
31226
48868
46898
35793
69418
2689
63070
9363
64211
52070
31903
45165
69918
16642
72397
15034
51207
23547
6089
74383
55515
733
5273
11017
43310
13203
732
12957
20082
66034
14076
44077
51543
31869
41419
64413
20779
31572
79133
49716
34705
21927
30513
7162
8270
24286
48046
50764
32217
18687
30108
64172
15495
71138
70811
6121
39097
38418
9617
38131
52661
74428
25032
31877
7239
48129
6891
8085
2715
36418
51153
28195
79340
27515
24952
62039
3481
12237
30467
21330
47098
64512
76651
78725
22362
58601
36265
58387
55950
24825
2731
42646
15052
20604
41146
40816
18455
61749
9696
48606
49203
79004
70113
51477
14751
37875
36430
43887
10668
63830
36877
59916
44380
32743
77594
59292
57327
22686
14640
16980
63840
6914
64467
39974
37822
76710
70057
35987
25079
25312
27481
51752
51460
64973
4324
40264
79213
35779
6699
54598
59335
78551
53120
29370
35077
56572
56784
13355
2621
15832
37520
2288
69005
64700
49049
18703
78215
58485
20504
11310
28928
12847
50822
5361
37679
11123
253
46952
44265
19016
78897
53533
1780
6304
50504
21200
34258
64080
62788
57233
49374
58320
22167
40600
72010
54075
62261
40388
14898
18656
1092
27608
28950
70129
7152
72434
65745
21872
38044
68911
39670
16157
31593
38380
21828
17533
51756
73488
15281
45873
26273
22763
2271
59075
78467
999
37736
43040
71303
28425
26125
8715
828
23294
47593
55144
24211
37924
27487
30742
44276
47111
31915
64022
74164
41729
73689
55332
75691
50265
50752
38120
13790
30119
59214
73098
9841
23986
26184
41410
18150
20205
18527
41269
20
19465
33893
7988
49683
8095
35585
30171
24174
40729
2957
74142
68362
14581
22815
53898
15395
63071
65845
21850
63836
73062
74487
22430
23221
68939
71596
3479
47400
5743
67537
76360
79810
17219
39587
37775
62803
1669
28720
35718
77515
35235
42542
46679
1062
60028
4189
372
16999
61875
78766
10958
39480
49584
70960
36625
40129
17806
79554
33089
31896
59722
66215
28619
2940
21606
4818
39490
22447
3817
53803
54018
30483
12593
22929
76904
10417
4483
43936
71011
6088
27599
30919
9839
12114
22710
1175
76643
57516
22149
31057
10724
25670
47801
73996
15743
33029
6553
73634
40517
26779
63423
2813
43583
68061
6744
71976
22902
66829
55961
11317
52384
5648
47768
34072
4808
77608
17583
64309
37144
58149
18219
35728
53143
64608
67446
79608
32581
10779
79758
50116
44733
57581
57207
52196
8917
16741
34693
50575
2557
25777
63173
23724
17768
45301
56574
63249
78759
33359
33287
29487
52402
29418
16352
74572
23201
76605
75529
71071
64777
64877
52293
22615
20135
28620
45982
62586
49510
49577
63004
57679
48875
26340
55282
42840
21777
39004
7940
62797
22460
74665
10212
61236
20503
63644
47800
27149
3553
15613
37455
23231
67421
10859
47596
29825
59896
32446
59195
44568
22037
