83641
50462
75937
79175
61302
3702
88541
53950
5549
66847
67940
31706
9852
62703
6628
32915
47930
74013
23739
65761
11497
82829
40736
8682
89265
75900
64407
65507
83038
28698
4128
78078
55094
26694
8059
34739
7136
80780
38286
23337
20727
59464
32400
65490
75718
38579
60964
79639
34544
22152
41559
43308
18745
47401
17867
9333
54454
79066
87530
46929
34150
73498
27882
79146
67040
64495
27588
51394
32754
36404
84878
89622
56902
47431
62678
63395
33212
45544
6514
40026
15446
35537
7654
79951
51020
34817
79853
73634
4190
5365
72418
69773
53931
68643
66103
17208
56173
7773
6895
53426
21577
49849
26877
67695
27707
42010
44933
66423
23349
77373
83747
43267
