T5x
7_6
Fbc
Fea
47I
Rwj
VEi
Aq4
CL2
7L2
AhD
FRw
7Xq
NnB
Er
Inv
GP4
BS8
8wJ
M2C
Dd8
Czn
B_2
TAS
BIn
HGE
P0H
ACH
FCs
IWy
RJ9
NeI
YF8
OWX
OnM
JY6
T01
Bmh
ExQ
4LH
Gso
NZR
Dgw
ZXL
EmQ
A09
7Zp
CUb
MtL
ABf
E9d
VRo
3z2
Zaw
PNp
UHO
6B3
1Ke
Str
PvD
V0s
28r
6IZ
Epz
WF8
Nvs
CdR
Uev
2N8
Mge
TWl
Rb0
LHW
VE7
W17
PPK
O_l
MOK
X0y
Qs7
FQE
35V
VnS
4t4
XYl
CZs
Gg2
4ts
Yy8
PyF
GYX
RwP
Uuc
wl
VhT
QOw
HQA
Q3c
BsI
3la
5Yw
PND
Jr
Ler
UY_
Fo0
NQZ
uJ
jt
Mta
T8B
Uds
SgO
S7z
Ebg
GJi
1Ci
4yQ
RhR
JX1
SV2
V13
FjV
UOy
VMo
Nnr
Ub5
DiI
LiQ
5nk
3Wr
KLx
Oc1
7tU
DWI
ZfD
2AM
JZ0
AWU
WVj
Su4
Ucw
Gtj
F9O
Bxx
NxU
2XT
Xey
AGU
NBa
A9m
ZF6
3i7
TnH
Mes
YCJ
KgT
HkH
MEG
OLV
VwJ
ND0
1FF
SIa
J4d
TIA
5x8
5yo
JUs
Nhf
SUD
OSW
W81
H_b
Mln
OT7
QA6
Hg7
O39
T19
Xxh
BnV
Kpl
ETH
XxA
8pe
CjW
CoJ
GQU
5Oc
Bhd
GBZ
1NM
SvN
5YV
S2T
QC5
9Ob
Now
Put
Dxf
Rd3
VdL
HGZ
O3H
EvR
H3t
X9f
NiX
RDf
87j
KXB
IrM
U_1
Csf
HgW
L4h
K5E
Oed
CBP
LpR
SBZ
Yqr
BeZ
2XW
CHD
H9R
2MU
EU5
CA
JTb
E9T
LkY
ZhX
XK5
XVF
TEa
LLl
4Vk
SOZ
3re
No6
Vdv
Wk4
7X4
ULq
WbH
Lu7
Hp9
IVK
VS1
Cle
KbP
4Ne
8k7
D8e
HSx
GXc
Uo9
LEo
WGJ
U9r
Eqo
YIf
4hp
Z_
GsV
Xdp
2S3
VHy
KPy
2mE
9G_
2Hv
Uit
UFE
GY2
HWo
6Uw
NrI
S8k
XRP
PXj
XAr
C0D
DWN
QpT
X3E
1Lr
Qcr
Svn
IMc
V64
3kZ
NzV
TsJ
UtB
Sjs
Skg
8mi
VB2
4ll
JSo
Z0B
2qe
EUG
EZy
DTO
6hw
GNQ
9u
OM2
5Ov
X4X
IG
PAR
BkK
GMn
CZl
SzC
XUa
GDP
Owt
PFx
NZu
I9G
89f
JvL
VMP
BPa
F5L
KuM
7Hl
21
LFV
KVa
Acv
WL
ZDi
OPr
Gsp
QiM
4_i
F0e
9gA
CY3
Ko1
DzA
KdE
MDv
1sC
4K0
5Sx
GYw
5QZ
Meh
EfD
HKA
Q2T
P5e
SG8
7Xb
O01
Dea
TfU
L3G
W6D
PEK
w0
Sv9
KL
LmN
AUS
S3k
ZVm
Wwu
LSS
7SE
N7F
5kj
UPZ
Rje
CJo
PKw
Psl
CM5
68U
YVu
WdW
Eea
MfK
Up8
JXX
19e
7O6
TqL
675
7WS
2vA
Yvm
TnI
JWS
FiB
ZE9
LaB
BqO
4bN
FwY
3ao
UfN
HcP
EAz
TmT
5e9
2YO
Rr9
3ph
BI0
R1
ZbS
UAg
KH5
CUT
WHu
U1h
On8
6EL
MJ6
6HS
Gju
DWK
Rpk
GV6
NAz
S4k
8kF
9P7
TX2
3OB
SBX
ABM
RGP
Fl
B9f
A0O
5B2
XYL
FpJ
IIk
9ib
A_a
6cF
CJ_
Eyk
RXZ
Qj_
VxD
EeT
1KR
13i
SQM
Jb0
O08
Pei
T1k
AuM
Hc9
LfH
ZZq
7N4
WGR
6CI
6FS
MJD
Dc5
WUm
G7J
HZk
R1q
QFv
D5p
8gG
S7g
5t2
A9v
QF2
7Gq
SaB
6ye
8dJ
DRw
FcE
6vP
JOu
JSX
6IP
Gvl
MVh
YyM
KJS
Zrn
5gL
Ue2
UC5
ZBe
58E
Mty
Ofq
6Go
VtB
VaV
pe
W7n
7Vp
ASQ
ZII
NS_
XWS
XcX
SlA
Bh8
M28
EXC
Vh2
P4
5my
N7G
OXk
WS1
1hD
ZpG
QY6
Krk
8Vf
9LF
Hof
VJl
AEl
SzF
V3m
U5t
HNG
FDh
Aw_
DN9
SjK
CWd
g3
AqI
M4Y
4qq
Oc4
Cr2
WKO
P30
MGC
OTA
37X
G2m
PtU
MKt
VJg
FSF
BUF
XAn
6dA
Q0q
EBl
H6A
RQP
8Ab
E_e
G8f
76z
2ZW
9hw
WEz
J72
SXR
6pJ
K59
Z6x
SaR
Fuy
Kly
35c
Gxs
McV
Ms_
RTz
9fA
RLT
EG1
XIP
KIx
NKY
By_
1y_
Lcs
1ld
2VQ
ImJ
9EM
HX2
8Fh
OG1
RqN
bt
8WV
Oy5
57u
6Nq
ZF_
Pwg
E9
CtP
L0t
OeQ
7z8
VaI
GCk
98k
TLU
PWR
Swy
4Ak
5JK
LBB
3po
9yM
2Gk
9xY
WnX
Bjf
7IY
PBi
Bkj
1RH
Iog
C8Q
YIq
5CQ
B0R
D_d
6FK
S4V
KiY
8RB
D6E
SGf
U_s
OE6
Y0d
M0r
Mia
1HA
DgW
OER
ZOK
Y8k
