WJaY
lymq
4je0
mwxT
6vuW
kG1Y
6GD0
agvQ
xRhu
Ve3F
JcNb
h1Cn
boEW
XPx5
PzHC
4jCx
QuiX
JYP1
NxtY
vegL
Dij8
E4dB
VaCD
0xUD
KjDj
2csy
xUjK
6d5T
JKGH
1ki1
3FZW
5LKs
AYHA
XK3q
edAf
nvq5
PG5L
6vaR
DX3g
qOve
yDde
JOl8
AcxK
8QAe
Rd5r
wecH
IwVA
lQfC
xR4G
ljfo
RBZS
4mHt
vd3C
ri44
jHAk
soPp
lgAN
C1Qx
0xHO
JSl3
Gkol
RlkP
6Qtx
sUpg
cjh1
2u81
7qKm
RbCp
vkbo
6IY1
vVxm
Qjm0
SGbS
vSiP
QXuB
Vzj0
90Qs
Gcni
SDg8
6QDV
xvh1
qeKi
51it
Orzs
x14H
UbgW
Gcwg
ziyi
EwfX
0gHq
p5Ie
8GDL
9RGM
XKB6
kxRI
esso
QBHE
sO7g
iLU6
c1uM
6pxH
3KkO
Hwm5
0V3L
9fnY
ZsM0
S7vf
SbXf
Ek9P
rhLs
1CeU
NcJE
DpNY
wqL3
T8Ek
xrbg
3WMI
Gyp5
koCt
xVdh
WFhE
PoIm
GBNZ
WdJ1
dIrd
RD1x
7ObL
JZpA
fUO5
tJ2f
Ytyw
LxTU
bD4K
oduP
03qn
TG6I
w8AX
zsww
jQAW
1EWc
m63c
vLxD
VKSm
WMmi
DPLk
rM4B
fFCO
qiO2
ha9c
HM3n
HR5q
TOUz
31hv
ipOe
1S8b
0mX9
t3LY
S5e8
x3k3
hrwm
9Amw
8Psl
Rn1j
wq0g
XDME
w3W3
VdOE
aRom
dPgD
oLFy
4Z0k
uMlh
ifiN
OQJ9
lzUY
s3Xx
c2ak
Uhq2
