40620
24252
48943
52848
15533
6611
50147
45188
29742
18604
25170
33539
61417
34788
53143
39382
52019
6766
61510
11071
9217
9700
47527
24111
22328
3555
3761
34638
16896
3493
46815
60579
26493
7412
43
32976
59939
43751
18482
13250
12518
6735
16337
35214
47853
8864
19918
33659
55708
18497
18673
34334
1375
28780
45453
59101
40583
26721
34328
66059
43951
64737
21037
25486
28703
50207
37586
64882
30919
8405
64752
6441
59804
14942
33864
58919
65011
22316
1531
29137
12171
51736
63962
5072
44069
19143
26311
61295
22559
30609
23438
23316
64846
38811
13013
61932
45435
735
61517
36992
41433
39410
19351
16580
40047
16635
32509
51371
23268
4747
54606
8209
62255
49669
21773
21256
18512
41740
62311
19300
65594
14302
27467
37938
57550
5267
64759
65881
28917
17158
51247
30896
20970
4885
12282
36031
11314
21371
33135
45722
26422
33994
43377
3856
35336
12383
26680
27192
8991
35285
17638
53012
1841
66748
27045
13753
53685
4652
36012
57495
27597
5491
39680
8943
53265
7933
23232
45492
24003
16690
21281
48294
41125
63571
62085
47264
39486
13779
9869
61886
20211
27793
11829
12874
44888
22465
42769
7308
38728
51021
10331
39306
38258
56937
29665
51199
15250
23175
15985
30674
60343
55587
65126
9851
43939
437
3563
47962
36526
60615
57221
44338
7663
2995
2448
51055
62193
48938
55441
66159
48812
38892
7026
42249
11344
7674
44697
65805
54875
44504
32444
3867
53152
10562
47863
43031
25426
50049
62445
13953
40188
56260
15540
58881
60820
22426
38080
34012
32695
6120
50578
56329
13168
51369
49184
42322
63248
63989
5558
62488
66620
28743
35716
15388
38846
7912
9755
22238
8495
55788
61434
36776
16839
56735
50468
18406
9852
55542
13406
28572
14979
64791
22075
62946
61334
46466
44431
3082
36458
15944
62127
17010
33817
40150
38235
43886
40798
48795
26240
41835
25527
42006
15821
14356
60523
51072
58706
16680
15032
32036
36435
59329
62801
43446
26817
60840
60336
6973
9759
7144
7275
61777
59514
29396
5817
39783
1659
17209
12816
23456
11837
58466
55410
43224
39848
36893
6971
23507
49156
10095
55166
41544
36051
13610
56318
14988
41322
43985
13422
33795
51037
49498
33079
61245
15087
64934
10483
9209
34649
35244
32989
48647
1214
32207
19630
65043
11053
14058
58717
4455
27325
50993
12807
65600
47169
7504
6666
40197
52802
1554
57191
60530
32015
64654
49172
26870
15489
9251
19504
7139
53221
10150
37084
6477
44108
63436
27736
45921
32270
52079
22131
50975
42054
21232
19627
40429
11974
44397
55043
10195
17673
35803
23480
49338
54819
8091
14736
43902
10474
4296
23562
61419
10544
45500
45416
45618
57215
59210
53036
1755
45183
42465
63526
272
33700
13933
28598
20625
37323
65697
63021
17928
4082
38541
4224
63003
41987
20913
8959
40866
60591
63711
47021
65365
39988
32365
65260
29111
36244
470
24870
51727
30857
8911
11527
46987
63172
4589
26036
56678
2386
8239
62845
45228
30765
35691
60542
9875
21498
41241
59710
12748
29604
59652
5075
25374
65755
43858
13923
29952
33447
39351
14599
50579
43915
62888
49969
10015
58690
30981
34346
26039
55657
6938
1700
50033
17946
38379
7725
35238
19489
2116
32358
36857
46764
5796
3428
54746
2227
64747
18911
4649
10750
53827
44434
15249
25794
56416
56145
39788
51841
51835
27853
952
59159
57751
54076
48230
43891
55026
20154
48587
36390
32101
62418
43399
62365
41712
27530
23641
13188
52569
8895
9861
52583
39552
18499
23322
4807
10462
14063
22444
1892
18206
7824
35592
26934
45737
33454
10643
22852
49505
10874
20371
44610
12844
2037
23192
23261
37906
2394
48344
36282
28352
46099
11225
64670
21677
22435
64959
55648
40677
54342
60558
57497
1800
11212
29692
47554
44728
23910
20039
65768
30790
8162
50638
52074
17544
6234
42874
62706
43615
23042
59282
377
24718
4142
16991
41886
863
34283
24299
47544
7323
23153
35891
840
3862
38797
38
50125
44487
13018
32558
9193
51820
59554
6129
33045
48463
5212
37626
42434
23364
5657
1087
58064
55676
38352
28066
41947
48884
60497
12951
54804
49646
49174
14375
30534
33105
18301
4522
58798
52706
63875
32941
22547
58703
16229
24716
15509
58570
3880
26532
63649
53844
47670
51872
38063
15414
37644
22060
43129
53148
47845
14692
16091
57973
23303
16087
24895
59496
41502
46310
9122
12467
64925
20089
38832
45774
17126
41469
27881
19718
20980
25515
6643
9226
16192
13443
30545
29383
43026
36180
48626
56763
37466
62724
18567
65241
32266
28562
48992
1261
52974
50262
21005
15221
38549
26631
20285
56740
4243
37243
43629
14840
59014
15405
29566
11727
63338
42238
43706
30740
54088
37389
36672
40670
62121
49512
65088
29060
27514
55213
52602
34170
20024
59409
58508
36105
64634
63918
64872
36789
16850
28237
37625
44058
55194
54965
28613
556
35830
26111
32128
6736
16862
5186
51704
41035
5192
28874
58917
51361
46492
2987
32271
7882
62910
18796
59850
10228
36865
7822
6951
136
62576
26322
53940
36872
4513
65050
10692
28462
15029
34412
28799
18884
26653
36951
59052
20925
32903
27939
2957
26954
62241
27630
27408
58592
8510
46761
9475
10450
42439
34710
15218
37775
22107
14237
41022
12304
57008
52274
37398
26552
21046
1303
52138
62479
7945
64003
6002
35771
37920
40560
31130
43835
47062
35083
42584
12668
66478
53870
61192
9398
45306
34606
63250
62112
1552
48158
20576
18764
41879
64642
39322
39558
38799
37151
46500
54457
56293
52960
47619
3512
50943
34070
5648
22911
28009
60774
40880
20088
9094
2484
21541
26835
48490
48417
28403
54798
45895
20616
32080
31918
8515
62417
24869
18537
60410
11281
32019
10317
15907
21762
23055
34820
25647
75
40782
29978
63709
43161
38680
24340
16609
6348
37095
58742
52055
15938
18521
13811
56204
1094
55409
29134
33103
19356
46605
14226
2706
58704
39721
29822
56744
10943
45719
31459
37816
53789
10159
7196
11458
9958
7547
27913
15568
7018
47647
3379
52778
13542
60203
56477
37154
59267
20267
59987
56529
16955
25948
56950
29769
51007
41578
62272
14387
21478
12935
28623
44022
19796
48553
64984
1430
25518
8771
17432
15070
25228
38624
20912
44409
25562
21842
39234
35932
40465
1821
55927
37440
35636
19014
14283
2277
29916
14018
4034
3897
16751
12933
5913
43822
20205
6539
25645
51318
25568
16326
15376
66261
41253
14272
23343
61492
45501
9310
13643
31668
8726
23554
21700
1363
31075
36223
65199
7042
13521
5498
1572
4988
57920
24581
22741
33704
7969
66343
60968
60613
40109
28586
24404
38759
58560
27635
60802
18557
24832
476
32477
15127
41990
13051
53783
7060
1282
21446
62677
15924
3213
40338
17854
5246
64145
55512
14717
66018
42635
49352
37182
22503
56456
8927
63376
30834
14890
58514
26732
53806
14913
8784
44445
52287
9089
12871
17677
24628
56696
45714
6489
42726
22138
11264
48809
7834
43093
60793
54905
26292
49465
49467
13716
26885
66057
34186
34364
58063
64017
14720
52921
31453
59208
39276
3481
50085
58835
25178
54526
13907
40955
3618
36349
65635
59430
33321
24921
5950
51487
35240
28522
11741
65081
24959
16248
24974
22584
44508
35744
10743
46758
9058
3280
43537
18514
38616
7536
49943
8019
14625
56089
10872
46400
58314
1601
669
36560
54017
19866
43396
24620
7559
15130
17787
19158
35465
18268
51588
45278
47121
56959
48911
31839
8935
64402
35045
39131
9713
2398
33325
60983
2478
18175
53368
21367
35608
22460
53738
54508
38388
10014
15493
20863
43007
17791
63554
57581
59592
9590
23264
10840
24499
36416
9069
3475
18135
27275
14993
32807
24989
30818
56856
55498
16304
49861
10785
31060
2471
53481
41459
32533
45116
8678
50768
54935
3243
48923
37376
46163
33150
56785
45177
45852
18254
10441
37486
6249
27356
60930
16028
14232
8917
64681
13807
63912
16987
61483
44018
3813
6008
15838
50103
36803
25265
53622
10206
43374
35759
13248
23468
44468
42536
46622
28944
24455
2610
20891
61706
17753
62827
4770
43400
36328
47972
63243
27448
711
44588
8682
47643
56152
64338
12333
24405
41942
11794
13112
66228
17300
7427
21594
26416
51195
19417
36027
61349
9153
38679
23265
44668
45113
26187
49039
52295
12789
19017
27084
19736
60554
61445
20608
11183
10185
43006
28653
14305
22161
1722
13966
17276
50700
11497
56795
20946
4264
53342
65909
62234
1234
56789
29626
12700
59660
49183
12106
10225
40276
30989
31018
7812
14751
31785
58863
63653
65023
14117
30525
39862
17
288
51459
32359
29174
10238
39771
29579
40164
29454
45586
54057
60279
16714
61541
37802
24672
20114
22097
52022
31465
42459
43786
60762
33975
31945
65452
54073
36691
38701
28435
31771
1006
6360
41669
64703
41081
1408
65990
20201
4527
12494
20462
63583
52340
25619
57408
51986
34655
38937
3254
29162
60001
57786
35085
66535
15607
19910
25592
65077
9626
30169
24867
15756
1948
57802
55221
10281
5609
31328
61691
45685
20989
46927
20496
13242
61817
29327
66303
54197
30638
4038
7480
12144
57313
28432
65393
51551
61579
66081
52296
29589
4718
3643
38141
4775
56775
56893
35186
39196
50726
82
12683
7495
8996
241
2450
15086
62047
26782
4613
8356
61617
63990
64649
1970
61060
9432
7956
45271
33456
10434
65446
39694
16558
29203
17135
50772
22280
17444
66721
7020
64216
56975
53791
2722
39464
4726
44994
21948
47526
32221
62172
35492
25625
60166
19755
30695
38125
32756
4541
4403
12991
34208
38960
9185
59793
10188
24903
8203
26041
21847
27573
1905
60212
55662
4603
54184
28576
16139
48098
48957
8228
16071
56092
48236
27345
16915
49845
4973
21327
58979
27850
39402
56144
59251
11379
52734
12636
33741
60156
10177
30494
61806
10306
54914
44614
63066
33837
21787
55287
51951
41623
5355
37970
19567
38072
54472
15689
61789
52421
31052
42945
3632
40032
27547
56956
13368
12063
43558
3770
58618
50835
40143
12967
43683
16488
9158
19773
36151
47943
22187
36825
38450
35633
11830
48605
3012
65665
55338
65947
25298
32526
57180
13895
39484
47629
41425
51332
47802
18259
9245
1528
14422
31116
30752
62952
28441
9320
2639
18132
12998
45516
47081
7260
43995
29892
10632
46794
23300
45919
9151
48169
54785
42470
24102
35248
42630
3899
34218
44758
29491
43528
5173
3026
48330
61357
34175
45926
61239
38603
27689
39421
25850
2925
34276
56099
3947
39914
33835
28835
53518
62770
57843
8871
39965
49121
56438
43056
17940
26080
39956
4185
64350
5094
32144
24332
42315
41553
50253
55843
22484
63453
65453
19611
1462
13226
42776
66224
63850
29554
17741
46391
58784
61183
6924
55793
35072
18117
20720
34588
45854
47383
54921
58923
27274
15251
29663
19744
8749
22253
6633
26099
65008
3006
41639
55251
37225
18435
3609
40254
17240
59971
33414
23624
10186
25431
30732
41207
9612
43759
56121
24574
59539
41958
58815
35424
54807
27240
39195
51089
8362
920
15912
6358
55984
27415
53366
23924
27675
48261
31125
36127
978
451
28976
10707
18571
22111
50864
32782
42080
60563
19000
7990
25362
33987
54857
44194
10859
6672
22737
28269
56360
37038
52870
10981
63134
23854
44316
14759
23567
26674
57972
23291
50934
56264
3906
9642
34728
35231
54918
61110
30040
28223
39300
42659
24985
24837
54956
51276
47536
62372
43937
3414
25531
34995
11182
40544
36219
62874
17965
55071
20040
52735
17684
36958
17353
15922
52754
63044
41306
63982
66742
35722
53801
43245
35896
41908
31300
41063
57398
51266
66600
46225
64376
58995
8925
60908
2874
6406
50137
10115
28149
16622
38686
3503
3050
53385
53787
26643
1560
33726
49136
58311
15774
3405
23358
31809
16005
34338
23163
37911
33785
20236
45730
27312
25488
4768
54831
37187
6557
14670
40069
55644
2634
44647
2107
47184
18825
27131
6476
542
3700
37883
15150
46173
6485
25636
28806
36878
18021
31743
34102
57852
55493
4745
46242
13421
49401
28299
21093
43240
14139
36048
38504
20409
49730
60335
56586
45371
1034
26436
26068
42989
12158
2127
24168
147
54680
59387
8542
36996
29634
11034
47110
753
25751
46626
7620
56484
35443
36905
47305
32295
55636
62966
56872
44885
39861
21635
23255
46913
51135
5000
2736
4281
30252
18402
14507
7568
56797
66566
9750
24443
36781
19516
52609
53778
32121
53565
16313
34402
26483
59480
39737
44859
35207
47178
51390
41996
25972
31636
52399
32231
33710
48542
1137
42947
17426
37968
12903
9816
13637
66613
32674
33873
34329
55055
34321
62610
19237
61516
58846
27487
60187
22447
10109
21235
10506
27975
65679
45799
33878
65687
38905
46890
10327
18225
46593
66225
2641
53993
62307
37551
6840
3574
27940
28931
38182
62921
45848
8755
12779
52607
25300
48332
40711
24568
61024
29896
33444
49245
1576
48303
5286
26319
17265
7640
31563
9393
11179
46277
19229
50067
58736
7641
52198
27339
10734
14040
43478
42727
33342
50830
37020
24744
56573
12803
5106
38808
316
64461
32952
22905
44706
1048
1547
2294
6076
48137
37023
36056
58055
12727
4237
21659
105
48268
53044
63841
10547
22659
35814
61552
62198
32972
6157
31628
34993
48370
6786
62940
23662
17028
629
42033
23354
52337
40942
18409
22643
14462
34723
36733
46064
62962
51053
55090
28323
33829
64345
60685
56997
11765
17893
61198
18883
50706
58172
43772
45819
23587
51293
42201
9479
36817
22057
2300
6709
39151
53057
16960
41545
27265
59081
19043
60485
27066
6388
52434
51778
29816
38935
18403
16004
28249
60375
11098
57072
44710
5010
53353
10481
15160
24495
40673
58316
33334
29992
49752
35838
50673
783
51693
25076
14871
7971
59516
42432
63789
22411
29666
5261
62603
61009
37599
13228
58676
53593
13163
1698
47542
59775
50670
21103
43346
2795
43437
45227
43918
49188
50926
21126
55185
1857
18456
25328
12665
58464
23311
609
56657
8264
53016
19692
26023
13624
739
17566
1005
3252
12543
16776
62933
5569
53969
3703
37353
50783
53179
39770
54512
1434
13336
55765
10711
17587
58723
24232
6531
14605
62550
41068
55033
54473
43286
49578
56010
61881
16879
19288
18470
49601
60225
14411
27460
39425
60552
52859
39126
58499
66421
46385
26225
55399
7678
66724
3239
4715
37366
59122
51667
23519
43705
34167
62495
55625
15327
59882
44244
49024
47561
27589
15212
47545
53506
4330
65204
3752
60757
5114
32851
34902
49933
12828
25779
40121
49404
19371
32733
29858
29684
269
22646
63646
7941
36066
62975
14696
58764
66737
6339
27899
57379
9649
57773
60079
599
1042
36417
45090
48817
42800
23407
34005
2263
39055
28365
34679
17551
18828
32323
44328
36009
41093
35683
64607
46961
1519
59265
13616
21164
7760
61277
8627
17565
51300
6503
8007
65812
12722
33840
31924
52833
48076
47029
16967
27183
43211
58315
57662
19802
44448
56845
10564
65705
35685
66672
46922
8086
35888
32819
11995
3059
17500
30364
61520
21986
9889
31782
61359
61676
65265
62767
10207
59148
41628
33857
47282
34917
49779
57555
59243
59312
49203
30017
8686
30749
53800
17931
2766
42954
58322
35956
37657
57864
57082
7991
21929
43514
43464
65561
11310
15503
37673
21945
66651
60050
42633
4823
65054
31917
49051
65517
40474
63157
47622
33124
16435
52334
14707
8657
9188
46568
48547
378
2318
32713
49687
9900
51045
26682
557
40155
33232
39894
60860
51650
54454
30516
29087
59664
52245
18288
18303
64584
23453
64486
57344
25589
46956
57939
51261
6113
5331
28648
49689
34307
5956
59131
3333
44097
25954
31263
51541
51536
40328
36645
62143
12185
24027
35106
5736
24925
1893
25648
10157
2864
44507
6363
33262
14510
58748
32063
65042
947
60799
37230
60396
24333
33093
32925
11083
60492
26486
66645
61105
8663
59852
2790
14350
1446
35151
25706
38166
33489
23103
49181
27020
20955
1444
33300
34787
59503
19050
35505
64648
64690
33221
5794
11316
1238
63728
7486
63780
11571
54121
37388
4003
40093
12152
543
61818
48668
48441
46020
56487
47918
8486
18436
20228
2611
7090
38217
22045
56270
28253
8713
52078
6984
12214
10948
19719
22433
22124
61894
3710
55140
55099
56024
35513
25458
29041
59704
59934
22496
39379
53547
45710
37412
52514
46700
23696
14133
53195
7605
26341
43044
24343
49844
24371
40877
43495
7309
27700
15103
1251
10202
50321
51006
59812
21747
20920
5157
33528
63019
14710
12078
9068
40546
57576
28056
25484
9254
3393
24763
750
50757
46946
2090
57194
41492
58766
16517
63095
28769
36855
57879
37064
58576
66406
16542
32038
1016
13289
11109
49896
42325
43456
61578
14477
31340
39311
5635
10593
7261
14783
55530
52209
50734
17829
28945
42923
18130
29577
14943
24741
2813
40424
17433
37002
248
34509
53954
45201
31247
60995
5808
29363
49303
63558
18029
12790
33483
26806
45652
62960
2218
8684
42825
61409
46879
56485
59337
7946
43576
19544
63431
15612
32883
50747
43017
25943
22763
14523
62661
35735
52702
34358
31077
35018
15223
21243
2260
24819
30370
58338
24462
49707
52116
57336
8257
49518
11839
60702
50073
17148
38895
51726
32364
19447
1504
35344
9462
63187
35119
54809
64284
51974
40442
45309
61695
31664
42638
61942
63000
42978
36540
48798
22193
8598
28785
63970
32657
57319
9878
10147
19391
34306
61707
5453
8383
27603
36644
45359
50200
11079
61373
64844
51819
41199
47208
51903
41499
46383
54363
63504
18423
45625
6458
34395
6079
35908
3667
20014
26472
3731
46582
56375
59
60987
46806
41004
27981
39849
17970
55100
9651
1799
45983
31089
49648
4421
61020
60904
9372
49410
25433
51512
14385
5201
10292
58547
50968
65714
25697
8259
51626
54617
64306
11494
