3716 
12242 
12780 
28193 
29065 
29327 
34626 
35603 
37285 
37890 
45083 
45643 
45874 
49119 
51686 
52824 
57911 
58403 
59832 
62813 
66420 
70959 
77650 
79373 
79833 
84024 
92843 
92853 
93664 
93830 
98057 
46 
1863 
5045 
7809 
9653 
13120 
14681 
16994 
17150 
18772 
20435 
20585 
20586 
20815 
22268 
28224 
28898 
29212 
29420 
30655 
31814 
38910 
40153 
41894 
42008 
43399 
43529 
43625 
43769 
45493 
46697 
47049 
47158 
52096 
52561 
53094 
57170 
59611 
59881 
61079 
61715 
62750 
63739 
68793 
68825 
71221 
71931 
78744 
80465 
81030 
81278 
82789 
85798 
86504 
93390 
93768 
94092 
94398 
95152 
98640 
100016 
100838 
103262 
4337 
5104 
8062 
11215 
11462 
12157 
16094 
20706 
21935 
22131 
22857 
24975 
25635 
26557 
27480 
28060 
28294 
29931 
32058 
32241 
33326 
35649 
41253 
42264 
44559 
45642 
47484 
50848 
51518 
54779 
55859 
55990 
56112 
58016 
61387 
65158 
68839 
69897 
71631 
72345 
73553 
74283 
76231 
76367 
78153 
79155 
80696 
80917 
83075 
83824 
85942 
86203 
87305 
87763 
87860 
88494 
89072 
89792 
90006 
90898 
93969 
100735 
101664 
102734 
2739 
2938 
4059 
4769 
6633 
7264 
8567 
10587 
12366 
12489 
12843 
13336 
14268 
16092 
17357 
18366 
20649 
20769 
22292 
22392 
23692 
24618 
24968 
25576 
25865 
30672 
33580 
37103 
39734 
40206 
42398 
42749 
43349 
48066 
50655 
50809 
51607 
52756 
54695 
61142 
61893 
62076 
62832 
63097 
63553 
63815 
63954 
65477 
65818 
66538 
68376 
68983 
71586 
72676 
75029 
75375 
75566 
75654 
77001 
79229 
82495 
83584 
83934 
84985 
89882 
90490 
93514 
94760 
94919 
96094 
67 
1019 
1492 
4152 
4759 
4819 
5170 
6041 
10883 
11843 
15055 
16817 
20536 
20870 
26135 
28167 
28268 
28938 
29423 
30151 
30525 
31430 
32214 
32549 
38215 
39707 
40090 
41814 
42062 
44069 
44397 
45436 
51156 
51893 
54743 
55241 
56726 
61879 
64441 
67339 
69910 
70009 
74867 
75591 
79125 
79421 
79889 
80895 
86299 
86401 
86532 
87535 
88679 
90020 
90173 
91037 
98261 
98955 
99871 
102467 
102652 
1167 
10495 
11079 
13058 
17128 
18106 
19062 
19120 
20235 
20912 
22535 
24825 
24855 
25157 
25212 
26083 
28881 
29562 
31269 
32944 
33097 
34211 
34416 
37752 
40180 
46677 
47044 
47805 
49666 
52703 
53577 
57023 
58765 
63261 
66761 
68717 
68975 
70180 
71265 
72214 
72844 
74038 
74091 
74935 
75037 
75978 
76642 
77752 
78055 
79189 
79932 
81787 
82265 
82555 
83044 
83427 
83661 
84961 
87282 
87316 
91004 
92451 
94989 
95275 
98059 
100402 
101455 
101817 
103204 
103774 
95 
575 
585 
1119 
2641 
2966 
8789 
11282 
11482 
12676 
14385 
18343 
18784 
19823 
19848 
21194 
22479 
24661 
25986 
26133 
26651 
27324 
28819 
33069 
33661 
33758 
34039 
35834 
36748 
38437 
41410 
42897 
43423 
43890 
45911 
52113 
52693 
53694 
53743 
54237 
56842 
58152 
58497 
58771 
60316 
67132 
72577 
73520 
75897 
76947 
79306 
79426 
79474 
80517 
82159 
82939 
83405 
83858 
83995 
85532 
85743 
88919 
90476 
93623 
101400 
102755 
102988 
550 
4722 
4938 
6364 
8495 
8880 
9853 
12260 
12860 
15944 
17350 
19005 
23020 
23162 
24745 
24760 
25006 
27801 
28545 
29436 
32453 
34185 
34744 
36873 
37277 
39377 
40222 
43733 
44018 
47079 
49541 
50387 
52242 
52477 
52901 
53068 
57967 
59620 
59847 
60565 
62638 
63881 
64863 
65131 
66321 
67664 
71838 
72724 
73222 
73958 
76493 
76556 
76839 
78453 
81418 
81433 
82438 
84988 
87552 
88607 
90080 
92748 
93710 
94540 
97887 
97962 
100204 
100981 
102145 
102478 
594 
1176 
2325 
4378 
7696 
8581 
9954 
11120 
11236 
11466 
15375 
16808 
17819 
18949 
23296 
24185 
25034 
30981 
31033 
32392 
33639 
34118 
34609 
34699 
35526 
37148 
39394 
39410 
39919 
41295 
45244 
45976 
46012 
48654 
49220 
49225 
49625 
50913 
51241 
52949 
54326 
54337 
54545 
54597 
54834 
57659 
57881 
58115 
58166 
61189 
62231 
62255 
63119 
65525 
67314 
68970 
74205 
78835 
79699 
81705 
81802 
82391 
82640 
82657 
83512 
83798 
84405 
85088 
87089 
90860 
90970 
92865 
96649 
99547 
100996 
102221 
103587 
1220 
1592 
1797 
3882 
4609 
4764 
5506 
17684 
17946 
18291 
18877 
19311 
19784 
20715 
22300 
23899 
24588 
26765 
27020 
27804 
28507 
30210 
30230 
34054 
36465 
36633 
38665 
38821 
39072 
41635 
42125 
45554 
47354 
48088 
48114 
48361 
49616 
49816 
50308 
53309 
56610 
60250 
64430 
66745 
67013 
70281 
70342 
72611 
72998 
74057 
74926 
75840 
76080 
77134 
77576 
82955 
83870 
85258 
85859 
86164 
88053 
88363 
90330 
90419 
91583 
92637 
94211 
94362 
94779 
95632 
99128 
99317 
99400 
100298 
102683 
102899 
559 
2967 
5215 
5705 
6014 
6346 
6632 
7753 
8152 
8722 
10575 
10755 
13972 
14066 
15150 
15535 
16541 
18541 
19046 
20933 
27740 
29241 
32594 
34030 
34110 
34489 
37048 
40384 
42629 
45502 
52167 
57430 
61484 
65327 
66007 
67772 
69882 
71133 
74763 
75377 
77045 
78530 
78721 
80877 
81035 
81941 
84381 
84587 
85388 
86559 
89275 
89497 
89504 
89905 
89998 
90468 
91184 
91398 
91530 
92003 
92045 
93170 
94487 
94901 
95385 
99486 
99621 
100532 
101333 
103055 
1275 
2684 
4570 
5281 
5791 
6369 
8168 
9613 
10691 
13129 
14248 
14595 
15413 
16244 
18969 
19733 
21393 
22765 
23231 
23376 
24686 
24700 
24762 
27503 
29435 
30222 
30493 
36637 
37396 
39344 
40145 
41300 
44656 
45600 
46518 
46797 
47372 
50127 
50447 
51484 
53334 
53465 
55282 
55365 
55688 
56096 
56365 
56767 
56987 
58399 
60670 
61812 
63003 
65191 
66711 
67747 
67794 
71816 
74432 
74514 
75892 
76433 
76800 
77649 
78579 
78971 
81174 
82797 
87822 
88447 
90079 
91660 
93351 
93871 
94296 
95457 
95531 
96202 
98673 
98940 
99101 
99222 
101669 
102835 
284 
723 
771 
2838 
4439 
8972 
9635 
9678 
10010 
10723 
14428 
14704 
15381 
18225 
19066 
19418 
20164 
21569 
23877 
24874 
25867 
25893 
26235 
26815 
28181 
28388 
31700 
32326 
32612 
35094 
35190 
38536 
39090 
41887 
43132 
43154 
44058 
46529 
49796 
50140 
50336 
51239 
51784 
59663 
60570 
69041 
70119 
71668 
73197 
77708 
81117 
82290 
83948 
84668 
87244 
87926 
89059 
89108 
89421 
89984 
90531 
91241 
93527 
101195 
103390 
1368 
2120 
3202 
4851 
7485 
10268 
10504 
12422 
15816 
17657 
21431 
21646 
22200 
24117 
24149 
26876 
29375 
29534 
32087 
32581 
33271 
33658 
33830 
34339 
35356 
35534 
35554 
40064 
40189 
41168 
41986 
42894 
42932 
43899 
45189 
45285 
51589 
51661 
53970 
56463 
58129 
58261 
60149 
65455 
67365 
67482 
68697 
70439 
74663 
76853 
81067 
81129 
81370 
83262 
84842 
89827 
92588 
93114 
95667 
96477 
96925 
97220 
98978 
100170 
101450 
101671 
102827 
859 
1598 
2614 
3279 
6436 
7248 
7988 
10112 
10943 
13404 
13499 
15261 
16283 
16638 
16836 
19737 
19837 
20010 
21725 
26996 
27411 
27453 
27510 
28280 
29202 
29227 
31620 
33442 
34923 
37639 
38455 
38800 
39044 
39046 
43565 
44632 
44964 
44977 
45260 
50486 
52255 
53185 
53279 
53375 
55433 
56280 
59201 
59606 
61671 
66706 
68060 
71429 
72331 
75787 
76204 
77630 
78659 
81317 
81742 
83863 
85024 
85418 
85592 
87652 
88050 
88765 
90867 
94943 
95696 
96045 
96177 
96494 
96784 
99245 
99786 
101192 
103473 
103577 
619 
4576 
4822 
8881 
9307 
9619 
11531 
13357 
14546 
14927 
16739 
17286 
17506 
20342 
21245 
23585 
23741 
26037 
30081 
34117 
38744 
39218 
40299 
41366 
46278 
48204 
48749 
49026 
50570 
54068 
55233 
62267 
62458 
63817 
65690 
67352 
67602 
68371 
73632 
80501 
81988 
82093 
83238 
84198 
86137 
86453 
91454 
91758 
92422 
94330 
97384 
98215 
100168 
101909 
102441 
102511 
2510 
8695 
11837 
12054 
15939 
16419 
16717 
16780 
19385 
20572 
22380 
23594 
23681 
23920 
24218 
26125 
26810 
27712 
29262 
31784 
37142 
40638 
40852 
41434 
41582 
42995 
44031 
44083 
44172 
47348 
50260 
52166 
55336 
59653 
61299 
61685 
66736 
67812 
67979 
68455 
68988 
69352 
71064 
71608 
72031 
73382 
73396 
73859 
76952 
79918 
85182 
87571 
89678 
89752 
91078 
91744 
93188 
94169 
95123 
95825 
97558 
98946 
100313 
100380 
102404 
103085 
911 
967 
4027 
5832 
6261 
6422 
6990 
8374 
8743 
9256 
9558 
13719 
14132 
17903 
18620 
24260 
24775 
25074 
27078 
27856 
28931 
30006 
32206 
36113 
36606 
37789 
38369 
41312 
41884 
44419 
48779 
48913 
52385 
53104 
55048 
56964 
59145 
59471 
60639 
60782 
61082 
62851 
63976 
66388 
66641 
67197 
67542 
67847 
69160 
71627 
71688 
72376 
73094 
73650 
73810 
76192 
77865 
80744 
83185 
83777 
84555 
85442 
86702 
87106 
87286 
94166 
94226 
98639 
99033 
101002 
101447 
103958 
2244 
2899 
3075 
4426 
5223 
5785 
6521 
6734 
7036 
9792 
10034 
10643 
10935 
12622 
17708 
17748 
18810 
19678 
22890 
25154 
25668 
27329 
29368 
33571 
33711 
35126 
36416 
38359 
38691 
40591 
41890 
44071 
44177 
46520 
47298 
49478 
52081 
53080 
59085 
62469 
63563 
66216 
66454 
66665 
67387 
71405 
71455 
72317 
74154 
74195 
76739 
77893 
78388 
80486 
81547 
84200 
86056 
86099 
87159 
88111 
89545 
91102 
95866 
97640 
97764 
98747 
100056 
102744 
1099 
2665 
6278 
6771 
8679 
9490 
9617 
9871 
12646 
14221 
14236 
15244 
16381 
17645 
18766 
19179 
22127 
22410 
23965 
24527 
26290 
27865 
28019 
28700 
29748 
31977 
32801 
35166 
36273 
37746 
39081 
39586 
42139 
45564 
46297 
48050 
53614 
54104 
56090 
56702 
57047 
58284 
58580 
59414 
61058 
62222 
62556 
62900 
64054 
68591 
68919 
77089 
77105 
80079 
80243 
82799 
83731 
84112 
85242 
86555 
90471 
90569 
90789 
92868 
95921 
96353 
96804 
97785 
99273 
543 
3312 
3759 
4712 
5877 
6108 
8500 
8690 
14303 
15529 
16201 
16551 
16976 
17565 
21504 
25572 
27750 
27752 
31240 
31777 
33534 
35477 
38964 
39696 
40128 
42205 
43164 
44325 
44570 
45180 
46225 
47286 
47331 
47998 
48139 
49243 
52629 
57318 
57470 
59719 
61344 
61570 
62345 
64932 
66059 
66358 
67681 
69182 
71518 
71888 
75091 
75170 
78755 
80018 
80506 
80803 
81881 
82984 
83503 
84138 
86132 
86530 
87440 
88439 
89315 
89976 
90589 
96288 
98153 
99417 
101636 
102426 
102829 
103856 
104051 
908 
8718 
12893 
14563 
17938 
19433 
21048 
22002 
22655 
22868 
25661 
27142 
28155 
29298 
31698 
32272 
32493 
33789 
36836 
37287 
39498 
43343 
44260 
46648 
46963 
49637 
53046 
53115 
55464 
56106 
56507 
57009 
59736 
63230 
66947 
67204 
68091 
74473 
75078 
75135 
76319 
76420 
76427 
77183 
82002 
83265 
84000 
84408 
85588 
85763 
87687 
87765 
87972 
88781 
89196 
89204 
98139 
98885 
100266 
101030 
739 
1813 
1916 
5718 
6166 
8183 
13027 
15778 
17054 
18446 
18781 
20923 
22180 
22184 
23214 
23574 
23767 
24130 
29242 
30990 
34481 
34483 
36202 
37199 
38915 
39562 
39926 
40858 
41352 
43056 
48795 
50067 
50363 
50590 
50944 
52984 
59262 
59601 
60310 
60918 
63161 
63609 
63767 
66913 
67910 
68969 
69606 
69775 
70125 
73909 
78368 
78424 
81875 
86425 
88486 
91114 
92870 
94190 
94828 
96526 
101485 
102673 
429 
1517 
1791 
2157 
3087 
4237 
4815 
6496 
7099 
7170 
7292 
8506 
8919 
13655 
16574 
17695 
18094 
18251 
18655 
18901 
21379 
25739 
26144 
26723 
29588 
29814 
30820 
32434 
34891 
35139 
36962 
37343 
38216 
38774 
38926 
41929 
44465 
44982 
47131 
48736 
49298 
50538 
50791 
52825 
52848 
53731 
54962 
55427 
56394 
59218 
61754 
62179 
66003 
66334 
69152 
69532 
69875 
70269 
72352 
74783 
77359 
77912 
78740 
79848 
80414 
83629 
84082 
84797 
86265 
86733 
86877 
86936 
96368 
96442 
96468 
99935 
102812 
103837 
1018 
1407 
8199 
10532 
13150 
15395 
15834 
19205 
19280 
19626 
19815 
20328 
20787 
24778 
24784 
25225 
27322 
27466 
27545 
27905 
28694 
31363 
35640 
40788 
42201 
43854 
44155 
45229 
45442 
45916 
47173 
48110 
48133 
49081 
52314 
54126 
54170 
55910 
56604 
57692 
61622 
61934 
62011 
64091 
64749 
64977 
68966 
72701 
72919 
75349 
79257 
79749 
81780 
82876 
83576 
87309 
89058 
89168 
89738 
90822 
93223 
97886 
97956 
98082 
98402 
98859 
100664 
101806 
192 
2187 
2981 
3199 
3996 
5141 
6221 
6625 
8956 
11077 
11299 
13777 
14149 
16445 
17237 
18717 
18734 
20385 
20635 
20826 
21648 
22976 
25583 
25691 
25735 
27886 
33713 
34964 
36274 
37810 
38512 
39154 
39166 
41991 
43235 
44567 
52330 
53144 
55113 
56858 
57357 
58125 
58169 
60829 
62573 
63227 
63988 
64123 
65264 
68925 
69023 
70413 
72903 
74031 
75663 
76445 
81382 
87784 
89154 
90213 
90352 
93566 
94756 
96605 
98563 
99781 
99986 
100667 
102635 
3799 
7156 
7933 
8061 
8188 
9687 
10169 
13215 
15337 
16200 
18685 
21229 
24690 
24896 
26074 
28978 
31362 
32260 
33900 
35919 
35966 
37081 
37156 
37278 
41548 
44887 
45043 
46469 
47018 
48514 
48643 
49548 
50194 
52564 
53335 
61871 
63074 
63876 
64659 
66058 
68045 
71253 
71953 
72397 
73350 
74580 
75009 
75526 
76164 
76429 
79100 
81283 
81545 
83000 
86192 
86583 
89890 
91612 
94155 
96602 
98162 
99140 
100877 
103333 
684 
1874 
1906 
4370 
5206 
8716 
9366 
9433 
13739 
15399 
15848 
18254 
28895 
29891 
31803 
32310 
35735 
35815 
36052 
38040 
39654 
40013 
42680 
44166 
49768 
50547 
50644 
51064 
51910 
53572 
55686 
56290 
56804 
58248 
58602 
60075 
60312 
61612 
61963 
62599 
63492 
64375 
65961 
66016 
66032 
66664 
67481 
67506 
68327 
69479 
70588 
71904 
73755 
76539 
80429 
81036 
81466 
84175 
85820 
87326 
89872 
91451 
94703 
96536 
97489 
101662 
102895 
5768 
7315 
8422 
9425 
11325 
11924 
13802 
15863 
16211 
16400 
17004 
17310 
18829 
19909 
20400 
23839 
26454 
26616 
29791 
30105 
30904 
31377 
32162 
34546 
35194 
35657 
40938 
41469 
41776 
42637 
43093 
46519 
47801 
49084 
49108 
50640 
51457 
53452 
56268 
57614 
59333 
59367 
60644 
62992 
66243 
66912 
67720 
69289 
70798 
71955 
73005 
75199 
77367 
79212 
82704 
83172 
85834 
87662 
88078 
92515 
93181 
93989 
95280 
96700 
101585 
102564 
103911 
2602 
5037 
5491 
7640 
7775 
7930 
8101 
8155 
9336 
11700 
18662 
19824 
20417 
25236 
26666 
29017 
29133 
29194 
31425 
31910 
32351 
33780 
34166 
37474 
39730 
40317 
43333 
45631 
46403 
48387 
49289 
49649 
51942 
55604 
57202 
57221 
58609 
58648 
63576 
64190 
64471 
64971 
65192 
66515 
68716 
70394 
75590 
76056 
76918 
81001 
81449 
86968 
87680 
88501 
88654 
89518 
89997 
93400 
93430 
95559 
96083 
96259 
97805 
99477 
99735 
101398 
102186 
3485 
3763 
6501 
7402 
8213 
10059 
13299 
13825 
16738 
17329 
21799 
21891 
22541 
24584 
26357 
28023 
28569 
28926 
31542 
32972 
34814 
35975 
38156 
38285 
41325 
43006 
43332 
43906 
45041 
49034 
49809 
53846 
54380 
56137 
56325 
56795 
56940 
59641 
60917 
61230 
61624 
62101 
62470 
67029 
73823 
75659 
76042 
77779 
79114 
81485 
81613 
82477 
84495 
84538 
85825 
86282 
87897 
91903 
93380 
96551 
98152 
98250 
99275 
100441 
101280 
101805 
102154 
102317 
103296 
2987 
7607 
7888 
8945 
9278 
11108 
11865 
12466 
12588 
14839 
20712 
23721 
25052 
27906 
28908 
30893 
31098 
31117 
31229 
32850 
41432 
41513 
41885 
43527 
43706 
45035 
45079 
49806 
52695 
54906 
56888 
60995 
64843 
65581 
66316 
66697 
68881 
69324 
70339 
72013 
72267 
72596 
75522 
75803 
76872 
79744 
80042 
80400 
80848 
82014 
82408 
85420 
89166 
89404 
90630 
91701 
93241 
97324 
97740 
100767 
102996 
103413 
591 
2153 
2280 
3564 
4506 
4857 
5336 
5362 
6757 
8135 
8167 
9204 
14945 
15154 
15618 
17718 
19961 
24551 
25113 
26053 
26199 
26636 
28380 
30200 
30656 
31364 
32517 
35698 
37865 
37905 
38221 
39962 
43264 
43815 
44688 
45783 
48479 
52592 
53860 
54306 
56318 
61866 
63834 
64551 
71388 
73348 
74028 
75934 
76179 
76347 
77298 
81473 
83608 
85311 
86478 
89818 
90894 
91448 
91725 
92007 
93441 
93770 
94164 
95307 
96772 
96913 
101114 
1174 
1829 
3899 
4320 
6997 
7431 
8460 
9499 
10574 
11301 
13826 
14150 
16379 
20192 
20353 
21466 
23847 
24688 
24721 
25489 
27567 
27692 
31179 
33367 
36256 
38807 
42771 
47107 
47226 
48032 
49601 
49883 
51371 
54439 
57236 
57306 
58922 
59603 
59665 
59929 
60002 
61894 
62063 
62109 
65540 
66172 
67409 
68484 
71468 
76292 
77215 
78291 
78381 
78760 
79695 
80376 
80396 
81709 
84912 
85117 
87567 
88490 
91580 
91749 
96338 
98826 
99995 
100827 
639 
3051 
5525 
6016 
7286 
7515 
8289 
9033 
10040 
11267 
12245 
12630 
14131 
18353 
21554 
27009 
27111 
28663 
30471 
31991 
32973 
35679 
36625 
40060 
43160 
48246 
51309 
51936 
52218 
53066 
55240 
56437 
57992 
60378 
61018 
62990 
67207 
73312 
74946 
75306 
76874 
78727 
78919 
81058 
81652 
81840 
81904 
82367 
83781 
84267 
84829 
85100 
86010 
86865 
88139 
88311 
88428 
93905 
94720 
100359 
100875 
102123 
102295 
103934 
103955 
104011 
709 
1627 
1712 
3326 
6624 
6891 
8070 
8612 
8626 
10672 
12483 
13700 
13855 
14983 
15286 
16609 
18736 
19443 
19723 
22343 
23081 
23995 
24285 
31427 
34746 
37751 
38262 
45606 
46761 
47866 
47935 
51669 
53291 
54822 
56337 
57325 
57513 
57591 
60160 
60353 
60447 
61408 
63321 
63782 
64297 
64673 
66061 
66395 
66634 
67038 
69529 
69899 
71826 
72584 
74957 
78451 
79870 
83719 
83847 
85350 
85576 
85674 
86257 
86969 
87866 
92448 
93318 
96237 
98274 
99519 
100984 
104087 
1434 
1771 
1843 
2755 
4654 
6015 
6760 
7136 
7583 
8120 
8354 
10143 
12574 
12609 
14291 
14645 
15054 
19274 
19456 
24200 
27360 
27452 
27908 
28451 
31565 
34730 
35235 
35714 
41164 
41283 
44138 
46355 
50792 
51830 
52837 
53155 
53652 
56013 
56598 
57891 
57956 
58340 
58772 
58861 
59040 
59134 
59905 
60830 
60933 
61389 
64189 
68663 
68861 
69541 
74532 
76338 
76473 
77971 
78588 
80660 
80724 
84213 
85412 
88492 
90176 
92147 
92634 
93071 
97958 
98230 
99911 
103160 
364 
2167 
4133 
5160 
12170 
12363 
12493 
13020 
13621 
14754 
21454 
25804 
27000 
27008 
32264 
32943 
32957 
35056 
38186 
39119 
41558 
43981 
46962 
47741 
49207 
51699 
53508 
53581 
53838 
54554 
54767 
57608 
59796 
63287 
65397 
65736 
66516 
68482 
69982 
70603 
74815 
77452 
78920 
79176 
82287 
82568 
83250 
83707 
84467 
84695 
85454 
89540 
91013 
91964 
96451 
96828 
96984 
98137 
98623 
99546 
101332 
102543 
102644 
103011 
103201 
2929 
8238 
13322 
14545 
15149 
15499 
15566 
15647 
15768 
16407 
17106 
22955 
23368 
24616 
25197 
26517 
27441 
28045 
28303 
29251 
31477 
31697 
34953 
35709 
36154 
36978 
37635 
45145 
48151 
49942 
49962 
50225 
52732 
55513 
55724 
55793 
60798 
63775 
66437 
66742 
67657 
69241 
72742 
73570 
74901 
77106 
79166 
83283 
84335 
86903 
86977 
87096 
87430 
90794 
90807 
91591 
93083 
93335 
93502 
96838 
96952 
98149 
99510 
100092 
100634 
103462 
103474 
874 
2367 
6583 
7849 
8523 
8551 
10443 
11682 
12731 
13079 
14729 
17963 
20287 
21507 
22889 
23670 
23922 
26484 
29107 
29320 
30586 
32282 
32408 
32721 
34302 
35026 
35247 
35777 
36231 
36574 
36997 
37825 
38685 
40766 
41751 
43803 
44484 
45243 
50451 
51308 
54193 
55272 
57908 
59902 
61761 
62970 
64687 
66518 
70007 
71406 
73139 
73180 
75553 
75789 
84516 
84834 
87084 
88290 
90222 
93978 
94290 
95583 
96443 
98706 
99171 
100234 
101251 
101369 
101841 
494 
960 
1278 
1333 
2872 
4643 
7544 
8033 
9861 
13918 
17855 
18520 
20638 
22219 
24425 
25651 
26964 
27174 
29541 
30103 
30148 
30985 
37342 
40353 
42286 
45216 
45556 
46852 
48442 
48699 
50458 
52861 
56484 
56994 
57387 
58713 
60169 
63921 
64443 
65405 
68345 
69462 
70911 
71107 
71115 
71579 
72042 
72291 
79858 
85293 
85762 
87511 
87618 
88544 
88741 
93298 
94924 
97855 
97866 
996 
4285 
6479 
8268 
9457 
10339 
11427 
14055 
15086 
15322 
16979 
18127 
18154 
20243 
20474 
25131 
25432 
26737 
27428 
29155 
29750 
29845 
30050 
30911 
31028 
31044 
32941 
32982 
34619 
35903 
36870 
37468 
41939 
45751 
46662 
67191 
69881 
72276 
73374 
73672 
73689 
77479 
77514 
77610 
77619 
78888 
79770 
82513 
84395 
84414 
88365 
89831 
90401 
91052 
92509 
92750 
93505 
94517 
94599 
95260 
96010 
96273 
97535 
100843 
101975 
102712 
102979 
103533 
756 
4333 
4697 
6636 
9777 
11604 
13035 
14683 
15316 
16054 
16544 
18171 
20695 
21895 
23082 
28816 
29303 
29337 
29893 
30883 
32664 
34603 
35121 
37699 
38080 
39978 
40322 
41452 
43715 
44290 
44974 
50561 
50623 
50750 
59718 
63016 
67671 
67920 
70364 
73295 
75238 
76886 
77328 
78071 
78316 
78978 
79969 
80831 
81862 
86321 
87172 
88312 
89814 
90712 
92539 
92890 
95288 
95580 
95962 
100932 
101436 
101758 
102209 
80 
96 
348 
730 
1715 
3040 
4402 
5069 
7143 
9335 
9513 
10538 
15823 
17288 
19760 
21254 
26536 
27883 
28541 
29024 
32431 
35994 
37756 
38467 
39444 
39687 
41746 
42237 
42828 
44161 
44596 
45241 
45894 
46077 
46628 
46793 
46819 
46967 
47509 
49396 
50628 
53403 
53949 
55308 
56020 
56097 
59086 
59474 
59920 
60309 
63064 
64661 
65685 
65698 
65850 
66624 
68758 
70183 
74483 
76181 
76740 
76809 
78444 
78448 
80409 
82721 
83666 
85841 
88714 
88880 
90031 
91650 
93280 
94649 
96099 
96143 
97823 
98442 
101486 
101798 
102279 
102600 
102906 
1072 
1172 
1546 
2174 
2416 
2785 
4667 
6207 
6800 
8172 
8613 
9417 
10583 
11401 
13423 
14533 
15716 
16319 
16355 
16462 
17844 
17990 
20492 
26543 
27202 
27489 
28119 
28628 
28715 
29464 
30599 
30872 
31647 
33870 
34158 
35435 
39131 
39312 
41023 
42400 
43139 
43566 
43817 
44571 
45963 
47106 
50224 
51470 
52044 
52070 
52442 
53610 
53926 
56997 
57724 
57963 
58005 
59790 
59798 
60311 
62955 
65558 
66342 
69554 
69612 
71057 
72172 
72443 
73301 
73359 
74836 
77538 
82514 
83492 
83947 
85611 
86215 
91770 
94771 
96825 
96935 
97371 
98480 
98807 
98952 
99206 
99645 
101188 
103951 
427 
1296 
2159 
5413 
5640 
6272 
8711 
9435 
11564 
19497 
19695 
20144 
20250 
21174 
22933 
23395 
23677 
27695 
28091 
28315 
29617 
32521 
35015 
35149 
35796 
35879 
36507 
38092 
39546 
40903 
41711 
42953 
45103 
51339 
53302 
54392 
54637 
54855 
56386 
58762 
58925 
62939 
63131 
64607 
66281 
68017 
69332 
73499 
75395 
78955 
79820 
83348 
83414 
83961 
83997 
85646 
86920 
87081 
88393 
88423 
88854 
89861 
90332 
90611 
92205 
94494 
94504 
94626 
95128 
95191 
96604 
100141 
100677 
100815 
100988 
103483 
1977 
4739 
7363 
7673 
9936 
11792 
11913 
14644 
15130 
17766 
18834 
20518 
24183 
29769 
30278 
31263 
31840 
32846 
35289 
36045 
38303 
38740 
39531 
40610 
41407 
41667 
45001 
46740 
48469 
48879 
49558 
49863 
53681 
54072 
56075 
58335 
59206 
59346 
59925 
62090 
62326 
62454 
62756 
65423 
67049 
68761 
69089 
69517 
71009 
73224 
75733 
77504 
78996 
82080 
82416 
87198 
89778 
89849 
90749 
92355 
93953 
94304 
96645 
97289 
100450 
101441 
384 
1570 
2451 
3822 
4980 
7563 
7782 
7875 
8598 
8850 
15902 
18145 
18845 
19748 
20397 
21268 
23872 
24348 
24524 
26742 
31712 
32734 
35398 
36920 
38530 
39677 
45021 
45679 
48791 
50723 
51490 
53014 
53502 
53794 
54535 
56102 
56295 
56354 
56714 
58308 
59271 
59835 
63041 
63350 
63832 
64670 
65531 
67764 
70278 
71089 
72158 
72279 
74211 
77571 
79055 
79609 
80879 
83600 
84283 
85883 
86083 
86624 
86991 
87105 
92309 
93362 
93823 
99587 
99866 
102018 
102136 
102705 
102749 
177 
968 
1636 
4228 
4831 
4884 
5186 
6421 
7352 
7689 
8017 
11162 
13365 
14099 
14596 
15276 
18341 
18869 
21014 
22202 
22922 
23055 
24108 
24553 
25456 
25737 
27446 
28187 
30170 
32990 
39128 
41169 
41616 
41777 
43066 
44811 
45039 
45521 
46034 
47686 
48271 
48276 
48298 
49632 
57937 
60170 
61461 
61609 
61619 
63280 
65284 
66674 
66845 
68615 
68711 
71117 
71375 
73815 
74730 
76138 
76213 
76972 
77099 
79521 
79879 
80020 
81386 
81784 
84671 
84962 
86716 
88038 
89112 
89808 
94176 
94195 
95014 
95529 
96388 
96716 
96808 
96940 
98821 
99731 
14 
3593 
4412 
8433 
11439 
12259 
12510 
13007 
13837 
22288 
23936 
24206 
24393 
25605 
26286 
27131 
29840 
33836 
35239 
35340 
35570 
36674 
39813 
43327 
44692 
47069 
50688 
53249 
53845 
54218 
55503 
56275 
56592 
58919 
59092 
60484 
60560 
61334 
61442 
64651 
66541 
69483 
71460 
74170 
76028 
80518 
82736 
83294 
84886 
86581 
89826 
89994 
90119 
91049 
93300 
94783 
95624 
97478 
99757 
102067 
102913 
103428 
1246 
4864 
5937 
6749 
7214 
8747 
8792 
12213 
14314 
16567 
17115 
18853 
21094 
22062 
24776 
25281 
25681 
26567 
26688 
28135 
28164 
28440 
28759 
30194 
31293 
34368 
34498 
41321 
43320 
46346 
48906 
49025 
49405 
49852 
51115 
51957 
54154 
54721 
61502 
61664 
66479 
67658 
70806 
72230 
77155 
78997 
79395 
86259 
89886 
90656 
91015 
93151 
97831 
97845 
98675 
98844 
99341 
99363 
100033 
100760 
1096 
4448 
6775 
7604 
7697 
9146 
12315 
12652 
13049 
13495 
16286 
17925 
18170 
18337 
19915 
20653 
21511 
22266 
24231 
26785 
28450 
28486 
32418 
32923 
35295 
36021 
36178 
37439 
42238 
45942 
47754 
49149 
49710 
53697 
55831 
57307 
57842 
59023 
60319 
60364 
60379 
60766 
63617 
68253 
70405 
71291 
73792 
75546 
75980 
76173 
78209 
78236 
79094 
80764 
81464 
83442 
83482 
83903 
85510 
93982 
95044 
95352 
95759 
96211 
97908 
98298 
99163 
99476 
100631 
100716 
101288 
103868 
146 
1566 
1789 
3236 
5171 
6405 
6834 
7721 
8473 
8727 
11651 
12394 
12507 
14166 
15034 
22774 
23502 
25759 
25872 
26808 
27093 
28666 
31519 
32066 
32129 
32679 
33027 
38079 
43358 
43991 
44994 
46975 
48406 
52001 
52888 
54169 
54265 
54561 
54753 
54895 
55669 
59018 
60540 
60734 
65711 
65772 
70737 
77942 
78002 
80344 
82272 
83815 
86313 
86395 
86890 
88817 
94726 
95103 
101609 
1605 
3109 
3454 
5367 
5531 
6679 
8424 
9817 
10489 
15099 
16799 
16897 
19083 
19862 
21734 
22544 
23499 
23551 
26009 
28067 
30588 
30617 
31400 
31981 
32358 
33285 
34604 
35177 
37267 
37955 
39742 
39935 
40014 
40663 
40703 
43422 
44074 
45388 
45405 
47104 
47232 
47881 
50575 
51092 
53668 
56477 
56838 
60332 
60474 
61328 
61708 
62637 
64732 
66656 
68796 
69058 
70150 
70324 
70666 
71925 
75844 
78745 
79028 
79907 
80360 
82122 
83008 
83356 
84764 
85955 
87666 
89564 
90229 
94340 
94843 
95394 
97790 
99529 
99663 
169 
229 
440 
747 
1467 
2347 
5241 
6746 
9224 
13320 
14478 
14711 
16115 
16287 
17253 
17411 
21406 
21654 
22575 
22638 
22975 
23950 
24372 
30229 
31633 
35281 
36088 
36329 
37072 
37242 
37873 
46161 
47070 
47324 
49250 
49291 
49313 
49317 
50268 
50673 
50758 
53454 
54693 
56038 
57523 
57737 
57837 
59743 
62349 
63582 
65059 
65273 
66099 
68172 
68481 
69043 
69874 
71055 
71616 
72117 
72377 
73983 
74284 
77292 
78361 
82884 
83601 
83630 
88415 
88757 
89124 
90041 
90335 
90849 
93354 
94940 
95012 
95958 
97162 
97204 
98957 
99514 
100377 
101866 
102853 
102883 
102992 
103692 
210 
1001 
2082 
2393 
2769 
3771 
4128 
6008 
6192 
7783 
7906 
11908 
15148 
16610 
18014 
18709 
18735 
21077 
21483 
22175 
23200 
25051 
25743 
28695 
28886 
29132 
30917 
31208 
33046 
38485 
39639 
40573 
40761 
42212 
43308 
46065 
47345 
47586 
48513 
49695 
51700 
59339 
59502 
59882 
60681 
61993 
62074 
63387 
71558 
74183 
76617 
78668 
79886 
84510 
87024 
88541 
88709 
89637 
89936 
90949 
92237 
94123 
94802 
95253 
95354 
96073 
96917 
100478 
101997 
206 
1954 
2884 
3309 
4367 
5436 
5824 
10572 
10974 
12724 
15844 
16686 
17693 
18090 
22100 
22486 
22690 
23888 
24607 
28103 
29287 
37445 
38331 
38364 
41528 
42701 
42750 
42972 
44457 
48421 
49163 
57321 
57512 
58537 
59616 
61221 
62647 
63513 
64433 
65084 
66176 
69349 
69803 
72957 
75177 
78941 
79123 
80247 
80280 
80783 
81829 
84358 
84526 
86685 
87042 
90355 
92410 
97298 
97588 
97892 
98295 
98327 
98374 
99826 
100011 
101137 
102856 
103895 
386 
1808 
1881 
2490 
2601 
4484 
5968 
7719 
8352 
8765 
8966 
10307 
10693 
11279 
12898 
14165 
15599 
16303 
19396 
22967 
23519 
24204 
25312 
26267 
26740 
27597 
28911 
29253 
33085 
33517 
34518 
35127 
35804 
36319 
39351 
42033 
42971 
43891 
44040 
44243 
45012 
48663 
49024 
51582 
51736 
54302 
56741 
59299 
63763 
63927 
64652 
67139 
71907 
72150 
75143 
78748 
80522 
83176 
84214 
84640 
84799 
85335 
86003 
88069 
88384 
89278 
89601 
90073 
91879 
94807 
97079 
98191 
101655 
103312 
1035 
1279 
1489 
1751 
2810 
4334 
5670 
6292 
7016 
7026 
8247 
10389 
11987 
12197 
12744 
13251 
16060 
19482 
19727 
20097 
21260 
21861 
22043 
27431 
30737 
31158 
31485 
32527 
33896 
34896 
35005 
35890 
37080 
37640 
38010 
39069 
40698 
41356 
41437 
42598 
49376 
50200 
50230 
52928 
53149 
53406 
54705 
58082 
60142 
60901 
61548 
63446 
63702 
64657 
65655 
66873 
67880 
71023 
72336 
76975 
79310 
82587 
83848 
84018 
86944 
87279 
87453 
88120 
90792 
91107 
96931 
98551 
98596 
98971 
101419 
102274 
102832 
103118 
103574 
3667 
5680 
6735 
9779 
10992 
12118 
16367 
18424 
21865 
24677 
27050 
32391 
37932 
38386 
38410 
39217 
39430 
43271 
48555 
51254 
52706 
55436 
55719 
56065 
56821 
61325 
61916 
61935 
62245 
62419 
63031 
63281 
63974 
63975 
66343 
67113 
69343 
69717 
72453 
76565 
76622 
79460 
79720 
79761 
87719 
88911 
89680 
91279 
91595 
93693 
95741 
101148 
103103 
103842 
128 
829 
3450 
5545 
6154 
7319 
7847 
8762 
12408 
13484 
14463 
14962 
15045 
15993 
17636 
17760 
17865 
18290 
19697 
21114 
21582 
22242 
23656 
23941 
26141 
26656 
26715 
28852 
29599 
30241 
30463 
30809 
32561 
33262 
33670 
34890 
35629 
38204 
39135 
39932 
40067 
41186 
42487 
42634 
42635 
44761 
46792 
47622 
49399 
52437 
52479 
56011 
56870 
57714 
58887 
62102 
63398 
63838 
65163 
65204 
66894 
68848 
69075 
69581 
74082 
74568 
77703 
78702 
83105 
83867 
84269 
84908 
85076 
85520 
85919 
87291 
87605 
87831 
92170 
92963 
95003 
95028 
96173 
97906 
99227 
420 
2502 
3263 
6309 
7441 
7923 
8441 
9549 
11962 
15740 
21018 
22302 
22713 
23224 
23468 
24604 
25202 
30186 
30497 
30966 
32015 
32312 
32720 
33112 
34204 
37432 
37498 
38053 
40443 
40897 
42242 
42375 
42674 
44778 
46129 
52894 
53601 
54124 
54772 
54888 
57119 
57597 
59704 
63296 
64077 
64139 
70017 
70319 
72058 
72333 
73718 
73877 
75187 
76116 
76183 
76826 
82756 
84769 
85202 
85692 
86301 
86598 
89042 
91048 
91136 
97258 
97635 
98965 
99106 
99595 
101213 
102676 
103120 
3359 
5527 
6048 
11281 
11539 
13638 
16510 
16917 
19030 
22970 
24394 
24466 
25554 
26219 
27534 
33819 
33873 
35385 
35396 
37089 
41108 
43085 
44267 
44640 
44874 
45081 
46195 
48541 
49369 
53819 
53876 
56960 
59590 
61694 
62221 
62629 
64935 
66025 
66490 
67786 
69425 
76201 
78933 
79120 
79825 
81795 
84545 
85491 
88313 
89105 
89697 
93378 
95091 
95205 
98209 
98386 
100512 
9 
54 
953 
1659 
1711 
5137 
7255 
8530 
9097 
10074 
11110 
13110 
15946 
18753 
21369 
22388 
23693 
24041 
24909 
25097 
25981 
26593 
28207 
28287 
31527 
33997 
36632 
38570 
45269 
51853 
52277 
52350 
54657 
55639 
56715 
59363 
61818 
62184 
63080 
64014 
64494 
64550 
67515 
68081 
71408 
73157 
73559 
73869 
74012 
74542 
75073 
75222 
75327 
76534 
76609 
76806 
77729 
78296 
78594 
78858 
81504 
83668 
84472 
85178 
89360 
90431 
90830 
91575 
92025 
92726 
95961 
96402 
96432 
99528 
100959 
102545 
103030 
1058 
2515 
6527 
7278 
7382 
9649 
12248 
12766 
14908 
22036 
22412 
22456 
24281 
26391 
29167 
30249 
31131 
33204 
34325 
34698 
35431 
35839 
35860 
39986 
41130 
43128 
43228 
43553 
44391 
44732 
46052 
47058 
49741 
50097 
52661 
53611 
54449 
54823 
57791 
58217 
60127 
60394 
63833 
64681 
65505 
69237 
71870 
76911 
78460 
80483 
80943 
81208 
82448 
85027 
90659 
96184 
96731 
97863 
100726 
102964 
103037 
724 
3841 
4866 
5070 
5742 
6676 
8897 
11471 
13900 
14063 
21475 
21928 
23607 
24542 
26669 
29302 
30533 
30669 
31887 
35644 
36578 
36879 
38338 
38948 
40213 
42196 
42654 
44691 
44696 
45345 
46572 
47644 
49744 
50473 
51094 
51855 
52475 
53994 
58218 
59110 
61427 
64626 
65503 
66258 
67263 
67662 
67835 
68914 
69518 
69908 
74693 
74969 
77333 
81013 
81597 
81960 
82074 
82804 
83009 
85284 
85653 
86659 
90767 
92472 
92912 
97530 
98513 
99071 
100753 
102147 
102524 
2762 
3439 
5423 
6370 
9389 
10083 
10873 
11145 
11724 
14871 
16051 
18228 
18858 
28833 
30019 
32659 
33320 
34995 
35164 
37078 
37660 
38751 
40920 
42124 
42336 
42959 
44575 
44634 
45205 
45652 
45977 
46205 
50637 
50896 
51513 
52153 
56704 
56761 
60204 
63326 
63720 
66036 
67264 
68044 
68402 
69993 
70539 
71338 
71382 
72126 
73765 
75805 
76087 
76573 
77210 
77612 
80304 
81637 
83279 
83408 
83670 
84130 
88368 
88820 
91154 
91368 
91484 
94191 
95001 
96528 
98501 
98981 
19 
1075 
2021 
2062 
4192 
4926 
9466 
10346 
11217 
14470 
14696 
15644 
20442 
20807 
21993 
24765 
26066 
29159 
29527 
29962 
32741 
34633 
36604 
36708 
36784 
36910 
39850 
42913 
44180 
44772 
45132 
47519 
51017 
52500 
52593 
58259 
61368 
63223 
64166 
65070 
65124 
65149 
65907 
66767 
67334 
69905 
74150 
74323 
76499 
80332 
81746 
83783 
84221 
84273 
85127 
85443 
87277 
88389 
94165 
95029 
98897 
99075 
99812 
102914 
5391 
7528 
10595 
11984 
12330 
13923 
19090 
25523 
25580 
26928 
28199 
28863 
29963 
30250 
30425 
30689 
31119 
31599 
31774 
32123 
32808 
33232 
33891 
35151 
35419 
35614 
35858 
36428 
37642 
37884 
38001 
39202 
40198 
40237 
42058 
44309 
47325 
52128 
54521 
54592 
54738 
56351 
56914 
58821 
58932 
59155 
60504 
62781 
64253 
66649 
68358 
68447 
69052 
69267 
69344 
70337 
73770 
75020 
78719 
81444 
84114 
85047 
85179 
86329 
86346 
88167 
88617 
91787 
91845 
94785 
94996 
95435 
96246 
97881 
100802 
103150 
103865 
3146 
8927 
9195 
9566 
11677 
14377 
21446 
22719 
23348 
23579 
28900 
29577 
29898 
30082 
30514 
30706 
31531 
32495 
32969 
33329 
34830 
37331 
38340 
39423 
39737 
41811 
42466 
42925 
43430 
43524 
44976 
49015 
49572 
50976 
52057 
52960 
55081 
56924 
57459 
61149 
66024 
71344 
72280 
75050 
76813 
78131 
80513 
82570 
82784 
83501 
86929 
88453 
90240 
95553 
95621 
97339 
100451 
102968 
620 
1364 
2047 
2439 
2822 
7545 
7636 
9310 
9637 
11819 
13892 
20037 
20697 
21779 
24550 
25619 
26105 
31560 
32985 
34876 
35267 
37303 
38933 
39867 
39946 
39982 
41678 
41891 
42502 
44835 
47952 
50362 
50537 
53967 
54965 
55139 
56503 
57879 
58117 
59020 
59197 
60042 
61370 
63164 
64022 
64730 
66621 
68692 
69485 
70157 
72293 
72482 
72743 
73594 
75008 
76903 
78842 
80288 
81969 
83059 
83158 
84307 
84893 
85972 
86626 
87150 
89824 
90941 
91536 
94498 
101194 
101747 
101915 
102088 
2016 
2530 
3429 
5144 
5891 
9221 
10191 
13298 
13712 
14798 
16511 
20736 
20739 
20929 
21133 
24433 
25491 
26542 
27734 
28202 
28400 
30784 
32065 
33621 
33941 
35339 
35747 
36260 
36497 
38633 
39124 
43497 
47243 
47582 
48933 
50116 
53143 
54290 
57658 
57844 
60189 
64072 
67717 
67962 
69130 
69389 
70384 
70760 
70800 
71119 
79379 
81356 
81663 
84280 
84771 
86194 
87483 
89023 
89287 
95200 
96685 
97292 
98923 
100191 
101133 
102053 
103583 
2717 
4054 
5826 
6400 
6462 
7084 
7171 
7398 
8312 
8517 
10411 
11513 
11661 
13547 
13888 
14449 
15773 
19098 
19348 
20433 
21503 
21881 
22929 
22952 
23731 
25928 
26248 
26464 
26599 
28188 
28389 
28769 
30140 
30382 
31642 
32230 
35935 
37145 
37379 
38937 
39251 
41455 
42838 
43247 
49131 
50216 
51221 
54468 
58297 
60932 
61765 
62782 
63414 
63421 
65479 
68755 
75532 
75592 
76153 
76564 
76593 
77488 
79038 
80856 
82773 
90863 
92475 
93008 
93011 
94178 
96975 
97453 
97841 
98941 
99490 
99634 
101304 
103272 
1625 
2033 
3008 
4031 
7465 
8448 
11412 
11863 
12965 
13665 
13957 
14260 
15171 
16556 
18134 
18425 
24426 
28079 
28521 
29088 
29659 
31159 
32331 
33832 
37559 
37948 
39870 
40740 
46865 
49639 
49765 
52030 
53693 
59368 
61395 
64039 
64323 
65098 
71983 
76223 
77236 
77563 
77866 
81737 
83374 
83945 
84936 
85139 
85223 
86424 
87793 
91113 
92756 
92860 
95909 
96978 
97462 
97898 
98717 
99588 
101093 
101923 
102496 
103417 
1191 
2513 
4608 
6134 
6935 
7492 
8574 
9448 
10311 
10342 
16053 
18755 
22068 
23473 
23561 
23728 
23807 
25773 
26089 
26864 
28232 
29628 
29932 
31402 
31424 
33148 
34394 
37022 
38746 
41171 
44523 
46536 
51195 
53776 
54589 
54919 
55755 
57183 
58498 
59788 
64367 
67989 
69404 
70933 
72152 
72558 
74405 
75123 
75616 
75751 
75887 
79080 
81644 
82085 
82112 
85073 
85550 
86007 
90250 
90369 
91311 
97026 
98369 
99409 
99970 
100885 
101544 
101926 
102890 
103034 
66 
623 
1673 
6397 
12704 
16409 
19269 
20445 
21298 
21674 
21778 
24265 
24461 
25105 
26825 
28128 
29512 
30976 
32287 
32362 
32660 
34409 
35309 
36763 
37286 
39922 
40282 
43741 
47102 
49550 
50997 
53238 
53324 
54781 
57072 
58227 
59108 
63388 
63627 
65843 
66051 
66933 
67175 
68103 
68592 
69283 
73264 
73657 
75307 
77834 
79149 
83260 
83660 
83845 
85604 
86829 
88092 
88959 
91874 
92590 
94138 
95987 
96270 
96327 
99626 
100416 
100653 
100814 
102774 
3501 
6818 
7926 
13699 
14743 
15434 
15820 
16648 
18423 
24333 
28493 
30119 
31074 
31575 
33415 
36022 
36276 
37370 
42391 
43110 
43186 
45684 
46046 
47075 
49743 
50509 
56585 
56916 
57753 
59863 
63242 
65143 
68256 
68899 
70789 
71294 
71605 
72873 
75540 
78965 
78975 
80677 
81040 
84311 
84862 
85351 
88562 
88735 
88846 
89310 
89382 
91497 
92474 
95171 
96056 
97113 
97636 
98167 
99372 
100303 
103814 
1077 
1289 
1734 
2454 
2605 
4958 
5818 
6027 
6699 
8169 
8252 
8455 
11533 
14642 
16062 
16109 
22115 
30036 
30316 
30668 
31155 
32103 
39656 
41088 
42530 
44863 
45173 
46019 
47152 
49856 
52566 
54256 
54849 
57527 
58290 
60934 
61175 
61525 
62538 
64520 
65129 
65139 
65159 
65913 
68133 
70811 
71947 
72464 
74768 
80799 
81006 
81793 
82926 
83341 
86630 
87976 
88224 
94861 
96208 
96982 
101145 
2540 
2956 
7765 
9351 
11266 
12210 
18096 
22051 
22950 
23958 
25392 
27217 
27854 
29817 
30290 
32713 
33665 
34456 
35743 
38333 
40481 
41488 
43263 
44896 
46348 
46915 
48205 
48528 
48716 
52282 
53426 
54215 
54594 
56897 
57750 
60821 
63570 
65338 
66843 
67977 
69985 
72120 
75260 
75431 
78436 
78972 
80195 
81744 
84013 
86632 
86735 
93827 
96909 
97660 
102868 
788 
1266 
6575 
7911 
8226 
9916 
10060 
11261 
12342 
16005 
16435 
18323 
18418 
21842 
25179 
26987 
27181 
28737 
33375 
33632 
35717 
36408 
36970 
37269 
38263 
39723 
40328 
40940 
43034 
43679 
43754 
44135 
44578 
46209 
47202 
47427 
48396 
48588 
50219 
50702 
51965 
52525 
52912 
54651 
55047 
55605 
56419 
58742 
59978 
60324 
63837 
66657 
68853 
69121 
69348 
70304 
70785 
71754 
73119 
73745 
74252 
74823 
77961 
78034 
78208 
78421 
78762 
78936 
79179 
79431 
81393 
86354 
88650 
90493 
92631 
93091 
93208 
96859 
98435 
98856 
100384 
101687 
103670 
103806 
104057 
2590 
4091 
4186 
5131 
8373 
10147 
14822 
15506 
15994 
17880 
19461 
21076 
23275 
23383 
24015 
24266 
26802 
28228 
31500 
33388 
33548 
35223 
36190 
36991 
37299 
40204 
41119 
44126 
48936 
49658 
53869 
57304 
59395 
60616 
60686 
61219 
64646 
65172 
66222 
69979 
70836 
72996 
73641 
73788 
73855 
74409 
79398 
80455 
80658 
82073 
83928 
86045 
87848 
88465 
89643 
92411 
93625 
97567 
99378 
131 
1612 
3495 
3868 
6483 
7857 
14890 
16016 
18253 
18634 
19821 
21736 
22364 
22633 
24931 
33168 
34332 
35798 
36872 
38335 
41529 
42324 
47378 
47865 
47869 
48105 
49111 
49771 
51158 
52063 
52598 
52962 
53299 
57220 
57619 
57782 
58320 
58622 
60704 
61249 
63193 
63265 
63333 
66332 
66672 
67412 
69055 
70283 
70390 
71161 
71756 
73373 
75175 
77291 
77376 
77428 
80085 
80253 
80795 
82665 
84003 
84490 
84892 
90703 
92295 
92606 
93499 
93980 
94730 
95373 
96839 
100038 
100529 
101275 
103264 
507 
3492 
7039 
7277 
8369 
12225 
12997 
13581 
15605 
16398 
17295 
17944 
18204 
20102 
20239 
20615 
22427 
23460 
23709 
24443 
25863 
25877 
26934 
27549 
28966 
29215 
29554 
29623 
30962 
31711 
32245 
35206 
36300 
36478 
39626 
42338 
44142 
44506 
46921 
48830 
49514 
50585 
52198 
52208 
57488 
59065 
59979 
61578 
65055 
65631 
66708 
69521 
70111 
72141 
73215 
73750 
74318 
75430 
75661 
75954 
76150 
78224 
79457 
80149 
80911 
81512 
81819 
84072 
84328 
84382 
84777 
85032 
85417 
88771 
92663 
96095 
96138 
96889 
101590 
813 
1034 
2117 
3165 
4119 
6094 
7326 
8454 
8570 
14520 
16542 
16939 
20931 
21512 
22525 
23120 
25065 
25249 
26168 
26337 
27332 
28353 
29584 
33981 
35049 
36122 
41723 
41727 
42716 
43396 
44832 
45154 
47723 
47735 
48391 
48517 
48587 
49130 
54832 
57362 
58107 
58606 
62783 
63340 
64603 
65600 
66151 
66671 
71724 
72598 
76914 
79785 
79922 
80388 
80469 
82184 
86230 
86273 
86945 
87011 
88203 
93993 
95940 
97783 
1047 
1257 
1632 
3068 
4574 
5659 
8251 
8408 
8845 
11475 
12176 
12708 
14024 
14472 
16121 
16443 
18183 
19919 
21392 
22779 
23704 
23729 
23733 
24302 
26726 
26969 
28460 
28937 
31213 
33239 
33322 
34252 
34880 
36453 
38099 
39575 
40603 
41515 
45399 
46730 
48211 
49236 
53706 
54420 
56234 
57912 
69008 
71217 
74245 
76756 
77566 
79640 
83999 
86336 
87343 
88002 
88347 
88691 
88822 
89044 
90549 
93097 
93224 
94995 
95142 
97165 
98997 
99520 
100095 
100545 
100786 
102471 
103835 
1390 
4677 
6978 
7813 
9375 
10848 
11062 
11066 
11511 
12460 
13182 
13413 
14751 
17375 
22249 
23838 
25502 
27578 
28069 
28861 
29782 
32717 
32758 
34513 
35920 
36600 
36905 
41337 
41570 
41915 
42191 
42270 
42691 
44186 
45262 
48498 
48596 
50813 
51496 
51534 
52464 
52731 
54240 
55068 
57378 
57536 
57706 
58094 
59684 
63399 
67232 
68160 
69068 
69310 
75191 
76995 
78379 
80192 
80640 
82318 
83567 
83721 
84300 
84303 
85792 
86305 
89614 
91134 
93551 
95563 
96662 
97109 
98579 
99170 
102578 
815 
997 
1081 
2543 
3241 
4039 
10319 
12575 
14857 
15414 
15811 
15865 
16613 
16981 
18091 
19528 
20755 
26836 
26988 
28495 
29142 
31018 
31048 
32936 
34496 
35674 
37765 
38539 
39091 
46197 
48404 
49120 
50078 
51004 
52130 
52457 
52823 
53686 
54050 
57022 
58004 
59384 
60147 
62502 
62563 
64117 
64667 
65361 
69211 
70500 
70639 
74485 
74854 
76766 
82233 
86507 
88949 
89238 
89340 
89983 
95300 
98266 
99779 
100515 
102710 
103249 
103636 
1861 
3227 
5216 
6412 
10942 
11561 
11876 
12616 
14352 
17854 
18069 
19962 
26324 
26452 
29905 
30429 
30995 
31928 
34227 
37795 
38213 
39232 
41617 
42467 
43314 
44127 
45303 
46245 
47548 
48065 
48474 
52524 
57929 
58246 
58542 
59140 
60730 
62541 
62550 
67556 
67589 
69767 
73117 
75385 
76773 
77611 
77823 
78718 
79693 
81089 
83387 
84728 
86789 
88736 
88794 
88840 
89138 
89922 
90038 
90705 
91471 
93034 
93212 
98794 
99399 
100262 
101921 
101950 
102232 
2759 
3007 
4269 
6872 
7080 
9781 
10332 
12919 
14272 
14613 
16720 
17441 
17820 
20365 
20748 
21846 
24025 
26415 
27686 
28444 
33185 
36514 
36688 
38459 
38647 
40052 
42413 
42942 
45186 
47115 
48628 
48949 
51806 
55787 
58980 
62113 
62720 
62944 
66218 
67052 
67195 
71472 
72890 
73691 
75488 
78940 
79118 
82478 
83017 
89930 
90392 
93174 
94653 
95144 
96005 
96428 
97581 
97711 
98357 
99805 
99830 
100411 
101383 
101621 
101696 
380 
956 
1550 
5783 
6075 
6859 
9036 
9072 
13736 
14183 
14673 
17722 
19081 
20808 
24653 
26363 
28645 
29019 
29545 
29668 
29901 
31911 
33850 
34715 
35757 
36146 
36149 
38756 
39697 
40647 
41379 
41963 
43207 
48090 
49623 
50465 
53638 
55090 
56030 
57367 
60318 
61859 
62491 
63169 
64126 
64470 
64609 
66650 
67178 
67746 
70602 
70926 
72471 
73165 
75274 
75867 
77229 
77278 
81244 
82737 
82776 
85926 
86444 
86939 
91429 
92775 
93476 
94445 
95700 
97219 
101046 
101077 
339 
2020 
7308 
9325 
11606 
14005 
14135 
16494 
16569 
19217 
21918 
25342 
25532 
26013 
27363 
27783 
28669 
29822 
31066 
31901 
32937 
33787 
34229 
34640 
38368 
39767 
39808 
40899 
44558 
45608 
46626 
47750 
48468 
49212 
51637 
52664 
53074 
53192 
55276 
56648 
61615 
62539 
67177 
67874 
70387 
73665 
73937 
74873 
75087 
77014 
79266 
80537 
80754 
80984 
82306 
87329 
89498 
89746 
90136 
90224 
90752 
91839 
92790 
96002 
98811 
101467 
102457 
671 
2270 
3160 
3274 
4995 
7013 
7086 
8931 
11089 
11514 
12504 
13030 
14605 
15791 
18081 
20061 
20165 
20700 
21622 
23361 
28311 
28944 
30609 
34895 
37150 
37777 
38347 
38428 
39847 
40376 
41536 
41620 
42905 
43156 
45741 
46388 
48837 
52616 
53662 
55855 
57303 
59061 
69154 
69391 
69747 
72025 
72029 
72965 
74614 
74967 
77401 
79603 
79868 
79890 
80119 
81151 
83385 
86310 
87325 
88823 
90279 
91263 
91691 
93387 
93909 
94591 
95024 
96531 
96752 
97586 
98225 
99468 
100195 
102357 
102431 
102708 
103051 
303 
783 
1575 
2093 
2345 
4156 
4706 
5642 
5933 
9337 
9994 
14163 
16317 
16886 
17005 
17346 
17546 
18109 
18492 
18809 
19224 
19952 
21661 
23432 
23509 
25984 
29622 
30175 
31116 
32992 
36103 
36556 
36780 
38206 
39489 
43220 
43875 
44957 
47245 
49568 
51283 
51763 
55273 
57296 
57656 
58626 
59749 
61277 
62734 
63243 
66377 
68465 
72115 
72654 
72835 
72916 
75361 
75999 
79242 
80794 
83626 
85008 
85833 
86202 
88350 
90766 
91282 
91418 
93833 
97432 
100797 
103589 
1887 
4681 
4893 
7053 
8000 
9152 
9323 
9405 
12573 
13088 
18686 
19495 
19820 
20898 
22769 
23758 
23978 
24317 
25949 
28008 
28192 
30320 
31502 
33212 
33567 
34522 
34638 
35326 
47134 
47687 
50222 
51887 
52975 
53300 
53915 
54004 
54339 
55902 
58672 
61031 
63528 
63892 
64132 
64684 
68979 
69832 
71213 
73586 
74392 
74832 
79332 
81237 
81722 
82769 
83768 
84244 
84660 
85172 
85456 
85571 
87038 
87130 
87777 
89172 
91715 
97726 
98271 
98785 
103920 
112 
207 
672 
1127 
1353 
2526 
3194 
3287 
3320 
5740 
7794 
8035 
8079 
8087 
8930 
10166 
11316 
11854 
12982 
13707 
15160 
15440 
15552 
16663 
18449 
18920 
20191 
21760 
23827 
24561 
25172 
25241 
26458 
26469 
27916 
30185 
30746 
30791 
32286 
32656 
33277 
34294 
34501 
34865 
36818 
37773 
38965 
39518 
39890 
42725 
44983 
49196 
49283 
49754 
50121 
51131 
51885 
54335 
55323 
56722 
58555 
62710 
63642 
65210 
67250 
67253 
68681 
68901 
69156 
69685 
69707 
71414 
74305 
76461 
79153 
80545 
82456 
82622 
85063 
90844 
91987 
96141 
96342 
98430 
99436 
99458 
100445 
101354 
422 
1588 
3657 
4811 
5304 
5789 
9931 
12477 
14147 
15118 
15949 
17897 
17982 
18103 
18711 
20711 
22171 
22627 
23291 
24330 
24548 
25475 
28990 
30801 
31170 
31702 
31824 
32918 
33463 
34038 
34799 
37388 
38673 
40380 
46148 
46791 
47843 
48039 
49952 
52280 
52815 
54576 
55262 
56231 
56642 
57483 
58572 
59557 
59909 
60154 
60398 
60517 
61245 
61314 
62936 
63509 
67846 
68471 
70924 
74055 
75521 
76657 
77631 
77775 
79095 
82313 
83042 
85263 
89809 
90052 
92814 
93672 
94970 
95515 
98399 
100527 
101004 
101202 
103295 
1114 
1286 
7191 
7496 
7707 
8417 
8420 
10628 
12572 
13282 
13419 
14137 
14977 
15188 
16371 
17434 
19661 
20552 
21140 
21586 
24168 
24639 
24751 
29609 
31537 
34079 
36155 
36208 
38164 
40154 
45274 
48137 
48664 
48934 
50463 
51944 
52663 
53444 
53729 
54742 
56620 
56725 
58594 
59302 
62596 
62693 
63268 
64320 
70000 
70381 
72080 
74045 
75055 
75216 
75408 
75709 
77555 
78386 
78783 
80631 
80905 
82421 
82439 
85147 
85881 
86573 
87242 
87889 
88922 
91919 
92037 
92956 
93413 
95501 
99767 
100567 
103274 
969 
1678 
1735 
2224 
3744 
4464 
5621 
6722 
7137 
10544 
10696 
10748 
12155 
13727 
16735 
18084 
19284 
21581 
22258 
23925 
25439 
25446 
25854 
26386 
26910 
29938 
30574 
31943 
32429 
32949 
33113 
33221 
33355 
36746 
38583 
39588 
40412 
42964 
43099 
44721 
46154 
46751 
48756 
50385 
51082 
51189 
55202 
55607 
57556 
59121 
59586 
61881 
62769 
65898 
66264 
66575 
66883 
69288 
69988 
70619 
72703 
73525 
73915 
75775 
76293 
78087 
79814 
80619 
81908 
83053 
83550 
84496 
84599 
85701 
85846 
85963 
86034 
86410 
87216 
92235 
93684 
94328 
95499 
96187 
97062 
98350 
99354 
100482 
27 
149 
630 
943 
2496 
3213 
7566 
7622 
11248 
11344 
14129 
15777 
17048 
17930 
18888 
20587 
21992 
22477 
27289 
29483 
29537 
30978 
31004 
31715 
33024 
35945 
36102 
37037 
38707 
43356 
43579 
48767 
50886 
54140 
58300 
58484 
59026 
59112 
60530 
61974 
62872 
63550 
63784 
64400 
64534 
64938 
68217 
69301 
74619 
78082 
81367 
81578 
81912 
83641 
83811 
84684 
85342 
88194 
88394 
89004 
89707 
91208 
92063 
92206 
92240 
93947 
94325 
94564 
97510 
97515 
97585 
97796 
100793 
101263 
101420 
101711 
102459 
103676 
103867 
41 
5399 
9120 
19477 
23045 
23626 
25909 
26252 
26586 
27974 
28078 
28804 
29185 
30272 
32357 
33521 
33834 
34249 
34557 
35058 
37459 
39469 
40516 
41161 
42183 
42692 
43062 
43262 
44405 
44763 
45201 
45870 
49128 
50386 
50394 
51174 
52399 
52989 
54544 
54689 
64635 
64908 
68334 
68510 
68811 
69402 
69620 
70170 
71939 
72977 
73773 
75883 
76303 
77027 
77303 
77543 
79172 
79253 
81052 
81636 
83960 
84818 
85690 
86418 
87532 
89781 
90032 
90735 
92281 
92501 
92831 
93106 
96406 
97941 
98326 
102679 
1802 
8385 
9485 
13373 
15681 
15934 
20169 
28921 
30693 
37083 
42824 
42922 
43431 
44614 
51567 
51646 
53786 
54948 
60115 
62434 
68417 
71127 
73538 
74720 
80298 
96414 
101162 
101904 
29596 
75880 
81364 
24127 
45820 
26153 
29410 
66974 
101473 
78050 
99930 
66225 
8628 
49609 
10203 
18981 
102233 
89069 
26780 
23112 
81455 
64838 
60512 
15255 
4353 
4288 
59223 
72434 
101261 
28899 
79602 
35382 
41897 
30983 
22519 
89468 
41586 
123 
77227 
35014 
72234 
74441 
4478 
6693 
23555 
24842 
27588 
28858 
29025 
30104 
30337 
33137 
40167 
41087 
42815 
51328 
54966 
61567 
63884 
65893 
67358 
68744 
73106 
74520 
82993 
85793 
94509 
94758 
101989 
168 
510 
4053 
4537 
4634 
19439 
20160 
23321 
25950 
26127 
26847 
28357 
30541 
31383 
34320 
34574 
35032 
35610 
36279 
37252 
40779 
42018 
42575 
43052 
43288 
44947 
45524 
48884 
49223 
49659 
50765 
54755 
54974 
55635 
57778 
59760 
60891 
61863 
63272 
67624 
69177 
70683 
71412 
71681 
71793 
72758 
77783 
81541 
82353 
83591 
85358 
87651 
87754 
88327 
88450 
89624 
90113 
90696 
91834 
91859 
92084 
92466 
93475 
93760 
95704 
96557 
102455 
2741 
4071 
4485 
4592 
4989 
6256 
8363 
11432 
12349 
12781 
16204 
17262 
17494 
17843 
18391 
18923 
22716 
25116 
26167 
29965 
30676 
33350 
33505 
34733 
35132 
37141 
40528 
41612 
41661 
43664 
45703 
47087 
49022 
51071 
51861 
57802 
60479 
60683 
60699 
61814 
62313 
64392 
67567 
73782 
73824 
73914 
75112 
77251 
78054 
78199 
78382 
79058 
80958 
83255 
85059 
87871 
89288 
93051 
97073 
97914 
98012 
99110 
100870 
103617 
1006 
2678 
3559 
4720 
8703 
10818 
12074 
15073 
15637 
16987 
18206 
22303 
24396 
24799 
26376 
33384 
35575 
35830 
40607 
40681 
41660 
42489 
42741 
42991 
43377 
48341 
48983 
50207 
51227 
58331 
60230 
62796 
65218 
67756 
69944 
70349 
75363 
76940 
81028 
82029 
82500 
86661 
86982 
87068 
87370 
88362 
93032 
93168 
95022 
96040 
97451 
99561 
100340 
101796 
102590 
103737 
3065 
7146 
10697 
10717 
11964 
13514 
15342 
17105 
18480 
18598 
18745 
21885 
23371 
23883 
25054 
27589 
28927 
30952 
31979 
32001 
33812 
38471 
39357 
40630 
40727 
43454 
44623 
47417 
48813 
49109 
53464 
53925 
54161 
56242 
58492 
59008 
60328 
61783 
68073 
68772 
72255 
73443 
73774 
74878 
77537 
77910 
78372 
79485 
79935 
81932 
82959 
84025 
84876 
86239 
87730 
88540 
94796 
95827 
95973 
97942 
98906 
98931 
99014 
99138 
99736 
101487 
102075 
102482 
103550 
554 
1031 
1708 
6017 
9939 
10048 
15963 
16802 
16935 
17047 
17309 
18468 
20375 
24911 
25244 
26980 
27864 
29774 
32444 
34135 
38150 
39327 
42332 
45324 
45729 
47466 
48570 
50180 
50289 
51482 
52800 
53136 
53881 
55545 
59737 
62385 
65219 
68215 
68889 
69424 
70567 
73296 
73903 
75609 
76038 
77629 
79385 
82007 
82942 
86351 
87645 
89723 
92779 
97605 
103092 
103374 
5746 
7472 
8593 
12749 
14361 
15190 
16521 
17496 
17884 
18269 
19568 
24230 
24450 
24933 
25797 
27157 
28036 
28473 
28867 
29826 
31238 
33295 
34272 
37124 
39147 
40730 
49889 
51240 
54553 
55850 
57028 
57602 
59440 
65299 
65580 
67337 
67982 
69370 
70254 
71751 
71839 
73462 
78225 
78799 
81053 
82045 
82141 
88687 
93640 
94230 
94610 
97194 
98122 
99461 
99515 
99583 
99822 
101299 
101412 
954 
4796 
5671 
6039 
9101 
10705 
11727 
18454 
22496 
22755 
23401 
27138 
28055 
28595 
30084 
32980 
44075 
46968 
50978 
57121 
60408 
63065 
63600 
65083 
67679 
70564 
70579 
71305 
71404 
74420 
80223 
80401 
80577 
83416 
85998 
86587 
92552 
93019 
94329 
97825 
101291 
102416 
103157 
823 
890 
3168 
6799 
7000 
7233 
12623 
13768 
14985 
15732 
17279 
17960 
18767 
19170 
20293 
21001 
21852 
24071 
25377 
27626 
28510 
30181 
32534 
34086 
34645 
34983 
35901 
36210 
37231 
41769 
42787 
43445 
47876 
48986 
50529 
51388 
53522 
55798 
56310 
56641 
56749 
59261 
59622 
60124 
60868 
61504 
63910 
66129 
67053 
69459 
69833 
70843 
71097 
71187 
71993 
73376 
74738 
81820 
82241 
82772 
83304 
83541 
86672 
87362 
87958 
89405 
95031 
95050 
95653 
101616 
103179 
976 
2608 
3341 
4142 
7462 
8016 
9627 
10053 
10909 
12809 
12870 
15461 
19569 
19602 
20500 
22192 
22949 
26193 
26438 
28779 
32785 
37694 
37711 
37744 
38831 
41500 
47824 
50189 
53082 
54015 
54084 
59564 
61675 
62277 
69726 
70976 
72202 
76285 
77065 
77454 
77646 
78967 
79096 
82035 
82091 
83043 
85447 
86970 
87466 
87796 
90428 
92618 
93012 
94931 
95228 
95256 
95778 
97071 
656 
1429 
3368 
4734 
13470 
15606 
17006 
18487 
20597 
20678 
20681 
24320 
24566 
25063 
25464 
30273 
32305 
32672 
34127 
36262 
36388 
37632 
37802 
39806 
40045 
40716 
43124 
43370 
48392 
52624 
61677 
62001 
62461 
63905 
64154 
64295 
64823 
69053 
69093 
70721 
70841 
71687 
72474 
73395 
73435 
73778 
76676 
78412 
78505 
79780 
80121 
80485 
81699 
81942 
82040 
83717 
84580 
84735 
85302 
85671 
87589 
89474 
90085 
91284 
93569 
94782 
95062 
96805 
97684 
98607 
100533 
101584 
103731 
966 
1295 
2112 
3938 
4259 
6881 
9904 
11068 
13394 
16290 
22293 
24485 
24570 
26992 
27631 
28068 
28874 
30812 
34829 
34867 
37055 
37101 
37470 
38073 
42353 
43838 
43929 
46859 
47199 
48495 
48952 
48995 
49229 
50828 
52963 
55501 
57179 
59804 
61499 
62585 
62746 
63963 
65169 
66108 
66539 
68286 
68348 
69607 
70298 
70894 
75442 
76934 
77420 
79237 
79541 
80106 
83165 
93486 
94089 
95574 
97548 
98172 
99460 
103696 
1009 
1111 
2043 
2779 
8245 
8831 
9073 
9338 
13055 
13331 
14046 
17728 
21729 
21922 
23857 
24053 
30971 
32815 
33292 
35024 
35180 
35453 
38640 
39335 
41566 
42477 
46037 
47726 
48156 
49239 
49358 
50507 
51614 
51963 
52544 
53752 
57528 
58270 
61118 
61437 
62046 
63859 
63909 
63993 
64336 
64383 
67373 
72479 
74237 
74588 
75487 
76690 
78731 
79415 
79579 
82912 
84240 
88418 
92900 
94264 
97196 
98113 
101358 
102451 
103560 
103728 
103963 
794 
1059 
1581 
2045 
2870 
5559 
5830 
7523 
7786 
8007 
8132 
8173 
8700 
11732 
13004 
16026 
16205 
18883 
19250 
20157 
21300 
22467 
23110 
23245 
23881 
28040 
28896 
30938 
30977 
31053 
32050 
32921 
35585 
39179 
41225 
43105 
45271 
47844 
51583 
51688 
52064 
53230 
53637 
54588 
58014 
60833 
61059 
64588 
66930 
69202 
69403 
71851 
74582 
78254 
78590 
82213 
82932 
82958 
83465 
83971 
84225 
85485 
85907 
86741 
86780 
87148 
87536 
88484 
90239 
91548 
94444 
94449 
96289 
100272 
101936 
102450 
102614 
102719 
103905 
104015 
104024 
1785 
2009 
3671 
9705 
14054 
21924 
22057 
22835 
24982 
25971 
27687 
28184 
29147 
30027 
33445 
35868 
38660 
42736 
43494 
43774 
44300 
49359 
49392 
53490 
54311 
55360 
59536 
61043 
61751 
62082 
62148 
64615 
67122 
69022 
81033 
82150 
88235 
91286 
96846 
99750 
101107 
103396 
290 
2813 
3652 
3842 
5093 
5914 
6193 
14776 
14886 
16136 
17218 
19560 
22346 
22820 
24143 
24496 
26441 
30263 
35232 
42395 
42542 
43296 
43485 
44477 
46100 
46442 
51978 
53119 
54513 
58035 
59119 
62413 
63192 
63514 
64548 
65989 
69017 
69038 
69223 
71236 
71883 
73575 
74478 
77711 
78163 
81888 
82257 
83325 
83659 
84287 
84444 
84669 
84843 
85765 
86370 
86806 
89812 
90214 
90847 
92480 
97930 
98609 
98831 
101418 
102297 
102606 
102820 
103278 
1978 
3147 
3626 
3782 
5925 
7681 
8639 
9458 
10907 
13361 
15731 
16271 
18144 
19320 
21422 
21514 
21956 
22225 
24750 
27717 
28130 
28452 
31214 
32076 
36194 
36963 
40356 
41589 
41673 
44473 
44533 
44713 
45850 
46279 
47428 
50556 
50569 
50869 
50977 
51090 
59624 
60758 
61524 
63666 
64009 
64405 
67573 
70001 
72545 
75068 
78409 
81335 
82627 
83276 
83672 
89732 
92161 
93033 
93117 
94236 
94400 
97982 
98046 
98995 
99272 
99282 
101843 
102539 
179 
1150 
1384 
1836 
2704 
3152 
3953 
4201 
5293 
6409 
9930 
11070 
15613 
15721 
15775 
15880 
16549 
17432 
17471 
18527 
22761 
30919 
33993 
37878 
41828 
46413 
46784 
53264 
55791 
59899 
64411 
65722 
69333 
69883 
70160 
71230 
79898 
83998 
84844 
85474 
89467 
91237 
91518 
92770 
94365 
95212 
99565 
101793 
102380 
457 
1010 
2883 
3467 
3839 
4095 
5734 
6826 
8239 
15084 
17223 
20519 
21021 
21698 
22053 
22431 
23949 
24993 
25766 
25899 
27065 
29462 
30055 
30848 
33029 
33213 
33970 
34499 
36217 
36505 
38934 
48580 
51305 
57748 
60375 
60489 
61970 
63209 
64082 
66409 
67478 
68430 
72468 
73267 
76524 
76553 
77125 
78320 
78763 
80154 
80213 
80731 
84168 
84831 
85312 
85770 
86248 
86486 
87727 
90959 
91450 
97126 
97707 
101986 
6270 
6619 
7396 
9776 
11139 
11989 
12454 
13520 
16708 
18835 
24052 
24386 
24556 
25166 
25551 
27099 
32017 
32555 
33976 
37836 
38743 
40494 
44140 
44618 
47054 
47712 
54058 
59350 
61455 
62094 
62261 
65108 
65958 
67410 
67689 
70318 
71211 
72815 
74754 
75640 
76188 
76439 
78829 
81074 
81685 
82400 
82753 
88260 
88293 
94717 
94797 
96170 
99011 
100391 
474 
2353 
2470 
2714 
3475 
4912 
5116 
5297 
13519 
13552 
19729 
19796 
22387 
23813 
25141 
28726 
29676 
30564 
31268 
32111 
34937 
35203 
38547 
39340 
39497 
39741 
40538 
41858 
41860 
42244 
44219 
46274 
47553 
51417 
53419 
54108 
54511 
55231 
59418 
59956 
61759 
64649 
67830 
69213 
69656 
69760 
69799 
70236 
71254 
74439 
78963 
82654 
82738 
83123 
83167 
84080 
84166 
86928 
91821 
91856 
92855 
94223 
95196 
95953 
96039 
96114 
98109 
100162 
320 
1426 
6360 
7109 
7594 
9388 
9743 
9849 
12823 
15444 
18358 
19169 
20800 
20873 
21663 
24420 
25665 
26506 
28123 
29642 
33867 
34676 
38564 
41764 
44626 
45038 
45131 
45841 
45895 
51369 
51918 
52376 
55911 
59735 
63233 
63544 
64134 
65557 
67020 
71800 
72540 
72607 
75745 
75989 
82596 
86005 
86761 
88349 
89391 
89972 
90339 
92876 
97043 
97053 
97311 
98484 
100070 
101409 
103369 
1707 
2551 
5957 
9883 
10134 
11274 
11302 
11949 
15044 
15510 
15572 
17706 
17821 
19525 
20803 
21397 
22876 
26254 
29119 
29943 
31183 
33616 
34801 
35651 
35780 
36592 
37654 
38790 
42010 
42071 
42952 
46441 
46914 
49462 
49749 
49923 
53414 
53646 
54391 
59712 
61950 
66571 
76955 
77111 
77812 
78575 
81772 
83813 
85204 
85925 
87327 
87528 
88461 
89888 
90578 
91080 
92959 
93255 
93580 
94147 
96542 
96553 
97229 
99518 
100973 
101147 
103484 
103585 
312 
3014 
4907 
6951 
7807 
10037 
11917 
12061 
13775 
15545 
15957 
16155 
18111 
18141 
20141 
20419 
21037 
22717 
27098 
28798 
32697 
34105 
35530 
35624 
38588 
41166 
47358 
48232 
51207 
51713 
52313 
55612 
60413 
61430 
64372 
66969 
67249 
67548 
67749 
71926 
73667 
74981 
77347 
80859 
82279 
84805 
89173 
90321 
92034 
92627 
93509 
94184 
94662 
95266 
96471 
96929 
99050 
100922 
103112 
144 
1319 
1524 
1585 
2809 
3185 
3651 
6561 
7342 
7616 
10391 
11772 
14959 
16393 
16973 
19167 
20728 
22262 
22796 
23498 
23863 
25042 
28526 
32346 
34614 
35196 
35800 
36370 
36640 
37184 
38000 
47584 
49094 
50120 
51258 
51681 
52378 
57721 
58008 
58390 
59453 
59628 
60119 
62447 
62950 
63732 
65498 
66093 
66182 
74039 
74100 
75021 
76472 
80896 
81692 
82582 
84136 
84476 
85136 
88280 
89909 
92428 
93775 
98356 
98571 
99662 
100435 
100737 
101029 
1277 
1420 
6073 
9986 
10184 
10707 
14249 
15764 
15784 
17018 
18232 
20326 
21082 
23663 
26205 
26212 
26340 
27927 
28681 
29590 
33410 
34766 
39421 
40034 
40293 
41960 
42151 
43385 
44364 
47569 
48119 
53317 
53439 
55610 
56522 
57044 
57086 
59015 
60255 
63573 
64359 
65286 
68477 
71440 
72196 
72967 
73050 
79834 
81914 
83194 
83952 
89381 
90091 
92356 
92699 
94037 
94515 
94544 
95259 
95787 
101272 
863 
2085 
2996 
3060 
11489 
11556 
14340 
17082 
19164 
20030 
20531 
21967 
24621 
28656 
30491 
32446 
36805 
37360 
41096 
41659 
43451 
47778 
50203 
50752 
57343 
58337 
62350 
64350 
64362 
75174 
77757 
79591 
84293 
87717 
90906 
91328 
91883 
92265 
98170 
100355 
101929 
634 
1115 
8196 
9199 
9999 
10804 
12088 
12384 
12602 
13116 
16072 
16847 
24571 
24860 
25820 
28687 
31036 
32127 
32477 
34121 
35301 
40085 
42099 
43755 
44306 
45316 
48358 
49960 
52264 
52438 
55051 
57261 
59337 
60070 
60367 
62466 
63005 
63468 
64591 
64622 
65914 
66900 
67620 
69652 
70845 
72195 
72281 
72799 
72816 
75413 
75666 
81072 
89958 
92982 
93600 
99048 
99714 
101397 
103002 
103427 
103851 
2889 
3526 
7752 
7805 
8458 
9385 
11549 
15653 
17013 
17558 
18552 
19178 
19985 
21293 
21548 
22243 
22420 
24217 
25278 
25747 
28271 
31866 
32313 
33235 
33754 
34264 
35261 
36413 
36662 
37280 
40627 
40865 
41507 
43874 
43926 
43999 
45769 
45842 
55461 
59793 
61288 
63670 
64934 
71288 
71765 
72522 
72841 
75334 
75799 
77237 
78896 
79830 
80250 
82153 
85951 
87212 
89647 
90042 
90813 
92976 
93843 
94022 
96794 
100236 
100433 
101113 
1288 
2067 
3446 
5339 
7643 
7876 
8892 
10875 
11955 
12217 
12871 
14997 
17347 
19945 
21853 
22287 
22328 
22948 
23372 
23454 
25844 
33050 
34756 
36822 
37177 
38356 
39450 
40659 
41829 
45473 
46142 
49853 
53440 
53643 
55794 
56375 
56536 
61909 
61947 
64366 
64861 
65470 
66583 
69123 
70676 
71458 
77881 
78113 
79027 
81415 
84142 
88743 
89097 
91026 
92270 
92743 
93093 
98680 
101326 
103342 
3988 
9451 
9959 
10903 
18398 
21905 
22527 
22732 
23318 
26437 
27478 
27605 
27708 
29456 
29743 
29861 
33270 
38558 
38846 
41714 
42118 
42221 
44893 
47760 
48892 
49118 
52157 
53812 
56313 
59294 
59693 
60858 
63154 
65365 
65367 
65578 
67010 
68283 
69412 
72450 
73595 
75393 
75971 
76557 
76865 
79340 
79446 
80011 
80267 
83258 
83299 
87951 
89088 
90606 
90665 
93586 
94437 
95738 
96303 
96892 
97560 
98603 
100443 
145 
484 
1756 
1867 
2823 
5480 
6579 
7304 
7994 
13715 
13795 
13901 
14388 
14781 
15795 
16465 
17307 
17826 
20093 
22901 
23099 
23142 
29974 
32073 
33011 
37974 
38609 
40509 
40801 
43517 
43984 
44776 
45803 
47950 
48540 
50020 
50781 
51478 
55069 
55677 
55754 
56488 
58944 
59469 
59892 
62986 
64029 
64293 
70068 
71343 
71818 
72088 
72326 
73922 
74389 
75031 
78330 
78591 
79660 
84241 
86852 
87504 
89611 
90433 
91892 
97322 
99141 
100543 
100688 
102068 
5011 
10310 
11293 
12443 
16258 
17791 
19107 
21444 
21592 
21738 
23065 
23903 
25311 
28602 
29725 
31415 
33685 
36947 
37966 
41462 
41534 
46194 
46746 
47598 
47924 
49891 
50408 
51291 
52802 
54114 
54491 
55137 
55279 
56421 
57920 
59403 
59647 
59947 
62692 
64942 
65280 
68381 
70226 
70987 
70997 
73064 
73887 
75359 
77337 
80254 
82296 
82560 
84682 
87987 
90377 
91702 
93060 
93359 
101225 
102131 
102276 
103666 
643 
1232 
3874 
10371 
11621 
11758 
18422 
20575 
20894 
21792 
21834 
22780 
25230 
28604 
29275 
32011 
33391 
34447 
34956 
35099 
37919 
41079 
42490 
43294 
45547 
45724 
48940 
50776 
53900 
54249 
55460 
55708 
56194 
56489 
57133 
59111 
66666 
68896 
85031 
86063 
87614 
90537 
93257 
93506 
93508 
98597 
103965 
3252 
3434 
5211 
6255 
7017 
10830 
12765 
14775 
18026 
20004 
22828 
22997 
23968 
24264 
29615 
32877 
33083 
34410 
34478 
36768 
37240 
41205 
42364 
50519 
50551 
51361 
54177 
54529 
56129 
57853 
62879 
62903 
64778 
68015 
68436 
69350 
69967 
70274 
71783 
72855 
83794 
84914 
86256 
89458 
90451 
92408 
92459 
92826 
93323 
95871 
96578 
2201 
3560 
5708 
6056 
7131 
7283 
7767 
9551 
9603 
10427 
10874 
11189 
11219 
16525 
16692 
18837 
18904 
18980 
19413 
19698 
19734 
21072 
22984 
23613 
28992 
30958 
31441 
32307 
34739 
36326 
37419 
39168 
39561 
40567 
42192 
42534 
43826 
44143 
51493 
57509 
58665 
59192 
60507 
62704 
63620 
64888 
66617 
68254 
72933 
76085 
87710 
91240 
95947 
96686 
100432 
101965 
104009 
2949 
8545 
8685 
9997 
12206 
14406 
15196 
16902 
22016 
22094 
22331 
24927 
28544 
29055 
32290 
34381 
35241 
35675 
36251 
37481 
37784 
37845 
41216 
41907 
42017 
42030 
43586 
44819 
46451 
47060 
47304 
47525 
49074 
50464 
50783 
56131 
56847 
63042 
64432 
65910 
66647 
68179 
75030 
78705 
79393 
81482 
81539 
82443 
85923 
86585 
86924 
87110 
90870 
91207 
92916 
97182 
101884 
102689 
103545 
103657 
103993 
2177 
4465 
7132 
8764 
9330 
9526 
11218 
12998 
13370 
13977 
14397 
16828 
17199 
20884 
22404 
25693 
26405 
27232 
29980 
30017 
31279 
34098 
36005 
38298 
40521 
43707 
44539 
45915 
46713 
46981 
47608 
50118 
50277 
51628 
53588 
57793 
60534 
61006 
63464 
65565 
65627 
68959 
69505 
70576 
70952 
71956 
78753 
80788 
83254 
84866 
85603 
87101 
89696 
91605 
93388 
93662 
94218 
21 
679 
1443 
5242 
5563 
6463 
11386 
16843 
17457 
19812 
19955 
21722 
25701 
28475 
29351 
31756 
33280 
33381 
33738 
34046 
37033 
37069 
37500 
38078 
46956 
48592 
49407 
49725 
50634 
52543 
53689 
53716 
54361 
56105 
58809 
59949 
60056 
64282 
65248 
66535 
67110 
74490 
76808 
79655 
80452 
83887 
84075 
84277 
84939 
89795 
89855 
91656 
93296 
93385 
94465 
96387 
96658 
101535 
102918 
480 
2951 
7147 
9749 
15410 
18447 
27777 
28835 
29973 
31717 
32178 
33122 
35165 
36903 
37102 
46425 
48769 
49107 
51050 
53969 
55579 
58733 
58806 
59515 
61835 
62394 
64594 
65125 
67537 
73532 
74639 
74713 
75706 
79231 
85886 
87204 
87427 
90117 
91452 
93061 
95905 
97623 
99849 
100505 
101799 
3517 
7307 
8504 
12672 
13402 
13435 
17500 
17915 
18716 
18801 
19207 
20872 
25016 
26049 
27926 
28880 
32821 
33018 
33164 
36389 
37420 
37561 
43506 
43823 
44492 
47467 
50532 
53621 
53688 
55079 
56356 
57515 
58380 
60687 
60791 
62784 
66177 
67325 
68324 
71959 
71978 
74837 
76236 
83953 
84181 
87712 
88717 
88751 
91298 
92000 
94394 
94595 
97713 
101025 
101132 
101303 
104019 
1024 
5574 
7087 
9121 
11923 
16694 
17609 
19633 
22155 
26251 
27942 
28421 
29356 
29670 
33241 
36035 
38012 
38153 
38777 
40972 
41156 
43547 
44356 
44674 
45765 
48190 
49232 
52211 
54282 
56988 
57152 
58020 
60444 
61037 
63063 
63412 
64229 
68237 
68502 
73322 
74789 
75429 
76500 
79650 
79663 
79909 
80005 
80575 
83544 
84502 
85414 
86195 
86888 
87428 
90247 
91148 
91532 
92064 
93005 
94179 
94814 
95444 
99049 
100891 
103309 
2004 
3053 
6098 
7224 
9596 
9837 
10425 
11922 
12536 
14748 
20879 
23314 
24018 
26818 
27458 
29977 
32171 
39019 
44504 
45968 
46039 
49259 
51034 
52948 
55601 
61403 
61773 
63707 
64291 
67833 
68650 
68725 
68834 
71386 
75213 
77690 
78044 
78206 
80490 
84011 
85450 
85472 
86798 
93127 
94822 
94992 
96564 
99440 
205 
4224 
5143 
7122 
12798 
13695 
13733 
19481 
19483 
21128 
22516 
23115 
24901 
25509 
26419 
26918 
26982 
27911 
28081 
37227 
39101 
40616 
42007 
42069 
42763 
43633 
43850 
44173 
49262 
50825 
55278 
55518 
56150 
57826 
58229 
58432 
60212 
60843 
61377 
63482 
65874 
65971 
66041 
66130 
66136 
67255 
74068 
81156 
83751 
84167 
84879 
86883 
91090 
92798 
93009 
96121 
98022 
98524 
99494 
100718 
106 
1646 
2854 
6220 
6756 
9268 
10590 
13400 
13443 
15563 
17230 
20125 
20675 
22393 
24812 
29511 
30901 
31934 
35107 
36257 
37552 
37607 
39193 
41765 
44800 
46014 
46721 
48630 
55274 
57178 
64345 
64835 
65187 
65240 
67126 
68887 
68948 
71208 
77901 
80038 
80256 
80382 
82483 
84302 
84309 
85015 
88548 
90909 
92922 
94085 
96299 
96358 
98724 
102956 
2384 
13762 
14953 
15937 
16871 
18322 
19527 
20515 
24682 
25649 
26360 
30293 
30313 
31009 
31022 
32274 
32538 
32883 
34119 
34658 
37179 
37254 
49755 
54972 
62037 
63826 
66772 
66780 
66786 
68968 
70030 
70116 
71054 
74173 
74450 
76099 
79020 
79316 
79434 
79853 
81851 
83477 
83787 
83871 
84104 
85858 
86294 
87231 
87276 
88648 
91156 
93245 
94946 
99577 
100285 
101445 
2391 
11078 
12698 
14052 
14359 
15509 
16854 
17616 
18715 
19138 
22146 
24289 
31164 
36405 
37310 
38308 
42722 
44176 
44663 
46406 
46548 
47276 
50506 
52345 
53733 
55616 
57537 
57819 
58712 
59405 
61104 
61302 
62123 
62678 
64353 
65245 
67744 
70872 
71189 
71590 
71675 
77060 
77958 
79860 
85002 
89612 
90199 
91861 
93696 
102007 
103415 
411 
1181 
2913 
4397 
4843 
7853 
8611 
9059 
13078 
14712 
15547 
20244 
20301 
22912 
25332 
26098 
26367 
30234 
30321 
33090 
34191 
35292 
37023 
37208 
38495 
39292 
40900 
41189 
43902 
44404 
45397 
45406 
47277 
47520 
47807 
50245 
55883 
55892 
57199 
58209 
63320 
63355 
65997 
66201 
66221 
68338 
69143 
72737 
72956 
73154 
73484 
73784 
81103 
82539 
86772 
89388 
90726 
92722 
93030 
93154 
95602 
97811 
99274 
100600 
101297 
226 
800 
1164 
1552 
4279 
6230 
9203 
10890 
13830 
14062 
15441 
15876 
16766 
17852 
19334 
19857 
20149 
21578 
22042 
26713 
28237 
28616 
30155 
30338 
31172 
32525 
32977 
35317 
36939 
37347 
37527 
43241 
43449 
44303 
44381 
48620 
52287 
55647 
57553 
57915 
58441 
58732 
58844 
60509 
60539 
60557 
62852 
65970 
67338 
67943 
69818 
71739 
72327 
75879 
78374 
80276 
80899 
84607 
85216 
85966 
86492 
87557 
88803 
91467 
93046 
94906 
95527 
97551 
103416 
1576 
3453 
4335 
10905 
13399 
13493 
14222 
16025 
17856 
19235 
20429 
21445 
26273 
31525 
31557 
35023 
36472 
37187 
40905 
43178 
44913 
46022 
47418 
47845 
48333 
53722 
60162 
69728 
71105 
74267 
75960 
76301 
76497 
77948 
78278 
79636 
79913 
81878 
82425 
85685 
90011 
90637 
93869 
95989 
96394 
96730 
98365 
98864 
99962 
100982 
2330 
6478 
6486 
7973 
8481 
9436 
10956 
13321 
14027 
18652 
18806 
21257 
24696 
31673 
35329 
37263 
38305 
38841 
40378 
41947 
44084 
45330 
46823 
47010 
51710 
53809 
60071 
62646 
63726 
67554 
74209 
79863 
82221 
82796 
84282 
85908 
87434 
88232 
89264 
101112 
101707 
102030 
102872 
103244 
103320 
138 
185 
569 
2688 
3730 
5466 
6681 
10437 
12992 
17922 
28342 
28725 
30687 
31913 
32329 
32516 
35375 
36734 
36888 
38671 
39830 
40305 
48238 
48332 
50982 
52347 
52980 
53830 
53973 
55346 
56859 
58292 
60609 
62932 
64605 
67558 
68751 
69066 
69406 
70199 
72147 
73414 
74462 
75612 
80953 
81850 
82484 
89756 
93946 
94915 
98511 
98806 
99189 
100103 
102983 
1272 
1466 
2582 
3668 
3834 
4441 
4515 
6214 
11273 
12474 
16218 
17523 
17743 
21095 
22961 
27739 
28699 
30223 
35540 
38427 
38742 
39526 
42173 
42855 
47771 
49139 
49663 
51257 
52406 
52755 
53248 
54639 
57544 
59303 
59707 
62515 
62553 
62841 
63633 
65173 
67129 
68372 
70965 
73741 
75351 
76029 
77151 
83357 
87152 
89216 
89783 
90308 
92179 
93081 
93256 
93261 
94805 
95108 
98876 
100230 
100385 
101124 
103795 
936 
1629 
2111 
2604 
3883 
4181 
5754 
6104 
7069 
7732 
10271 
11612 
13676 
13998 
15027 
15144 
15314 
16705 
18499 
20644 
20886 
21775 
23831 
23937 
24029 
24924 
26555 
27013 
27459 
27522 
27892 
30117 
31126 
31450 
37224 
39942 
43972 
45156 
46036 
47560 
48157 
48772 
49228 
54212 
55558 
55925 
56086 
56142 
57722 
58615 
59355 
59563 
60137 
62013 
63153 
63405 
63711 
64593 
67737 
67809 
67983 
68495 
68938 
74225 
74446 
75368 
75620 
78020 
78850 
80132 
81221 
82667 
82844 
83577 
83694 
84076 
86752 
87737 
87902 
89040 
91565 
92173 
93291 
93685 
93706 
94832 
96179 
98475 
101254 
101359 
101528 
101715 
360 
705 
3809 
5939 
7037 
12426 
16242 
17343 
17700 
22406 
23793 
24817 
25335 
26079 
27187 
27705 
29751 
31659 
34011 
35753 
36937 
37537 
37550 
38610 
39647 
40673 
41941 
42177 
42239 
43528 
44788 
44865 
45230 
45762 
45852 
46216 
47583 
54645 
55185 
55377 
56327 
57046 
58775 
60620 
61882 
62069 
63286 
67711 
72556 
76852 
79044 
80053 
83199 
84211 
88218 
89356 
91017 
91348 
91513 
97268 
98086 
100400 
100468 
100561 
101110 
102004 
103242 
103377 
479 
2268 
3190 
4600 
6242 
6503 
6907 
9194 
10623 
10727 
11238 
13850 
14568 
15790 
17744 
17895 
19257 
19672 
21809 
26786 
27188 
31576 
35374 
39466 
41196 
42243 
43723 
44603 
44879 
45095 
45304 
46277 
53129 
56479 
56523 
56637 
57660 
60603 
61222 
61240 
61414 
61996 
64515 
64689 
65938 
66611 
66921 
67735 
68657 
76528 
76894 
79344 
81896 
84292 
85731 
87543 
88429 
89900 
90465 
93395 
93507 
94170 
96448 
97864 
98799 
103217 
103326 
103539 
103739 
991 
1996 
3715 
4202 
6362 
9480 
9874 
10462 
14189 
30870 
31291 
31535 
34137 
34625 
36653 
40101 
40259 
42067 
42856 
43194 
44036 
46005 
46054 
47934 
48506 
48789 
50704 
59246 
59392 
59996 
60387 
62128 
63267 
65419 
66598 
69825 
70098 
72356 
75757 
75896 
76084 
78212 
78800 
81242 
82777 
82972 
83558 
85249 
86181 
87056 
87417 
89712 
90143 
90278 
91813 
94460 
96689 
97734 
99195 
100397 
1431 
6081 
7845 
8068 
10084 
12244 
12958 
15239 
21500 
24637 
25871 
26528 
27710 
31421 
32168 
32253 
32450 
34067 
34277 
35393 
38788 
41675 
41809 
45933 
47122 
47868 
48081 
48903 
49412 
51048 
53241 
54414 
57657 
58799 
59983 
64866 
65000 
65097 
67385 
70110 
73219 
76062 
78537 
79681 
83272 
86383 
86484 
89729 
90187 
91297 
94714 
98038 
98083 
98738 
99070 
99108 
3333 
4010 
4282 
7812 
7868 
10464 
16310 
16493 
16791 
21737 
22526 
26294 
26728 
29504 
30003 
32038 
42134 
42390 
42944 
44034 
44793 
45950 
47510 
49587 
49729 
50213 
50331 
51795 
52462 
52594 
53062 
55169 
56019 
57106 
59047 
59751 
60252 
62055 
63373 
63408 
65216 
65740 
65891 
72386 
73653 
74320 
74376 
74469 
76575 
77276 
77929 
79408 
85560 
85599 
86012 
89298 
89898 
90338 
90660 
91796 
92351 
92468 
94607 
95332 
95999 
98614 
102205 
6747 
10683 
14918 
14952 
17420 
19463 
21837 
22499 
23240 
23521 
26841 
27771 
28010 
28034 
29514 
31310 
31919 
33198 
35176 
35423 
37717 
41406 
42550 
44532 
44997 
47867 
51070 
52985 
53212 
55532 
58677 
61791 
62257 
64488 
70638 
73587 
76988 
82961 
83631 
84113 
84340 
85196 
89793 
91319 
96444 
99441 
99521 
100978 
101100 
1693 
2061 
3228 
5896 
7288 
8006 
9231 
9381 
11092 
13792 
14603 
15972 
16930 
17762 
18380 
19279 
20554 
21657 
28292 
30558 
30639 
30903 
31023 
31468 
31856 
35964 
36110 
36743 
39566 
39761 
42752 
42914 
43063 
45272 
47842 
49451 
49972 
51052 
51902 
52542 
53041 
54474 
54789 
55728 
56182 
56895 
57492 
60721 
62329 
62861 
63191 
65681 
68709 
68832 
69275 
70204 
70584 
71479 
72114 
73760 
75477 
78260 
79273 
79706 
80163 
81556 
83902 
85567 
85709 
86235 
86575 
92195 
92841 
93767 
94522 
95206 
96329 
97281 
100286 
1760 
6513 
12220 
14399 
15988 
18273 
18486 
20292 
20520 
21320 
21787 
22259 
23571 
24471 
28255 
30664 
30908 
31682 
33593 
34152 
36141 
37771 
39856 
41071 
42019 
43189 
43606 
45289 
45326 
51405 
55281 
56299 
60563 
60602 
62566 
66699 
69345 
70956 
72537 
75927 
77926 
78120 
79658 
79816 
80116 
80321 
81188 
82794 
84873 
87232 
87816 
89231 
89434 
91639 
92217 
98975 
100279 
100345 
100915 
103691 
3638 
3656 
4005 
6124 
10581 
10765 
14830 
15065 
16347 
18168 
19211 
24055 
24802 
27951 
29923 
30183 
37348 
39255 
39985 
41440 
41981 
42609 
44715 
44764 
48175 
51783 
52719 
58225 
59503 
59946 
60101 
60506 
65954 
70723 
73109 
78487 
79657 
82924 
86739 
88555 
90680 
92224 
92616 
92745 
94535 
96092 
97972 
98862 
99343 
99357 
99816 
101356 
102034 
102339 
103611 
103694 
187 
2786 
5085 
6010 
6055 
10153 
11774 
15802 
18016 
27994 
30557 
31181 
31610 
32574 
35011 
40785 
40948 
41996 
42591 
46412 
49706 
54792 
58513 
59802 
60851 
65105 
66056 
68875 
71427 
72216 
75257 
75633 
76436 
76679 
76849 
77739 
78646 
79881 
82835 
83352 
85317 
85885 
87606 
90359 
90393 
92514 
95479 
98108 
98827 
100314 
101536 
102737 
103133 
2272 
6279 
12069 
12659 
14861 
16774 
17671 
22403 
24472 
26445 
29395 
31736 
33533 
33699 
34240 
35294 
41871 
49256 
50338 
53682 
54292 
54517 
55630 
58900 
61760 
62238 
62318 
63140 
63647 
66360 
66363 
68011 
69069 
73761 
73769 
73941 
74839 
75776 
79472 
81096 
85017 
85222 
87488 
87752 
90679 
91957 
96077 
96240 
96483 
97661 
99761 
103547 
2113 
2585 
6248 
7320 
11502 
15350 
16353 
17586 
17860 
17974 
18976 
20485 
20846 
21361 
21389 
21699 
24124 
27530 
32173 
36953 
37382 
38006 
40762 
41001 
41416 
42895 
50914 
51799 
53350 
54144 
55414 
56901 
58781 
59594 
59774 
59880 
60999 
61837 
66219 
67606 
67757 
68846 
72053 
72935 
75356 
75786 
78584 
79169 
79882 
80952 
81622 
82553 
84272 
86783 
88352 
89823 
90163 
91403 
92082 
93405 
94905 
98049 
98218 
101219 
102449 
1121 
1827 
2534 
2557 
3810 
4607 
5765 
10600 
11376 
11716 
13732 
14894 
16117 
28792 
28946 
29208 
35130 
35772 
38405 
39159 
39877 
40881 
41587 
41990 
42274 
46514 
47848 
51272 
51716 
54201 
54968 
55667 
57297 
58439 
60208 
60237 
61883 
63375 
64096 
66184 
67858 
68112 
69079 
69150 
70966 
70981 
72646 
73730 
73837 
74807 
76960 
80034 
80412 
81892 
85837 
87136 
89077 
89291 
89797 
90573 
90714 
90929 
95442 
95986 
96355 
98394 
98671 
99129 
100828 
102368 
102945 
557 
4108 
4587 
5077 
7311 
7778 
7892 
9367 
10772 
17735 
22139 
22395 
25805 
28420 
30424 
31321 
31868 
32647 
34356 
40594 
43982 
44681 
47849 
48228 
55197 
57698 
58183 
58226 
58584 
64177 
64608 
66520 
74461 
75651 
78295 
78855 
79526 
80438 
80824 
83394 
83493 
84666 
85075 
86607 
86851 
89326 
90973 
92497 
99403 
100031 
100987 
102715 
1710 
3091 
3958 
4354 
4554 
4589 
5335 
6176 
13050 
15782 
19112 
20413 
23746 
23970 
24105 
30641 
34945 
37864 
38002 
40370 
41954 
44038 
46075 
48022 
50350 
54259 
59649 
60361 
62219 
63504 
64764 
67428 
68599 
68985 
69723 
70884 
71849 
72553 
72675 
72677 
73936 
75573 
78513 
81543 
83776 
86344 
87646 
88288 
88866 
89363 
89973 
92444 
92985 
101551 
102071 
103407 
7322 
7638 
8904 
11948 
12784 
12866 
12954 
14412 
15397 
16459 
17091 
17914 
21434 
22977 
23175 
25438 
25856 
25896 
26139 
29839 
30139 
33178 
33402 
33537 
38100 
40241 
42642 
44417 
45235 
47966 
48556 
49723 
51627 
55117 
55196 
57013 
59644 
61939 
68410 
71249 
76377 
77988 
84990 
85160 
90771 
92962 
92992 
95330 
95386 
95610 
98099 
98558 
98691 
101458 
102434 
103130 
104035 
531 
1156 
3223 
3435 
3609 
4144 
9239 
10622 
10991 
12403 
15228 
16565 
16977 
21352 
22537 
25967 
28035 
29881 
30625 
31440 
32880 
33807 
34426 
35413 
35565 
35686 
37158 
37336 
38817 
39086 
44541 
46120 
48179 
50607 
52390 
53932 
56236 
57253 
60900 
61718 
64996 
65263 
67614 
70108 
71052 
71846 
72030 
76535 
78605 
79505 
81646 
81808 
83138 
83634 
84937 
87350 
89035 
89094 
92516 
97034 
98542 
102346 
1159 
1664 
1944 
8158 
9786 
10904 
11536 
11744 
13467 
16815 
20629 
21584 
23279 
24540 
25098 
26356 
28935 
30098 
31399 
40670 
41064 
44245 
44616 
45639 
46577 
47311 
47474 
48688 
49592 
49901 
59045 
61320 
61678 
61696 
62499 
63039 
63505 
64169 
65692 
67312 
68559 
69165 
69663 
73311 
73440 
81681 
82648 
83655 
83709 
85961 
87059 
89452 
89594 
90221 
90801 
92669 
93139 
93671 
96409 
99857 
103633 
6156 
11753 
11880 
13954 
15538 
16128 
17170 
23789 
25738 
28083 
29256 
29421 
30047 
32190 
33810 
34839 
37349 
40770 
42552 
42648 
46215 
47413 
49795 
50851 
53724 
54476 
55759 
56330 
56344 
59408 
61443 
62699 
65930 
67042 
67063 
67310 
67907 
67909 
68424 
68623 
73898 
74769 
77323 
80355 
82677 
84054 
84314 
86226 
86276 
94497 
95456 
96349 
97097 
97746 
98437 
99117 
103854 
370 
1040 
2708 
3574 
4445 
8378 
9657 
9948 
10334 
10422 
12508 
15714 
16749 
17436 
18443 
19630 
19887 
24208 
25087 
27027 
31772 
32716 
35785 
36392 
38283 
39523 
43303 
43503 
44099 
46324 
47344 
47570 
52148 
52710 
54146 
54943 
55389 
55786 
56187 
58634 
58788 
58958 
59216 
60026 
61614 
64461 
64912 
66977 
71164 
75608 
76780 
77681 
78256 
78912 
80244 
80361 
81173 
83979 
84637 
85103 
86342 
90487 
91341 
92718 
92996 
94821 
96562 
96816 
97920 
98130 
99438 
99889 
100386 
100606 
100655 
101125 
101135 
101380 
101423 
102403 
103068 
901 
3524 
3614 
4036 
5493 
6831 
8949 
16082 
19319 
19368 
25360 
25396 
25808 
26971 
31025 
32228 
33254 
34214 
35394 
38835 
40578 
41373 
42339 
43971 
47625 
50858 
55751 
55915 
56292 
57919 
59841 
63030 
64194 
64595 
65925 
69119 
69740 
70033 
73041 
73913 
74646 
74876 
75912 
79675 
83602 
85656 
87671 
91218 
91881 
95328 
96961 
97028 
99713 
101171 
101612 
101710 
102463 
351 
3388 
3797 
8638 
9134 
9197 
9988 
12250 
12865 
14770 
15119 
15874 
17893 
18460 
23515 
24076 
26475 
26844 
27104 
27599 
29556 
31217 
31740 
32462 
33880 
34711 
39417 
41290 
43939 
44228 
44471 
47270 
49278 
49401 
49577 
54672 
54940 
56396 
57227 
58076 
58666 
63200 
63919 
63989 
64453 
65127 
69131 
71290 
71677 
72763 
73090 
75210 
80122 
82328 
86343 
87303 
88009 
88472 
89008 
90189 
93108 
93605 
95545 
98956 
100388 
100614 
7149 
7302 
8921 
11186 
11260 
15487 
17299 
24694 
26326 
26774 
28435 
30594 
33861 
34150 
38749 
40926 
43534 
45122 
46801 
48693 
48872 
51599 
55362 
57674 
57712 
58184 
58273 
59485 
60760 
60857 
62747 
63690 
64301 
68151 
68304 
68957 
69205 
71224 
72346 
72470 
74742 
75047 
79211 
79897 
80200 
81527 
82547 
84556 
86143 
87542 
87682 
91629 
95447 
96283 
99869 
100243 
73378 
49 
918 
1613 
2098 
3891 
4400 
7314 
8089 
8641 
8772 
13943 
15655 
16336 
18663 
24923 
29568 
30039 
30323 
31482 
34991 
35105 
36059 
37968 
40590 
40773 
42859 
53438 
59868 
61467 
62510 
63825 
65122 
69210 
71596 
72146 
73560 
76010 
76959 
78096 
78150 
81785 
83825 
84830 
85329 
89535 
94435 
95189 
96281 
98834 
101522 
89203 
5149 
5577 
6144 
11206 
11383 
12539 
16842 
17129 
20497 
23100 
25710 
27895 
29197 
41648 
41778 
42199 
43747 
44310 
46617 
47691 
49172 
49818 
51452 
51581 
52621 
54073 
57564 
58768 
58993 
60575 
60640 
62616 
63794 
63952 
64140 
65486 
66764 
69527 
73830 
74169 
75081 
75341 
76337 
78782 
81250 
82037 
83538 
84883 
86041 
86692 
94146 
94289 
95535 
96421 
96665 
96954 
97378 
97679 
99114 
99834 
99968 
103833 
299 
708 
4107 
6877 
11035 
19450 
23193 
23532 
24897 
27307 
32078 
33927 
34576 
36543 
36959 
40416 
41692 
43252 
43388 
44292 
47852 
49699 
50558 
50740 
50745 
54959 
56820 
57996 
60180 
60569 
61092 
66261 
67928 
68265 
69796 
70383 
72142 
75459 
78227 
78984 
79086 
83497 
90195 
91628 
94824 
94968 
95213 
95595 
95870 
98106 
100007 
100492 
103253 
862 
1503 
2682 
4936 
5454 
5581 
10725 
11520 
13094 
13392 
15317 
15627 
17440 
21712 
21952 
22324 
22463 
24319 
24786 
25299 
27857 
29378 
29427 
29688 
33898 
34376 
36008 
36641 
36659 
37720 
38883 
39401 
40947 
41306 
42100 
43266 
44588 
45503 
46071 
48007 
48201 
49205 
49245 
49490 
54558 
54769 
55445 
57084 
58857 
59139 
60914 
61261 
62812 
66989 
69405 
71847 
74838 
80133 
81515 
83383 
89563 
89727 
92898 
93954 
94986 
98333 
98532 
99255 
99296 
99413 
99610 
101652 
101897 
102198 
102204 
102582 
103174 
36979 
957 
4561 
5990 
6751 
9758 
10497 
10806 
11157 
11448 
14310 
15825 
17232 
18899 
20444 
21636 
22028 
25120 
27209 
28156 
28795 
31271 
33000 
34689 
36944 
37763 
41810 
45193 
48423 
48564 
48591 
51734 
52036 
53493 
53715 
56535 
57209 
58249 
59645 
71994 
72392 
73036 
73724 
74196 
75492 
76001 
76291 
77527 
78564 
78906 
81353 
81830 
83014 
84750 
85123 
85221 
89011 
90245 
91329 
91698 
93000 
93522 
97259 
1455 
2477 
7587 
10181 
12967 
17595 
17923 
21157 
21450 
24442 
29439 
30310 
32688 
35103 
35971 
38869 
39699 
40714 
40742 
41309 
42518 
43919 
45854 
49272 
52097 
53269 
53389 
53642 
55692 
56283 
56841 
57702 
61365 
62793 
69641 
73288 
74206 
78298 
81927 
82590 
84741 
85991 
86353 
87397 
90375 
90469 
91624 
92902 
98017 
98929 
101471 
103300 
103639 
25915 
3036 
3483 
3941 
4329 
7764 
8331 
8925 
10316 
12709 
16792 
19307 
19636 
21890 
22050 
23938 
24582 
25516 
25868 
26639 
28962 
31993 
32394 
33365 
34212 
34601 
36711 
36776 
38401 
38957 
39593 
45414 
47223 
50421 
52769 
52875 
53133 
55230 
57644 
60417 
62859 
75435 
83026 
84421 
84550 
84907 
85234 
85981 
86048 
89121 
92837 
96677 
98634 
102239 
102926 
103786 
355 
1519 
3226 
4290 
6860 
7634 
8187 
11018 
13538 
15101 
15513 
16604 
24151 
24371 
28306 
30428 
32196 
32979 
33764 
34966 
35071 
35655 
37076 
37964 
38311 
40367 
43674 
44389 
46086 
47453 
50621 
51348 
52574 
53534 
56244 
56807 
56996 
57068 
58266 
59394 
63082 
68023 
68529 
69776 
74042 
80272 
81933 
82703 
83648 
86635 
88044 
89179 
89302 
89494 
90820 
90974 
91870 
93422 
93808 
94723 
97199 
98306 
102848 
103678 
663 
1804 
2547 
2646 
3617 
4494 
4655 
5064 
5550 
5644 
8859 
10014 
10308 
10315 
10456 
11496 
12302 
13731 
17890 
19850 
24012 
27237 
28622 
33963 
34886 
35748 
38766 
39079 
41945 
43554 
50063 
52405 
55608 
57020 
57326 
57465 
57958 
57980 
58099 
59576 
59696 
61470 
62726 
62913 
66191 
68498 
73454 
74134 
74596 
75092 
75297 
75800 
77393 
77769 
80960 
81142 
81262 
82130 
84854 
86171 
87380 
87776 
90499 
90991 
92157 
93656 
97482 
97900 
99471 
99537 
99905 
4528 
7316 
9536 
12465 
13232 
15408 
15762 
18496 
24150 
26308 
26906 
27615 
28310 
29708 
30240 
33372 
37704 
40679 
42544 
43383 
44152 
44276 
44908 
45284 
45474 
46289 
48403 
49129 
54340 
58502 
58754 
59138 
59776 
60188 
60267 
61272 
64171 
66998 
67318 
69547 
70146 
74729 
86617 
86884 
88569 
88647 
89053 
89242 
91262 
98021 
98259 
100563 
101431 
101724 
102932 
61168 
35298 
20639 
76823 
42247 
6711 
6189 
7620 
8940 
9586 
9601 
10542 
12327 
12775 
14990 
21278 
21409 
24557 
29466 
31432 
31767 
32189 
33809 
36945 
38716 
38824 
41979 
43433 
44103 
47635 
48063 
48376 
54398 
54756 
56972 
60392 
62814 
64209 
64510 
70389 
73173 
74274 
74339 
76770 
76963 
78810 
78878 
78979 
80621 
81514 
81581 
81610 
82929 
83555 
85899 
87795 
89515 
90270 
92629 
93156 
94060 
94088 
94660 
95603 
95649 
96346 
97494 
102580 
103289 
103948 
104025 
944 
3079 
3472 
4277 
5502 
8561 
10161 
10920 
11153 
12485 
12680 
14306 
15462 
19038 
19890 
21668 
23583 
23713 
25266 
26893 
30659 
31423 
32039 
32311 
32899 
33012 
33852 
34661 
34755 
35797 
38653 
40498 
42974 
43809 
45799 
49064 
49385 
52055 
55917 
56919 
59114 
63162 
63969 
65072 
65193 
68994 
69039 
69135 
69990 
72672 
75140 
78895 
80900 
86319 
91767 
92253 
93997 
96938 
99174 
102146 
102273 
102587 
53308 
785 
3462 
7865 
9980 
12937 
12999 
14582 
20616 
20767 
23267 
23930 
24050 
26541 
29636 
32694 
36131 
36324 
40330 
40386 
41000 
41152 
43020 
52647 
54324 
58072 
58199 
59588 
60593 
65888 
72365 
73249 
74061 
76941 
77300 
80026 
80987 
84334 
84420 
86280 
86640 
87887 
88257 
89297 
89399 
89553 
89992 
90013 
93608 
95534 
97238 
97963 
99065 
37540 
9720 
90130 
19337 
19970 
24241 
101385 
50256 
55165 
42102 
57026 
20286 
71250 
30089 
4120 
6770 
4261 
6280 
45779 
68837 
35788 
3138 
102892 
79528 
62025 
82042 
76516 
82515 
34414 
63012 
8294 
10284 
10493 
12816 
12914 
12985 
13105 
14281 
15904 
16444 
16678 
19736 
19886 
22723 
25575 
25833 
29326 
31034 
34115 
34594 
36056 
38373 
40423 
41466 
42432 
42984 
49481 
51770 
52402 
53870 
56685 
57938 
58956 
60811 
62789 
65146 
67616 
68085 
69892 
70471 
74667 
80871 
81116 
83094 
83097 
83449 
85477 
89380 
90584 
93461 
96632 
98474 
797 
1158 
1878 
2535 
2886 
4497 
4740 
7825 
7902 
8704 
9522 
13325 
17121 
22689 
29027 
29397 
34777 
41083 
42661 
45433 
45544 
47645 
50531 
51209 
53968 
55785 
60703 
60866 
64985 
65267 
68010 
74064 
74429 
75562 
76053 
77959 
78284 
82525 
82869 
84106 
85102 
86460 
90005 
91817 
92720 
93126 
93807 
98618 
1561 
1971 
3012 
6626 
9015 
10055 
10954 
11692 
13383 
15835 
16768 
19040 
19480 
24082 
25125 
25290 
26303 
27409 
28684 
30150 
31228 
34353 
38652 
39085 
41098 
42371 
45623 
46775 
48462 
51150 
51949 
51991 
52245 
53537 
54129 
54266 
54613 
54763 
56027 
56584 
57883 
66816 
67769 
68331 
71690 
77647 
82015 
82362 
84352 
87676 
89470 
89511 
92670 
94359 
95811 
96423 
98380 
98562 
102501 
102629 
102901 
477 
1468 
1786 
6946 
7449 
12687 
13276 
14177 
14433 
14575 
14606 
14862 
15028 
16573 
17811 
20018 
24774 
25921 
26465 
27572 
30010 
30447 
31241 
32273 
35148 
36451 
36773 
38781 
40393 
42884 
43515 
45773 
50829 
53152 
56115 
60383 
60992 
61905 
63396 
63664 
67958 
71147 
72505 
77409 
81555 
82087 
84215 
85251 
88061 
88534 
89529 
89864 
90701 
92554 
93102 
95419 
99769 
101875 
103340 
4342 
5980 
6651 
11501 
12367 
12742 
13144 
15743 
16634 
16938 
20432 
21429 
22066 
23355 
24031 
25703 
25826 
27275 
27582 
28744 
29032 
30282 
31285 
32634 
33261 
38787 
40857 
44589 
49199 
51168 
58189 
58350 
59447 
60651 
61413 
62107 
62446 
67956 
68586 
69474 
71235 
73353 
73621 
74649 
75729 
76121 
77531 
78241 
79413 
79698 
82118 
88021 
88808 
90739 
91047 
92932 
93052 
95423 
97943 
98312 
99998 
101348 
103493 
992 
7001 
13783 
14233 
18509 
21042 
23563 
26990 
32588 
33901 
34082 
34491 
41195 
51223 
52238 
54357 
57463 
57625 
63173 
68605 
69837 
72462 
76252 
76646 
78634 
80025 
81239 
82162 
83841 
84251 
85267 
86918 
88937 
93817 
94027 
94193 
95250 
95484 
98508 
99335 
99687 
100012 
102381 
103442 
103522 
103743 
875 
1896 
3914 
6072 
6492 
6973 
8866 
11625 
14194 
14706 
17034 
19789 
20686 
22914 
23303 
23391 
26012 
26902 
28253 
29767 
34710 
38191 
40354 
41767 
43577 
43954 
44514 
45422 
50646 
52761 
56132 
57271 
57646 
60984 
61601 
63444 
64854 
64937 
68223 
68361 
72955 
75906 
75937 
77044 
77169 
77550 
78328 
80695 
81580 
81981 
84921 
90670 
91619 
93237 
96960 
98497 
99509 
99956 
100008 
100074 
102373 
102681 
103321 
2260 
3571 
6306 
6445 
6847 
7070 
8122 
10173 
11304 
11788 
13506 
13982 
14346 
14980 
15221 
15868 
17680 
20975 
24279 
30520 
31209 
31800 
33286 
33364 
33448 
33923 
35388 
46025 
48890 
49053 
50699 
50856 
56545 
57552 
58134 
62155 
63981 
71081 
71657 
73477 
73600 
74954 
75622 
75742 
80312 
82504 
85874 
87728 
89621 
90108 
90736 
95411 
97131 
97233 
103040 
103164 
103480 
322 
1251 
1586 
2259 
2324 
3757 
6961 
8438 
8793 
11224 
12306 
13279 
14273 
16543 
26108 
26756 
27152 
27761 
28920 
29546 
32492 
35057 
35812 
38133 
41127 
42405 
42864 
45253 
45835 
46203 
47698 
55471 
58289 
58828 
61906 
62521 
65788 
66265 
66337 
67550 
69625 
69781 
70326 
70942 
71609 
73048 
74313 
76417 
79850 
81640 
83245 
83603 
84627 
90015 
91563 
93669 
101229 
102090 
103775 
425 
426 
534 
697 
2924 
3558 
4690 
5458 
7524 
7592 
12881 
13872 
15798 
16151 
22296 
23876 
24969 
27932 
33921 
34434 
35851 
35930 
38651 
40023 
40082 
44744 
45220 
47531 
48196 
48252 
48291 
48500 
49724 
51347 
52279 
52308 
52862 
53055 
53193 
55764 
55903 
55919 
60352 
66790 
67309 
67790 
69626 
71971 
73566 
77854 
78694 
82975 
86362 
86896 
87190 
87447 
89260 
89417 
91189 
92839 
95026 
3633 
4483 
5929 
7417 
10801 
13289 
16004 
16170 
19004 
23802 
26727 
37074 
38960 
40793 
43174 
45076 
45087 
47500 
51714 
54780 
54884 
60461 
63797 
64397 
87723 
92642 
98553 
