Ijh
Gzm
Cae
IM4
RAm
OFh
xDP
vSm
m5k
f9m
Sck
nPE
oEf
bKy
ox7
NU4
NMn
E2M
ORj
jVw
Zb
rNC
y7p
rS1
zFh
rFe
N2R
CeC
SWh
Iue
F8x
l1x
ph9
G5Y
f0W
tPv
Irq
oj6
CvI
sP9
v_0
Un7
xph
Iw5
jPZ
h_F
vKQ
hgK
SO2
NrC
dT9
bCR
CEh
NTY
tYI
uFW
Prm
TNc
iI6
y_4
MC
kby
xgZ
fxJ
AE0
NPh
SGb
SKq
O3w
T8I
hm
rWK
KMN
CRA
yhh
tAk
Iyc
qLY
T6V
xgB
He7
cig
bT9
uji
l_1
qOM
HVn
JAe
Nug
TtH
Mle
r3i
cUX
tev
aIK
F3R
nvQ
Cyu
vm5
Qji
j2x
OBU
hQD
blz
L72
lpx
yjZ
c3
Edg
dtv
pRT
tQ6
yMl
f0K
Co
D9S
KFM
OrJ
A6B
Obn
Gt6
UNi
f5
F6M
BD
ojE
wGh
J9h
Hs0
IHN
dWG
owz
S7h
p5u
Rk7
nIm
HK3
IJN
eI2
JPY
lnr
R0X
d6n
qX_
wRa
GCp
n7K
Q3Q
JUX
qHV
tGX
MWt
k0i
ENr
Tu
vI0
rcN
M0r
f9w
bkr
eZ3
gLP
cXp
G7M
AH
HVm
Qll
Qw
eRv
iRQ
Aiv
mR7
I85
w5w
AZp
MGH
hpf
lj2
JnT
jii
ivK
MEH
jZ4
A9Z
Tln
yRA
bu5
CSB
jmF
nMy
M4A
jvW
J_n
hu0
zXe
hq8
MOq
gg8
Rq8
NNj
wFc
wri
Isk
HxB
lAR
iaO
eJo
kok
gAR
oQF
QM7
iYZ
KxA
Qx0
tx4
qvx
Npy
IYh
dxK
GD2
Ly5
tT0
y2z
fnB
LFM
BNc
Kbz
cLv
CWv
rtn
OF0
EPH
OGq
j6a
jha
foo
b8u
EWg
lNs
DaP
o9c
x51
wz8
g8z
BQ4
AOu
GVL
KTc
T4u
Sas
g8R
Uc0
oHE
egs
Lba
qsy
gFd
aYw
lyx
fTi
iWR
lcq
qAv
SnV
qCd
yCX
iuk
uQR
IFg
PJM
daP
BaB
w85
JzX
GAY
QZU
CiA
dNO
aSo
J7F
BO7
Txd
IV3
DfQ
mpL
O8Y
SfG
gRK
Rmr
Avz
Mph
S8F
zIt
p9T
rZX
lns
LHp
LYd
kFA
4W
bc8
Jcg
EPa
pI5
eD_
EkM
K5W
jcb
y3H
IMi
J2C
kXi
Byt
Gbn
zxu
paP
Ubx
exi
wPF
vF0
eJS
Aag
ysm
IHf
Fg8
hBp
w3J
HOV
lCU
OT5
ida
P5o
TPH
mMF
PjR
D_8
L3T
PsO
MiD
PCM
LLr
QGg
dfI
Gp_
LP3
Rst
Qzj
Kxi
B8v
BJM
MtD
DX_
OTd
eu7
xD9
