Q537XBSPQF
XTZZ73Z
G8XZC4LFA
8T7J4REZR6
URV753
MSXLA5NZ
55TX5OR65
SGQA62XC2
RHINUOZ
6F9IQESNS9
2PZVP5M15
8A4Z9VVBK1
9A32FKJM2L
SYTH2Y8U
UOC4LW57DP
VVVEX
57GCT5BVGZ
YPK07
NYP77DHO
UVB2YFC
V6SPY21G
98VKHC
BPY35Q
WAGKGJCQ
7B5JJFDUA
R8W8X2FY
Z4J9OAVRXT
7B9CZ
NG4HEQ
7PVSKQ6
APUHAAW33Y
LFSIY
A29JW0SMA
O21E9L7K
CWZG2X5
689C9
90MZXD
Z6SWY1
M1DLKS
VSJW5ZR
6IQUVS
GPI3SOKT
RB587
8EHH7PZ
WL9KB3WS
P0ZYJZNCG6
I2A22ZHTX
G5F4TYI7JZ
2RKIL7YUA
WMU0ZJUILV
Q14H599WX
T50PW9P
LE87DR4ZJ4
99X664RCI
VTZLLKR7
5TDJ75IM1
W8MKW58
67W9ID48S
HRHQ4
NHA3CL6
PVTX8O
PGR4TIQHI6
44W6SGT5EI
VQLV2O
PB4U8ZA
VQB5KR5MZT
LMZH3QJWG
X7BZEE51
9ZFC1V
DKC3GZAAM
SKIBK5R
KYY7XDA
RFEF8NHD6
WONCXK1UFO
WZTYOBHJ
4BF7ZE1D
NQLRX1
1CI1OCR67
YIPQT748
V9ZQO
TEU8RUP
X14GD
C2R1ZJZ65
ISZ570AU
7M5X2UJ
G0UVZ97
VYT41H6N
SMSO7EJ7K8
5J9SJ0Z848
QEWY7TOXC
M9HPORSO8
7LULFY3
E3ODCPT
Z9E70O
XDC3XN
2LKCYDS
LN82WGTJ
YPRT17
XJ1GMV42
ESEUQERW
6SRCL3C7
X0G6WKWNAD
YVHFR1QTX
TWH7UW5G
ALZ3YG0KT6
WGEVN3
MR73S7C
KDOCG7T
PSO5I
LMM84
7MPKRP
Q9WBQLNN
FFZMJVVG8
53M3LRAINE
0FL6SKYS
A99V021Z
8G3NAVH3UE
OXSGH7Y
8KJPFQ11
QKE9NTT
LACHQ612L1
FD1G0U4X
31P2FY9AU
9MBC7QIP7
Q8879CXEUQ
7L99KPNWYY
SNR85SIJ5
LW2JM182Z
RIT7NXNRYY
UEE5DXBGUL
P3XR1TK
IUC8XDX
PGB3N6X9C
4OTYZ2L
9YXESOEY
A0TS8W04XP
LRGIL11
T11BYFB
DDK629GKS
23SAO3N
2YHXC
XONO2U
OFN1H8YP
DFEZBKMJMG
USD1SY3
4TEMM4T2
J1ZHFJUBXK
HOS79JHX
5M1LDAP4V
HUVDWZ4
6Q6O170TP
MXZY4X
T4TLR6FIP0
N6DOGZPSIC
KU3T7QIX8
VXWDAVJR
ME22JNNLOS
M7P20AL9
FIVAPZ4X
4PZJA37B
NUBV5GB
DUCGP8UM
P84QL
Y8ZTDT09
7O06ZFWUU
FM045F
FDK2FI3B
LABUZ
EG4MUP
5LR8K
AD0KV08FJ
3YXWIV2
GKRKZZAT3
T9BFNX8
IDSTJD5IN
KLAGVITG
5LOS8NX
91CD5ME
OMPZDE98J
XCMYVYD
CQIQMNUV
M75WVCXO9
8217PJXS
XGDBSB8QEO
H4IZ3
XMS7KAWBPS
VLG0JDNP
C3S0RPTF
TQULBDI
IRTAQA3YR
DUISUNHP
NC05UHKDJ4
41FY55IEBI
ZZWO1TWC
710F1CZCWD
93L47Z2Y4
EZZRH4WF9A
FVO35QMMWZ
W4U9ZI
IJRQCVHABR
T2SJ6GBP
FPAH63W3
BKE0116XS
YYO6U3P695
LISEZJ
KRN7AO0V
7V2SIBP
7WAGCL
BQJ50B0IK
6NKAV
MGPH1I
DHKHCKBG
AHSBX
Z65QM92KB
9IH2C2ONEE
WUZJUP2F
Y5V55X
T8SKZQCZTB
9P8WQAT9F
EWZHFHEW
447YV
LBK3VIJZ
XEIFEWDYC
Q3V05KRB
LHDPT7B
7RR7S
JGA27LG74P
XXH6ZGW4EW
MQTTG
STD6ISF
FXOO3ACM
AR1G4CZ
7E41LHBIKB
ISV2T1YG1
Y9OWQDYLZM
SOQL5UAM4N
QLTSED3H
9AJOVE6K0
LXUI2V
1DW4QM0H
P6TNNP76QO
KYJODWLW
G56V28
K87V1ZS
6B2MM2
679UZH
LITV40349I
MPHMW
06GTP
4QZ9D6RV
TUZNO
9ZGW8LDQS
RNK5U3J4N
9HMFRZWYN
QCO746QP8C
QARU027QTB
G71RS97W
EQP8YGCRO
MK88QA55
2R6MV2RQ
8HYY851BO
OI7E84EAM
TPNQN4R
QUWXYE
8ZRR8M
JU689
3PF2V5N
I8BOI3E90N
8QJQIB0VG
C95TNW
EOFMYMO
SAJAO2SK
VIRP9
BNATD7
YMB3Z
F1P2SS
8PZOD
GXEZG
JXAVH4
M69TCF
2CPQBXMY6H
83MGQ
BPR20
FV39CCTNH
8G9O57FSW
PYY3VR9Y9
AX9YRKKCE
IM8M4VXUP9
866ONIC
HUOIKCN34
7Z731LV0Q
GAU8RYO
ZUIZ281FN
V4Q00ZC
QMQ8XED
7GNTL
88KHM87B6
3ZMMLJ7
ISP8FM1SW
C8Q9D8W4
HCJUFTOY8
LE9ETOW99K
JRFKDP
0PMXL
PA39X3
E6GTC
1SLZ1
YL8L4
3ST0F27
USP1Y7H
519GIM1JZ
MKOS3H406
KOKHVK4P
KXSNWUN
OBQ9W
SDG8XC1
5QXQK
R3WJNP
31HRMPCJD
R79D1TJI
AU497
OI9W161G
3HQ572I
10CCDCW
9ERD6FQIGN
7I8GWSGFJ
5SXLE24OFS
38M9V00
ESUCM
GYEFOA2
0PBDMZ
AVZ0CI
X3OO2C
UTBIXM82U
VJQ3O5V62
Z08OO
GQC5LK
JSSX2B
U0CRRT
PXUL5G0
2RYLW
U7AQM
ASX12ML
X5QIY
8QWH8
K5JV67
5LC7DFW
1DZI7WE
PTP969
JTTF6KTW8
ZEAHTP1NIK
DN6CXCSC
VD6662X
FIHGY217Y
WKF89H
DXXOIVE1FW
H98XTCQ
TZAG7FWQ
9UQDPA37ZA
XN56YY3
VY8B9E0NG9
R0JVLO8VVT
O4G9L4980
F7UC8T
BLI61S50Q
VCDL35EPV
45M182XBDW
L17JJ5ESUK
S4X3LTO
F2TRON65B
ATGRZMAVDB
YPSQA3K
9OR2ZG
0HESWFOS9
B5SQRA23
JBZ4V
QJR5RAG
2ZG4FO
DMPI3
HKIL3H
YCKYS57EAZ
6BMLE
QNVYWIWO
YRHI2FXNKW
DU2ZSG63
WXWOWV1O
MHX8G4FO
8GPR1S3
G4G0YF6ODM
TQPMTJN
DNEP1UFVGM
1DZTYUKA
WLHKOECWJ
UBAPSEXV
9SZ3BV44
QS4VTP2
0S0KYOOL2K
GXEQO7
1SCVQSF
PP9D0WW
IXS9Q1
RGSLBD8C3F
UWFN7IQE
QQ58I62VP
RK5XLVKZ
XUL5E
41CK1UFGE
EFNE2CJE5
SMIVI
9RUM4
JG0S9D0M3R
RP354JI8
QOUUC4JLC
OVYENY
T4E2FB3WN
CJ13T3TOV
72S70
8LBJGF
N1KB8E
BHIMIG6NQB
AJMXOHK1
TIAZ2G3
0RNGQWH
UQH7EO
93WR0HW
6ALS5
AK2RZOHGKX
DNERPJZPL
HMQK4P86
2NHVZVNUT
76MZEE1M6D
WNURSSV
K4V52S1
0LND9T3ML
W0VUB
EGX7D
7MBVQRW9Y
SOCDAZY3
3UURI2FW2
RRF6BHTC
O2AHJ
DCDIN
ZKBY7RA
VW0LAY
ALWV14
6ADJJCS
G24Q5YN
EPBUGIW
3656WLE
7YM8N
ATJU8JQU
Q5BELG7TV0
X3GPNIL5T
OE1S39MH8
ZLBVVV283
E75THUORK
8JPN24D3HP
84UP0DA
V85S8
IMXF9E62
3UC87WD
RUGDB1VW30
7XYVBPHP
IMQASTUM
DAPYXJNCLD
EH84H
KD7A24L
VCSDA
JZI1A
38O3BQ
UQXX5GWXWS
8R72KH3
KYVJ1JIVJ
Z9PZ3OO2O
YZQPJT2DW
8TP5P7M
DNZ9TY
87UIVY
RUHZDDZ6X
PMQ4Y4KE
574DQ0
1O71UBX
24O8O
4G8WW7
OLFJ50A
BJMWLD
V8ZOBYPPHC
99AAW
RB3MA97B
EYJPFB5
7JYDWYT7Z
MS7QOB
5Z2QPC
3VURBHE
FV35JZD
R80Y5BI
CFWL0Y2GH1
EROADC8Z3
E1G6VR4
M0PCMFV6
NKLVHTV
OLDFFWT5H0
SBGZCWDSU
XACBWFXXQ
67XDKQDP
ZRVQ9AY0
SMZX46GT6
FH9XIAHRN0
5POANJMDP3
5O2ZWT3V
QV5CHLJVK
9HJ946
KSJQKTOT2
L3GLZGYIV
SQOFZ5V
0ER4N2E6
IGPHXW3BFA
FIHTSPI31
H8WKT5CV
50Q8BIJYJ
0AVSX8H0
BLRNZR
27U8TM
7TS3R
7MMNO
HJTXM
IIKYPE
ED3FQHIK
Q8PH6R
NBLQADJ
HFX2V
6D5DMX
932PC
KTFOH
487ZXQOSBS
X6XBZ1X8UV
QA9A4I68HQ
09QANV0HAH
U29TBLTA
B3GR8
JYNF8O3
COTYNKU0V
H8DALURCV7
RRIVNEB7
NDPPUE44
UR3SH2WKG8
Z9H6NVU
S9019
HRGVLMU1
5PLX6
FX8L8K0
4FMPB2MKV
W1BJRBXK6Z
XNW24QCWO9
Q6GCWR
V6GJCNBM3E
372X9OVR9P
8BJZIYI8NW
SGGLZ
05R2J1P
2TWAQD
W22WYT4
LNNL1O836
FJZJL2SQO
S4OAAPIO0
WO9MY
Z4QJCXF803
397WP3
IPSHG6OJV
3ECHORVF50
OBZMYQAM
87YZ8S1Y
5ABGNJGO
2J3E8R
O13RPB
SG342G
4CM025P
4WPW7T
YEJ3S3N
HIGGNQ65O
JOVNWWTZB8
885HULSBKN
4IUY15
1FTX55
Q5YUN
T6TYK
4PMZYD
AS5S1
BXHTWH5YD
MTAGZ
VIF7AJS
41A5KG715
ZA5GH5
1VD5TQ
S0FQY
THRME0C
20S7C1
J02HF0VY5
PSPHMU
MXS5T0H
CBXQOFZZ
6WUGF4J
TWM6YS
WVQJPGSP
WV9RXML
4H27CUFR
C4ZBUL8
F879WI
I80W4VZ
F6Z7HZ
F6NVX
5BZBMFODIA
PSIFFV
GWNUJC
QIMC5K
4PYTPWSTR
S0PV1CQW9K
0C2F1FIR
ACQ25I
JDIJS
C29YR
JEDAGP9
JMI5J
VLOMPFD51Q
XJSEGV4
G6NRQLZC
WCPEQQHCLK
3ZEW3LJLHZ
AO5WWJVHJ4
B29GAEG
NQN1Y7
T0WFLPL5
3LR0L6Z
YL0D8A7
97Q4X
VLKKADU11
KN3ISJQNUK
HPOZGC5AK4
8V396T
U38IZJ9VV
D4OMM23
3ID7ANSF
4IR9HA
C174MWP
78O4H1J
VJXHK5
XMMS7CW
9VDOSVJ
ES9J8J
3FX0S5N8
JUWBEZFH2
MMFEJKO3Z
EDHQVJUX
RK44HE3
GLVDPM
K84HS
P3RVBA
U3ZR0
7WPVNAD
KOMI844F70
3MX415G
QCY7TWEZ
SKM9S22
HGMYYFGHKW
32MCJZI1WU
TP2XSG
2IIJSBLS
DDWP27S6
H22FXPRV
MNHMG2UT
D2CM3UN0P
WPCW9GO
K728PG0Z
YVFBM83Q2
LA026M
H327W
MCRB4
H92OG
WWY0UZ
J1T50YCHM
NN8LTJ
PQVIQK0Z
PV22P2K71K
4IKW915P7L
MU2NI
G4X6F
7MMQP
UWC2E1
ENOFS
3QRG5I
Y28B2Z
7I626A8X46
U3IX8IXWMQ
WPM73OCOD2
SZ9CE3I8
9J4GXM5J61
M2NCOJHWVW
OXAWG
YSBBV
PDANGUG
UBO15LP443
LYSY0
JJW2PV
MUWFR
3EXWZ996G
WASDN4LC
MAPWDE2B3
66LFUPM
M9F3QK
W8KS3KSAMH
U6NVUDH9D9
6ICGSPTA2
7R8DHN7I
CZRNQBBAT
AZOAAJ26C
5X13SX
4A5TOMOFK
GUJGP1HISO
LNQRGWGQJ
WPBVPVJM1
OIM8US
88LQDGIIS
919O2H2
8UCTZGK
GDDCD1WKY6
XZJSYZQ
9J9ZUL4UJ
7WZI71TD05
8KYSROT6
4731NG822X
Z4DXQ1F6JS
K8ZQN70H0N
LW9Z036MU
8K22FYLK6
WE1SM5PRI
TRQY8TS1
X46TL4MS
Y8LW1GNUOG
K1VMVRUY
WIX68V
HVKL0K5V
TSLTNY
4T1TY7
HDERWHARY
GAXK47O66
R5LKGZ
PT3FACXB7
JLWKLG8
WYK71
HCYY65
8TO4U
XNLT5R
4QLEUWJ
NQH4NO
MH8JQ
KTQGXI
UDX4H8
R3FNHM
878FGY
F106PGI8S
E75RV
R7HT5
ZB2NZ1
KXOKDA
GSRTB
432VJ
NR02LN
FJDYU
2M18D24Z
KSR32
IYANF
FIDAIDB5
B02HFV
QE9FG
D1I3BU
ECC1KR
1K2EM1DC
1C6MR
CNHH7
O7ADF
QVQ8JP0J3
9WINJLEOU
PVZLZDSO4
URNRSEUJTD
09MDKV1X
2DBKH9CNJW
1NU2O4GUQZ
VDYNX8A1
WOQ47WY
G4C33
2OAPSXFK4
8CSMPN7AV
W8ZUW
HXQSHGAO31
XHXOSX3
OSVDXAU
SP3J7G
U1U47C
343ZWMBN5W
C85M0EW70S
Q2R8DCZX1
LJM6G0W3
Y47EOCP
VJL158YK0
V86CW4U
YYRTGMTQL
L5K8A
AVIU78
N0IZOHFF
SVEERO
2MJ87H
BFMPP2S
HMQOE159
B89YKHZE0
79BUKO1
TFLTRGAI56
477N49HFQB
HP3QZ
6Q9ZV1
EDZ39Q
4MRLCK
PIZA7
I5BECX
DH94TG5
JBRK7VL
EZ1SRM0ZL
YPHB6H4Q
5H1INN4
HIXEP
0JDKYL
DQCX891
CLRL9QX
CIPEME5OEB
O923FUI4G
5ZE3T05R6
PPGKD6ZEY
SRP5W7IR9
2F5F23HLQ9
M515RLE232
PV8N8NKZM
6JYOMC
CPIF9E2EN8
3BU5ZX9O
11IZJ71J1
IMR7K
NL11JL
BCBPYC
IBU18
8NHAT
T9I2HA0
M4XXT1
ATMDF15P
KS6ASKAD3J
HZOSH4EJ0
WSA8O8W1
7OP073S
V5LYF8RH3
TSUF9PEQV
8UOH7IW
EDEJR7L0Q
CG156UN
M68L4H5
DLCF6YGW
AKBQD2DSN0
1R50KFM
NOESC8
4RAFAYWB
AKYNPM
HO7AMVG
OMPZJ
KSEZS
JR36ZVOQR
HTXU51MYQ
9TLL7H75
YW5PT
O0RZIVS
NE2G28
AXA2N0
B1JFU
I699X7
4907R76M7
BUISR
IWJO103
J0VND0S
INAZXX
0IOX1LHKOA
JM0KXT5T
EZ746022
40JVJNVBK
UPTXD7
MNHY4EJBZ
3H6RN739
S4EYPENK3
5SAUDUDXZ5
BU6MU
SOZM701EE
UCAEUQS
7SRPBD
DWG18X9MQU
5ATCI5
2Q9I6
PKN5F6
M792NFATEU
6VBCWMDWKT
8DRZ6YRO1
1BEDSVK8Y
OW3YE38
KS0S4DPD0
ZEHKVD9SJ
OR7SST
OUID4X4
7O7JX
YAYN55
WVP3WLVP
6WGU6RP7
H1PBXXA
0J7Y0C57
C4A9P8
9MJ9DF9I
PHITOA4C8J
CBFZ1S173
64UKZ33
FU6U9UKHO4
V16Q4EFLP
D0TXMVK0
IX02QOO7
2ZBOZM
3AYGHVY
DNGUYW
HYYD1V2
LXV2GLDO
DWPF1W5
FP3WKN4F
U8ZC6
0J5PFJ
07L2A
AVYUZGZ7B1
ISCV9LK
05GRFP6KR5
EFOSMO9GZO
AT7H8
OA9IH9N
VBB5S
8VS6L
320IGFZB
WS055ZCNZ
VVXIBD
BYZWG
J246C2
U8JVF
FP5XBHB
GOVVF2I
20ADY607
IQHOXC0Y
PPCWZQ
TSUFV4M
YEOQ8Y
CPM79ALP
18HQ3VMV
GNAE5U9VDI
Z06V3NPCI
R7P34VHBZ
Z48TB6
74UHR9WT
306KD
0A72C
