2434
18525
11258
10540
10324
19898
13021
10590
18351
3714
16781
1611
13312
10301
16399
8630
9085
9893
10336
16552
15878
4457
8995
17593
7429
1451
16536
5367
20249
5975
19270
3932
12528
13333
8800
14446
13113
14895
11285
9043
17706
16955
12494
3143
13748
11075
2982
10675
3251
13443
9295
5736
2423
8634
12678
12166
9208
2173
6744
10824
5531
33
5981
2352
343
19232
10186
15307
3244
4754
1297
3560
8710
12543
8928
20920
12654
1729
16438
8748
8220
21703
12902
10354
15872
5712
6853
7751
5508
21938
20521
5811
16537
5191
6642
1803
9053
8113
8841
2208
19330
1204
2537
6222
4238
17226
2958
14788
16565
13461
5330
410
285
6854
8390
4499
2896
1306
13394
18256
5580
4590
15893
5978
3382
4817
17628
19885
9553
12595
3268
21055
2442
20272
5884
10431
19052
9911
1838
1326
21528
12699
5840
1818
2761
11199
2520
14021
15271
13076
6953
5400
20596
21781
14920
19217
5322
6593
20788
19182
14088
8153
2235
11081
16651
5666
10876
2274
18875
3022
10542
4637
3428
20062
8401
1029
10609
16535
15552
1943
6124
14084
6122
3420
11774
14913
3253
19832
744
4929
1098
7453
14279
10257
21356
11564
19810
15788
2057
2601
17722
4372
12755
21304
18413
4157
13141
21127
6779
14521
21124
4806
4062
331
3655
12884
2501
9913
5111
1658
1477
4192
10351
11708
18717
1399
8604
20225
9729
12475
15954
12283
3337
17130
5444
7792
17547
20501
2439
13751
4015
10183
12464
21413
21022
14580
5547
12066
17427
7598
14854
18400
182
18625
3306
9359
19365
19014
10261
17662
17716
6480
15166
9332
6482
13142
5559
15317
11442
8699
7619
18603
4449
16380
5013
1527
19213
9895
1642
13429
10167
2315
19869
14668
19583
16474
9207
6000
5055
5916
19132
10951
10543
10841
8688
9063
1584
7247
21850
8499
20489
16071
6481
603
17083
14663
10454
12120
4713
13910
15626
12317
17346
8243
14960
6020
14868
2919
17781
15621
9378
1566
19955
89
5676
13448
6221
6142
4432
1850
12650
2405
5582
4271
7749
13497
12012
15842
2037
7379
7669
12273
4390
7188
10577
10777
8124
17310
14878
19400
13250
18193
3941
5318
11651
8959
2401
1501
2402
12539
15982
19971
17296
8939
361
102
8212
6190
2978
4614
13828
12321
11950
8348
21853
14229
2149
17387
8814
3055
10868
8819
13714
15393
2904
21107
13272
19361
18493
9986
1823
5007
21620
3147
2628
12153
13139
7903
5334
13827
14371
14037
2774
4580
3486
10286
2777
18590
17504
15416
4698
11424
16464
7211
13127
3751
18751
1294
5729
14176
9578
16389
10345
7111
16662
2154
19609
12143
15139
3174
12306
3570
11838
10043
17029
12387
19559
21049
17006
10986
2109
2239
14452
814
18929
13796
15412
6572
7555
21158
9849
20760
7907
3084
9669
8386
8707
12450
2285
16793
16603
6161
10117
18488
16546
12390
17411
12115
973
21509
19198
18324
20971
923
13439
683
4544
12639
11996
18844
4873
14858
2219
10120
18576
17973
9625
8332
15349
4086
16342
8918
20257
13531
12947
4443
3826
15508
18089
6772
12508
8889
6438
14390
8436
14226
15226
4613
11397
7990
13984
20991
13090
14888
8903
21374
783
20875
11833
6083
5650
11443
19101
10189
4913
3683
7743
21713
11473
15337
21242
12698
7819
2637
478
1068
4707
6453
5963
16039
20147
2309
5585
20305
11462
10099
17067
2769
18077
4154
2089
16160
15157
96
15450
1187
10504
21450
18042
15586
2197
13672
11376
233
1871
12559
9603
6513
12448
9062
12164
17774
20836
15277
5075
12402
5053
9908
995
2327
4114
12394
2046
9538
4891
8692
13547
2792
13215
17146
5753
6198
710
20288
18884
4694
17217
20858
825
14680
2695
17302
10897
2727
6641
14299
1715
1635
18674
11827
20077
7148
7068
8491
10353
10950
6095
7305
17514
12298
1159
9176
6383
4219
15378
5478
4618
15700
13710
12665
12284
11404
3515
10853
19632
2638
2339
16431
8685
10393
6386
9036
5425
139
21618
6393
15828
8784
20410
12834
15303
18171
21302
2092
10686
21533
8262
5185
14109
8333
2871
6754
21008
14185
3497
16402
4910
5630
18290
4769
8776
2655
14301
16275
20807
17772
4109
4750
4303
839
6016
12119
10747
4378
6199
18467
6
6653
18778
21965
10460
2067
69
2954
18038
6440
9451
7642
16009
821
1934
20135
1938
2496
10376
19177
4752
367
2748
18562
10334
21291
1302
21992
20999
15005
5534
14268
1618
7040
7666
1175
12343
3889
7986
9903
11513
5255
5064
2342
17005
12940
3892
16235
15421
3910
18337
9166
15636
17815
4949
21743
1089
12865
21738
11313
20341
12277
4704
14058
13241
1269
11088
17108
7614
20601
16035
694
15645
9685
18418
16779
7037
6658
10953
7586
21764
4356
19470
21372
13971
4234
15836
15256
16463
21424
20995
15710
9484
3620
17350
15689
18142
3276
2813
4719
20296
13165
5921
1419
6893
19510
1833
7867
19433
7852
21017
120
3586
21000
3385
12147
10326
20857
19549
11696
3998
15122
19103
20404
12890
18095
21593
8223
10902
15546
14689
4484
6451
21229
9470
13185
1133
14872
1166
3877
11924
3810
1731
622
15772
3789
8062
18232
7189
12010
15930
20414
9985
8696
14908
12
12473
15724
21096
12899
17680
11870
17290
6515
12414
2852
2706
19821
21025
3255
15465
11692
11679
1551
4462
14569
12846
19393
10129
5721
5142
535
2250
4879
10660
19648
16585
12454
13676
2558
8567
8071
11691
16624
12071
17216
14618
15286
11905
5762
11488
10462
9122
20899
428
10469
8747
5749
19918
20336
6331
15993
12201
3676
20041
11121
20115
981
16357
16002
2893
10231
15063
6847
4295
10010
6362
17542
15048
7721
11063
2952
5889
5596
14905
14319
18856
17423
16047
11657
13100
13611
1628
20822
8623
6249
1417
856
16015
673
21656
1164
2587
18968
5038
18007
9597
18417
14939
19194
4353
8076
8866
17665
2649
13092
15500
2821
16409
11525
6315
18830
8316
16600
21166
7844
9730
21638
6654
14066
11555
8350
1289
4027
13969
4434
9738
2802
19927
8990
21970
1345
7675
7261
5677
12771
2096
15474
16696
6627
18671
13977
13601
18791
18330
19012
5883
1550
19058
7077
17010
19546
10302
14396
21817
7554
3473
17506
11771
6844
9202
6528
3767
7329
6547
4589
17601
3594
2380
18061
10733
20556
14089
18149
20751
15032
12360
13546
15596
8879
14869
14719
5853
16608
12853
13445
3898
14053
1443
20542
17149
7839
5382
21666
97
2665
4360
18789
1248
3668
14715
11998
4638
6274
16187
8246
12972
21464
18176
21339
3272
11317
2407
11510
10725
17743
9198
12512
15774
10525
15644
18583
17200
7584
13442
18545
12849
14169
7060
6716
9610
254
18309
7793
8620
7330
2633
10923
14971
17830
17638
6173
20211
19806
3769
4340
13507
14973
15803
9382
19037
13762
7212
15799
14990
18666
16102
1776
19796
15241
14188
12465
15071
13935
4563
3151
19586
14005
18087
21697
6911
1556
6152
10740
16250
321
12690
5241
10912
2468
10978
18211
21408
8298
16729
487
18538
5224
18731
14739
8467
14476
10390
18201
5989
1644
1426
13696
21913
18326
6085
17933
7529
262
11967
13835
13412
5568
6632
3057
16490
1472
25
12984
18199
17012
7477
943
2251
5602
1951
2989
16694
2253
17836
13209
16173
20346
2844
2959
12863
180
16574
14156
3167
15217
16998
8399
918
18238
16757
15533
21392
15074
12652
5050
3626
9067
7245
5806
12233
11938
5331
7521
13869
19839
20951
4028
6876
4952
14629
13781
17081
15237
595
14075
17505
6448
3483
10342
4875
14852
18005
13965
2427
3078
14547
12904
3061
19237
12836
21310
7084
16367
3178
1964
18447
13836
18805
7460
13933
18405
236
3729
1126
15498
6403
19995
1181
1600
18800
8777
4803
3513
19035
8199
21222
2646
12420
18308
7794
2256
6722
13137
10829
4081
6617
20953
4861
17575
3318
19268
661
13889
2581
14024
12581
13640
1701
1939
14695
5313
9427
16088
4739
17325
3476
16627
5730
14123
3596
13322
2549
5528
13498
19168
2810
4776
18702
12070
15507
5626
5294
12752
2421
18316
15565
18362
6992
12514
11362
320
17936
19178
11309
16156
13039
6559
10474
10714
19462
1052
13491
819
18014
18619
12336
8422
3426
21415
17284
2255
12589
21142
15894
13403
1587
20154
7539
2378
11210
18030
20418
20625
20565
11032
15314
5865
20997
5371
14620
6941
6631
15764
13471
16538
941
13190
9464
14128
5982
5042
1071
9562
21475
15648
1930
21642
4248
15839
854
2163
18210
8356
4233
3587
18281
5992
8930
12593
385
11231
17523
13850
9632
2103
12997
4164
7672
2116
8006
15898
17838
21860
5029
1867
4273
16942
20352
16966
2338
13261
15408
4147
2119
10034
19495
3689
9679
1452
13685
1471
745
8871
8780
723
17037
3049
20908
21754
20285
13407
1258
17516
1716
9544
24
9938
14669
19593
1087
6656
7714
10904
10464
11690
3612
8216
3809
4696
5510
14523
940
1854
5440
8089
18022
1384
10774
3249
19172
67
13177
17496
375
11750
13725
21683
5234
19746
16719
4331
2493
5742
9747
20505
17324
8441
19640
7204
19939
8812
8972
9682
17869
3985
19450
16851
17539
14738
3915
10362
3467
17609
13593
8855
1331
8908
3879
18686
16887
14940
9087
19706
19989
18203
19538
3369
10884
14136
13101
12785
19959
21652
5251
20976
3899
6600
20097
6137
4362
3542
13930
7689
9946
9887
19958
10866
11606
117
3327
5520
16961
5587
16456
2582
170
20359
17541
513
8955
16137
7297
4097
2562
13140
21082
17813
14643
1750
8520
615
4341
11509
3768
2772
2087
10415
471
15860
4444
15313
11372
13713
10995
20389
1193
13919
1769
16614
15512
14441
2079
10596
15046
12526
14004
7285
19980
17537
11246
13820
18500
19654
12207
17492
7256
21056
7524
4906
7228
13990
17675
14978
17235
3646
4458
5127
7915
18749
15775
8541
14454
16441
4165
3125
10335
7144
5962
42
1591
14532
21712
17842
13337
10755
20265
7004
7897
9997
8411
7163
6943
7668
1005
9810
3748
6031
7828
4252
890
16665
17268
12117
9905
4400
108
13790
8150
5934
7313
6151
21614
20462
15641
11959
11599
830
13398
15235
12265
10235
15445
5940
19999
6694
7797
2642
21337
4687
21041
3647
11952
14479
17337
5113
1389
8842
5346
653
21271
2542
427
4398
19015
2495
17498
736
12669
8564
6717
20810
12104
19922
11741
6293
11573
19543
2211
21417
1045
17854
18499
9982
3224
1362
11147
6211
899
13817
7124
17247
1423
4523
20855
17127
14293
16063
21114
20080
4089
18750
9989
11233
20683
11243
19423
8728
917
17522
12648
10956
10606
11900
7999
1557
11642
12847
8834
5525
11271
9419
20390
13320
19845
17330
15054
7884
2284
1549
18895
8849
17092
5652
11019
6769
5054
11542
4904
20361
1851
1107
13787
15858
14588
14827
12982
2576
12845
781
741
17129
15972
12096
14607
13114
18352
13168
16274
11694
13252
13577
20892
10242
1022
8618
15231
21561
2658
350
7895
11270
3813
5280
8768
16059
15230
6762
16803
18025
10801
7021
16908
10433
15721
12538
21554
7679
19827
19868
98
4139
21966
4717
951
960
2413
1342
11720
5030
21197
8902
15407
11113
9787
13847
14533
16028
17248
19674
17961
20841
20380
18208
17926
18108
17911
3258
11302
3348
6004
18117
2105
6649
5837
3782
2205
9595
2276
4058
6309
15579
9740
4947
5429
13808
3415
1361
14309
12106
13013
21630
9406
18532
15155
10608
11719
20536
5436
20116
5304
11511
9035
883
15118
3814
4665
14199
16334
15918
19527
1914
10288
1260
12399
17600
19294
11669
16245
185
15907
16845
11732
7540
1235
15197
18341
7190
7579
15729
8589
4774
13909
18269
1014
7972
18745
17829
2374
2305
17484
6379
7740
8271
4787
5047
8293
2716
7870
2613
2003
20629
4914
4967
584
2272
9193
5718
13389
18342
8473
1180
868
13720
20578
10870
3880
12493
12693
1517
14787
3098
21181
4438
7437
15083
1406
16282
20986
3750
848
14925
9304
12656
720
16541
14276
12244
18687
589
18879
1008
12612
17924
14457
18511
1069
1043
5812
11845
15536
12099
3959
11777
606
8142
384
3556
15550
3902
5941
20066
17276
13273
15492
307
16763
8384
12497
17051
10004
12376
17761
5024
4382
3579
10592
17198
20239
15293
122
4520
7940
16876
9920
9507
5267
7157
4954
9951
21946
5014
19504
5722
13435
17943
18769
21653
6337
3377
10401
9117
2406
4935
9663
1623
9297
6550
666
11346
3580
7402
3874
9467
18489
20808
20279
7311
16462
18708
14664
542
5895
869
2502
14566
20820
16166
16737
5968
4629
6427
8251
11911
8702
6189
15673
15629
14140
6982
6963
10110
18926
13262
5266
8238
19006
18893
3044
20303
10484
4979
2778
6998
13555
8617
21602
11416
5482
19634
21756
1608
11278
2726
19120
12763
19256
1637
8431
3289
13528
7893
18033
12871
13253
13277
3603
21786
3573
4688
18504
17698
20402
7920
2848
18371
18878
8913
3402
306
860
14848
9994
11755
16524
20748
15093
3294
21299
2793
20345
13154
2345
10177
14253
19852
19005
10182
2763
17629
20063
8690
5876
13451
20935
523
2985
6105
15593
14217
3958
7831
17073
4800
12333
5719
6304
3071
14535
13987
165
6812
17406
15707
12505
8351
19031
13513
20255
13669
21259
2438
19671
5360
8023
18156
1203
20660
522
20169
12781
15672
7474
19214
20214
8969
10855
15424
3654
12227
13955
16922
14786
8921
12344
12522
20164
6143
14867
17415
18558
21805
3796
20528
17604
9560
21887
20487
19556
19338
13184
6896
21024
14303
20232
5451
19212
15780
10293
11916
9846
6410
5096
4898
21622
17709
1150
8054
8877
16612
2450
18365
9260
17335
7215
17144
9458
20923
202
13297
11445
14627
5851
15035
17134
5112
11045
12384
20722
19770
19274
19708
145
7186
18213
14179
14887
3045
13353
16582
17128
20778
20150
7250
18923
17196
8151
7108
7804
11664
18185
11152
17176
7129
11
6003
8273
20674
1366
20737
2691
21918
6570
19413
10664
21385
19205
10862
20424
14949
2323
3848
19129
13861
21407
15537
18675
454
21949
21084
1165
3015
11575
15026
12381
2629
3894
19297
3118
9033
10066
21319
17174
7876
6742
20453
5949
10682
6643
15659
7278
19783
9509
898
3670
10125
17652
5164
11236
10320
19944
4397
5192
13238
4143
4969
10146
3691
19021
14733
4452
5850
9935
16900
15978
8255
3737
8297
14093
15753
14046
20234
16403
13331
12647
9241
20037
8861
21894
19785
16449
3652
11023
11540
20002
15776
17794
20183
20134
17275
9642
9326
1991
1532
441
13194
16745
13077
5305
12032
5765
14795
20741
39
17834
10768
17040
13925
4123
13972
9200
17540
7938
10264
685
4602
5463
15288
8120
675
20819
383
7248
607
6050
949
8198
1117
19773
13163
6084
16979
14469
18236
18340
18618
15796
8970
12813
13223
20385
19683
881
6983
21838
21512
2514
16868
12774
4399
7265
3565
3159
8844
779
2059
21469
7185
1520
12144
6860
17681
7943
15426
13276
2194
20113
4890
8640
20851
19695
5564
9667
21419
2931
18901
9376
19227
4841
3818
14634
20053
13832
18235
10373
14137
19604
19300
15493
15468
12460
9547
17860
14686
20244
1743
11093
346
3872
16720
19716
8828
9233
183
11072
1574
16958
11128
17603
10211
14916
12174
13035
5641
1343
16148
20872
4999
18719
6165
8177
15864
17283
19487
2548
21721
9529
20540
19517
1657
8325
19607
21682
2084
596
19134
9809
10810
19828
9583
13716
1849
7464
5343
2019
8529
15156
3658
21274
4095
16383
17809
14220
21502
2464
20163
631
19135
19961
11320
7824
20485
1222
18175
13000
19106
1016
10064
2505
9570
1819
21295
3148
11487
10210
8329
7007
17334
21386
21562
21785
5347
4962
10201
6525
6087
5961
14318
1429
20989
15663
10578
21058
6164
3719
12334
14373
13514
11030
12510
12259
11738
10743
12445
3994
19500
13480
3418
10622
8785
3416
7199
4106
17991
11348
13736
9760
21641
1188
12416
16702
21994
11588
6990
17469
1811
6454
6466
17647
15510
14653
2696
15466
8769
18517
7390
18102
21772
14597
12776
8167
21128
10101
8796
15990
10115
14432
9262
13449
13263
10517
6514
9242
14111
21060
3845
16551
8641
10926
15347
8757
16133
6719
15189
16923
6721
15854
2161
20242
15090
16337
5106
4274
12711
20304
17151
18994
4632
3051
3527
7856
13088
21588
15224
18721
6901
3582
8359
20314
15950
12562
2224
17805
18420
8445
11745
11609
13271
9579
3338
2354
1019
15484
1687
15712
10564
16943
13105
5828
12748
2319
12219
21463
3390
16850
10865
7175
20012
11801
15064
9618
15979
21014
20846
13452
10085
13121
12946
3893
21495
20613
16398
4063
15754
16237
14330
11533
17025
4172
3123
21380
7450
13249
17271
1402
8107
12649
7131
4439
20793
10856
13634
6192
462
9914
2220
19258
18455
13066
12692
5338
20675
8204
11841
1665
419
5095
7249
6284
15078
21404
3313
1830
2022
1247
18298
9504
1280
6265
10005
3896
5617
9912
14477
713
16526
20982
7612
19952
13200
21893
2929
18546
13897
11769
20088
466
6171
8170
1307
1282
13754
12542
9506
14671
12506
4577
9524
1039
21120
18753
12826
8826
1316
3363
20270
2064
6185
12411
17082
10347
15141
2745
13673
4298
6033
9749
3450
19789
6500
16138
6845
11582
18293
11303
831
7382
20218
14334
15223
20764
15568
9468
8379
17754
5189
21117
7103
7709
134
12085
3155
16934
13887
17502
20853
13880
18641
8627
4001
17243
14273
16707
15825
8753
6394
6795
16758
8155
184
6904
14219
8305
2058
3387
16162
20965
17569
4501
9782
998
4000
1842
3162
15616
16902
13481
17470
15402
14384
3129
12668
12667
18279
3209
3216
20667
3335
9821
12134
5428
3591
6058
19448
11868
7762
9645
16960
10096
17972
4619
8714
16388
1913
12749
21264
6937
5664
4831
14831
20928
18629
207
8766
15411
17758
11196
8597
3169
2397
15783
7883
4925
13824
7107
1868
7664
11931
8336
5754
6688
15397
4358
21719
9724
13129
21305
12634
20199
21437
10023
6059
13742
5767
337
10993
66
16661
503
15387
15301
15607
18301
8659
15761
7694
4266
11714
20358
11703
2088
15473
11447
16240
14235
13688
4518
4105
12489
6788
11501
12679
7104
11200
9569
13792
6711
7901
9735
1617
2807
17951
4701
21094
7941
3282
6472
8674
11017
9413
12897
7170
1779
11310
9342
19665
1793
4075
18658
5172
20534
20566
16529
13539
5888
9008
12689
19396
9486
18320
9837
10510
7015
1372
18
14970
21773
7602
18566
17928
1901
1511
10612
20904
18200
5411
10086
6792
14693
1999
21016
19251
21591
17730
19348
17312
10526
17806
15168
13550
5708
18783
17710
13258
14667
9215
10052
3597
326
3995
19191
1496
5758
21046
14278
5867
3341
11257
1704
2329
21498
12315
19723
6424
8797
20686
10073
18976
17729
8289
20956
10416
2307
19441
12208
6496
6181
6468
1562
9759
19418
6739
16190
4670
12188
6640
7854
17735
20662
15740
8963
10846
21089
9203
20516
19158
21863
16004
15798
21174
12900
986
11262
8736
6201
17803
10541
19756
7423
7952
21611
10155
10712
13581
15287
5035
976
1624
7647
2311
14729
9349
11005
17301
5814
14999
11170
16990
8967
210
15633
14358
3396
764
13351
18393
14225
7886
780
5393
2668
10268
11768
12651
2332
4522
484
4310
1590
18086
11038
7673
10162
15928
20460
1440
7724
16857
9002
6573
17810
15651
9157
3569
7069
18138
12440
16471
19880
5302
6483
933
18547
12907
5317
20901
21673
19615
2353
17837
10028
15606
13524
19887
13003
5333
9235
3907
9882
2337
15119
17501
21693
10943
4583
19211
2627
19218
1066
9394
9357
1032
12038
20996
14249
1766
21906
987
14637
20974
20619
12054
2538
6340
16753
5177
10550
8891
21482
13150
16488
13724
14372
6135
14582
2479
4260
21836
81
20617
21537
2771
15519
1287
11566
20950
13723
18409
13765
3721
20160
439
1090
6195
14725
19759
13778
12293
7384
14798
13564
11628
19584
6365
1037
19651
7945
3616
9858
13295
11476
2935
5696
5846
1339
14038
13681
16833
6674
4376
5263
10171
20839
13041
15100
9367
826
16372
11890
10746
14576
19670
2690
15091
9975
15837
3484
10539
5487
3397
21460
21235
17599
18478
10625
6774
2045
2524
18908
15499
21086
11963
19224
14453
20203
1392
18970
21246
17588
17448
12451
16321
6313
1430
18700
565
14246
16144
3963
2114
21607
18891
13571
11983
4807
5966
15295
10020
10728
14554
1516
21116
9174
10095
11287
993
8821
5010
19263
13945
17063
3911
18111
16355
10588
8046
19645
8304
3236
18693
21795
1596
4496
12795
4805
13032
6118
10445
1359
8563
13954
393
2686
19501
14141
9436
17389
5556
14561
11249
17739
14704
17906
5297
15143
12700
21924
3954
19023
4329
15023
15439
18358
16756
7280
8221
795
17717
18053
20464
21269
3884
8364
9834
7605
6093
5390
10584
14835
17454
15396
12261
20579
1254
7742
16105
8257
9448
4037
14930
10030
5079
10927
2619
10628
6586
12371
8595
20502
14216
3240
3491
21532
20187
14400
2146
11436
2002
156
14986
21527
6723
19189
5176
8738
10655
16846
5507
16616
20137
3755
2912
5624
6141
4287
10528
9186
12129
5974
5873
9939
10380
3636
3861
18459
1626
7403
3485
16715
8591
1461
18953
10076
8559
20455
5321
14119
10689
8553
18761
19048
17887
20047
14262
12760
2554
9814
3310
4517
7201
20482
14029
15480
14413
19687
16855
15615
3033
11451
7081
20883
3967
13396
11349
10377
15938
17750
5927
6350
5178
4961
15555
7476
13009
7949
15614
16308
5657
5702
9661
6879
18148
17509
15018
4395
10071
12790
19364
16873
8034
319
14635
1288
20733
12202
13705
2657
13788
13989
7685
13187
4944
11737
1348
15502
6553
9354
7101
12797
7018
11202
21988
4038
11531
11502
9345
12604
20284
20093
14966
20691
495
20365
2875
11283
20167
548
5524
9646
16986
5157
3951
20224
414
1909
4799
12098
19761
7292
20458
12772
10816
4
7419
2718
14687
7102
9134
12714
18464
6063
7976
18977
4746
1565
15810
16953
20007
10779
19720
3120
13525
17579
13305
2652
16973
3650
9261
2060
19298
1144
2117
6743
18997
6707
11641
6914
3925
6127
17180
15622
13690
19711
12942
1479
696
235
13302
13234
16549
16377
7348
19111
5854
13323
14670
6018
11343
12885
8981
21612
11469
9838
3942
2900
2662
21427
5290
18999
12327
10791
18446
16977
14546
18153
19865
18939
8044
14051
14609
21895
20098
6237
9288
3929
6518
3438
4531
4351
5646
3688
21439
11399
3741
1358
7551
2392
16718
15988
247
2047
9138
2166
17087
14465
13944
20847
17673
5914
5860
20484
16495
4283
17863
7315
7845
20561
260
4516
14230
19934
16814
20980
9447
18635
2856
7994
20015
14323
707
20275
2322
17493
3957
1619
706
11086
5104
17997
10565
7342
5897
1533
13928
7697
9842
15134
18601
9566
11811
15778
8578
1560
17913
6511
287
15336
13307
7057
11190
10003
6220
3702
20162
8312
1616
1891
8285
1296
19340
7290
16801
8920
13289
13851
7334
7667
2990
14804
20388
19469
181
19003
10147
19157
16095
10198
19034
8016
10245
15471
18136
9972
16030
13813
3984
16293
16130
21228
13775
13487
2926
13694
5465
5665
20767
17182
3252
8227
4007
13162
18565
13829
17219
7536
10908
16628
4195
21125
10975
5778
761
9880
6037
12685
5163
8100
12507
4207
20981
5575
17038
3593
1486
19067
11836
8148
17199
7885
12282
3634
3474
19288
18582
7300
3221
13822
8231
7750
9807
547
1030
21135
16668
18655
18474
11280
380
3141
191
16361
18978
12329
3006
5786
11041
17104
20391
18712
15617
19800
737
11726
2504
14426
12954
21479
11455
5370
14355
14254
261
20729
20638
10305
17930
11620
5904
6969
20813
12258
3075
12955
863
13902
18452
13027
750
15267
6636
2026
3095
2344
16620
18325
5782
19100
5535
15068
9949
10663
16937
19724
16328
3798
10808
4275
9537
14797
5472
18530
18922
17152
16698
390
10490
6305
256
2694
268
3727
632
18285
255
6398
11742
16429
17099
12867
18637
19071
6995
2195
11875
3328
9907
9099
12067
21979
9741
3937
12695
3290
12746
11351
15413
2376
15472
5171
9572
14459
18811
11410
17685
8848
15099
5306
8672
14540
2455
1835
9284
13996
6555
20202
5076
15845
17968
1202
11293
5134
12407
10769
816
20470
18398
11843
14830
3722
10557
19737
15076
2969
21599
12232
15505
15266
8279
12307
2135
15986
21859
3787
12154
21362
20557
4581
21097
8755
6326
14684
695
21980
10366
676
109
21162
11369
1381
7581
12995
21549
3356
19341
19780
18651
498
19847
11304
8349
6474
19608
18009
12775
19145
18985
13642
19368
18192
20107
14190
13463
820
14065
12658
12447
18605
21844
16883
17179
8374
18092
6278
14911
16364
18140
8079
2090
16842
5221
5206
11046
5627
6247
20384
20649
17876
4744
11355
19966
11539
7934
17927
5061
15284
7486
17742
5015
16510
7080
7451
17138
6381
15479
9502
17266
9558
10107
21326
4433
7566
11969
2854
21012
17643
4492
13757
3917
10621
2650
4459
16771
20
1697
1382
14806
16654
20068
1217
15003
17760
5493
20191
9397
9211
1347
2571
460
15556
13057
20752
14789
4049
1841
9528
20056
12962
6286
12520
14711
10910
4126
2784
2062
14401
1142
8901
12481
10471
21833
613
14087
15275
1044
17486
6490
10241
2853
13698
11013
5704
4120
21902
31
4404
17119
3534
14760
11797
5315
20136
18137
9995
19344
11333
11312
585
19142
18389
3477
12794
4712
8102
5536
13267
4554
18850
21002
16903
11607
16999
8030
1413
14001
2334
16935
2687
1809
8857
257
3020
19666
16839
28
16736
1904
11637
4598
5521
17014
21710
14180
2722
4098
17623
18632
13633
21757
1275
21937
16091
3530
20818
12560
17278
9833
8750
17001
12296
14275
15021
5199
485
13051
3684
17497
21369
13310
10240
6749
10051
950
21311
5714
20048
10223
16265
5240
11031
18106
5265
16305
6817
21590
13618
12429
20250
3440
15682
12041
17211
9557
21571
12467
5878
5706
13678
19594
16110
2765
5919
2230
13159
8569
8720
4385
8169
5899
2436
17672
2869
9010
20144
4030
6194
1577
9598
16735
15923
18169
18065
7644
3187
12476
11446
19662
21354
18661
8601
15009
9347
14291
1544
7708
5082
3461
11522
10753
403
3828
9441
16579
19249
5986
3699
14328
15279
4314
15073
1821
20059
11949
5783
16296
7597
12861
11806
9080
10035
6450
18353
18204
17488
789
12290
4593
9244
2070
10309
11858
5741
7637
8501
21582
5154
1973
7573
20466
19897
4355
7128
2747
2864
7435
21609
6504
15034
8522
15757
5181
5300
18959
6509
11142
964
3947
16295
19613
11840
21042
18217
340
2097
9228
18860
8373
6539
19614
14838
16125
19554
1641
5410
2988
6130
6532
18728
7448
2782
10258
6840
19990
309
1338
14912
4176
3832
3723
21792
19820
3165
13014
12401
6930
16480
16761
16568
2386
1116
18513
19740
8412
14239
15427
14953
16872
817
6954
18594
5232
12103
7659
18680
16553
11377
6397
7725
8614
2594
11103
1156
13340
8587
2396
16641
14968
1575
16181
12361
16331
9727
14424
17583
753
5307
3718
11994
5369
13428
14116
1169
15866
2711
984
5298
19063
8029
1673
4079
2458
10124
5281
2071
15028
20779
16877
1890
11616
14013
1085
10435
9605
21156
3003
2083
12453
3026
3776
4862
10363
19370
20230
3532
20876
5264
3094
17585
14891
12919
9627
772
14979
17699
19193
15768
8642
8894
18401
8936
12558
8418
10533
12278
2158
7263
12974
10358
1346
11126
9175
5443
13845
2891
677
15608
21185
16841
18177
6353
13123
2
6638
14436
15520
13777
14988
777
4760
3411
11766
7866
18559
16090
14493
16394
873
4676
284
13700
7375
8158
1960
21108
8626
8839
15431
4326
6212
6584
10615
15553
4724
5791
2712
20344
5288
20166
4088
9892
7187
18335
19552
13473
9040
9959
4469
19521
12410
996
7977
1185
2743
13903
12300
15750
8788
13083
20287
3869
14423
20094
11136
19001
12210
3934
5048
12713
9402
13656
20771
13702
20942
19621
19758
10700
7321
17412
9872
16043
3046
12239
6277
20801
6269
7877
6108
11438
751
17024
9823
10015
867
13663
18883
19978
18681
575
6036
4624
16774
3512
10999
6100
16939
2648
17214
5715
19834
17560
4732
15889
2293
3493
1394
14963
9089
9383
2842
7898
21769
3192
7089
15162
16052
12348
4663
13917
19525
655
21344
3975
6683
12005
4307
7269
15926
21006
19148
16346
7254
18646
19953
19326
13132
18536
16023
9209
15906
15574
4648
10749
11055
8014
35
9021
21191
12072
12171
9380
9476
10804
16299
18709
18833
17315
3077
3353
3630
11009
6856
3618
3394
10284
147
16214
6874
11794
13552
1425
13911
21057
6183
13371
10038
10412
1945
21927
19025
8342
4103
9699
1540
16880
3891
16124
20329
10602
1790
16878
12313
5327
10057
17167
14924
11874
2120
20339
4876
12435
4759
12575
8417
11414
15446
15191
18652
10300
14659
21975
452
16262
17989
10683
18154
18345
19872
9676
17921
21714
1242
7925
7468
12975
13526
7363
7058
2141
16062
10297
14114
5698
4046
11281
3410
4636
21414
13863
13375
21338
604
15652
17422
20826
21964
12828
14527
2225
18076
20157
10656
3595
14619
17191
7652
7610
13941
7526
17976
18730
20590
21053
16353
7645
12045
15449
8101
7840
17811
7936
812
2741
13006
11758
17308
19317
3164
20708
14758
7064
11861
16909
13830
17580
15494
1988
4617
20572
11760
17215
8189
7656
14339
14160
13791
17135
9294
2416
14871
4235
10012
1717
5235
17399
18270
6526
2077
641
8211
15522
10839
12579
2122
16248
8678
21909
13492
2368
11052
17084
7499
12640
11350
14288
13797
4917
2598
6114
8416
4529
10523
6750
153
6784
17923
1120
7757
3323
9323
16804
9940
14728
18079
19712
763
14494
4198
310
21551
4644
1976
4936
4258
13436
16716
953
19248
12800
4845
17059
1139
17232
1265
649
9926
18835
6701
4884
15338
5689
4369
14957
12696
8489
7133
18161
1839
1889
1355
18645
14237
2509
16622
21661
3168
8958
8599
5578
16207
17720
13397
11603
3136
7778
5970
19884
20192
8125
3040
11613
1178
5950
21822
10873
5208
8301
7516
17979
4652
8462
4480
16311
10598
3705
13001
5149
2818
21153
8594
19678
20863
17666
9714
14861
19644
1160
19149
10429
16344
21001
8893
13431
10760
64
1908
2030
20201
1746
1719
2561
13599
15259
1593
1728
8343
10784
21223
2297
3099
17021
14545
14112
10371
1168
16509
8270
6484
16896
14516
4253
2757
5126
10750
8602
14683
1971
2452
6588
11413
983
8712
3953
7888
9425
13621
4757
2443
19289
4970
4991
4553
15400
19967
639
14067
218
8450
1881
5100
7380
18890
9582
9564
16755
19873
20140
7171
14181
2252
10262
1832
9221
9816
17477
4535
13646
16956
16685
4675
859
2766
17857
142
14175
735
1385
9818
16200
10992
234
15922
14612
4570
11171
15525
20335
6966
13637
6712
5591
20802
12458
8686
11789
157
8321
20900
8470
14101
1353
5697
12413
19848
18670
10340
19767
4871
17873
18787
14955
7782
20545
16733
15052
10159
10825
16340
15214
11275
18109
17320
14345
4770
5658
20912
4337
19727
19531
6436
9561
10357
20188
3058
20038
5691
2725
7475
21705
13607
9779
6123
13489
20848
7984
5200
5341
15372
13803
16686
17013
19754
18870
19717
2385
5870
17770
1592
638
14977
12432
4067
5929
5005
1615
8965
250
2099
4474
19028
12517
19075
704
7074
8962
5781
14542
18491
18378
17463
13515
17529
6960
20337
9957
3228
112
20707
6552
4840
11437
17181
15121
9195
13282
7788
19515
17851
19062
9302
7255
8291
14107
17676
13838
10668
13992
11163
15715
15350
7911
219
4199
9924
14042
6543
2004
4543
11958
17510
2486
15017
2447
10364
17425
21333
6376
16829
932
12299
7154
36
4450
20060
11284
1476
15463
12355
1676
16759
3663
20977
19077
2879
18369
19233
18388
7545
18125
15497
1290
5269
329
17114
5584
7116
13104
17274
14910
18518
7275
4905
336
11028
5590
5243
17121
956
11145
9111
19900
7141
10225
6197
16667
4533
8675
17948
11589
21826
5925
4012
1724
11927
18947
3851
12366
2992
4108
1774
2417
12911
7126
8653
4010
6252
3926
15751
7950
20770
7505
7022
8583
884
19185
6217
16434
17044
18554
12820
9435
14661
13109
8786
11499
21996
19553
15518
10185
7445
16271
5667
16750
3454
19247
3516
9445
15850
2290
16764
4923
7686
10134
3004
2636
7730
14167
10221
7917
3922
17102
5540
20937
11240
3574
19603
245
19278
6618
20312
17919
1634
20672
17297
1230
1439
11153
9650
10226
9358
6886
5628
16657
5207
12235
3713
15958
9604
9687
20766
1625
4419
13022
21758
2885
4163
18692
2616
4860
7926
2861
12042
8555
13856
15945
14790
18090
15637
4111
19080
20465
16907
10359
17443
21854
21033
962
21628
21581
20220
19411
19373
19571
5681
4896
1758
15802
7335
11526
21820
17439
16467
14312
4945
5924
19154
11921
3562
3881
20252
7
18806
9455
11295
8203
46
7033
20401
6492
10736
9238
11060
11027
10447
11753
21145
21444
3109
1911
15462
20492
13641
12427
3264
5229
7076
3154
11290
3299
4495
9189
21063
4672
8035
19943
3817
8574
21131
21872
15630
20441
20959
19221
7434
15115
7717
1078
10294
14985
8496
16892
12249
8872
6324
19460
15995
1906
887
7309
16149
16049
6330
302
3277
20592
12405
10118
16242
4292
16633
1950
8975
10328
16632
17707
13693
6952
14625
3553
17517
21684
1234
11756
12926
1570
10249
20677
16502
20632
19962
16899
11887
13360
166
17745
7752
20730
7293
19027
19700
15538
2448
10959
1670
5935
17206
13746
2124
17553
7680
15025
2715
3011
792
7325
20713
680
12875
15188
14020
3421
11187
21847
21064
8224
19018
10772
2579
18331
2752
8711
15341
16230
8735
3585
2788
16644
18037
8419
9389
7678
7013
9194
18771
18056
537
13978
20000
2229
12737
6698
11683
4044
5407
21455
7053
7117
14335
2298
10277
16382
13759
1567
21535
11321
6187
8723
13583
3653
19041
4878
13242
15309
21092
12206
16947
5449
6499
1396
743
17239
17433
14207
5976
16473
6710
4392
5379
9485
17071
20618
15296
5233
11222
2932
10601
15386
17996
6766
4843
3770
539
10836
6829
21442
9086
8179
2395
20127
14975
15506
3414
14903
3464
17468
3730
20522
20159
10344
5810
11668
14406
5431
14110
12499
11269
8982
7327
2435
19799
16031
10531
4656
11517
21692
21943
12430
19190
18436
5926
2164
21645
6625
18249
8536
7122
9520
10059
6445
16889
19351
19807
7626
16864
17018
15944
18782
18181
6254
1228
17723
8916
12624
8680
16590
14351
14892
4972
13518
20196
19600
17265
10690
765
16375
20271
12305
16545
17819
14767
7115
16123
3678
7677
4140
19410
17905
14674
12850
1048
10466
3856
18060
15366
11146
14513
17578
19334
10786
19226
13453
11813
2227
11082
12337
9898
17630
1162
2719
10614
21429
16111
10555
8260
13245
15458
14996
7135
10643
13609
14783
8098
5121
21036
5672
11289
768
16897
1959
12482
20266
14404
13384
5747
19036
3183
9987
13433
16978
21546
17030
2675
561
7960
7857
499
21963
13659
17123
21777
11723
3324
12089
11061
18766
3126
14218
534
13294
17747
16560
19243
16020
9928
6796
16520
14322
1910
315
5357
16858
19099
17153
12851
2023
6107
5261
6863
6670
6215
9039
2485
3499
493
6730
7217
19476
6325
409
11805
5247
13028
10332
19528
7575
1456
12616
18216
18715
8727
10209
5299
6372
11792
6521
15360
19387
7733
18608
7036
8414
20371
9786
6080
1677
15014
7025
15399
5494
21701
12240
6738
14369
16523
5491
1796
15529
7522
21318
10132
9971
17625
18524
16926
14641
19524
6387
21708
10508
2845
5709
7508
3210
10623
433
17045
3195
8507
13749
7455
2153
2218
16974
8991
2078
4514
12485
10966
20452
2176
2503
20716
21179
21395
4133
201
13540
9292
8109
3514
6505
9641
17288
14343
15374
10361
8045
16819
56
4880
9245
19587
3740
1571
2198
18205
13664
4424
4500
8378
17880
6949
10729
20326
5619
10386
4068
12866
1742
4794
19259
6075
12860
14177
9954
9269
9454
13590
10492
1219
4130
7027
7863
19633
11083
5611
12568
9763
16252
18754
7837
6908
17959
5424
4052
10844
13625
1370
7630
6842
9638
20217
19292
1434
5385
5604
4761
12020
11383
11439
8205
4422
15811
15173
15208
17192
15849
8608
9881
2780
14283
4115
4548
2547
7821
14572
15719
1283
20212
12929
10973
15213
5037
20347
1828
16559
6604
5141
20769
10581
6864
9125
20420
6435
21651
279
19925
8288
12724
17392
16656
1777
17379
20459
13895
16345
21032
18168
16226
10835
6316
13367
13218
4980
20447
4406
16806
20525
5021
18348
10650
3144
16920
17843
8876
9777
16358
13840
20104
3695
6556
10289
4918
9629
913
8063
3391
15919
17353
15554
1006
1199
20294
2645
9615
10692
14862
1607
582
20840
10790
7908
20151
14520
1221
6401
5081
8024
3241
21219
21073
3903
15352
18992
4782
17891
2366
3119
20387
8469
1412
6385
4282
5592
3510
14415
12213
4421
12537
10909
3430
4773
12702
2346
14198
1212
13017
8347
2029
6205
15662
11623
21842
20126
17205
1696
14003
8837
3432
4720
20743
3091
9159
9490
291
9695
16041
17429
7243
5777
4096
20898
7534
8495
374
17677
16674
10899
7198
19253
10031
3679
15044
4561
19040
2032
13045
8568
1130
14487
1498
1001
13506
1108
16505
15331
20057
16775
1096
5824
17380
21077
6218
15987
4193
13151
5114
8185
9962
14551
15514
16420
8706
10179
2210
9776
17826
6693
4525
10090
8822
12804
5
10549
16675
985
18376
2803
4180
4996
15877
14435
5320
20025
15548
1352
12716
12893
1921
12503
3361
10002
11381
6264
2918
3067
18190
19888
1424
9596
5567
17341
11709
16670
14753
4635
12237
8483
6579
11749
19141
3332
2408
5309
19272
20223
4639
21217
14448
9889
1764
3623
7466
3189
5821
10632
17091
1064
21763
18588
18957
5744
9273
6029
9240
18271
17478
11374
6191
2350
10678
14967
8280
8885
10465
14270
4053
3708
19879
1519
2094
17015
18070
13255
7052
17524
19451
20277
2972
10831
5314
5705
4190
11528
9214
8282
11420
21288
15269
1449
20780
5862
12433
4093
15204
3008
11324
16933
17778
10140
10054
8860
19183
21345
190
7587
13537
16061
15070
8808
19060
10172
12116
13512
18656
17719
1564
2614
3122
3409
19098
20413
18144
18993
799
935
2237
4170
16566
11829
16689
9873
652
9680
2265
6571
15418
13248
13055
20889
828
259
7136
20874
12662
12862
7277
2672
2754
7160
7234
4740
14749
9171
21545
6637
9268
8493
21312
20642
3392
3827
4971
1974
5069
5969
14361
9571
16487
19851
634
19993
2967
13192
406
14143
13553
14233
573
6775
13211
20258
7779
15676
14740
18387
4230
8377
3633
2836
21563
12998
21134
8708
16459
20143
12200
1762
21484
3621
4928
6781
13561
18244
12318
6777
13369
8011
20658
11567
10593
3342
11894
19491
16309
19327
10082
15380
17457
2584
20009
5230
4572
13767
3083
12701
8914
17354
21028
3997
4365
8554
8745
10803
19763
14741
4430
18535
9616
1923
11266
1757
14756
2330
4117
12495
17133
8765
18234
11353
19055
7410
13470
5150
5686
1183
19837
16098
13198
5871
1157
3343
12263
15417
12182
3549
4383
14537
21403
12274
6928
15422
699
20269
8337
18261
11601
4888
365
10858
5844
17466
18983
12191
2475
17866
18403
19123
3351
9340
14070
17405
17158
430
17530
429
2115
488
5834
13837
21876
16827
1259
20586
4864
8705
20488
7822
9456
10160
16428
17458
1252
15584
14657
17195
13
2343
19660
16120
17695
1807
5434
16817
19560
4921
3946
10441
7978
2534
401
15567
7183
1105
10765
19623
13068
7391
17971
15859
8068
19914
8480
4033
7900
10156
1753
6200
13169
13786
15897
20843
9424
18563
6069
8070
12814
10552
1253
7818
16499
17966
3584
12898
4138
4104
10199
21629
17383
5068
14427
14045
18996
2759
16408
4412
20064
12291
1122
10321
1905
12146
21531
8511
21541
5644
7556
8767
9590
18152
10756
18465
1411
11595
16607
3388
10559
18000
10280
8598
11191
689
21910
11622
11701
2955
14917
2061
20669
776
3793
16147
8535
13985
6182
17777
4055
4206
12644
21790
19128
12309
13761
19574
19432
15403
7871
7459
14455
1834
10163
19932
19499
5562
1547
15489
9688
5679
15685
794
5337
18831
10414
6021
8447
19375
13932
20580
15581
121
4527
9717
5140
1351
21598
8802
16442
8144
4569
18858
20480
4045
10906
17208
18832
6149
12635
11490
21797
2213
4507
3672
15571
1357
4440
17852
14755
16888
7425
4288
13370
6392
6931
1977
18909
12204
15709
13704
9932
12170
1744
13857
16484
2937
4352
2150
10680
1954
14941
68
6780
15137
20300
14172
1860
17249
18617
21202
17436
5711
16461
2041
12756
4835
14285
8032
9313
15246
21099
3988
243
14875
17377
2729
154
8730
3546
20964
20454
12332
1820
494
16588
21399
13964
21806
20852
5779
12470
13568
9860
9934
5354
15760
18494
20651
9970
474
12914
18935
2134
6302
1060
4051
6763
4471
8092
4071
4530
14951
17225
9277
16146
9551
13183
1727
13635
12480
16863
19694
13193
11597
16351
9005
141
4116
7179
8388
4470
11556
18649
74
12511
12611
17641
5046
959
9859
17559
5372
5324
4286
10911
13477
6865
4557
12375
21065
7596
7082
16497
11149
5019
10142
20930
9955
11044
4872
11265
12065
6478
6527
4435
21003
2620
20659
15953
17584
12272
9611
16332
17080
19047
660
21600
20172
20118
8539
4173
17922
15855
3350
14601
18979
6343
6426
19512
2399
11116
7736
16273
20804
18394
7031
16586
6822
14287
9983
9308
20882
8156
518
12855
5906
11329
10077
4836
2615
8647
4932
15444
18990
540
5040
16266
16882
18526
18912
1054
295
19975
21877
21188
14626
16643
14447
6019
3127
19650
21821
9686
2282
6732
1873
8173
10148
17848
7070
19824
11367
14315
6471
8793
6633
2174
5682
9531
5774
17741
14751
5638
12279
1580
17106
21540
13501
11185
7432
19867
479
18760
18960
13995
684
5044
889
17556
15869
2474
10109
10806
20887
4212
6109
95
3662
20408
21236
6907
4725
14665
1475
9545
21986
8413
18368
2832
18266
6715
9525
14472
362
3365
15806
10372
14784
10548
1907
5588
8059
19894
6039
11808
14208
21813
21478
16875
21637
6651
4788
7127
8782
1214
14332
9225
5060
2734
1450
19508
5951
6268
19306
17798
19066
12339
8544
1285
11990
21616
2533
19667
15200
18534
16406
17257
328
3993
13382
5554
5477
21734
20523
17657
17028
17591
10506
10967
18584
1200
11717
1698
12937
10174
12761
556
9224
19612
6282
15882
14813
16255
16784
19835
18502
90
13303
12812
7968
2467
8410
14314
17907
20426
6437
13763
19187
11467
19118
4318
840
1942
16648
10208
4940
10611
6418
11197
10141
15704
5227
15160
15814
18003
21200
407
8697
17802
4317
13483
9626
10860
21076
16636
10062
6903
4847
11089
19957
6800
11908
9568
1767
19262
6131
14974
2215
5312
9950
5756
6595
15254
20921
1768
3605
19592
16478
18268
7176
6172
5026
14362
8922
4332
15205
9231
11053
4615
17329
13377
10434
4347
2980
19565
20809
7161
13586
21810
16208
916
19312
12241
18894
8538
4197
9540
8097
3992
17711
2945
3544
18849
7347
2403
13459
1968
21892
18392
2082
7577
16086
11740
855
17653
7418
5504
14144
286
6285
21468
8566
11048
13336
4338
827
924
15358
3346
21525
5620
19567
19547
11364
10979
11049
17550
21882
17784
14162
432
7140
15647
11734
40
17525
10314
5693
13079
18612
11292
4562
7094
14474
12323
4699
10735
1103
623
5063
1588
17552
8294
10758
16743
2108
4697
593
7152
7470
3480
19085
20379
17635
20479
4263
3265
20036
19509
14152
20229
21290
21208
15985
14289
8055
1669
4714
1655
4074
3358
5911
4647
21594
16336
6429
15763
5001
9897
4486
15602
12793
2469
20486
12921
17388
12513
3019
21912
12063
6945
4402
14889
8069
12423
18598
11130
14483
10253
1896
7758
14090
18414
20573
15356
12057
15755
13622
4216
15961
3752
21009
12302
6489
6520
18206
12101
20714
16363
3173
10520
1920
7223
2790
20654
1318
2924
1295
4179
8978
1630
18885
11224
19000
1172
5202
10044
10780
12226
20381
17759
12474
1857
5512
3794
1004
6452
18443
12852
17003
4456
17944
15779
18118
3368
20443
14959
11579
10969
10518
18896
21187
18165
19730
13279
12535
11551
10980
13658
9042
16263
13727
18945
16267
4168
17052
17150
8703
7091
17872
440
12391
7732
6014
19002
4883
11635
6303
17764
11611
19311
11680
7790
10078
4428
9210
11965
5931
12686
6177
17460
6681
2585
7180
16453
5830
3237
12583
9854
14440
17896
12710
11025
13800
6367
8979
8362
6546
15874
6968
17884
8339
9091
1979
4950
4085
4933
18245
17279
12882
9169
18259
11832
2634
3156
15856
3547
15632
1505
5488
12687
14574
8624
10963
19309
5345
11772
19056
20922
14104
16941
1521
16270
13091
5257
10770
3132
19762
20114
13089
4218
16014
19355
21226
13096
14344
7661
15346
2249
20828
11892
4217
3330
15272
19945
11621
4889
18903
18346
11600
4709
4512
2770
7059
11034
16587
11865
3757
12848
10200
15991
7105
543
5009
563
17993
11773
7942
3680
10895
6958
6432
14085
12196
17632
10626
1984
3543
11899
20794
21280
18967
10882
770
16843
13780
6494
2878
9808
12484
21168
16946
21846
18820
19443
16426
8036
19781
8717
2834
8683
19562
19419
7072
20687
6976
21503
15042
2903
18361
2617
11697
16354
2855
19004
9739
7044
16521
15343
1226
9635
10046
8865
2809
3465
3965
8691
13073
7294
3526
7722
8741
749
10021
6634
1455
2015
7172
3146
10821
6360
6534
21225
14443
16256
10278
12491
15681
10641
12048
13632
14126
16805
300
2473
20762
19114
8372
13404
21136
17462
21784
19484
19335
5045
3839
6256
19986
4241
2052
18083
17737
21977
19581
14549
21596
7992
16401
18383
16333
9305
10493
11722
1050
8366
3753
8682
8775
5395
12211
14165
5408
21856
18294
14934
7835
19937
21908
10645
835
6066
10512
21382
7853
4646
2575
21809
2267
6575
19323
10178
587
12978
13915
21151
2870
20481
15240
17210
6447
9286
20575
8565
3639
16583
17849
13071
5553
17938
18029
12000
17161
7537
20844
6506
11474
17409
20412
16231
11428
14019
15655
237
54
21175
4690
13219
2625
18412
3716
15477
13467
15618
3062
12599
10647
3448
17050
15261
19474
19813
17009
2279
6300
3286
12643
21412
2604
20705
14791
18682
1091
9220
14025
3423
17420
5238
4078
3709
10676
16483
5739
20504
18722
10872
2370
9083
4336
21711
21984
12250
15158
3009
17393
6890
21953
12740
5825
1485
18940
3412
3725
10074
12827
1756
10921
342
9025
15830
7544
17254
7113
1585
16167
20823
7097
6423
1250
12939
6635
2546
5695
11036
16179
15543
1038
18541
11298
20001
6333
8704
17650
14320
14211
11770
14201
1506
18385
16007
14138
20333
13015
16348
5983
15600
10114
11029
8090
4710
17718
21040
19356
15863
17768
6391
4183
18047
1397
21610
12571
4296
2552
7230
3089
18873
20176
9298
3538
2862
668
2128
9319
18758
3459
15126
20445
15501
6007
13327
20138
18158
10613
4388
14347
10720
2913
801
6956
15957
8926
8787
11204
15294
10276
3643
7487
14389
5560
13993
15353
2704
3203
4743
2773
11506
11953
7020
5414
14775
8323
12001
11456
21903
18484
11699
16637
15665
591
20309
10864
10116
18956
14258
9374
21213
10741
8072
2574
3673
4721
9246
4988
7346
192
21780
12024
12253
14556
1368
14567
241
1524
11977
551
16174
17572
7703
2389
599
15147
15373
20283
4946
5809
17452
14732
14883
5529
9004
1814
19137
18804
20342
8172
9440
20739
17651
20718
10375
8284
5971
15227
13373
2867
4964
17582
21061
667
14280
469
10330
20690
16881
14505
4809
1489
357
3110
3518
14603
88
7765
16040
10881
20514
7784
715
5673
21787
15130
1407
18360
808
3990
16854
19161
11503
12316
1469
5031
13726
16386
19540
11465
18606
9029
16653
11495
21340
2446
20909
766
6590
11277
497
1643
18734
10898
12173
3158
18166
19747
11341
21126
19389
11003
8813
3761
14964
13472
5097
1281
15461
11814
1313
3763
2110
8114
2823
3644
15491
12631
9101
7796
20019
5542
1825
3667
12876
18595
21636
20865
2482
7439
1915
8391
5231
3775
17590
1558
8346
16251
15723
20979
8181
4911
12580
11273
15138
10639
16313
20204
16318
1730
16414
10339
5088
16530
14271
17512
4161
13042
6877
18667
11417
3000
2908
531
6044
2428
21328
14146
11080
3153
12841
15831
3042
4128
8159
10721
17145
1721
11754
4833
6648
8194
10991
6209
17889
8397
6925
4681
7951
11529
9325
875
6917
11245
9158
10473
8824
4542
21138
19541
7683
19337
19964
13565
12682
11158
3627
13940
15164
2261
9534
13067
18063
8725
13879
4519
9965
2589
21831
3054
6663
19426
15322
6332
1061
6614
4948
7774
12105
16003
2453
9922
21748
12791
5890
12123
20110
10337
14096
4069
21066
14694
18475
2318
16917
5480
21961
7648
15131
10098
12697
17376
20423
20298
2911
12118
1802
4597
21840
19315
11835
2563
18855
5555
5977
20987
3807
18296
10880
6169
9331
2939
12498
8701
7238
1390
13983
5589
20798
1579
4189
20355
11327
10771
3347
19742
20200
12437
8057
17659
11815
11074
19729
13545
7169
6828
21078
1059
7775
9151
12627
17369
20213
43
16178
11176
1021
16906
14615
2721
9799
19336
13365
3955
9449
14460
3509
1654
7983
7266
17212
14526
15132
20397
3503
2839
20286
982
4532
10338
20776
8458
12262
10405
2787
8610
16057
11040
2521
11247
7016
1427
19535
10594
4959
10547
8867
4020
19280
11497
15895
7608
6395
11125
7497
2868
1597
5731
18707
13010
18695
19074
17043
6682
2701
19216
1127
1794
2081
13517
11587
21044
3443
13639
20967
13901
2020
11354
15292
9977
10318
15443
2993
17072
19947
16421
8899
11425
15273
14814
21948
10007
4368
20051
2177
9275
8175
13085
14720
15692
7921
5761
18143
1663
6154
2335
13033
9478
11547
6229
4447
3923
4866
12767
21796
6704
21007
4642
12821
16058
1493
14174
10920
11951
18416
12965
167
14935
5259
1649
6310
2404
4294
19266
6234
21644
8486
4556
20673
10537
6819
21150
13563
21330
1364
18696
9020
15430
9785
16253
3025
4630
11795
13186
12021
276
13007
5501
6536
1886
4334
14980
14509
16778
5537
7050
14142
19471
19076
10135
12657
17432
18288
10642
3281
3194
1741
1534
8050
15925
9366
13430
1437
1047
6158
3920
19349
17682
11215
10896
8514
1639
9181
8943
7394
18765
19082
21391
17444
3199
19735
8110
18072
17823
15790
10710
19287
1675
18593
13182
10419
17440
8847
17978
11460
7378
10742
5161
2204
15376
2849
21379
205
10355
11500
4330
13352
15242
20245
282
19096
6167
7295
5085
7979
2899
16116
7351
13256
3949
12422
8184
21241
19068
20538
20663
14212
12155
5052
7430
21393
6295
12463
15943
10175
8192
1645
18942
15587
19590
2440
14529
3773
1845
14998
20623
10640
13070
348
15998
12734
15530
15251
7362
1688
17945
5133
9794
389
20319
11047
19084
12989
4090
14193
12872
7688
7873
17678
10144
605
11335
14327
195
16728
16511
21401
10916
13494
3492
8340
17534
13475
15971
2898
948
16005
14942
18676
7662
14223
19787
20021
16531
14896
13617
10576
5561
18103
21791
13703
3520
15085
9393
19775
12229
16631
13907
3864
9276
19646
1467
14747
8500
2054
4984
8721
2682
13717
1786
15194
6948
11810
12870
13768
19113
14623
17637
7151
8008
8681
16131
7958
18973
3214
7456
8506
83
16404
17270
18303
3692
20738
11208
15247
8448
13275
17244
8560
6223
4539
9656
4552
5955
144
1261
14709
8533
6056
8157
13878
18068
989
10624
19240
5920
21702
13567
17311
10781
18439
567
21627
19117
16008
6760
7413
7005
10524
5003
9094
15016
10477
14
6119
6015
1692
21349
10703
5769
974
4783
10618
9014
10556
20721
5663
3966
10922
4125
13511
19229
21919
12205
19709
18410
11767
8635
20830
18422
267
13967
3163
17865
5803
946
8457
4379
12951
13612
16533
9923
3104
18328
6655
1522
11632
19125
21507
6159
10407
15388
17491
14481
3370
5483
6751
14562
4705
3870
15951
9973
13286
2132
21192
5147
7832
18748
15976
4620
7860
15453
21137
15243
8129
21390
12614
11725
12304
18876
7676
14187
12438
4545
8012
8266
20838
8423
740
12670
2143
20666
20374
15280
3617
13087
15871
17299
7761
20994
14539
1885
18548
8130
9093
13383
20897
502
7088
1349
1438
6301
12895
7815
1523
2306
10152
6978
1023
17877
7993
5144
13393
18147
20644
1543
7780
5260
3038
12675
4325
1082
17565
5466
5581
21263
18958
4797
8471
10008
12530
5226
6455
10842
1388
3466
20262
3625
15495
3001
2517
17255
20367
4741
7874
21426
18048
4958
11684
15746
19171
4191
18126
14586
1759
20749
16576
20948
19456
19627
15010
2829
4393
11461
16136
12090
215
16901
12843
19093
20615
11194
16056
16911
13212
533
16951
15701
15406
14484
14482
20121
13361
17526
14331
11316
5923
12400
1035
21112
5146
14000
9142
19822
7786
10989
4643
5991
6560
14391
16170
20962
18774
13858
138
13134
791
20419
11453
19277
5755
2372
14682
15442
10717
119
20555
19805
19493
11935
9090
13300
1982
16869
12181
19749
4080
14079
9352
9108
12223
8084
455
16522
18229
21905
19956
5059
7766
8667
5212
3181
3908
20541
804
6261
15620
15683
14583
2963
617
9293
7918
11790
14837
8375
8058
16445
16905
15095
9630
9909
628
20988
20494
11218
18214
10273
5831
15748
16142
19475
2795
13782
5420
11328
1369
12655
800
19329
5093
7700
18027
12545
7640
15891
3581
12833
12050
4731
10638
4272
4227
11305
17183
11339
7274
15766
9906
5418
7485
19163
2044
20537
19170
10312
14716
1940
10633
5441
16042
16862
11172
11910
2843
17538
19588
16659
11649
4838
20869
9390
5802
14770
20543
3488
21027
4437
21026
8363
8771
3322
9296
16925
15233
7718
8525
6994
20473
6913
20075
14125
20421
9076
1987
4684
17858
11347
21798
6470
9395
7085
10397
588
18697
416
3701
8222
9282
20013
9370
17172
2039
16748
12108
20786
5041
12944
13260
19596
7032
6047
20268
4477
12417
13519
15813
10497
670
12177
20055
3601
1067
13225
4559
18770
18297
12607
19372
19496
19585
6871
12195
3852
13231
8915
459
963
11962
19447
3744
13450
4005
4107
10207
7006
19950
11893
17314
10888
546
20890
8334
19652
6891
11379
3081
12180
12886
1171
21449
3577
20860
1360
71
14357
12004
19302
20108
10329
13440
6858
8980
5565
17649
18223
19437
13348
6053
4290
18024
4667
9764
21323
2999
1723
10785
12750
5124
1268
14118
12469
12379
19164
9495
10252
7624
20668
85
3720
19940
14290
8438
12531
278
11934
8998
10151
5438
7017
20168
376
21829
3451
12163
11988
14307
8145
3651
20440
8927
16853
19641
16786
12222
8713
20216
18574
15732
13296
4042
5220
13332
12131
12574
2489
5460
10637
16826
2732
9523
9178
2053
5485
4323
10744
17844
1812
18282
2670
19715
19722
10259
11294
13891
7147
13536
9488
651
4560
5108
14321
8127
775
10267
13986
1898
18273
16725
20821
1699
6720
11337
1879
5670
9100
13905
1393
18540
11930
6818
9811
10776
19308
990
14688
9336
17535
19599
12546
10940
14722
8733
1457
16385
16359
728
14853
532
11646
16752
15521
10243
16400
12386
19053
9832
19122
3539
7210
11752
18433
16749
20834
13876
468
14987
18610
11124
6508
5062
7318
7561
14252
20158
13316
7562
5043
2014
2710
8078
12950
18112
18122
12373
7482
1100
14769
4250
21597
805
19965
15345
12039
15981
4992
12441
19575
9236
2242
7339
9052
13809
17981
2733
14491
5680
6055
9065
3100
20031
1401
9327
7416
2806
15903
10018
13334
17562
6074
10220
824
5409
8188
15249
16514
6027
17319
21021
8421
19152
6346
1492
10670
16069
14644
15535
12251
10420
15684
11332
5952
6912
5089
18825
3635
14054
15705
20394
15036
19522
8643
3171
12661
6348
16578
14983
14870
10446
4348
6404
10805
1333
8942
6803
12780
4703
10494
8716
6422
5634
10331
8944
15114
5057
18743
21867
4145
11957
14115
5219
10658
12194
12534
5678
1541
5116
15128
5875
6073
20438
12128
2049
4475
1062
16519
7654
16314
3507
11828
20595
3494
16494
10255
11888
10544
4416
7145
13144
17160
4901
14708
19505
13616
2742
516
16038
7768
1621
13108
19892
2983
9119
20076
2388
1027
16647
11943
4777
18626
10356
2181
9430
7365
378
15792
3069
9006
50
10428
4236
10931
4937
17508
18267
15583
12028
13411
9019
9408
3012
3550
5988
3895
13062
20503
6934
8160
10851
9608
2511
14900
11458
21952
13959
21486
12610
15218
10482
538
11418
15638
1788
15496
436
2714
8020
20307
16201
6081
2371
3096
3677
3142
19649
8472
6011
20916
21925
13753
16092
8726
8919
11970
4374
16635
12922
20146
10304
12803
4025
16018
758
2817
10316
12492
13755
3568
10937
21256
15588
6574
10239
4142
2735
13952
21467
590
1745
18757
18062
14173
364
253
16079
10069
18747
2031
4536
4669
17263
6287
14074
8232
7923
19684
6366
14754
21103
8000
7086
18059
15140
15487
18021
4487
15045
9936
16701
6755
20457
6239
12397
7973
12810
14305
332
10566
464
4678
14744
8676
6296
9498
7174
1320
1367
5452
2420
14928
7030
17357
774
5250
1953
17019
18596
17231
21178
3669
20208
15800
4628
6262
20712
18100
15029
10184
14135
6464
20943
18567
12789
19606
811
13346
4655
8932
18506
20789
137
17126
6460
2263
739
7317
5571
21283
12751
9559
13802
726
19479
13854
8557
12684
7167
13988
18307
11926
2618
3064
4011
20378
21857
15452
20606
9095
17581
579
17901
15190
12840
807
9929
9270
10930
13699
4521
1473
12985
21315
8917
21317
8584
17596
5348
7914
2822
21521
9173
16301
5284
15573
18364
1864
5479
6624
16500
3862
14192
4461
7002
16001
7570
15187
4232
16610
16691
2847
1678
2570
3085
6400
1220
20856
11639
18689
15258
21864
3566
12725
11470
18343
9813
12228
5132
6700
17564
6174
18621
297
13264
6974
11166
13603
9199
20253
19301
21300
15264
8875
16919
11999
4844
20679
11431
7935
4812
20348
13535
10954
18257
17648
9852
15716
7748
3315
12621
14606
12910
17954
6837
174
1300
11728
11066
18406
21649
5839
14849
10820
8622
14902
21428
8446
7910
3661
16570
13648
3918
6565
15561
13557
17317
15433
9492
18615
16515
19630
9167
16198
14515
3854
19688
14863
15193
14295
17456
18752
14213
2507
4555
10748
7583
16767
4021
2187
5471
9257
14248
15436
14885
8751
19931
127
9247
21608
3648
10105
7075
9182
21650
9253
8258
9312
17701
1546
9874
2894
1491
6673
13655
550
13810
352
21890
12023
18919
21575
3706
13711
15326
6342
16816
598
21233
3624
9356
17109
16852
20955
1601
4930
5301
7397
6794
16322
2728
4328
2125
240
11454
13034
16076
11527
14163
21880
19891
17573
3850
12633
10878
19296
1837
15110
15738
359
15902
20992
14377
12356
9757
10570
15646
21357
19658
19913
8836
10724
18295
754
5936
13888
16104
6240
3557
17762
14989
16339
15848
4611
1578
17831
15179
20527
21130
6322
20878
16257
16865
16929
4268
19094
20039
6485
3041
3797
9494
12617
2157
13623
2072
10561
7377
9192
583
9577
19801
7503
21355
18487
21534
10859
20299
13149
20842
2906
8993
1787
6176
14478
1143
11380
12856
15817
6970
18853
6162
4073
8838
9771
6347
20291
20370
20318
13172
578
1208
17984
15534
19624
19676
10657
4730
13325
12957
8217
8013
13920
21936
3102
15590
6709
20520
20777
7533
18580
8247
11193
8277
13776
9239
16277
13671
19030
15516
2456
18839
17339
20929
9899
16298
21595
20941
3812
2703
12547
17892
7273
15542
17507
17396
9170
4099
16561
10379
14496
2755
11221
13214
16652
3969
18196
12345
9438
2170
6461
18127
450
15079
13826
1792
17987
17442
16948
15815
21104
4682
19304
15547
19136
21100
6868
5527
10800
3976
12006
15357
19073
6382
17500
1537
10587
14063
12934
21279
17450
16191
19982
9365
20124
14718
21657
12553
3511
11559
17307
11698
12646
12260
8300
16982
1965
6577
18248
7894
5468
15039
10666
2296
8631
16143
10106
6227
20332
5228
16139
7042
13368
11631
8432
1092
17881
626
163
5942
9132
7525
13128
11248
3629
8646
10006
11159
19566
20050
10157
20905
1153
21296
14922
926
1327
4850
2488
2449
21515
10797
6311
17975
20125
20685
14059
10452
21744
8650
15394
18640
10863
15154
16893
18225
7008
11475
13839
1121
9133
347
3649
1542
12927
13654
10306
344
7954
9314
12608
3792
2527
4900
5903
8791
17801
2185
9307
12008
10563
2390
5416
2523
19095
3248
21352
13801
20845
13107
12874
18116
19458
13201
16210
601
11008
3463
9283
13922
20975
4955
19836
19938
5603
18123
13975
10418
7615
7282
21348
18735
16834
20671
19685
21802
11297
5523
15527
13719
7628
16808
15112
6734
3028
14164
7396
1916
17797
6476
21852
152
6497
13158
17246
14461
12043
530
12501
14611
7253
14221
2169
17688
21526
15771
5545
21694
18817
8387
8999
6228
12477
18828
18460
1262
9769
4508
6832
16379
18425
9944
11834
101
20210
20732
17882
18533
16580
472
21230
7981
10194
1897
1679
16417
20511
20471
20518
6691
8762
19107
16366
17159
16849
8774
15000
19108
21421
2553
11250
2942
15989
5359
14794
5836
19908
20506
387
20936
21544
16870
16916
5662
18995
19318
8935
4609
6491
692
16810
10945
8759
9734
21523
6416
6144
12598
13946
19231
14613
11179
9079
10068
7947
8268
10534
19090
213
15104
13020
12121
1515
9217
18163
1010
7655
12715
6915
11071
14816
6830
17640
21147
14490
13466
15967
730
3442
17184
14944
18159
18321
5631
11395
20437
14274
5894
19948
13677
20238
105
3703
8049
6088
3552
12148
14559
11954
8263
2203
4998
13789
20417
4804
20084
16479
12563
4865
19576
2431
16425
6253
15711
18786
9469
17856
3991
