110449
118223
53385
19650
113666
64616
82275
57326
73869
49806
94296
86132
113457
86880
100706
49684
108763
83915
100822
53194
80668
53723
56668
6832
59149
22698
51146
24971
6281
45250
32667
40689
119975
76919
69363
91335
39238
30581
110161
47476
107658
105192
113870
1960
50742
108479
59169
78548
48075
40087
59301
82902
25033
8049
32633
54434
52675
32323
115969
42220
113040
55675
56195
39587
53999
99980
93223
84809
62377
112315
80516
84340
119979
21014
19047
52554
59610
69104
105378
68306
18045
105670
5140
8001
37624
65601
42736
86456
86522
78664
59145
57691
115924
97583
38982
44074
110233
49614
22917
37756
12867
81069
55031
63463
24889
68804
93054
80018
55797
