3XN2F9M
UNMCJFL
CHMO4AV
4H7OYTT
0LAUHOR
6HDS04W
632IWUQ
9S8L930
FPG8INB
0EJV2GI
WFWJXE7
T73SMKZ
65LLC0H
T61YMHT
EBNBBHB
VWH8PN5
LSPQVJQ
IAM7NFM
CZVCTJR
R79FXEE
A0S9LDZ
CXVJ20W
I5PGAK6
JW08UMA
K0B6EAU
1LLQ1GT
6GIUSED
5HY0761
A8BGNVQ
LDD91KX
J5QG1NY
G056BOF
A6VDXY7
S0V7GLW
SD84V4W
DH57V4U
EXSKAUU
8NV8YMS
0FUWW2E
NH8S32N
ZHC5HF0
WM6CSTE
ZFFEWL1
PWTVW3Y
HQEN7TB
IZKGW9H
I8VX04S
96EVDNM
MAJV8BS
OW3DCVH
QWWJZ93
OMGFMZH
JCVQGT5
XDG0FTJ
JZ54O3A
TXS2NNU
RTKUJI2
KDN2R9A
GLYNLLV
ZTNACXR
C88PSX6
N64P1EM
066Y4ZB
QDMYXPA
3QR0EGW
ES1QMVI
VBP0L9G
YNBWD7F
BFXYK7V
74FDRO3
ONO5TY1
6S6688P
O3IO4DI
60501O8
Y0R52YK
Z7PJG99
4VE4ETG
CY9Q80A
7Z0JRP6
FN0T7HL
GVLEMQ5
JR6W754
JOVQ79U
MIZ9IYN
6WP80JU
PF3FJCH
R6ROJB1
5KCP9YG
KDBP7PD
5FZFNM2
8X2IWE9
W9P6WOC
NHQ8AUM
0NMK1QE
PDXMUHG
FQXXUUZ
RXBLHDL
IC1RVSJ
ZZLZAW2
8ZS8NAI
HIC918C
DB7HWKQ
07RBC2I
9BLJWO5
AS8WHFM
W3YJE5E
EG8EW1Z
25MFWV3
LISJMBI
G63NC20
A31LZBN
WM5OCK5
3RVXOXL
Q6F5G7E
KZ96FI7
VVD9G8Y
BQWOQRL
U66VL4T
5UJ4X2X
NKTJ318
Y1B29SF
EEC3E9N
IBO8YSB
5ON6SRU
Z4K4Z8G
HKDOW7A
7T8VQC6
8M5TJOA
WZVY4IK
7L9P4N1
E2SUT5C
MUXRQIO
FR7QVJM
NBBPU4H
XFH053N
GPPX7RM
R69JN2U
KV5HRWX
65Y8OPK
RGM7NAP
U1V0WRC
N63P314
9RT7IIW
ZMDD6AM
KUHM75R
NGFCZAC
V5NC0W2
NQ5NOOB
0A2LMPD
0VR82TK
QT9S2AP
K01A3M6
MMTARDN
B3AVU87
1J9I6OG
2TAQ8XD
3S6JY0P
X0EP4UX
CHCP0Q1
RE2NLVO
L5Q3OJO
S8N4GVH
5U0Q1AL
3YDV3QI
1ILWHC2
5I5ZSRE
6UOG61T
A6FKRQI
66YR5P0
AQVTMU3
YDOG4LV
WNUE51V
Z5EPG0S
GNWSORD
0IT06NR
7ZGBD7A
K273Q74
6SXH3A1
J5HIWQH
TL20JS2
MUK1DVA
LI6KO6B
D6C9YS8
H9ROHC4
2397E2P
FLSN4SE
K4WT11H
VB8YL18
3F0W2TP
TQGDTNS
J3V6Y2N
KLFY7V6
OGNB2IB
WB0F3ED
OUFFRGO
CAZ6IMB
IJCRVK6
045WCOW
EIODL4R
AWJN1XB
NMFQ4LZ
4FEEBLD
HY3OYFN
WGFGPJW
M65ATXE
OXU2A8C
4SCGLGH
GYSNPZF
G5N70OX
IW9U9WQ
55MV99D
YPN0EWZ
Z17J2A5
3NK0G0O
TURIUCH
X3VMP8O
6BPEM8S
2WHKM9A
6H95BDO
T9522YV
BQUQA8C
C8BN47P
30M9ACE
9FN4RWB
7H73GWQ
6P90Z29
PBPQS0U
5TURWLF
2L6YWQG
NM1GVCB
64H1YO0
NBHW6NA
SAWZB8D
WWNQHG7
D18D7ER
1PJFHKN
2DEVLCR
CC4S82X
FJVUGYM
SLZ8UPT
GDK5M75
QO3R1WW
IWVQSRK
M4LRU6G
KZUU109
SRMDJ4K
NKXECIY
2PK6AU6
3T6NYBA
5AZ1TGO
5QG3KXH
P0D0M59
RGV4STQ
LOS0RIW
N85ZY5Y
A46XXCA
86YTCA1
ZJ9EWMI
Y7H4VUL
MBNN4P0
0Z97WDL
5EZNEIU
HB44E8C
FV64QXM
26UKQ9D
FUHXE51
0V3C84U
X7W4G81
9Q6VBYE
JK0VV4C
ESJ0954
BBB1K20
R829U3N
CE6K5IR
U0XJTX4
BKD45G8
CG3ZI2O
86AE5NA
VQYP4OH
Z91O288
0CLB4CH
C2UV3IY
KLZZGME
25K3ZVO
YLXD7VA
KHL7QL1
YLPF5QM
030FJWL
W5X0MEP
QI54VJS
6QKU08U
A4R7OTD
17L7RRX
UBGLMRW
C7ASN7X
IW3AV6C
S9E8T8Y
BPUPDJ9
OOZQ4HY
G6TM9F0
3P4GYKV
IGVV3KP
1B83I8H
ZHND6BA
361TWYR
APTRZXE
NBHDCA2
V3PPW63
GLY4YMJ
AS7LMBX
LKTEM6K
3ZO1K4Q
TTPCGBK
2831E53
4BR64NL
PHS3RO4
B5M83K1
EK7H8E9
QMC94D2
3K6M6SR
J86VSUK
WXMUUKE
SZNRVQG
81O6NYQ
70TOZUK
64SYZEA
FYHNLBT
UKH8IEG
7HV3ZOK
CKZF710
ZNV4027
T2REP1D
YMXO9OZ
EGC2PGG
MP8N4XB
BEP5B11
VB6JQHA
0T73H9O
REO4OZ4
WKQS1CY
544KXKR
P3A3FEY
JB6RV9L
JPFTN2U
ILG0HHO
QRDKLP3
JPHN13E
GC2FZ0X
7A7V3W1
9YXC6L7
A0J28D9
UBFMES4
QM0W0JU
7KDG5B4
CXZ6LQT
5GL2EO7
2P7T8VF
IQU4GGZ
69GSOX5
WCKJZ0Y
5MPVSEZ
6U4CZVJ
LWD5B2Q
P6FHT6S
O64CYLG
HTURTNC
MM7TFG4
B75GHCX
UWUCX95
5P4A3U7
L4IUW8E
QWSETGA
HUUEA7H
O98VHAA
9U83KK9
PWWX1US
L6KW0P3
GM5SL5U
22UGCSL
CKSOODM
DM8NHKF
2ZFLUVB
F15XXT5
Y4JY62F
7ODVJJ9
QE9SCAB
BOQ22KR
W7H020K
0BF9G52
2SCBBQT
BPL10M3
6JRYEGW
LGSE0XT
3K2NM74
WSTBYSF
MBLYFN4
2WPV9JZ
U0KLD1I
F7JJ9QF
V293P3V
A9X6NHJ
U255IFB
09XHOBV
KZ31REU
RHYZO8U
ZBLCJD9
JK79W49
SIE7U3V
9UMSFKD
GUSV4TU
V84H3AN
A8U1C1I
4WJGZ9L
0HC1A6B
25FETWT
BLSHSWF
M9PUVWE
AFN1H5Z
1H7PSEO
RLMWEPS
J892H5C
XJCFEGN
Y28A659
DFJH07E
OVTBXJ1
TPUG0KY
TYGROCP
6LR9P1G
X5DH1A7
73871Z1
JS8O2OL
Z9SOFA8
6F5R3A8
8OLJ62G
ZJ7BA7G
RZXYWE2
YIUKGLA
J0JBVX2
K475QND
DHPZ7Z3
06Z0YL1
6UZP0HA
KUE8K7N
5MF6T2N
HWELIVG
ZFEWZGO
IJL78KB
5SEEC50
3DT9RE1
P426QXF
5UH3PJS
ISIAVBT
GM52E6F
3UF7LPK
SK2FC9P
MN8DWAW
QT8SN9O
D1SDM8I
STXRA2U
M0NNF43
R54ZYRJ
RQGTK8E
B1JMK5C
GAC1YUW
CTCYFK9
HHFOIQ7
QP6ILRT
HEHLIWC
3PD80NJ
61OCEWJ
39D9ISN
F2EKPD7
SQT2N2B
YCC5WAN
05J4C9W
K9QW6B2
3T9YDCS
BR8SQ55
U7NG9Q1
O3JNWYS
5V6IUB1
PNE2GN2
MK99VNK
CE555DU
CLQXYHB
65YMOOG
T6AUE13
K6M2RU3
HH04EXV
2UZVO11
M3165BV
35LWT27
LUI1LTT
W7ALSKD
3ZIHMAB
SB2DBGG
827S2SE
YUGAORX
HUEKYL8
37BD5AN
QC08CQX
PJ200LQ
PNHO2HL
H8KUUII
2PEEEHM
8W3HW86
17UOAQO
RFMKJRA
0SGKYJV
2N4SKRB
52XYM4K
JN4UTYR
L0H57NJ
G73HMLY
SFTNFPO
VZ61NEP
ZP2X7BA
Q02Z0TF
D75OUIB
0IS77I9
ZV4JMWY
U7W9QIC
VBTUVOG
W7Y9WJB
QW50U1E
LXUF5A4
4IAINSN
SZL7AK6
KIOJXHM
BBU0G3Y
YXICBQC
NYN8V3K
UD6EPIE
92D2BKZ
ZGBEQD2
PFJT9LN
U7X939S
IRMB4R4
KVT65DR
IK2RLQC
CVD5EQ2
PW4TA3I
KRD5J9R
CK0FGAP
0DSEY5K
FG4S6OZ
5KESRJ8
UW0LACH
CTWYST7
0OG254L
DTYT144
XR0OTYU
4RIHQJ1
DA76M5E
EW52U1I
8M10XH6
CECA23X
9QDD112
RVI3P1D
J07Z2S8
XV4YHDN
J9782NP
1SDRW3P
IU3FTGD
CPTHYE1
220L9E4
VTB99QV
IF2CNWJ
TD3QTBO
LO070YA
T17JUQ5
0F4FZ7S
MFK7PY2
16969PL
YYJLIQ1
8EETMXC
KOWG3XL
QUNZK3D
0E4Q11U
M8ZYS8D
SL766CI
V6450N2
3G6OSH8
GJYPFZZ
ORZKA9I
J4SWVQF
J56HG13
GT0Z9H3
P9T0I29
X2RTEMT
PREDIVT
QNITQCT
0ZG587U
V3GFO7Y
K2TFQV8
OIE6UM4
NAJA5XL
8CPQFUC
42N70VK
ROZJWXE
NGJPBW7
9EOFEBX
ABMRUXU
L2Y2891
O4TS5DZ
VXN1HDZ
RUA246L
5L9XL8M
2STIBOF
GUINKM4
X5OW5TR
UX8CAHS
9LEHJAC
FGVWWE1
S9ETU1M
FBWKMYF
1KHK8N2
OLS1BIV
K41ZNFE
NGZ9AF5
RNTC2PI
0R1FOIC
6NAYYZD
BW06SAK
NAXTRJ7
6K2F0X0
J3ZW393
BZ0R52O
CKAGZ2S
LVJ6QBR
W5L3MMD
2RD8RU6
E0PNS5H
MJIAQ7I
D820EN9
IXUKDBQ
DDG7J8R
MW7ZHUS
2FKVG26
H0UISOI
F4S2LOA
AYL5XLE
9Y1R5GE
SC8DOXU
LLBWHEL
WRDU6FN
N5IQF9V
G19AJ5O
1DFACDL
RYPGL9M
48WPZQJ
SWJC6R3
JZ4D6KX
AF3ELVW
1ZJ3LHU
HBZHC8T
JV6P4G2
OGZ1CT2
DA00E33
MP0IMSC
KA77R6Y
1404QWU
67FDNAW
GJMENDU
XIWJRIG
3QPLMLT
HND1C38
KMC2HIG
4H2RYR6
BTPQFOB
F0D8LNU
TETWSU4
7HJW6IY
DYDZ46N
DXUCOOA
4N59PSC
0FW2KA2
8THWS4N
QC9YNSX
HMSPX88
WC7UOBF
LPY4ACX
IV2VIX2
RT1CUR1
S7AXWV3
HTL72O7
D9FY5A7
KCM3GPW
TH7BCRR
V6C5GZB
0W194VI
ITYHTSG
X3YOSOV
ESEAUKX
DXZUOE4
OBUHNXK
MPBR9K9
TX0H1SJ
AY8UJ7M
V8D9B37
ZMMNH3O
B2GQNMD
HXQF6OV
TKXV25D
M0FVTC1
CUUJBB3
D4M68KM
AGK0XVS
ZDMWE3D
OU7ZDKY
01VZT0J
BOAFRS6
WNTNPE5
0OMRLUT
GR3PG65
387K7VR
MS7NJ80
HZU8NJN
MTFXD45
L78LE7F
VIBMBVU
N8CP2DB
YZXVSIB
2LWX5II
TF28CYV
VQ1WBAJ
FVC3QRA
MCYRTDA
PWVYJYU
NS7DS1Z
4JKDA6Q
1A9Z8UN
V8F06R5
T6OXX81
QMQ5KCV
B073L2R
7GFT1HB
5J8EELS
1LPF4RK
CAH08MO
A7AKKCP
1EWIUP7
2QPPTJF
KHZTM3C
BWIL2FL
UIC606O
VEHFJBO
Z8273NN
33X1KUG
9HU0K4S
YSDMFH7
2DOPP96
N66SB7C
RVOJ5B6
K4JBYTF
OUILZDV
0BB9RM7
JNC0NP5
QVXMFGY
GLEV62X
QNS4OTF
DB8JRBV
7VO6J7Y
FO9RGP8
6WHR9FR
PZG0XJE
WCMQ627
VS0LAEH
AN2IX98
90TFL5Z
I3PFG51
3E082D1
TXKB9T0
RUOGWWR
WUCIAEX
E7FATKZ
K19EV68
2RKBZKN
CJ6CC7T
PXF1T9K
MW7VSBF
OUIC982
FJTDVL2
V22Y0AM
FZ8NGJ6
1LAN0KL
5LPXIFS
TWCZPRI
93A5Z4H
075M3RH
MERMR8V
3PHDQ2N
XLSL6UG
CQR2S58
9CJ3SIU
8B9H2QV
22ZQ6OV
LUAN97M
ZPAT292
DMHZ9A7
8RPZUP6
5QV8L9S
3IFATXZ
65RS1HL
T3HKE3B
0G40OZF
CRZ6D60
XY3XMMQ
FMUQIJH
LK3P0A9
MH3O8WJ
J0IPDQY
MZ3ROIU
