57567
78836
64903
27124
44367
36475
38036
15794
86273
52299
32250
43112
23433
43370
8555
14215
84531
30447
28769
23961
74944
22865
59130
35482
44217
44457
74140
24380
12801
78401
37512
86210
71416
65713
68100
72457
85757
41671
42474
45921
49490
64513
61125
58043
31723
78677
4327
38049
38824
678
72690
27948
14973
18114
13118
41940
79447
39512
73425
56660
21043
2157
69099
21929
78560
56264
72456
80463
5764
44793
18377
9767
355
43118
32782
11079
2692
81203
71550
75558
71461
58316
62356
54795
41840
68074
22
85718
10138
78317
48480
30074
40991
43333
66193
70328
3947
27769
87538
3917
33542
80997
8415
40255
25656
54928
47063
44417
41670
11923
25933
36425
62832
67808
63117
45981
79261
48857
17995
80874
37929
52643
56407
28085
46174
77258
178
17503
2605
59350
73042
55263
78136
22121
27729
73524
75655
79157
30765
14641
23314
64330
9923
33962
53148
77785
11471
21383
22469
8510
36149
70200
64871
26269
52901
22174
84067
7874
40128
345
46002
33999
70978
4568
60242
47667
11495
88684
16678
68204
44125
51290
19118
62993
75730
82072
19532
39728
23551
24625
30901
74730
10644
40960
10557
83617
37142
9305
73572
39969
10890
64383
40396
10413
39130
32645
44677
82440
72308
77564
56013
5636
30975
77513
72114
68220
81552
55266
58002
10262
74877
71947
4609
37176
84716
35447
73149
41436
70930
