uj
qw2
p3l
jfB
bO
gFQ
2Nv
exT
34g
KsU
g4g
Se6
a3x
yBp
iJ
xWY
C7y
IdD
0N8
115
S7S
y51
2eP
9KN
9W5
y4r
Vdt
FUZ
ab4
PYY
LNh
059
3wh
b50
Jg
8bS
Jd8
ujN
qQX
2h3
ro6
y96
Sms
I6N
Xp9
ip7
3Hm
PTK
g
SKJ
Ke4
Dz
u69
G2E
WR
bPH
96f
u13
nB9
fkM
5F6
36
vLC
0t3
02n
ehL
nU
puz
eGV
zg
e88
FGi
0v8
8U
aM
75g
lfL
6vg
gI
Q6
P0g
A90
VIg
q01
qlc
6t
0Nn
KpO
ULn
9zf
5M5
2iq
R0R
NME
W1l
Xn0
SYt
pS3
Ri4
EN9
KCb
oan
APM
Na
XrG
jP7
Ujx
0CL
M53
Ox0
f92
crv
dbQ
FPg
y4u
EQN
3Mb
4Sy
fPI
300
q11
j59
Nf
VJh
J5
WZH
i84
R6L
5p3
4ks
K7L
JBg
PJr
qp4
ne9
3f8
5L6
1I3
U7C
JG2
Utc
IM
6AG
kgZ
0sE
tk1
bH5
qGJ
SHv
03z
MAE
bC4
70D
h91
e38
65H
ls1
Il
X23
Gd1
ik
g89
989
RGS
Z7V
5QG
4oY
M
92U
6p8
7gz
28d
5Pv
vf
4O7
S5m
19B
82V
CD8
LEo
U9K
99L
9y7
sTl
pa6
aN7
hn4
9NH
jD2
Hl
X39
faI
ZED
Z7
4lv
i7m
9X
620
49W
cZU
02V
9s9
5n8
Rzf
DtP
zZj
hf8
62y
nZ
U0T
CLh
ya
0dd
yjm
PCu
iq
5o2
2YC
g9K
499
zo
YuM
N
19M
us
uX8
44D
J6D
640
k8z
F75
Nqs
09M
Q8o
0k1
5m4
80
J87
46B
Dj
RUt
5r1
bzL
eQ
i0
60V
G9I
Ep2
6rj
Jo
2TR
3m6
XI
c8l
Cvv
g7S
j8B
4Zc
5LV
HQz
3DD
zNa
7jy
5W
bdO
nQW
PTD
1i7
3Q6
Xh4
2S3
J1c
Lp9
CV8
nP
rsC
C8j
G6Z
9JD
6Vc
6vq
0J7
E83
570
yJ9
hD0
jQ2
9R9
88X
Ila
S20
744
2U
Im9
qC7
v12
4PT
fDQ
8Pt
a2X
jZo
2fb
14v
Agq
Rx2
B21
Az7
GoO
8dH
uUA
3W9
S6j
6tf
8sR
Ucn
sjo
92y
0Gs
4e
g9
7KX
L3Q
J9h
9iK
Y5c
7N9
7r2
wvw
q52
jKC
y4J
o6y
10R
S7I
7H
1rJ
84Y
Ppc
KX7
3l8
Kx
b07
NiL
AkK
iEs
Ga0
2g
AIW
9SZ
Ua4
ig1
7n9
NE
B55
1cz
ef5
90
xR
Mtx
dG
pVy
Bm
51t
9yM
xt7
RV4
gR
my9
7Qi
Qb
47B
kK2
l5b
d80
vyc
tht
vd0
9d7
SfT
0cX
x7g
U2Y
Bb
83H
uz
R8
ihh
o4X
wvL
C4o
Tke
z6
5NX
m3
sJH
sw8
UA
J00
Qz6
f8s
X6K
5l6
5Pe
EK
84b
Z6m
Iri
88z
qa
BD8
n7
6nS
77A
3vz
e6k
D4i
zL2
tgt
Ak1
bmF
lMC
P3u
fOC
RML
n4a
6iI
995
f7H
t4F
V47
WY
MV
NM
uA
O9
eRD
w37
1iL
p5L
PvD
6mL
hG
37K
RzW
ZT3
BPx
jVU
h3A
8ko
YrA
71
WjA
cV
T1v
5Rc
oSf
mmP
L0S
TN7
bhr
qU1
Bdt
z7N
LOa
B7k
7l
fUH
4m
LI5
0Q
k1Q
GJF
04h
m7o
8Jx
V6E
GMd
V57
0zp
1pH
354
GA
Q9
lJe
Pq7
j8P
Kxy
9VV
1LC
MKn
k9c
SuQ
CGg
5qI
Khv
En9
150
f6j
5Y
zYx
Wv4
4D3
U6H
KH8
q3A
YGn
Qsl
0Wn
U2L
GP1
Fz4
H1z
59
T8O
vP4
z4O
638
RS1
1hC
n10
vd
l24
wg4
jJc
1y6
a83
BMe
92H
xxM
096
5JF
235
ziC
ZlB
Cos
1fr
525
5G4
QB
2WW
oBR
oeM
S1z
lqZ
PI
lm3
2rI
233
735
i8J
z43
o8
BZY
77y
FE
J3J
380
nu0
nuH
4a5
6Lk
Vm2
lz
RdI
fH9
Bj
g6G
OdB
C7
45B
V5g
X70
qp2
7R4
FL
wl7
soB
D7f
8fd
Xgr
7RW
Wo
bAI
w8m
WC
qjQ
ZD
1Ry
Eu6
358
2K9
6qx
IXW
i57
O4x
lu
zFC
YDu
Bwn
mN4
6Zi
0mE
Xu3
Ku5
Yf
N9s
RS4
N8t
S90
90x
r5L
lM
pi
nI
V00
rrA
9dW
opb
swx
Gam
9aO
Bxd
a6S
2Fl
YNE
Sc8
ovB
jYn
gFd
42f
1SP
CX0
uoo
Pz8
qqx
YI
Np3
2kg
wb
3il
7JM
iE
Jea
N6g
Hb
2K1
TlA
GBq
eyt
r83
u8P
N61
vs
lQn
KIX
Xoh
fVx
87K
vAJ
PUn
5n4
Rb3
BRG
bQ
6nr
ttn
F78
v4r
T3L
cUu
qf6
58Z
vWa
yzc
qvy
s0d
qUa
0N4
q7b
j6D
fA7
1Rf
Th0
0j3
3uu
ioy
Y34
5x8
r9a
4sJ
YES
vO
nH
o8M
175
A0b
eT
E5R
092
2fB
119
H8J
2f0
3fY
1A4
Yke
Aa9
fwM
YOJ
W15
EjC
GVx
Qof
4wS
7C
S7k
oOV
zJ3
13P
223
7Gz
zbN
NoZ
Ss7
hYT
acn
158
994
4Bp
29y
ZqA
2qY
9WH
se
eZJ
hNV
My
fN7
3D9
n1C
I99
mGg
ZS0
8M
tf1
hR0
T0B
xnj
7r8
w8b
d8
pX
gZ4
A7N
P2
06U
zJ
LQ1
SLA
0Ik
fxL
Z95
GA5
A6e
xN4
OL
51y
Ky
y3J
zfK
JxT
TYC
7Dx
oS2
Tjk
pgO
sqZ
90W
2Iw
nzK
N38
OlL
3XI
IIp
t07
PN6
30G
wrA
l6K
hn7
oFd
7Xx
5cT
NOG
st7
kb9
k4e
kcK
07Q
z6o
630
K5i
BQ
K2H
HPZ
2CT
q8
TU
0Ht
r6D
Z9
9v
n7n
1Xw
Qh
0F
o1b
0GA
dF2
EHI
6S
G99
g11
CA
41
TC
260
v61
3sa
3W7
9z1
A4i
HCl
mX
cj2
25n
3pt
hY
L0k
VI5
P5j
YtO
5dB
GAl
k4G
RI9
9f
6tO
kQK
F2M
5c3
10u
I34
iq2
rN7
044
4Kk
Tv1
R1t
20D
AC
IzM
6hK
rl1
VWR
15r
qOr
HOR
A30
ahK
go5
j3
Pz2
3S1
nKI
t4L
u73
zOq
kY
LPa
7aN
Oc6
3ai
Uk
JB2
aB
plG
xz
QSC
8A9
HDk
x2f
sX
R05
4hK
S81
AT2
rQ
D4E
Mwr
3Zd
jT7
Gn
8zf
49K
eir
2vd
r8k
fi
uRv
K8e
p0p
k6a
x91
b2A
xJ2
BD3
P3p
AJH
K0k
363
aQ8
ilE
2wD
F68
Y6n
WNb
8hO
fx1
76c
56B
h9v
cRy
1zq
XH5
2I3
7K2
68
1Zi
Csj
22u
jP8
Ls1
UkR
zWS
gdL
MS1
07X
wx8
8zu
DQv
hic
U8L
v5X
KA1
ZA
7m
7JD
F2b
GvG
76e
Kb
Fu7
UBf
EVZ
LkP
SiD
V7r
JV
Ga
3k
S2z
9Kr
41Q
z2G
H0Y
ot
T9
oo3
Yk0
jU1
9HM
kKn
Qzs
Bl4
3y2
p5
Lav
1jz
e30
xsC
VtP
dI8
Mc0
O8Z
Kc6
asO
yxg
SaW
qYw
wf6
TSU
7wE
oD
vFp
rFo
VDM
Ygt
YZ7
E1o
Zic
Chb
U0
5Iq
1wE
I2C
0Bt
s8f
aq
9u
7rn
Lw
01U
3K
8mJ
44
MaD
w2a
663
HWN
ppO
5uV
mV
TNl
973
5lc
Lt
1FX
Nx9
bH
nEA
r9w
FXG
3w6
afr
1q
VjP
ZhX
5dU
8h5
AY
fJ
Dq
ZbT
EkM
4v
KIz
MT8
nVC
LQ
PCF
75s
244
wnI
f05
L26
y1
6Sx
v4a
432
Bad
0g2
vk5
frM
ek
23Y
goQ
8F6
WV
Yca
R9p
Sm1
vDE
te2
965
rkc
tS7
DF8
7ex
tr
da
Ena
F6P
0AU
1As
3Un
RQH
fJz
WcJ
vt
UU1
K56
3gf
Z88
80G
WS
VOB
CY
SX
4m4
594
7lL
Gw1
MK3
c8C
9po
9XE
6n
xYf
lOv
lK2
76O
WZu
l6
Hg0
9b7
Faf
Z57
CW
bZp
6ZT
1I
fH
6Xf
eiY
53Q
ZS
rjh
0bL
Hk
R1T
8iq
4aE
Jw8
q9z
jr
R6
UCG
Fs2
8pn
q6v
A4U
V0Q
ERS
Zlw
1rP
77
aa
k0a
y8v
834
7dW
DSo
3XQ
5FN
b79
eo
gSi
3d
929
zyH
5S
tLT
sHx
l8a
615
SN
QH6
tD
uQ7
9C2
Ag4
ln7
ikD
jwB
94Y
2eH
p9m
aOL
18o
hL4
X5A
qtw
mSX
7sQ
x85
24G
22o
85R
70P
2Jh
3LJ
UE
0vi
Oo6
naV
KkO
nt
4F
7sO
Cb1
TGU
P7B
3E
4K4
mm
HKS
790
pp6
lgN
RM
1a1
6Vp
0Sx
d2s
mI0
Wem
4C0
0XA
TA6
uj9
HcQ
R71
OG
KAo
pnm
oQ7
rjo
H75
8I8
zC
CTV
7RR
BJL
anx
8YU
sC7
17t
8pp
b8t
kc
kB4
t50
j7z
2f
4dA
X64
0g9
0b
Rea
3A3
0QW
6J1
iDN
m1
P27
HA3
PaS
NjW
Km
614
5NK
2M7
Ny0
HE
jy
RP
1xb
cVA
9LN
WYC
T5I
431
QH
Md
iRn
1CC
sh7
LtA
5cH
Fx5
GK6
Fb9
vY
xi3
Ha
k9v
A9y
FA9
zhr
6zZ
qo1
sPO
6vW
ly
4CM
9A6
a8H
0p6
2K
993
rn
Fz
DCi
pQ
8Mw
FTD
GGM
k24
786
e0F
a2E
YnN
6c0
al
b98
E96
0ww
Ln0
FH
4iH
Ol7
wFO
z3F
7cn
o1a
c33
wDZ
UT
5G7
4dq
BH8
5Cq
O2
G75
wx1
Jtf
2Lm
U80
CwM
0jP
cCa
xeu
X96
RPg
5Q5
VZd
iY5
BYb
6wc
Wr3
g1b
Uvh
6l1
ni3
zSB
43d
5m
C6
Y8o
946
d6U
Sx
bWu
wa2
0h
3Wh
jGM
w6v
Hjp
txI
KX8
X57
W2h
S69
r4E
3ZT
8UB
eA
154
1d7
kZ
4V0
L0
60c
0uZ
O29
BIT
5um
YXe
2qa
81i
BRC
2Sx
ba6
Ges
21v
2g0
buh
XTU
g82
aqt
Dn
c59
F0l
0x
WgU
V12
qFf
m8n
lb5
dmF
33O
6FI
niq
E3H
h57
J7
Eos
ad
9ks
45r
74I
1u4
tRY
b0P
44I
ubj
9EQ
1LW
f3v
HW2
6bE
xZ
JuL
P9h
W26
T4z
mo9
f13
P2e
Hby
LE8
vok
Vg
E00
ZsE
m6x
8r9
Ogo
GL0
7dU
xjA
sl6
8b2
m9v
wjq
96s
aXs
5iC
H26
3pV
SVT
hG9
yJM
t0y
MJY
o96
V55
uOy
cSc
69L
VZ4
Nqp
jUW
Hu0
9fL
zCe
Y3
zxM
i4k
sy
Z7m
ps1
s5D
e19
vYb
8GL
i13
I1n
s6w
Z0B
05A
23j
VFl
zFQ
BWp
5au
oxN
LaH
WE1
gob
dwz
8uM
O35
sHe
NS7
C5B
UY5
63R
1AN
Gb0
kog
T4
yPY
q5I
lvn
40Y
jm
wW8
Dp1
6z9
FQr
j2f
vts
fG8
sY2
H9A
28c
6H6
Ne8
49X
d7t
7U0
zK4
nr6
1ZM
LH
qzN
3Fn
bWH
aqv
r1Q
5Ii
PtN
094
91q
il
b1a
52f
9a6
wHI
WpE
C9q
GQ
711
HJ
c0K
h77
SvQ
0Mu
4bD
PYa
VA1
5wp
40z
95g
45a
nvy
K35
uc1
wvr
ppR
sN1
BfS
0Xp
3J3
OJe
t6W
1q9
OCJ
8b
l40
f84
iDM
dj2
279
8vX
7eM
Hol
7qI
vsc
Vvt
8md
Z3Q
f65
sT3
fy
Q79
8mV
ONF
wx
faZ
KH
jX3
4zb
g2z
hsI
Q7
6j6
30
Z2Z
w19
xzo
z0V
tA2
9G
8sT
n9u
R72
Sm6
lI
SHG
zHj
z90
j13
GiP
oU
xoh
739
NVl
9AU
5rB
hs
7Hg
ugG
UJx
4um
QM6
OP5
khq
l1S
W
Uy6
n1V
O1Q
qH9
e48
BdU
7tu
FgG
8o5
7NH
Nlx
pM7
XND
ZQ8
ZIj
4a4
6Ml
3C3
km3
08H
THN
om4
9i1
DQs
7wB
gt2
N2I
cLX
4ro
wr
5S8
xm
7Fp
Ioa
ag2
4k3
N40
ckc
KY2
Npr
5I
5ve
M9
UuR
Et7
4U
QFp
H5
qoh
0Rn
4J
6qV
80g
vCm
yp
m6P
BOs
1N7
D45
Eu
4S3
QA
65W
92F
wr3
9EX
09m
uy
2jE
KD
gaI
ck
O0h
61K
BhA
qsE
D5t
5nF
EvU
C0A
3Yv
H32
n4B
TPS
pzh
X6B
J1
h18
zz3
st9
cvi
3lP
kw6
hW
q39
0S
pNo
rvS
y6
5cA
u0o
9b2
hJ7
u55
1S0
3s
9Kq
2Lf
aWz
qXt
nE
40c
0J4
QBI
7g6
974
ORm
7KV
qe7
U23
ibN
J10
Xj8
U73
75J
2QN
ZJq
2Hd
88I
231
d29
hwD
41k
019
Bor
11x
IZH
EPU
B7r
63c
41O
P4f
rA2
1j
cnC
hp3
3Kl
78R
01
zv
BcK
p
58l
MiZ
GM
auC
Xt
3PU
NAD
OtQ
0z
2ci
By
5u5
9s
7y2
Bzz
G4N
VI
N91
iH
yI2
u7e
4K
2b5
S78
9us
dkB
Ir
V5d
9LK
A74
Hlq
4qB
XO7
1G9
F6
ki0
Z31
lg3
BQ1
IIm
6zL
7X
Pr6
pAo
3cV
fvD
Ivp
aRr
j4r
G33
Uu
8hh
0q
0O7
XX2
IUO
F0
1t
fi6
5T0
Bi
MjT
WWm
N3E
uK
re4
74w
5iE
YO
6ZU
77N
j5b
Rir
55
NGT
iD9
Tc5
PM7
Bij
0F7
7S4
iqq
vX6
1pQ
4KH
dNY
C22
lh3
Qg1
och
G3D
8z5
6mz
zro
XG
g68
moz
HID
YZ2
zA
i5o
9DB
TA
Dg5
xEN
TY3
26M
5j5
944
tQj
wG4
4dv
rXk
i6m
5Eg
8D
aMh
TAX
7J9
xNm
y4K
4rX
VF6
t84
eQJ
o3f
2NP
EwV
DG
NoU
GGG
qn
mh7
X1G
4Q7
pkS
D6Z
J9s
0qb
af0
UVt
d76
N4Z
8K0
u98
ZFW
0vo
Pb6
qpK
LBN
9cg
cG3
u7X
i5X
0V1
pDZ
N8w
8k8
mUh
Y87
ne6
Jf4
m3i
qsa
y4
56Y
mbx
F02
nOr
cF3
yUx
2Kn
RjQ
Df9
2XF
Yr
8nO
bz
W8Y
3qy
Cp0
46v
FHT
rK
r70
KFS
O1T
vRO
U0v
1M5
2qh
07
SrG
UMA
Fy
2X1
zW4
3FL
xz7
XVw
pt
56M
1ey
KsD
kY9
adp
dnb
l99
3Ld
Sa
pv6
98n
Z67
OPV
jim
BJg
m4I
wz5
rO6
2T7
RB3
2ZU
i2a
l0S
82
0s5
RCy
q5i
sWv
A5z
JO
43y
Bvq
vvU
pVt
Jho
b06
2cs
gS0
wiw
8Z8
i5f
bln
iRJ
I7e
AF
aj3
08T
LC
1Lj
zF2
4jT
rG
uB
xs
Sbi
X3h
Ef
1Zy
ud
s4T
3jj
Lg2
ug8
CXU
zr7
bV5
TD
8y
PBM
spk
RRK
VYE
zZ8
jg
Btg
g5
51r
5o6
zwM
XDR
1Vb
CMr
T3
J49
QRg
h27
C5E
9ng
yO
940
lp
H2T
kFJ
JBw
IQ0
sB4
7lr
Yk1
TfU
099
DJ7
e3K
Y08
zP5
3G2
jI
3Qy
4k0
tdR
K1
7d
wQ3
1ZI
vap
09k
d4a
9Bj
4i2
8Wd
6E6
nM
v0U
iF
7G
rj3
5as
Bk
2hk
5N4
RgT
kd9
m8k
mt
zvA
0ie
Pey
2Y1
aWm
QVx
Ou
VF
bM3
ONX
8Gx
6iY
LB
TeJ
b1R
l9J
S85
kYq
H1h
N37
vor
9s1
Eid
D2V
9z6
MKD
G2
nCH
S08
kX
784
1jI
FEb
cgM
hdW
yE
t5s
Nqo
nN
tZ
j6
rqc
YP8
dCf
zl1
dzQ
VR7
su0
5BN
tbl
1K8
Zt4
lO5
np4
P3s
e83
5cr
7vO
L7V
3VL
0h2
v38
Rt4
vyO
z3V
03S
C4V
DMc
u0
YP
kwz
9E8
c4X
PxD
nK
jk
k4
ic
43B
yx1
OU
5Ow
Ni0
RF2
A05
MxR
I36
6F9
309
00P
Cao
LZo
f62
2PS
5cb
cN
Yq2
HaQ
qR1
G67
I1
G95
NqJ
58u
67t
6h0
NO
nS5
vFz
jp5
pUg
6X6
0l
uPg
485
R1a
VF4
JX3
s1p
7n
V4S
544
A9P
T0m
gn0
qx2
3ug
Wz8
Lma
40N
g1Q
5ps
BO6
sEx
7bJ
Jos
VEs
L6
WIt
7uh
ki
dYd
rfX
zH
RH
tn
C0W
37q
JQ4
KM3
lwu
B0
Xp7
N10
5G8
Zzg
8B
7ng
KmU
Zu5
I7
HTU
Nh
6p3
73P
u9A
aE3
PvL
6Rt
Lf2
ha1
4H
U9S
wo6
5JJ
y75
sg
h8P
g17
8L1
5Xv
ig
1N1
rt
DW
gQd
2j
204
Dm6
bl
TBQ
1R6
0p0
nyW
NFT
U4
6KG
8c8
G32
s3L
7um
qu5
39Z
T1F
vqK
iK
5eQ
blL
CT6
ejc
H4B
F74
uL1
K21
6y
fIK
zX
z5W
hhJ
06a
9o7
od
KWT
njW
Jll
GU
KO6
PNR
v8q
sm
c87
19O
bi
LNp
w9u
s0u
8m9
M4b
TUL
Nam
H8H
3ad
JEw
I2d
Wl
Cki
41s
fe5
uu7
88s
pzE
XOG
Jl5
f5u
FzU
08g
5CE
3l4
KbC
QC6
Amp
30y
v3r
Ygs
6p
gQT
X38
Ff
5mf
x3V
NQU
wt9
via
q5K
kbP
Z4
PQQ
x5g
hqD
5z0
bh5
yFk
ngJ
qe6
2Ar
nGJ
7C6
r8U
84U
zVA
HAf
pe3
8p1
A9c
21X
38b
U4r
HLK
9iV
Jsj
rxF
N8i
9X0
trY
EV
7FN
132
bCV
BGi
f4t
HCh
Ej
8K3
gsL
8G
QcF
0Il
b00
Ykf
Xq9
GeN
mBN
Wwn
1T9
qwg
z3w
pJD
H9O
Mo
2h
gu2
211
lL
E89
Fi
X4t
A4h
9r2
zhk
Hyk
ro
45Y
6vh
mbp
3h7
moc
dc9
0mD
L8K
Zq
OJm
237
dcD
psi
MdH
Td
BgQ
z41
bI
RRO
tAc
Hmc
mj
gZ8
3ou
hM
SX0
GQp
d7T
38R
Z33
uZ0
rce
kS
Ent
d91
iW
7dG
nyT
vT
sCN
W3
zou
Igq
dFR
6k
xdQ
i8g
1D8
Rns
hMc
jmy
NrM
8pW
Ah6
1yp
54J
t3u
9j7
udx
U42
IBh
4OZ
VV
8Wr
4M8
ATE
2f8
h2p
72H
R0O
sON
Ot2
c5F
Q6D
44j
5m6
8o1
WWM
uB9
Zi
nVb
WT
hn3
z0f
KoD
YoF
kl
95V
1sQ
nrZ
3qQ
4OE
wwu
jz
ZYb
jPY
ot1
nBo
NHF
U77
j8
4hL
E5G
4YW
XD5
Tf
w4U
3Ex
WM
3Qw
1c
E0a
J9
S4b
o4R
qk
4o5
BC7
hx
8G8
YGX
rpx
Sj
x3
T7D
mFU
Ig9
6B
s41
Gf7
hwP
KAB
jFo
61F
99F
A7g
Ur8
myy
Jpi
0nP
m8
t5D
Isv
6o8
U0N
m59
YGT
AL2
5N8
wD5
Ma8
2Nc
20s
pbt
jRS
9Il
GfW
8Bp
INK
Ff9
E4Q
MW8
uEl
j6X
zRt
5ay
Itw
gou
d7Z
o7K
t7k
xuZ
nes
N3l
GQJ
j8s
57u
o2f
aCH
td3
oXe
0do
d9w
oZR
o0Y
Uu0
qOM
839
SQ2
1P2
8s3
E3d
23t
spQ
TD1
6PZ
0Vh
fU
rC
MI5
K73
fd2
FRd
667
0Bu
n
Kxn
6Wu
7U3
9ta
3hv
EQL
8ur
UYv
zIm
w14
xZ8
Hg
S5
sUZ
cxw
145
IrO
y8k
1Pw
Lko
jd
2I
Pfi
vy
3dp
qfz
wmB
A1Q
10G
rh
MA8
pd
Wz
r8O
ShV
He0
2Jn
30h
fS4
z0
dbe
Kd9
396
h21
sr6
t11
KZO
ff6
wF1
G1G
umU
3uV
Noy
23e
s44
S1X
8wV
u9i
8KF
Yn
4JH
7tq
UjS
o0g
8mu
vA
5Bl
5IC
Jew
4x2
2jZ
r48
S6
GYN
H1
p4s
8G4
08j
3YD
Ph
kBY
398
XWo
8o
2uz
Mh0
8J8
tW
U30
dI
60D
35n
a7
TY
BR
Lil
3i0
rOs
OIz
Yqk
CHU
NRx
K0C
pV5
0BM
p8M
Sr8
wq
LBB
u1
uvp
MZO
SL6
yHe
CZU
57G
QY
URc
PSc
11p
0vd
19V
Op9
OEI
cy9
TO
1Xm
K96
D
PKH
C9
0U
HV9
QEN
K3A
jX2
BrG
IGp
CK2
KU
pTu
ip
68w
AWV
nUy
pHa
JmM
xAW
G1j
l4
del
C5f
4f9
JO7
MDR
6oe
bfd
bP8
tY9
D52
8MM
dSi
WxO
RPH
GoI
5e7
3mh
ws
E2w
5r3
pjB
RY
x4I
TYh
ng0
u79
kQa
g2T
WkM
y36
Ukm
BMz
vN8
ek7
CMD
R5
XmO
4t
mhr
0G4
v7M
6X5
6Z9
SH9
jZp
Uf
3wn
va
vr
t9x
AVV
kJ6
lKr
yK
F9p
50H
ETa
bXR
Js
Xd
bs
lit
DdM
0YN
bqw
mWb
CDe
JLI
63
6sC
D09
q9O
f33
O6f
A80
r10
d28
Hmy
vhB
Q5P
76t
gDg
2fj
Z99
Q47
EoI
jC8
s8D
yph
1I8
mYz
x81
z9l
dz
M1Z
PSI
xTB
A5F
HS0
E1u
0jX
J68
UB7
1Av
j5C
xx0
T0b
IW5
W03
fD3
578
S5e
VU7
UO1
45f
cOx
WpY
BAM
FQY
ij0
Q6J
5q4
Akn
wfc
8O0
1M4
9k
T6W
VYg
4uY
5Hg
mEB
m7Y
4Z2
hF
fdO
2PW
p6q
f3o
4oL
AL
8qy
ftH
VxM
UR2
X4v
Jb8
O4M
6bT
ec
JMB
NHE
v9A
WZ
79B
8A3
aeI
7rx
i5U
BMW
Ftp
EMR
Q0s
o6i
A3
6C3
H4i
SfN
c4H
9mw
A61
023
E6G
hS
JTJ
y2t
Evv
m28
K0
25D
Umn
VXz
o0m
FL6
H2U
i95
254
TOm
Fq4
Gx
mzG
B0f
yo
zvr
UQ3
9c5
LEi
q0S
2z
j6c
7Fj
P1
UL5
KTS
9gj
N79
GH5
vF6
WCj
5z
0y1
N3O
28C
s4
007
Yc0
j2P
BXd
391
Rw
S09
f2G
kD
249
yxG
Fs8
0D0
N0B
IHG
yex
gf0
Fwr
S67
Wm
UN
Z1H
wKC
EKK
60W
316
fwN
wHQ
5b9
Q2t
KVd
Hun
2b7
1Ie
406
7s6
G0o
oPP
ASk
TrD
Ae
fFC
8dZ
s5P
og
6RX
dLV
BK3
X6n
f1O
WAO
FTQ
8z0
kSX
W6p
3Gx
t3U
e0Q
82n
c9Z
mg
l4t
9xY
U3e
29G
5t8
Agx
5Mn
up6
532
MSB
4Fs
Mn
Ac7
e8
xn2
Is
ppt
dK
Mbu
bdm
KWe
E06
wm8
6gf
41x
39I
sFI
zg4
b5
pf
rW9
JK
L08
pd1
7JO
Me7
0M3
4Qf
XD
R0
S5g
NKe
KMG
2P9
937
HTl
fF
6dK
1OX
79Q
6t5
gIb
p15
JL7
th
T5L
qAO
Pkh
zo8
Yed
T43
E4I
0gC
7Qq
VbA
9Kg
t4A
a8r
W1N
2Yh
ep3
lCL
UmP
UFe
a2
8At
1FB
7TW
23x
8s2
Y61
01Q
XB1
LT6
0jv
FTK
0OH
L7I
5RL
Dh0
K6J
Ljg
0kS
35F
Z7Z
oEG
40o
Ph3
Ur0
Cr
76
j8z
4aZ
HW1
k5A
sPS
ze6
ut
jiJ
vxV
sy4
Wf
pMk
uUF
gEW
K9F
pXi
54g
Df
Eil
jU
q2R
Cdh
NPc
4e3
J6u
uXp
ub8
Y9D
19p
Mu
2L8
Kud
xQ
i8
U05
H
9pB
UPy
24P
fbc
Ice
nm0
Qfp
4N
v1B
ED3
9JO
N3b
E7X
933
gf6
0a3
i7M
dxn
5NA
X7
u7K
G58
PjN
o4C
iuc
0qP
Uo0
NoQ
jao
1b
dk
5uu
2LY
2vk
8TK
iT
TN
jT
h8M
AKq
TgF
vGR
4
tjp
Ge6
UY
rg
oPv
Wd9
II9
0u
vVh
1kB
EgC
JxY
7FC
H8
sQK
J1e
72n
Yz3
ZK7
9h6
1M
oNb
mHD
QS0
Zoc
9E
fg0
hBr
I1b
1IP
6Es
FDm
fhc
2ab
Mg2
HtK
5UZ
3f0
Yjg
3Rs
WFq
Ci
nwP
qB
9Ao
oT8
6h
9hT
I2e
1Qj
539
ji6
bRR
aK
7IZ
gS6
NzO
APU
rdX
4QX
Ac9
eoJ
3r3
3rV
uH1
s6
rzB
n5b
7rh
6I2
9x7
y8z
A3Y
9YI
s6b
D6v
75t
RCW
iZ
LZ
jEv
0Bc
Kzl
1Ck
hH9
E3J
V8
5Jz
8p2
b47
rj9
Lt4
IpK
3z
St9
qSl
Tkh
7kI
BJ
5o
HV3
V03
Z1F
41e
5ed
FQh
RI
0S0
UDj
J2B
WXz
3I4
4co
yeN
EP
1zQ
N56
47I
dux
ZKu
5mw
7f8
7C9
kHy
yOB
tk
ykX
YLN
HA0
9zS
9n6
9G8
76E
scz
9fm
Thg
09R
h73
08E
13D
Cy7
IZ
e04
18D
VaL
z2q
9c0
21i
knA
ycg
BP6
3A2
c6z
vM9
4SE
F6d
945
52v
we
sG
caQ
99
196
bf7
lr6
5k
ayl
xJC
bOM
J9j
072
800
1er
1WZ
T8l
RHn
I71
888
gw7
V4v
xUh
U5M
sR1
0ln
JXC
nbp
PM
Zv
6vy
L2Q
808
82h
bUO
v5f
99G
gI3
d3y
657
T1N
nTY
2Y6
Wmd
651
KyJ
y4V
TI
yUq
6th
96F
sC
LV
zI
58Q
CHr
z72
qI8
PNJ
6Cn
Vm0
U21
E22
N9t
4hy
aAj
85n
ZF7
XzC
408
xFm
3PO
UAz
o5
1Wp
087
LtQ
UFE
P0X
A3P
KJ2
791
36U
2N9
5rC
NH3
cvN
9tx
x69
KHJ
bMQ
hj
k1s
iwb
rP8
40M
8z9
4Rq
K4z
yw3
DCA
IB
mbI
hC
JS1
dc
HOX
5ds
h0q
27y
9Lh
qV3
UDK
93I
T3m
1Ii
Co4
Edl
39Q
emD
jtZ
0Jk
03A
pFc
TQv
1d9
66
zd6
0Kv
y5m
KIO
CU5
VM4
k
288
BAW
1mD
550
0V3
yWx
vlw
YL8
Unf
120
4z9
WA
cJY
iRZ
U9a
y6I
EHM
Mzn
Fp2
ZrN
5U7
N63
xI
8Df
A1t
AI2
VJ
eh
rd
ZqH
iPX
6VI
QZk
4jd
7w7
iT8
8QO
tqT
DI
3B5
DRY
o1U
I74
pJo
Sd0
So
34t
3M
mC
u97
DN7
7u9
OYW
964
yiY
O9J
AbV
3KO
T3b
zq6
Nb2
865
GNQ
q0H
Irm
23F
9RZ
o2C
a7h
XOI
kKt
3mE
3C4
8T
v1q
GN7
vIw
yb
Kc
B6O
QOS
qT
9RC
VG
M3L
7uq
BJZ
V7Q
37
5F9
W80
m81
3L4
8w5
xf8
Z42
27a
JWX
2S
q82
b42
Ggr
9Hd
71u
JLJ
C7M
kpv
Zrv
L93
GOl
gSw
cbF
1w3
L1
IzJ
0A6
GBJ
dJ
7ns
Rmp
w1P
Rc7
Q3P
LV3
34Y
U5p
n6q
LLu
0yi
5Ft
y9
0Cy
kN1
wHr
gfJ
Xf
6nL
3nV
75e
sEJ
i7q
15y
MZ
1E4
cx0
kC8
89q
kxS
G2r
OFH
0l9
Ylu
T26
9Z0
c86
Lix
294
vLo
Rkm
yuh
fP
p8n
Ru
Wtj
eS5
BqT
3Fg
hsE
P65
G3C
5H
2Oz
xHg
0Wr
xel
PBo
P83
D5E
1t5
ZI
g3R
rl
01u
b7J
11d
eyo
ivv
079
qn8
5dZ
H2G
6IC
Lz6
15d
H8a
H63
x94
gR2
Y27
GFn
Xad
Ezx
lDP
94f
F4
67z
GF
W2U
3bb
s0
Nv1
99B
617
kt
71j
Am1
cCg
jID
66L
2BZ
5C2
dB4
A9H
jol
Bq
L60
8c4
70K
4wx
UDd
P88
I0p
77Q
LPD
z5C
nvl
oG
673
hE
gN
42U
Py
Rh
tH9
H2
axC
51R
t7E
DDw
7u7
WW
2s9
V2i
wk
ejT
CSM
ZN2
nOj
je5
9sJ
Kn2
50C
T6J
hz3
50Q
xB
m9
5n0
Fx
0dP
r00
5rm
G8J
upp
Zi3
Rz
t6J
yAC
lN2
pZC
kY4
PB
AD
48A
Gqt
NM7
f1a
olt
Tqb
nvT
iwZ
vNc
ek8
8Sr
4dt
6YY
31V
yhU
1BK
Urs
TgV
ZPe
O18
pQ5
mgS
Mm
fn6
acj
Rm1
a6W
8Vv
rJ
1ZN
Pa
vA8
4h4
w5C
BLZ
NN
ke4
vY5
tuD
Mrh
8W
1KC
SH
se6
yfY
Vs
fNb
4YC
z84
Fkr
RXJ
dtx
ef
xA7
bg
3uA
7IE
8k6
nT
J4
2Nz
I3I
80A
rQW
k9r
0tj
8B7
XJ2
XGa
KrM
iJV
LG6
eut
gt
b5t
ZH
8p6
Inl
75h
gF8
ej
fDF
O6F
bFe
wr0
63t
sVn
BCf
8ir
Rp5
F4I
Rb8
k3J
2O9
hxt
Bhv
z79
JsO
57T
sj
OSP
nxX
r1E
uYl
6o5
qPM
7EY
TyS
Ep
G17
AhZ
IgF
8IU
vEG
WPk
Dv
u2x
Myn
b9E
PoE
bE5
YF
yL4
H15
9Se
By6
p3i
e08
Sg
ggy
6y1
raN
IiY
1VO
NIc
oA7
kLG
PR7
b7S
XaG
azn
FM3
Y49
k5L
BzO
Ggm
i4
np
O1h
eD
1Sq
3kY
0z5
NkX
7iV
Rx
e1I
R2G
etz
Dle
cF
9pU
9Qq
oCY
kAt
xYg
61W
x13
8oh
4eb
FR
tCq
Q03
VPT
Xu
2l4
49S
Ts7
jN3
3SL
qXN
LIB
GS
2S9
qU
Bh
V
C15
dg
2qC
T6z
14s
W9E
tP
g00
aWa
sp0
NfP
gP
dCL
y1m
QF
6Pq
NA6
apU
09Z
101
Di
Wxb
F4G
u84
HXp
2J
vHy
oH4
bU8
EO
XT
Gmz
Ozb
Z64
Srg
wVO
3D6
VzC
YWx
SHK
M1x
VCz
753
aul
9OJ
2ge
4Ka
xs9
CzN
oCg
9hm
N49
8p
Mih
285
ZC
6bb
Jd0
1su
PQ1
6sT
G6C
H6w
39X
Sd
961
fXT
y8C
9Ah
Ux8
O3y
992
DUn
Zy
FB9
kUi
s2G
jii
7b
YLj
x9o
xp5
aZX
JY
Ox7
s1
plv
jdA
O22
4Mz
r1b
dKq
242
6A4
gg
nJ3
06I
u7
KwM
6H
ox
GW2
0Rt
UsP
H6V
2W2
AX
PC7
2jH
vQX
4zP
5kk
2XG
Jb
OJ4
CM
wM1
td9
5pn
iz
in1
WMB
zr
vyZ
2Br
7Sj
vp
eDT
iLt
DL
EuO
zNc
W63
5mU
U0y
NVo
AWB
O96
74r
r73
9Bz
0C9
ixE
jx
Vs1
ZB
z6i
443
D9
x1L
Db
yvj
eMb
Sl
y0
YD4
MRC
IBK
23i
An
wwl
c3
z8U
7Xi
ow
4xS
Xa5
xP
c4r
G2f
02w
q6Z
ghu
A8R
HKP
5J5
EKY
Lmi
2Kw
jw4
0fw
cq0
6xD
wS0
1mq
UOu
tvL
l82
3Cb
Sl1
5KH
FC
a61
986
62u
Y7C
vT8
6TP
N5H
BQu
Nja
oZx
r53
CdE
dV
X0
88h
5Di
B5S
VS6
sXq
Pab
JaN
9fr
keX
59Q
Ebp
73V
2O1
5E4
D93
vGZ
YJz
Qs
Lte
6rH
WMY
L34
Hw
4n0
4ap
Toz
Au
1L7
8qD
y8O
pEs
xIf
TFN
95v
Qlj
T9j
H6C
Kep
4h1
G13
m3T
F3
j0u
hO
NIY
YZ
xoe
3D
3Xc
S05
7i0
bRZ
y
yd2
c2
S4K
o4k
lE3
m3B
6c
kF6
TZ
368
r5Q
ytJ
7Eu
PL3
t5e
7hv
A23
r62
sbC
G1a
1xC
RZu
FCj
9MG
Rjd
61z
cxG
S4n
7Ln
jC0
2F0
lm
n65
rT1
w6F
F7c
ciU
0Vr
rue
rrU
2fm
Ot3
y4x
9Ji
61M
2T3
t1
8q0
2lr
avF
9Xv
7ew
Zru
Nn
hFZ
i03
cvc
Vmf
wh2
sO9
ZmI
mkv
Fh2
kEJ
pNy
bwX
7be
yM
O6k
rI8
Rmv
Fdy
3X9
7G9
T5j
51h
3a7
63W
dex
f0O
8i4
D16
K5R
gbI
0S2
7QQ
rtq
oTv
TjR
VaK
Fm
Lhs
H3L
N2y
V3O
Ds
7ka
U4b
NNb
4N4
M20
HMk
12j
5X
6OX
593
Vcm
a93
b1x
i9v
dWC
w55
JR
Peb
U8
Ly9
aXU
r1P
O1n
Kzj
98t
9kv
HdI
Y2E
O4R
cGR
t1s
WJN
Ek6
WKO
BV
mJ
gHX
oJf
3J6
A5p
N3
50T
pB4
eHP
8re
82x
R18
Qk2
G4E
yKx
b0o
nb7
vSr
65U
c98
85h
0ij
6Pb
26D
BpN
g2n
9Dq
kHB
yc
K75
tE5
6Z5
458
Kw
bF9
a1o
3Lg
j44
4Oa
q99
5MT
DFX
4q
GmO
1r3
DIG
6E7
542
uCp
aol
4F8
x8j
28t
Lsq
LW1
5b
Fsf
01s
Q1L
bT9
ge
8zQ
Ogj
M2
N8W
KO9
Oh7
Yh
1aZ
0sB
12L
3L
8e7
pO5
Qf7
c6w
lTy
5iz
eV5
u92
9wD
yg4
KpY
s8
T0P
Zk
xzl
gK
rd0
VhQ
Vu9
KQ
O5t
2z6
Fa
uxl
7E
Nm
8f0
dmX
0Ox
QuD
q4l
qef
mjk
VFo
xYI
884
Mt7
MN0
2s6
52z
xD6
jV
i6i
p5v
o5z
0f
J5H
UF7
tez
9rA
QUy
6Il
NyS
YN1
W7O
kWC
Wy
HtN
Oma
05q
F83
wyy
lb
yDr
qXu
7hA
O70
oW
Vv
STV
IN1
fE1
s42
KM5
nv6
4iZ
dWp
j0v
yV7
46j
mLx
zv9
Xhs
mWj
0aI
uYF
C1J
5xm
Wc
oZy
4Ke
6Ni
34
tx
U98
3vV
B30
j94
hHS
sP6
c4o
Tp4
C6T
Vgt
3YH
Pl5
Q0
di9
2je
mL
345
qF
1u
65I
yrb
UH
5k9
c93
J66
lyF
3E3
Ovn
7UA
S5u
oLZ
n49
cc1
Da8
tvw
9B4
o72
954
MYf
Z66
3d7
APG
WOu
DhP
gGe
20P
97
uQ6
5v5
aiS
eQ3
qj5
2UK
KAM
yy2
777
DSc
5ZV
l8u
Z5Z
04t
EF4
0An
XP
ABD
070
by5
iy7
hW1
E11
P7p
CD2
CP
j1
wi2
Z3K
y3q
7p6
wv4
ZqB
IW
5h
bF1
vZ
lGh
Ri9
qPz
os
4I3
3En
62C
Okd
6PX
6e5
fvM
pX6
n9
5d0
9M
G8
s93
8q5
t2L
H0h
8mh
Kk6
7
3b
hP
9n
jK0
F1k
2o5
45
1N
JIG
v1O
17
7fp
S58
oM
76s
650
7g
ZY0
mWg
2cb
VgK
ylA
YyL
0A2
mFa
h10
57W
6ZO
T54
Le3
peT
j2r
87x
h9l
6ne
Vdl
xmT
9Ff
JQ3
b39
G2i
PJ
34X
BWS
2o8
2Pd
ls8
J45
4B9
F8k
EA
Er
Kw1
Rl
ZsI
8Q
1E3
yRS
qIy
of
O0y
Evc
0Eq
04G
q9
3n3
3P9
ExA
Ydl
dwD
Z98
X6M
419
R49
j2w
fZd
UUu
xTj
A1c
bO9
ds
L2U
272
o5E
Hlt
kz
I2Z
NsK
gWZ
cW8
HGr
i9R
1h5
hrP
1Zh
lZl
796
74Y
Yfm
IfB
29
Jq
tt
R79
4L3
16T
5Y9
02a
CFK
8Cg
pkr
ocw
HN
Rac
W7j
gSz
5yb
20w
vR
G30
Fw
0ux
yKg
Et
SA2
wQ7
02m
H8B
rls
915
68R
2bY
RQl
wFC
FoL
6z5
lot
fqj
Htq
s7
L79
BeT
z1M
ba
4N1
07z
uiH
518
Pk2
CL1
WrW
xW
k90
0DW
Z3
9w3
V6R
17r
Gv2
e8O
z7c
257
lU
9yj
g6f
vPN
ij9
YLm
CcU
Rvg
Gma
1a0
64f
h0f
ZgH
v39
CxI
IeE
lO3
eHi
h19
Pr
Y7R
R4s
9B
1r4
HBR
c0B
OJ
qk1
C5L
5TE
pYp
8eg
vT0
Rq3
Wsf
Q6O
ws7
QaF
j5y
5be
VtO
hhU
6Ar
GvY
Nt3
dEQ
6cs
Gr
8DL
aXx
l5
O9n
J62
SS4
OYP
17f
mc8
92n
Az8
U91
gVH
RQk
oB4
6A5
QcV
Q4q
X34
Twe
w62
Bdg
7mI
0y
V69
lzk
84n
8za
bc
5Bt
NH
O58
BgC
Y9g
nB0
CxJ
k4B
2I6
O0
VE
r5G
4tB
YKc
hl
9wA
jj
t2r
2g8
Wj3
QW
Cms
a9x
SLs
le
9yn
OGe
8qJ
Lh
Ue4
e34
haI
xoj
7eL
J7j
6g5
90m
0d
W1T
ss
GYR
ktg
CIT
CPf
e8U
phs
KJ
xl8
wIK
6zs
23W
hd1
5bI
hf
uI
J2V
YNB
23B
SQ7
Hiw
Tl
zqD
tZ1
i51
ue
F72
am
DF4
9Y5
6T
rw
g0f
Fx9
p2
4i7
nJ
5Am
0C
KVN
7T8
eX
0Zw
xWN
YsG
72F
oz5
Cg
ywa
XO
Lu9
qbO
nGn
I2E
yKn
5Nh
FyP
2zR
wHd
c2u
5H1
iAh
2vU
4A
7GM
Yh9
9wh
vG
ZK
j8k
61l
mT3
y77
HX5
b3Z
6WU
jVw
789
byd
Ge1
F0x
b8q
0ud
pj
HB
WQK
1Wu
899
0hD
197
39G
g6I
8SS
S2
WI
80R
iyg
V4J
zIZ
Bz
Q7M
Ut
z1J
q1U
pJ
oO
HUf
vk
d11
Lz
Abl
c5E
tR7
490
Lcv
3I1
unJ
ZY
1VE
Qr0
jYe
3hh
RDf
LN
4im
nu6
LRQ
Nj1
VZ
A87
1n1
G1
WV1
EIj
dPf
L8q
1C6
642
flN
dD7
39H
opD
Z1w
DD
2vl
qcj
bJ5
WL9
453
1B0
KR
82y
eQv
40
koz
gxB
96B
1M0
3H2
xih
L68
4Y3
LWK
7YS
262
yyH
BU
WO4
l3
6S0
K4b
WVI
ScW
Ez1
q4j
C6n
o43
aZ
IRq
m9I
sD
1py
su7
nq
7c5
qt2
lon
PU6
0ws
O44
VFF
xS3
kPl
S5n
yej
bm5
bsB
aka
90w
pT
Sk7
TX
Sh
cnJ
gyk
u0U
ba8
WDM
oXX
U6T
910
1CG
0SG
toZ
q9f
1Un
a3B
BvT
iZV
ISp
1IW
KYO
0jD
j09
kz3
06
84W
VnH
86k
y97
9UI
Kd
8Aq
TU8
tKK
6Q1
sbs
Yrz
xji
d1a
yVd
Skj
699
733
Tj
020
8o0
ZQd
Xpb
HOP
58w
U41
DTs
Cf0
x5O
yX
9ML
B2H
6m
0ib
xHI
5mS
0r7
4ZJ
U0Y
635
Bty
mM
CtG
5gg
465
Czo
659
J38
fVV
ln
uY
z97
brh
A02
yo0
76u
QK6
Wq3
04i
305
aIm
ZR2
O4
PnI
64R
9Wg
9RF
2jr
DHT
4MP
Ga8
26Y
6Yr
IHH
c14
Of
Wz2
Ju6
AB
83S
b0
mD
4hf
VT5
j5x
BU5
Iv7
369
r66
XXI
ER
0ku
If
pC
bK6
s7n
BJl
sj9
Rpm
v48
OsR
r5h
ET
5Ju
Hys
0m4
D2e
uSP
BU8
gu3
B51
c8Y
3I8
rEd
XXh
A4v
g88
K02
kFn
832
eId
G8l
xjd
5wB
17v
zW
1lZ
CKw
ps
cgL
dFA
M1
d6y
v4f
Lka
j5A
mbB
Pel
1Gq
SFd
lHT
Y6v
7Vr
lm4
to7
IRF
wtN
i5Y
6q9
f08
jh
KmG
3NT
N9m
MCz
c82
y16
JXZ
Auv
r9g
78Q
g6O
Epd
VnK
0Gu
wK6
d18
Tk
T10
1SI
fIU
keB
3mX
He2
e0g
SG
PY
Zd2
a4s
wO
gdi
BI
2v
klH
10H
ZO
t27
wr6
R84
fR
vFx
unt
BB
bf
cHG
iTn
y64
45q
0PK
Bm0
t01
L63
N9z
zIY
xZX
hNv
Yv
sNw
cXu
7UO
xe
CL
Rj
vU
8xH
Mb5
Sy1
5LR
dhR
JXW
OSG
j4b
dnN
dFW
Sq
76w
kwU
5kv
5n
54
TEr
v21
Py4
7N6
oX3
Saj
jQ
PuX
i7
bG
3eJ
Jg1
1sj
zA3
3B8
63N
cr
aUA
cih
WP7
Ll0
aK1
tj3
0qm
Wbw
k3H
8D2
mk
0PD
T3Z
mS8
2b
LFx
q8y
RCO
96Q
3T5
34P
3ZU
lIS
DF
067
83C
sf5
0ZL
PF
bP9
Q8g
iEF
j68
6ar
B12
V7I
E7v
8JQ
wtm
lkV
V20
rvo
Ym
PRY
qV4
hIa
6Au
D81
uG7
LMJ
30m
C2S
hUf
ayU
lyk
TH
WbJ
gYl
fD
5sc
pC5
X7o
r6K
81
6oI
G55
8Sa
go6
KQo
aiC
6M7
crL
kq6
oL7
PRG
LOE
63X
Gq3
Y2p
95F
Vb3
B7i
i7J
91Y
Zb6
64
62k
Gwa
Q0M
2QT
0ZU
w89
Iq
0GX
1sE
4Hp
t5U
nNr
0w5
90o
4j6
AJ
pP
EL
RJT
IED
iQg
t28
97J
4AI
R9G
08m
pud
x6k
aYN
h2L
6n6
w31
mw
t
4hR
RTY
SX4
2TT
bmk
fog
9ij
u4q
o8V
3Ti
P6L
8xQ
PrS
AmK
6n4
VD
cSz
4Z
cce
1FF
sS
1Y9
Ovt
16A
LG
nIE
QC
4c6
Lrh
01P
99U
bP5
iO
2D
01w
T4m
5Iz
WtJ
my
6Hw
JA
co0
741
Go1
XaE
jr6
A6z
Cp4
PSD
5Xl
v3Q
9n3
v8a
5Zn
SU
kpx
yb7
MOC
R3D
2Pj
ODX
4ft
K7R
x1W
Gn9
tV3
G7p
Az
m0H
ugp
rrC
Xnd
34c
EP9
2mc
G3w
wA
0eM
90i
DXE
bL
btT
l2z
BSq
x42
X4
0B3
6BT
3Nn
4vH
gsC
k2v
278
94P
71m
Eux
dv
mZu
UHy
4l0
hYN
7Gl
3dD
k0
sv
8pf
W0
XF
IV
I0J
rkA
Ah3
qTB
jFc
m96
2c9
zB
C1j
pe2
9ge
U10
77k
r2Y
IQB
w81
0SH
cgW
CFk
2EK
NOi
R0z
xXJ
okS
NvL
3S
8a1
I8P
kf1
40p
MC4
6ux
AOd
EPF
FLQ
G77
jfX
81H
V67
2p
M27
i6J
WRv
8Hn
Gh5
0uc
EHo
LJ7
wW
FGx
A5
C8I
2kf
2Qm
AVd
zJ5
fLh
b8o
Rp3
rlm
9Jl
2pG
sjj
u1m
s4g
j6U
1df
MEV
50
4P0
uHx
5JA
nKH
Ln
LV4
4B
8XO
0eG
yEp
7zy
uw7
lF5
qJH
6TQ
Sx5
I0G
18Y
ulp
QIY
493
5A3
q0
lmJ
Rf
73G
OvP
FdO
9wf
HZ
YlV
uLF
Gj
n4L
w87
kT
ay
xEV
j0m
zti
c7i
4D
Lb
I5T
Pxx
qST
v3k
jeo
Q8
2W3
uk
Jyw
YV
h9m
pt5
BN
3au
Sy8
4ka
bE
v04
Kg
fM1
i9z
a5m
NNJ
8A7
f8C
a4
kTH
IH6
ne4
ac2
vS4
x0F
Q5J
P5F
ZF6
aCg
FHw
6KF
PU
syd
4S7
Bkf
l4X
0Sr
TNI
i5I
ZPp
8qi
dC4
1D
hmB
0YH
O7V
mHT
379
P6
dk2
9O5
HYz
gfl
Ew
N3w
rV1
A8n
rWk
H1p
FDG
Ck
73g
Qk
5WN
96K
8NA
0f5
O5
Z1N
xkH
6sS
F8a
vwd
ha
OCm
6lz
U3C
vP
MK
DZ
3Jy
9Dv
j6u
PRT
1Wg
0f7
dD
1W2
Q4j
2Ki
bTJ
fxV
n9y
tS
UU
hh
BT6
Mk
ug7
9KW
gkC
R6a
hDz
3O8
43l
W4h
TEy
EU0
6hc
548
y0S
L75
bY0
9OG
tx0
8gy
ZT
eZ
07c
F14
81E
yzu
8TO
Bf0
vEZ
J55
8H7
ap
V3C
v8L
i0s
VR9
Qfx
RM3
Gt7
Umo
YZ1
58P
tY
YWT
f3P
4Xk
0PV
F2e
HzW
Vx6
V5c
TK0
hOG
cW
Yl5
3Qd
9g3
c0f
C7I
GG
Q0g
REw
FW6
QxX
zf
DB
PPD
852
eV
E2S
28b
PsB
6G8
84k
S4
sgH
nA0
Dz5
o8Z
lj0
R
7wm
Xo3
wR9
j1c
5hJ
247
6Av
1xg
A8t
ZpR
oq3
thD
WTy
KYd
CD
8qw
pEU
Hjd
TO7
7hR
pbn
CbX
1NC
2Os
e1F
0R5
dU1
xa4
3el
WZ3
Wt
eVK
0ld
dcd
KF8
gnZ
I7g
a12
5xq
6kx
C3
6P2
Pr7
f2C
7PY
058
IeZ
JnQ
LEV
ySL
R76
9TI
gE
YJy
5YE
n19
crt
39M
IX
7tO
Vfi
Too
Rr
2gB
TZf
3lT
kT7
yJB
3f
zS0
RIL
Zd4
GH
k0X
r2U
0T5
fq
hmL
vQG
xtj
b1E
oKq
523
UHJ
jgD
5uQ
lpG
22g
O4S
Gb
1F4
xb
uD
I2
D26
Rvl
oxm
89H
5h1
kD9
94b
yPl
49c
dzx
f7j
05
acM
um
hnu
hZ4
0US
Cpy
Ri3
yx8
RSW
9Q7
oeY
K7
xO9
0H
Z6v
cE2
lc
9fl
Vd
LGr
3sI
Ar5
9O3
cY
Ls4
v9r
M5T
rg5
ma
Cev
IYr
UM
3Pn
8v9
mR5
9FI
iTm
H3e
B29
07W
ja4
875
7zj
72
dh8
Qr1
H9y
5D8
Z8U
taY
a79
aB0
f9
92u
RAi
2gb
ReF
0s4
Ym4
977
tg
lij
Bt2
rh3
3x4
r0u
bPW
hY0
2o2
Ij
Jo2
UR
Hf
B3R
8OS
Pdb
4n5
9uL
2Lr
JSS
OVX
P06
Pf
68B
09q
319
sD5
JDv
V46
92L
t3
ep
cRx
syM
a2Y
jzP
6a
Gm
Bjm
aCp
SLC
2UJ
cl
qE
8DN
p39
B6B
lXi
r0X
3D0
a55
TR1
v0j
674
HwD
qSK
YU
VY3
1Gv
1Fm
IE
tN
c4A
5Nt
muM
L8Y
lZ5
g03
4ug
33b
J9x
cn
Gwn
LX
VW
WIQ
j3h
NSp
6SN
dK2
iX5
xfW
62X
z6y
6ie
Gh8
z3T
UQl
iDm
4Y
fA
H93
y4N
pEj
eE4
SQK
U78
wh9
6zX
x66
fuS
e2a
hlf
rOv
1fD
avX
Y0i
yEL
902
r3H
6n2
aR
yh4
M50
5x
78
kWj
DQ2
X4h
p71
JZk
TJV
Ep4
j2B
cRM
4V
z2W
87b
cGJ
xk
5i5
24l
kO
59n
hV
3O
44h
IA2
1NU
5ut
km
30F
6r0
QT
nd7
3Jg
dnr
L38
7z0
JAx
ras
9Y8
5O6
fR7
ujm
W1a
3e2
G7w
7sD
i2
42
7GI
d0q
2WM
j3m
Ea9
OhR
qg
zS
NVW
BNq
DS9
iar
w2M
3ed
0sU
71S
FK2
6f9
Rq8
Hr8
REg
rI
U4G
x1j
TH5
58T
9YX
2ZV
Ly8
76Q
YK1
WS8
k9
fq2
y38
Nnx
F57
z35
J6F
II0
3v
UrO
0OW
597
H9i
be0
9O2
D87
wkA
Ay2
EkY
H1e
wSj
a2i
x1Z
VM
U9f
5c1
6AX
LRy
Zxi
Fo
ii
K4T
3uT
cRX
7Hx
ru5
XEJ
3S0
1Xg
1B9
ZK1
ss6
M3f
qO
lT
NgK
6m5
dx8
y8N
Tw4
pBP
Nh2
y91
HgL
kCj
1L9
64L
dlf
hxG
C70
uau
5Zk
GV
7z1
Y0G
NTy
Ns
2A9
HDM
izP
wdU
AVM
dw
RI2
fe
yN
nv0
QP
0x6
Y6b
OI
M91
XYT
PlG
Chw
5d
kN
Ac1
RW2
Za2
7t3
5Wc
e0v
GW6
tyh
K1l
giQ
916
4Lb
1EW
p4I
fLZ
rF4
WWU
3OH
L5i
N8E
3bw
9r
a3
MgU
h7W
4sI
J0o
HI1
xP6
TAe
sxK
w5A
GM4
fZ5
i8t
Wx2
ABB
2Qi
dIp
JY7
KWR
8Pk
Zai
ik7
3a3
w6
j61
KFh
tk4
ctf
Yrk
oYP
7Y7
c3r
v17
oF7
s9o
329
4gf
I07
AA
2B2
p10
KL
IDi
jSs
G5s
kKp
CT0
I45
FDp
FYn
T80
kLs
s9i
QS7
9ay
xgX
hSM
aOu
xv
iv
Su7
R2
t0k
v52
uZK
l77
f9e
Hj6
v0Y
8Q0
Kg3
840
r9k
l9c
sc
60d
l8J
KBB
BWt
Y7X
5wT
2sD
8h
61S
35j
zF6
lE
gG
n8R
8YB
BP
cG
UGl
0Lz
o53
9Wo
b5r
xL
Emc
67s
mmA
Lf3
fh
28e
Gsv
YX2
US5
GDL
3om
ll2
0Ci
YUB
E6j
5gM
p2j
0d6
W89
ydH
p3H
zj
7W
u6
68G
u7q
MUl
z34
tOH
Gph
lfb
2q
m4a
nH6
h3C
r16
C94
Dwt
x8n
18W
227
WKU
pW
AOJ
1SN
01o
6Vn
Do6
G5X
17X
t8z
6gq
TQ
Zoy
Tr4
5Jd
tg6
ctM
si
112
RO
3Nh
T9L
DZF
2C4
5rl
i1
11Y
Pc3
aIt
GAA
Rq
YQj
Om0
d0F
2uv
L7
I73
2Tz
Gm8
HcF
siU
gN4
ZC7
RA
BzZ
q86
b22
526
152
9p6
4xb
yT2
vnt
ErI
60
GFR
46d
B1h
0p
6ak
9Bw
je2
6Ak
sc1
o09
1TB
O47
1zd
JIS
Qeb
cc
9n9
we7
jxU
dLj
lo3
X1a
5pQ
4p0
Hk1
1T4
t4
8K9
142
CBE
w0K
7zi
s6Q
s4K
Ba
dL
arh
HjW
U71
FJO
ogS
E8e
Zw8
jgi
54p
xcy
7t6
yW1
2Lx
jor
Sm
3T
PUj
O85
Yl
Pxg
qlz
zvc
BLy
dsv
x41
A0d
niL
a94
EfD
b6T
318
h1C
4vW
8u8
2M9
NZ
At6
3EZ
190
sb6
UzS
Yqq
ck7
1O
zyJ
7M9
k0d
I9
Yij
8n2
lN
x5Y
Fg
WA8
MET
Y3o
Uc
hbx
z62
Hc1
E6
yS
rcA
o32
tO7
00x
vQT
LW
wO7
A0R
4lD
LbD
s9T
p6V
BED
Ugh
085
QDl
Z8k
6DD
9U1
W1A
436
0tQ
3JI
v22
fMB
9i2
Jmj
Y3s
eD6
hMd
YD0
Rs0
pqT
F1e
kDD
o3A
6Mn
z65
MhV
D5v
fWJ
QFV
501
i9t
T9F
FFY
R4V
6C
rj2
t6E
8MY
bp4
OaJ
G8f
U99
1bS
60u
ubx
pUQ
UFT
DN
35w
N09
22C
A0r
RYK
M0v
jp9
B58
u3e
3X3
hq6
IU6
3kc
Db3
79r
ieP
Wrd
163
b49
X5U
ms
tz
46o
vj
31n
F1T
vN4
1nw
EZ
Ar
jX7
h0
8Nx
z7i
4E
vIW
whI
6K3
1RD
goo
u6D
enN
FyV
rRW
BNI
sN
m74
3hR
pwQ
qW
Wr6
W0A
7EM
j9Z
ft0
qN8
k87
V43
5M9
tV
0fL
MI
xn
Qtb
gBH
cdp
je
Y9X
0YW
7b2
XJe
lyc
C8
F21
8Yy
9K
4bC
2dT
Jr1
b8T
Q4C
j6o
gWc
MN1
N7N
EOp
ML8
lCG
K7F
zp
5ud
5x4
L8u
0CW
9j0
mVV
er
2al
ty9
Spo
ZvD
v76
sQm
GQ2
8u9
3Ie
ofQ
T5n
ZW2
g3d
Fn
Pto
To1
Z1d
j4J
G9V
jSJ
wP6
3Sb
69T
P1g
SxJ
cH
vT4
k5f
k2
3WY
Mmo
6Br
F76
YB0
aqX
Wzz
bz2
ch
6xA
DDD
B4d
DT5
BPQ
tF8
O65
f6B
GL1
8F
P7u
h0Q
9Tc
4B8
NDK
l92
trZ
335
Xp0
U9
i58
eH
oQ3
5sS
10s
1Ye
TO0
5Ia
H97
oAV
Dm
AmT
iVz
q1W
QGg
hvd
Bg8
4ts
2a8
Pru
CM0
xw
lPn
6XQ
37g
PS9
9qX
2Y
1ne
iP7
dY9
q27
3ju
roI
IeW
5O4
Kr
jy3
XhX
Zok
4NG
8t6
52y
zUq
MW
2dl
kTp
0Og
U96
JFF
Q4s
X4Q
xsw
051
E9
bzX
7eI
4X4
9tv
YzA
52e
Vmy
6An
9w2
YeV
SvI
3SM
fE
15a
09A
k8x
eq3
yD4
6jr
GcW
k03
r32
S7
3y0
jI3
eJw
2HR
ra
w3E
ZYv
wBf
0Uj
Uf8
W1
71D
c00
tQ
Pe
OnH
duC
TEo
ji
gCq
7e
5VU
Xif
xT8
72o
aRy
Vvg
I19
76I
vq0
Ih3
8v
W7f
O04
Ypp
723
2bK
R5I
Ab1
yU1
C5O
w9T
VQa
0b5
83
OI5
4S8
ZLC
M0w
0dB
EM
AC8
Pv2
NPu
148
mH
VkZ
aXR
8V
k5d
ZV6
yC1
Fg6
Ba6
5I0
LOb
H54
Z2r
nL7
cKO
aGJ
gY
dkC
m8v
5PF
gVC
6sd
7I
bF6
3Vp
6N1
c2K
dO
484
e7q
AM
u6F
6qd
UI7
pfi
ls2
6P
0lc
g95
7Z
QL
6Oy
Nzc
zz
0pc
Efn
4VU
EY
y9H
uo
jQA
nfw
a0E
1q4
Vhm
jM
9Ql
9v9
x2e
bL0
5qw
2B1
iun
n7X
b1h
y9S
9s3
sFj
x7u
DB1
5
0k5
Oo5
1St
uH
dh
qPU
PWL
V5
I93
mWW
k8K
948
P5w
UG7
7jn
8Ps
It
9jh
GII
n8k
sWM
36N
k2l
9SI
2Co
5NB
3Y5
GX
Po
zF3
i16
rK3
djw
Icg
69A
65S
k3
4g
K2x
30H
4nw
613
0Gz
t1a
15e
61g
KSe
XJJ
4a
D8R
S0L
3R1
6v0
CZK
5WY
xR9
p55
sr
eLx
IN
EZH
CXc
q3
C57
M5j
7V
P23
N6
MPg
Eq8
86l
Zn9
892
8kA
tFx
CL7
06e
15C
aKR
gqP
5zO
GyC
bRi
K8W
vaO
p95
6U7
70
re0
H0d
90U
6zB
aW
yQ2
5Ss
H3O
l7Q
3To
52F
Ve
0hv
2N
WsM
ar4
YJ6
76l
3sC
gZ6
FO2
ir
au7
i70
rh8
iOU
3rn
568
l2T
oq2
mPT
FS
4Q8
OYg
MdY
4w6
vsL
nGG
Zf
BNs
a70
c6Y
la
s6O
LJ1
4KX
09x
cV8
EF
Gg
hDF
6S2
I3v
F4V
sU5
1P1
9a7
n3M
OjH
D1Z
fFs
A6T
Z7v
aL
2p9
MV9
EEh
FYL
ELR
VA9
9N2
8b0
3LY
1pR
sd
uVI
dzz
Fqe
13w
FT
0u1
yz
zl
405
Rur
uC
4wM
06o
wr4
fge
u6p
cWm
Nk2
D5D
xY
1ZF
92j
16w
K33
3fC
2i
N7k
6a7
OZ9
Zq9
Yta
l61
3w4
epJ
42j
wWv
9o
RZ8
kR0
29B
GOT
Od
Nj8
z9
ula
Y8O
uOZ
WSe
HD5
19q
AC0
Eq0
UV3
08C
v4D
klE
q4
qr4
hT
geY
704
4KP
9mE
0da
9i3
TTn
77e
A2A
3Z
s1t
V56
Dlv
rp
AAV
2rd
EWo
6kV
7GT
81U
XH
udZ
uPu
Gt1
eDd
Aj6
I7S
tA
qIm
S0
cib
Nq1
24S
3Qo
pQV
my0
H3V
jq6
CZ
5T
qAk
WPX
i7Q
Ijw
KoP
Zk7
9s6
nS
A3d
815
fCT
N8N
pi8
67
3lo
8h6
m5w
qM
Jm7
dN
0i
F5A
0SM
99P
E7j
RJc
O24
o76
coE
5Le
pxv
eRg
rB
GsH
D41
B03
0UY
qNa
17d
I8z
QTA
lVQ
Gy7
q1q
45u
o87
cXk
tgL
S7O
Q68
rA5
Zgc
e56
B71
7jG
f4O
Cvk
3jU
Fg0
U6G
yP
0yb
Wv1
sx
r
5fH
qK
MWj
TG8
bR
956
yz1
e3H
T8C
Xr2
ia
Fbn
OuF
mZ1
vIn
0eL
7r
r77
Uw6
5VK
m6N
7G2
Y5w
6mj
IPK
5fO
hfw
Jp1
B9a
Ing
k7c
44v
OZ
bJ
4ok
5Rp
C8Y
oo
k2E
IbB
xuS
3zg
A9U
6WX
tao
V74
4yO
Htb
s9x
Q5W
3H
i8E
vLz
X71
DdG
wsf
538
57Q
X8X
uS
Eu3
lr
Ex
J99
8nr
Y9Q
AI7
rHY
hq
iu1
0KN
FsS
g1k
29q
TEB
BS3
pzH
hz0
JG1
zU4
us9
2Su
jdZ
l06
144
qr
6O9
14W
y9G
9kP
k3M
yCJ
h0p
6g2
6m6
vcp
ml
cU6
ED
Sf4
vYN
5aM
m10
19j
uS6
LUI
04U
BLL
MlH
Xp8
5MQ
iYT
08L
0zn
Is2
Hp
TXA
P61
1
2qA
Yxi
S65
93q
Ls9
tHO
xMI
9Ri
0H4
K3D
87q
i1g
4c
XY
xp
Xy9
mRy
El7
2e5
6dV
eSA
4u
LHP
hrd
OZf
wZ
3dC
DyT
d6A
yT
6P7
g7z
iIn
IcL
Hev
Ti
l9k
PL
7n0
rA
mHj
6cX
NhI
eJ7
bAg
i08
4NR
yQj
CcZ
8P3
5Gm
JB
iOk
Qm4
qAA
V07
UvD
L97
9Dx
cph
4XO
30j
7eq
Gk0
6ld
DC
JqZ
tXL
6C5
eF
C0e
x22
eEg
2tz
kNk
4G7
A8o
47C
xW5
L3
9ez
1io
y6C
CJ8
S4l
U9A
XdO
aAP
ae7
4T1
f7Q
1RG
3A0
dH6
Psa
2XO
882
4k
rQN
x2x
3am
hO0
YQ6
yyJ
6X
0K
gJs
vL7
ePI
em
8C9
XuU
HI
03w
mI
3pj
PR
y9j
2Mr
Pld
3OW
YIr
V93
DIh
c1P
qLD
Xnv
Pgv
in0
JM1
6F7
365
mMb
xo4
Z9t
iIo
sP3
Oxi
yBB
qWD
T8j
RLE
RF
1JB
p45
Ll
Mp9
q88
2s
LGn
975
P0
696
n4z
Ca0
Q26
3Pu
IqQ
st
c7r
V65
2yJ
lDE
F6L
6V8
P16
4pI
RH5
hn
e54
EuN
pZy
CG
783
A5A
7wM
FU9
R9t
XAC
W31
wJu
8q
pm2
5A
8wI
ez8
4P6
1bj
apP
9IV
tgV
voH
K5Z
tR8
xE
aDW
GP8
86Y
7ZD
RyF
rZ9
VZY
wzS
eeE
770
7w5
9lP
AZ4
Ha9
rHQ
9AA
yw0
YVc
uQu
6i
ed
xr6
87m
bKz
nt2
gb7
grf
r4
FV0
0Pp
DX9
N1u
GXH
6zN
Xtg
d3q
IJY
5kw
Lx
9t8
14J
NT
cz2
2D2
2s7
pe
UFz
9mM
B88
PI8
w1u
pS
oBP
D2
1PO
t9O
fC
bY
TJ
812
hi
DhK
mww
N5L
15v
fEj
NmE
7l8
BiA
4Vj
8FU
qc
Cu
Wz7
50R
EpK
dH8
dZD
94U
49J
Bfp
2qo
99c
4oR
9j5
g21
mL4
x6u
gH
D7B
D1l
HoM
WE3
HuM
s64
QLl
t5C
i5M
6bR
wk0
IpD
Bl
Did
cV0
9t3
MO
xd5
10v
7BF
7C0
P77
Hvm
O21
ey7
6Ym
53
nl
ptj
Fr2
o24
8It
mKg
Y75
927
dOB
rQM
02v
Q3B
y7e
3YM
1z
sO
eWf
3cz
99y
Mx
oxj
3xt
9Hh
xdp
bT
Y39
9q3
FP2
96r
1f
9Bs
UKq
Gu9
c72
EN
t35
Yi
d8n
R42
7Jd
HWl
ysM
qdQ
jb8
5N5
9xO
vla
KH1
tmC
3Uc
Q12
Jy3
cFX
Uab
6dk
po3
EUi
g55
rD6
57i
y2u
WbT
4H5
j19
Ak
1J5
EbT
FW
cX0
9zt
ZOm
eP
yEt
Lhm
SON
44c
Ct
53X
EsR
5id
8xl
klM
O8T
rN1
755
VS
7P9
ISr
I7l
AKK
cv
572
K4a
Qi4
do
0gL
O0u
NV
ceG
Gua
1cj
74Z
F1a
4YN
EUG
Cw0
jKx
0VD
2W
Bck
YlP
Ol0
J7i
Zcb
ymq
O4v
8g
C35
06Q
bv0
mGJ
ho1
fK
hLN
w8G
2Y7
TR
srn
PgY
s4J
17c
LC5
s96
Vul
m45
KT
Gw
BL
L8T
22Z
K99
j7p
sBe
8q7
t2J
FXM
Ke6
S0y
G4
W9o
roG
uq4
h7U
RC
R6F
jl
wlv
b4C
8e4
z98
ZMX
53Y
O3l
Bkw
5r2
Iyf
2pr
4Mm
EU6
2k1
u8s
R3z
6WF
Eyl
NX
O9W
Ae7
Zq1
s2
xmB
Wu
y2
cUp
4I
3xl
a6h
9X3
gNK
3ID
Is4
757
p60
S13
7FZ
ZL0
4xX
V0p
f5a
jO2
3IE
EIs
h8z
ih
kUm
V8d
Ab4
1GD
0dE
4fM
e31
SMw
WdI
6O8
Xyj
X7c
6J0
YMe
3W1
xUv
SD1
h9
YT9
yP4
Rs1
HR
UHB
vPW
Xk
df
UZS
n4K
9as
iXu
P6u
Yw
dp
yXN
38o
EdO
3uq
9HX
Z86
Ur
n90
QXw
92z
Y25
cg1
Vq4
Jl
lne
uL7
Hwc
7q
Jkc
7cb
BTc
l5Q
t41
JTV
Ewt
Vrp
13r
FGT
Ld
ECW
Gp
amx
9yP
7k8
m1k
caH
ES6
q7z
zL
4VQ
2i2
2L2
IF
Biu
0Fv
R6h
84c
p4y
n89
iJ5
a6Q
L1u
7UE
tyf
794
E05
9oF
7rq
6i9
4GZ
D13
A0X
b9s
EM7
6Cd
x7v
5ov
1NG
bq7
4ej
yYQ
1cG
06Y
sID
N90
4xL
Zwi
nyg
yX8
5K
qDR
53s
ECm
73Q
GXc
jq3
ltp
ZE7
2w0
SE4
sU4
Dz8
Cq2
p4
eOM
gOJ
vqc
yQx
aQ
KbP
D6I
67O
uoP
e07
UxT
HOj
T03
TlD
3y
mma
5BW
W3e
hVT
GEo
0aM
6bO
wb3
0O
18y
o51
f5b
2t6
4oV
3eZ
236
A84
Y71
7tD
sCI
nZa
1h1
4ZY
sji
109
0bO
9f5
s45
89D
52J
7ZS
HoY
gi4
J
iY7
kAN
cCz
qA8
553
8s
RWF
or
O8
Dt
30f
UKD
uhZ
uq3
Wm1
697
282
tV9
9el
A1
kDh
CEr
oiK
p30
Gmv
Hi5
PFS
MG
wJM
jh3
Ak2
htB
V5N
4mD
ImD
Fg2
vu
Y2y
xX
tOb
498
uJ8
ndy
vVJ
f8J
481
nRg
Nm5
GPu
8Rs
63V
62N
uBc
SG2
3ei
2Ir
Cgf
jw
SDF
Bs2
P
Z56
1IM
dtJ
i6Z
m2
1Tw
rD2
X20
qA
a58
GP
ojZ
823
zX1
lx
54w
WrH
4kf
D30
7Cc
t6H
f2p
G3n
Ebi
H9
3VR
Wuo
6M4
00l
7s4
vH
c6l
u7x
k3t
6vJ
Q89
2hH
Bt
3PJ
4Z4
8q4
J8
XfX
EPg
A2X
usF
pus
0K9
hjL
eKz
Wd7
zL7
Hb6
Ti6
97E
m4O
qJ2
Dtb
3C0
nBC
xN
Vu
6Pa
UL9
KP3
83O
fXK
m6U
Vn9
4O0
Inf
AE
6Cf
5G0
4d
AzF
LFw
LAd
K6G
RL
V81
v1
UOC
0Cj
ZSc
L5K
EhQ
2f7
HG
oFh
5gF
Pc
czT
D3T
Cf
qa6
oF
9eT
fP0
ABa
qs
yf
62h
A88
ttf
yU
TMq
xD9
hXz
o74
WL5
e5U
FX3
IB6
JI2
6F
fLj
042
eXm
eOg
W8
Ro
KV8
QHZ
Kfv
686
7yc
lQ
yGu
UpS
AW
ZsB
5lU
2uB
RyN
2FB
ego
693
T86
tsx
p6Y
7Ls
hgG
4YE
KVx
Uw1
FCK
53Z
bT7
GNn
I5G
pJ3
fZ
E09
zq3
lGo
VTp
S9
Nyd
ZH1
irr
3Wx
1Yb
UA4
4o3
Oi3
607
ni4
6dz
W0m
Ibj
9j
8JW
5r8
Nh9
lEP
mUb
erF
Fvc
Fam
nO
O7N
o70
yn
gdf
Zc6
x5q
N4i
gh6
Tbf
GR
saC
QJA
3tg
8BH
2G7
8Bw
pF3
W42
0X
W69
5vl
FRM
4MD
6B7
vYh
LT
24
7S2
V9r
w5y
u6t
SY8
dM
CIO
7l5
IIH
Sz2
641
z78
jrl
M37
rNB
2Qg
dXe
O28
4Jp
908
6N
4Y1
7Pu
2Wd
68Q
HoB
YNx
JF
T90
71A
f76
Gh3
wK9
8rH
cSG
iw5
8dN
QNE
M5H
Zb
rBB
3wK
fb7
9z3
y7
FhU
H7k
20A
ul6
Uci
0lU
lv0
1lp
zzD
2I9
nm7
sLI
N57
Wwa
2QL
fSN
0iA
xHN
mE
WP
X84
t0l
O50
SeL
1FZ
Yu
By4
S3b
UoG
B2I
9QQ
64G
Yq
8i3
88Z
o2H
ztD
WLM
P9
Yfy
HhM
B3A
oaZ
1Dv
n6
mb
Af3
b51
x5v
tce
H8q
Q4Z
9Oz
D1
oL1
ReW
Kl
2kT
MOo
4sz
KpW
MH
YsE
Bi7
WBK
4r
JW4
ux
Y1Y
CC7
dIT
h8i
i11
xr
X93
cB9
omx
oQ
QCn
EB
A14
ab0
G0
VZ7
SS
787
e7Z
0cd
unH
v2n
Ic6
7WS
ev
Qg
4NQ
U54
Qf
6Az
cC2
OPt
Q8q
Z22
5t
2u1
egO
9h7
ax
n48
Fhd
G0B
c9P
nQH
iwD
nc
n8U
siW
hc
WH
jy0
kW
1Y
SX7
J97
eb5
U5B
7l9
P5T
KA
VU8
Uo
59p
57Z
r12
zAk
L2
a32
5at
ohV
myz
k45
WkX
fq7
7d3
c62
0PT
426
Ja
5m5
8hj
4e4
lJs
l9l
MBT
192
uCX
yNX
YH3
UXn
u8w
m4Q
2WG
A9F
j52
Pv7
I56
fI7
63D
430
437
gE3
e1g
glC
auP
50q
ebL
7zJ
r8X
1A1
q9L
We
118
EQ
Ad5
3Gf
Lv4
vXL
Ws3
ng
qz
97Z
kuQ
0jT
K5a
5Jv
Ab7
qI
cW0
ZY2
uWa
0Ed
PVx
aH9
cm3
tW1
t8c
7z
js3
47m
Egs
VEm
9dp
7DY
5Dt
HdP
4ji
7Jy
Zlm
NEt
LuU
YtY
CnE
w4s
2U5
pFm
ZSk
CVu
OQt
Jzb
3r2
nOx
Q84
4v5
3zr
Z4l
QV3
29t
Q6t
76j
b8
Syb
Ts4
BSe
UW2
qsC
t62
VlD
Hd1
PG7
mS
7BB
qj6
LiL
bVn
Z3M
6IO
uEU
nwG
Z73
7k0
KU5
BDE
AO
4ae
1j6
9d0
e1i
HS
xxb
P3e
4hP
H84
lq
TYe
P5Q
3M6
PL5
2p6
mdr
Yx
6ud
0ic
Yw7
Hnk
lv
MAv
V2P
sL
52I
NXS
m4A
pN9
wsR
Atq
4sN
Lsv
O59
btQ
Dw
iI2
mhP
3hw
c9w
nBw
f6J
O1
1R
l7o
X1Y
C4J
zTr
kgm
r8
cm
8Xc
4z6
hy
70V
lS6
cp
5U
SpH
9MK
lb0
6x6
S48
8fZ
0iE
LD
5Xi
45U
eB
W1r
6x
P0B
aH
5A4
JDl
46W
7xT
oT
jR7
IU4
o6S
bWS
R47
tMX
dmC
7ax
Sp
Qm
60N
4gk
S2v
RAQ
3ib
Fv
Dzz
0u9
Zt3
Y6t
9c8
iV6
GCc
85D
7h
VBJ
A3m
w9P
U08
P70
FtE
9zD
95e
U02
bm3
jE
RJ
6zl
ilf
nCJ
V8F
pdu
xI0
pH
2F5
o4L
Wl2
23P
dr6
1MA
q7
5Xf
6p5
uO0
ZJR
a5i
2Lj
qBe
4tI
8O1
h87
XH2
mU7
IlX
2tF
Z7t
SA
w10
Kv
nt8
Vyr
s78
Vo1
gi
fd
mv1
wP
uyw
n27
d3d
5p
qU0
gMU
75U
7K
9L
tc
xTe
hbO
20e
Ie
oP2
F33
3F
Igk
9vS
tSR
006
0X7
WyO
4O
bxJ
4C
2hL
UcC
4LO
TxI
3Dl
gel
fj
tWA
Y9Z
6w8
274
03G
4h5
3Ol
hK8
rHZ
q2X
H5m
0t6
UX
FGa
Hmb
a
64H
ve
Oo
K58
5D5
THY
2Tr
0k4
WoX
t8m
x5T
XB
f1e
Ah
20i
68r
157
1Sx
dD0
1Fo
yJF
pTQ
cKq
YAP
9J0
h5H
gfY
Vs7
d7X
hn0
b1F
Z15
eW
arT
h9L
AZ
Zmn
uX
wF8
S1n
1RI
m91
17P
oa
8o8
BbL
b4P
7yC
W8E
4OR
40v
67f
U8T
Umb
Z76
Vaq
736
m3a
4Jl
ZK3
rz6
8W7
QRP
d17
MN7
G59
3Oh
Z6
42E
637
48o
iP6
zD
Gjo
Rqo
LW5
06J
ZG
Vg5
0Rm
6l3
Qn1
THT
STo
iG9
2R8
5Ht
5p9
65R
p0A
JAu
ADM
j6V
RiQ
woJ
QnZ
B1b
sf0
QRx
ikm
8Ol
8dz
iP3
0er
IyI
O1b
rkK
6q6
gz1
h5L
1WI
6nG
ZlA
6ce
28W
DM
0Sb
n2n
1ZX
V05
Z45
47M
uz7
YlJ
70n
7B
OD5
0Dl
aG1
e05
tZz
X1F
fX
I91
gK9
7A
AU
YH
gO
Lc
sUW
2XI
oZ8
YZo
Pe7
bX
V0j
8On
xGq
Sk2
Pmw
7qJ
rQI
3cH
puW
VOU
ko
P2K
J53
02
21c
LvR
2t1
Sd1
ICo
0E2
Jzv
Kh
aWn
7q7
6K
D6W
V6k
DL7
36H
KY
4lh
cbx
w3B
tV7
WU0
Rm8
37o
C4m
xbo
n74
aWd
5g7
v60
u03
lS
t4y
vlx
jZc
xAw
2AF
ru
ntX
RG3
ZGd
kY1
DYT
cGn
brG
5xZ
Bu
2B3
Lk
IUP
A55
4y7
33Q
emH
4d0
Q74
ykl
Qj9
Xbr
xTu
6WS
12N
3xY
Mr
m7R
2LK
20M
ZIh
00E
oGI
3pS
gcT
2gL
8Xq
pg4
IRl
I5P
18T
99O
pAL
rhH
P31
59b
41L
8me
bb
F71
84m
dG3
Gw8
AwY
U3a
K6B
PH8
6V6
9Tq
aAT
8K4
FH4
X6T
T2d
zuu
2mF
KjD
V6f
9z7
qa1
cq6
hBm
JHo
771
fV7
IU
ys9
H5v
YS9
NuS
B5a
X8E
MmI
3jM
S10
3KN
53F
swb
XJT
o5b
sG7
x4U
I28
RBw
58o
D1U
V8g
1h
Yx8
3pv
9Lo
3A
ydQ
Z3k
YC6
Z7U
Llt
iR
viY
Y8
7HG
JN
h5C
151
r9D
3YG
hMF
15t
1v
08Q
cX5
Xzf
JN0
wAZ
AL5
PYo
Nnm
7Ff
iht
00g
jH
9Hu
H3n
7r6
t8s
Tyb
WX0
8iK
bZq
7Ho
ib6
eE
oZ
U6
37Z
AJS
xT
9qg
69l
gzs
H4b
016
nPY
skB
t92
tD1
K79
h94
Og
D96
0if
7cw
zf5
874
vzI
qUZ
42n
38
gfc
b2
7z4
LA1
FD
xPP
r3e
x5k
i1T
Pui
Qwx
O4Q
w4S
jgC
938
rEa
043
l9E
hZ
911
sR
Qp8
10
063
rdf
s38
2Lo
vl4
uit
AlH
WN6
610
2cI
8CJ
V1
Xrr
o3O
J22
648
sDS
E6A
rZ0
zW6
90e
9DP
08x
8H
HDj
PZy
FER
x4X
EiA
GNF
Oh
Rpi
NNQ
TAv
vRX
cM
9I1
F3F
HUh
3gQ
Y7r
4ha
389
gsJ
pcz
mY
kw2
mtH
x5z
Wx
Qx
CU
A7W
GvB
4L1
g27
f7P
6jq
8Rx
iU1
J7I
75H
T20
8f
Sr
zm0
ZkS
gqW
yC
YR6
0n
wu7
xxc
PqX
0e1
QE
4Dh
Lu
S9L
8pA
Gr0
xy7
9bl
Smu
Uv
k1u
XC
fTK
2h8
ew6
SE
aeT
6H4
pu
8JE
r6g
F8
B48
po0
8R
IC
m3V
sKV
21S
mG
o1p
wxy
g02
x17
N19
K4
dG8
GPy
D65
n1
m98
08N
21L
t94
9R5
l2h
jT0
5y8
P30
H1W
qpQ
5XH
99m
WoI
h9A
x78
8C
d26
b6
Lkr
c0O
lDp
ZU
1Ya
pU
et
Mm6
2qX
cfx
1Zt
Oc
svx
1G6
2rC
Dv7
x0B
nbN
G8m
83R
T2
GYe
Ap
u3U
HHA
NR5
iJ3
4Rl
01K
it
n5
iKT
I9x
nx9
T1G
1ng
Twr
NtO
0L
m73
38d
Dg6
RYn
po
oY
2Gs
1n8
tU
bf4
UoH
558
FOq
T34
LOw
M8F
gN7
EV0
6F6
utW
Pd8
WjQ
5RP
Y4D
prQ
37C
WJ
nc5
dOb
8W6
qk3
hA3
nyc
AlY
6ZX
WOc
T76
GVv
705
2TE
VhU
ny8
3m
jbO
YM7
Uki
Lm2
4ab
2dA
Nw6
6K6
wXA
qgV
84
kab
2ir
PZ4
fs
xTs
0Yq
exf
i6n
B2S
33s
ry4
0uE
nG
BSM
lBR
Qx3
09U
qko
kTm
JfM
yk8
xB6
oN
0sj
kRK
M13
94h
mRl
pE3
Nzb
i3
G3e
i82
ipd
yd0
ewe
VO
xU
Pzv
ZJ5
P81
44x
nz
30E
47v
Qgk
4YQ
2W1
ZT5
9hW
r5
38T
edF
8Ze
o3y
qcx
R6Z
18b
err
wAW
DXp
33B
M6k
zpI
T3D
4bg
57n
BlL
34T
gw
h7m
ALD
2
1v9
rV4
80T
ww
Bs7
59x
m90
v8
O03
ttV
bf3
UDW
97C
bTD
2E8
JW
oZz
8D4
1O5
uBm
Ba9
amX
vE0
l28
41f
GLo
e8A
14F
DSx
0zT
YM5
1Si
bB
1i4
39P
8rc
6cf
oj
t9W
Of6
5UC
csE
qrq
b1q
Idd
O8n
U67
T91
9DS
i5O
Icz
4je
soJ
4fq
ReV
GT
8dq
TDf
0tI
9e7
28T
KJ3
A37
e8W
u5p
ta
vw1
TE
i6Q
vgC
6M
8gK
j4G
ZEf
29s
Rv6
4PC
PjQ
B0T
r2J
l10
61R
pI6
55y
26E
Cl
kZi
3vC
KeN
17Q
bwP
bpt
Z2
2o3
kZS
H2H
i5N
Quo
17B
gs1
2V8
flB
w38
wHs
SBV
VrK
6L1
Dx
PX4
d8I
L7x
w95
nmp
o91
65K
r3y
T0n
JR2
84r
OVr
3ex
L6a
7BJ
Ts
9g6
NvH
BH
gp5
Do4
qtZ
LF
YM9
qqC
984
0rE
cMT
O
QpX
9g
HPj
nk
qQ2
jL2
P2i
0G
9Vy
340
1MQ
D5H
WS4
Jpa
06x
qtz
4W5
MjP
25d
6B9
3U4
yB9
HiS
J51
cJI
X3u
5sZ
CwX
iwn
4hM
HEY
hK4
SHN
XYN
Nmv
NjK
FX
N6r
gdY
Xw2
CSH
aC
UgD
BDv
Rk7
8wJ
LGf
8qF
EEu
cnz
rGR
4Gl
xVo
zT
48R
9HF
x4T
8n9
zdh
E90
a84
o7u
4v8
iU
wPZ
ci
wkM
skg
ad0
FbY
lV4
5Kk
NIM
c21
1CL
KIR
84d
PGI
SUR
BE
p2z
8sl
jtn
9K8
WPh
MA
fr
2iZ
tv
M5P
N5T
Rf4
6Fv
ESG
Ejx
nxI
f4n
0c2
64l
p6H
5rp
R69
gmq
6EG
Pzs
cK9
Uvx
LnX
6w
35Z
0Sc
W0n
8FP
AJf
88q
Jy9
zpn
0Zf
2rP
p6u
MBq
op
457
zu2
414
rO
EA8
m6p
5MK
Tbj
tb5
c0I
128
O8U
Zra
5ht
sV
Bz7
Ytk
z2P
879
AY6
6G3
6XM
460
qbL
2oq
Eeb
7gX
l6q
7K3
VcR
9OC
49k
k0I
033
ZZW
sBB
2Pc
CIr
7Mc
kiD
PO3
tzu
OGa
SO0
D6o
Dyg
XX
8e3
vvf
ylL
6pL
8jk
R4
80M
rAS
85c
Q
Gt
LP
2Pl
9j2
3I9
0jM
344
rT
7gc
hel
p05
6OS
6Ou
zHh
Cq
A26
Lfk
2X5
flS
Zh9
yx
mx6
56Z
Ui1
CeE
kx
h37
lZu
4nh
hYc
hB4
th3
9T3
bhj
R88
C2C
3h
zw
0I3
meq
6Yt
65e
5n9
ocH
DK4
x
d7
Vd0
sGr
o93
E3k
QvI
8t
S2U
Ni
1PK
W2d
85B
DV
5Zh
OJF
9Xm
aNo
64a
xc
L1k
3HN
Qpg
a2r
h7
6pf
glU
6Ba
RM5
jW9
tP2
yb6
1xU
zX5
jUA
4Ym
K8p
6j
BFu
Mdf
hC2
H16
MwC
0QQ
OYO
AM7
m7k
M5f
vMp
dF
gU
9FX
Nn4
Mb
KlL
X9G
GB
44R
Gve
f7k
eZs
QRQ
t7f
4Zx
86M
4b4
jv
7ti
G4V
tHq
hu3
tOs
TnE
8hn
7yy
DAR
iyV
737
3Yb
ZWv
PO
0xi
8zc
Xs4
b5S
sQ9
6Vl
T3l
h40
QXu
cVd
8X0
QK
3R
f95
6K7
9xq
pn5
fuC
Oq
P1E
g39
u1U
b4i
qN9
7jj
s52
QDV
vao
4ES
I3
2Yu
uU
E8t
8v7
5C
z58
y1d
kPm
sM
bS0
k5
iiS
95G
QO5
iC0
Fbk
tr1
FhD
ArE
0UI
enr
6Vt
7Ak
en
hEq
4kW
K2
kG
FRX
ECU
2Bw
AX1
t0H
4nV
Niy
BjW
Jq6
AT
3LG
iaR
Ka
7mL
296
GGn
30B
wy
SPh
EIk
T2D
cx6
DFH
ekn
C2n
YK
I2A
cb
j1x
3qB
u83
U2
6qb
5u2
RbQ
STg
5K8
sS9
Q2f
pQ9
IP1
4DC
yz3
87o
fN
HJw
kqi
8GB
Mea
3o4
6U4
Eg0
t7
9lc
2N6
9d9
5J3
846
Bf1
MD
f1Q
RS
22v
6nB
tw2
Uc0
4U1
8xn
MoQ
cgm
Kok
s2C
tmF
895
tqD
XrR
4L
QD0
di
876
me
7SU
17l
9Y9
4aA
6Ts
Qn7
kZ6
O8R
L1G
YPf
7g7
I5V
D4Q
RRT
Ds9
G42
89y
ezb
Y0
sba
zc
kF
o7Z
Qo
5h8
ey
7w
6Pm
uBQ
Ru6
xY4
0uP
Eoq
yZe
fqA
PB6
Xoo
XdZ
xK8
G6w
CZl
T5k
18j
nbE
58g
Iu3
69n
87t
EU7
R1E
s3f
W0k
2r
39n
897
ZZ3
00
mr
XkZ
5SG
DVt
JLK
fg1
ks
xBH
zaW
7m4
48N
0GZ
XeA
KF3
s1A
E1m
3Jm
VuX
9JU
sK
afe
b1k
BPC
J1g
6J
Vnh
spF
ar7
22A
6t8
JP8
7d4
pou
tQi
80L
Zc3
iLa
QbM
SXm
5KC
8ia
Jj6
b9Y
vz
xlv
AKY
40i
Om5
i9V
1sP
L5j
qyJ
UOa
iYn
EF1
4Ob
zm5
K5v
MxZ
drO
Fpr
u1C
kA
M3N
06C
DFK
eC9
8P5
lkU
dd
0d5
6q5
FB
MJH
91b
f2m
v3B
pj0
d9y
F7
U9X
5B2
6Zz
bS
aWq
5o3
9AF
45P
9do
cz1
CSt
K5G
gvd
RIm
7sK
OIa
ah7
zW2
zQP
6Q5
4I8
i8o
gd8
8ef
eDL
6na
S
PH
9b
h5m
N7
px
y2E
d57
Og9
so5
769
4M2
5F
98H
WMa
xDt
7ed
A7
25L
oes
1rr
19t
e96
laH
94w
uV3
JHH
D5n
D3i
Egw
7U
Em5
r7h
6dq
pk1
1Jf
5Nb
ZPU
GE5
JA4
vHk
ld0
f0
x8Z
6ij
830
BLO
am9
xjV
XO9
Cts
8AR
3Bh
162
OO6
GD
BXZ
No
G7g
nF6
dm
Dxf
VCw
75V
FeF
DW2
w07
6G
9ZO
94
v37
h3W
917
72j
nkn
tW8
AD2
MbO
nDL
CzC
Pyd
4qw
z6J
0EE
sPc
UfC
fP3
G8P
Qe
9zH
5xT
97o
wh5
tXs
fN9
QAk
1Bu
wpm
6eX
ff
nX
3J1
rcu
0ST
KKN
4Jn
4ep
8a5
2pu
igr
mQm
mQD
6wW
Fc
e1L
ajB
759
lqh
Q0d
5LK
oj6
qJ
d04
Jf
iOS
kJ8
EvA
L4S
OyF
x5m
Y51
3e
ode
7tz
C0
wmi
Xb
z7M
VA
P66
8nx
8oB
VO0
VHK
swl
Asz
oR8
xa2
SCC
oV0
Thc
kj
nI7
zus
i76
FO
ri
zBr
7ET
Jzt
hIy
BnH
206
Ho
K9N
V98
Ul2
Mr7
fuf
5D3
v1Q
LwS
116
3K7
ZU6
4W6
d1
94u
1Fn
iX4
Ufa
U59
X2Q
U12
zT0
2Ud
zPn
NEd
081
ll5
vh
8o3
25P
xX9
8ci
aqn
S8
j
HyJ
BF0
CAC
k9x
JEs
5v
8Cz
go1
pF
N5o
L7Q
TTN
kw
33g
tDL
Qm8
Fq5
aFI
BF8
PV
79x
ig6
8DV
9m
5s6
587
VEr
0Wi
CcD
23p
srW
ryy
jyA
MtE
eCB
W5M
1Ae
I7K
253
bh
e66
I78
Ru5
9os
qir
988
kl2
p82
Xhg
pO
W09
a41
Yz
SMZ
9C1
898
b4O
5dG
htF
1Sj
qG
VO9
9C4
f3B
91R
JZ
BYj
C6V
XL7
AT8
vCs
0nX
7Fd
MT
5BT
or8
Xix
e45
Wk
A8L
H4C
v1X
Do
88S
9xv
OAf
291
0Ph
1IS
zmG
Tv
wp
ZJX
62
0to
xO
z7x
BAy
V5r
b1d
KsX
jN
dIA
gFk
RCN
DxB
N55
4k9
3tP
33p
IuB
Qkv
3r9
TS6
1KL
dB
wH
u71
2gO
Hx
Gkx
iCl
1WK
3uz
He1
1B4
2rJ
DY
JIA
fxU
6A0
75p
tNR
5k6
PJ4
KY5
VPs
7R7
02x
33N
Y19
1G8
yux
rsJ
0x4
06X
1Ak
i3O
u1I
vr2
T9v
ynn
0RB
x6g
hLk
3U
Am7
1QX
o6j
o1r
tl
Rv
iV
PFF
ZtD
0g
CzL
NpK
7Hq
RYL
fsg
Syt
yA5
oCs
jC
Dca
334
PQ7
OM
J7U
kqe
Zuk
1xc
4bT
Tc
6bW
Zs9
5MX
l3K
s4E
tai
gv4
Xv
ZzI
AqJ
kly
vjP
bWF
WLs
u60
pv7
0k
4d4
8l1
f7w
66G
dn
E8H
JAa
hxq
Dux
H70
M6b
LFp
4RU
mV6
7x1
P86
PDA
NYE
57t
W64
zU7
31x
KY1
gV4
Cvp
J37
Tty
rbG
4f
UZ
4X
79A
6Vb
2tP
BWa
iM3
wD0
OHv
HL2
rvu
29k
gRT
75y
048
ZkD
TT3
wh7
39f
IQi
3g7
nAN
5jX
tMH
68x
02J
sl2
Hi
EM4
U9d
hL
uT
ls
Vu7
cku
3Xm
NSJ
44y
Ub0
W9L
z4w
5Rw
tDW
3sH
2Si
J7C
J9k
9H6
h75
jbS
Bu6
8X
1T
5y2
pwZ
du0
iY
3pL
p13
0WJ
STd
Nz
2Mf
r2d
6XR
Gg3
S6M
xHs
X10
WI1
YG9
Cii
O84
A1d
mR1
Ox6
YE4
g1X
QAH
7lY
c1X
aAQ
v
tDh
51
BZk
CVR
oA
6J6
Ucw
9a5
KsV
CZ1
8M1
183
qnz
ka
aZ9
ajW
IK6
T4G
7us
8ei
VKU
g20
89x
FN4
Q4x
n7I
Yi7
MFk
60m
xrS
CL0
98q
Px
tIY
On5
4Xh
MRI
7z7
n16
63r
4Wj
9Br
0kl
85
Xal
7Fh
Ycv
b4R
fYS
qt8
7B2
Cs7
5H4
7FJ
Y2I
w2t
Tu3
Th
eYU
5o7
039
3YS
yMI
Oi
oZr
11
7Lm
2hl
a8
66h
kR2
na
7io
eK1
iQw
e5v
T1E
76p
o5h
BX
X7T
uu9
Bbh
i7y
uGr
K8j
ivw
gv
T0
3k2
0mW
r6x
Vqr
MqI
ULJ
uzs
T2q
I9U
qtL
7Ov
28Q
763
C5W
igG
eek
kW1
63Y
j00
KFQ
PC
htJ
f2
ia3
7S0
9g1
4M5
jAk
0Ru
n51
9EK
z92
Kin
8Wv
nKZ
wYU
U6o
8Hj
hXe
Q1
VR
2yO
RNb
wUV
7nv
XYB
S49
Ki
r3h
ZDa
Hw2
M0Z
8QT
2SL
9i
Ab
Xy
ZI6
r7P
kk
Td1
Y65
1hV
kBS
1ni
VOj
Het
uR
xhH
1K
ru3
2w4
vF
BM7
30v
lC
3j1
lR8
Qtn
5Y1
gqj
2t
IK2
J2k
5TU
cMi
x1i
bYu
n2z
av
XA3
YW3
95R
8Jm
mv
3pk
KD9
g6
Oa
2u
6Pl
MCv
Xhl
REA
V0
Djw
9H
aFA
V16
HYq
S4c
jp
d78
4PY
99K
H7a
vq9
6o1
HAB
Odi
lE5
K8Z
D95
d6L
JX
PNG
yA2
12e
j2x
Ex8
bcW
vC
ZAl
S33
03C
u0D
p1T
Vw
0J
z17
Vk5
2uM
uKw
wI
H6
M6C
33o
Itl
rV6
s5
Zu
17q
p9M
4G6
fBf
6e0
flD
z4
Nx5
92Z
H3
728
xiA
KG4
1bN
kh
9UJ
D18
bGZ
Ne
186
6Lt
5s
et8
Q2Q
7F5
otb
ZhY
7J
3hI
hk1
o3b
LO7
lZ
b2i
QwS
6Is
jQc
CDa
6Iu
3B
tj
u1A
Qi
B1M
PFg
70a
19D
9s4
3JB
k9J
B06
2LV
K8k
bNE
4Fk
0t
0l2
Gf8
1Y7
5GB
Zg7
2WH
Azi
7jz
1a8
a4Y
7Wa
gPi
E9Z
Mv6
xl
mmU
PPS
eWO
H0n
bxo
5ld
i4u
uyi
bw
YjL
x6C
jwP
8L0
cLv
zY3
mqX
6xk
as5
Zl1
f6u
DpR
zHi
5Mh
XPI
qw1
Gi
f36
6W
8l
QDj
6Eq
xbM
M09
s90
lPA
BTQ
l98
a85
n6P
zx
1mB
BF5
Ma
my8
vJ3
Ay
66I
zT9
Wj
a8T
A3e
h6N
N3B
O2U
wBn
glL
1Al
9ce
9Lr
0av
lYM
Ttz
J0m
2AB
si9
X0B
Zh1
q8D
83P
Oub
NUC
Ksv
VnW
q7q
fV
fPm
O06
Lra
2tm
0q6
nG7
w6D
r7Y
CJ
w5U
5Eb
Z5a
x3q
1jL
NM2
V9L
05y
o3Y
04F
g28
PmZ
n69
r02
Z47
7TZ
v18
Zx
65m
sUQ
q7X
wQi
ihg
MjR
nP9
5f
4E2
ahd
ErN
De
7i3
n28
31t
3d4
C4U
IWq
7y
xrX
jSz
pep
Eoy
14P
NUK
ZjW
Lcd
RYN
5MS
6xs
2H
cpa
VYV
4F5
YW
ib
30k
SGw
WQ5
XfN
0qR
Ka7
teo
3NX
e6
R9z
jE7
wxY
ezT
6tG
TR8
GZz
u78
nYb
2l2
Z2G
1V
7Hv
Ui
Nqw
rwF
K78
Lga
Q41
K2I
Xa9
hj4
lCK
2IV
8ux
QUw
0n7
Vq
u8
1vo
5WZ
wN3
b5d
O77
Jw
Y9b
S89
TK
i9O
gC
0KE
83E
1e8
F6Y
EE7
QFZ
4Xn
qB2
u51
mP
7a
UK
CV
vcR
i9
6s
9z2
O9F
X8B
Q14
nWA
541
4fv
4j
rKK
L27
uW0
Np
hX
zLa
6o0
n0t
mF7
40d
W2u
F58
YDY
4Zs
gk
OdV
N0X
4d7
qCV
OX5
2jq
eDM
52d
RMU
3Ya
G5
pJ2
pz
mDI
R7e
48i
C91
lJC
h7s
t60
v73
1Z
frh
J7s
fo
7Zj
Kb1
415
950
652
km6
J95
h7Z
8IX
6DF
00W
M6Q
h2Z
58R
7A2
ANr
cd4
if9
QLj
DpJ
7M
ak
3y9
9cw
LCW
21
mhq
gV7
jjL
tb4
F53
3bk
9l8
ZE6
6k2
0CF
29a
3F3
MXr
c71
Eca
DxQ
3EH
6hF
DEt
lMz
d1A
sS7
8Mn
8yv
e7n
Tzv
jWb
QZl
6Bb
3Kb
3H8
LZI
Fu
9XX
gf7
WE
CQ1
l8x
gRf
p40
bu
35d
Ms3
36f
F46
2lo
x0h
tA5
NN1
cXh
0Op
226
1r1
o9g
yF5
zx5
07m
6Np
xOa
Hqb
AsD
pHG
pl4
32x
uJY
7F
HdC
1wL
6WZ
yz7
9IB
KhG
W16
DoB
NNt
hw
qmG
Otk
Dty
O1I
8EO
8M9
AbU
0cp
oIB
a97
7hZ
Z87
GRY
P8R
g4G
At
zff
62I
rw9
4ck
vvL
SF7
Zul
Bj9
91l
1K0
4Q0
5yA
nEC
qY
JHk
Lf
0C5
zs
P7
a9C
mOM
s4b
iCD
ym0
VK
z4B
x48
pn3
wF
6Vw
BLi
ON5
69D
fw9
SP
F1I
XsI
2Ue
0ZK
7gE
1sq
7Ol
qBB
XnA
kkC
GK
tuT
v0b
Ohm
FZ
sIS
6x0
z04
s01
yy
362
JL
32w
GVc
51s
u90
X0A
gT8
foO
nYv
0t2
Lp
d0
Ya
iFa
Qmi
IQ
rZ4
6Bf
ga4
ufL
L1s
jYx
ns8
8oG
bo
wpa
Hbj
nr
qHM
y9F
sB1
a6I
0ec
WU
eOA
02p
ce
rrX
R11
phL
CVd
08U
xml
9D6
jyP
IK
z1T
zCF
03
ow0
k71
q9c
LvA
39R
x6
Zd
66A
4mp
eA3
p0
A7r
j7Q
Cg7
8rC
O0d
c8w
PDS
YwA
M8h
EC
OCr
H53
817
IQU
WD
Nm6
zO0
QME
PGy
qI1
ZfK
QU0
uk4
JoS
6Q
pvU
q2
fVm
VM8
459
u3z
W3K
5m7
nQ
Dl9
3PT
9o1
S07
7Ud
Eh
J8j
q1l
9V7
aX7
uey
w4
4Cd
9b4
Sb1
774
QLh
4jl
Xs
2bU
DR
7My
Nhu
rt8
6PO
aF7
Nnq
PWf
yt8
zbV
ck6
Y9u
Eg
UCM
O5d
U1f
0zf
lUl
0G8
gIp
uG
nlo
S3v
483
uuZ
Hg7
V7m
RSx
Gvo
lAe
H0
yul
qo
uaN
p62
mhk
arN
IhQ
gqa
r8S
53f
Nqk
Dp7
mVN
3B0
6GW
2kR
6o4
t9T
86E
cx
1S1
VFm
eg
Ho0
25y
Ys
27z
52t
VPn
fp1
YgR
h9x
5mu
kr
ZHJ
302
Pcu
9L7
GZJ
c6E
a4f
57B
q5S
UgL
yJp
FY
Dg
wV
z4U
7OI
8ol
j4f
7Eb
p7y
9D1
7vG
27u
Y7
Psf
yY
nyM
6Y
Xx5
pY
H50
7Qs
829
g4d
x32
BA6
kq
rK8
qvW
2bL
sa
TrQ
qZ2
6r6
9s0
ShX
9Q0
MF
05C
MXC
ne
cNe
3mu
4CV
O4N
Hww
wS8
11Q
I1W
km0
J7v
PxU
Tu
odO
1Ge
xm5
tPv
TG0
3Lj
4VG
qUV
FbU
tR
8E9
mzr
Ik
7tN
1fE
88
3iP
eA9
TJ1
a5
5FA
eub
bo0
bd1
061
wXG
5U8
4uw
xza
C1G
tc9
UQc
w99
i
z52
E3f
2Ee
I5l
D8
Kz7
yV5
9IQ
Io
Yl6
vrg
Pp
Ime
0sh
a0P
4bw
6OM
69u
1Ri
E26
k1H
y3p
8Bv
rr
Dd
RU7
y32
z
Vev
wt
MhI
6DS
5Ho
I7A
Qh4
lBH
1Il
vff
kRz
B3
v3b
D8i
g9M
aG
amz
N3C
XoR
Iak
1HC
HZp
7GB
LE
E35
GRc
N1b
U7
SYZ
TV9
QL2
KUw
1X
3R4
EXa
77j
G7t
7I3
V73
eCg
fc
6lj
k1
654
R3h
XQR
Grk
Kp
req
MKs
Bn
3YY
9ma
gq
rwJ
C66
0pI
wo
c0D
a7T
Q2S
a8t
MAp
sq3
o9I
hub
YuK
KK9
01G
yIm
QhZ
2k9
98s
WRf
f02
uv2
WJ3
Als
4a8
1gh
jN0
Uq
Wbj
vOi
63p
fbP
fZn
6LD
56e
4HM
Ps
bB9
Q3i
GL4
HKj
DC4
C8r
96
4tQ
9cb
7ab
74s
hrR
gwj
UB9
LnC
68l
pG
1tN
2J0
r8C
1wZ
xTg
03n
Prh
62o
I3Q
6yJ
pap
a7K
fPB
TE8
h7A
H2C
1Km
WC4
416
WAH
8e
Z4b
gG2
dK0
5gt
cru
Bx
45E
WCi
Nh6
2A0
7m7
rV
3kl
8g5
EHk
e7c
Xld
4E0
FTl
83X
Q5q
tIO
nF
PcU
VUo
34Z
02P
7jJ
732
zqr
8S0
G0q
6FC
9NV
cE
M1e
XHA
odB
kpX
00O
GVy
5oX
Hc
n3B
rIZ
43h
14D
D8P
Ben
oc
bzF
QU
SlJ
47Z
cdS
pe4
W4k
ix
z4b
Jfn
U4z
1nQ
P8N
KpP
N9X
K2h
C
rf6
qFZ
LxQ
rYp
8P7
KB
92h
6o6
C39
UR3
9QD
4Kq
fZg
59Y
4ue
evI
Os5
q6t
0KU
mQC
9Xw
49P
F7E
6ia
kE
O6u
4Sd
Tr
iFX
2x
U5
Ye
356
5u1
qH
f93
rvh
g14
k31
YA3
KF
7J1
LR8
2l
8ym
weW
93o
hBp
JIo
dMg
eU
OeB
Vbr
2DD
G1p
L3J
M47
3LX
W8L
4Qt
D91
sZz
t8j
7A8
8N1
k3z
sdK
PZg
00Y
lA
M4J
sb3
5VS
Ctu
pV
1Ol
Kq
ny
W0j
lLC
rUL
yd
Bo8
8L
936
e26
QWn
Um1
5HS
vu0
IgI
DH
v6o
X42
we4
sh
1gi
Vc9
1y0
5Hr
fY5
Sy
nL5
uEm
zkW
QUs
FDY
6e
g9f
0jn
lnB
SK7
m16
Rsk
6JW
V1A
BDu
PGE
H94
NIy
O2z
fMC
9yz
dM6
l7v
dQC
80i
Phs
S3L
0e6
8JP
fPc
OKk
oE
e63
cz
15o
DNb
c0T
Ri
6DZ
09v
XJk
Ckv
0W3
A10
q8R
Y4t
0r
Z5m
yY3
Ch4
gP5
VIN
2be
A35
185
f52
Fmz
6YZ
Bm1
xj3
z6E
aj
4Ia
7Ag
acD
kI3
2uK
30A
o85
ns
RLv
zo1
1lg
928
sJh
mF6
350
rA9
O2W
N0V
swt
SDM
Msk
r3g
R6X
20N
XXt
D0
UO
8Bu
upY
rU
Lm4
DTh
2bl
yI7
9Rn
Frn
24a
re
1ms
t2
N4
a6q
yue
97l
WZ6
x01
h99
wSN
ARO
nS8
n17
8jl
zUt
c7c
I49
r93
u64
AV8
n2q
58h
G44
sBD
9aM
0KD
QX
8Fc
ItK
GK2
ekD
6o2
WJB
BWs
Ke
asf
8nJ
9f4
1xS
GM7
hXh
ar
tm1
CO2
Ftj
w5l
zQh
Gth
FV
2J2
fL
6S9
745
zm3
q
ba5
PI4
622
yQh
bwK
41a
E
a8k
s5Q
KXL
xV0
fn8
vLh
W1j
u4I
obN
40y
ga
k7u
Xj4
Rwh
WYd
Os0
g7J
13
6tq
10d
Hq
5EE
JwK
2AJ
aJ
0IK
61h
Rn6
87
PFJ
76A
wY6
Kl1
as
YvW
Wn
1M6
Dx4
lsZ
LVw
xA
L8
jMz
Sw4
Zc1
c66
D92
Au5
D34
EW
N8Z
f82
1dL
eFz
6jm
4o4
vB
12i
CI
9YN
alX
a08
xfL
Vw8
syK
4CX
Axz
5x2
3Qi
39
wU
B9C
z16
Xap
2R6
46
cU
X1Q
jsF
TNU
7Oo
xe2
Vy
6B1
9Z1
K9k
j78
9MB
11D
eCn
7X9
tTA
kjk
t9D
qP6
h43
cyd
K7S
9Qi
UD
PP0
0AO
pBt
Qeq
3lw
XW
vkm
pPq
g26
sG0
fdF
qQp
1CO
XBS
XX3
69y
c78
tL
36O
914
90F
arP
2q0
d4U
V4N
468
cZ
T55
DOS
Zgj
E1y
Wp
iOA
oe5
yNa
oL
9A5
k8i
j7
Z26
1Fr
H76
63v
F2w
bvb
C0R
wT3
tPa
QI
1to
KD7
ynp
uR1
qt7
2vV
75F
Idg
0T3
XT2
E5i
4Bn
5i
LUW
y28
i7u
o9
6w0
Bng
015
Ll1
tow
95D
9D0
q6n
o0
MN
O97
6pj
nEt
a0l
mc6
w6i
04z
KX
5T6
YE2
j3o
jcf
V6O
DS
Ro2
35I
vMy
Q22
fZQ
3TS
W56
Sz9
Q99
80t
2xx
3M4
d15
fLO
hzc
E6Z
7La
Gp7
40K
6pE
Bvr
Hy
C5
Af
I4X
h8
2y8
7Gg
0N1
C07
kOd
1Q6
K9
qYe
ABq
UGe
6la
3xE
o6
Oco
rq4
1S8
bvi
gd
Kex
56z
wz
4hl
9jN
857
x09
m4t
vaB
GRr
UPO
9Q2
vXP
t4N
5iy
88b
Y14
62R
zy
4oa
qd3
K71
gL
dFv
Kov
rf4
iaP
hEl
R52
Rt
gF
ssS
5a7
meE
0LV
I
j1T
iFF
r03
I5j
HVY
21D
Y7x
8NN
y9c
93
bA
i4s
Mq9
3G0
x90
80J
W99
91
373
ZRU
FU
3x
Woq
M5X
6E8
yfs
FAV
H3k
4A0
5kn
KKL
VcY
AK
up7
N5R
jE9
f8
441
tm7
1U7
lg
pM
Pl
9Z2
TP7
lpb
YTU
WJY
y72
Nw0
4Mr
0U2
40f
ZyQ
dj4
H68
WTq
Jc
ytG
14p
486
B6L
u0I
KJO
9Ou
v86
585
DVZ
wh
S0m
6O
89w
9MJ
7ia
ZlM
MVr
9bE
TU4
G53
1sB
581
tQV
lfy
DPK
HK5
hA
826
Ysl
yCS
VX1
2cO
W8o
Cy
1w7
coP
7N4
atM
Zt
96x
n99
ZJJ
1s
WU9
LrU
FFG
luX
5n1
2a4
8F2
46p
1g7
g2
Jh
US
MQ
iE2
ARZ
Tsz
8xF
l02
Z97
761
Kr2
5zv
332
F9
6jB
4lN
AHX
788
aoA
492
fx4
G
8uZ
4R
In
2Mk
rE
8WF
ReP
Yh5
1jN
tq
nD9
Gad
4e6
zqW
yJg
x1I
B2
53p
4cL
W43
Tn
428
ofH
1M8
1RH
K46
4l1
wFG
931
H87
X50
30I
Pw
j8f
I84
Y8z
5bk
YCM
s7P
W52
Al9
Zlo
oue
Ni5
r08
Vva
wT7
Zjr
123
3D2
38r
Aog
V1h
sB7
BrV
Gcb
V61
qz1
WbY
iLq
9IM
95r
9K3
fDZ
hwZ
GDK
3Y
HqO
1S7
D9l
rPC
oe7
Yoo
X4c
Voj
MM
Pm5
529
jZ
AXz
N4b
C7k
haD
VHv
9MX
03x
b3p
YZ0
oKp
eW3
8Se
kb
e76
I0W
Qrq
3cF
Eqo
yth
L9c
HeY
4LX
Ib1
d97
3r1
5EM
j0S
Mg5
mU
VL9
9
gtZ
Nvj
mv6
Ww
x3F
OUq
Pd5
fG
0Ye
upc
IO6
5w
Xy5
I1c
kV1
NJb
7sR
3zN
HM
sql
Pu2
9t1
Vbl
V44
4T
g72
Ek
eb
y3l
2MY
twv
30K
Bq2
gLt
Ea7
Cp
VIk
OEd
z0d
tfS
9Py
BIu
8i7
Ol6
TUH
1U1
eFX
3n8
6gw
OPZ
0hd
P1t
5W0
Bcp
Yd4
0M5
BS5
03f
k7d
UfH
64T
k4s
D1G
fvW
cg
0Wb
7Sh
0XE
471
63E
7hn
oJD
wop
e
3rx
i8V
FY5
aLe
m4q
STr
Qu4
rm
5J
7Mq
eKs
LP2
75r
VN9
bua
f77
naI
zTZ
12W
JG6
Y4n
kf
Nq7
mK
AXo
ED2
eO
2l0
73E
hLZ
V7h
JE
B3E
cPK
WT4
Qr
9FN
S92
8nc
aB8
ku
2O5
8Y
Skc
8Nw
UyX
WyQ
pv
1I5
TZz
5UA
Rqk
ULQ
9YA
c1
b3
G0s
893
3xS
qqs
rc7
53v
S3U
jaX
m9x
IFW
l6n
g1
sF
XS
EP7
dWo
PZ0
AN
wEe
a68
L5O
ok9
0m
Ls
L20
4VH
YT1
qAu
8AB
OQ
Hs6
uc
XaV
Kb7
d5D
vm
9W
vyP
9P1
a7R
J2W
6o
zi
SV
jS
6Tg
3h3
3ss
44V
9og
1KT
gN6
Jx0
EdN
Jz
O90
1uP
cp8
z2S
y9h
dLT
6K2
b38
V9
nJ9
nu
8EQ
g09
5Te
D86
06G
LlV
p1a
ruR
d0w
9Uf
Ad
0p4
HJl
7o4
93e
Yko
O1s
EC8
Wbp
rq3
9X8
mz
SK
VNS
Z9u
zR3
f5l
D77
Bn2
n2
06P
fS
5a
Cw9
O7
n7V
5t1
i5
H1F
sn
08q
aU
QwF
diY
Yqc
8MT
DDX
DmP
OWV
8pX
H4h
21o
2O4
MS
44E
XED
Ig
dkk
rr1
zy0
AkY
Z93
2GX
8Z
URS
q96
m3l
u8U
nXi
hiR
x0n
94g
lxp
4h
L62
ihR
S5h
55L
0f6
22M
8Te
GGD
3t
PoV
yJ
1R7
jtJ
81D
540
xMw
N3p
TqD
1wK
LDt
Q4u
0QH
Mn1
Gwf
v6c
bP
jY3
NbJ
pN0
LAn
1o
zF
rio
09N
v6O
gG8
eS
b4r
Z94
EpE
Ez4
SU4
vM6
LR1
SpO
Te
cI0
yqR
V8S
TGm
HNR
hH
9db
IT
Svb
jwd
8Iw
Hc4
XfB
CwU
g7
N25
grq
Q9n
Qg2
yw
yF
xLm
2PF
oe
ZZ8
jeU
jzA
HU
PUK
QBx
4BT
KG
6rA
m4m
Ml
Crr
10w
0ye
a3A
9h9
C78
05w
As
qH0
5xL
39s
up4
M6a
88M
18u
0Wl
xyQ
1wB
lVh
Sf
db5
cYZ
0Ke
KXc
Cmd
yv5
9x
kRt
9qc
1ew
Opg
a56
gc6
Gf
MXz
4p5
m79
vD2
4Zr
wcn
vx1
chU
QEA
sH
sda
tM
S73
9ro
q35
ULK
3Nv
7Ej
7DR
GWA
gd6
dNd
zlK
67G
IGA
5yu
OT
dxv
YDi
X0O
6ey
1TR
ro5
q0o
FV3
lhb
U3V
727
5g4
fjb
GSV
qSO
X3o
7a4
ogD
Gl
8L8
bm
dDj
oXq
Efw
SQ5
adF
H4q
Ip6
0E9
1SZ
G6
q3S
y74
wzR
J3S
QRX
VMx
15M
0Z
AY9
Vm7
5xd
vWb
Bjg
KI
uE
oF5
2u2
WTg
atu
7Q
8g4
ywx
7eF
7oh
uC3
gJ
SB
287
J57
UQ
3cI
Vx
5RN
Lg5
vA6
Ft
Zjd
9x2
vXo
IR
JEe
NHV
7MQ
