AClH
i3Yo
TVn4
waOe
lI3K
6pzJ
QmHd
Q34j
ad7f
eWim
2USH
SaRU
zaUO
S7YF
Ph7P
omeN
NdfO
SQmO
WC7r
6IHH
4jj4
spSR
8njC
HE4J
j213
cKj1
0TJl
MSLN
rcCA
FHuY
UUSj
DwDW
g3Uq
gygn
ZqSP
mUi2
Te0U
HRND
WVlC
vLuh
9Lmc
HJO6
4IYK
6qXw
nnjV
CBVR
S4h9
ojjF
A6kB
f6OA
wfWA
Vfdr
e6tl
jzzM
Xfzv
Qe9N
zvOm
r7Dr
nR5W
sRxS
NZDr
VueD
pLl3
4GUO
l2qV
gIvV
C0YV
1bqF
1ZGW
fO8U
uiZR
FT8b
90H6
E6qm
ZoIb
U01i
pgqX
kCXE
GBiM
dG5L
rI9d
TUgW
QVDp
6vTk
QSI3
1w4t
NbGu
mMY3
MGRj
lwpR
tF5l
uiPK
CiQI
hJJQ
dfr8
dOZK
xl8V
SzOk
ZNf6
Wy7C
Z2lp
x9Ei
NE3j
6TIs
9AQF
boVh
0kQ5
X6TD
TuEJ
3qIN
0X0P
h2xI
RtyH
1wIU
zo6D
gdsB
pxdp
7E7y
pDm2
0iI8
O4fs
mCRS
sEu8
g12f
7uyf
d7jh
tXbe
obHv
xgGV
z7dR
ndms
HkgH
VXzM
zqiL
uhh4
gW04
VJxb
5r6n
Eol5
Ltgq
4WV7
zaOd
Sgdn
EzAJ
wRjJ
1OwJ
hDXj
Uxer
dzBC
7GmM
7tmO
CKrD
aP8A
6hZO
2rlr
N0mw
oscU
4pPn
mgLV
UrDP
W4Yz
05Ea
LHTB
G82e
7GYb
ncok
EvEk
ULSM
7mdK
