WFU
1RTM
DDH
1O2
89C
104Z
CRH
FVH
P32
1709
16O7
1C13
4YS
JBQ
1AFD
DHL
1GFV
HVC
1BRB
71P
WS1
BY5
PVO
LE4
VBP
4JI
1P41
SP7
1BQ1
UZB
NSB
18C0
19EI
1WL3
YTI
1URM
10ZW
1B1S
JEK
1HGQ
3Q7
BH4
1JC3
DCE
19V
18U5
8ST
BL6
125Z
16R7
12LG
1YX
1NEQ
AZY
KJ0
AEH
1NDF
6B4
OWG
B4T
1RCJ
15K0
ALN
GXT
IJW
1LCA
1O90
1RSV
UA0
1GF3
B7R
SLB
1LCM
24X
IR4
ATO
5Z5
1QJ
1IBB
BV
T97
1CP9
1B9B
113V
G5S
1GSI
BWD
L5N
1K0R
1NIG
1Q8N
QFV
1XAO
X19
103G
1RDA
D7A
1AWH
YK6
7MF
LZ7
129X
D15
1TRW
1F1V
1CNH
LJJ
SWD
7UK
1J5U
RY
1BLK
9XE
BFB
QG2
1R8S
1522
Z5S
1OZC
5EW
1S8J
1TBP
5ZH
1PP1
1WHE
YPC
13YC
AQL
10VS
1QQ0
SCV
4SP
YZ5
YCS
9DU
HJ2
1GVD
UY8
CZC
OOK
G66
ZT1
LN3
LDX
1DKH
E7S
1OA2
14L9
R1D
CK8
GEG
1NC7
PHB
S0A
18C4
GZD
1PF3
13GM
WJF
7EI
15Q4
13RQ
6EB
ND3
BXC
OM3
V51
1NX8
EAA
P6F
KDD
13GO
198M
1JOK
P57
QL6
HM4
1P3Q
1U77
1HQY
B28
1RX7
1DZA
2D8
1PQY
1K8Z
4CV
RQD
QLK
1Z
2KD
1BG3
AHK
HFD
TFO
1IG2
1GOQ
1HTT
OC1
C5I
1BZV
1O7M
I38
1BW
F7D
DD6
1KQN
1I01
1JCS
1OSH
4DR
8QT
1UTM
1H3H
1WTA
RTU
15J3
1NOW
1KMM
1G7M
1E1Y
G7E
18JT
12X9
1P44
6BK
1OIF
YQ8
DLL
J1L
184M
1P0O
JJ6
1O36
19KZ
1MEM
WG5
1B0T
1MI5
3QW
PZ1
ZAI
WS3
67S
1ORB
102O
CGE
EVF
ZKK
1DSN
1V1I
UMH
115N
1L8M
1M0M
LSX
IVW
CME
178Q
KLQ
18GF
XN1
1UIL
C0J
M0P
1O2G
HNI
FAE
BR3
MCH
VXF
1M19
1CMO
113Q
GHZ
UFT
AKM
E8A
5LB
17UR
1DKD
5WX
6L2
OHB
159E
9J1
PBT
C44
2TG
1E3B
VES
1H2X
1GWL
10PF
SXT
17AS
1CZC
1WR
1QAK
15M3
TBG
G9F
1KGB
1RHH
DOK
4Q7
1B6O
M36
1MAJ
C1U
1BD6
S53
1MCP
N0G
OWJ
LTW
LC3
1AS2
1E5E
U89
O3X
18V5
1WA5
DD1
JNZ
1KT0
15CC
T5D
PQR
1D7E
2QC
V24
2O8
1M7K
B8D
1HAY
1N4K
8Y8
M1A
1735
B09
1TEA
1WGS
11PI
LND
1UMR
JM2
QYK
6DN
CK7
721
2IE
BNJ
3DI
1FTK
Q22
6CR
1MMJ
71H
1EH0
1FI
1U2L
WMJ
12FH
BIQ
14BT
1FRO
15JT
25H
9E1
1H87
7ZH
NLI
3YP
1PII
E7Z
U44
FNB
TNM
J1K
JTW
1E6I
7RY
P8E
1V4S
1DWW
1GKI
1W6H
H2B
TY4
YRA
1CHO
8C6
11WB
789
1SLZ
9JQ
1JDV
19LA
18XI
J9G
1U7W
1MOE
1E76
1W0C
8CG
EQX
PZU
1JKZ
6IT
1Q0P
GQP
ILO
17KA
1QU6
SSW
1FJI
ZUA
RKI
1F5
EVP
H7N
3X9
1WZ4
1QE4
QCQ
1SKW
15K4
1PD8
1511
1211
13NN
16ME
W65
QNO
15Y1
MI6
1M1K
1CQ1
LIW
Y03
SU0
1PI3
Y3Y
7DF
GFB
1ASX
N5G
CMA
1E3O
12Z8
J5
19K0
KLY
9XB
R57
N6U
2YP
1KLO
1AZJ
6UJ
1ENR
1PC3
1UT7
1HDX
H50
CN1
7XF
E9G
IYP
159G
38J
1J1Q
12XT
1564
1R68
1F12
14W
1PSA
1VWW
19MC
J1U
1Q3H
15E6
12QM
1F9E
1669
CAE
18XJ
1WXC
ND0
1X3A
1Q24
26D
26Z
RMZ
MQ9
1FEJ
Y5D
1OPS
1BML
W0F
1QAF
HFK
BU0
1UNG
1KB
664
1JC9
ZX2
1U4D
MZ4
YOJ
8RY
P91
1RK7
MTD
VLS
IIE
J5Z
12HU
1K5L
WHR
1R4P
1UDQ
F97
289
1OHQ
GHD
23W
NY7
1506
NO2
VHW
BUM
4E1
N6K
1O2L
H72
1P8A
4BV
1O7E
1T2S
4W4
TDU
N3Z
KCS
1QV4
Z41
R3A
Z95
QZ7
TMI
13BI
1CSG
36O
1JAF
1NPJ
XUX
JV2
S49
1J9X
1H3B
1HYF
GO8
1OXL
UPF
1LHA
IAM
1MN5
NDH
JH3
D5L
142I
PLO
1JBS
5OW
1BGH
MHV
YFS
142S
AAL
13ND
67I
B32
ZHR
1N8F
1QMG
14IR
OTH
1VK6
1A92
1NH0
VIK
1Q9V
1K32
7LE
1V12
1T6I
48J
1OSM
1P96
PKY
1AZR
PHF
1S8V
9JN
E9C
QKK
1TNC
108Q
ZAV
1R3J
1NCY
1GOS
1KCI
1LAL
2UE
1R5J
1IDH
1BTO
CDZ
3ME
QO6
1JWC
2H1
2VJ
V70
FSX
IDJ
1OUC
EMG
1Q0I
5WQ
GYM
PPM
IBM
J4F
THM
UEY
OJP
KMS
14XI
1MQZ
1NU9
1J4C
1FSN
WOP
17PA
1ADC
HUG
1BI4
CWV
DYR
FZF
B50
QXR
1RKV
1S81
1O1Q
YGV
1VHS
F3R
17P2
DJW
1JPD
14DI
1R9D
1P5P
PD4
YWA
5XX
KHZ
1ICT
BFG
LZG
E8X
HBC
IEJ
13HN
R9J
XO4
EL9
ZQJ
1J0K
74V
1TUN
AY9
146J
J1Y
1JLO
1KM2
68
H8I
OY3
1SQT
1G49
BBU
11BW
DBE
1KSA
7RZ
H2C
1JTB
XS6
123A
810
14D7
NB
1UJ7
10AF
B2P
1INV
12XG
1BHW
2TK
1HHR
1STE
18TG
1GTU
EJD
V63
KA
SZX
1RPV
1QNS
Q69
RCP
TGO
1DSS
14E
1RG0
JRE
132T
1BS0
13Z6
E1N
1K3P
X24
1PUK
12GM
17XH
1JI4
17PT
1565
1KKU
1PBN
5V1
69A
OKJ
FZA
1EOL
1QO6
1GUJ
1R3Q
1HKJ
1N9R
19F3
1BOM
OZJ
NK6
1AVS
MOU
14MN
M95
1FAJ
11YP
12S9
Y0T
8AR
1J4R
T42
NNC
10Q0
VK4
BL1
BQD
1XE0
13BA
UXN
LWL
13MA
NTR
GRV
1DDK
I3W
1HU2
1WHX
118Y
1JU8
1C0M
U22
1M8G
1ROM
1LQ8
Q15
1FC6
VAX
1X6G
1P7H
132V
1S9Z
SVP
X47
1NEJ
2K3
122C
R6N
YH4
1WDJ
1GCC
47I
11FQ
1KOS
5XB
17ED
6FO
EE6
9RY
X4K
1NY8
1FJG
55R
10LF
1UVQ
1FBP
141B
2M5
Q1K
O58
1KGR
1UR5
1F6Y
9BD
C4U
1G69
LHY
198V
SNC
1M60
18NJ
MES
Y9C
1HE9
Z7F
7QL
I6X
CPL
11RK
T4A
T0
1GRQ
1RRR
ID3
1F4A
1TZB
TWM
1IHG
1CFT
I7N
1O1X
142O
D4W
19V2
D9U
1AH2
1723
1PPR
SII
14XU
LMX
1FG7
9IP
1E7P
1DJG
K1A
QAX
1I5S
1PRL
4F8
1MI4
DM7
1NB3
RML
W02
JMT
Z4J
A7U
1FQB
9UL
VD1
1FY6
15VU
16XW
1PB2
JOB
19A
2K8
AZ2
4CC
1AAQ
1IIA
1U6W
1FDJ
8ME
OUG
1J0T
1FVL
EYZ
1WXK
1HGM
K5C
RL5
9Y0
UU1
1IQJ
110L
OL9
13Y9
1FK3
1RST
1KJZ
16TM
14GF
2LU
CGB
1RM5
PW6
X1T
15R6
1FGE
C01
1TVU
1GDY
1NUW
4TY
4P1
IFC
Q9B
1332
SNM
10QZ
D6B
1IOV
1SWG
F3T
162T
1H71
16GQ
32Z
DRG
45I
74U
17Y1
16C9
1RGP
XK4
JUV
G6V
19IE
1TJE
9FL
17F4
1S5F
16NA
TQW
1JVB
1N9Y
G5Y
9N1
1G1U
1JWE
L9R
CUB
1JIW
1L1I
1IIX
GT1
10ED
1I43
1GDC
36N
16L
1FTR
KH
2XM
CJF
1A2W
46R
143V
1MBH
TWW
19NI
1LMA
1TX5
CXX
APD
1LOQ
149K
4HH
46X
Z6M
13F5
1LRK
1SBW
SEC
LI
GHX
VNC
XMB
K2A
1OGE
UG9
1X2V
2DX
JNM
MW
1VZR
US3
MGK
1ASO
1R01
BU9
192G
EYR
9E9
185W
I1O
1R2R
EC4
MLF
1GTY
12VW
FFZ
1QBC
U77
6IC
QAN
S0F
53Y
USQ
X8Q
1KYV
12DB
1D1G
1HK1
8HK
1FDM
16AM
JQW
8G0
18PE
MEJ
1LHF
FYX
LMS
4I8
D4T
UKE
14II
MK1
R13
1E0W
1R42
MD6
RIU
1CE7
1600
1CJB
1B0Q
1SXI
B7U
JF5
1N2P
L8Q
1UWV
1FNI
1PCI
4LC
13W7
17NL
1D7M
1OTP
6LH
1I87
1N8V
B9M
1IYJ
1FIM
TMZ
TVC
Q11
NW1
N3D
17UX
WAL
PGZ
14P5
1L26
1MMI
10BA
1X28
1WSY
95V
RI7
2Z2
4X1
1LDB
17W5
IPA
2AO
MHW
VTA
1UX0
14ZJ
1PM0
1GZG
15XM
HR7
XGH
FVI
5A6
1IU6
7C5
ULT
968
1FC
1D1B
88K
HXT
E4H
ZXY
1RQ8
1UII
13HE
17T9
LEY
1UQN
5QG
LLK
1X33
82S
15ZC
1OYD
NTC
1VYW
PWD
YWX
1T6G
EXY
SZJ
15GR
JUM
1BNG
1ROT
TFH
L70
8T
BDU
16P4
1GJM
OVB
1AQQ
1HFO
MOG
1G21
119I
1R43
5X0
XB0
2XV
37W
EG8
1JZB
1H82
6KT
1053
3B9
1VRW
19ZL
VNF
198P
BOK
1062
1H9S
BRX
1TRF
1NCJ
RQH
PS9
1DUO
4UV
Q7B
16O0
T9K
19VZ
XUS
703
YRF
15ZT
16XV
1UP7
6U3
381
1PQA
1TKZ
1OHA
1DFR
1G3W
8N7
P9D
1MOV
1WFB
1JF3
UM2
S5K
YZ
1FEX
1KPJ
1G7
1UZH
G23
D18
1RK3
9SF
1O2E
VR1
AWN
MH5
B70
1M64
1R0
1JAS
ZHY
BEW
F9N
1A7E
1IOE
93K
1VY1
7AA
17ME
1HP8
1KC0
RHJ
OMI
1UQ5
1LLK
WV3
2CC
1OQV
16O2
SU8
1WAR
U3S
18QV
17VW
1E9H
1OYY
AXH
11DJ
1PLV
12QC
C1D
1X77
1Q12
1Y1
1CZH
1FTS
WVZ
PJT
ASL
TT4
1MYB
1E9U
F3E
HLK
1E69
IS7
OCJ
1DD7
WT6
17IL
10QY
1M2G
1I17
1GC0
1F8C
Z8X
1BNB
3ID
11WT
1ET9
67O
1GCR
15NP
1QDC
XAQ
5Z1
7JA
1ERH
B36
XR1
1PDS
PUB
1TQV
13PB
19ZD
10MK
1G54
DV1
1B9V
1553
L3K
XNA
HSK
1GM1
HG1
15EO
168P
UZN
1V3
1X8O
1R2K
1F9H
1U14
19AO
15RW
C1W
14D9
5IM
H9Z
1CAV
1RO1
I4
1OSC
HR1
19XK
5PC
I8J
RGJ
5H
8U7
11FH
1IC6
SWE
C3W
H0Y
15FP
4B6
1PJU
14FS
1W0Y
1EDA
1K7C
5FT
33J
1J9J
1BSU
4BQ
19Z8
1BT5
2DF
S9Z
JFH
UCH
BZ
8V1
LO3
CA5
1BAE
1C7
Y11
12GJ
SEB
O1F
JMX
ISK
C2L
828
Y6Y
T4S
1K7A
8IH
LLI
JOQ
1P12
MGC
JBI
6EL
1FY2
J1V
XEZ
9UA
1FD2
HQC
11I7
UNA
1QGO
2XS
16TK
107S
10L7
12TK
1E6J
1UZK
3CW
158P
SE9
1H25
BUP
CP2
1W3A
1W40
PFE
1QLX
5E8
1K85
1DU2
1UR8
FET
COU
NWX
3HR
7DZ
OEI
GRQ
JOX
RBN
E1Z
1OLA
1POW
188D
P3A
YEO
1L13
58Q
1M1L
1XC3
19B7
1H2J
1U90
2QM
1601
1V4Q
9OY
DVU
1MAI
1QBZ
1QE5
YRT
5ZW
1JUQ
QR2
OMB
HTE
1KKO
L80
ZPM
RVU
1EUD
77N
K61
1LS7
F3G
15YO
1MLW
1CHI
C7A
1DHT
LQO
1N1W
1WCW
19VB
WCF
EQB
AP
1B9H
GLD
59N
1NBU
8LM
1WVU
1LFE
PLR
C8G
L23
OMQ
GSD
1VCZ
66N
55U
G3W
15K7
1A3O
1NK6
B4D
2VQ
1EX6
X6F
Q8E
ERQ
1B2
1IMF
1JK7
SU7
T36
1GYE
1UI6
1R7N
19YI
FLQ
QY
P90
FOL
1HAT
1L11
9Z4
SVH
EIZ
14AA
1A7J
1V0H
11I6
OIV
1RGB
1LDF
J5R
A56
1UA
KZU
O8T
1WC2
1U2J
8SI
1NTE
6VR
F89
1LNI
1X60
PI
1APJ
11YY
M85
F82
1KK8
17MX
11XU
C5U
A0O
6WD
16EU
1514
GL9
1QLF
90P
NJZ
1CQF
S9G
59J
1M7Y
57F
MVC
O8F
1GMK
1P2Y
7PF
1U9L
7JW
99Q
1EUS
1LFW
1165
UL6
Z65
1WHF
BS0
ZGG
99F
1OZA
16UH
1QHM
KIK
ELJ
12WU
JZ4
20P
10XP
U0Z
15A8
KQM
1Q9I
1HMQ
1AMB
2YW
1HH4
1BZC
QDQ
EYQ
1K8Q
W4F
1TN0
1C6Z
1EYZ
61C
1DC2
MLA
MP8
MFH
J4E
1020
1J8J
1PR7
NWS
1HB3
S2A
EHJ
1MBR
LN6
1P5M
1EAX
14FL
11IL
T3B
1GSU
10OE
10NT
VYH
O0Q
1V11
1KKN
JAR
1N07
1RJO
B9P
13DX
TCG
921
S15
WPE
1URA
6XR
YE7
1OTQ
1TBT
1QD3
9GW
1R5C
XGV
14AB
HK0
FNS
1WU1
AZK
T2B
244
1FNW
15O3
PG2
W3G
VSC
1VID
WV4
S72
1INF
P3O
WYX
UHA
QJQ
ZBG
19ZO
ZWQ
JHI
1DZX
1QIU
QID
AMO
1BJT
ZIV
MGD
CS
1O86
ZT2
1BYF
1KF1
BU4
14SB
1WPV
1WSH
Z52
1S3O
1UKE
KWX
14X5
3H
A2E
K4C
P5Q
Y8E
1SEF
BEQ
QIY
7P1
SXJ
3UC
URD
15W0
KZ1
1DH5
1MWS
AVL
1JTX
GUO
1TSG
1SRA
4JP
4TU
Q4B
19U7
1R1O
VMG
1HBP
1LU1
3LV
CDK
IH
OWP
1WCV
5PS
11UV
M9G
1G1N
17VD
ZCZ
HCT
NWK
DVW
1MNQ
1C46
9Q0
GGY
1NVK
S5Z
T68
1KLA
8LI
1KNN
HHO
1F8L
1QX8
Y25
T4D
1E68
MDM
1LAO
VQS
1O35
MF7
59Z
I9I
1ADQ
6N3
QQH
1397
1DL3
HY7
13IL
1PY6
SAF
1LWK
E2F
1UAO
M4B
1S0C
NUA
1RIG
1JQG
1NAV
OJF
X07
A9F
1CCK
FG0
18HP
JWK
JB3
1NSZ
1V3Q
1P7K
187A
EDG
1PDC
558
VQ0
2WB
12H5
1AJE
19PF
1URE
6OC
17C1
I0L
ZAZ
1B0N
626
Q3U
1QNT
1LR1
100Y
REY
1L6G
1EZW
JJO
1MGC
90H
FK2
1GU6
1IYY
TZC
KQZ
OS4
1WA
F6A
SHP
1PZT
UG
1WTJ
L7
NJ0
NW9
1LK9
RHM
LLX
1V3X
XDD
OBV
7UF
FO2
17A2
TS3
X8Y
NT2
HXA
2FJ
ERU
AJQ
HUM
UB5
1H5Z
1X3U
NGQ
11OU
404
WQY
1EEG
1AAP
1W51
1OAL
1BPI
IFY
49V
KWY
BLI
5N8
14LW
1KDJ
1B95
73H
17VN
1JLM
9Z
D7K
1HI9
1LP8
1PS
1MUI
KXN
WZU
13G8
1HKD
6P1
X6Z
1D2U
1BNE
1GA5
YOP
F4Y
1SOL
DPD
17FJ
1WBS
1LBF
E5K
XIP
NIB
1UZU
H55
1FFN
153W
OIC
1VW9
5PY
1X5Q
1H4P
166B
KH2
1HI6
13HY
1EI8
16HX
19BJ
1N2X
16A3
API
514
1XE6
1DNB
W34
1RA0
10M1
KKA
1QSN
41T
11BU
1L6C
1T2U
AKL
Z0G
1PHG
18O
16Q
1SD5
1BQ4
1KL6
XX0
10TH
1D32
2TL
N60
HVH
1UD7
19Q
1P11
1NUV
10Y1
CX1
1FMI
1LFZ
OEN
I0Y
YN4
1O24
19IP
2PA
19ZX
KVQ
1KAA
11V5
WGN
IU
WSV
LBD
1EP9
18G1
AG6
1JQ6
1NGK
17N7
1PAV
1N25
W9
GYY
A6R
1JQY
TV7
C6W
19ZZ
1DGN
1AGN
2Q6
JB2
PLQ
35S
V46
MOO
UTU
1S0B
1CK2
GQY
1UND
1BXD
QTR
1C88
1HEO
ZI9
N08
I8K
C6G
1D72
YF7
LLS
7HE
1TIK
FVD
1W10
1H2L
2HY
UFU
V88
VZ2
KH0
14HE
1KPN
1VYP
YP7
1L1F
MU6
74N
MI0
1TLW
30A
1AO0
16A6
YL4
1UPZ
YAH
7CW
URA
1DDM
8MN
1H10
1AHQ
1OZ5
13Y4
1WYF
11DG
FMU
15YE
EA4
H8Q
ORK
TSC
1RUJ
RBK
9PZ
JPD
RAL
1MMD
4XG
13QD
166G
FA3
7M3
1EGG
1QGP
1N2J
1GNG
OX3
1S3W
FKF
1DGB
WZN
84N
1D90
K3F
14WN
L8P
1VOL
N5S
LWB
1T3D
18LO
IT6
1TD9
1981
DKE
1M2D
UZL
1BKX
111O
100B
L2V
472
12CV
CGU
ZHJ
1VET
1I4Z
1G7Z
1486
1EDN
1WDA
1LP2
1CUU
45K
Z2N
GBE
1CE4
1L4L
1FII
5GZ
1DCX
XTB
1Q69
EHF
1LIV
3NS
12E6
1RQG
1L41
V0Q
1G65
1YL
HL
1W3P
AP3
ZHU
15CO
1VMJ
12PG
1E90
YQY
T4I
4NS
ARS
DDJ
1LJD
1IH0
16EY
1SUY
11YC
FCY
1OMS
1RW9
1D2
RE1
1AOW
1W4L
191F
1LWQ
12OA
1EJ0
ZDU
TDC
LML
2TX
4Q2
1DY
11Y1
1A06
11MR
1OBY
5HY
2HU
1X8Z
76C
4HB
1E5T
1RXU
LA3
1Q3N
14V
E6H
XA9
15FN
1CBR
1VP1
13JK
1IR2
PVJ
14VF
HY8
17S9
17EM
1EZ0
4Y
X8D
20O
9WT
BMX
1AVB
H9Q
KCW
1FOY
AQD
1ULL
1UJT
1BXQ
YPI
1GN9
9OT
6AI
6Y0
EDD
G7C
1DPP
Q4D
HKD
12AL
4HN
1PDE
1GR9
U6Q
1RMW
OT
105P
10VM
UV4
14PE
7AW
1KR7
LPN
1L4D
IC1
MON
V39
1EBX
46Z
1OBL
1B0A
1H7A
KU0
173S
1AW1
624
1JSW
RU4
1210
R2S
UF0
17H6
B34
QS3
1RIC
22L
19GT
S5E
WQA
GLM
NUX
KFW
1O43
O0J
PU5
1HEW
11X7
1CK8
4K8
114O
19TT
1A9C
I7I
10BG
1NFH
2JC
ZWC
1W53
167F
1PU5
PRJ
1WJR
LOT
11GP
1GT4
TE3
15OD
1TJ5
ACG
WIO
TB2
4B8
DM0
MDV
V62
QSS
182C
BS6
11ZL
1SV5
OYP
1PKM
B6Z
BE9
1KMV
CNP
1LXY
LXP
CXP
WJA
LU0
301
M9L
1A9N
3OY
1C5Q
LRY
6K8
19KO
19IC
5AO
RKL
JUZ
X1M
YTS
13DM
13B3
VKF
19YY
SX9
ZR5
DEF
1LOJ
JFF
1VFE
DAU
R9Z
NXU
1LXZ
W2C
19G1
15H3
5UO
1SK9
6QD
1RTS
16JR
5V6
2ZD
VNW
VNE
B4L
1V7S
1KMQ
DSN
CYI
1J7J
DBA
PBQ
12XF
91G
14J6
11S
PVY
11OV
IWC
1UR7
WJE
ASF
1UEW
V93
1SEQ
NS7
N64
1H1K
LFY
1NNS
1PXF
DND
1DQV
1T3T
U1M
X12
1UF2
SXX
1CDZ
S6M
6QU
NRF
13GJ
BOI
17RU
7GW
126A
1SJR
IHO
15K1
1KHS
1AOB
12AG
1IJK
19AC
1T91
14XW
OSK
QK6
NDP
GR0
175
YZ4
D99
1IXX
13OK
D58
1TN6
JKA
16PG
IFB
CUI
DR
1M8Z
1N0C
ML1
1NL9
1OM1
1X9
3IZ
MNY
16OH
A68
1K59
1QOT
194G
C8O
9HB
551
TVE
1CBU
53N
EJS
1E3Z
40S
L3
1RSX
WC2
E56
6C7
1ERM
1CB9
12C
8DF
OW0
1HPW
1DUF
1VM6
1PCK
16XN
N4X
1MP6
1Q48
19ZU
LV5
1Q3G
VK3
1X1L
OGE
1664
1GGL
18PN
1G44
3P7
HBL
1XAJ
UJC
UDC
1KXB
GZG
1G98
1X7J
1656
JH0
UAX
1SVV
1CE3
CXZ
RE6
17R6
Y64
O9D
GP
1OC5
CXH
P1F
OW
CY7
1145
12Y1
TXI
1ACI
1OZS
8KY
SL6
143Z
1BO1
78E
1RK0
F4A
RAZ
41E
10OL
1MQW
1P0I
4UN
1AQ
1EPA
1U4C
PRI
WGK
AZL
1PIK
1SVW
1CO
1TUL
1D01
HUY
1FUB
XO7
YQS
13NQ
1AOV
18D5
MTX
CSJ
155H
H2R
2TN
NNG
1PW3
1RPS
1T6J
GT
VVA
16JA
1UO0
1GO5
1MCX
9Q
1456
11KK
O0N
1FR6
52T
LYC
T9I
GN3
1G7T
1A4A
FI7
IS3
SGJ
5A8
1TFB
LC
1QWR
1LDT
NLT
IZ8
1G3P
1PVA
1SW2
FNJ
1HZH
11Q6
1C0N
2YG
17KQ
1T0U
10PO
1N1K
1AGD
1637
CNG
10JF
TIC
F84
10BP
19K8
1HQ8
1VRY
96A
1TX0
1HTK
18MO
1SEX
1M6U
2AA
1X7P
NV
BS5
1NIC
11UO
96G
3HO
1LWW
16Y3
MPO
4OK
ZLB
QKA
EBD
CL1
1RV1
VVR
10BH
1Q9O
16LK
4ZE
EB2
DPM
MO9
12YS
4WC
ZD6
11JX
15BO
11IB
1ACW
1UNB
18W8
15IH
1DFD
1UWU
HJC
SVT
1FRE
U20
10Z2
X2V
EJY
12MY
2UA
YX6
36I
SW1
2OF
1W6R
HGF
NFB
40B
ULY
PT6
RXA
J5L
1JSN
9VG
9OG
1SLC
M2W
17DP
L0V
O05
JGF
USA
NE1
1QIP
QTO
RVX
188B
AP8
80C
I5B
BSF
121T
10PI
ETR
CWH
1P14
1D1Y
1MYX
1RCN
TK
R8M
DZA
1NHO
15E3
6LA
11F1
ZX8
1BY2
1W52
IKJ
19I
1HJM
FO6
LO0
PGB
199D
BCO
XWG
ZT3
1RF6
ZP5
TS8
90S
2BK
19A3
VSA
1X2A
1FP1
YSF
X1E
OO1
EOK
1RM1
18BL
JUJ
TEI
1BD8
BEV
ADB
1P76
1KF9
1PGQ
1PGM
1OW0
R6U
1NCF
1819
RWJ
15V3
65I
UFI
S61
1N1Y
TB0
1C7X
12H3
4FV
6NR
NH4
1EY
19KJ
1961
1EPX
1AVU
1PPH
FKG
18PH
1W4Z
1LI
10HU
15WC
1P1V
D14
9ZZ
1H4C
1BI1
1SFE
WE9
MQL
R83
135P
MQD
5WO
Q12
NC6
1K1Z
4TV
RAX
1WF1
KHD
1GIH
82P
FL2
ZKY
1G9A
343
261
9RV
1EMQ
1IPT
1A3U
70F
1JJO
EHA
BOM
1E2V
18SN
X7Z
4OA
Y81
17KF
LX5
1VX8
1S5Y
1TRK
8QV
1UJZ
R7R
13D6
HCG
10GZ
1MSO
UNV
17II
V3
5V2
DH4
J82
E5O
19LO
1H4Z
XBC
ILI
JND
1GKQ
1OSI
T3O
1VC5
1UJ
1P4A
1R23
165P
17AD
WRF
1DF0
1X69
RAY
USE
JYU
K7I
7MU
6G9
3KN
RPM
FES
12XP
DOP
2HJ
1E52
BTP
UJN
105I
O5Z
DU5
109E
1VC1
AT0
1FB9
9EJ
1LYX
1DPC
ZGZ
1GOU
BK9
1PYX
2PG
1767
TN
IVN
1IVK
1PVC
1FWX
DE1
43Y
RIQ
1BDO
1NRW
Q8G
ZWX
18Q8
1VJ5
VJ6
1M81
14H0
KG5
T7Q
1MVK
CJT
194I
1UZM
TPB
15WG
UFW
16G4
KOT
1D2X
14H
BH3
1S25
6M7
16K9
GAI
1220
LGR
EBN
1IFR
1WAG
17O3
S64
1S0P
159X
10OX
1IQV
1O8V
1ABB
15GZ
C0L
KVX
1QAS
ASS
1M8J
1EKG
1665
1RYB
19EW
15IY
1RT4
KBE
BW0
41X
1VF8
15JG
1NMN
1LSQ
T5N
PIW
HUX
GRK
1W90
OIM
VD7
1TX9
1EO1
1LOG
9M5
1O6T
1JNF
1AZ
1VIB
E2B
12CY
1B4T
4N9
14R4
1A9
1JSP
VSG
193J
1R8T
5YN
895
13BB
HQ1
7I
1DOD
LRB
1TN1
1KC7
SMV
P8C
1WR8
WBI
52W
RGM
1OAA
KNM
1NJP
19ON
15X3
1VB0
BC2
1LUH
2JK
S4Y
42F
1EWE
QH
1CKN
KQ4
1J1D
H0A
1J20
WE0
1UZX
19BF
67Y
1TO2
YLD
1T8R
1SGP
E57
1ECH
OS0
146D
1MOX
Q75
1IJV
XHM
EN5
UZ6
92B
10AW
1TXU
44O
E6F
1H3N
16L0
1WW4
V7V
92Q
1LP0
1QBR
FMI
ME6
1K24
X0W
16Z3
6F8
1TBU
Q0R
5AZ
A35
1ALL
107X
1JDN
19V3
5GX
1F51
OO5
1EAA
110Q
1UON
17Y8
1II0
1K4
14LM
1B45
Q31
K93
15H2
1WXR
P46
199B
1GLM
184N
Q28
16DV
1CST
1IZK
80O
1CFH
ZUL
1868
RTL
MG3
CQU
Y3U
1PNT
7TF
M7S
IAG
1DMG
3OJ
BM2
GBY
1STX
NRH
1U9N
1MY
130C
DKR
UY3
1CI2
F8
14QM
EI5
1W0H
1ICS
UN0
52L
LA7
1MJW
1017
142C
D3M
7VP
7MX
1ATE
ZXB
OT4
1SFL
1BG8
1SUW
7WC
VC5
1RFB
5M7
JZC
QMZ
16GB
4XF
1DU0
19FX
1AOH
1NWJ
1QFA
DQJ
1KES
BZS
22K
18FF
SW3
ZH
RDD
KJ8
154H
1GJN
107
PUC
1H0E
I4B
1RG9
1C1
BDE
1G89
16RA
QE3
52P
19G2
844
1MG3
5ZI
AIQ
QN5
RHX
19N3
KEZ
1WCX
1IDI
M4M
1OPZ
S48
1AAZ
912
18WH
1UN7
N34
1E7O
2WK
18SW
1LU9
1OKF
10XU
8K9
S3V
NNK
134R
LS0
5U
1PG6
QB1
GK1
1NMH
1EQA
HBT
1N0N
1BM6
CCW
1I03
SHS
S4X
B1J
V3V
15LR
1X64
1BA6
1GCP
1DS6
1DL9
1SQG
4N8
WNK
17OS
GPR
ZBT
JHE
IF4
T39
2UR
1LFK
16A2
LY2
1EYC
1MO4
YKI
178
UB2
1X2M
CZ8
1VY
1KWY
9GJ
1RE6
1X4K
11VV
1JRD
CEL
10XF
K1M
3XF
1JJ1
O31
JVL
1385
149I
1G2R
1AOI
TDZ
JTI
CNY
RLP
DZG
HR4
TDF
AU4
TTN
13GL
15V0
1BPG
1H47
12FE
9NC
QL8
DA3
MRA
1PPQ
SRV
1VGP
AWA
1AZO
1DYG
UAP
119C
KAI
17ZH
18HJ
1BIJ
ED8
1ER5
129B
1G2A
H5T
1NKJ
1MSD
1BB5
1AT7
1EDB
N9J
1U6M
E9V
1WI8
1G14
10KO
16B3
16YB
HJF
S7T
19NE
9TX
BFX
10UE
14EG
1VW4
1SN0
6IY
156P
1ACJ
I4U
13RJ
11UZ
PME
AW6
2QU
14RQ
GK5
17Y3
1Q10
V7N
4HW
18N
1A0Q
1L5I
D02
FO
1B6M
1GPW
1P1R
O7T
1NTW
D90
I46
8N4
1T47
180O
1AW6
1WGK
7A
1UKR
50D
1FDC
34O
ZNS
1WHQ
15Y5
13YF
AL
N6P
MD4
O9Z
JLP
QJO
1KQ6
1LPP
1LHE
19WF
EHP
1OYP
CWN
E80
IY9
11RT
UA4
UOL
1F3Y
M6S
1WEU
QU5
UG5
B5O
15W
4V7
1RU0
1PKT
V4V
5BO
1GQ4
166J
ODQ
12MN
1XC0
8KF
1T33
LXO
1R63
A65
72U
1P1
KFA
P0U
V4Y
12EU
66Y
1QT
MIU
H9V
KK1
10FR
AAT
4U1
1H7L
1PVF
PF2
O8C
Z06
23L
DL1
Y3P
RB0
F5N
GB8
10LH
15IK
RPT
1B47
QHW
PTN
1M07
19GG
X7
1QB8
T84
4PK
B14
K0L
1EYU
1VSA
10QI
1X04
X2T
N7B
1U2N
1HUT
1UP4
1BIH
1M1F
1TPZ
BJA
1T2G
15P
3M8
1UFW
1IW0
37B
15BB
19OU
JN4
11ON
13KU
29D
NCA
15I7
GLS
11GL
1HSS
1V60
F7G
1DYM
QDW
GD6
1QTQ
1LTD
1E3J
14SR
74Y
K5T
PQY
4O9
NSP
1VXY
18X2
7A7
EBJ
QP2
192V
WYD
A0S
11V6
YAG
8DT
RHT
ZQL
BIR
1BQD
1SM1
UXG
Z3W
136D
1JYO
XI7
I21
WCZ
1JZR
139F
63M
DDX
WM0
1GQL
14B7
KS4
14H3
C61
1SQ
7JJ
10IF
7FW
T2F
1VVH
1GTB
1R1B
1SR1
JZG
1U0Y
120H
1ICE
1CP3
CYW
1E7A
1F93
SYS
1IEV
1ANL
1TXL
1J7E
EGE
BJ3
1V1O
16J2
1WS
FEI
SX1
14ZM
TRB
M27
19OL
1GQ8
1MSM
5UU
DH
1JW2
WF4
1VPA
QTW
K0Z
WFR
1QHV
16ER
GYZ
1NHA
W0E
1NP2
18MS
EEX
1C78
HXV
CSC
LBC
LXQ
1C9Z
I8Y
1AHC
S95
1FRZ
1TVE
RGG
SCH
QCP
PD7
WUG
1BG2
SPQ
X1
10J5
G6C
WP7
1K03
9EI
GOZ
6SD
1LJO
12N9
C0A
C45
OUM
WM7
Q4
1L80
1C28
1CW
17OU
PG3
1NA5
1IJB
QK2
QW5
1RGW
IRW
1GBW
1OM8
32X
3UE
3E
MDR
1HA2
13II
1URW
1X7U
1C1G
1J17
1PJT
1QOR
P2W
1082
1F2I
1BFB
O1D
2Z5
SGF
ZJY
12L5
74C
13Z7
IE2
1IC2
ED1
9YZ
R3V
1NGS
6PR
1QAX
1WPY
1Q5O
XKE
17QM
2E5
1G4B
F6E
19RR
1Q9W
XMJ
1VCK
TRO
134G
MTR
1S1W
Q0K
XL0
P5I
168B
DWK
I26
1SXJ
1R2T
N7T
1CY8
1HP1
1HK2
1GAB
BRS
9UV
1QWM
KI
1SFW
FJV
IC8
JVT
1T1T
1JVH
H8E
PLJ
14Y9
NYR
5OS
G1N
CHD
18L0
Q6X
EV2
UM5
HAR
1ATB
1TEH
XJQ
D9N
NMJ
8GI
1VK9
5MX
11TR
OZK
1PGG
U8L
1R55
FJD
11AS
1XC7
YHT
BRE
1TZJ
4U7
ZFJ
1P20
1CW8
LC5
1G7G
ARL
O9B
WSM
YRX
1355
18JH
1SPS
RBD
1UVW
QDK
5RW
9TK
C77
N96
LPZ
1TWT
P0M
1DRY
LYO
1ANZ
IFM
D81
1G9Z
YTW
14AR
1OS2
FIW
1J2Y
WOX
ZHG
ITQ
1C1O
98K
1NB0
MR0
R3E
2X6
8W6
1UDP
2C2
1UOU
1IJS
7YO
U02
PAT
KCD
TS
1CS1
K1S
BJJ
SXH
93Z
ZBY
9M3
1CHC
1W6P
6JD
BXQ
R8P
GV8
75I
152N
1U6V
MRC
1LLR
1STB
1V2K
MR9
4K9
IJE
OFC
1DG2
ENZ
1RC0
SCJ
QN8
PPT
XCZ
KHC
U9C
1P1X
1FW5
EVL
D8K
1SCQ
J04
183Y
1PPD
1CEU
1QER
1JLY
1OIC
7ZE
12UI
1Q7W
7XW
GSL
1EIS
15TW
1SJS
J58
SZY
W3W
278
ESL
1E2L
1I1X
DXU
ISP
1HE8
1MT7
1MY7
1U85
UJB
KN0
1A8P
14HO
1MRE
QJR
23Z
6NL
L78
8IC
1ERV
WVC
1D8P
IX2
14UH
M8M
QEV
D6
1NB8
RHR
Q85
9HW
18R8
118Z
693
2WO
1JX
1IKE
13PA
K7E
16BE
LYN
1ITY
1IGW
1T81
1J4S
1V1H
1OFB
14NB
PTL
1C8D
RXW
1I2L
NXZ
1UQD
1ERY
1SZO
1PBM
R3H
HDL
15XU
WDT
2IF
8UG
1DT5
1RTE
7LY
18TV
1CNG
GIA
NQN
OCU
1SLE
1FHT
EKD
1U1Z
KBP
OVQ
CJ8
S5X
4OD
S7L
59Q
1SXS
SDP
GU1
12FB
XYY
K1K
U46
WO0
EHW
1PDQ
3FJ
1PNJ
TN6
1EG7
U7W
16VN
1UR6
3DG
1KRV
L5F
JGU
R9N
21R
A9L
WWC
OBI
CML
1UR9
17KG
13HT
1TT3
5VR
Z74
OCR
1CFV
1L4T
IRB
EO1
4ZN
IBH
MDN
VKH
1MY6
1UPY
1E6Z
1QXY
12BC
YQF
X8K
1ICA
HOT
7SD
1N3W
166K
QKR
1V96
1WEB
9R0
QJ4
UPZ
145Q
GT4
SI4
1EFU
1P8U
PLW
NG4
TS5
1LEK
1FNR
WGL
14SL
1JCZ
4BY
1NHF
V8E
1MSL
1LNY
575
YZD
APQ
1604
1M36
17IE
3VG
80T
1P31
1S7T
DWE
1P0M
EYP
6KP
AZ3
11I
W54
7HY
TOJ
CA
1DBQ
3KW
N1J
1LT7
1Q6
FV0
1A22
1WMK
1CL2
1AX5
10PJ
1OG7
1QDJ
R64
N4R
1TYM
VW8
10F
12FO
YKJ
ARW
17C4
1KI1
1PWI
15KP
WRZ
1RH6
5EK
1MHL
16CH
LU2
129H
C8
1EAN
1V6U
GWE
PNZ
1259
VNB
139X
13AK
1F0W
UMT
QPI
1M2R
1EJK
1ORU
AKE
Z35
1OH
1RWU
133J
CGI
1QVI
VTB
J5E
1EUX
10KI
1HK3
MOR
18O9
1Q5B
MOZ
75X
Q3Q
EMW
1F60
1A9X
QBJ
1HJC
1FAQ
1V76
1G6W
C5C
131H
V9V
S3K
IJF
1CNS
E9W
9FQ
1EYF
6ZZ
VT8
ZW
YN1
1X2O
H4L
1GO0
1CNQ
QKI
VG6
173O
19HJ
9KM
1UOO
46O
R37
464
OQ9
1G3Y
1MGL
LSZ
LU3
ATA
F9C
1UIC
6WK
LOD
1VBD
30B
18IR
KXG
LUI
VZI
56K
VAO
1GCE
1ATR
N45
1KQS
AHZ
1BHD
1RXM
8OV
17XB
1GV1
A5A
1WJ6
MGW
ECZ
YW4
WR6
148O
1PZJ
1XE8
2GS
IRA
S68
1QOU
1VN4
1T2R
1MMW
YY2
18FZ
VGQ
1M3F
17BD
2M8
1J1M
WWS
1WI1
KL5
7MK
QTS
1FFI
1USP
ZKG
JWH
1LPN
11YD
M47
16C2
C7E
KQJ
7DQ
NGN
R2A
13RS
GLR
JTQ
12ZO
DPH
1VVL
16I0
1S6
1KL2
1811
O4R
4MO
H71
1HTZ
TAP
1EU6
TH5
ERV
4Z1
1DXI
F4G
1Q63
1CYP
F5Z
12O
WXA
1PA
1OFF
D75
1JF5
WL6
1OTO
1HZN
N3E
1UHQ
YJ3
RUS
1W8L
FTK
13F6
R9E
10UR
IR8
MYH
ZG1
UXY
1GH3
1UY7
P0K
15L7
M59
S3O
15UJ
1HR2
1NY4
1GBK
1CB3
V79
1SLV
1A8K
1F1F
1AXD
F42
1O1A
393
1X3S
1OO0
X9W
1B6S
N1I
9HT
35Z
1BAH
1TZI
AK2
801
ESM
1GX1
1RZW
TQQ
1CR6
176L
26Y
ZXE
85X
L21
6S1
1SW0
AD0
1THU
ORN
N5L
7K6
RP3
1UCA
1G4T
1TMQ
1CS0
F57
JYJ
5F7
15M4
127J
A8P
10H8
O5
1K84
6UM
Y60
1MI7
18EK
LB0
1I7Z
1MNR
1IAZ
1IT1
2EH
V64
1SUN
1S18
DOD
MLO
PT7
1RS9
1SAT
14LN
6IX
60N
15B3
1E5C
1DUG
ILN
17TN
1FXR
1I2E
1344
MDT
147R
1GC5
KSM
XZW
WOG
1B63
1G8X
WUS
1BTQ
OHS
1CNP
B91
1NOO
C5Q
13G4
1G5Q
15OT
4HR
1O4G
19O
1IP0
BZ7
1EZQ
173Y
XXN
QXL
9F0
OL6
1BFR
18CK
371
AUH
PEB
JQP
1TB6
QKT
CM9
BT7
FN7
EKM
CFR
ES6
XVS
1LE8
1W7B
FRK
D8E
12XO
PA6
14BX
CAO
16FI
2VT
1JHR
3XR
SU
UC4
1TC5
MF5
196M
1GXH
19IK
1BS7
17LC
PJX
1BFN
C7X
VD
J78
15Q0
1Y7
13JB
D2A
O5O
17BE
1PZB
1C19
1NPS
W5E
1TDC
1NWN
1RI3
G0R
2DA
ZUD
1SXE
1DUZ
1UFX
1R7R
NF
K41
MNG
HYA
1WIH
ZOI
1QAO
F02
1FYC
1X58
LS6
YRV
QY2
433
8YL
19MV
1DAP
S1C
XEM
MAK
13I
1SYL
1WB8
1BYW
L99
T62
154G
1C85
1E59
16H9
1IHI
YQT
1KV5
167Y
1MSA
195I
ILW
G5K
18NF
2HR
1QSB
X8
IFV
NG2
DNS
WLJ
17GE
9RW
MYE
1RS2
THD
M3Q
P2D
11UY
1JAU
HQK
1HG7
1OIN
12VO
5EQ
1UD3
I6B
K29
RV7
1POJ
O2F
1NI0
1VHV
FR9
1OH8
1N53
431
563
653
NJJ
HXN
1IUT
UNE
TPF
39A
THQ
AIM
5MB
OI8
K78
HLM
8GZ
MIV
1FVF
18IU
ECB
O86
1Q6P
1KTP
GLK
HRB
DZ0
1FW1
1T2
O7H
W0T
YIC
W2Y
XE4
JLZ
R98
QEB
1K7L
1RF3
1GNO
1LXK
9CV
7L0
12Y4
1T4D
12JG
1JYI
2XF
DE2
1P5G
O2M
1O1P
1S54
1A37
175W
1RCO
LZ3
1PM4
DGS
1CXL
PKP
TUJ
4QV
Z89
STK
1WLE
YAP
1RW3
EXI
SZO
XVT
17E9
14KR
TUY
1HVF
1W6I
7Q8
9KX
6XV
11CD
SUG
62U
9QK
BET
RPK
A7W
1G0I
UZU
14QI
1IIC
1LWR
39X
1XBS
1CCA
LXW
S2U
1OCF
1P8G
YFJ
17BQ
1SNO
IIJ
1R1A
1EZO
17Y7
1PD3
11XP
1KM
4K2
1P2W
1BC5
HBR
F2Z
GG2
12G3
1RAI
LJF
MJG
A5R
13T8
16RD
1H2E
CTK
DNK
1LCU
1JT1
1INC
WMQ
J4Y
9ZO
1PYI
3JP
1T3Q
H2T
188T
1QNY
P7E
XKH
U8J
MUO
1O8Q
1BIL
1O0L
1J4F
CMI
QW4
Z9P
148
1ACS
KAZ
T8A
SRY
7CY
E4P
1XA4
O8A
KUY
190C
JW1
87J
1S0U
OWN
5SY
Y6P
1DNR
IQW
1DRR
824
515
CWY
1TS4
1P6L
1U5L
2HW
1FJN
U4G
X0F
EGK
GDZ
5AY
IX4
1ERD
8WC
6Z6
1HPT
58U
AT9
1OGO
1FKB
SMU
HVU
128G
VKJ
A5P
P04
1NOL
Z7W
BNG
18K5
17JB
13I8
1PW2
1OF3
18D6
1W8K
7FK
DDK
1PGP
NWQ
MT2
Q5O
1VMR
1RDN
1AC3
1O8I
T3C
17P8
1O1N
DWR
QSQ
7C9
1X07
14YW
122R
MDL
1H59
1GBO
1C2N
HMA
13H
FT1
8PM
MJI
PS3
16BB
165K
ZIN
1V3Y
UR5
JS7
UAO
DHZ
R6G
1GQP
AZB
10IK
R7P
13FG
11TG
3ZO
1KKT
1PRF
1W91
188U
1LK5
12P8
13FE
1VK
1UVC
1BMQ
6OH
1D0D
1VEY
FEU
1UX8
73E
OMM
1Q9B
HM2
Y6S
PQS
1R5B
1HOZ
1WL9
125M
7NB
WHX
594
1DIW
NEP
VB5
1KU4
1UA1
DW6
VU6
1I7E
IJ2
1L8I
1MK0
JAF
XUP
1WWH
670
17WB
NX2
1241
1KNO
1PVK
M1Y
DPK
1DT7
1EBP
EAP
1EVT
13ZQ
QY6
1HN5
1OC8
1C3L
E2P
8ES
7OC
L0X
1K8J
7OR
L7X
168C
1WP8
MD7
HRU
D6J
BI6
1UQ8
LJY
1UKF
2KN
DR8
19IG
GMM
11UN
TYW
TJB
17MF
P9F
1O73
L7N
1G4J
XPB
1255
NKW
MAY
1PET
10I6
ZKS
17R7
12IK
I1I
HOW
LVG
72L
G0M
1VT4
Z77
147H
189L
BF7
YJD
QZK
1AJS
Q5J
EG6
P3J
OZL
1UCH
1UWD
LTH
1DN7
16JT
ROC
1OWT
137R
1GZY
1MBC
12YN
VED
KW5
8A5
1C75
12L0
NYX
RB4
SM4
19WW
A7D
GKU
1K9A
1LPS
1OWC
I8A
13PZ
1FXQ
SWC
1KI5
N4S
607
65B
1T0N
VOC
14EZ
P4A
16KG
TZN
1SFZ
1SSC
1J1Y
VH6
1BZP
57T
1GR7
1ITZ
B5N
1KJ5
ZK3
1EJI
1PI5
CN
ZI0
C02
780
O6X
F8D
CUS
1FRA
14MR
UWW
17L4
ZUK
CYT
DW5
1J7K
LH0
EW1
GC7
UEZ
1M5G
2YS
ZFC
2A5
XJX
765
1A9H
1WFA
25B
1BRL
ONS
12NR
1VGX
1SD9
1NBP
OFH
6AL
13MS
19H6
7Y0
GG4
14LT
EBG
IUI
1AGW
1PQQ
POL
1C3S
1869
1OHN
1AMZ
1GUU
KBZ
1TCM
KWK
1PHL
OF5
1G9C
1VA9
1BF5
AJW
3WC
1B7Z
AVF
1FSG
ADT
138H
15D2
M29
YKP
3G5
1JIH
49T
2EQ
VHK
10K3
7TM
YHJ
1HJX
11UU
PBH
JOZ
5U4
FRF
13Y8
WZY
LIE
1OFH
1JXI
6PW
I1B
1TSU
4MH
QSB
KPW
KVU
K83
WDI
1HTY
1LVM
Y7A
1U4X
6MQ
COQ
NGG
PM
OED
TGJ
1EAJ
R2U
1PL9
24W
PKW
RHL
1IJZ
1NM2
1AXT
1QRC
1QSP
1LJH
FCN
1EEK
1DYN
ZWF
14GX
1018
H73
26T
1W6X
6S9
1A08
1GE3
B97
1R66
DXP
7ED
1LC8
Y8D
RY4
HXD
11NF
18WV
1GWH
19RU
VFH
1DCG
SSA
QWA
F1G
23O
124Q
1K0E
J1I
HZZ
116
M4E
QZ1
129W
1IIO
ZLI
1VOY
EIY
1NEH
1KEC
1HSQ
121L
13GW
QRG
N6F
CF2
TXD
1GAI
1QMR
1742
JAZ
13WQ
9C9
HZI
S0O
1W32
6JV
A3D
Y4O
19SD
N
I
G
