94974
94993
94982
94994
94924
94955
94975
94973
94910
94911
94940
94901
94900
94937
94936
94970
94926
94983
94951
94971
94959
94939
94923
94944
94956
94960
94988
94998
94958
94999
94934
94976
94954
94922
94914
94990
94916
94946
94995
94989
94980
94941
94929
94985
94991
94961
94949
94905
94972
94986
94945
94909
94953
94907
94912
94977
94966
94925
94915
94950
94952
94933
94902
94967
94918
94930
94968
94938
94931
94908
94997
94957
94964
94903
94996
94917
94906
94942
94948
94978
94981
94984
94979
94920
94913
94965
94932
94943
94919
94947
94963
94962
94921
94969
94992
94935
94928
94904
94987
94927
