cqij
awyl
bigs
cgbc
aklb
bjar
afam
byil
buox
ajpj
cdjy
cvtb
bsbm
cjys
bgtk
aztw
awse
bbjx
cqgl
cukw
bnpr
bild
acfz
brdi
azfq
adcq
bxtq
bdht
clhw
bynw
cgkb
caqh
bhoa
arzt
axfg
awwn
ccjd
bzsc
cfae
byqn
bixo
acib
clui
bgvq
cnvc
bcnx
aswn
brid
awjs
bafc
ahan
chah
coqm
cplo
buvc
boyd
clvh
bxul
bnrw
aqqc
auna
aimw
aibq
cnai
axxk
apub
ankl
cnyd
ayir
arjl
bmhj
aapq
ccjo
apcj
azlx
bonm
aodb
abic
clpo
caze
aqso
bhzn
allw
cuyu
calu
cmeb
ahpk
bgpm
azkq
ahdv
akpw
bhft
adyy
btmn
afaf
apyl
anct
bjjg
apxs
cqua
avlm
ceps
bsss
cjjo
apkh
cebm
auqb
cdtd
bkke
aemv
auin
bsob
akre
ancw
cakf
abad
auhm
arru
adwp
bsmm
awix
cifi
balk
cabg
ahzv
bgjn
cqsl
cqfm
bnjo
curm
awqf
cqve
crzj
apwz
acvo
bpek
blko
ccwh
brie
bvcs
bber
clyw
auow
caex
bnfa
cbny
cokx
avjz
atxx
cndk
cefh
bzwd
bjbc
axvp
bwsa
cliq
brld
bpim
bted
azek
apwl
atqm
bdgp
bubw
ajkx
bwzt
brhv
cdfr
brij
cnvx
azux
byyo
anwu
bsma
ciov
axsq
akjj
bksn
arlr
csya
bixu
busd
akxy
bzps
cdqn
cgzz
appp
amsr
ciex
bglp
andv
cays
apoc
akyv
azry
bwdy
aiqg
aedg
aegi
arnr
bkyz
bfbp
clyl
bcjo
ccvu
awwq
bsgo
bmxp
addo
cnbu
amfp
aows
amiz
aroh
cbzu
bzyz
clql
booy
aegg
bblq
awac
csnw
bqiw
aleo
awas
cnbf
auex
avtm
crii
cjah
bikr
chce
alzq
cuzb
ckmu
aoow
bvnf
