5U0DB6AS
5AD3U2RQ
J5KNXI5A
AJAW9ASO
TPA4XH2S
JXDSLFY7
CPPPMJDP
O1ZCZ586
2NBVZJWB
31JAPRVO
TJ2T0WJ1
BINA65NG
EE6W9JL2
TPLF3Z5X
MBJ78W5E
6DDRSMWV
Z1OAKFDU
6R77AQEX
V5Y6MIZ1
IKNI88X1
N9308WES
33LT4R4K
C7ZVHNNN
4HFU1AJ4
EF7K7BAR
X6CVHB1C
3Q0KZVN4
B3411HKF
3WU0L5OY
VAL3QLYU
GDX5VMK8
F8FYHBKZ
L26YWVM0
LWLJ8Z64
YJYZR9N7
NDQJ1NN6
MXCKKXA0
V00M1XDM
S5ANESZ0
TJR5FGW8
9DUN87KI
I7I7YHEN
V3FJYQJK
VF8981ZT
NWZMBGQZ
BNLGF56G
RMBWM3LU
328B1RPM
TDI9DEYD
AOM89UTA
QNN373FB
2GE17SSY
SN7WRQ1L
C3OQO8U8
Z8TZXP8T
26B1JYHO
L1PLDHP9
AWB707CM
XLPQNC6Z
0ZED9ASP
USSXHUFD
KQNJPAJX
5LZUHQUO
B281IK6T
OT03AOLV
8OV5LAOT
KBB0PSAA
QSZISUJO
DIPY2VBJ
1SNAIEOP
FDMKJ37L
5KD18ARH
IBAY3D2P
BBTYWGQW
2WR5OLR3
KCPUPPJW
086G8HSX
DRU6XDGR
I7IERMB9
U5RB6UCS
CRN465FC
RRQV94WC
ABQKMEN9
I9UXUVHF
K4ZT1ZRT
JKZ8J6KY
F7WRLCP1
RDY737VC
BFT1E08T
6P7AM97L
75RYSPCQ
XALTWVKO
156WPPOD
VJS38VFC
08I5Q9OW
QPJWEP16
A8XMAZ3I
HS8OJ7GP
NSCYK51M
NLVMLD0U
4991JZBV
Q530UKHC
OAYSZUFM
JROL7GRC
F0EBKSR4
PV03CYZR
0OVVYVCP
NU6OUPI8
P5DIQFAD
PIBCBJH3
QH4PZ4Q2
WYPDBGGU
IHV66PIP
XUTIPS4K
EDGR8JZE
CTGH3VOC
UH60NDQ2
2OOLKQ4M
Y0VZ27C7
YMG6NP6R
TQUCOFTX
KPIWJXYQ
98C6PEYB
LMC2DMTQ
S2C4G7X3
WKG1J6J6
O0VU8K30
65D6CMIV
GWH9LERR
150VT1D7
07IE0UAF
CMSSSKVU
UKAA18JY
WEPE7JJJ
SPJL0PWF
2VNQ726X
Y4ZOMJE6
R8VPVG1N
FSSY8VDT
KZ2TR6HW
NAY991IO
VL0HYPJU
HYOKJ9FL
QRME60V1
V556XVAX
7T0MRQ5W
DZRR6TYX
14J0JV8F
LCD5IZY4
QY0XE8NU
CMWI7LUZ
G92IBOP6
M1N8XFWU
0YZZ5OD4
MSMD33RT
HSA71B1L
UC8VR2PF
O4BZIODF
9JR5R4BI
95RGK40P
4O1NYXDV
9VZGESMU
YF8MKZ4K
RBAIQ2OX
O0O74P26
BF33YCFG
UXTBTLVA
3AM3VKA7
81WVTT8T
CF6NBZNZ
F8V2KD37
JL8HV4BN
KS1XAB2J
VZ53DCKU
7ARUNW3I
1CMVAMOU
A2853RN8
N0JCU2NG
F4E6AMSK
BZZH9R8M
IBXSBMK9
WN4MG05B
0VRTDXV5
5YC4KR91
QSW5BRTK
H7Y8B0OZ
ECLG4TKR
IZ48QID3
QCTJXB35
5I9JZRXC
G7JEYORE
G1US1YIM
JYGNQ2AJ
JJ7ACWCY
QW3YSNUD
2U7RZAEC
X4ZDQ94V
WR7D73F1
3EN3JF0J
93GM1OYC
UNDEUJ4P
VNHHVYWF
JEUW4QLN
WXLWF086
UL3Y7ADI
XAA0O4NP
I7A7455Y
MGF0R4JP
FU675JT5
A1TXLBR3
0MZXQ0BH
8KW6TEPN
1XCTPXRT
OSY8YVUO
02R30GW2
SY4X394Q
ZM1S0MBZ
I7OSQFJT
QYNZ1MVX
IFU15E2S
FVEC8DXX
SHL7KHCR
UDUM5OBD
R0HSDQIG
NOCSYXH9
45TH401M
8IQ7URHU
O5T4MN1D
V2460C82
ZJVU9VT1
GA4YBDZF
Z00Z15UD
39CC5JOZ
40FL7TCL
W2CDFX96
CD1QRF6Q
FYS86DCR
A0INL6S4
B56031W6
1SSWJ6CJ
DE7QTT8N
JOYE3G9E
R2MRSV09
17XBMUIL
Z8HO4HJL
56CN5PBX
6J4OER9L
22BPP30H
QM5U4694
7I9YPKI8
0EHN7JY2
2W5KMTXB
ZHHBVBZT
SLEEPPEQ
B00C2KO7
7CY2TKGZ
2H6O3326
C0SNKDWF
H2GRKBOX
0ZAAITT2
9SWMSAOH
COXRS3VO
LK5T0V5M
F1QMUI7N
2YIPC5PA
XD2JT39L
FVRGU05Z
H7WXS70I
BBBPMDZT
30A7IZPG
7FBM9ZQB
E4RHCS8D
FBN60D5I
UVAHH2XO
X7K8FWWD
NX31O98B
SVRUCL4G
0B3BCOTT
ZV8QZGOI
A7CPOLWT
GJ2WVSRN
OPC544ZX
HPZEDE6Z
0SFTZ1B7
EDCSROV5
SZ2BHTCM
NNY0Z8YO
YOUR
795P3QJN
J0G36SZJ
OSKZP3AF
125DNAWB
8TWRKZKU
HKMBASQY
3ESJ1F3C
36RV0H8A
OTLJXHY7
UYR90LYO
UYHN0C2V
BAQMSF0K
O0FJJL25
BRSP6TSS
E2056H2K
5CV28JJT
M5Z6Q4QX
BHWXQ5I8
96KPOKNQ
EG3QUATT
SUBDCEXA
TOMQX1G8
CSPMWPFE
KKSIJK8V
6GFCUHDW
0ZOTUPUH
WXW1DZ5G
L36XHGW9
8G42D7AD
4L7T6ZII
C1CS9N38
UDMUUQC8
W29I029A
0M6H3KSD
P8VOKQV5
PI431GNW
WIFZ6VNV
FBLWD1Z6
EJ3BFPHD
FRAAY0F1
YT0K3D0L
MV02Q5ZF
LM9DINMG
A004GWMZ
C1VRSBU5
4QUG3F2W
B1GI1YDJ
C54E9D7P
EFHOG1JB
0Q284PUL
1LSS3RCT
CNJY6YDO
PX7BNI16
I5H4WON3
O0TURUU7
P77342YX
ECKQKEIJ
NUR5TMGM
BDIWHWEL
H87N7Z0Z
RKBDMOO1
28SKJLGP
8PYRRSK2
UTN7S5W9
MK16GYM7
HROH3DDZ
5C7KGXX1
SWLOUJEZ
18M7L4L1
4Z6V1D2I
YVRQYGQS
HW8CSXLA
LJBGFDZJ
T4IFLMVZ
66REZRO6
O9C74TEO
L2JQLWMO
L1SL9IHG
IRFD8FTY
8EP13WUH
M6ZJ6LM1
U05O1LZB
JQQHEGM2
OVVICVI4
GW7NVVK8
G7WPMLKC
J7FEPLTZ
0L69LX8I
X19DVB51
UY9WGI2Q
C2JSFMDJ
CH9X637L
ACFBZ6IO
