5628
14559
10334
18677
9318
18885
7324
3679
17719
1184
17588
16145
5465
9843
19310
10260
15630
1749
19427
19046
7637
17435
12215
6917
413
227
14508
310
11715
18595
5657
15637
6021
2919
12718
3108
11107
15079
6863
17010
5680
3781
8224
15588
5573
18961
13006
9799
9126
16991
831
309
4572
13331
8919
3909
384
8883
17917
15274
16791
16575
4617
3213
11850
10788
17226
17472
5085
9369
19887
12483
154
16647
7228
14198
847
14001
1732
17539
11105
2080
10592
14150
967
244
10174
13598
2554
4926
14228
2405
12912
19415
16826
2030
14827
18593
38945
5203
6924
7278
9443
15555
17626
15029
24206
12824
6712
16659
5722
15428
13648
15424
38581
17018
12609
2050
3223
17315
39067
7048
18140
18854
29858
4939
10491
21505
28527
18855
1407
11322
20853
14593
34729
5736
4684
15118
6638
28487
1284
2216
30579
28192
38400
3818
7231
13000
4997
71
1522
11866
13717
11285
38321
12222
15116
1826
15986
14359
18443
16923
4456
17604
8888
38526
32640
16492
19536
11452
5976
13774
16729
12217
276
13293
17120
11506
4627
7212
38803
36579
5747
5507
4165
13535
35131
8178
29700
9942
30158
11321
8696
2566
32529
35143
17362
9308
11266
34108
33788
31849
25016
5882
2711
347
26258
9196
33636
18682
12596
17886
26755
4158
26293
19473
17320
1447
12359
2533
15539
19782
12804
19734
38109
9384
2186
9861
11956
5215
5406
14787
36627
9012
39455
18900
18887
14115
9303
2114
6092
12599
8016
8297
27503
34016
13899
63
15953
25695
12449
36532
7640
4411
15010
23679
29297
338
39817
26931
6550
4380
24868
3325
17968
7804
5463
27749
30938
10537
30274
37276
16890
10732
8965
17691
7493
1389
13551
15578
7309
14790
27842
4700
18159
3050
4106
27164
6010
12617
4796
16064
8418
38895
1045
8010
15349
36539
4993
19745
39807
22548
1551
22984
23596
20652
37395
7067
217
27780
19638
17645
15013
32817
34784
13199
7708
1530
30671
12972
23731
31024
1422
4275
10470
8459
15573
15162
11060
2596
1141
1509
29459
8764
28639
36166
4764
16629
34988
210
3933
13694
9909
27042
20185
3840
12445
16394
5844
12162
19596
12735
18012
35184
155
21538
32027
3465
27070
38183
36836
35326
19107
23758
6724
8570
23755
16124
22326
20777
24913
23891
19906
10211
13521
37205
15924
16979
4773
9980
30105
13393
7752
2262
9041
6788
31507
27199
23998
36704
11924
18517
24346
12521
39260
34078
35737
33476
18912
5557
38982
19687
4354
6477
20186
7288
23274
13171
36222
14267
13577
29301
31869
26644
34013
32837
4829
33041
12260
11958
927
2983
13815
14286
9602
23186
3518
6733
22556
9068
3990
7978
7050
18345
5320
4784
3662
5847
17321
19733
58238
9356
13361
33578
7684
10791
6095
5129
8452
17940
7596
5559
18916
30701
38862
49275
44752
2149
10045
54367
39304
30160
35643
9748
24989
571
18477
59604
2828
30991
36810
35127
5150
32074
598
15024
42008
3524
4559
21263
21197
35364
51126
13508
52544
41040
56138
19546
24634
15034
30037
50539
42636
13152
2331
43495
27155
54332
9287
35022
2161
11274
12946
36923
22787
2859
1007
1860
57804
12063
21422
35897
29600
40415
5114
22282
17441
6647
585
40922
45847
8575
1523
35292
17208
52282
26786
59425
6537
15771
55755
22911
19016
29643
19154
19217
46660
25369
11216
39725
11492
11138
58077
10271
24040
27507
27932
27336
36780
48492
24853
36013
58596
4788
7843
53787
17642
19943
14066
9509
14627
49996
12513
44241
13475
36090
35832
10611
51147
24588
8875
34402
31084
18765
19776
13236
9646
2196
26372
11412
19192
45981
25129
2594
15921
53629
19072
29338
52467
11602
2204
24166
13911
14981
25549
8096
16803
17252
23018
44332
31014
8533
22480
17818
17564
43252
498
18475
15313
26543
16755
3664
36807
11957
29664
14266
4615
7205
30483
11311
16066
48575
11404
29814
55323
7193
22345
5252
19941
9230
43774
2588
10845
42934
33267
14643
26895
637
2951
10742
25709
29447
10744
53758
15456
13829
52615
9791
28785
23802
19679
28132
34824
4342
5431
10531
40064
32134
35761
5884
34212
29245
29506
57524
11118
13254
9072
18582
11671
33768
32787
7848
35941
14988
17325
16760
31436
31443
9150
27082
10958
24387
8686
20797
26777
25127
1922
7105
56614
2730
1046
8823
8615
8490
59791
55401
48825
2690
30656
24192
32788
52789
5
4556
16669
20042
51394
2472
14436
58694
34799
35732
30941
13859
47047
33058
5698
19980
18817
48955
33309
26010
353
4321
2833
42078
37321
10004
5183
33197
20188
55441
30530
55259
47241
17075
49544
17267
1627
41107
14958
32200
57234
18643
38390
8918
7430
3823
3463
48445
18176
12273
14864
8153
8119
20476
9811
8092
897
5460
17379
22928
42653
5380
834
8646
29626
20322
34366
588
55196
49404
26908
13576
6711
7162
13022
37493
12336
17236
11344
37697
7244
38721
27727
55488
31
14343
21161
44689
32051
32515
40263
11323
17291
3092
47031
17273
3130
37575
25580
5857
47167
10183
39660
9792
21310
5449
6360
14143
37394
58254
34836
47498
56701
23063
48026
10689
48481
33492
16636
723
4536
6453
27863
13187
14253
9706
29958
7930
3109
34336
29740
57816
4137
15772
20639
4632
20248
10283
39399
26477
30613
29339
14364
32781
39484
16296
3575
1349
26454
39391
36097
16417
45892
19628
1582
11936
58160
26933
6900
38688
7394
7585
4217
18294
30388
18653
11160
50456
13417
36019
18033
38189
38287
30068
14129
3007
36286
28699
22158
55746
40261
15631
4719
57823
21888
53171
2428
5408
45576
3917
18857
1620
23660
7985
15043
14265
37793
3931
37724
59369
20107
2429
20499
34844
53190
9513
27590
37128
54126
10310
44737
12078
58013
22618
4984
57206
8209
34324
10027
39003
51421
17020
48540
20582
730
22141
2650
51890
13401
34227
134
18999
56247
55769
24375
8892
1789
13097
12876
8784
15404
28109
25568
59519
31746
55918
35429
54511
38737
5410
33687
23244
26096
52156
45877
57686
32845
24865
24367
38814
30965
13248
42367
20307
29097
1741
12744
33794
9020
9554
32292
45415
103
51074
43284
44065
46977
9464
18512
35012
59852
13689
16891
39178
44561
48377
54368
7314
31302
48418
3508
18414
23320
29883
14608
17531
17358
20873
57339
20
52680
6359
30788
38318
24211
49498
59028
486
6027
7061
44831
28553
25843
55856
59038
56604
19813
33552
27209
3134
43856
14517
1446
25148
13706
58339
9392
15872
25586
14570
13163
369
14135
39242
24891
26417
17050
51611
33271
48166
52646
43946
40729
1942
37076
7295
3250
6815
58713
16996
48762
18851
23078
27322
19138
42981
16992
9176
11946
1688
58693
13515
28287
42515
1345
43571
5669
16426
45522
9498
32854
32744
28107
19065
3073
53036
15693
26105
8325
40759
29390
38182
29554
3985
17398
10160
14357
20335
10367
40734
52631
17516
8568
29254
27786
20889
15004
31152
11880
10857
23522
1870
31017
48766
51807
13366
36339
28860
43410
59755
23866
952
33853
35651
47666
22894
41534
35095
9746
31772
11314
37137
9581
20203
6530
9657
57978
5838
29525
7460
8527
19025
29098
4223
7469
28499
28285
45343
34171
48112
33912
6190
27084
35940
53358
31712
7126
8531
50987
18228
36625
7562
10840
17306
20581
15716
11502
36585
33849
45820
21081
52518
58621
52146
53950
37590
21710
33121
30597
9286
12025
13031
25623
38913
41210
22746
50872
55300
7692
48601
35699
16949
18951
14850
34542
28684
41117
20223
38699
12896
38558
28168
22220
44427
28673
34678
1457
18441
45890
17698
1680
6287
28702
23879
7302
41076
18942
35464
24958
57193
34937
56551
26190
57963
26932
43249
9990
14723
11558
41637
25701
37237
34994
38679
6467
27527
6598
30616
15788
55780
25622
47323
14731
21562
2938
2593
4629
1572
29604
31293
24912
27396
12327
11475
51161
19688
7093
50061
1539
28218
22289
27125
35494
19010
35033
24818
37618
1115
9343
12056
20959
58913
39893
33673
59401
36401
5691
22416
38452
32984
33326
24149
8463
32617
51979
24493
28029
51436
21760
35073
1868
26595
3102
27711
45155
24566
46300
49071
14335
4999
18189
36542
38691
55761
20922
73230
19039
46526
58735
26535
1887
3144
15830
8972
25034
20070
49840
16863
59760
55943
9340
8719
38755
42292
8617
47847
38519
50063
60304
5686
1294
28856
18518
10670
33585
49097
51050
2159
24045
59734
9969
44520
50406
4820
24123
50453
6858
22195
20474
19151
14775
3632
18051
42025
8811
18152
28754
61308
3319
7123
19671
28054
42667
17000
9398
30909
77152
5601
41966
37707
26898
49532
56466
5229
6362
39221
29825
15624
5868
8173
44755
60463
7273
30030
41515
465
13886
11919
56582
11889
32344
30057
45799
1054
55985
18776
61511
31672
32202
30821
73821
41086
59414
17951
7400
1381
54905
2714
4074
30060
31720
30891
14814
58661
26785
54981
61481
3103
2491
38090
4462
30439
36792
2900
2600
59583
17759
45136
33514
73054
52764
67414
8340
63874
31276
46201
32415
52154
52674
35334
20606
5173
26839
61568
23876
38861
23418
6706
34084
26260
7956
8626
44426
78018
33230
34160
17983
33796
1654
18598
56618
16057
38632
22994
62527
28854
30012
34819
26824
12910
21600
8734
2619
31726
33310
32436
19919
58772
27046
33496
39059
46389
25610
55621
39338
16753
54430
13104
26705
19377
18984
59456
45614
15276
26262
16966
15370
49978
21890
42593
14178
5458
3813
8567
5086
9342
69717
64427
46510
24847
47083
70021
7636
39860
1764
60
1729
8312
10063
