54048
36657
97328
13412
122349
14006
21332
79571
41515
61577
72654
145469
36333
51314
148226
121592
123084
29869
90341
26256
28853
37711
95259
109334
38880
100341
37500
69835
85643
116748
121229
78799
89317
146436
17114
118272
85340
140049
72800
51600
90442
18071
8545
79846
127699
24137
14866
105014
147980
116285
4312
72483
99874
60800
54476
68958
93295
39357
60176
79228
86703
56958
84695
49703
29705
110716
129387
137523
24508
130437
137197
104718
5647
91091
77839
136933
2798
90169
138841
144738
51249
90712
28311
35673
67551
97288
133535
38832
53876
67165
72528
133645
29913
7472
4486
131631
122314
82418
66054
128270
78818
49851
134677
122438
64795
67726
1632
51480
136029
93300
55051
100933
92940
127436
124665
107750
139837
112216
57352
52912
108249
127128
7198
111336
101033
143020
58608
63466
146462
123614
118373
35236
131301
45274
42961
79139
121557
96989
129933
96432
5047
1994
3207
97492
55618
50213
59187
46272
47236
40682
96101
79940
110393
25733
10813
57604
85741
97741
123277
103230
102820
81919
137706
25681
8315
80595
105019
134247
25766
101111
114893
90376
28822
132260
16990
90303
134202
71819
50604
40458
143373
43399
103779
3412
105169
131095
31855
93715
926
54099
71300
14376
147798
36607
58917
92545
134842
80894
91234
7033
55
133917
139616
78727
107095
137632
31749
68234
107437
79706
12489
56554
133727
118497
10453
61365
86329
49631
13881
72722
133095
107573
17468
123281
106220
59751
36162
70488
2237
61198
133006
93980
9525
111441
135616
29509
39949
72761
71946
89571
130827
144831
53960
131840
84227
22002
130184
96437
86190
11086
82365
49078
12458
23442
20847
83918
123110
103430
12429
34358
83930
43053
88587
82353
109117
73605
77686
66076
4146
44871
134371
92073
7899
33672
90479
35092
23214
76389
34910
78899
130592
82001
4255
128748
144195
101235
46495
83646
15927
26841
122132
11374
106143
46756
136903
69732
147405
140550
142279
24381
140499
19584
43246
148983
144899
146430
149017
137327
59189
75645
42112
146831
82509
51083
117672
25092
125588
38517
127787
146639
48089
81573
102480
82681
132456
24345
144446
29842
65508
12890
53648
2548
118737
14833
119191
44814
72740
15011
148366
4810
21292
12114
84688
35840
94953
85568
28691
37154
3895
39452
20476
353
55707
20558
34958
128255
35242
26082
142391
63197
73842
69297
7705
42433
41037
17519
96231
15772
103336
124991
34134
52441
93414
20160
108880
52609
11178
20832
107595
27140
109829
148346
46279
52491
129412
28821
88603
66142
123125
128060
100880
104557
57829
4823
101944
96676
142948
6382
32081
17010
16575
69505
98182
24462
75173
124733
144745
87628
72012
55091
130731
19129
147366
61911
123208
141588
122312
119363
60640
36547
102171
130341
48183
85472
94285
149914
20834
61035
142875
95427
49895
145316
132939
71798
42374
31741
79408
98705
83549
40732
85725
129709
136567
64846
133220
102750
116239
16583
109578
80729
122112
13875
36533
79980
49712
105197
127614
53280
55209
145034
90391
12206
134757
42593
75452
122305
40915
94367
80021
58055
5321
55329
55872
50607
98986
50897
4088
39322
55875
86245
63903
17299
136811
5324
100992
9753
28639
76508
130729
133779
52696
2313
15604
30431
125774
65253
144712
40622
84924
95995
17715
92559
11518
72404
5507
108478
102241
106830
42827
81482
77577
82635
63888
44137
10877
112282
48370
119994
144806
46283
104785
102810
122164
135816
99142
33276
20645
124116
133738
2517
89023
129956
70618
35677
111871
43983
4899
64705
132963
144650
15142
34122
81081
98488
97581
127366
46851
32464
119372
6609
24985
72519
23534
34088
70633
85014
48180
57064
111043
92240
104419
73866
110745
97916
51005
50877
46704
103659
28118
24892
113136
137440
29161
20427
123706
114388
65593
358
111884
104344
113415
54466
69691
60919
44483
130334
34668
82409
105525
16675
134289
44069
105757
75911
91565
56619
17201
124664
136419
77883
96281
67204
67912
61432
120740
42402
99058
137795
141774
55936
63343
69371
106803
80706
147184
34976
90485
106678
81288
149573
75422
126989
69261
83676
18778
90845
127369
66700
146137
70552
133278
67635
69165
87569
117548
121899
82949
118554
76333
87179
66175
7483
145002
5957
82082
42542
64666
106277
105533
65893
12685
45564
127121
57823
103583
29152
56356
141201
112422
107215
114223
131564
31136
77600
60834
73037
74901
21735
36631
89970
39528
55202
49315
117059
109609
78595
102962
45544
125875
138352
56735
128860
65145
94573
142416
7398
15656
107461
44775
72855
55761
134178
60015
83387
54191
6553
61224
35063
132616
103322
118275
84518
44417
16187
118399
100284
63527
60004
93297
105945
59396
71768
139381
74114
94681
135799
44211
77784
72955
85135
82690
137451
86315
116784
24700
119763
80544
65
72021
5617
76450
123778
38783
122942
2470
59452
55762
125973
61852
73095
6395
42837
20423
26983
95743
24650
147243
121099
76432
79604
83926
30878
17120
71087
76941
9848
17810
117839
83501
91267
3508
119275
101680
145389
86993
17064
140194
122565
52960
27848
140953
73819
81007
39464
108331
25133
62772
4204
36073
44299
103126
106275
15240
89713
118284
92002
10754
59523
14048
92120
2999
26750
149432
25548
83671
41445
115662
14971
12416
47576
108355
69985
30906
102925
43563
40298
132181
20747
24910
70232
88945
4747
58274
19636
66457
69973
139440
60882
85239
89521
132862
109417
117981
36139
9982
137344
99019
90796
99425
44495
141217
43562
53586
110934
55251
66207
82848
78383
60846
42924
72765
47881
78407
109890
73246
98290
35904
29211
119159
69066
61156
105354
128728
124834
43741
30060
119080
2990
104492
33942
97812
19078
75769
148823
96328
26249
141458
113641
73064
114261
120040
32254
122457
138498
141190
115497
76483
147315
4057
35838
60954
93511
55151
53362
89239
137783
10539
93336
8581
10368
22445
82282
47053
84851
125394
146714
16749
28531
93559
29062
117567
56022
132858
141198
87118
54278
35939
40418
28630
136025
21600
54972
78551
77873
8172
20749
148375
129667
116629
122780
63423
52525
53222
109902
34943
128905
3484
86712
17170
49128
117702
24876
1301
7752
962
70831
61326
27210
113217
110566
89628
61462
129545
112561
148790
15960
144569
128055
3217
131885
48663
52121
12158
107450
33343
12795
79387
85166
81802
86379
118508
40199
133294
100299
38362
81109
29134
59355
119199
18912
115099
94509
142278
128616
74872
123384
118240
64910
101608
139897
50206
103690
108493
99336
93590
92242
21736
4848
20442
10542
73386
142325
107405
116571
78999
38776
107265
36391
26040
6405
68275
7354
119973
68028
113221
108086
82293
83396
36895
87162
50551
87854
60925
14471
26323
110545
9320
103813
110597
49059
59468
45791
75671
85037
6358
71314
119026
17633
122710
9451
84560
38306
60408
2628
124949
19248
106701
60678
28425
102907
60602
106239
62501
82371
19786
84842
120880
129653
50748
22881
83445
3820
143945
39882
103005
132943
33245
126028
120379
126927
18712
30523
53036
3657
90076
134074
11317
55221
63290
67195
110948
36170
39461
78130
92247
87498
113954
146792
133397
97056
75826
18761
105419
89779
130723
108714
63520
53286
59671
85638
81539
114204
136814
28276
106883
64931
13855
48497
16661
102198
140634
88808
83994
31029
137424
107008
103725
118343
126059
57605
99774
127216
112355
42645
83906
70452
124166
28546
145321
111762
21280
97214
119580
7936
35388
25509
91577
98305
100882
97047
93427
29991
106922
148882
21089
18785
134865
144732
7866
77439
94776
129022
62708
66877
119711
43810
130359
78317
32683
23916
99022
35654
58469
142175
98058
146746
116235
128454
46477
106297
138567
105358
87560
102224
71958
105551
96
82561
91094
27808
74066
108786
117878
81033
144207
13369
6361
74868
121043
108035
145117
27784
148076
8252
93103
144268
142841
64452
62446
82091
119203
78878
131264
40439
11977
83335
57024
54870
97350
133391
63591
36878
126183
41111
69413
136211
13882
111971
64603
140392
135945
43659
131555
22035
11841
47233
128281
75780
23974
71139
145699
46473
2954
80153
89085
57135
63369
78517
102493
63340
55958
23264
3315
99548
48594
52192
93588
71157
119791
127459
80257
18866
70237
46258
90020
18862
67065
25177
22264
39074
143474
65522
10739
111622
117179
44079
69667
74820
58670
71367
17719
112592
132503
52562
90784
98479
132925
130873
97474
112988
111145
8074
131982
148098
144809
124212
32638
147924
141872
114094
119981
90721
26308
53732
122751
21469
251
38557
25976
46376
92568
135637
78960
45022
106072
3764
83570
7234
141411
22898
55884
38194
127732
38614
93431
19371
149487
45458
125285
66512
15109
12969
131837
33148
146261
66208
32671
24356
74586
50255
148092
146344
64684
33583
93945
135364
20923
82498
26273
59651
67269
108659
10196
30453
79065
4657
135188
83120
140292
115431
74780
77603
130939
148020
85038
124136
20760
119553
38681
120317
36790
19000
82002
83530
8680
137312
34109
108075
83279
58304
36433
12836
31007
102496
39447
109211
76646
75779
109865
120422
104497
134133
74311
65351
113902
71163
76801
78805
11015
106042
44269
78301
118651
11286
129567
67144
87190
113146
82569
102338
131401
49697
125109
137066
132659
41265
105455
68573
124390
21373
29255
3028
9190
54661
82613
420
77105
84655
134868
101614
42033
90192
66044
88183
640
95933
65312
148254
28601
80277
34323
132538
95654
73807
24249
39839
140801
120613
39202
104369
113757
140502
19697
147680
149347
49477
114753
21582
96871
74283
46774
86053
96934
117550
18910
149110
47178
87942
131402
111721
35916
100988
106161
52710
115509
51957
25884
13993
100814
74489
24993
144812
37580
94671
140647
19114
108215
124503
38908
92284
121210
86805
52720
66537
109653
70240
63677
144155
142947
48624
149000
5380
22124
36812
84515
1405
99645
111648
136696
47886
55234
136408
33015
65203
61906
77275
40728
136675
5734
116901
51074
83262
144127
46114
58546
148836
69011
78464
50037
123024
69730
32992
95099
121207
122935
13990
19611
103719
33348
46633
106642
125958
141775
117930
115587
13680
104602
58514
122559
11602
115027
61159
74732
125724
74201
105446
130186
79255
19286
36229
127590
60035
130435
37889
72451
19366
9006
96349
15129
40429
1036
99976
112597
72863
6344
87143
14935
7987
113928
109506
19562
90215
82550
95715
103357
66756
90446
71543
24907
67792
106050
143255
147479
26719
27126
67242
120105
88704
30249
67805
95297
12279
118944
50474
34885
132371
96623
133272
101935
77022
39488
61337
33529
54125
121241
91013
36501
74983
89557
31087
122697
59080
141523
597
76453
74406
121563
20059
58061
58324
37856
41177
19766
138351
1776
47097
47913
16760
17535
15285
81476
135840
36035
79262
105967
115265
107331
82290
16677
14387
103976
104600
97068
49694
121351
41036
86316
53274
78490
56100
132522
68386
55853
2713
7332
84550
60539
50111
42721
51451
132000
13406
57665
124948
129496
133921
49751
126641
138666
9865
44919
17940
115121
145523
55313
49980
92619
109359
34486
81004
51604
129080
94184
138416
61389
17967
28449
48114
111425
84438
109832
25606
148074
91044
11429
25565
48393
82831
128007
25152
114663
19968
67650
74786
80401
92254
97703
19675
59064
61450
56475
23767
63325
109817
143670
135133
14428
70761
148015
16074
124989
51620
101808
133242
121075
115260
4122
109780
135591
52422
66502
130333
24175
44004
19867
21834
91520
57775
40875
16699
51780
146437
111614
100513
49352
109933
54390
96050
27899
134234
103991
69779
135374
43137
120588
13801
43480
41687
106530
34394
13548
115274
75740
90075
40224
23221
62770
19672
29025
21889
33225
16609
109753
97636
121228
113462
140926
26451
107267
106043
26448
99120
13264
60944
81373
63899
116165
88144
9089
82618
46418
22285
110584
24966
122130
66961
37833
57020
143595
52992
42606
622
145403
77281
10614
98080
34050
67304
58303
130720
111497
21684
149227
9228
32685
63355
127162
137659
49707
129988
71304
34821
25570
31297
124915
3913
37620
48263
111518
141459
121953
115115
73110
121850
101780
64738
38262
131487
91810
526
83564
137248
72423
79332
129199
95479
18222
29796
146130
138937
8746
123729
105580
81775
50109
105051
124122
45752
15304
141559
31663
53309
139574
113143
65680
59517
27153
100015
78153
38106
7461
14895
29624
78745
71957
3698
135343
86330
98897
112551
31218
135761
73908
44221
120411
122617
74782
39511
94139
123558
12002
52353
63451
26958
145306
64874
33172
84338
53292
61997
140853
119887
94405
142719
53144
94129
43606
28228
122666
117715
107166
109696
44442
49490
40495
49007
82959
117910
2820
96733
9010
18390
6596
115393
148724
40961
117426
107281
111787
45446
35610
94325
137320
117334
126895
36739
118472
62174
90406
27418
118943
112943
79581
71539
27230
927
33959
98400
75112
57296
101039
31386
92922
75354
4817
64477
117947
111330
144236
121278
70711
98555
143107
87116
149640
85665
17268
106683
137337
86131
94420
20701
27652
56776
14618
116400
13204
51340
74491
124205
113347
128893
13116
75522
120235
32489
64212
25887
53358
108230
44151
59679
13716
51176
122382
60790
136641
110056
66944
64041
92324
132556
114703
46875
119940
87160
37175
109034
40520
15474
28470
77131
10215
24402
90186
87140
84885
90702
110368
110055
133654
79893
67321
42798
137174
39754
46572
72216
70036
5806
43124
86242
132855
53483
39650
3192
10178
119984
20482
18567
87129
79809
30734
91945
148873
43827
23324
140193
104554
114163
3838
59645
81143
129432
50798
42617
85530
103900
2288
148629
145011
114700
5051
40651
86136
70767
86973
113796
98571
19613
65847
81415
60685
112307
51642
91909
11312
21572
76841
46499
122272
36822
143169
103795
95069
21695
70929
62211
47784
15368
123626
118756
63194
35463
6819
81185
71484
138982
39688
68332
144469
85075
147597
21561
93925
101540
11727
15589
137874
22263
91180
101876
126401
146773
129608
34103
67114
100116
148221
118340
991
19439
147059
103057
52675
93200
104243
77202
60966
39264
58150
126489
129648
90213
120651
111830
103859
127321
55307
58950
126635
5222
144037
66138
24604
100669
12582
99727
64566
131017
1515
40397
124649
109092
139160
101793
14326
72602
101953
49110
101602
53056
87851
25653
75398
19128
80816
6924
23022
94491
127933
29419
133480
63132
50244
91449
132953
46301
12981
41005
81493
62096
32978
37482
71365
122723
35265
103782
63358
1555
50133
87979
70898
88267
119673
12791
131896
111612
79544
128413
37443
21242
101549
77682
69616
46328
91928
21147
40886
134268
68186
98423
96614
8864
83363
53304
147143
84504
103192
16982
45354
47824
5723
43765
38540
139243
2339
72971
97898
61106
4138
104614
15553
20753
89815
81258
11915
107186
85157
122586
50248
123467
129167
128887
42412
120205
142252
17663
145574
39787
55169
83162
51660
133353
58505
88428
110479
116951
34183
38471
58996
91376
794
78019
97768
52088
106445
46010
61880
86886
92607
23172
115192
107559
23845
19792
83304
132733
50697
76158
120771
112248
8867
25966
24280
145679
57937
137872
79693
137506
124392
129049
16810
78684
105800
34014
58120
74232
58013
78269
85343
102786
46750
4132
98199
139162
78525
82730
88623
143994
43248
149867
107168
60968
102239
126130
16055
27695
63495
149519
549
57631
117771
111194
106580
136821
81454
123598
77564
29673
89877
17703
103632
25862
40926
102283
88366
70093
63544
28787
34568
50853
2114
124308
10919
44730
16345
134304
149262
26504
52841
109707
115811
97270
96688
127469
9824
38481
294
88563
106733
45481
122967
46748
126134
85418
74263
39299
111669
101411
34598
52944
32070
52327
76604
87377
90886
45832
66024
52831
133490
3264
130029
84406
2061
117650
10676
45946
125675
139421
12588
53197
67973
82326
65146
137391
108317
115406
128855
145813
107288
51815
147766
48080
107710
129527
17955
37082
104666
95513
117241
116009
85567
147041
104571
127465
94784
58542
149479
110347
91317
19502
71141
93779
107762
144484
122346
13869
132076
138411
32003
108090
32991
103631
21079
37558
126645
33163
102923
70621
25242
79726
106436
47152
141696
122178
143539
68722
48684
123854
136561
145050
114578
29965
53160
21124
123702
28395
56804
58627
86448
99341
144798
84646
13987
144934
79445
117627
17438
105537
138900
27782
93461
111123
11920
104561
142984
141232
138507
111647
140700
107206
57554
108071
107463
125966
127906
36919
103032
95097
140998
148842
138
146931
107731
41945
112868
39785
78461
107219
60666
106085
45990
62116
70723
67171
36461
24293
137101
4170
109069
108678
16639
65696
142182
18454
107562
66668
137315
68671
131833
66785
54372
23200
41396
21747
27731
138599
35020
63884
95952
9777
112054
4556
3287
143239
1556
76402
58760
32337
121180
137220
144988
107510
39460
65545
10150
43483
17811
126555
34441
37210
113340
110926
8957
101296
85186
12137
71943
145602
26231
84726
136912
36469
49690
77696
64271
17948
68045
88424
119413
33735
54381
25927
84863
34864
66306
146070
80670
106095
131707
126464
103081
45086
104549
145272
106849
14710
9052
46867
85042
47927
100422
26554
143760
35798
21463
1408
14523
104741
111570
9957
144741
87062
134919
138370
26538
127005
89683
6347
22737
127178
33082
88850
80352
94665
2708
74063
118465
17163
106892
66164
136638
26362
51408
73900
92898
18919
44859
112981
87801
8351
62579
118924
123700
58752
118632
100627
32238
75005
106113
23053
46640
30355
105916
14843
25388
12908
135003
83810
71162
86339
88489
17393
130073
83770
90120
147269
24491
22672
127949
137004
14450
91396
82117
103168
111815
111973
122210
134484
135256
116173
147864
146038
106224
89726
95670
128021
137036
43711
116356
137713
142919
56367
149729
62611
