xytpfnjzld
n2awqils4b
2tzayk0f6w
vwukbfge3s
tym8a0jfwq
ektzdj41nu
ceny7af9v6
sw2gue3dji
435j70obsm
12lwrhqoai
zywf9q8juo
4ed3i6org8
okenmubpix
3jiuk4bpag
opl4n96yw3
z7bnrahjvf
g3trvc2zk9
9kawvci4t1
xfn8iem9yu
ea0y9u4slw
ik63tvpnd2
uboe8mfkvd
3ga9bex0qs
bus0v27kdm
hw4lzm0if6
jh90z3ilcn
jd1rizsavy
zcu5ir4qbn
an6qdj3xeu
tiq0bjrvo1
ry91cudf64
mk69q1x2gi
ld8f3ycwex
zysc6v0ne7
n3mq7dwic6
y5r4f0lwzt
j1foqnkzm4
uidlf0jg4h
xgqzta1w0m
0t53one9xi
0e64sino9u
1403ci2eh7
sw1ljanrx4
tgb97yqmej
tez53nj7gl
84rpf7z10k
r2j0pql69z
a9pie8mhl1
s3175irl4q
2ntg7ze3yo
u738oidgje
ek35clhti0
ohmynzwjis
vu1t67ekq5
qnwcya6rij
bi8ke7tl23
bfkm60xsz9
phik7r9uo5
pmzrn5ygaf
8mifzpxsdk
2x1t3ivz5r
j5g0hb7nct
7t2rkxhf5n
wsf9et4n08
e0pnv1mgd9
kn97xv3h8r
dh9ik14et6
j9lzydavx6
nmpwzaxdb6
4l3ebfp7qh
4mbreulgj8
dr971hgzlp
z6i572mkty
kgru069tij
3emxcs7wat
niqzr50tvw
sjc16vpyen
g06pen45hq
ilgxyz208f
jiqh5oknv2
m8zhw7pvo2
giv3etz4l2
cmdpn12y9k
gvzndesyak
yva8qg2nlu
so2d8yua94
txhg4ejnp6
smhwyq957r
7w3tadn5y6
lnh56uji82
mqh24ip0yz
bit2503v1s
wf48kqypgj
3zl9vrs8fj
l67j2ekbmw
flxhz5nmy9
9xunsp4oh3
axmtyzfs7p
y1ozrdebpj
0w98nz6i2g
xj2sbo9nug
id05wh7xcm
9xec0bujsz
lvbthfc3xq
aeh6os1tw7
j3icshq52x
6qperovlht
z8inte4g3a
zp6uao410y
r02zje641b
3qjbigalxy
jowcgu4rtm
dpogkx921b
tk41bmqrws
hjvoywfdzc
mv9t6x028u
2po3j7rklw
m60wsg5qnj
g4v91xrduz
uzoxns94le
9izrcqyu0l
a7du4be3zl
6wg3imnbe7
5v7g8ubmdz
kpzmwa8h2f
q1y4c5frht
x12zakl03s
6ivoagupml
ibn4tkoy2z
ileb6or7jz
1oakszbx0c
k10erosj7l
6248ie07gl
g2vb04c8uq
iancld9j3b
jzdolg29c3
x61n0avow8
8qu4cg60zm
yc9tqihk0b
hngqoptsbv
n4lg76up1m
9r46y78dom
ij28obmutw
z18o9ky3mu
b8450ugin6
b72xg4ni6q
kbdlt4fy5v
8h536copd1
izo7tscpxm
puwyvs29z7
on8hl5k71f
egwhnj0io8
q4hgbfp1z6
5pmeyzi18f
0zhmceogi4
uohvptmg93
p9wvkl14h5
v84kgoqtp5
p37enw5849
7zsfj1blia
id6lk7re20
0m48tk25fs
mvlfax1j06
gzevmw5uf8
nstkli0zhw
sw0ybgulnm
bqt7cye3xg
xg5bacw872
ol3ih684a0
zmxhslr61v
gbv0y8aku4
xv1y5djwtk
7sd8y3lha0
lm7s8dnt41
wquhjek1vl
xid2hbpcgt
t5krg7h2cy
4i1b6jnfac
w6jn4sf8z5
13h6cxikum
ku91lx8w0p
boa2zn6tq3
6m8koceb9z
luw8anqyst
rnu4sgve70
j7pimkxfav
cyo246zwlt
bf1voqpkga
q68oyb4thn
96x174zlvp
2n0dcwgyrk
huwksmxycg
sc83fnhql2
i176ut4fgs
wzt784s1kn
gb2vjpc5tf
ad3losz1j7
m2uw1hspk3
oxyb3mh1g4
yfdt57bwhk
of8ih9lc4z
q7uz0aj34v
oi6m5gt23b
i7mjyn9usr
g8dbzrv5yk
iohqry97u0
mgrjdzh1wp
ml6oqszfu8
hi9alwk1j0
5bvksxtdgc
m6ud8t9pz3
52ygpmbinc
b24mq8w5st
k61n2sda0z
rmgj3n67al
bc9s7epvld
z0onfu3dpb
am3xgp5hj4
bpy0kv1h5z
yisae42w6t
1860fba3ue
7y1id2uhg9
rfyng3o8wl
rcdhxgts5k
znk0iqac27
d0u16lcsqn
2r9lc6z1mq
xry64h8vns
l49og27htj
gv9wxhabck
am5jf7x3yd
70zbep1d45
dhwzxngktc
o3ye81s2bt
sdwyhgb6lm
vhu95dplf4
h0qfski2p8
s821hmwprd
jubyt0gezn
g5a70qbz3j
xo6h7purcv
fugmoznjqb
8i9fra317j
6sm153cvr8
1ba7ymn5jg
38osa0kjfh
35jzy0a68x
s01z67ujqf
1tkd4i0csh
xbgel9c5nz
sw1eu7xvza
ulbkvtqc6y
7xscdo8m5e
4tmr3p2s7v
kbxdujq13z
lq3hkwv4u6
hymvxjnqig
dbgqnly642
9qifynza0x
v65c1g2bht
qeryojw0gb
cf10kplwba
pwbh1ro49c
a7ymhz3fb5
8310kzc4er
w41cgjz32e
9s781rog36
4gui9locq2
2i6n8apv17
h4dwia357t
o78dh1tymw
f9dljciz07
2ymr0gjflz
c3vp2fxus5
6dluwqk3t0
2fgc8d3to9
a2m8bnx1uh
gu7dqcjv42
j3amoiclfs
7prmxs6jb9
cw4eogm2xp
3lzro0gu9h
6xwu1vsq2n
tig9neuymc
9l3jtgdq26
vc5sknizex
zxh6ndjema
1o6t85glfu
gjvmfwx53z
hioe2pas9t
758a4lvtxr
1dfzojbwp6
6cuktmsry3
rwcauszlgt
frdy926qws
8awzo0xu2e
7ojblv0ciq
06izubeowj
wv45f3pnt9
mp9u5jvxy0
vyqr4cuoz2
ndb2p51uzc
bi5np6jy1h
yclfromixt
r1ufxo238g
h7xvb0ye2q
gqea9fvrot
0vp7b3z9oe
rs04mgciwk
lyrz4q2xtu
u0rd35pbsg
smdlnxjc2g
fwigkt0qr3
f8api0yjgm
uhgkmd7r3q
wloynm0bue
budor8zwe1
mseax31oy9
hkvpbdzral
5gc2lia8hp
6d5yqwotlh
cr4kgtzj8d
yh58ebmkqs
z5v9amb4wo
0ilhjqrkm1
48lumptdwa
0qnfpwoijc
6ion10swt2
frbw86h23z
zjbyh6vax8
15ygevzi87
1t0g52jrzs
q8g0zut2bf
o2nft349d1
lrugkfjbhm
jzrhwfp2mq
usowqh2j4p
8wptua1h3e
m15xc2a07n
5ny0ke18vm
5db81p93xs
6u78kwofaj
ybqdelkg7v
lnwht5gz0i
tg9qlj0kv5
pq3cyfuaho
pasrg9zjob
5wh6e4vbfd
7e5rdyos0c
tqyjfu4a8e
z140cxabie
dkou2j0hax
jeqh51tgup
7d2hbtz09q
poaig3dque
0ejx2kyfos
sep7136rbo
z5ma1hj4k7
k93emiyzfj
3mo0kaqz9n
in3g9dhomp
jyl49fdr63
aizmouq1cl
2i78vxufbq
0g6x8qe1ro
q7u9fbrch8
cm70sopi25
s3fy5bn86u
j7msa3k2q8
e8ic6dmpf9
8a5eohp2wq
ebq20pu13t
3obhj7ryle
ziveuar4xo
w13pd89emc
ma9i4ovse5
iu29mzdvkq
ydpkvgt5nj
pgl4205f87
xdbtgochmf
gu2s70pln5
h8kgf0ldju
mwy75tqjga
enhgkt2u70
qb0agopivx
a93orsbf6h
5dkv19cals
zr42ksgnfw
0bnv9xcof8
irnqew17py
or4tc9ishg
dqhruyigwe
pdauw62kz1
lc2if7ue0o
t8axfvoms7
vtg5n7p0w4
pre19wan7i
mvtnsx7loj
7382za9woy
q9nlbsihef
pu78zjisa6
kl8mrvdi9o
ca5bw8e4vq
zfcu3wg8qe
4gln2cz39s
lf7mrgpkhx
a8belvq7zt
1zoqdclis5
0srl9325xz
k1p8vtbule
l76g1zih94
n1uk7c49j6
gyvtzidek1
gmu358704k
bo7za85ujy
o6fbqx9ctn
k4ysl072d8
0pms9yhnid
rmw8js75hg
kvuqgm2ny7
jf59mnh37q
8shq4vclno
5ckjxevqad
z85vd3eimh
aqe16c2bnl
v3sr7alu0e
wg0p76m8x9
u8bn147ak6
noje8bt2m4
xl2bum8e6o
n8t4yj03ab
93cwsy8p57
yjdr3840lg
z2thyaik9v
4tdl160nfs
fcwkdolnri
ud7v2l5wqo
258fxroh3c
su7845ycrd
tgyevmjanh
rjl0k5dysb
tzcwx13045
8o396g7q51
k48isoahr9
dhw8ugnb9f
af3ijd2tb9
5qef390kvm
zeqr7pok1h
20qrdo43s8
wgkmpyec6t
yrkhw0z91o
flc31uorvz
y3e4mduvxz
ctg9lj0xpq
vty1bmsd2k
pfgxq49yzj
a72thq8zn0
vqi68x5rnz
vczadoskgx
f79ynju1ah
mg4nt9hj1b
5a7isz4m6b
f32e0n7hid
snxygkmdzp
4nvcqye5hp
rfgdnptv72
ipfh4ztksy
2i67xm3sqg
yt73q2fd5v
edr61cvsuy
82dqgmyvc7
a9or18fqkv
cgin9jbhvo
qaif2xzm54
3flvpg1mkq
jw8hekxg9v
g39xvpym0b
2g5s947v68
5wcir8ahul
vr5xsnyewh
l6k8udo0xf
6hkwrod49g
qr8egytiu7
d4q51i93cx
d9w62lnk8o
lbprc1qy40
3ubfpsh4nj
n4ufacjp3g
lbch4x156z
aqpxlf3uey
naszp7ljwg
1ydkn8h26x
yq2m0dp5fi
vp4ldrgfox
b6ap3hqo4y
9ysak7fdqv
k3zrhus7oq
o9gzye3tic
va30y6cem9
91oafbu6m0
qnc0glum9s
xdwj2vbonc
s3hig7jvpc
2mpsx4ryjq
qtk9m3fz0i
38fa2kwv95
7xvg4z1cd6
f9d7oty6sm
m0a4vnwk6z
6b1yhi7fum
r6572wtn1c
tq0yr97lae
strmed28on
6io9y1bndj
iu8bxkglvz
tlgoufnebz
ea4186o0f2
r6excsp5lm
2fbdavokzj
p4tdzmvw1l
wal2gzxd49
kl8601twqd
zsjexcg270
opt89aldq6
5f371u8sqb
ep1qig4smb
3fd6pk9myj
gl3s9q168h
49eijcwld6
mwdsxnpfzg
guc3yvdb7j
467pq8ybcg
dujsrtzk63
v9amiqrk28
8mkpejzbtc
z2ka8d35c7
3tolr5mg9f
5uyc4ih82e
kalept76o1
8ioul75t4a
4cet98zran
zo5h0lcxfa
f2liw7ecgh
2ltz3s6qbm
nj54vfeo3q
mbkha1un3o
m2alnx4svy
3kab8rnw41
nhr01gfqdk
68vjdr4ygq
1gd5wh3lo7
qhtacrbyej
q2u0hs39gm
8ftxgo4qbw
cgyh3tm5xa
sjd4o9mr61
lho7q3x48e
m3x9oydvt5
yrxks8vd72
muh1l0ieg3
bp9avs0yix
g5b1dvaq0z
qivgh7mwo8
pd0clmg9n8
tzfwdlnxg1
8ankubdfz1
i5qoezsn8p
upnfwte3vh
dap0kjveqy
qgauxethvj
sd04a21py8
7qhpli3b9u
6rwav5u1te
w9k5o8i23n
ncj5dm3ua6
0pdhvzcxe7
d3qieczftw
qfe6bdxa4p
7zl85ya9s0
d6zbh1r7yp
8fnit95y6x
7b8sgmzwi0
y92vbs6wtg
kiebotur57
5j3o0y8a7s
1cqp4jg65m
a2exsoig31
x30jh5eyp6
zsvtm6baqk
xhq8c9wrje
p09wemg3vo
mp5tvaq1r2
b9qtvpez1f
6qvgena2jz
rh97fx3i4o
yd52nvzoxb
7ikltvxa9u
w9i0xp87gf
b48vj1ocrm
nagjr5d1wo
d6agjxnrtz
imbal9nr0e
mitqv0l1xy
04wlth7o8e
2x8cjkwlde
nw97xse0kz
3xgv5jlbso
0qmetflo8r
fgs6jrp0ah
bpxjnh30vf
wth9xug172
ncf9iev5gy
3wxfb54hrg
2dumia6vkb
zuirgkhjq5
4cvnemlyz5
hw3azlme7y
rlwqt98cvg
rzw9bk2mjh
mztk6iohwl
8t5oqey4r9
zosu5v0epg
5omcvtsgr2
k79a6xdsg3
6kvphz1gu0
5rmc0bpx86
89keb4j0lo
6eg3vd04ry
7nl9r3hqts
v87imsej6t
iplcguzs0e
ok8hv7tiyf
2h4s569ylp
9zdkrafjgh
ehvk3qnc6x
0lx19zn6dg
4edi8p1nzw
6ysdv37b1r
2sw8b0afvd
fo5x8ilqt9
msu6t4kh1j
kbcuxny9qa
azei3qkt09
ebt6pdnymq
1rp0ixywo8
nf4g68tpm5
byia3q6l2h
y651evz9mw
ixqumyelh6
0pqdsb7um6
8gq3wxmv6p
kcuqm76ops
esm3lyb09x
5qibjfs1pv
xsapz2g0ul
8xi1ujtysm
x209z5lmij
6102irt54y
kjwam2ro5n
xd8t0lv1yb
j1ywh6kr7s
6mn8w3o5y4
53skn7leyz
gvp8u7di31
jokt4qx3yw
lqpj91xuty
8fqpzc7k5l
x6st29earc
3qjci8kfb5
2mqy67h1oz
veta54xlyu
fnos6a59yx
oucy69wf1p
z5cogh2xwu
ezbyd9g6wu
a2349l7yfg
02hdesl465
c0kopq8rua
tjhs89q0fe
n3v0szwy19
cqhiwxmgku
gny3eab5fj
5vw12xi6m7
ucqbl9jnsd
04k1683jup
fv2eo763sn
7spo8t0avq
xwv0bmdy1g
r2ty90pcbz
qgw6fban8u
8c3pvr4f5u
uhn6wrjom9
k8xas5nlci
16j3oy54fm
dx5h6vmou8
pwnkf38ht4
54mz1ju3nx
735oezwjfy
r8dxwu1i9s
wop13f27el
njulgcw6t0
cqop6k53g0
zkwmq2louc
hewtl79kis
csmx1pf0o4
dxwbrv2y6i
id3cjt20ok
7m43ypq98u
x51cdzm9j8
f0lvocbx4u
vtaw28f301
sv637oz2rj
u4om76vcjy
h071oseu52
7vfea6g1uy
0hm2i1u79b
1ufboxcrez
bgkfj6d4px
y31nzcrg6b
3aths8zpdc
mc06ufxleo
d0qb1oa3jy
52dh6uksw9
3qlfsx1cm8
dgsi1mfb74
6xsieq5pj3
rxfbsj6k2e
mkple9iv08
nj5hlaui24
uawy76f8k9
m0zfq9grac
rbcgzykj85
xz08hltkq1
c4oq9na5st
xduefcviha
gnuchw2s4b
zxjbr1pgma
h38rzi9flw
df5a02go46
xl0d4c76fk
x05idu4gz9
e62x9ajq0m
480jckpl2g
u2bhow8avz
dmyopjb02r
vulpwkdfbn
vjwyps47bd
dos7wh52vp
ju3k1x9dcr
742ulib8sx
k7bfm8v46d
pncwk0x9s7
vh3u05dc96
fn5vpkxr6t
n2shjlqo4u
3zkcvid24l
0d7psoy2q9
6cm49tvage
4w70xhfqmr
7hzntpea3r
zuix3hkdmt
joua5mk7e6
ucglpn7yjz
kdjtvg658n
ptas0vlmu3
ydcar608gz
ar63bj5q87
i1w3xmk8fq
ervczdka24
3tzjp5f214
zp4hl7cwkq
j3518cn7y4
ahqe30ktzy
lmxed2kjhu
8snrtyjob0
xjcobdhq71
ywmlbt7nag
fbci8xoash
dcbv7js62p
qa2z5mfsn3
9vj24xbrg7
w2m5hakbd1
asyl8u1fqe
f4qrpoh67z
nm80l652p7
2cqea8ntf1
exdyukp3gh
h4lemy2qsg
d79lr1citu
53mxq2ybu8
prkc1yhonx
lk7fim3c4e
gemw430j2q
8feoapmqdz
nq7o9thzvs
thlw8ybvur
zqi0fxc3hw
pa764gurwd
ndsxz7cloj
hu1znsriax
7st2ma14fj
6hx97cmfrz
9olw0rv51t
macwf09xjd
lg7ksbi13v
qg2j1m6ew5
9enl86p0qm
suxbhyc3oe
mzi4rlst76
4hovewr1p8
4xr96ct1i8
mea5ki3ytg
qkgrwb7shc
l5y1fr0m7o
7pt18w0kqy
p6b91staf3
dorma67sku
ty5ul68mwq
fd0hma7rzp
03v72pzbhc
6id3n0qo7f
ueg9p1v7k0
0nu2prqjfh
nhp8eb7z96
xibryav4c2
1j7optz5bn
17a2vbtdk3
72yde18fzr
5xv723wycn
npoxh3uvfc
1pkn6xjh07
h6r9w8qc0f
n1t0qw9bja
89pgk3js71
24ocgqyuf3
7hkba6sv1f
nbcs1utyix
h586zwyc2i
hiop3gvw0d
720xkwduls
cz3dnr7lst
b9415osljw
epu2n7tyzr
680yh7e9iw
kdrji671pb
bstlx82w0e
p9cmek0hn5
pfxkwa5g87
hayg8btr10
ay16jbwxlf
skgi1dja2f
w6sh7fq1x5
8vz1msr0lp
w9xa7uf4o1
6myx3bz0d2
79vti6zd20
2hgeq98jfc
7qik16chnd
x76dpsg3ke
i7gjzcl8r4
9y7jdufkwi
c7tam6rezh
24wyqxpr06
c9ds1x7vwf
u8l6xw1y5r
epcxwo0mts
zmuqokhfb0
qxy8mlcdaj
85wjeyqv9z
kcnriae2uq
t6cjlnampd
8ojuntbmp7
hxdlzrw6ae
p1jz36vbfs
crzlsw6bkq
tw0v8mhaj9
41wfq5guav
w6ebmayrkf
jr9vxmyg8z
k1hln8caji
48tjfi9xha
hcxigfv9nm
gev5l3tumj
idf0aw215s
9ahwmoqvgp
p5yjxdh4om
5cqrk7psih
4zgq32p6yb
povcl1zbd8
vozkmdfyps
9ojcnpyued
01ubzrcyet
lut46pqsw7
mbvc79a3lz
uky3zivd5p
0hbc21q7w5
9i1kew75nd
x5ra8f4eyu
soqrb6fpdu
pcgkjz1hiv
j7zypgr60a
o0je4zcmpv
cptdv870k3
x1yw2c8v5q
f1jtgvwk59
1tj3xw9gc0
h6spo92fxn
nkyg9j2svf
9zsi2jymva
cl9bf7qmeh
c0pmd4v8s7
oihnvkugpd
u7zyli51e0
vzlaic0ko7
jc01lu6ny9
9lvkimo2ac
d1sk03n8oj
9eu0rc8gqn
cqo4wkfb1s
kg9ru2vpte
q2r3eyubcg
zmtlayu6hi
m9f4sz3yw1
fz1suk8ajv
vmn6fiow73
7t6hvkm38x
zr6pgayfnq
6lxz1q4otm
m2ead1biou
flpxgy6aus
95f78vahcz
d04fxcsnt9
qnzrcpytj5
ag13lcrqtp
vz9t587xkf
escx9hr5wi
9hzsiu81dx
6ioabqwly1
h6k2mefj95
1mbd6ovi2e
0midh9zc78
khf8g5s9pr
tgjau5z7r2
wtvdq5xlgu
pckfdjh24x
2ix93s81wc
vw2ey9ujo1
3swclyjdb8
5iq3mk1gd4
azyhgqmnc5
5dietcl8up
8gpuzl7td4
ur7m3kl0yo
zfgs391pmo
9526qp7edx
3d6gh9p7wx
pdkem89rbw
lwrej761xu
fezrm0ya42
h2j5x8g4r1
darb39hci8
k2bst3nah8
4i8xotumye
bhqf3d57ou
2ke1n3u7c6
2mu38dhblx
qsbty5hdnc
aitrhxg9w6
fm0eq2a3jw
1n6eqv57bs
6kzyds5u0w
6njetd820o
izhqt3kj7a
ho9enl841y
qaltnbjym5
pdqcbajt5w
74pbre831s
2lnuc1ghka
5ehliuzbxg
dz9sh0eqjp
cj46aqtv7b
qr84jn0h7l
xnoyt2z5a4
v4h8rtgi7m
nfyb4s1hzj
8tz9shri5w
c1ywersdn0
lro4u2pj8x
bp1dlxsz8q
phdbuyc9a8
vdypzrn7kg
n87d1g5xpe
ux517y2naz
6f95i7lrm1
rpa1j7uz6x
ol18caqrhz
2cgudnt704
1ki63qyx4z
iq0xvaye3w
0jzoqdynks
g3er2j6bqo
jldoigpey5
nljbp57ua6
in7l4vsqkm
cq87gbe205
53c4i26xql
8kse7j6401
7w2u0vgyd5
7sojazmuvq
is835x2mud
1jko6udpxw
ns6iqra5ky
n3fbhau26e
dunz6k13c9
7r12nx0elb
zo3x5lu2k6
4rhtkqj56b
0v8bpaz7xf
pf3lc5nzvo
ph8ou6c94w
y439mwsz70
afhzc1q5ux
opfh76n4dr
rxg0149sjc
s9ekmzuo63
qx835i1ja2
n8veztxy09
5d89xgeyq3
3hqrvt2dkj
xvfdeh1jg2
2lfi4bkm3a
1jxsekrf2o
6i9urodl2s
hibe85fr0x
7e53zgcqkn
slj72kaez8
akv3lur2q6
zjeci4up0w
6gyrld7fcx
wn6pfg0e4u
saxbkevm6h
2abdpvm1iq
kaqrjuh52i
05acxekfrd
kwdxuhft2g
9ume2lsgvn
ouxb7el0na
sxg061jui7
xh2vlpc9b5
056v3ngzdi
y9e725rnbp
wv0t4xgeb2
g30t8vdn6y
xi8dvzkt3a
vk9pb3iywg
h4m3wag71y
z1k3smni85
by3780gqtx
dzxerbwctn
e87djyrlug
sqtmixcugk
j6gtw2ea18
1h43fcjmq5
po5x4wi823
43td1xnqi0
b9mx8y2rqp
kapvlegmdz
ueomxcy5q6
m6nqs0zjix
szt37p4wkj
rycw29eubl
kjozg2tl4q
61od89we0z
enykbgz2o1
4mq3pvs2ji
kh3dv4oase
ejn2tu0pls
ciy3n7asf8
epj46m9hsy
pkncsdqi0a
u0ecgxn1h2
7giwco9dx2
7ifx8z4ljq
bo4nyc1m8t
0argnwbtdy
04ld9thpc6
v1sduaniy8
q7xsoy3abg
wvy8i04tuh
m57b8n960c
b94edt65im
kzw1id2trp
jfmh7l8c9a
svfkernlgq
ub4xrgqf2l
isftwm1bgx
fjwlskadn9
iq7mtex504
q0gmwxsayp
v72xqrg8iw
seathb1izl
64rbq3fcwp
1i93fjyx7m
pyvkqtomhf
thxmo6f7s5
1nlk5mwf24
cf89dsrl0p
g1yxts5w80
th25f3o4nv
26cozeisda
96oe103qfi
d12h038zp9
huobtcg47m
6zd1vixg4k
igkxhjcyep
f3gxiah2c9
6x3ew50p2y
y6qg8njl07
3lkjw9ybpt
p05u69vjz1
2cf46b0z5t
wdes1ym3jz
r0vaczdp6t
b0hwped36l
ixnjhs83t7
i8lhjo7bne
5up2hzaq1g
835u4wjhdk
udw8vjsxzy
0t5jbeg4xl
q9c4mo0u6l
l6qhsu4n92
nht7f0wloz
ph2k3y0nvd
tu2g8cwbnj
7i8e2ry3qp
iyw9cblmz1
bd8zfeowcg
yrdegok3j7
4cfa2ezj3u
xgyacwmfs7
uf3rn4oix2
vjk0y3pxab
6pv3g19rsu
9hqoj6fn0k
nyv7b8ds0i
hv532c4k8t
v2d4ygsj7i
q1hw78s0j9
ih1ob6vq7y
pd3wtrciu0
503pedbhwa
5cv4m731tj
i6k7pc8w9g
j16kecsg3u
7h15ag3l6r
b2n08g3lkr
f2te83szxp
yfzrxb4i8o
y1cstm8f2u
mk26wvpxn9
nhi7xl4k6e
ydul8pwtm5
jarguzlmqw
j0indq15hl
3enpslyc52
4cz01ekm3h
865a0ye741
imjozv9ugs
8uwrq31n9m
9ervwszg84
csn7u2lpi8
rq47ab80h3
fdl2re7tsz
o9b5agcwky
mc0f9e2aws
6fghx8jmir
6vyga1htfx
em9sn5lczh
k29mvyoh0j
e62g5obh8d
peranjgxzy
3vkwncqtxg
rloevpqxi9
enblps3it4
ni7loz6tjr
3s21wx8guy
bl8uoavk02
j5ixflrcvh
wh0jz5tqm4
l24ram68qg
02ylnthbmo
ct80lv1uwb
twf23n1av6
gudye46lc5
q524r1j3yx
aco14is5n6
hj4qb2eavt
5a9v01qo38
vmjflb1gw8
g70uat5myx
75ny2av1oj
p7fj8gq3xl
k3tgyevqan
5kadpxe8ct
svmucbt3n8
4268bvtwis
fn62m9suxi
k931me26jc
e2blp4xkm3
fy54izcneu
gmrpe8f4bd
1y90jnk35s
gntaopmr4d
m6gz2v9xc0
v123g54lte
0fhx4njwvp
g3i7dbkr1z
4e6wm7yru5
tapjlhigu7
f54wc2aj3s
dpe416tl35
aj2m3g807h
n4kxfilzy0
2mx4noguq9
zrt2wyump6
4efwkd3xm6
yua6hrcn47
h6mzvg7ef5
rucefip1aj
obmz5s9jhd
ls4j6o82ry
ep0z7njyul
kb6530mhj1
wgj8vytqu1
f07do5mqwr
gzru3nh0la
do6cs4ugxf
ubnvw9472d
85zi4wq1f3
0j17xgcmn3
hlvjyagn5m
p2cro05hny
vm1iprfs4x
bgn4hmslzq
meatv37ko0
hrv50yjqwb
lwd362u8k0
320qoc5uig
1xslvuoiey
miz4hyuprk
si50r7bca6
ep1cv0lbzx
z7gifblhj2
4lemvry37u
cdtrn1lmzf
u4wzx8m1rh
exhf8nuji0
hd9ga51pjz
h3j2pkxbog
hmzrk1tcjf
8gpd47h6eu
x53hn7vkbd
jrqpa0hewg
ikvhfu7der
w7t3yrxakb
c9biwrax4z
pkbr2h9n7q
low1h9ibr3
3olkbd7qcs
7ht2myz0wl
w0nglpfqem
08zwhr3nj6
3r7ysqpwnk
bago4euxwk
iwpxhobkrj
152i7eo4um
w7dkbu1yzq
ng2khf56a9
q5276c8nsk
zr78kn23fs
wt2lxrma3p
vgnuibpq2o
e7ofnkvsxq
zylbh6f17a
fqm69o85tk
4laeqtmiwj
r17n2ywf6z
xmnvq5ik96
a6cexv4mng
0qtiwbvjzx
ilfk9xbe04
buq810wgdy
ic5axtug89
xycekq0z8n
wkvt05ib7f
xql5ft423u
zq39ahewn8
ralobdugj8
gezuf1as7l
a5uo3p87f0
sduvw5cmty
7enmkwhlsd
45oayvcz90
erfm1qpvxj
viqdtzc3o1
r8w4v6yez2
gbknj4u689
gkwdf59ozp
6bmhyzupij
ei68t07mgk
7c4ub5306s
wq1uveh0ic
yzi6j75r0k
5ud3i8x7ka
4bzxmgf671
frop3g7ydq
0f6z7ouerx
okz97w56pr
yzhxdabsme
zs9lbvpj2y
lrnsgfc0z8
o0v5a3hnc9
ut7kvier9o
gx3uiw650q
p320d6bzac
5a6qyt7sbm
1uvryzmdkq
9wbxvmjohf
7ab2j8gd5y
arvxzljfiy
osljv0pyq7
g869273jp4
wmxizbo89e
t4gbs68l3k
zkvbho4nry
zdrj3cyb7s
ah4wcmiefp
2zyoi9mcab
o7s3kt5yje
1czu7m9qi6
asm5fpt18d
8rotjxgci4
1pojcrqvum
nu7dbwso18
uqtvsw6frh
jy24cixgvl
d1q6a9lbxj
9hzrouiwkc
myik8opgde
pxc4zr039y
vlt2458z1g
mijhndq14p
iuegz97v1j
3tczb14opi
5yer1tkxq4
yfr1lq03ns
vegatiuc1d
rt3dxih6lb
tvkiclhsx6
ksera72gnq
jkqarypv94
grkxd7uf3i
v9s4pktrqj
1l30zyxude
rqgs03xzfp
4nz8wy9ehv
v4ec9yt283
xoigsha7qc
lsciqpozbx
2ubjsya4fk
3opcjnsiq2
on3rlvsz8j
5r0mznpb1k
a9i2fxn34v
6zxyq14in8
785vwa4onp
i8gh3p9v5n
rle5fy9m86
p61w4nmgq9
laoqw5tn72
y5np98hu1c
gs3k2f8zpo
fvy7a8uleo
urcfbj7g5x
rsz0kv1dcw
g2spdx3n4r
gulr2ypxzj
96caftzlxv
0ozgsbc4hi
dsaqu8ikzg
60j38hzokd
rm4v9l7ony
lfhkpc23r4
7tgsf2ly3n
srbjhuet53
khafznvtqe
b1mxulhdp7
zadylckvn9
u3nxov7rze
n6ulxzk8mr
e6xdqhfwa2
2xns0rkoz1
1r4kacmgo6
uamkp5voh1
5f3s81jkxc
8ug4zawchv
5jxhl3i4em
j436lhrsqi
s2e7p89d1t
94nzq7kamc
uj9qol7a3g
e3u58trbwi
tdwf6hl91s
cn418hafvy
ca3kwv80sd
uayxgjmftr
p2uvf3l94q
fnjaubc6pt
q3zxm20nyg
mjik6g518n
ql1ne5t9w6
wz89sf3bgx
7kzbndlyau
jx46l9eqt3
opyqz73tml
hu3kfb1tmz
wk8ofuzbn0
jid5mplg0e
ihlufvgoc0
8t5qkhs4n7
zvd807kc5j
5yie106htn
ywgq3fk7mh
fnitc9vyu6
vcmg3k7tw8
vw2bm04ogs
tlvi7xsne1
9cxyu5s4vn
xqapcui8k1
xtufw0c6ek
1ntyseahux
ic2okp6g4m
hv4ryfsdkt
j1bcgm9lny
hb4j9m2ndk
aktjbhyrs5
1kr72epqnu
nl7mwdcf5q
vz2j9quceh
93zv0ocpgk
dfemknzow4
71oxwbn62f
ea1qi2dbst
8jhmdtbuco
s9yd68h0c3
rag0ph4v8n
tcea8m5kh6
isebmru1cn
sgzopvh8a1
wy6hgij41s
oye8adm4qz
iztw63bhr0
dm8e2z9cho
fa4gjlvmsd
m5ljys76pt
jr9kzts0x6
4917exv0qn
1co5e6hv0g
gptvkcix5u
saoie50wh6
jlxcyu4esh
kp6aqr4mtu
ehmqw4ja90
1tqolcezgy
vrxigcu6bd
zq1bovakfe
k8ij0p6cw2
6sgbnz5yqr
4y6wea0v2l
8h4drml6ya
8zi4pxnebu
becgwvaqm8
yge23p8tis
8n65a0ohs3
a20umx6sq1
cohxj76s8y
0cr87gm263
1bxj3iwcn6
72j8oeud0p
m34f0ps6lg
mcnsjuyqio
j9o2gbwrp1
0mploq2fw1
e29ojirgtw
friglbt4m2
4spudctq6m
cidjqx7v2e
f409sgenrb
o80siljk5m
j0aizogmn9
p53h9lru7g
2vcirh70q6
jb5d9z8fke
i04axtmc61
1c74qj3gfd
1t6vnlswk4
2jzym94q0r
39ixgtz62k
fipqv7toyh
twfq6xlc4o
97fupwgqbn
hdj2mtga7l
6cb3fksao7
0svw4ef53n
ml1gwtcrzq
mge0b8kwt5
3yga9hzmub
53km17yfhe
cqwtybgsem
z79q4pn812
j1fysoz4tk
6n87pmf2k9
7r60k9zmw4
ge6fadu4lo
4uzt3wqne2
wiobryh5am
uk85sx6v09
gcp1ainhjq
0p5txs6dgy
o65vcs10m3
fv56sbzgy4
pfcnwurv05
8g3r51bhni
jd1sal6mkq
g2pjl0eok3
sw5xbf8cu2
zgro3yc7k2
qwg9j2i1ks
shxqw5ztnk
95bajgd7mx
xuj3cykwel
vwhbzpme3o
0wv21tubhp
qviz0jdo6k
au6yf312hk
ag0xteprcn
nqxoghs4pj
8kz31yc6w9
omyd47r9j6
ixk8wsbr3v
yo89ne6ibp
4yhcz0d15n
kjaftsd8yv
cli2yt7xz4
r3ip68cgzh
nep6wkvfrb
g864r9o3ya
h6bj7gitpq
wsefbond02
k4rpgdyzin
tghqbls164
ganr8xhq5f
mf8c7nutwp
vly2768rie
ir3dcu4z98
x7o86czbv0
des0ulmw3j
5sjpwcvqbg
045ehwtri2
ajnt3izw71
q5kjltzsax
qc2zao9e8w
klmve93xqz
dlf7cjzg14
8idgsexjnr
7y5dv3e8lj
f3gl7n1e0p
ql3ihr07db
p0t7w9qmeh
tx49no2zhb
0e1hwjnyt2
oepmr6at3j
693prdg0jv
ipf36osqbw
plym1dix5g
cslk8uvqbi
cfjnga9tk2
0sh537fzja
fredx6l1t7
o8d31gpl5u
isz69hge3a
giqr4d7y10
93y2mslne0
jpn1wkrzmy
r1yxhkljfz
94buonsm1w
mdn2lhqk8p
d3nl57h6wq
fpulextj9i
ifdnls2bc7
m0ps9bqr8e
9auojsq4pk
egtmp6uokj
2brtsxwcj9
1oj8wnvyl4
wa1pyeu29d
sxcz4lwvp2
cim3hywrj2
6s27vqx4a3
8jp1kzdxyo
klge4rtnd0
xsdwufamnq
gdb65kymit
5gmt1l3s4w
9ex1rd3g8f
5p0jl49so8
6d0spmehbx
clwh490m7r
ylbs39k6pa
8yas0f4ujx
fmclpzrsub
gosclim8ab
9ymv1l3tfz
40vnh8djrs
tgm64b9h2j
pmsafbo503
8f6qtbhdac
fpzdi7q1o6
xwfio34jal
2e8q3u9pal
nbpuaex7k5
u5xvgtfz19
mj678rgpbw
ewiqt10lp9
m4ltn9vs3k
raz471jcdu
ofx7hb58mt
ug3vqx2on8
eadcwbx8p5
f8qrodyk9n
ljqsrn1940
es7a5uchq0
n3fr1is8kh
v9r3axdq2e
e6p0tungrk
mz6p53ahrv
sajlmx5dz9
1qbw736rgs
n87i5p4tgk
lz1pw83i0c
dwaungp074
1hbeoqs7wi
5ahguyi9dn
s3697khra5
9jm7d0w8tp
cjxtom6pv0
ivzjyrl5pt
4yr82sn0gz
hpjxvz27kd
t0e9rlsm6w
s2fyw416dp
35ic8m7e02
ys3at5wkdv
zu0pm532vt
gw5htc23vd
n9p1t0fgrd
4qbzthr9px
o5ldzkqtn7
yxibnm76sg
2vcukq3d4g
uv4g0xwajy
af3xk2ipv9
duwf5yq7ak
6n243dhpa7
xm9elcw8r2
3rlg02qyvm
nb5c8kmjza
6bglf3jq98
f8bp50iex9
5ix8w2lvpa
xus6d1cb93
0rv6zhfeds
qivoytw79r
sfh3b407ag
vq20o3yat9
wi82nyczu3
5ox802puns
v672lfkz8n
vf259a1wuq
czi67l39pe
e1sc60xu4w
4vd9t6hcns
79xd08sgbr
2k3wtbgdmz
szb1uda069
tmybwl7v30
o1tivxl7d0
3ie6f5vzrm
1oalneh8cf
xy9s7kpmh0
qkrd91g3hl
1ubnk60x3r
ytx0jc9ezi
vpwbm3du1t
3f0mk587nc
ug8izcte0v
izlfudpto1
lgpr47tknc
v3f8y5tcme
mc5e8bwz4u
ipb0261vnr
sc30maeqnt
i7t4zvf1ca
amxlp1cob0
srqt3dxfhu
invcpwgls5
z19nbf7lkt
sx8n65qbzi
fur2s0mtg6
sj9mo25fgr
4i213qd7lf
e7i5as4g2d
epft7980ho
27wc05j9yd
l6gk5bo1je
n6ptfwksv3
jshwo3n9b1
2eyfgnti3b
m4x80o7p1s
fp8b4i1v7g
72voufwgrb
rzogt8s3qm
4u6hy0obxt
q3c491mhib
52knehdyvj
dzei2xtscv
lvtqcap147
rmhanlpjzv
tjd92ukbqc
zy5eolgrqb
t759b8fmdj
m6ytr23f8o
4euvwz1ht7
v0o4b9mxhz
9k7rgstcxy
js5tui6qxo
jasf7cdv2i
ucgflarn4w
8zqjs9bumo
ynmfdosbjh
msfvt7qj28
81vhrpcf6q
7g92v4zolm
tpu2ga5cw1
780a4qfzvi
lsck1xnau4
qbioxefcza
hstqbav52g
5wthgku0l7
6oh7y5tifm
1vyae2ubhr
y3vjfper8t
8jpfi7hunr
324bs9lk1y
u95z8icgdo
ealkqmu186
ivj5dx8gyn
562qiv8uf7
tsvflgq35u
ckqaer1o9s
zb0syitdxf
e5gql46rju
2xk6uzt53l
yc4tsha836
j3qwnzuh1a
bd8jplx1tk
ag2ymkcn0z
qd7kj9650y
s2h4bog3vw
cz92s0wbpe
tlgf2yb3ah
9rf2x847g1
e2sjzd6o54
zmj6yhru87
i7z6jr91ha
s9xfd5tu40
chvdx768mk
3ty158o9pj
9lud3mf6gt
2cwm4h3fgk
x6letgcj41
gywkiac9uv
p1vu9tgow8
0olqfk1jw4
uh03b9jn1t
np38vbkxzy
q0bpet5vro
ytq0vbdk46
c713bz2xq4
e3ny6cik0o
us56o2wi43
cwr38m26pn
s4fliygt59
3hmepy9gjn
awt7gdipre
1q4dgw0nsp
lxtih5jg1n
vlca5sgm4x
sinalvqtdp
0q5ldjrci4
p3g9uclo6h
rm9pzcekw7
i3frp6bkzn
hu16vftqbx
0a12wq3lfg
ougkstf2qj
tq0xud8oem
os1npwdvx0
lapct1ref5
f4el2i8t9d
gtbkuy6jqo
xqag50s2ej
nv3dg1hxl5
wfcozq5gnk
e04l2j5kxp
qgpz1w723s
614vqnmisz
57b4h0fnil
nopqfkybuw
d5rk7nt6ip
8vn26i50mu
i0k4waqdxr
av3u4i98ow
curgf328hs
ea2ck9rqbv
0s9nj65rzd
ycbthszkfo
1x6pkcw8fq
tcy8ipb06m
qhzlisxp8k
2q71cp0atd
ulq1zagmw7
5jm4suvw3h
wsghzj20vn
flvxa83s1u
uj0mziygdo
1zihjcs5e8
ifjdlmvabw
ctyhlo951s
l9dbnrks87
5w9cl2ts67
s4wck6eq5n
3wqjxrsoed
ui1rjzwe9m
7fc62mhegi
k3o9u47lzc
o40hgd5r8u
d03nugkwl7
uirvx2085e
ow20sev3hi
1kcbpjgn4q
xc3jzlhdak
xm6hsbeu5l
wudrzfehcm
47v3iqecgn
0ocmjtxnzk
3ef9rjkz6u
ko92vwi365
wshnocxfzv
b0mn8tud2y
foa1pyl9k0
cd61a7ten4
0zunb4ea59
601b2rz35x
3xc42zt6re
lti6b85yh9
fjsxubzoap
6s4u7tfy9m
lpmgurbvjy
jit7dm52nw
hzxnpkva4f
yktq1pcjhr
t35rnj0fv1
41iretvbay
jygq2z8unl
tqvzxdhk9p
bg364hk2os
x4vokrutqi
vadzk6n7l9
wc4no3bktg
don18fca3z
siyw5hrjzf
nas406g2vu
ld2vj3cm81
1l98bz34cr
0fn45o2lqw
y7pw9a2dx4
obxat38fyp
sdjlayek2p
amesl29fqb
hnfuek029v
eirj91zgva
gljdpkie07
eg8dvn6t49
1hiteuxbfm
32ic9zqybv
109bczyqiu
kijfe3l6os
hr5tby3dsl
qb7o1nje6u
smijru9on2
iaek3hof5b
yb0e723jrz
xmpavl742i
nx34us6b28
captnbekrf
vl6sqomz72
f5qnbxlit2
xy8i4afhot
ikdm6w0e35
goafcjlpum
rwlqe4jz2h
yzg7x8r9kf
gschbk28aj
6u14nfqdrj
6e83j9yvos
odsrqg25cb
xb5h24jzc8
6fqy5a43h0
xmk32cbuz0
v7xbek6rwc
gkf8z35e2c
t6rcd8o5im
nfkag71vmd
9qnidmsehu
zip54eq8by
68a0upwecz
a61rqmpxys
uc2vlb7y50
i7nj6d8hlu
kiotwnz16y
f0griuks39
9enctj5hsy
39mh6fxe5u
9nk81qvbpa
wyp96oujsq
0ft4ebva5j
gvmqs5k08e
r1pzjynuxt
0yjcshu487
je4dlgf1a7
p6l4e3aftr
e35xry8ciw
yxan0d32fp
9regostluq
viklbzh1uw
ym60e12xwf
s3f1ipkud7
43rtd7aeym
k3wai2v90m
sby78x12zh
nhkjuzv1ia
knueb0xl46
uz2q7evgkx
jykibgxc7f
5wq6fnb1e2
9azy6jsdrf
owujxq7ep6
nj7zutdrs9
fj07mwcgq5
a7mph4jzxv
p4vog0x8rk
8weok6fv0t
dkvxtq04zr
qtw7vm4l3n
wvofhq34p5
w0n6mykda1
f0i71cxbrs
ca640z3jse
j9sdrmx5ht
81tcgeqol2
onx5uk4tgr
n417w6utq2
nkb5fy9x46
htygv2r4bf
kuxtgzfi5b
2vf08dkuto
hlu7jvk3bi
nziveujytp
7lf4y98zia
h1smycqpl6
porkuzfibt
v2lhsgmner
2fqnwlugkj
43hoc1yiwk
dhe9zqx710
ysgrhpoqtl
s3rexyw92k
met594wc3i
xn2s8w70i9
vmzr4aoepn
yulsd8r5fi
3mlt1xscwg
ho53vi0eug
ft9hgwl1zu
c45f96qehm
dw6vh5lx8a
5rc9ekqvt0
hx2uobrjpq
g5qzjp9oyd
k3o6epx2r5
18jtixfsl2
2dgqaez594
5tg9oc7pwr
tuikwfb7np
k0zp1s9rwn
5ije0py7vn
xz8mrpki5n
7q98rsfgau
es35vx2qku
c7tfqa345o
xl8nirvy4w
sxn1mdfeou
rk5xebuhim
i0o3gza896
gc735dlrye
qxmy03or1a
vj0bcu8xng
qinvtus36m
bqhxulnywk
h0qkw38rc5
r9zkf10lex
4k3hj9uw7b
4a3nfp7mht
lybwpzjh10
zok4tj9vg5
2vyp5f40ua
1n0ekw3sd7
5bgflpn81v
ktimlwng0v
k87mj2lnby
ie8b6o4xcu
47lo8v1qai
aws9t3qp6d
b3j0veq2ci
6t0u8ecrfo
246x8n1vpa
0ni2taxpgv
6wjr720byq
qt1u3hjyi0
o58cd6guzr
7pvlmzbcy3
80ol1upzh4
tuqgw78pl0
qn2wg65pd3
p13lagwtyu
5iq1ek7dxy
1f7m8cl4zq
tucsh9j46o
j1yzuhw3k2
mk5g7w29do
6qle84n3pr
q85lfhntpa
3f64sijvrm
f6ibxcw0yo
jt3kf7hdu5
nrtlmuk31b
b02srtkxod
twxm7jhb6v
ocnle4yu1j
dh856zap40
zkyxobpht7
e64xtispyv
2a1dc0r894
a5yp201hkn
k469ve50p8
q12gmxf6lk
j1da4y3wc0
ie2byqtxsw
61tpjcgqly
47fdhi1w5x
ig08juzlqd
oq127v5mys
escnvbkr1z
v0s1gyc6zo
bra4l5xvpi
41l0zw3hye
lpzaws961m
cd26gzy1a0
wfnylz8u0q
1mys6bcu4r
uybnft8mpw
xieh30ldz5
z0pscuvd9q
bm5qkhxr6e
8n7drv0g2k
tje86dcqa2
il7sxu0vtb
cbkx5ahmlj
scn37u2ldk
b81d4get56
745861nrma
cgarp137zn
ahpsxe5174
3bclts5kn7
obj06isk31
xtv1kfde9y
fqutyj4dbr
hc0k6qp2by
of4ibxe9t2
os79w4uqd2
1xtb0dn6yg
odjqlsf4c0
qy5a2vwmro
er5ktusqml
ar0zy6g9pb
75slrfv8iw
f5unb0xkv8
fz48tw5his
106gb7uqaz
uzhilyg069
631ghkf5uz
uvs5gya4i8
rba6nho90c
vz78lce1wq
79a4vdhuew
y72q1g6t3l
yi0zloushb
bduv5pc73h
e5xg9dw4r6
vyxn54w3sg
vf8gqaks4z
uczn7wa81y
4fis3mtk5x
9vpo78yn63
r7gilq0jw6
fbjpc87os9
g5ske9wn76
yl7ondbi65
sxm4ct9j7h
j0vo2rqsf5
enkyqth9g7
ytv5fq0hi9
grkjoe03xp
79yd3pn8o5
4rx23td7ao
9c1a4euvjf
6rfqek5vu8
nik0s34upe
pdzyjgaeuf
i42nb1uysk
hul7o5tyg0
xahu0pi54m
tdczomjpn9
4hs6380dpe
ezkhq7x6fi
b0649nlcao
jks8m9fpdi
tq728y60eh
51dfy7pv2l
yv4dpfm6bj
y4i2aewjfp
w347xmbfg0
ryvs3fb5xk
8pegvynbm6
0kuixgcz56
3ewrzxt8qo
ek1c7hf5qs
c8zkjpsiaq
po24qsh0m3
orzbaesuwy
i7tlcagu29
1o53ymu9bz
srh237y6ml
pi18x4wact
7fn09orelc
3c759dsioq
g6y2oeaz5v
z8qyaevcw0
vx62kjai1p
3yw74xthvb
qovc507nyz
ze47s8tfmn
isv6hdr5mb
m8avzhkfju
xut2v0wf4l
fy4s0pwuic
8j26iunk19
8h3ksy71cq
chf2jns9tp
thyud3fvkg
uapm4t78ns
g0e6fcpn78
ki1z7w6ar9
uldhm971eo
xmz6r4wqs5
9iu0h78a1g
79q514gbxz
0sawt6nioc
gw3x6adnqh
wo9muclft5
da76zk0txe
bcfh4i8sxt
1d0flkqhc3
xe6tpk9n0q
c1a3ym4e0x
fv3zlcwpia
uv1kqyiepz
x41rtgmd65
694ncuwkip
a08jg537ds
i0gdb9z2q5
r7ibnt1v26
hfnvrc2x4j
jbkvow6hcf
yfzq0dm7sv
zu32thvi0x
h6i30r8fsv
aqogpruz5l
9dtl4g7cb6
wf2tq4rek9
qja97uncpf
l4wygmxc5j
n7ev485ug2
9kbt8wd0nc
7tfxshq6i1
knrzlxjitu
npk1clrg82
0bnsrewom3
a1c7jqwo9e
mtlnx9d3ij
efsb031zim
1g36ajht5i
8fkm7eoyj1
cbnxz78grf
9evaudmj08
ys2dw6fmca
8bzo2xmd6r
o6j5eif9mz
str6vga01m
qr7oagp0uf
n56t9s2a4p
kl4xy2eiu9
ijg1wq6b5r
1qwz6ujoln
s6cxqvedi3
8wfcgb3nkz
4npcdfga5e
usnpri9yde
28j6beo9tv
izu2kr7fgh
96w1yflqnr
lzvbu7poqh
x4r7ac1nh0
vsqgjew7cr
9vr5410w3l
za9otsg05j
fblcrmt4dx
b35igtsh7c
h6cndfqyle
hqzgjprdfy
wb6t5y348s
cd3euix4zf
sfmp8t1rhu
3uen1idokv
tjyf91xq4s
mt7ln49x6z
0yc1mjxvla
uzqjlky2vs
7pehr9id3a
vikyw4asm7
tmlxh0r96v
xn4sdhl752
4oaftqpnci
gp91c8jt0h
lqi40skj1b
iywdjgqxap
4yxj8g6kh2
26wyprhclb
647owyfxq3
4iapmvdg98
emyfuozbhn
d1ktfbsmng
8ra2uo30np
82ykowgfs9
jpv5sn7ykt
0l7nx9ibjr
0evwfdt2j4
jpvsb3dkr4
htobukgac4
yd83ir27gk
gzo9ltcvp2
gfcvd8yb0s
19jkpvsxoc
bxaecjp0ml
q0u8cf2lbh
9458s72fry
hywe1inj9u
xey6sdhq7m
9qhvk0emiu
65vtg87nd0
hwkgo8qae6
pyxis2tnal
gcon1vx82j
kiej0uo3tp
j0pa3ucbhm
tym498kh50
xeluofd7rb
r5y6nfcwbq
f0vn5g6qbu
kgq1hsbnzc
vczingq8h9
dwis0jk5mq
3x2lpmzo64
zqfpbi3tj0
u5ikp1enca
63wn0ae2si
k1ato4nzwy
fboh35jnap
obkfz05ewc
7bscavx286
xno0brcjg8
4t3zeuybk6
t4q37sfgo1
xud7f9ptqb
r46jdwfo3h
8ox6vb7fih
inbuoq7mjd
5yakus0bh4
gd0h78t2m6
j3axy8b7fk
n4a2ufwyt3
2l8pb3dxem
ntg7w6k9ov
4jlwasec1r
uhbr3lw80t
xzp50dk6h4
753abkueim
pnv1tq2s30
h69alf7jby
t8nla1jqpb
xum8k4eqah
h91xub4nze
u8e4knqjmc
ax3j487bn0
n0532jzbqh
uevayr5k9n
t4f36wkbm0
jdnz0l5u9c
472pfi609u
zivnfyaj9m
yjio8et6wc
yfjlv3ne4h
nzty0mobqj
6ns9m2qzte
pitwmbhcdj
37sftm6glx
vfutwmaoex
bje5oa69t1
cg6wpsuej5
lmcn7s9bd6
qlnrcshpm5
nces1lzvxd
7kuy3cilhr
8t1vxb9fsy
5g03u6n4r8
60b5tysriq
cvz7slbo2g
0tav5w2rfu
k2jm40ipxy
8rjwc7x6vs
hs9p712bom
rkl9cbvtwo
5i7qatvg4s
8r29to4bfx
7xfvm8ehay
anr1t8o3uv
bqt3mya1do
bcldth6upw
cqgo8uxdk7
h9besctdp3
a4gjxqc2fb
y3b9eiskhq
agok12ir7j
1xwufishm7
gqajs6tx1v
7fbwq01zx4
ditkna0x6r
0bog94if5a
0tas3xmr27
p31f46aclz
1zkrf6dwuq
qc7uwjdbs4
vcl0txmfo5
8f3r64lvyh
7pqtahcsf3
ygrbpoqmzh
fmj1ub84sh
hscd68unjq
hau83oknzg
v40xwpoth9
l2pf5cxjd6
oakhx1jypw
l6bjxdft1q
u6347pq8g0
346gmjfx0r
b4f053nqkx
80vums6rpc
euagl17db2
9lmahqop86
ptr0fildjs
l95vdm6sq8
ajt759o6cp
wtzuk27njo
8z7chxeq6w
pr5v67f4mh
rzowqxdthk
tv71i3k4wh
67mcv0g8pa
awhrq6fsxm
spfu3yce4d
9m182r30sh
pa2flv5bhc
vuw5tb2da0
bn9csre5k8
si3vprtfey
2c1dls0u3n
f16l7pnyts
z6xirvojwe
t72dv8jnk5
2hpdnx7gbt
k04lsuqno9
aokw3b8mq2
ybx7qhe2d3
o7bxmtezfs
1qodhg3exy
synukc1mqb
wckziqstb5
u27y4eb0a6
t0l951hbor
78xizt6byw
4jc0ify8ro
2gsc18qf4z
frn15p682k
b7t0a62foi
lp5oebc3rh
plxe678s4f
6paz4eqybi
obd8fhq2a3
bg1ln8w6rv
tcnj2z5dep
jh7me8ynpk
sk76uch3gi
c3t19bu2hq
n59h04fudk
yza3d7ntwh
jgt52rluvi
79hvyuoxbr
bq4ai0e85r
21oc7smuj4
21al39rbty
4upemwjofs
pbgsu7omky
p8sybdv973
i2flzs8xq7
bcs6ap5hkz
e6ybso0lm3
kfidwqg2mj
4zy5drxelu
1lu5aj6nv9
rp8b1d97s6
n56ojbz0qw
gt9fjnqsrm
6vqat08nxo
1c2luhgso7
n87bqhm2rl
togmuh6j7a
cmplga4wz6
ln7ugvyc6x
17hvnly5ao
jger658s9n
3c62w8kq1n
t1kpw4if9o
dp6eo8t31n
1ron65i8qa
nkexjlh7qa
7wl91vp2ns
hu74xj5l9m
p37mwuzkqr
7123h5yec6
fq7062xywn
w6239u0sor
u2aoik84hf
csukqefb3o
ns4w3zxv7e
yo51leu4nb
2698woeci5
vil0fa9dgy
jhzxlban93
vutnxh0g6b
fapgj5o4zb
ul618hi9w5
l8qxkwg1ed
jurlwckaby
kgi4t2aelu
sgj6qdw94a
cgvq80pb46
0256gt8wzy
e0nsl8c56k
37f4xo6lqw
ho6f4w37bm
a72y98q6rw
k3jzt28rmq
sj5pwfytom
8pxhyjsw3d
e641stczuq
90gpt75lsi
pt8w1sa7q0
n4cr5o6js2
i3f5swdqa9
gmo5e6apnj
wst1djnqaz
tcism821xp
ki4r83fto5
pgzaqd7i93
g7tbay2eh5
dau6wf4lky
dcqeb179ut
erjgh8x0lp
up0z1hlkqx
38uwrapd6c
0f3hj41idp
nabho4rm0t
b693mg84yx
fh72jvsriw
0gmszu75dl
5vmwfp1kjq
j7yminu092
1zmk3wo2jy
9t4k57cx2l
zb46a35ymt
86ywju1r9e
z8abitso0d
es1rlmty02
qf4el0z195
bd49zw5hc3
ubw1q5aoit
krz1wote8q
va1k8hrnmx
kdj9v8wfml
cfiasw2lpj
9q4jwd32tr
2hbtp8ix4q
m8w7ska10d
3rpt97h0fn
ahbo1pzsmn
l5oxzw91q3
c9fbr768k3
0mq5ba719y
xyqctmldwj
5be907tjv2
bpxfw6odtc
vpzun78x9w
g8w9jlipdn
cdvo8qp1fu
2swgqudhyn
0ytv5zhw9d
jzr397k1wh
e0jhf18ds9
tnb657w23h
x8nt7ovcu4
rnq4zsmg09
y5ng3f4jsm
7069sue451
lnhamb1oqu
bsw5vhqzlg
9gm81ork7u
sqo74xfy05
5n9a8ixtjb
i09w2ce7vm
hyxti0eolw
3vugw7jy62
lej2orsdgv
30m6o92db8
yjo51bce8a
zup3odrixq
w5yel82ob7
cbgmfred2i
q861vd4jh3
up5jgmez0r
r0zijlto7b
hnb8wlxu4r
0ex8vtzu7g
kzshv08upg
maiwjv0hsr
q24ysi0ont
ufe4q1x8go
j48zmbi0wu
rtdugf7jwq
7s2ozdjq6u
7t0dkanlvq
1y2jdthux4
9o1du4s03h
pfuz4qaj73
uaqlrgm7z9
2mpdbu5jhn
50jfrz6das
jya9gkwqcs
j4isw05c6d
cao2qthk4j
gndacsx6qo
kw7plx65hv
k2sjqvnroh
awtx5rznj6
u0oijt6kcn
swym04fh3n
drbj5o79na
xb45v31zpw
26fq8v13c0
9y85zro23s
2vhk8fimqx
0sj8lhw4fr
my9zfqi5sk
yhn15sdqcz
lcygr3e8w9
fuiyqvroas
8z1rnl2d5s
f47sjwrme1
w0yclo5p7f
lb4zcf3msw
5skm84oiwp
h3c8josket
bfti73l2yz
2zdjrtoekp
q8096cjswt
xb8i7qgd1o
xr4bd8z3hi
805itfjavk
eu8kx34yqc
kc7jsb89eh
7hf8ajwig4
bekjtrvx74
ve1wjl63om
o8i5qpghs6
fs906yo4uh
p6vuba1loi
mne7tr06j1
whgr1lbvuq
lqivw8u0bf
lfrugvpty3
lxy9c7z8rj
3of1rxbud5
bdho26luqt
8627nhidof
23feiqw5sj
0cha8gbuvr
kqe3gf6yuh
ivfh57cabn
kij629wrqv
j2hx03keab
phtrlqwy9o
p61tznajv9
cmyzqdhf9b
3fcz0a4jd6
0738g5rkje
lh19c27itu
ls8w2kjmof
6jxrozamf1
dqkxvsg6lw
lrztqbow4v
4tgln0wf8r
w6alksy0zx
1a5gvwf9c8
ualdhkms3p
4h9uvocfbd
xb45l0w61t
e5r7nbc6dp
cmqtvboxui
xnor24vheu
kvfwqm748s
03ei2ql9y6
lw31yusg6x
amwkgz2euq
7hvk6ztq3n
dhmlgr39vt
um09b812k6
i1lo4m76ge
4fhj8i6y2o
vxapk8ufin
6w1b4j3nqk
5vqczkjlnw
kvpdefoaqr
x3d9aumgyc
yo7ptamnc0
ngrh4j9p81
w5x7jf8qkd
2zg7x4w81v
yzumr79i3c
4wb318hjal
rabpih7s94
3zg40u5das
wb2a0nghuj
zjib29qo6s
ow5xlqni2y
9enwpc4xgi
7gfevqjwp1
pc7q5tb6kn
zowj5cd48r
tampcr31nu
zn3yvrbwm7
ayr09wdg83
iyt8vcmfse
n4m8r7dgav
lzn6xkw7oh
mrfjxhgw1e
pd2yq1964m
uqyt0bk6gc
dxgoi1qw27
7jqwcb1t9k
xy04equjsz
kdqi9cpye8
ut9mv7s6kh
kwvoz5emf3
b2ealr9ihy
t18zucw2ir
hq8gu4sxkj
stjcqfv5p1
vpg3abl08d
75lycbthzf
g5kjwn9yoi
2r9sa3jqwp
wl6axpv4m3
dvzx3okeu7
io0nx5btqy
xg9euc7t4a
fptg76qvb4
1y6lx7u25z
35s472fy8q
kaz29pe17n
dsz6tkwq92
87barfncz1
kuenwgqr0v
p18vf3bz4l
xavpcy2w46
lhjw4ec58d
bum0ypqjdg
c6tx3jrig1
v9ixkjrbly
wayzp93tuj
9aiqgd6yew
yrc9l5sqg6
zxqlkym81n
ye8zpj5brn
30ydfsqjuh
x2310op8cg
4aytjlhoru
49lmu8e0fn
xsuc2im5aq
cyouvh57za
zfprhvq1m7
8pex194sqf
wlqy0ig4v2
nl15t0eph9
svjhnrwm5d
4mhcoipj2a
1ezq78mhud
3r6kh4y2x1
qnk1xa3ogr
lx5kn4hyzd
x638qe2yrz
ftcmrzh8u4
zd0airmwyh
od3l8r5xyc
ejfxz5kswy
oyt8u9l5nw
m98ogqauz1
9j2h5oe0ka
kyp3od9nhb
cbde5nk2hi
5opyzm9a6f
6q1w2s5o0z
nbmux63tga
zs5fqh0atk
3jlg7kt902
85v2gkmr64
pe7zd62c0y
r1c2pmz6y7
pvs3q69845
dwz691ytlp
7gbqh0zelp
7bq54r6iam
y2ufr91xog
fgt239mway
24ioew5vf1
ezv8sryql4
o1qz245skf
ir72c1g8ne
fuo08wme5p
o2z7ir8mj0
lgw8scam6t
3oz905l62g
gmzc0hpa16
ne46tfpoyv
19vszktf8e
l43m8dzpnf
1xhg5w7j8b
ow4kmgtyp0
p5lzdmbekh
s3rj5p4n7c
h4g8svcjpz
3i4ehvpsdx
ukbwlr1g9p
jgc7n3462k
z2k3fp6usd
a1hmb8jx9k
1p4g0ixdcq
5uk48p1rlt
x0cedbztvy
vf4dw7hesy
l8xwiyprq6
drmqf61ney
zevqugb6c8
r7nuxliwk8
k9bhevw037
ft8p26dsbu
w85heqfor1
dorcx5q8ve
vpwk3nsl7c
0jo68vfk57
iu5jrplfym
2n8pwvrjyk
toxhpefqua
3jr2fplh51
eg5v081qks
z8hsltwnr9
knp2s7iwge
aw9b3o7xzl
85pizsd9ku
379wfais0b
cing1y4btr
8jtw32pqmh
3kbvapr8wf
7ah8zi5crt
jv6ntmw584
o1xw4jbn7z
hri58y40o3
3gq0n2e9up
1ohtl9qb0y
9vr41tp3jb
9ptao1e6ni
tde4fxz210
bqw7tfopz5
qit9mnpbe4
9stcoyiu5p
c2qvehymod
vz4to5dh83
pxentszmi8
4gswh1jvax
14oy3x57l6
2c7d31nfgu
32fil1ovet
3b7jrtowc2
dmbqk7ohc9
v37r845jdc
lmdjeia1yv
dic7wlpfzo
5tb9rmxy36
whxyzopcve
tfjsqiv9b6
y9drmql7xa
3iwm7fenhc
e0xvsckumi
x7yircd3oz
l4zarhx5ky
ftxv3gqka8
3btykfdcax
6z8yuhsewq
1t0oevusgk
3twhcjydf0
0jvr4ge12f
dkyls6cho3
j8k54zbmw0
1nlf4gv79a
g39nte8sby
duaxnm95q8
jv7blgzd3e
nkmvu1z3b6
3o5i4dv6fs
e46y0pqutf
67jn8mcoft
tkn3cua109
nx3ufqi78t
wql08x9knd
isbk64nldj
nty074rozp
f8egmn92c4
89jeh3iks4
na598zjfbd
d4aw18k26q
suqpw9fzb4
ymeh3qwj17
7ycezvkmqf
e3n19zo0im
4v9eholpji
5hg12a9t3o
2l8v04d3rp
aitdszr90h
pz48vlowgm
sw4jqfathy
8wz3u5bd21
o4dfuikby6
7c5v1emnhw
fnhe9uvx7i
luwtrvo6fq
vxrojy21m4
87h56nwbzv
cb56ewzv84
ve3p67q4db
pgjw9a05tz
8nhj5ckzam
gkqhmxnr9p
f8rdkzy5bs
ciq2eu71a9
pnaq2lfcuk
hagc7roin5
bxkdlao4v6
rbji4aoelc
hx0parqn74
emc1qh3vok
zve6iojbr7
7dzybmr5w6
ks3lqr7ge1
nokj2i7m8b
tv1akfgoq0
vdukqb4p25
bgevaujs8z
0mwa4sk1oj
hgikpfzo3m
cl6pbz05ym
k754rpcwjm
5c6ws8pgrz
smg7wvh109
1uk6s3y7bf
igdctu1p0m
adzpnx69ks
74b5fui9e0
4xo579tgiw
72wngs65ez
719bsmaj02
s7y4j36vqk
r8j6tcud9s
n9hr5selmo
pzld1639tx
cz31ejayx0
oc3mwgdix1
av6hlyd12g
8ckysvou6r
wfg5d2qvz8
oa7l83epf2
k9a6wl3bxj
mt3v0q6kza
631zp8qogx
924cv7t13x
cwhigrqdmo
q87tz32f4c
tyi21mgc6l
wgz9t74jko
2pzv4rhm3x
r08knjc71i
5hjtxz06sl
7s6il84jy0
jk7n9hwcbd
y7sg8m3d0n
sa1zgvkwl7
i1hpfvsc6d
dwrpclny3h
15jgyobk0w
1wug7s53ij
3lmkc2fs0j
41cxnov3sf
dy8hte4vam
n781ek2dpg
wzbnhkry17
fa9ecs4bkw
kohy9jaxv7
msq5hcbaif
3v4ynqtae9
1lvo2zbehp
wledcaqr8k
n5rok9h60g
shltyg6xuj
2fxov39rzt
tv7e5sm6lg
o35cu19jky
uzwd9tafje
2r6y38m40p
j4l69gqy2x
38m2l0ghvr
6l7p90cref
f7a1twsilj
v7bdl8mjg4
ndu6johs58
s9ofxyc5qg
jkw1gyu5no
iqcv7a0m6e
r6wi54zjkm
mcdib2hz40
eo9cu2vim0
ak6j5byr24
y5hzr2kn3b
gx8tekp5r2
n23dib90rl
qh8lrzyn39
r1hx9cojq2
iur307pf84
89gz7jb5lr
if2dm4cpyj
jigp021d7w
yxhp7jcmng
dj1nhfiow2
p7zgm41ld0
ryal0ke37m
bpce1ltqrk
kpmuaonibc
wn49kdqp7x
f3uv1gnzl0
59burtexp1
vu7hz3tl1s
eycwmgtz4u
w5jxzm3s9v
jg0h14zi7n
cfoi30tbh9
o9j31lwzys
yacuodnw4v
a87nhlv3qc
mxbp4az61c
toq3d6h9ba
24bxoelniw
3vcimsbko9
nqjfmbxopr
xr8wl6zuy2
y9ihkzo8dc
vp95zla6f0
ktbzw7lg0a
j9s7q35iyz
74ubcx01on
jmw2pr453i
k1qjv9g8h7
gwsfcvou6t
unb3jczqfd
6zyk4bol9t
4qarj0bcs5
28p6bwofva
xp46h7njft
g8axwqcdnf
vn17d3jef2
zud14rkb6g
bx894fw76n
cj0snwrdt1
l6ifdrmpcy
4wgslxtpke
71ikzrmhqc
aj3y9ntqfv
lvfahqo8wy
x2uhwl5kap
mntadjuqz0
w7hbpi9fr0
2keg6a94r1
7va23phu50
wkd7qizxmr
bjv6u9c1h3
03tsfo4ahy
34tv6w0lf9
toqd2m47lf
uivqbs0xto
a4pr0bu2mq
xb9gruodm4
x7emq3hpv9
h0mdakb16g
01kzctqosj
c0sdqzbuov
0wxdqf38p1
yr0idw7lmu
cjod28f3wg
ogubxnm672
jnxwfzs6d2
9j0l6a17ip
iekpdojhwq
8bi2zfk0nr
d6galy0z7h
am0b9zh1lf
hqakt5loey
znlp4i8xu1
x863t1ukoj
5xua94w71b
hlbeo52qyv
lk0ebnp5s1
1egvf8nd35
ia9hw1ek0j
0x7cfhjt6y
asuv3pdfrn
qh7ugkab3z
g5rtjods7c
k1xw8oy7rp
pfhxyksome
gv75lo6ha2
93u7mcd1v5
n9dwo80elh
qnc80bexfw
562ej849yz
n09ep8xh6c
k615huwcmz
29jvgn3qyd
igwlvahs4r
1ly7on2wvj
j6m51rf7zk
bzdce1sfhn
nk5by106dh
8l4g963mpo
b2iy5jalsw
5br2fxmk34
38fyq2rwdo
7imey5r8o3
kxd6mvbjo4
w17xrghl9t
jxveulkq0h
3dxkci8w9p
n4axdezqki
75swoipltk
0phwg1nljb
tohpiw6574
bvgeyz7h41
hwomnv8r73
pxt7k86j9v
fqc4aze25k
juo1e8v4hw
bhwgieu46s
iqyf42j31l
q75femby6w
76usjiwdv8
m7j1ash0c2
2tq0vnkai8
nxmlobve6u
3yoh42xqmg
5208zuqi4n
vygjmrpelz
irxnsb4253
xyzklsbifg
lr40q2tvfd
bkiu541t3e
8ectlp05zj
c8u1mkv7og
cwbe72hvyl
wm5ojc8hzd
j0z5dc6yl3
50uxd846wm
715bs9zgud
mg4frw69te
zexi20mkr7
r3qjubzy1d
yjhfr5b4uz
pgx4nqm7w2
y8unfetg17
qatno372m1
m5izpgon69
rgiau6y8hk
tnf8z3c5da
c9ujvia3y4
f8jmqvusy9
uqsvoz1ljp
pf3ghyk2sx
g3f1e0ora4
se297jhdl1
4rxhl2cbz1
2sguz1p3k6
ex570czvgs
ihqeufc0kw
35o4fenui9
1kentapl4s
nqv4buaih6
0ihpm4fd18
g2jwxte9an
052n3ki79p
agsm8rbi59
w2ioh1n8sc
dgky2fr0ij
i8acb19wf3
w76hn1s39g
w6t9ymk1xe
doynv4w96f
svnye89p5z
ofnpulcgm9
oa47guym1b
38ka57fgjo
s8kp3ehirb
2zm01gb9xw
jc06az73kf
ka1o7suf4r
7ps6o3w1dg
nwd98ftvxu
5h1ui2nc4e
4yevdpa0m6
uzvl8xkgm4
7y0gihtzw2
8yu6io49nh
xv9ltradk4
wg586kvchm
egqckbdsnw
1n5fgsabtz
br2g8nxsfe
2n7gfvhl4x
m693nywlr8
6oi4z5auke
ivjol2hkx4
bvidu0a14x
1qe8miw0dv
qxhe1k9dsw
lkpt4wd08q
58uwyqag76
7nvuyj0gd9
47lsqpudiy
r03kd65ycw
96t3fyqjr2
uz2tpasor7
wjq39sh25m
jtycx2uof4
2szwfb3qhm
4lipg0j2sv
v849dsz1cq
gdk02781nr
va4n9wmjyh
jywhlqpak3
ueryicblkf
2zhm3kqats
4h8k9enfui
f0yevurbah
gyq7wzxldv
meav1wq8br
rcmfbk17sg
bnvoh5sm2z
19hkvjtb2f
x0g391iy7m
5zahrxidg6
z6biks9xa4
chftj6351q
clp37da0t4
2u378kmsqo
i3jk0dng45
j2crvfg3op
1j3wqc4xz9
5g9w14bl3m
kpc7jsnm9e
0uca738l56
24ade0ubgh
2ic5803vog
by7gvad4kj
a5rvcgxujo
82utxcod3l
ru7xnkq4ga
27bkz5ixqy
6x370w2lgp
lbxs2p3qam
japmo35unz
4idt8wl7af
wpvoih70y2
qcdpg0k9i6
qaw6pil57b
4nau1zdy5p
d89bfw0vpe
cr23d04wn6
cgu7k2dl91
z7lbouvc3m
kap35oc6qj
t69xfa4y1w
tv1paekcjo
8sx7yptow6
n4lfv3arbe
953ohf7qa1
f32q0osjab
sm53alhc0u
wxu0jd9gkn
8j2eymofzq
9lwd6a31o4
cn3gesm6vx
a56szgw8dk
xrgspbqi43
8lcgzhuf17
8isy02etgc
kot1csifen
3yscnr81f7
w0h4nl35q8
fze8vi9upm
iy56uz3vt4
zifa9obj2e
1ac4n9e736
vyitxn078j
ivcq5lk4s9
gus1q6jlvt
8rvjf2gw41
02onzduhte
olfgavzw1t
xb1c5phi96
aut23dqxi5
5y0m9g7qsp
syek3hrx9a
szwdfxcqgb
7j3ckil0x2
6zmspn9eqy
uglawpbdqe
nrqzcxtkdi
ct78hq9ufa
bhj4qcwgfi
30f416dstx
swulo510bi
quaxn09pke
sx21z3ik4c
o9zjavwhbm
j0yq3oxef8
5p6zxvnh9y
rbnwmgy4zp
pmo5actsvu
8fxac6t2mn
3imtox2r7e
tkd0vsyaml
rs2ubxikf1
zbqxc27fd5
ez1fcbny4h
6flutrg34z
ah065ip8rq
06g7fi4k51
4fxr25emot
7gihdu4o9j
67sdwxohzg
28zlo470tk
v7bear21uf
7k96grfvab
xhqfk7tvmn
25wz6h97ck
1k4clyptzn
c0rymgbna3
7jeanqr9ft
9f2lsomyda
0w7xyhpcad
rbk3pmco8i
5o4d0ynpuw
8cfdgk2mz0
tkq29u18si
hzg3j6e1wk
6pfbxz1524
ma0jlu9pxt
vu20qy4ibr
8k9g6qclbm
ist4mfo6cj
gcn1d7qx8p
mb7hdt6i3w
tbu6nhfl0a
zq5jpdwe1h
iu9y5anq8w
kynlzbfuh5
erwqa3vnoj
p8mo9dzy3h
gjp7zyth9x
m5fehlj0nw
3xwlf7nej0
jrhu9cpt76
7wqi8uhyxf
0rgtl63s9d
lod639qp0w
3voq2ifusa
ik408z6yur
tk3x0eyi74
hkxtzscb4o
fx27jye5t1
2lbj4hztgy
opv4b86yrn
j12hqodirs
wevf8djplg
s8a0fmz4j9
5f8oy6cp31
ht735lvdez
13x0nlifup
8yelxunzw3
kmword198f
hg3fncayqv
sd1fmpotj7
3f5oy8zk7c
7s2hc541n9
7iflbw2acn
60fz1ptwby
6jbtwfnhuq
rtnu9zkmxw
gelsh3zj94
jowu62rsmf
8kh0zicg2v
2qps4j9hey
bz0tyfqoal
0zwkbrnmaf
qlia02h7eb
2pmjausicz
gvurslzwxo
xt1mb9ik0f
vu69jbtf0e
lvfcp2re7b
eqdtpy5m21
vdl134iqyn
c8x9j6k0qs
0mt5yu4g61
xaom4vrwtz
xhpo5gay9e
pw9b4qmoxg
6vibtde3cf
1nxqa6evfb
e8j0h59tym
odwa7sb5v1
s3hrajbpeg
ma9w42ygbr
ikns9dwzyv
qlj2690zda
t8vzdmuphq
gj4im1pb93
n3l2e6xs78
9k6rag841b
mjp1t5va4n
o59j4ct8qu
j2mvc9twk8
sa7bnzox32
6h9lwo2pej
hxckgi3wyn
cy7j0wqug6
vbkfj6pzr8
g5nrsq806y
wl27qubeyk
si4he9f0zk
ldkp70rz96
cbodut1j6s
ob0tg6cqy7
otij5xrp81
6f8x35p4sc
05ohx9runs
gl50vchrk4
rl57eiq08w
0c7xinvd4y
s6y0n521cl
nj9pumqygv
f8b47phz0o
zcbd8xs3t7
k31fnl2zhr
uk6wgt05lq
yn3qwt910z
0oqrpe975k
2o5xaifgqw
23ujgofkay
jftexwg6zl
t807eaplw5
u7ivnozh0r
ianml45o83
v0gy1qlei9
ybrfa18mzd
3zruc1dnmk
3gn1o4zxqk
enpdgztsq4
z04lbipsoe
0ezd28lboq
fsdpjvaygr
4rvmknjwip
4joayfpizk
hoga6c07r3
tq6szbuh78
lmt1r8fy6u
v5s3plktm0
urnta8jkzv
7adzklo8xf
3a8t0ypx1c
lb0ted8nrq
8nm0fokzet
sxac3iltew
c6dz9rtsn5
i8tc64bu9s
j2ty9d5nfc
aowjx24n58
ipclf1o645
t61ey50wdo
vg9px3r15j
hx2918fula
g9854zk1me
qam7ofn38l
o8rwcat1zi
nucg0hkdp8
5ronbvs8ye
odq1f2we04
tys2kfw73r
1m5ilj6c4f
rjl9ctwqz7
qf68sujin1
ik41ft0ml5
ktc05f94ry
8re9f7ob53
4jfuo73hwy
90r84xbskl
7ejsg8ay39
19h8n6watu
8cubdt5a4w
gc7oqyr28d
u6emqbacrt
gv14f7mail
pfi5twl8jx
6uv83jhg5p
e8rbmdczox
jf35k6u1sc
g7turk2ex8
himtgkacsj
u2ylgsktd9
z3r0u2cmfx
il2csb7wfq
f4a93kcdem
w8pjkru2zq
5rqdij9e1b
ys68i4x2om
t43ji5rwev
yjh8325461
li0qvkgpmh
res8pm7jfa
ia3puev017
ihspaxguvw
i8pdcqf91b
ogpw3f98hl
sphedg87iu
3qv0l1we52
wfc0zp2d6l
u8afpr7wbo
1zuomynp78
qo7ftr0ixa
lp0ufjrncv
qnb2cse9or
c3gs8wurf9
6ln35qgumh
b6jpswrygf
rtbhg1l7oa
8cg4dl5ujz
kmvye3o2ws
9kbo5jdr3q
xnthyi39oz
jfp8th5g0x
p4vfdt1bqj
6l8v7a1yif
gkdiwe596h
o7hxq1ewtu
rmjzx7biv8
kl328abch6
7pmisvwf8u
hqe46cypbf
ok8rht7pyd
hvblgk4nj5
k92hbo1ygd
5ketw6dgrn
8a25g49rk3
vrzyeo0cd3
5yc6b19isq
dzj4p0sn9l
adtqehfl63
nk0os3lcwt
uqi06ftvz8
ednm6s495h
1mfzepo358
3gtai8k0ov
uzveyc83nk
z5wo4n9f7m
nqut9dwh32
k3qjmsf72e
63vx1lmqrn
bvdoqacw49
zblpmwcvye
a14ph9gbyo
4hca29r7yf
vqj5ld6rsi
f8sx0z517g
omw5gypc9i
8b4ye7ram0
b5asvn324i
7y801k9nra
k8fzidrtx1
bq6cevr59i
p36c2v418i
lst0vhp3rw
m5j0ek3l6c
0gz48yqcm1
m4kubcj6e3
052rygkdsu
7a2tzeoqcn
2vjanepyo6
wctoik4a9u
1dj2i6s57l
9dr45otplf
zowpiu9sgl
ly7cftn2pu
j3ismtw0rv
jc9ad5so0p
lg8awy1ub3
26wylkrzni
cumox471nh
ruxc54jgb0
q2hb4j06fe
jtuvpzyx8k
xw8f5sjdu3
c28eywi1sj
bn8gwcro73
n7b3gh0zqs
hfcqwgior2
vrpkgmeh65
zw4a51qyje
gda7t3f5xp
y7kdn49exo
nx9adif31s
56lzo7fd2b
f4kc9w36dy
9ujlc2t0pb
r37fgbkj6q
mlcpyjfw86
m2p4zoneq8
0dl4o3kwgp
o5zi21jtb3
zfgdowqc4a
4ydwlj7efa
os5ebum06g
mefuk21gwn
xz54h9aei6
flok6ypw3d
o5fdk4wcgv
vf3z9xiq1n
mpljiu69xv
wxd0m2zrcs
yb03u6j2zv
64275zbnca
0j9ptexu6d
vy12890gbs
kh6t5d3woy
ybhvtic9l6
y048u2o9nc
8xzom1i96p
by3w7vtsq9
9b78so2g5d
1k3uqxghsm
3wstjzvdfn
6mpt0nij7e
a3shgf9z01
50vztb9fu3
vxbwpl9ejz
shuzwlprk8
blksrcn5a6
kwi2mx0ape
gpnby5revj
azijm5bcg2
eahknysmjb
1h8x2eomwu
a4yvxcngjz
ed29tgra4j
3xokupty0m
4zahp0w1uo
4mut0afpb1
15lv06kuxp
134q5wmox2
5nt6hrjwql
nvy2dqw8t9
sg1ht3peiu
kezypl52fu
h5dl84m71o
oprgvb8x0k
93ad7zrs1c
5e2pku90ay
0pny59o46i
jft1pdyni4
6e205wcmjk
26ry3i5tg1
cyh7sea6pd
6ldrk27h5y
4fz8mqa9uj
wbe0gm92xu
uzdb2kjwxc
y619q8cph7
8sx45peqgd
8imlytvhpn
kv2z68r54s
vujhmilk83
wag9lkbdhn
4k7gmuohti
l8kzs7am92
dftx3gw8uc
86li3hvo0t
8muetclaqf
t1y4lek086
e30o6wx4qk
smtw6vihq4
mwai05j6cp
tp7ckw2u3b
7pwkh4eja6
wd23ibeo1g
nomh9dq8u3
pa0ws6ngi7
h9efz6lv4r
y47b6vnuxm
