ZJS
AFIR
DSO
AKJI
AMOD
AQF
OJC
AVHC
TKQ
AMOI
VIA
ZAU
AOFK
AABN
ATRY
FFD
CZR
AMDQ
ABCA
LPE
CPL
DNA
ANSG
WJP
MWZ
BXH
ARFV
ANPS
LAO
BQP
YXI
WAM
ASCY
ASEC
NEV
AROD
AEIL
ALMZ
AIMX
FWE
AQKM
ATHZ
EGS
QMW
AHRO
YOH
BCT
AMJE
EPY
AGZC
AIKJ
YXZ
QTB
WBY
BTT
AYBF
ANFY
AMMX
IMT
ASDE
AKAO
WVH
XYG
ABVR
VRR
ABRD
AAIZ
EZZ
AUKK
HJF
FUF
KPC
AMZX
AZF
ALFN
AWYZ
PCC
APUD
XYH
HVF
NTM
ABQG
RRJ
AWEH
FNA
ABKZ
ZOP
AYEM
HWB
ASEM
ANY
ALTE
UTJ
ARBD
NCF
DAH
AFMI
APGF
UVV
AMYJ
AIMC
BKO
ASEZ
AMXF
HLS
MYI
AJJG
AUJH
TJQ
OUR
ATHC
DFL
MZL
VDP
ABEE
PCA
LQH
AVFL
AEOS
ARTC
AITW
STF
ATAN
OWY
POQ
OT
SLU
YLY
ADFD
ZKV
NHO
AJQW
LAI
ALK
