31273
30818
23111
36126
12470
700
586
22747
42945
34062
25188
2511
40500
32405
5115
2833
18198
19670
12455
27471
31746
38353
34430
10425
34595
36430
29749
40653
4865
38037
32101
32340
29950
32059
23233
27882
28981
31409
31945
14001
22056
7896
20710
20067
42995
12304
17806
15573
4924
31450
39644
32268
23126
40195
37715
39390
34366
2028
1574
27961
7068
44468
3020
2687
29659
102
2521
891
3131
27674
41338
33364
1547
39924
22874
41362
16801
13667
13448
7712
24744
18698
36870
24094
3910
20091
21554
343
36257
32941
26384
28554
31238
43565
28245
13767
5512
25549
36721
38646
19888
10310
13239
29937
22769
15938
9752
32008
25027
12989
16868
31763
44930
38153
31752
37290
24854
12482
17053
15414
33879
19287
40336
21900
17484
11965
12390
38029
26194
20761
33062
10564
1356
40961
34811
15957
32291
41440
7462
40681
18044
21711
6699
32542
12291
34976
24662
7800
31028
21962
20346
39980
15037
23644
1619
42436
9024
28508
31897
26813
26493
33248
8997
7688
44243
42924
4654
31103
34477
12043
40089
2938
34854
5156
9444
35207
5789
29975
9189
24079
34180
29036
37435
39196
41493
24663
39420
41798
12114
5225
19735
2915
35285
7051
37594
40486
37144
35297
21649
37346
18085
10593
26115
45651
45747
42715
36344
39443
39681
7717
27585
8705
20568
23394
858
2003
41211
32473
10762
24503
17225
29090
35668
10101
32190
12240
38585
2409
20549
17532
14735
43510
19718
19529
22664
16762
7779
13446
37158
4533
8127
18229
37767
11495
40747
38338
43994
16298
21486
23837
28741
5683
45623
42404
35694
33656
2431
43954
43173
23780
32465
27232
32725
37222
32301
14282
2297
32852
20159
10341
2992
41614
11577
22902
40886
13962
30568
25938
33674
24588
44107
38716
35947
9166
5887
43959
42705
10056
10173
5854
949
32347
18564
21347
39097
19874
26299
43218
45389
37127
4323
20702
19281
44543
2193
22770
10074
40917
20824
42227
19625
34623
3497
22873
13775
33765
3019
32841
34288
12584
32057
29135
35239
45082
10010
43706
31256
45294
5672
20981
20020
44
43620
23986
13225
11349
41950
11912
25035
14959
35555
40787
14199
14084
21066
34048
13747
3405
5684
22783
17866
7417
31672
40371
862
33619
10619
16545
36148
23880
34093
14602
16701
15373
16464
6153
5224
3255
23248
31519
11925
45225
41218
2592
28153
35733
11976
9118
13458
12397
26341
33115
5182
43542
2308
18105
38321
23854
676
31230
39062
26532
12010
25521
9978
38169
36258
19592
32102
1911
45736
9216
44041
30694
44189
30687
24772
32938
7734
10956
21713
21886
43741
7088
15805
16524
854
43385
14045
22957
13222
31729
15186
26629
30430
35871
31531
42353
4713
41625
35227
39625
11467
37704
2301
27646
38073
13703
34367
22296
36854
25736
5863
45401
28377
14493
24283
25170
28403
35778
20956
32758
7623
16533
10219
45768
17168
37369
45414
13893
14662
43299
26662
32710
14569
35663
7040
5213
34866
35223
25855
33997
7048
4949
2840
36805
20296
1936
28080
275
9594
9938
769
22668
33790
28571
39914
16482
16493
44373
23175
40116
10947
44266
29767
8594
17679
35340
44457
36980
9133
43491
25254
27523
26325
18120
24411
5613
26128
32200
34941
8787
12657
1397
7963
31850
42861
45763
5361
15261
16491
31522
18509
41353
18135
26249
15586
33013
2400
34518
21278
2599
26957
10597
22437
16903
22705
6136
13329
38711
30017
37191
29000
17760
21853
3836
1560
35940
33119
35046
22670
42732
17776
31938
38022
36125
40872
16858
30195
45606
10054
14846
9865
10718
17946
25784
10939
38121
40714
4126
41478
29524
42766
5132
1957
34424
26173
8998
13803
33948
20417
39908
30915
30532
35038
1381
16005
44358
35916
5941
15852
31066
14372
1782
24685
4059
32
12251
35955
14096
16179
6879
17207
27104
23308
22315
5618
14562
30464
6033
1923
29791
22479
44675
8325
43712
25302
28895
37528
3018
3329
22215
5390
6150
20859
22162
12016
14628
38166
4376
4475
6766
43503
33802
12428
43388
41257
21403
39034
38098
34463
34674
18706
10454
30698
17253
3454
43698
42939
32051
44131
28878
33094
16012
32876
13590
21265
25928
40105
41432
2993
38068
39121
28829
23065
6420
18813
6004
21891
34920
4340
36044
3129
45483
26445
37616
33051
37406
4513
28105
15607
37325
31791
2567
30094
41514
6425
4069
45262
15479
12226
153
21613
10205
34245
41024
16588
3378
38035
45154
34766
4785
32606
11983
26050
44671
26164
37816
45588
13160
33705
39138
18418
1412
25130
19144
33044
38615
24737
9858
9608
5136
37177
643
8916
6904
42751
24602
11750
10551
21776
24962
20151
15639
22835
17399
45493
12048
18173
26934
24246
42883
5603
41755
30810
3682
19517
42946
6041
17104
44388
13999
30573
45121
42760
3807
22142
23442
22967
19516
35756
32905
32115
14336
27483
19123
25738
45574
26097
35931
15591
16101
2009
7993
12559
42776
4177
1497
44177
12386
11077
45281
15424
39218
1330
28099
927
13899
36862
16415
26142
3975
43550
39003
39494
27505
20163
26769
20344
734
40732
39126
13926
17965
10411
6144
29790
15067
45515
35954
17007
5382
14462
7749
24607
2605
29648
38926
30040
4086
16543
40154
1643
13450
9920
12810
44610
28586
17682
2989
11700
36658
44105
1853
29353
24794
27682
15648
4534
26616
5509
45696
21230
12247
9849
4992
17672
16370
21220
34712
14551
14373
4473
21121
31588
120
42021
24031
33852
22952
36334
29680
14192
39376
15921
17199
31534
22347
29070
45428
16720
31724
10792
37309
19248
34686
31701
31458
23680
6581
21128
39758
40009
26399
16277
41301
26891
32592
17475
437
1367
40534
26074
37815
22595
20501
32867
32029
5324
25602
7680
21915
28256
25508
19117
43310
4463
15847
378
5710
8670
27893
21778
12424
24178
42954
31640
37109
30838
955
30703
35412
6377
40533
31192
6123
20173
26058
1565
32531
13166
36475
35272
33717
44218
1779
40395
7400
33359
16857
2799
36034
39446
27665
3478
19419
33171
34183
16160
7801
12612
27380
7497
8297
33229
10419
41974
34446
13963
34837
14133
7238
18566
24367
34610
10335
1156
33144
1733
15235
20793
45159
13702
42130
21517
28303
14022
4930
15374
31242
3406
20062
43543
27570
31134
32750
10288
17765
7619
30662
8027
35431
14411
12664
26136
20095
24285
3383
2835
4583
24800
23884
30317
34668
35434
43917
7262
38108
41842
36220
36073
26745
39897
21671
1328
45077
10386
27401
24921
28311
16593
13681
36469
3654
63
2727
4168
30030
21941
13720
17763
39579
13997
1510
7583
16038
19582
30042
42968
45263
36025
2267
13627
42615
44089
42302
35035
12276
2967
28622
25679
30759
39309
22627
12124
19704
37931
4114
5750
39733
3243
4343
55
9046
20790
6474
40295
577
2022
10556
25235
8987
31825
6060
33218
9672
37716
33313
30228
30211
26642
23705
30881
12261
14513
42967
42065
44260
37319
28463
21766
17283
28935
14164
21458
7805
44397
26187
17460
31828
43638
30577
8731
29431
16303
14033
27078
11472
6435
19085
38334
39479
13387
41873
2769
44758
19819
41630
40532
29427
1402
28687
43563
13558
24875
29527
45186
8947
17224
37022
513
22352
9031
14666
37920
2377
15239
6587
5074
19289
15208
9440
34031
7851
9331
11795
32959
43632
11974
27423
10510
3120
1092
20669
33812
532
44869
26949
8245
25263
14487
12297
44482
25796
37234
7630
6015
3498
34561
33745
21383
18581
43438
31931
44210
14999
23733
23298
31754
29406
37678
28514
18643
3607
20854
18640
3401
35341
30135
6272
25278
19807
39124
7726
15089
4273
39505
24423
44661
4537
24219
17752
43067
29596
2801
27804
11375
5600
29120
37585
36880
37727
17428
28980
43445
15234
4178
24386
35665
9521
28924
9647
45719
41996
33731
26878
11565
37182
12529
40666
43034
9631
21023
20703
5933
3493
35966
111
32145
33530
39168
38193
478
21459
8252
32460
33942
31641
34302
34459
44607
20496
10011
23865
6677
32506
9494
5218
28262
11146
32123
36322
8102
4246
19620
20588
39713
12265
4630
13763
25731
10039
10440
27142
43078
11137
42792
12937
39133
27711
37549
44328
34406
37068
860
2161
29313
38054
18482
13501
16166
27706
38905
37220
4054
32173
1842
10182
28351
35125
23754
11918
21930
19378
20259
10918
44326
19471
22823
969
38665
15890
39259
43727
34293
25498
6692
28307
42965
16669
19118
36610
15196
11398
41176
41334
10870
36051
26307
4961
1665
44826
27617
14345
21264
7228
12313
36318
6777
30117
17575
4232
22921
43421
30969
37599
42452
29109
27465
4248
10131
16392
19930
4380
17347
6177
14280
4623
32468
21605
31079
10096
40829
3848
31852
37753
36982
33469
31515
9972
21381
20481
42564
12950
34609
42387
30179
12528
12647
16010
42245
10982
22125
42525
32755
25951
43501
20128
21378
44728
2348
41324
38624
1260
3694
6698
28776
36227
23511
21780
45104
4454
42026
12248
11018
23019
40184
15245
8302
6565
13023
15879
16855
25247
24245
38174
285
28727
232
3140
9823
13532
1096
981
16757
38892
809
39945
20422
307
19544
13122
41030
20474
45124
8835
6490
31432
17142
44703
44969
11218
36553
36637
1222
26856
2237
26918
37672
16730
12462
25242
25650
36673
18642
4040
22727
16201
6995
19759
11039
28188
1531
9138
16313
28220
26507
34457
32255
39085
44928
23712
1519
5380
15437
30970
5184
23862
34896
13739
22667
12054
37876
15751
4883
32137
9026
27434
37121
27026
41766
28288
42632
7584
29729
31487
44249
45391
9388
32184
22192
34816
10080
39601
45758
6027
23693
17792
41445
32771
39392
13957
35347
24106
32391
15180
15345
20756
32158
24980
14383
18850
5799
35426
41376
14767
22891
17741
41636
2952
44285
20659
32744
20585
13668
23155
592
4989
44287
45672
9574
36594
41893
16182
5520
25195
34760
9400
19167
7437
27429
1955
40084
42326
8591
43159
20435
9097
14484
41268
24150
20457
6367
29430
24723
25740
12994
44294
37090
16541
36650
3833
41926
45694
15303
3242
22954
41014
23958
36288
16706
22196
12687
39899
45660
29906
42561
22808
13131
36613
22325
40081
34272
11323
36622
34780
28874
11489
12345
41713
22144
8617
16106
7700
5125
5877
39979
37925
35800
561
4787
16050
44376
39032
17596
433
7034
45345
17056
24297
24222
39827
25716
4482
13256
715
14998
21307
33854
21294
9319
12135
9961
36916
31297
20724
37116
10934
30182
17877
10848
39527
11434
28489
9708
18060
29
9060
403
3823
35432
7389
28545
9291
36819
27557
15912
1464
8580
19837
5506
26354
41091
21511
35945
33081
38196
10588
20266
9958
23292
36624
10834
30296
37835
38845
3024
21749
29970
26537
12045
14630
42926
18384
32505
24327
13586
14338
41158
241
35658
20376
7065
23934
16456
31157
4991
38980
33341
15372
15755
28330
835
34947
36399
20888
39167
14311
14226
39669
27586
7910
11895
20107
13129
30956
2132
22151
41799
33076
23959
26995
15036
38223
12840
5960
28714
5545
25960
10958
40746
23497
14476
38651
41650
23478
36096
22446
36803
3805
18011
6079
5480
22431
38717
40556
21082
25123
10277
32843
29205
18552
36728
16065
5127
29208
14255
42508
43609
35669
16150
6731
28707
22494
11579
25921
6044
1043
32310
10562
19326
17802
18883
36511
36946
16917
24207
19817
41562
2223
43944
26713
12794
21805
21053
15471
1707
6390
37641
20485
15848
44528
5014
42000
13067
34648
12571
26875
7491
31857
69
14070
121
13361
24680
13838
43770
11237
45352
14894
23328
5534
10126
27939
16529
17996
36540
26778
3270
18126
44109
14803
37467
23486
28280
15258
10810
2441
43582
28940
6566
5844
10589
35934
17647
44283
29559
28932
7522
31686
16628
1486
17061
21146
20567
35265
16197
6844
45400
15198
33310
41098
22123
3559
5723
38743
19811
1318
38737
3330
15402
11112
25424
6303
26162
42116
5566
20551
4065
3016
42916
14343
26234
22357
6586
35500
40996
42020
43965
37801
6043
27726
15313
20752
16684
23584
32261
2790
27444
44216
6419
42076
14173
32010
41279
35535
23313
5205
11167
35625
33451
33732
23383
10458
28832
30609
27806
14631
15958
14060
20349
24439
24590
10057
28184
1753
38731
41421
3512
37728
15950
20908
6910
19605
30632
45565
23847
27406
16596
21561
45238
30272
15032
14869
8644
31217
3006
8890
25827
7894
28844
22111
6240
13369
25148
33989
25348
35019
39768
19084
44881
25402
24077
15048
17614
815
15043
24917
36720
27264
28398
13719
3303
27877
40182
45510
1154
3057
24302
5059
40863
6456
41389
5241
31326
31431
3984
8652
40114
23840
5180
2206
9394
35772
28284
33190
41898
33909
40093
1832
31760
24776
16686
23909
22290
32667
26179
9474
18278
3386
2159
12772
25460
18967
16424
6328
27200
1794
16173
13748
2721
13675
42440
43823
45760
19602
15670
7243
29317
35298
34317
15945
8344
16770
8949
18376
21485
26801
15884
43020
26422
17365
3096
21747
8023
6668
16550
28116
21104
42151
37434
5220
16442
36710
26063
15963
12774
45268
36937
40992
13141
5562
24205
1347
27454
41932
15443
7546
35939
22476
7037
22931
1805
3163
30821
41298
43868
9110
9406
38539
2358
45310
37880
12677
390
15918
20973
23302
14208
27764
18749
43723
45409
18132
41684
41867
8824
2430
34927
21345
30561
29763
16116
32496
40146
13236
15287
44554
5628
15962
35604
6310
20590
16936
34874
10995
30588
8460
6295
5755
40901
25403
35826
6582
9819
28419
6363
11609
11806
7846
3710
32421
18283
15595
5105
34651
32160
2113
10129
4874
44159
13705
42044
27482
30133
36732
17704
41190
13919
20882
41093
4234
37719
24831
1428
38622
33872
2697
5890
33060
8303
37171
45635
28076
31493
20864
14646
8232
13373
6774
17540
9420
5905
35212
23365
43700
39509
696
26386
5668
29279
30199
32058
27785
14326
7830
44795
779
37983
6154
32442
34319
11596
42337
31448
17530
31282
5409
33540
7314
3997
11276
22191
25349
19464
45253
6173
17349
17527
28174
6821
18540
20506
35632
4960
38529
2815
31204
42721
44458
30298
25972
20196
36342
6483
45118
21894
43392
42314
36290
14807
4011
8499
25643
93
3124
39455
40196
18902
22813
32453
6520
40577
29167
41794
21965
24092
20965
12801
6792
36667
34559
33299
28460
4453
7958
279
7284
9936
37010
33814
4622
1169
7947
3392
37302
35012
28744
37236
45611
9383
37262
34533
28746
10609
33961
11200
14354
33884
19852
35026
2696
1671
32552
31125
34248
29369
23430
22689
40296
43807
3376
31540
29563
2140
42193
24086
44786
37794
14529
38760
23890
21646
10482
19279
36600
43548
8623
13192
7787
31251
25935
31815
19243
7363
45645
8063
9675
19641
30581
12139
9856
44382
18765
33237
2740
21466
24083
27478
25788
7370
45371
31585
27148
34435
39451
39301
31789
14616
31447
39540
11055
11950
9679
12506
28260
45252
34867
26138
10513
7247
5831
22181
34570
27334
6190
19587
16796
25824
44583
29552
32862
1920
13615
18329
15980
44920
1934
33162
21118
16778
14946
23331
27514
4200
35078
13111
14118
9892
15997
1128
10512
6634
39332
15828
917
31598
21018
18718
44797
41841
45304
10578
27107
3240
14290
16104
30585
6713
41254
33174
5362
32285
5531
41677
36321
28129
8454
2480
10626
20467
36940
3672
33522
35845
16068
7989
34204
45496
40353
35025
26428
29954
37955
35742
30845
3722
32611
23857
30007
30708
26255
43260
22811
12372
309
29943
42767
33445
36127
14617
22451
6542
35639
18223
24674
2568
41754
13630
36878
34567
22858
15109
12321
26383
3159
36512
19039
5340
41062
3354
11982
29434
25331
37155
12844
42133
8116
22301
34918
1847
29705
12524
17971
8280
12469
17173
5192
16163
11783
28372
5547
8408
8742
44279
17573
45261
33561
14789
36107
29595
16505
43978
18373
12266
21275
17857
15989
23433
4877
18962
25901
3907
7730
16237
30480
27736
44162
1774
41707
12314
44981
23887
4308
19003
22529
41263
20984
22520
7677
41304
22739
12026
37092
13261
10418
34957
11623
16700
2892
18648
15723
9557
9369
3627
1562
2483
42701
22226
13771
8505
31140
42401
24165
23578
40351
7543
11187
28353
1781
23102
35549
9278
3341
22953
26214
23747
10113
39324
38801
32659
23797
3345
23987
8570
17301
33467
33419
21001
38142
13794
43927
21308
29672
16997
5457
2282
39648
36917
26067
4092
44533
14981
2176
38138
40293
26275
4231
30274
29803
17921
29575
38290
36745
16885
3842
31117
6599
12407
4496
37425
37259
29403
34021
35346
10566
10241
38644
28830
30497
18899
27001
16830
10088
41456
6744
17911
7835
29497
8589
1496
26282
31075
12502
8765
13035
41906
12906
45459
16191
4466
31423
7201
7396
33108
43798
4555
43832
41690
9904
6855
20166
27492
14307
27740
114
11164
10094
11431
15823
25853
10767
37932
37115
29439
16886
36839
19214
16083
35255
12954
14148
43553
44067
18127
5009
38467
33668
19390
10989
14274
39712
12686
7532
9990
20367
18079
26350
7129
7237
6281
10044
13300
14625
15825
23901
31895
24371
13177
39104
38279
40452
38045
40191
32890
32090
37061
2365
38883
26913
38170
30124
35838
33524
23227
22737
38839
34925
280
29875
27262
44504
15130
43516
8561
44202
6320
26927
40987
24878
11389
37904
6116
36842
45113
26125
21241
11893
1418
42803
37271
17860
514
1725
35244
33471
34942
16526
11355
12728
11304
14511
5719
29002
23300
17874
10967
42558
31718
36001
29864
45421
6672
35307
41925
6969
14090
10387
16492
31675
8327
17892
41927
40204
2853
32844
13257
26529
41280
31885
33289
38111
3735
42280
18050
41296
21489
24196
8430
14347
36317
44953
44366
13013
41522
7455
29319
21279
10102
2573
18077
16738
11997
14841
29019
45621
37486
28715
29438
28739
11999
1739
12021
326
24958
27358
6135
11235
33465
30291
34184
39580
7812
15827
32849
25005
11311
229
10771
14481
26926
11653
13406
5769
42740
17888
4263
32965
2795
35436
7387
16136
16455
35829
19463
44465
25932
35936
15747
19313
4812
34470
7663
26803
12230
29609
40406
42201
1987
30213
11800
31662
10577
36914
21477
22363
10632
22454
8106
29256
8484
11587
44476
25794
19804
7759
35982
24991
7972
13921
42333
44793
44629
40257
23553
21236
38756
17586
25814
21239
2964
40861
20005
39863
22459
3316
35892
24314
21222
31941
43098
26545
33184
8585
26224
20947
32034
30389
18003
4508
43696
2063
25973
35935
26213
33684
16998
37509
22660
29897
7838
8551
28721
29394
42810
22339
1227
2789
41854
38592
2238
3030
10327
14399
19016
14943
13052
15536
41678
39250
34579
12885
18125
29587
18957
45713
20108
31659
29959
15711
32314
24638
12620
38741
37350
19300
45722
37147
6667
