104999
104963
104924
104991
104939
104913
104977
104925
104907
104972
104917
104998
104985
104931
104982
104940
104997
104926
104950
104954
104902
104936
104908
104934
104965
104914
104973
104916
104964
104987
104923
104958
104911
104944
104968
104905
104904
104900
104941
104969
104981
104984
104995
104949
104976
104961
104978
104927
104994
104989
104996
104915
104960
104980
104912
104921
104975
104901
104962
104935
104983
104971
104990
104957
104938
104943
104979
104933
104993
104974
104956
104953
104959
104992
104951
104952
104942
104946
104909
104967
104903
104922
104937
104947
104906
104918
104955
104970
104948
104932
104929
104919
104966
104988
104928
104986
104920
104930
104945
104910
