chela
brownridge
aeolic
dislocations
beedged
courtlier
alfaje
blowball
areasbbsname
defazio
breakwaters
casper
anucleate
amungme
echinodermic
busby
dauber
demiofficial
antiager
baarova
derisiveness
agrarianize
barthold
bacteric
antu
bellovaci
diminutal
citizenly
amphictyonic
adunu
dexiocardia
chirruped
envolume
capisterre
detonates
escrira
errantries
akalak
britni
eales
atheneum
bitor
ensuingly
asphyxiating
contramarque
bredeck
colleted
blacksnake
aelurophobe
berenice
archengineer
dialectally
carbine
astriction
concluded
arizonians
deliveryman
apiator
doucely
clearwing
brittles
buttocks
encouraging
deerhair
bourtree
corycavine
courbaril
cote
chattiness
castuli
abask
dendropogon
apaulette
abyss
agilawood
apathistical
bleeder
asbestoid
beatifically
begorra
carpocephala
albopruinose
elementality
corruption
eryn
brosot
alcyones
antigua
duco
chromaffinic
candis
collectables
carnalism
cimsb
corrodentia
darlac
apartamid
agorot
beranek
cholic
autoinfusion
auxograph
babinsky
absents
curmudgeonly
asklepios
appendant
babuism
arpent
duncan
antiphthisic
bldfamily
adjured
byronics
daiquiris
copyshop
alege
caseolysis
arnov
coveredst
duskness
autochthonal
bridge
charter
castroville
ablepsy
chloritic
conjurations
affinities
campanulales
branchling
enthelmintha
chimesmaster
endurably
bundobust
chordally
attested
antiatheist
ahong
consumable
dichoptic
ahsanullah
disaccharose
derivable
dutra
entosclerite
antechinomys
crdec
bianka
boyceville
chicaneries
atmans
dapalan
coitions
derout
defina
binawa
anils
decennials
counterfix
coconino
ceeley
antimedieval
antithyroid
discloister
blockheads
crimson
achaicus
basigynium
edirne
carmondy
agroof
bootlegs
adherers
ensun
cylindroma
applausive
ascribed
cronin
bluford
badittu
curiology
churchier
arimo
adangle
avekom
bafumen
angary
cladocera
definitively
duffels
brotulid
cerval
dihydrite
basilical
downloadable
cachinnator
ecumenicism
carole
bintaq
dislodged
cresylate
alcanir
anareta
curledness
cryptoprocta
anatinae
altarist
anacardic
celosia
berglet
dilloway
acantholysis
cultist
cardenio
counseled
buffering
dortiship
cytolysin
ebargtuo
cheiropody
bevellers
deflationary
bamenyam
anaplasm
dactylar
bulaka
albury
alkylic
brickhead
checkbite
aerophile
eponymism
antican
coutier
avower
cubicles
convocative
blasphemest
burthens
brockway
aurorian
cyrtidae
endoenzyme
blocksburg
angerhofer
bissette
brahmanical
contraprop
ebullitions
chromidrosis
alkalizing
chanche
bradshaw
caresani
abhorring
deciduous
bleys
catamaran
aromunian
ceuta
beatings
didnt
ciall
discoideae
bacilligenic
decuplet
abemama
blowpipe
encephalitic
arnee
altos
dungu
ahmadu
dikanka
archisphere
adcons
creban
anticaste
aaaaaaugh
carer
cctd
cuminol
alleghenian
buhkee
acologic
arabidopsis
afafc
cimi
cebian
danii
arborists
chiefish
chitodawa
chevaline
azolla
bozer
dambonitol
brevi
dissecting
caribisi
edith
decorist
costated
alboranite
dreamlike
cowcatchers
adenoidism
alloyed
caffeina
bise
ennerve
bresee
culicoides
anopla
bucolically
congesting
cratered
bedene
crazes
amaethon
badon
abruption
bawu
cmpc
audiogram
bartends
bombinate
brittled
brassett
consolingly
articulating
aminoformic
characin
biedermann
burbliest
adobes
adamsmills
antionline
anoxyscope
discases
angulate
agrologic
adioukrou
deducting
armorwise
brat
baitsi
dolg
coelogyne
doxographer
atatlahuca
benaderet
brios
drawstop
banausic
believably
dingiri
asphyxiates
aureus
birotation
chelydridae
dakarkari
boulahay
boddey
butura
bodily
ashford
cwirzen
bumpiest
epiphloeum
auxiliator
bradypodidae
duple
algicides
bonarua
ciangherotti
baddie
calfkill
allantoidian
dubre
atimon
apprizes
boshoft
almshouses
cayouette
affixed
coenocentrum
collets
calymma
cuteftp
actionary
baghati
coccosteus
abragam
antidetonant
challengable
chernomorish
clapboard
awestricken
corrasive
avert
doges
diplomas
deafened
colouring
dyarma
amita
cookable
deathlessly
adsorptively
despiser
entyloma
cult
amoretto
curvier
entrusted
dittied
dimes
beja
berton
duckboard
anticreation
cutterjohn
benzoflavine
djellaba
begarlanded
cymbaler
chikhladze
conferencing
chillers
derick
dungyard
belozenged
argumentator
autographing
ekard
doddle
cobbtown
bonerz
crontabs
blightbird
airbrushed
eggbeaters
alisa
duchesi
cybercore
banyuls
brancovis
corporative
babbled
alien
clonks
bleaker
centralia
chanties
christianly
bossett
almadia
azohumic
basilicata
congeable
creaseless
burstrom
caperwort
cawsey
erni
antiritual
conglobulate
compacting
confectiones
enswathement
burghardt
chuter
bight
arefact
allstairs
attractants
eights
confident
erection
coodclip
cedit
bafun
disservice
denarcotize
briggsian
blushed
cuana
azzara
beek
destitutely
disquieted
aparthrosis
bobsleigh
charenton
cytasic
anspach
backbrand
disomus
contel
dynamics
calvera
annalisa
disseize
benzpinacone
beafada
alagappan
cecchi
bemuddy
bissegger
associate
bacuisso
elvanitic
devalorize
dunstan
chayhuita
ecclesiastry
cobitidae
bonin
bulblike
curtsied
bailsman
blindeyes
caravare
ahhhh
brewage
bowwort
adversarious
bitriseptate
detoxicate
baconianism
chayaroot
conniving
defenses
asrit
boundedly
bigflats
boutin
amyridaceae
agenesic
ciconiiform
dendrons
andirine
boniange
disposers
asilus
crespi
cudava
aspartate
debir
cornall
cardiff
ermax
aerostation
bardism
aclemon
eimer
bourdelle
ecstaticize
cunabular
anglomania
baliem
clemmy
baggy
dunellen
customs
bonacieux
azari
disbandment
duplexes
bafmen
cellblocks
bhatia
eastdixfield
creashaks
constantinof
donalds
darjeeling
djamindjung
centistere
breakups
chromism
aerator
esoqq
birthdays
ambocoelia
belait
chousingha
baloi
datolite
ciboney
baladan
cloff
bloodbeat
epiderm
dermatosis
amroth
couper
anabo
akheimar
baungshe
archinfamy
ambrosias
cohabits
assaultable
birell
carnahan
casqued
chong
anviling
bainville
datacell
bethphage
casehardened
adige
cerated
akaike
brawls
batrachiate
dismount
coversed
debased
biclinium
calp
detailing
depressant
borabora
anglogaean
coexpire
alopecic
drennen
brotulidae
anatoly
cordova
digallate
cliency
aketi
antipopular
anuphon
animate
bruted
baltz
astarboard
caypor
analysands
aqualung
acetometer
coincide
cockneyese
demieagle
companionate
bronski
dalespeople
charr
downweighted
agha
beverage
clima
brushless
escuages
detruncate
chenier
continued
bgfax
dentlieu
documental
equalizes
borodawa
bints
baruk
calcitic
crudwort
comtism
dessana
aretinian
cracknell
bessemercity
consiglio
crowflower
emanatively
albuginea
adamski
celesta
diamondize
beachman
drip
bloodiness
chinker
director
clementia
coelata
avinger
choha
bowdlerizing
arrowless
dovernj
autostrad
chilasdarel
although
dominica
