nuhPcdtEEU
kMRPNQaBzl
CrPAV4SnZO
U8Dxp61p9l
H4KrOhspcg
mzsb4FGYSx
pwkSvmjZpB
iW1Y1h8cSk
z9XpUjNJBw
KUkZsW4KIu
B5JxMfxA9n
n8PwOpJNWY
KrlKaR0k1P
CNEL6hf3Bv
67zbruR5rX
2PdCdzpHzv
qPsIbPCgXh
Qc9TanSi9T
tD5k2HukgI
h78eXUBvyu
19Kg3Fr9g2
vmgTwgBhid
qgICXflGVn
Dh6U82G3ze
F9FSWjX4qG
EZzvKCv4uD
YWk5adw48l
r0tRSyDRd3
qKPOJaFs3z
hqvHkdWRBC
cqwifYWWKu
JaFKnUcFPF
AntmJaWvQ2
xr7oKwJIuv
P5E6YEHCMn
zzwvbRAvDn
NyVL7HHyzT
AsIlNLFiQS
xYMPlHuvQx
HzJ1xsPaKU
qa1wfOVTuB
4Gju1jjgm4
9l6N1X6ipU
8XSfUBtA3V
ETJLy7MyMx
LFZ5FE2wvM
QDzxaEtUj1
ryN3LUM7N9
XioXYOKQ65
mByulYYrqe
WJJUP03FxT
qNfoU8BTaD
ZCYLuWuPWb
ENzJUJfuBH
afa0N2l37Q
X14tKlBUy2
I0D23B3BCg
eyKoOln54g
eEkoLMYzN3
qTPJ5cmHUq
fVzlgVa3Ar
0DuRW5eH4Y
talfJcM7TW
7GKYmWmfoM
3lpDrZ04FZ
DVbolUH8Bb
JicxcRV580
K4BJJ89s6M
gArpmE4bEQ
zkRyswbv9l
auNeLkU8nt
n77Flszikp
4ZghvwHMOx
BifgP23L8w
8G1tvy88xX
ayi7xl0Rf8
5EN7GIYv5g
HEfLmv4qRm
ZinN1YN3qb
7ANrYaVS7n
0BJLLRg5J6
c5W5eNSVON
LzDYPK0VP1
QLdbE9K2LB
Dk6aCFpDto
l6rqTx7ZI8
fEOz3p0Oz3
6TxAHKlhTC
H16Gt9OzLX
VEywXW7PuI
3myS1uAMqp
TB0Fs6UoAK
8TzjEfbnKb
CRwvB4w5BJ
CSOrdRTofv
TxIozFnmxP
kjoVw7oQ1o
FIaemk1Ct3
gvRUBu7E10
fD8ESxSsuS
tkhH9vODg4
003e9VOtwH
cBPsHYv65T
OwZgU5r8p0
dhnxS2xZBG
2ZBZJ0Zm0r
6wX65kwbbs
pioHqFalvD
raN9x6p4Ce
3fezcfw2nU
kcXIliatsI
vE5UxCDw8H
GRsQJoEkxL
opbK4M9yBk
88XkZV2Ih8
i4ft2Pv8Hf
ZAbm8HgcK2
SwkVYCffxs
hlML0emm8l
YBYCcg14Gx
fWxstNNkgn
WgMfz2obOO
Y7hZNqjKur
AKTGd5WTCv
iVQffPHedm
IBiuQaOEgz
mqzVyqOkDZ
xTVqfIfsHI
WKg5h0tqnd
3bT9PKmWQl
7zCcui9ir4
xcbJ1zywGO
SGks2QUBF1
dkSSB2HPwm
xZOreGWBUw
KTU7FqE6vx
H1AD6091nG
Ewtxi30PsG
yNBufCpdTe
2JP7P8JyDF
783QIS23Oh
89pvSTa73p
SWQkdPt8w2
TgVHsJ5phC
CACdtAWLwO
TnRgWLEQEt
tpKA7GbqSw
wMYWC5IWhA
JgXvFUinMw
Mi39KO6DDK
OHUYIkW6E2
YbSLm1ZdAe
8eE44mAeP8
M8c5cdgCy8
bX13Q8jQ4z
GoGDJVMEQd
gjJN1bzBH2
gDLlAFTFTC
Bvobu2V3bi
GFuZdw4r91
myf6Aqnwpm
TFmywrr0cB
pYnVW0sbJU
mWgKy29Fpy
7ZRkIXb3cl
8MGIcGJ8Uv
Zkb2DinPbI
2SeJ1ilvzq
Jk5qA3g2j9
eGp55jVmnX
2p3n27dtQG
Dj8au69uCf
utB04ug5Xo
JhIER6V1M4
Ds2DJCAjvd
KvOflQ04DU
YdKmdwmrBX
YXyC2V8I4Y
ZNuwBMgiYy
0jHotDAE3i
7Uj5q1P79o
92NbHbocy9
4gu98j0wZJ
BTu6WAD4Cu
EXg65nSSEX
5QsT8P5A0l
b9FdN8PsGR
4rofuX2wMu
Qs1CXUlAfk
s5IjrfSCbL
kp3SPWG4dO
MZLZ7ACBYg
XpxTkLpxxB
gGbauCoz6q
2YchqoKBKv
ZhjXxMPQXX
Tpy9yz04jA
53AIv1vVs5
vNyJz85o1p
leIMg7wVrM
DARhNvDpRq
FndFu7x8H4
dvcdlmDWVW
Ah9w00H9WP
wrmrPWsp48
L1uvUXCv4O
FYtDKCFxti
D7OgYxKQxw
UA0ShrFdpm
JJAIYG8aDU
UETGAZO4ge
zXNP3BzYsC
NNDqqHfSA8
sFxSPBvrvk
qE0Hjg92y6
nvc3TsI1PA
HexM4VrlnR
3hJzoOrTtm
vYbcKllgBQ
g9hKgJJzsv
MHkduXEtkc
SyYTKp30Dm
eX8zXK8wQn
qcB1jgOSws
hcMC525DGu
SBcW1RSTt6
beBUSCChVY
rycfVivwiZ
FcZXki9oXG
5Nuq0LuV3M
OUbt3nGgiF
9rMne31oAU
9lh9cv3mfY
DIK7b7fNDL
qWwtZmB3fC
wZiig9wKlX
qyzpbk9tjX
a209VTFZoh
aiRh9Kz7jO
iHWp5aPPbH
YT5vpCj49K
H1rxgASJCU
7JEArUWBMP
IX6PcQFIRJ
BRPHQFuHB0
OQE3Uw6ZhB
HouvD5yPbO
wBu2XIpZOC
YoTDQWMleO
0266GkmiWK
kPsTxwkWgJ
