93232 
32885 
34284 
86545 
49568 
78836 
41671 
66480 
80790 
13648 
9517 
77483 
31518 
83124 
26872 
64913 
4288 
31342 
53800 
4009 
33962 
77718 
92369 
51024 
29469 
106856 
11139 
1793 
82291 
88311 
36136 
89652 
79559 
89067 
15509 
38845 
74885 
102962 
80088 
13832 
96265 
74073 
32215 
64490 
67500 
94357 
58375 
68794 
88934 
81400 
94211 
50745 
40496 
65495 
29213 
34239 
101975 
103786 
12493 
38886 
98592 
80829 
70099 
71439 
54793 
10134 
68317 
11365 
104532 
50361 
47926 
26312 
69500 
23296 
31698 
12030 
82670 
73027 
3862 
4839 
6003 
13595 
19463 
24116 
31377 
31849 
36371 
40047 
49956 
52859 
59460 
59490 
61067 
62013 
66697 
67121 
67975 
74648 
76770 
77034 
86859 
87439 
88158 
90458 
95260 
97067 
97421 
99038 
102915 
106315 
1524 
3051 
6796 
7210 
8707 
10606 
18205 
21279 
29700 
29837 
33391 
36534 
41145 
43820 
47183 
47802 
51397 
51752 
57286 
57902 
59862 
60813 
61599 
65957 
68822 
75447 
75754 
78227 
79335 
80432 
83786 
84826 
84853 
87654 
89756 
95327 
98953 
102103 
102500 
102570 
103039 
106740 
1861 
2557 
5985 
6982 
9496 
13139 
14023 
14614 
15806 
20045 
20699 
24600 
28336 
33134 
37365 
39316 
41076 
41582 
41880 
43604 
43716 
46734 
48210 
48389 
49401 
52938 
54857 
62914 
74007 
78744 
80575 
81256 
81496 
83543 
84078 
84592 
85918 
87077 
87698 
88923 
91331 
92391 
94887 
98939 
102185 
102595 
107234 
843 
2431 
3096 
3844 
6209 
9580 
10008 
13397 
13516 
15617 
17039 
18347 
18417 
20192 
20307 
21143 
22912 
23132 
33879 
36301 
38755 
41093 
41601 
45892 
49340 
51304 
53351 
61362 
65803 
66435 
67035 
68039 
73378 
74080 
74334 
74799 
78894 
85679 
87282 
91263 
91398 
93056 
93184 
96487 
97958 
102704 
103041 
105338 
105721 
5894 
8057 
8317 
9977 
11268 
12001 
23826 
25361 
32671 
36170 
38938 
39171 
40192 
41409 
44363 
44626 
44641 
45089 
47263 
48873 
49021 
49239 
49997 
51648 
55983 
56085 
62215 
62382 
72974 
74892 
78877 
79139 
79523 
80904 
82136 
87139 
87449 
87585 
91922 
104762 
8889 
12521 
13511 
14213 
17356 
20664 
23767 
24375 
24716 
25260 
25362 
28736 
29368 
36618 
41574 
49783 
52076 
57343 
61403 
72227 
77721 
78730 
81437 
84205 
85401 
86513 
86595 
87013 
89150 
91687 
97317 
99217 
102214 
103551 
105021 
105441 
106343 
810 
5024 
12988 
15194 
15429 
16829 
18068 
19673 
20565 
24306 
27029 
30806 
32630 
33720 
36923 
39583 
39612 
40471 
52743 
54290 
55257 
55871 
58843 
59401 
61657 
64174 
64511 
64513 
64619 
65877 
70998 
71826 
73050 
73503 
75079 
79096 
82501 
85091 
86421 
87984 
88027 
90140 
93365 
94137 
103396 
105159 
106845 
2943 
4116 
4200 
9597 
10471 
16949 
17141 
17954 
20882 
23849 
23871 
23880 
27218 
27286 
29723 
30764 
34786 
37371 
38488 
45117 
53483 
56371 
57523 
57638 
61371 
62093 
62485 
66002 
66535 
67693 
68186 
68367 
68583 
70474 
81356 
84549 
84618 
84931 
85136 
88811 
90158 
90924 
102490 
102683 
103040 
105826 
446 
8765 
10037 
10059 
15401 
15838 
18792 
19209 
19254 
19899 
20382 
20421 
23924 
24639 
25247 
25731 
26994 
30036 
34799 
41167 
41205 
42427 
42805 
46307 
49179 
52856 
54199 
54722 
56858 
57742 
58314 
58865 
68191 
78253 
88929 
90188 
93400 
93884 
94245 
95006 
95070 
95473 
98319 
99076 
102625 
103313 
5428 
7168 
9702 
19292 
23654 
23697 
32388 
35740 
44171 
45057 
47840 
48160 
49371 
50424 
54188 
54197 
54984 
55699 
57730 
57885 
62210 
64878 
67402 
69535 
70091 
70399 
73330 
73838 
75412 
76014 
82369 
82466 
83165 
84649 
88175 
88583 
90215 
99774 
100161 
102088 
106559 
608 
2779 
4044 
4313 
5227 
5852 
12834 
13384 
14546 
15817 
16264 
23349 
26571 
27500 
30039 
30195 
31029 
32100 
33096 
34382 
37311 
38502 
39216 
42019 
44223 
45364 
45574 
47296 
48468 
49139 
51110 
60392 
61365 
61655 
62022 
62721 
64102 
68691 
70072 
71785 
77307 
84948 
87734 
94658 
95783 
96093 
100195 
101868 
103894 
104136 
107265 
4904 
7676 
8239 
11085 
12716 
12736 
13196 
13713 
18236 
25109 
28901 
30600 
31548 
32102 
33522 
34775 
34988 
38485 
38549 
46913 
48987 
50684 
51711 
52727 
54880 
55102 
58281 
59716 
60484 
69629 
70568 
71976 
76459 
79390 
79435 
79705 
79803 
80146 
84372 
84694 
88938 
89302 
91608 
103357 
103384 
105219 
106703 
107058 
107211 
3228 
10210 
10697 
13136 
13220 
21028 
23301 
28198 
28410 
28950 
29713 
34043 
34101 
41324 
44851 
47516 
55198 
55477 
59393 
59840 
59895 
60694 
61490 
62081 
63178 
63914 
65592 
65802 
67315 
69951 
70772 
78102 
78849 
82124 
87996 
90640 
91600 
93086 
93525 
93803 
94240 
96994 
98654 
99278 
100742 
103764 
726 
2692 
3652 
3995 
11479 
15170 
16712 
19013 
21172 
24228 
24487 
24950 
26179 
27615 
31814 
32123 
32881 
38599 
38654 
42465 
42801 
44218 
45970 
48847 
53074 
54008 
61370 
61818 
64610 
64971 
65455 
69937 
72242 
73474 
75428 
77620 
81937 
83219 
84405 
87106 
92396 
97091 
97515 
97811 
105156 
106337 
973 
1557 
2186 
3396 
4367 
5714 
8246 
13157 
15559 
16765 
18501 
19801 
20048 
22284 
24281 
26599 
32389 
33031 
33731 
40821 
41650 
43647 
44406 
45394 
46154 
46288 
48856 
51807 
54370 
54666 
56629 
58680 
60969 
65830 
67213 
68091 
69512 
70876 
72360 
75332 
75570 
76792 
77382 
82166 
86729 
89709 
91535 
94411 
95344 
96902 
100222 
102882 
106758 
2406 
6787 
7476 
14320 
16117 
16716 
17004 
17246 
17543 
17818 
21757 
26137 
30099 
44376 
47682 
49411 
52460 
56883 
57720 
60547 
61660 
64564 
64821 
67820 
68174 
71869 
73059 
76522 
78472 
82709 
94483 
95507 
97325 
98338 
98710 
102359 
102446 
107066 
4260 
4389 
4628 
8681 
11456 
12447 
13971 
16198 
19643 
22433 
23982 
26946 
30521 
33067 
34916 
37352 
46850 
48922 
49885 
53626 
53933 
56949 
57104 
69930 
70537 
72381 
82082 
82555 
85964 
91219 
92131 
92240 
93836 
94980 
95065 
98279 
100041 
101309 
104504 
105705 
145 
3837 
9509 
13142 
15860 
18983 
21175 
22659 
25564 
35523 
38600 
38893 
40293 
42858 
44325 
46445 
50534 
53289 
53346 
55744 
57573 
58857 
60948 
62062 
62600 
66884 
70255 
71632 
72903 
75010 
75343 
79678 
86361 
87248 
90935 
92358 
94072 
99161 
103737 
105685 
3787 
8710 
10540 
13347 
14412 
14890 
15661 
21181 
21765 
22431 
24032 
27961 
32274 
36764 
38038 
39400 
40851 
41807 
46469 
47532 
49483 
53698 
54259 
54337 
56952 
59816 
60448 
62520 
63676 
69838 
71551 
72583 
73468 
73750 
78671 
79568 
85156 
97536 
99260 
101397 
9947 
17707 
18454 
20381 
23290 
27055 
27981 
28704 
30660 
31614 
32412 
32642 
32983 
33392 
38628 
41583 
45984 
46418 
48728 
48983 
51790 
54389 
59243 
60079 
63357 
63464 
64024 
64049 
67345 
67925 
69849 
71974 
73038 
83676 
90379 
92870 
95865 
95905 
96270 
99510 
99659 
104619 
84 
708 
10459 
13810 
19205 
20451 
20772 
26058 
32004 
33825 
39959 
40137 
42800 
50459 
50668 
53063 
53507 
68536 
68628 
69721 
72046 
76195 
76201 
81326 
84328 
84412 
86621 
86764 
88917 
89603 
89760 
90574 
90734 
91352 
94773 
95979 
98501 
104383 
2981 
3100 
3201 
3382 
4766 
4912 
5052 
7720 
8236 
12498 
17234 
17518 
20801 
21241 
27425 
27657 
31767 
32935 
40712 
41936 
44109 
45151 
48904 
51595 
54138 
55357 
56785 
63744 
64587 
64658 
65855 
72279 
73612 
79603 
85767 
88984 
90642 
92050 
95875 
96403 
7310 
8398 
8594 
15180 
18488 
21115 
22502 
24934 
27237 
28076 
29257 
32970 
34963 
39406 
41323 
43514 
43549 
51464 
52061 
53695 
59000 
60351 
72463 
78853 
82269 
82472 
87798 
88507 
91433 
91819 
95027 
95252 
99720 
106410 
107171 
8251 
8507 
10052 
15249 
19720 
27135 
32081 
33285 
34081 
34813 
38440 
41618 
42234 
42520 
42567 
48699 
59428 
59555 
61193 
62645 
63538 
64509 
65019 
69864 
73114 
75445 
75479 
75749 
80565 
82570 
83025 
90981 
91033 
91852 
92511 
93995 
95501 
95704 
102343 
103441 
105058 
105373 
105671 
106240 
75 
2525 
7508 
7997 
8056 
8361 
10712 
14351 
20078 
20163 
20419 
23047 
28923 
28970 
30474 
30960 
34291 
34438 
37101 
37748 
40260 
40573 
41925 
45068 
48035 
50384 
50704 
52826 
53015 
53407 
54752 
55607 
56502 
56503 
56553 
57194 
59326 
59356 
61149 
64496 
66467 
70221 
70669 
71614 
72859 
74335 
75889 
81523 
81666 
83850 
84887 
90864 
91519 
91826 
97734 
99191 
99394 
101713 
102577 
105212 
105595 
5225 
5454 
9240 
13417 
15025 
23381 
24370 
25550 
27081 
28965 
29549 
31981 
35005 
41219 
42004 
43435 
43965 
51006 
54202 
54717 
55490 
56664 
61229 
61614 
61697 
61917 
62279 
63243 
66807 
70609 
77383 
78969 
79651 
86688 
87198 
89106 
96729 
103842 
105073 
698 
2449 
5951 
6875 
8794 
10562 
12152 
12508 
21043 
22809 
24090 
27503 
29043 
29681 
32058 
32930 
36116 
36735 
38783 
39575 
43281 
49399 
53396 
58765 
60940 
61162 
62731 
64699 
65197 
65546 
67366 
69296 
72138 
74023 
74942 
77301 
85421 
89263 
89651 
90467 
92137 
93564 
93881 
94086 
95075 
97935 
99431 
101103 
101974 
105659 
106016 
185 
2440 
2810 
3547 
5299 
12188 
14104 
15668 
20245 
25687 
26447 
27467 
30317 
31162 
32644 
32712 
34355 
36977 
37749 
38763 
38913 
41061 
46525 
46630 
51234 
54773 
60571 
61852 
62335 
63854 
64318 
65807 
68848 
70120 
72240 
72619 
72985 
73542 
78762 
79799 
81691 
88724 
90234 
91272 
92903 
3575 
5242 
8198 
9167 
9474 
10254 
12059 
23228 
24242 
24409 
24937 
25432 
25663 
27420 
35132 
38030 
40249 
42851 
42941 
45449 
47846 
50434 
50483 
51400 
52259 
52832 
56696 
56852 
59991 
60327 
63134 
65515 
66693 
67254 
69903 
74269 
76561 
77512 
78033 
78499 
81398 
81620 
83167 
86409 
86723 
86913 
90273 
90470 
92020 
94868 
95160 
100094 
101228 
101856 
102373 
104962 
935 
3284 
5203 
5407 
7912 
9480 
10816 
12889 
13401 
14836 
18145 
26767 
27245 
30649 
30937 
31781 
33517 
38552 
42916 
43930 
47300 
53937 
57030 
64418 
64947 
65157 
66004 
69415 
72336 
72536 
78905 
86264 
90783 
91183 
92152 
94366 
96622 
98114 
100363 
104430 
106443 
106859 
1333 
2962 
5649 
6745 
10021 
13058 
14978 
16226 
17908 
18033 
27577 
28284 
28508 
29576 
30089 
30299 
33078 
33999 
37887 
38252 
38490 
39076 
44071 
45061 
50677 
52363 
53136 
60797 
61497 
64167 
64688 
65442 
72041 
77349 
78737 
79246 
81569 
81766 
83393 
86572 
93612 
94824 
98974 
100737 
102592 
103029 
104717 
105600 
3820 
3915 
4014 
6729 
8151 
10887 
13174 
16048 
16667 
18327 
20422 
21369 
26587 
27724 
29861 
31460 
33831 
34548 
35979 
36825 
38915 
42402 
43685 
44134 
44864 
45592 
45833 
46290 
46459 
48247 
54074 
54420 
56181 
58858 
58972 
59467 
64765 
71561 
72123 
74397 
74509 
75810 
79426 
90087 
92133 
92292 
93323 
93769 
94563 
98829 
101783 
102589 
103080 
103998 
106256 
980 
2157 
3262 
6042 
9928 
12552 
12969 
22002 
23054 
23907 
25303 
29391 
32409 
35439 
37368 
37932 
40215 
45291 
45860 
55058 
60774 
66904 
67955 
69886 
74301 
78571 
80610 
82882 
85868 
88496 
90570 
90805 
91848 
93367 
99187 
102186 
105828 
1256 
1601 
11798 
14638 
19760 
20473 
21348 
21516 
24061 
24673 
25408 
32227 
32473 
32582 
34473 
37042 
39039 
43395 
44059 
44183 
45744 
51642 
51820 
51919 
54515 
58086 
60445 
66780 
70586 
75283 
76013 
77002 
79921 
82764 
87730 
88052 
88398 
88775 
89747 
90732 
93212 
99157 
100932 
101577 
106056 
617 
3772 
5884 
6455 
15347 
16300 
18532 
19322 
22656 
24953 
28577 
29746 
31470 
32133 
32184 
37650 
38518 
38544 
40111 
47746 
49343 
54894 
55094 
68363 
70937 
73183 
75947 
76697 
79263 
80328 
80699 
83609 
84561 
87003 
92419 
93208 
93733 
98403 
103128 
106995 
1417 
6169 
11023 
11887 
13602 
15290 
16754 
17202 
18130 
18437 
21777 
27479 
28134 
35699 
43415 
44953 
51699 
55826 
58149 
58197 
58510 
59156 
59329 
68782 
71946 
72485 
75392 
76653 
80354 
82070 
93092 
94128 
97378 
97499 
100594 
100818 
101162 
1201 
2335 
2463 
4476 
7254 
16815 
16987 
17629 
19250 
20298 
22802 
26446 
27020 
28004 
33799 
36249 
36372 
36413 
40103 
45676 
48326 
51959 
52383 
60431 
60891 
63092 
63568 
65297 
66020 
67538 
68168 
68349 
69421 
71025 
75577 
76565 
79241 
85372 
90733 
95956 
107230 
3591 
3701 
6245 
8884 
15374 
16652 
18243 
23320 
25658 
27528 
30825 
32352 
35361 
39962 
40833 
43166 
52147 
58838 
60385 
62360 
67255 
68961 
72537 
76214 
77794 
82625 
85286 
88737 
99862 
101587 
102143 
105249 
4446 
6511 
9174 
9904 
11358 
12466 
19625 
20983 
24229 
25404 
25991 
27915 
33976 
35428 
35838 
36952 
39152 
39574 
39701 
47169 
47672 
47827 
49550 
56023 
62143 
62919 
63785 
75725 
75914 
80356 
80577 
82516 
82533 
83951 
88814 
93159 
95280 
104534 
1654 
4561 
5181 
7112 
9487 
10274 
12861 
15908 
21156 
22724 
23578 
25653 
26363 
28886 
29288 
31290 
34193 
35172 
36079 
39672 
40275 
41096 
42245 
45097 
49242 
52875 
52972 
56242 
58959 
59650 
60578 
61104 
61973 
62749 
62991 
67765 
69518 
70523 
73387 
74127 
74634 
75770 
80924 
81380 
83047 
86540 
86591 
89770 
92843 
93016 
96121 
99177 
106392 
107055 
2811 
2833 
3165 
3453 
9095 
12419 
19129 
19200 
19277 
19918 
21477 
21782 
25666 
34174 
35048 
35298 
38471 
42239 
42808 
49053 
49382 
54938 
55895 
56288 
62061 
67140 
69012 
72059 
74778 
74860 
77759 
80204 
80559 
81969 
84189 
88904 
91980 
93178 
93797 
95927 
98126 
100875 
101276 
105588 
105692 
4252 
4887 
7099 
11835 
16742 
18700 
32564 
34212 
35243 
35247 
36319 
42944 
43149 
43327 
46479 
48145 
51541 
52398 
55309 
55314 
56864 
65335 
70795 
75376 
76913 
78201 
79792 
81579 
84962 
87992 
88188 
90305 
92021 
96162 
99791 
101128 
61 
666 
2393 
4481 
14288 
14522 
15096 
16459 
16499 
17715 
18285 
20955 
21609 
28193 
30505 
31018 
38691 
51974 
52561 
54143 
55138 
57417 
57445 
65537 
68293 
68734 
70112 
70836 
74841 
76341 
79097 
83964 
84978 
85317 
87216 
87557 
89926 
90364 
90420 
96604 
97623 
103796 
1814 
3529 
10566 
10865 
14917 
16678 
16973 
19298 
26667 
30098 
39724 
40908 
42044 
44421 
47483 
47871 
50551 
52234 
57637 
59558 
59907 
63843 
66241 
66262 
66287 
70849 
74641 
76719 
80468 
85947 
89645 
90056 
90354 
91486 
91981 
92328 
95414 
98640 
101242 
101766 
105358 
945 
2622 
3519 
10222 
13113 
14304 
15391 
15745 
16509 
16547 
18086 
19034 
20428 
20432 
23000 
25439 
27510 
28224 
28470 
36777 
38921 
41856 
43452 
46644 
52399 
53344 
60353 
61616 
66649 
70459 
71001 
73353 
78117 
78632 
78714 
85098 
87712 
88040 
88454 
93695 
96933 
97659 
100828 
100937 
139 
6447 
24691 
26182 
27850 
28361 
31800 
33529 
35882 
37502 
37651 
38626 
38879 
39698 
42393 
43532 
53753 
54796 
67244 
71350 
71372 
72426 
73089 
75349 
77714 
85734 
85750 
91374 
91442 
95887 
96382 
97808 
101990 
103862 
105710 
106948 
3047 
4890 
5173 
5565 
12170 
12960 
13726 
13918 
15023 
15092 
18993 
22404 
23596 
23782 
26539 
27854 
29892 
31352 
35911 
35995 
41440 
41462 
44762 
46131 
46877 
47534 
47920 
49899 
52455 
53953 
56900 
62739 
62913 
64491 
64603 
66200 
66255 
67359 
68938 
74596 
74700 
84574 
85225 
89538 
90796 
95710 
99277 
102603 
105830 
1149 
3026 
4749 
6572 
7428 
12182 
18561 
20926 
22225 
24119 
24915 
26991 
29446 
30414 
31115 
32172 
33188 
37877 
38542 
41682 
51874 
52514 
52853 
53501 
53867 
54321 
55284 
61881 
62285 
62385 
64067 
66943 
67204 
71672 
73704 
73965 
74512 
76135 
77713 
79675 
81018 
84832 
85348 
85371 
85766 
87525 
90023 
94006 
96116 
96695 
98894 
101024 
101644 
107188 
974 
1824 
2129 
8253 
9628 
15436 
18228 
18669 
22901 
23598 
23792 
29882 
31853 
32587 
33422 
35066 
36479 
38534 
38854 
39738 
47192 
47275 
47620 
50980 
53294 
54887 
56544 
57094 
60057 
66682 
68404 
70267 
79119 
81720 
84174 
86081 
91873 
94627 
105280 
106098 
741 
942 
1927 
3492 
5257 
6378 
6833 
9450 
17640 
18084 
20892 
22001 
24225 
24521 
27477 
30223 
38222 
40301 
44047 
50093 
52097 
53124 
54268 
58635 
62237 
65143 
65163 
65204 
65602 
66012 
66086 
70473 
70608 
82878 
83206 
85573 
87657 
88051 
90629 
91236 
91379 
93520 
94044 
94294 
94578 
96827 
99073 
100353 
103464 
105368 
4311 
9945 
14022 
15776 
18858 
20663 
21680 
22351 
22991 
28301 
31960 
32755 
35292 
39205 
39828 
43005 
49405 
51472 
52750 
56395 
58180 
63420 
64708 
69318 
71370 
79899 
81106 
81966 
84783 
85149 
86417 
89781 
92822 
94632 
95177 
96440 
96541 
101986 
104061 
105476 
1337 
2203 
2735 
4060 
9890 
13863 
15763 
16487 
36134 
36183 
39351 
40143 
41972 
42080 
53408 
55501 
59238 
62442 
68116 
69944 
71138 
72674 
72793 
78148 
78900 
86475 
90042 
90482 
91447 
95425 
96196 
100191 
104250 
105884 
4627 
10481 
11496 
12266 
12779 
14343 
17040 
17974 
20682 
21071 
24226 
24907 
25980 
25994 
26034 
26220 
28685 
28807 
30172 
32714 
34600 
34717 
35151 
39500 
40472 
43078 
43353 
45165 
51008 
51368 
52769 
56228 
58854 
65587 
72759 
82474 
85268 
85607 
88892 
94093 
96681 
97198 
98624 
98849 
101793 
103281 
103565 
5301 
5912 
7274 
15285 
15287 
17078 
17296 
19493 
21656 
24069 
24299 
24310 
25141 
27264 
28505 
32980 
34412 
36282 
40777 
45453 
50115 
50328 
55345 
55383 
56882 
60696 
69797 
70762 
71213 
71287 
73010 
74607 
75059 
79554 
80376 
87454 
88206 
88704 
93502 
95047 
96169 
96221 
99117 
103521 
106344 
3739 
5027 
5891 
8451 
8943 
10286 
11573 
13301 
13462 
16792 
17066 
18847 
19778 
22775 
26144 
33417 
37643 
42322 
43703 
46066 
49925 
51165 
55022 
56321 
58496 
59541 
60649 
62531 
62770 
66091 
66442 
68359 
68382 
68600 
69499 
69550 
72280 
73922 
74449 
79610 
81603 
88692 
91957 
94464 
98988 
107092 
1339 
4920 
6311 
6520 
6726 
8734 
10246 
11332 
11372 
12672 
13321 
14472 
17096 
17579 
22932 
24297 
29512 
29593 
30420 
33443 
37721 
38465 
46955 
48346 
50053 
55553 
57905 
58795 
60230 
60924 
61602 
61911 
62814 
67646 
69282 
72937 
75669 
75930 
76182 
76801 
86152 
87142 
96529 
96828 
101072 
105328 
105397 
105977 
106604 
219 
471 
2549 
5552 
5624 
5906 
11525 
11954 
12527 
28280 
30616 
35631 
36789 
38555 
48994 
49954 
50654 
54382 
57967 
62125 
62225 
62955 
64903 
65233 
68916 
69321 
73674 
75741 
77976 
78518 
79790 
80371 
80574 
83819 
85262 
86512 
91104 
92523 
97399 
98948 
101342 
101925 
102029 
104132 
106099 
3066 
3799 
5778 
6044 
6937 
9446 
9782 
10062 
12605 
12856 
13952 
14458 
15624 
16201 
21232 
27583 
28739 
29984 
33913 
42524 
44252 
44661 
46099 
46820 
48185 
51131 
54392 
55064 
59031 
60529 
61699 
62115 
68412 
73073 
75291 
75913 
79680 
96685 
96974 
97715 
5960 
16225 
17206 
18448 
20665 
22453 
24010 
36882 
37924 
42982 
49268 
51691 
55432 
57083 
58483 
60821 
61500 
67173 
79623 
82681 
83485 
87221 
91196 
91268 
91417 
95257 
95747 
98689 
99375 
104686 
104806 
105321 
106275 
106634 
538 
1520 
2548 
5188 
6354 
12478 
14740 
16206 
17877 
20624 
25279 
25697 
25998 
26694 
27692 
28792 
31072 
35922 
37017 
38602 
41360 
42546 
46702 
52609 
53697 
53834 
57836 
58007 
59740 
65078 
65134 
65167 
66207 
66590 
67565 
68464 
68808 
69226 
70157 
71111 
72337 
74500 
75828 
78378 
80925 
88316 
91435 
92527 
99378 
102660 
103161 
647 
1352 
3151 
3791 
4798 
7987 
9196 
13254 
18969 
21341 
25314 
25350 
25353 
28315 
29529 
30443 
33748 
36038 
41338 
43410 
46723 
48470 
48634 
48879 
49134 
55016 
56874 
59548 
65750 
67420 
79088 
79619 
81488 
82767 
82913 
86581 
89764 
95347 
101014 
101829 
102038 
103735 
104169 
104610 
105554 
5654 
8911 
9026 
9986 
11084 
13047 
14961 
20865 
25175 
27078 
30484 
33069 
33965 
41857 
43562 
44321 
46254 
46721 
47502 
48998 
49360 
51707 
52978 
54149 
56469 
56936 
58390 
58740 
60263 
73396 
75809 
77862 
78423 
80973 
81096 
82190 
83583 
85126 
91260 
91428 
92073 
94115 
99582 
101901 
102246 
102678 
102690 
102989 
103395 
105403 
106091 
1535 
3654 
6156 
8565 
10397 
15759 
19503 
19941 
27952 
29374 
34158 
35094 
36296 
39035 
44954 
45266 
48809 
50264 
51650 
54233 
58115 
62060 
62445 
64374 
65974 
67175 
67725 
70599 
71984 
75052 
77760 
83436 
92247 
93333 
94778 
101932 
102122 
107163 
8532 
10200 
11003 
20613 
21305 
22137 
23769 
26602 
29605 
30435 
34287 
35582 
37689 
42119 
43205 
44398 
46862 
51637 
53948 
59285 
63242 
64884 
65905 
66438 
68747 
71630 
73609 
78067 
82052 
85622 
86748 
90845 
90881 
98594 
99240 
102966 
107085 
212 
1879 
2341 
2358 
5432 
7575 
9039 
10574 
13116 
13129 
17996 
22830 
23926 
25087 
26174 
29081 
32787 
33717 
36705 
40520 
45616 
46197 
49526 
50628 
57159 
57223 
61400 
65098 
68552 
69102 
75781 
77641 
78604 
81835 
81918 
84081 
85006 
86110 
89718 
91859 
92216 
93555 
104249 
105759 
149 
6022 
6544 
14796 
18141 
18895 
24401 
24499 
25173 
26382 
26415 
30563 
32804 
33410 
34122 
35556 
36121 
37290 
42505 
45173 
51498 
52450 
53249 
53878 
54605 
58982 
60531 
68488 
71352 
72346 
72910 
74520 
74657 
76222 
77300 
80757 
81275 
87300 
92676 
93541 
93944 
96122 
97049 
104595 
106871 
4382 
4388 
5066 
7349 
7385 
7914 
12043 
16725 
20491 
21693 
22484 
23474 
25266 
25338 
26697 
27771 
28543 
28697 
28825 
36418 
36799 
40593 
40680 
47872 
48064 
50572 
52840 
54166 
55311 
60280 
63419 
64432 
64433 
65073 
65819 
66545 
66865 
67552 
77635 
77942 
84011 
84385 
89170 
96497 
97035 
98529 
99829 
100552 
103480 
8124 
11098 
15098 
16868 
23322 
23671 
24923 
25700 
30319 
34315 
39798 
43380 
45483 
65519 
70559 
73109 
75361 
75921 
76742 
83626 
86040 
89610 
89691 
96453 
99085 
100239 
101658 
104141 
104244 
433 
1225 
4338 
5127 
10760 
11963 
12239 
13175 
13631 
13706 
14529 
22430 
31230 
31334 
31485 
32009 
37388 
39452 
40910 
46140 
49726 
50172 
54231 
56500 
58396 
60686 
60870 
64416 
72573 
78867 
79601 
89751 
91563 
95151 
95329 
96128 
98377 
102986 
104433 
106262 
112 
438 
1629 
1779 
11238 
12563 
16728 
16972 
17010 
19818 
21660 
21965 
23061 
28545 
30985 
34570 
37201 
39390 
41997 
45963 
47297 
47816 
49407 
59616 
60369 
62409 
65651 
67568 
68261 
68730 
70966 
71454 
74413 
74883 
82345 
86762 
88780 
92628 
96408 
98940 
102165 
106114 
3570 
7323 
11315 
12486 
16278 
21912 
22806 
23500 
25812 
26116 
33215 
36133 
36878 
39066 
40798 
45139 
45948 
49646 
52095 
54499 
57248 
62708 
63435 
66368 
72487 
79997 
84045 
85193 
87184 
88418 
90231 
94233 
96862 
98455 
98834 
100642 
104094 
104553 
1235 
1675 
2475 
3409 
4463 
5899 
6522 
8996 
10421 
13579 
23914 
25163 
26013 
30227 
31030 
31481 
32836 
39733 
40013 
44668 
44950 
46268 
54801 
55384 
55778 
58790 
58819 
59074 
62089 
63514 
65247 
65434 
68854 
71017 
71179 
73929 
74251 
76323 
81408 
81740 
83906 
85216 
85404 
85521 
87906 
87908 
88265 
93198 
96110 
100173 
102732 
1359 
2494 
4827 
6678 
7593 
7752 
10328 
10701 
10799 
11117 
14282 
16825 
17494 
23977 
27317 
29091 
33221 
33460 
34802 
37155 
39425 
43888 
47492 
54411 
54657 
55167 
58410 
61207 
64672 
67977 
73398 
79546 
85205 
87522 
88648 
92718 
95074 
95764 
97965 
102766 
106411 
129 
1093 
4093 
4304 
6214 
8392 
10225 
10325 
13779 
19614 
21674 
21951 
24692 
30708 
32618 
32989 
37960 
38060 
38134 
42984 
43503 
43875 
44995 
47406 
48071 
49431 
49449 
55150 
58362 
62669 
62977 
71625 
72546 
74094 
74843 
75638 
76667 
79233 
82544 
92433 
94047 
94608 
99116 
101875 
103530 
103673 
105125 
180 
4337 
8304 
11717 
12812 
19550 
22175 
26738 
33431 
34092 
34437 
34645 
37208 
37620 
39062 
43414 
46937 
46957 
48800 
52592 
53488 
53922 
55861 
57001 
64325 
64627 
67779 
68653 
69780 
70703 
72923 
74851 
75018 
77157 
78342 
82188 
82292 
83678 
83766 
83977 
84059 
89856 
96383 
98057 
100622 
101171 
101323 
101638 
1274 
3856 
4455 
9328 
9585 
9640 
11442 
12858 
13804 
14242 
18992 
20351 
21966 
22983 
27213 
29949 
31073 
31461 
32855 
37660 
39014 
39634 
43860 
43924 
45186 
47260 
48360 
54570 
60988 
61128 
61462 
64730 
68679 
68758 
75916 
79649 
79934 
80427 
80998 
82942 
83247 
90673 
93083 
93191 
94030 
95136 
95463 
98414 
101586 
105487 
1854 
2417 
2770 
3282 
12584 
12676 
18781 
21004 
22899 
23053 
25701 
27598 
28025 
28489 
29138 
29511 
29632 
37005 
37314 
37367 
37631 
39376 
45037 
46482 
47902 
50255 
55015 
55495 
56508 
71437 
72636 
75193 
84393 
85636 
87147 
88565 
88788 
97904 
99051 
102836 
4051 
6541 
7314 
9909 
12786 
12849 
14203 
18170 
23220 
24514 
25823 
26031 
34654 
36105 
44524 
45143 
46523 
47072 
48840 
53830 
59158 
59433 
61719 
62263 
63536 
70950 
71580 
72188 
73389 
73467 
73809 
74252 
76175 
76846 
77746 
79530 
83348 
88350 
90615 
99459 
101970 
104603 
3310 
6061 
9385 
12295 
13906 
20306 
20880 
21589 
30903 
31174 
34070 
34584 
44369 
49620 
51706 
52063 
52502 
54109 
57183 
60317 
68642 
71794 
74613 
86442 
89666 
93722 
94548 
94709 
96660 
98154 
100022 
100403 
101646 
102355 
103310 
104316 
1371 
1844 
3027 
5913 
6853 
7537 
7637 
17534 
17920 
18891 
22169 
28915 
32028 
34019 
35843 
37234 
38660 
39530 
43762 
44956 
46352 
51222 
51470 
52164 
54469 
55006 
56715 
57095 
60157 
60166 
61284 
64296 
66366 
69120 
70939 
71451 
74280 
75744 
77453 
79134 
80513 
83427 
89554 
89911 
91910 
93706 
93723 
94955 
98307 
103526 
103754 
105831 
106572 
1444 
4661 
6737 
13838 
17760 
20348 
20538 
22599 
24618 
26717 
27260 
28089 
28649 
36551 
36772 
38743 
45070 
45207 
47267 
49434 
49475 
49720 
50967 
55090 
56683 
58641 
59906 
63240 
64846 
71559 
75699 
77303 
83339 
90400 
92006 
95932 
97880 
99159 
103335 
452 
5707 
10631 
13374 
20227 
22314 
22572 
22624 
26188 
26240 
27102 
27839 
33108 
33357 
35702 
37577 
38689 
43656 
44431 
45917 
46078 
51574 
59828 
61678 
65635 
66306 
67095 
70013 
72942 
76793 
80527 
81190 
81610 
83054 
85094 
90553 
92626 
96041 
100093 
101645 
106011 
106816 
4546 
6607 
12939 
13388 
14585 
16138 
16369 
17398 
21568 
22919 
30375 
30467 
38736 
41327 
43009 
46316 
47019 
48012 
50621 
53035 
54364 
60790 
63597 
65849 
67801 
67848 
69281 
70571 
75732 
78184 
78502 
81007 
82677 
84866 
85153 
88210 
91056 
97520 
97942 
102366 
105366 
105385 
2801 
6793 
8910 
11785 
12089 
12895 
13463 
16175 
18146 
18813 
19774 
31927 
33628 
34406 
35241 
37842 
39578 
40065 
40412 
42552 
46456 
47822 
48693 
48791 
49012 
52117 
64641 
67421 
67651 
68671 
71713 
74389 
75167 
79596 
86362 
87412 
89877 
92017 
95521 
97313 
97740 
105141 
1461 
2239 
2298 
5039 
5963 
6974 
7286 
7496 
8177 
10702 
15225 
23388 
23484 
25025 
27374 
30819 
31112 
36242 
37364 
38973 
41090 
43331 
44804 
46933 
49924 
52125 
52296 
52670 
54129 
55720 
61461 
70637 
71640 
73364 
74092 
76650 
78302 
80238 
80686 
85540 
85847 
86786 
88457 
88730 
96567 
96715 
98562 
98873 
99961 
103228 
103824 
103934 
105130 
106259 
107072 
7737 
11545 
11882 
13623 
13809 
16222 
16739 
18168 
18429 
23695 
47959 
51862 
55411 
56984 
57537 
61223 
69405 
70514 
72559 
74237 
75061 
85077 
87422 
87480 
87854 
92267 
94105 
94966 
95008 
96412 
99359 
100354 
102827 
104231 
1022 
3495 
4331 
4823 
5637 
5738 
6334 
6867 
8033 
9703 
16365 
16772 
16852 
19830 
20214 
22375 
27438 
28666 
30054 
30970 
43705 
47045 
47979 
48192 
50269 
50729 
52962 
55855 
60084 
60449 
61478 
63127 
64996 
72992 
75238 
78932 
79779 
80442 
81743 
86198 
86534 
87637 
88340 
89069 
98633 
103019 
103212 
106826 
107012 
3025 
3927 
7761 
10588 
11032 
13154 
14905 
15322 
16541 
21060 
23835 
25595 
29389 
29843 
29854 
30702 
31197 
31642 
32186 
32591 
32936 
33111 
39629 
39752 
40706 
43063 
43659 
46251 
49640 
50347 
55343 
59380 
64839 
67814 
68474 
69153 
70666 
72510 
72916 
78090 
92858 
93629 
97048 
97516 
97681 
98649 
675 
2599 
6564 
12693 
13972 
15024 
16918 
19345 
21888 
21926 
27349 
28442 
30145 
41866 
42421 
47155 
53037 
54038 
54249 
60398 
62014 
62299 
62789 
66703 
67020 
68332 
72109 
75424 
78333 
78432 
80486 
83097 
85105 
89217 
96873 
97686 
104492 
105054 
105667 
106666 
3356 
7123 
8938 
9078 
10153 
11220 
13249 
13988 
16624 
18549 
23257 
30729 
31361 
34883 
39477 
44665 
45864 
49437 
50402 
55078 
61966 
63327 
70005 
75232 
78358 
81993 
86839 
89772 
94706 
97960 
100246 
756 
2140 
2900 
8054 
8997 
12715 
13843 
13983 
14920 
18723 
22859 
25222 
25583 
32077 
33182 
37584 
39819 
41704 
44371 
45226 
48027 
50778 
50962 
51148 
51481 
54239 
56954 
57528 
59180 
62980 
67328 
68611 
71181 
74178 
77191 
77793 
85470 
88440 
90307 
91250 
92223 
93220 
94181 
96254 
3369 
6462 
7287 
10484 
10658 
23866 
24247 
28088 
31978 
33633 
33634 
36146 
40175 
40344 
42468 
42617 
46389 
49619 
53235 
55367 
57669 
58629 
59372 
60367 
60545 
61731 
66164 
66605 
66795 
68308 
68480 
68666 
69478 
71248 
71460 
72048 
74096 
80611 
81248 
86338 
87668 
89784 
91731 
91989 
95889 
96312 
97087 
97146 
103119 
105809 
106570 
11974 
19167 
20040 
20756 
21132 
22186 
24442 
25270 
25392 
26863 
26997 
28322 
30265 
33521 
35678 
37166 
37732 
39243 
39889 
49019 
50536 
53533 
55021 
57281 
61757 
63442 
63462 
64062 
65984 
66921 
67069 
68429 
69267 
77609 
79828 
83907 
85619 
86619 
89547 
96209 
96251 
96516 
104286 
105152 
106497 
410 
691 
1103 
5632 
8173 
11230 
23380 
25344 
26965 
28066 
29596 
30382 
34463 
39102 
43248 
47104 
47944 
49278 
49699 
50601 
53473 
55373 
55989 
58376 
65077 
65717 
67731 
67996 
71219 
71652 
71993 
73816 
77560 
80675 
83319 
86704 
88365 
93372 
95195 
95628 
96525 
100453 
101631 
103543 
105099 
546 
623 
1586 
6379 
11360 
12839 
14284 
16776 
19173 
20521 
22093 
22165 
27303 
27397 
31099 
35092 
41912 
43628 
47115 
49191 
49443 
54889 
58578 
59346 
59471 
61907 
65291 
66710 
72305 
75864 
79075 
80844 
88531 
88843 
90780 
93526 
93616 
96052 
100783 
103736 
104421 
106145 
771 
2738 
3303 
10577 
11620 
13719 
14464 
20383 
21775 
25511 
26323 
29848 
30475 
33865 
36804 
39022 
43451 
44169 
46890 
48336 
53838 
57850 
60471 
60841 
65677 
66125 
66690 
67645 
68486 
70479 
71347 
72285 
73283 
76079 
76774 
76850 
78688 
78913 
79305 
80867 
84805 
85705 
88201 
88251 
88261 
89864 
93826 
96420 
98738 
104245 
104300 
846 
1218 
1754 
1886 
2484 
9992 
13634 
15314 
20361 
22817 
23182 
26817 
29209 
29340 
29902 
30253 
34484 
35555 
37547 
37964 
39585 
39710 
40397 
49928 
51526 
55494 
60981 
61453 
65260 
66825 
67496 
67817 
68962 
71328 
72088 
73299 
73406 
73976 
74121 
74724 
76845 
78704 
80644 
81262 
81480 
86813 
86844 
88896 
90797 
93209 
93621 
94393 
98963 
99214 
99572 
103793 
105007 
624 
1956 
2517 
3765 
7691 
11254 
16288 
17445 
22005 
26383 
29758 
30123 
31479 
33762 
34199 
34306 
35351 
35530 
35746 
35983 
36669 
36817 
37637 
37941 
40325 
46591 
47790 
50814 
52384 
53772 
56857 
60393 
64283 
67260 
69357 
77317 
82132 
84975 
88193 
97288 
99869 
100775 
100866 
101480 
103380 
3783 
5466 
8153 
9807 
12705 
15904 
16069 
17052 
18263 
24454 
26889 
34140 
35734 
37024 
38635 
40437 
41016 
43887 
48558 
49133 
49542 
50557 
51592 
58003 
58879 
60452 
61743 
63925 
71144 
71393 
78773 
79022 
80261 
88020 
89242 
92860 
93124 
93183 
94238 
94326 
96573 
100573 
100938 
101252 
102796 
104181 
104396 
104526 
104550 
104984 
105515 
1724 
4068 
12118 
15320 
15675 
22660 
26551 
27905 
35054 
37504 
38814 
43949 
46277 
46540 
50054 
50203 
54787 
55523 
58056 
59734 
60024 
63564 
66723 
67644 
70141 
71872 
76358 
78409 
80137 
81892 
88475 
90123 
92496 
93234 
100033 
101314 
102061 
104709 
105965 
2562 
6047 
17489 
19740 
28971 
30097 
33514 
37331 
38247 
44170 
48793 
53742 
55719 
56162 
66577 
72722 
79518 
81218 
81304 
87448 
88875 
89088 
89207 
95443 
105350 
106074 
43883 
68011 
93444 
76299 
73243 
24837 
56710 
47346 
51419 
14690 
55199 
85859 
