mEN
2hR
MrP
FCK
K6L
lMB
arG
IcR
wWL
oz
suP
55I
VSN
HKR
vpB
O9K
oOH
IUB
PvF
JW
87N
1mJ
miN
GIM
SfI
sRB
arH
uO
D0D
ZLD
1qR
r1O
lfO
pbG
MOE
ZtM
OqK
y8D
FjJ
FbK
J0M
FSF
WER
JFG
dON
DMP
TJJ
AiI
FrK
kdI
KuQ
qIJ
2DG
FOB
h8B
FiD
tT
XmH
f1K
6a
jPC
gCJ
WXN
W5C
CCS
8rK
rQG
2YM
oIN
YIL
kOJ
3TQ
QiO
uxL
rWH
4nR
KvK
fXP
iKG
xzH
ltK
L9M
6wR
ekH
gPC
VqC
jAI
HwC
37I
wgH
P9J
p4K
A6G
SrJ
BeN
cER
6KG
ZXK
BPD
l5P
HON
XXC
UuF
lvH
khQ
YlM
TNC
IuQ
InF
gTG
QyC
sGD
09I
KNF
PlB
uSF
F4J
uvI
zfB
wJO
EXE
sYC
u2B
YFM
5PF
loE
XFR
FBP
Y2O
cqF
rcJ
LJE
lCG
iWB
neH
rjE
zbD
mPM
J7C
5vP
XLE
LHI
MKJ
IoF
HmF
uuK
bLM
sdI
XAR
meH
qyC
tN
RDE
YUN
9QB
D6B
poN
AZR
3qE
NiG
DpN
ovJ
8GG
tLM
S6R
GKL
3QQ
pBF
z7L
ZhP
jnE
haO
gID
bOO
PVH
33E
rpD
OEQ
e1L
ziP
9UR
J2G
scD
XrI
TSJ
g5R
OzF
eAJ
g4Q
xOL
jiO
N2P
seI
zEK
YyD
KcR
swC
sr
tcH
y2D
wDF
PbB
80H
a6J
5aG
drJ
32K
q6J
FmJ
v2D
SSC
uZD
puN
dVG
2RF
GwQ
ZuC
RiE
LBC
SHE
CpP
e3C
39K
SiD
Z7G
aHO
3VL
pWB
MoE
lDS
pjR
qSJ
KUD
NFS
IpE
E6N
WM
c8G
juG
2KD
VJS
N2
vaE
rEE
en
1sD
rtN
tVP
R8E
t8P
N1L
UvH
NqP
jpN
PgL
vPD
NmF
nfO
f5K
6tQ
rNN
WYQ
AWB
FiG
uJ
6JH
ICB
3vQ
KQG
fLF
tmL
qBG
5UL
BhJ
ifH
H2K
PRK
rlP
yxC
atM
G5B
sVR
kkE
RUL
bcP
SsM
KnJ
SUF
7NJ
sEL
I5H
UeB
Ac
b2F
DIS
IGH
EjR
zSH
XCK
vmB
CVK
shG
bfH
xXC
kG
UZH
JmN
ejO
rGJ
61D
6vO
MIH
g4G
pLO
pRD
QhE
WJO
FzR
lbF
dbI
qHK
rqQ
de
tjP
LBD
NSI
nvP
UdL
dKE
yfE
g9L
KCD
pxR
JzE
G3O
roE
rYK
LjF
xUF
W4C
f6P
9oM
vBD
oUP
PFJ
uTR
9WJ
YkK
GBL
vtF
PpO
iUC
A4P
IyE
fLR
tZL
wv
3eI
1BE
VqQ
5eG
4BM
6aF
9NG
A1R
LuO
3wN
meK
JkO
eM
CWO
wnM
pHF
QvR
TjJ
4cI
I5P
DnE
IlB
O2B
uAM
ugQ
tFQ
mnE
JEB
2KR
ynD
AgC
T2I
HgE
wxO
Y2B
qeF
zJJ
q6K
YzH
DwL
8rI
OtL
m7R
hWO
uVJ
zSC
