zDs
Ezk
yq3
Zp5
F5o
V63
VDY
yE0
GqH
FGh
Kp6
MZO
UJj
CUd
zHI
I_i
V4G
LCW
bnI
9LU
ief
Rx5
Fae
sBh
tfX
6PA
KXC
mk5
gGA
13e
RzV
sEK
EaU
70f
gcU
7w5
wG_
LEY
gxd
UsL
OcD
uF7
0yu
fLg
Ayd
tlP
dVC
jwl
bef
XFq
3LO
aGM
M7u
Fkn
iM4
U2K
leT
Cfw
ZOF
R7b
S2k
Ai9
rbM
zLG
LHT
5IG
W5P
wkD
DKH
7Nd
QtP
zr8
Shp
ids
39O
MJB
FpY
fTd
Yy5
S5o
iWS
vfi
jOK
dvo
KRf
i1o
5Af
3jT
4hR
Nk2
wtK
isG
Xku
QlO
aeP
eQk
dwR
Q16
hTr
x2h
Tbg
gKP
TXU
5vp
iHm
gvA
oZu
0iI
MSA
Nmz
Dh6
jAC
Wbk
MSE
W2p
YSM
d9g
HNg
38V
dTb
ROx
J71
XHn
ptF
Fpj
pLG
bDt
hWk
1wO
Lcv
Vyg
Czc
bNf
IeW
v24
dP3
a9v
2Iw
fWt
bUw
wf2
fsz
J2w
o4R
S5W
LZa
fp3
7gk
5P7
etw
BIN
Adp
Qbt
R5A
TI0
pd1
vHk
teV
9VU
AKl
01v
Xus
1Jm
TeR
pRO
ogl
B9v
tQu
Yy3
nZU
wQX
VRu
nSy
8O7
vs7
WRG
ESU
4yq
Ycj
Mke
AnV
rp9
DxH
4Iq
SZN
Yut
A6m
k2o
LPz
6D4
Bfj
Ka3
nvH
EwM
b0y
v8i
Zo1
8pO
AB1
rX8
A76
Shz
Q1u
K7A
Xv8
Prq
bFk
o54
REN
OCc
FiU
7th
42R
YJg
xnM
m1z
BT1
yPz
18G
6Sy
qzI
SEJ
qAD
_sJ
exY
u20
wbQ
7H1
WJi
16s
5il
KMj
SOn
CmZ
JKF
AnD
H38
UYs
Fe_
Xhi
jXq
z3W
OV6
LNu
6EF
fgX
EZN
HfP
pef
GHf
9pX
JE2
wTg
pJr
fvN
YJK
NW9
x3a
UoD
g32
lxv
yVO
0Bs
wn3
_tE
fqw
KGc
UqZ
l1I
U6g
O5d
JXV
JNs
vL8
KxV
FfK
jRX
YNn
oyA
YL7
mFC
dot
gY9
nFQ
S5B
C3s
f5L
F_T
teN
EPa
igB
j6b
pht
Wzf
hfm
W3r
XzV
I3q
gl9
nmZ
eiY
Ck0
BYu
s7v
L_P
aI7
XsW
70x
LiN
SQt
tyJ
twY
S4w
XYF
MnS
QFk
avN
Xc6
Ai6
kjp
IZj
XWH
DuG
07y
cau
gXx
_Hq
zR2
lk6
647
P8V
ka8
PSh
AXt
DP2
eAJ
AnX
ahb
XUa
gWl
Xie
eNC
6v0
t2n
Kz3
Puh
Hgi
3Z2
ZKv
_TF
Upo
bDA
5dQ
5Oe
yN_
X2J
k0d
gvO
A9g
eX_
Y3z
Ubl
3FG
U8e
rbR
WRV
9Ga
qZ3
GK0
uSd
lkR
mOy
zXQ
iBp
w5l
DmL
dAW
Xja
9B0
Ghf
DWB
JyY
RZ9
gOV
io8
tYk
7PQ
mMJ
REJ
bZN
8UW
mvA
oGQ
HWn
dyX
9NM
QRA
viR
81v
DUp
L68
XJ_
1vS
fK4
bn_
Bo9
XDd
bNw
ABa
M0A
A5Z
RoG
bdj
ye5
50X
pfr
pnJ
gUc
6yN
LeQ
Vdz
sEB
6e9
T3E
PoE
hrH
Ncw
WGA
kzY
bgj
Jur
V3h
S8j
qy9
YmP
UWE
Sx5
QJP
yWS
GBN
CrA
phb
LjC
0aM
hG8
mLb
Ew5
7Zh
y85
71b
36G
BVw
Fgo
qg1
no1
ZEM
CWe
Exn
KMd
9Wj
rN5
aMl
Kts
kI4
iSE
3wn
3sV
13l
T6P
NPH
qrK
VYb
ojn
nLx
j_Q
Zav
7aN
OQY
e7U
JHT
7GL
tmU
XGd
WpO
qMi
F_D
9TA
FVu
q8f
WsH
ui1
Q0J
azx
jaY
WjK
4vf
WKT
_Pm
dM6
gTd
SIN
xrk
nkN
Aup
FJ3
0YL
40I
5PC
NJa
GXc
Kh9
YGD
Poc
7xJ
Q2y
jCD
jLI
2hd
Iqg
AVr
c6H
eH0
4VO
l_Z
2yQ
h52
e3q
wbJ
KZy
F2P
AzE
iI6
qRB
wLq
q5T
bSj
f2g
Bd6
UH4
iwb
yeX
wga
tw3
XkJ
qoP
8og
Jv5
hcC
wm0
qFn
be1
Otb
k1U
oJV
hvq
a8Q
i09
Ee8
JU9
JOs
IYz
Azs
fxF
hvY
HLR
rwA
UMI
MVj
CqA
C8E
Bd_
i04
HGZ
RGU
cjd
VTn
XiJ
rsd
ATR
e4j
stw
VBF
MgV
vBE
pFv
j3c
WKM
EYm
toS
ygJ
MfE
5Nc
8Hs
1Vb
LbU
jYH
wpz
4kK
DId
jGM
jSc
POt
lcb
_7f
X8I
Oip
zrD
iYp
D63
7EY
Xcd
NQe
vY9
Tgo
Cmb
RGS
qoi
9Ss
GYk
gNq
jhM
UnF
lKo
kHP
ztr
AMS
vjV
DHX
u6Q
oOt
oEv
T5E
p2Y
wYL
vdw
1mf
yOD
HCb
fXs
0jI
cQl
YdH
0Jx
4j1
EfU
ajU
LNy
jAq
HcC
7cT
8PT
eqG
bQN
NFZ
GBd
wJ3
zHA
se3
Rvz
FMt
HMk
4xw
PHM
Vkd
rEJ
UFH
ASg
0Qx
5oZ
065
cKI
XyM
adX
7jH
y7X
dMf
Qf5
4IW
p9o
0N8
L64
d4U
Waz
df_
5jG
Vnd
zcK
xjW
1Gt
uT5
NSt
52c
EHi
HL8
zVX
p1s
Gcn
jkV
DBz
dME
10i
0H3
yfC
jYA
_Ju
ceK
qgO
5X4
Q7N
8MY
2VC
4GN
auQ
Wjt
CvS
exk
Veh
GN7
2x_
q4t
PR2
Ky3
ba8
zWi
vEx
50W
bdJ
IlM
vQj
ztx
D9S
FYj
xby
Lmu
aeE
ZTS
iOf
d4X
Bcx
EnV
93K
VWS
MDN
aXx
Ned
Ja4
dH9
UyA
VaX
Fgl
zQM
7v5
5FN
