54143
43381
77810
88466
82081
57343
37509
12786
80184
80819
81908
39714
118071
107167
45129
101971
118811
117131
81410
8916
60386
77131
50595
26310
60132
16317
44655
24232
69758
94369
91241
3759
79330
61666
90689
45953
39107
72417
92868
81834
5875
85691
19792
92424
29589
6836
79056
11321
112662
58895
5384
37278
73164
110585
41460
63136
26063
86830
36852
39891
99938
86299
32863
28495
75049
22388
76385
68782
27385
11406
114567
29292
40856
57815
23183
102538
15813
96303
70214
49896
42201
116669
90653
107275
70778
21782
14241
114106
40632
82920
80826
49205
60382
5375
4822
6103
101220
75652
47379
45723
11248
103749
35917
12953
13882
3296
66486
57234
105651
43543
2562
10568
91066
86533
10773
532
113543
103136
88699
108329
91209
13752
80753
119247
81201
60346
95695
65588
40223
89485
85181
59536
