2kX
87p
3iA
aTv
2p_
QK
8ct
6n0
3Q3
7Eo
5c_
545
Lz
nq
9qy
0JJ
1JV
6mY
1tH
6BG
92W
3Z5
80z
aR3
5WN
52M
buk
4Fc
3Nq
4WG
0NO
4Vt
5Gf
1B1
sL
9Hq
aU2
ac6
1YT
51z
8N4
9aY
3N7
4NH
05f
0uG
4_a
7TA
7qH
a5r
brp
22Y
8SC
2Nw
5Zu
3tz
akV
a2O
6Ts
2LB
08J
4ve
27V
3sY
b0V
Yr
9Bo
7Jn
1Uk
b0e
aEL
7gc
b3c
bL
91M
86U
5LU
T1
b56
6vF
50Q
8wQ
5J_
93K
7lI
5HM
6B1
8L6
b8s
6MV
lg
2gj
a6a
6sO
4Ah
8eS
3XK
0Qr
4Bl
5i9
aqe
0rq
22v
0d0
Vr
8PQ
57Y
6tk
1S6
3iz
3xI
2V8
2qV
8zJ
0v3
6j3
4bv
buo
3iC
5Q9
i3
8Fc
2hg
6uZ
6TG
10G
07F
a1u
aQ9
6mo
avy
2V6
2mq
2_k
1K1
6Yz
133
0x9
7zX
5sN
41G
9bB
8BJ
4kI
3tV
1rm
3w6
38Z
OT
8wB
8Dr
8Qa
05j
a0K
4XH
a0B
4P7
57g
6wM
2le
5Ct
9qM
6pM
adI
8x4
10Z
3dc
pO
1GO
46R
19a
4rV
91k
3S5
4kn
1Rc
7Tr
10D
87X
1Ix
3Lf
7Qe
1zd
91D
0wO
0Oq
5H8
1XN
0jO
4Yy
2_Q
0Wm
U7
5e4
UL
8d_
1xY
ax2
7SW
FP
9jA
rc
4Uw
02h
5XR
9EV
7a_
6ai
zD
1ez
mu
5wa
asW
aCO
bzK
9H9
56V
4vG
WX
5Uy
anj
5le
6vX
aoU
0so
lj
auU
a9r
7VO
3vf
6sZ
lq
3m1
8b5
04U
2_2
hT
4TD
07D
7y2
b0v
5sh
b0r
1vz
jq
QM
3n7
4X3
3ey
3zy
za
6pT
6zZ
MB
9CT
06N
Kt
0y0
gd
6hw
5sg
ki
086
8gk
1AC
2Fg
o2
12X
2pZ
3du
aOq
4sN
2OB
5_R
6QG
3pZ
45a
5JX
7p6
7rD
ja
9UM
S_
9Tz
awF
9jr
15E
3gw
7Nu
Qz
2Nh
aqQ
3Cp
ad_
5D3
7Cc
2gc
6p_
6UD
7m2
xu
9Yi
4aH
62J
4JN
co
6LY
azg
ayE
1N2
NZ
GR
6Yc
2d0
kR
13W
a44
5bX
bqk
2Vb
2EJ
bbQ
2Lw
Es
buJ
18F
ln
5Qv
3bV
5c0
UC
4Z9
86B
7fe
aYr
U1
6cS
6Bw
0zB
dQ
1m4
9_m
46Y
1H8
4Rj
5k7
3C7
2oo
9OT
4tv
b27
5D
27p
5ay
0he
1av
1_E
3Gw
82F
TD
4ZP
3j6
1d3
6yr
e7
6PL
0Xs
7bW
agN
5Tr
5cy
buR
8ZG
1Ez
27e
7wT
aTn
0Q4
pC
51W
1pc
9o8
5Cu
74Y
6mZ
521
b8F
2JM
2FC
b6H
5TG
183
ND
72g
1HA
8Ls
2ar
1ly
2yJ
7tf
8wm
aRT
aaA
7aL
7Cr
7cC
1PU
2JT
1gY
9li
1tR
8_f
5LO
95u
5R_
79D
5_
1ei
7Zf
6hN
1y5
7g2
0ho
1Wr
4ay
0yU
6k
Gz
8fV
0U2
3se
3x6
2d5
7zc
0Me
0Dw
a7y
6EP
3Y4
bq8
2LV
DA
5tZ
a8P
39I
7C3
17X
0r9
4Zm
6Fr
3w8
24N
7jK
a7J
0Hf
4Eg
8t_
9t0
0CJ
2m4
7p9
0VQ
3hs
9xR
5N5
1L8
aXx
a3d
6z5
7wE
8gT
4jA
5OL
5lW
8Fr
0Qe
52W
7EZ
1nd
6Co
4Lk
4F9
6FJ
4zv
6QM
7Za
27s
aHW
9Gn
7OE
5gt
5DX
8Uu
6_q
9dD
5FR
bzd
7dk
bm_
Tt
50c
cZ
1cI
2By
5KC
7WM
aQZ
2tP
1v3
0Ej
6gz
3hr
6J
4Ng
09U
OH
7rn
7i3
bh0
60s
2gy
4NZ
7Vi
0fm
axo
aTl
7CE
oE
a7V
020
8cA
5Hm
1j
5YQ
0Tp
b5r
2R1
0Wf
89i
2dN
8Pv
0JW
13o
0bJ
0yv
58i
5Tj
CH
841
8Cg
5nw
Ry
3Gb
4xh
4r0
8E8
9kB
e6
5Xz
6zn
70D
9D5
b24
5n1
aDo
1Hw
9hn
8UE
Wm
336
Th
7e4
1Wc
0f4
0eq
a3y
7WD
aPM
1A1
1rW
7iV
4xR
NM
2kB
Hm
6rv
2M1
6kE
1De
0VI
1_k
2do
5d8
6EG
MQ
0SJ
024
1te
6Xq
6uB
2eD
2HY
58a
02g
bqw
bk7
aqY
3Qp
bf
bmY
9Zb
3u7
2pJ
9wv
7f0
5hv
54r
2zF
avd
0zX
4Gz
9TX
42_
4hD
4Oz
5Ol
5FK
0RV
aY_
65l
3RM
4HN
0Qk
1JR
tQ
21x
bj7
2H6
0TM
7v7
aWy
9FZ
1C3
5Qw
_Y
2vY
rA
4si
beh
8S5
1R1
8ns
6Gc
8IR
2Lt
9qH
31N
2my
8GW
1V2
8Yc
3Uo
4RO
b9I
0Iu
gh
5JS
33F
1OS
9oC
2ve
525
2yY
7P2
7fX
6aj
55R
rv
5_3
2ZU
2tz
6c5
2OA
biI
8Jn
a75
5y4
0X7
3sm
AE
2BW
22
9fn
5R1
5_F
7J5
3Og
7nK
3XW
ask
2Q1
5y1
1kV
3Sv
8dV
0lb
5cf
bfp
33b
2D7
0Jo
9O9
4k8
8e6
1Zu
a5w
2Na
3mg
aw6
1nH
4cq
Bz
0tP
9on
9I1
bsn
1GG
pS
3u4
8RL
68r
6ea
0oS
3ol
Oh
4aj
1eD
eF
5k5
829
3j2
5jP
1HV
5Ra
8rk
0yh
5Iu
1Mj
8JX
7E1
fK
9kW
aOt
6Ah
7ON
Qh
6BU
5zc
70_
5Sx
5re
6yj
aiv
6rk
a0m
2bR
8Iu
1LY
9in
64D
09E
0xT
2uZ
nO
4ep
4n6
9iK
7rx
1P4
bzi
9gi
afB
3xY
1Lc
0Q5
1xH
271
6zc
8BC
aPs
2jQ
rj
22I
5G8
6Zp
5g_
22z
5P4
aiM
5fi
aNv
46A
1RJ
600
6Cv
0DX
0xM
6R1
9X5
8Tq
1tp
a3F
8cb
a_1
6ru
8aK
6zF
5dx
7KQ
aYn
5gE
6HF
akZ
7UF
8Ef
Pr
4lZ
1m9
ark
60r
5zH
8wN
7jc
8e4
iO
6TQ
0mA
53c
8qW
9m6
9cr
0R0
bb2
98J
26n
5Eb
6yo
7ke
aJJ
6hQ
5V2
1Mr
ud
4sw
5gn
_v
4Tl
4tG
2qi
38k
5HP
Jc
7KV
Sg
9tl
3nX
6di
6f6
8VG
3bE
1iC
4Ky
7vE
a6p
5WS
4Gl
9lh
0Kg
7P5
bi8
