47356
29811
109500
54121
4643
61505
108556
100865
21073
101824
55398
22317
58063
77173
54354
41837
85993
62331
65845
95558
16303
2920
15983
74040
85488
46699
94351
49793
57649
27955
109519
31809
10643
44466
51192
29420
52942
9323
82102
66857
24251
79239
74090
36497
97080
104620
97180
72522
32638
25693
18517
67608
21589
99293
50805
33937
61856
47647
97611
1275
3356
96025
49552
5937
79005
40853
1134
19869
59487
51642
71142
91247
42519
101698
49476
29649
45278
100091
35761
18533
24315
53352
32034
22524
57373
1322
99911
31984
9651
75499
60406
97838
36210
44726
97310
88995
33327
47075
96278
85509
29963
57707
109442
62152
102181
31357
103361
74674
93907
43308
105021
17785
102251
25361
107632
16822
10815
88675
89760
25035
16871
22991
185
36176
4487
108564
108810
4895
82217
33405
100113
45361
1080
28538
16644
53164
41729
37377
73188
83103
28166
99820
52362
56965
102994
108353
55738
63551
52870
63502
109701
72139
49963
9458
92234
52210
22706
52353
107337
17899
77137
80251
96922
43298
5748
34824
70478
63851
27684
15516
33874
27424
91345
23594
30386
108978
39879
107113
36822
91000
104631
89175
109350
619
94206
67586
97655
109257
95827
12435
58744
91496
105157
22850
90026
87000
41052
107475
20510
19102
100276
69286
109716
59692
45271
50350
100787
81961
87216
47633
101237
82524
29115
30763
24892
92212
54775
104949
99598
53214
52093
104114
80897
51025
81657
36294
73474
51938
12662
6426
40624
24795
26208
1784
22013
7016
109141
51746
56061
27657
51971
86971
104880
56292
90238
42667
28744
50438
37041
77796
54361
55676
61686
4845
97460
15926
82349
108799
18810
14778
78161
90069
70430
44806
72831
94599
45707
16522
76464
18788
60228
10763
49296
61157
11347
51180
48097
31845
53422
55527
91009
11558
51212
22216
87277
92867
27581
37896
109892
32072
58360
55993
78339
9811
61968
91547
87943
91494
14334
87358
62517
16353
103735
42060
17996
24711
64111
66711
31151
86255
8115
18291
92524
94982
9048
87929
109115
59288
10780
102596
42797
52675
43214
104425
85120
51126
7987
109833
11101
49559
109784
9222
82144
59279
66817
48516
57547
78611
18015
10173
73582
39422
74754
108520
100041
35037
103312
16761
52901
87204
9818
39251
15649
36069
65365
83050
33656
92103
53016
9205
15941
91689
22331
45938
61343
33946
64779
55359
9657
39311
46615
95094
67165
64960
76924
9001
49828
22292
47045
6957
28067
69661
97367
64403
78499
31540
7399
90708
13204
83415
104561
64453
24595
86713
1422
98236
9864
41793
25146
10025
89506
23966
26856
2346
22353
2584
63051
41803
53770
149
96039
97502
71295
45184
73211
97883
55458
83208
77240
81380
11865
92834
40922
91867
83426
25931
35159
18481
6275
68507
49444
43367
4891
25531
95555
84888
34661
108862
107681
74578
17320
99970
76438
45445
2287
33144
5156
68361
15619
31033
6848
94878
66427
59710
54119
79844
4884
34183
49494
5116
14214
89993
105816
9643
105359
50009
67155
58497
77210
69586
12467
104107
17096
84512
21921
11601
20484
33927
30342
58272
94596
59656
9879
56024
50454
88734
24919
53084
63005
75895
93799
47664
56400
5494
6349
30035
106833
12324
18845
100010
70415
106190
41537
81518
87656
32678
53666
33347
41120
81624
14703
70934
94465
92996
100841
84149
12306
31647
53359
92882
13215
38998
69867
59072
28960
10283
26476
87897
3770
30528
14518
42790
96976
108638
98622
6918
81276
39222
73239
68671
91951
77315
18489
30689
69998
103935
55786
23221
9988
5243
34929
83440
79230
99272
93068
21448
20318
93628
69963
59688
60825
56309
6927
82766
99222
2271
9459
56073
48099
55620
72756
46432
13277
49399
35891
46173
14174
96003
73437
73868
77189
87789
68216
90376
109751
92003
89680
30173
38454
58314
238
93327
75307
2706
19398
70961
49853
63811
21897
16924
62137
90336
97897
59773
41232
42496
22045
17612
42677
2630
87486
61088
23837
17796
30160
72719
61571
102207
38216
20110
69492
97936
7555
50218
38871
95846
102818
102891
60941
96390
62565
41391
4744
23083
6577
52653
9372
108807
23704
30489
57994
23322
41787
103694
55259
20453
14198
69471
104063
6733
58395
72315
46135
68054
72952
33092
87129
36768
401
62919
102857
98664
6163
102082
92640
28277
53897
105559
23906
23498
6877
65855
39250
58788
22831
38574
81285
18882
47464
25525
90836
18791
15587
93697
102329
24857
87822
96254
96765
69184
97949
9014
57248
97762
46204
28913
1848
32757
93535
83439
47989
89940
84556
72236
9289
17682
66895
19320
41394
39916
90713
54453
48985
937
97729
49965
10370
5252
51763
86398
105576
33680
68825
41253
99758
67862
65199
67424
51328
70761
76584
83297
96636
4901
27179
3375
49962
21456
35104
77806
57695
34064
75899
9767
74384
62207
50656
11225
101473
68079
40354
18357
9535
32976
4143
104122
12218
14810
80059
29123
59954
16344
38347
108622
26109
92521
84891
91995
101976
13123
21533
7143
51257
31387
20073
54894
93187
40012
36227
74153
18948
25495
38518
5883
53200
79301
94816
65752
109151
33940
13977
17902
79437
76393
2170
47662
52008
16835
65424
2590
20953
27161
80222
59031
63832
23029
46703
107306
4109
103281
81939
14856
13076
91621
95913
82620
37888
11641
17780
56363
63836
34428
64624
6033
66399
90092
107525
55196
77675
89738
68631
102985
87673
44907
84164
84947
59120
82702
101603
84559
48364
34240
104193
74623
84173
64562
79134
21996
99203
24736
80215
84393
83659
101949
99946
104448
73835
88372
108756
79055
47173
18377
102249
70206
62510
79511
46508
63399
88822
38030
12649
31471
68462
102436
73800
91916
617
36523
82988
42417
92628
24802
95155
195
52292
38459
47456
13891
61039
88980
17838
79081
81747
53297
87082
24684
16190
108460
62347
102591
70198
36859
108871
27300
63316
78527
102648
29442
34617
89343
65340
53387
95750
100348
56649
100102
100676
69605
12483
97904
73704
42084
6718
17829
21408
92114
39887
30804
91586
73935
15010
78118
77787
72138
69624
61405
36982
75592
27570
87313
29272
56961
107246
17965
101186
5475
96863
28172
74668
54808
104687
47079
109212
97652
77285
58552
3738
27342
101928
7113
78655
103485
76471
103968
21328
26186
69239
20538
28361
56100
83897
54707
69718
109664
86361
92471
59179
101271
3437
31165
51310
26716
53444
78027
9960
90861
107646
14638
107939
96434
27795
30312
49665
6266
70631
34695
50333
89316
81800
86896
42891
80765
8445
49007
57386
54849
70095
74569
11319
16182
18262
26489
10107
59539
47074
49527
102700
27207
1894
64581
7876
48718
51019
28604
60263
9095
8801
73686
13381
100530
56153
27453
95111
23701
9902
90299
75817
43431
12627
43387
81091
11707
31425
19910
75852
59544
41635
33541
90529
62056
57061
90992
95718
43911
52842
55708
86073
4839
55683
20703
28876
85090
65082
22123
39713
10117
93070
105123
86606
97292
12919
29293
3012
56790
99643
61957
55764
61930
67129
12332
26873
56137
85578
86648
49146
100447
23212
66406
33689
40047
19822
75619
61412
35750
51895
73942
27518
71895
49723
88599
8341
85294
18879
82044
22305
29228
22548
50752
30286
72965
33399
59217
72782
10390
60790
92979
83384
30919
100903
45603
68820
101918
36565
13624
