134245
82770
94130
85700
85515
96800
111046
92081
29292
23175
147705
95666
90073
4688
107242
146388
3292
20041
128617
46229
7814
44936
95340
109566
127438
21938
28372
86340
136300
51229
54197
19471
77990
79561
13980
37315
112962
73290
88242
18616
46402
64258
144769
126316
90862
127250
65642
129892
55402
103557
107245
46993
148023
39514
86719
18658
123638
52717
107025
91794
133244
34001
137033
5260
87320
115681
30017
75320
36812
85210
73738
52550
72365
132723
46733
7636
39853
57965
83499
147546
36531
71127
89668
143235
23082
61343
131310
139431
80507
1243
141087
71588
117298
97305
6336
50421
80305
23651
6386
21744
127648
96631
59612
76770
98856
124578
143231
86356
128123
131123
14920
52191
60987
24106
100459
48650
81078
107868
23178
77826
38021
93665
112843
81402
54695
25322
137489
37341
139368
24499
62115
133133
143708
70346
25072
125723
103722
6299
55407
52120
78324
66100
51425
3529
53377
115403
29034
30716
106120
58048
27842
79458
109027
145915
102203
62098
115948
141056
33945
125964
57942
9265
105935
135298
2170
87254
122803
128887
125555
3793
149107
31710
36292
149958
98206
9013
113181
58464
63031
52739
79324
136161
55860
139348
122731
101077
66272
86870
21133
46730
38898
25154
67669
102460
125830
80983
68437
101508
27243
49833
30083
93174
6921
114962
35852
53676
119365
82417
46311
96475
16217
55136
46832
40373
29240
11582
64393
105271
19800
86777
117093
132737
50081
148488
82368
146331
4697
138097
73945
122002
37753
143807
74677
13135
16086
98070
3613
8187
140922
66563
138817
146584
67735
50154
118864
20208
64275
7973
70770
77663
18456
91226
109690
132924
71205
119285
96294
58838
60518
68904
131270
33690
50842
148136
49005
17287
70985
123205
145641
80552
125935
28961
47038
93428
24884
67827
19355
116351
14348
95232
116779
97691
23144
115443
122681
87373
148861
45624
74056
30966
132967
50061
147720
43944
74154
55462
77341
101249
22953
62255
94635
63296
121776
47013
117526
6259
35883
96233
9690
63679
76895
140239
109235
106556
52965
21103
106665
43366
82725
33990
7302
32055
33406
61239
131604
35690
83242
134247
110826
116808
100531
69930
36927
97916
1875
123582
50720
117196
133944
128695
39551
27720
111339
14260
5652
34907
146987
56630
19279
82745
5815
66313
100133
142246
10072
56197
134088
89256
2383
118822
119665
61853
60647
116136
52421
74026
10121
147307
119335
117432
63331
43570
35411
105450
141998
126188
95864
76585
53708
44189
92079
13643
148565
44832
142370
21323
130751
142080
132073
126426
131544
23110
66230
31221
113947
108936
43198
33584
5504
129090
2672
53447
4498
147492
87931
55414
51383
55574
60792
32464
90528
2133
87056
59883
78566
28965
67878
128172
103028
124203
9230
12950
100692
19964
19614
80532
24788
82840
75870
143031
69118
91437
9682
54694
37649
143125
75445
98611
111761
113115
3730
111052
23894
20109
144554
23725
13889
88929
89837
110589
67299
54817
71470
135600
26981
3238
137815
142598
104870
130217
61535
110082
8806
77819
52090
5110
42097
123191
78182
8035
35076
11196
106168
42248
134025
118072
131055
94599
129776
55431
142637
138338
135012
62445
7888
130114
46181
111322
41608
47951
67654
27261
96828
65485
32954
132343
1639
110062
116854
42604
104875
92901
924
137964
55039
136550
124282
2682
40311
26286
41465
59232
3458
40398
39175
76314
28803
29803
24948
68548
37857
57397
82622
137643
129860
81744
14417
25686
33794
10235
102644
4682
9176
62143
24678
107348
87570
134673
33199
20387
91393
41827
65249
81616
24722
43119
123915
131146
15495
112810
98868
90457
136715
5044
122998
57451
114284
65055
112495
147591
66015
53077
85401
137760
65072
22587
127347
39300
64296
98310
95908
56997
13194
123886
108058
39485
15062
82055
121348
27815
79074
30070
138755
1697
120733
104233
50937
48671
113466
17518
114584
65811
134550
129814
147669
2361
93557
87872
2142
46501
128340
138461
68862
62388
149890
81400
28036
46795
25019
35703
135172
144054
98102
20416
67746
13550
98728
84344
94094
55083
61856
109216
12883
99086
3293
23134
56625
6926
138918
141901
138557
44476
147792
41708
145298
11670
16426
137797
32654
96279
141233
131997
18971
118566
68974
5925
90219
36282
75481
138356
108559
6036
87639
8435
8449
108437
109729
16513
921
20308
123697
146112
67689
127097
109614
124054
33719
128121
99280
91365
69566
51498
122506
72657
21019
69216
149085
89619
95339
139701
135894
104685
21280
137577
30019
132259
93488
113281
86863
82638
45345
129723
45997
35144
69755
116291
38274
36829
35501
32595
120616
62370
120152
122433
24349
63847
42686
72492
21774
91388
48102
99973
66129
31237
127822
129236
115446
44910
141469
116909
68009
29850
148593
1373
13757
44583
104229
83215
6020
29042
96565
105853
40873
33133
86893
108247
149267
51473
7766
87714
145928
21001
69352
53671
57504
42862
1952
123559
69436
139255
50950
78985
3596
10339
55549
44380
26253
8027
1644
85353
90104
92452
3035
125043
35201
73396
76542
91654
92264
109060
140956
119331
126047
58958
86131
143006
13577
74287
133627
146605
19931
136417
48304
32147
75778
124106
41338
74358
118230
121767
26548
2896
67747
58773
81300
86108
127518
24259
48290
121664
143563
122966
85087
32390
45819
54485
64273
74632
102305
120248
74332
94869
14785
143937
149730
5284
25133
102747
130729
51549
134540
139495
132674
27280
94669
4041
95602
99625
111674
45627
59809
2535
96046
146586
38644
52231
31161
35599
73907
8102
9476
23491
52009
148392
66290
126761
83514
63998
81604
146678
1449
121981
29845
71196
79926
87560
144460
35344
132877
85463
122931
72523
45691
108043
126804
126450
79513
59333
101418
87110
5029
70910
45156
96251
34105
8462
116317
55411
133251
89992
6057
35356
23859
114123
118620
24647
60682
129802
29333
40180
10359
106099
124907
134596
132351
54722
128133
97848
63234
65574
99937
29467
107935
29773
69018
72383
84415
107144
85
146031
59377
106979
11736
136755
55550
82669
142050
61599
139068
115229
14655
109924
62154
125641
40076
2213
127338
114483
26068
92732
15534
135103
113173
89245
122383
101167
34283
144204
82821
35850
96644
120355
49466
39668
129287
56071
75472
41530
105949
147962
60415
39239
112022
92439
120651
79154
133029
47208
13043
86135
83894
147945
52866
30864
23572
147184
4743
119388
58557
98546
75892
97128
29646
101601
130247
23548
53175
100475
117412
124298
13139
141397
35856
32010
11312
118509
1322
133734
5033
139966
51488
8358
122756
20949
97850
112173
70139
114898
109289
125330
57864
126591
63149
73968
92155
119647
137748
19069
78887
123995
46091
117582
55842
130470
102350
113457
81740
112712
35736
11908
71882
23532
28179
47732
93344
89744
112525
101341
66244
66562
7381
45198
119440
59532
50117
148838
55650
63874
46377
10688
65097
77469
119914
102370
131639
108919
79517
55952
76177
71141
134051
60109
83002
30604
82568
123236
14982
124455
78509
136453
138174
88396
31442
49620
65221
49741
34610
113261
147128
10513
107560
5350
83698
143384
73345
124324
29241
80187
105374
92481
59167
80388
44956
33515
22030
70195
42825
53103
44188
128584
29978
97112
142062
68234
24050
85538
14987
114670
134900
64248
79293
71949
113299
70967
21169
143629
39932
82569
78715
57394
51369
14201
21109
11488
82184
77862
17145
98737
36479
142524
60183
119533
106993
14237
139400
58530
34799
91811
108189
10345
132009
106671
22193
132394
65839
69561
124211
15446
49132
136106
54497
104254
38612
107435
15473
123026
91977
80348
98548
6626
144844
106808
53382
107076
40111
90431
21345
29217
117448
129031
46465
16878
74097
79020
25394
128398
44305
39907
52955
6770
33080
72297
86602
119386
109564
72943
90125
47233
31620
88515
112675
53542
102393
110692
118227
56890
21298
146901
54860
146428
121862
92877
69043
139308
138622
101812
138436
128091
85299
113050
97312
98561
60453
94529
121942
105884
106472
76581
96325
139299
67344
88082
80605
38092
109177
105682
20714
24482
26776
7456
94233
65345
147375
51880
20658
24127
54368
2794
16138
131524
120477
83672
93408
131255
40684
49805
71213
124253
123932
101084
21557
124124
133433
125515
59521
38319
27284
124001
59556
97893
93947
132115
104297
83015
84374
93905
103887
15053
82154
130804
37836
116722
47615
37256
56576
76451
33484
62518
91454
40843
121627
10536
108534
59691
70013
73044
55135
104181
138201
69778
39562
14209
142400
137467
24421
30503
26922
78142
73977
122040
117712
89660
112175
103973
87808
31220
61848
136291
112442
24117
70989
71450
120763
130149
90302
119426
91502
61029
104481
50845
31232
87854
12265
31260
140101
54565
31398
74065
84413
149079
19090
83489
126192
106142
46175
69234
36204
6034
140142
5087
99875
85941
8836
140088
123030
114163
63028
72313
85168
87410
109845
48121
89082
146164
17405
90213
54862
60218
130863
115764
31654
121680
14853
38147
96948
44951
87967
137506
137029
56692
47527
59750
13271
23241
22091
46116
94804
77809
78121
76148
41007
43270
11516
62482
144806
61090
22680
35683
107572
131543
36368
129840
124538
121237
126550
31204
31861
126349
126965
124591
51187
16827
106447
122249
62050
132625
49835
111993
108579
59477
64094
13615
48425
132588
96207
82682
74466
133397
3370
121610
53831
19150
143574
107469
117647
32798
47861
24899
19589
127566
52895
141436
130783
46193
1367
73397
72181
8953
84077
45574
57822
118161
44928
138689
69818
814
42678
77040
121405
48625
243
132621
14060
63340
82049
1605
84042
62434
37841
56761
108482
43835
101452
87710
9859
33173
120852
108910
107765
28565
21318
54644
33511
87093
72834
26901
121962
132413
43801
120816
127452
42211
52651
107071
88956
86408
33308
30646
118302
95013
40066
138008
144750
80917
49273
143047
21365
132279
75516
48465
111789
82149
93187
60208
16704
55435
4589
40836
147581
105173
73600
44719
34002
92219
105017
60496
20868
78303
94196
93655
77836
149950
30767
139713
51647
27655
90208
118538
147336
41871
17520
47975
5699
77577
84394
112419
14690
73334
88508
62359
15826
5032
72444
142211
2336
95440
142293
60523
49696
62682
122207
63185
85601
71660
64183
120458
137095
113306
56675
95778
127264
36767
12051
78738
117305
35617
36568
51422
34057
114166
121320
124533
149819
122708
56387
66499
19404
53127
118670
1436
17069
8704
94493
50534
111849
59679
77488
92364
20066
109420
36542
139449
29416
49526
115951
147729
53522
138738
77481
105127
136746
112002
13646
76097
100601
2189
28932
125019
117898
119885
131044
5071
27306
41633
113790
99788
8880
79986
106756
91608
58288
63841
616
88168
27488
114104
114824
17461
149285
66278
26686
55791
33619
80300
112610
60312
12663
51105
79543
115251
138911
80020
14890
23623
100296
115545
106691
108112
131241
129349
113229
40978
100946
26073
21579
9170
10649
59256
39240
116268
81713
56879
18579
133960
130185
10247
11628
130643
56921
59349
63098
122171
36530
62596
54028
107819
20743
98427
16548
115750
68449
115463
53349
104804
66717
147912
133278
111305
85697
48950
93407
79131
50496
27344
3297
144920
75270
3848
39597
18416
39904
62683
124863
94503
14062
127855
111077
46018
7578
56060
104407
115416
86967
79363
54192
102017
127435
2736
129836
84879
128575
27046
79558
82022
63830
130654
65577
81642
50513
137974
71403
5304
13707
64256
132369
38228
112702
12897
95845
26771
18107
70450
24026
145203
3384
66944
31623
146246
87797
95798
43928
92897
139383
128909
60652
111860
127964
126968
39591
91422
89209
37932
88860
76249
125281
123875
144194
83418
98467
14385
7446
107517
59032
149802
24121
5990
9901
21154
31786
58546
33022
56698
49523
107285
112917
90421
113128
9773
48639
43603
103225
116355
129038
98825
58762
134218
124616
105080
78573
60359
4314
20984
90382
29445
106294
139728
46373
23919
118637
24164
81936
141889
7133
90489
6514
50415
123613
122437
83591
128513
91775
146319
16724
79541
64781
49447
34368
531
34813
106836
43216
5311
121263
145520
41681
55597
35786
141013
36801
68428
79403
10753
140837
46583
73543
129939
75229
89489
103456
1358
126980
36350
50467
18231
44967
145871
147065
133399
72888
57561
34531
148844
42441
86191
21610
99569
27161
83922
139081
101231
8138
58094
23141
80256
106097
86357
116589
59210
45733
47501
36868
98909
120023
109008
117644
19967
21910
41147
74792
11542
96819
28887
69734
2232
83762
7977
100703
132396
60199
70845
84122
100666
106790
139351
146900
21623
23693
33927
57882
112796
149452
72799
39510
49776
11237
74970
37722
120247
134240
56200
62662
41732
122796
85075
13927
90622
3976
130956
6280
19235
49300
50703
7813
19898
127888
65112
125833
42822
86431
77222
113756
104834
39230
88459
22565
135174
109640
109943
121488
101636
76523
141525
113175
52566
91438
116492
7006
105694
140681
75746
79509
68138
19616
49281
85204
48512
133024
140571
2184
102537
97521
66865
111040
36470
81644
90284
108278
52245
121451
117278
121342
41743
90641
33409
140213
120128
55781
119314
117906
39585
24108
122952
5300
72967
42907
129473
61964
133822
27476
3402
129767
82678
47823
75727
53762
114717
25552
44332
128145
2060
34895
6825
57840
132373
60931
118481
56553
112015
65063
27826
93581
49648
24166
91748
83933
45917
66071
72510
120338
138283
139007
63713
124712
37777
32331
125285
58353
41051
132809
51858
8265
25172
53528
40142
144048
134746
67405
26140
126478
144161
8269
91570
30210
68842
149647
76795
79169
34121
75918
20627
132512
112058
105265
42352
5742
84271
94634
54186
10584
75371
92422
105823
80937
14210
30762
123948
25569
144386
119765
19084
81544
30879
56511
856
52481
15085
29362
91650
69211
135076
69647
103349
51765
98732
49278
45260
120868
53769
120480
61854
135497
32638
53777
3841
74587
134244
46321
74511
67643
73720
108813
130611
149966
95488
30221
16176
81519
75347
123487
142966
147593
102154
17790
67825
5836
45245
125852
100626
3178
62734
44831
95480
77805
121012
78672
53533
192
14128
101196
55374
148622
139067
84753
85189
57426
48888
74801
52876
101931
110231
19542
114646
137267
147443
130847
127321
9605
147919
81286
134183
124307
102835
14941
7012
9718
96967
49981
36305
60080
104496
121860
131489
100260
55846
108358
4258
29243
143356
96217
71163
109814
73825
107235
124932
18162
49406
75126
3446
18406
141485
86197
26218
53368
123062
139629
44750
133436
141463
81823
8480
5275
40196
23291
120490
106629
32247
7167
144765
56914
22763
15034
47944
144447
12000
125737
40214
132662
87456
95518
88281
106983
80206
90341
3287
78615
38288
55334
59257
11957
36696
59981
93269
42028
142796
19159
67926
129084
5280
18016
61438
13546
133290
66838
32124
110521
73129
137156
4143
95933
124588
11691
84214
43803
107333
46728
5912
5146
21520
120258
68979
110704
59660
77067
41438
68368
49175
120630
34406
72575
24268
123250
73342
19101
74446
120512
120562
5979
61328
4597
31669
80622
101826
106724
103591
133190
68429
31805
127779
3082
106078
909
126830
954
60460
39135
141499
10231
14451
129618
24391
35541
123440
143170
119782
110285
115337
12178
90956
50126
118986
81327
53876
12829
70203
43409
47805
143981
29965
67360
92273
131227
132377
145121
112227
93389
74847
132280
46505
103177
46560
79651
7350
1754
80550
83605
84192
117484
121784
52568
67555
35404
36174
57868
88300
5918
2810
92516
85291
54799
20689
100618
75505
71904
28819
110952
70891
146518
123958
29842
126010
5856
67562
75063
140646
48960
78748
17774
23344
98127
40753
140848
145152
120493
106212
17590
139907
24964
61086
109109
121017
38116
34273
16985
117232
41114
68997
32572
110822
23195
104976
8178
49507
5789
57391
116485
38630
40867
4066
109200
21458
28121
122138
76649
1822
5832
59611
6268
25000
15092
140423
6023
101885
22410
43090
112791
41103
19403
25419
101093
125366
95962
31345
69251
92378
81207
129389
92822
61767
68824
147658
106040
67123
68335
54405
84769
58467
97604
42164
29335
105634
94791
65559
117130
6183
93001
128261
17689
66325
114819
60614
133829
52571
85127
36508
2285
12245
74919
97216
77094
75227
106539
61922
10131
82859
125108
9999
106067
133677
55057
69180
2518
133575
61928
143004
50806
138427
112126
91482
107564
38427
34719
137909
40100
102490
98484
66345
79073
65194
38506
88277
859
17969
108384
100355
118316
24892
85760
65846
31816
21321
97591
97922
74824
10491
49578
116435
116296
90082
138672
104577
107040
68565
84850
127644
85516
123088
23173
147986
104273
58952
78049
66751
141488
76308
98404
78623
108471
93300
76027
66772
28109
19884
42909
141519
55962
6327
114075
11464
4862
4998
139916
74125
54941
67676
28241
81072
33942
60270
51106
119606
108095
148334
37873
107283
120171
136883
56327
124395
48371
17850
44934
139119
57752
81680
52290
15665
135540
101174
32463
55481
34188
10844
110744
107113
131998
134017
62475
143692
138947
126858
97445
61434
53498
58394
15188
149695
99651
33673
146933
67196
98930
108236
121906
23057
140877
132591
13140
71521
85808
1771
53948
30189
31724
120746
99927
43529
88823
78388
84645
38204
81237
127003
6190
122123
47680
29739
136916
18628
24885
70938
114724
113818
65161
68729
55018
80616
34923
122833
15911
142983
73069
90781
2327
128420
98381
141051
76045
21223
83602
110324
129075
101764
88788
96936
114331
22398
125318
94837
144432
71124
147557
86698
99418
118061
110992
134074
103231
47969
94029
84928
91119
143090
29911
149291
138313
98306
148971
102361
19304
794
43040
66237
147688
100551
119933
113831
48135
134611
22989
56838
121861
56863
683
118740
6783
56226
117457
58700
134921
57049
23689
115734
91308
132636
93066
41390
91877
64880
74031
111524
16449
97555
65665
129588
45660
61949
10926
27991
64124
72787
69172
1154
12743
84100
120220
129846
59737
98907
89194
134179
55163
86578
103848
60382
128890
72
18625
90860
123931
38526
48374
83617
102004
47621
60107
51440
61258
116097
110915
90888
134161
25801
80176
14099
22366
7500
34633
47904
