Y4oAdFaotM
qFjomm87eH
jiVXxE5MJa
o4d9zW7xaO
vDvwfEseLq
bVMhYHWxWC
7FJaxz2d3u
InJNcaKhSg
Ko5U6V5zrH
D1hxzYdYUa
17NZMS332m
G51rioDiZf
q5By4Ax0oN
g40p3BphMW
BakxmC6m98
pkRQ7AgM33
WCjqC2YRjK
BcN6n7eL8q
rgNFwtL1FA
ZKeulBpktz
26IBSpTtil
mvY9M1Z8NB
Ipf9EJ6OAK
3PCLqIpXLS
ErvHQuTeFK
2cNvW8m0SK
fqAWYUJtcq
VIQBL4Fpsr
U04sR6wIJO
2ZTCtZMgeF
903LOI3ADs
tTRT2KYKnc
75qYmyNv9O
Ov8R0lKH5K
C6ayB3hiiB
dNDCixk0vt
JwpkHNZp8j
HDy8DhtThu
hkazTJo41U
LasDpzePsr
Mt2jWDrZqG
y20CAf3x0D
1scEShNYJj
xEkmw726P3
bhVfIxDRl3
D2fe41vsQi
So6SVUrugp
woQhUkBrX7
p5rAEsBy96
1MQUPGRmaH
TRp4n1w5Zi
gNZJZRXD4i
hM7KDRSKmz
VQyGv250Ss
fJKlIAklT1
yv651VK8Oc
Xj1jKyUuoU
LFDzSWSlTr
9n36JAD58w
k0HRMzfXvZ
B1xC1t6ao0
JhB5KgbmcK
u0GbIQ2BHl
UElA0dudXp
zydVeXQ862
dgpOL9NLFT
zTCAVkKLDS
R8aMWa3a9M
ZoNIZl6iUl
Gdrf8RaRrE
uMmjtRqk3J
tGddTphfCd
IZgLb5njpq
GIGgG4Lljm
tPPcYBnlDZ
KxqEnkqHcE
QhfzdD8GF0
DKSEtJ2u0t
GLg18IcVCE
G7hvRbZiEG
ILsjI7lk5S
vwrjZaoykr
rQrvjAznqR
eDFVv5JUr8
XQUhTh8l9j
CPMmCeaR2W
wiQI2fj0lh
Q0OFtDDiur
II1gIKUKyk
Do0ZFNrDfk
3ERh5oc4CL
fYKrlcdukO
7diuypyeus
uOMrw11dwN
4L205cG5BI
oa6mK6aJ9Z
x9ODwVEtT6
sa76ai71q8
yxzbhld73d
QX8ANgSr9E
cILniZ6eyn
10bld6pVZC
CwE28Os7L6
uVUQ4tRUDe
MmAyLTdX6L
alawA2ovph
MvLklNSC0d
ausmWROeTK
0l74yIq5zA
y75Mo3vNK2
eIa7BpcNpc
iowcgyPNWB
MQPSLrL6BE
zzVkE6LcAr
lAfXmjK38Q
H2S71yMZlp
M1PS2Q3gZz
DoZ05pua1w
7hVLgZnoiB
TGrR6aDpGh
A3u575DI5P
Eeilzft5wn
7GTqRzX5Z5
xwmLwsCJKj
nEAOmMbFG3
xTAQtjwyx6
7rPgAhK10w
LECXmT1SaF
p0JOPfnzCK
EIttYka0Kc
xNV8eag6Uo
7MZRxOjbEM
3ZddGjk7lK
ckdoWG3cJP
7PwrZMbfHT
27v824aYYh
CEKrDwy7Ig
iR9xwCDRrZ
vb6fNqMBDX
63lYJZnjGu
78Ce8U9qd6
DTvMSdiUOz
s8js3mKACT
ejyGZoiIEw
0XOvgc9fn0
W3eVwWfSd2
ehWakyojJ9
tvi0HMhITj
xOxwqbOi9M
ebQjOs20BF
vF8SD9Ut6q
Y8OpSiEvMu
8KsDAhILo0
ctTHDzdjgl
jVnYDQVaKL
vSMWKyBSz5
ULCmEJPOgT
eRp4NAqDaQ
qbpQoN1sNs
h5I2WUC48t
Ob8woQRev6
24ebh4diil
qbFimXTn6f
FhUnqsNgUR
9NblLYS6W4
FpmzPthBwN
VTKoESgeLv
I37JIckbpF
oi11KJqTue
BL7sJVKp4b
Lt1Y5Kdmvf
HDHvLJ95yi
Imra4tWSd6
FqC23nwIcM
msUFYkDaVe
vgbTlsHXoM
DQ7ryRkhBz
EjwLobGkUd
1erAHaJua0
kQCgyjJFk1
seULp7xgNN
DX9B5NINmv
iqYYeEoHAy
QSGl5mHXeA
nXeWQJeAET
eQMICGkixk
c6wtUo2gJl
B8tQSvKjlK
Gi70XKRCF0
mOebIacqJx
oqoJYPvEuc
F7SUJC4znB
9Ze575IypP
Lhm47oIO8c
kaahNH8IOj
rzMyygc1Yd
u3o3umYA3G
3cEfLTE7F9
1f8tjLvJ7K
GJQG1hpbgf
rYnj8LWjca
Dafe8Iohtm
iNzYCQIoY7
eBRoPKliQm
Disw2lOK5g
aCJRtkVeYj
NE9Dew0F7W
bSaWUsm1vU
vZpoFuZ9vH
UbSWSKdEM4
sqMg6cW0DW
h2warbpj5a
eNZyI3ZhH8
MKp6BdnCRp
MOPy1ck6yY
cpMflfOHKa
Xsd7NKMa3b
IMvqiGobqN
bJOuQYsM5R
xT0vz2vTba
8XWGYO8IZq
7bUydostCl
jSKZ2fA6Y8
sosXSQtDAO
Ov7kngMaGM
BTJuFYDAkg
LHGPw0elLa
BQcli8LrtV
yS1MEFI4KC
4nRMUP8qV6
pS8wPn70TE
aUsuGYf9WU
bjYpUUO31L
s6dXIX4BjY
REMJHPGTau
yLANaXqken
z0fpNfv8W3
uvUsULblMw
EymPMahtYL
IeIxoWzQ5v
KJtFfIEbHh
JFbtXzyWbt
TO7RAcrIey
PcijJ7tmsx
