105514
56471
122279
6126
2438
125136
37375
76572
70152
125772
101389
29607
120729
5266
74463
71146
38115
90464
34912
130004
62957
83033
79826
88418
1118
45559
97877
14288
122372
54900
70489
133551
1696
108277
121949
116300
81861
73054
135789
59345
70281
124047
15972
42076
23123
68309
43657
121657
70604
38894
43017
20848
72562
81086
58678
101364
73184
72059
72145
79665
21837
27493
117167
80313
104220
29684
14106
28875
127186
19337
90727
86252
106060
117674
113112
120200
100302
63392
23967
3398
126147
61739
110125
19800
33697
43109
105644
46917
16029
78034
79267
105541
1924
109631
40343
68831
6697
38205
65760
5388
8987
80070
86392
136726
84062
101835
