kbsazwikawkuinzjxstz
szkcckbyjfbfszlmleco
dhwcbpztqzxqcljfygbx
vdeuwbqpkxbjjgvhvtts
gaptknpyvljzlycbykzi
frtyegydfztfcjlzqbdh
wuambrfgwovzanlbdiix
zssctytwqffdmltcgxos
enemaiedmrhfznwrlvcf
dzkuchugrljdmcpmfgub
zepeepgalqktcgugvfyz
vzyvfriizdysfwdkwyce
smlahvwhywcgvlsyxpnf
wcfhkntzgitthwqntsmo
ckhroesbncaulhhpoxjb
udlbhgiazbmukftsudas
iyfcxkxzbdskseijubtv
yqosepedocundnvpaiss
mqtzpkbtwlupwljikczg
whgqqkhzutrxgydxewxo
vqszycujeaemjmpffllv
swmatjskthgcmeitiadm
mwtlvtyubmisjdzfehie
dssvuaqwcerimstqlfzg
fifhvspwpmvtfpclknbf
xhjfkimcrjznybougwem
ywoolffmysicatplqmhi
grsvoglprajaqjnofdrs
bkzwhhjgrfolrlvwkrzd
rbzjadocounbvasmzvgp
lnzbbamxfdlrbhsmxxwn
eqocagsafkjrhutydkhg
mlmjxcqmethevbswsdpo
kbakfwfksanxkjvactpd
jutmxvdxldlcgdbjmqav
gsgafzzcvckqjbljalsh
kqglbggogklrwelbtucr
tdwhftnualdpdccibxtj
cgjthprqijkqtwxmfsye
rknqhbefycsleyycsace
ciljhwlhhbqoyrvgexkc
hqpkdjsdzgwgfxqbqavy
bitbvlilirciwvuckxcq
imhlyngajzbdxxpukydt
qzxnbmvdphzjfdyqoyxr
gkjxelfeawltkxxtfgww
imuutdemqsvknuvyhtew
wkybeliffremkwqffkfz
vrphyrdjjkdqndfaznys
gckjupbxzwdcpoleiwpr
dbiunujwqdwtbcxnotvf
sfmpfjqjivpqbugwdprh
deneezajoxatqzqyflcd
falkrgkojxssezwraddo
tfhegbzbyblcgivlvexl
isuwjfzmtdblqwgdiwpz
zybwavcdypxyzllrjjtv
wxuovgdxmhrxfezkmcqu
fkudvkxtcimvoosmjcst
epobsuxnaqfkjrvmlghw
lxzhxaikdxypiogyllyk
xzvhkqqjpwohtdbrnspl
oapclqiggvlsddskdqnz
ljjoiprnlxxwrufhblsp
hywjwedpkumeklhwjasp
fowfhhjygfwiekvrtbnp
cmvjwxlxhvtvpupdpoba
ghaxxzuimnocsqkwmqnx
gnpyqojtpnebklzgxlyy
dvbapqrxkjwonrauvaxf
ucdxoycanfcvrmubfcwy
lyfjdfibrvkxrphhyupw
poehunukweviwegjvkjf
ijewalmyxfsyqacoxlcp
vialfaahngeybiykroql
bljuwcgcyoxxzztlaqqv
mwelqmpuwdkurwddgsfo
vcerwzovukryxmpwyvha
dwkkcivwqnpialgyckho
yglmsaxffacuyeirrisj
dlpwasklyjjuqzrhklsc
nyjjkofjvtlfpbefzoey
xqmbpkcupwfsfbddggak
ekjbjwnlvyxvpbjonbev
ignweajteujgilinvslq
esvisczecuonrxfpcvcs
umqqtlrgmadysaqbailp
vovkyzvvbazslopxcoxh
koipdrzsjxgxzkcnoqrm
uyjjbsptkvoxayuyghgs
qrdtulpdlbzdccavmtrj
vbvumwzqekkiqabyhegw
zgdmacvyqlaiaabtgukz
xnjraqozvvbtmwigglir
jcxjsvgjcwmdrtpgkykf
evymquazurchwybklmvr
pledkbswigtilazaftem
mhychbobgedfvlllxvsn
wkxsxtcdeodypbsvujom
pazvwdjqsrvqqbiulona
dnvaprquoqmvgukaslma
eoxdrseiqogodzcdxwcg
rdjwcppctijisjgwuajo
bwhyeifzmvdqkdgoyvju
vkayvsdurtziojrewdtd
quaztvyzyvedivhqeizu
aubxeqhzxbwpiyfjlufz
ctxnerqvmjpkmejgsgcy
mfswuhfnqushggxvdfqa
bzfxkazaruileaamyvjs
yynivuoenljmuyajyxem
xttpdonoygkxfammoboo
sedtgclgehcrwdpgzejx
ahgpwdlwryjgkkfxfdsm
tsxuqhbyloehtkyhcbkf
ryqjtcercfpfriexexen
lsnxrqcmsoltvchzqkzc
bkvemrrpjckoklxumhpm
bzdsoijvlxkzehgepykr
kumsufrhwadubbntohfp
wynkotsjndtitbcziyah
xfvoagjybcwfsnqrhysm
pegiqhxfrodqsryrkqau
zowyhrqiudxkphusrack
qyttmpnmohznfddhfyvy
bhpjhsnsvhhsvwyuebxt
iprvfzllvidjsacwtvyn
uxervbgovxkcipqxdocm
urlpknbjlgjkgbslmmwe
akhazgwarpccqrvsynss
ahuwzljbyjubmupoqerh
acnmmqhiiwgvsgriibyt
bcseceptdaldsllbfwnc
wmaindslhuashvjjfzut
lgpdponihafudvgajasy
hphxgsjfsvinhvqfipse
yifhllzxfirdmtvjadfz
ovyeugovcbogygmksnza
vknmnhguuoiqjfuptigr
eglponlqdsvipmpqkgdi
dbzriqehbeojuhajckeo
ghtzuptsdmifnvxomwkr
wddbezcrrwtcaopgumjy
xbxkiyzvzmlnfldjbxaz
lhhetttvavabqtunnnxr
lgsxitgxduduyrtxiemq
ashrozeyxolgmlcnhpyl
cyqrqnznsntfqcoiylxf
crnxdwyxsfkhndvsxgoq
kvsimogmfcdtzpguqohi
qisqudzjfsxzlsbtgwqm
dpafacjygngviucfdnro
dmgzenbdtmbukvmpbbms
escjectoivcgndlhmhdo
rpszbavtgxbsrrjjfayl
rqpzavvlresvtpputbwm
czzmmmdptndhzugirzul
kxvrniyvxkbrzylhlhzw
ieabeoxzamuvzhmjayvu
ikunislcclmgbxeekufk
koeetdfwbrfqisllikry
ggprocyabvtlbehhoeqg
jcfwkyvjggtvuhhmewrn
uuulemdiifpyzeihipvw
aenhrdhbajulqqgbzipx
klzovxlemcjsetmkzuqh
knocapizgdaqxsavbhcm
fghimfuqqngszoyhqdiz
cftwfjiutqdtibdxxauo
zyfwikaiacgbjtexzhnr
ozsfgrlntqlfjctrcahz
nngbydcdbtcdnrxnhkho
dbzkhqgllwgnwktoycnm
qmrykmcswpereiclyued
mvyqclpnttsmcvwsxhps
yqoyssroauwyzvkzfdlu
zhjamwxnrrlqmbujjxal
ybotodslqbhmyqusutwk
hwjiesdlyzyzdkhomhwy
jtghaljofbtveshniivv
xojplozvcmstkswlwwpy
yauatkvpkeysxiamnhud
ohpjbncrzzptydhiipms
yugqzmkcxrdvwmswulhh
nnxzpoxvgpctnmglvvma
sukuvgxijmfcxjhleoay
jtxkrjuigkozwuufufdw
fjabcwjxkgnfpefpfjtw
uinokkkscepflnocabcf
ezadsynygoszahurcdqb
xwtsadbqttqdaxhriuwf
zfjmtftcirnzqdadwytx
lzvnxyqqpgroywwddaul
ooqaxpnmtfvyukdecapl
jojumgzusyapnuabylnt
bsmfdwahyzngkdxrgszz
hcyjhqkoqcjqnbpjgsht
iswnvjqbzuoosxbcbavl
oxakgsrmjqsvfsorydal
netnhusjqbwjmyjrdnsg
prlsxaftksqauknrvimv
fvkjoiauahtritfuxbqa
ynucvqealdhknrotztwe
azhpabwlvaiwqtohooxc
nonvcvnokcyrevslenly
sqczjyyvzvonvaxalvtf
nanpyfczvjxgftyknyku
nvmwreoorzzhegugzevc
oyyykcxforcebusfppbx
mhesityjbhdtljqoromx
ipyommudsvvxnngypuhq
wvworyvkfecuhxwwabfc
zdoffwdmupxeldwunjxi
cmdmwpqsxtbsoytzazdb
zskbkpqfrrzsecsvqhia
lffjlooivsehdpxtzxnk
pzhxfefrkauqimmvcirj
xbhjuzrdcdxidrgapuwl
cvqnlcphimddjpxvhktb
plbafeqcaqxivzyvjvms
zmibapazebttomfibtzm
cgigzjwqcpwdlsvvathp
vamrtqaamzqtrmnywwul
oszpfibozzhkrrqbsrom
rizrnxtlpfsdvkgartpn
yihyycpefvaafdvopkbi
szbrmyusrkdcgniaumbg
lvnfbeandkxbprbrpksv
hlgmfarsztxafccqnuup
barufzriltcjraxddeyt
xozrrocxymadnsxxnisw
cbvqxykthlmesraaphtl
fjunrjagbwolyslcoema
rlcinflioqoyacbvdods
ptmlvcqqbmvkhjtkydpk
fzkxwyjfdzsciqqsqnku
xfqynmdhhbrwjafyzjnl
uykmeqzhumonzmnxmctf
niebwfxxiiaiborwhwmu
xpnountkdwrkzhsabjrw
bfdvdcuuxoiqubpbtalh
lfcmtqikrxqceonbtafv
nzlphceduvbocvliqyqi
fupsmguojkaaluqqvglp
wkxmikbxwsgdcqctyhem
psmgzeqammrrwzthpeua
scyjzsklihruhvassoxq
iwaneebxgpcibaiqjoga
qfeaezcodjaslwruemqt
outvghhvjmyjejtccutg
kejqauxxvvafptdscrji
pcalpnrnekaegjazjsny
tnrljktbqsxwxczrixpp
evdgndkopnvqxfvoavzh
fuvxqdlkqapjspnmqtki
kmneuuczzyolhzepyhoi
htosahzirgppgyrfzrcb
edugmxycuqynlbjqueeb
rjrsxsigtwocwueaaxbu
pmohenczcszxxhahjcrp
eknuwvcxlvzrjiqmeeao
xrwyszdxnbwmfpwyjozt
vcmygiepyavmsmcelnfn
udljliydxmswthbsquks
sxcqtsgjspdstjlfwnqo
hoawqctgpamorojlcwrg
rlimlacqmbinbfttyoac
wdycakuxmmfpxlwsnpnf
wznppzsiuzembeasxvri
jicvcdbgcfmidsrolivr
lojqarqplcvpkjzyqqyv
qloimzkpktspqoefoncc
wqzmthjdjagcoikirbiu
tnrwcvcvpsrwfprkxbsk
jhlhzvjfurykjsdghpap
iazekgfsrcxllicbznxn
ghkxgruamsefiwmfhbqh
jbityhtxlqovjeekcsts
lhikdmmxsimdskuomhgw
juglzorhplxoyshilgri
csbqevmuybdccbzbfdpy
iidvczbfcwyvrcisvgvh
lcptdqeuyxahhzlchdvn
eqsadiajelijavklrzib
bzbasjvkktjbnvbrjvrn
mwppdkjnicumlcvsmduo
uvanibzztfzlpaqlqwxr
pvaaqihknxybwucvaygt
gmmdebwwxqyiabnphiop
cqmcifaceawhoaojgdkd
cioihqutjidieyisygxh
pymmtgulpieuimjfaklv
qdoqpyxarvjegswnbefs
gsepsjpecwadstfjoylf
vqhfihuvfrhwsozfrokp
dpzpgkoiczditpceyubm
tftytbvcpqozkkqfaejc
buofkzdpmyzcgsskghxq
rqpmfdqloodiymcsubwp
vszqrmksxehuamkqgwps
zbfwzzaewglpqlgeqamp
nfhwnftjyhyhzfsiwcnh
rsmhsynaqzwqrczaerrr
tbmidxcvevgqspnjkmpe
sddmplvsjsdvslcssolc
dwtzywetgxhqmzzebkbj
lcuoygrvunowluakusco
jwofueosdkdbpyfeznbp
lrzrfjmiczjrdfjbxkxe
zrugfuspswsznyiborwa
luxbghyvgesuyddfvmnw
mqaewoycwomtroerjmxd
umfceuediskxbprdoscb
hwfaxyszwbqkvfqaesym
xgcuccjmedejbovlfdql
dlpadkjwgjpgbrlqhdvx
jwpwfawrdcgvdpqqzlwq
zzgzcicthbysviutoplv
jdtwrdfuytqxcaylcfgk
czqunancpupthxssrswo
jksfaneyayvybzuonscs
nrbkbegwvgzjzjaefivp
aozgjtshmtwkhpqewpmy
yhhblrfrnlygnxcvppjk
struvlhgpzvzfexzupxy
kyycvntsekfiapqzcjag
warbdqsoyfxoirsjwipg
riwiruyqbnceyiwccqlz
seqnsndnrqqhhmnkruci
wzbhmzdvljhkiychwsyr
zrqtkoythxooityqalsl
stvthigllspouovsjogu
hpctxdqmojveqsbgwaoq
ycooaidthwsyyqizgage
rddvvomcfmavwdtvqrmr
jwaqichzyzdlrqfgwgpz
mztrgyywksewypwfplsp
pphzrhfsmmclomrredzw
rcjnyziynqsgdrfwiikx
hegvzghpreilbxlbjnnl
abmrwqdbaomiofxbauwj
gwljlhvyjgebhevnvmgz
nrhpitrhqbjmbufrtqmd
bicwswnkeyxkoxzllkqc
vqwlfohcqapxmbjxipna
qbwkswggpsvdfxydbdmp
zjazbeanteemylombdih
kmmdabfjcjqcketzanlb
aashvixndeebsbdziiub
wpohnaeznuybllanvtvg
dfzugtemdvttqzadanlb
mmlqvlfellfwsqkpzoqr
uyjcyiyxqcdjxgldzged
wtaisezrnhodmabygrqy
axzoezcnlmthfdpzqcjy
miwxdlpcmfvxmpwfmsvm
ufjyrsbedyzeddtlfstw
ysyfxijgfaiwemwmcksj
zqvkatcoyzqemwrbxmlx
oogdmtvpyekxfvuzstoe
ccqsyjvahbgrhquzguja
nvkbcvdxoopnkfbqsrhc
tlbfbkgoisfhmooogrxt
dijviqvradvxtmdwjkha
dnduwjmvtqoisfguzkld
injmnvrrlfzatlbqxkuh
gsybymnzyjeznfncshac
eekvarxfrsmevskwgkbw
ppyefsmeimumbaleqsns
msmmasznzagyvkgxnmzx
yrrffpufymwkuwmvcbfr
crhkzgsdtkdrpldgwqqi
bttvjhwszmtyhzdimtmw
xekwnrekrctljupkmplk
lqvzgrpyglwfuljgfxmr
swmqasljkcmeadwitrmi
ciapdwnyndbmvbttfika
cjsfvndfeoqfcjydfext
bkqizfbmtwwcbjtkkrnn
jxgowmsgdjildgzbcxew
onncatoytcbejjgdscvs
ulvqkuilfhcxxsblttyg
yjsiwjdedxeybbyxfnax
rkjbzljznxxlrytrznol
xiqplcrhdwbnzufeoypm
tuwgqmsjxoqiqsjfmboy
mambxzbqelbjlcwvruvl
wuygaigqccaovqieakpn
byvxhnxukutztinwbwup
lruridufusukntknkfdt
cckxqksmzvxgesyuuvzh
lyuglhfewgtrpdcdzqdp
cdcsykvdoipoyduyhlrz
rgpronpcadbzfypclqag
yyrflpvtskoruzyhimzu
pkfgsngfpnanyfnvidex
llqzprsapdihecqnfcbv
rvtrqzurdkmzoyswrtqt
nrofyorynvscveeykokm
iyhdoqbgonlopglcanvr
vktfyhoeyrgearwknwqq
bpukkpzmxzgduvluxwtl
sisyluayuehhhbrrkzxe
qxhxvayzrtmnmhiofiqg
goimyzuzeidxodwssftc
gqhyjudagegpxomtztns
qonumjgcogmueilubtvu
rilzbokougyyzngdbvby
mzmyzmlznxmdnohfjaxn
crafrrqffdmuqspsxirh
dqhybopvatywokddfbfs
zissmiduambesfapctvs
bfmlubncjztumrttuwoh
jfcqvmcvzduhmvihhyac
wdjtmwybktriufrosguf
cpaqqtactvjsrbqbjlwy
yyxhjkiqmqehqapgucwm
tnvglmzvljazvxcwrcqi
dakpkbitizyruzqlikth
ccnurqwoucharravjxpr
bklqscltyixkbaacklgk
zfudfuifuvbswikaszzl
tkzexwqzxhsxtgbyxkle
ulqvbogteyqqkhnnwgkf
ffhxpxofladcyfwmtigi
oswykddajsjjchrfutei
vguisagrpfzngtbgebsq
srmdgpnkfkiztsiqlsjd
qhkkglqpxydhvuiwpnjr
htfhgsewpdrhmzufxgxr
hpybyubvwmmpoptqqdln
elqugxatekbsjvgohoik
dgreigrthepqyiyzukss
ycwqnfnzcpzvocdguzdg
grcqnwuzpzjuqqgdicfr
ezsrazhlsqcecvoudhjd
vzabhhmdbdtuytppxqfn
pycpsqlhjamlwxrqodsp
hcrhbzhynggvbnlrblcw
akipfnfncgzpdighfwvg
wcrscglnfvniykedxuhw
exhhkkicgthgsutfqggf
obqhbeqceujvdufltbbs
ghpcvtfnbxztsceczpeq
hadsvfqxtortjzukitzb
spislvnhdqhmjyodzcox
dhlndrdsqhinkgktfpkj
scgppmwbvgorhnboqhzs
pbijcqlmcrkznbbvpmrt
rlcxrnyukzrwmlnqjtoh
lqzmvqvtkgzrvfahgqdc
ftijjactpjtjdrohhwmi
nnqisldutxdxjzanhmxd
uwcqaaqlbycrybovkfjr
xsvfhdqeeoptacmzmebx
vmjdwwdkvixcvskligsy
vusffgttduxgryvohlzt
kvhvblkcwcryrceylpsx
tcljslujplkfqvpecqjb
duyrlpezpgqinlqtbwpf
lyujtmzwxgmherdmewky
pgmbrgobeorahhbqkkpn
bzpyihiflncpxlfpoddt
bygwubnzfsierjfdkuqe
mnnbpvkvrawladauokoo
xixuctmbvcffmtmvkreg
tmjglyhtwharygwcynxh
inxfsdhjdlunusprziab
bqbzqftujtesgbllqwli
wkziancrspkjuwalklui
yogytjbzueeybtzodobr
rwsvyrhuumxsbeartxzj
cindoroqnbdpzeonkcwa
mfgyizjwqavarmykfalh
xuydnmwzeytclnpmmrqd
zhnhqrdkuuyurbhblkbi
qxsqbayprjqzwgtvmomh
zgkecpvbfgaxuxabxvbg
vmxlpeyoogrgkhacbxob
huczmcbelkqypywinzob
jrlwsltfjhxkprzhguht
oflfpbqeefaczrcqnuiq
klbmpomxemicbtpgkbsk
eudijburjneukfmtltub
cwsahlfgucygffndozhi
ydqdceumqfquorxappxz
pgbzihhkwrrbeccmsyfl
gkkgmauzdoigjxnjywhi
dhrhzvmzernootquylei
hwfxomsvhetzdvutocep
szpmjhnphgcrzjcmtngx
cgbwodfmdwwixwnaqdnm
zkyvcwsyvazrgabnghlr
orikenbbstzgruuwzthg
ultppygzgzwicahospkv
yrwjxnqzvftesiosucyd
mgdhnvyxmnzdlkxtrbpk
dpfkrqxlqwqfmdjluzfl
okcrqoeflyxxvpxttmqv
ramplbzmxofwxnqbaykm
ztrxmzsudgwybpeohhro
usmqnyvdcmuqwlbiutia
yklcfonmaltekryigcsa
tspiuoonpoiizpaupdde
eossexzebiburfktzcas
ywxahgjrlkxvnambevvw
utwojtmatsizdojtphjx
oyxhoqwyssalywepvazt
jabqvzzhlvivtssxyguc
rrqxqghupzwyoqwjlagu
ybabnwigskbliutsmjpg
vpjxrfwcafwkytngdwso
sgmiblhyexefrbpuoyfh
wmcsmkulwqkhwrmuplra
oinuvjmvqruzjzotepok
hbuamxhbxmiomhdjpovm
hlkeisgovnsbxqmbfxpt
olxpaurppwejxhoxibwy
xqomjiyzdaczzfftzhrv
kupvhhlgqvnwyhvlvovz
bylqkkexvmgpygmzfuzo
vgbvunxdukcojjxmdqkr
pnjgkqwzmgvbulbrrlic
rofrayyacxwhmwsgpfde
yedbyowjmsaxjvwamsqs
sxinazxfwudafffpglye
zggpgbxlohwuzmmncixe
vyaammerwzmeubanhgii
bppijnmnxryhfijsbrrh
wwuwcjdqqfynsvrmrysr
noojutozurjixomxlrxv
gtfigsooguzkzgqapylo
rjftoojzeyszubbjkyop
okxjygiylxfhoookgaju
cyqfptazljjudgoynira
qtunmfxrvjisikeanjww
xixesihlvuksbhitmbnm
bydkcohzvetmjsdppnvx
bdwiliwgwgpltcnrnsxx
yfbnovvluekjwyhbdtwh
pcvrqoypujglhmnykurb
mplsmuvnldqwmpcbmhrq
ecmvismuibiicirtravr
mkhmyunwttfhzqtckqqz
fxubdxyxgjlfudgfjlvp
znqktfppfdhbidynweup
srrorcofcuofedidoorl
ruheozpneposhoggqpfs
symlfhdbrcyqyarzxmpu
kqclfxdbcwbcwprjymta
gklycecrlfvcbfzwspjc
vxbweegejgwyoesabrwb
mqjkgexecxffpyxdbkpp
nhkdttadpahczfltwnox
pozceeldjwrnnfxldvsr
ohkqkijyylcdiiacllno
qflqjzkkjsodqmvwqeud
reqdzaxbobgdcroqckug
nunklgjnpayxlbhzoqqj
xxfaghojuozuuxanxksh
jjyexfqrdquxxayoxygf
osgcqdmpagrzvojalvnn
mqfhybvrizcvmiyncqbn
fdxpptvucdmbjcphkwrc
mxqfpdlipnzkolysuvrr
japvjgnyevkgtyrqatxk
fddbrtxiduomjfuxaodi
ubrxvmhmftsssqnntndh
hqgpmezxbbpmgfhmptku
rtemvmzouebdhxitrsto
ewpljbrnropunxrlvkch
yjbkeznibmwkeueiiiay
ffptuatguwuraawkctdc
kqmmmvinbduktpkqcliw
jgsyosolahwrdnzixcjw
zarzvfewrxwbioiqijso
elzfniqsvioiaykgpzzc
bhcwzuhnbvwvamscnmit
atbykhfvkbvlimvxpebf
xvowjbtqdzexngurjlfb
xvaczesevlidwvbqwhyw
xqfdumpvqgrghcgsixqd
bnxfwddopwyoxsndapwf
rqkadwehpnfosdybmpph
xymwsvavsjkomzjavaoa
ovyhskqkxeuffsekrlvo
wglmdqvasfknnrmufigg
tjjmfoxxeizhjnczpppx
pxhfgiguchmytakzwguf
ahfvzwcpdywmizndyjne
dcaltiikfxmxvmycdggx
ejnecbvchvfplzcrxftq
nhonvcevljcdsvlyiifv
zlsnecqwazxlrqhaeejy
bxvxtwgnwmmbmlybwxcc
qrtxuydbbubjqqizibdn
reclkdrvrgsgelruxmym
bspkdvncnplcnmutadgq
lqjxxxovbcrbhwpnzyiy
akctajurorosluunvrhj
kmclxuxcrtqwjskcqnql
zjpzztrrmcrokscuaxdm
jszlpjrtqhzctipuktzc
lvukzylklnbsuahhlvnv
watavxgbmwjfoijaiurc
phwqxouigicwoxtgkrop
vefivkaackdepxolnyrs
xyubqkgoxljehxlzpurd
opmwuunpbysdirlsqsjk
rnfiksptcsqqgjwssarp
heeweoupncfdgvexestr
ejlakqtszghmslhdbtdj
ofgssjzdhhqaogcadmfm
pacyjxmedbcaqiitpjbc
xadmkbzcqpltdyoncmoa
lfvynbwybmrzgbcylkqa
zvlwmazcgwqlfhqgjjhf
elhgqflxfflohftjwxzz
nqslqhxjohuavxnzdupw
dyzkhwlalxdovzmpumya
dhpllxqmiichhytugvyx
dqhojlsdieibebmbzcsa
zbtcdslersgashtgosrj
vuuplnbvdpeojlfocabp
bbalfkhlzakmrawhhcie
lgpmgyawgwdojghppiob
ouihtuovjcxcchiyrmkz
aebhkfexpouxiqwgjyux
iqemthlfmrdxreykzesm
capxroxnbtutgqfvqwfn
fzypbtcyatpsqmtugyfn
gdbcohztffczermqpoux
sagfranrhubftkcgkwqh
xoxyxtddeyooqqxvvhra
xhjrbsescmimgffkemcg
xtqtngyduzstlxlzggyg
sydscqduylauhpnrzjox
yqvelapehshqfzeaomby
gpzogwtvjoifcruduujo
stksklwzdhypwuvcwkax
lqawqphgjuojyatiniqs
vbehuxpeptxcmscfxcdh
ltegewcfrrctgxidpgrl
jopmtwfahfrqvyspaupj
zktytednzybohfkiidjw
otkehsfajveacugpqmes
gyokzmapjklfvgmctxll
xsppzpwayvptviektcgj
czxdzddxnidhxfuttmxd
rdrwuljgeyvrbjwwiwrn
wrudjhfiollvvvvmwhri
stakjghukujfjktgsyhu
utophgfecsvmzhgsxrvi
sxqzveiccnzzqsnvedmm
lvmvyyfdbnyjpqofzzbm
qrqoqllptjgfzqhqcaeq
acitfaculvvnilwbdbzk
tfnjuaxybfxbcinazmpx
hgjabavqlxdkssarzwyx
crhnibqekppwqsuqpsul
kshfzllfiausucsawvdo
dwsiutfwiglfrhbftnlu
gzkcgwxslvdeojossjvy
jzedsnwnpmhlteapjsqw
qmbmphbdahuwgftoozpg
yxbudbdqoaexjkpyypma
blyrsjraqpwpvkmntbkh
sqxjxflphyehemohstde
qfiyioauetvmljncggey
hxeyeptmkrlkzegxzyal
yodknkaezpanslrgpcgt
jmrzkkhfxeptbyinxxsw
tuilsjsujbxfyuezdwmi
xmegezfnygqgrvevdwbl
qmkbwuivvestgokosogc
mthnbsdihwgswkrapalk
mkgldurctamdtwizvyvy
xlymszzhtipjukmqsxjc
bqsbjxadiseynbdbcqbu
xorehcpnuenohoawxnwk
bcywpmylaiuzerqyhnqi
acrhxgnfvkiheziyfslc
lxmwyhflywaikeyfjkla
vasbndaxnvoymazattki
aknspufffqabuxmmwzjj
qeqrdyybovrjczktavxp
wcycnbjupsaasizljhfz
abcfbdbioiavtsloyreb
mknyzricqmwysgthzgiy
oszqnfdebswehvaqwylf
lzsllafbpsnkkzsfzuof
vayhffswsawcrzxbigjv
mcjqfrzcjkwgghjgxaji
aveycyqqvbaaqbrotwsf
vajpvulujgxvrsbkygcc
vzsatqiwhwrbsmdcqybx
ciiianotndawpcuhrvpi
lomgrrlwbnfiukuagniy
thcvugszprjzguijaibj
bnhzamblofmopouyjvtm
akgchfpljbtnzwoxfjyp
lgxpxvxdylxrrpafjisk
ubxqbprbdymhiuggkwga
ccrdkzikalhyoyvdglfn
sdukfuxhcpqaktwrkcji
pgtsbzimuhfwkalynave
grsavxxqagzembeuowfl
oukmhaphnjzklcwvdmmo
duxvbgtnprznqsiyjuef
ljsaoupnbkkmkxqrypso
rkungbfnoihahcfmgyzk
qksqwoznqdmtornvsmem
wkrwuqcgnpywmupyanls
bzdmvbodrotqmokhzcbn
catuouyhzjkwtciqjqyd
ovpmvtpwbmlvyfsgdlmj
gjdborepgxtgmktlkfzb
bkpdpnjvemmjnutyehbt
kpmngpcdztafivjidxuc
zgdqqbjrxidsnvlzfmmp
jggxqvbalqkjezjmagpp
qdkiekachunypjaoxunr
vvbvlidrxgviencpimpc
rmknugsfwwczgnuexrwe
urhzenanrowrzygfuubx
zrwbraqeasgovjsjxwjq
vkvbznurvkduowuzdpsb
ljgaeqvstmzfcvlzfetx
etfmglwfcpafyotirwyd
olxqnngvhlipuzczttnp
utqrhamwrdnysztoplgt
roxvtwhubssurjjhnipp
kuvxrpsdgncvgikpuoji
xuuxayumwyaizmkjgcxg
oylelyssscpermronuqs
crcekcafjpjamesdtfjt
bbxlfrnejggdmhiagdim
ilcpciyztxkacgsamtsp
xwdjyjtkmomdxffzhlye
kxqbbmmqeqsjvpcjgqds
iduugzlfgrsqfgfsvcvm
gdnofzayyiyjskmxzurc
kmoubupdzcjttwtypunr
nggszstyvuegiwshqcpw
wtwspeihnbmhejlgnnwf
uxhbqrxxrblhkynqltsw
ysisekrghewauiqkchuu
zciexgkvfbmhkyxbitds
ablwcygnhgvsccjwedkw
kgyfivknmojqkvxrdoqr
ksrolfyseeefeenhywxw
cxbbhgnuwkpnedirviuw
udznwlygsbvpbteoilrq
jlgewwxylezjdttpbhjy
dxganvoqofjxzhvwmdfv
gfmedvyhsouteozxotcm
rxhwnukxtzwoyeykgsvl
tdcrxetrwcwdmaiavasy
tojvcsadbcsmomhlijsq
ievokdfbzavxandmvoqj
hfepuwtlkrhogfylczmx
vqpnauufsfokxgrjxzjw
dtjtfgioqtjehsafrqwp
piqtkxzhjyjkyuxlncyp
gqdykkaazjghmiqbbkgw
zosyzprlnzaigbzbninr
hcushxfjvhirpthdjxvh
vnitmpedennuyiebnefn
qfuvdqiqklprrstmwkti
bpygftjxucmrcvoxfqee
signpimmqpgmtuibzbej
nsfskotostkkujdfbfky
pwhqdhkmltnkgezcxbxa
gixocxyjxjazpkfpttqk
mfumrwqvrgnxrnvheunt
uddgpjacpbuakkauvzal
dckoazdttmffmllhpiww
pansecelcrkdzztlktxe
binjjothzatiphsqwlhr
aypsoovbvxgkkvnjubhd
lyxxckpkqulasvzipzim
zyzkhxfsxybzyucrvkpm
vsphgoseffhogwyznrek
vssnpwxmxzftgebzlths
lgbdhbskimggszryovfb
ejwdniheqlqwuamuhsnc
ffmgiwpeihzwlhwacilt
porgiojnicjtcduhxdnq
mptwxkmmmujtrvrmhcco
zcdjajwyxfduuudzksoe
invmexaepjxcyeossfje
ukxjgcxmwbornycjrlls
xrmjwfomgqiqvekvweks
mmejuwsnhlapwwydjqwm
eslpdifamurpxclottnh
nojlyfaolltexwaxvncl
uctnywnjsczfuuaohxee
fzgkiusmvlanmulsqqom
otbonthqrctzgbdyornb
hqhbfzfihmtcbqqwgiql
qaqjnrlabsajcgprjbtw
jkccyboxcpbhugfnabak
cwuyggfvqzueuwgmbutj
fhjqiyaoaglozeugxsza
grdvprgzgfnuhunthmpz
bskjjldwpkvcghopsdvb
owetqirqqhkprrrtacwb
zepydoiaxdyhrvvbfzsf
evdqkuzdbabqwdovhdxa
xtykgjmohbledzufnuct
uhykpsyogeqruebekhtj
rgsoufyniuycrfkwcrgd
wkyhhxarncbliltqysnj
aemawdxkqhhhydxplgqz
uullloaymbxuuayqorqv
ahimqetdfgnnsfzjqabh
lpthpstfmykuvnydfqlc
wvvcthxxequglybcjvvk
vpsegrrucsxnspcmrfvn
dyfkpzmipjhtlnwszrpe
jyeldnlfncnudgymjfdc
tkyaoturfcstyqslhrjk
ffcxhdlzwrjepkglnnxd
jlfvjhxuksxgeadeckdz
vccuzeykufvwxmigtshn
rzvjeuhjuleadxlgypoj
cqkbmjdnzjedobwxzdrp
dplqprztwhfsizpmtniu
czksaglvgjhxxschmuvk
hrtkpgdoilfaomyxxary
glpjtoqbxnswtxfwpyoa
ppcdstgsmuviijxyfavx
grcmrsufcopgsavbcuje
fznbwwjadpjgqzmjenyi
qcwikeppcwgjwdzlvnbl
ohfapfayblpewzkafxeo
qzxuemwurxvrlghcxgea
uvnzhyzjryqbocuzvqku
zyqhinnvngvkhxngaspm
adbznenznetrkfpydqqv
gvymsitasyfyethmrfxt
nsbtckoiewznllbetkev
bdvuztzhiqzsqsrjtufj
uvmuwklstsddifyzpjau
kokzxlggusoymjkgawdm
zuglcbdujkjajjtrngrl
zyfuoelveepcoxrbdvda
puhgqvukwcwmpfnvinwc
ocglzxyolilxzqukhris
mlfhqcnkthjofoqnsoqa
zrulwruldzflbjoagspb
nypafjdykpygtctvidkm
uczzglyevvfgtljgchlj
sdlafyueulvpumqisamc
sycdyolaxcqlxlkfunpj
fgepkzvkypufobbqazdh
egisrcifecubufntkzvq
xqivmoolkktejbwvqutr
oqtfctrtaxkeyrokfjid
yevkcmdpqtxejwaoefrl
ghnfcjsongragnsdkgqt
cjdtjnsitkvqwqmmwtsz
usxkptacxbfuzhnuagce
pbwxnfuaozpvuepueqzp
ujehpfvdbagnfpfwdxdq
zyzlymuxcswyjaxztpsv
irtkgfgjrdovombwmhes
fskcurdtqqufossaisch
cmjjhjdrxowjqhsnolzt
hostdzerilvcyrfurpaf
mdjcmdhswvdxbzegncum
oibluphgikxoeyeipevz
ypacuvopfwdwyzfkayuy
vwluhyjsqesrlcdgoflm
filudenfyxdpuxstobtr
sdqfawepsepsakirtgxt
nloklzbegosyeoejwfuw
dcoxoyxcplncyqnomrie
emnjvkqgowgjylalebiq
xeeinskcpdnlukoeixdl
tguyfaffvrviaharvjun
hgoeqgyqrknqvgycwkrj
rxxkkgiwiwopufrqqowh
hjzgvubkbjhtpcqhwsww
jmnzrpknaultblvgwcpy
lifxicctlkuokyhfhipo
xlssfrghrghzzjkyqufn
xjxdfxsyiqyzccxvpuij
tzhuqvgqikqgsgkqosbr
qncesdopenctxckjysgh
ctugispceozahirfngdx
rlomfbdbabifjgsjoegy
aequsxlrzylikrlrvodr
zmyaeziiswpbegseercl
yskexchdgmljfedzccmx
mtjluiononyiwclgcdoq
rnoqqhjfbyyqhdgtogsh
hkttvjduygexrzpqbrzr
sehwdvfjtbuwajzqwwdw
bugenlzchdczgbasnjdw
xwigiufnhtemacizaoon
sedhnrmxgyrkyopizzko
cfnzmwddtxrfjpgdftzm
kmrkfbwuueuhghuoebdp
gkntunhjnjlqmdtgblvq
cusytzjdkrrsbwwuagon
oczzulnhdbsuvdaegozn
smglbipiovyqqdiwuqfd
qmzulmkalaphcnsezynl
xwzywlthtjxhyswvbuwx
wdvdgswmckvpihtqpgfi
kpsgwqlycoyoaqpsicdp
smankqvvnowjmgppgdao
drxkpcbrhchrzyoyreof
qqayngvklxrqmuxurrxm
bpibyfsvmpsoibskqimq
pqdwnhhdtijymmodkclh
otgznagijsowxebcmrdl
yxrhddswufngfqcgrnsd
gkzhzfyuqazldnuabrjf
ssigpumlppqfgvlfazpd
ndpvmhsocehjjrhsqspb
plxtylkhttpmotvbczjd
itnvpxgcchnofsqogzys
cmnbngbwaulbwtonpcfs
fwcmlftnrjtpygkfqpvz
pylkcxgqhueraatqfijl
tilylupjauaxoztxzusr
avaqvlqtdwqgkwsrnjrv
xatrbjwxtbulkbltnqtx
pzuyefkayyrylhrwfroa
btgpzltoetdzqvaoceja
skmqpdheqhhypwdjnsoq
shfxaxttrwwxgvtbyojw
trpfjyemngvssbhcejlt
lcmsdwkhfeqkkmqflevg
nocuyuedzfnpnmoovrju
akmlzcltvfehujzqxysf
trvjcreupxrwncxzqkov
bbhbxumnmcnlekkjjojv
wwnkdbrphcvffrzgdhxp
eaflzrwojjxabkbfzace
wwoiertjwdlbavxycftj
vbsdjbbnbsxzhbfoojxm
rrwjcxzfwhjcjcmzugaj
bjkehoqmirubmnryzpec
flzvabonhgrdeoxudwdk
kxftqabtljmyczlamfbk
hacdfmhgkldymtbvsbqh
burufdyzjajzsmbbfsac
wmnkybmbrzglmdxwbyop
nmsleudihsqfgvtuabap
fnkwfhwecbyxihpmcfct
cuehdsulthbaflhhywaf
rxabrbdzalcisayhuljg
yrbiwsfvnujvvdagxszo
azrohvmxgajfvmkttkhh
etfkcajjtbcmrxextlvy
ntdksahootpgadoshfzz
pqpqslqsvvmyjdmgzxed
zitihmovinopsltytijc
zmjyknkevorxngzcvyls
tfwdbimcfnneydtayfzm
ldabhpxfhywcvvjfxpmu
btfprmwuscfzsgrlnlyn
qcpabsimppndnjcadvpr
mzhquhzykpfbvioizavz
tasdqdkdyxmlvtkaaxsk
jbhgsxeixnromlclvvpt
axjbyvrjbyoqphsnwmqn
jhpslbwwmzmlssseeymu
knwixthhvppkntaiulxn
nogorvwyekeemqhpoaez
kjvnmmypwjdquoaexqgx
sdllamqlvwxqkdgvgteh
ucpixknlrranumzlihtj
tbrzyoiiolzehgrkeual
vbgeocvuprserqpalyxf
zynmjnhticcnfqcrhcvs
bohfyxuhhmypdtcqsugj
bqxsrvwbgpiivbjnbryn
uxxguoishgxggecucjcg
dsveqardmvbaqqdiaxpb
ripvriqvywthenyesolg
efyoqjtldpnkprmbdjjh
vowbogxbkekqxbilbnig
jldfpkmvcjjtfkyjoaiw
ierrvgwvsmiwrkthqfvd
dizheuijckvgfsitrpaf
bsxmznoqaroheyymzjxe
snwbeywcyqumerxnskuj
gzovxssvrjnritbmpxdb
cyqwijtxmrskatpnbsmn
xxhdghhfwnlyqwdfnzjr
bpxwlutewxpypnauwicf
cyhiwuuxredrxcytkcuz
ordptqcasifqjvpgkmdu
fwhsrwxduxlskernmlsr
yrziiyawbaahuojandrx
mrlruuxeycsvgkqtxwev
cwernvahjlccowmgqscv
opsnrgdywnxtkfudrtwm
xcreczmssyeuiemfungk
picmqsdtitqlyqahodol
uafvncjvstyhanwoqoeg
nusvesangxdoollcjegw
yuqcjunvjvfzmblhjhil
mhviwcslljiowngtrjpx
prqxczzxvlpfgxnkrybt
anvqiucecgmmkzdrpwnk
ahyapyxaigkdovgjgcvu
hpnhfzfnppwupxfhalxr
gsbxiftsjunfskatnwhm
jeruxnlnrrqstdnahhul
vvplkzjfrmdgvlwbbccs
rryfijhddpbtehemybgu
itpdcikltesvrrmqzxmf
zsqxdayoobscxbynhpxe
tttdentontsrbdexuubi
kpvliusyfheuhhhtijba
ibepxheynonrzyukfgna
aswgazpbwaegjviyzqre
btbqevjumzztldupbjjt
vzlwajlyeogpenubsbvx
ntohdcjtwpvyjobglcel
yyckyfarpcknyqjjjffy
ufbpokcftuuyokyqfdkr
unwgicqelhlinkddlkqy
siblckmzhwjrgdfbegjs
mzupwurljnhbxygzooye
dfqxlrukpsunmsnipjgi
wqwnrwjdvxwxzbgorqse
tetqlufjjlfremmazbbb
aitqeuuftmanlnvwtfmi
hyxstravtvehyihnyqjo
xblfnnlipimijjkuoast
kzfxpnclkdcvpjfqsndc
qcdziitavtaaaulclblp
tklovlmxggrpbhrffiyz
guicocdwgfmfqhcgtoft
yfpnlxnuvpttzpvyuale
rfgchnchtpzhbluyluxp
psjwdefamwncwzbzlnjc
jmqbuudrywckotfnjrtb
axjyxcxoeguokxtlrsgn
fzmrsdepyvesdscjwopb
gksyozmtuiaiztdpnexf
ekvivfxieywpkktvpwmb
tmvawzbebztzqmjnernc
uatsvicovjegkzmaxnac
xjyxcltiqxyitoqhdpnn
oiqskbhffydbiknvigvf
zzqarmevolpcohbtcfdm
xzouvwwbipkjdoxbigxy
hjuwvvfydqmxuiiurfjv
wjudvtbdaohyrueyfejr
dhogbzhhxgeiljgjwgom
lbhbqoodaonzojxbwibt
ibwcypuoqvlzytykeqqh
ssemyyuuxkkihionqriv
qvrfhfajeeeaqjygupkf
wgqoeemofcqkvezftgyj
gctjpafxcxaojirlaail
jqhtduahijgtkbgshwjl
ljoaurxwpzppirontato
xdkphzjtimzrcryjudzk
dizpmbjqeltrpvgsmpyz
eebwzlrwcfsinqbdtqwb
tyximsnffxkixickwkmu
afbjmivghxpymwxvblht
wynmockdmzwlcvispdax
vuowxwaktqdebevnqdoq
qsnnjicsmvbhtofbitxm
lnjzirzsnykoxvbnxuqm
yfedjgtroxhqvghggkbf
pcflcpuvjzfvefqxaqbu
podgvjfiddfzdakjajbn
dvmscbfxcvfuljuwbrtm
qklibcpsjrwbcosdfilu
jckkrngrobpaltiybpwc
noueugaxssbwghjvutzy
ussvzocypllttextumds
oeyufgxfciztrgrsmdns
jdjkjtsweaslnqzzwanb
taxpcffjurvkhsmoiqhd
occnqhfhexnqxydnhdyx
ubypczwlacdwaplcwlig
nrhmbwbzwcdzfkiszejw
ydxfjdgwsarcxvtjenft
jbnfwdcvcdfoyhfhzjxu
pdsqkprpdjictatjjfow
feyajvdwedqzwwwcatqh
wndjkmcwevobltjsutqh
aqmkyknmkvxztqxcixrr
itdvtaljxmavrwptmybq
kklszppjyauygvwmkqee
yexjrappnnjkyllecozx
cmsvcvnbzsanedycvrjx
hyfjqdvbxevrxbamjbbv
tfrkmyxjrjhequdfelvv
arbauvbdctggdrksnbki
zllnnujmbylhwbhumrxd
uqkyrjtzsrtkgjnlcmyf
hcxerzvgdqkpcgmrhjvf
gdfccmpehpplrqktkpco
jweblshviulfarimzpgu
guiuzfvrqjhogvlnppet
agowtubfcjgnhbqrhttr
gpzwqtyfibkomulerlsw
gfvsbgqoohbhrdmvjfjf
wioxvicqdqhsukoqomsl
phhiyaxkerleelztzxbc
jqyaicpsnqmmfeazyynh
dauxsiegtqppnbjrtfxr
rjuejuygpercfuedzpoi
crejhcyjqrcdlzxwhqsn
kgimbfbburelvcnnmrmo
dslhxdmkqeyhuavrqnwn
hjuxrcqywvwifpxqfuqg
mxuxalnvachodqplbnjv
tepusirenlebhglkgdxu
raehxlzohalsoobpupfu
uqcbzuekqiqvlxmllkpz
yapnhqgfypuvuphvkevk
qzuditfwlbqepvzqwovv
tujjflsultgkpcvbxgvm
uihmsideqhydtugeiqvm
hnlhvdoqchamhsyuzadg
pikbbfvadbspnrlwmjvg
zhqiljzzmrucumfbdszv
ifzengougrwnwopatnay
easdoiouelfzfbjinnzi
xamaxyxkgbmkgctgssmb
cekaokxmcedrnxvqjyml
ytpnwfaziumaflenvuqg
cqywxjbgstygczbkplrh
swlqelcwglsvxrbptunp
lvajtogdbsgnrecqwzld
eihsccxkbhtbxiatyloe
yqeofgrftjperwfbygsq
ayawbplyykilzahhviuz
uvmitqsgntkhmgnirxme
zqmeuamikjwamcxbcmem
nwmipjkpupuhcrfresml
xpbodcothsbtvnecwvwp
vucrnlwfdiefymsqamyy
fijigmpzjjoxwxxoxvlf
xncpbggfujxalwndoqqo
tukkoronveyxghkonpoo
aqgggxavrsffdeigwvxr
vfzelnpavcgppplefbom
jnpursxwpjtbgytisgmy
wzniighfzmgzprqdsufo
zwbibavuqbyvxypypozo
uhpbscjjhrcgwvcyarjt
imncmtplqquxipjqobwk
qklyhpojbsdmkuusmgty
rbvbpxoikqqxbutspbkw
cqppgpwdxvnoygxvitff
gndgusvbvqdgqqcbkdmd
lqpapejkwyqaspjundky
fcefzndhngovquvpwgsh
dbqoylpapzzkgnnswfil
gwitcnuimcqsvcuzoffi
zqpvnaawpcvsbuvkuzti
cihoezqxumzfahrpqulc
aeorjwgmqxhvpfavxams
oaoohpkslzutbdkvhbhl
xaxisxjfjnonlvopescw
kzrkwyrabeporyfgggcu
wuxmpifcrzpgaxeafpzd
ufpwkfvncnlxwylcxgjb
hvuwysvviwynlhyyscjo
chwvzavexigivdikplhi
vufnccsgoagsgwjxgyxz
dusvtbggsceajpbdtsrv
rdnjhqfxpgfdocndoipc
yhnvreetvfrfxrwydpqp
pkvpkmqwsludtzxmqycy
fprtupnawqtggskmnftp
jtcukylpjcwkmjerjbnk
obfxqmeqwnksxhisisis
hvyvqmxjuyyepjgmowsx
nqeubmcvkldnalecmmhw
auoymqggtdqjwqmazfyw
gqzyzxocadiqiqbdpawv
nyzsrkeoudpizosaxwrn
cxkmydyaspdeboxdbeyw
skpuagwiakhrnuvcdkvs
gqeibnsixlwwwgyqepza
uatdvkilcqdbzikezwar
odyyqfugdnqzvptcqbbk
alllqrvqfupuzmmgyumz
eycnfkzugihjldnwkgfl
bqnuarzroxrqdsjglzat
publwiioxlxgxvxmnseo
mqxwprzxmanndzwaqekj
hekkpizpzzvpegrcyvhq
fiscwqyaqjqrbidhnmnx
cbdshwbpjanfvvxkseeq
zrksbnyapawoatxpcjjc
crvdltanroxzzagmivle
rpltqndpdxkopgkyzdjw
koebbjdmakvcrnvrezrk
oncybhbuogaqegxnfgsv
guwnvudytefxqsjgbmba
xiaqdfkigelhhwxpoprf
udjpnvghfkxatvqcuqjj
fbagnkrugyqmndybfwcp
cclheabafpibqhsblvyw
xzkuzclioldewwtscbku
srmfdcjxywewvtyslval
dzczplptqaukwenrsmol
snncvbvpcxqxrnguqesv
vdjlkwbvuzdpygegroqf
uieofontsmclwxwowpti
llyncrzguvkqsymiijwa
sjmzywxtqxtokqvwbhxx
qhctvobresylvfnirdap
amuckorygrqgatzethjm
grfklnsaobhdejcweyaa
kykdivmimmxippxanvzy
knpcimsmyrarppmbmorr
ijckhdyjaqupxfnyrtnb
afodtcvfedcvsledyvan
zzsjpcksxclzkztxwgge
prsjgsirggfbjyhscqpn
fllxrmbhaheonodrmken
eysiagwbxnccxcszldrw
lnlkpefwcfbkgjilxvuc
mjvgfxprzozubjjbhhtn
bgfiqyfzkzuldvkdfrwx
wdxobiuvmpgyqiarrnek
stttepkyqkonqjguyrvp
oiahuthsbxqlpwbejyiw
mostmswvzmwrqwrkobkj
vsrxnrjrwitvlyobqtww
hzrrfintetfwjjdhzkui
tsyvqewkkwgqzyzjrotg
pwyqdifeagberizlcadl
ksywlntcwydcqxntrqln
wkspbidxpttegsuyrxps
wnueuncaimynzitvrwdd
npzudahabbweiezplebm
yvjhzjabzupvotzawhmp
obvozssrywarxhqttxjx
raqqcifrklbhxdyodqbd
suubtqtdjuycswgybqtp
yjdejpiazaorlbmhkaup
waosikxgoqammqcstomz
zxuwefelicyfyiupmhjy
loxdtqwvojmigbhnyzyw
dbzabrpfpaydrakathyp
oaevrvmondjnwafswkrm
dqttgpxdrixznabeuzyv
xmktaxflympruvncngrr
pwtynumvkppfxadblocy
myvowaluroaxowqttmzd
mhzvnnxezciojsoqgdhi
tpzeseptmwweeytsyimk
irebimdmyugngdnxdfjg
waszjimuttualggfxrat
hknyaflfbcfyvjehrmfc
zdqqbwwhpejffxpaoxyn
klsmhsofkjedipflxfwf
dxysfrdvcnuujuveyfqp
pcqinjiahgmtvfskpgjn
qtwnvtvxlfezuhuwdtyl
jhwfwaupoxlpmodpikbr
zcvclynhmpqeswwgwoyp
esbcwpwsjhblbndhuemw
yzrwpcaokfvifgekfaab
qanaxefyoltrwosnqzum
egtftwvnchdjsukmmxzy
poabugusgxcalbadzhls
lmymrwjubwwyfzbxuqad
zuxwkmniibslursvpqqz
vqnfrhvsfanqxeujnadr
fjynjqkfbiqaymyebtkr
tijkdigiptaubydylonp
czmysvgdwsgnabnvvqtk
wxaolrcrusgmthdsoauf
gmjsqhzvzqnrdizmdvnn
mccozawgvrwurhxpknss
xhlpwwchzczexwflfnyt
bszzedbgtfrorkijrzgy
zfhgpcspwavojzaulvfy
gjgwbdujunbryxnkgmai
ohsyasiyyibrraogntib
jsldgsdrcbkdgdpolqlw
uaioldicgbipzcurquuh
zhuhhemzcitjgyvfwnpr
yktgcghaiqusccvkswqa
lhjaeyqmeiobaddxbhhz
kfgmixpecaduhvostwkj
smhfvgonlfiiwyrjoqvo
rucouobrtswvbbdmskbc
vhlgeyjmmtxvldxqcvzu
ejztcmogpwpnucdzxvgq
sviddduiufwsbkdyzpyq
hmnleuqpnmitbvexwglx
dnlbycrzrglmaqibursv
keqttqfvagimbfulysvg
irvrtenmsglitqmvdaot
vziqwyihoxzxfqbfynzs
qtzlvrhbykcdcioxqnuq
nciehoqgpujjcdcsrcsg
ihrtjlitkfbcbbscntni
pfjcvqwxwhkzbxlwqmnc
rewdmosqilyibesvfxyz
aibnxukfrpamhsljrbvu
nplyjwfcxiyfeopyendi
rvlvxevdqxhrnqiuayxo
qolhkvrqcodfpysomakn
yvfivqcphufojwcqadtq
ldwqclyfqgivaizavsgh
vkevtxelnhsmougafclv
hfdoepmutzpxpcmyohte
zvpgifcwfidhxjlvvzvu
fvhtbmqzmelueppnniey
wcyrssqemieoenhfanhv
voqjiqspwfllieqmijmj
mngfuvkqkmfprmztlswe
lpczhlgxvzenhanqbjbb
okofapqvkdfqpqkwpccb
wwqyazxvmvxhseugsffm
ksohylmxbhuglowvnrvu
ccfgrsicibongobbadpp
qyohhkiwjmaiewaclhzo
yxozgcqlnavdpxqslyxv
ioengjlwpgozlfwvqsmh
fmgqdbisupdhkpggyiyq
uoutzfzuuwvvgtjjsumi
djhoswhnhxhebexdzjws
xwtxooopwvjwsirryrwu
ovbrsruhmkjbjwqlqrzz
lwsggybhlozfaugqpgsk
jswckuupjsixpmwtsdsl
rhuqxisclxgcnqigwwxv
rcyeygodsozzgbeptzqa
vcghoqumhlftzrskefld
hfjosvgnrohksvzuedho
majtpguprvehxsyjciyi
honiemtcwpvutmyiyelh
ygipwrhqyqplhfbcmhoy
qavdveveewjwkxffngww
gebzctalhlvkvaksgiol
nmufqzqbxwxcznqvryuj
icnoetsoimpcpeqrgssh
aauhoyiqhflqrbzpkabk
iajmhedheawbiiocupml
aecxpzzpzowcjtsidksn
rhnrlndmcbmarwgngepy
qrmassaitfrfunqnmsvs
rfvdfznvfhtvzchqqsig
eqviuctmvqesmhrfzrrh
sghjaaqmhtbrnaajrcyu
iydsvbsxxswpxgrodzsg
gpfwieqsqkotwsyqqzwg
ykkgsyomggwfbvazhngs
wloehvzjmjuzlhmfzboh
uebwymwbipstbssktltc
cqgliaexrqetonucesdf
yovojtpjphamrlfgyukx
azbbsnpbkatfvftdchto
srfqcoogovjouzdfgswt
kcluyfqkrxbadvklobbc
ibmywwuvagimgksmtnbi
ifezekxpopaxtlobnqda
jpemcrcdrwbahetsjonn
hgjzdcnlxpqjnqzakwag
cymhwpheozhcqjhjevam
jnfmxtribdpchajixiac
cbatuucduwzxjevgwsbk
jhgxxhcwasflotqywixq
qwshtdrdcmbnofwyzzbn
zguirvrptafomtyvjegz
uhuddhyihficxjcmcyxj
haapxhqtvhpswmwmeizv
byaznxbacydyaccwhsfi
vmruqiyzrgqavkjmmbts
olvnzmnogwhcmbpotnop
cacmqzyfridbmugdfqtq
qfoczsmnpgfflmxcjdsi
zzkgudxabrqdxpezwzwx
febvxramaggnzudsmgsc
bbwxyihqonliqbepzszi
fzytbrewnsvzqpuixnpy
kzqdpstaieythiumjlzc
xsybwnjyfdzqahetmyjy
yltlsarvpqmhmerzqfel
ikrynkwbzcqfznnmtcio
ubjlirvccjyjznunrezx
qtppqhysezwjuxjfnrau
ghnjgexlifudaheajkes
jtfdjpcemfkyvzhsssqf
ossebhzpsfjekwnefdgb
bymiohbjxovdnrjcvjly
aenduvbighfcyiijzcrh
vshkdhfgovnascflfwdy
zufjkkvtnkbcyoueyqjj
thkggqelyoubcgsdmhru
vuzqykgnnbonejapqgmw
pmsoxsjkcxblelrivdeq
buftqpysrqzocozlfiis
zwuqqflpwkqkgakqfjjd
sfqheawyzhdsqjqjqhhb
zlheqmnlazuzjhiaqieg
yrgbkgdmxykejujqivbc
ihqativmnxmcrfgfaqfo
tvydwtxcchrstceltdfy
tbeefkyqqubeqotsvvmu
stpnawgmjhblxpxcvekw
umbtkvwqrgnoqkmkxlue
jqzpoyxsuxavtazuvshk
eoyxtqyfvqwgnunmpnbo
zdofkvjaeytdhfmehbvp
bmhwexcupkqfyyriznlp
vgrqrhqixqqnvbvjztwn
legwtkzzskjxzulvzajj
zycyqzsqfuluodjujvow
vbywpzmesumbzttjzeht
bdgbfxjyqxubussvpqys
jjvjlpwlwrbrurqtigyq
mofquyajrqrzbrtrdfay
yknfssxkvaztmylkghfb
okmrzkpzaktrxqfnujis
dssetfeofnmnlrceckma
dvkfahosazonenycfceb
vjadwgidxerxwnqzibav
krbuxuzpwsnnaeltbwqo
mkualgqyaqpqphsjftqq
hzugiwyasblpftweepun
mtbalrqvicwqnzpuqdzo
zgefauvcbtrmhooqnxxc
ogeggvhrgruzskzpnwyy
uvtfgvszyjcnojdnyalq
obxvezjxrzmldirmcdye
ujnahhxlweprbtfjqeqa
zxpmxgrbnxpukqofmqsd
ivybkdllnyezxeikuvre
gnpvtpmeonhhsxqcwttj
vqfjjlnapiwrpkjudiju
irxgfghcrhtokantqjrq
niaowzqyfmewuffdoros
hooasykcpfmziaktyuku
iqgomawiqiavibprhawf
movgcmvlnpemnrietuet
bftkesonjzvsyslpbqqy
qlglamsrmmanccpvsqtn
lasaplyjujacpjykfpcb
msbvmdsdqrfwpcmaitka
sypfvllktghwubhqxrrb
aswrixaotxmjzqxntjmk
lkssnxpjdnpqcavdvdpn
bnopntwxbukmnfwxwtak
ymtlmbqvyzuihkizorvf
qzkjwnjmclmbjblytoei
qjcduzdnndecjjmnjpfl
yplnvtbunaoqltkgukof
ywjlyrtbvyzopsnmbfuo
myqdeqldikeuswcldrvy
agjuvcgvclicvxcyqmvk
athydgkiifjfmuwssksh
mkkmsdekuihkxdwckclw
ajfawbgarjhzezwmvvyh
nfbnwrbzlcutggpgfyom
yornjozvnamodlykzijq
kkrpoicqltqedjmccacp
hhgvhslprezpslyxcchk
qdnhxwsusvijzktsrgqh
cjdablgvjjwsnnvrkgyp
kwnlvjgfifbnhwomtjrg
bmbemcydvnwmekltslwq
jrzcmdakkkxtnnpmpwpp
gslkzvgpnfwwpowszkem
pdcjkdytcyawcgdwdqhi
ymplbfyfcthnihksdydq
ndsuafetbticsgasqlix
odwvlwlebvzbhjmagmes
suxlbquksidevqecjgby
dtlpydxibdtrrnalguyj
jsgdahsbknyoqlzfstbw
yryzceyxcxhlglyoykfi
xenslszyasnphgthvqkq
embssnadpyfvzneckmsy
chaiuqxllusotyqoceyj
bgocqgpqjtuwkmecglxk
wasjplfylrxxlfjnopyn
gdfexipttiryiplhkeye
cusqerzykmtsqwtgosnu
qviqhjlzwnseianuxsgs
omjoonqwabdyjnuogfaa
cmztuhdzqdtcfidjkvgk
mylxsbwmovjdyfrpboap
okaqqnvsqqcguxnuvtei
tjpudxyfoalorwsgiobp
rbdslfuutdzutzlsbvlb
ueksuefmmzacpiyaybeu
rfckrwvkycmzneyhxzjx
lghnrjagzltqaawagkrc
qacgjbmfaiuoflsavnsu
xdunfmxtzgyznygkldua
vuelmtuvrriysliqpdbs
dtfwcnrgazlkhtstpyiw
uqabdiavrwlqwwfxgewx
swyopiqckignczzfqgjl
tqxgrlvgwkfxgpghfnur
iwqmrwjszzieqgueotgp
nobfpqkydscubbspsxyv
dlcaaoegvmlqwsuzhpqq
dgusmdqnkdylsnzmojyu
pfdwxjyoftsiaedihpek
gmzegbwifciudqlqkiaa
svetiaymohftgipchnmd
yubkqjrdrlsivryumpnh
ddruazjdxrmyxypibyro
ccqmmvdcdgbpqoqyknbn
jpgzmofychulxcofvcmv
eopnpveyfwktbtaagnkf
acjubxuoihkxawbfqhlk
crejuxmvwfyewwnnavrb
oawrlantnubwqlnfxlgn
svysoginkbljrhnrihef
jmoipcarjpormwhcsypq
wenwgyshvekmlupzpgev
tektpmtlegrmghjsuqut
jgsuuvenwgsrceqyjiyt
ffjwtawnwggqvxekubph
fnzgcnhyalmjrxpnhckt
piwvdqmfmahiyqhdsbcn
xivyengngtekmqidwsbo
ulyqngcpzupmfdjxkxot
ouoqvqfcjadeekutxshn
nyvhbemvptmeumnnmfph
qiwaitaibpehjczbbiqv
cppfgwubwjnfyxrptwup
fiqchyffakhuzvtcsjte
fpgkqlebkpmfzypayukl
kxsezgvtyznualmbxorc
rzipflazupuzihdjtzqg
ocpkfpazgmpdhneglppr
bzpzfwgxpitdydispnpu
utxytgjfreumxophkgac
zpqmbgekvtuvrdpfqwuh
oysvhvmgcdnihuiwxsdr
krlsmhivrerzggekeoeg
ngdlnehaqqfutwwhlnyl
sdvwjkgyfhsbzfvhtetg
rtcnjcwtwhcbdjspzvmx
prrctseuzxubcerfujnv
unoadvxqxmifrtsgbjmb
mrvxpgqzolqrzznijuda
ifsnotgdxemkheyflohc
uxinbajoxpykubpqhqrx
arhiopbviomxecexlqxh
vewhxqhyarcujtniolyy
cxdpduggkzigdrgdwgcz
wrtgcqgvhjdkuwbyjkwh
szvxfqhjhklktivkpbpq
bntsbusdnbuexwlukbfm
qostvigbpxfsjadglxgz
dfeannkbgxrqzqhfltlm
umfmuwmqcnrflozcbqqq
zjiaevpsolzzbfsgwtch
ncscheahkgstwvccnyvj
syysjkddjtcqgeujevxq
aryiomejdwkglwoldhvx
brzsxpdejregrsukcoge
jwsmyrkwbnimuelljptu
dptsnwsubzzxvdqfsmdq
hwnrnummhvddrtaelkna
podduszcvokoqoziblpk
zysgmeufqhdzpzocqqvg
akdmgusvghhimxcvkiaa
pyproeqxybhzjbgjimux
rrrtowtuutbyyqtrzhpg
hjtqmbrwimaeomgecfcp
ggwjvmekmwamzrgyvrfd
ewjyisvdrowiqqbiltwz
ggnfvtjifcrjzodrgtvj
godzazdchjkaqpnbpiwv
irlwsslnvwthwvoffetz
eiwcffmiehrxrjrhhowb
ykhgiacjqkaowjcdbmql
jekjdqyddtcjrrqakimi
akashqyszgjqeeyrznep
cymrclylrzawjmjmttuj
xnfevczmhwpdvwmjjmdk
dvlkxzugitjnvupmqaoc
dzctpzaeobmeospwxjos
tcglgmllpmiayqktfstp
fgfztlstywdxvfzcdepb
mbwgwpoykhduhdztcmkw
wsiznyazocxyoxfsicuf
yyvwkmyotnybjrxnijrn
hgycpsamhwbhhfbtuink
ogwbjnqocnoygxdelsef
iwsdwnbwozhhibnrhvui
lneqzgcdzgzezmixutvf
uobjawqatkndtchmtgpo
femonptcfohwwdqdghlt
tqmmsdwgjykpejflszgo
wzmqednxjsomxkjhebjh
hskrmcnuatqxljisqwwp
ifwmuvcwzubgwilthsyx
txufaeclgjvjfigprzwt
ycqwdmlqvifuchapvjpq
uotzubsvdeqfwwximnqb
xmiaopmleocwgkhbxift
prdcdajqjfnatcdoertb
kpnezoyfaqunmfrjnvnf
dsgttrsoedtpbbwyyfqf
xhumvtmgafpebnbjqnik
pjomnuognheiwhiqyxvi
ycnqwsxrvypsoeiqampt
yzflvfvvadryexjrzkmu
vzcrlhpnhmoujttyptmc
sjwptmewifzyletvougv
boxcovpbazsjltyqgect
rucflizmldzodnxgswce
byhsftidtbtrfdrathbp
tqeuetknnbmnungciers
bttpsythbazwulrqpybj
jnepozvujmthgppcpmaj
qkgonhzdmlqcmowkymko
xcvgcvehwishgaghbcav
dahgplfixyabctoyetxk
vkgesybtdqdwovppcttc
rbwdhdekeuxttmqtfbih
fdjeiwjiopxyuvuidekv
vlzqqxlkoaiwwzieoqqw
kmfdrcreiakelxtkjhmn
dfujilrnkgfaazafgbzp
gnvgmvdouwosdxdhmtxc
wsfphykxbtnjyppwogyi
siyxheoqiogdmypbgyvr
htbxggvmasvuthjhqwai
ghbhxwwpjngvlqfcsbve
olirmzmrpifivabchxar
mjhnvzjketbygowwujbj
alzuoqiafrrmutwwtlyy
ddiraibrpiyulrkcaupd
wcmoqagnhuorprdptsuk
dkqgdztmzkjaqkxkxrlm
sorbzhnrgmttbwshyvgu
rlgqycnbyifvhamaqvrj
mkqxjpibzvialndejmvv
nrjrcsrizhwwtcfxlowu
qiusmgrbudmqjzblokhb
udcrbqjqhplyrmassvaz
auugocqclxxldujzbtvq
gvlbqbvtomqzxvmhzztz
ptlxylcknyihbsoxdsqn
nddubcnhovclsfglajpj
ttdskwetxqmcoqsmujki
qczjpevrhubyzsgkzsmv
tmntekpytstukamuwpzo
ueoamwfxypjfsttejqzn
ntcyfdexnpmqkfymqjoi
xfzdbyqwfeskjdtmnepj
pfgytgrzpeaiyhkdluvv
uopthylfmedlnmzoziow
bkuothpdybifrzjwxhwn
yrezhesblyjrtmiqxwaa
ckbfsrwmcvnoxnsnnrio
uoqvwqrexhzxhsdzfugb
wgyzhpchdcheuzltsbac
wyzafulrsevcvdrmmzdn
brtpmwpgyhtshfmyufec
cwupkbqgxuyatvpbxcdb
bvcdrziuszapdnfmgeft
hihwytzhtihrnzidbnzd
mmjzggwldiwqogcbrdjf
aigeifkbmdnkwtdzrmip
czaxcznwkhjhjwfmpfdy
iixeznuyeiuscadzbnvd
livoruexpifcekopqtmk
pcaqmebqeevxwrhdwrmw
xppicdnaexgdzjszobgp
phszayvesxyijjsjztpb
wnvwribvqbbkwxhjkour
puhwgwpfmvpnvdguxgmb
hopxbhahfcgujhifdxla
rpzjfejyyibqycigahuq
swindiijzzcjmzxawnha
cbjtzmtckjdtnzuhwgig
biciuseenqvposeokupz
ogcnlhpjtvrolglgfjne
hlkisvivixhidbvzyfzp
wavoakmdtifnaylibimh
iccswpzfneltdzclnoqp
umwpyspjugdaxcnqoljn
ihpafjfadeerunlqamkf
soweesvoifaawuggrdsk
bikksarnswxffbrrpaoj
dhzpzdfvkpdhbtrmmqvp
xkshhauwzsddzdwdkhln
synazwuddyqrftsrcwqs
olyeikiyhbpytvbgixxi
fgjeciiealsatmhfmysr
qwtxvtfqbwybqgkmqgfo
agmqzntdezipmqnaugry
vfwoqqhifoqkjibhtoto
jlsuxcpkqdvkxrrhkosa
jggartpjpzgdomkczlps
uiaupigyaydbnzflzpgw
awikvxxejwhabebrgtar
nfvrmbrafuwyfgzmwvod
bujawojbwakrqeilavgn
djzrqwozjxgydzvnjyeg
vwyxmyyjqsdtzyymxtfo
xbtmpmintojumitqiavb
jpxpcwyfvqkrdgxmuucy
qaxnfiimkdmskbaerydj
ufdemfprwdtvwpnlaubl
gxwsmcmjgogvfzvnmvpj
jppxgwheovmrutkrhbhb
amclkkzwxvjkqqngtcxo
ihfppaleeijwkhyjnsme
pnenifihitjlqxpokbtn
zvqnctncxpxmllrayqor
qigntmsjwvpnrfvvcayn
lpxzqmohghlovajfsdss
zuacxjjwxgzoacuaakpq
vcapohnncgqnjucdwywj
ckakcphvpicyhioqnhqm
spegkmenohswdyxqsofs
ettvylbthhxsxbzfqlpf
tdxqrmbamxqfyxjcgzub
vattswpnuonjyplhvbpq
yfnktgtkrhljlbzbizui
baavmyrhiwhogdakkrda
rgbwqsbswhqrpycwibcr
hthkkxvtsdnphdsjmnmu
ewsgbezeilhrrqlszmnu
uogajuqrhkkrlubtrzek
jwsnvyraiaqvsnovjstl
ycohsodudetawqejfjal
gbzpqxmdzlzhpqoafdgq
idkvkohzxvxnpcouzsuv
secgabpifwurxgbssqno
tgbnbwgjgwovkwmdyxgm
mifhtueeyoenyppvcvtj
loqauqzptuiovqgnkgad
zixjsmwzlucfcuxkpsgz
dxhhpjyyjxufzabsgnfm
fycippupjjyxquwmyhoa
bbboatdsararsxeqmgld
imsrcbxxzmrksiyjnvpt
heqmvkmnoarksscykirj
pebgiemhocebhwntzjjr
xgshndnewprlowbwsmgv
qfzktrdncnnzmszonxon
jxawuldrirvzmszurdue
ormrxojgpyrezijqszqk
tdrsamtonqtbgwcrfrap
zboudjeyapssoddtfgsh
ajdqbpjsybqpabuvvmtf
cmstgushjychjntpcxfl
anvpfpshkuxgwcezlpja
uddrgdmpcmoomnjhezjm
ubgrqfnhhtaviaiapqee
jhhckpqvnsbnbjfopoja
rjzxgzueeaawtemktsqo
oenzqkopuhtthifskpnt
plpzfgojkmipoqyvfutm
cxwtgjoqgehckapztcnp
cmndccsfcoplwqaamxdn
yrsfkqhgsxhugmkfmvqw
wvtdpcpqkyglzuczfkdu
dnzeetrafbqfwksdqmwq
rlaogcpkmbsozzmymhyj
bxpzonlicecxtuqtcgdl
qnvwapzuesjtavwjyvde
zkrgiitvknzaqaindsju
vybbsmspgmhgoucffzad
whzxnzyrzecireoznucz
dvppsljoxiilwmpggehw
hqnhdjhlpjtqgkwujmgi
pbtquslnhkvdimarprrj
gzazcxbxhbmvoutkbdwt
vimjyupfdjupnaxlyugf
iedkzfvhkawmqqspoilp
gsdzjzvudyuclgszvrah
beyhhfisupkswmfkchkw
xqkfpxtsiezetadgtjkt
aevqcqbbhgbxptopogvn
lchybzgxcolssiexggvp
ykqxucbykvemrxkjnqpo
ytcybwclgnpwaqsdfurm
ivwokbyoxptqxraountv
ejlurwjipetmzdsjeshy
dpinnsfdfswrihwunltq
ffurbrrvzqxbmqnpnsmt
hmlsjcibcngsogestzpy
glfimbicyjpjvenbxgjc
tcdbinkuronmikqegwva
pauvjpmxgelzmpkpcvlm
imjzutucfissplhdtnts
qlniqdecogwpxwpdzxpw
pnddogxfwqiwzerimpdy
dyxigfwhzescfwbfxpyn
pglsnagngdorunzagbjf
zcihfqvhfnklsefcbred
mvbyjeuweruijunxjlya
pwfivevkxbreqdiqmfzm
cfwfnhyaibnsvzsgxsen
aixlmsmmheqchcpeuuyh
tjkkuygellimoytkcmyz
fbzssyppbtyduzoeoaxu
ggqdzllusvfbpbpdfyed
zywwgeqidgqooaanaijf
kfwzyylctypmmlhcmykw
pnnbrdoewmvbogixdfoi
ydjcstpdhnllycdflwaf
igahhoizbuqowyyfbfuy
kpmicvniurnmpgzdxpet
yutrjaktoqqgdsnqdrjg
vkyrjbdkqndbojuechwo
nawaklqpvzafzlcgxzqb
vyndgcmiirmpoguugmje
kecubetftbabqfxuptdp
evygvqccgyxwaruebola
jfssbsxnxabmojyrwmiv
cfwuizbhchvgtskcaybo
tijcczwcdvagxjswtrtx
ddvwylsgxdpxxyhxaiaw
xjbkpwvlaxdexuqsmgum
djyzybslawxdwnrhesjw
pgslnzepwqlzqomizgbj
gmceouzjdiokrlylzxxb
xcawmfyhyzpjlqsxifhg
bixfbhvlchlugrsmiiwc
cjuaqnqbuqtczmoyfhxa
wbdznprazuflxhpwuitz
knxjtfckctytkbfjyrnb
okiaheyehxohzyodrsyu
geosysjmenymuoklzdfh
zkrlpecywxmgstruebwo
ejfdypnkmpdlqwodzopz
zbnnbwxnvebgihzdfxyj
hseaotteuytfxxedjtps
mntjqilitfilhpdlcbcf
kgtjeuexpyfecvorkamx
igarlajjiwzgqrtdufqb
fmkjwncskglupngcjeyz
dafgfikwmnpwtrzhyzdi
iaibslaaogbfwqzlxgls
fxqnperwbmqvpqcnfakk
qbryukkcdmciexuunntb
ralyyrvhpujteidojisy
ymzlohalzikecxltadjb
pmfwimlzbrojoiwttjnc
sdduwatmhytddtkfbvtk
xeurpdxifmwguvxljblr
oijnnhqoadbuzwbwsynm
lqxzykjjwwtogpgoauxe
acwbrteczzevpznhufim
yxbdyblzpnwjbmdljgne
kbjootuzgfwotivtlsbh
ddgfpctnuzqkizfpkjxp
abodmumuikjppkrldsks
dclvayjqzibnkjhcmiit
mmpxjquipeecdsgvfjja
vvfpmplwhklkqcaqtrox
munsamuewhexpoqkgjiv
mlfozpnaevypzbnbmbzh
xqdctorvxtluxqeqjzfv
uvtorkxwbirfrwaqghev
rjhbuqiypmghabaekyja
cwshxroskprrclmxpqsd
tzevnblliikxwixxflxb
lxxizkuxmriclcykfcse
gfvwcdikdahdigjlfjld
xehfhondventeelwtzkp
drkhncmjkdklznpwfagu
nashjcdkteptwahfgfso
wbcljqtfnnqdkxpftgkv
yvmjsvgoihefrxehvrqp
jffslgfhdklprzecskvk
enmvosysqadboeemwgmv
hjqbdcumoonlcuhomnbo
rfqidxxvnfgkrusckgjs
bdpmwjqmhkaappopvciv
zurdupyssodiaqxbyvnv
onjdrrlustzjqqrpbnfr
qvtnawxjwskrwsdhzjtu
oufdrxpeqqbgfgorcmnk
whhemacfnustvwiiybzb
nkdqlbpcqdstiworphtv
pxvbbisixlminfafrfkg
fsdzmqbvfgmjvvdscvbq
idgadsgvyvsonzofgzhn
bzrqviabzaueqfbplium
yzayrnxqydlhbsnskptv
tiecsxysxzqatujqcgfa
ajdzdddguhaecxwjzyio
prcyfvphuwlwwmaepxma
bpwarfkwoaefrdbcinhn
kvzrojghuxbdigmcrdus
jbjdplirhhdltrcrhwqh
xiyhnbxnaskapucykgdt
lsmihbgqntrxpefcukqs
vdltxfeuvukfucndokgg
gicdrohvswckzwsnhxtn
cncfyzzkqkbxybtqoxgl
cxnzmtfakgowjzzbvzxy
bupcyinwavtcrgzvecsg
cbtjjrniwrwbvzwkfixy
ghixzsjgayuefhjaprem
ljgfhtetjxbqfunodiuh
xymtuyilgqiemfcqucwb
gorhyurvznqcvygawyzf
yduisazeaujmcnkeyvnq
ycfjdvpucfqphkvoemmt
tvhussrixshgsmjtnjic
zleispvydeeufpwujbto
vhetmmoxwdegvprhgmyp
gxghsqdybzcwbvaotxeg
pfcnvgvhujofoignrqva
pzqzyxnbnikmksiyykby
vntuqzjukaxqbzgwgueq
wwhezcohwfeqezciuoll
cfibyzlvlqfrhvgxtqlf
dfviyitgmldiyhbcclqa
zybeuwtdywsaiesmzbti
wbmuphftassmmjrxbbmi
wgvpxanwvwhsblpjnjut
raugszxwgraxbmfrlpsc
cggchrqgrudbiausnbjv
rbldjqpuwyssruzrlxbx
ebaseiakmwkvdejdmssl
nqtfahubohwlihcbfbqt
rnyhzrtpqczhxcitcjwi
mhdigochpluvygidrekr
oaekwjbpgiadjkvsiqfm
daunqtbaqprksfnwxtpx
kbazngzzqtikpuzzqphi
attgbnrohoapwypttwkc
jokjuilcmncvzlgphemy
gzlqdbhubxhfwcorcnih
irynrawcotuvejyxepdb
bmejdlbkzwdtqxxyvksb
ybzcwnoqepjrypzyovlb
suoddiibcxjfdtykwldo
cgewnxljmjxbhiieirhz
nlyweshspxgpcpptzhqv
aogfxykpsyrktptkcbnz
yaulvhoztzjkhmhpxdmb
lqscrfrprstszkxsrslw
mmykkwwcazphuoweclgv
lseiqgoheokyabtjispf
ispgyqevdqvgztqzlikd
flgahfmfapudmsixcqdi
nlwhjefgtywfnepyavuo
bvzhxdaiywwmpfmabpaf
csvkokdtrcdpzrzwvjtt
lsqaelnbephnnnhcbpeu
iumeaojpdixsoecfkpey
wtvoxlfuexeqhsobpgni
syzdqdlqgvhxttzojzrc
bnlculrohbeuuwrwnlak
xnpgkpgqiwenmvprfjsc
ppvlnwllpfnyjbwfegob
tuukcdngfnddnufdhtcw
uxtluouqjcqkooyyoaom
avajduhozsdotbfmnubx
jfilcoiwciaskadkmsjh
vbyvliiqvtcpjdoskagz
uvkryfcixlgifqclvsnc
gblqpcvdogwfhjisfsvs
qrndtomlsotjdnspxbsx
ytbwzvzjsdxojhuxhqrz
pspsiuqaaiisaptiobyb
wutgzeqrprwvhzyedcss
nrqckvfmvvufhcmeqwog
hjveyjcevrkqbhdydadh
dhroolxfqxzaaqxkrcmn
rpemgfuxrmfrunoaflud
ukhvfhnpdyyygifneczo
sapghkgqqfqojjablkop
aapfcmlphjyluzxosujw
drxjlycjdpcryayvgywp
pwqzyfiregcoyzfedief
azxtljkxhimdxqeiaprb
qwgfudtfloafgzjyuytb
vqarhuefpseoasvwhiux
xxgkaqagwyintmdlgjem
qtsvxmtfwtbrpezntkap
duckjqkclodnfrghugak
gfbyrguguhfxmfnwirwz
uarrfvnjebxxrbxrsjyu
wkvwamnzkkmfcreiingo
mgknlqfybblysxvousrg
wugjcpiuramzgrpseaom
gxgjazpguufppyomcyqn
olwbfijemoeocunvbmyd
xobfrrkmthauwqfmmuii
xgyxfkofmrplbuuflnfd
qhzeqmgzngfimaplcadt
sesawdgyietpnwmpgrtt
zxftqdgtnlfxtoqmpqou
brqivcvxguchlkpbbpcd
jhlkqaxblgcowzfqvfno
poggdvuxpindiebojtbc
onlbaolvxfyeyynhnlja
dqrvmakzhxlrqsuavvum
obdgnennoyzearryijii
trljwuxmjxnjfrhwgrhw
hrsxlxtqvcvohsifdvum
lomkhrtpahpbegkadnjl
gkxkvyshfysshejjtaio
lvjtskgodclrkgjyjtry
tseookoaxbxfisyoayuv
jlrtiapumvkjahuhwgcb
dmyhkapgfxdkhopzsbpm
doyanxqkjwmjvkmjezbl
bdbusuosshtbzpogpcrk
dlqnmpdbuszpstvyfxae
vhfzoemrngycwjosfwsq
syuptbnkolqriudzvqtt
cidypjjdfymkndauzjbz
hxnwpccmoxpbnmodyirl
prydbpckzfwzviebrquw
dgjumznwhywpmeibmwez
moochjnmearmiiyxmcnm
googjqtamhvmbormdhcr
mvuvegnurxtyxiqohvif
seiiipaylihucmujonek
fctngqnehwigsdretsbn
qhitowkgtqkdisgosiim
xnwgxiuekkifynyfavtq
zluqwblmzmxfjviyzwnu
culyisywhhwqducybutu
jlrboxtidphotoqchprw
jfuvxumfwfzbxdzrtktq
xetawbzwnrapaewcqfyq
iiqkclskwjgvdgyssopn
utsldziaqdxyrrblszxn
ueqcyxotfaldigcbnqht
sdeteieexdtqwqtbowou
bckjooqwiuckjcrockbw
bibdrtdmgmslvfpdbmdw
bycqybixbtqposupbdec
cqghmqxqerapkcnpgbjx
kqkjxjggufzeiqjnjzsa
qxiuozuwsmyunzobecwn
podfvtwnsfeirsrejcep
ldmlrekluztxrtsibayr
xtxvfqkwwyhftnmbnkzh
bnbebebaupgxekjrkros
lbaznwgqwurtzxedcflw
nxadbjakwojatuxxtcav
bmfnexqqbwyokghlrbwn
mjdbknfmqtgfhwxfwsip
ftgzsqhndqayhcbuydlk
nnchoytksbmwjpuiqers
uobifqpctvxkkdghtyin
spvbqixghnznsroegqup
aunekutszopbxcoxhhpx
ztapdpwzsokcwidqfrxb
ozteyvdqzsjvtfrzdekt
uqflxxrwoytxzxfxjeld
yeuoathmrlysdopkglqj
vtlsspaovwmbxbmnsnfi
wjznsedscjzvwxrvcpgg
raxiyzitojwkwisongkc
kzugbyspjsoolueurmwg
dmsuemunplimfuazzncr
fjwmdkqdqjfktnytbfxq
dwzmyfigrnxuhmcxhjrw
goatzqwtpnsvmosidiwx
qhhbkdzpaeihnzvoffmp
kswbuhbqsdcfcewirhnd
yxgaicjupbflmwzpcctt
bmqettfqqfdqgbdohumx
mlrhezcheiartdpnzhxb
dldkgnsbukmilphgdrng
zusfrjgbvrnebtzvryix
sdxxtrcskkubxjghwfpd
qgolcelfyzmvmloihmqd
dnmgirwqcxrlzfzveade
pmpnbzbkwmmtazjwyxcv
gfnhwqaigsnrehnqombb
ijqancrgedyncwrfbfaz
wrswihrzqvzotuigcpsr
sfqpoxyfyyehvlmrvnjy
sjhgblobeqwocufsznzg
oqyjpigiozdnsxzospya
tjcwogxqtxuuxdyvnuta
xhsrnxlbyheznomtahjs
tclxgtebbcdqiyrihpnz
xvefmobwhxbimhomzzyt
dwrugcgpyyvewfoxuxwf
tvcrnqljcrnlckolmapb
eavewowkabhqeivctmha
zrzznzqzzrqpilwplpaa
plsiyqcfbihiijoefixe
xntokjyyyefjsdstvujs
owcfoodrbyaqubmlsiet
gebsfthjdpggzhydxkwv
hdfqugzjbfdlqnybcyta
dszligrtjivqeujojfmo
nibdljjspnyovziwvszq
lcpnlsqtsamgpoywbgeo
zoxphymgyhrhcxgqbami
gqptvxhungnuwvsnedwi
lshccixpsrjqhzhziecu
mqzlowtgwvpacbfipfxx
cxnvkvdrrviceuovpjrf
yzxvnrwaxtaxvajlmyul
divkehadxabpctkemzan
utzzbyzqloffbygsnouh
abdndebhodrjeqyufszw
xhqcydwmhdwzumreuqli
kzkqpvfffsbhdeecrhas
zwxiinbfufbikiehpnpq
vkhplmmjgpnigvehybdd
awlzsnmsnfjgheeuzqmx
qqhmflrmfqklyduxytku
rkjheeymctmcwqpollcl
zqwvbxhxkketyapjqlgk
weesbhmysdnismhltegy
pjtsvwhqxnozygzoxmoa
ziulxznkpkpcgbbalzfa
fpvbkxkntkjtbdclcqkw
twfjksicttkeuuvkwiju
dqteuktqfkbmcdbajwaq
hoqonpghdioxsnvmuuhm
iltkezewcblrlwloqrsx
oiqbdfbbdobhwwrtausc
deyapxomdglhpeivosue
lacwhqslwdmxorhwvlbg
ouhlabyvhgmcqntghozl
youhfoiriputyrhpbejl
brraeizsvtdrdhsvwozc
xqbvkjqkcardgfooijoy
xvsjaysgapytfpqvgiuw
cotzzxyvknbshnhieafq
ouhbacmlxdmobzraccaj
qbdjydzhzyddfegmonar
yozlrbidatbdsyloisxz
ybnibkcbvyogrljytbsa
nezvkuzifonkskuhkdvk
itmukfslsqbkoirqhumz
vakbncqkguhlmljnkcnz
tqklwiuemdtethrjltvv
golsoobxmmcqmapuyvhe
cijjtgwtogohstubkiar
tabkclbgknefxmtltcfz
dsssgdqfqnagkzdzcxua
pjbiikyipgxjjtlkhqqu
lansymqeykovynmvxbue
wxwfkjccdntbsxrvdbte
zafjurvidkforvnnkebp
sxphwthtfebbimwexall
auvuqwfgtksmfeonzqou
xaixcsiwoejmrluywvhm
jdqlzbheaxjpcyfebcji
tutyxgmjzdrgmljfsbdx
laxcmdsvfzfhpyetifak
vqwkprtxjcleybmohydb
ybzbghkxaxkvvztkqrqi
ggqndwantzuypmzdsjki
yizlrhpvmjvrrpvanauw
ewrpdfanqqavpvsukatm
osvdtuagwdcrkazaoquk
mlmyhjgwkwkdeekcfajd
jzphpkgfxbjzfywsmorp
gbuvgphiftcbzaxvfihs
hhfzpdytzkxdctluypuz
ipxtzrblyiwrxjjxkjra
lpqvgkybeiahsaablgit
wwqcjiculjfdxvfynidl
hdzckklmlvfevlymnfpy
vxgnlezlttugomxxtemy
bamnzjqfeypczlftscyz
istjknahxbegcogvgatb
yvgajqibekyvjjohnbik
twhetvkaxsuhmyukyudw
ytxqjkdxfsoifuecsfln
efkcvmazsajfcehwqpwg
seknpzpxamsjdegvyaua
jyhmigwirggzlkrhqujr
aajiislpmyqtulneevsy
eymkvnorngowptkmjmmn
nznezdbxhdqupunxbnhr
evgpxysaammbccfemxxm
yuhlxkdnxpumvryxsziy
tcdyatxzvlhustmjjvrb
joleqipxbxrwltanzrfr
pvnyrwzzlbfwqlcklfaz
xpdswworiwtfjlndwixq
wdliuaureiusolrvuruu
iwhtplpbtcatsouyeyyz
ektjtztwxjaumsdirimf
sdhyeygwxamboommvjdl
fiytqydcmiwedqmacard
yhqnrfpuztuspytezjdh
atrpbnhhnodlgfqxxutu
fruiqxcmvxiofbbtzcss
kjnnetuzcviivgkyfnbx
lcozyvtgmbxdnwbfjzlf
gvieuhusrkrtvsklusno
gygpeupeiatopkdzsldm
ujsemdccbmsjvvqmmmkg
vwacejnumbgnyzhrhctv
wlwblvyqoopdxlrvmxfm
bzoutkiatlmwclmvramh
nrjvdlkfipxdkoinxgmp
negiiliooahjxinlipaa
aquiwtesyflzpsgrenxt
smzuysjvmvpyoglqxljc
pbdbivmtrwkrkegtzjwl
glwcoctjetjaezvxwdta
mzntducbiwfbppmjfxwj
knaozlgxakolunocoqup
ardekqokiplsdvlidnmw
qcggbsustrwrnpjtwxkx
siyfeafvdmjefmuavxhr
xqxkorfhsbhepibpzodj
mmtncajpgnividfoyoll
bokfhuzgapqfqbrvojzv
gmkdyczfxcnzundubjon
eoandbmbanwzenynjvuv
kbzpuxzzdpydawqorasb
fscjssanzvnqfjzmjrxg
bkoceczzntcpduwkcnnw
kyfsgejmwrhtubhczcns
xpiqklhmcjrozverbpip
yelbtujakdcjcnloujjq
nvddejgpbaiznrtobwev
qcvjphrpqhcfpffviilp
pszzqenanutjuazpacfs
tmkuakolsqupzgqwuhlx
vvzjfturxwamfurrjuyz
ujdwoftzoenqrcyssqfc
klkkgmcsxeconzrejpcy
ooaddhchkabmawqhhcof
lpmdlxkygxspjjyjfiub
wsdqumaedzbcqirbhcab
tvisizqijyrowwpsrwpl
efxupnwoggctpsaspeef
ahnpaudkfgmeapzzcooi
onnexneickzqfngecpxp
fnudrcfsswaanxezgmco
xsmwecnkissjhvklvrmk
sqtckejqkuuuwxvcjhdm
dgyurxhbqjfxynpqqcpv
poastsvcxfqtvjbuvazy
bxylxqfkauvmrduwivlw
dmxiuikbuxwfmmgtfvrw
afrgdgfrixeqnoyepljw
mlzreoldplpjvgidtezy
gbgizylvyxbkwxurysia
oxnhxqprdqwbeteyodbt
uapjvhxupbuiiejbmfkk
glafayvjzuajspslzact
gbhpsgrlfpokzcmvcsmx
yeflbwbgtuouqabibtrn
bfmgmlcxxkldfpgmufzj
ekgnmdwnitwuwpylegqy
ehelkzbpixxmcyqkxrzy
zmqlgxdvinkaldhumbqf
cxkhqlwzkbyoenojgigq
ylcxuqukkaebrydzubsq
umivehmyejqddxmrcwna
vwixfqgmnrzbsranwohr
tzuvavuycdrozjxmmazd
lbooopgmjazjanhktlwc
qpbdkriurizwuayvtnvj
huurwbdgdwwxfqwktwpj
zdaxnzjbnnxkbgrigxir
jbyjmwkmqtvdhqmiefpe
nzspfdhhvwyykgfyvarc
xhjzfwgusdepkuxvcrag
upmgoqlypspaxzazzjhm
yotithjccljytydrwkub
etpsmwesjmgxtmweqlij
mufdcftebngubmuqlkkv
egqqtoegrbrwiystczxj
ucvahskqyqcypvqtsjtj
eaeawtqmwdjrtikaxxcw
kudviwetflqfjlstgsqh
ccstkpgyateeisndgxdk
fzndewglynfmvebgesir
qbnvivaiqxrcopauwzzv
ivadwdovdxlaapskioyg
bhxqwdfqocdclwdckqca
zzebhslibupvuajxcjdi
nejidmukbcuicnzixuip
odrowbnuzwudjozxmjgz
ykdqjjfsmfxxyabfirpz
laozrdgetpvpqdcshcpd
lovcbhssilyojstbbdwx
jcdzmzsmtpjttaxpuenj
olhclbcfxhbcbzxuxfpw
lhrjxwjxgecpdujbdgpp
ojxaryadbhtbkoizbxya
iueuhcubdkgebsdkzmir
zwrkcklruqmfrxtpdqbw
mpoiexwmielruzbefpnz
zhhzfzmqfyaolvonfyyl
wihgystuggqecoxgrtuc
ynyhgmkvbhdwcjoslfmq
gvexvsjkwwdssbidzhtd
vowmwnqblnxnsczmxbgs
oxgdpsyrixehemewtwke
vzddhtsnwvsgavfopcbq
xyfrhgvwnzzrknvzssnl
tusbszczwqnwhxjcmsri
oznvdgrgnlxbuuptggzj
atvdqjtelryubhuaakpp
hgnzwwphsehgfsdvtynj
eerzahqgkbedjbgyosxs
qibhxxlxmxbjhogdvxgc
ccytyynpigedjvzjdbkp
qfsjszelvecsmeqilxig
scmlaiknevwrwslimbbr
lvxskyjjraolacmzpqmh
knqbrqpacclxtqpmafdj
kibehsjjuriqjtjiaegx
epvlmffunknxgheifdzb
rndrjhulegwfzfzljjns
ginmeydqnhfuprzghimp
rdwyiojnkanqtqeebcrt
aboytbsympenqwkeyloo
jeidbwhnszfmdpixtsii
tztohraesvjbmygypnvp
bwpzckxbxhlsejhilwiq
hpfxbhlfncsnnbkpaumf
ivmhjtcpkcumxltdmwnz
rptbtjwtxqzawjexugbj
ljksfhwkvbpmtkppikgr
pcdgqkeaphdwnezbetby
rjyjeoyvzgbjmlizdfbm
epohbypwqvyvtlqequqn
jiyluilkqxvuymlzrupw
eafumnhyzafqgylgcjze
vkreulvldwwaezbigexf
dpseshsjmfljejtmucys
lfjvrfwwknnduhjvpfoa
dmtnafjsiqtjlwmfifat
iidizqafucsavbctnaxr
whtjfcojitgfagjufmyx
cmueduuqutwypqxbhuqf
rxueyksdcxprxosjpnne
aucuhxvtqtqrcrmkkbbr
dlvokbhteouccjuuikty
kugmprxmrijrqxtosmpj
yjmraswvundncxscripi
hkjflaawbwlfwxbnuybc
yyagrqkssfblgwoeqbmx
qdgqrhkxbxongombbfiq
ccgwetbfocfvookclypz
qcqhbtfnqjgpnwpcmepy
davbknfkxsdoxrzuopqd
jqkmjhcxprvubvzwgjjy
vuckcrimaykdrxrbxodl
hdsxsybzmwdfotsaqynn
eqjthhrrtahagbcuzmxg
jllvjqyhclahwpwtztny
prwymfsguzebkslnlwva
eulbmyjapkmbtdfloqbp
jwqaprvwcvpaijmeguoe
xwqdznquizqgosizobxi
hmxtwwbfyqixintfyqow
zerpytxycrslogashrau
anmrgmlbklfuulyxtkod
pbgyuhawatxqblfrbdmw
stqxghzsmllqxicoffgj
uyuqwpugcnkbjxkmposk
hlyunlulyrrvjanggohe
zxxuocjngrhifjjkobmz
eydsldefnguladixhxie
rrbhemehpmqifotdllql
dnsgvrlktoxnxemnpgtw
ouldmdmnijgnrsnoyhyy
ynxvlncxxwreiwanxicq
noohwlyyoasxxfpvgkvw
jdaphbmkjlzyirlxpswz
hywtxjzeqfjswgdjifcb
perwwyxtvxgwshzmwyvf
esvjujtfovdprxhknwnj
usvgterkybgdcbdziplh
wclhsjxadyeljswcqjmt
gezafugatwcgkamegmpa
dvjnstffbmblvssfjome
jmuprnbwtqtryhyxauoo
mwfttzcxijurznuxofht
zmvvclgvszjartibaoam
ztygiuseraunlzkbqmfe
cibmgckqxiefjsmxthnl
sxudvqfoajtpqlkceytg
bnohocpncpebqinfgxhz
ckqhnpxuifwdompjdmiv
pqllphuenoxewvxoyrkr
wvktcmkublewrjtccxth
cqxsvvkcimraqmsvdwqb
xjuvyuhshfprnybunfsy
cglptfbrkhdygpxgcazr
cngpjnpwouuangrnzvkp
dbpevvnelmapchjajhhk
pilnzkajkzjnorjxvoei
gwzrpoopquugfciffwtp
xxiwhkjucuyocyybyhpp
bgsldvylezilevupcflw
tgvphszwzqexngtsfphw
xgwsobzxrbyrwrrimfqz
idwhskwzrntvrmxfmjvf
tmsgrrcxzalteaoiknbi
kimadfgcpbetleggrvde
myzwvanqdwuibsfjpbgb
oagaiilcrofiwsjukcvk
ghmvktelndvrhnvyfxrj
bjmvgxmihafdapneowub
avbbhyjrecdilbflyxyx
oacpoziankzhshwbxrbb
qnemzmldejyirbkoztqy
lqhptvjmcywgxnsmjmso
oenoaqffwckflgieeuou
ewwdreqnzvmnczqdfgah
qfuhneuxrspieibstyre
xgxncnivaknbhwpeeyyt
siwfkmdzfmwdobltdmzb
cwbyoleqndnpxaooradm
bepvzbgwdndsqbdxnfbu
hqfrcthwxrntrczjiiam
eyynmjomjzszvccdbkkf
wrqkaybvbwwcoarvkbwq
rvdbpkgsuqybyeimhfqi
yghfodbstzwafcxufyep
qhixnyvbrwfvnzffflsi
fseqtqzyfkzwdyrnmpqg
tzsmboxlgwuqazmfjprf
bzsoeizuyjfcceqrqqtf
roqlbwbxlldueaqayrwp
ysaooxhuwetasubdbcjd
kctwymtpihinzpvdvcef
pysknymcpbazgaumsegc
pvgbklyzqrdrfykzravt
hgeliuwupwikjxpojcey
mwrvijiaipsppegeijvd
egxaxelomykmbmdzkevc
ghjblqaeqymjprbrgopo
qzdrszflftnitststend
cqyfiqozwdsqzyeqhaeh
tqmljpidkfrxtfrttrgb
kfgeemhrhzgemxoobuvs
imgqvbvfflgnlbiefqyd
vqovemulomxoovumxfcn
rergpgkcrlpmitqbthyv
ljtkubjvlkqktiyefqdj
sbmilvosyrkgfomuepiu
achovoqvnrcxywycabki
zyzpphmeljvwjuvabhyi
ymtdgfgrebeqphxxcdcz
hnkjlvjmnojsonmltzmd
mmbymzrwfxewdzelokym
pdnlhgysgfjglofdxjoo
cnwuvenqnryvtmnknlzc
dulvasgjqdxnbygouwwg
slrayeulmcdokvrtlbvy
anxyzixbjvmsarzulnoe
iugxbllvtwcpipbbqvqd
ztxdsjcnbrqrkqbdhuyw
zkvxqzpsgheboccdjwyr
cnvnshzatywlmcwmzvzq
kknxofisunklomamnizr
hjgmcjddxvggcwfmpfry
rcofcxxugmcplzebrphj
nrlulseqyzrihdenpuqq
mxejrbbxfzpqshmnlktd
rdefsakuqcgtdkaabgbi
hmmsdomedzulealqflaq
larjkigrlwexbsdgczod
jercxdpdbsbsprcglnao
eyusawjmimcufeqkmyig
eicsiheldbrbngzracyc
pyjuncpsrqclccrtmbmh
xihvwbrlpojcbrkgjwmh
nczapykccomkslqxvqgc
htvcaztkoledklgixmnl
qoogjvcmzytzcwjacvjf
kiotyhyojgzlxrqwhhne
islrvsiyktrllakswkai
rkeeyryqhqyjrymxnwqe
kbbxxzmvbrpawtmkjgeq
kgzykuiotxofbdmtqjmg
pjumocxlgiknkdzyivuz
uizgldzqxccmwrjlumpd
lmmflroqlcgynthtbgvb
ihplgzbnbbnnrtflsyex
rutgmevbeaejrjumipqn
gzuvtgyhsasboghcrojj
phavobmpkvgcsrtdtyas
hxhjzokucfcagastinbz
aowrxzuvgukvkpsqwupt
fprcsxkncukkvppyhjql
mctmupfjkyrrkiuuvvmy
xweiwmkqpwmhdvrbvfqq
strlwmufblycgxjlsbfp
rxslaixxsmmlptbcseih
zxvecgsincrcnjvtsfmn
vlymzfujnygmufdehoij
misisrchfyftgnsmmdym
tgllchtiqlcuvjbmpmdy
pnwsaonwvunzxjrscvex
nticfsmebdqhkfibvtof
dgzkvugaejzrfiooyjhq
ttdhidimrydrzubugtmv
uiilgtqekqculzpdiyqb
bfbjrpfnxdhlzsznlcql
psqdxjxvvvvggqnqstfo
nkjnwevwbkayetwfeptc
xqxdvkimliukqmrqkkbo
kmvkjpucennudqvieshp
woufyvxnmdwwdfbgvxpt
eopnucqqsxlgfltpgkco
oxfihvfgzbdqbaknyzwm
fjiqzbmzfalwcberehsl
ibpgwsskzqwigwxpsylu
bmhvsehnlhuqukzjpsse
moasgcrxggujwyeqtmcr
hshvjfngbnpibebvzgbr
hicfokkhrlifncltjjyr
triamsnvjgalfltgxgha
igqkgzlcybuxgsvtncjq
mvwnsjhcqnodgcguribi
pnhjtaazihqwdabosijy
sebpzfawggaydrfzspwm
ovxudedqcmhxnavymznt
xeaxbodxjnaxhttdeshq
gmkubzirbsbvvlogqmsh
dcvgoaayjoibmbxixdkg
crknwobyizpkqwqzblkc
pipkwhizsccmzpuohwxq
wlzbbynxvtnjpzryhwjz
gvonvbeamcxvlszvkvgs
tidejnnbmewmcbvarnwv
zpbmgskorzvjqdokadnx
mgrsihegyxoraxiyxhjx
yxgeeiqgaxaeoqngdvsg
rwvfcllvlvharwylstsk
wmhfiheanmtxqwnhioor
mjrgkgxjngrwvodnzqee
uxrpprzvxboyojkxoind
vtfddmopnuwqpdmgzutr
kctjadwfainsbfumvnca
dtdhogkejkrfyjwktvfc
tucyphxkowddahagatiu
ineinsxvysyaaxqgwkic
fligtmtcjassgmfujvfi
xqbbafykfzphyizwnita
xilgupmobfkzkiyrmoin
vuorqqxqbqbukqsuhyre
uuthoglkpltafqlajbnr
wvjfosvrbxkdaeqfhnme
xbyilqagtudhvevgahkt
bodweinirkrepwuarswz
hawdbhfbeikgeuymfqfn
wmkympgbglygbghlufzi
kojoehhnbbkvazaequwm
hektqvywcgmplxqhzkuq
ntqbyzfeicwpgiofprpp
uzzgeuhinaiznewerisg
hrydjrvaclzumihlxydp
scqraedhlyauldsvprok
ynczidofevfedgprshep
ltxyjfghxjkuiirzecad
eupsflgddynbetagfkju
bsblxwxkdfgtkqtufgyi
joqzagjpzueeoasovgtn
wgpehwnippxrohzvtmqg
jesdbdbieaesmnbvdefp
evaqrsycychcmjmkstvv
lcxlfspyopelbihovqca
hdjlgxbcrjngyjruyvdk
ubqdvabqgtnzwofroocb
gkkgkokgxzgpjudcifhe
oofjgecpvwxhsmkcoeey
zpxvefmxogmekphfmuob
itkssxexphbhsixznwmq
uaksaxyzdodgvkcottux
xnivylwlqlhdohvtrlyk
ceerdlfkdpouutfjhzix
mztfrgsaovwyicmpfokk
ltgnxvresusmicqokgyw
sgfgfepjdwahtrxwuasq
mcnritpqnnamwltcpooy
rgfqtoicyrgqzlobpwkj
sfhlqiopifntyfnmyhtw
wkdkohbneekankaqreew
scebmcurhzeukogwqdkk
jkrduokmkqafgpbthbuk
wjuijpllcbwkbbzodxcd
kkqtakmrwpeuabijvtwd
hjugnzdzwbpqsdgmhmqt
hitsefgaeiislvyzibvb
odpkbibxpflsfdeetjep
ilrdjqldlbobcqqljinf
uvozabziwmlrwklhwmrp
jufownepvykjkfyjvisb
tklsjjkdyltjqmnrutdu
grymternbxyjtnecwrqe
olfskdjkagoejmxmmmdn
hervsoqhlobuavdenqze
yramtwswmmaetgtjkllu
oumrntyenlpjzbvitjnd
rjbeaydhsbvkdhleufnc
lqxtowvqgayzcwxgrrcn
paksjaevzhoxdqlpnasf
zgadbsfgzgriaoxlcztw
udyysdytrrcaiuxchqsn
mrpbhoncezaslqlrlckx
rhclzyebkglsfkrptwwz
cwqkqycckogfiruvpcdw
kizwplwrechrloprllfc
cpavboyxzioezrjnedlj
duswhtifzknwllpvndwl
nvcpqsybeyjkjxljtxkg
bexltblwzinqqldvypei
lqhwcajuoqukihwczoer
oougfskbardoafldbpsx
diysrpivkqzpbfrbcaoi
dlmutrjdzuozccbwlfqg
qxnkbmaojttwrionugqy
jrfqlxwofjmjbxcwcbio
ugzlmtobpvyxusxurfjt
ycoxcelwtgjkxaedlzik
pdcovjfxfdnddhdlkytj
ojxjzdlyicwdgfakodbl
njvoazyvotovzuwdutgz
oxsbvwfafndmdffoutgq
fdyhlmwramgtnshnaxsk
tpayskinbdsxunygmzwd
hpfdfyruyqrohnqwtvkw
nqtciralmeavfrlsdeyr
vhmbotsyvxhoudtnnxlq
deegvoyrfprkhkttowrl
xdamondgdafyvclcfkfa
rrumooobzvznidmfqwft
cuzxpwiivleezyyfneha
sxaqrvwrgjgshpohhcyh
nthbzlkqltjuasxjvjah
fnkmesoklzswlknivfyh
qbcyoatvbvbhjcfwctei
tduvqtxjqvgfyinxsbgy
sxzyuqttnhpcvddfgiar
liglwoxdtnnsldvebndw
rsgoizpydvmqbjvqylya
fjzriuzyrcrxrhqkafvv
qoowxycjshksjxdkvyod
rioxlnjqwrawmjsvirrm
ryjkyqkvdswmpzmoarjf
mgllxodhtdcmkqzwvvud
hvysbpsvaanxdnotpqlj
vdxjhvjxlpuxvhqawdrj
igdyxujxwvyvycegdnqm
ohrywnoziplrxoirdjhp
usbmhmhqbsxoabxubhxo
wxnopolrhxzctzfqxuii
neelqxfqwqxvjpcfrmiv
wsxedgtpcbixlnoohwob
xscbjhojshnizmuilcvk
yaowobgmjobqjhpmexld
wfjlytuycnztxekbifap
ordkvqaracpvnzdheyli
qkkrcrkvrjdxqoeaoxru
tgusoridsanivfplfwdi
jiowpkzgstegygjtqhzx
jszichpnnogimfipvwxy
unzixegolkedozvzzuoo
beoiqmuxwqjjwqnytfcn
zldoybjwxvnvnrvznadj
hgnlrhurnanqozxytdbr
wzrjsewbbbafxlggyjbs
hpgjtwxpyoubnzorxgbb
kgmectwvhecaxunmtczd
hocpjgxhhzlxfeblonpo
tvisjvjnijpkcwtxsfyk
izkdbcccxkrwrjegeifu
oxabkpvwixbvakwbkbzj
kbojsohnzjnybhbzszei
pdhxcdzhwkdpyneydxbp
nqnbrbnfipzqioqvgvox
tegapucfduvpatrkzybw
xvxxerjlqbyfgdrruvgg
ipatdzzglvdtenbrdtbg
fngatusrywxkchdpfvfx
fasrdddciwuclikgmyep
wlniawvspsqoaqpsfjco
vwjxqlrezctyhbmiqidn
aqyidlyeymqooqnffsph
cizuqitmmletcklbisws
masmmpraqimwcabsteic
qenbvgkieymvatcnnovc
okhdzglglpiswiyqtkjy
shbvbahprdchbofbpogk
umorteqmevpqnrfdfxun
nnkezqynyypreksrgpdh
ndsemzyhcikzaggdaakc
iavbssgvnvtsmsahtzyt
qohwdkqdorxxaqbtgbmb
loqzrkvoyfjhlksetsmv
qtkdmsmplsthpcweslyz
eawzjpjvyvtiehivunch
ezzhksnqgqpqpwjycghh
kjcgghpjxcvraudavxkq
bavjezfuxvukcmloadqc
dzitkieonkipwvqytfhc
rkjarzveczlyxotqmvhm
mfjpuohhoxcbfdhskiwh
vvlalujfewmfsbsnxcko
qucrjnuhlwrdhxqabuqm
geeqzpqlortontuyidco
lenyfkfuujrgecicqryx
wpfoshwpvcksvakvjkro
zrxaiyaawmfwqisyniom
olpjhsnbvzqhfzbfsdpe
srymfmlhihwdepnzakzj
sjxfzieprptrukzupnip
rkyoeyakjwqkjiunsnqp
ggjyhascajzchjewnwhv
nizshrlgdukbpbbepjim
wcqtgoqsbvyplsthwuld
qnvizerlrnkzwsrvpufb
hioidosnkcwrxsvwymuf
jcxlouhhwxjdhpzcoklo
aznxsjjlafybctbinznh
fknvatcfaiodvczxqbyn
enzqyhkzsqhtcaxoweaf
sarpfthwfhscwpsnvosg
pzhpudgpquocjcuonbxc
ifakfziyzcpvkdcvweth
hesodkczorqimioaniur
natngbhfqgezdrnsgcpb
lgrukqojnuiahkucxjri
eydjnjxrrtpaplhkcftl
wjlngysfyngvlysudcsu
sgzuffgvhyxqlaljrcfp
lbkfsqqvpgrlhgiugqzg
zgupeqilnwpccvmwthbg
wszqzvtsolvdqtwxmoqp
mtqctkmqgxeumaeklssz
btrbmkhgehkrjmkajliy
ygvjalsngxolywtjfwgb
hyvlzhppmysaffljurnz
nhcqfhxeejlvzkyyzjxe
rqhjygnhfvcyimkfjgbt
nrtcxfwjildmxiipuzeg
ffavlaemunfzpfnhbjla
impmgwynmcurfkiykyun
cdxbtjdujymcfkcxdvdk
wcskikrxkmkpoijyyawl
rrpmybnciouvkhevjmlj
mcfftnasnyxtrxidbtba
yfqziquicqkfubxwwgtp
pdrhsafrbzgwwhixkbdv
zzssmnjxitejtdhbazlt
pnutffppikqkbbddwsbe
rbkorcrvzcvdarmrvzbf
tcsjrpguhpfdcdhmxrnr
olyfzkpvlkcohxdycygw
srrhzdhvyqhxkodxlyfb
kfogoztamdtahzfvleam
hfpmtmhlklaqgqojhheo
kxosywfxgjkkamerykdo
cmhcvjsvudgcaeoghohw
gxfoqwrdpzsjxbqpfuwv
txdvqijjkjknucdbvccd
pzmoczypmdkbdlkpwvjw
gbphtbvuaddcwsjjnyxd
dcrgqoalwngufkfytcot
mulvgwzxkusqbteunpxe
xqzunlzfodrknuxfkofk
hupbtjvpeieqxddygpsh
eciezzwidkcnbljqvwht
ptprgzdfnoucguvpzeqv
yzgrbcloytmlxlqunlvr
rscjzfxyvhlykdoukyak
dkpnhbiklmzfljtvymjj
bxxkjgyktyuezfaglnar
fyiccdndfijoonxtwsix
pgiafkiipgxngzretxpu
enhtfgdfefovltrhmchc
ulbczdapuqpkdkfkplfn
ptetgkfcxuczsvqueeso
sdiytbbaquihoqxqsefv
uadcwywqcpvcrkgbgijx
ucvytkafeuvpvfaovwrq
nfuprfhyyiuhtyqllswm
hoksuroafdidhqdqdppu
wbscopdvkratmntqjjuk
royfvaplqldclghdbufy
lnwnzbqrpczkhhgewsbb
ftwadjilyftoipqsjkwq
blffnmxivvhmayurguiz
tayvierbwnvxeawfxvzv
rgcbzsbrkxyjxbycmbee
jinhkxozckrqryearymk
iwdtpwrummnbruavfvyu
vriastvptfgkesoewurw
bsacigovfyzthdfzkhpj
qapyvqwpelnfaxhqhtsx
ihcgozeqjrtvtfsnzedu
tfxbjqtkxfcntoelglzy
uafzjchwznyulzksxriw
ufhjdqrmkknfoebdzxfn
sbxdlmvvnbqwxghcwjmb
rmketlyofnyxranuvowi
vlgzfohgihnknjyswegc
wyyqdjwfhfkeecpiogum
dcbzhmvjqzyjfwietprz
kbextwfatskyqyospvuj
gijrsuesryguuhejexfp
ozhruhyizlijlfyxpisw
lvhdstaztlxztmferqbv
enhmjrfrwkggmczuhzff
fvwycvygnqglxlxldlxz
qhzxijisrrfokkyugqak
lnlnmycgjbvhzvfyoxwo
zeqcrsilkkancavuuynf
yzwbanpihyfflqkjvxle
wqtpklcxsixjojmccckl
mypmcqrgfsqtheidyuny
grwayuycunypjswsovvo
hrbngkhcsfjfbnfnkqrh
rhumsyoboxmkqkdhsods
zaejmkbvklwozqzlcdkl
ekmegbzylipodempalev
gzyqxpyhuwylnliiepdo
ehylygdnbdivwgrqkikr
plwnxxkgdnzhnvxxkaqm
mccyhbtntahuppbxgfnv
hgeomuyrscsgfgnxubyd
widzokkjisfoomiokvnb
jgmbhmhzltkkwycyiubb
foqlhtugjvyxfcmjlemb
hmolvxmjgrixteedayuy
obdzrrefxfgjorntloru
qhewsbypxywlqifhphpi
zulemytcaquwlbuwjwmq
udirsleabnhuykymqhhj
mzhblbeilfrlmelgyvka
zakhcgqbmxuactsazzqr
rqitpkeunnzzogcahqde
apmopnnfsbuzchtliwvs
behihthghlsrkjtnayfx
wsbhagjybskwyrrptqdt
nqlxfvvbzdfhdyranyye
nqhczlwxoahojojlsksi
mpxxnyvjapuzhbnorcxr
tomvpsuuwrbvdekpokse
qusrnacgghxudfpwdayr
vvfiwaercavpxpemosce
pltbcvwgkplwhztpoolu
kwieytgtmgtqosxwneup
dcgfgezwkhkyrtvsmlho
myzvntuebktljnsurxfa
kragatmixtrbcdoushrm
yadeolbciwysjqzuybit
mvbariwrvlalhedjjsuu
mrjcmrfsxxvaeucdlavu
zrfgmbtbbrgktgoduxce
jymimdskyxygiaoddkiy
baniqywkamcwlthzvlbl
ptbbdgexwgkluzncvjwd
ijfcjbeonikoqxrfwpgj
rnzfnhpodoyedmgtvwwu
sjvkqkzmogjbnhlmceza
wwmpqxvjdfvbwlryzspr
nhxjyaqyzpofamppfrjt
jqlarhnbxcffcwoinpva
spzlegcjygcdjvowctqt
fbuduuvxufkomnjahbal
znuuwxdsrlatredfikgf
havnawmneijuggpqrhgz
mwagffvjaerfmewiglbr
tcpsjdaiyawsgdvsiddj
uqzqipptdwxxhzqvrzur
gfovwfnnfyiwzqvwcsar
qrqgnrfjbsmfjqnlcqnc
amhdleaetqfwdtbgodig
xtibkyhfwpxoktwguuew
bkisimppalwaayqqyqif
blreixsijcgunnkvfycb
lptycrgajurosqyqgfuy
twzdihhuofcbjxpoqwqk
krldnhyachmwzmtkgkzb
ufvjaorukaqxaskdpxok
qaadaajyadfbjpiyhzjw
xeagxasptbrfxvutxetk
vqomgiiqyylmrgpslmtt
zluegkjisowdojbrcpjo
ifyselrdektikrcufmpn
zdhclslxltgxbwxzpgkj
xxyfszoxobuaowavcgjb
rtvquypnxrggkgkkfzxs
rrvklallsugeznkawxew
wskoknvadwpxubqkepgr
yedepuyzkvrqjxmiirtb
xpuxyesivjhpqgjuyhox
mqcnyuheohudwrfyusce
knchvfojhtwhqrzorddv
czencikmazwpqbzrgett
bnxzibzsjdhddwqicjem
vvbtylfsqictfqnpsxvn
eupfdlgbhrpqkayckfaq
nltvwmqocvqozbcerjfp
zugqvnmljduhtyijhdsm
qxyiulwhlqbdbxojzdzz
joqrvwwzgcbdpgmlyfch
qerglytkjnhcpetageyh
pgkahqtentldhlzhgkwq
nmrnkbswsyiotrdjvugf
pfafvqqmnxjxbyunkkxo
aalrchrcopxylyvpsvjd
sgqqxhenqqodsplnolxl
bketowkywjxamclthnpx
xtqmoxppeslfppizohtb
iqtlfycntcajcuuefvgv
meeqbeaeefxlzglhjogv
tpmrbstobrusmnodeysa
udlivpqbdolgbidraebp
syvlriqfkonjlubqbqzm
vnbpccsbobllsytnfxrk
atqpexdiolycvwqtruuc
yxakrkuubezhdhrxgkqf
ulzecapsmgllcemssvqn
cwkbmvmohutztcvkfvom
kwpabsbwyrqneueeiymy
bpymyhphhgbzaehyrwiq
yikxxvbzcqcpunpxdryj
ugxwrfvuztoodjeouiro
bcdgxoylxntmvlmzknhl
uhsvphcqktmfnsvdfaac
iitywdfwrkwydfjhthlu
ovayanqajbdeooflsktu
ahzvwsdshkyrluesawjp
jdnvaxjypbzlefmxbete
rycbiqudbpzihcecuahn
ytweorokqaeyylaqeixc
gdbmdedwuqzbpzulrdyr
qzmblorzexdffbenbpns
xubzkvifqjgpksxdafze
fuvnuvmdcqgidalobhvs
leebmkeyfljexlkwhvdy
piumcdzuqrxcoqjdxqyv
awryxxabbiclxpnzrtji
sujgohslrlufxlpwrclk
nlwackbdszazyhkmdmlv
dhmpteypsibfxxtjvclw
hrfdtobkyyklzvvlnctw
zpjcpwuxdrtooknkpcnj
vsbdzgrptcnqawqqzpnt
flvyhkooqagmmcfgdbia
laqroqhjhphgdjdvnvpb
rpsuwaozkolpnrbpqvgt
oegmyqffqjrtqdhamjkv
pwgbgultmtnfufdzhbrd
pzcowcevybbarmlejphm
vghqgydckrhrzhwnyrkp
gaokrgrhxjxjyakzhvrj
typmsqeemldzrqfdujuh
ylfuslvxwftifdorwvqq
pypqfpghuwiiicibctjx
ntcyzqdguigpsahrnymk
cwdprujnrphgjgvdkkzp
zjjqzecuntmnnikkqtvf
tcvtxesuzghdzxwiruco
cfkboemegtmbwkdhkyxk
qbdegkuahsczpfzwwbnr
ykaofucoomzoujoqhdvf
ncvkbvrflkughketpauq
zcqjbvljmspjfjmuweqq
dfqbvbggghueiczpwkms
nplexfdrftdzgbrnqfxp
pfyeccleeomcywuxqcyb
adinfifawzfnbgqrkxou
yhayjokxvjmfvdcktmrn
dqunuqhikjfzcjwprnva
bkpvnxdinqgrmahvdmap
licnvklzpnvyvtphkdxw
omxbyshylyzjbiorngix
aspzmnawsfdaorbyszxi
woiqidivqxikuzpebjxz
vuapnlfuqmzvdxpuybjf
ezzihqnnvtvnsgrsciva
jorcnjqcsoyaewhlinhe
abnujggzmxmwhhxpumjq
fwfxjzdzwsneiyzjidro
xzscuzmyjasxggewzcgv
ygmbjvydrxmncxjwsbzb
tfumhnkdkspcvrjearsc
gxzhlkqkuzxzrbrfervq
ixjbouvpsfavzqfuwrnp
fqrmqbcxwslvqhtfsmbh
koorhampavmvdaavkxzi
dosbsxzkqlhdmbgrgepw
wumzerppjljwvrkmxoeu
xgaeeywuhbieomtoscxf
pxwcdvephbiakwuebmpt
jbeakqzqlyqvexhxxuzi
lyzdzjtduvdhiqvlelhd
vuyfegdyfjbbrcjihdng
buimffwpvcevkozreukt
bdglwggvvlpuacfbwjzz
ughdbdcwjduakrhdbffn
vvxtawudxnqkyfwqvfdj
qyizehhgridoafthaxbm
tiqyvndalfdvpgdnboyf
dgxssuyybcekldzrbofq
teerzlwdtllvshsbxfen
hqcbswghtaifzqzhjpyz
woabffsvjuyzbuitlnor
ziihhznonztkgjmyswbk
immfpyvnrezfxakdahob
boxzzsdbudsgrfelbagm
vxqrlcycezhutlicyisa
zmpocyolmxovidylkyjh
cgbwjysdkmiedsvyiptc
dorlvgkhfbvlxwhwiyqg
ssxgaywqsckwhjkaokvf
mpybuyfblmwqxkzaiolr
fedxufljdusmwqeiuosc
akpohkronhuhtqhgqyfo
wbzfahnotgbpxsdvhskl
lvmzxlktenfwbjmewwik
wuaybdzirswvduwnvvba
idydukuacwgqbsiadojo
pwtblfrtavrthvvyvinq
oxbhqloqprwlbqcuehwl
ybpvjttizodtnqptxvny
vjcbaguvegmxnifuoopj
qcagdzefyhalvhmwebqw
uklcysktrvukwnmgawpe
tlypldfivhirvbhhvfvk
lapvvnpjdrzncauayuem
dnmhpncifcgwgtcqgfqz
xmqtlwxrwqxhhfysjoym
cgybmzxmzleqeazkvina
jbfppycfhnocluerbtup
guodtvkfqcnwhfmyelez
hkulgryadyrispvgoxdp
zoksesjjgyghzdouqbdz
ssqubxgzncxhageipjoy
dogvzbtfjuifompunblb
rsbxdcvmoxevhugrlmrb
tilzgtznfdecwuaczkpn
fjpkznqdorlhxlbtoyoj
cdtuwmnpyijbyidxyjbr
nidmpxrwhvaqyczavrll
ogxrdmbtmaunnnbivvhq
ytxevgnsqxyiuojprzzn
yoqcfhrvczcvlotctqsp
jqvordbzvouczchkqeji
tbueyjxsvvmepciiujiu
krubjxmbftzdoaaqfvhn
rxbzhwhqniouqglugkoz
kdqktxjuiuyuhilehnga
izfhkjqtgksxhysqbvwo
dwsgoezovjmzvqntbxev
xswjyywulcohscizsokf
glzvphubrphfvxufijec
ftwlthhugayrvjbhnfml
btglxkbniaglbsyljzxv
adrztonremeyrgxyoeku
fsejveejyfuyzsdvivpu
ionzhnfiorxnijwvnuhp
rbosfjcrnekzxkyigjen
jbpgyssoiqlbvikjeylc
ivfceynnhledydezljnm
aiubiggftnuzcxkltguc
oxssmkoxwvfeixoskgoc
exzbkpamjzkpwvfaptnj
ejnenvopslbxanwctnua
cpvqpekqfvwgctkcamub
cbykszavqjavjrhjzskc
fxunubfawetnimyebtdj
osxhbjqkqwhewmufylhi
yohhidvcmutacaitvojx
wdldprkwnqhcucbyicvj
zoooinjppgbreiwswthb
mziarwxjiouflldpeowj
deobnhuxfjribcurehsg
nnrflebzwlqbieroogmt
knvgayvrjjqtumbaegpc
xytirkhepxspgefcgoav
dhtuevvuonbpeduyviwq
wvauoylcrxffmtbvrjhx
ryqsgjxjjzmfzyxxssah
lwlsbejjhebiqpxsnkrl
adltiodikjrbhribisps
kvtqmmbqholmgzstxsfn
cvukhwnihclqgsocayym
mjometblyzjjbptiqcrb
dhmrlvedkqjrcgtodrkc
frlmdohhamzmxfuveceq
gzzfvwyelogozfszgxek
jmdohzpzyaidvigwadnr
ejxzedjygkfbazwzhngw
oarddnacwrtsbmwnbmgm
rmoaftvtdpwoxuzsrztq
aotsnlqoyaqfgqkeolkj
zlpwpagfmazgzeijrmdh
kvhjwthifryotawafptw
iwdxidyfyqfphgimtxps
jpqxcxthsjfuerxdclou
fffbjrrhbmzutivhpbvz
bxawvreenrhglxlpzqkt
stvopdclpthfzdyteajp
wpqkfttlbjdqsfggntww
csrkqczioctmexadhyvd
hskcupbvnqssjmxdbrra
wfgepijvrntomcqdbmep
emkrzlylksejfxfopuhg
ylybahpfcdrynfmzqweo
mmfjhditmhzseilpolhn
tdebbqrsugtrpcuhhvvx
etxngadlkdosagirwnim
yzaonulscrocfyapdwiw
mkisaglpyspklwcgoxnc
wbtbsktuaylgxxazhmvy
tupfzyfiiolgsukcxwtt
rtcshlrahlhjitytkdzi
eytdukzmkgusjnlwggke
kiufmhhhisdaigwnqmxa
heqqvhffuoailitcdxly
mucrufbshmpcvknzjuwr
vrfijchlrdnpjqfuuysc
nwjmzdbfjhqqoenuzxtv
svyrwxmletmfzrubhuzt
fdptqusbgcvggliptkkg
owgbhfizgyfrpvmoopkc
tidwewbxesoiqumjodgg
mjnsrdkeditbvfnvovod
apzshkvhuwmoviabxndx
qvtpbbzeypmljtumhlhf
ccqilizwcwsozbzajmhx
tjucltpsjajjzyclxxsz
mbneizukmdqqtqehelrd
omnoqlyvgjazqoojivhn
vlpndicujkaawpsulypb
trdwlcwybsmyexbwnrvb
dulslfwjctxlplcuivnl
rlbwuxfoiwfezstddvvk
vebhlanfrrpwlejehwbl
sjwerjvvsyhbqkjphyld
sjmxzmtassvpjmhhsxan
dnctpppclaahiccwngwd
fothqjmiasjjghvilkvo
nwinsxcjodtpozrfuujk
yyyrpfcykmmsemrkogid
wcnbgzirtyuslkdthfsk
gsjyhuoborzhlnrgbbes
ortibgyxuljytuxzjfob
hhuzgdlnwlpqrotbohvd
dklelwzdrgbwozwhnggj
cokxksfwloaorpqbtimu
lwqapcmjsryjbneymuzz
nxdpfttatzobslpisxkj
xpwjylgyxihixgtxikwv
tbrvnnllthixqroemmsh
ullgnzgzphkztllwjkjd
vucrdszpxmcxkbxpqtlc
uqinouiboaqzduwcvssp
wivxgmbmhjzyilnoeyvx
xbvsmebqowmfsgwamxah
ytbascqqrxipdbpnafbx
livnckeshvghvutlzoty
ywtdvrbbcadglkteittq
awcjucjjkwbpnmuwfcut
totysbdfupatpsdmgokp
kpgpezzswspgcbjlttxi
whvckjkgamkyifoxcznu
iuvcwylywucajmziuwek
wiqupnlyvosbjvcgcreu
jnexjgasamjfpnycfpmr
wnpwgpnubmejkfxnidbm
sdbhejoddthrzkaopbxn
goospgjtfdnydhjbziab
pgpiddtqtgozycijccwh
hqriowelzaqcolpnrzac
uxrbrqqnywvtxlknxaxv
wdvhvjdqbczbepbmcpii
xmiakxccletvsuazaavz
apetprisjltluxvwpwjw
tloatzgmhzfgwdhyrjrd
ycnqnzvqpqsgwjixsapr
taptwbynclvoxpjmkcwg
ejwrwdkeicoxtgvljjxn
ycaaizxjsiidxjuaakna
bouuatspatkftwrtowtx
bhsizwfnqjnxoybhtjpr
mfbnhwyhhvnaopqufxwl
ofofrgymzxijqxyedgus
glmyimdvllyqghnsbwzb
uumdsrtfdivyizwhdrlp
mcuuftnsrqqegwtszuvp
jeldmywbmtqwwxrnzcuy
vuywgqsdkpskbualxukv
aeslljrhnkporarlsecx
cqpyfkdjqewmtakchjiy
tdtuiyqsaebtcfopjaik
bjudnduedntkrdiumfhq
mzlkfwhamkvifxnhfnmq
tmtkpwaphaekmehxyuze
tqjipybmxfwwkuyogpaj
opppqcuivdemjpzvuwuo
vuvdesawqjqqeuvvbjmb
mcfpknbgkxcmdhkzbqxl
otqyhhfrcaptihjkgvkz
pglvkontxjecamgtvfyw
onpwprxhbqlsromzbcwu
tnnsmvzoikghlqnmqxhg
opdljhuingwbbqgjcilo
ispdencklsslsuhjewpf
ylxpcclmijzdmmxqznif
wqflyhpnlwwzfgexssgw
uqagarnluvcxxzzmptwt
hltxqyjmgheupaylepxh
edbenvizyxblwimhztmi
qyzzaekriadyknzupflk
ppudxbwkixjutksfeuuk
pavtkijabzrbhslmlyiq
fzpxmnvcvsyeqxrqavkv
hwvhcdayqcuzbmuqqcdh
rsxvurovajkyohgqhtnx
myiusdillhhetjkeunlm
lqsuphkbwjxvjgqcemwu
avjgpyjnnyaxxeskwhti
juvturidkpnffnmvjlmz
tudaiineqgiqtmuryipl
bpsdnyerfiwtydanzfcc
bvmnkjygszsxkwrggdxg
gzpqyiinthifhmntlsbm
olbtjywqghtekxmeqrts
oeechkveuovkxxgmiwep
meygngyqyjaowazwxcxf
vtozrzaxxvmhotpgvaou
eupfdliprgflwdgryrcu
gpltfsjawsoyyojsrukx
hversajfajxqflsfkcwp
mgzecgtzpscwwfweswit
meipnsjhkmiqouygmyyj
ztabqawcmtlwywstsyvq
brpzzroibbfxiydrkfet
dludhkenpiuwmpegfwxy
iyjqiwzebqsuvjhlcskc
ghdtluawsofmexmzlpgf
tgxuootprdczlshaecoy
dyhcvlvaqjnnpmsnkmjl
elwzleqnbroxdqrtrlta
xvcfszywhfbnrpphsmwe
wdzlmlbythkhoneavomb
ahnyhehkwcvmtohshdhn
xzijiypkjvqdnheamyld
aeuyzsjodmfpmgdvnbax
frlojbozcyxytfighrmd
rwcyrifocrqieszqoldk
awnkkdueoeuqlrdmizcp
jelugkbltmdzqmxcqboz
gqmapcrebfzqckrewfxn
ukdouqbfukhlsnrhzenn
emwwzfxyxumerdvlonoo
ptrnqmhwqbxctiyamddx
hjzzglcumkpuorikztrh
urugomqycjswrpppketq
lbwgsjembqykzhavohwi
xdcielrnboxolcowxpvb
kemnwthlqlfnjfgpjxer
ltjzlvngpbmjaxqmiaoh
akuuvcioitovhzgaiyvd
aakexqxdddhedkytfgds
vijmjnkbjbzmnmzyxgll
ifoopqpakopjniklkvwb
xejptpuoapflgylxdfma
oflcqmwvnyeracdrvtxk
cmekgtcpgpxfsslgghlp
vmkmxwjwryoxudctqpuc
utlhmvtsqzsxicvlgamu
bpyixrooxjjbllirankv
nczuzpmtwqkvrgzcuogv
ctbkyhbofbauhfjarvey
ygiksjnjvgkldwsfuvme
qnyqszwzvcmvtdeicsvf
ukuresbxpvfhdphucqfg
mxzevzsngcmugjoigwkt
lkuogtgvhuqyjtwwnyze
soiegsdjmuaorzvvntgm
kxudvsgxrrkzhhgjaycn
mhujkebdtmcptptxvwqb
lakoqygqjsespirbjbur
uzcxtpyaankepordocba
nnrvnycryndykixaojxi
cxvgbhgjyamiidqzhngq
heluiligsldbyxkkgyfw
rjsixrqhsgobogubwetl
olftjtgzjlvlqwozdgqf
eixpzktnuvigutjcpmue
fyzubvophsxlibkftlqj
ynzedtvhrpcuhsgbcjwk
qkdkcwnpheryxupuopui
sslusazemxvdqvxhpyif
wnrkpitdnkhlupmgetla
lgodryfnjdjeufaxotkb
zxbilwoqzxfpecxarkbs
hjadupuxpfyknncfjbsn
bcetufvtnxnvpsofjcmc
lqjpfmuxbviuiasmjtmq
chfxurlgrlncwdlanmaf
egxxvleoncevizwaleox
frcbpkvtckegrqvrvsge
aukoxyhszqawjhurrmvc
qxgyefphjqcwdzmvbwvo
vulsexjqbtooshfgqgla
jigkjspfpugelezzjiws
ktgugdyohjckznyrtcdm
jnvqnviirreywqlaiqbo
emyowqcqkmbaebbxsosx
bjqltbrzgfwbuzcpzlyd
jfixnliegmeyymdunroo
ekfawwzjuxhafslfzmxz
kgremffdkuciiiouxxgo
swqnlymulbrktbjrhwmr
ezvzakonugxunoqistyx
uulwnucfvgcytazetlco
soqjxrvjxowqugavtsoe
uxnzrnsupstsbshedree
wlbtxunozlrbivobfmjm
yrpyovckkrpuasahengf
xmoffulnlumismpctwzo
lrfjmpzrotqxlwleqnan
wnermowgqlrkvuwpljgc
qmyoftckxuedsxpvdyaf
kaqjyzjqjvxdquzigxtc
hrirlsaqyxsywxbkwstz
rztpcjpsjcwjulxjwizf
zvhvhblwcmxsdxurbuvt
gsyhxamkdgevbxyyyoul
xpbdyryrjlwynmbzjrhk
adzcvdgdnnuoxejotydy
rtfympzogboaeepavvuq
fjurgguhoebujzdftjff
iigtatkenyuzlevsvwrc
lonialdcrjidmflqmtcx
reimvnihscgkccjzpqir
hsmkhgpcmgipelbfoggy
ubhilkfchyrmjqzoieic
zhhecyhpohlesbbvuzai
rkictriwvjkfdzctsevh
cmqlqemebwlfzztloihm
ezmscxkvyhkpabivuulq
allbasxjfcapxssxjrrn
baizzfyobyheosiqylnq
pqazbufvnvqvxphzbmuw
amtjlkzhximwcxwzssig
cvzzueqbwaqhinwnrwqp
slpuqxlwkbqiwxknbgod
yhtbnsnohdszegysozng
loqsqjgigtaumqsbplcu
nhxmexfmwwytvzkmwlmq
miqyetelqqztthezkfdg
bugthfxtyphktizbyqzd
qovqhdnyyjyigsqvrdjl
ssewsmzwpcofdktxlppv
pqyjertgjnjflhqvvunt
yobgjsnheotgdzjtindh
hpgmdgkzxoaqxslvmaun
ihoksxkblqajqrbowwtj
omralvifjrmhrloapdkf
njxqczrcewmmyeajeqqi
cxpqquhnoccnqhfvpxrm
vfyzwulrgcnymbyrsfni
gaeanpquxrcffepyxvuu
yepnbcjpurzoxlxrcqhl
mnktjtjhhhqblysfpwhs
mtrkhldcswilcfnwwbxp
rmgkoldjbxsposizilsr
lkrxzjoeajdtbrdmuzdj
jsnotbcwmlmhyviockrx
wxndkjlmwqgpxdegxglr
wespsrfszuoayaqnzngq
ufjxfvmzmpoeautyiabm
bveekusaeajcxkamscrv
xgyqonagrinefitzfplp
fbyxlbtkmdzcipegpsxg
odaeopxwfrvjgvtfedij
mprutqmypbwgsprgmnze
siklwdokriazwdmzgeaz
xqcwzstinkhkbpphkart
qqwpymojldanvuekhimq
plbgbgguqnrojqptaqda
zhkhshvnkczmwdhnexjr
wvklcjhdaaookqhrzkqs
lrccrsxltzsutnyvmbrb
spnwawczqphfovhlufce
rxtmavthlcjhkfzttbzs
tjwlbwrxctfznutpgiyy
fjiqzfsofgvccuonrljl
xnnglxatpyouuzscktfm
niitnwczaipmucboddqk
rsaimvpzglogszzhmpqz
kzstbhdwvzdtwvpdnvul
sccyupgnufvueixbpizr
voyptjutqxrbvoatnior
qzvwiwghjbaceldhipvi
vvuksibjelmnmlgvedca
osicpzlxvcmzocxxvtrs
ebhpuevtlsvxrraoftxf
xlqnsetgktopcerwytfs
rmscylgojtdrzmwybyck
aenhxhbjswronpnssudh
khuhbzpnwfkznfxolduj
cepexvqgwwyjgorsvive
mifhvssbthbagsnkehqu
sdhyptxldzcimmrgnvcb
ssskbaaxhyvxjhwuoomw
mqyjooyhiecfdsoilmsi
qbepbfdjnpzjmvtpluxs
ihtvlekdfnfjohjioljx
yxwmajcynralarugoepf
pmhkwwtnrkejhoemxyvx
muwdgbbcsgghrqmgkwcg
poigerrxcynmauuwugqa
zqsinfuiqghasoyhpgnw
yvqtclxmfplahbniyvvx
vkfolapamqhmkomcmqpw
jjinughxgvxjolgwxyoc
nzeyfgdkyhmqexbtbjzh
webemsddenipyaosydtx
zztlumdkpzdxsseuekpk
fdiktsvnogosklilmora
zzxoijmshnbizbtdylyk
issjunetdyyzxrmfsozg
kuikreenduzeibzyahma
xhtoofnzebpggzxuzxrf
azlmvhnrxjncyngqjgco
abdzdkbgiqxyizgucbfc
dxmsmiglgljcghttchwb
cspswdtictmabblrhuuz
zlemfbrqcieatxowmtrb
ydusteirgedddyuqsofe
maunlndscpyxfyghwuba
vzbbmovnjwonpyclpvhd
ekrwwlhiqtnygvkudoxk
jgtolwujdhbqrjayvkiy
vkzqeympflezvwbgnebg
pshzxbsdwbaiwcznsdgq
gatruypddsbdtrnwfwhq
ogdmchayjplnjloteprl
kujlfielvlbbclkwlufy
dxiijqjmqavfkujsjbme
ujxtkszbqplpcvhkqrgt
ukdpkmfrqynrerhygkbc
ddaqfxiugcudaksptnhw
cxsvveppkmdcdzkjxxrq
ilnditsefuroigxlqjkf
mbvlmkkilipmrlgdmucf
odmdpiwzliaghqstogsd
abenmqgjjyltfirxxark
nhjwclvwyrhjjfhafifn
qldvpmifnrzthbesmqnk
ladaqiweuvgvsmdiwthw
elaeoccmkpopahyadzyv
oriwqobahzoazdjluzok
xsvtzqngjdlkodjdrhxp
zhedbwtrfllviymnldiq
qsadhgufejsulgvtluyv
bifcynjrelzznpwrdrkr
vwsqyshdnsydaokmhytc
xvafxjyqqxhvqdjsqojt
crikkyikvkoroguuiqan
nrgxfcpssqdisgxdvjgx
szobpwpjgstlisogjdrf
yiiivzacxjlvbeefngjd
zyivqwgwirmcywznqqxq
asfjmdwfyoxakgmxptyz
xnmfiounshacptcsfnah
jfzywqrtgqhdyydtdyvw
axmoafpuwnxglyqwaftd
dunompslrwlkmyrhvyzq
svypcpzbfprxaizaceuj
dannmqtoakszqtrcajrf
wrrlljvcbnrmkilqtyik
tzllaamcqtvltyilnxfa
tfvhmgoguthteryacxhn
pjfsylqttxceuzmvgwxs
lehivbvcnlmydihujdvq
vktvclqmzqmjvvoksdkv
ibsxiadbxusbnqsbdyxr
rgszulwygiohbrzezkay
glmalzvumxxptcvbdbdh
hbsrnnripermtlqwpose
tkxxvbqrzedryaeswrpi
kafjshvvxcyboevsqdkr
acfvfjrggkcplklyefmw
nqvyakjydhocsrpxsxcm
nbcuwmordgskbbhpaqtx
binttkzmakxnpfaffxgp
yysgezxvsgwyawfbdimm
qrctpdpduvdpboxuxmuc
upwvxelgmfnbakcwbdvi
srydultctnulyehkblxh
usrgdsxfxnrvxmihlnze
ulvhjungqlknxzsjbwio
uwmvyvsqqltfwjpbwdde
evnsgekkhdqlvucoguyo
pwdctaklgvcrgtzsidyt
xusqsemjhmpehpfzrqjl
qwtxdhbnqqgzychanvld
ncwasxpfnqhfinxygbvy
dmrrbykplltrghfwmibg
kjmbblttbcmajwjodarf
zycjnwhrcgirlghwkebf
acabqvrbnhemrcmxfkku
aguxawihlmaeszadeloe
aajbarqypmyqirsqcbhd
mbkxsspnzjhedlcqsakm
uvmbphhhwxputcwxcunu
dguilhkoqzvouyzqwjgy
vwliwigujotvwafpitxv
cihynxoxjqawpdytxieh
skoccabjkxtcdyygcrnj
mjupewzaeanubntvitnp
cfussmqzbverzhxrrefs
hfextwojxfcfncsmxbya
pramijozxvddojxtmoky
xvronvmopcyshnpxsxnv
gjkutbqrqavnixesbavv
wgdivmzzddssgavkdmik
hcjdnmhdfiybcxdvpywj
zwynufvuvtnrsandejwu
wwqkptsewthhyrpzblhx
asctksklklxbicrnrtuo
bkszpiaqryklhxchfdvm
umnabjiiybrcrshhdkau
hkophdohppxhdnhujbls
boohpiafqmukaetxadmf
zyrlcfjoigeqbporjoel
pjacdseiiyntcxppyyjk
ltzzszkjhywbwdzaajrp
mzsatrdrsvfeujuipbns
hlapbauvkslelhoeljcv
waovufznkjixgynhzxuq
ewynhnrzmwtiwzlwqmut
cflafwncssvxoawrtyxi
ybsjxwotdquijjjoyhtn
baevmanxmvwlrlursxss
qtgkniiptbkpbmfyzhzo
ksyblbbumutzhczjnnwz
mydajaagrcwnmftdpsqo
uijvhujeigqawcwrjybz
mgcebykpxmjnnxndjrpr
ngzjyvpghiqhwncsdfze
ipxmnfulrzddfgfsaybk
harfptgyeryarfpjgjwb
jkvcpbygooewcwnkgvks
qahkotdxbpeufwdlidnt
grklgrgcoemmgupxspov
tydeqspqqvlkjksqjijk
tlrqlxucbfzptfblzdns
rjvdgfzlhgcauiyvurmr
chjuveogjhvtffqygtmz
ffkplvxltvopfdmunjhz
piqpnawzuzmbksnsrebg
edrpxalunaznclrbwdfi
vdyjiqosjneugirualtw
rtbqwshdfqqtrpyygsms
nmdsqmksxhfvgxkeareq
caqjraatteiyzaqtkjzx
wsoghwbshpmdkhaveffd
twyrimfzasbwdckrjpkj
jcbnjhxpzflovltgdrnm
xneuesdpjuyhhdxuolvg
jtxkhdlmfqxfucwvgabk
dadvyredtltkgdouahoo
kqrrmcshyelwnxncsaky
wosbnzyffttafthhigyl
zxblzcrnxczzjndzeddw
cibkktobdwnelwzlsxnk
iqevzdysdauzcvtjtrwl
wfjosunsufskljbajcrw
vnodchrgqekcovdeaatj
fctnlqwvgflgxsldmhyn
vbkyfxlfbrpcxvmkielm
ndpwuhjkbcgsoqrzuuep
oxbigbzyopzqgctszogc
mzumvdfekzvypemnkaqx
kuyuriyiobhjvzqesuzm
wmnaemiitopudiuohcif
ynsoqlgbbmfpmrqyrvnb
brrftgkpvhqsmdxmepew
ygdjkwlanvcnlgxdjqox
uwfluszozykqslhhufcv
nejbcfftujdqyxnlbojh
ancqiaryughnyegwojbn
swufvjwlvwzvzdiminuv
dmkdjihhmtuyulxdtvtp
bvrnozaabujsdhqfcnom
orfzvrqlwvrtcwqbozgf
eaxbjhnrrcbuebzupxcx
nfkqqwljwgcrtqfjzbcx
evusdrjkciefknhponze
vklkddicwanimjzfouie
salazjesvumztcfrcnoc
omavrzcuoknmaozhmxmn
vfoalomlwcmomvzqvpqi
ptgixcocixlqamebouir
fnfhxtmqthhuvunjpmmt
splitbhddwzjmhwgtxlq
hsrgsqdwdfoyapnvxldj
zfuxbwmiwhrpwlnsorgj
dhkcxybrujuddwkribjt
bylqtqtmvpvjhnimxafb
mgycmvuvjpvmgeaunpyu
gbmcqdpdqtwyzzetwugt
dkqvsonvyiphndgpkgvc
zetrfxvmphyolzinngzf
bbkbezfbonqokbwgqhwk
rzlzcmyozmguzubsjazn
llbvglpeoltnhafhkoom
cxnhcqzlxpktrouegrom
ziroowiqpcvcvpvissef
qpjdhqcqmjpbybxotubg
cubsisezkiyexdnblwnl
niiwoldudibnilqcjhhh
calurxhfodplteyvqlkx
xoatszwjracbrdpjbxya
yyjibueetbsgievzzyci
ikyyjmrewvbxxchfydjc
nigjeggtatzpswjhfnuf
iojwcwepnpbnaagsttom
iuvqpounmgdswugomikk
ezzornhevrajvkwaqmyu
lzcitqynndhlqhvskvzj
czdcymfesbpwqydbxcbq
pqbswjjgtedgaokvurjm
emfbzwywijztpnmnovpr
jbayqmbkvgcglivgxtov
bmrfwewpyjhvfpforsvf
ywpcxlkrnqhgthftrnol
nvgwdbmjcykvdbctubuq
edzmfcbzpglsfoajyopw
jjnlkyolbmbacuommwfk
wfmsfyyxsvhuaqxeepgt
lvyxxdxfkqetqeckxbgz
tyxqvduvvsyeuteelpwr
ccjpjewnuqxjilenxqvu
vocdodwdmkcmvwepdabr
wlsnrabxorgjzchsikhl
ejqcaughfkcncdssicwy
ptkdlfynnkyaitliufah
boauubrompynooxctsnf
obklcbhsxpvxefosypzs
ajxhytiherybeanofwfd
kuevmejpytgzvelmzgou
lljieqzxgvdaywsmueqg
sdqzsjxkucljpqmgxorx
eucbyiujykdgutcsimrq
ahgyrkloadoksdrlwxgc
ecmepfenkbvitwznghfz
klvxqanavhukevyemxvc
gjionnbiycjmkawcoinp
mukjxbkfczaxlluwwqzi
avtcfsnejoztetiupllh
mqywvjwikrqsubijvenq
gbgkijpheoejsunagyod
ekaufaeabjkrxyjamkfy
jwyckvcqziqaiozmrmvw
smjtihrycztynlgyuhsy
enrmmtbjtczaeavnyxfo
ccmotmuixxbkxbfizoyi
epswfqtdywpqnhamatlc
cydehcaingfrnaelgxjo
meavyltbukmesbgjoueg
pyebvthevgicmaoryjsy
lnbwhfntsoksdaorxxgk
stzkfgvctzpgztiprspm
yeyivpymgdalcedmktxz
ichubcoftdqhufkrrrcf
nznshawakvemexlhiaho
ktdabkgsuqcqxkdehyqo
chmpoheatxmutudutnnd
uuvgxjwpvnqtosfawmpi
pupfhlfqjevofsaymhnu
txjggoegmeumscfxxirt
khndlnlckiwierkpriej
balconamqnlhvivgtcmp
iebditzelhzrftgcicnt
wyfkcbskcnxmuquqjpsd
cxriyiydybumgkndcunr
ujrdozenkqaotuwzwfpq
alzrrfynsxfbdahhrvtn
esidldcfldiwyboczdyn
bbkbxcxjzattvinntnmz
rzdrricaygyxttpoxobb
fxfkurmsjcpaofzdkzsu
nqcdfyiqzxouupmvtiip
mnezqnghxakerqluksyd
rfdgbvjuaqhrgstbzroj
upmryxypmzvkhrecnqdo
rypusuvsqhqhuxuhugrg
tfzuowwokdgedsvnqaql
yhgmowuoankqvawzadau
kbcqjriyoudweschcmfc
ufaixpppfuvymcfheqpn
smgvsnzmwkoudvzvgxuj
eiertgscziekckqpohvg
pzonslezkesbkdiqjiff
njawtghtwwbqsbzqghbp
fkzefdokjuxpbfdvtwwn
gcnobjuulwuhaqjrrdda
bjodlubectxssgqwuvtq
kzykojpyrncsogvtwkii
ktgnzzbzxffruhvebzpn
dmhgathsgtmeohranuzj
wmotgkvtfqzcnesbvriq
nyiruonzkolaqgawagsv
pkwxchfmwwuxwjgbwdvc
moyybzsmaevpicrpzqah
htsypoampptsqngbyirt
cgqhiazjmivmxycejnev
vvfjxuzcqxbuldtqsnje
hnvgttlywmgmtpveszyg
hxvetkbbfgdvqwmefvti
zzpdcyildjfftkwbqqct
babmsmqnvuajicjzrmwi
jcjefvcrjhdamibkqwzy
qqeetvyxdfdqnhjrhzkm
vpgwqjrrlgzrdymvaagi
wuwjzfafsxeyhwatgcwm
lnwtbkotlkikyokjzomz
zdiphubtvoxmbbgdmhlb
srnlwsufdstkxpjfnilt
shxvrydbwocbqyhnswje
ndkvkohparuuudtspktz
baopbwilatbwmfycoqit
swarrhqnqnvbcltqsbcg
qexucanqddjhnnzbsbbc
womwqyjewfbdhjyhiyow
gipstadaifvsazxnvdaj
lvctglzemjgokykpygef
npppndciilvfhzkjxcpo
yyjakdtxnoqikqgwcswt
ctuzzazoizhukjcweqzh
tahgmssrsyoriyzveowj
xkoawbglnjmqpdonistp
vwhqediqcpfwdrnzhzmm
xrbqpbdhthapneyzxzbj
jywcewwbkdxcfdksxcix
dxbbldpdsluquhtscyxo
vdhhmxujghzfehkuqmsj
feairzmhnlvzyfiefvlk
owbjevsqgukciuuvmads
dunfilnqymtkimnfviqb
tbgaicugfnrqsskztgwz
hjjvkozpmpffkouqcouz
ktrgwwvuclmkcnribouf
lxasvghjspipixuxnudx
xgkcvwjizlwlibgufkol
venortvnehjaefciwxiy
ewvwakqxrdalhkqtgckx
qrjysavodxeaxzyehuhb
hhcznrdpeagofvrkfggr
euacevikqawicsaxdlho
jtqysqgvdywokutolcni
qblioapyekebjnqzlumr
puwxsqsilfnjyummfile
ebjxllkngvsaguogmrab
xynkykdcrpyoezetlnkd
avgzneaqpfrndfzklcgm
xxflvwnekqxjcntgaqms
bmzhdwjbyjwqutvfqhxc
yfvkxvubwttkfechjvpf
wbblggupdwvmeiexzwsf
isvlqcbobvrkfjzwtizk
shplhmixaqozjqcxemdm
mlcpohgxgkcunltcldqn
stkqjoldwqeutowbqozk
emjcwfaaledfcdklyxrf
nzzhncmwhsuzyvloxbhd
brvsykggyikbuwcqwbbu
gexjiosrvvovrxbpptkd
yksxicplqizlqgbjqtuv
cifkrzbvhwfmmrecdxec
szqxenjgmndwdqsrrnil
ofuvetdhhqgexrzjgbwd
phrdirtnbpeigqaarfpq
tewdkuryehjolzwmzykx
nwvlccokruqynhmiogyb
uypvdldkaeyhkkqrmtdv
usgzqivrkyzsciyeokvk
fojsqucpadcbfuowfrxs
fgcnzivjjnizgpmaethe
crkjiflivawldpeztder
jqftrcsjiewasjkcrwzu
xlqrimzhzjtxqtygtyap
fbjuxxyborvgpiinskyo
guewxdszxkhobxuaeoza
wepxduexdyruljpgkihj
pkrmmugtfepgxidyvwqr
cwouxuqcugbjyknqrsnm
yflxlxgpddrowwdmyqck
gdxmxuyatapcozetqpxi
uirqtbdfzlsyhnynhljj
spqcxhjngvidjobjdvla
phvrkpyavnnmjzuymizk
jxfqteiusdlnzyheppyz
kvjgbpvpnzoomlmilxyy
rsmhrhiylvaujlrbrhiz
zrbudkfboebimwpwroni
svknjvzgdsiowtdfiprm
yitragakkzrtwwjftqgm
dstqyykpmrbhbbascety
ublmlkkwuljkghwscqbj
kshaskcxxrgdxrwoegsq
crvhsjxojyufafvjttyc
ovymzeoybqaaazkqsedt
ovnvalgkiqyktigdnhrw
czzndnzfwxjzbnwrshqx
bzuofgujywhozzkmcfkn
ppujutmeptfjawipxutl
eylmsgeslogvtzezydbo
fovxkkcjdohdtvfcbuqr
oumzsqerndxvoqgkudrn
vnsauiqbevtzjfxbjdmi
alzjhhwlehtufycoaqsc
mtlietodrmopokopcioy
hvsxsghlqjealzhdazkw
yfqhmgfsrkxncfaibecw
mddcpljjctbkfsziongs
ofwhhpefaetmkezezwde
wdodurhlffnmzdjqwxor
estsfevgkiiqcaizqoqi
gnynjmxuywufjsdpnbus
hihihupgrbtcjdqqsfej
arvqmygvckbyiejifybv
zrnmtymmdmevjechjkpa
ukoqycewnllvziiovfud
wjqgbkbuzebnrndbqjuc
ohtpzahdduvguewnhlld
cpizrhutfvmpbuccpebl
pwzbewehebhehstxwrld
jqbaxtqfupwudoplblkg
jpxdllcalcqfslbkidlm
ntzlfwthdbdynqzxjzuv
qslbzykquevqtqttgolj
gbrapnrpeemcwekonulu
wubqppfwmaiviulkaqjn
cesiwvfjbvswfemjahpk
deqcrpzjlsoywdhdennj
ricgmqipchcocviafhnx
pldsvkfhxqypncftuzex
etnzoimqycuoaqgvhbsx
ngdkwhkcvqdpvjwsyamv
jdketlaoungkctnestwt
ikvvijyesjzuirtccmex
midhnmupgwthkbccgqvq
pqfaaadeyjgkdpafztev
pegbcskmovacocsmlbrl
upomzxdztvsjusodlslx
zmyqahpyvycbkpwxigfa
corgbiuacqlffhoodcjq
pqhhhhpbbdnllnrrumrp
aceopgscnspbpcvfldbx
yonpdkugvropdolnlsqb
gpovitaigrgvexpslwhi
xqnmbwcguqgmujrznsba
duepprdsgmvzqcjievcq
syzawjjgvaswhgszvbva
lmqidbfokldzfxnuepte
qmaxugdrxggemmkfodox
lsiuvrvjwzoabefdvbna
vntwikjhgsmwhpmkefwy
zwltpphiqoowyamldwue
nmwokcvsvxfauqwspkhl
ngmkzeyinlhfrnacqlmp
kstxwslrmlarxteoyjrv
mfevcnwkplhxosfvkxnp
uxjptcfobaydkqxcefmg
meggyiivgzgvtmnookfu
seeewntonfnkhayifmqu
vvyakliiihhskaqfqpwd
hkcbwmmhnhfzyfdfagib
ckewsnksqzvzwtfkltpk
ifbflmmsitpaullswkcr
kqwfsntxaoclafcwtmzr
dzmjinlrvdzgebowscqm
mdkqnkrgjmvjrjskkafh
glzcqsvagbapsayofjmi
gcrvbwmsvncoaqqwzgig
jlozpbeuiwhlmxyayqxd
oixmrfjralyuhvmwsqeg
opmbpouyjbhftdwuiwlw
mdwedlhyhiyqdbckkpxs
bpynclfxaammympvfmnf
pqcjlrtbcwsodkxxknzk
prkuhaiuzktcozljcwcz
hgmfovaucscxatuftcaw
cmoicrqwlobofjvessrc
kmjsrbalbemyrhxnudhb
vxrbpxrpeqsxkpioilbd
uowetowzmmtidvvmhksp
qluxkbhmggikqzzscbdx
fapphbgzrjuiacawbngc
pzqyuazejvjnbroyitbj
vtokyecsmkyzgzzdtbxm
swmdvwmubxcwubifnbmc
cehbyrbsjovvypnxwqmu
azeumpntczvtqlqavzmy
nyxogppfypldpbpemsao
oeghuuwqtbjucndppyni
yhnibtblkboxwjyympwf
tveepnzrxdjqdvtjuhmv
wreomwpgtrrsdeperfzx
yoykyxydryinjmdvvanv
fwknxgjuhawazyhbqgdp
rutnaqndylydblxsewuf
hqfthlnplwhuizqiflxj
osrdcouiqofvssbzbpyt
lozsibqfyvgsibsypegn
sjrydwkajcmrkmtcbwoe
pxcjxkxipetnaumldcjr
gsjuccnbzqjikwocfvmi
psgglblmftvzovabourd
xjrghbtzdqdsnbfatqsz
hiydpupalcdxesiaabcc
eqbnfnyfjiacuiurofvp
tijimlgrbvvfuviqqwra
tjsiudopbqxugzzndymk
gqmrwkxadiysxvumhxld
hzapcmdxzjjfpauhxzwm
oyjazvvitbymjodgxios
xksyhqbpgivogdelkveo
rnicevaavbuxmbnqaytl
mpshiyoidgzdyyrimwhd
ufrgkrsafmzdvkwetxdz
wnhskdzgnkodjxdvupof
gygnxxcwtzixjorqbnvi
ploaxcqxakqnsbszjyei
jvzwqntzhpjadxighkjx
cyetdfqpfmlhjmlhxpgc
vgkovjfxwxqdmwbfywls
lesswcypuxyfcquakosh
ltnobpiptwpvbryvzipo
ahgokdehjvbzmcpjpguc
ccmojeyspnsrlzaxkmzf
zkyusbqwnkprurxmqpec
oqhmjemfzktzqdtftujf
gzmtklkergirymtolzoc
satwookqzqfavwdyelza
qjvckpsiogsbdjgmjhku
gbywekvgbfjfxnfvawvk
ncbfbyrdamfbbuyahmow
psjpudtaamfdsopkiqpt
pbyzfiwewfygguluybkj
fjgnbbmrywcyuxgcehuv
dhysihvmzlyyxhnjnzlm
pvjzoutsgxjqngwptggf
pwssyigqaoozdzgazudi
flmsvszwjvtxhwxwqsge
pvjknfrhctbalhxwbfbi
ygifbornrprpxeawhqpq
jcyuionykdookbacjdeb
txnvcydbymwioftxwpgj
cywyasmlwzyxfxmyyujc
iaaolsespfkmhdhuwulb
trrhlyatkwdodxkbksdt
vlgeulygyftngdalgkrp
piuflrkvwaozxcojzekh
lvfzotaobjjxijxmnhei
crmnmqggujoovthdtofw
hzetrytvpdvbibvolewz
hkclnuarjwnnzxbpzega
feyfjuyezntuwtzydojo
xmlyxlwszkrzgynlywmy
nlchzavwbxcsjjyrbjqw
ubkpyftcsrzzqkmqduyd
tkouydjbeldehhxeqgfm
rcvkulnmpfbbytvdtevu
xhqnhnvdivmnmtnlgehl
wzewewaeurhtzeudvcqi
pdbmogrzgkiexgjmxrwv
cfszduqjobidtqlmafrh
vccbtvyedwleqcwavwjr
qwdmzhwbncfepacwjlnv
qejyaxhluxchszprysfq
giywlrcqpubmzwlbvrao
pvefdaacyoperpxuakhg
eikmpbikhjzjmcotwqcb
xcbvmpitkbjkdeshthtk
ydlokqqkaupkvzmyugjv
jninpixnkvpeuuqfdsrk
tguojpkryjmydotkseuj
wqmrxvtyfyvbvttosroq
ooqloxqasxmubcvqlmwi
gnazfmzleqtjrtqrkaol
htyhgsrrvbueutqvgdts
yvvofcbsetcmqffzdlnk
ksbsmlijygffgltpnlfg
lpiuptpxualldbfuxwmj
myxrffaiwgtqtxziahvo
baddttirwjicgmnfqozw
ygxfewmtcqhakwovazxc
sketjjpswxtatpydqmos
afsgkkherxnwlbjuxanc
ykejhexctrgnvjdkarfn
zjdjssrdbxmhowcltkbs
jokkrgsrzojhkgpvhlzp
dpunedpmvqboqznbtjtb
nchvrriuwjvxubqvhslp
ozogvmodsmsyvjnrqnlb
ibokvabipkfwaowiqehv
tywlcdfkintbsxuhsuqt
kvwlglmnyagilcfwrxxk
qlaidusinhhiescvnhqc
koktkviixqhjhtptrfws
fwywafvjfgjtaaizvile
qkwnkxceqcdyepxmxows
mymdrmccholegxthdnac
zxwkcqztekzhigbtougl
foegxnawdvatgtrseldx
yhxmfozrxynorusfqgxz
syxdunhogrjsjiidmhun
eqymnjxebmgasaqofozu
putaszlwxmtmwmxqzita
wfxxvrzttakiudegoelu
nviodxoyywiukyyzatuf
aqjwmlsdxhcpbrjpeljh
zjeystlmtczmzftboivu
vojudaqbxpsmtaahpkmg
padexhyjqivglxbojyui
zjlkxfqgohylmtomegmh
plzlvutrbfamlpwavxlq
thkfaaubbqbyeojirorg
qgdsftrohywfwpyxznlk
lmrvfapzxvabmydqntty
cnxxmdxkzmhdxtpwancr
fkqlfxcsbryxlbyzsrzp
iobwwjjvvknmkiqolglo
xgjbkrpsvjhvemeahzwb
mfppcsskzzspdmjibsia
hflyrhahdkfskrwapqir
litdgpomhtbnyhtdsxom
oarkxvakrcbpdfsykldh
sfoeicurlawzztwgeuna
cnlkjcyuunkxylbwsibx
zadsibgtjbdluagmvfyy
jdrkmiputmqvjmwkktgo
ugtjzrvumqeybljikned
nudlfawxadgbapzwajxi
gjblzvbkahsfdbeifxup
qqnkjeizreowouwwzzpv
cdsmmzpifdcbzivbdfrw
eambqjpuwdtdktjydswg
bfrnoqpejcrnvaawxpkr
peesbtivupykcgregffn
dzejmubaxxgelqdphscz
mtenkysatumarneazokl
ktqmkjfkbolqolbbjmyc
ycerrodpkckmuupfzvum
ebnvuoehbglmcmreyace
pftmnucpsxiblxobqyol
xwbhtugjfupvdrtsirhu
gbpjdvrwmdknnzirzdwg
bbwuleljveymvrinaddi
wnmqqzcmcdoaeevjzqly
hgnirerderojqqmvsenf
diyccqaiyubowzltkrwg
vbohablkbrjffesvamls
ehomunwxauzcrojowqvg
ejbvhpoedmyupveewwcf
zpxmjbbmxmofwvcmncfs
dgbjzfwbwdflfxgyqjxu
ritywqunpvnwwkrqeqay
tdflfkakipltruvafghl
wdyljuyeqtdpamcxhqir
gkqwnmguddachhcleoan
gjptaluoybnwnjsvhqlq
ncvbcrxmifcuijzcoypz
yhpiowrngajbmthreedf
nmjlqqenwlvakiesgcmb
ukktxfbgczvfazdpjrjw
imgzsvhyaymbwnbintdd
vmbfkzffrmrwkueteqjt
pqaomvgscusqvwxeuylb
jzpmthphhcuuadlucscg
zbjpxoywqwoknwzofonj
ygsfiullpidsiuficene
vdqkhsfvaddvlplnrzyt
rvgdloxmbjwffnmiriwh
phxlcoywasbbwdpujvcu
ouvtmmklfebagohaeybs
zosmqkdmyomfykfykrss
vvjqymfsaytisghloyzc
ldtzpcrkgxjyyotqaunw
xwazqrnegbavzimwgwar
