45328
84990
82954
41124
61291
39708
10321
73775
54601
98027
66708
20289
94588
41692
87737
97379
84668
69742
52018
2632
32112
76624
50150
22700
90095
27966
30777
38236
97880
14605
87078
82365
32038
4574
6650
22799
56174
80461
4594
42657
48013
38273
64852
32741
8818
16616
97433
86223
83108
79845
79717
13504
540
49273
45665
85891
67128
78590
84044
14607
74701
43888
74140
21152
26568
93791
6167
12053
93145
24483
14737
28706
5869
34812
37765
60071
84070
29903
21327
82717
77357
91622
68042
58188
27449
8320
32688
1539
76832
27731
85098
61820
37781
65988
47916
629
69528
94562
94378
40296
44962
18685
67331
99289
74263
77926
95637
98413
11705
35132
60511
41188
90629
56084
12774
1869
95116
1612
32183
89263
17568
28363
50745
57701
81051
79949
6552
54824
67316
75244
11643
20697
93112
87237
86715
48823
57526
61524
97012
41155
64608
61435
36894
22184
4396
85917
53710
98877
17595
49021
62330
4485
99047
14455
3826
52865
10185
99633
33764
76606
38466
21988
12171
80367
11466
11150
48495
53521
17124
57573
41222
94671
31598
35293
56010
80798
11572
3237
87615
49361
26371
36427
94429
87372
21942
62159
39672
51701
94508
17404
65539
70472
46943
72787
86185
74693
42312
2835
46839
97358
87332
32854
86327
44043
42408
58216
40844
84562
43105
63103
50900
43034
15199
27672
83599
28545
42782
44218
17273
28626
99893
95603
15447
95413
20155
14202
74007
72899
81444
47285
87823
83047
7021
83305
45009
47590
84381
67761
65364
84219
64424
90681
66987
76454
55213
98093
30731
10972
55438
4441
7228
11457
33018
40979
36546
97402
91212
99764
69885
58222
59415
70762
29554
68087
25014
6374
35046
97446
91700
4233
25805
24629
83879
7447
98015
67832
39227
20046
15829
6541
49523
31478
85125
57416
78481
21123
11828
40251
75901
90845
69098
89305
32034
42423
47180
34897
66597
7872
55807
1394
26564
48812
88610
46326
56926
26389
37960
74305
89463
59724
89728
51481
78062
48180
53729
22601
87555
62619
50866
86139
84958
9132
18308
49492
36923
17269
92964
67754
89126
84764
5276
71616
77990
24905
2884
93734
25005
24252
34607
93614
62202
27272
57079
35796
35914
29231
1969
13010
79294
53635
93090
67443
2426
98872
56442
11338
37864
92950
86107
93959
25003
70557
43886
67141
20557
95063
88646
91112
99537
51168
81849
39188
82836
18946
56645
94447
84353
21540
52515
86966
29256
15423
75559
64043
97887
30749
96515
96597
30345
33465
77664
3384
89702
1983
68896
41085
17007
98468
59939
73141
60945
52672
85602
87347
86653
13953
89811
90046
51276
59525
54164
987
18130
32760
23541
94755
44972
20639
48066
18493
49895
59674
4984
3941
62663
95144
82165
41330
59758
24739
76928
26453
59899
94514
47687
12251
4603
19502
81933
63649
21538
69928
50903
75044
77433
37497
91453
35759
90045
14306
29787
2904
94870
28645
30044
15986
60950
28947
7059
96376
20220
11538
45533
93049
75896
2085
17224
93935
5135
97891
75281
86974
35709
50290
34949
18010
91450
92714
17958
50418
37521
42177
97066
41779
90123
45118
13479
20344
4271
76977
64401
75460
11856
37393
61204
12236
9020
81069
78658
76932
19921
70669
85382
17631
10730
27091
52755
65160
87478
54597
27539
59023
21940
126
50096
21089
76281
47
37800
8247
95404
95457
43005
71645
89794
39826
56354
61464
18386
59011
12223
10763
7246
12990
76504
14338
91155
58669
84906
73189
38207
68798
13327
19138
56608
85010
21804
73859
94382
97335
76154
83740
52027
22100
97556
52935
43100
25102
17900
64434
94654
42069
1589
57665
77037
73965
71206
37026
8014
58329
41331
61181
13739
94349
38012
65397
39119
34871
56863
29875
78540
92755
62118
96447
84800
83446
91138
25037
35345
48956
70015
20262
73042
63884
24572
13462
89416
76455
93500
71033
86649
51334
32519
19873
16282
53683
46764
9316
57590
32449
7951
94003
8263
24532
68457
32151
28939
17365
81109
51995
7520
85302
39301
18965
29364
15963
98113
88977
66522
96450
98277
3434
5367
30342
16393
74390
88601
70201
61616
4666
5420
28737
80040
82169
38972
89284
43002
34116
67564
3667
36799
86948
20528
50131
7838
60060
68438
98926
69190
49302
58656
97905
7600
32622
65318
56808
11893
22915
24472
36026
75861
55134
8788
22471
9345
36840
26404
7461
60874
63852
37817
8193
76352
80315
67702
862
70443
69150
23120
63542
74330
99222
24723
6473
2079
63411
58494
59970
39849
1605
21909
9173
73781
9860
14501
74605
8344
52694
45283
66537
55865
68637
98367
29180
73811
69353
89826
9002
20878
91240
13516
73173
97902
56876
86678
26084
52699
95998
48501
3017
5549
21537
85528
35354
37674
90839
39053
880
77954
8432
65695
54531
83410
37458
762
31131
22246
43745
38994
93758
99167
10412
47023
91926
64973
36737
39603
64455
83577
15090
68143
40847
73334
44509
34234
33825
39608
17127
84361
50341
72035
42374
68245
50354
25898
90706
78516
54232
28603
8861
49371
51414
48876
50479
61898
5967
69126
88
98637
79559
86709
41616
60179
32103
23207
68440
59559
79640
38384
61481
97214
52206
93347
33008
26818
98850
20002
23028
14303
89194
80504
9406
63972
46673
67799
4940
5501
27894
5347
96783
63640
35100
28916
77550
19162
4222
52275
34553
45492
46498
16793
65038
36598
61084
60947
23775
68260
47790
44036
16027
22976
11574
79441
65204
73623
63038
20832
95377
47318
67494
11417
58264
7469
31903
92560
44781
12839
75703
7511
76412
43927
55026
99110
28814
54073
9890
96533
15385
51886
27464
91478
98297
83479
77494
20551
525
20036
21128
34835
16218
65014
18727
44207
86067
47329
21069
42259
59379
87197
93529
7370
24259
46736
81554
3390
93042
6234
29635
11344
78070
30884
18176
19038
78295
29356
32043
16521
58323
55928
67869
77241
82803
35843
39259
43661
63250
64293
7414
64407
47991
61456
18259
64771
67834
13543
77285
55473
11908
40794
88356
78593
6312
64756
46955
19325
86717
19371
4801
52353
54261
98577
99100
95355
50442
38040
27436
57638
41544
7197
50209
7178
68246
50753
77844
68717
3373
77392
80421
95523
47748
17523
63889
49884
10430
77191
14476
645
51475
60479
68424
51969
71285
65524
73803
32242
70756
63956
28885
67214
43366
78953
66421
80808
88387
8155
97502
5132
1483
42240
78845
49831
36453
90873
59084
91916
22069
66139
38750
22055
11505
94935
37677
89778
15272
37208
82260
44673
32555
15562
5754
90044
2323
32761
24288
37131
40118
55614
10742
18121
1670
70732
3308
29324
30170
21709
66070
97731
16466
82599
83168
32746
92775
45573
32735
50160
40851
87418
72744
15587
704
19121
15148
84889
2437
27489
8733
24795
97299
58298
91457
50298
54758
77574
90246
31485
55590
69807
42128
58688
5029
68126
14141
975
25261
91222
91760
46985
45092
49434
57012
97026
45453
45728
93429
61211
34308
61689
14823
18459
49694
96293
58492
78272
52191
32833
1662
27388
23138
30924
39184
31428
41799
25172
23054
53773
10491
33408
53110
64372
5082
95794
82268
56816
40991
79722
40860
53161
6493
79907
39367
70326
5477
95482
5724
73776
63870
72732
82275
7244
4878
98952
19303
30525
52692
51388
19141
83210
25754
66976
71818
26226
87974
91850
88889
44622
82633
87596
87864
45172
56318
63606
3356
69449
19428
18631
22071
59691
32929
54159
34041
44331
89111
66923
76987
25047
51369
77663
55909
38240
42136
97058
4373
16388
95382
50129
37725
65818
11718
75674
29991
82205
77800
396
64549
17084
81612
14923
15019
51879
36618
59678
28525
1323
80344
56587
82955
92529
42277
88616
79660
73009
18737
46984
18209
54788
83313
24841
4546
50622
16951
79275
97127
20444
48230
78074
68056
23097
72535
3945
92849
28062
52083
45519
53697
63065
47606
47153
13850
17755
96065
93111
41559
69376
69067
49498
22238
44164
11938
60807
52884
74351
939
67765
42438
54486
96832
89599
29603
28566
18625
29614
62561
73157
90649
6717
43901
46650
21748
85498
39066
78080
37309
69527
16407
40288
65788
63612
96287
85330
25538
75392
69127
62311
30059
61233
76274
37778
76781
85728
8104
5307
24439
50014
6893
14843
77262
3318
82852
69061
77584
47984
93269
24637
32963
26628
71166
53900
53593
81626
25608
45524
26309
26251
80322
78610
79681
60011
83985
1938
20897
62172
80060
20746
71511
87252
6542
98665
25837
17497
84775
75358
67033
98921
78012
94994
92036
32818
4545
18196
62882
81697
76906
9072
68930
9651
14835
13584
32120
57983
51623
559
50676
53907
65129
17547
71577
14489
49869
17813
13069
75173
15516
92848
17111
58737
82862
56743
38859
57437
61766
63135
75299
62820
12930
54932
67982
45099
57917
18438
72563
81407
53315
88998
91795
21332
47450
80815
80190
85601
22787
88029
25857
91954
3832
49769
11582
59717
14763
50888
61123
68044
8159
73151
55440
18535
79921
82631
40565
47098
79865
37505
17508
70519
14318
19086
81958
54991
96992
81803
76580
63310
94752
8141
94563
31930
58753
82679
58683
15900
74437
60468
14701
80842
20857
49061
84289
26094
1143
30031
92110
27075
37288
29707
91389
8100
95682
78450
13289
68039
97955
10609
87350
11878
93299
47857
92182
40810
57460
8550
89245
84160
53068
57667
84881
30068
12660
21707
22021
61714
60836
49063
18510
76135
1450
8335
25236
81937
61353
289
13379
93359
83315
97802
29416
88127
3959
42449
55609
71746
63775
63619
2953
39593
55689
98841
46065
1989
91514
46157
47944
1634
67917
71925
58292
96960
81941
10397
33627
47084
27821
45581
76996
14069
18033
45213
97819
91473
638
26122
24990
14790
48343
24694
20137
97597
73621
72493
44204
62643
59875
48082
31169
37414
65307
36154
52440
71181
57759
25660
49892
52750
13362
19737
36212
55954
77382
91790
38426
91007
73527
80689
67713
63248
8490
81088
71327
18275
88482
54281
24399
37048
69655
70185
7617
19370
97610
96159
39592
73053
92962
53777
32752
41541
4223
69231
26626
19392
97346
92020
28743
65450
12254
62264
68354
99560
51129
22768
53365
25362
21195
73923
61062
83304
21587
69447
51827
92934
58647
47106
58149
11723
99321
44935
93264
78808
85348
60051
36534
96758
55365
89755
94390
92917
40854
78555
2059
63220
67991
80634
97816
32598
42324
51650
38285
9244
35301
26986
33365
73543
58782
74024
67635
59991
91599
51492
6105
71503
92590
31301
5154
33503
55308
78259
83079
60147
28583
93773
19132
39275
29680
18238
10455
6804
17107
11624
10414
13889
64940
18541
78382
51653
11298
7907
74882
61609
53896
18172
24801
82826
59316
26948
54224
63068
59293
14640
60916
21358
69242
42211
51307
11382
95177
31389
78241
38506
99988
52528
17300
56551
68369
48128
42751
12387
25999
43126
90334
25311
11760
443
55419
25563
16662
50193
3676
10629
25705
1825
21395
47770
9618
71919
85850
88570
30194
48061
5440
99945
46798
85553
21137
14084
46451
29210
98409
29186
13709
68398
62885
30997
71202
79464
75308
68235
83216
64547
59560
26809
38352
33567
91293
29814
83921
4775
21087
41634
54306
25372
30199
48091
34544
26108
72619
28934
1433
38029
17926
36563
18742
31528
78690
7297
39534
94491
95681
94960
83127
68312
56088
42026
98119
3013
97751
89550
3847
88653
53358
64903
3286
27101
73068
82110
73492
99436
78770
57088
59206
90452
86716
36474
14600
43924
98147
63004
97863
58262
62841
91278
7630
23833
6755
90612
21164
69060
54419
91874
52977
50212
8210
6126
31383
37383
95469
79970
74106
65198
64214
44539
30860
40931
10708
20812
23944
86818
13947
41387
27452
5434
98586
17281
39210
36317
43496
28679
56258
9353
2809
79723
32303
87453
10061
55927
44951
49691
18296
85336
10134
33251
49467
71499
44507
9428
18928
98177
22331
56763
32205
32679
71878
66993
91580
8043
20380
27736
73493
32528
98802
6800
81985
75989
44222
77803
49813
70016
38454
65189
42126
56112
85456
75009
65764
16683
36037
63836
50474
16868
81427
66376
1432
75186
81518
38699
16143
96499
49670
83862
4792
1526
11524
94455
99974
66539
49522
39678
16379
3639
95182
93363
94888
55212
56204
79134
74971
85958
73205
18934
59660
82811
62705
38292
34219
68198
82797
28531
66406
48210
67437
25061
12067
9114
71895
53942
22732
3259
70818
86621
48396
10534
93108
18629
49824
36308
41476
48940
64445
23032
37047
21109
67574
81880
48279
56025
55983
87637
58965
47099
93064
41419
85768
75542
88200
64159
57571
80214
86474
74892
86257
72791
34316
13712
72754
79603
24628
49520
22487
41263
46020
50158
72248
36086
47761
41737
85646
78500
61410
18892
31439
84410
35358
82927
87653
35072
22807
14366
34869
63828
96384
16925
52560
74156
99253
7902
58524
91939
11942
58144
32702
76388
97742
48848
82946
38034
66782
92400
9975
86165
7792
37271
30779
91988
68132
49726
76612
3550
20863
60426
50288
7722
17500
80244
81717
95324
54708
7137
86990
65376
47141
39300
78688
56664
98318
81647
4454
87668
96083
57732
7148
63881
31224
36512
22675
56559
19403
27277
74219
17400
62794
33944
83128
4404
63067
13895
70589
80753
79950
30855
21548
43295
64720
69253
69539
63304
48245
71762
49849
74229
69479
6035
14297
42532
14357
35221
4767
55383
98996
46325
64991
35295
38511
42112
13591
92602
44531
38494
28083
14479
65187
95498
44114
97525
48408
66324
42348
67113
94169
8817
97013
92801
94624
23327
673
5245
58496
90523
19201
36197
45031
63517
94947
99547
21553
74042
37333
3796
25603
43424
77152
5797
94812
3969
81317
94693
42176
95069
68598
96093
42471
37908
54002
24664
50032
59422
78961
77936
94154
36106
99453
78563
75720
61923
16298
66073
34603
29064
24808
63726
67042
43116
37615
81794
34654
49306
7526
90490
53108
15036
58224
39455
35460
18820
61871
17587
76211
39096
56134
1443
23674
55575
707
33305
12138
88242
47037
82361
58543
11206
69079
51883
31039
26449
96823
76076
23240
41649
7519
73347
25015
25280
6060
58762
48803
91032
26976
15372
52734
38127
22512
78523
84185
9579
36538
5868
87762
39795
36180
25086
26405
65547
44343
69192
18583
36044
34788
54982
827
70998
43195
30772
33662
95906
2215
77002
43894
60567
39160
3303
33100
57153
28696
36793
57037
64169
15405
76866
58961
7329
22042
33977
74329
49110
17529
27524
8545
34031
60899
14111
67795
68430
70385
61499
91774
26103
63368
19698
9717
51854
37706
17215
70067
18481
78972
74577
33056
71590
49983
54640
6482
30514
706
71196
5834
93341
94087
69062
67949
2405
75753
54651
58433
80104
15313
99237
10393
72626
48904
24368
98530
31199
45167
30546
68174
37280
18992
49425
22717
43365
66843
3454
23948
27114
62531
71830
11076
54529
35977
89143
37881
89267
12498
5604
10787
42594
87187
83367
46941
96322
93079
67498
59562
6938
68025
45604
30693
73834
18574
80226
94500
71438
49411
31719
34286
91950
37121
60924
30134
82187
35477
92090
68563
968
38176
11513
9769
77300
92756
75776
17658
86372
54482
28270
96365
47400
6597
51928
62818
59835
18413
55758
66675
18273
49850
91640
63315
64998
87804
63460
37140
26437
19555
13503
71212
81564
95798
33903
70352
85342
69867
19617
9054
7800
41505
92958
30876
62263
78768
38478
37641
21464
45926
41830
50070
44279
48198
50113
28726
69296
75988
56140
22433
34489
31232
19874
90145
59083
4600
84011
79093
48953
92416
15500
61562
53197
35199
16725
45820
56940
67274
23424
53276
22523
22155
23271
87629
2346
91684
83252
15518
85478
23969
31510
67450
86546
31043
77136
85131
33154
53535
21341
60213
51229
5336
96016
7314
59616
10768
12705
72393
29058
56421
18681
78474
26507
96167
51134
71582
13941
83796
18039
86163
35106
9951
50083
12709
64520
5734
42346
62838
59150
1064
54718
57598
47696
52209
32853
98250
81203
13036
65893
80271
93408
75461
38789
90646
35881
54098
43484
7080
21459
67656
80555
38735
25669
60212
84817
95376
81678
67827
78238
58192
50379
64388
14796
47534
49730
88783
67911
62104
44154
21704
75609
88304
14551
17348
56628
76026
67383
34837
84832
87625
75530
65640
58750
92533
31275
7583
14880
65085
13375
40410
12457
39993
13406
82418
14711
45802
7967
24599
53030
12756
20579
40564
36176
97025
9067
26447
40075
76114
32668
68267
44624
84727
9742
84356
15754
75210
91724
50200
27929
59350
36413
94614
22395
81310
67489
27096
4117
78116
93721
1720
26247
73542
65756
88993
25388
62177
90561
95800
48567
6138
29332
97932
56976
21073
30251
19432
5596
93559
73670
46675
87546
55562
46073
36095
99286
13286
86415
36903
83358
57651
95270
76223
54679
52056
39872
7287
78279
13782
47496
17264
86099
76295
18758
90379
81808
35326
24913
81065
88812
17367
53191
30797
57492
33549
58239
76241
4105
74749
53136
29081
88635
20264
22733
42611
49016
83774
43052
72085
69388
83229
38637
25255
81944
52402
21138
37979
3966
96961
151
61239
80033
67894
21731
99870
24605
78077
8349
76553
72442
24525
52095
74014
23465
54525
55871
24685
6742
84331
68501
9195
1674
32714
44045
52212
99649
20777
25335
45641
4291
11577
82189
66477
34584
83086
75837
57367
79428
54896
29265
4069
47028
65549
85497
84456
83731
33013
8390
44469
68014
80071
44015
47381
33271
23548
96994
43625
20748
81780
27575
96436
43455
11404
16398
75372
81996
44298
10410
23922
27316
67956
27677
72526
75573
40097
48520
94869
63594
46501
40550
14570
98
61318
11279
5373
85733
86244
33367
47914
81493
85773
25862
50829
61210
3319
9776
67160
26965
89062
21330
53702
66381
77991
97357
82392
70675
3005
20942
94064
11073
26454
52516
81067
43540
82112
59961
68123
86657
43553
13595
93889
81888
88967
38921
29541
42063
51
35357
61505
2633
22033
65355
893
87083
93589
60892
55125
66468
30649
92572
99487
56135
73706
832
89610
29847
81050
79243
47366
66224
18605
90483
37973
3191
47786
18833
39552
20791
60202
72579
27630
6703
99961
92671
50692
22783
24013
87722
11031
24310
29501
36381
95236
44682
33301
39106
58229
53759
96752
93861
35305
12644
39170
58120
45434
48027
13220
19217
85959
6370
9505
64969
97906
10191
60378
77825
55525
89154
49780
25256
67874
5804
93647
81251
74692
62402
92698
49864
76724
72854
49829
69490
31261
61646
33469
56238
60749
26613
70454
40701
62771
10411
48611
32883
79382
33068
40738
16738
16333
97931
57656
80596
92717
8286
35816
86120
94874
11196
42736
56535
87907
61975
23672
20998
2896
76159
77312
42079
50892
61470
85613
71493
72953
43307
47336
84228
79270
38683
14967
17889
52513
4190
29796
14299
88505
74970
98722
1050
57769
26399
31624
712
46019
29813
90519
48492
64715
9102
66188
25554
71737
89217
5700
33289
39865
11395
83350
41717
52975
3973
13145
76607
23714
1353
73647
6570
67484
7257
50711
26582
56695
11974
37550
47910
17064
43875
32299
44724
31304
85630
40218
81346
70863
31429
92434
87106
66734
65094
93640
16468
69502
61442
7100
98198
36458
78102
73394
91448
89562
11512
79940
68900
94788
82933
6739
60794
53215
50699
49703
44699
86461
44373
47710
18056
30280
24604
97641
72591
68130
7483
11017
45355
62212
94336
57334
55552
76935
78888
43438
33619
28985
9561
57418
92604
69598
36847
59025
29140
84856
23975
13686
92866
84926
93742
37914
51145
72187
5452
70033
91607
14181
32405
86233
99959
65548
46081
29621
44492
4688
67561
66268
20948
73795
1460
60711
19900
88182
92738
80138
87881
24092
17874
71870
47764
61213
13687
91820
81390
26497
37512
28019
66116
81796
86659
77576
69870
8444
9097
31752
3003
56089
28187
19695
31158
25179
99881
83387
7219
67819
63934
38895
58888
12777
29048
34047
74968
647
98095
26602
59131
70214
31430
71524
28996
31583
1174
66766
97903
83749
52723
12842
11854
81625
59475
30297
43406
21563
99402
30231
27513
20079
96210
86338
90247
59286
79478
92513
37202
22285
95365
35037
61589
28171
45482
98623
45525
37256
67385
95240
61665
74852
46332
85117
42313
2071
48163
3001
62252
17013
84300
45695
2062
2708
19835
30716
57078
87836
82086
95527
58599
52340
67272
33454
67412
58475
13678
46116
28959
3255
40762
78065
122
6878
96594
82764
12222
73304
95721
16427
51788
81847
81056
60896
37284
50552
44437
52055
64982
86168
41501
70496
50064
96422
45736
92269
42372
92903
1528
13016
55480
22794
10801
2786
57628
50948
82457
33072
52718
22336
78043
41283
96008
40078
30289
78016
76850
49527
51801
62911
57083
42245
33575
2961
60359
95503
69920
86346
27884
95563
98336
50748
4707
98429
14388
1905
33128
95337
20841
36998
80021
81023
89841
53381
67433
38198
9690
6469
52359
99372
82872
16075
58594
45617
64310
57212
4277
40917
2568
26293
78532
56738
63648
82835
45484
57882
45178
49354
36304
12385
76393
43601
28298
19406
7819
83152
92050
87090
31216
25070
71542
22506
59833
89576
30756
46765
11557
28037
30253
70556
30087
66815
50853
90003
16848
96152
34024
50241
23416
65942
21880
25962
63860
52483
22095
32705
6953
99494
92566
64262
44594
14766
67420
29094
90148
37324
27223
4820
35430
69344
19409
61836
51450
67078
25324
79043
18266
9783
79703
95968
97664
90101
91170
30163
26329
9837
6195
60047
81489
26175
33695
77685
90953
39689
86569
92105
28245
55115
74317
45252
10219
47959
96188
14665
64239
60284
3827
84912
97701
47208
98405
4833
11367
23606
12561
41471
40302
94083
21344
29373
18944
75787
11431
18037
27009
74132
48875
46086
19674
61707
58162
69679
52448
21428
13238
398
71447
19068
67953
12190
91394
33739
45722
25154
37182
69692
27024
94934
69821
17759
69020
64409
47493
37821
98206
3299
19243
18958
71635
54422
57399
86096
3730
31319
52358
40052
98423
29156
15071
19687
29010
27214
40790
70510
87277
34824
67255
40612
38521
49878
31493
70930
33445
80704
53839
46869
54687
258
86807
96618
36836
75393
20993
5412
202
91185
11926
73059
17153
94917
27190
19867
68760
68
30888
27064
67038
95215
7126
97037
54356
45170
55709
10477
89442
71843
48080
75073
73010
61930
71873
57692
13081
1667
94586
34160
14813
65979
25987
73160
25581
96186
36777
90590
47433
86049
83097
95310
55066
85626
85179
70816
47225
89855
84102
45803
46945
10719
51097
17849
21859
51702
14773
77642
58321
48028
83967
57472
12342
56447
388
25685
65685
33373
76079
61659
93632
33871
3896
75976
91208
88463
75594
50203
23607
92538
11102
40610
78759
58030
95866
58754
99732
98721
33241
82510
99184
69477
58441
78645
60548
22613
92536
34674
75342
25491
65353
74830
5271
8572
75094
18873
50728
8514
53145
68809
87158
51329
23330
62809
33055
74025
59643
14114
30076
45937
217
88052
15598
84582
34296
90408
9778
59332
54361
5371
59479
91454
21977
18054
79589
19985
20701
80639
77704
33573
49507
68500
50500
92966
75732
10227
97536
84132
22172
1493
13575
1489
2231
13148
60982
50981
77222
1290
75982
4848
44394
95149
90412
18730
5173
65426
69109
19625
37017
85955
72830
75962
79817
51514
5143
94273
44275
4034
26512
20843
52725
85084
17712
79178
70680
96458
77251
67204
32004
32393
75195
92386
65284
73454
12526
70350
48915
38577
89623
68125
28225
78032
92418
18250
50286
54685
3905
77356
98842
47677
47392
71638
40242
48512
22038
57494
9854
65142
21105
49062
72694
23513
57158
41358
7543
8153
22013
14307
25127
86108
99807
75517
5890
5317
78138
60562
19142
1232
64096
31211
80549
74020
33215
41669
93689
25802
21283
12592
25125
23974
2148
64995
70293
59814
76981
77525
58434
13556
20994
99329
49640
73617
80427
28944
26445
17678
34549
11117
1149
94836
36795
12146
60300
1130
21539
87365
67022
6229
96627
58661
97308
6624
86183
91354
66327
90659
9942
98507
19308
55800
36525
8065
6679
60
20593
77138
12947
17339
43959
60252
84023
17018
34470
26382
24053
31310
39514
71484
23845
90084
56304
60150
57195
65122
63858
87843
27855
53193
4996
5954
50959
89477
40711
98249
7772
17936
23023
72386
58741
14208
13574
11090
8597
41964
6011
52389
75860
70460
65623
86061
28609
92946
73001
8744
30158
27750
42845
5718
14714
84168
47442
28447
91851
38878
46969
71687
67768
79651
94259
28804
38010
88162
13773
33201
82765
34381
52447
19090
10622
27105
97204
26707
71665
93657
24889
80146
35913
86722
12221
8478
72695
27843
77898
42479
59629
82449
1228
77316
2861
6365
9641
7162
74292
27450
36632
44665
76566
80088
4358
61253
41998
10240
87566
30557
4120
30521
72532
12449
20472
31206
55073
25064
47734
80755
41063
87345
24711
68763
16328
60590
93449
87962
73500
92157
5464
4597
45424
79383
50085
76970
63022
105
94793
76888
35969
34995
71019
27228
44379
8372
21753
30211
92868
94356
79929
80385
10713
229
72524
56231
2301
677
83420
61556
34195
56925
73285
91740
41115
34078
54930
34211
29070
94184
55775
89256
87459
80467
17531
86236
34347
74866
82094
47101
50808
41309
72005
94863
96372
53091
62633
35752
43624
36818
94910
11958
76760
72402
67883
51843
35281
47830
1946
3481
37934
64230
67283
44
96836
37948
94640
28478
21475
33707
57742
81482
68580
61504
54445
58107
16870
52105
37060
70741
18125
28004
92628
35942
86877
40378
12837
34274
6068
3650
69220
83837
54403
43006
54369
42849
72206
23338
18217
68489
14806
9133
25839
49223
15378
39853
62209
71987
71546
65434
25935
30467
49622
97893
21234
77409
1086
49240
54088
7444
52024
17207
11339
44377
19803
6548
24132
18288
78121
22410
59800
32027
65965
26765
38027
43906
8080
37128
50695
27734
12697
65499
96879
8194
96026
98132
9720
61051
84650
23668
9471
23066
30760
705
97985
52784
84675
25763
28436
20784
97054
60952
81159
15811
146
41366
82844
16370
13013
54615
43112
58131
23704
55136
52956
40480
48826
38481
95686
22826
85563
22268
87161
1617
44317
44029
63912
88453
96892
2477
65530
62792
25918
64080
94272
75309
93332
99351
46334
10901
70900
87834
6197
16009
53626
56799
31539
35940
48630
38533
69177
78776
6357
19860
3926
52937
42501
16691
91620
14499
32585
2111
56366
77268
63539
