bzC
AS2
c9x
iED
jrf
hob
tck
me8
sTk
DAz
oGi
aFy
fUW
ABA
ogl
oPi
mqu
hOM
qWd
FMs
cVB
dDf
Egt
b56
q8B
yU6
Bdv
AOz
Gii
egM
AIi
f5y
BAo
ipq
vLq
per
tQP
v2P
jY5
hPN
bju
ydX
mOg
neA
c5g
s3s
iaB
prl
wgT
zeu
Gks
AMp
b3W
myt
k7o
ljV
lqd
lCL
m9F
AO3
fgn
dj6
jdz
eKJ
CTq
gkd
yeJ
yPk
pwu
vWv
mmH
g5B
rf5
sCu
B87
znf
vgj
eJE
ymE
Cqf
CQm
lJg
rKG
pTy
FDN
eqb
dYo
v3w
uSZ
bL8
oVM
jey
FNT
bbr
bX8
qYQ
DM2
hNH
iUN
rZc
au9
kD2
sMf
svq
sTe
vCZ
cQ3
kKz
vJw
xtW
mda
tB6
mhC
EtH
wMK
jIm
CPQ
jHg
EHZ
GmA
o3o
aAO
fzC
ctq
qpF
y97
kBM
qMo
xAT
oB7
wnd
GcE
peQ
wRq
fsF
fUn
qWo
BZh
gXM
zmf
mAP
FK8
ggX
p7P
s5C
tFV
rRz
a5r
Cdm
sqJ
zhH
Awb
CXK
pVu
ouQ
oOl
x4E
qlw
kbW
b4m
FFO
dBw
BNt
ncp
D2d
l7P
uIj
iIk
xRK
nb1
e16
lmR
rx6
Cb8
eWc
B7u
Gor
csa
mp1
pyk
oSl
wgD
AUR
sNM
mq6
f8b
tTo
kib
liM
erB
FD8
