YHK1PUTO
MMLTX20I
90SJNUY2
CHTKN6JW
19RIZERU
OXY97031
8R6S6U04
W1ZRZ840
7RFOBW8Y
3QT9K9ST
DFK03G85
XQPQW8N0
M5GH60RU
2LAENN5U
ANLFQLNV
5LGR1SYD
FEH4DXU5
TIE
CFJGR8UK
0I1FXHC2
ILVTE83N
NUIZ98JE
VTMQ35SO
OFECFCKZ
9L2I4M65
U5WORVJ5
9D0DASU8
ZPXH3PR3
6BYUH4B6
57Z0RV9B
HEVSRCBG
YS50ZSNL
GONNA
1XJKVL4X
MLWKQ7EV
24ZMISSQ
7O8OS2TS
THD3GHFI
ESE7UP03
39OQGUFI
81IGBNSC
HE7ZLFV5
G9JFCRG3
47Z8P0V3
CHESLCTB
TUT09CX9
WJO3AN86
ISTQAGSV
BF97720E
S6177P2D
1QUKRHAW
JY0502AL
IY8TA2U4
DO3PTT6K
3AYD950L
YDR4KCUD
Z505YOQE
0M6R0415
O4KRUJCT
N8PCKC0Q
6MD7IV1N
CBX5Q9T8
3APPCAG8
Z5I8TDO2
9M1X62RP
P5VWJR51
L2GL43KL
MVZC7U62
5B5KAK3N
A8S8XYY6
UBIOTCJY
OP91QUK2
X5AZC8GQ
VUUA97J6
MF6JC6YK
ZRH8YRGS
JMX9MKEB
5BPUVPM0
5ORUCBU7
AECB89KR
CKCFBGK5
1QJNBSQC
AIXPFE67
SZFHIA3H
4DTI8A4A
GTVTGV5O
YWXDMX8L
R6HA4WD9
YAHUHPIR
FZ3BHSD5
N9KDKQW9
WBHB8Y22
OI4NSJF3
NY96DJUK
PUMDG6PS
6UCXKW4T
9Z9HELLX
2K0BY2QH
KRCOMZRH
A7XEPYFX
44G23R2M
975BJZ8B
HVW9EB37
JUWVWG4E
4E1DIKZT
QXO5VJCR
N97FJ2GB
PDSSMPN7
2WP3TKBI
457H9PWU
6FX9A2XC
II7U6XCV
IO7AY4UJ
1WIDV2JK
B5PYPJXC
ANB7KYCY
XMDISCXF
A9WS8LKE
5VYL01T7
QWMONEH8
82I3LC9R
SW6DJ9HM
U65JJHWQ
DPW48TLB
NV4T4P82
0WXY07EV
EJ5WCGVL
0LDQ13A2
B3JWN9LM
DL10KN1Y
IBJM91UH
6MI2TQES
QF18ZAIV
0ZH5O91L
4UQ9L2UB
IVSM8IWK
NFKUNLOK
EEL43VQJ
IY37O46U
8KQCZFAJ
6Y2IXYKE
Z900T4XH
9126E48T
RW1Y5SHA
G6V6UGM7
QQR9J6YG
08CV9L7J
G4INRC56
4TOY54LK
JP4UXAK1
TYCI4VR0
36048TN5
T0GPALL1
N93A7F2D
BJKL9UQU
H2RIPF6J
AU7GS3B9
HLHS7PBY
4AI09MBV
DRRHS3MF
E10R2T1K
ACE8J0QR
L3QW5AHA
U88I61I0
LHB2R0MO
KLYBMMN5
PHO6QX7M
7EMMNE59
H56OTS8E
DE6LWIVM
FLT87ICC
6NVE6WIW
DU5G3MAB
RSFISCI7
DFF0LFB1
HNRVLNNL
ZGGZQ0ML
UUYH1G3C
L42ANN70
NWECI50I
0BIM1XD0
UG409FR6
V24FHBNV
P66CXZVP
IEQQSN6K
U3DYHGY1
8DSAGGEH
ZOM4WPOS
RSVLQ2VA
4OJKNVT7
MRR6HJMH
C6DZLXYJ
03S4ATAD
18CUUFET
2OB9T73Y
6Z8I9NIV
ROL4EHOO
ST4JB8OV
JJRRQCM2
P69U9EJE
D35Z9GR5
6M9YW1V3
HSGEKGXV
CCOUTUTY
M01NZMDB
B37HCEF9
4LX2SZGV
4GSYZYTS
26TYSM14
YXX0NQRL
KNP1LH2M
MT0ZM5K8
75UUVVFW
7XOOW6IS
3V94SRML
9KR43T0G
63R7CWXS
NOIICNY1
PE1EESCK
GRAB
CQKXDE1L
QZHSDAIY
OP68QOJZ
ROGBA5G9
42537A2R
64TUX2Y3
KCBJUBCB
NAE05EY0
6QWGSLKV
8AAB58Z4
2GWPG3AA
2SV3KHQP
1TBH2IA2
8LO1S9S6
Y54QRL14
6X5YAPKV
L6PYARPK
Y4TE2C5Z
H0RNQ5C1
KEHDJ33A
NIKFXGUL
09AK05NN
ZV43JHZM
0ZH8SC6K
0U53ITFN
BOY7R9H9
PF3HDC59
2J646RAJ
RURZUW4C
3Z2DVWX5
E8GZNSIY
PF0CMW2N
ACEK2WO3
OHWB3C0Q
TFKX1N4C
6W8SBSK9
KQ5XPM76
WDNZKZPM
KERMQ4AS
VCQZM9V6
99CA2JX3
MHZKB3KY
G414HGYR
EOA7VC8V
WMAV27BC
XOG5KVW1
8G6BD1WN
7QATMNA3
91IAI904
70LIZEB3
LRM7UTL0
B3GQ69Z2
UGS6XL70
JBF2P9UJ
IJI0RSTU
WATBXWWO
4C13DET3
TF8KS3JM
Z8C95O9D
7QU1I1D9
BGUP8DL4
ICLQ980G
EPY567L8
UQ2ULR18
7JUYAMTW
TCWOBRU0
9DZ5PY28
EE1N6IEY
9NMKMQHI
FMCF2JN7
GF2IFC50
DUUCZ6OJ
FF347XF2
ZD2KMZZP
POZNHPVJ
ILU0APH6
FD8M1FU1
YPS4VLD4
LK8WWP16
NSMITRDN
X6ASFOUE
HOZQFCQ8
CLCWDF7V
R2B53FD9
LLWVKDVA
8AE9UJDC
VQWOSJS5
F2W3E3BW
H7LPN6NN
7FJNE4HF
M3TAYBEU
GEQMCFPN
UAQLYBVV
QT1R2T8I
WGXP48RN
I5MDJCX8
AYFNPWQR
IJRT83KB
0R9OTP2S
ONX0ID33
XUFETZEU
DPXDFAE6
4AD40TTI
LX97RVIN
A6THIXM2
9Q2RG0IX
WQ8W6S78
UT83CMP5
JYN592I9
PI4XNXRX
PGH2SIOU
SEYEWQ7O
1C2HE45D
UKXV1GTM
MZN8EVQO
CW6ZXFUP
VYG58KB0
HAIWS2FR
UUELQ6A2
PWIMIL1I
EUNF8EJH
GLRWH7Z5
YOA0VUI1
RU8R3HB5
ANI2LSVM
1PNZ5F77
GP6JB3NI
UUCCJ0X7
IGD9UG40
DUF8X2ZD
G5DL35IB
UXHABM1N
35L6XIKY
VRITV9YI
W1AO1TXC
NTX8T13K
0PZLUJCB
K9AXQ557
ABIB5RJS
JYE4DQK3
LUXQPZCA
TZPOFGLO
5MVNIFYB
LL7N1TR9
4F3D5K9J
UXWU7S1A
3FLL7JQM
QNQO4SDZ
T29ORQS6
VT1FKMA3
8Q6QHISO
SZKBZL0C
NJCAHD35
58OC8ZWS
Q5V4IO3F
8CWVSZ9C
LZ9LFUZH
00KY4A0M
4KHJGWK8
E9NW6AZ2
NSW6DRB6
NGQ1DE16
HOYIC04A
FBNWMCRX
ZAAU2NGF
GBDJ8GTD
JM8OFT8Z
O10GROJX
H8UUBG96
9JSES5YN
EJ4E27FG
4NR7O64Y
YAZJB4V6
TPEIMVRU
2LHF1UAH
512WO590
GG9D17J7
LF2GOR38
M75L4YS3
II8WZ02P
12DOU848
RU9WAW61
YOQJSRWF
K2NGCBE9
NLPTUNR7
GIIECUJ7
9TNZLSMI
1NRW37Q9
33N6WF1Y
5FA4G26K
NHQXW4XO
FDGGJPYP
K5DBR6S9
OS51Y5WN
Q5FO940J
AP8YRHI3
E55E8JD0
Z4A2Z6X0
SM8A2RZF
FE32QEOQ
XX1QLJVG
13D9GNHW
6LW89SGO
9VHYPZ4N
7VQENHSV
QY1W6I5X
NAA38X64
KI7LJ4OJ
PGI7AUWK
CVBUE5M8
KFZD9K8W
9D6YZP4T
Z9CDVAWA
O7U2OXRC
YTQG89GI
RWLM77AX
LHY177LJ
YWIXIRIS
7QBD8EC9
DYHJ5O9Y
ZA0QXNJF
TLA8FGM3
Z2YNRAN3
W0R67VYC
J1UHE3H5
4Q838HL0
9CIUH2XL
6HQ6Y32C
UL713PHI
6PSIMVLR
AXUE41JZ
61MXAW1P
6IH42XIF
SLSPS7O5
YZ0TFFF1
G6GH4GOI
QQ2CWTBX
4DNOBXUL
H5LG920L
BKXOT482
G6WI26OY
UDKX4AP2
8Q9TDZBI
2HKGS8OB
SJLEYGJI
IH6M8MSU
ZR1PFPZY
03PPDZYF
FM3FZZWD
V1IO0V92
GONPKQFD
ZL75VO5Z
KBDB2IZ8
8ROF73CC
RNDSJBGW
KS9VWMMD
C1UA8CJ3
1JCVLB7I
CGAHOM16
WRKJMA30
ETKCGPRY
58T72RIZ
ASZ0VCMO
73ASYL9T
SOWE2OC9
GTHJN02D
Z4DE4OZX
4P8GPQBM
62TGX19C
CRCRFXGE
ZGG814CN
V0D2KONQ
0BHM12GS
01OCDE7R
IZHX88IL
YKABFM7P
32MUS3Q4
VUD79DCB
OKAIBK5K
SIN
IYL9IXHP
0Z6DDVV1
E3UUWYBG
3TH3YKS9
XTINGR5W
FDKZ9THU
HDGUVGFM
1DUJFALJ
3CEGSND2
RUZSKP99
AP3V4FY2
06G1FPWD
ZGLGN1W7
M55YAHJR
DVSQI6X8
AOLSXM3E
4G4G1FSS
Z7AA6YZQ
M3H7TAV4
5ZR1GNB4
2KOH9QY0
DJJEX4ER
84RG3MXW
35LKW52L
DDG3BSJK
R9CHNIYR
LT9BZGCP
QUEEN
SQG7R2FV
51NKT09T
19LEIWNU
TQQBK1ND
RB5OW5MJ
00W0NRR6
LDAJ8AEY
UX9TZPQK
6PE4OD0T
CAN
R6DARQ3K
G737UWVG
WESWNSLF
LXWAEAKC
EUK0K84S
1OEGQRI7
FWRCC4ZU
Y1PKUVRE
TB60R987
KEFFIH43
NWUZ70ME
0XKI2X6P
7RYLYS4N
WAJT621E
3O9A1W4L
RWV2R53C
RS04ATSS
ACIOSF4Q
MJRYHFJ5
YBK5W5EP
AD1EOTW5
K4U54RFC
TE0130ZV
3C0SWAG9
COVKG4FN
XAWLCCOQ
4CIBV1A3
80WRGC4V
B4P6GC0R
FJT0RA2R
WB87KMNM
79BDFVTS
QBJORGGM
CF19AN10
EIYILBXR
WOG6A0M3
PXCJC3VC
D8G91TMN
ZEODF3SI
QOI6BMTU
KBOYJN3M
NCVWVN0K
ZQ139LF0
LEUCVF9S
PQ59HH6B
E96RZ4CW
QN5OWS7S
0V9ZYPHA
BZ4XB7VG
HFY5T2DQ
95VXS8QM
FFA0BQVU
VFAJZS1J
S2SSNMXI
LEO5UHAM
DI0NW8NW
TVU1U9FR
X9NFCVH5
QJU3PZH0
LSUHIHE8
2VAJ5TJO
50TR6EZC
FZ602016
YMXFWDPB
5686WM6V
LK09XO55
W6R0I4IJ
TCDKN8JO
IBK23U3D
YX5782FY
EYMQQPSS
FP9MKWJG
55GB0FSB
P19HUEP4
54JFKXBB
B1HLNV0L
IQ6G2E27
2T4OTAOU
SITHR1KV
ARPT3JHT
B70IQAAS
ETSIV46H
UEHXCRNB
8JC2RPGB
01MW6IAT
0CF3P8RC
V0ZSGSPM
OESGL2SN
8TFJQ9T3
KCSMCIUQ
2QPF3QTB
S5ATMCNC
RJWL2NGJ
SR36AMV1
684Y07E3
JVXXI0ME
IA8KG3BG
DGV3HFX2
WEMDW3WZ
TW6W71IL
6IL0DWLW
EQKWIYHP
7ZRTOQIR
6HM44AK5
MXREV51M
8LMP9K0E
B7984FLY
WCJZXXOO
UB5B6IL2
OGPVC8GF
K96VZLW2
TKRJJRAB
C41FZI03
3CGDZUU4
M0CH38WX
XETM3I22
ZS5JJD30
75ED40WI
3RP4Q6VL
WV82FGIV
0285EKLC
J79OQW29
R4TZCC2Q
0JOFIYX2
GWBBSJJA
LDYHMDDQ
A3E9BQK5
ZZ49BAC0
A8UY89IW
EEC7VUFF
13FXF5S5
3K5CIWM0
I1HCUSV8
SJ0V7GC6
Y6PNA9KV
UV3RE07M
GL0VVM23
SSUK11Q2
XP0BX4IU
0HY6O0QQ
U3ENW4UL
MU81JKLP
FQZ4260J
ENDJCYSY
46PEY440
QTT0PSR1
J70C4A7M
8Y03GWML
WGXTJMPE
4DN4BOE3
J5RGV1WC
2MGQ119I
BOJ7LBDF
3AT6YZ59
TYEISCC2
PPI104WJ
893YRB05
WGNJGTLI
ZVL8D3NV
ZQZFYNA2
KSR70JMR
2I68XKPU
3O9C87PW
XGBB6F11
K3KL7NK4
Z8WXKH1K
LIFVXPFB
LI2S3OK6
MAGIC
8UWYKJR0
R0C9VXPO
2UVOG0IZ
TXWL9ZYD
89AFO5CU
BR18AKUA
L9G3MMIW
CNKIRN7B
AFESG7NH
8N0U1KYK
UA6WY2KX
SXRAD7AU
7UP119DO
PDPBR0SC
WUPNBBXJ
UIUH53ZA
FXHM16VA
WQNNHPC6
S0ENQHPA
OV3C31LU
IDZRYDYY
WEMOGCAB
CPHEWA6H
WDJAI1ZI
ELO2MEVJ
9YHOZ3D6
1YMAGIZI
R5EDDF9S
MLGT8SU1
8K74LRO0
NZOQN6JR
KMTXWQNO
ERO1HOXE
O6KBB4AY
GEWFUX24
Z0R7WWLD
I7XXKNIH
IRCYEZV0
SBQ4XG47
LPNIPPXY
V6OGGTT3
RJKTVOZL
VI4YBU0M
H5GSK3ET
KAJQBUJ9
UWEB2AWC
N5P2W0B1
5T4ROJ8A
FEMFQP8I
B4853OZM
OOT40T87
3BVLYYFM
R9C6YIBA
C8Z2XJM8
28RWU84B
QXV56P3F
9ALJJAWK
QZ0T0RDS
JW6N8LDY
RY7MY9M9
7VIQ4A4Y
XYW98HWE
2XX0PR13
C4D00I2K
M0LSALXG
LXFMFNLI
45W39PIR
LHS8NM2E
HTUN20KK
6PHJ87IF
JIN1MLK8
LD5QPAXG
JZE4GEUQ
J9DOEL3Q
E8UUKV5V
UECD8CUD
8FSPPCLN
5IRDQGOE
3OAHDREL
WRNBEY8Q
HEX8U9PU
7VA1UXY3
Y9SAVJG0
99KQ0149
Y5M15LFV
6B11YSDH
U3HWDJO5
U8ZF0HLK
B7MWHZEG
OD2OX6NT
LNYG8JGH
F06ACCFF
IOJH6MH6
QKY5QIQB
XIWDJUVR
56481MRB
7S4Q76MT
NJB999PH
TJQXK64A
JYPRXLKJ
GQE0289X
448JZJDQ
Y6VCRT95
GWTPTGVM
W0N41W1I
SDRWT2KT
8A1SZOUQ
LVE2HRMC
A49A8OSO
3ZV0WVY6
O7C5Z6ZK
QCEGR0Z5
CS4MWJZR
MNFCCH00
7NZVS1KE
1GLQNT2R
426ITH6N
B1UCYWMG
H4PWIMEM
G6X13WKW
0AMR8RAV
924WKXYW
437MRCQV
82XUSGD2
V0MLXHCD
ISGRMNPH
92VNCQZ4
6FDZ1BOB
SZAKNDTW
G6JBI7WF
0CHLDTK1
4XOJPV3V
9UN88Y0Q
2FR8WP66
SA6PYJ2I
A82N903T
K8BADEEM
269UENG5
YJH18R9W
BX56ZTVU
FKBDX1MZ
V4L5176B
GR0KSA2G
437L2HYN
1K7SC98K
1SK4Z3X3
XA27XVFE
L0BV33DA
40TIWLY3
U56PD89J
UOW7VGXR
TT1MDNB1
4EJHPL2Z
PZU94MKA
46H4EJAD
AQW2ITS4
R73E4UL9
08BSPLG9
6Q74P3CP
19JMJ240
CNTMPU66
98MFUOJO
B176MAUS
HV67FLGT
FS7VHZF0
7C2DU9J8
QVA9KY4B
1T74N4UJ
02DUVWRA
CTH5ESG2
6E2JMSIN
IUROQLS8
8G3FWSDM
9DG4Q2YI
ZYGNAXIA
M0ADKEUB
DCX2T0SJ
D2D5IW64
62V3J52B
UNOP48YN
Q8W8ZKRO
L53BKM8T
TVS1PIYH
T1D6G3HQ
EF6M4ZNQ
JTD6SY8X
4FSJ3LGU
EM27QENC
GWZWE99V
I42S2OZK
P61NLZSP
6NWN1LPS
THHOBFCK
AXJW4KXT
K6XSJIK4
ZUTL6HMO
ELDJUVUU
36O09PWD
T1UNTKLT
Q5ENP1I5
S08U1HWV
D1PK4085
X2UD84HB
ZFPE3G8B
3G25JQ0D
ZI18MQ41
QAQ5X09Z
RR81GDEX
J6LFZ86R
NZAA9YQO
MBF7OGNN
OEDQDFNG
J7F3RARJ
LA0QMJ8W
TQOLDX9B
Y4T1L3DQ
PE5VR9Q0
T63GMSYR
DUFMP0W5
F75WI7Z6
6RBDOZYJ
5GA3IPO9
L5YITPGL
UW6UMCCW
O9GONHLS
DYWH778X
8ZS4GX6C
2CYA4QM8
CPA43K94
A6UEHXSX
ZZQOHIRV
GSZ6SV3G
4BN3RSYF
0EE0L9HW
C1RHWEE5
6OF2AXVX
S67SUBK1
12TXYZ3Y
XA5FVBDY
R4R6FEKX
48P53HLQ
XF5RQGFT
KF21MRWJ
6AEF2971
DXOE4VAE
G7GXZ7CS
NZ9EJBWL
MUYAZDCF
VZY5XQ9S
H6A6WAWV
OIAV6KWR
VY7N6DET
B7WEJ4ZC
R8SMCKAA
3GMPMDVL
LIBPRI8O
3SGGG0CQ
IKK0XJTD
O0Y50NDT
7N88SHGQ
KN73YE3U
EQM0TNIB
6CQCIBA5
63LBPI6Z
2X5T54RY
ZM0CHSPP
1MBBH3F4
MUQPL3E9
YY81QDU5
Z2RQQSI3
2V67H409
UESQGJ2O
4TEGWDAV
HPSY3WBF
JT4SQ5ZX
8HQBBQ9Z
5UVZ9YF0
N6ZJT3DR
CF1F10DX
TP8M8DYI
30T2AJWG
6TCKOFTO
8CFVQJD3
8VDJUO25
SSL3A5W6
I8I8FMTX
FRIENDS
IWDL2XZP
HQ2X1CI9
0RPGT5DW
YCMSOLFK
LN9WGJYB
SQXX9VJW
3PAKEK1K
X5O4R6KQ
CP9QVAQ6
FRTOC0EL
AHDSBJ2J
Q0CZZ8NO
0O9K4TEN
6DFKLY2L
XCBYVX2A
64ICFWFX
XXFITV07
53YUK6U7
6XFQQKOR
E6TGE880
AW84PHNG
IGF1QPWI
DKBPZZWG
FFJUQVSN
SKNA4INR
YLZW49MF
32H4FOWS
VBIB5GA9
P1SOMPKD
4DW9ZQDP
6WSMNJO0
0WDRRS8C
ROF0V518
OM7BQICU
8GQD9IVJ
MJ8342KA
3BUS9ZX7
ROIQ6UR2
7BH3P9AP
85UGWNRM
6N98I9VJ
J8FRMJER
WFTT5KKS
Q7Q1C031
2JKOYE51
ES5M29IC
FLHB0AFV
B7PAG1SB
4NLN253Z
AKNLNDRX
ICYNXYC0
IDQA2GL5
XQX8UVCD
1KG8VEJV
9LKIL8EV
7Q3891CB
779F4ZC5
L1011K1J
PX3OMTBC
CJN4P1FP
GW5GY9GL
YW6NMMX3
E4UC1U3W
9Z113U6C
ELZSLJ1V
IG10XFQE
V4UKUURA
DBW7GNHN
61AHQB2S
EY4D6NR7
LOK6ONLN
YOLBCIPM
PSSMNAIZ
ZF23DE7E
9G43ABI5
0FDSV3SR
IRJ6QXLZ
Y7XZTL2L
Q2BOMINU
4Z70EMFI
PUMYRWAF
IWWJ8RKD
VO449DSQ
H87TLOLP
TYU5CRSX
JYZKD8X5
HEFJFM3L
BOYGFUOX
9D83NIIU
40335AZ7
TQJWT67S
R0PVZK7F
1CM1NDKK
QTN7OTWP
3Q5PJM7P
HY7PZIDT
4CO5FW59
Q4WRJGBJ
Z9DZQAGP
5SEWNURT
7GLLAJ15
A39LMKGJ
8UWI61QQ
OBCE279X
AQ65NGSK
9MICGNZJ
BJ7EX1NU
XNW4MHER
8UCWR17Q
CKSVKTIW
2QSFLF7K
EEKK4NXJ
5STBC74P
Q5UT6O0T
SBRTOI3B
S0RZ6CMJ
U9RL8KGV
RH8R17G7
2216Z8ZM
QWSGMW1A
XARXFBXB
BAXJGRPM
CSYUX8AU
PZEOAF1V
PTB90MJ1
OYX139F4
6YAHPTCL
2USRVBMG
O1RNFHOI
7NFUD0PF
LJRC9S2D
C0DC1OCO
JO67BFWS
IK9HS6CB
QGLLT68M
MRQZC1ME
ICVLRUIN
00TUKUM8
JK766RWK
3ZH6HOXF
ONT85M5V
D08TE3SA
FLXFDRH0
1YVEFEYI
VXT0JE21
BKVPFSFF
0K8F3DHP
TRL73ZGY
50LHFW6M
RVIAHXHD
16GIQOLP
1NONCRZU
2CJ8GDCG
JGVBYGZR
R16RH8GW
KBGEEH9S
GIYEUHWG
4IC5LCX8
HD3BS7BA
BLANK
RA10Z7R9
EXMNOHBT
R7TEK7XL
O1JH6OSH
SSPG8JJL
HXRLP3AI
7OESSSCZ
4BN4ALZD
YVECA5CV
YRSWCEW3
YOZ30I5T
4XVSTDU9
0WYRW9P1
7RLBMNUC
1U27YI6D
PVAXT9M7
5J96TWXX
2CHFQUUU
O3UB8LM4
2YD9JOYS
A00BJEN3
SLOSG3WT
0MX6VVBP
PTD0HRUQ
VYH5AA8B
N1SMLAVV
XBFBF7U1
13YQZK4J
EI8YLZL4
3INMFH6V
WKS84B11
8I9TETBP
DQ7RQMGK
YRCN6AFU
FGREZX7C
OOBNNJVM
VNPT26XU
IQ4FG5SK
PAPV18Q8
JQ9Z12J1
MHIPY6C1
1OLUG0LY
3N2I03UB
YZUJRM7Y
KL9LLTFZ
LXYPGXS7
GTOM4G21
29C6V8MO
P0S31OCC
O9QXEW2L
Y6ONPX7F
5V2EKWM7
X00FQBRG
6JOEY6I3
RD9PRBRY
GNWJP68W
01ZFD19X
5DDFK3NG
0KEKIE1Y
5BYCZ3AM
ASG43Y13
5L87R1JR
EQP1YDO9
T6R9LD0N
LTAGWYR0
86J821FU
P360Z0OS
WRKATVS1
S5C0RMUL
8PUIE44G
ONW3DHMY
SYC9ZD2L
M9LPVE7E
L957XFSN
OUXOBMXN
BH77TMRC
KA8DP5XZ
V9T9CZXF
NI4Y016N
WXX1IRUT
Z74HH1TR
F38L941L
KQ1HTIXB
QRNY57CN
NWH37M8T
7HJWB9G8
2GDSDXG2
EUFMYCQI
23DKL308
E3JOF5NW
BUII9AMA
OXBBTJ81
WV7NEEV4
EBXLID1Q
YN4UYGUN
SL8IVXBF
CRTK6SG3
0WGIN6NG
CUM96TW5
RONTPB1E
50BH0HYM
GBHDHI4I
VPSPCNH9
QEKVQ0P3
QKRYII9Y
MUGG2B8E
84HMTGFB
1XLT198M
E1131TJS
99KKMN86
HCGUO1IL
PBUJ5I74
70OYG43X
74X8Y5Z5
FG3UR7O1
EDJ0FOD3
WWLJM4HF
FKN0T549
XY5UE7H9
YM74N15P
UW8X667I
74CDOSZF
LLX66NMS
8JDOYB39
6JN6SRUC
D95Y4VMZ
3HVIHXI2
YXO5QDJB
I733MZPS
6HUGHQ3Z
0F3AGIL9
7OHSGYCZ
3A6VNT1O
CV73H61W
KI0ITS2F
W49396ZX
66EWQLZR
5LI0IVZ6
AHQWTGRB
WDDFY7AQ
L2F4V5JO
OXHYKA4J
5OBLVIQC
V3H03GRU
0HSDAUYM
0G4O0QK6
VBY5BGBQ
NAJR686G
R8P40JNB
3BTY7WJT
ZRC659AA
EKF66VHO
91USX0TT
YA48A3RO
FJJLQ8GJ
HGUBF9PY
GM08ZHXM
9GD1EV9V
C6YGUJJX
6ZBGGW78
4KIDT2YK
T2W8B1AC
D4ASC28B
SGBQJ4P3
3L753OGT
PZF52T07
ELYJRGX5
YE0D1IUK
OMKUW92W
03N75413
XK8TWV8A
BT00A67T
8I0WN5MR
ACUZCYB3
JZBJ8JLA
4PBNV98T
S8VZHKY7
PVBO4MYD
4CRPG07B
P23DUCLN
28JJCHBO
XF96K042
YOIOJBIT
UBDFABA7
SDE0W13I
H69JO979
ZPFQ61SY
3OXHN7JY
C8URTYU3
CPC7TDIC
NL0MYRUO
X96YVTGV
8QK9M1BV
SOHVAJ3I
K018Z1W3
MFZ54SZV
2SIST7T7
1S15KYXZ
6OFF28SZ
COZYKMZ2
9DPEUNFQ
URN53B1L
JDFNVTJZ
R7FLB2F1
ETYWXIGM
I4KDMIK7
VJX8GMV0
GI0879E1
3LKCET0C
N82EH1PL
XAPXZR38
PJE72CZU
411A9G20
QVT4TZPM
1PSJIGCU
7HTE05X9
RS8H10DX
VAT76JVG
FP53YVSQ
HEXF9PEW
NX74JUAL
1VVWEQ5B
GHJGXUY2
E4VCHNAK
GYV91VJE
CA4J1G3M
RJ40RAD3
TPO2J1B1
POJISLQO
E3SL14FQ
B1J4R89E
VW7A4VOT
GLH8E30P
A3A4K918
X5R1WTK2
7XG7QZR1
CFGOQK6G
K74VMJYN
WYB4EFTI
VO78AWUR
IDOHQXGR
POWVDS4N
5HRG4PBS
LL4Z8N65
OOH4HTN5
5ZK0UBXP
ARC2S2Z9
0JFOG1KG
MVV64Q69
UP6NW3VN
OYGSMH3T
MSEHC4LL
4QZKU8YQ
295G6QZW
Z4942F01
4EEP6P1O
4LAAGLVB
XTOFXVOZ
JRLLNKAP
7Y7BX0Y1
Y34IKJU9
8WQBBEPE
OHG4G80W
SE4R9PFK
OXM535Q9
PM6R8OJJ
PSLJ44YH
WYR7M6R3
26LEYWC5
6P9S7J7U
TKFVLMP5
ZBF08JO4
2QKLB68Y
CL3BMD4B
2V9YQ3G7
9P4PQ7D1
1EMJ9LKJ
3M6PSJ66
WM717BZA
7M65WDLO
O0S0HQ73
NQHK4FY2
8TS7RA25
OLB2UJOB
OSD4XIP7
1KU600Q5
VJ1OUX1Y
WXTOZV0X
UXZHOCVA
BBJ9PBUE
197B7DNR
Y8V78B74
LQJDJ1P8
6ZZ26YJF
X1QWYH1F
9RA4VJD0
LSUR83UI
V9L0EKEM
CHGJB3M9
WDO95LD3
LBYW6QWK
LDBDX8IC
6CY57E2A
E8XMYGX0
ZGSXLBZ5
YXN9DHJ4
2780SW92
AW3FLEAI
W6B3NILO
UWE6PKHR
UXMBOPF6
EBLNBU0G
BS5R1Z28
F2UXLBEU
B3LFAR5V
WAY
7FZ1XV58
LTUXAKFY
VEJTAIWZ
WQ6K154S
PO7WCE9N
MRLTF53I
9FKP2SRT
S0U5HWJB
A1DV6B9I
G8694M4I
389Z7OVU
RGF550XP
55O79DJ1
Z7EVY2BA
I1GITTYL
9UCRVQY9
LJSGMYYU
JZJJVZYN
R19POUZE
GGJDHY8B
3FSJJ9MX
FQUZ09N4
8YBCS45G
R5719G4L
12U340OW
47UW7EJ2
74OB0A9B
RZLTOCYT
8SW4WAR9
3HQCUI5H
VMRKPIF1
F647D286
BXM3P7KC
T4OY4EXS
VRLFGM1D
C444IHQP
WIUWF196
VMRF04HA
Z1FAXV4C
6V1ZYIA6
LE420MKG
MU5AXFO6
LHGKKSRS
XUHVTMZ2
GI4XFHMN
EBTR6EY3
D9NDP9YU
AUEHM54K
RCKKNY0B
M77XO6TO
ZUJBO0RR
EUBD83ZT
MK8S4HRK
SG8TCG2C
5ZIAKTSJ
8VE2F66Q
83342SKW
7AILNSAN
G6XUTW5P
QWD7LOIU
WVNMS1V1
4DV3KY38
AB6TOYKK
OYDY7URT
ITF5I2WM
FUJU4070
KBXFX1I4
GS89CQ04
TS17ZNOK
2BP7WKLA
IB48R1PI
L6OO38M2
ILL
U71BR2X3
EW8ARHSK
KAEE80P7
AZSZ6X1K
WS0VET5K
5RU3L6W7
Q1ZS9EUY
9YD5XRP1
VZ4C1W6I
XJ654LPB
I6F6SDF7
W89QKZDD
5PMEYE8C
O3Y65GWC
0N3OA19X
VT1NUJT5
U6Y2ZP97
AV3A3PUH
WZEPOY8Z
865OVOMD
918RTWD6
XA84RZF8
V9X8QSM0
V59IE0YK
D3I92TNN
IOF67YF5
V9Q7FK60
C6Y87KX1
JD1XIWLI
A6ZYV2LX
6WNLVLGB
G2CU9VFR
L34DIN29
KP2W7JHI
ECZVB326
8NR397ZM
I3Y5U7O3
40AS73P7
UXXY5LMI
J8KH3ETE
OEHM3AQF
ET4LE57N
TYLZPUNT
3D3JSRRQ
R9Z423Q3
LJE8O0NN
HIEXIVV9
OUHHAVYC
MA62J4Q5
YX2LEBIF
8XT9AAXW
8CH63TFA
3C3O0CJ7
6R9XKXAS
00LZUX2G
90WR8BON
XFSAH3AK
T3SFV7PU
JQZH3Q3P
XL7GCM19
2F7N550A
NKBO6R3V
RYZNXG3Q
K8217EU7
G31W4G8D
BESSJ092
NVSXJ9F0
GS9YDODL
C0IP6FEJ
MDZ6UEAO
UZFNGEO3
6X2K177G
0I6QFV7I
ZTU1D2R6
QEMRT66L
VON90LZ8
XFHUF55I
1S2LNS40
JQI2QUGE
V7XZYNWN
1DW2AWUH
XOV91A9W
RD53B8FM
T1KWO8SQ
A2ABWV4J
JYOQCTQ1
UFN8DKAJ
351DV21T
WDQF6HHR
TQ632DD2
09Z2B042
MSQA432L
BBF0FMIH
22LWZ1VR
KLKM78KC
7QT745LS
50ZZUPQR
JYC54L4O
5P73EGYL
OPXCMLDM
TBVMXX4T
S5QTJ23G
NFVM0WZ3
DHO99HWE
NX7WFIEJ
NYD693Z6
0P8AE6QB
D9EAZ3Z3
7SAPJBL2
FW26FZIK
74EQXFZ7
0TY8ASKZ
PP97IMMD
PIQB1JOQ
N0FCY16J
R86JVYQ2
W5R8JWRD
PB1FU8ZJ
FNW7TUXF
R3MVE68P
XHYR08SE
P3R5DUHO
6UWTX19H
7S250628
QCEC5TB6
G8TQ066A
EM54GNLX
BO0ATSPY
RQTU1CKP
JSUQN3LN
755DFOW8
EU2GSIUY
7LK4TZUX
BFL3UI7C
GI4E9TE9
HQGTW5PO
HRMKL0VS
2VZCO7ZP
8VZKUGJR
LPI6UWXV
GNSUK5QA
WYR9UVMY
J2I7NPYC
XPPB5LGB
5W16I2YW
CEPRYFI3
VO8RU8LV
ZETOC93U
T3QAQ1OT
HXFUETCJ
HIB864PA
CXFJMY76
OONGIEDP
AND
8ZIS76VC
84OYG59W
0VTR41KD
7PPUII3S
29RELKLF
UH7CEZ2Z
AP2K9P8V
H3GOB5KK
GY4D1DV2
RSMYB0BI
QBABZF8L
OZAJQBPN
J5O9YP9N
18MGO1LN
S56L2AGV
R1TUH34S
VFCTTOXD
EE5G8WPK
NOM9KNYK
BTH7HTIW
RWYCPG6A
J7U4CGH9
C1WCZDHG
M1H77JLB
76K3G9I1
F0EEUH5F
IOH9758O
I0WUSLPT
4L9B3YIJ
OXK3E7HM
8HRZDXML
9058AGL8
6VLGIDF8
08DTH6ZN
M5IT04KZ
ZSWAJODI
3V91VAS9
L5JHC3BJ
VLRZ1WG2
74OWH0NC
CRO0UAFI
HCO7ITOD
2FB8VAIL
3FC2JC2Q
LSNTLCV0
ZA9O6J08
KKSOX4JP
RTIULWSG
G8XDXPT0
L3EG8SSX
5RUOT145
GL6DP15A
FWBF00KE
W5SLIQUJ
SU824QN0
F53X0F0C
CU5IYNJC
VMRAQQC7
3NM4CEUF
ZHU6TQEI
ICNDCRDP
949G4PFL
AV7U0FJ0
OXFT73CZ
UMADUGNX
K1OX17NN
VR6FNILX
3YO44F9Q
E152JKGC
D00KP5IZ
ZYXEFNQ6
5621Y55A
QRMB00DR
7Y30GIB5
TXWA0DQ3
9SHRQESK
CQ3PD3QY
8VSFYJUI
UBXJC2T2
BE2CMEFB
WWMUK038
O2TPO12S
EB6SRL7E
98YJ2CMH
CX2FKEWN
30NR5PU4
S7SI4ZB6
GET4SSDO
S0MMMZ5R
2JNKDYWY
VV8THBUY
4TEZMP4J
EW5VOE3M
E3S9XOLF
IACM5T0L
L52JL6DR
5ANJW5LM
THI5JDTV
NUBXRXST
9SDMPBBX
PH20KUOK
8QV5ZH4P
NJAFE70H
3JHP601X
OO6NH1MV
A88RYBS7
YOVQ8M4U
B3753BVT
XIT5PNSN
B9BSPD2S
K4AXF8AW
85BBD047
Y81LYHVV
K9YDDHVG
Y6EHEVTI
WIJYQ12N
HIK588N3
QFH7H4LS
QHCJM4AS
GPV0KESQ
WC3CR9G3
DCKYKYT4
CXQX0IYC
MMM42JIR
I1UDI39A
CVMXZK2M
RF0VX85M
26EI2VP7
A05CSAR8
HMO8RWGA
RJYNICZR
TTXZ3K23
VMCEVTHQ
LGCWUSWH
YK4UB96N
TQ9XCFYO
VZICB8V7
L5UCOVAY
MV3NUQXM
8UAM3WTC
U5UDCWIP
NAH2SZXT
NA3O19B8
7WXM99V8
OW5LXFDX
1QESOUYB
H5K6F33V
05MUD9K7
AXIVPF7O
GJH7RSTG
9XZ61JVM
5QORPH0Z
WSD60DZK
7U0W30Q6
JXFO1234
DT44AHLE
4QRKTPCU
7UI320MW
HUZB8ERC
NOQ3KKBE
CQR5G0OM
VOVJIAA2
WUDT3UZ3
L6ME1SMI
1TF89O6A
PWXARZCP
MGLQECLR
X51APCXF
LVC7ANCQ
2W31BO0J
T9VXC3CI
JP86JN16
GEHN5R0L
T66KPRIA
12U8BYXC
P7U66K9U
1B4LH62Y
O9KBFS01
Z4H156B0
2PESGVR7
IQR93MMP
AT7YHKF1
J33E7J7F
KSM7TTSW
PTXLFU6E
2ETAXJ94
2X5ZPE1V
T3Z35ENA
IX4U20QP
KI9ZEDFP
4NL1WIYJ
Q2Z410M7
C7HZYUDZ
U1LIQDUS
64PI4GRK
9PKLEMTE
H4F2QFEJ
672DVYO4
GS7F1MFO
HGW9RSGE
3I6V34TH
VRDY5CQD
6WAEJ1GY
KNAGA1RB
FG2U4R0F
V9EZLGMN
UVB8T7PW
SB3D57WV
K99D6NFF
JCXV2PCI
QBSAHJPF
AXXZ8F6U
2G4A8E5D
C2II98TF
W6PK2IN5
9O34ZX4A
MSYPGWMX
MKFG5S0S
8Z52MI2B
N31GNE38
J0CUAKNF
AFNJNXSQ
ANE6GWDJ
FMO1R6L8
HIDJ0IBO
SKEU9JUQ
MGXNWFLZ
XL21O7AD
IYRUR3JH
I9OZH33B
BSI98E55
67LRHNMU
IUI7SQFR
PXLAHWUL
Y0C043LH
3JWUM4XN
D8O3ZBAG
5Q6SG58L
1WECYMW2
4WXIRYLP
95PJV0B9
9F6W2OMY
Z5U986PR
BBO1PGS1
6DTMHYA0
5T0FJEXC
CZXED7CV
19QELRR2
ROVR2VZE
CN2F09IU
ETVPQY7C
7YCVJ4BS
N4S2XPW9
AP3LQJ1N
LQSUCPJF
1PPP2GYN
LGOWYLVA
46W5I17G
BE2YNSPX
B63NLGUD
545REGHD
6LI959UD
9JH4TQXJ
4KYTWM2G
IUKOZ7AC
UM0QK8R1
7WWUSFTG
8YA5UGBA
BZ8IAKD2
9P9226LZ
L3W5QOEL
VLAV4C8S
48RI0ATH
B6H1XOEK
Y6466KOE
8P0L45AC
R4O8GL7O
Y316YUK5
48K03LHJ
40NFP3O2
I2PMNXIV
NZ6AX3Y8
STP1SHJK
EA4BPTI9
AZVVW09V
MYD8G3OT
IPXRSQ0J
8XJDK7BN
0W5C2EIB
Q9GA5ERR
T9R00HD0
8SWYLKZV
GPSI97JR
0HKE2DDG
PBZKLP1P
NTD7UP1R
64TKBRUH
HX6LT9L5
F8QZDQFI
BX2DNXFJ
7C6X8I4Q
L2MZAZZA
VVYSCSPW
B4MTABLE
OA5E8VKM
IDRF639H
2TIGMVUH
A0GRJUR4
GNKOFYB5
N59F6R5M
1BGYTKLU
XW3EIIZB
2OI0Y57B
F4ZO4KIY
NGME62V2
X2269IIQ
3DHQ1424
IB9E65D5
3ODNN6Z9
LM5X5N0D
W7IENRWR
J1LSO22V
CU0WFIO3
BZJVBQ50
IXOYZ2QA
GQKOM0X2
I028KGWZ
5YHE5DWU
SE83SRMY
D9G5948P
XTHU8CO5
0P1UPAWB
P3OVJZ7L
X95SU7DC
3NKD24NS
JD3VWK10
63VBFYE3
HSP4K6VI
EIEYTDDO
WL2TYIUI
60C4FCX8
SMMHZLLO
KGLHGNN2
BMLADYEL
NIGHTMARE
UFC398XG
O4MY3FQR
D49E5YZP
EYOBF2G5
2PQH9U80
8MXPP5V9
C55IH31E
5R97NLBJ
Q02NTXQR
BGFRN85U
XQ8IIQ5A
TT2RB286
EMH8ACIQ
RT43JREI
P58M28ZE
E5R6PF7C
RX4N9EOU
N84NUPWM
IMJEQ2W0
I7XILL8P
YORYSJY2
NM7LSQIJ
NJF0UW4T
VPTG20GV
Q5XZU85I
P4ZTQRJ3
2FSG964G
1837DT7U
BT2MJHOI
00I8RXRU
XZJ01MQV
9XKC8CR3
P3WMU3NP
L7LS02X1
NPG2NK8C
1K153ZFJ
WGKF8LTT
Y41WI50J
DNBCM9RF
H4Z64SBJ
9YHI8XLL
DXXNQ9G3
BWLJV75Z
SRTRB25C
MO0DWAZK
JF22JH17
T49GZBH3
09VALZDF
P8VVSW8H
KCFAVAFF
8PG79FKN
CTKKGRXP
I6SFK7MJ
RP4DTJHU
VD586ABQ
KIMWL7Y7
1Q0WBN4T
L50C1J6B
RTWPC763
8404KRGV
W6HWQ863
LQA1M2QP
VWJ87ZJM
WWUZBK0A
L8J7CJOZ
AOZUHTT7
75TEDYNN
21353NDG
WMN87YXK
AOWHXUKM
RQA2KCDM
967AWXP5
QTOSRLBY
6FHUROWK
E5QE91MD
ZC6CF6BH
JLD0GCL6
7SGVKH1A
ZEBMG9ZS
4U0NCYKI
3JADSVRW
EXGNRXA0
K7O9OVK8
SWYL0JDJ
3RGV1Y1R
PSZ3KS9U
GTE2Q5XZ
W2TLIDRI
8PYUEDVA
C46F4DU8
HP3J9SFV
LLQIC80T
4LAXL87L
E6Q6NHKC
Z61FIN1M
N6PPTZNI
P11Q8ZOT
W0OF9JBQ
2SKXL7NQ
D3S5O51C
FDO1ONUX
W6ASWS2O
ZSA65AZI
FNH5L780
7K6GSLY3
2285PMK0
XQ87TGLD
3J3EDR90
6Q584GZ6
RBX10KPX
KTQKWDWP
0BDRAXUH
6DIS8TBJ
TQ8BWBXJ
F559GHNK
LDDZGAPU
7C37KQ3C
HRK6PXDQ
DFES4D33
QTANLQKJ
TUZL913R
SNYK5HBF
ZXAUJJEZ
SLS50VFS
YP5EN8HR
BGLIF3OP
JQFRCB3F
B6HJTESP
WVIDIBZE
I9L0XODT
G6EFAIQZ
KLMI67BH
3I8RV6N8
9NH2WIO5
H5XN69EK
C9MTAMAB
XQ0EM2VR
MM3PB1Q2
QNS58IM7
CWR37B0E
UUS5W580
I5SWU0RV
D3DBSW5K
SWR34AML
GIQVEPH0
LOLIBU0L
HT4KNS0S
AKDXQP73
UQ86P0VE
H8SQ6B27
MV6QLCIT
O6MFVDK3
OKRCGMEG
1O8AENG7
RDAFO32K
OLLKGMSU
F4R72F4E
SEEMS
RO55HWKX
VW2AZSMV
AJRW0FXL
G9KR7GHQ
7TYBUSDZ
5RCKI6F2
PIBABSXR
FCELSAYB
LAZEPUGF
Z3RTH3VA
IYPSDVH6
BS3U2IVI
PE3WPH5I
UKGS804V
NLVT5C4U
7IUUT41D
0AU3WE51
HNV3UJGD
27W65PRA
BYLOI1LH
3C80K3YR
48F1PVHW
8LAKIH0A
RD912G4U
Y27HZC38
TRLC36TE
22CVKNSP
Y2TOCZQH
5DCB6659
6ODMXXFO
HS3TCTBE
FM5HFKXH
3GUJ6Z6P
CNZ720N9
WR2HQO2L
O8FNCVAO
967Z1T9U
FY7CZJRL
QIOB2F91
PQWTSUK7
7372DOCW
ZVUIW4XM
OWD3XF5W
OVHHQZFA
Z33JXPOA
MEZB7ROT
8IO35ZP5
SRK5AM1J
QT279R88
Y5XX8R6J
Z7QE2PXP
M4K9AK73
828IGMJW
X1O1UVXW
7RXCSSA2
VGWFU3TP
KSGBBVW4
LIKE
MBCD4CX6
UD52KBYY
XYN8EV1D
296CIVTV
E3H00FG1
0D22QKFV
BAYGB35J
DL1H0HVR
GMANQQGM
GPCL6QME
W645SCMR
2SUNREBX
EL7RDI35
J0W16M5V
QCA7D90A
ANF1CQ4G
W1R821V2
KAIP8H83
EU5JAO6Q
SPNMA62W
CORS4OC7
T783A34L
4BGNVI02
BI79NZJW
0A26C5BP
MTCOOSV7
VDXMDW4P
Q33P09ZF
GD9AEDJB
KHY8HBR5
NE1ECLRY
NKT8NO9I
DKLSZT7M
VVUL57CQ
QYF3KE9P
LS1PV8JJ
EWOUZPAL
E17MRF9S
LRL32AO3
SKIRFY69
YRJMRBF5
5Q5XZID1
GBG05LR9
JNCTA2EF
LF3ACEQR
X0BXCC30
MCTYD42Z
OAK74F5N
9PRFTMJL
8TLA5BNB
0197WB20
N4ITPWGX
VSZ3QK83
3HG8IH60
ZBU4LCZL
RHGSHKI6
C9RXQR52
R8RPACGV
QE5TTROG
U4L0BGM9
MMVYW4ND
HMBDAH0Q
O48L57PA
V7HLWJT6
SUJ9OOFQ
PH4VIQT9
6TS4JFH8
EHXSB8HU
DZHCS1FN
NZEKPQHX
KTV2BA7Z
GJ6OKFMZ
2WOGPYZG
CWS3NGQ6
77S7HPYT
LUZJ6MA0
KCKQHMLZ
MUQ638AA
G5I9U7H1
YH15JRKQ
7I3VYRRL
CF5NRY3D
0C90FDH5
CSOJJSEA
0S6ZIJJH
W34VC1J7
QF9MH9QA
0Z8GN6U3
72P7IBV1
PGCCZM6G
SYJP56WX
NTFSMDPO
MUVA2L1T
XLI0UXM8
VPXH1XQK
SB1563GB
FGG89AC6
PA9IGXN4
5MRTAPPU
2SVG9JBM
XJ8CQQ5O
XY4EC73J
PP0LSVYJ
KMD5SGMF
K20W5KEC
YSMC1BBZ
ASG4LUNR
8I416WCF
7BST5QWX
U5SO3VY2
R6505GNF
AQS3G1KD
SK2QS2LJ
ARTOZ58H
DTIO2ZSC
RVRDK9SF
6T5LDVH7
PX0OSN4Z
AGXSYFI6
CVJHM6BM
WLJ5YSG6
Y6ROT1WZ
TNS2YO59
0G8HC5YR
1OTWMD2G
Q3MQLAUV
RY1LSV5V
4KKUIAMN
UMDUFVWD
AOX9ID04
IBBSUXAC
L52DFCO9
3VMIAVYK
BCHSYBC0
S7YQYRKR
Y0PRUY4R
4EA3M57H
CCMQULDE
X9B6P4QD
0XOV1BGH
XCSD9ZZP
3Q4132NV
NTD8Z105
LIRWWSL3
B9L1KZDZ
EMF7JDYD
MAEQQQPZ
HFRVAH13
AF9YB6R8
ZE98LJD7
WFM6W5HU
IH5JDV9S
5PFRPCFB
0LEI2SCW
YMK2C4H6
WJZH8WJL
9UNNIB8G
M8OSGS1L
93OVIT4P
PXUFT8RY
3JQ644M6
18QU2PGY
UYY6N01E
PUMPZH2T
4DVIGK23
X2RBO8JW
7H4YKKED
UOHEKPAA
XEQ06NE9
1D44F7Q8
WJ15JHYH
1FE06Z8G
1LEDE59R
V9WH16UE
J64YCLPH
4SHX6U1O
OIU8LNYQ
1GSQMU6F
OE4Y7L32
NZLAIGWF
SHHMIIAW
QRNGNLHV
BSVGR98E
6N1ZOHVQ
RD1Q5AWF
9NI212SN
KADVIOT5
M19Y97GM
FDPJOQ04
U01EKR53
9GBHI9Y9
DDH5UIS1
Y4KKOEHU
DO5RENDF
FA04CMIP
PIMK82KA
67H1FB41
XBNR4476
ZODNESLB
1HS7CLK4
53LCJQR0
EUJZ4TJP
0OMZCC11
X9DQ4T1N
6TQ5ARMU
K9VVO449
5G0LPAWZ
LGM6TL5D
RYR1X71F
0OCGUXKL
11MOSN5C
DEMCYB2T
LZJ0XP6M
DICU7L8N
RJG42SDW
ZPGVND94
DTI8PY5P
4RDWDT28
BFCXEGVQ
5QAKOJ3D
D4TJQIKP
IMKUGRQS
45VL37QU
V77MRD5P
9IAMH9G1
PKTIX42T
CCME2T44
JSJ1S7GE
HO4BG9OI
S0V9XG2B
KV4D5O1C
BC291882
VG6D3V9Q
PXC9EG57
3U5NF8K9
B8QDHQCO
YSPWW1B0
BOE2GRIJ
J9JXG7VW
AGU8QEJ4
5TDXPQFN
W47E2XXT
VXDTJ3MH
X98M72T4
G01NL1YZ
C0DAI5Z8
4TE3UW8Y
2DNYRZQQ
WCWHD8OK
MQRTNSRE
ZTN4GMXV
KBYY5Z49
25BUPAI8
1ZBCSG2L
76GAFGXS
73L07QGK
JJFFZADV
D5GXU67E
FTTXSE9Q
1YM5C9FL
P34GUH2S
WSNQOITG
KPEX5197
FC6BV4F1
4AX3VHOK
5PJOOK4G
4M5IUN3P
DO1POBIF
SMZ6QQUK
KT1IP3BP
9KNKUSJ1
B4PH8G6H
ROB21JWI
2M10A0Q9
KYCBCUHQ
0ABLWKT5
9PKOMMIM
XLL261BN
Y8KCC256
YC442IQN
K17BXV5E
JJQ84N6K
ZGJQ9Z7G
FUO3VM4H
QD6DM64U
VGO9XRJZ
7QTM0M2Q
WMULYKU8
CW4DLXVT
WJ87IRD1
PNSI41GA
CJY0QIF7
XEAV6G3Z
046K6QCB
YTCFKHYB
MBTVMMB7
WJ513Y1I
JFXJF7KF
OTPPBH93
N7HLCIY4
2XUY1LQN
NHAJ34L8
365K5QSG
ZSVTN4SL
XD09FYZC
B01XEO73
XEIA4IYR
I0DK3X73
FSMQGG4C
5TK0N346
UZ7A8OCX
D143CFLM
B2MR6G69
U3ISNVZW
O3ZZRNR8
QIJZ0R3C
TPGXVZW9
QS25VEEA
BDOM25R0
8W5GZ88Z
PI7YUQAF
L8RPNLYQ
G9112JPW
IW2U8P1Z
4DUV3W5X
FACHLJD2
10HEFMNL
N4P20Y2C
MVSYDKT7
DNXBQMBP
VJRRQ8FY
HXXG15SB
LAA2LRB9
FKVGB7GI
GI76TQPR
2X6XOX2G
42NAGYF9
AH0L2GGI
GNMLS0HC
RTNH6PIY
S5G1FO4V
XFCRWE3J
0Z8DV7GW
LZF8TAOQ
EOW4TB01
OBLXWH50
HD4AV3RT
0M98626L
LZCR8U41
JYNEFTTY
M1ZGNRBW
46GAITB9
69POPLOT
5YIHEGH8
VGDAREET
NUNCUBEE
R87AZD4H
9URJ9NLW
LCKS23EA
91W42OX1
AUU9AMHX
YRYMBCEJ
0PLR3GP1
B6VN4J9L
39IKN6OX
KN8KUGQE
ZWZLDJG3
S79CB7R8
G0E42SAP
RTQZ43JR
DYU99L6M
FEGUI2CQ
93U13J4U
AZYII66W
4ZCDGZ1I
QSLRYZ9N
S5XTYR5T
HB1GSVYH
LPQ9QY9Z
I2JA6C2T
IDMBDMUX
BQAXYOB7
V25LX9V1
M2UKWT65
9AURVU0S
0R5C9BNR
0ZJK34XO
9CS4J0YU
W34L87TC
SOO71LBR
Y0PALJTH
XWMJEYFO
43VLR1XV
B9KT6PFE
TPVHAFNM
886X7B42
8FWYFNLB
OF73T81C
WA6IUJH2
QX46VNDH
G1SIST2R
WU17BVUZ
GXOR84WA
IBMFULNG
IWNG092Q
U5DGOTTD
I3VRSFJS
MKY7W48A
O1ZIMMPI
NCO2673H
8FOIK4RC
GNNFXFT0
U7Y2XN82
AAHMP0CM
ZKO2ZGZW
1UJONEGN
Q3IPY6NU
TNNPMFA2
9V5EE2LY
EMQQEPAA
A922TL1N
G7CXKWOA
XPKZPXSP
5AJ7J66H
WZK4WRJ6
O8Z7Y4XR
E0REAESS
BOZZX4ES
AHQB47DB
XZGKWV0R
LJ1TUYY1
MK4UM9FV
QHZTWDLV
4459QR48
R9ROICBU
GDDELSW2
HIGH
UREF6BYS
DAMM7EIP
1NWMSSL2
WQ3BYJ1U
2ZXLA2HC
FZSLD6YS
9R55ITEE
ID0ZQQML
54M4GQNM
TV5VJJ42
6EQOQCTG
97ORQ2A2
XZ9LCEYT
0HPGHZQ0
D4X5SPTM
Q1J4WTKX
25KEMUZ8
DZ3AIUDW
WBVKN7Z2
XDFJRJZK
A8XKTJFO
FI7N02LO
TP4Q8VQI
XEN4RKVU
678HY4ZS
LGG4QYKL
J1EHWBJ0
B4ANET27
L2CZ6BPX
AK9FUD1E
SOXBCP65
SKBTPW6I
TBEOTYEL
A7U4O2SC
7NZC1AYZ
WYNV2NV9
W2V6NN3W
GVHUSNNL
PAONC8ZO
C0ZB1YW1
OMWW6QEN
HHADAHN0
FBNN4OQB
HPXKBWUR
T9K0GRL4
2IP47RLM
ZCTW5AI8
4NYKD14A
1CPZY7TC
ED7YNARY
10MJIGIE
TLZU3URW
X2YOTZNA
1KL58I5D
Y5YKV7GU
OH6W6HZ4
6P6HSWCH
O7YYKQ0I
3EKN8ZG9
HVWKOGK8
8UT2KKXK
UE0FO8X4
KD3RV2KB
VPNVUYO4
GX6VEN8C
LIQ6BBZQ
TIWFZBA6
YT7I8FWF
VMMKOV4N
4ZMR1FMD
H5FMU51C
GH5ZMURS
F6BTMBC3
A72MV84U
NB1FDPWU
TDTWOGS2
Q6TZP99V
PXN2NCT7
NJJG3OEJ
I0P6WVIO
8LK83VOE
AS6E6OXS
ZCUUQF2V
97NODSI6
5WTR789Y
BCV08014
I0IXCXW3
I2VAQ1BD
TKMEHHSI
5P14UYF0
UZQGCYL7
587WLL2P
JBE8UITS
67IQFIPN
6HORT6KN
UKSFG0CK
TB0OFQ1C
MY1BB2LT
XTM4ZKKH
UFA8MWIW
BFEMXZXG
D3IXNG11
OQ4ISCD2
0IIOC2HX
04I11X1S
P6K91XEV
AM1CX1JJ
EP9LY4HD
HWLBBA3K
IXJ54PGR
5R0C9ILY
X3K0592M
5JN5PN4Z
3DPEIDRK
VQVMH1YG
F2N3SSHT
KBITNWVF
5WJQD2AP
OJK3ERCM
IOP0445X
JIN947F8
JK084MC6
OYHVBORJ
1YCBQ6UM
1CF0DGZ9
EPUNCP6C
T7HOSJ7F
62WTJJC8
U2FCUTUG
E5T8SDP4
CU9A3LN1
LBAFEZYE
RDRY2OTO
O08NZN1M
58NIIRN7
P7PCTJN9
3VQQYYU4
6NI00BV7
YU0PEIZK
7H5NT75O
O14BB5BN
LK8WB702
QZCGYQLE
FUTSPAD7
WE0PJXZL
EH8DEMR7
OA7RJJP7
7CD97FRK
XYE7Q4DE
N1B8H4Y9
Y1C4APVD
80NUWBBX
MZ1V5MSL
3CB1RFKV
ELPRSJFJ
PVIJZVE6
KM4E5CDS
QB8LNB4U
03262B8X
70RVBVQ3
CDRDOJJS
DJ75KMMV
AEPASKWT
SYZGEKX1
G7YFUMAE
PKXMD49O
01QSUSWV
WH457OG9
CS7HMTGQ
A9P4PENT
NFGNQV22
SHTBR29L
FZPN9V86
4WV8K7J6
M34PAP3G
1H2LEDEP
F4XVGZSI
D72XZO2X
WZJX3QCR
12CZR704
15J7UIIS
1S2X69DZ
B1AQ6J7D
72Y96IYQ
5YCJ91A8
70L1KGLR
O79ZQVNT
37LSEQ1P
XKJNN8IB
5AB38Y2V
GQNQIYVS
CTO2V2NI
RNNHQPB5
30IO6AUE
C8Q3YCI2
MZKBEBTZ
KDMQEKFO
BPYDL01H
JWX4GRK7
855T2S4C
BHTTNQ94
L8ZAL4F2
U7DU318J
10SN0VPN
S7PQ65F1
KK33GPO7
AETW8AU9
VRAWYTOQ
598IJ1ZW
PYMXL6TP
FWBYNDGJ
VSK9CH9C
2FHL0X9U
S9S891TJ
LFBZBQFG
5FVAY6DH
83HDUEI8
W1GRSOY8
Y7AZ6M9K
40O7CSOI
OHSBP2V6
3A1DK0JZ
8RP1NDY0
JDVHQ2TP
QE8OJ1IB
C4JZY879
U588ID6L
EZ8YWJ49
3S06NYSN
A0PVQG9N
C7MBC0GS
8SKNJOQW
QIWYYRHL
I6DTPVQL
XYFEWO0F
YSQQI6WJ
E3Z6DO13
4EKKQOEP
B51U0SIJ
4WIE0GLP
ZIH34JNU
YZ80RD70
7KAXXFIL
ZOYJTC23
J1IUJ5VE
RB8CGNVF
QDVNA1KF
J7ZNOTEY
AE12MX9A
6FLY7FOZ
ERVAM6SI
UKVVROI1
NA1Z0TVQ
4T0Y8TE1
3FZKDFBL
DBNPPN3P
ENUT52J5
V6ZZVJQH
3W8O5VEQ
8LTXPEX3
14QBRCJG
SO6BL01K
7H63KJ1K
PJ3EGNQV
KV8FXZFV
A0RY88OF
UXU5QGHV
T386OUWI
7UYMJL8U
RTWHRK6Q
VJYYRS0M
SWBRO10D
BC0QHGCP
P4I92SFP
66ZTKSY1
F87L247D
NA6XULGF
9PL9KYTB
ZEQNMBE1
5FR1CA4T
3O61YV3V
MV9K9HBG
E1A6LPL9
1K305VIE
RA8O8OE5
56NQ2GB1
V2E4FYWF
6CBX9TPC
M98O6K3H
AVWFPRY5
QG8R8WFH
8XMHVMK9
7NNF03VO
MONEY
FF48A6HS
93SNZP4Q
60GHLXEW
CYGJJ1IX
BUD5YB3B
5IADOJOM
EF7S8MUJ
BVEOX1QC
DRKCFQAX
ZO7T61YQ
BJCYAR9Z
S3WE7MAU
GADFGB0A
IC8ZW2HQ
CMOS1KRI
KZTL9ELE
YQ09SOIB
HWQ9UCPR
0B7HFEZQ
H2OTB6DW
T6VHUPR7
YKCDJKRT
XVCMKMNO
CPRWD1W9
3YEM97ZG
QGWFP5YQ
KQUM0IAJ
B7I7JGJI
795E0Y3W
XXDLIYSC
R4VI5MCX
TLQ4DNGE
9L7USD0B
0NOLSXML
PC3JE6CJ
QCH6T18W
GTWV8K2V
Z0O1VN1R
TMT61EHT
LLB9O4XA
G6174DHA
X7HZ61EC
SXF86HRS
F3GAW3G5
45KRYHFU
ZLK0YL2J
1RCHG8G0
39YG737I
8HPBXX1Y
VYAUMDON
JAHKEEGQ
4HJNXHON
33S3M9XM
1NX302I0
E20Q2X23
CM85QT4E
O7RJINZD
H3PYBH4T
RVYOUGNQ
TBJW9DRA
63WPX4FN
4TP4DTX0
9I5ENEDS
QU1NUWO6
CEJ60CAK
5Z49Y668
7VXF81HZ
4EWE4PAW
IHAGC5E9
44Z58F3D
3P1GOVNB
1OO4ZXK1
FW5I217K
KURK9K87
E4SJ9HKZ
UXRYP07N
6A4DL4U0
AMCXD0HM
2J4DCDLI
ZMG61B8G
37X8MHOU
TOL76EHG
TWCLYJDS
N6DTQOJF
B651D854
WG4XSUVN
LHTGSBDZ
CQ9MFVW3
3ADRZBCL
0I1QFIT8
JZACD0UR
U2WJS3US
HPPYZDS1
AF2C2MFO
8EHA317P
MJFI9ODY
X2BLKO3Z
4A9MO2DA
WN4RTQTS
NN6DF6SU
4B0Q1DNT
YFBUQFIM
UBUWDS5Q
49BRMKQJ
CVKAK96K
C0V7ALZK
7V3IMN94
FCQ3EM1V
6OUCDROK
V60UREXN
A51LVAYK
ZMV40E3L
9NSQED3I
ERTG5T69
D8QBN6HV
2R1H9RVE
LPIM80U0
VU4N46TT
9L6QDY5I
PFESVGOT
F0P8NMA1
2X1I2LX3
9P3QFFJZ
L6OGPL3N
5D3YDZJX
4141ROB3
V9T2A10D
KTMYKJ2O
VQ5OCVZC
6JOXCZAW
7FK2KJ46
OGBHELKC
CWPUHEEB
G9RYSW78
FML3MD0T
HQPI8OHI
SEBO19C3
1WGBM254
Y3GDKNT7
OJEQXDXO
1KR1I7CR
1WHI8TBH
MWRSWYVY
C3ICWBUZ
TAKE
EDGZ3ERI
T6I66K3M
IYLXL4H2
9I94JX53
GREXFUO8
7IAK8FM4
TV6ZTI19
1F6M4NUU
YEIJ8U8S
IHK83DT8
2Q6QL2GE
E5VPS2MF
T0002MSR
5MTD3TUN
KV36JAED
NUZ481ZY
66URY0O5
ANV7RNZV
LXI3M1BK
S203X6Q5
HH3VZBY4
Y9XYIFV5
PZFQODWF
7DVI7E28
02LHUCIY
L2ZVX6ZQ
W1JF2PFQ
AG487VX8
OHRRV35M
RD9LFERC
6O508MX2
F4RY370M
BM42GER5
XE7L7W9Z
F22BTHD3
HLPJN5GY
1LNGUIT8
ZKGTR8HV
3MNIZA1V
QKKKD76A
MG2XRD11
6LWJQQGN
8PCTIE88
8HKWV304
AX79X3WN
43HDRDWI
77XLXZTW
Q6E4FFL1
WOXRYW3M
EXH9LI4C
42ZMAN7H
LFTRM49N
M7YU1ZK9
UBIV0C99
NUPMDTU0
R47CCN70
ZCAA3ETF
EYMKKVTD
NFLMX3AJ
AS9HHAPN
SK71H355
2R0OAI6C
LVINF6ZM
APDG0Z7F
QRZKZGVM
VZWWC81M
TKCEFZQ4
M51SI17G
PYMOAEX2
UAUISYKM
AOG0D4NH
SBVX4GSS
M6OAPDX5
6AZ2TEZC
2E93L8ZU
6V53SFOT
9B57VXIY
61CK5WM6
ZK8Q77UQ
TZ1BIHBK
L1VWGDXT
NPGB31H8
HFL52H2Z
PFCEGA00
T9GUA2TB
VOW1XD2K
NQTQ9PO7
IBD07M5K
WG8WZVP8
FFGTCNA2
JQTICSZ6
BYNAQT9E
JCRJPRJZ
3VD4PCNB
5LFE3TNM
RYIYB563
RTXNVJ6D
UITBK7IS
P6CMTNVJ
E3ZCUHIA
SJIS6VCR
66JMLZ3S
E6GD107U
FSISTW52
CC332W2S
662WWNV3
6M6ZFA9Y
MZ2KTIME
UEQY95TI
SATJQZFD
BIO687Y5
A0PQC8OH
XW7B2DPZ
ABSWJDVZ
R2RKOHD8
717KYZ8T
ND6H1Z3F
SKLFSSFX
RREB9CBE
EFXTXE0L
57J9UNWG
LYS2P8DX
V5DRSVQ8
DEKAO48P
BWX7D0JR
6ZL5NHID
OYKEAAV3
M7M0M1PM
RSSNO5RP
DJDYTKY9
QPZD11XU
2VU2V0E6
4LV4WDPW
OE14M3FE
N2133JZ7
CTT5T6SJ
7ANYXB9H
1T8N0YKP
9X9HMVQK
P9HME5UL
X7V4ANN8
XYBLVONM
829ZYF1P
985KG055
KGPXQEM2
Q08KSNNB
EIP98J8R
C3YVONYW
T88LGOAA
9DW0SK8V
2YYCF2F7
IVAHSF6M
DNSLSRUO
7MLRYDKG
6WQZ8FJQ
MEJBTP6V
RHKD489Z
G6JSEQZB
ZZN0H3X9
98WLOIND
EUXUYZK0
QEH9Y3SL
NT7BC8PK
SD2Y3PSM
XG3T07HL
NDHBCU9W
RXBAWRKL
Q2NK7OQA
DJFE82PM
NBN832X8
VYPWOYUV
XH2V645V
8XR67RSU
DBZ0HDJO
LEQH9F34
9KSPL7S4
9VSPPI62
4MO40QUV
SVA8A0HY
7351QZDX
X5DUZOJF
SLT3FYNF
HJ3Y97HE
DFO14P3C
RT4LA25Z
W53DAG7A
DARNM1GW
6E0QWZ7P
OOMH18CZ
3JAIPN7W
0TPK4PTG
4MY287ZB
00RD21XX
B04AUIRF
7I09WAH0
W7J2M8TW
QITC69YW
XSFIDE60
HIML9N7D
16M5LUT3
6UAZWL9K
PMYTVFPU
N5MXNDH3
73KH3YR7
PZDNUBB7
2VOY0B98
DDWMT8CT
S80P5YP9
6T92153K
MD3F532O
QDCNK3TY
VW6VX15J
X4R749DA
I5147DOI
26ETOEA5
MCL6ZVS5
K5AWOKW2
P3PJWGDX
Z6BP3LQN
N70A262O
S7MWPTXY
JQLJXDC7
2MU3MZ4M
1RYNR86C
S5MBJ1BC
HSNZUWB6
ZUMDX33K
YNK4GMJ4
7LI20Y2O
TQC396V9
5SDOOFVT
QXFKLB9V
A3BYKH3W
UMSRK0OM
ISD4E01X
9R3WGNO9
T44UXR14
K5JHNPU6
MSBT9C4E
BOTE2MG4
LYKWE29Q
A4ARJLFK
RN7A0JAH
GC0I5YL4
ZX7PC9XG
6JTS44DI
DEQGT9QD
2V1DK417
CBYN9GC6
1OPN7ZZ1
8BXO0BFU
W4LMOLND
VRKTWPMH
MSZ1RCT9
VIUQI74U
XLTJL2U7
C4F5JE5X
ENMKXXHE
SFT0OE1S
G6O3BZRI
AMARUYGO
DWPU18YZ
NM6TLZWB
X7FPH1WY
3CEFAG51
KO28NDDE
8TWO63NX
6QX9GTAR
F1E49YRB
AISN561Z
PV4NOLCK
KJZ2PQBK
Q2OWTXRA
STRANGERS
P3G0LEGP
N4DGM87X
TNOSO6C3
K5DI9LBN
ASJ2N83U
6IT0DTTB
B1HS00P2
G29P2S1H
XWK15X63
N5CC147D
EM8Q0MLL
HMP2OKLX
QXQH2X7C
JSKMRKV8
CYRD3RP1
O4OYY9TQ
2LTXQ35A
NNB5BA8Q
85IS2QES
VE2F42UX
5KM6URAG
CLUP1PYB
0FBWJZ34
5SMAPBRA
2AP6TCOQ
LRJTVDLA
UUBWCHKM
YL98LLOR
TZKC1F07
PZ0SO2U2
1480QNAG
2V2GYXRC
IDXZ1QNC
0RUBH3ST
766QY2D5
3RBLJW0O
L4NI6RBW
Q8CVGHYI
EMLHFNIC
TMGE84N6
P2AIILIT
7J8YK5G3
K5OTGDCY
G3UB7J1U
72EYCFTP
AFE5UL2N
B476W1FJ
MUQ68ETM
Y6B40BCQ
R4YGCDOT
MTY5J4GR
89403P6E
SJ4EIRYK
PLVS1B26
JBK2ABJH
YKBE9ZNX
1MYQGBDR
6KIREABE
23T9Q620
66S53KAP
LFOFUBX6
XBJHRQWO
URXDXUCO
2CDIB19D
9D7GVBVF
ATPLSSJ3
64SQTZVD
N9DCV3EQ
1G2AQNY9
UC687H4Q
68T66EUS
84WZQGLA
I0E9CXLK
1M2J0YAN
7NZXAAA3
C5MLH7DH
XPR3J73V
VTYN0RTW
2WBX5GNX
T48NHAPQ
T1YCHDD3
IO2S1J2O
7OO647MX
S1TBJGP9
SKX5MWN9
RYR0BDPW
OJ9DA5UQ
A1RWW07J
C6VOX1PC
V88SCCB8
DFDX8HHG
1RIUZLPC
O91POZOR
4UQB5JPL
NMH1GEAF
MM54QOYK
OFBHXSQM
7SV2MZS7
3AAXI2J5
M5YAPYI1
DI9E6IDA
GZAKMH0W
DGGPHL91
NT3M6XB2
A1G0NS7B
5B2ZE2U3
TI3F32FY
VEJEBSEK
E28WBRB4
DK8QSX8M
WWH84MU1
5790R1Q5
EN0BD5KI
J28QB5FL
N4O16DRG
C6EA2EEU
MCH5M7MF
W8LJ1V09
N4OGNRTM
KFPAQ8S4
3MTKY7ZH
M9M8XUFQ
8ZD7PES2
8BA58RVX
L0611ARA
IBZ6VJHW
FO5KPJD8
HJ2FKNK0
ARZ8BEZ3
HLTO28PX
MGTP5I8H
QGKZ85RH
K1M2H0GK
62RYU9FS
IS5Q9QBO
DNA07LI3
5YR46Z5W
LZA5235W
VQINA28G
0CKA293W
RAB1WFZD
4B5MU683
4I7NB8C1
DS7XQ1GQ
UBG9HZFR
PY6GKLRA
QO1J67V0
4BDVWLOQ
PWWDU1Y3
86XYCVAN
V513PUBY
T3QRDISZ
FVQTN5PZ
WVNQ3RE0
UEIKC79E
N34CQ46K
B11CU4OF
DF4XX6MS
JN8WPQKI
K3N04IKZ
KO4ZRUEF
571E8KBK
1DV7W12C
274JFZT0
T2I2ACBB
U2EQ10D0
EWAQKYZJ
PRD76HYJ
IVCZSTXH
K36IQO2Q
KT44CJOG
W9VI6SAK
J74TUD82
GER7NYKW
H5OGIOTJ
VQ4NV1K3
BP02LO8R
PXPH08PY
CNJB9GS1
5H02XJ7E
UGYVOSUE
9O23RKZW
JU4HPWVN
BJIOEEY4
7PLXSUJY
WISO9MMQ
MH3VN0YW
G6MPBXSI
50TI28O7
CAGRY98S
VF5DGU5N
NVUPR6T9
ZAYO8PD9
7IYPQZIX
Y7EQZ0J0
NW30UF7U
FRYV4LMF
ILG6PQ63
CO31SSBM
MU2P4GPB
CV8F78A1
ETJ5UXH4
ZRL6S2ZW
G1CPLLFZ
4AD35UXO
XDGK159Q
IZEMNTXE
QF2ZCQFD
5C0LUUD7
PW271E3R
264T7YI6
BHBDSMJT
Y4W6JCD3
OA0YMUTQ
XR2P7TCS
7AYRN7D9
OTP7XD05
UC223QLA
61NSLIST
CABZKMTG
BX96C9UK
B1XV1H4V
ND5WBCUF
4BRDFPED
D18JVUBX
5V45LG9B
0B1D8WPT
63SISHU9
2KR859VQ
L1XXLNRS
0A0J45SP
0A193TGQ
ZM5OJK79
OBDFD83H
M2XI59C7
BMMAC11C
R3V2OJIV
Y402SGCV
1LJLQEBA
25FFD5BO
KEANB9QP
7FZW8RBX
K3EEH7Z2
PUUU1ZUZ
0HWQ6CM4
07CD44PO
6PBK14Z3
S64RFZ7Y
45JMIOIC
NZ6CP9DU
8JSL2UVC
KIASAQAU
PAN7RTUJ
XLYKC9GH
JW04BQOS
6X84MMAD
2RRVV8F9
PD4J3ZEY
EP1DYNXF
L1VRYZRI
E53MZVKK
2FBTQXRN
VYQMDHTU
5HUOJH3S
TKLGGXXW
5F63Z9A0
PG3KM6BT
S5DXJPI5
4UTXAP4A
VZJFOXEN
3YKFOQQB
8LNYKMVJ
0T8FW6G5
20BL45B2
79QUQ1VU
HAW5CZVE
9OH7XTWZ
ZPM1L7HL
GGUZU5NF
IJ2K883K
WF115SZS
WTQLXOH3
YMOOKAP8
AFIBFRBC
MFVR167D
GVC08R2C
6EH6YFK2
B4E1VRPY
H9QO656Q
D2Y181K6
5GICFPQA
JLMO4W4P
HRC7PNBA
VH88VT8N
4M73UD1K
VMW9JML8
QR5FJ2LX
7SSVCR01
HEBRB2TF
BBIZCXWN
SPW4KWEK
HBY8ERH3
WMCW6YCE
CBA05Z9I
S4YMXKF9
KWQ1UZ91
GMDXNH12
LAZR8UCS
ON4T0F59
MCLQ5WOV
PJVGQNVY
0KPR25I2
NA35MHZH
SJTKAEE8
4EWDO13V
SU0B2KYV
VGVAJEEH
HARTEYH7
I39FHAUG
SDOTUDIA
90BZ89EF
CYO80M57
I9BV15OS
QWNB6HLE
R0W408ZK
535VHEST
32B7ZPCQ
PFYH1A68
W3XMWSZE
YD2PR88I
NX92EXIX
9828R7AK
2WAUZONZ
E6TZX931
PNNBJNXL
CI4IYYWN
327UGC4C
J24LUZ5R
AQHEW3FJ
ADVQV4DA
9KI7H4SW
Y4CSSCO7
YWR0JO55
PN059LCX
CQZSL977
5YYAKJQN
R4S0RTKE
ASKEXY3F
JC74YAIF
D65UWWVI
F94F36IV
08FGBO5P
06RVTLZO
PAM2DIJ1
6UZ4T67D
IGYTVZGF
B9L0UFC6
T9XCDEE5
TAX9X6YY
SXPTGWTQ
YI1BXYZ1
KNPUD13X
1KQHROSB
7I3PJSTG
O0XHEGM9
IR22DSNB
6G4ZJWBW
M7PV7JLQ
XUN0YYR6
XXB780XI
1TFDZV7M
7XZZ0U3R
LTR0IHS8
YOULL
WFEI0SIJ
F50SBOVP
KI7E2G7T
EGAD6GLL
4FOQQZ6U
AJX5BHJB
3N0JRGE8
Q9Y4ZLSZ
W7NWUOCI
ITDJCT21
TO4RXEBM
L973G9TH
FR2S731Y
YGM75EJ0
JOI6J011
EVDTSZ88
SHMLUVZO
3SGKIQG6
GL47NE85
1W8YWNM2
BBY871X2
IPA337WM
HUWF7QVE
QY7X7G7V
4POOHJSA
FAR
7P9DEKIX
06L6N44D
6YD5VM43
03ALQLCL
PV69YTJ0
0NR4U1EJ
QJA636RC
DZIW9O5R
FLRIP3XW
3XC7G2Z4
UTF8CWRS
NTO3KRQG
QNKC30K8
BT89F9VD
FXKZUGG1
VAISJSDA
D4WLNQ22
9T69679X
VK21OBD7
UP0XZ8N3
Q4N9WPTZ
W4I2ZASY
E38YPAD4
8NRABYYX
6ELKD8CO
3XFV8RNQ
E2QMAZ7E
7P9QPE2E
ZRBMQNTG
IN2OUWJK
5EEEEOPB
2RQNGHFT
G0KD3TPB
PD3KHN26
4E3HDTT3
XS9WD7JM
2JTZ11B0
UXZIF65Z
RNKT0RXZ
ECUS79ML
YR4QX04V
55XH805D
QBPL8WBT
DKPJ747R
T5RJ9C73
YB7UMTRG
AX1GRTPH
8HLE08AM
XL8J8W0D
ED5PEHOQ
CKQG96GZ
SDQXW3YQ
QESDH0HE
0579FRJ4
4XRCJQBG
LBFLV3T7
2FZSF5CU
8X222QSM
IVZE4FX1
OXBJ3U84
CZSHFT9N
U5HIF7PN
CCEH8FTW
G2DDNQPV
TYH7W3UK
10HVM1EF
P1IJSVNV
NL9S5ZD4
X5I42O4G
Y2FQXZIU
FTJPPL1I
5OKP4OR5
RAEIEGIJ
3KCXX5TU
UQU93MWS
QTAN16MT
W52ZP789
Z7QR3MRQ
V0D7EMX8
UJB3E538
2Z95QY73
W2WYHOI4
C66IHWBT
DKV9VFL8
N3O8FK91
0W1LWQD9
3AD7HGAB
IOUBYU30
PLEWMBBM
BDCY94H8
KEADKJLR
85MVW5GM
OWWIHHG8
LD09BIVF
7VWZNEL7
9Y15OLUI
AE7TENBY
WR3PQTBH
5AZG4BT5
EECM16NF
BXPE8RDG
JPWZFRV4
AGEDJ1R2
D5Z0N09R
SSXGTNWR
WKMXQD3W
ZYG1LKIY
BT9LX2YD
8S5K8JQI
CIB5YXHG
FRDRL6IK
NT5QY3DS
9YAM73NB
GEGTVW4P
EKJTNEZK
CP419LUE
39SRWPPR
JNPTZ8XP
OMYC2L7S
ZPTJEHIY
1HYT38HL
UA5UTFUC
G75GL1Z5
HP8MRBTJ
6ITZ99Q9
RQPOSUQL
7HE3G5NV
IEWFLTBY
SPNQYDNE
B44A65V2
GUFE06N5
S1TJVPX0
HC0SRS56
1V382ZWL
5WQVGHMH
KNUINEC2
LLQYNOT3
LVVDXS1R
12D7NWXB
2L3AOK3M
YBJE9VX8
21SLYGJB
HZWM0JG4
C9H2292H
Y1RCR23A
KHBKK4E4
PFAD0JLF
KPKFXSJB
PM5NUCYD
GADF4YMV
0XEPUDBU
JIVCFAF2
5DZJ6JNA
2AHTWTOZ
FU6PW2KM
QMKQ4RBF
VF1BNRE2
QUIP7WZI
G11TO3IE
73ZOMCHE
11FT84FA
YSNIEQBI
M24M3PBW
HFWOOI4M
QBQ2UMAX
UR0BLKX1
IKP8V7VB
E65KTXLE
WF2DT36M
6P3A43EV
BFQKUFVE
8JF5GOUJ
GZE3XYX0
MIAA1U9P
J3TV0OWK
FR55J8TO
8HV1HGCH
2WM322P7
8KTYRIG3
PY2PJP4G
X842F05M
RP6ZZ8OB
96SMCYV8
WMMIVMAA
NU8XXVCG
V2L514I3
6JCHTNGH
INZBN4QA
FTD3EIEE
AOQLLUMB
T8FDE24V
TZOPECG5
UV0W5I1Q
BBFXE1TV
JH0RZHCT
OF925O30
VY8PK1TQ
HU2N2N15
8BSFJ1KN
J848C6RI
71W9U96B
CG2G7E5K
JOMOPGDI
UCLPKAB6
EPXD7JXY
A95AY8NZ
75M260UG
G10XY1RF
WR8LPT6Z
GOT
XDBRALF2
ZYHBYK16
2AN88CL4
61XDZE4D
UVMMOT6F
XNG51NEC
5C4SMPVD
Y9TKZ57H
QK8LEDXY
PXY3Q45I
TBWUW8RY
7EO80YNU
DGR8KVP5
8P9P52QY
LUKT3XON
2H2NBSGP
0U8NL1FC
QR4T1DTQ
JY6NNLUH
KIRDM936
A510M7ZW
PC72E1FV
GJD9DB8A
49KXZZPZ
HCIY8CAK
0Z313RXJ
ZSBPZAYW
Z24KS44G
IWPF2AWA
VZLBM7EG
3QHZOMVM
6NP1M6SU
FZYMHOOE
XUKVJ4YZ
7BI0661D
KNWOWRP3
109ZPVI8
U2DHGSYP
NK2SZ86O
6I4LU776
IY3WBJ99
BT0S0EMZ
AJNZGLDU
4JFVT8BM
E8B164D7
6LZQR1DR
6MZ8ABH2
GQRCMC9I
M894R6EG
QKZ5BZSR
B1W9P67A
N0Q6CJLX
QV67M1R2
SGBV20BV
626N6OME
2SIRRDXT
F9WLUSA0
MACG1USD
EDHP043U
PK3AWUXH
TU5LPCV3
QMS4RV4D
V0IBG13C
WYAK2M2F
FMJAHT39
OUDUBQ7P
B6W73DH5
H78ONA5H
ONMWJJK4
K2TOM1N0
S5XS778Y
AZ05D3SP
LXA22193
UW2XYS92
8430JDZJ
436V63EJ
0LY3VUYV
Z98EF7Q8
0NSGFANW
1DXN2685
QL7TQ3LI
GAQW7HVX
6YXZI6IL
FSVECJVQ
ATB0J293
URNLED2K
EKZPAQOL
CMTIQLNT
XSQO0RWU
SWIFZCJ9
WU8JVJY5
WW0YJ91D
N1BDSDJB
0NS0K7DP
OP1RCARR
J0LCSJ1Q
7PF5LGBT
ERJKV3MD
V0PQLCFS
OVMAS2AY
U6LM54L9
EO4KXOBR
K796N5P8
MGCXAAN4
IOY5HV2N
NI8RNAUD
QZ3KDBTU
IXF36DER
J8MMPLOL
RAZZMHBG
M47O0LMX
MBHZI5J8
M1GW4NOJ
LP5961B6
QSSHISLG
BVZXDMHP
Q57VV1PP
PJ3GDCW6
P27IWAA6
0GMYWBVP
Y8C7UX4P
BIRWCJD0
HEARTBREAKS
RXWR1D5C
Z3AZ5YRP
XGGGW4JJ
FEJX32LR
AX3LCYAH
E4XEBC7L
SVLHFYXJ
4EGAD6IW
WEYBVNHX
YIIPSV32
PDCZEZTC
8QOR8S4T
B2BINYWO
GDCYHHSN
HZR7A4DI
TAIR77H6
PYPU7EWU
K0ZYHJO3
YUE0NOAX
GM68RK8G
ROCU67SH
J8BRYIFH
U7I4E98C
T579NEUG
9LHTJV56
20XJPOBF
1T4578EF
5T7B08LX
Q9PQ5VQ4
JB6SCTNM
7T8MH4AI
OS45SKS3
UZF5MVZH
NUG7WOY0
5428PWIL
FY3RJBAX
S7GTBD8K
TLSM1MN9
TBUQHMH5
1VRO0NOU
DUQ5C333
337M2WNI
45V3KSY9
9BED5UGW
70BJAKMN
J6ZKOGIU
DJBIEYLW
J6K01J1Q
GUMRKBCN
JKRIYMG6
FPYSK9GC
U75GE1C4
7D63M3ZX
ZSJDHCO8
X8QI3OJ1
209KDH92
ZT1H534C
N0NZXV1B
C8BSB08R
7GXJ5LDR
SCBGTS7Y
U81NPOF7
ZT4PJ3EP
GSL4USIU
SJ72V9WY
F42ZI1PE
TYS3A1WT
01ZI4EN2
F7GXLGGJ
ZBDU8WZM
8QYUF972
ODODP7H6
JZ3I4M8A
HRVK7X37
BDQWXTCN
TRZFJJYK
GRMPTGFX
G6KNYZ9E
3Y0YVAKH
A5FJXHX0
F2U0IXV3
1DM4HHSN
SMBXFS9L
3UDQHYPY
VGOZUNQ1
NI22UBNA
Z1N9M2PJ
OV970VT6
C45ZJFQI
9B5EYMGT
OYECGP1J
WO27XLBD
8HA2VY85
6C86WWR4
KQCU99N6
Z1S47LEL
2DHPGT2J
FW70TL82
TUYX0URV
RA26H7PJ
QUO1Z8GH
JVHUZMND
EICA4F6X
83XICDTS
9BQOQB47
EW
CON9Z8SA
5SVPOHZH
0M7Y5MND
U3MP7XAK
W7Z33EDX
NDKVPDXL
FPVQQDGH
ZXN0EAP6
0F9ATCZU
ZYKIFBXR
DWLML0IN
6VISI2O8
PU4V7EIV
X0ZBW11W
O3I80JGK
FUW16QSJ
I3BFORIR
P6BNK6AQ
292JIWYK
MV9YYOG1
WPU27EPU
EQH6SIVG
47VFNP0E
7XSXQ3VS
7NWQ53GV
6OR2L70N
S913440R
85WFJVVC
URC0B5W5
UHTPWJ0D
5XBJMU10
M0ZYIM7K
YF5F6Y9E
HR03UAWP
G8FNNF2K
CX15BL75
N70LA7KD
6LRUYL72
C4KS6CET
ZDS3O7T7
M3VCE8IJ
9ZJCWYUJ
EAACESXY
FLF4VU49
OR5N95HT
ON3PRX04
96LDJ87J
3HU02U28
PEB38IX3
OEHFQ7T1
4DTQNHDC
MQ5O2MG4
O8NS80Q1
D2HV98PX
TUUCAWWI
55Q0F1KJ
0M7KOTWF
8EL3MM4X
XRW7EHG8
VHA3XF3Z
SWK7E7S0
4WLU4YJY
Q090UIOU
NBSZX0DH
O1LRHZDI
H3103EOF
EBXA313W
93PRJ3WY
XX7XSJUD
DL0644EZ
REGKHIEL
8WJZ9ODZ
ZXIZGGO4
0XTF2TUG
JP2TGGGS
JN2IZO4G
48H4RG9R
OCWYOH7W
IV9XW0AF
J0FENVI1
T1V3ATLD
IOWXJBHZ
STAS6TKI
ICLRA9XF
Y1OHZP9A
QQZOV0ND
9RVGNUD4
CN7TYD4X
JQP7JJBR
CE82DNC4
KC65E68M
BI6BINPH
3JV9GWSC
0BKAJ0DX
RE95W9WU
C7PC6G8X
236UIDYC
0DNGESJT
ZCVZYG8P
3CCPS25A
FLT4O95J
UYCJ7EKG
XASM6F67
PUC58KTB
5FSBW0FS
6S74ZWV8
O33OB7SI
KF35UUW3
E7WQM59D
VLEXBSVI
N4UK3G5X
SPTSYL0F
82Q2APAY
E7AX31LB
HP8WKDKB
KOB4BQ9O
QHQKX3CJ
1H5RZ292
G8F2PBIN
VVO50MSU
DW6VK23Z
8QCOMCJF
HWUPPF0Z
6LFIYTUP
HSRS1PVF
7LKC5V6Q
TN01H0RY
0BK4B2O7
NOLZIEDE
EBD67UFH
KS15Q4NF
08A7TNHY
UIAFQUQJ
0VUBZO5X
B84UG2VJ
Z3MCRGFO
8WBW5HPJ
YIT9CMK4
9MSF8BRI
1P1A6X5C
8XX3T99E
STIRZ815
MAGBRMJ6
37150ROT
Y6UW8AGY
SCFL8QNW
Z8O10LDS
CBJ6S0L5
1JYB9OYD
HS20HH1I
A66NIKJ5
HFJ4LM9I
POGXF9LT
LFLLAIQ4
LAISYKV7
XB4M6C0D
5JB0NNKD
GFZMSYDB
5DUQHDIW
ZW5SBBGQ
UG2XB9TJ
8TGR9PGT
HNZVHT2A
RKKEX6KO
AA17JW8Q
OUSQRQQY
GSFM3A03
J7YIXS58
UHBPCXXO
02KUDOHY
WPX1TAX9
X99M22PP
016W3466
9WL5N2ZO
GNKL9LAD
YFIXSBR0
OFRC1F70
5QM0GAB1
21LCP9B6
T0H4ORT5
SWZXIZHH
HP1UY7N0
VBSHKMCO
XGN8TA1V
IU2HKSGZ
U160IFAT
HKAPFL8D
RLXNSHCG
8JQ5GVLB
67KSKFBM
W45ZOAF0
3BG6SLXG
V9VYS6G1
H0HO0LUI
DO6B3H32
GKFWV45G
X3B3SABV
ZKHAS25B
AAV9O2RP
OHU1AMT6
BQB02Z3A
ZJL8QFWC
OM0PG0MR
3I1YFSF9
Q82C2W4W
DMVDI5IL
HJ0UA8BY
54K861PW
7PDYL3U0
V6XWJE1D
GUXE7R2G
J6EOW7A2
3GM345SR
035ZWGZF
IKGFS3VI
8LPFD5XT
TN8JAB3T
QTNWSD9C
DIEQWNA2
LQ3HAQ47
5OQZ6QC0
IQQWW2R1
MLKQ0G3P
BPWHFPCS
255PQI29
SJ398NJ5
PXDUFPBY
WDTXE4CV
W2DECD9G
F3C4KZ4W
E7YM1E02
F5MQ990R
HYXSELIW
0LQBYXZ4
5Y6ZIUBE
J720THNK
5MH9MTTG
MEOIMN5D
VOPZFBKV
NUPNTCIJ
HKCFLH4R
02H5UA28
XJRSFW6A
QNGQHSFD
LLRBYQCW
1WVPC3O4
I0OK8H2E
O3U00QW9
0ETLVVVR
NALYGM56
3VXCBK51
NFFWDYES
LBJJ1MRP
3ZG6PRE4
EWV2WHLL
LA0YYDZD
QVE1LQVH
RQHH5HVX
EBWCRPTB
MB8VBSIC
T80JGO1B
D8ET5XMV
ATS3QH9G
D1XZR81F
5651UZ5B
MZHJOWF5
1GNOX1UI
O2IU07Q1
8SESFQAY
RPNZT7Z0
FEDM2VG3
Y868EG40
R1JUKK5B
7P1TN0IR
69TV6JMK
12Z9AJHF
2LBP28QD
QO582POF
E07UZO5W
HUKU3LM6
EPE8ZAA5
X1AD6MOX
4C47QE3O
M64DTLHM
4YO91M52
UURYFSYE
H14VTU61
PTNVG17U
QGUJ60UP
39CCWLKS
KS4HJX99
EAPYGV7B
QLURZZ1X
FY50SCF2
WGO28NBF
B2S4PTNL
YHI90G0Q
0V9X9PXQ
XJ8J3NVF
1PF92J9L
R9R2STDR
OFO5C2WL
3RO7H3JR
G0T4RHF4
H0B1O5WR
QJXN04BV
L3TCDFJG
42MZRN1Z
HO6HMH0C
DIDNT
V70GFLYF
6UUFGF2I
C1GMFNZ5
P6GR01SO
WWPWKD63
1YLO2OGS
3T62EGOL
50067HIB
J56ABL1S
DJ4LP3KF
0C7WQK16
MBECAAUG
YFCEROJZ
2QZEBKQL
NPIVZUK4
DG2ZPOZQ
X4DELLN5
0BG59WOA
2ABP56O5
PMJUQO9C
IXTAKWKF
NX7R801Q
8OEPONMR
LNGTT66G
ZR4EK3ER
MGTDVYFQ
JDK693UM
O88Z1A9E
G97SDCP0
R5GFV8LE
5CMBKFML
8BW0WQEP
MD200S1D
NX7DXXWY
D6O5NDFX
JL0OBT8J
EJDPTKFE
FW2VOD3K
BD7M2W75
5GI7391N
V67JGT1T
READ
2VT58O69
4AJ31SDZ
G32OFVPU
0M87MQUA
ODET4L4R
DQASOY6Y
3ML24CR7
OS2XPXLV
8TA5NNOT
Y4KA5XSA
Q8T0OM08
G1XE1AIW
KV2XS88N
QLW96TGX
K19WWXYL
MHXPBC00
O5UT6TIP
WNOP45M9
OIO65XJD
6Z9WVD7L
S14SKGK0
DDI64TSV
W29V5W7P
ITDZ0KAI
7UE84UIP
ZESL2KVO
I30ETQEU
C1Y1GF2I
VJVXA178
4PR5ACDP
0RUJRS7N
YW9H86GY
5S0KG2RD
FS6XKJMQ
9VDGBALV
WPX2NP9Q
SP7Z7SUD
BK62L6OS
940P4CTF
6EWBFZEH
Y369GDI3
6MDE03J3
VF3PSZHZ
C3ZFFJUN
NFOEXLEM
IOLTAG3N
UVGAABSV
80DZJCNK
4VUWE16I
Y7QFTTH7
OUDW37F6
GVUDM5KZ
PYSRQIFN
1ZLLDU9N
RWKS7EDT
VTUGDM61
60RKS6WU
DHC8593D
SMIKAK4X
NQB5P4LM
TVSRPYTQ
STQKCEAL
PDWJCI2Q
0IVFUCK6
K7H4EFR4
X0T37S4S
G7WNWH8X
SITPT6VA
NW23DNLZ
IFMTYFK1
MUIB5GL9
OYF7BE60
RZIBWILU
5CELSJLI
5ZNAWE0N
QVEEE9QG
N5LGODIY
I6P3Q4PR
KCO1HQ6K
4GR5NYSO
A1I3QCWX
6HWN3ZBB
STMOI0FK
4JBRZG58
DV1ZV8VU
3TTPJTD5
CAXWKMNF
4193FG52
52S5IB14
793TSEWA
AP6PY9XQ
PIPBOVYZ
DF3EMBSU
35VA6ZE9
5LXYO28L
WU1J4QIL
1RB73784
A90R3P3S
0NVN8JUD
X65ND5IY
R4SMIBW9
41I5TRW0
OZVN7I8C
8849UQ01
3RIB3H0B
50XP1V6S
74BAQ25B
9MET8HWN
KNZV0BT0
XA31BJ0D
9HJO6WO4
79365BFK
X9CYNHS7
V7OZT91H
H7XUYSO1
B2Y1HL39
8Q9F25YK
6YXKIE1J
9YY8NDK3
B11QL5LZ
G7V4U48F
M7NIB5T2
MC4I2IS5
21UVVCIY
NOUMMWMZ
J8I1RDVY
X38MRGX5
IYI43XUA
3XL8CW1J
TOW5YW05
U78M2WCN
LFDK00TE
JKF233FK
WPKVI8TT
49XD92T3
Y4TOEBL5
F5H2KXE4
33JYTU2Z
L6EDBGC5
XQMT79KP
BL8L1L6C
L1ZH3R9D
DDAFJFF2
3L887LUA
JTSUSPCD
QR71MZXN
BT2CXH94
2YB6NUSM
84R45M5S
U6RJEBNB
YGUSA8ME
KCOFT7E1
BR8AVFYH
3ODV4M0U
70BFLKU0
WCFRP8UQ
TTBU2646
B9R8WIDO
GSHIA33S
PWCR4ZQQ
GH8SPTJJ
DBT2JGYV
WIMPKY7M
BW1ABIOB
ZK15KJUZ
2HFHLQR6
Z78J3I30
YGTC0BOD
2148P7BD
HQK5QQV0
PUUHJUS8
0IG6ALMS
IF5JDQF1
SDW2X050
R5YJBJD6
F5EOU4DZ
9PMGGHJK
E6BTSTVH
ZI5Y52CF
QPN4KN1X
OUP2D6O1
08N2ED9T
CATCI0FJ
VV1960V3
05HWGOUU
3UM7W49K
T3QEAVK0
5VDJISPS
FXYVBKDX
01EXJ5HL
95MT8DOV
LI62EVT8
775WU73D
M0PI9NUM
CABDCFL2
8XQ24C6G
BJZU70E2
CSXEX097
0K4XMIG0
QPQAIYUU
OODWAZ9I
9X9WVOIT
PWV44VED
WGD3BTCX
HWYDHV13
C8U2XDAZ
1UP91VMF
RJXN9O1Y
VFMZG3TB
N16A80D3
6AY2OSFN
B89THOYJ
F4X5009W
I4GAFK9L
O2EZPMAN
72GU27BJ
4KL96TMZ
SQ13BLN9
BLSPWW01
WLGGZP89
QIXXZAYX
4SJY84R4
MGNENAWJ
WYY3OC0F
WXV9ZIGP
H0KSFBD3
7QLTQ1IU
TL8V6LCL
BYMLIUMW
P32EX2T5
31I5J5ZY
LJ1BHQ04
H4GFQM86
9HJH6PQH
NBZ6AH59
0N6Y0R4U
4GTY2E9C
T15SSZF9
MRE44YK5
VJV19530
QIKEP1WE
V3ZNFTWR
4CRQDVLE
R72238E2
QO8JUZCF
W6H9RJJO
BH1OOMDV
7V8TE43C
2UGA3Y39
EE5TWRZO
R7VICA8L
WU8GWJ5E
LCO4NAF1
8AC16LSW
MHA7TZZ1
WOP7MLMK
G1DVEGKH
WD915AOT
OUA5KEV8
DUGV7RZ8
04QQCF8K
FGCI1K4K
22ZZVYRP
ZXAPFC3K
318L008L
MTWYD8E1
J8GJPGUV
DCZ5P73N
GLI3VKVN
VR5AN8B8
LWQ2EMZ2
CD728IFM
5VXUF884
9SBF3X0F
V2MX69AY
P1RNEZIG
HDM4D3JM
06GLJTE7
2KV5Q3B9
BPO2FGD3
MSYQ3RB2
VTX0BM28
Q7MV56F1
TM8DA3UP
JWXJ22NZ
2T47N32S
Z89IFH66
78GVGXWV
DD8SCV7K
Q355ASXN
LIGY9D3E
TPXWLD6Z
478JJC45
SK93I7TA
F20AOE6R
LNHG7E1I
BLIV7E7Y
RXYDFMA9
FREE
W1N6Z89K
71UVZ4D4
998QFW4P
L5YJXZ78
R4LYVZXE
7T67KULQ
J13N5HQA
BUI1424U
GMG2GD1U
A4K599EQ
AUJZNAU3
MONASM6J
Q74SL57O
4K53KQGJ
CG68X16J
DIPXPLIZ
O74PSO8V
LWWLF4ZG
XS8CEHCN
615LV21X
2RB7LV7J
LYGMZA0U
UNQ2OFRF
2LN25DII
NQDXJEJ0
05I0DEEC
ANNWTVZD
5JKETE29
N19R6Q3W
5YEK5EPB
NOQAVJFZ
KVRUTBQQ
EZMU7WJ3
CKZ5OLX5
CDPXGK3I
CTQ1SI98
M15SQ737
BVRN254X
UGNBCFO8
CHOPUN8H
R68O7WPC
G8U0DYK3
2QDKS93N
TA6RIXD8
QQOBVU14
KH85W95R
1G9PGBUS
1A1GAONP
FVABD5PZ
YDEXBK8C
V6D232XQ
6D0C4MDR
DVJ2P0TH
2ZLYJ03V
RKS740XN
NZ67HOA1
CFH3XP94
1VN75P0X
AYFSN2U5
MH8FYCX2
ITBS82FE
COVRBVMC
PBFZKASL
JVJKIILV
APCAMYG3
8X0MGK6S
ISLMA87A
5P5EQG45
MQH829GY
7WLKX5W2
R89WGSZE
HU57K2VV
WH61KPUN
NQ3QI16X
CXZ4PEPY
BUY4WSNZ
HD5ODS21
CAZUBLI2
WHCBLR1G
YTUFI0HQ
ZM7S4OVQ
SGJG8KDQ
K0E93S72
WIQ1PCIS
58F8THE7
LAZO2P4M
ZAY3453P
M3936K7F
J9Z4NG2P
FG4AQOU8
J6W0ESRA
5F0OY6MC
I067OVC4
W4A9OD53
U3N1SLLD
63J0A80I
Z6J4QFP7
S45WROT8
MR7YOGYB
JA05LWUQ
N10YTOJL
7766R8AJ
KMFAXO3F
X9LNS8A9
2KP0ZQUN
GV7UY3YL
6HJM9GRY
94YF3YKT
E19MYSJ3
9ZZ9W5L7
260YSB1J
OILKWI1Z
WRQ5UL5P
U4I1JSCY
24XWFLVW
HO84U09Y
XE5YZO97
H8L9YDJ8
5HDE4SWQ
5NGW1GPZ
U7JH3Y91
LSZ4QB1P
DEF28VHJ
TV7GLGZD
KC07UE3K
J22PODR8
W0EAQG0F
CBCK9VN5
A9ZMPOIY
ZZI5LMCE
NCWVJENL
UK6AWT2M
1IVJG4M6
82O0HD1W
QCZKSHKG
45N4DCMV
XCI3T7SL
YIABYUIA
3PVO5PM9
WCIP4FH4
74CQO6IX
F7HCGKAN
H8JTRCLX
S2T3MW4W
A2BNU3BO
JZ5HNU5V
9P5XKJTQ
NYZ9Z9BX
F94IRO8Q
M1K79QJY
3H12V6U5
A0W9E5B3
SA3FMZ4Y
WLDCVFRF
3CL6DW8D
EZ6STFNB
4JZZJZ3I
PQ90PFR3
GJIFAYOT
M4GIORTW
FS8OBF2W
BA7C30D0
SR2BLHZG
31IJTK40
TU2MDXRX
847VCUID
I6MEYNSN
GU59MQIB
4F6NKQAG
FEELS
ADXZEXE5
V4X74RW6
LXRM5VU3
OAK39WME
CTGL4BVC
8Z0F7WCY
X67RTD7P
4OI6DS7W
GDXQKJ0F
WFUMAAUN
U7SPE4LE
LERIAAQ7
BAQ3MSGG
JABIHYJJ
QIJZQFHG
81VGKW8D
HITVJ4DL
3J5GDHYS
Y3TX6HTZ
6FPIS22A
QSFD89ZS
VQP2WLBZ
LAEQZ98Z
X5GYHOC7
RN0KTGFM
6FMXLRVB
K2A9NVTN
SZ9W647F
DTXYOAAS
TNN0849K
MH7Z6CZB
9O3B2S1M
4PFRFQAN
2K3LCT9A
18LJQO7O
GGGWDUB3
K7LCAGBO
KO1L2YC6
AJSTS0IN
VUOH5II6
RSCMEQRG
L8FHN5CM
Z3CAS6PK
5VIQKFKF
UH1TGFGF
5JHIHL4C
XQDUV8XM
U1B6PZP4
I0M2EZAF
RZ4GD0KA
HGBQVTL3
CTQ9K2AT
SYIPXSQW
IW93V6X3
5EJ07V56
LHLEIXDW
L9EW7AX2
F2AC8PMU
7EFJI6S1
WRPIN76D
DSZX8M7Y
A98DDUGE
YDV15TWA
5Z6GXQPT
A72LXRQ1
IA6P2N0N
205CPTSX
1UJO7QEO
HVJ3DP5W
6A5FH8SX
V15RI6OS
26E4QOS2
HPABL0RY
ACEC277T
RUMYH6CT
3UXZR027
MT4HFHGN
29Y9XWAB
8XH5VVRU
9VUZXPOL
HP3SE2SO
RKACZJZ4
9LSIBNB3
GQV8GK18
CFEITPOB
LE5R5SKX
H2B6ZJQ8
J2GCVNXJ
FL8XVHDG
QQ3H2822
YYA3W2OD
6TD9UIUD
1USCWRWR
VEW2DNSH
ARTCGJ2S
JLK1S08R
UCQHIMPA
6OTA84U9
2XL7BY1U
6G12XI2C
Q207DKXL
RABQW4BV
OLRMPBVF
15FVZ670
F7415COA
HUT6X76R
T2HSVBS1
JKS6OW89
THSN3VJC
RW5ZXRJG
P4AOCEVQ
SX1XYN1X
C2C9QYGW
7LSKNKH8
DZWSDMBE
ZTBSRI9T
OHGM7FT8
VPZCYSET
MG10IH4M
5HO57MDO
F56EXLPZ
1902WPZC
GYXY9QU8
QRISSQUN
0XXTDMPY
41URL6S6
7PIF1UV3
ZAIQV0LO
WTCL5ZP1
1JK4B6JW
21AV2EXV
KVQKVTDW
FD7N3TYR
QOUZFNBB
1ORRRVPG
EDSEE5ME
MPP5IV2N
GRZ63Y9V
JN2Z3V6W
IYEBZ3BM
SE7057UX
EXPS9ZSA
EJSEKHUY
IWYTE4DL
GLKPV809
YRTZFY4E
UR6LBA5Z
DOHYCRT2
6TBUB8XA
7Q2OCMX0
WPBJPCIY
1LGKCZFM
0U6G0GEP
D5VGCCZT
W2XY2POU
DYRDO5PX
MYTF62HR
L64CZIXE
G7B3LSZV
TXYIO06Q
RATFVOYU
K8A00IHB
TD7K2PQT
W6A5J93Q
EE9Y2X7D
KWWEXYC5
BZF4UMVP
KPYFRETU
WB6R9GAF
T8CA2KV9
SCI03P39
7WAFCS8R
ORIGYWIQ
R2M9K141
VE85CZFR
C2AVFPGF
LQ6FZVJ0
D3I6W7R3
LXRILHPM
Z2X1CC15
DCNHRJG3
YYHOH8FE
25S892KL
WVK0QLHH
UTIBH0ZJ
D38VHUCF
LVD097G3
7ZZDTI6L
VD6LHL6J
S23WRA7I
GY4FA69M
TWV2YVCM
GP9LLTYK
WYL2IWLI
8HX52UU7
9IRTAB7D
9XEWMKN7
JI0PKEVI
SVRAAOUI
X8LT8ZK2
DH5XT8M8
GCPVZ1HL
6BKVMGFO
PTK617WE
4I4SA5RX
BVX7CIF2
U39P0XQW
HS3M4CM2
3YYHT127
Q3SJ08Y1
2BPQST3X
59BUVQAV
J32D6M16
BT8EPGOV
TX0WPGUH
Y96OIP29
VAZRSMLK
MB9DTG33
GITDN17N
H9M1UW53
EEKWGWIP
6R0FFZJY
FEGH0QNN
GBHFR87Z
VA5Y89CU
JHL6XYV9
9Q0N4B2V
9966NAEX
QN6GXRFL
0FESW2CX
AIR38Y8G
UYIGCBAD
L33FH0LE
YCW108U4
1KJYSX6V
VPKSA6EU
087W7X2H
G2R231PG
JPID225F
CVJG1OHQ
NFTBXHZX
IILOIY6P
CQRSIN5R
ROPCU7JW
JMYN3FGR
PTGIBOK9
VQHEFCXA
XUBR1H6L
2R70I4LY
RYKYGIE8
PX40CGW7
UM513238
EGB1WB0D
42DEVHV5
0LY09LIQ
8FKQIPIV
QU4N3410
G4869HJJ
LV8H1KWD
3DMNDWNS
FMGV0OX7
H9YXLY14
Z7V4F2FA
SOSB8G2N
M5SCSJ2S
SFIKOXGG
2H78BK3W
J9EOFT4G
APVAZRCR
SUWJYGTA
D53S5Q97
M7VUL5SU
K5ZLHN60
J4V0A1AQ
PCH8G62H
XPQJT6Y4
03SEMWKC
0OV97OLS
GQW6RIVZ
F6YBYVJH
NK3AGV3J
9BFRTDIG
GN93P1ZT
Q8RVEEQB
H2XG4UFD
SRG02JAA
UHKPHEOR
OFLATBCZ
VMM4V6SF
BJ7925M7
RBQZWHDL
1J4SSMSW
Y7NV0OT3
FST3JI9P
7A1ZS27R
52BOBXN0
QIPH8KLE
UXVI34WA
IN6WQ4T6
D6AFUFNV
DPO7O5N9
9T11HXSZ
4GU471XM
LXBZFE6W
ZVEPQC3A
C0RIF8JD
8NWVVYQY
NV61PZST
ABZKTX9Z
3D5C54YT
NDO7R1PP
U2HUN5LT
6BUCX35K
UPF6ZYM2
3H93ZF72
Y0358Y2M
IGEO6MEU
DYDQOB2I
2XIAVISS
3BJ6O9HQ
AB69CZV5
L46JYBEC
FCBFQILG
C35HA9ST
WPB81V40
9BBZKAX4
TD9ZZ5J8
EHBNHWPY
ZAYZOL0E
PFI52DEE
Y0Q1F780
I9E55JW4
XWGFTKO9
1X1RMAXS
W80IF7J4
DCHBKWAL
9OV8XCWN
237GT5YE
8SH28HZF
63XP4WE2
2JQVHICJ
3ISJ1S5X
M8SID5SJ
KINC4BU4
IG96DZSW
BQ5ZUH3E
V77VSX2J
TWLQ97Q6
OVHZZFQN
7AHHRZB4
K2UXQQZ2
RJCXFT9E
7SYT2LX3
AAHTHTA7
UL3MUCAE
YH7UTCRO
LVW5KYBD
Z4MXZGEJ
GNDO9SMA
7FMUU77A
28RWDKSJ
U1Y4DNDN
3F5DCBNY
KBGZHO8T
VSREKTBW
YIAO3EEP
Z9Y6MVNU
1N105BEC
LOOK
4KJXRYXC
DTMDIK35
VZNGCL9B
RSJESYUU
B2NJNX9P
RM9S7OCU
FASVLUB6
PW0KSJFY
LT87JFAN
0O2R38JZ
8P9DVCO6
Z8TCC9BO
1HPBPZKM
N8PZ3NT4
WXB49HUX
NZE785YA
8G2SJANC
5D3ABLFF
KYW23SDG
RWT3YS9Q
3PECW77Z
KAAHPSRU
Y3OE3H36
GOFTP1JH
F8E7Y3QT
GTSXVCK7
GBO4JN99
J58DV4TP
SNFEPOLM
Y0UOICZ2
31JM0OEP
WL7W7KPF
VPG99JHE
S87VR8QT
IZMUP4UM
36LRQ6DJ
DSHOR1EN
T9AXUD3M
HJ230QO0
29RGO59F
LW1I5EEV
CJ1XC2NR
1GFLM3WQ
7AK8LXIZ
LS1QEGPJ
09EY8PWC
S4YTA5I5
SG5IN20H
EATTA0A6
G0RZAMOG
MVKYUNPZ
NVI7KBNJ
8MPM85QP
WSVSBLQ8
6DAR0CZ3
2LX650ZD
SVZBLRY5
T930Z2G7
S4EJE9OY
BA6PR19S
FUVTTEDP
2DNOY2XD
HZUK7LF9
KRRHME27
STXGN8BX
F95PT9VM
PWG6QNDX
AAVANTN1
1GNRS2S6
RNCK2TSB
3ALQDAQ6
6VLUR8RD
PVJN58NO
1IVS8F3E
Q14IJG4Z
BKCMBR2M
KA9TONS5
7D7R7DTD
3INXAT0Z
ZAXIFVJN
17XCZMH7
HG4QPZLA
AMUAJUUW
T2AFV9LU
GGI9F33K
Y45RWTX3
R5N8W3WO
XV9WFOQ3
S9XX953Y
5YFMUUVS
05D7SN7O
7EO1K1YS
LL9EZWFW
T9DRFLF3
31IQZJRK
P5QZ5XJG
I05DX7XY
JYP8MEWS
21E8DYU0
ZY7PJPZQ
24EADYN1
C9JVLJKR
GA6JHN4N
EJ1QJB2K
JWG9GUAM
ML42A87S
DEZ524MY
GWOWOW2H
1GNAC656
4ZMHI85N
R65A43EA
OXE3Q2DF
XM5EAXFI
K0866EJZ
PAPKDGEB
55AUFBXT
PQ0ZRU1Y
LYP9J0AW
T921PYES
AFT1RL0F
UVA7CBCO
4ZN92TYL
YRQK6A6A
FFI9FYZ3
KR2VOGHK
PUPUDDN1
Z8K1Z0N5
BK9VLERO
MQC4YEO2
WAJNB62J
PEN8VVZQ
D35K7TDF
9CNY6C5S
S9YG5EUY
P5LLS9QL
2OTUB9EP
16WHITWO
NVHZE3QX
UI4IVQ4W
ESE7OTSC
Y7YZ4ZKA
IHZ8T9CZ
LSN3KXD2
INQWCQZU
9FNBP02O
I8ZQH13I
EUOS1PZW
AFSV5RRG
HJUWQJS4
VJB015ZT
P2TM5MEK
GO694TWA
7NHXPSIQ
CD8W8AS2
1ATYW82J
NYKUKO3X
CDZR5RUC
LCP2QPYE
MRUCLP8E
I4MBY22P
L8M0TTOG
55NIBPZ3
K0SG6JY4
NY2PEBDW
SJ52EIZG
K29UDVNA
YHTWCMGH
WMHE4V4B
30935JJG
FQNURUXH
8AYV7ZI5
749K6B5J
E6B2ZT0C
UD2X2IM2
5CFDC47K
VNFJLGHO
ZZ99EIYN
G8XXBZHK
7VZI6B1A
2FWC2WYD
UDQ1I577
N5PBZQC2
5DXGQW5U
DW371V5G
602VNXYH
H3S477NO
C4M6X71T
SBYLGE5I
83FWEW12
TRL6L91B
300K2ABL
7GVSMDY8
OZQTY1MB
KF5C90PP
R8Z6WMM6
DXC5P8YS
S72AK71Z
X3T41802
6MON77QW
8CDAJ6ZD
SVVPD75S
52CV8ZSA
2O00V6Z5
3PEZ0XE4
7EZ02H65
QTBFQ5RB
2PJPWGE2
BDGDCYBL
C0T6NNAW
MVTV0C3L
31PKJWR4
G3KDJNH3
VWYP2RM5
DW12IQ9W
OO9KRSCH
VNE3CABC
10UO42Q5
DLJRZ4B6
0T72LFKF
WPPB2LYD
7S8XUFGB
JE3AE6I1
1T3X7J92
JT8DZGOQ
ZK7YATYC
LGUO1R0K
CDK8PW0W
K6OGUQ25
OZ6EKY5Q
BZWH107F
T67PPN6V
OWJL11G9
8CVNRXEG
1VWWUO7E
Q71EDE8A
1QBV2H57
WHUEQLF4
WCKSFQ9U
AT9TZ90H
X83IMS5T
2ZS5NI3G
4B9LM0UZ
RJO10ZTM
D5C3XZ6B
XFUMYUI3
00OQ26F2
MQLY00YJ
MJVX1XOS
XC0TIRTI
S1SSU7TV
C795N84J
XUZ1OF9A
KGBEG4TC
BSHW58GW
5ZMVK3CV
2L2962ON
FJW466K4
OPE38EZQ
9PNF86XM
ECVSZ6SI
YPWUMVK2
LPW7IRGK
JOCQP53L
7H6F0273
ADU8O9HK
D6LCCG7Y
205O2FEA
XX6BNGKU
357CJZZ8
NF0DHM11
1B01R6OX
WUURZH88
9YGQ4ILL
8TMX2RMJ
Y1T4RQWI
C12QOOF0
UFHZVN9Z
B94IAB6Q
BV7AZ0YF
EYIP8QV6
51ZDH0UY
ZVLIB0J8
L0IUKKHG
UHBGDRB1
0CKDS54T
6HHSK7BY
DXMX6IU0
HYN2O1AY
VU8L9L9R
KOWZ3NAA
T141JOVU
6ZQBXBTN
RIEAE99R
RJXHV60A
YP4UHLIU
2J3VG8YJ
0428XBU1
B4XX5H1K
E59L052E
ZTGCZAYG
VWAZ6PCU
80OIJ0K8
53P33JHH
3TIO9DEA
J976MO6A
ETIW942J
XK4K141X
WN97BO6C
4ZDCTB84
VI31A280
FSCO5F6S
ZNWIGWIQ
J0SO8A01
PYYEWDOB
C9MVFHJT
QPV7CX67
GEV0THTM
Q66IE9UW
WCV2LVNM
0MCBWKHE
NHL51BJH
TT6NIM6G
31UVU86L
AGLW4IK0
N7OHOW1L
4HVK74UE
AIHJMVO1
PHN5HPU7
YR4S9KEK
09RCY7T7
0BSBJHDS
SLB8LVPH
IGRXEYGF
OOHGGUHC
PCDD2JBL
0I553RPT
ZEF5E6H8
80ULDUA1
PY734GA3
WZB1CG0J
LUFOEF3E
9J3GI5YO
W2QMXIWF
2ZR1ZIOG
VJ03XDXD
MWXHPIXM
6VK72G8X
W1FL7PET
DAYDREAM
LFLHSRQR
LKAPR0NA
JEJ935TP
A9TIE6JL
UMR2HVLX
KOGB5MV5
U933L869
QMVTI5NP
2HU1QUPQ
XKX7K2CC
Y2DZ8OUL
K0XC71W2
6PY6JQ7K
1KKG472W
3CL2V45X
QNBPK1YW
8BG9SBA9
E2UMI8PB
OSR7X5PV
M67P1ZRC
Y33TM6GD
CDNIPNYU
UOP2BV2B
SR3D1HTB
S4A0SZ7C
NWL0D5RN
0ST2RWOE
93AFKLYG
J7WHRD1W
WWC6PA7K
0ZPBYSN5
3WZ0H1Y3
FNKMUVZT
ZLH2TGWX
9JBC9X3K
QJCNXR3U
9L8BA69K
Z6D3J0GQ
ZZ3BA0HN
B8A9NIRD
BOZCAAN9
KRXECI35
LYYX7873
EZTN6LRK
ARENQ4BY
H5SBCURJ
O1DUUW7C
PCUZYJEK
3WGSKIMK
I46MEXCT
0R2UK9PA
1VHJ9GCP
K7HRZINH
TUPPDEWN
N5TWAKBU
IIL730ID
1XGYLL23
61KGMZE6
JV9CRE9Q
ANPKYDGX
U80VFQ88
91O3TVV5
GBJ3NY5X
8ICBVMIK
4EAEVBBV
1K5TL2T1
J9XN320G
GUROZ6U4
S699M2FM
H4KKRJCC
06BQQ5R5
X19G55AJ
VVLDD7M1
AVEHZYK8
IA7TXZOF
931KMKNK
NLBMVU7G
VLX7ZUQQ
VWUSK54C
7YRVG0LA
6TH9XJ90
LXP4QEVP
IYK0BXYG
YQUCDXTF
Y5DLXS0F
60WMH70C
GK7AB5AC
WXEUCTAY
9BS9WTXU
1MD9X4KQ
P6IEAFNO
ID4XD28G
5ORDFJVI
U0VJGMZI
3X6BYTEA
LK30FZJR
VCN3BPI2
UXQOK4HA
N4QH3MK2
46FZ28XJ
5V4LZIRB
CI4I02WW
O6TJ87KC
TE0YXL8C
JJVR92H9
JVGFFP5Z
LW97GB9V
OSP984CM
0L5VUPOQ
TVLQMSZ8
CY9D818G
0WCU0P2X
T7Y8J45L
BG0BGWHO
0THXI310
1UKDZ9RW
B9CWFM72
63GAHLW5
XB400RIW
CHG28MAE
XKWKSHYX
3VF9MPS7
U3EJBUZZ
LNXBBNOW
WN3YDR5B
I4Q59YHA
RC6Z86V8
54UV3E3U
CUC6IUCJ
A75RQF98
C7415BN6
51PFQ3S6
5LWVULSZ
Q6PN6ZW7
HPAUFH32
LF8K508J
CK3446VA
PMFVGAS4
ZR8YX73Z
ZS0U8A1Q
X5KEX17T
WGY9P7ES
D22X3FIW
A3KMXUKW
KJ56EJMS
2NSESU94
TBLYTGO4
QYENS4ZQ
KW2Q0OOR
YADEZ3JA
UBYMOTY9
NUYQQ4MC
AW8SQ8ZQ
O9Z49D2M
U47U8P8U
0LGB4CID
XTKUB3BT
F9NYXNT6
TCVT85CU
3GGFQTHQ
548IAUZH
20FVOSQC
W9KT01UK
9HJ5KU0H
TN8CBP9Y
RCH6TP9B
71K42ZK4
3ODPWGT7
L6TP16RN
4MTAJW0R
NHU6W9S0
MCZDUM7K
3TGWS3Q1
46ZBXSL3
RJMZ0MBR
XJWTP00Q
9XXM1507
R4030VKY
LY2VFDT6
Q00IWM35
NLAYCBDT
V2QBZJQO
BB6G18Z6
2X3GSDP0
93203HKD
0AZUE22X
1FZDIUML
1LEZ2OGL
YAVZKW5V
LF18PYMG
GBL93MHM
NT1OFOEA
I4WTNJC6
7LAD7KY0
LQDQA3NT
1KEPUL2F
RK1LP8WX
FGZPRUH3
77JI7PI3
X8BVXSWI
HTTH5R4L
VTLPQI8F
YMHI3ZN6
XTMRNKXD
GVXE9C89
E6LT5QKY
9IIH8BXF
BPBPZHY3
DFJXH5ZW
4X2UNQWK
K60CMEJX
GA7NE2VO
A8XC9CS1
6MS5YLC0
3AXYJLJM
UT13F7EW
0WMLXP6Z
9PEGW4Q5
D7OJBY3T
5ZR9G3MW
ZBRXBHZI
E7BR2VBH
VPB7XF4I
HWODI70J
8A6OIC98
NNKMXQ4H
4UTC6NGD
N7P5D9DE
M8FQH9F2
R1R9VW9P
UZ0BCFX6
R108OD6S
0UOA6LBS
SWFR42WU
U5Y3ZS50
T0DK4647
ESWKOURW
PG7GBB3R
7JR016QS
NNR53A0I
2QWNFGQF
2YUNJLPR
B8QBWFCL
3QEV50AZ
87EWJXWQ
ZWSMK6KA
EWW3HX5R
V4JNN883
AUVBLP9W
6JK0SQJA
4MLG61S7
NYUJG3YR
3F20KCD9
2D4MIP1J
C7T7GEQL
8JG6JEJS
LA0KUYQ1
DSE41ENK
E2W55UNZ
56BHGVSL
M335YZYH
00Z49DQA
WVRTQJ7B
QC5Q5GA9
OIJVHV6J
8YKEAL7H
2JPE4DB5
0DTDHZDQ
XCNHKJ4S
54ZVG2FX
D46BNZAS
IMK79CXS
43GT78NS
4VHBOA4O
HSYHXMZY
X21I8TBQ
B6OHLXA1
SU3RSLUO
CAXSNJJA
AG875SZQ
PAOUKWNK
QRD7AVGS
QHMZH9YA
D74V7TQW
YM9OWN6V
SBC2ZGIB
XG0T7QVH
Z8K9FLC0
ZZBOEKBY
G06DNJ6Q
BZI3THW6
NWGTUPYW
RMIN8AYA
O6HSAWLG
3EB2M9BM
0W9OR8L2
DVI1YKG8
CI5JGTEQ
K9R6UX3B
DSYDF3LN
V9AXD16O
SDP6PDX0
6JVZL5MT
387HQ0YU
86Z8ZUEO
C8TSV9Y0
8KXL8RG7
7TZ1OQWY
7IMK200S
U8CEGRG3
TUNNIJ9T
W2PYO9RP
MN64P14Y
MC8V7FBZ
IB82KX8E
Y9MPXKBZ
IA9EFYJD
4KWR6XS5
BLNYHW78
534YNMUK
8LAAADJ3
846QHU10
C6G5REFL
GS7H2VRN
OM9ZDQID
KTDUDABL
GBBH6S53
CSC45TAT
ZJ5QNGCL
FHAFBEQS
28MTU8PL
M756P4OR
EGO4MO3O
LKRDQLNW
LNRZNILG
0N7GRB9S
ETSFXH4Y
SYAEC2YF
OAKWMCPC
54OXWL2H
16COSPAE
VMNMDX99
L4GXVASX
FTG2YSNW
LNIZ4BQD
K9FZNPS1
YR04JK79
GYT7GQEK
IPGGFA5A
S2GVEMPB
14LQLBL6
J5Z366N2
8DZ7A2CR
AB1BZLB9
A0XCR2RB
R0JR5S7U
R0NCAA5C
ICU5440S
0WH45V91
RV5VU48G
9WSWMSL7
4EQGP7E3
KFKXVC9Z
QW13XG43
59BPVYX6
ADW4DIDI
6MYCYSN5
QRYFJEXB
BV8XIIOC
3BFP4UCB
8ZWHH6DB
FTL644QT
4S5Q33EC
PA2W9H6J
WBGMG0QA
61FGCT3G
MP0K1CV2
66F1I7UR
JCJW1IEW
0SDTT53F
UT7PB5YR
ZR2UNOHT
JTY2AAYU
XK01EUW0
JEF2SH0L
3REBAHLA
PY6SKRQ2
8X3E3BDD
9CQ9KKZE
P7WXJ3UD
6S8221HZ
TGUS2AH8
JEZDL58E
BZE8XDKY
UZVP6379
HUBG9SKR
V1TYPUII
WJYTVXZS
YQ8GZ5LO
9NES3E4D
HT044ID5
JTOUO8Z1
QW0JR7SC
FNEB5YA4
08FX1XIP
S0F7DN2A
MY0M99KY
LJKC1KQN
WE7CWXZT
80FOPCE7
KZY5X9TQ
111SMA9L
9CH4PVMV
40IT1QPE
6OQA7NVB
XEZO2FYB
00T2OE42
VUI1GZIB
856VRRYO
BRSO6EMO
A3CP1GT5
143AEIFC
WA8JADKM
UIHHD1IX
081AJC65
7NEG5487
8FKEJ62J
8ORP3S5B
DAD7JCJB
DWEO7F91
H8GC1YPT
7HMMORKB
Q65COMPG
UKDFBCML
15SPG3F7
Z5OQ8U4I
TD7DC8EL
1PK70RSH
BLDDPEJ2
EI8J47OG
9X8WF2CM
48VEDC6H
WADAFRM1
SAGO524F
I7OTSWGL
HMV4PO9N
D4DGDY69
3SXDGNFK
YIJGI392
NC6KJMJW
LXKCCSM8
VTSBJKZ2
YQO1TFX7
4PX6ARV0
GD8Y6H7H
G1HPB9AM
KEBT1EJT
7DPH6C8G
WYYRD2FJ
97CH2CT6
BL0X5V5D
EUPJ8IFK
AT4TKH7V
CC1MKCOM
YFLZYUB8
CNYQQZ2M
X2SWK329
T75O61O0
87YIUUJ1
IOWW54Q3
DSN8XGPC
D0ORC6VG
PY3S7FXK
VC8EC08C
QZB1YCIH
6BT7QH4Q
S93TWO0A
FR10BIOE
N439IW4D
9RRQBKZO
DJU086OA
T81X62AZ
PHNCLA98
K0IE27TG
5QYWI7I1
Y5SN4OQP
PMUF4FUM
82PQS9TL
PT6VH838
RCM491D6
IYUN15BE
BYCB52WX
LLM7OXX2
C0LATRFH
E9KDR1L2
K48W3K46
OROOIX0R
UVQUTGIE
BLKQIL2Q
3P3LKZ5G
THPT3KVQ
YB4U4Z40
619GH1MF
EQVJIFXJ
M5MWY0ZL
94FYC7I4
TSUBAHBQ
9CQQBSW2
OWTE4MDY
Z0MDLLJI
QNJAKJAV
LWK2IEHS
W38WEQY0
J7G2CP2O
Y7FYSG1Q
2EYJCWJC
H9BIZWTS
TGK6IEVY
9W8TLCLN
8OMFC6PU
A4VPE2KE
5GZF41ZQ
PYYN6C73
WOWD5F01
APMP20A3
L0W6KIB5
5LMXERRG
UOGIFQQF
N6PPMFCA
LTYTU4MS
UPW04ADZ
JIORNHNB
DNK2D7PC
QEXFD59Z
3EXX473Q
O1TFAJQ1
Y328WO1Y
6N7OWWE7
0T86MU66
7AYG266G
WTEKZ62V
A8AAK4XH
MONTH
R4KTUG8H
W2NQGMR5
XLZH3HA2
OR
4G5F1HW3
9UXROG9B
LY89144E
7XU5RKXY
ER1G0BMK
SU4W0GHU
AF8JY4QO
TQ4VX096
8GCAVXZW
LBDSD76C
OB15G1TH
DA6NPG1U
V3RTUKG2
QAW8NP8D
NO16X851
D5DQILAH
26RMCO3N
EEU3H45K
0JQLG7VM
WI17ZSUL
ZERIXVDP
O4R1FXB3
47SLQLN5
SYWJDS78
Y5N22TEY
DIJM6528
ZR335XIR
R7ZNGRQO
DH7XN9CQ
M0FEFSNP
HEON7AQ5
4DF0YQ8O
CNC16RM1
686OFFIS
CKB66JFS
SHER44SX
YLIW6JB0
CSZOHKRJ
F15P2QJ9
YCBEZ81D
7ST47QP2
277VI585
XY9YKFER
26PEQSRX
X43UY1AV
I7MPVSY2
V1YQH8RN
47CNO3MG
8YM1YUGG
2FKE0D7L
RQ5HEBRG
4MQ97T5T
RBF9CF14
BUCQUKH9
OOEP1BR6
VA1WCI5Q
UMCF1BU5
7VO8Q8JR
2WF0ZMQ1
CL4XIIAH
2E9F7PMC
3UVB823N
8QEU9OAW
LANX4LKB
N4T3H9PP
GGXBVI2F
52IAEBNQ
2Y8MB4KP
FC56DGAK
ZCP9IZIV
9N5C5DS9
GUOMI52R
P7I6U2VA
7ELOHXXA
JU25U1PO
IM9DIR76
2UBHQNZU
RQ4BRGGC
2PSDF7W5
USMVP32K
FMUCLCDY
AZ9DKEWX
0XV96TIT
0WHXYKJL
7SLF7ZN2
ZK8UNI2X
BY5K5PBV
Q130GW84
9A98RCWC
8NYHYP74
BH1C1VBL
VIOVHY07
QZGHJESN
GP3AQJTJ
KUB2O15Q
3NTOD4X9
7WE102KT
VCT8QKF9
VWKUM46Y
87WXNPMM
LSB7TAWK
U0VD7GLE
DXOKD4FY
W8RX616R
QW6ZR6M7
85JXC2M8
OKAH9RNO
ARA5LI7W
JN463IFV
QOVW0UNP
1LU42JU1
LCDSJ5DB
XF6P4C7A
QOKGPUK7
N5FF3AHS
R6802PQJ
G8B7G23Z
AW4D6O45
8XAQZKW1
64MDSD13
RE6LNR9F
3OS6TNVW
LDL788A0
2R1UTII0
L0PXAH22
SZ0SGP8L
DOL0AY9I
4DG3POWX
382STBX4
CD1YMUIF
AS6IZ3LA
KIJDO1HY
IWR5G8WU
3S9Y8Z18
HKULG7XZ
4KUEBM84
EHXSC9RF
WCMV86Z0
MIDNIGHT
1IICI6J4
6OBLC35W
Z9R3S739
MV888PQD
TYOZV446
GUXOW4SS
DRDJC7IJ
1QT0E6DN
9Q5751JD
V2J67FK2
EEUY5KKN
2Y6HGKRI
E56CQ340
QAZL5MHU
VQG6NKQU
J99Z7IZ0
L2PEOPOP
1C2FEZ5A
JO074VSM
ZG2CGI28
8SMOS30D
3DRC2U2Q
G2E94R4U
HR5M1FOF
KJSEP324
E1UNWNV6
3S3XD15H
OOGHMICK
QXWY6407
04UNFKBQ
0Y9585NP
3DOG6SWB
X4G1FDPU
UJI9ZBCO
M0VYAMUC
Q33DVEGJ
UJOMG8Y8
VT0XF0LP
3CF6U0QZ
5FATG0V8
WCUQVX40
OWBL8OHR
RRIV4YJZ
0N2X792F
81QEY304
8GMM7SMW
KDPGXF5P
V6P94S1D
CZCSLIDZ
19XZMU2I
4LTBY7ZR
6TDPIOOU
91ANL8T8
R2MASWLD
1XHXJSV4
WZZACPPP
VWQFGBWC
VCC5XZD9
7XDKG9QX
W4J1CMN0
0U2HSRT4
93DI47N3
BEZSCHXM
IZ7J80Q6
9XRPF8JW
TEZB46QB
R0E5S2JP
RVQ0L2QE
6GPZL2DS
TGLU7NAT
IEC0PS0W
73WUYH9U
IYP688E8
YGYQ6IYK
FO02CMNB
190ZYBX8
OLXO2OGS
GJ6JT7M6
JKHBLQJP
XFRU25EH
XX863HGK
574WAFK0
OR08Y7YY
VKB2SLTV
SIF50R1S
SQ5WCEHD
P71CDV3M
9BXTZBLK
78MUD313
J6WES7WR
W5SCX1J2
867T3QGN
R5YNVXDQ
NGNBGVS5
R5C4E8HS
WS7ZETLF
Y03YTNJH
AT0GE5AM
YKPM4950
ER7W4N0W
GBUE63Y3
WEBF3CB5
JTIMXV0P
G9LNIB69
WZKYPJF9
5XGLNIJA
68ZBWD5K
X5VO1V2G
QR2P2XCF
6SDNKEW5
SM9KIVLI
ZAIJ2GZD
49KXYRRS
FD6NQSOT
5CRI8RD8
4688ELEN
6PHTZ6WN
AXPN1KEZ
3HHN3MCK
8MG4TM5W
OFA3P2HV
Q99H8C7M
MKYZJ66G
9A9EWMBE
AGWMWQQ4
SHLJWRJJ
JAAML4X0
J1U3HD1Y
8E0EM98D
94H4HKP4
E7FBYWZB
VSBNS0L6
8A6IKI4E
2NB2DBF3
XGWXFN3H
ZF0Y2CNC
KBAHWE4B
FADB8YRO
OEF4ULUD
Y6J0O6PH
044Y647G
SXFIX56V
7ZN7W0M3
9Z2D8NIL
Q7F4DT0Q
014DMINW
E3FY24RV
8RK8EHIU
TKI8AOOU
IXT3SZQS
9OU7DNTX
S475GP4L
M6C6054O
O2KJL655
BNEFIYTJ
ZEBKFQQ3
CR7QP5U1
XZTOT19O
I1DU79BZ
X7R0IO6B
4JNPBM2H
7DPWRPRX
EJ33320V
YVV23WR9
DV0UW0CK
2PE99DIQ
WU63MV0T
JRJZSZMP
54LYV7RX
Z3W44HSL
9X0P23IF
SOOEVXIL
K1AGMAAA
WD9KX8DS
I9ZH7AO2
FMHH8IS6
78KX8WDC
THMBNANI
2V0S572D
EHIH8A17
HKNWON9P
