17820
61852
45943
57241
26491
54712
85746
18581
29806
52399
56222
77422
39348
95384
94203
75834
23425
48192
93608
8099
57590
41646
92072
81540
62966
18414
14895
39221
57748
70100
60857
92746
26304
83971
85926
50283
69545
95563
57829
76877
33702
35504
59480
91505
24195
26815
46093
38984
24133
94354
94286
23775
18582
13386
78473
6825
73469
95259
7666
66098
66159
2832
21125
99820
38130
23739
15017
99316
4629
41498
66342
82649
88206
72452
44080
11489
16545
39670
56578
46596
31693
58183
49120
43219
18245
8152
94329
52243
23474
32765
84901
43246
25762
87924
4402
46570
14710
59067
95871
4805
99998
72748
7203
70215
51320
37105
9061
28357
23371
70968
52468
77058
9373
14309
36805
81144
79197
11615
79534
33823
83632
57521
7517
10274
36788
6332
69501
36405
9345
97221
6225
69668
71189
71044
54527
37600
91332
42234
10655
5490
24037
25454
4821
33824
28159
62919
11026
44349
60966
56426
88844
26932
54767
8105
11817
89297
58728
58177
9294
11895
64770
35738
44182
97278
4381
25485
50016
90145
81551
96734
50462
24606
59418
62163
25484
77035
31866
90953
20057
22453
9140
12895
60143
51567
75478
48013
77162
98907
29940
57197
44870
37005
11506
74105
5310
48069
30737
97629
68778
25179
97191
34217
92236
95860
81001
911
47326
68301
74024
21081
79806
37756
15544
5963
28373
21059
67128
58239
66796
69303
10460
62476
93944
19716
63267
95495
96279
42090
35669
74168
94293
6147
55997
91315
88553
66654
31634
89999
70222
7941
39271
47907
10234
25510
79658
11854
41831
91053
80518
3013
82534
44560
50500
34866
61959
69408
48614
54005
3684
18153
45361
75976
16972
93363
3425
92317
43345
45795
95486
30368
86529
29797
54164
66032
4266
46534
96209
5593
51005
92783
47975
83343
52354
73555
96611
51021
72979
20917
94645
33060
40511
91422
93369
98713
32563
97468
60865
22177
75144
43394
24519
62819
67127
85635
45175
59593
20209
5979
18481
65615
44585
78176
62294
38226
60692
95479
16232
34741
15538
65025
74402
98954
88909
47409
31357
12766
62674
63429
56899
22105
68800
24311
38429
44710
21731
68281
88078
58368
81510
91142
24512
10564
95257
42188
41561
44145
77229
3969
8000
73930
27420
28855
36960
94162
89777
6501
29442
92993
5966
11116
44900
75084
81422
902
4779
71234
84694
33291
97002
70381
15988
80158
65051
40106
887
75894
7985
15631
98515
14203
72450
68014
78118
25682
20546
76428
46228
60404
25537
55626
74867
72368
28925
60988
97550
33877
5834
28214
85108
76331
90940
32722
68312
21123
49609
19316
77772
7815
29903
18955
50744
91837
86436
66599
25132
1099
26006
20576
33722
34279
43274
58975
94198
822
7093
49589
53446
93427
88734
16744
76849
7307
25363
53710
88697
37525
30382
58806
76156
50010
72064
20674
71467
89515
52950
47101
83052
68674
98122
43215
67378
47158
82339
35076
75729
23934
66604
42344
75713
13945
70194
3266
92786
33947
37265
28752
99026
6293
33813
76289
87221
7997
32897
22442
15494
50758
42394
80074
17520
68590
50408
40561
37068
36473
40833
44471
91012
73816
53376
18512
1748
81888
19546
41427
95531
87937
30640
96174
13838
2674
77132
23312
11301
42363
29130
75089
3448
49546
97373
88533
38952
2046
98010
32582
11552
76280
32475
92340
85455
79092
59896
50177
52239
207
21764
89859
86138
55396
69864
38315
58835
92283
68606
53269
10605
32083
9544
13020
736
88124
48989
80893
70647
30373
67582
74950
46279
53307
30460
7158
63911
53141
65938
14708
98154
49830
68504
15350
97159
99605
63775
81219
26665
98056
34580
1478
74345
17541
3924
35371
53335
33673
88555
37229
39342
45858
27331
61708
38034
81979
96302
35281
79313
67467
40902
57635
81300
7232
41859
27625
49864
89124
53017
64746
95801
86568
58002
68521
89963
95941
26956
39851
17527
60578
10139
8838
36343
64583
37470
84916
25819
72366
98508
73523
52532
33894
56633
2044
93677
5488
69050
79525
6951
75078
98655
88180
84177
19983
23002
48034
50075
57492
89795
69920
19812
27866
71225
23608
99251
20035
62608
57750
84539
38416
45312
10920
85600
96686
56867
69683
36353
3034
79646
66310
19775
84429
35165
85202
98052
58323
63349
37407
69203
37392
7014
60172
80328
17069
19045
9917
68536
21275
51793
54583
21963
57918
7463
63056
50686
29743
13461
65801
98237
47455
49395
23989
48720
66278
21065
71344
53457
10259
46661
49482
14421
69184
33316
74257
53422
78002
57362
72547
38445
43716
95980
58082
37737
27024
86328
28612
96613
69621
24140
11111
51214
53509
56793
68667
16211
97089
45783
65927
52733
9161
28811
77874
86179
13718
16577
21483
3564
83917
44722
9159
49480
45284
99240
31961
56629
9338
54813
78532
87104
27824
34699
21589
59741
24510
33089
7571
54050
3707
24031
94494
95072
68285
67976
61654
16344
12834
4310
1046
62373
25058
5467
37621
94027
32176
75574
21333
72146
66084
87738
65963
68990
65145
86382
58708
40185
34969
35527
58883
56946
98294
20789
28564
41945
58457
4035
31295
20051
21153
42098
45946
43681
39972
40535
1961
4590
18775
43505
71604
44065
49850
4842
47879
1283
55231
88477
36356
74219
54828
99125
471
61659
96441
25558
93280
1527
98085
74566
86716
92452
34252
68137
95739
17408
13221
72814
46814
90286
38836
35593
59065
89163
35020
59856
62130
77773
51292
47294
51158
88906
7714
19861
7103
60663
43863
54680
95399
73924
30242
48674
8627
70442
8936
94316
21682
36541
26527
69456
69023
83107
23654
19871
72350
67718
64331
16044
55450
57412
25507
23820
48326
91750
35012
5684
15020
54352
13035
10347
54595
30616
72512
42948
54618
52078
73084
3883
56500
64368
96872
79270
18198
81459
17289
55988
3440
81613
78724
58736
76264
50584
39456
98295
28310
73148
63085
10249
86467
64327
83572
22389
74775
1044
7629
92137
41766
71231
51526
38353
69113
85190
18967
69844
20509
28013
27374
50109
56976
13046
49812
12504
5740
37356
11151
33945
81587
37799
83434
55425
27034
35900
84504
25270
71227
42279
60532
4633
48846
40911
56847
41737
57423
74793
94896
15105
47005
96548
40767
65709
8738
15002
90093
30611
84565
15290
31
27454
89958
66726
52485
48078
67968
76851
55123
90513
46732
43994
32270
77932
97226
50090
40662
84071
61313
39003
79094
25809
42245
59533
31023
64974
11186
61384
99782
15061
49427
30745
45993
97824
66903
31609
95446
54720
54024
64203
14619
16406
17778
12227
53591
66164
46815
65236
11451
93852
60195
61308
7120
84859
62945
27228
29371
73013
77770
69892
40746
95231
46785
31470
47693
89933
41992
13750
81852
30420
48081
75237
41312
85549
38866
55446
32350
2253
74456
74065
28204
84653
24315
9301
70417
18317
9317
72154
69242
23832
29818
86828
6676
96343
64205
9262
83251
66256
40973
79205
4111
3548
93828
93599
72924
92788
91337
22437
91357
87255
49958
72870
95587
92223
98625
68873
78826
44770
86163
27559
69268
39838
94023
56493
93650
62247
59197
62145
7287
98426
92857
34931
49872
57775
98607
70818
11980
65958
18424
39420
64108
88910
51181
99438
27905
25491
65296
78195
84355
47134
66968
92666
33892
76899
87222
99244
95099
32349
55824
2492
75197
33350
60917
54505
76567
56890
19051
98542
59900
68937
92599
68178
68159
98234
59806
36074
91738
32748
43022
29053
74483
91924
58702
20087
45144
96930
49834
30704
74355
80724
29113
3191
50740
36144
24595
35850
60754
9515
47953
55959
82637
25405
64527
88204
63307
94677
69544
77133
80820
93555
76009
15460
54033
91809
79618
99216
90827
40479
37323
20030
71743
76680
30408
65181
63791
61623
48824
4483
16492
22878
32044
86801
43037
62280
93084
43512
77593
39375
66173
97484
58143
64756
63010
16588
9779
6666
95084
23880
83312
51282
68656
23118
9015
39284
82468
30371
14742
4726
80
53668
47828
84392
17302
98722
27411
72213
24764
77248
76881
42018
39070
94303
78983
54740
7304
19609
22061
99186
87567
48179
59040
40110
21824
13666
15758
48230
31672
97730
76437
55554
39293
6481
67110
75587
15822
5299
66442
14228
42385
31524
78306
53525
11198
80317
73995
97882
18264
37074
25934
27080
3249
53468
76017
83696
5361
46503
68625
16559
10705
83067
98928
58662
11159
84400
86072
68931
62080
23387
45251
73790
64698
85970
69569
52500
27276
59942
71768
5111
25180
42509
29189
28949
26154
47439
75455
55583
95797
76526
84208
3427
42950
49406
76923
25681
70840
19452
62347
9011
51931
24601
85377
79060
16569
81464
67043
64838
64706
80088
78492
44043
79102
25386
54784
27623
68685
22139
14812
41246
80193
36989
58345
83507
35827
510
5738
84445
37524
54591
72481
686
14665
61081
33777
54479
69922
47544
28528
2471
58834
64178
31913
6987
39967
19776
75205
80103
19068
68653
73899
83398
25815
67314
47515
46881
11861
22890
16109
82010
16836
59297
65643
2838
75379
61315
62486
31205
99409
74018
51605
96854
50841
79252
80859
50279
63062
68365
97212
6278
57004
43526
32837
40393
36596
85822
22715
31890
72488
35464
1353
95258
89362
36060
66807
22038
52018
73771
13668
57335
80188
29014
81971
31716
10261
84455
69079
52443
97954
58233
41562
77100
37915
6570
53895
56385
22864
31384
10789
45950
76822
62676
86651
1843
24604
19982
72916
36853
50216
27942
44645
33544
51018
24732
34623
80796
70744
79649
12866
1727
48484
79818
62038
24863
64354
94569
90743
70394
28692
27910
51854
73118
74515
73158
94843
25099
84605
48216
90935
53381
88231
82684
5362
66986
65398
62092
38666
8410
95127
51113
65707
26040
96666
98923
29793
30613
58004
36847
19350
78678
20291
76177
50622
7597
28121
27152
48193
72379
83166
50784
11521
30631
32705
56060
80127
49367
35373
42138
93120
61719
34954
7631
63843
83829
27094
17060
32883
53223
22123
16175
33653
67077
17975
67388
81271
91764
37647
90467
81247
52005
13295
88886
77552
29938
51383
66717
91520
28222
57681
38187
13127
19835
69633
44734
47635
35716
5825
3761
46563
6685
70465
89836
25003
73346
67065
98144
37650
98483
86032
9121
8629
1261
6359
82947
78456
50326
27465
77428
44042
12460
39944
74056
91828
97213
35475
66323
31118
16670
32280
20426
67662
74537
16863
72534
92526
62322
18965
73624
39159
55531
82341
8631
28807
66856
60827
43625
46569
93812
50762
63836
39713
3869
12041
50367
3531
34595
38348
14482
60034
57694
85785
30710
96588
13446
4160
20432
36029
56151
73690
50931
87681
87657
81391
50361
6859
34208
35780
69308
41243
27579
6765
94901
1506
5892
76330
38062
37874
47468
19036
90522
39076
13755
78481
77804
22692
93893
87394
25339
38965
59744
45756
29583
25587
25896
37275
12160
23847
6811
20770
68108
90684
22711
95183
46169
2762
77377
65365
34003
44794
14241
53476
39489
39438
76374
28363
22465
26079
40389
96545
39253
70714
6443
18596
27013
77900
7540
275
84557
16370
9385
82373
28493
19163
62963
51009
44377
56621
30387
34153
6899
68379
11674
17607
76212
86210
41679
73426
93520
88353
21375
81358
88557
79765
57329
21970
35534
19215
55565
94668
21213
76875
10917
41046
12603
35978
91873
3898
29391
30629
61124
63737
30692
38950
45344
96261
98465
41948
20658
10676
9946
52209
9832
73767
69975
27054
67454
48349
43225
40494
46773
86939
43249
60320
47670
82100
76153
98230
80564
17220
89134
44198
8473
65112
4579
4316
55068
45574
12810
97307
80995
73578
72976
25128
15867
22308
52320
31057
78916
59104
15086
17029
31375
16833
29581
85636
32734
83583
69192
24514
87990
54243
31721
41485
38598
32242
69156
2168
79698
48004
54920
66209
51412
66219
18905
62456
5153
68922
32038
84468
2343
39879
85224
49353
47038
2664
61163
31363
33839
22910
50255
46968
3307
85646
70868
71397
99066
38014
86971
62083
92618
90287
67151
80428
1766
85837
52432
90794
95444
92947
60440
94127
8832
83247
29217
91427
70258
83783
13287
16730
9835
66139
14234
70646
78319
36978
28048
90754
26423
29935
16401
49843
81531
35352
97754
75578
90529
96967
41409
13764
39114
80348
29928
53969
78818
10158
84173
93357
11141
10469
16949
15417
5292
85177
52585
88968
55719
50044
89116
17251
35258
3718
64009
17434
21305
26334
1284
73117
37562
17454
33377
56846
74054
57427
32334
89145
2637
69144
98851
53367
64444
35959
44249
11799
76527
9213
58338
68736
46192
99265
41348
95151
13866
36562
79564
81657
57834
89533
40651
66693
27056
45148
7615
38946
67880
14630
90067
52875
6371
11501
25736
26848
99993
17441
46350
66737
78015
46364
76116
67544
29685
42635
2546
67907
64647
20004
51317
93135
5286
32941
58046
80763
87206
96145
40749
60405
61572
17336
56773
85681
34051
95554
39763
50085
59047
99814
84008
56844
92105
28247
29128
81071
57550
24061
41087
13155
18938
23642
85263
57754
38081
58535
40846
98180
64798
1141
28538
1441
87105
72020
38733
79849
3418
6333
36970
32355
78001
48215
46564
45921
27716
32578
78969
36317
64225
99324
18976
43498
47230
66828
75860
56310
33691
35655
42956
95411
81676
38913
88703
468
12254
49655
20471
92623
1210
40244
56001
59295
54906
67749
25513
41911
6919
75981
21684
15879
21292
77635
79189
73834
55098
62052
14525
93896
50760
56798
83561
6218
17120
91749
42438
17982
45239
81637
13307
21775
75827
77997
94226
81569
17496
88074
3371
32981
28595
10570
97966
69362
26469
6614
62095
21949
60124
52947
11627
56404
79949
99946
4145
14183
84542
48431
18929
74734
42537
63512
37514
84148
41097
47734
36547
39251
76200
98565
85872
91436
53158
59392
17777
7132
29241
47548
76844
42647
29284
69999
68370
40454
8735
60842
13102
65979
79160
51551
39101
32653
11790
35881
26952
39155
61744
62313
78797
77487
8124
39095
20628
23337
40089
87951
1954
14729
77964
18299
19820
19998
58482
73214
84204
80098
23491
77253
75538
75134
81919
50202
6102
71319
95926
36225
80640
92703
36016
84830
25299
39499
62993
68571
59724
17008
54930
96280
19673
54353
97296
52626
4589
11107
51468
99090
51740
16504
22039
13270
50530
35749
95585
71102
84263
13515
7309
93824
35999
89323
41649
81907
3632
28138
7194
74583
20921
52633
73354
23682
21679
430
34141
35790
84660
24719
93961
28060
65245
12549
29327
24759
3265
36624
17416
70031
99536
15347
17516
46343
78690
57463
64035
53733
87223
15728
82658
5405
43307
71305
66940
26694
77551
5997
94356
88797
12924
60436
44512
49070
39205
1914
94467
13263
43436
51555
17815
48381
87103
33766
77418
50983
68103
96170
17334
53411
27779
73849
67969
31180
25743
43034
10660
46843
97817
28206
52923
52690
20947
62701
43088
51718
43890
68911
67656
8820
26752
56623
31410
44853
68932
54254
43577
34472
76607
87725
91571
75709
83085
49091
49211
42152
19803
19790
49315
95362
41497
23572
24698
89185
51820
39280
72037
7408
39826
35379
66071
61924
43181
95042
38468
79207
59549
52051
41636
71646
71869
97581
16610
85433
75481
59931
83889
86264
70571
99683
50980
19253
41806
41501
99004
56089
36830
65353
97396
34143
46490
71970
40334
67468
49265
94945
76838
58950
71826
27847
88549
53753
69202
72083
15420
97023
92591
2794
37189
87278
24391
24927
13788
17666
45819
95034
26517
19049
22631
11402
1190
42700
85330
24938
37893
86667
48214
19249
38678
37652
9273
58613
18957
72044
34859
67699
18074
45048
58998
49043
54890
12010
82670
16789
92672
96721
40428
91310
77764
99822
16131
21868
93801
84142
84011
55643
98927
15895
89470
84754
62448
19299
86838
31934
51070
20368
41882
49283
57182
43381
93026
19200
87718
49714
60003
78935
95175
88691
66162
97845
87463
87483
9446
33220
33059
29597
29148
9709
13845
56441
18470
2321
87119
45126
79123
2342
77264
63817
75226
39301
88268
10748
25982
6950
36390
22114
17973
21766
91193
27497
8322
90068
97567
20791
51364
60165
68188
36231
81176
63485
98512
50777
53566
89094
30079
81753
32254
76209
14441
38223
91084
54836
82572
39546
89003
44490
70267
17555
44807
71895
77408
4729
43379
19574
7072
50429
45839
526
73934
95986
24478
91702
85106
69787
4785
82654
74336
4407
77515
57794
60451
88238
90021
5888
68867
53538
69395
4916
97844
24638
61986
16946
31102
58160
57407
36283
63407
36495
2779
15129
86626
53844
34604
29769
42499
47676
19621
12015
43765
56212
21219
62505
29095
1757
65776
31978
39887
1127
89014
64384
76592
99652
26260
30183
67605
87468
53644
53790
10296
36135
90174
76588
6206
55735
15534
92725
50320
4474
3852
17331
11097
85067
58746
7038
79861
86909
35704
54572
71763
92123
26401
99614
4090
80598
11147
68208
24828
2191
19346
77346
36947
18041
40864
34619
90205
96825
94200
63513
71444
68902
82159
89994
60723
27558
39292
3970
99161
22696
25354
11193
34190
17297
87597
57382
88764
21306
40519
5118
73110
53369
29556
38407
89954
48925
81056
60949
80696
83540
33511
80045
18578
92552
81835
31377
59451
34769
3808
18399
37860
60849
42083
80401
30903
23890
26843
23227
58406
68234
16582
86108
49823
25000
30596
678
23637
2936
17917
87034
51693
70312
64548
55774
14494
95951
28442
41272
10531
41453
75263
99502
98407
23731
99992
86591
86761
80914
63210
18247
20902
84939
25473
6324
22869
9401
94077
85592
44958
19707
12718
49495
39209
47133
22763
43849
12383
60432
67917
81977
46853
36096
48367
44389
47234
4998
5588
11965
90023
66120
83421
88511
16960
22235
92076
46071
64603
80944
21468
7049
21639
94097
35014
31739
41424
84501
81550
54904
96934
17660
49681
89366
30667
96840
11361
17699
8557
2061
37513
56741
94032
20665
21481
4965
37261
50037
16708
51801
2904
97494
25141
64616
56900
19121
83188
52948
65841
37666
71202
66030
9164
50835
91382
48417
35210
51802
3480
21237
97594
47479
3079
83457
41001
40780
51486
95930
19934
75186
99300
85347
81134
91002
47990
58119
48054
24869
20887
90864
64308
90470
60817
27390
98107
55535
5852
42248
28271
40732
98774
84052
99767
35583
47011
52763
61793
48742
81301
30590
50628
15558
87804
76365
12387
68923
87730
8555
81201
40506
12661
46992
69722
52488
91954
88825
4000
88645
38326
97713
85367
50660
57937
20296
64437
91294
32468
19578
91999
10776
15231
5663
76560
6906
58818
18259
53114
26882
1687
58762
8841
84865
28152
79362
7292
10482
78860
69158
82742
35937
68889
26575
6662
55232
14371
64872
50917
9836
17246
21089
94310
43507
17268
39133
48667
48965
1991
47710
52254
17303
77596
99619
21187
84073
55207
51189
87337
37426
29395
11431
63708
77417
25064
26675
13975
1013
98309
7068
27598
68230
53944
14577
84443
68751
82808
34553
58192
63001
15324
13763
46195
48671
41240
33609
4476
20812
2997
62562
36860
31216
59330
29852
24639
20876
48441
5640
91108
49037
72373
40090
65090
62025
86731
38703
35139
87271
35167
88605
92169
44777
8251
63610
30034
40646
40637
49503
46403
33946
11055
53869
53328
3495
73160
79363
46390
360
76023
24465
28260
6130
50081
30344
17590
48759
48516
9190
9500
99061
93128
78135
32716
89173
98091
87876
53467
29415
21604
53047
27569
30812
71704
8633
63734
74443
59750
6907
76638
66378
6815
10307
78399
56010
15705
43556
82071
95517
11505
94710
37519
27006
69391
7677
33228
81317
40256
89502
98068
3204
44218
2728
38726
70340
35320
66998
74958
88482
52155
16938
78365
63107
5117
63796
10017
59204
61695
71599
76779
54165
18168
3697
95439
17630
5531
94441
16765
16686
49720
91614
16785
71801
76932
70280
29038
93785
88767
47611
63990
71669
73547
77074
78853
70275
14574
11022
5209
2077
95841
45874
58906
33749
9256
13279
14682
73016
24685
52758
48146
66266
59813
16425
8961
57415
68878
50244
78776
81792
20715
75001
6478
3607
37796
41284
8704
45087
86595
79607
43062
16883
54915
99880
4519
41483
29985
74551
23448
92351
74449
7871
88954
74154
36124
68810
46506
83820
9250
48129
68773
49065
45788
40920
7033
86480
42373
14606
93300
67317
4060
46614
15681
78697
75392
49649
74226
50862
16186
71134
97184
75674
49954
20311
47469
46302
44849
30566
87279
77331
51757
90366
68471
79191
53677
87529
27119
40842
55217
33580
36307
31097
95565
97345
96698
52495
28326
98058
1499
1373
57262
34879
72966
94804
93634
24956
55235
24049
49559
61809
79136
68501
62085
88446
47628
4232
36553
80386
11780
95793
40847
65879
10514
45869
4982
2772
36450
84284
67799
30375
26565
78939
75047
33502
81353
43141
49293
14569
26863
66163
57965
7151
67758
76252
96181
71033
21878
95786
81388
41852
23675
78353
85422
42875
44385
81710
30825
2935
20386
13219
36948
99369
14465
60155
1174
1166
47772
11090
28438
19890
33714
84166
30068
24875
47789
84841
29736
69481
47606
42006
63576
86285
25554
14406
97796
16974
35107
39187
96750
82108
25784
7807
37868
17726
62548
86268
46394
69500
58355
56443
52425
3069
1432
31260
56025
46092
39572
4091
3281
9097
52727
23139
32279
38474
37960
14495
41034
34224
47874
1410
10211
82953
74039
23786
94166
70445
20395
47450
53788
96339
14860
55772
64438
60041
95635
67343
84317
71040
66050
99371
11423
98313
41053
74938
96940
75384
68112
26603
53045
56642
79878
72242
41967
36146
99595
53912
96206
70717
37610
81555
27372
7345
80793
57744
79716
58565
9788
92682
67533
3835
94970
13125
33056
39501
94478
70785
38021
76205
38095
78115
70355
39890
40147
56698
8331
68346
94817
28461
31896
85378
58414
19990
93139
1859
4163
89210
25549
84302
48142
18089
95689
54442
47146
74036
17603
97169
5544
15934
61376
70999
16758
55884
98974
42720
246
26059
23172
90856
83401
48232
5458
66223
54626
34250
39476
8603
8357
52306
8923
73258
29310
83098
52643
68002
97265
63342
56395
43312
11675
55185
45850
72766
87750
17989
80382
83684
75059
10312
25200
70658
52036
53662
95065
18021
74103
38834
58632
24717
34041
28905
3036
22709
39428
46727
68027
37143
1202
64064
60042
98138
9458
86314
60235
95333
45828
94686
52382
89418
33432
91370
27062
22945
90635
73252
56782
5913
57265
62078
32959
63397
45090
56211
33982
14409
44355
44228
82810
38394
84487
38809
88991
57065
4989
7797
30006
28539
53919
80201
14571
17597
55166
55990
87428
40423
95685
57205
94946
11601
4289
38048
61517
91724
48530
21579
66102
62516
21205
2215
83479
37944
85540
14931
70767
95712
50861
24686
80599
3325
77070
92118
14134
42541
13970
65591
96239
29463
30839
38475
51804
5051
89838
7756
35399
32113
90703
89656
50918
92324
45801
2937
91858
58359
94603
75490
9278
18195
58581
6231
30668
26834
76044
14629
65212
17544
28414
33526
89800
27335
18641
80406
16813
10696
85258
23434
86972
64054
57473
3498
76465
46306
38386
11347
34985
77622
28165
79296
93716
13712
52236
92451
21377
68154
81215
45082
97800
68525
13920
34300
2246
19714
33436
98857
56643
60058
10936
2590
970
15015
91899
61632
70025
25822
90512
83520
84849
38368
23976
6111
2185
48962
91352
7996
3381
51894
64947
27347
23450
92253
19056
50564
83353
39691
14879
29363
5945
21781
94131
20356
11994
80290
20456
15153
69107
88475
33795
18909
81983
48626
27997
91642
34640
81396
88517
88060
31666
52631
5701
14762
6927
17499
41821
81142
84251
74306
89974
11189
48313
2988
39307
49394
72428
24899
78245
589
17955
91225
48152
17009
10734
45172
22818
56087
21170
6659
32062
70454
51062
58354
93742
42945
24118
25318
91325
62788
9874
4435
62692
59106
79548
29814
2221
5150
78094
21027
26975
70020
32636
33995
78345
58403
61416
97749
25755
53909
44953
87945
70204
16678
91023
41194
45867
66074
12703
53524
80409
24786
26796
62340
38124
43149
3678
91898
83221
99019
78497
31536
17781
42810
35629
54931
34682
73752
88404
3460
11487
51903
89524
94604
92141
82645
518
22918
7604
7788
93282
85622
82213
77984
26110
7108
48567
60777
10113
86689
18022
78528
97765
63332
10116
69610
67251
39160
26548
74991
38423
20237
73949
64510
48615
72639
97162
93839
84058
41735
76562
59807
42133
84353
53049
692
80118
31567
86091
93443
12347
40556
91118
75546
93953
86890
22414
58522
19111
13110
11943
22955
47406
57664
7499
19916
63941
28967
4063
82602
47199
72244
86699
13348
97857
58055
46603
83901
99509
90545
20227
28988
2414
59648
83890
52639
58986
29964
23725
70523
33910
90181
37259
42244
3971
28938
35080
88412
31914
51388
9111
21768
35286
13656
43627
73610
30764
80294
3398
39855
35294
24928
43447
74303
18645
7781
68494
65904
14025
58618
26170
55110
90438
46472
57532
17282
84655
35256
7175
1928
98671
51539
36196
13317
34395
96051
3280
95652
76538
43516
78348
43425
99459
74288
97788
33663
12146
97447
27915
23827
27146
2553
85740
48356
50070
65909
53078
77963
33723
39331
63666
83724
20192
48112
97006
57178
86802
16124
32004
60302
54594
9400
67026
61261
51816
64266
81172
16990
60583
24524
99773
59312
72562
41144
95913
30008
63690
607
55589
9344
40721
39766
52515
52917
67484
95643
71093
92893
52622
64625
2170
17000
15730
41711
87023
25184
14542
61851
57684
78180
21356
14877
64109
94568
36161
4548
70343
42431
70600
19485
90855
14972
99183
2975
47331
94847
31153
44138
236
485
6777
14376
68679
16063
71109
68662
31361
94321
92514
44451
13456
74931
36972
86746
51410
2461
77183
23556
7729
67515
83341
88410
60978
93360
29887
19731
77440
6138
13851
54144
18667
60501
48771
85905
59416
47902
37609
21367
93504
14280
48581
5459
68986
77860
38664
16991
29518
25564
99059
14293
21504
46204
3352
58169
67092
85095
83652
47084
47255
85812
78292
31749
205
78882
30957
4323
33182
18158
68707
11436
52288
65854
93355
47277
47002
92731
91485
49846
80157
96020
25901
7230
30739
34256
92005
18020
88021
41801
96376
70342
65673
54339
81775
53260
41597
81763
75168
95981
78941
70935
29672
80381
95559
30251
1979
3935
72320
62467
63124
94396
50769
94140
62410
31936
94624
70220
71681
43527
57649
49189
68283
54040
53079
50948
7869
86609
60726
74760
29622
53012
24451
35777
82950
73905
91251
9305
50
46325
30543
59300
50234
92521
82330
68905
67586
96062
78386
21634
99229
61675
97852
21280
92580
24931
7447
66438
95536
80216
80285
54716
33754
69555
48987
35807
55275
64216
20694
57866
28552
71487
99060
3693
18080
24395
8279
59668
56604
95721
34215
1989
97554
86800
46126
82482
10433
76492
22188
97445
3207
50284
56970
4065
42404
97566
29642
27767
28761
48586
57048
73682
83935
65789
59624
65437
17084
50267
95032
73631
29927
31576
48966
41073
99531
13998
17223
30714
39636
13104
68166
81962
77394
60167
33958
57488
99155
51334
64137
91671
77794
23614
38687
26553
67818
42715
13928
99945
53322
85127
86413
51293
92120
67881
83531
82263
41958
9737
29639
24270
61528
69560
90004
41568
32371
63064
47700
43911
92200
52927
97398
54382
28130
568
19870
78490
17912
53076
59283
16803
91071
35630
33167
95821
1129
30421
61786
63749
13467
71006
40590
49783
88525
69194
55767
91836
97008
74274
77798
35557
2305
48734
69172
79513
23299
91881
64699
73146
12353
44281
73238
76981
3966
44524
7411
2065
17705
42753
94598
87769
47071
51278
4542
98824
55220
60465
41515
69142
94
45897
45235
83581
25699
28009
56343
32917
1147
64501
39930
88800
9460
74804
76005
93276
18617
5346
50035
40897
99896
45108
93031
57251
4211
29349
73100
19196
14784
47
58861
44051
49107
83377
46420
84497
51681
41133
57572
79172
39283
86784
49836
64012
71575
43676
15414
8305
45050
90985
12881
11094
88677
42853
44758
96813
34211
88568
68719
26171
66250
99085
81868
12393
47840
51136
34681
1894
31024
457
30696
12695
33712
78821
86733
93788
90469
96859
395
32870
71051
41524
39072
6471
62793
76668
23410
92762
49047
72827
20440
53071
18112
45970
18211
41261
6559
90186
98686
76037
149
9777
32277
74392
84638
57845
28732
18858
59548
98669
75580
58238
70089
37270
75394
19496
71949
66521
57708
90797
98803
73859
35679
66788
36185
34017
49147
9139
95280
15362
81957
34833
14795
88215
66364
5830
77372
71753
39157
17657
51065
18724
15207
8513
55481
36656
7285
65936
79942
80965
59146
32081
91291
34924
16620
3658
74479
94692
28090
74618
2778
31850
93810
78084
13679
26699
96693
78926
74452
98966
22939
22822
11905
90669
43
95214
1159
3308
3261
12825
23368
88409
16179
97984
49278
90971
78914
22611
29062
32634
30322
76895
62389
18327
79403
49950
85227
46575
13286
9216
75714
17656
43386
21198
66277
28399
75521
45533
84039
27315
10108
28010
25514
50349
56003
831
20066
18952
75011
94471
40814
45624
39178
42396
22767
92463
25622
55559
60146
18773
39434
93702
50008
39272
43718
2843
55035
57827
77706
508
82804
37627
47334
60269
16796
60943
23744
73589
51489
57497
93708
26151
78441
17976
19194
83952
51591
26741
44550
26389
95213
10329
35875
25912
35965
17594
20060
6224
76066
20941
89844
55651
2890
56158
2025
57772
51141
3792
47480
57029
32315
75439
81635
92921
37825
50443
59199
62042
66170
41761
93473
5639
53973
85883
45089
33872
44123
17195
10301
28094
10107
80067
92939
82849
20500
11204
78478
1887
90782
8614
38903
80876
72923
73472
38785
95070
78450
58730
32871
25107
35572
41838
11641
35305
2610
48978
28823
92959
67575
18611
15696
35607
3027
74463
95738
44765
84385
85577
32060
58409
77917
71522
43306
535
76989
19719
52926
77643
91457
81609
56411
12186
69054
89623
28004
63502
72453
61466
7862
41229
18379
46211
83205
9629
31876
6169
97314
4637
73837
47824
33684
18482
82101
10692
70130
31366
29478
28118
62652
6203
35872
38248
59755
29296
65308
68669
71574
37158
98137
90423
82519
98952
64818
84680
39787
24443
