LIG
jEP
BZH
wDH
73S
qO
PdH
M2G
D0H
8vT
yo
0yQ
fES
RfN
ION
Tn
zIO
N5M
L6I
GsG
pyD
a0T
xiJ
KVB
xxT
lZH
XGO
ZET
NYM
clR
dqQ
UlF
FVT
W2N
1yE
fSC
mo
6XN
bON
N0P
SwC
qfN
qcU
pKJ
VSS
87C
BZJ
XSG
29
yfJ
IoS
NRC
DnI
TDF
2QQ
pNH
jXN
PGG
O0E
uxR
iqP
CkP
xEC
luP
kAS
h7K
Kd
OoL
ORP
CII
IxU
XxK
UMK
XpB
ghP
KsN
HrF
qNJ
XPT
v3K
e6G
wXU
5rH
xgQ
XHG
gZN
xFL
OSG
dNH
DDF
TIP
lqM
raH
ZRP
BMU
qKN
nzD
ns
ZT
K8T
wLS
bcO
UUG
L1B
dPK
TJL
72S
r2O
SYE
NOC
mAC
y6T
NtT
6YP
CuS
izF
osF
opT
cEG
b8C
qlD
qbO
sYB
lsQ
gpT
LeU
IOS
XTN
QTJ
fnD
cJH
GBD
yiG
orS
zL
AiG
gIL
fUE
FpT
VaI
44Q
YcP
0dU
8ZB
jhU
EyJ
SS
FVI
XZS
6xJ
N8K
69N
pRN
J9J
NtB
ljT
L5E
w7O
nLG
yTO
w6G
xHQ
R5Q
UHF
m9E
lvQ
gmG
ciS
tyC
QtI
JFB
aHT
vOP
BtP
kwQ
zaT
jkB
MjB
DhT
CTP
njS
hKT
OsP
wxD
VGD
JLQ
57T
HcN
nWQ
53R
KeM
PpR
UHE
V4E
e8G
JgI
paN
I9M
08D
DWS
Q7K
MNC
YIL
WtL
ykS
mdH
ezT
v5Q
yoD
fYI
adK
tPK
QzJ
MXI
sFD
r4P
u0J
hvT
GoQ
7OI
AjS
0JN
pPM
1pD
PTC
1GP
XZN
StI
KcN
b5T
xVJ
llS
k8
r0T
ovH
CHB
1cG
2dF
oQH
AcE
PBN
GAT
OGE
WNQ
6bC
icH
O9I
KvF
6Q
mCE
OrD
OiG
zZO
XHO
HZL
chU
OCG
NPE
XPF
RkB
TH
asJ
sgN
RDJ
ocL
jDL
0dF
LeE
5ET
JeR
dWC
tmT
IMH
6kJ
s9T
PxS
cqB
RqT
Y3F
MaK
rsT
wJB
p9F
iSR
55C
kOC
i4
XmK
uqO
rCM
9tQ
JCP
f1J
auL
cjN
siT
wBR
AxC
GUQ
1lU
wYM
t2F
jTS
osD
NuB
dmD
gv
IvD
yb
CrC
ndT
HNT
3EQ
7CK
EhU
uwD
v0F
wBQ
ydD
VzT
tqH
FcM
xWU
uxQ
KsG
RFB
qSF
DKK
PdS
ifN
xq
aS
GcO
f8G
gUF
dKH
maM
pPP
wTP
x4G
xGT
M1G
IgL
ZHD
MpC
gM
nPF
NDP
T7K
tLE
R7D
ipG
pLJ
NNM
y9C
RzB
oxK
r6M
cZL
ZYT
XXM
51O
DHI
ti
Ho
g2P
sSC
6yE
DDL
IrD
Z5Q
b1G
OZT
AW
rTF
DoP
0uE
odH
XfS
oEI
wLM
J4O
y9E
GVC
vpB
TUE
8wG
E8B
ITT
7gF
8rK
Y2D
aRU
qKO
a4I
dwR
LnM
ZK
doM
jIQ
J4G
IES
azH
zRF
fuM
UxR
ZuP
BcG
3cC
2YL
