RS
RT
RV
RW
RX
RY
RZ
S0
S1
S2
S3
S4
S5
S6
S7
S8
S9
SA
SB
SC
SD
SE
SF
SG
SH
SI
SJ
SK
SL
SM
SN
SO
SP
SQ
SR
SS
ST
SU
SX
SY
T0
T1
T2
T3
T4
T5
T6
T7
T8
T9
TA
TB
TD
TE
TF
TG
TH
TI
TJ
TK
TL
TM
TN
TO
TP
TR
TS
TU
TV
TW
TX
TY
TZ
U0
U2
U3
U4
U5
U6
U7
U9
UC
UD
UE
UF
UG
UH
UI
UM
UN
UO
UP
UQ
UR
US
UT
UU
UV
UX
UZ
V1
V2
V3
V4
V6
V7
V9
VA
VB
VD
VE
VH
VJ
VK
VL
VO
VP
VR
VS
VT
VU
VV
VW
VX
VY
W0
W1
W2
W4
W5
W6
W8
W9
WC
WD
WG
WH
WI
WM
WP
WS
WT
WU
WV
WW
WX
WZ
X0
X2
X3
X4
X6
X7
X8
X9
XC
XF
XG
XH
XI
XJ
XK
XN
XO
XP
XQ
XT
XW
XX
Y1
Y2
Y4
Y6
Y7
Y8
Y9
YC
YD
YE
YF
YG
YJ
YK
YL
YM
YN
YO
YQ
YW
YX
YY
YZ
Z1
Z3
Z4
Z7
Z8
Z9
ZB
ZC
ZE
ZF
ZG
ZI
ZM
ZN
ZO
ZT
ZV
ZW
ZZ
102
103
104
105
106
107
108
10A
10B
10E
10F
10G
10I
10K
10L
10O
10P
10R
10S
10T
10U
10V
10W
10Z
110
117
118
119
11G
11K
11M
11N
11O
11Q
11S
11V
11W
11X
11Y
11Z
120
122
12A
12B
12C
12G
12K
12L
12N
12P
12R
12S
12Z
130
131
132
133
135
139
13A
13B
13F
13I
13J
13N
13P
13Q
13R
13S
13U
13V
13W
13Y
13Z
145
146
147
148
14A
14D
14E
14I
14J
14M
14O
14Q
14V
14X
14Y
151
155
158
159
15A
15G
15K
15L
15P
15R
15U
15V
15W
161
163
168
16A
16F
16G
16O
16P
16S
16U
16Z
170
171
175
177
179
17B
17F
17G
17H
17J
17L
17N
17O
17R
17T
17U
17X
182
185
189
18A
18C
18D
18E
18F
18G
18H
18I
18L
18N
18R
18T
18W
18X
191
192
195
197
19B
19I
19K
19N
19O
19R
19U
19X
19Y
1A1
1A6
1A9
1AB
1AF
1AG
1AH
1AJ
1AO
1AP
1AR
1AS
1AY
1B2
1B5
1B8
1B9
1BD
1BE
1BF
1BJ
1BN
1BO
1BS
1BU
1BV
1BX
1BY
1C1
1C4
1C5
1C6
1C7
1C9
1CD
1CG
1CK
1CL
1CM
1CN
1CP
1CQ
1CS
1D0
1D2
1D9
1DD
1DE
1DF
1DG
1DK
1DO
1DT
1DV
1DW
1DX
1E4
1E7
1EB
1EC
1EF
1EG
1EH
1EI
1EM
1EN
1EO
1ET
1EX
1EY
1F1
1F4
1FA
1FF
1FL
1FP
1FR
1FT
1FV
1FW
1FX
1FY
1G3
1G5
1G8
1GE
1GF
1GG
1GJ
1GK
1GL
1GM
1GU
1H0
1H5
1H9
1HE
1HK
1HL
1HQ
1HU
1HW
1HY
1HZ
1I3
1I7
1I8
1I9
1IA
1IF
1IH
1II
1IJ
1IT
1IW
1IX
1IY
1J1
1JF
1
2
F
