24887
26804
15735
30063
15453
28038
39499
16035
22030
38281
5460
14598
20200
33950
18877
31352
27140
35050
37161
28296
162
881
39484
27904
38086
22150
3235
4521
31309
31805
6331
35648
26469
35197
23054
39159
25911
17766
35561
18142
1769
14088
32066
10790
15876
7121
15914
29204
33002
28711
3317
38147
9534
39821
11224
21839
29935
28023
23407
37101
30196
22189
19150
19489
26512
21651
35111
35455
6210
9402
19318
28340
12695
37708
30468
38412
17033
6223
34065
23253
11075
31283
26745
30079
38938
36863
25557
30033
34593
29659
29445
14954
33671
34408
25620
2119
14087
1623
20100
19151
20301
32824
14714
20709
32571
5282
28151
19717
13193
21154
23215
35287
13885
31616
6302
665
5650
14996
295
17961
31278
4534
13688
6659
36953
22282
21108
24735
25457
2873
5083
25319
28690
29031
11007
14235
21586
12698
26659
21165
23224
34239
423
32337
36442
20835
20213
35740
19354
14040
28260
35512
1177
19251
39089
19818
32880
6582
20579
36952
17800
37864
19371
27373
27506
22814
10068
13570
33139
21894
1120
23275
31208
38004
37744
38689
27355
22419
17354
15171
7475
2029
575
307
16586
2300
16572
6294
26893
9083
10235
24893
34075
34172
24404
4414
17561
25904
17241
10839
15963
19449
22642
32400
963
18859
34031
15475
39142
17507
29730
23927
565
31423
26978
35169
23480
15961
1628
13150
17911
30752
8048
10747
16714
36509
27051
31499
37168
5884
20408
26101
2341
1711
6272
19088
2276
14897
1152
37981
16784
5073
32036
21699
5342
6250
5781
21598
2179
13019
766
30952
30804
2501
7116
29851
34196
26544
31792
8655
32737
12971
12629
23696
31431
13836
39912
36696
16276
25169
28137
29588
1991
15949
1650
4050
24130
972
35531
25552
21945
17946
14876
25518
33261
19110
29265
11812
6784
22335
7639
18297
38263
8421
28377
20739
37204
1642
19889
3563
2493
1325
18340
38322
27663
14360
23492
10280
10728
21473
37150
13494
30879
20296
6195
13844
30713
7767
17631
28074
20932
2154
4202
7246
25780
6438
28139
10674
36043
1416
560
31931
18112
37553
9884
19904
22855
18308
36677
8360
30773
650
21367
11043
8165
18706
2794
18443
15643
9265
24381
869
8088
18097
15225
18084
14337
32515
6972
26321
34149
5701
7171
26283
11274
14658
26184
16136
25536
2542
15522
12334
39049
21555
25930
30899
14609
36088
36387
36353
15832
36326
35406
35400
31353
28883
38049
15777
19655
4950
3574
22886
27733
28282
1954
796
1353
14008
29058
19935
13372
24292
36946
11482
20167
22540
29106
15072
21722
24103
22362
12853
3033
32763
24441
36647
29541
36152
5130
25663
21502
31704
22579
27208
20797
30095
1914
2660
16105
30263
12323
27389
18490
35757
33525
14384
1936
8505
23705
25721
20489
4738
2190
1224
21435
2860
33273
29033
14689
24773
439
5
8925
16566
7721
22275
27162
14942
38189
39136
33937
24372
8458
34973
20031
13593
26803
9936
30458
8980
31728
35726
11230
8508
28926
4157
34135
24026
31305
26212
39154
3290
30250
35191
29838
35271
15134
37499
37869
38061
13630
35604
38775
39905
29457
15388
8135
24706
27581
2854
20354
30489
38206
20142
6170
36273
32792
3579
30440
22765
33732
8310
7087
14796
17853
14475
7921
18563
16125
13668
35772
15688
17566
20162
23196
14383
37754
9200
35341
26749
29964
25477
25259
25346
39529
14071
17337
10066
37771
2594
29006
2538
15466
38289
15206
34782
15816
6752
1034
24590
34132
10856
16264
26011
33404
3800
12732
14433
7034
11005
27885
11988
8718
39526
13648
23143
5705
4394
30101
17082
28756
37884
17328
32648
8815
30385
36913
33047
11799
7406
22991
938
18604
33020
33870
21365
24116
6031
21478
32311
28107
39381
4885
14744
20460
16273
23923
18939
11951
21327
11721
30693
29961
7540
14990
35133
31803
25241
6140
17691
11471
30194
24182
5983
2451
21412
1968
27549
32078
16127
29344
16885
23103
26193
12975
22965
24607
10122
35924
33936
13651
23319
13589
4742
22412
34050
32077
29321
14825
11543
16550
21533
36324
32916
24365
4969
19701
14476
3106
12400
37037
20523
27207
19323
5687
25940
38167
31960
5353
19723
6592
12413
16655
31096
17434
15039
27354
35097
8018
11792
13449
26975
4404
33999
14852
29052
19786
9446
1687
29542
36982
33758
7058
10384
30171
31632
944
39504
27117
32699
31387
39607
12215
10799
29945
11588
39525
32607
36030
34707
89
39330
32201
17696
14788
37216
15409
28902
28095
20468
23371
553
8801
29111
35352
1974
10074
20558
24257
2469
19596
10631
2116
37070
19132
10819
38149
1095
6996
38231
39444
6543
17484
29992
9731
8474
8126
13510
29561
16471
6765
15359
12871
1278
551
39594
12956
21691
36579
11950
27560
17030
27842
9698
29472
14944
26820
28255
17981
24975
21431
5558
25834
328
22737
33803
2406
33158
6674
38183
31746
22756
25606
25440
26836
1307
21138
27049
35827
6179
12472
16017
37645
28893
5476
26500
10659
27160
24392
11079
23003
16612
26609
34330
10579
26625
33790
11264
24571
8037
24414
2574
1933
6279
5613
37120
27302
38937
15056
36882
26696
9300
11143
12455
16665
34208
12641
4411
22458
20464
1286
12953
5890
6448
38372
23812
7652
37905
2118
32399
3506
24074
27052
39182
9211
38508
35739
8035
37125
29725
37433
30485
33043
13465
495
6455
31519
23825
17278
20672
18858
36337
16971
36705
22854
8214
1253
22726
29863
1861
38093
29862
8853
33773
39571
6087
25388
30766
8569
37515
14881
31409
5193
28115
18826
33846
21798
12025
28300
32678
20673
5821
19599
23112
6607
28876
31751
35913
17224
31006
36908
2103
35114
26817
8047
32319
26816
403
8336
23281
38534
14248
36916
31516
24536
37511
993
6880
12398
539
9591
15058
530
2189
37266
25349
21996
12082
5161
15615
10314
38211
23777
10563
22227
12397
23828
23808
31851
35711
33490
33699
11492
39138
7069
35527
5248
16930
32546
11196
31659
18855
2452
29889
10195
12763
1455
4827
24044
12923
24627
24568
33251
34786
13215
5599
2701
18365
8762
13600
19872
5183
9389
4390
7988
966
29004
33799
21846
26787
3257
8434
35542
18545
12416
13319
28272
34933
34572
18058
20483
34332
15512
20780
889
9445
10274
38835
24065
25044
21269
12292
19775
19528
33968
5826
34084
4896
12677
12874
9812
31528
29844
20865
14336
15010
19357
35922
25783
34500
8250
36448
3385
26045
20449
28656
32884
5653
12801
6928
28873
6020
23321
24714
29000
8141
962
2045
17572
36101
10836
22190
22622
30341
27003
6667
37155
5568
16568
13201
32958
28691
27087
961
6663
30251
18772
20710
24077
19697
33533
1125
13626
5370
21944
33407
33217
36226
13046
33181
8794
36481
39146
9336
14676
31319
29258
17528
28618
29955
15835
8256
14114
6090
38250
24264
26921
16849
4787
27789
17229
10518
4291
1587
29593
26324
15761
21097
26483
11364
39264
15100
22092
14066
15165
23077
15531
39038
12564
30203
24201
31093
13153
21981
17090
9263
17105
31111
18623
24154
37392
34922
19444
31059
26018
38987
27393
20038
26273
34567
10436
7759
38961
5313
22109
13166
34070
8267
22844
17505
16583
29218
39883
1340
21227
37891
16121
6899
14157
28697
23973
20194
21791
30296
37760
24831
16688
2564
27185
30288
34424
20072
21682
2871
11864
28894
36783
25797
26951
18769
19053
13890
16405
28229
39880
16138
8846
37960
14338
35036
28220
35142
12560
7647
2573
39458
5595
28654
39626
21804
35551
14671
25020
32993
710
21398
17652
37029
29246
5504
28990
6193
37016
4640
36357
38616
32235
9736
37206
13568
35750
23536
67
17544
22864
21345
6487
22503
25799
38902
2176
15568
26248
16512
36741
8717
34476
39670
29109
26221
33611
24083
36573
17219
668
20241
37978
9618
13405
17511
17147
29359
9968
13430
36720
39792
24112
38928
37042
38500
15624
21701
27310
21149
6914
29192
11675
13850
8419
23622
16192
14527
1872
24785
10696
22270
13549
23317
33963
12061
23538
34349
26866
29418
24252
19899
17685
29172
12390
14989
21784
8110
29123
12573
15276
10604
32183
30276
39147
23344
36583
13846
1394
33097
10706
29195
26275
37092
28209
13328
23895
18046
10499
38457
22001
8776
8798
7955
39661
11861
4221
25158
7174
24267
33335
30550
31901
30918
13581
13522
34051
24984
38900
10226
13306
25908
36483
5883
11624
15956
3362
10775
10605
27965
39578
21813
5585
26240
30746
16519
5630
24982
17514
35272
20325
25252
3723
13666
5459
15280
558
31140
23408
22306
29381
17214
29259
2370
37878
26968
15213
13978
33107
25704
33727
6571
16267
18233
22237
25295
21295
35402
14061
30577
2071
14173
23989
2482
21096
20715
18426
7621
39721
37806
34348
8667
31247
38694
39605
32526
37169
38535
30206
30871
16444
6059
29239
33721
6085
26475
21900
38467
31675
22065
6966
37555
21474
30520
9622
16054
16029
37955
15952
26716
6151
38915
16697
16720
11643
16790
18460
16927
6381
20893
13208
4891
27618
24060
23850
29733
30190
24018
20649
8963
26270
7113
16240
24395
2414
25148
31317
21178
27949
1157
32274
11216
30373
25167
746
25707
5289
14234
25852
9786
19556
22523
31330
17231
37020
34719
34954
30282
34792
33198
23887
14289
20732
39483
2003
30178
13107
14394
15234
10683
4583
32920
569
38624
18268
2175
16005
18737
31095
29711
3423
9316
30454
9821
38261
28832
13753
16327
252
10394
10241
13275
31052
1593
10012
30940
33926
38242
19766
16182
16601
36600
20474
8012
33184
5742
39835
31858
18786
21767
17658
34180
37313
613
10442
27493
1101
20790
20938
26152
8289
9619
29012
8872
18587
16352
10851
34443
39063
23323
17320
31090
26755
15429
7599
22507
22395
10423
33992
19676
2123
16097
27836
26960
4675
39407
32750
35568
16540
10873
2225
22519
29904
19873
30661
33468
13606
17744
32363
31258
2357
5097
34091
39874
30112
9567
39620
35469
36150
38485
9147
32510
35957
28892
39259
31973
33059
425
8089
33930
13904
26349
26092
17757
11235
5751
14762
21046
31107
23954
23994
4815
244
16314
22310
18870
33067
20687
23385
29621
17995
14175
19907
13775
15644
24513
26912
11281
37097
5494
20941
14544
4244
11342
16546
5733
10208
33122
17259
21525
31910
29002
33723
2226
22048
2380
1012
20080
834
13075
9646
13432
32237
22750
1153
17376
21727
23024
23058
9309
36756
12676
2839
37424
297
20783
15998
12374
14935
34211
6709
5508
29325
28396
16041
23588
9353
31959
31447
24376
15269
32470
38013
11873
4167
3180
31386
12777
30324
25592
6554
28705
28770
23216
20511
38141
36047
7851
24236
26730
4122
30314
35541
32457
6378
10030
39302
37624
1949
5925
20001
18194
19070
36244
9788
12261
22641
918
22075
33579
156
35428
28625
12617
14118
11612
8191
23379
34990
13912
3211
774
1423
9008
19416
32811
31367
25574
6326
19743
15549
2654
11490
5581
23366
1533
3445
5451
10911
3518
4045
11270
38084
20745
4416
20803
4782
113
15500
30779
1549
9094
31740
17216
9809
38638
25133
1963
9347
18307
14553
14585
9779
27756
21304
3037
6197
8161
9058
1137
2889
15911
16375
9650
34133
29987
21574
24659
13769
39261
352
23488
37609
1863
38104
1556
26151
37567
3151
32254
2420
25745
24318
3572
13001
7700
36239
36169
19827
4506
28452
18917
27992
19229
37062
35540
12133
27970
12152
22923
18478
27811
8313
32265
12765
27714
29864
33736
30184
29179
34669
1530
27
29427
6388
6593
22178
5700
31724
9906
10715
26662
8117
6028
9399
1150
10469
25629
7887
28404
17710
14042
35978
20943
33518
30091
10001
20660
33672
7423
13736
38809
27402
12584
35076
14669
18378
2104
11522
12665
20880
2751
31657
12784
16365
4363
28537
30039
15456
7326
21016
10294
19105
1880
37246
697
33423
27376
34368
5366
37331
36276
13281
4584
31222
16162
39555
16436
37064
21103
12707
19091
23041
8648
35713
2737
8333
24069
29149
19366
31226
33645
30966
25257
14291
35683
38304
26584
10385
27392
36997
3900
37516
21710
29859
25943
4323
6751
8473
4510
36531
19270
3939
35575
8509
36740
25199
30690
18878
30936
713
5043
9676
18220
35892
38796
23111
26720
15738
13118
8366
28347
37835
38090
22933
13908
10296
31562
13991
13331
39409
21845
18616
32502
30172
22774
19222
8085
83
25152
27451
8464
14406
35230
38700
25640
30268
35128
24163
3405
39432
16508
15927
4911
14971
31974
15198
34663
37947
29697
5308
5892
17283
7208
7794
4182
22488
28135
24912
11396
14342
19886
3146
3599
25115
36462
15647
38801
4800
27484
11144
28094
16694
5221
10421
17462
20690
30127
31310
25514
12192
36026
559
39996
31868
19804
285
5667
22161
19204
8212
22846
1304
11088
36719
16872
25795
20991
9508
14463
7450
12712
11499
10700
31787
26686
36718
7022
5321
8909
659
3719
5403
12502
33912
30715
30783
14189
23325
19085
10924
27840
20047
6515
2081
39337
6289
32155
38351
11971
27960
289
9837
26116
5529
23117
38862
12660
12461
1783
23047
6924
37572
9777
151
4620
33896
1621
39857
23794
38157
31857
30211
31789
18083
34618
20575
37476
20605
5386
8692
33367
18415
5680
18235
32813
36080
10326
11392
22343
14340
23511
20811
26450
22057
37933
19223
26948
2360
33329
12985
21796
16646
7056
14590
8988
39945
24972
2558
2005
31467
23229
38941
38411
25025
9431
35704
28221
24205
13163
39121
23589
18098
26536
37005
18838
27151
538
32451
2858
33976
4398
11352
28861
38719
37355
33610
1178
22538
23020
16950
18935
29696
1504
27008
36728
15790
27198
36436
1414
18232
6520
4339
5169
26328
34237
2274
26306
4086
14179
24503
36092
16362
17782
10105
15175
26344
36604
9563
13546
26304
983
38010
31992
14292
25035
27852
36268
7042
6474
20108
6200
13382
34074
7172
2831
30148
35419
32452
21946
30548
3074
13021
18995
28240
3345
4263
37658
15860
34129
7626
30331
34983
32275
3038
4070
21937
11335
7084
639
18807
32517
37031
7905
17238
37895
14672
24167
11843
5445
18558
33349
29714
13378
1179
8728
38546
27708
32273
23179
4607
24641
26750
3023
17331
38374
17276
34822
10509
2166
2674
19623
24890
30569
13022
38314
5612
15573
6363
29105
39518
16671
22110
7664
23539
39324
3951
35059
37759
31743
10973
36028
31336
32145
5704
39233
18277
29348
32486
8352
24575
6962
13556
36400
5286
2477
12852
6268
16403
4999
36332
2253
37048
39177
34773
24520
38114
18256
1044
3856
31879
13418
17350
38568
34702
19198
7861
4096
19212
2291
21988
9674
31478
14108
33174
2556
12799
5077
4188
18060
16176
24445
33805
17146
29581
1424
29875
25798
7716
4135
13511
20624
6355
36157
39844
9486
34025
11824
23668
34316
38931
28794
22028
25506
22624
6216
26519
31606
37879
15138
29446
31700
3208
32836
3276
36504
4471
29724
4192
6189
27285
25623
14492
35706
24355
16956
23168
4945
6907
12715
27264
32686
14429
1140
22561
8791
39284
8235
21039
2129
25811
22007
13326
8967
18199
13893
35615
6201
12658
21926
2194
23914
12816
5087
19432
31731
28536
29685
23295
37524
23449
658
14583
26114
26657
28157
18649
28326
18899
13177
37072
19058
2587
36588
31007
26359
7331
37535
10263
14962
1447
28062
3018
37780
13061
4820
36198
39473
24281
22043
9924
37902
36060
19368
21681
24045
23
14488
28717
39360
7670
15317
37019
23483
4641
26180
31756
14777
20232
1688
23324
15948
4852
28293
23561
25865
34259
34184
14307
30474
31958
22880
18567
22400
37980
8796
38156
38930
14857
27856
7622
35025
4588
13718
8605
12513
1269
15275
8242
14060
12191
2731
10634
36323
22534
17678
20924
22847
13431
11783
17007
27202
8432
14317
9450
38247
4
38565
10847
32497
30674
5900
7649
37410
2339
27717
35321
18014
20502
26814
17489
21802
34915
11333
8689
34639
12594
31577
19767
34881
38278
2435
8823
15877
35501
11876
29293
13185
4569
28628
1295
24638
14106
2206
16227
8112
10852
9682
17938
13833
39925
33492
31048
17529
10070
18438
5626
32229
20405
13992
22643
5913
2164
39583
6651
17894
18225
15260
30624
10661
14542
30988
12121
7916
30578
27172
4103
29712
38165
35666
13025
29038
37961
37244
35422
18771
4128
13471
769
10798
28295
561
18301
17951
15436
10175
20719
36753
18216
25843
21250
14415
8123
8773
29681
4355
2311
24926
14277
73
2631
12322
31315
27731
27067
17405
24067
33612
12553
5407
19713
906
27846
22293
33176
38021
23839
5444
33236
39341
21669
24218
39919
1900
22320
37642
23505
5597
13016
7453
11577
264
2026
6846
19023
37106
16173
853
20541
26653
23029
36098
24501
30655
27116
37817
12448
18031
25794
36999
39209
6823
19031
4860
34943
1198
38553
8561
34883
14300
554
19073
6010
8638
35723
15022
18411
33563
22608
4892
33730
33673
11982
5973
30207
10267
34395
17944
16710
34891
1512
22397
29758
4494
35810
36371
32664
35334
32181
6372
23748
16252
4035
23110
26178
17657
36174
2762
3002
26408
10410
3353
15538
26047
38876
4454
35545
21820
21099
27038
15855
36602
22350
3306
23278
12526
10304
25666
37398
11056
23866
3866
33578
9645
5839
34083
25664
347
35196
39672
8960
10717
7894
11777
4691
28065
7577
28133
17534
24619
22954
7541
13670
19917
31945
33851
24768
1924
21034
16353
35814
33651
3189
39855
5608
29617
16152
9188
25737
400
17732
29953
14224
35454
36475
38193
21709
35435
7904
4735
31954
7322
32033
13712
9071
17949
13783
2635
32161
20016
20555
38258
4879
29488
19894
7830
35384
4780
22164
26302
3988
26383
15252
14461
6379
1979
5606
12899
9738
3293
17210
12830
3181
11077
29249
11213
18349
14953
25654
9006
38659
36423
29755
21276
36813
228
34787
39334
7987
22764
22772
31339
12386
23682
28388
24115
27619
1873
8730
30281
31490
25219
20305
37347
13220
22919
23051
5208
3277
35841
30048
35618
593
27142
13266
37110
28792
33715
11118
36057
28525
23400
31567
24485
26464
7155
36571
4943
8756
32902
4066
20077
10231
5982
14647
31977
14286
23771
39615
23476
7133
23911
5436
30951
34609
9808
39281
3085
39708
6172
23230
8890
35904
9109
34716
23450
27332
6092
30541
23817
23439
27211
11149
39585
19321
39190
36127
1594
22567
12606
10697
12887
9834
13147
34033
32919
10786
11386
36652
39781
30403
20190
38069
5914
38020
33101
10647
7363
29583
21831
9161
25353
11954
27517
1032
39714
2148
14807
1716
12984
14895
13996
26849
15321
10162
17979
20713
32088
38128
31252
26409
23008
34534
5901
6825
27397
36143
6572
26592
22015
19178
34455
15140
29055
25568
31894
36122
33902
20619
22171
19869
27806
7512
39158
28560
38609
15941
34698
5593
39306
26104
3916
30824
15681
22943
16312
29351
34108
21
24303
35467
10909
27866
13884
23063
6462
5841
22009
26136
23049
36264
20381
12055
28988
11666
6485
11920
31810
1230
45
34512
31827
11929
25653
9387
11304
4071
10363
6254
36416
24138
14581
19834
19135
19324
17704
20059
33835
30456
376
4840
20701
20322
10664
21947
11697
36735
34565
34
36
25251
36930
29633
3412
16744
29887
16455
931
28689
22455
16348
18390
1895
28787
13407
8596
35573
22260
10530
1215
26581
23138
3662
1755
16712
17142
36214
37058
25390
11165
27538
18937
29527
10346
4413
31401
21728
6231
11370
37686
5908
39668
1590
37772
1026
11811
809
13179
13424
31246
18842
34440
27950
13654
33814
13246
37466
6894
21537
199
1830
23178
39882
37374
33506
16146
7321
7234
13182
35518
18738
9620
36286
11161
25250
5332
7589
23732
23690
35895
8329
9973
26313
6473
30546
15564
16039
17145
16755
38543
12254
21397
13006
36336
35006
25485
1756
21631
16886
36553
37569
26596
29802
2181
20972
32149
13642
2227
15240
10189
22761
28585
212
14603
34846
32251
16590
31171
10097
14020
38417
13525
1634
2570
15450
1582
21934
16377
1913
20735
22213
22468
17038
23710
19906
31575
15679
34232
16392
8868
37522
26575
9648
24582
29702
37666
25588
17125
17127
21188
16006
24165
32612
18776
8357
30119
22069
1658
30877
35367
27551
25418
15460
24020
19328
28216
25467
33096
13255
851
24294
15487
48
37215
25224
27127
37411
35494
4277
27407
8852
33743
19094
18206
21038
29327
18099
10984
19468
26756
25202
18661
12186
8043
6073
14880
30360
34450
24222
25992
18178
35011
30131
30582
14156
9106
36958
34270
1940
18977
39952
27088
8358
35602
36780
17735
10508
28299
7583
13665
13445
25638
16830
5406
21698
4440
28754
38044
37141
11037
5513
30339
39475
37663
11428
22094
6086
25859
24098
23445
7623
36259
29840
25048
23678
22664
38596
11289
36289
23830
27563
17724
14814
26923
5020
21844
25182
13994
21082
1042
36160
2808
37343
26386
1352
32171
15478
14222
2529
34766
12139
28891
21206
29095
12237
39391
9633
4235
31025
829
31261
37166
15682
10875
31799
8096
18876
9225
20957
38972
16542
21918
2536
17378
941
14795
37330
2319
826
27616
20953
18743
5217
13354
4367
12916
24242
26560
31219
11055
5904
16219
33256
34647
31412
39741
22738
9207
35041
36572
26301
12086
22207
14150
3229
15766
8389
36945
35310
26740
26131
21531
8104
18513
29585
201
34621
33704
33517
16769
14570
12317
32495
6795
3080
7530
17371
29662
7897
8232
2412
24705
26062
28186
6300
31118
29638
5756
19440
18051
13058
26615
14472
21359
10681
14227
31761
14778
11816
2645
28541
4224
37342
26288
797
15521
7356
25977
5670
20542
22902
16149
8680
14451
13358
2182
3383
14941
29873
19186
2580
16499
12301
28694
30949
15825
14891
13868
8120
36433
3296
4973
10403
31037
35744
28378
15000
38366
6620
3015
39472
33151
27987
33973
9143
36062
7927
27798
16016
39618
22438
11244
5943
27175
36398
10793
17682
33115
5068
38202
34661
14
12559
19891
36507
14659
27490
20481
26571
27275
26842
37075
23759
35372
5703
8751
32800
30610
694
21033
35239
18402
34713
36784
4632
24099
63
6645
20035
10431
11273
9044
11301
31128
24782
7387
26105
2215
39809
4821
6493
2268
25522
10023
29661
32861
35933
13461
39487
12684
28799
129
18346
1994
23763
23568
15991
20284
3611
35366
26388
15670
32946
12939
12903
27657
13084
18114
4676
16891
20012
18532
18358
581
16221
27800
35859
33200
23261
22471
37243
7227
16482
18735
36016
585
32892
4078
25235
26317
15675
14725
12929
20348
37677
5874
38335
18517
22355
23352
18739
24008
32301
16598
16905
10142
20703
27674
37253
19533
30058
13428
16896
31611
15815
13518
28348
35891
4759
13415
25277
30302
10374
9339
12327
25808
27148
9040
3735
11015
10857
1172
12827
33783
8084
8210
13632
17565
11510
20421
15302
9950
27523
39742
38754
20632
22953
2349
21907
2027
9193
8146
7345
32007
25367
3420
25075
5057
27212
32393
20728
19257
27938
97
18200
3947
21262
7127
27716
8063
24578
14178
22882
12452
5139
8961
33280
7552
34354
15543
32050
17487
2250
13209
22312
14030
39608
2815
28685
36678
28699
4201
11208
21684
112
36683
7834
1774
38055
819
3873
16554
39629
35028
30921
5405
18370
30173
7992
6184
16959
36358
18577
15579
1078
8051
29995
13675
2356
16401
15087
2964
28581
30200
4498
25261
11820
6600
22217
29374
7853
28870
19608
29913
37241
32257
8672
38918
38873
23950
13874
15177
17469
38343
36305
3224
19995
13798
6264
9035
24780
32295
6805
35453
19139
22909
14180
9745
19340
16145
20066
14257
15942
21888
33274
37581
21732
19119
27515
35770
27687
8375
23308
32367
8327
19671
26939
39052
18998
14432
426
12307
10387
14437
24889
9582
6263
7062
1103
38581
17945
11694
1775
37224
33966
17833
3273
2365
10043
30827
9761
16256
25055
26654
11001
24254
8312
3137
33231
31298
22106
33559
8647
20815
35134
18465
21800
23339
6083
7495
22892
20950
17342
24022
3834
31832
6757
30962
29794
27105
14982
19083
10554
10500
31644
3479
21044
38940
5464
35487
25131
21438
30566
20425
17590
8410
5666
6492
9544
27996
13383
29016
3206
8664
15251
37201
21524
17895
17591
39376
10343
8159
17826
35224
26015
27729
33228
38017
7728
4837
23665
8892
9564
24656
9844
24251
36782
11910
22689
1143
39287
3118
4788
18698
4893
5347
184
38548
6093
5977
14495
5395
4931
24509
1668
16189
26303
38346
27610
21510
10552
30686
25490
31343
29989
20480
10781
23932
39505
6430
13541
3626
33191
21991
4947
11966
28533
6444
17056
2611
20160
16427
9235
36166
32759
15009
37299
4400
23312
3797
16969
20569
25328
16587
11529
14329
28852
30166
16504
4686
10349
24335
11025
37496
2079
24602
28658
5584
21611
1451
8314
25317
12960
18890
20562
14742
3930
22998
15360
3176
25459
2085
1560
4967
27894
34058
28975
4525
37040
18951
15767
31469
14957
31660
25583
35610
5327
34028
11467
14119
16837
32455
36206
10381
18038
22723
13853
3565
8580
27424
9256
24068
28041
8080
25424
16773
24639
8504
33631
33871
35672
1865
13951
12179
10057
34024
5882
38365
9888
39671
14631
24537
23744
27262
33590
6630
16031
24155
16167
39561
10572
2821
19080
37611
23468
12976
18691
29655
22675
12029
18883
19417
9395
13683
1004
21423
13523
36469
23731
1458
20646
6804
27915
29788
36074
30051
30645
14423
8884
24810
33318
13788
35733
9575
23353
8174
37886
23706
33519
19269
24697
26718
9088
12392
4614
37907
8652
27930
323
5120
20768
30846
28749
22252
7858
7483
12441
1503
26485
29069
2084
23028
13433
13267
14204
5198
22195
37122
16464
31741
28948
7249
38321
18269
36517
30287
31084
17499
1089
8171
22461
15091
21995
1809
29224
17178
28090
27390
9717
11486
29178
13684
37963
27301
37987
6466
38443
11465
32302
10245
13577
39345
38083
22539
35815
34352
37430
6886
13446
26797
34260
24161
15067
13823
6830
10036
16873
27288
39131
9130
18946
14377
14013
22314
30084
27956
15765
28273
31582
17727
23161
10835
21390
2417
17916
35363
21257
24561
15565
38387
19624
17615
37668
12071
10901
24757
3529
33988
13196
20770
10764
35659
38814
34286
1296
3172
30925
19035
4551
6959
39344
29917
35590
5570
21548
29170
21483
15467
14674
30498
2416
38913
21873
27059
14578
39562
7814
38494
30767
19206
5964
14734
30295
15373
28428
34631
36186
32777
8049
27884
1251
34986
21933
7490
24033
17092
28673
39331
2652
35800
37638
386
26206
32753
11074
10810
33756
8546
25197
3694
9362
32305
5214
3998
20794
34785
30840
14611
17706
39316
14868
28851
10553
35357
748
35958
11810
22024
37044
37165
17601
23169
22930
4283
36317
825
6903
16662
28170
19536
13442
17002
36971
32316
35779
19566
22344
17890
18238
22758
16630
9891
11011
17564
5064
29465
37354
32013
20019
12885
10222
10749
27312
36347
31
10594
11779
7965
10558
34005
14056
1617
802
3556
25969
11193
8220
23489
30297
16399
27025
18015
7067
5291
11922
31698
28637
7259
16948
10657
16302
12057
23968
34535
15518
10240
12656
23715
31811
6997
6215
24989
3175
5142
6477
29050
25051
33504
16647
4455
27999
27734
16245
29817
35867
10527
2102
10456
36106
15978
689
29589
33580
30161
39117
27321
11722
3435
31880
32024
36978
51
3314
9623
7185
18157
6361
36933
26843
32951
12479
455
22997
6099
9628
18023
12118
6791
10797
2222
16709
36158
37295
28147
22670
2125
32623
5154
30381
35014
17798
30087
17400
35270
3205
17420
36898
33127
24954
25960
38440
10307
29110
4242
16190
31998
34412
28674
35939
11815
10161
30224
4146
16133
38693
7472
27843
9321
26709
18109
5538
11764
34791
12860
35171
34722
614
5493
34516
33248
5725
35484
28238
27680
21233
34495
35914
38383
17083
6325
19041
6990
5021
38663
9390
24497
12705
32202
36636
1148
27635
28214
15490
16440
6833
19492
37257
6614
870
11434
21331
2677
21340
24669
4961
29715
12766
14841
39886
32132
12200
39151
25179
12910
11480
11736
29071
36998
1619
707
38095
2745
29882
14529
7000
15371
3147
12396
26322
33322
11057
7693
22193
5969
22196
16941
29543
37495
12146
1117
23540
26479
38971
13336
38404
3511
15748
17731
15747
30596
18728
19265
1404
4767
3851
7863
34627
5174
24651
16901
18295
16717
14664
531
17807
23841
30229
10188
6273
11180
33332
23601
32639
31754
2171
14899
28402
3441
17962
3498
30549
35869
3417
29273
3796
16656
11519
27026
34815
23919
23582
29700
18135
20667
1844
11906
38464
28601
33270
26819
38992
12913
30065
33923
7240
36393
22313
33046
18742
23602
30197
27991
19800
2305
3356
17136
19144
11338
31656
28466
4191
18249
3227
15065
8614
24840
1430
19734
15038
29481
21711
10709
4526
31759
19731
35032
29086
16201
11817
30706
27043
39160
38612
2522
1124
26032
24015
13206
7358
390
10201
8206
14251
9127
14123
8539
13298
18823
11967
7951
24411
12217
33639
8445
18714
22811
32754
6935
8285
35872
16511
14262
11566
16734
14378
2875
33604
18633
7281
1781
25984
10171
20833
22368
9432
3641
12674
12535
30519
27037
16821
26330
13558
23695
34246
23816
31860
37656
1975
31636
20398
14575
27761
11808
29471
3692
14545
38917
7663
6868
20204
31445
6008
3684
32631
13527
26013
16556
30275
30831
33267
13620
25092
14820
29296
5997
37637
34667
28903
35023
11952
6067
20032
33556
16242
3203
27179
7501
6775
4076
33546
25687
30005
3920
28196
18025
29491
8437
6208
33178
18451
17104
10358
12854
2320
30817
26295
1469
34285
22682
8147
19539
25129
31466
35075
5862
23753
19918
14373
37813
16975
36356
24385
18164
8611
24661
25768
21100
25209
16628
2056
24842
8494
5646
14816
1609
20845
23906
4636
18445
39125
1112
37036
2951
29288
37706
17063
25174
11702
14260
37324
17817
30689
2508
8205
24262
36021
24617
18355
21326
18744
11269
14169
28256
37008
19478
1356
32343
39559
38152
26517
19728
17864
12303
4307
37681
37104
35030
24051
7309
28495
30571
13545
11361
25801
9087
29024
25646
20749
11926
21993
22263
26990
14599
37622
1205
17360
23363
22169
31101
25991
4088
30069
33718
35588
32158
38544
29562
31647
17815
31772
12647
3720
33537
24883
37319
22478
32420
33934
5417
39033
23001
2876
16329
13312
30807
15220
39613
24922
21781
37539
33944
8424
16163
26269
22851
20731
33591
13117
20233
10603
4461
4479
3616
21786
27395
