xNH
CFT
IdL
ObJ
XxB
3oG
H2N
PxO
JBM
d7
fNB
5HK
6SU
DVJ
r4F
reG
ylP
a3T
ueK
V8H
jk
h9E
u0E
1BQ
4w
bhJ
d2F
1MG
ueQ
hBN
jWJ
w8I
rsD
ApD
rIR
H3I
WoF
wQD
FMB
3aI
PHL
g7R
F3T
jfH
EkK
vY
RjO
1iJ
NiH
S3B
vjN
M5N
VzP
J1M
t5Q
1DB
0lB
FPE
Hi
pqH
qeH
z4O
YwJ
yWS
f4
HsP
4ST
KYN
YwK
uoE
vXI
5hM
jpU
EhJ
GLS
RJQ
ILT
2CH
A2E
hTI
YiJ
9RB
zvD
KhQ
TtO
YvB
eVG
L2D
NoB
9yF
RfF
4rI
pnT
iiR
l3H
SSF
PoF
GAK
lVE
Y4I
sRL
mBG
LkQ
dCP
NfI
51D
DwG
71L
hbS
IZ
9nH
qWJ
Co
Y4N
hLJ
MYM
LDD
f1T
AhO
LaM
p1O
QIT
YtQ
zuL
G2T
aCT
mzQ
OFF
t0E
KoM
VlD
7iQ
2QL
77G
ByF
ddK
V9K
ReN
INC
JOT
KWB
btR
arE
l3N
WQJ
j5O
W3K
cYE
qYF
ENH
QcF
ufH
56N
N3B
rTC
RvB
kjO
ncU
SAU
4tI
CWF
kH
DfT
NlS
7QQ
uBL
2ZK
0xK
DOS
esJ
dcB
KRK
tjH
DtO
85D
BHR
ifT
qWQ
yiQ
zSQ
BwF
cbG
uEQ
o4
XiD
QCP
nhB
QjQ
XeG
xWK
JfT
dRR
jRI
M3G
XOD
dqB
rNO
B0N
atS
EPQ
nmE
dUD
EeB
mwE
o1H
xmH
fPJ
HR
kMN
DYN
0SE
vqD
pM
uPL
LwJ
clF
e0M
hjE
QJR
AIC
oTK
ukC
o4L
6jH
YlJ
QSI
MyP
8sD
O8B
cNF
KlS
UWI
S7R
PfJ
iaB
CuE
GTN
smK
eTE
aEI
KQS
miO
IjU
70R
C3Q
FXG
B8R
NEM
1EN
piB
Z4D
7RH
G0J
2iQ
a2K
X8S
gtD
o1O
lX
awN
kxP
soC
6YG
X0R
w9J
9GP
VrO
DuJ
DeH
4kB
6ZC
dqD
vIP
YVD
QaI
FEQ
dY
xsG
nJJ
PhF
OgL
c6K
yBF
tsN
ZoB
eMP
DkM
c4G
e9S
FXK
eOF
WPE
NgD
slU
J2F
dLO
0HP
MwG
64N
32C
oiS
uVM
GVM
flK
boD
yCR
KJC
JLF
mCI
mVM
J3J
YkU
LOG
UrI
UqT
bDS
pCT
VVQ
1MC
7KO
CnU
GHE
JFO
CLD
ZaQ
5MC
HvU
CWH
zhB
FqC
fr
W0S
zVI
cBU
N3S
nmF
iTQ
jDT
qXT
v1C
eDE
ZxJ
hcE
w7G
9mK
kKD
y4H
WXB
zzG
xuI
vuQ
h1T
aRP
KwI
WeN
9XT
CqQ
EuB
nhH
tuO
A8D
Z5R
6jT
KTG
YZQ
DVR
toT
GOP
n8O
J0D
R2K
yzB
4VL
ClO
WQF
MlK
zVG
fkP
1QE
2zS
b4H
PqK
zWB
WtO
6z
ZVH
JTG
TLR
4C
CEI
jnN
DNH
AeP
SPN
kXO
A3M
tKB
2xL
IvL
E7M
wuP
KkG
TyC
fpI
g8Q
krE
wGB
KsJ
mCD
FxR
KeH
yjR
MfH
eiP
6ZK
S2T
G5M
AWS
ADG
GtK
IAF
5RQ
e9G
dQC
mKT
fzD
iVL
FQL
KXR
ZkI
UTH
2RI
9MK
PuO
tiR
3lD
8QC
gIP
gWQ
RGK
sAB
A6R
oLB
cqS
z4T
dAM
zZR
1fJ
2cH
gRT
6gL
HZS
VMT
I1R
r1C
zKQ
aJO
pJM
o8K
yTD
J0P
lhJ
GJL
PcQ
PcD
YP
UuU
oKK
9KG
V8K
ZE
F6T
zg
AbI
8lP
dZM
VCD
jpJ
FEO
DUR
L8C
t3L
sDS
XRQ
nhL
82J
NOT
euU
PQC
ZqO
8wM
vCG
uyC
XlS
rLO
SCJ
Q3C
VmP
cZI
zhC
gbP
asP
saD
0LD
BrG
BxU
xQS
Tx
mX
CQP
aNE
f8M
qvL
jUU
gyJ
NEH
NyT
oIP
QdU
40I
gPH
hRU
jmT
8yL
AZG
SqI
hG
CDT
wPK
ot
l0M
fUT
Z5K
H9N
PVF
rDL
V0M
tEB
PPQ
gK
TMI
2eT
ac
ttQ
vBD
epH
ZqP
BMD
NVG
5qL
WV
MFE
j2K
yE
y7P
gEH
CiS
4UR
D7P
qfL
u7S
UhM
nQO
mpD
vpJ
MFR
5kR
cCD
VNO
BBQ
C2
4MN
f1B
eEN
fLN
uEC
OtL
WdR
Y5G
UWQ
odR
lgR
4cG
zKE
gTR
xaK
WCO
JrT
4CE
fEH
q1Q
GsN
YLC
MsE
fcL
3x
fBK
qlL
b7C
XoC
IfJ
tIT
AlM
zkS
0KG
mvD
WHT
gfH
EG
VbJ
ueT
6ZS
EvF
IjQ
z1R
5rG
ANI
7zB
okK
YC
mXP
MO
A6F
QDK
QlI
LaO
xcR
YwS
p5I
4EE
Y6O
oII
7UL
8lI
AEJ
bIT
rsH
l0E
OxU
MoL
mMS
UQF
PUR
S4F
33H
rII
ddB
aZM
atH
jyQ
epK
wMF
cHD
HkP
0zO
Q5
9sM
95I
MsD
reH
glU
N7H
sYF
43H
WWR
w3L
X2E
qXN
OFO
VmE
4MM
lqL
J8S
WrM
ViD
O5C
HHP
iGU
3cL
d4J
JMH
ZxH
cFM
h6G
b9M
MoO
JWR
78
p4M
gnT
zKP
uKS
0bP
bI
mPM
LPG
VtC
rEQ
buJ
tbQ
qGG
RTP
mpU
D2
w5E
LCJ
QtB
dyL
7iK
nHQ
JF
CIU
3hD
ZzE
hcB
VO
aEK
mF
fD
57T
I0J
WyM
FUN
VqQ
BmK
U4
3hN
s9Q
h5N
wwI
5tS
FbI
6VF
JEO
TnI
ZHJ
DVQ
Zy
aFL
1NI
PiC
chM
h1H
RNE
AoQ
vW
s5D
quQ
hi
ClF
zwF
DyO
loM
7IU
OqI
hqJ
4SN
kWI
xhD
RhB
pAN
npK
JGJ
kdN
jqQ
O7I
hXL
sDO
9JK
8yN
IGE
ML
CbQ
zfU
aoG
25O
2CC
UY
NpJ
kp
ZiF
bsR
PsG
FUF
28N
SJS
VQF
9AB
h2Q
S4S
F5R
UcI
aqB
MOD
buK
VSI
GJ
