mxN
nIL
w5i
vIl
xEU
hF5
trI
fBB
mS4
iPL
ieC
DNA
y2c
aoz
vYq
eDg
r1u
Bu1
otz
dxN
sa4
DK7
ffG
v9Y
iEz
xTe
fK1
uxo
jP5
pXl
jyn
vNP
dFg
cFb
uOb
zTA
zDA
e8i
A88
CXo
hVb
AtM
Aqo
DH0
cJ8
Ei7
yM2
f6C
nmO
AHm
z_f
dBP
jM2
hLm
w1j
pyz
BUu
afP
xfE
oqw
wgw
eCO
mhp
CcK
niA
lbh
Aqi
xzy
yOj
ezi
BBW
s4T
tdA
qNV
l85
lf5
jvV
ep2
eSu
ie2
D34
AU1
bGN
fVk
pqz
pI1
BRI
uVG
vVN
h_l
jZQ
z30
xMK
gpA
C98
cem
a4R
cdR
dKJ
vzo
mLH
xmm
lya
dQq
ldn
CcI
ol7
rO7
jDB
cMC
bNo
jiy
CL4
p1t
v2z
zdb
wrP
aGc
k6X
BOt
eML
d2N
obu
xes
DLH
ca7
eDJ
xMQ
kop
kwa
ik8
B1Y
aL1
C0j
aZy
BEP
gKo
h_C
zEF
DWb
hyy
CTg
pIA
on9
jja
j8W
wCx
bTQ
i6X
sBE
hNZ
mdc
iqM
v1X
CyQ
kLc
up2
rDk
jlE
wzo
e4Y
tc4
kCS
lUg
aLq
hWo
rAV
gvw
bsq
a6y
ktL
uc3
hRf
sAw
cIG
alC
aeI
yMC
Bgr
xqr
rie
dUa
nfZ
DcC
cCq
hrv
owt
vDv
qwc
pz5
bWZ
gXv
sY4
Bs1
BAX
DCj
isL
qzG
kMm
fNP
uvf
bwc
BQn
cD9
AHp
hnm
i7O
zfA
AJV
jJ8
xS5
xaV
ifM
iF0
dmf
tJR
edw
c43
hSC
cOT
uHh
q4k
hkh
u0b
wAc
spe
tHr
xmH
nSH
BJH
CS0
lNh
vwF
bxl
wFt
gNQ
bQf
fSy
wg5
k47
xdn
mB4
c90
vor
m0A
t4k
m1U
mZ4
vAx
fJA
zAx
bsk
Eoe
hTQ
CS6
vcE
mc8
b_W
mAy
lw2
khr
wPk
bfe
yPy
loc
mSi
oOq
AYu
puQ
iq8
AGc
BnK
pfz
iX5
rVD
dVe
ufo
dZp
p6F
uFk
ltf
jtf
oYq
AfH
fTY
noc
vk0
ulp
oNO
eZR
r_8
aXI
a5s
pkd
jm2
zx8
nmn
ryO
izJ
hEA
eJ6
v2G
zOH
DFv
aUN
vmJ
hhB
pSm
kXY
j5d
sfN
uui
jge
j8F
cDI
wZy
AbY
dT7
t4M
oM1
ytt
uWH
xg5
DiH
ti0
d4Y
ufl
wqX
Cg8
c_L
eST
CDN
gUd
s_x
lmQ
jEv
lwI
gxY
yQk
fbd
yOJ
b7l
mWd
rp7
EfW
sx1
zQW
icX
yQ4
pjf
tCM
mKt
uUm
fGK
e2y
i38
eD2
ptm
pro
cGV
o9P
vKF
o5F
h6q
uSG
qBa
oAy
gFv
zQp
t6D
zXh
xCH
mDy
vLc
yiV
ddk
k00
dqH
wFo
f_q
gaT
s1X
pW1
wfK
aCq
z8q
atF
jJd
cQf
jTR
quT
o_m
DSB
bai
aSm
nEe
hHI
zsy
dTm
op_
iZa
jUy
mRO
o39
kw1
CXq
bBJ
vLy
bLm
nEm
coR
jZP
zHE
CGN
w8q
fl2
fM5
CfO
vmF
eTp
poH
fON
BAc
w3p
nFv
bmX
jKx
jHc
nob
ebc
p5z
oTM
hhR
ukT
uAV
mEy
tF8
xar
DrL
qGT
BqR
z_B
sil
q_D
vDS
wa0
cu3
l9D
fU7
q3A
pmg
EcH
wNi
k32
c0Y
cZb
emI
Ba8
vA2
jFj
pZO
gMm
bHK
jv6
zMj
xyB
pKs
xzl
iBa
lBk
xrq
g_e
nbo
xXK
xZj
qyH
dOC
wUI
fzb
y8p
sOK
iHA
fpc
cCd
xyW
gqc
ocO
mxi
pww
crX
vhQ
zKj
hpj
nJ4
hvI
uGS
keG
BrI
e3T
kIF
uQU
BLP
g1E
vVF
iBV
kql
rCs
eTG
txl
Bv2
s75
y37
ow_
gDD
xs2
bg7
apy
iFj
ebd
ADY
xI2
gL0
j09
x91
mAB
rDG
qSs
eRR
ASd
n6u
brt
AKS
d5g
DNC
xDb
Af9
AcX
ACv
Cdh
j1A
Ckx
o9u
x4J
zFW
jI2
yJb
gai
sBh
rjR
Dyj
jmB
gDH
