2H
2C
1KJT
ZPT
HNO
1J5T
17L0
PRH
1QC0
1ZLC
1J5O
1KJO
1LH0
1GUC
OU5
1K35
P2C
APT
QOO
TXH
16FH
1WCO
1MMT
232H
1NSH
1E2C
ZY5
1QC5
1YWC
ITH
23ZT
232C
Z90
Y3H
1XIC
9K5
1XQT
NWT
2250
NOC
12Q5
1PN5
1EZO
1WTH
181T
1B20
1IGO
18QT
1DLT
23AT
N7T
136T
1YFO
1KS0
1HB5
1IXC
1HB0
Z0T
1P6C
18A0
174H
129C
1R9C
DQ0
K7H
FT5
XEC
KWC
15QH
X60
DQ5
18IC
1PEO
23J0
136O
NWO
1UQC
255C
ZPO
1GDT
BN5
1NSC
1KBC
17L5
1XIH
106C
1PVC
1O95
1Y7C
1VFH
GQC
1EZT
1BZC
1HRO
CSO
1UYT
A0O
C3T
R5H
LD5
1T40
24OO
1VFC
VBC
15QC
10EO
MAH
19FO
1UQH
ITC
WPH
TGO
17TH
14T0
9SH
2485
NOH
ICO
20IT
A95
18Z5
KFT
BN0
ODC
13VO
KO0
WXO
1IXH
MIO
1PET
1EAO
11KH
1X1T
VS0
197C
1EJ0
UE5
PZT
K7C
UE0
1VW5
MIT
19O0
1NBT
ZHH
151C
1FOT
15I0
1SF5
JIH
1L8O
JA5
1LPC
1LH5
1ALH
T05
AY0
PAO
F40
CKC
1OY0
1BR0
14CH
1G5H
VJT
1QKH
1NK0
1T45
1ZTT
1L0C
1Z4T
22LT
1ATT
1BAH
1F80
1A4T
1W4H
LLH
W8O
20ZH
XV0
1UI0
GYO
U5O
1OPO
22LO
14KO
24GC
13NC
EVO
XMO
OLO
1E2H
197H
174C
LD0
UMC
S2T
O55
1VNT
11KC
1X1O
1Q3T
Z0O
21G5
22DC
1440
1B25
1WTC
VS5
15I5
OU0
23J5
1IGT
24OT
1R10
1CWO
LTO
1W4C
1EJ5
1H2O
16W5
JQT
1WL5
13NH
1GM5
1PN0
1R9H
12YC
1TKO
A90
23RC
1V75
DYC
13F0
E6T
19WH
17CT
1FX0
1Q3O
15YT
D9C
1KS5
NG0
1C7O
23AO
12HT
159T
B6C
T8H
1BAC
J1O
1L0H
QGH
217O
1I05
I4C
YBT
SJH
1U1C
AHC
11C5
1JMC
1WL0
1Z4O
PJ5
1COC
1SF0
1QSO
1JMH
1ZLH
SB0
RM0
1210
22U0
1N3H
9BT
1QKC
20R5
1OY5
1LXO
8V0
1O0T
XV5
WH5
HW5
R5C
1KBH
GYT
21G0
113O
1S6O
D15
RM5
1IP0
SJC
12HO
G9T
1AD0
TGT
16NT
HNT
1F85
1HRT
1BZH
8MT
HW0
12Q0
1O0O
MZC
AY5
18QO
YK5
18Z0
129H
V30
1L8T
14CC
255H
23ZO
19O5
1FOO
V35
1SNH
X65
W0C
PRC
1M60
CC0
1OPT
1I8C
1UI5
YSH
1ERH
1445
Q80
YBO
1A4O
8HJ
8HI
8HH
8HG
8HF
8HE
8HD
8HC
8HB
8HA
8H9
8H8
8H7
8H6
8H5
8H4
8H3
8H2
8H1
8H0
8GZ
8GY
8GX
8GW
8GV
8GU
8GT
8GS
8GR
8GQ
8GP
8GO
8GN
8GM
8GL
8GK
8GJ
8GI
8GH
8GG
8GF
8GE
8GD
8GC
8GB
8GA
8G9
8G8
8G7
8G6
8G5
8G4
8G3
8G2
8G1
8G0
8FZ
8FY
8FX
8FW
8FV
8FU
8FT
8FS
8FR
8FQ
8FP
8FO
8FN
8FM
8FL
8FK
8FJ
8FI
8FH
8FG
8FF
8FE
8FD
8FC
8FB
8FA
8F9
8F8
8F7
8F6
8F5
8F4
8F3
8F2
8F1
8F0
8EZ
8EY
8EX
8EW
8EV
8EU
8ET
8ES
8ER
8EQ
8EP
8EO
8EN
8EM
8EL
8EK
8EJ
8EI
8EH
8EG
8EF
8EE
8ED
8EC
8EB
8EA
8E9
8E8
8E7
8E6
8E5
8E4
8E3
8E2
8E1
8E0
8DZ
8DY
8DX
8DW
8DV
8DU
8DT
8DS
8DR
8DQ
8DP
8DO
8DN
8DM
8DL
8DK
8DJ
8DI
8DH
8DG
8DF
8DE
8DD
8DC
8DB
8DA
8D9
8D8
8D7
8D6
8D5
8D4
8D3
8D2
8D1
8D0
8CZ
8CY
8CX
8CW
8CV
8CU
8CT
8CS
8CR
8CQ
8CP
8CO
8CN
8CM
8CL
8CK
8CJ
8CI
8CH
8CG
8CF
8CE
8CD
8CC
8CB
8CA
8C9
8C8
8C7
8C6
8C5
8C4
8C3
8C2
8C1
8C0
8BZ
8BY
8BX
8BW
8BV
8BU
8BT
8BS
8BR
8BQ
8BP
8BO
8BN
8BM
8BL
8BK
8BJ
8BI
8BH
8BG
8BF
8BE
8BD
8BC
8BB
8BA
8B9
8B8
8B7
8B6
8B5
8B4
8B3
8B2
8B1
8B0
8AZ
8AY
8AX
8AW
8AV
8AU
8AT
8AS
8AR
8AQ
8AP
8AO
8AN
8AM
8AL
8AK
8AJ
8AI
8AH
8AG
8AF
8AE
8AD
8AC
8AB
8AA
8A9
8A8
8A7
8A6
8A5
8A4
8A3
8A2
8A1
8A0
89Z
89Y
89X
89W
89V
89U
89T
89S
89R
89Q
89P
89O
89N
89M
89L
89K
89J
89I
89H
89G
89F
89E
89D
89C
89B
89A
899
898
897
896
895
894
893
892
891
890
88Z
88Y
88X
88W
88V
88U
88T
88S
88R
88Q
88P
88O
88N
88M
88L
88K
88J
88I
88H
88G
88F
88E
88D
88C
88B
88A
889
888
887
886
885
884
883
882
881
880
87Z
87Y
87X
87W
87V
87U
87T
87S
87R
87Q
87P
87O
87N
87M
87L
87K
87J
87I
87H
87G
87F
87E
87D
87C
87B
87A
879
878
877
876
875
874
873
872
871
870
86Z
86Y
86X
86W
86V
86U
86T
86S
86R
86Q
86P
86O
86N
86M
86L
86K
86J
86I
86H
86G
86F
86E
86D
86C
86B
86A
869
868
867
866
865
864
863
862
861
860
85Z
85Y
85X
85W
85V
85U
85T
85S
85R
85Q
85P
85O
85N
85M
85L
85K
85J
85I
85H
85G
85F
85E
85D
85C
85B
85A
859
858
857
856
855
854
853
852
851
850
84Z
84Y
84X
84W
84V
84U
84T
84S
84R
84Q
84P
84O
84N
84M
84L
84K
84J
84I
84H
84G
84F
84E
84D
84C
84B
84A
849
848
847
846
845
844
843
842
841
840
83Z
83Y
83X
83W
83V
83U
83T
83S
83R
83Q
83P
83O
83N
83M
83L
83K
83J
83I
83H
83G
83F
83E
83D
83C
83B
83A
839
838
837
836
835
834
833
832
831
830
82Z
82Y
82X
82W
82V
82U
82T
82S
82R
82Q
82P
82O
82N
82M
82L
82K
82J
82I
82H
82G
82F
82E
82D
82C
82B
82A
829
828
827
826
825
824
823
822
821
820
81Z
81Y
81X
81W
81V
81U
81T
81S
81R
81Q
81P
81O
81N
81M
81L
81K
81J
81I
81H
81G
81F
81E
81D
81C
81B
81A
819
818
817
816
815
814
813
812
811
810
80Z
80Y
80X
80W
80V
80U
80T
80S
80R
80Q
80P
80O
80N
80M
80L
80K
80J
80I
80H
80G
80F
80E
80D
80C
80B
80A
809
808
807
806
805
804
803
802
801
800
7ZZ
7ZY
7ZX
7ZW
7ZV
7ZU
7ZT
7ZS
7ZR
7ZQ
7ZP
7ZO
7ZN
7ZM
7ZL
7ZK
7ZJ
7ZI
7ZH
7ZG
7ZF
7ZE
7ZD
7ZC
7ZB
7ZA
7Z9
7Z8
7Z7
7Z6
7Z5
7Z4
7Z3
7Z2
7Z1
7Z0
7YZ
7YY
7YX
7YW
7YV
7YU
7YT
7YS
7YR
7YQ
7YP
7YO
7YN
7YM
7YL
7YK
7YJ
7YI
7YH
7YG
7YF
7YE
7YD
7YC
7YB
7YA
7Y9
7Y8
7Y7
7Y6
7Y5
7Y4
7Y3
7Y2
7Y1
7Y0
7XZ
7XY
7XX
7XW
7XV
7XU
7XT
7XS
7XR
7XQ
7XP
7XO
7XN
7XM
7XL
7XK
7XJ
7XI
7XH
7XG
7XF
7XE
7XD
7XC
7XB
7XA
7X9
7X8
7X7
7X6
7X5
7X4
7X3
7X2
7X1
7X0
7WZ
7WY
7WX
7WW
7WV
7WU
7WT
7WS
7WR
7WQ
7WP
7WO
7WN
7WM
7WL
7WK
7WJ
7WI
7WH
7WG
7WF
7WE
7WD
7WC
7WB
7WA
7W9
7W8
7W7
7W6
7W5
7W4
7W3
7W2
7W1
7W0
7VZ
7VY
7VX
7VW
7VV
7VU
7VT
7VS
7VR
7VQ
7VP
7VO
7VN
7VM
7VL
7VK
7VJ
7VI
7VH
7VG
7VF
7VE
7VD
7VC
7VB
7VA
7V9
7V8
7V7
7V6
7V5
7V4
7V3
7V2
7V1
7V0
7UZ
7UY
7UX
7UW
7UV
7UU
7UT
7US
7UR
7UQ
7UP
7UO
7UN
7UM
7UL
7UK
7UJ
7UI
7UH
7UG
7UF
7UE
7UD
7UC
7UB
7UA
7U9
7U8
7U7
7U6
7U5
7U4
7U3
7U2
7U1
7U0
7TZ
7TY
7TX
7TW
7TV
7TU
7TT
7TS
7TR
7TQ
7TP
7TO
7TN
7TM
7TL
7TK
7TJ
7TI
7TH
7TG
7TF
7TE
7TD
7TC
7TB
7TA
7T9
7T8
7T7
7T6
7T5
7T4
7T3
7T2
7T1
7T0
7SZ
7SY
7SX
7SW
7SV
7SU
7ST
7SS
7SR
7SQ
7SP
7SO
7SN
7SM
7SL
7SK
7SJ
7SI
7SH
7SG
7SF
7SE
7SD
7SC
7SB
7SA
7S9
7S8
7S7
7S6
7S5
7S4
7S3
7S2
7S1
7S0
7RZ
7RY
7RX
7RW
7RV
7RU
7RT
7RS
7RR
7RQ
7RP
7RO
7RN
7RM
7RL
7RK
7RJ
7RI
7RH
7RG
7RF
7RE
7RD
7RC
7RB
7RA
7R9
7R8
7R7
7R6
7R5
7R4
7R3
7R2
7R1
7R0
7QZ
7QY
7QX
7QW
7QV
7QU
7QT
7QS
7QR
7QQ
7QP
7QO
7QN
7QM
7QL
7QK
7QJ
7QI
7QH
7QG
7QF
7QE
7QD
7QC
7QB
7QA
7Q9
7Q8
7Q7
7Q6
7Q5
7Q4
7Q3
7Q2
7Q1
7Q0
7PZ
7PY
7PX
7PW
7PV
7PU
7PT
7PS
