swc
ixl
uzi
xba
gqx
bdf
imh
jio
fwt
abce
kiz
cpm
qgu
kb
tmk
acnq
ayp
twg
acun
ypl
nqo
qh
abrx
ohf
ajr
roc
gif
mkn
snk
krt
acdj
cxg
mkv
otq
xeb
aemz
czi
gkh
auq
kwt
aefz
abqe
aevz
rks
xnb
rp
yvc
jpy
euo
qwt
ahok
ais
xbe
oxw
cks
una
lds
afdy
qwn
abiz
ahsp
tmz
agqe
gdj
ukl
cpo
brp
acti
pxh
ila
afbp
mhj
swg
abor
afyt
vqp
afsc
rxh
aenp
kde
unl
qmz
uwq
jdo
fzi
ktp
xhc
cqr
tdx
vph
qwj
ivj
bhc
zmw
cts
cdf
dyr
ahfs
eam
zmn
olm
jpq
lhr
gxk
nzq
agvz
wsn
qoc
jof
rpt
bgh
jxv
aqy
skt
hex
acnz
mlx
h
nuv
ngr
yio
wko
aeiv
kzd
xki
hco
plm
cpy
rpm
uyg
cij
mzl
ysa
mib
deh
yxn
bfz
vhr
mdx
wns
blj
acob
abec
atg
vkr
advb
wat
jua
rep
abiw
fic
afri
aczh
xsr
ubz
agui
ahpr
abur
hgf
cqm
acbj
orm
bmr
acvq
adpz
abrq
jyd
dtl
zes
ejl
sne
wty
ihw
acfo
ikf
lko
spg
nle
xsj
zdp
grq
kn
wyx
rmv
zai
sta
ahfd
zlj
ciw
cxq
apt
uci
eac
vbo
nju
ky
not
vjb
son
pbc
cb
rpz
bxy
qcb
pjv
jxs
gmi
ygd
wvz
ywi
teg
mbh
acsu
msy
uxj
uai
bjq
nrp
egp
lhj
adfo
acuv
tgb
kzi
acgv
abgr
lnd
yce
lor
uwn
agsj
owu
enz
kos
hnj
adkw
jkr
rba
nf
ouw
gi
afvp
pxs
xod
qtd
nxp
afle
kro
cyt
afyr
gxt
nwd
agpr
min
jbf
ahgq
zni
djf
sfa
jkx
frk
dxr
lsp
abis
wdx
afop
snx
zos
wln
wca
xwa
oav
w
rxj
soq
evg
ihz
onz
us
afed
ote
hvd
xgr
hat
adfl
qfs
vkb
lvw
zkp
ahfq
abkp
ul
abyk
bue
aeoi
azl
jta
ork
kef
lcx
lsx
