pebble_1401
rock_1760
worms_1786
hair_1923
pebble_1076
rock_1261
rock_1407
worms_1178
charm_1267
pebble_1265
strings_1419
pebble_1668
mold_1974
mush_1735
dirt_1710
rock_1252
charm_1533
mush_1479
dirt_1521
rock_1387
mold_1627
rock_1793
mush_1476
strings_1714
pebble_1043
worms_1231
lint_1780
hair_1774
worms_1291
strings_1580
worms_1452
worms_1257
dirt_1216
pebble_1190
hair_1229
mush_1590
pebble_1706
mush_1510
mold_1883
rock_2026
rock_1163
mold_1574
hair_1818
dirt_1939
worms_1003
mold_1288
worms_1040
hair_1275
charm_1289
charm_1345
rock_1516
lint_1350
pebble_1721
mush_1580
lint_1605
mush_1683
hair_1665
worms_1081
mold_1671
charm_1791
strings_1972
pebble_1157
lint_1274
dirt_1138
mold_1290
dirt_1634
mush_1458
worms_1503
mush_1587
mush_1700
lint_1794
pebble_1974
hair_1634
dirt_1164
dirt_1809
worms_1820
worms_991
rock_1379
rock_1428
pebble_1619
mush_1593
mush_1091
strings_1766
mush_1921
worms_975
rock_1597
worms_1048
hair_1715
charm_1814
charm_2035
mold_1008
mush_1353
worms_1555
strings_1449
mold_1390
rock_1803
worms_1674
worms_1361
pebble_1517
worms_1494
worms_1515
pebble_1645
charm_1450
hair_1337
mush_1722
dirt_1484
pebble_1837
mush_1739
hair_1723
rock_1100
pebble_1840
dirt_1195
dirt_1574
charm_1803
mold_1430
rock_1908
pebble_1885
pebble_1439
worms_1492
lint_1810
charm_1346
charm_1811
pebble_1879
worms_1894
pebble_1508
charm_1745
rock_1780
worms_1319
pebble_1693
strings_1346
hair_1342
lint_1103
rock_1145
pebble_1406
mold_1173
hair_1854
lint_1955
strings_1305
rock_1496
charm_1045
mold_1269
strings_1677
worms_1833
mush_1160
hair_1130
pebble_1324
worms_1220
pebble_1221
mold_1611
worms_1195
mold_1310
hair_1390
mold_1479
lint_1890
mold_1456
lint_1625
lint_1157
mold_1289
dirt_1297
lint_1247
lint_1870
strings_1702
dirt_1402
strings_1846
mold_1126
mold_1293
worms_979
worms_1161
charm_1687
pebble_1863
strings_1077
hair_1809
worms_1843
mush_1119
mold_1387
mold_2065
mold_1755
dirt_982
rock_1840
mush_1104
dirt_1626
rock_1019
pebble_1181
charm_1298
pebble_1538
dirt_995
charm_1265
charm_1323
mold_1962
hair_1919
worms_1571
hair_1121
lint_1478
lint_1330
hair_1473
mush_1770
mush_1477
hair_1437
strings_1061
charm_1769
worms_1841
rock_1182
rock_1833
strings_1810
rock_1033
dirt_1620
strings_1709
strings_1010
rock_1947
hair_996
worms_961
hair_1599
strings_1871
strings_1075
pebble_1252
rock_1686
strings_1731
hair_1886
mush_1065
mush_1534
hair_1695
mold_1847
mush_1918
rock_311
mush_1445
hair_1608
dirt_1200
charm_2022
dirt_1696
worms_1200
hair_1868
dirt_1348
hair_1545
worms_1510
charm_1565
charm_1468
lint_1817
rock_1170
rock_1173
mush_1121
worms_1526
dirt_1807
mush_16
dirt_167
dirt_184
dirt_367
dirt_495
lint_1111
hair_1128
dirt_1500
charm_1716
strings_1563
worms_1834
mold_1199
mold_1692
rock_1469
strings_1100
mold_1889
mush_1955
lint_1347
charm_1910
pebble_1114
lint_19
dirt_30
hair_207
dirt_1460
lint_1752
mush_1331
hair_1553
pebble_1739
hair_441
hair_1132
rock_1243
strings_1685
strings_1503
rock_1823
dirt_1835
mold_1823
mush_1861
charm_1232
mush_1551
dirt_1083
dirt_1554
dirt_1657
worms_1864
worms_1000
mush_1824
lint_1945
mold_1802
hair_1471
charm_1630
hair_1856
pebble_455
rock_449
strings_906
mold_980
pebble_1476
charm_1705
lint_1728
lint_1749
charm_31
rock_208
charm_1463
dirt_1936
dirt_327
pebble_481
worms_1521
pebble_1828
hair_1585
strings_1056
charm_1250
worms_981
lint_1266
dirt_1573
worms_1683
worms_1829
worms_1344
mush_1695
worms_1776
dirt_1425
lint_1309
rock_1492
rock_249
dirt_281
pebble_1145
worms_1345
hair_1761
lint_1921
rock_1519
hair_1136
rock_494
charm_1981
strings_573
lint_1703
mold_1638
pebble_530
mold_683
hair_1313
strings_1323
rock_2023
pebble_1672
rock_2035
mold_190
dirt_582
charm_660
hair_922
worms_917
dirt_1631
mush_1220
worms_1300
pebble_1593
mold_1031
pebble_1288
lint_1926
hair_1787
lint_84
rock_364
lint_1126
strings_1378
rock_1958
dirt_1609
charm_213
hair_595
rock_1296
mush_1932
worms_1539
charm_1662
mold_1506
charm_1089
charm_1149
hair_1162
mold_1734
charm_1927
worms_1277
mold_1494
lint_1821
mold_15
strings_344
mold_938
rock_1024
hair_1796
mush_1093
mush_1565
strings_1545
strings_1963
lint_426
dirt_633
strings_936
charm_1140
rock_1647
mold_1849
charm_1107
dirt_1722
pebble_429
pebble_867
strings_867
mold_1414
mush_155
hair_984
strings_1136
rock_1023
worms_1285
mush_1836
worms_959
pebble_354
mold_1119
worms_1531
hair_1655
rock_1161
worms_467
mold_773
dirt_876
dirt_1305
strings_17
dirt_239
mold_288
dirt_535
dirt_898
dirt_1606
pebble_1278
lint_1903
mold_0
pebble_694
mold_1208
hair_1211
charm_1474
charm_1119
dirt_1315
rock_1267
pebble_1325
pebble_1953
lint_683
rock_152
mold_211
lint_299
lint_680
pebble_983
hair_1425
dirt_19
pebble_399
pebble_485
dirt_1188
mush_1261
pebble_212
lint_963
dirt_1055
pebble_1290
mush_1709
worms_1749
pebble_841
pebble_1042
mold_1259
dirt_1298
hair_1687
dirt_145
charm_251
lint_470
strings_717
worms_769
pebble_72
charm_736
pebble_931
mold_1575
charm_1747
charm_1383
rock_1180
dirt_1476
lint_1275
pebble_1979
mush_1046
pebble_1285
mold_1026
dirt_1152
mold_1661
dirt_1663
worms_1420
hair_992
hair_1752
mold_1151
hair_1348
worms_129
mush_653
dirt_703
mold_1379
hair_605
charm_1617
pebble_1561
mush_1698
pebble_1291
hair_1877
mush_1430
lint_1657
rock_1959
mush_80
mush_942
lint_1406
charm_1692
strings_1718
worms_1028
pebble_1505
dirt_1469
pebble_192
strings_376
charm_783
worms_1148
pebble_1382
hair_1713
hair_1507
mold_40
worms_296
mold_947
mold_2060
pebble_409
mush_1201
pebble_1790
lint_1174
strings_1166
lint_1199
rock_1302
hair_1498
strings_1924
worms_1842
dirt_290
strings_473
dirt_889
lint_1536
dirt_527
worms_1136
charm_1065
mold_1044
charm_1563
dirt_152
rock_184
worms_658
strings_1776
worms_1001
rock_2003
rock_410
mush_652
pebble_1663
dirt_252
dirt_663
charm_758
lint_860
rock_1066
lint_1099
mush_1311
rock_1079
rock_1683
worms_1060
hair_1248
hair_364
strings_433
worms_490
dirt_749
mold_1181
pebble_1232
lint_1231
dirt_1426
mush_1977
rock_475
strings_562
hair_915
pebble_1960
lint_1976
dirt_1185
pebble_1907
pebble_1062
hair_1069
worms_1380
strings_1646
strings_1336
rock_1563
lint_1566
mold_1050
strings_1209
dirt_313
mush_527
dirt_1327
lint_1544
dirt_1122
strings_1623
mold_174
dirt_279
rock_1285
mold_1714
worms_1878
rock_1961
rock_1353
dirt_511
charm_927
mush_1691
mush_1877
strings_1983
mold_218
hair_1463
hair_1733
mold_1596
mold_1949
hair_1294
charm_234
dirt_1039
mush_1235
mold_1956
dirt_1043
strings_1233
charm_1683
hair_36
rock_241
strings_832
dirt_992
lint_1462
dirt_1803
mush_1214
strings_1937
mold_1480
lint_1412
dirt_1929
rock_35
rock_154
worms_577
dirt_1010
worms_1189
mold_1418
rock_1017
strings_2003
hair_357
mold_357
charm_654
rock_1848
mush_2007
lint_1307
hair_1046
strings_1070
charm_1239
worms_1904
worms_1838
strings_548
strings_718
mold_1620
pebble_1704
mold_1753
worms_1699
mold_1945
pebble_1555
pebble_1622
lint_12
strings_357
strings_709
pebble_1185
dirt_1121
hair_590
hair_660
lint_1011
strings_990
strings_1552
lint_1256
rock_1364
mold_359
strings_805
mush_1599
charm_1165
mush_38
pebble_538
lint_605
rock_608
rock_965
charm_1635
lint_1745
dirt_271
mush_1401
rock_1588
rock_1734
hair_1213
strings_1997
hair_1036
hair_1800
pebble_1933
charm_1829
hair_1097
hair_744
mush_1137
lint_1884
mold_1094
hair_1117
mold_1502
strings_1050
lint_1057
dirt_1424
worms_1734
worms_1888
worms_368
mush_483
strings_1518
mush_1856
mush_1483
worms_1761
mold_1148
charm_1991
strings_372
worms_860
dirt_1243
pebble_1807
charm_812
worms_861
charm_1723
charm_1966
worms_1741
hair_1436
mush_1454
hair_75
pebble_518
worms_1750
charm_1092
mold_1129
strings_1377
pebble_1483
charm_1645
worms_1171
dirt_1406
hair_1661
charm_1136
dirt_1839
rock_1048
mush_1409
worms_1459
dirt_1813
pebble_1786
charm_674
worms_901
dirt_1665
rock_201
rock_273
strings_298
mush_720
mush_1527
mold_112
pebble_1000
pebble_1015
hair_979
rock_1857
charm_1469
mold_1815
strings_1047
rock_1277
charm_1962
hair_450
pebble_590
mush_1526
mush_1657
mush_1620
worms_911
mold_1190
hair_1296
hair_1006
rock_1742
lint_1044
strings_9
mold_100
strings_295
worms_295
rock_1536
rock_1704
charm_1975
strings_582
mush_810
mold_1286
dirt_1502
mush_1603
worms_956
mush_1740
dirt_1258
mush_1489
mush_1678
hair_1714
lint_649
mold_1443
pebble_1526
lint_1910
lint_1497
hair_80
lint_319
worms_332
charm_464
hair_1029
mold_1590
pebble_1920
dirt_1924
mush_1179
worms_1218
charm_1432
hair_1898
hair_1027
mold_1432
mold_1703
mold_1186
rock_1176
dirt_1438
strings_1825
pebble_201
rock_168
mush_415
charm_468
mush_1088
hair_1212
mush_1964
mold_1193
worms_1234
hair_1464
lint_1652
lint_1400
lint_734
charm_772
rock_1416
worms_1522
worms_1166
pebble_1454
pebble_1702
strings_1850
rock_2024
strings_1207
rock_1280
lint_1175
dirt_280
charm_335
mush_579
dirt_1749
worms_974
charm_1421
lint_1634
strings_1976
worms_1187
mold_334
mush_567
hair_770
charm_1749
dirt_1133
mold_1695
charm_1776
dirt_104
mold_636
dirt_1916
hair_1206
rock_1572
hair_1689
lint_1758
mold_2014
strings_1879
charm_1661
rock_1144
mold_1233
mold_1467
hair_1534
mold_1799
rock_70
charm_109
hair_837
mold_1653
pebble_1763
dirt_1752
charm_1423
rock_1825
mush_236
hair_1000
lint_1811
mush_1549
lint_1718
mold_1861
lint_1970
charm_1182
strings_1281
mush_1312
charm_1322
lint_440
lint_701
hair_683
pebble_930
worms_889
mold_1013
worms_1399
dirt_1587
dirt_1061
hair_1153
rock_1188
worms_1255
pebble_1813
rock_1020
worms_1045
strings_1560
pebble_1172
mush_1652
rock_1996
hair_1024
strings_1098
hair_1166
pebble_1650
worms_1807
worms_1064
worms_1222
worms_1412
charm_1768
dirt_998
hair_204
mush_307
strings_1177
hair_1910
pebble_1200
hair_1702
pebble_1531
mush_25
charm_206
mold_254
pebble_448
lint_1468
strings_1480
lint_1724
mold_1979
dirt_1078
hair_1874
charm_1440
charm_1597
pebble_1962
lint_1636
mold_766
mold_1551
worms_1333
hair_1526
hair_1855
mold_1365
lint_1030
mush_1333
mush_1325
mold_1615
pebble_1361
strings_1057
rock_58
rock_302
hair_989
charm_1216
mold_1514
worms_1550
hair_1076
mush_1461
charm_1840
mush_1576
mush_1597
strings_1227
hair_173
pebble_416
pebble_1726
hair_103
pebble_231
worms_583
charm_723
pebble_724
dirt_858
hair_1322
lint_1733
strings_1946
lint_1643
rock_1722
hair_1731
pebble_1276
strings_1712
mold_1134
worms_1789
mush_1889
worms_1314
dirt_216
pebble_326
lint_613
hair_1418
rock_1700
dirt_1719
pebble_1817
worms_1357
mold_1780
mush_1101
pebble_1539
charm_144
charm_506
lint_478
dirt_608
dirt_899
strings_1576
mold_2041
dirt_1194
mush_1810
mold_1154
strings_1
hair_127
rock_277
hair_284
mold_786
rock_1327
dirt_1729
mush_1614
charm_1204
worms_1128
strings_1522
rock_1554
mold_1784
mush_1762
worms_1720
rock_2034
mush_1249
dirt_1497
lint_1972
lint_1932
mush_1397
mold_2071
mold_1156
pebble_1255
dirt_1435
rock_1658
pebble_1762
strings_1217
dirt_1766
lint_1153
strings_1453
lint_1828
strings_1558
strings_1703
strings_1399
strings_1557
strings_1019
mush_1850
rock_1234
rock_1208
rock_1386
charm_1572
hair_1735
dirt_606
strings_1782
mold_2048
worms_1228
rock_1773
charm_41
mush_669
charm_815
pebble_840
mold_1396
strings_1780
mush_1985
hair_1174
pebble_1510
worms_1882
rock_27
charm_376
mush_1203
mold_1662
dirt_1746
pebble_1836
worms_1118
hair_1224
charm_782
pebble_959
worms_1530
rock_1095
strings_1199
charm_1542
pebble_1197
pebble_1677
mold_1743
dirt_1922
lint_1563
dirt_570
mold_1724
mush_1919
lint_423
pebble_758
charm_1290
lint_1046
mush_1398
lint_1502
strings_1559
hair_1575
charm_1711
pebble_1905
lint_1145
strings_1768
dirt_1393
worms_289
mold_466
mush_609
rock_632
lint_779
dirt_782
mold_877
mush_1842
dirt_1910
mold_1565
pebble_1159
pebble_163
dirt_255
pebble_1012
lint_1451
rock_1055
hair_1051
lint_1163
charm_2048
strings_1143
pebble_1903
mold_1204
mush_1358
strings_1393
mold_2070
charm_1928
mold_363
hair_502
mush_708
hair_774
mush_818
mush_1231
hair_1330
mold_1029
strings_1201
charm_1418
dirt_1256
lint_1271
strings_1633
strings_1038
rock_1194
pebble_1847
mush_1029
worms_1434
rock_1764
lint_1514
pebble_1597
rock_1750
mold_1826
mush_1588
lint_71
strings_675
mush_1289
mold_1063
mold_1824
lint_1422
strings_1488
lint_1627
dirt_1635
worms_987
mush_1542
rock_1021
hair_1569
worms_1185
dirt_16
pebble_182
hair_771
pebble_955
mush_1598
strings_188
pebble_282
dirt_934
worms_1243
strings_1512
rock_1050
rock_1512
pebble_1148
mush_1169
hair_1763
strings_1723
pebble_1550
rock_1366
rock_1535
mush_361
rock_496
mold_654
rock_1804
pebble_1823
charm_207
strings_843
worms_1433
worms_1581
strings_1862
rock_1988
worms_1868
dirt_1967
pebble_27
charm_362
pebble_680
lint_739
mold_1828
rock_1124
rock_1979
mold_1471
lint_1215
lint_1647
mush_1791
hair_1686
hair_1619
pebble_1297
worms_1773
mold_1985
strings_1868
mold_595
mush_645
strings_839
charm_974
lint_990
charm_2044
lint_1303
pebble_1150
mush_1899
mold_1501
worms_1312
hair_389
rock_633
strings_830
charm_1732
lint_1777
mush_1908
charm_1995
mold_1647
worms_1805
dirt_92
hair_860
lint_916
mush_1305
hair_1280
rock_1459
dirt_1890
mold_113
rock_113
dirt_859
mush_1704
charm_1238
pebble_1452
rock_1852
dirt_1145
lint_1195
mold_1785
dirt_1352
hair_1396
charm_1272
lint_1743
lint_1953
lint_1679
strings_1501
rock_1901
rock_1409
rock_1576
worms_1036
charm_1175
pebble_1915
hair_407
rock_710
lint_1225
hair_1191
pebble_1653
hair_451
mush_754
worms_1016
dirt_611
dirt_879
charm_1236
dirt_1738
mush_1823
rock_1944
hair_1001
rock_1450
strings_1656
hair_1832
rock_1980
worms_1170
rock_1406
worms_1717
rock_1304
lint_1849
rock_1713
mush_1024
mush_1826
strings_131
lint_325
hair_602
pebble_1058
mush_1662
dirt_18
pebble_127
worms_203
lint_357
dirt_1440
mush_1156
mush_1386
strings_1536
mold_1206
lint_1460
lint_156
strings_185
charm_953
worms_1013
pebble_90
strings_742
worms_702
rock_980
hair_1660
pebble_1968
rock_1309
pebble_1660
mold_1035
hair_1628
pebble_1124
charm_1079
mold_1769
mush_1058
worms_1069
strings_1495
charm_240
lint_245
mold_447
pebble_515
mush_896
strings_938
worms_1579
charm_102
pebble_133
hair_147
mold_968
mush_1106
mush_1887
lint_1768
worms_1912
worms_1880
lint_1600
charm_1838
lint_1075
dirt_1214
mold_1845
lint_331
pebble_676
hair_1168
mold_1404
lint_1548
hair_1621
rock_128
mold_952
mush_1649
mold_1851
worms_1836
rock_1299
mush_1226
mush_1699
worms_1066
mold_1333
mold_1487
mush_1439
pebble_1724
strings_1231
lint_1705
hair_15
lint_1132
pebble_1757
mold_1905
mold_2030
strings_13
hair_528
strings_1172
mold_1229
mush_1501
charm_1415
strings_1144
dirt_1429
rock_1247
rock_1313
mold_1964
hair_1423
hair_1813
hair_1496
dirt_1499
pebble_628
strings_1084
charm_1644
lint_1798
worms_1755
lint_1237
strings_1669
hair_1306
mold_1584
hair_1402
lint_1678
rock_1465
pebble_1363
charm_1085
charm_1098
worms_1826
mush_1541
lint_1800
lint_1857
mush_1819
hair_1144
worms_1351
strings_1076
pebble_1046
pebble_1479
mold_1876
charm_1665
pebble_1227
pebble_1465
lint_585
dirt_1412
dirt_248
mush_1007
rock_1873
lint_1935
pebble_135
dirt_453
charm_635
mold_732
hair_1120
charm_583
pebble_1667
charm_1094
pebble_1030
mush_1135
pebble_98
strings_476
hair_728
mush_1018
pebble_1615
pebble_1386
lint_287
strings_880
strings_888
dirt_919
mush_990
mush_1869
charm_1951
rock_1748
mush_75
strings_89
charm_799
lint_824
charm_1082
worms_1384
strings_31
strings_224
worms_841
hair_954
dirt_1687
hair_1137
pebble_1423
worms_1727
mold_1150
strings_1658
rock_1871
pebble_1564
rock_1026
strings_1111
charm_1385
dirt_1392
hair_1847
dirt_1027
mold_1877
mold_1887
hair_1385
charm_1585
rock_1039
charm_1126
dirt_1142
strings_1800
charm_1351
worms_1548
mold_1767
dirt_1379
dirt_386
worms_849
worms_984
mush_1074
strings_1225
worms_1387
mush_1813
mush_1120
dirt_1264
worms_504
lint_1026
lint_1915
lint_1906
mush_1087
worms_1179
mold_1546
worms_1290
mush_1508
lint_1869
strings_1943
worms_218
strings_470
hair_526
hair_552
dirt_797
lint_1257
mold_1415
lint_114
charm_399
strings_723
mush_844
rock_912
charm_1317
rock_1809
hair_322
hair_443
dirt_1413
rock_1241
mold_1748
charm_1220
rock_1263
worms_1376
strings_1967
mush_1407
rock_1137
dirt_1202
mold_1710
worms_955
pebble_140
lint_262
mush_352
lint_784
worms_867
pebble_722
mold_712
pebble_771
rock_1053
mold_1364
rock_1045
rock_104
worms_238
strings_629
hair_855
charm_1121
strings_1296
dirt_988
rock_1843
lint_1484
lint_1868
worms_1268
strings_1427
mold_303
worms_360
charm_1874
hair_1047
mold_1081
strings_1637
lint_1781
charm_1611
mush_1302
dirt_1855
dirt_1016
charm_1691
charm_1843
strings_263
pebble_412
rock_591
mold_701
strings_1067
rock_1932
rock_305
hair_299
hair_533
rock_857
charm_1294
dirt_1166
dirt_1428
strings_1740
mold_290
mold_385
mold_932
hair_1297
hair_1801
rock_1736
rock_1086
worms_1768
lint_1062
mush_1517
pebble_388
pebble_704
dirt_844
charm_1428
hair_1617
dirt_1838
lint_1095
strings_1416
strings_1554
charm_1076
mold_1242
hair_1516
lint_1704
dirt_1191
strings_1220
lint_1587
strings_1049
strings_1949
charm_17
mush_102
strings_360
mold_520
strings_964
mush_1811
strings_1744
strings_1795
rock_1238
charm_1651
rock_1790
hair_1499
mush_1030
dirt_269
rock_465
mold_2037
strings_1107
lint_1140
charm_1868
mold_1196
rock_1587
mush_106
hair_132
dirt_841
mold_1090
rock_1322
worms_1629
mold_1673
dirt_1607
worms_1544
hair_1092
dirt_1066
worms_1266
dirt_1342
hair_1650
pebble_1028
dirt_1547
strings_1152
mold_1554
mold_281
charm_472
dirt_444
hair_574
hair_1826
pebble_30
mush_205
worms_263
mush_395
lint_490
dirt_895
mold_1122
dirt_1706
charm_1824
mold_51
worms_461
strings_557
mold_756
pebble_1272
pebble_1674
lint_1667
strings_1927
lint_1214
strings_1726
charm_861
dirt_1316
mush_1017
strings_1273
mush_1327
dirt_777
hair_1889
rock_1511
lint_17
pebble_185
hair_982
mush_1170
lint_1325
strings_1417
mush_206
dirt_261
pebble_462
pebble_593
hair_730
lint_919
rock_863
strings_1759
hair_1535
strings_692
charm_1504
dirt_996
mold_1789
rock_1344
lint_1194
mush_1521
mold_1451
charm_10
charm_208
mold_365
rock_1391
rock_1077
strings_91
mold_201
pebble_365
strings_942
mush_1348
rock_1481
lint_1939
rock_1143
mush_1987
lint_1560
worms_1559
rock_1132
charm_1602
strings_1945
strings_502
charm_2029
charm_1424
strings_1462
rock_614
lint_656
charm_1311
charm_310
mold_594
worms_587
strings_1274
rock_326
hair_723
worms_1365
worms_1478
lint_1750
mold_1106
pebble_1275
lint_1377
mush_296
mold_922
strings_1169
rock_89
rock_158
dirt_636
dirt_766
charm_1002
lint_1031
mold_1624
dirt_1489
rock_1626
dirt_1705
worms_1330
mold_2043
strings_1212
hair_1035
pebble_1566
lint_1289
dirt_1113
mush_1941
hair_1270
mush_1730
charm_1974
pebble_1214
pebble_1565
rock_1976
pebble_1931
mush_1859
pebble_1460
hair_1670
mush_1717
rock_1893
mush_1257
dirt_1522
mush_1934
dirt_1245
mush_1608
mush_1435
charm_80
rock_180
rock_1091
mold_1719
mold_1885
mush_1640
hair_1317
lint_1381
mush_1863
charm_1068
rock_1831
mush_1818
dirt_1736
strings_1691
strings_1743
charm_1222
dirt_989
hair_1057
pebble_1395
strings_1951
mold_1486
mold_1967
strings_1657
charm_1143
worms_1567
mush_1623
rock_1696
charm_1137
mush_43
rock_400
worms_427
hair_847
dirt_1836
worms_1792
pebble_432
lint_852
strings_1028
lint_1677
strings_677
worms_715
hair_58
strings_420
charm_1375
charm_1461
dirt_1712
mush_1767
rock_1946
hair_1755
mush_1577
lint_1775
charm_2042
rock_1582
dirt_309
mush_449
lint_738
strings_778
hair_809
dirt_1019
worms_1626
lint_1760
rock_1766
dirt_1656
worms_1779
pebble_637
charm_697
hair_949
dirt_1108
hair_1838
pebble_1245
mush_1952
worms_1126
pebble_1459
mold_1926
worms_1335
mush_1586
hair_408
mush_461
strings_567
strings_952
strings_1310
lint_1879
pebble_1093
pebble_1374
charm_1746
mold_1358
pebble_1327
pebble_312
strings_997
lint_1290
mold_1232
mush_1216
strings_1520
worms_1622
hair_1474
charm_1685
hair_987
worms_1464
lint_1170
mush_1626
mush_1752
lint_1557
mold_1679
dirt_1208
rock_1562
mush_1513
strings_1304
charm_1555
pebble_1261
pebble_1333
mold_1121
worms_893
lint_1783
worms_1858
lint_1213
mold_1925
worms_1877
strings_1573
charm_1800
charm_1084
rock_1139
strings_1400
strings_280
lint_1631
dirt_1866
mold_2008
rock_1455
worms_354
charm_584
mold_747
rock_1373
mold_1833
worms_1348
mush_1794
strings_738
mold_865
hair_1075
pebble_1630
mold_1311
dirt_1828
lint_1909
strings_1636
hair_1894
mold_1025
mold_1155
lint_1545
worms_1235
dirt_1416
pebble_1736
mold_1667
worms_1043
hair_1386
dirt_1646
dirt_1953
mush_2005
dirt_987
charm_1878
worms_210
rock_289
lint_872
mush_941
strings_1966
lint_1673
hair_477
mold_531
lint_724
pebble_1455
dirt_1582
worms_1382
dirt_1548
rock_2001
dirt_1862
mold_1757
hair_1278
rock_1678
rock_1578
rock_1220
mush_1292
strings_787
dirt_1843
rock_316
mush_1923
mold_43
strings_1843
charm_15
mold_403
mold_651
strings_19
mold_571
charm_932
worms_1927
charm_225
charm_705
dirt_620
charm_690
mush_1098
mush_1360
lint_1558
mush_1627
mush_1601
hair_1793
dirt_1552
strings_1959
hair_1454
worms_1913
hair_1918
pebble_927
hair_1625
dirt_1610
pebble_1959
mush_2003
dirt_1629
hair_1541
dirt_1545
mold_1463
worms_1379
worms_1915
pebble_1315
worms_1791
lint_1181
charm_1976
worms_1926
pebble_349
hair_535
dirt_779
pebble_987
mold_692
charm_1719
pebble_1961
lint_1243
lint_59
pebble_730
worms_1005
charm_1329
mush_386
rock_374
mush_665
mush_1373
dirt_1793
worms_1284
hair_1233
strings_1773
pebble_1782
strings_1527
pebble_1103
hair_196
rock_671
mold_1329
mush_1765
dirt_32
pebble_949
rock_2002
charm_1481
rock_1606
pebble_1957
mold_229
mold_787
lint_1516
lint_1880
worms_258
mold_639
charm_1476
mold_1572
dirt_1690
hair_1115
hair_1368
rock_1040
worms_1337
rock_1796
lint_1543
lint_1632
hair_1135
strings_1331
pebble_1147
mold_1187
hair_1225
hair_1609
pebble_1136
hair_223
mold_640
mush_855
charm_1219
lint_1184
rock_1034
dirt_1874
lint_1944
mold_1125
pebble_1544
pebble_1712
mold_1919
strings_1255
pebble_1785
charm_1660
pebble_1878
strings_1989
dirt_1037
pebble_1381
charm_1813
hair_303
worms_485
rock_1798
charm_1448
dirt_1525
mold_1921
strings_1532
dirt_1223
dirt_1219
hair_1323
lint_1766
mold_57
worms_507
hair_1636
mold_1307
mush_1460
rock_1068
strings_1514
dirt_985
pebble_1498
hair_1488
strings_1733
dirt_1279
strings_1328
pebble_1930
charm_1954
strings_1511
charm_2023
strings_1146
mold_1306
lint_1327
mold_1247
dirt_1677
hair_1335
mush_1350
mold_1322
pebble_176
lint_258
worms_655
rock_988
charm_1456
mold_1969
hair_1290
rock_1649
rock_1251
pebble_74
dirt_1150
pebble_1656
lint_170
lint_1028
charm_1255
pebble_0
worms_137
mush_243
rock_291
worms_463
mush_1152
charm_1676
rock_2031
dirt_1684
hair_1476
charm_1614
strings_1826
mold_1497
charm_1252
pebble_1584
pebble_1186
charm_1455
worms_1628
hair_1053
pebble_1481
pebble_1152
worms_1486
rock_1205
mush_23
pebble_347
worms_464
lint_740
rock_1178
hair_1143
charm_1826
lint_318
worms_793
dirt_1411
dirt_1964
rock_575
pebble_707
mold_800
lint_976
hair_972
charm_1622
worms_1298
strings_1396
lint_1077
rock_456
mold_564
dirt_763
mush_1485
pebble_1292
mold_1515
mold_1911
lint_280
charm_314
dirt_1339
charm_1693
rock_1426
pebble_1711
rock_1651
pebble_1349
hair_1026
charm_691
dirt_1407
worms_1728
dirt_1851
mold_1759
pebble_798
hair_1444
mold_1922
dirt_1580
lint_1466
strings_1853
pebble_6
lint_286
lint_1143
worms_118
mush_593
mush_848
mush_891
rock_1005
rock_1248
charm_1823
worms_1669
worms_1056
mold_1931
strings_1719
hair_1284
mush_1039
dirt_1141
rock_1638
strings_1841
mold_714
hair_743
dirt_1135
rock_1911
dirt_1181
rock_1358
dirt_1362
pebble_533
mold_752
worms_736
dirt_812
mush_1862
rock_1878
rock_1891
rock_1942
strings_1980
mold_1701
hair_1252
charm_1106
charm_1288
dirt_1920
mush_294
pebble_895
worms_1902
strings_1139
lint_183
dirt_424
strings_535
worms_919
strings_989
rock_1044
worms_1383
dirt_1604
worms_1911
pebble_641
charm_997
worms_918
mush_1081
mold_1162
pebble_1647
mold_1950
pebble_1895
strings_1433
mush_1979
lint_249
rock_389
worms_1712
lint_1212
pebble_1332
pebble_1168
rock_1303
strings_1794
mold_1296
dirt_964
mold_1441
lint_1968
rock_1371
rock_1999
lint_1785
hair_1427
pebble_1109
rock_2014
hair_1175
worms_1133
strings_6
dirt_204
charm_829
lint_1407
worms_1853
worms_1713
mold_1898
pebble_1072
worms_1225
mush_1026
dirt_1120
lint_1723
strings_1352
lint_1354
lint_1292
mold_1420
rock_1396
mold_1491
mold_1074
mold_72
lint_789
charm_172
mold_256
hair_254
strings_336
pebble_420
worms_384
pebble_497
mold_1211
strings_1408
charm_1640
charm_1739
lint_1228
mold_1180
worms_1154
mold_1490
pebble_1017
charm_1404
rock_1082
charm_1766
mold_1774
hair_1743
lint_1941
dirt_1950
worms_180
lint_336
mush_587
rock_986
mush_1337
worms_1283
mold_163
hair_406
strings_594
hair_1413
strings_1590
strings_1929
dirt_1789
pebble_1341
worms_660
pebble_1542
pebble_1772
hair_1892
dirt_999
dirt_1097
rock_1701
mush_1871
lint_1299
charm_1275
mush_1705
worms_1621
lint_1866
strings_1235
charm_1095
charm_1917
lint_1167
worms_1368
mush_1525
mush_1570
charm_1788
worms_946
charm_1701
mush_1376
charm_1457
worms_1897
charm_1567
lint_1610
mold_1742
hair_1178
pebble_1671
pebble_1910
charm_1760
mold_1243
strings_1832
rock_1896
pebble_1812
charm_169
worms_166
mush_1326
mush_806
pebble_1105
worms_1393
mush_1635
mush_1436
lint_1875
lint_315
dirt_556
rock_730
lint_758
lint_1106
strings_1187
lint_1585
hair_764
lint_380
charm_921
pebble_1696
charm_1781
lint_1489
mush_1402
mold_1568
mold_1378
rock_1721
hair_1903
mush_376
strings_431
mush_574
mold_686
worms_685
charm_914
hair_1573
mold_54
charm_415
mold_590
worms_1710
strings_61
lint_306
worms_1554
mush_1969
worms_1425
dirt_1332
charm_434
rock_1705
dirt_1774
charm_1279
lint_1449
charm_406
mush_752
charm_1817
strings_1820
rock_1886
rock_1361
mold_1820
pebble_1077
lint_1714
mold_1060
mush_1280
dirt_1334
worms_472
pebble_659
mush_1282
hair_158
mold_1468
pebble_1474
lint_1969
charm_1199
dirt_1363
strings_1934
pebble_1156
pebble_1358
charm_1650
pebble_1206
rock_1425
charm_1234
lint_1091
worms_938
worms_1574
lint_1730
dirt_11
hair_50
mush_462
lint_606
strings_878
mush_1804
mold_1203
pebble_1969
rock_36
lint_60
rock_829
rock_1759
rock_1899
dirt_1158
charm_1429
rock_1772
mush_1499
rock_1328
charm_1570
dirt_1694
hair_210
mush_437
charm_816
dirt_903
charm_1442
dirt_1477
hair_1222
mold_510
worms_738
rock_830
worms_1423
rock_1662
lint_1068
pebble_1501
rock_1027
charm_264
worms_449
pebble_776
lint_1471
dirt_1768
mold_2018
lint_1120
worms_244
dirt_401
mold_1282
pebble_1568
strings_1950
hair_1195
charm_1357
rock_1714
dirt_477
charm_532
strings_650
pebble_960
hair_19
strings_29
strings_146
rock_1268
hair_1416
mold_1489
pebble_1669
pebble_1759
mold_1067
hair_1647
mold_348
mold_477
dirt_503
pebble_1857
charm_2037
dirt_1558
worms_1795
mold_1776
pebble_1328
strings_1376
strings_1493
charm_2024
rock_1269
hair_1517
worms_1692
lint_1258
pebble_1301
hair_838
strings_916
mush_1013
charm_1213
strings_1072
mold_1097
dirt_1115
dirt_285
rock_323
lint_488
mold_776
strings_1700
pebble_1169
rock_1375
rock_1393
rock_1232
rock_1784
mush_1070
rock_1316
dirt_1307
lint_1583
rock_1362
hair_1005
hair_369
worms_706
worms_1907
dirt_1350
strings_1002
pebble_1337
dirt_1675
charm_1798
worms_1448
mold_38
lint_692
pebble_1413
rock_1931
pebble_179
rock_1969
hair_1520
pebble_1876
mush_1296
dirt_1371
charm_9
pebble_122
dirt_428
rock_500
charm_681
strings_711
hair_1842
worms_1879
lint_1456
dirt_1430
charm_1459
strings_1699
mush_1355
hair_1784
dirt_1637
pebble_1886
hair_1851
mold_1231
dirt_1242
strings_1298
mold_4
worms_414
mold_687
mush_1047
dirt_1154
rock_1957
charm_1150
rock_1378
rock_1977
mush_1451
lint_1617
mush_1801
lint_295
worms_1533
dirt_1124
dirt_392
mush_1808
mold_398
mold_537
rock_1339
charm_1105
mush_1982
strings_1094
hair_1365
dirt_1703
mold_1852
dirt_1228
charm_1912
lint_191
pebble_322
mush_764
rock_849
dirt_1748
dirt_1602
lint_1359
charm_1756
pebble_109
pebble_207
charm_525
rock_1216
strings_1250
lint_805
dirt_1860
lint_1331
charm_1757
pebble_1160
mush_338
lint_1021
strings_1652
dirt_1404
pebble_1882
mold_382
lint_843
hair_916
hair_466
rock_553
worms_514
pebble_611
hair_1727
strings_507
charm_822
strings_1334
dirt_1726
dirt_329
pebble_1625
hair_1902
mush_1189
rock_134
pebble_512
mush_813
hair_816
lint_937
rock_1367
lint_1573
strings_294
dirt_288
mold_413
hair_1747
lint_1598
mush_1806
pebble_1202
mold_2063
charm_130
hair_278
charm_508
mush_792
pebble_1576
mush_918
pebble_1222
worms_1250
worms_20
mold_284
charm_1957
pebble_1162
worms_1079
hair_1406
hair_1717
worms_1272
strings_1246
hair_1403
hair_1742
worms_1538
charm_1721
pebble_1664
mush_1064
rock_1279
mold_1853
strings_1195
strings_1791
rock_1600
hair_651
rock_747
charm_37
worms_335
mush_1243
rock_1347
lint_1761
hair_435
rock_566
strings_749
hair_971
hair_1388
mush_1456
rock_1914
rock_447
pebble_870
pebble_1084
worms_1281
pebble_1260
pebble_1383
charm_1971
strings_1241
dirt_1246
worms_1649
hair_339
charm_341
rock_677
charm_877
mush_1233
worms_1260
dirt_972
rock_1222
pebble_1117
strings_750
rock_1602
mush_1963
worms_81
lint_1320
hair_227
charm_433
hair_778
dirt_1498
rock_1127
charm_1256
rock_1398
lint_1665
mold_1672
mush_1630
mush_1471
pebble_1816
dirt_1779
worms_1203
mold_2020
rock_1930
worms_197
mush_976
hair_1776
pebble_1087
pebble_1556
mold_1042
mush_1696
mold_1928
worms_645
strings_1119
dirt_1162
worms_1659
charm_81
mold_669
hair_221
charm_1019
charm_1141
pebble_382
hair_1122
lint_1235
lint_664
lint_736
pebble_1796
mold_1095
pebble_1530
mush_1893
lint_1067
dirt_1511
hair_1497
charm_1628
pebble_303
mush_785
hair_1459
pebble_1922
pebble_389
pebble_620
mush_1012
hair_1227
rock_1294
pebble_1264
lint_1190
rock_259
charm_614
dirt_822
hair_861
dirt_1059
strings_1836
hair_1539
worms_1847
rock_1983
mush_90
worms_270
mold_1191
dirt_178
dirt_650
rock_938
strings_1473
rock_1964
strings_11
lint_254
mold_617
pebble_1079
hair_1453
worms_1007
lint_1458
lint_535
rock_635
dirt_907
strings_1042
charm_137
rock_147
pebble_1570
dirt_1699
charm_1389
rock_1441
dirt_1376
mold_1544
lint_1094
mold_1397
pebble_1769
pebble_1457
charm_1654
charm_1135
rock_1015
pebble_1370
dirt_1385
mush_1211
strings_1120
charm_1538
hair_1567
worms_1342
charm_1939
hair_1924
mush_1246
dirt_1925
mold_1447
pebble_1601
strings_1464
pebble_1518
pebble_753
charm_1409
mold_1394
dirt_1899
pebble_1929
mold_493
dirt_526
lint_612
pebble_1575
pebble_1861
mush_1426
worms_157
lint_1498
worms_1239
worms_1695
lint_143
strings_173
lint_1368
pebble_1478
rock_167
worms_592
charm_762
strings_896
hair_1172
rock_2012
mold_1907
mush_1876
mush_1916
hair_1916
lint_1101
lint_1180
charm_1400
mush_120
hair_213
mush_255
mold_723
lint_1173
charm_1671
rock_132
worms_846
mush_787
worms_108
strings_193
rock_332
dirt_785
charm_1725
lint_1913
dirt_1777
worms_1398
mush_1998
rock_733
strings_828
mush_1146
dirt_1167
dirt_1810
hair_1914
mold_1564
charm_1162
rock_1627
dirt_1826
charm_1952
charm_1603
worms_1769
hair_1088
lint_1223
strings_1271
pebble_1690
dirt_1678
dirt_1550
pebble_1780
mold_274
strings_384
lint_774
rock_1591
hair_1492
hair_1672
lint_1081
worms_1023
hair_1266
worms_1676
worms_110
strings_458
mold_935
strings_1005
charm_675
worms_1672
lint_1438
mold_1722
strings_1313
charm_1943
rock_1104
rock_1453
lint_1263
strings_1844
mold_118
dirt_571
dirt_1659
mush_1926
charm_1051
hair_104
strings_152
lint_637
worms_778
hair_1561
charm_7
strings_281
mold_485
strings_658
strings_740
lint_1492
strings_1494
lint_247
mush_318
pebble_655
mold_2074
charm_1707
lint_1708
worms_1806
lint_1332
lint_1074
dirt_1129
lint_1715
pebble_1841
dirt_1906
charm_273
mold_697
rock_760
pebble_809
worms_875
rock_920
rock_267
worms_361
rock_879
hair_988
pebble_1139
pebble_1461
hair_1286
mush_1478
charm_1600
lint_66
hair_145
rock_402
mold_1184
mush_1040
worms_1026
dirt_1517
lint_1392
worms_1852
dirt_1151
mold_1413
hair_1811
charm_1368
hair_1833
mush_1071
mold_2035
dirt_1952
charm_108
dirt_213
lint_360
mush_760
charm_1147
lint_1219
dirt_1791
strings_1686
mush_140
mush_229
rock_846
mush_836
hair_835
worms_133
dirt_335
worms_52
mush_174
rock_532
strings_599
worms_608
lint_256
lint_394
hair_773
dirt_1210
mold_1884
strings_1180
mold_1648
pebble_1748
hair_1694
charm_1973
pebble_627
worms_1869
dirt_1514
pebble_1329
mold_2046
worms_1030
hair_1849
worms_1426
lint_1474
dirt_1681
dirt_1396
charm_1806
pebble_1201
dirt_854
pebble_1031
charm_1953
dirt_228
hair_372
strings_794
dirt_857
strings_881
worms_1214
dirt_1909
strings_227
pebble_640
mold_627
dirt_786
mold_123
lint_700
rock_1756
mush_1750
lint_1929
charm_1830
charm_247
strings_407
mush_1100
strings_1562
dirt_1049
dirt_1541
mush_1632
dirt_780
lint_1168
mush_234
charm_440
rock_577
strings_1508
lint_1912
worms_10
pebble_335
rock_831
lint_1009
strings_1090
hair_1300
worms_1506
dirt_1556
lint_1901
hair_1900
strings_47
rock_292
strings_365
lint_1015
mush_1650
strings_1349
mold_1840
worms_1307
rock_690
strings_73
dirt_215
mold_478
pebble_675
pebble_873
lint_1564
lint_1689
hair_1739
lint_1483
dirt_1878
rock_1447
hair_1652
mold_2068
strings_1398
rock_1470
charm_1393
charm_1496
pebble_1675
worms_1306
hair_1329
dirt_1730
hair_1272
charm_167
rock_1329
worms_1467
charm_1167
mold_1040
worms_1212
strings_1675
dirt_1098
worms_1801
dirt_1815
charm_1859
rock_233
rock_1107
worms_1444
charm_531
rock_729
dirt_4
strings_379
rock_511
mold_679
charm_94
worms_534
strings_587
lint_1387
lint_1819
mold_2053
worms_1073
worms_855
mold_1533
worms_1582
pebble_1122
rock_1910
worms_1910
strings_1472
hair_1267
strings_1911
dirt_805
rock_1560
hair_1758
hair_1435
charm_1372
dirt_1854
mush_1127
dirt_196
charm_826
mold_1172
lint_1229
dirt_214
strings_260
lint_298
rock_824
worms_1407
pebble_1906
worms_323
rock_512
pebble_1591
lint_1576
dirt_1761
hair_165
worms_340
hair_1602
pebble_1262
hair_1502
pebble_1945
mold_84
hair_93
strings_589
pebble_705
hair_1044
mush_1299
pebble_1559
hair_1582
strings_1423
charm_1886
worms_1460
dirt_1709
mush_1748
lint_497
hair_1450
strings_1505
rock_262
rock_437
hair_630
dirt_1353
hair_1045
charm_1217
lint_1296
mush_1290
mush_1319
mold_1831
lint_1346
mush_1606
charm_1500
mold_1914
dirt_769
mush_917
dirt_1452
mush_1710
hair_1350
lint_1881
charm_1129
strings_1388
strings_1355
charm_1127
lint_1110
dirt_103
hair_601
mush_40
pebble_1248
hair_1556
hair_1639
hair_3
strings_141
mush_549
mold_2039
worms_1923
charm_1770
rock_1566
pebble_1883
worms_1111
mush_1793
dirt_1877
mush_1166
worms_1438
rock_1776
mush_1870
charm_252
mold_798
strings_811
worms_1371
worms_1827
charm_2045
mold_535
worms_1328
gold_1825
ham_2171
gold_2171
gravy_2356
charm_52
rock_479
lint_517
lint_596
mold_847
strings_1452
hair_181
dirt_735
hair_1830
charm_2047
charm_24
hair_259
mush_373
charm_672
mush_1509
lint_1129
pebble_1579
lint_1172
worms_1369
rock_1084
rock_1811
mold_1078
lint_1574
pebble_1008
hair_1895
mold_1197
mold_2022
pebble_48
pebble_142
worms_444
rock_941
strings_1585
mold_222
dirt_206
rock_528
mush_687
charm_1073
strings_1032
dirt_1178
mush_544
rock_745
hair_24
mush_148
lint_987
dirt_1241
lint_1218
rock_1063
worms_397
hair_519
mush_1002
mush_1815
dirt_1531
charm_1857
mold_1633
hair_1698
lint_1322
charm_1436
pebble_1437
strings_1249
lint_54
strings_408
charm_576
pebble_767
mold_1319
rock_1437
mush_1671
mush_1381
hair_1187
charm_1892
charm_585
dirt_1590
worms_1034
rock_1412
dirt_1583
strings_1849
hair_2
lint_14
rock_826
hair_812
strings_1386
charm_1419
charm_1179
strings_1689
charm_1694
mold_1470
dirt_1627
hair_999
pebble_26
pebble_31
rock_660
mold_725
lint_1117
rock_1266
worms_1210
mush_1043
strings_1135
mold_1374
dirt_1144
mold_1280
pebble_1352
charm_379
strings_16
hair_349
mold_576
pebble_785
charm_2011
lint_1192
hair_1771
rock_146
mush_1423
mold_1548
dirt_515
worms_97
hair_106
lint_178
worms_235
strings_645
pebble_1965
pebble_1458
hair_1180
rock_1289
lint_353
rock_1816
worms_1364
lint_164
hair_607
rock_719
strings_965
brandy_83
strings_1770
mold_1069
mush_1494
rock_1821
rock_1356
worms_1472
hair_188
lint_1899
mush_627
mold_901
lint_1234
mold_1523
hair_72
rock_202
charm_491
charm_671
hair_919
pebble_911
dirt_1744
hair_1616
pebble_1809
worms_499
mush_1232
dirt_1159
mold_1175
mold_1958
mush_334
pebble_471
rock_758
mush_769
mush_971
lint_1013
worms_1017
mold_1183
mush_414
lint_910
mush_1474
charm_1755
pebble_1052
dirt_1232
hair_1318
lint_1672
dirt_1840
strings_132
pebble_1942
worms_1871
mush_1851
dirt_1569
strings_414
charm_1227
rock_1758
strings_1375
mush_1774
mold_920
hair_1096
strings_1284
canofbeans_114
dirt_1596
mold_1683
rock_204
lint_499
lint_729
mush_1834
hair_1040
pebble_459
strings_479
charm_766
dirt_1542
rock_1489
canofants_988
rock_287
dirt_1266
mush_1272
dirt_1081
strings_1064
worms_190
lint_350
pebble_580
dirt_1193
strings_1819
rock_1528
hat_1088
cleaver_2528
hair_986
lint_1131
mush_27
charm_428
mold_1426
rock_30
worms_46
pebble_1303
charm_1545
mold_1127
mold_608
dirt_1249
lint_1691
charm_1639
mush_1167
hat_1715
ham_1872
dirt_1294
hair_1568
dirt_1975
rock_774
charm_1231
strings_540
hair_539
strings_5
rock_170
dirt_345
mush_1095
mold_179
charm_1885
strings_1041
pebble_1376
mush_1464
charm_1271
rock_1418
dirt_1597
strings_51
strings_1886
lint_206
heartofgold_2118
pebble_1359
charm_1083
lint_1133
charm_1618
strings_1024
mold_1356
rock_1950
worms_1885
hair_1077
mush_1438
pebble_1515
charm_441
charm_669
worms_789
dirt_1391
worms_146
mush_914
mold_1139
lint_651
rock_728
strings_735
strings_71
strings_2818
worms_2895
worms_1402
pebble_1923
lint_797
rock_1499
lint_1621
strings_34
rock_247
dirt_508
heartofgold_11
hair_1085
dirt_1682
hair_1066
lint_429
rock_892
charm_388
hair_829
hair_891
pebble_1529
dirt_1544
mold_1707
strings_1693
strings_1278
mush_1033
hair_1150
worms_1479
mold_1640
canofants_2441
rock_1151
worms_1637
lint_1033
rock_1106
pebble_261
pebble_397
charm_774
worms_1578
mush_215
charm_370
mush_1126
mold_596
mush_770
mold_1006
mush_1068
rock_141
worms_418
lint_777
pebble_937
lint_6
charm_245
mush_497
mold_638
rock_1616
hair_1572
hair_1770
pebble_1280
mold_1385
dirt_943
strings_327
mush_871
mush_1465
lint_1088
dirt_1644
worms_1682
worms_958
hair_1302
mold_1543
hair_86
charm_625
worms_1652
dirt_629
mold_739
dirt_914
rock_1402
mush_1524
lint_1832
pebble_1335
hair_655
rock_979
mush_980
charm_177
hair_356
charm_1922
mush_1048
pebble_1083
charm_1586
charm_1643
hat_19
ham_2454
mush_1569
rock_1041
charm_1235
mold_1900
lint_1373
gold_1427
charm_282
charm_430
mold_482
pebble_744
strings_873
lint_265
mush_961
lint_1525
worms_517
charm_854
rock_584
pebble_788
hair_959
brandy_166
brandy_610
cleaver_1568
worms_1819
dirt_1130
strings_1348
lint_1301
lint_1499
rock_554
mush_910
mold_1354
hair_1674
charm_161
lint_188
charm_254
ham_2114
charm_1212
lint_195
hair_362
strings_1210
pebble_1318
charm_1666
strings_1614
mush_1654
strings_1108
strings_1394
mush_1437
charm_1965
hair_1882
brandy_1919
phonograph_2253
pebble_1224
worms_1279
mush_1463
lint_1670
strings_1728
charm_1946
mold_1872
ham_1151
lint_1321
pebble_1834
hair_560
pebble_1899
mush_1187
mush_1757
mold_1803
rock_1675
mush_1990
brandy_2374
pebble_1872
hair_73
mold_425
dirt_865
dirt_267
pebble_818
lint_1485
dirt_1794
hair_1485
rock_179
charm_649
mush_1495
pebble_1521
dirt_174
charm_408
rock_672
mush_1390
charm_346
worms_385
worms_620
dirt_537
hair_1056
strings_1602
pebble_1549
rock_110
rock_284
mold_442
worms_516
rock_636
mold_707
worms_1245
dirt_1285
pebble_95
dirt_127
pebble_337
mold_606
mold_933
canofbeans_645
canofbeans_1280
canofants_729
heartofgold_769
mush_1507
dirt_1065
hair_1351
pebble_1304
charm_418
mold_394
charm_656
charm_1903
worms_136
worms_535
charm_882
strings_1524
mold_1599
hair_33
dirt_1018
worms_963
mold_1691
dirt_1811
rock_1912
charm_1861
mush_44
dirt_203
lint_292
rock_502
worms_1491
dirt_1311
worms_1647
canofants_1443
phonograph_1867
charm_2001
mush_1254
mush_1075
charm_1921
charm_1378
pebble_62
hair_440
worms_469
mush_829
mold_892
strings_1457
rock_136
strings_899
mush_1293
mold_1745
strings_20
hair_382
worms_1254
mush_1891
dirt_1237
worms_1490
dirt_179
rock_529
mush_1453
mold_132
rock_665
dirt_803
mold_2019
pebble_1344
rock_1927
pebble_1198
hair_1157
pebble_70
hair_194
lint_562
dirt_1780
hair_125
mush_357
dirt_594
worms_1835
mold_186
mold_197
mold_263
pebble_376
charm_708
mush_723
phonograph_529
gold_631
heartofgold_1230
mush_1132
worms_1612
mush_1702
gold_400
canofants_1184
hat_1736
mold_1594
charm_1479
rock_468
strings_579
charm_329
strings_523
mold_813
canofbeans_425
phonograph_1886
gold_2047
mush_1037
worms_1870
lint_1089
strings_171
strings_1191
pebble_1955
strings_111
charm_151
pebble_408
mold_491
charm_885
pebble_1502
pebble_1163
mold_1646
heartofgold_261
lint_1394
rock_1909
mold_93
strings_246
pebble_567
charm_684
worms_343
strings_1908
charm_1930
hair_241
charm_586
strings_657
mold_1832
strings_1097
mold_1634
mush_1712
strings_455
worms_540
dirt_1433
pebble_54
rock_569
strings_890
pebble_1779
canofants_786
mold_1326
pebble_1708
canofbeans_1143
mush_355
lint_798
hair_1623
mush_71
charm_166
strings_409
pebble_671
strings_885
mush_1607
strings_231
heartofgold_2193
ham_2478
strings_1898
mush_447
pebble_666
pebble_1004
rock_1155
mold_1422
pebble_371
rock_595
mush_759
charm_970
mold_975
hair_967
mush_1067
rock_1424
mold_1118
charm_1492
strings_1332
hair_1204
hair_1295
worms_1508
mold_1656
hair_627
mold_797
charm_971
hat_729
mush_408
worms_395
phonograph_2238
strings_1128
pebble_1860
hair_1586
strings_1936
mush_1618
worms_1925
mold_1431
pebble_1059
charm_1898
pebble_1338
lint_1668
rock_190
rock_1640
brandy_1712
charm_402
mush_432
worms_665
canofbeans_2028
lint_1951
pebble_1632
rock_1663
mush_1948
mold_1854
charm_12
mold_188
mush_705
charm_748
charm_874
rock_1527
rock_1129
lint_1818
lint_1308
canofants_1946
charm_1805
mold_1132
hair_1679
mold_1930
mush_1497
hair_1574
charm_1667
mold_22
charm_228
hair_722
pebble_1562
phonograph_884
phonograph_1530
dirt_1230
mold_1400
mush_1833
strings_1022
hair_1596
rock_1197
mush_1488
canofants_1145
mold_235
pebble_332
gold_1067
worms_1866
worms_292
hair_775
strings_879
canofbeans_214
mold_1737
rock_1906
lint_29
charm_563
charm_875
heartofgold_584
rock_213
rock_236
hair_693
rock_853
mush_2305
charm_2358
rock_2474
dirt_2387
rock_2626
mold_203
dirt_567
dirt_614
mold_893
pebble_1063
brandy_733
heartofgold_300
pebble_1322
worms_1451
mush_1745
worms_1598
charm_1401
pebble_1926
dirt_1364
mush_49
mold_92
mold_154
lint_1693
lint_1792
charm_72
lint_352
pebble_519
hair_646
worms_1050
strings_1121
charm_1616
mold_300
charm_386
pebble_591
strings_1589
strings_14
strings_784
pebble_1949
strings_1134
pebble_1216
mush_1480
phonograph_2319
gravy_334
heartofgold_2439
hair_1439
hair_1542
ham_1542
hair_1579
mold_13
dirt_126
dirt_341
hair_529
strings_138
rock_373
strings_381
strings_398
mold_591
dirt_1217
dirt_574
hair_1207
hair_1824
mush_1504
hair_1624
pebble_1753
mush_1425
charm_1789
charm_1656
dirt_388
hair_667
mush_828
dirt_840
mold_996
charm_1818
dirt_1653
hair_1649
strings_411
dirt_1171
ham_527
hat_828
phonograph_1189
pebble_1236
lint_1358
mold_1336
ham_1053
dirt_866
strings_1684
lint_1437
lint_427
lint_574
dirt_940
charm_2040
canofbeans_634
rock_340
dirt_855
rock_923
dirt_1680
rock_1657
gravy_938
hat_1536
mush_926
cleaver_2389
mold_1713
charm_1146
canofants_1172
rock_1486
strings_1073
strings_124
mush_231
lint_604
mush_738
gold_1907
heartofgold_2036
canofants_294
rock_1925
mold_220
mush_604
mold_969
dirt_51
pebble_166
mush_371
strings_510
hair_732
rock_825
strings_925
pebble_159
charm_237
mold_350
charm_607
rock_613
strings_680
charm_842
rock_1861
strings_560
mold_811
worms_906
charm_1031
worms_1119
mold_1235
mold_204
mush_362
mold_372
strings_451
charm_628
strings_725
dirt_928
lint_1182
rock_2004
charm_1562
mush_1472
charm_38
mold_65
rock_552
ham_1555
rock_1159
cleaver_768
charm_1987
lint_1943
mold_1221
pebble_489
mold_784
dirt_1269
pebble_1567
worms_1495
gold_2256
mush_1366
worms_1230
worms_326
rock_807
charm_1598
worms_250
pebble_287
rock_310
rock_944
dirt_102
strings_1634
lint_133
heartofgold_351
heartofgold_2182
dirt_1449
worms_619
hair_791
hair_1256
mush_1411
hair_1431
lint_1312
dirt_813
mold_843
canofants_300
rock_263
strings_608
charm_807
lint_794
hair_830
rock_1007
hair_1334
strings_1264
mush_1692
pebble_56
hair_373
gravy_895
ham_167
mush_266
dirt_514
lint_998
phonograph_718
canofants_2293
gravy_2531
canofants_1834
worms_1151
strings_1549
rock_1574
gold_652
worms_1406
mush_1853
worms_1732
dirt_362
gold_1372
charm_659
pebble_41
rock_1770
lint_1552
dirt_1341
canofbeans_1308
rock_1522
dirt_1040
worms_1236
mold_1325
strings_1458
ham_2191
gravy_2366
hat_243
worms_949
gravy_591
dirt_1148
strings_1787
pebble_1540
charm_1221
worms_1152
dirt_1812
gravy_120
worms_1388
rock_905
charm_138
pebble_311
lint_444
hair_475
pebble_35
hair_134
rock_407
strings_452
lint_759
hair_1167
lint_1771
pebble_1822
worms_245
mold_270
lint_401
mold_560
pebble_988
mold_2160
worms_2393
rock_2545
mold_2652
lint_2589
lint_2850
hair_2871
dirt_983
worms_1707
dirt_1942
charm_1048
pebble_1146
dirt_1301
lint_1582
mush_3
lint_113
lint_158
mold_272
cleaver_1599
dirt_1816
mush_514
dirt_691
brandy_1681
strings_1118
dirt_485
hair_879
charm_1301
strings_1351
ham_947
gravy_930
dirt_2104
pebble_2194
hair_2309
mold_2577
worms_2571
pebble_2809
worms_2791
charm_244
dirt_286
worms_503
pebble_648
worms_773
worms_832
charm_925
charm_407
rock_579
pebble_1179
mold_1481
dirt_1105
lint_1154
charm_2030
mold_355
mold_524
pebble_1018
charm_1688
worms_1302
worms_1551
mush_1795
rock_345
mush_1755
charm_1118
hair_1580
hair_1374
canofants_2180
ham_1375
dirt_1156
strings_637
strings_1970
dirt_1239
pebble_1372
dirt_420
worms_550
mush_1199
rock_1636
strings_442
gravy_897
strings_1661
charm_1416
canofbeans_2256
hair_1740
charm_1702
hair_1106
worms_1125
lint_1398
lint_1809
worms_596
heartofgold_1030
cleaver_2372
canofants_286
cleaver_2367
mush_479
charm_548
cleaver_342
hat_1004
mold_1143
charm_1270
lint_1887
worms_24
mush_560
cleaver_1803
worms_1174
strings_1550
lint_1711
charm_1176
worms_1156
cleaver_1244
gold_1007
dirt_1262
dirt_1444
lint_424
pebble_721
charm_866
strings_850
lint_983
ham_172
mush_1939
hair_1093
dirt_1169
worms_1072
mush_1340
mold_1804
ham_202
rock_5
rock_768
charm_1004
lint_1069
dirt_1474
gravy_2381
worms_1811
charm_1145
pebble_1896
canofants_1103
strings_1031
rock_130
worms_767
mush_1450
ham_696
canofants_748
lint_1607
strings_1204
charm_1607
hair_1691
pebble_281
pebble_316
mush_583
dirt_605
pebble_874
dirt_1823
pebble_171
worms_538
strings_690
mold_700
rock_759
gold_894
strings_1342
gravy_104
mold_1910
lint_1245
strings_1106
canofbeans_799
gravy_971
rock_1609
lint_161
worms_390
heartofgold_991
mold_1177
gravy_2458
charm_1055
hair_18
charm_555
rock_937
dirt_968
lint_1203
strings_1568
lint_23
worms_333
phonograph_1387
rock_244
dirt_398
lint_483
worms_797
strings_628
mold_451
mush_507
worms_2327
charm_2422
rock_2603
charm_2575
rock_2687
charm_2707
hair_2582
dirt_2823
strings_1291
strings_1555
mold_931
lint_1116
pebble_1149
worms_1613
mush_1209
mold_125
rock_1042
mold_1812
canofbeans_281
canofbeans_1113
phonograph_1499
mush_68
mush_77
pebble_1446
charm_1088
strings_335
canofants_1054
mush_1874
lint_737
mush_972
worms_929
worms_224
dirt_784
canofbeans_360
gravy_1973
pebble_1404
worms_1493
charm_1099
canofants_282
phonograph_1981
hair_1433
strings_1863
hat_585
phonograph_1667
gold_597
gold_2174
canofbeans_298
canofbeans_500
mold_974
charm_397
rock_1382
dirt_1672
cleaver_631
gravy_2232
hair_1018
canofbeans_2100
charm_1247
dirt_1538
charm_1445
strings_1567
pebble_1321
dirt_1390
mold_1791
ham_138
mush_166
rock_787
pebble_845
dirt_1527
canofants_1381
cleaver_1554
pebble_306
mush_345
charm_564
lint_712
strings_1068
dirt_1075
mold_1285
rock_1855
mold_1537
charm_1646
worms_851
canofbeans_1444
gravy_1612
mold_2004
rock_96
hair_281
charm_864
phonograph_2380
gold_12
brandy_1528
strings_1468
gold_1538
rock_1795
charm_1096
cleaver_775
dirt_1086
strings_1438
cleaver_1198
dirt_1588
strings_1617
rock_20
mold_1098
strings_1851
rock_4
mush_358
charm_517
charm_879
lint_1207
mush_1431
rock_1763
mold_1513
mush_1413
worms_1702
dirt_202
worms_396
worms_453
mold_546
pebble_1273
mush_510
hair_912
canofbeans_1064
hair_1181
worms_1597
ham_2467
worms_951
mush_1616
hair_282
worms_556
canofants_1761
canofants_856
charm_1157
pebble_1451
dirt_1661
lint_601
worms_622
pebble_956
dirt_2119
mold_2360
strings_2690
hair_1716
charm_381
strings_521
mold_515
hair_926
rock_52
rock_73
pebble_228
dirt_394
lint_430
pebble_674
dirt_1762
brandy_2371
pebble_1440
charm_1655
hat_1257
phonograph_1549
worms_1488
hair_431
hair_592
mold_1226
heartofgold_1118
gold_2089
hair_1111
charm_64
pebble_116
mush_789
lint_837
dirt_834
mold_887
charm_1037
cleaver_529
phonograph_692
worms_34
charm_129
charm_515
lint_584
gravy_1802
strings_1645
lint_1397
mush_1849
charm_1483
heartofgold_2250
dirt_1103
rock_365
worms_199
pebble_319
dirt_1581
worms_12
mold_258
pebble_437
mold_490
mush_681
pebble_943
strings_979
cleaver_1683
hair_1084
dirt_530
strings_590
lint_660
rock_692
dirt_927
dirt_1858
worms_1358
pebble_1393
rock_1120
lint_1370
ham_1587
hat_218
canofants_136
charm_1374
rock_1482
charm_366
mold_750
phonograph_1275
ham_1837
hair_1060
hair_1307
mold_1899
pebble_796
brandy_2277
dirt_1092
mush_347
strings_559
pebble_586
canofbeans_350
phonograph_417
phonograph_2346
hat_714
heartofgold_1374
gold_2217
dirt_175
lint_496
charm_648
brandy_1662
worms_1474
charm_249
charm_383
pebble_725
ham_179
brandy_1119
gold_2244
cleaver_2196
mush_328
charm_686
rock_2041
mush_1466
strings_1251
brandy_129
brandy_288
phonograph_1655
mold_96
charm_116
strings_268
mush_169
worms_894
worms_1945
mold_2144
rock_2193
worms_2152
mold_2889
dirt_2918
lint_2900
ham_515
cleaver_630
mold_165
pebble_446
charm_597
strings_853
gravy_1735
canofbeans_1281
mold_1932
ham_203
brandy_1406
worms_31
strings_509
rock_645
mold_958
cleaver_1302
heartofgold_2194
mold_1895
gold_1470
charm_1714
gravy_1980
hat_2160
hair_1210
charm_1588
rock_738
lint_1014
canofants_2265
lint_1260
gravy_1618
dirt_200
mush_736
rock_739
hat_919
worms_1252
rock_1346
rock_1420
strings_1371
rock_1093
mold_1557
mush_1077
canofants_794
ham_1933
dirt_1534
heartofgold_727
heartofgold_2414
strings_480
dirt_645
rock_819
hat_2357
strings_1257
pebble_1884
gold_148
dirt_1887
pebble_1850
lint_809
lint_257
lint_494
hair_1669
strings_53
dirt_1071
charm_1193
pebble_1854
canofbeans_1704
charm_1201
canofants_1332
ham_2091
worms_1062
hat_1547
lint_1063
strings_1168
ham_2065
charm_243
charm_461
worms_2078
lint_2199
mold_2682
gravy_1633
worms_1828
pebble_89
dirt_1753
lint_1150
rock_1421
gravy_1511
dirt_1461
mold_2006
gravy_61
hat_323
phonograph_880
hat_13
gravy_663
heartofgold_1226
canofants_7
hair_990
rock_2036
canofants_5
strings_149
strings_511
charm_624
gold_1509
canofants_1488
dirt_1314
worms_1899
rock_2009
rock_133
mush_672
hair_1020
mold_1402
rock_1691
charm_219
mush_284
lint_527
lint_676
hat_999
gold_189
mush_346
pebble_595
strings_664
canofbeans_884
gravy_1075
cleaver_312
canofbeans_2415
dirt_1422
canofants_474
hair_1255
canofbeans_155
gold_1959
worms_1618
charm_157
strings_300
charm_1281
mush_306
mush_416
gold_133
cleaver_366
rock_510
worms_656
mush_912
phonograph_181
hat_801
mold_1754
mold_69
hair_155
mush_994
hair_245
lint_665
rock_1948
ham_322
hat_2206
hair_2197
dirt_2367
mush_2346
worms_2704
hair_2675
mold_2859
mush_2899
rock_2953
lint_671
rock_682
mold_1205
mush_177
rock_524
worms_588
mold_2123
lint_2035
mold_2254
lint_2209
worms_2469
mold_2602
hair_2452
ham_1588
charm_687
worms_821
gold_985
mush_197
mush_456
mush_737
dirt_814
hair_1869
canofants_19
mush_1719
mush_343
dirt_332
lint_386
hat_2023
canofbeans_2064
hair_1861
lint_1048
brandy_2252
canofants_847
worms_1205
charm_1759
pebble_1824
phonograph_1917
ham_1973
hat_2057
ham_1994
charm_292
lint_448
strings_533
hair_600
mold_733
rock_794
mold_1371
charm_1486
phonograph_1170
phonograph_132
heartofgold_936
brandy_2104
hat_2277
gravy_654
cleaver_780
gravy_872
pebble_1170
charm_1733
hat_1339
dirt_1585
brandy_724
gravy_1102
mold_1940
dirt_429
strings_944
pebble_1649
cleaver_1434
canofbeans_1993
ham_1240
ham_1162
gold_1197
mush_1109
hat_1923
mush_70
dirt_2012
pebble_2285
charm_2567
lint_2557
charm_2764
strings_2754
lint_1386
worms_536
lint_663
strings_681
charm_784
gold_1923
worms_1375
rock_1231
phonograph_1890
hair_1063
rock_1434
strings_1530
dirt_425
brandy_1220
rock_1056
mold_99
pebble_156
charm_573
mush_580
gold_1164
canofbeans_965
charm_1108
heartofgold_1339
gold_2077
gold_339
pebble_141
lint_480
pebble_998
gold_310
canofants_1705
rock_1564
ham_7
phonograph_1254
heartofgold_1054
pebble_1868
mold_293
mold_614
mold_1015
lint_1107
hat_56
heartofgold_1584
canofbeans_1215
worms_18
gold_790
mold_1991
mold_635
strings_835
gravy_1970
lint_224
pebble_793
strings_2353
pebble_2462
hair_2492
mold_2894
dirt_1579
charm_673
mold_691
charm_981
lint_1846
dirt_1868
dirt_1431
strings_156
mold_249
lint_63
lint_275
rock_520
hat_2137
mold_547
dirt_575
phonograph_100
gravy_759
phonograph_1593
canofbeans_2133
mush_685
heartofgold_1977
mold_153
dirt_330
hair_471
gold_1701
dirt_1482
lint_397
hair_608
canofants_1350
hat_42
cleaver_2473
mush_1428
ham_174
cleaver_1761
charm_1336
cleaver_1523
lint_1796
phonograph_447
brandy_1445
gold_845
cleaver_1855
canofants_1880
gravy_1455
hat_285
cleaver_2004
dirt_757
mold_759
hair_928
ham_190
heartofgold_793
hat_645
brandy_643
brandy_720
strings_1895
mush_1937
strings_1259
rock_13
mold_110
rock_333
dirt_522
worms_575
pebble_802
lint_845
gold_2391
gravy_1473
brandy_1630
pebble_220
rock_283
pebble_557
mush_733
hair_924
hair_367
charm_432
gravy_370
heartofgold_1163
gold_1966
cleaver_163
cleaver_479
worms_1144
hair_1703
charm_1926
mush_664
strings_1670
mold_1723
hair_1680
lint_806
lint_1848
heartofgold_824
mold_565
dirt_597
rock_324
worms_484
worms_705
worms_836
lint_196
dirt_553
pebble_622
strings_706
heartofgold_1402
cleaver_2563
phonograph_253
phonograph_2219
gold_220
cleaver_70
gold_604
mush_1141
pebble_1407
brandy_143
cleaver_2365
hat_86
canofbeans_2091
heartofgold_2360
gravy_2184
pebble_69
charm_424
hair_631
cleaver_1123
phonograph_359
brandy_1946
canofbeans_2463
hat_1181
canofants_255
heartofgold_1205
worms_1600
cleaver_2288
hat_2271
charm_518
dirt_1648
hair_1822
charm_693
pebble_862
mush_1139
pebble_444
worms_1186
rock_1318
canofants_1964
hair_1378
worms_186
dirt_1616
rock_1867
mush_1045
rock_1172
canofants_200
canofbeans_1636
cleaver_181
gravy_2130
phonograph_651
heartofgold_956
hat_1598
worms_1724
hair_1863
rock_1730
mush_1714
charm_895
dirt_944
lint_1609
charm_1978
charm_131
lint_477
strings_1615
brandy_1116
brandy_1424
cleaver_2470
mush_1085
mold_1749
canofbeans_686
canofbeans_885
pebble_1673
phonograph_2307
cleaver_2315
canofants_782
cleaver_710
worms_1680
dirt_274
mush_751
canofbeans_743
gold_2269
pebble_1783
hat_1443
gold_1609
phonograph_136
canofbeans_1830
gravy_2107
gold_1071
pebble_1627
canofants_1301
strings_1484
mush_749
hair_842
cleaver_118
hat_759
ham_642
lint_2157
hair_2363
rock_2738
hair_2764
brandy_1234
hair_1308
mold_1941
dirt_284
hair_11
mush_84
charm_378
hair_819
worms_788
gold_2210
pebble_1238
strings_1510
hat_870
ham_1064
gravy_2427
charm_1684
mold_62
strings_598
worms_646
charm_1156
pebble_1535
mush_1503
mush_1625
mush_1917
pebble_1428
heartofgold_2286
dirt_1067
dirt_666
worms_784
mush_1892
dirt_1871
ham_619
pebble_1832
strings_121
mold_460
gravy_738
ham_2261
strings_211
pebble_699
canofants_1190
rock_1731
worms_1709
worms_1916
canofbeans_773
brandy_519
ham_1286
heartofgold_1925
phonograph_516
canofbeans_2324
pebble_257
strings_685
canofbeans_625
canofants_693
gold_223
gold_377
phonograph_1495
heartofgold_2270
canofbeans_2498
ham_533
hat_1816
strings_1413
lint_731
strings_889
gravy_1040
worms_1039
gravy_1956
worms_33
worms_189
rock_930
gravy_2095
canofbeans_1629
lint_1285
hat_760
gold_2452
ham_741
rock_1183
gravy_548
charm_760
strings_876
brandy_1936
gold_2305
heartofgold_393
dirt_1685
worms_308
worms_612
dirt_713
canofants_694
canofbeans_1416
hat_2130
dirt_130
mush_377
hair_1656
charm_403
lint_602
charm_738
charm_872
mush_1084
ham_463
phonograph_902
canofants_1175
strings_200
lint_278
strings_1161
gravy_383
gravy_99
canofbeans_798
strings_118
mold_330
rock_508
rock_850
phonograph_1155
charm_16
rock_471
mush_901
ham_1156
gravy_356
heartofgold_1958
brandy_2208
rock_1505
worms_73
pebble_451
worms_623
lint_472
mush_963
dirt_1480
cleaver_2191
canofbeans_2266
brandy_1515
brandy_351
gold_2040
brandy_2090
brandy_311
canofbeans_2163
canofants_2474
hat_1760
charm_1695
mush_1881
ham_1095
gravy_2424
hat_254
ham_2166
lint_1376
charm_1793
mold_1873
mush_707
hair_881
heartofgold_1086
charm_75
lint_825
dirt_826
phonograph_1465
cleaver_823
canofants_445
ham_1372
cleaver_1589
mold_435
mush_800
strings_1618
dirt_374
mush_762
rock_834
brandy_2102
gravy_1312
rock_1457
mold_1829
charm_2149
strings_1920
rock_22
dirt_637
brandy_856
ham_1757
brandy_1889
mold_328
pebble_900
canofbeans_1009
brandy_225
gravy_1438
gravy_1282
canofants_1320
canofbeans_541
strings_1665
brandy_603
gravy_2541
brandy_663
ham_2327
canofbeans_519
mold_804
pebble_1022
mold_1704
pebble_439
gold_1220
gold_2155
dirt_1361
lint_248
charm_759
mush_252
pebble_374
worms_914
dirt_1725
pebble_1897
gravy_379
gravy_1786
heartofgold_1247
ham_780
phonograph_2343
worms_1537
mold_1055
mush_1442
canofants_1343
brandy_2198
hat_346
hat_976
phonograph_2497
canofbeans_759
canofants_1251
gravy_2306
hair_6
worms_40
pebble_91
rock_253
mush_734
mush_655
rock_917
heartofgold_185
phonograph_2126
pebble_558
strings_933
worms_1244
cleaver_1009
cleaver_1690
rock_713
strings_882
gold_1455
hat_333
heartofgold_2098
gold_1132
rock_1287
mush_1537
lint_0
lint_463
pebble_878
strings_935
hair_170
charm_956
charm_992
cleaver_795
ham_1446
cleaver_472
heartofgold_847
canofants_107
dirt_741
lint_1924
rock_1596
brandy_1250
rock_2054
pebble_1990
rock_2131
hair_2053
mush_2136
hair_2465
gold_1665
pebble_1715
canofbeans_417
ham_1876
cleaver_845
heartofgold_120
pebble_1116
rock_1859
hair_1785
rock_571
mold_575
hair_749
worms_776
gold_1844
hat_2414
ham_760
phonograph_2362
heartofgold_386
cleaver_1586
heartofgold_2315
ham_94
strings_1391
phonograph_1443
cleaver_484
canofbeans_1870
phonograph_2025
canofants_85
rock_1141
hair_1241
lint_1918
charm_1184
heartofgold_1688
hair_1325
strings_1196
worms_1777
worms_169
pebble_248
charm_1764
lint_365
lint_489
charm_869
pebble_929
brandy_97
phonograph_1435
gravy_2405
ham_364
brandy_1447
mush_1307
hair_815
gravy_215
ham_907
gravy_1695
dirt_1359
hair_1802
mush_1933
mush_746
mold_720
strings_759
charm_945
gold_2178
mold_1171
mold_1864
pebble_783
phonograph_149
cleaver_989
hat_1037
heartofgold_1936
brandy_1699
lint_1029
pebble_1686
strings_1779
canofants_821
mush_1393
phonograph_1447
strings_1446
heartofgold_1472
worms_111
worms_355
lint_1233
charm_1493
strings_82
worms_209
strings_1126
worms_1159
worms_1322
dirt_519
canofbeans_2010
gravy_2428
cleaver_1131
hair_331
strings_1011
charm_1410
cleaver_1572
pebble_196
charm_633
charm_1300
canofants_1104
gravy_423
lint_1361
strings_927
canofbeans_208
brandy_1345
canofbeans_1437
charm_1832
hat_604
ham_1091
heartofgold_1028
phonograph_2255
gravy_526
ham_2451
gravy_2480
mold_1376
heartofgold_2309
cleaver_109
gravy_846
hat_460
phonograph_294
pebble_1552
mold_1604
heartofgold_1599
gravy_659
phonograph_296
canofants_2457
canofbeans_2447
phonograph_2468
ham_851
heartofgold_1670
pebble_1954
lint_165
mush_603
charm_940
canofbeans_1886
gold_666
gold_1096
phonograph_71
canofbeans_407
gravy_2039
gravy_76
cleaver_336
ham_909
lint_267
heartofgold_2150
phonograph_1191
pebble_1286
cleaver_879
gold_1339
rock_106
pebble_531
hair_606
mold_1417
gold_1141
hat_613
canofants_1342
hat_1425
brandy_185
phonograph_2153
pebble_569
charm_802
heartofgold_2159
strings_1570
lint_1595
mold_623
charm_1174
rock_2314
hair_2222
mold_2676
pebble_2822
heartofgold_2260
heartofgold_1047
pebble_1310
pebble_1604
pebble_121
strings_242
dirt_333
hair_611
rock_925
mush_952
brandy_302
worms_1299
charm_256
hair_312
lint_820
charm_1262
charm_1350
mush_94
lint_377
mold_500
strings_698
brandy_591
gold_468
strings_1874
canofbeans_1991
hair_1626
canofbeans_1171
canofbeans_1971
strings_514
worms_497
pebble_835
heartofgold_1100
canofants_1551
rock_860
mush_854
pebble_922
brandy_392
brandy_647
heartofgold_2400
hat_77
canofbeans_1776
gravy_884
gold_617
canofants_983
phonograph_1800
gold_562
ham_363
ham_1795
pebble_154
rock_1860
strings_467
mold_791
rock_1002
brandy_1450
lint_1315
phonograph_975
canofbeans_1378
gold_1289
rock_54
rock_380
strings_430
strings_939
mush_1416
heartofgold_1251
hat_2089
hat_1535
brandy_2362
canofants_2289
heartofgold_1315
heartofgold_2025
ham_864
phonograph_629
heartofgold_2415
hat_1312
ham_1643
gravy_1474
brandy_1920
ham_2153
gold_1989
gravy_74
canofbeans_1623
canofbeans_841
strings_1674
hair_1458
mold_508
canofants_440
gold_1522
hair_1152
strings_1642
dirt_283
canofbeans_935
canofants_968
gravy_1616
hat_288
strings_1607
mold_1641
dirt_317
hair_381
lint_645
lint_980
hair_1015
hair_965
cleaver_1672
cleaver_2478
cleaver_475
canofants_1359
brandy_1811
lint_53
mold_890
ham_528
hat_558
ham_602
heartofgold_952
dirt_217
lint_533
pebble_838
mold_891
heartofgold_1815
casket_1525
ham_2308
brandy_203
brandy_385
canofants_1453
canofbeans_1312
charm_1343
gravy_871
heartofgold_1878
canofbeans_1054
canofants_2102
cleaver_255
hat_600
mush_2736
pebble_2764
mold_2831
hair_2652
dirt_2889
mush_1274
gold_39
canofbeans_2261
mush_1258
lint_1936
hat_1266
hair_1309
mush_1566
pebble_690
rock_931
gold_2238
lint_1096
dirt_227
charm_396
pebble_571
mold_677
gold_1549
canofbeans_2325
gravy_947
hair_1171
cleaver_856
ham_2293
rock_1936
suitcase_1199
dirt_54
strings_394
lint_886
canofbeans_65
ham_1343
gravy_1598
strings_1695
canofbeans_2034
gold_1590
pebble_1270
hair_92
dirt_379
mush_846
strings_157
rock_377
dirt_1683
pebble_129
mush_260
mold_450
lint_829
lint_835
mush_1025
hair_1139
pebble_59
worms_135
mold_196
lint_230
worms_391
dirt_568
mold_858
rock_1955
hair_1548
rock_25
pebble_301
lint_345
mush_382
mush_934
charm_984
canofants_1773
canofants_2074
gold_2205
gravy_1024
brandy_1072
dirt_1128
mold_1439
worms_1668
gravy_936
hat_1513
canofbeans_107
hat_1917
gold_258
canofants_1148
gravy_646
charm_1844
charm_155
pebble_831
charm_1003
heartofgold_439
gold_561
gold_2043
cleaver_819
hat_374
hat_2066
hat_1695
cleaver_2026
mush_47
ham_166
hat_348
hair_1271
gold_1026
brandy_2368
brandy_789
brandy_1339
ham_1984
phonograph_2511
heartofgold_1496
heartofgold_1833
lint_1959
worms_42
hair_412
mold_548
lint_696
mold_1605
pebble_1681
strings_1694
worms_690
ham_1345
canofants_1010
charm_14
strings_269
mush_564
charm_950
canofbeans_1831
gravy_2527
phonograph_1253
hair_1482
ham_980
hat_478
canofbeans_1952
hat_1415
worms_1021
dirt_171
mush_657
lint_786
canofbeans_429
phonograph_514
lint_1410
mold_1606
ham_1475
worms_2196
strings_2432
mold_2588
gold_1294
charm_677
ham_2092
holes_1099
hair_89
mush_897
phonograph_203
rock_281
dirt_356
mush_442
lint_569
mush_853
heartofgold_28
heartofgold_944
mush_1287
canofants_1422
phonograph_1857
mush_1313
lint_220
mush_531
strings_68
hair_318
rock_504
mold_539
hat_1623
gravy_1512
gold_1788
canofants_2351
hat_2421
heartofgold_49
gold_728
canofbeans_303
gold_149
hair_1503
phonograph_559
cleaver_1375
gravy_187
charm_1524
strings_1771
brandy_248
ham_1927
brandy_2322
hat_1894
brandy_980
brandy_1632
ham_2485
charm_1681
canofbeans_1587
gravy_894
canofbeans_895
cleaver_1876
strings_1145
hair_1197
charm_33
charm_239
pebble_701
hair_726
rock_964
hat_377
gravy_1372
casket_1763
cleaver_357
rock_200
pebble_307
mush_534
pebble_1027
pebble_1392
gravy_2300
ham_2463
phonograph_1412
canofbeans_1672
mush_1247
rock_1754
canofbeans_319
hat_1304
mold_1373
charm_212
lint_246
lint_409
mold_736
hair_901
gold_1129
hat_16
gold_237
gravy_2447
cleaver_1172
heartofgold_2102
ham_553
brandy_2002
charm_1969
charm_1765
mush_1236
strings_1262
gravy_651
mush_1200
phonograph_2342
cleaver_1306
hat_606
gravy_1767
ham_1688
canofbeans_1969
canofants_1462
strings_93
cleaver_287
ham_1350
gravy_1358
gravy_1574
cleaver_2008
ham_1943
phonograph_1842
hat_2156
gravy_110
heartofgold_1891
hat_130
gravy_1704
phonograph_93
phonograph_1657
gravy_541
pebble_2046
worms_2304
pebble_2479
dirt_2514
hat_1176
cleaver_1394
ham_2138
phonograph_505
gravy_35
gravy_1632
heartofgold_1284
rock_1567
dirt_1700
canofbeans_711
strings_1507
mold_2066
gold_2106
pebble_1588
phonograph_8
ham_2475
canofbeans_104
ham_445
hat_1515
canofants_21
canofants_396
gravy_1564
pebble_1074
mold_1448
heartofgold_517
canofants_2018
heartofgold_1557
hat_2035
gravy_518
lint_144
mold_198
charm_520
rock_1336
mush_405
mush_465
ham_1397
hair_725
dirt_177
hair_274
worms_844
ham_2129
heartofgold_764
cleaver_1095
gravy_2483
canofants_1790
heartofgold_1412
gravy_559
hat_957
canofbeans_1650
mush_875
lint_929
ham_1750
space_1359
space_1381
strings_1389
mold_1983
cleaver_1871
ham_880
cleaver_1333
clutter_1730
pebble_1073
worms_1354
lint_1646
lint_2013
strings_2041
rock_2228
worms_2760
suitcase_1323
hat_2310
hat_1310
strings_1828
brandy_2283
canofants_1211
strings_94
pebble_125
mush_781
lint_773
worms_762
rock_875
space_1944
ham_1947
gravy_2529
ham_1322
cleaver_2064
rock_1548
mold_1989
hair_39
rock_122
pebble_264
dirt_467
dirt_740
mold_462
charm_580
mold_914
gold_25
canofants_758
heartofgold_4195
worms_1541
pebble_1767
strings_1605
phonograph_1104
boulder_1411
mush_629
canofants_88
charm_1941
pebble_499
mush_805
hat_1104
gravy_2438
phonograph_1451
heartofgold_2248
canofbeans_792
canofbeans_2016
strings_25
strings_120
worms_896
cleaver_2549
charm_1358
mold_1727
heartofgold_153
gravy_812
brandy_380
strings_1228
mold_1881
heartofgold_1780
hat_1796
phonograph_832
canofbeans_1855
hat_202
canofants_1295
cleaver_1981
strings_380
lint_862
pebble_923
rock_1215
suitcase_1479
phonograph_823
pebble_1129
mush_282
gravy_856
hair_1073
rock_67
canofants_471
phonograph_1300
canofants_973
pebble_2054
dirt_2136
lint_2866
strings_3001
cleaver_956
hair_584
lint_853
boulder_1845
phonograph_1796
heartofgold_1498
rock_1504
hat_1709
worms_0
pebble_985
hair_2789
strings_436
canofbeans_331
hat_2381
phonograph_1019
gravy_1149
dirt_1127
worms_1917
gold_356
gravy_375
gold_1910
canofbeans_2254
hat_1253
heartofgold_1534
hat_2184
ham_2181
gold_313
cleaver_945
ham_849
cleaver_1954
heartofgold_1567
phonograph_1153
heartofgold_1810
hair_995
mold_1846
hat_2233
strings_270
hair_257
pebble_498
charm_840
mold_998
hat_520
gold_2337
ham_1877
gold_788
canofbeans_1200
canofbeans_1614
gold_704
ham_2111
hat_366
pebble_172
pebble_186
mush_184
mold_202
charm_513
albatross_1786
heartofgold_2316
heartofgold_1811
canofants_1346
rock_1828
pebble_1751
heartofgold_323
cleaver_650
gold_496
hat_1016
mold_584
lint_702
worms_780
mush_440
lint_436
canofants_780
heartofgold_2062
phonograph_1957
phonograph_314
canofbeans_1073
hat_1061
rock_7
mold_150
pebble_203
mold_522
phonograph_1060
hat_2380
mush_285
hair_513
gravy_245
casket_1007
phonograph_1205
heartofgold_1450
rock_1565
canofbeans_2462
cleaver_2195
heartofgold_523
hat_715
suitcase_1194
mold_1728
gravy_2433
hair_1804
heartofgold_25
gold_665
hair_1722
phonograph_1512
heartofgold_2349
hat_328
ham_645
phonograph_1590
canofants_1658
phonograph_1114
mush_63
