aa
aaliis
aargh
aal
aardwolf
aam
aaronic
aas
abandoned
abandon
abaisse
abalation
abalone
abamps
abandoner
abandons
abamp
abandonment
abalienated
abaka
abadia
abaised
abacay
abased
abarticular
abaft
abanet
aba
aasvogels
abas
abaca
abannition
abaptistum
abadejo
aahed
abasedness
abacinate
abatises
abashless
abater
abasing
abasements
abasia
abacate
abated
abators
abases
abatis
abashes
abatjours
abastardize
abashment
abask
abatic
abashedly
abada
abattis
abatage
abacterial
abactor
abattises
admires
admirer
admissable
abattoirs
adenyls
adeptness
adenovirus
admissible
adeptest
adenyl
adequation
admired
admiringly
abrasion
admissibly
admedial
adenotomic
administrators
adequately
admittances
adenous
adephagan
admissions
admissively
admen
adept
adequacy
adenosis
admits
adeptship
administrationist
abrash
admeasurer
adermia
administratively
admirator
adephagous
admitted
adfected
admiralships
adeuism
adenotyphoid
adenophthalmia
admerveylle
admiralty
administratress
adhaka
admi
adminicular
adlumidin
admittee
administrable
adminicle
administratrix
admeasured
adenophyma
administration
adless
abactinally
adessenarian
admiration
adminiculation
adermine
admitters
adfix
admitting
adfrozen
administrate
adenomatous
adm
admirability
admix
adenoliomyofibroma
abraum
adenolipomatosis
adenopathy
adharma
adespota
adlumin
adenoses
admaxillary
adenomycosis
admirals
adjutator
admirative
adenophlegmon
adffrozen
adfreezing
administrates
adjuvant
adenophoreus
admixing
adherent
adjudicated
adenohypophysial
adjutory
adjuvate
adenoiditis
adenoneural
adhered
administering
adeste
adherend
adherents
adenoidal
admirably
adlegation
admarginate
adenomata
adjutor
administer
administered
admixtion
adjutancy
adjunct
adenomyoma
adherences
adjudication
adenographer
adenosarcoma
adenosclerosis
adjunctive
admixtures
adjutants
adherers
adenological
adjudicative
adenolymphoma
adjustors
adenoidectomy
adjudicature
adenomalacia
adjuncts
adenohypersthenia
adjutage
adenomyxosarcoma
abrased
adjustores
adherescence
adjusted
adjurations
adenographical
adjustments
adjudicata
adenogenesis
adjudicators
adjusting
adjure
abrasiveness
admonished
adjourning
adjudges
adenofibroma
abrader
adjustment
adjustage
abranchious
adhering
adjournments
abrasive
adjudged
adjustable
adenochondrosarcoma
adhesional
adjuror
abray
adjoust
admonishes
adenocarcinoma
adjust
adjoiningness
adenodiastasis
adjoinedly
adjourn
adjacent
adhesivemeter
admonishingly
abrade
adjoin
adenoblast
adjacence
adhesive
adenocellulitis
abrades
adhesives
adenocyst
adjures
adjiga
adjoint
abranchial
adiadochokinesia
adjectional
adenocarcinomata
aboves
adjurer
adjectival
adjudge
adenocystomatous
adjective
adjag
adenization
adiaphora
adjectives
adiabatic
aditus
abovestairs
adhibiting
admonishments
adiadokokinesi
adenines
adhibits
adiabolist
admonitioner
aditio
adiposeness
admonitions
adipsy
adhort
abrachia
adiposity
adiposis
adendric
adiposuria
adipsic
adnexal
ansu
abranchian
adiantum
adenia
adenin
adipopexic
admonitively
adiaphon
adit
ansi
adiagnostic
admonitorial
answerable
additiment
adnerval
adnex
answering
ansae
anta
anserines
ademption
answerably
answerer
answers
anserin
anstoss
answer
answerless
abraham
antibreakage
antibromic
adiaphoresis
antaeus
antiboxing
adenectomies
antagonise
antiblock
antibodies
anoxemic
antibug
adiamorphism
anoxias
ans
adempt
antiblastic
abouts
anschluss
ansarian
anticivism
antae
antibusing
anticlimactically
antacids
anticker
adipopectic
adnascence
anticivic
ansated
abox
antiblack
antick
antica
antical
anoxaemia
anticapital
anticipators
antibilious
abradant
anoxidative
adnominal
antagonising
anticlinorium
anticapitalistic
anticlimaxes
anticalligraphic
anoxemia
anticks
admove
antibiosis
anticlassicalist
anticline
antagonisms
anticlassicalness
adipinic
admonitory
anquera
antibiotically
anthropotomy
adiathermanous
adenalgia
anticlerical
anoxybiotic
adenase
antichreses
adnexitis
anthropozoic
antialcoholic
antialexin
anticipant
anticamera
anticlockwise
additionally
anticatarrhal
anticlactic
antiamboceptor
antibias
anticness
anticaste
anovular
anticlassicist
anticlimactic
adnation
anticipator
antibasilican
adiathermal
anticapitalists
antichretic
anovesical
anthroposophist
anticardiac
anthropotomical
antialbumin
antichrists
antichurchian
adenemphractic
adios
antiagglutinin
antiaggressionist
anthropotheist
antiauthoritarianism
anticoagulant
antichoromanic
anticatalyst
antichronically
antifungal
antagonistic
anticensoriousness
anticipate
anticentralization
anticipation
antiaditis
antichance
adiating
adibasi
adnomination
anticathode
antichthon
anthroropolith
anourous
anticly
anticoagulate
anticipating
antiauxin
adipescent
antibalm
abrazitic
anthropophysite
antifascism
antifat
anticarious
antichristian
anticatalytically
antiaggressively
antifrictional
antiaircraft
antigalactagogue
antiganting
additionist
anticentralism
antiamylase
antiempirically
anthropophobia
antiae
antifebrile
abr
anotherkins
antinode
antianaphylaxis
anthypophora
antiabolitionist
antianopheline
anticeremoniously
antianthropomorphism
anthropophuistic
adelphous
antiagglutinating
antiemperor
antiatheist
antiatheistically
antipastic
antipathetic
antiannexation
antagonizable
antifaction
antiballistic
antiabsolutist
antal
anticynicism
anthropoteleoclogy
antifeminist
antifundamentalism
antigenes
antihypochondriac
antialcoholist
anthryl
antiatoms
antibacterial
anoura
antichristianity
antigenically
anosmia
anticeremonial
antibacchii
adipomatous
antifederal
anticoagulator
anticogitative
antinihilistic
anticommercialistic
antipastos
antipatheticalness
anthurium
antianarchist
antiabrasion
anthropophagy
antagonize
antieducationist
antiager
anthroposophic
antipass
antinoise
anticensorial
anticipative
antisalooner
anticynical
antagonistically
antiegoist
antinicotine
antievolution
anticausotic
antiastronomical
antiempiricist
antipathies
antigonorrheic
antiattrition
anosmic
anthropophagous
antifouling
antings
adiaphoristic
anticholinergic
anthropopsychism
anounou
adipogenous
antidoting
antagonizes
antigen
antielectron
antiinflammatories
antinomian
adiate
antiparallel
antiparalytical
anotropia
anticoagulation
antigens
anticommercially
anticyclolysis
antigrammaticalness
anthropophagite
anoscopy
antiparliamentarians
antieducationalist
anosphresia
antichlorotic
antihypnotic
antievolutionary
admortization
antihemorrhagic
anticommercial
antihierarchical
antipatriarch
antienergistic
anticeremonialist
anthropophagistic
antiedemic
antiscientifically
antiparticle
antichlorine
adipoceriform
antiscabious
addison
antidogmatist
antifreezes
antifederalist
antierosive
antidoron
additament
antidotical
adipolytic
antimoniated
antinomical
anticolic
antipathize
antinomist
antifibrinolysis
antiinsurrectionally
antigigmanic
antidrug
antiglobulin
antihierarchies
antiparagraphe
anticommunism
antiparasitical
antiecclesiastically
antiegoistical
antiegotistically
anoterite
anticyclonic
antiepithelial
antifelony
antisag
antifermentative
antiegotistic
antihemoglobin
antisceptical
antigone
antiscience
anotto
aboveboard
antigrammatical
antiparliament
anting
antiecclesiastic
antiparliamentary
abaciscus
antidotary
antiegotism
antifertilizer
adenectopia
antipathogene
antievolutionistic
antiexpansionism
antiapostle
anthroposociologist
antiexpressionism
antigovernment
antineutrality
antidynastical
antineutrinos
antigraphy
anticomplement
adnouns
antimetathetic
antalgics
antalkali
anthropophagism
anticytotoxin
antieugenic
adiaphory
antidraft
antinormal
antiheroic
antignostic
antidynamic
antiscion
antiaristocrat
antiaristocratically
antigovernmentally
antimetabolite
antidoted
antimonid
antipatriarchally
antiparabema
antineoplastic
antidicomarianite
anorthosite
antiextreme
antidyscratic
antis
antihypertensive
antimonate
addle
antihemolytic
antidromic
antineuritic
antiexpressionistic
anticomet
antihistaminic
antiholiday
antienthusiastic
antiformin
antiascetic
antipharisaic
antidomestically
antiestablishment
antinomians
antischolastically
anidian
antidecalogue
antiinstitutionalist
antipatriot
antihero
adiaphorism
antihierarchal
antikenotoxin
antidetonant
antiaphthic
antiar
antimeson
antiferromagnetism
anticonservativeness
antifeudalism
antinovelist
antifeudalization
antiscorbutic
antiantidote
antidepressants
antifire
antianxiety
antihierarchist
antifogmatic
antienthusiasm
antisacerdotal
antihelminthic
antidemocracy
antipedal
antimonopolist
antiroyalist
antalkaline
antihistamine
antirumor
addititious
anidiomatical
antiars
anticommunistical
anticommutative
anorthoscope
antidogmatically
antiepileptic
anticomplex
anhydridization
antinosarian
antiheterolysin
antiforeignism
anticum
adrenocortical
antimethodic
antipapism
antinegroism
anticonservative
anthropophagical
anticonstitutionalism
antireligionist
antidromous
antirennin
antihum
antiarins
antipewism
antimonarchist
anticyclically
antiscia
antipapistic
addicts
antimonies
antiferromagnet
antinepotic
anhydromyelia
antiexpressively
anticyclic
antiharmonist
antiscrofulous
antiselene
adight
acumens
antineutral
anticreativity
antireligious
antirentism
antiresonance
anticonventionalist
antidiffuser
adinvention
antics
antigravitation
antiphilosophically
anhydrous
antienvironmentalists
antiphilosophism
antiguggler
antigyrous
antiscriptural
anicular
antipatriotically
antiroyal
antimoniuretted
antirust
antiperistaltic
anil
antirepublicanism
antidiphtheric
antihumanistic
antigropelos
antihydropin
antambulacral
antimonium
antinucleons
anticovenanter
antireformist
antimonopolization
antijam
adiaphoron
antidemocratical
antiknocks
antifoam
antimonarchicalness
antigravitationally
antihygienically
antinaturalness
addles
antipellagric
antiremonstrant
anorthophyre
antiflattering
aboulic
