3e7
3e6
3e5
3e4
3e3
3e2
3e1
3e0
3df
3de
3dd
3dc
3db
3da
3d9
3d8
3d7
3d6
3d5
3d4
3d3
3d2
3d1
3d0
3cf
3ce
3cd
3cc
3cb
3ca
3c9
3c8
3c7
3c6
3c5
3c4
3c3
3c2
3c1
3c0
3bf
3be
3bd
3bc
3bb
3ba
3b9
3b8
3b7
3b6
3b5
3b4
3b3
3b2
3b1
3b0
3af
3ae
3ad
3ac
3ab
3aa
3a9
3a8
3a7
3a6
3a5
3a4
3a3
3a2
3a1
3a0
39f
39e
39d
39c
39b
39a
399
398
397
396
395
394
393
392
391
390
38f
38e
38d
38c
38b
38a
389
388
387
386
385
384
383
382
381
380
37f
37e
37d
37c
37b
37a
379
378
377
376
375
374
373
372
371
370
36f
36e
36d
36c
36b
36a
369
368
367
366
365
364
363
362
361
360
35f
35e
35d
35c
35b
35a
359
358
357
356
355
354
353
352
351
350
34f
34e
34d
34c
34b
34a
349
348
347
346
345
344
343
342
341
340
33f
33e
33d
33c
33b
33a
339
338
337
336
335
334
333
332
331
330
32f
32e
32d
32c
32b
32a
329
328
327
326
325
324
323
322
321
320
31f
31e
31d
31c
31b
31a
319
318
317
316
315
314
313
312
311
310
30f
30e
30d
30c
30b
30a
309
308
307
306
305
304
303
302
301
300
2ff
2fe
2fd
2fc
2fb
2fa
2f9
2f8
2f7
2f6
2f5
2f4
2f3
2f2
2f1
2f0
2ef
2ee
2ed
2ec
2eb
2ea
2e9
2e8
2e7
2e6
2e5
2e4
2e3
2e2
2e1
2e0
2df
2de
2dd
2dc
2db
2da
2d9
2d8
2d7
2d6
2d5
2d4
2d3
2d2
2d1
2d0
2cf
2ce
2cd
2cc
2cb
2ca
2c9
2c8
2c7
2c6
2c5
2c4
2c3
2c2
2c1
2c0
2bf
2be
2bd
2bc
2bb
2ba
2b9
2b8
2b7
2b6
2b5
2b4
2b3
2b2
2b1
2b0
2af
2ae
2ad
2ac
2ab
2aa
2a9
2a8
2a7
2a6
2a5
2a4
2a3
2a2
2a1
2a0
29f
29e
29d
29c
29b
29a
299
298
297
296
295
294
293
292
291
290
28f
28e
28d
28c
28b
28a
289
288
287
286
285
284
283
282
281
280
27f
27e
27d
27c
27b
27a
279
278
277
276
275
274
273
272
271
270
26f
26e
26d
26c
26b
26a
269
268
267
266
265
264
263
262
261
260
25f
25e
25d
25c
25b
25a
259
258
257
256
255
254
253
252
251
250
24f
24e
24d
24c
24b
24a
249
248
247
246
245
244
243
242
241
240
23f
23e
23d
23c
23b
23a
239
238
237
236
235
234
233
232
231
230
22f
22e
22d
22c
22b
22a
229
228
227
226
225
224
223
222
221
220
21f
21e
21d
21c
21b
21a
219
218
217
216
215
214
213
212
211
210
20f
20e
20d
20c
20b
20a
209
208
207
206
205
204
203
202
201
200
1ff
1fe
1fd
1fc
1fb
1fa
1f9
1f8
1f7
1f6
1f5
1f4
1f3
1f2
1f1
1f0
1ef
1ee
1ed
1ec
1eb
1ea
1e9
1e8
1e7
1e6
1e5
1e4
1e3
1e2
1e1
1e0
1df
1de
1dd
1dc
1db
1da
1d9
1d8
1d7
1d6
1d5
1d4
1d3
1d2
1d1
1d0
1cf
1ce
1cd
1cc
1cb
1ca
1c9
1c8
1c7
1c6
1c5
1c4
1c3
1c2
1c1
1c0
1bf
1be
1bd
1bc
1bb
1ba
1b9
1b8
1b7
1b6
1b5
1b4
1b3
1b2
1b1
1b0
1af
1ae
1ad
1ac
1ab
1aa
1a9
1a8
1a7
1a6
1a5
1a4
1a3
1a2
1a1
1a0
19f
19e
19d
19c
19b
19a
199
198
197
196
195
194
193
192
191
190
18f
18e
18d
18c
18b
18a
189
188
187
186
185
184
183
182
181
180
17f
17e
17d
17c
17b
17a
179
178
177
176
175
174
173
172
171
170
16f
16e
16d
16c
16b
16a
169
168
167
166
165
164
163
162
161
160
15f
15e
15d
15c
15b
15a
159
158
157
156
155
154
153
152
151
150
14f
14e
14d
14c
14b
14a
149
148
147
146
145
144
143
142
141
140
13f
13e
13d
13c
13b
13a
139
138
137
136
135
134
133
132
131
130
12f
12e
12d
12c
12b
12a
129
128
127
126
125
124
123
122
121
120
11f
11e
11d
11c
11b
11a
119
118
117
116
115
114
113
112
111
110
10f
10e
10d
10c
10b
10a
109
108
107
106
105
104
103
102
101
100
ff
fe
fd
fc
fb
fa
f9
f8
f7
f6
f5
f4
f3
f2
f1
f0
ef
ee
ed
ec
eb
ea
e9
e8
e7
e6
e5
e4
e3
e2
e1
e0
df
de
dd
dc
db
da
d9
d8
d7
d6
d5
d4
d3
d2
d1
d0
cf
ce
cd
cc
cb
ca
c9
c8
c7
c6
c5
c4
c3
c2
c1
c0
bf
be
bd
bc
bb
ba
b9
b8
b7
b6
b5
b4
b3
b2
b1
b0
af
ae
ad
ac
ab
aa
a9
a8
a7
a6
a5
a4
a3
a2
a1
a0
9f
9e
9d
9c
9b
9a
99
98
97
96
95
94
93
92
91
90
8f
8e
8d
8c
8b
8a
89
88
87
86
85
84
83
82
81
80
7f
7e
7d
7c
7b
7a
79
78
77
76
75
74
73
72
71
70
6f
6e
6d
6c
6b
6a
69
68
67
66
65
64
63
62
61
60
5f
5e
5d
5c
5b
5a
59
58
57
56
55
54
53
52
51
50
4f
4e
4d
4c
4b
4a
49
48
47
46
45
44
43
42
41
40
3f
3e
3d
3c
3b
3a
39
38
37
36
35
34
33
32
31
30
2f
2e
2d
2c
2b
2a
29
28
27
26
25
24
23
22
21
20
1f
1e
1d
1c
1b
1a
19
18
17
16
15
14
13
12
11
10
f
e
d
c
b
a
9
8
7
6
5
4
3
2
1
0
2af7
2af6
2af5
2af4
2af3
2af2
2af1
2af0
2aef
2aee
2aed
2aec
2aeb
2aea
2ae9
2ae8
2ae7
2ae6
2ae5
2ae4
2ae3
2ae2
2ae1
2ae0
2adf
2ade
2add
2adc
2adb
2ada
2ad9
2ad8
2ad7
2ad6
2ad5
2ad4
2ad3
2ad2
2ad1
2ad0
2acf
2ace
2acd
2acc
2acb
2aca
2ac9
2ac8
2ac7
2ac6
2ac5
2ac4
2ac3
2ac2
2ac1
2ac0
2abf
2abe
2abd
2abc
2abb
2aba
2ab9
2ab8
2ab7
2ab6
2ab5
2ab4
2ab3
2ab2
2ab1
2ab0
2aaf
2aae
2aad
2aac
2aab
2aaa
2aa9
2aa8
2aa7
2aa6
2aa5
2aa4
2aa3
2aa2
2aa1
2aa0
2a9f
2a9e
2a9d
2a9c
2a9b
2a9a
2a99
2a98
2a97
2a96
2a95
2a94
2a93
2a92
2a91
2a90
2a8f
2a8e
2a8d
2a8c
2a8b
2a8a
2a89
2a88
2a87
2a86
2a85
2a84
2a83
2a82
2a81
2a80
2a7f
2a7e
2a7d
2a7c
2a7b
2a7a
2a79
2a78
2a77
2a76
2a75
2a74
2a73
2a72
2a71
2a70
2a6f
2a6e
2a6d
2a6c
2a6b
2a6a
2a69
2a68
2a67
2a66
2a65
2a64
2a63
2a62
2a61
2a60
2a5f
2a5e
2a5d
2a5c
2a5b
2a5a
2a59
2a58
2a57
2a56
2a55
2a54
2a53
2a52
2a51
2a50
2a4f
2a4e
2a4d
2a4c
2a4b
2a4a
2a49
2a48
2a47
2a46
2a45
2a44
2a43
2a42
2a41
2a40
2a3f
2a3e
2a3d
2a3c
2a3b
2a3a
2a39
2a38
2a37
2a36
2a35
2a34
2a33
2a32
2a31
2a30
2a2f
2a2e
2a2d
2a2c
2a2b
2a2a
2a29
2a28
2a27
2a26
2a25
2a24
2a23
2a22
2a21
2a20
2a1f
2a1e
2a1d
2a1c
2a1b
2a1a
2a19
2a18
2a17
2a16
2a15
2a14
2a13
2a12
2a11
2a10
2a0f
2a0e
2a0d
2a0c
2a0b
2a0a
2a09
2a08
2a07
2a06
2a05
2a04
2a03
2a02
2a01
2a00
29ff
29fe
29fd
29fc
29fb
29fa
29f9
29f8
29f7
29f6
29f5
29f4
29f3
29f2
29f1
29f0
29ef
29ee
29ed
29ec
29eb
29ea
29e9
29e8
29e7
29e6
29e5
29e4
29e3
29e2
29e1
29e0
29df
29de
29dd
29dc
29db
29da
29d9
29d8
29d7
29d6
29d5
29d4
29d3
29d2
29d1
29d0
29cf
29ce
29cd
29cc
29cb
29ca
29c9
29c8
29c7
29c6
29c5
29c4
29c3
29c2
29c1
29c0
29bf
29be
29bd
29bc
29bb
29ba
29b9
29b8
29b7
29b6
29b5
29b4
29b3
29b2
29b1
29b0
29af
29ae
29ad
29ac
29ab
29aa
29a9
29a8
29a7
29a6
29a5
29a4
29a3
29a2
29a1
29a0
299f
299e
299d
299c
299b
299a
2999
2998
2997
2996
2995
2994
2993
2992
2991
2990
298f
298e
298d
298c
298b
298a
2989
2988
2987
2986
2985
2984
2983
2982
2981
2980
297f
297e
297d
297c
297b
297a
2979
2978
2977
2976
2975
2974
2973
2972
2971
2970
296f
296e
296d
296c
296b
296a
2969
2968
2967
2966
2965
2964
2963
2962
2961
2960
295f
295e
295d
295c
295b
295a
2959
2958
2957
2956
2955
2954
2953
2952
2951
2950
294f
294e
294d
294c
294b
294a
2949
2948
2947
2946
2945
2944
2943
2942
2941
2940
293f
293e
293d
293c
293b
293a
2939
2938
2937
2936
2935
2934
2933
2932
2931
2930
292f
292e
292d
292c
292b
292a
2929
2928
2927
2926
2925
2924
2923
2922
2921
2920
291f
291e
291d
291c
291b
291a
2919
2918
2917
2916
2915
2914
2913
2912
2911
2910
290f
290e
290d
290c
290b
290a
2909
2908
2907
2906
2905
2904
2903
2902
2901
2900
28ff
28fe
28fd
28fc
28fb
28fa
28f9
28f8
28f7
28f6
28f5
28f4
28f3
28f2
28f1
28f0
28ef
28ee
28ed
28ec
28eb
28ea
28e9
28e8
28e7
28e6
28e5
28e4
28e3
28e2
28e1
28e0
28df
28de
28dd
28dc
28db
28da
28d9
28d8
28d7
28d6
28d5
28d4
28d3
28d2
28d1
28d0
28cf
28ce
28cd
28cc
28cb
28ca
28c9
28c8
28c7
28c6
28c5
28c4
28c3
28c2
28c1
28c0
28bf
28be
28bd
28bc
28bb
28ba
28b9
28b8
28b7
28b6
28b5
28b4
28b3
28b2
28b1
28b0
28af
28ae
28ad
28ac
28ab
28aa
28a9
28a8
28a7
28a6
28a5
28a4
28a3
28a2
28a1
28a0
289f
289e
289d
289c
289b
289a
2899
2898
2897
2896
2895
2894
2893
2892
2891
2890
288f
288e
288d
288c
288b
288a
2889
2888
2887
2886
2885
2884
2883
2882
2881
2880
287f
287e
287d
287c
287b
287a
2879
2878
2877
2876
2875
2874
2873
2872
2871
2870
286f
286e
286d
286c
286b
286a
2869
2868
2867
2866
2865
2864
2863
2862
2861
2860
285f
285e
285d
285c
285b
285a
2859
2858
2857
2856
2855
2854
2853
2852
2851
2850
284f
284e
284d
284c
284b
284a
2849
2848
2847
2846
2845
2844
2843
2842
2841
2840
283f
283e
283d
283c
283b
283a
2839
2838
2837
2836
2835
2834
2833
2832
2831
2830
282f
282e
282d
282c
282b
282a
2829
2828
2827
2826
2825
2824
2823
2822
2821
2820
281f
281e
281d
281c
281b
281a
2819
2818
2817
2816
2815
2814
2813
2812
2811
2810
280f
280e
280d
280c
280b
280a
2809
2808
2807
2806
2805
2804
2803
2802
2801
2800
27ff
27fe
27fd
27fc
27fb
27fa
27f9
27f8
27f7
27f6
27f5
27f4
27f3
27f2
27f1
27f0
27ef
27ee
27ed
27ec
27eb
27ea
27e9
27e8
27e7
27e6
27e5
27e4
27e3
27e2
27e1
27e0
27df
27de
27dd
27dc
27db
27da
27d9
27d8
27d7
27d6
27d5
27d4
27d3
27d2
27d1
27d0
27cf
27ce
27cd
27cc
27cb
27ca
27c9
27c8
27c7
27c6
27c5
27c4
27c3
27c2
27c1
27c0
27bf
27be
27bd
27bc
27bb
27ba
27b9
27b8
27b7
27b6
27b5
27b4
27b3
27b2
27b1
27b0
27af
27ae
27ad
27ac
27ab
27aa
27a9
27a8
27a7
27a6
27a5
27a4
27a3
27a2
27a1
27a0
279f
279e
279d
279c
279b
279a
2799
2798
2797
2796
2795
2794
2793
2792
2791
2790
278f
278e
278d
278c
278b
278a
2789
2788
2787
2786
2785
2784
2783
2782
2781
2780
277f
277e
277d
277c
277b
277a
2779
2778
2777
2776
2775
2774
2773
2772
2771
2770
276f
276e
276d
276c
276b
276a
2769
2768
2767
2766
2765
2764
2763
2762
2761
2760
275f
275e
275d
275c
275b
275a
2759
2758
2757
2756
2755
2754
2753
2752
2751
2750
274f
274e
274d
274c
274b
274a
2749
2748
2747
2746
2745
2744
2743
2742
2741
2740
273f
273e
273d
273c
273b
273a
2739
2738
2737
2736
2735
2734
2733
2732
2731
2730
272f
272e
272d
272c
272b
272a
2729
2728
2727
2726
2725
2724
2723
2722
2721
2720
271f
271e
271d
271c
271b
271a
2719
2718
2717
2716
2715
2714
2713
2712
2711
2710
270f
270e
270d
270c
270b
270a
2709
2708
2707
2706
2705
2704
2703
2702
2701
2700
26ff
26fe
26fd
26fc
26fb
26fa
26f9
26f8
26f7
26f6
26f5
26f4
26f3
26f2
26f1
26f0
26ef
26ee
26ed
26ec
26eb
26ea
26e9
26e8
26e7
26e6
26e5
26e4
26e3
26e2
26e1
26e0
26df
26de
26dd
26dc
26db
26da
26d9
26d8
26d7
26d6
26d5
26d4
26d3
26d2
26d1
26d0
26cf
26ce
26cd
26cc
26cb
26ca
26c9
26c8
26c7
26c6
26c5
26c4
26c3
26c2
26c1
26c0
26bf
26be
26bd
26bc
26bb
26ba
26b9
26b8
26b7
26b6
26b5
26b4
26b3
26b2
26b1
26b0
26af
26ae
26ad
26ac
26ab
26aa
26a9
26a8
26a7
26a6
26a5
26a4
26a3
26a2
26a1
26a0
269f
269e
269d
269c
269b
269a
2699
2698
2697
2696
2695
2694
2693
2692
2691
2690
268f
268e
268d
268c
268b
268a
2689
2688
2687
2686
2685
2684
2683
2682
2681
2680
267f
267e
267d
267c
267b
267a
2679
2678
2677
2676
2675
2674
2673
2672
2671
2670
266f
266e
266d
266c
266b
266a
2669
2668
2667
2666
2665
2664
2663
2662
2661
2660
265f
265e
265d
265c
265b
265a
2659
2658
2657
2656
2655
2654
2653
2652
2651
2650
264f
264e
264d
264c
264b
264a
2649
2648
2647
2646
2645
2644
2643
2642
2641
2640
263f
263e
263d
263c
263b
263a
2639
2638
2637
2636
2635
2634
2633
2632
2631
2630
262f
262e
262d
262c
262b
262a
2629
2628
2627
2626
2625
2624
2623
2622
2621
2620
261f
261e
261d
261c
261b
261a
2619
2618
2617
2616
2615
2614
2613
2612
2611
2610
260f
260e
260d
260c
260b
260a
2609
2608
2607
2606
2605
2604
2603
2602
2601
2600
25ff
25fe
25fd
25fc
25fb
25fa
25f9
25f8
25f7
25f6
25f5
25f4
25f3
25f2
25f1
25f0
25ef
25ee
25ed
25ec
25eb
25ea
25e9
25e8
25e7
25e6
25e5
25e4
25e3
25e2
25e1
25e0
25df
25de
25dd
25dc
25db
25da
25d9
25d8
25d7
25d6
25d5
25d4
25d3
25d2
25d1
25d0
25cf
25ce
25cd
25cc
25cb
25ca
25c9
25c8
25c7
25c6
25c5
25c4
25c3
25c2
25c1
25c0
25bf
25be
25bd
25bc
25bb
25ba
25b9
25b8
25b7
25b6
25b5
25b4
25b3
25b2
25b1
25b0
25af
25ae
25ad
25ac
25ab
25aa
25a9
25a8
25a7
25a6
25a5
25a4
25a3
25a2
25a1
25a0
259f
259e
259d
259c
259b
259a
2599
2598
2597
2596
2595
2594
2593
2592
2591
2590
258f
258e
258d
258c
258b
258a
2589
2588
2587
2586
2585
2584
2583
2582
2581
2580
257f
257e
257d
257c
257b
257a
2579
2578
2577
2576
2575
2574
2573
2572
2571
2570
256f
256e
256d
256c
256b
256a
2569
2568
2567
2566
2565
2564
2563
2562
2561
2560
255f
255e
255d
255c
255b
255a
2559
2558
2557
2556
2555
2554
2553
2552
2551
2550
254f
254e
254d
254c
254b
254a
2549
2548
2547
2546
2545
2544
2543
2542
2541
2540
253f
253e
253d
253c
253b
253a
2539
2538
2537
2536
2535
2534
2533
2532
2531
2530
252f
252e
252d
252c
252b
252a
2529
2528
2527
2526
2525
2524
2523
2522
2521
2520
251f
251e
251d
251c
251b
251a
2519
2518
2517
2516
2515
2514
2513
2512
2511
2510
250f
250e
250d
250c
250b
250a
2509
2508
2507
2506
2505
2504
2503
2502
2501
2500
24ff
24fe
24fd
24fc
24fb
24fa
24f9
24f8
24f7
24f6
24f5
24f4
24f3
24f2
24f1
24f0
24ef
24ee
24ed
24ec
24eb
24ea
24e9
24e8
24e7
24e6
24e5
24e4
24e3
24e2
24e1
24e0
24df
24de
24dd
24dc
24db
24da
24d9
24d8
24d7
24d6
24d5
24d4
24d3
24d2
24d1
24d0
24cf
24ce
24cd
24cc
24cb
24ca
24c9
24c8
24c7
24c6
24c5
24c4
24c3
24c2
24c1
24c0
24bf
24be
24bd
24bc
24bb
24ba
24b9
24b8
24b7
24b6
24b5
24b4
24b3
24b2
24b1
24b0
24af
24ae
24ad
24ac
24ab
24aa
24a9
24a8
24a7
24a6
24a5
24a4
24a3
24a2
24a1
24a0
249f
249e
249d
249c
249b
249a
2499
2498
2497
2496
2495
2494
2493
2492
2491
2490
248f
248e
248d
248c
248b
248a
2489
2488
2487
2486
2485
2484
2483
2482
2481
2480
247f
247e
247d
247c
247b
247a
2479
2478
2477
2476
2475
2474
2473
2472
2471
2470
246f
246e
246d
246c
246b
246a
2469
2468
2467
2466
2465
2464
2463
2462
2461
2460
245f
245e
245d
245c
245b
245a
2459
2458
2457
2456
2455
2454
2453
2452
2451
2450
244f
244e
244d
244c
244b
244a
2449
2448
2447
2446
2445
2444
2443
2442
2441
2440
243f
243e
243d
243c
243b
243a
2439
2438
2437
2436
2435
2434
2433
2432
2431
2430
242f
242e
242d
242c
242b
242a
2429
2428
2427
2426
2425
2424
2423
2422
2421
2420
241f
241e
241d
241c
241b
241a
2419
2418
2417
2416
2415
2414
2413
2412
2411
2410
240f
240e
240d
240c
240b
240a
2409
2408
2407
2406
2405
2404
2403
2402
2401
2400
23ff
23fe
23fd
23fc
23fb
23fa
23f9
23f8
23f7
23f6
23f5
23f4
23f3
23f2
23f1
23f0
23ef
23ee
23ed
23ec
23eb
23ea
23e9
23e8
23e7
23e6
23e5
23e4
23e3
23e2
23e1
23e0
23df
23de
23dd
23dc
23db
23da
23d9
23d8
23d7
23d6
23d5
23d4
23d3
23d2
23d1
23d0
23cf
23ce
23cd
23cc
23cb
23ca
23c9
23c8
23c7
23c6
23c5
23c4
23c3
23c2
23c1
23c0
23bf
23be
23bd
23bc
23bb
23ba
23b9
23b8
23b7
23b6
23b5
23b4
23b3
23b2
23b1
23b0
23af
23ae
23ad
23ac
23ab
23aa
23a9
23a8
23a7
23a6
23a5
23a4
23a3
23a2
23a1
23a0
239f
239e
239d
239c
239b
239a
2399
2398
2397
2396
2395
2394
2393
2392
2391
2390
238f
238e
238d
238c
238b
238a
2389
2388
2387
2386
2385
2384
2383
2382
2381
2380
237f
237e
237d
237c
237b
237a
2379
2378
2377
2376
2375
2374
2373
2372
2371
2370
236f
236e
236d
236c
236b
236a
2369
2368
2367
2366
2365
2364
2363
2362
2361
2360
235f
235e
235d
235c
235b
235a
2359
2358
2357
2356
2355
2354
2353
2352
2351
2350
234f
234e
234d
234c
234b
234a
2349
2348
2347
2346
2345
2344
2343
2342
2341
2340
233f
233e
233d
233c
233b
233a
2339
2338
2337
2336
2335
2334
2333
2332
2331
2330
232f
232e
232d
232c
232b
232a
2329
2328
2327
2326
2325
2324
2323
2322
2321
2320
231f
231e
231d
231c
231b
231a
2319
2318
2317
2316
2315
2314
2313
2312
2311
2310
230f
230e
230d
230c
230b
230a
2309
2308
2307
2306
2305
2304
2303
2302
2301
2300
22ff
22fe
22fd
22fc
22fb
22fa
22f9
22f8
22f7
22f6
22f5
22f4
22f3
22f2
22f1
22f0
22ef
22ee
22ed
22ec
22eb
22ea
22e9
22e8
22e7
22e6
22e5
22e4
22e3
22e2
22e1
22e0
22df
22de
22dd
22dc
22db
22da
22d9
22d8
22d7
22d6
22d5
22d4
22d3
22d2
22d1
22d0
22cf
22ce
22cd
22cc
22cb
22ca
22c9
22c8
22c7
22c6
22c5
22c4
22c3
22c2
22c1
22c0
22bf
22be
22bd
22bc
22bb
22ba
22b9
22b8
22b7
22b6
22b5
22b4
22b3
22b2
22b1
22b0
22af
22ae
22ad
22ac
22ab
22aa
22a9
22a8
22a7
22a6
22a5
22a4
22a3
22a2
22a1
22a0
229f
229e
229d
229c
229b
229a
2299
2298
2297
2296
2295
2294
2293
2292
2291
2290
228f
228e
228d
228c
228b
228a
2289
2288
2287
2286
2285
2284
2283
2282
2281
2280
227f
227e
227d
227c
227b
227a
2279
2278
2277
2276
2275
2274
2273
2272
2271
2270
226f
226e
226d
226c
226b
226a
2269
2268
2267
2266
2265
2264
2263
2262
2261
2260
225f
225e
225d
225c
225b
225a
2259
2258
2257
2256
2255
2254
2253
2252
2251
2250
224f
224e
224d
224c
224b
224a
2249
2248
2247
2246
2245
2244
2243
2242
2241
2240
223f
223e
223d
223c
223b
223a
2239
2238
2237
2236
2235
2234
2233
2232
2231
2230
222f
222e
222d
222c
222b
222a
2229
2228
2227
2226
2225
2224
2223
2222
2221
2220
221f
221e
221d
221c
221b
221a
2219
2218
2217
2216
2215
2214
2213
2212
2211
2210
220f
220e
220d
220c
220b
220a
2209
2208
2207
2206
2205
2204
2203
2202
2201
2200
21ff
21fe
21fd
21fc
21fb
21fa
21f9
21f8
21f7
21f6
21f5
21f4
21f3
21f2
21f1
21f0
21ef
21ee
21ed
21ec
21eb
21ea
21e9
21e8
21e7
21e6
21e5
21e4
21e3
21e2
21e1
21e0
21df
21de
21dd
21dc
21db
21da
21d9
21d8
21d7
21d6
21d5
21d4
21d3
21d2
21d1
21d0
21cf
21ce
21cd
21cc
21cb
21ca
21c9
21c8
21c7
21c6
21c5
21c4
21c3
21c2
21c1
21c0
21bf
21be
21bd
21bc
21bb
21ba
21b9
21b8
21b7
21b6
21b5
21b4
21b3
21b2
21b1
21b0
21af
21ae
21ad
21ac
21ab
21aa
21a9
21a8
21a7
21a6
21a5
21a4
21a3
21a2
21a1
21a0
219f
219e
219d
219c
219b
219a
2199
2198
2197
2196
2195
2194
2193
2192
2191
2190
218f
218e
218d
218c
218b
218a
2189
2188
2187
2186
2185
2184
2183
2182
2181
2180
217f
217e
217d
217c
217b
217a
2179
2178
2177
2176
2175
2174
2173
2172
2171
2170
216f
216e
216d
216c
216b
216a
2169
2168
2167
2166
2165
2164
2163
2162
2161
2160
215f
215e
215d
215c
215b
215a
2159
2158
2157
2156
2155
2154
2153
2152
2151
2150
214f
214e
214d
214c
214b
214a
2149
2148
2147
2146
2145
2144
2143
2142
2141
2140
213f
213e
213d
213c
213b
213a
2139
2138
2137
2136
2135
2134
2133
2132
2131
2130
212f
212e
212d
212c
212b
212a
2129
2128
2127
2126
2125
2124
2123
2122
2121
2120
211f
211e
211d
211c
211b
211a
2119
2118
2117
2116
2115
2114
2113
2112
2111
2110
210f
210e
210d
210c
210b
210a
2109
2108
2107
2106
2105
2104
2103
2102
2101
2100
20ff
20fe
20fd
20fc
20fb
20fa
20f9
20f8
20f7
20f6
20f5
20f4
20f3
20f2
20f1
20f0
20ef
20ee
20ed
20ec
20eb
20ea
20e9
20e8
20e7
20e6
20e5
20e4
20e3
20e2
20e1
20e0
20df
20de
20dd
20dc
20db
20da
20d9
20d8
20d7
20d6
20d5
20d4
20d3
20d2
20d1
20d0
20cf
20ce
20cd
20cc
20cb
20ca
20c9
20c8
20c7
20c6
20c5
20c4
20c3
20c2
20c1
20c0
20bf
20be
20bd
20bc
20bb
20ba
20b9
20b8
20b7
20b6
20b5
20b4
20b3
20b2
20b1
20b0
20af
20ae
20ad
20ac
20ab
20aa
20a9
20a8
20a7
20a6
20a5
20a4
20a3
20a2
20a1
20a0
209f
209e
209d
209c
209b
209a
2099
2098
2097
2096
2095
2094
2093
2092
2091
2090
208f
208e
208d
208c
208b
208a
2089
2088
2087
2086
2085
2084
2083
2082
2081
2080
207f
207e
207d
207c
207b
207a
2079
2078
2077
2076
2075
2074
2073
2072
2071
2070
206f
206e
206d
206c
206b
206a
2069
2068
2067
2066
2065
2064
2063
2062
2061
2060
205f
205e
205d
205c
205b
205a
2059
2058
2057
2056
2055
2054
2053
2052
2051
2050
204f
204e
204d
204c
204b
204a
2049
2048
2047
2046
2045
2044
2043
2042
2041
2040
203f
203e
203d
203c
203b
203a
2039
2038
2037
2036
2035
2034
2033
2032
2031
2030
202f
202e
202d
202c
202b
202a
2029
2028
2027
2026
2025
2024
2023
2022
2021
2020
201f
201e
201d
201c
201b
201a
2019
2018
2017
2016
2015
2014
2013
2012
2011
2010
200f
200e
200d
200c
200b
200a
2009
2008
2007
2006
2005
2004
2003
2002
2001
2000
1fff
1ffe
1ffd
1ffc
1ffb
1ffa
1ff9
1ff8
1ff7
1ff6
1ff5
1ff4
1ff3
1ff2
1ff1
1ff0
1fef
1fee
1fed
1fec
1feb
1fea
1fe9
1fe8
1fe7
1fe6
1fe5
1fe4
1fe3
1fe2
1fe1
1fe0
1fdf
1fde
1fdd
1fdc
1fdb
1fda
1fd9
1fd8
1fd7
1fd6
1fd5
1fd4
1fd3
1fd2
1fd1
1fd0
1fcf
1fce
1fcd
1fcc
1fcb
1fca
1fc9
1fc8
1fc7
1fc6
1fc5
1fc4
1fc3
1fc2
1fc1
1fc0
1fbf
1fbe
1fbd
1fbc
1fbb
1fba
1fb9
1fb8
1fb7
1fb6
1fb5
1fb4
1fb3
1fb2
1fb1
1fb0
1faf
1fae
1fad
1fac
1fab
1faa
1fa9
1fa8
1fa7
1fa6
1fa5
1fa4
1fa3
1fa2
1fa1
1fa0
1f9f
1f9e
1f9d
1f9c
1f9b
1f9a
1f99
1f98
1f97
1f96
1f95
1f94
1f93
1f92
1f91
1f90
1f8f
1f8e
1f8d
1f8c
1f8b
1f8a
1f89
1f88
1f87
1f86
1f85
1f84
1f83
1f82
1f81
1f80
1f7f
1f7e
1f7d
1f7c
1f7b
1f7a
1f79
1f78
1f77
1f76
1f75
1f74
1f73
1f72
1f71
1f70
1f6f
1f6e
1f6d
1f6c
1f6b
1f6a
1f69
1f68
1f67
1f66
1f65
1f64
1f63
1f62
1f61
1f60
1f5f
1f5e
1f5d
1f5c
1f5b
1f5a
1f59
1f58
1f57
1f56
1f55
1f54
1f53
1f52
1f51
1f50
1f4f
1f4e
1f4d
1f4c
1f4b
1f4a
1f49
1f48
1f47
1f46
1f45
1f44
1f43
1f42
1f41
1f40
1f3f
1f3e
1f3d
1f3c
1f3b
1f3a
1f39
1f38
1f37
1f36
1f35
1f34
1f33
1f32
1f31
1f30
1f2f
1f2e
1f2d
1f2c
1f2b
1f2a
1f29
1f28
1f27
1f26
1f25
1f24
1f23
1f22
1f21
1f20
1f1f
1f1e
1f1d
1f1c
1f1b
1f1a
1f19
1f18
1f17
1f16
1f15
1f14
1f13
1f12
1f11
1f10
1f0f
1f0e
1f0d
1f0c
1f0b
1f0a
1f09
1f08
1f07
1f06
1f05
1f04
1f03
1f02
1f01
1f00
1eff
1efe
1efd
1efc
1efb
1efa
1ef9
1ef8
1ef7
1ef6
1ef5
1ef4
1ef3
1ef2
1ef1
1ef0
1eef
1eee
1eed
1eec
1eeb
1eea
1ee9
1ee8
1ee7
1ee6
1ee5
1ee4
1ee3
1ee2
1ee1
1ee0
1edf
1ede
1edd
1edc
1edb
1eda
1ed9
1ed8
1ed7
1ed6
1ed5
1ed4
1ed3
1ed2
1ed1
1ed0
1ecf
1ece
1ecd
1ecc
1ecb
1eca
1ec9
1ec8
1ec7
1ec6
1ec5
1ec4
1ec3
1ec2
1ec1
1ec0
1ebf
1ebe
1ebd
1ebc
1ebb
1eba
1eb9
1eb8
1eb7
1eb6
1eb5
1eb4
1eb3
1eb2
1eb1
1eb0
1eaf
1eae
1ead
1eac
1eab
1eaa
1ea9
1ea8
1ea7
1ea6
1ea5
1ea4
1ea3
1ea2
1ea1
1ea0
1e9f
1e9e
1e9d
1e9c
1e9b
1e9a
1e99
1e98
1e97
1e96
1e95
1e94
1e93
1e92
1e91
1e90
1e8f
1e8e
1e8d
1e8c
1e8b
1e8a
1e89
1e88
1e87
1e86
1e85
1e84
1e83
1e82
1e81
1e80
1e7f
1e7e
1e7d
1e7c
1e7b
1e7a
1e79
1e78
1e77
1e76
1e75
1e74
1e73
1e72
1e71
1e70
1e6f
1e6e
1e6d
1e6c
1e6b
1e6a
1e69
1e68
1e67
1e66
1e65
1e64
1e63
1e62
1e61
1e60
1e5f
1e5e
1e5d
1e5c
1e5b
1e5a
1e59
1e58
1e57
1e56
1e55
1e54
1e53
1e52
1e51
1e50
1e4f
1e4e
1e4d
1e4c
1e4b
1e4a
1e49
1e48
1e47
1e46
1e45
1e44
1e43
1e42
1e41
1e40
1e3f
1e3e
1e3d
1e3c
1e3b
1e3a
1e39
1e38
1e37
1e36
1e35
1e34
1e33
1e32
1e31
1e30
1e2f
1e2e
1e2d
1e2c
1e2b
1e2a
1e29
1e28
1e27
1e26
1e25
1e24
1e23
1e22
1e21
1e20
1e1f
1e1e
1e1d
1e1c
1e1b
1e1a
1e19
1e18
1e17
1e16
1e15
1e14
1e13
1e12
1e11
1e10
1e0f
1e0e
1e0d
1e0c
1e0b
1e0a
1e09
1e08
1e07
1e06
1e05
1e04
1e03
1e02
1e01
1e00
1dff
1dfe
1dfd
1dfc
1dfb
1dfa
1df9
1df8
1df7
1df6
1df5
1df4
1df3
1df2
1df1
1df0
1def
1dee
1ded
1dec
1deb
1dea
1de9
1de8
1de7
1de6
1de5
1de4
1de3
1de2
1de1
1de0
1ddf
1dde
1ddd
1ddc
1ddb
1dda
1dd9
1dd8
1dd7
1dd6
1dd5
1dd4
1dd3
1dd2
1dd1
1dd0
1dcf
1dce
1dcd
1dcc
1dcb
1dca
1dc9
1dc8
1dc7
1dc6
1dc5
1dc4
1dc3
1dc2
1dc1
1dc0
1dbf
1dbe
1dbd
1dbc
1dbb
1dba
1db9
1db8
1db7
1db6
1db5
1db4
1db3
1db2
1db1
1db0
1daf
1dae
1dad
1dac
1dab
1daa
1da9
1da8
1da7
1da6
1da5
1da4
1da3
1da2
1da1
1da0
1d9f
1d9e
1d9d
1d9c
1d9b
1d9a
1d99
1d98
1d97
1d96
1d95
1d94
1d93
1d92
1d91
1d90
1d8f
1d8e
1d8d
1d8c
1d8b
1d8a
1d89
1d88
1d87
1d86
1d85
1d84
1d83
1d82
1d81
1d80
1d7f
1d7e
1d7d
1d7c
1d7b
1d7a
1d79
1d78
1d77
1d76
1d75
1d74
1d73
1d72
1d71
1d70
1d6f
1d6e
1d6d
1d6c
1d6b
1d6a
1d69
1d68
1d67
1d66
1d65
1d64
1d63
1d62
1d61
1d60
1d5f
1d5e
1d5d
1d5c
1d5b
1d5a
1d59
1d58
1d57
1d56
1d55
1d54
1d53
1d52
1d51
1d50
1d4f
1d4e
1d4d
1d4c
1d4b
1d4a
1d49
1d48
1d47
1d46
1d45
1d44
1d43
1d42
1d41
1d40
1d3f
1d3e
1d3d
1d3c
1d3b
1d3a
1d39
1d38
1d37
1d36
1d35
1d34
1d33
1d32
1d31
1d30
1d2f
1d2e
1d2d
1d2c
1d2b
1d2a
1d29
1d28
1d27
1d26
1d25
1d24
1d23
1d22
1d21
1d20
1d1f
1d1e
1d1d
1d1c
1d1b
1d1a
1d19
1d18
1d17
1d16
1d15
1d14
1d13
1d12
1d11
1d10
1d0f
1d0e
1d0d
1d0c
1d0b
1d0a
1d09
1d08
1d07
1d06
1d05
1d04
1d03
1d02
1d01
1d00
1cff
1cfe
1cfd
1cfc
1cfb
1cfa
1cf9
1cf8
1cf7
1cf6
1cf5
1cf4
1cf3
1cf2
1cf1
1cf0
1cef
1cee
1ced
1cec
1ceb
1cea
1ce9
1ce8
1ce7
1ce6
1ce5
1ce4
1ce3
1ce2
1ce1
1ce0
1cdf
1cde
1cdd
1cdc
1cdb
1cda
1cd9
1cd8
1cd7
1cd6
1cd5
1cd4
1cd3
1cd2
1cd1
1cd0
1ccf
1cce
1ccd
1ccc
1ccb
1cca
1cc9
1cc8
1cc7
1cc6
1cc5
1cc4
1cc3
1cc2
1cc1
1cc0
1cbf
1cbe
1cbd
1cbc
1cbb
1cba
1cb9
1cb8
1cb7
1cb6
1cb5
1cb4
1cb3
1cb2
1cb1
1cb0
1caf
1cae
1cad
1cac
1cab
1caa
1ca9
1ca8
1ca7
1ca6
1ca5
1ca4
1ca3
1ca2
1ca1
1ca0
1c9f
1c9e
1c9d
1c9c
1c9b
1c9a
1c99
1c98
1c97
1c96
1c95
1c94
1c93
1c92
1c91
1c90
1c8f
1c8e
1c8d
1c8c
1c8b
1c8a
1c89
1c88
1c87
1c86
1c85
1c84
1c83
1c82
1c81
1c80
1c7f
1c7e
1c7d
1c7c
1c7b
1c7a
1c79
1c78
1c77
1c76
1c75
1c74
1c73
1c72
1c71
1c70
1c6f
1c6e
1c6d
1c6c
1c6b
1c6a
1c69
1c68
1c67
1c66
1c65
1c64
1c63
1c62
1c61
1c60
1c5f
1c5e
1c5d
1c5c
1c5b
1c5a
1c59
1c58
1c57
1c56
1c55
1c54
1c53
1c52
1c51
1c50
1c4f
1c4e
1c4d
1c4c
1c4b
1c4a
1c49
1c48
1c47
1c46
1c45
1c44
1c43
1c42
1c41
1c40
1c3f
1c3e
1c3d
1c3c
1c3b
1c3a
1c39
1c38
1c37
1c36
1c35
1c34
1c33
1c32
1c31
1c30
1c2f
1c2e
1c2d
1c2c
1c2b
1c2a
1c29
1c28
1c27
1c26
1c25
1c24
1c23
1c22
1c21
1c20
1c1f
1c1e
1c1d
1c1c
1c1b
1c1a
1c19
1c18
1c17
1c16
1c15
1c14
1c13
1c12
1c11
1c10
1c0f
1c0e
1c0d
1c0c
1c0b
1c0a
1c09
1c08
1c07
1c06
1c05
1c04
1c03
1c02
1c01
1c00
1bff
1bfe
1bfd
1bfc
1bfb
1bfa
1bf9
1bf8
1bf7
1bf6
1bf5
1bf4
1bf3
1bf2
1bf1
1bf0
1bef
1bee
1bed
1bec
1beb
1bea
1be9
1be8
1be7
1be6
1be5
1be4
1be3
1be2
1be1
1be0
1bdf
1bde
1bdd
1bdc
1bdb
1bda
1bd9
1bd8
1bd7
1bd6
1bd5
1bd4
1bd3
1bd2
1bd1
1bd0
1bcf
1bce
1bcd
1bcc
1bcb
1bca
1bc9
1bc8
1bc7
1bc6
1bc5
1bc4
1bc3
1bc2
1bc1
1bc0
1bbf
1bbe
1bbd
1bbc
1bbb
1bba
1bb9
1bb8
1bb7
1bb6
1bb5
1bb4
1bb3
1bb2
1bb1
1bb0
1baf
1bae
1bad
1bac
1bab
1baa
1ba9
1ba8
1ba7
1ba6
1ba5
1ba4
1ba3
1ba2
1ba1
1ba0
1b9f
1b9e
1b9d
1b9c
1b9b
1b9a
1b99
1b98
1b97
1b96
1b95
1b94
1b93
1b92
1b91
1b90
1b8f
1b8e
1b8d
1b8c
1b8b
1b8a
1b89
1b88
1b87
1b86
1b85
1b84
1b83
1b82
1b81
1b80
1b7f
1b7e
1b7d
1b7c
1b7b
1b7a
1b79
1b78
1b77
1b76
1b75
1b74
1b73
1b72
1b71
1b70
1b6f
1b6e
1b6d
1b6c
1b6b
1b6a
1b69
1b68
1b67
1b66
1b65
1b64
1b63
1b62
1b61
1b60
1b5f
1b5e
1b5d
1b5c
1b5b
1b5a
1b59
1b58
1b57
1b56
1b55
1b54
1b53
1b52
1b51
1b50
1b4f
1b4e
1b4d
1b4c
1b4b
1b4a
1b49
1b48
1b47
1b46
1b45
1b44
1b43
1b42
1b41
1b40
1b3f
1b3e
1b3d
1b3c
1b3b
1b3a
1b39
1b38
1b37
1b36
1b35
1b34
1b33
1b32
1b31
1b30
1b2f
1b2e
1b2d
1b2c
1b2b
1b2a
1b29
1b28
1b27
1b26
1b25
1b24
1b23
1b22
1b21
1b20
1b1f
1b1e
1b1d
1b1c
1b1b
1b1a
1b19
1b18
1b17
1b16
1b15
1b14
1b13
1b12
1b11
1b10
1b0f
1b0e
1b0d
1b0c
1b0b
1b0a
1b09
1b08
1b07
1b06
1b05
1b04
1b03
1b02
1b01
1b00
1aff
1afe
1afd
1afc
1afb
1afa
1af9
1af8
1af7
1af6
1af5
1af4
1af3
1af2
1af1
1af0
1aef
1aee
1aed
1aec
1aeb
1aea
1ae9
1ae8
1ae7
1ae6
1ae5
1ae4
1ae3
1ae2
1ae1
1ae0
1adf
1ade
1add
1adc
1adb
1ada
1ad9
1ad8
1ad7
1ad6
1ad5
1ad4
1ad3
1ad2
1ad1
1ad0
1acf
1ace
1acd
1acc
1acb
1aca
1ac9
1ac8
1ac7
1ac6
1ac5
1ac4
1ac3
1ac2
1ac1
1ac0
1abf
1abe
1abd
1abc
1abb
1aba
1ab9
1ab8
1ab7
1ab6
1ab5
1ab4
1ab3
1ab2
1ab1
1ab0
1aaf
1aae
1aad
1aac
1aab
1aaa
1aa9
1aa8
1aa7
1aa6
1aa5
1aa4
1aa3
1aa2
1aa1
1aa0
1a9f
1a9e
1a9d
1a9c
1a9b
1a9a
1a99
1a98
1a97
1a96
1a95
1a94
1a93
1a92
1a91
1a90
1a8f
1a8e
1a8d
1a8c
1a8b
1a8a
1a89
1a88
1a87
1a86
1a85
1a84
1a83
1a82
1a81
1a80
1a7f
1a7e
1a7d
1a7c
1a7b
1a7a
1a79
1a78
1a77
1a76
1a75
1a74
1a73
1a72
1a71
1a70
1a6f
1a6e
1a6d
1a6c
1a6b
1a6a
1a69
1a68
1a67
1a66
1a65
1a64
1a63
1a62
1a61
1a60
1a5f
1a5e
1a5d
1a5c
1a5b
1a5a
1a59
1a58
1a57
1a56
1a55
1a54
1a53
1a52
1a51
1a50
1a4f
1a4e
1a4d
1a4c
1a4b
1a4a
1a49
1a48
1a47
1a46
1a45
1a44
1a43
1a42
1a41
1a40
1a3f
1a3e
1a3d
1a3c
1a3b
1a3a
1a39
1a38
1a37
1a36
1a35
1a34
1a33
1a32
1a31
1a30
1a2f
1a2e
1a2d
1a2c
1a2b
1a2a
1a29
1a28
1a27
1a26
1a25
1a24
1a23
1a22
1a21
1a20
1a1f
1a1e
1a1d
1a1c
1a1b
1a1a
1a19
1a18
1a17
1a16
1a15
1a14
1a13
1a12
1a11
1a10
1a0f
1a0e
1a0d
1a0c
1a0b
1a0a
1a09
1a08
1a07
1a06
1a05
1a04
1a03
1a02
1a01
1a00
19ff
19fe
19fd
19fc
19fb
19fa
19f9
19f8
19f7
19f6
19f5
19f4
19f3
19f2
19f1
19f0
19ef
19ee
19ed
19ec
19eb
19ea
19e9
19e8
19e7
19e6
19e5
19e4
19e3
19e2
19e1
19e0
19df
19de
19dd
19dc
19db
19da
19d9
19d8
19d7
19d6
19d5
19d4
19d3
19d2
19d1
19d0
19cf
19ce
19cd
19cc
19cb
19ca
19c9
19c8
19c7
19c6
19c5
19c4
19c3
19c2
19c1
19c0
19bf
19be
19bd
19bc
19bb
19ba
19b9
19b8
19b7
19b6
19b5
19b4
19b3
19b2
19b1
19b0
19af
19ae
19ad
19ac
19ab
19aa
19a9
19a8
19a7
19a6
19a5
19a4
19a3
19a2
19a1
19a0
199f
199e
199d
199c
199b
199a
1999
1998
1997
1996
1995
1994
1993
1992
1991
1990
198f
198e
198d
198c
198b
198a
1989
1988
1987
1986
1985
1984
1983
1982
1981
1980
197f
197e
197d
197c
197b
197a
1979
1978
1977
1976
1975
1974
1973
1972
1971
1970
196f
196e
196d
196c
196b
196a
1969
1968
1967
1966
1965
1964
1963
1962
1961
1960
195f
195e
195d
195c
195b
195a
1959
1958
1957
1956
1955
1954
1953
1952
1951
1950
194f
194e
194d
194c
194b
194a
1949
1948
1947
1946
1945
1944
1943
1942
1941
1940
193f
193e
193d
193c
193b
193a
1939
1938
1937
1936
1935
1934
1933
1932
1931
1930
192f
192e
192d
192c
192b
192a
1929
1928
1927
1926
1925
1924
1923
1922
1921
1920
191f
191e
191d
191c
191b
191a
1919
1918
1917
1916
1915
1914
1913
1912
1911
1910
190f
190e
190d
190c
190b
190a
1909
1908
1907
1906
1905
1904
1903
1902
1901
1900
18ff
18fe
18fd
18fc
18fb
18fa
18f9
18f8
18f7
18f6
18f5
18f4
18f3
18f2
18f1
18f0
18ef
18ee
18ed
18ec
18eb
18ea
18e9
18e8
18e7
18e6
18e5
18e4
18e3
18e2
18e1
18e0
18df
18de
18dd
18dc
18db
18da
18d9
18d8
18d7
18d6
18d5
18d4
18d3
18d2
18d1
18d0
18cf
18ce
18cd
18cc
18cb
18ca
18c9
18c8
18c7
18c6
18c5
18c4
18c3
18c2
18c1
18c0
18bf
18be
18bd
18bc
18bb
18ba
18b9
18b8
18b7
18b6
18b5
18b4
18b3
18b2
18b1
18b0
18af
18ae
18ad
18ac
18ab
18aa
18a9
18a8
18a7
18a6
18a5
18a4
18a3
18a2
18a1
18a0
189f
189e
189d
189c
189b
189a
1899
1898
1897
1896
1895
1894
1893
1892
1891
1890
188f
188e
188d
188c
188b
188a
1889
1888
1887
1886
1885
1884
1883
1882
1881
1880
187f
187e
187d
187c
187b
187a
1879
1878
1877
1876
1875
1874
1873
1872
1871
1870
186f
186e
186d
186c
186b
186a
1869
1868
1867
1866
1865
1864
1863
1862
1861
1860
185f
185e
185d
185c
185b
185a
1859
1858
1857
1856
1855
1854
1853
1852
1851
1850
184f
184e
184d
184c
184b
184a
1849
1848
1847
1846
1845
1844
1843
1842
1841
1840
183f
183e
183d
183c
183b
183a
1839
1838
1837
1836
1835
1834
1833
1832
1831
1830
182f
182e
182d
182c
182b
182a
1829
1828
1827
1826
1825
1824
1823
1822
1821
1820
181f
181e
181d
181c
181b
181a
1819
1818
1817
1816
1815
1814
1813
1812
1811
1810
180f
180e
180d
180c
180b
180a
1809
1808
1807
1806
1805
1804
1803
1802
1801
1800
17ff
17fe
17fd
17fc
17fb
17fa
17f9
17f8
17f7
17f6
17f5
17f4
17f3
17f2
17f1
17f0
17ef
17ee
17ed
17ec
17eb
17ea
17e9
17e8
17e7
17e6
17e5
17e4
17e3
17e2
17e1
17e0
17df
17de
17dd
17dc
17db
17da
17d9
17d8
17d7
17d6
17d5
17d4
17d3
17d2
17d1
17d0
17cf
17ce
17cd
17cc
17cb
17ca
17c9
17c8
17c7
17c6
17c5
17c4
17c3
17c2
17c1
17c0
17bf
17be
17bd
17bc
17bb
17ba
17b9
17b8
17b7
17b6
17b5
17b4
17b3
17b2
17b1
17b0
17af
17ae
17ad
17ac
17ab
17aa
17a9
17a8
17a7
17a6
17a5
17a4
17a3
17a2
17a1
17a0
179f
179e
179d
179c
179b
179a
1799
1798
1797
1796
1795
1794
1793
1792
1791
1790
178f
178e
178d
178c
178b
178a
1789
1788
1787
1786
1785
1784
1783
1782
1781
1780
177f
177e
177d
177c
177b
177a
1779
1778
1777
1776
1775
1774
1773
1772
1771
1770
176f
176e
176d
176c
176b
176a
1769
1768
1767
1766
1765
1764
1763
1762
1761
1760
175f
175e
175d
175c
175b
175a
1759
1758
1757
1756
1755
1754
1753
1752
1751
1750
174f
174e
174d
174c
174b
174a
1749
1748
1747
1746
1745
1744
1743
1742
1741
1740
173f
173e
173d
173c
173b
173a
1739
1738
1737
1736
1735
1734
1733
1732
1731
1730
172f
172e
172d
172c
172b
172a
1729
1728
1727
1726
1725
1724
1723
1722
1721
1720
171f
171e
171d
171c
171b
171a
1719
1718
1717
1716
1715
1714
1713
1712
1711
1710
170f
170e
170d
170c
170b
170a
1709
1708
1707
1706
1705
1704
1703
1702
1701
1700
16ff
16fe
16fd
16fc
16fb
16fa
16f9
16f8
16f7
16f6
16f5
16f4
16f3
16f2
16f1
16f0
16ef
16ee
16ed
16ec
16eb
16ea
16e9
16e8
16e7
16e6
16e5
16e4
16e3
16e2
16e1
16e0
16df
16de
16dd
16dc
16db
16da
16d9
16d8
16d7
16d6
16d5
16d4
16d3
16d2
16d1
16d0
16cf
16ce
16cd
16cc
16cb
16ca
16c9
16c8
16c7
16c6
16c5
16c4
16c3
16c2
16c1
16c0
16bf
16be
16bd
16bc
16bb
16ba
16b9
16b8
16b7
16b6
16b5
16b4
16b3
16b2
16b1
16b0
16af
16ae
16ad
16ac
16ab
16aa
16a9
16a8
16a7
16a6
16a5
16a4
16a3
16a2
16a1
16a0
169f
169e
169d
169c
169b
169a
1699
1698
1697
1696
1695
1694
1693
1692
1691
1690
168f
168e
168d
168c
168b
168a
1689
1688
1687
1686
1685
1684
1683
1682
1681
1680
167f
167e
167d
167c
167b
167a
1679
1678
1677
1676
1675
1674
1673
1672
1671
1670
166f
166e
166d
166c
166b
166a
1669
1668
1667
1666
1665
1664
1663
1662
1661
1660
165f
165e
165d
165c
165b
165a
1659
1658
1657
1656
1655
1654
1653
1652
1651
1650
164f
164e
164d
164c
164b
164a
1649
1648
1647
1646
1645
1644
1643
1642
1641
1640
163f
163e
163d
163c
163b
163a
1639
1638
1637
1636
1635
1634
1633
1632
1631
1630
162f
162e
162d
162c
162b
162a
1629
1628
1627
1626
1625
1624
1623
1622
1621
1620
161f
161e
161d
161c
161b
161a
1619
1618
1617
1616
1615
1614
1613
1612
1611
1610
160f
160e
160d
160c
160b
160a
1609
1608
1607
1606
1605
1604
1603
1602
1601
1600
15ff
15fe
15fd
15fc
15fb
15fa
15f9
15f8
15f7
15f6
15f5
15f4
15f3
15f2
15f1
15f0
15ef
15ee
15ed
15ec
15eb
15ea
15e9
15e8
15e7
15e6
15e5
15e4
15e3
15e2
15e1
15e0
15df
15de
15dd
15dc
15db
15da
15d9
15d8
15d7
15d6
15d5
15d4
15d3
15d2
15d1
15d0
15cf
15ce
15cd
15cc
15cb
15ca
15c9
15c8
15c7
15c6
15c5
15c4
15c3
15c2
15c1
15c0
15bf
15be
15bd
15bc
15bb
15ba
15b9
15b8
15b7
15b6
15b5
15b4
15b3
15b2
15b1
15b0
15af
15ae
15ad
15ac
15ab
15aa
15a9
15a8
15a7
15a6
15a5
15a4
15a3
15a2
15a1
15a0
159f
159e
159d
159c
159b
159a
1599
1598
1597
1596
1595
1594
1593
1592
1591
1590
158f
158e
158d
158c
158b
158a
1589
1588
1587
1586
1585
1584
1583
1582
1581
1580
157f
157e
157d
157c
157b
157a
1579
1578
1577
1576
1575
1574
1573
1572
1571
1570
156f
156e
156d
156c
156b
156a
1569
1568
1567
1566
1565
1564
1563
1562
1561
1560
155f
155e
155d
155c
155b
155a
1559
1558
1557
1556
1555
1554
1553
1552
1551
1550
154f
154e
154d
154c
154b
154a
1549
1548
1547
1546
1545
1544
1543
1542
1541
1540
153f
153e
153d
153c
153b
153a
1539
1538
1537
1536
1535
1534
1533
1532
1531
1530
152f
152e
152d
152c
152b
152a
1529
1528
1527
1526
1525
1524
1523
1522
1521
1520
151f
151e
151d
151c
151b
151a
1519
1518
1517
1516
1515
1514
1513
1512
1511
1510
150f
150e
150d
150c
150b
150a
1509
1508
1507
1506
1505
1504
1503
1502
1501
1500
14ff
14fe
14fd
14fc
14fb
14fa
14f9
14f8
14f7
14f6
14f5
14f4
14f3
14f2
14f1
14f0
14ef
14ee
14ed
14ec
14eb
14ea
14e9
14e8
14e7
14e6
14e5
14e4
14e3
14e2
14e1
14e0
14df
14de
14dd
14dc
14db
14da
14d9
14d8
14d7
14d6
14d5
14d4
14d3
14d2
14d1
14d0
14cf
14ce
14cd
14cc
14cb
14ca
14c9
14c8
14c7
14c6
14c5
14c4
14c3
14c2
14c1
14c0
14bf
14be
14bd
14bc
14bb
14ba
14b9
14b8
14b7
14b6
14b5
14b4
14b3
14b2
14b1
14b0
14af
14ae
14ad
14ac
14ab
14aa
14a9
14a8
14a7
14a6
14a5
14a4
14a3
14a2
14a1
14a0
149f
149e
149d
149c
149b
149a
1499
1498
1497
1496
1495
1494
1493
1492
1491
1490
148f
148e
148d
148c
148b
148a
1489
1488
1487
1486
1485
1484
1483
1482
1481
1480
147f
147e
147d
147c
147b
147a
1479
1478
1477
1476
1475
1474
1473
1472
1471
1470
146f
146e
146d
146c
146b
146a
1469
1468
1467
1466
1465
1464
1463
1462
1461
1460
145f
145e
145d
145c
145b
145a
1459
1458
1457
1456
1455
1454
1453
1452
1451
1450
144f
144e
144d
144c
144b
144a
1449
1448
1447
1446
1445
1444
1443
1442
1441
1440
143f
143e
143d
143c
143b
143a
1439
1438
1437
1436
1435
1434
1433
1432
1431
1430
142f
142e
142d
142c
142b
142a
1429
1428
1427
1426
1425
1424
1423
1422
1421
1420
141f
141e
141d
141c
141b
141a
1419
1418
1417
1416
1415
1414
1413
1412
1411
1410
140f
140e
140d
140c
140b
140a
1409
1408
1407
1406
1405
1404
1403
1402
1401
1400
13ff
13fe
13fd
13fc
13fb
13fa
13f9
13f8
13f7
13f6
13f5
13f4
13f3
13f2
13f1
13f0
13ef
13ee
13ed
13ec
13eb
13ea
13e9
13e8
13e7
13e6
13e5
13e4
13e3
13e2
13e1
13e0
13df
13de
13dd
13dc
13db
13da
13d9
13d8
13d7
13d6
13d5
13d4
13d3
13d2
13d1
13d0
13cf
13ce
13cd
13cc
13cb
13ca
13c9
13c8
13c7
13c6
13c5
13c4
13c3
13c2
13c1
13c0
13bf
13be
13bd
13bc
13bb
13ba
13b9
13b8
13b7
13b6
13b5
13b4
13b3
13b2
13b1
13b0
13af
13ae
13ad
13ac
13ab
13aa
13a9
13a8
13a7
13a6
13a5
13a4
13a3
13a2
13a1
13a0
139f
139e
139d
139c
139b
139a
1399
1398
1397
1396
1395
1394
1393
1392
1391
1390
138f
138e
138d
138c
138b
138a
1389
1388
1387
1386
1385
1384
1383
1382
1381
1380
137f
137e
137d
137c
137b
137a
1379
1378
1377
1376
1375
1374
1373
1372
1371
1370
136f
136e
136d
136c
136b
136a
1369
1368
1367
1366
1365
1364
1363
1362
1361
1360
135f
135e
135d
135c
135b
135a
1359
1358
1357
1356
1355
1354
1353
1352
1351
1350
134f
134e
134d
134c
134b
134a
1349
1348
1347
1346
1345
1344
1343
1342
1341
1340
133f
133e
133d
133c
133b
133a
1339
1338
1337
1336
1335
1334
1333
1332
1331
1330
132f
132e
132d
132c
132b
132a
1329
1328
1327
1326
1325
1324
1323
1322
1321
1320
131f
131e
131d
131c
131b
131a
1319
1318
1317
1316
1315
1314
1313
1312
1311
1310
130f
130e
130d
130c
130b
130a
1309
1308
1307
1306
1305
1304
1303
1302
1301
1300
12ff
12fe
12fd
12fc
12fb
12fa
12f9
12f8
12f7
12f6
12f5
12f4
12f3
12f2
12f1
12f0
12ef
12ee
12ed
12ec
12eb
12ea
12e9
12e8
12e7
12e6
12e5
12e4
12e3
12e2
12e1
12e0
12df
12de
12dd
12dc
12db
12da
12d9
12d8
12d7
12d6
12d5
12d4
12d3
12d2
12d1
12d0
12cf
12ce
12cd
12cc
12cb
12ca
12c9
12c8
12c7
12c6
12c5
12c4
12c3
12c2
12c1
12c0
12bf
12be
12bd
12bc
12bb
12ba
12b9
12b8
12b7
12b6
12b5
12b4
12b3
12b2
12b1
12b0
12af
12ae
12ad
12ac
12ab
12aa
12a9
12a8
12a7
12a6
12a5
12a4
12a3
12a2
12a1
12a0
129f
129e
129d
129c
129b
129a
1299
1298
1297
1296
1295
1294
1293
1292
1291
1290
128f
128e
128d
128c
128b
128a
1289
1288
1287
1286
1285
1284
1283
1282
1281
1280
127f
127e
127d
127c
127b
127a
1279
1278
1277
1276
1275
1274
1273
1272
1271
1270
126f
126e
126d
126c
126b
126a
1269
1268
1267
1266
1265
1264
1263
1262
1261
1260
125f
125e
125d
125c
125b
125a
1259
1258
1257
1256
1255
1254
1253
1252
1251
1250
124f
124e
124d
124c
124b
124a
1249
1248
1247
1246
1245
1244
1243
1242
1241
1240
123f
123e
123d
123c
123b
123a
1239
1238
1237
1236
1235
1234
1233
1232
1231
1230
122f
122e
122d
122c
122b
122a
1229
1228
1227
1226
1225
1224
1223
1222
1221
1220
121f
121e
121d
121c
121b
121a
1219
1218
1217
1216
1215
1214
1213
1212
1211
1210
120f
120e
120d
120c
120b
120a
1209
1208
1207
1206
1205
1204
1203
1202
1201
1200
11ff
11fe
11fd
11fc
11fb
11fa
11f9
11f8
11f7
11f6
11f5
11f4
11f3
11f2
11f1
11f0
11ef
11ee
11ed
11ec
11eb
11ea
11e9
11e8
11e7
11e6
11e5
11e4
11e3
11e2
11e1
11e0
11df
11de
11dd
11dc
11db
11da
11d9
11d8
11d7
11d6
11d5
11d4
11d3
11d2
11d1
11d0
11cf
11ce
11cd
11cc
11cb
11ca
11c9
11c8
11c7
11c6
11c5
11c4
11c3
11c2
11c1
11c0
11bf
11be
11bd
11bc
11bb
11ba
11b9
11b8
11b7
11b6
11b5
11b4
11b3
11b2
11b1
11b0
11af
11ae
11ad
11ac
11ab
11aa
11a9
11a8
11a7
11a6
11a5
11a4
11a3
11a2
11a1
11a0
119f
119e
119d
119c
119b
119a
1199
1198
1197
1196
1195
1194
1193
1192
1191
1190
118f
118e
118d
118c
118b
118a
1189
1188
1187
1186
1185
1184
1183
1182
1181
1180
117f
117e
117d
117c
117b
117a
1179
1178
1177
1176
1175
1174
1173
1172
1171
1170
116f
116e
116d
116c
116b
116a
1169
1168
1167
1166
1165
1164
1163
1162
1161
1160
115f
115e
115d
115c
115b
115a
1159
1158
1157
1156
1155
1154
1153
1152
1151
1150
114f
114e
114d
114c
114b
114a
1149
1148
1147
1146
1145
1144
1143
1142
1141
1140
113f
113e
113d
113c
113b
113a
1139
1138
1137
1136
1135
1134
1133
1132
1131
1130
112f
112e
112d
112c
112b
112a
1129
1128
1127
1126
1125
1124
1123
1122
1121
1120
111f
111e
111d
111c
111b
111a
1119
1118
1117
1116
1115
1114
1113
1112
1111
1110
110f
110e
110d
110c
110b
110a
1109
1108
1107
1106
1105
1104
1103
1102
1101
1100
10ff
10fe
10fd
10fc
10fb
10fa
10f9
10f8
10f7
10f6
10f5
10f4
10f3
10f2
10f1
10f0
10ef
10ee
10ed
10ec
10eb
10ea
10e9
10e8
10e7
10e6
10e5
10e4
10e3
10e2
10e1
10e0
10df
10de
10dd
10dc
10db
10da
10d9
10d8
10d7
10d6
10d5
10d4
10d3
10d2
10d1
10d0
10cf
10ce
10cd
10cc
10cb
10ca
10c9
10c8
10c7
10c6
10c5
10c4
10c3
10c2
10c1
10c0
10bf
10be
10bd
10bc
10bb
10ba
10b9
10b8
10b7
10b6
10b5
10b4
10b3
10b2
10b1
10b0
10af
10ae
10ad
10ac
10ab
10aa
10a9
10a8
10a7
10a6
10a5
10a4
10a3
10a2
10a1
10a0
109f
109e
109d
109c
109b
109a
1099
1098
1097
1096
1095
1094
1093
1092
1091
1090
108f
108e
108d
108c
108b
108a
1089
1088
1087
1086
1085
1084
1083
1082
1081
1080
107f
107e
107d
107c
107b
107a
1079
1078
1077
1076
1075
1074
1073
1072
1071
1070
106f
106e
106d
106c
106b
106a
1069
1068
1067
1066
1065
1064
1063
1062
1061
1060
105f
105e
105d
105c
105b
105a
1059
1058
1057
1056
1055
1054
1053
1052
1051
1050
104f
104e
104d
104c
104b
104a
1049
1048
1047
1046
1045
1044
1043
1042
1041
1040
103f
103e
103d
103c
103b
103a
1039
1038
1037
1036
1035
1034
1033
1032
1031
1030
102f
102e
102d
102c
102b
102a
1029
1028
1027
1026
1025
1024
1023
1022
1021
1020
101f
101e
101d
101c
101b
101a
1019
1018
1017
1016
1015
1014
1013
1012
1011
1010
100f
100e
100d
100c
100b
100a
1009
1008
1007
1006
1005
1004
1003
1002
1001
1000
fff
ffe
ffd
ffc
ffb
ffa
ff9
ff8
ff7
ff6
ff5
ff4
ff3
ff2
ff1
ff0
fef
fee
fed
fec
feb
fea
fe9
fe8
fe7
fe6
fe5
fe4
fe3
fe2
fe1
fe0
fdf
fde
fdd
fdc
fdb
fda
fd9
fd8
fd7
fd6
fd5
fd4
fd3
fd2
fd1
fd0
fcf
fce
fcd
fcc
fcb
fca
fc9
fc8
fc7
fc6
fc5
fc4
fc3
fc2
fc1
fc0
fbf
fbe
fbd
fbc
fbb
fba
fb9
fb8
fb7
fb6
fb5
fb4
fb3
fb2
fb1
fb0
faf
fae
fad
fac
fab
faa
fa9
fa8
fa7
fa6
fa5
fa4
fa3
fa2
fa1
fa0
f9f
f9e
f9d
f9c
f9b
f9a
f99
f98
f97
f96
f95
f94
f93
f92
f91
f90
f8f
f8e
f8d
f8c
f8b
f8a
f89
f88
f87
f86
f85
f84
f83
f82
f81
f80
f7f
f7e
f7d
f7c
f7b
f7a
f79
f78
f77
f76
f75
f74
f73
f72
f71
f70
f6f
f6e
f6d
f6c
f6b
f6a
f69
f68
f67
f66
f65
f64
f63
f62
f61
f60
f5f
f5e
f5d
f5c
f5b
f5a
f59
f58
f57
f56
f55
f54
f53
f52
f51
f50
f4f
f4e
f4d
f4c
f4b
f4a
f49
f48
f47
f46
f45
f44
f43
f42
f41
f40
f3f
f3e
f3d
f3c
f3b
f3a
f39
f38
f37
f36
f35
f34
f33
f32
f31
f30
f2f
f2e
f2d
f2c
f2b
f2a
f29
f28
f27
f26
f25
f24
f23
f22
f21
f20
f1f
f1e
f1d
f1c
f1b
f1a
f19
f18
f17
f16
f15
f14
f13
f12
f11
f10
f0f
f0e
f0d
f0c
f0b
f0a
f09
f08
f07
f06
f05
f04
f03
f02
f01
f00
eff
efe
efd
efc
efb
efa
ef9
ef8
ef7
ef6
ef5
ef4
ef3
ef2
ef1
ef0
eef
eee
eed
eec
eeb
eea
ee9
ee8
ee7
ee6
ee5
ee4
ee3
ee2
ee1
ee0
edf
ede
edd
edc
edb
eda
ed9
ed8
ed7
ed6
ed5
ed4
ed3
ed2
ed1
ed0
ecf
ece
ecd
ecc
ecb
eca
ec9
ec8
ec7
ec6
ec5
ec4
ec3
ec2
ec1
ec0
ebf
ebe
ebd
ebc
ebb
eba
eb9
eb8
eb7
eb6
eb5
eb4
eb3
eb2
eb1
eb0
eaf
eae
ead
eac
eab
eaa
ea9
ea8
ea7
ea6
ea5
ea4
ea3
ea2
ea1
ea0
e9f
e9e
e9d
e9c
e9b
e9a
e99
e98
e97
e96
e95
e94
e93
e92
e91
e90
e8f
e8e
e8d
e8c
e8b
e8a
e89
e88
e87
e86
e85
e84
e83
e82
e81
e80
e7f
e7e
e7d
e7c
e7b
e7a
e79
e78
e77
e76
e75
e74
e73
e72
e71
e70
e6f
e6e
e6d
e6c
e6b
e6a
e69
e68
e67
e66
e65
e64
e63
e62
e61
e60
e5f
e5e
e5d
e5c
e5b
e5a
e59
e58
e57
e56
e55
e54
e53
e52
e51
e50
e4f
e4e
e4d
e4c
e4b
e4a
e49
e48
e47
e46
e45
e44
e43
e42
e41
e40
e3f
e3e
e3d
e3c
e3b
e3a
e39
e38
e37
e36
e35
e34
e33
e32
e31
e30
e2f
e2e
e2d
e2c
e2b
e2a
e29
e28
e27
e26
e25
e24
e23
e22
e21
e20
e1f
e1e
e1d
e1c
e1b
e1a
e19
e18
e17
e16
e15
e14
e13
e12
e11
e10
e0f
e0e
e0d
e0c
e0b
e0a
e09
e08
e07
e06
e05
e04
e03
e02
e01
e00
dff
dfe
dfd
dfc
dfb
dfa
df9
df8
df7
df6
df5
df4
df3
df2
df1
df0
def
dee
ded
dec
deb
dea
de9
de8
de7
de6
de5
de4
de3
de2
de1
de0
ddf
dde
ddd
ddc
ddb
dda
dd9
dd8
dd7
dd6
dd5
dd4
dd3
dd2
dd1
dd0
dcf
dce
dcd
dcc
dcb
dca
dc9
dc8
dc7
dc6
dc5
dc4
dc3
dc2
dc1
dc0
dbf
dbe
dbd
dbc
dbb
dba
db9
db8
db7
db6
db5
db4
db3
db2
db1
db0
daf
dae
dad
dac
dab
daa
da9
da8
da7
da6
da5
da4
da3
da2
da1
da0
d9f
d9e
d9d
d9c
d9b
d9a
d99
d98
d97
d96
d95
d94
d93
d92
d91
d90
d8f
d8e
d8d
d8c
d8b
d8a
d89
d88
d87
d86
d85
d84
d83
d82
d81
d80
d7f
d7e
d7d
d7c
d7b
d7a
d79
d78
d77
d76
d75
d74
d73
d72
d71
d70
d6f
d6e
d6d
d6c
d6b
d6a
d69
d68
d67
d66
d65
d64
d63
d62
d61
d60
d5f
d5e
d5d
d5c
d5b
d5a
d59
d58
d57
d56
d55
d54
d53
d52
d51
d50
d4f
d4e
d4d
d4c
d4b
d4a
d49
d48
d47
d46
d45
d44
d43
d42
d41
d40
d3f
d3e
d3d
d3c
d3b
d3a
d39
d38
d37
d36
d35
d34
d33
d32
d31
d30
d2f
d2e
d2d
d2c
d2b
d2a
d29
d28
d27
d26
d25
d24
d23
d22
d21
d20
d1f
d1e
d1d
d1c
d1b
d1a
d19
d18
d17
d16
d15
d14
d13
d12
d11
d10
d0f
d0e
d0d
d0c
d0b
d0a
d09
d08
d07
d06
d05
d04
d03
d02
d01
d00
cff
cfe
cfd
cfc
cfb
cfa
cf9
cf8
cf7
cf6
cf5
cf4
cf3
cf2
cf1
cf0
cef
cee
ced
cec
ceb
cea
ce9
ce8
ce7
ce6
ce5
ce4
ce3
ce2
ce1
ce0
cdf
cde
cdd
cdc
cdb
cda
cd9
cd8
cd7
cd6
cd5
cd4
cd3
cd2
cd1
cd0
ccf
cce
ccd
ccc
ccb
cca
cc9
cc8
cc7
cc6
cc5
cc4
cc3
cc2
cc1
cc0
cbf
cbe
cbd
cbc
cbb
cba
cb9
cb8
cb7
cb6
cb5
cb4
cb3
cb2
cb1
cb0
caf
cae
cad
cac
cab
caa
ca9
ca8
ca7
ca6
ca5
ca4
ca3
ca2
ca1
ca0
c9f
c9e
c9d
c9c
c9b
c9a
c99
c98
c97
c96
c95
c94
c93
c92
c91
c90
c8f
c8e
c8d
c8c
c8b
c8a
c89
c88
c87
c86
c85
c84
c83
c82
c81
c80
c7f
c7e
c7d
c7c
c7b
c7a
c79
c78
c77
c76
c75
c74
c73
c72
c71
c70
c6f
c6e
c6d
c6c
c6b
c6a
c69
c68
c67
c66
c65
c64
c63
c62
c61
c60
c5f
c5e
c5d
c5c
c5b
c5a
c59
c58
c57
c56
c55
c54
c53
c52
c51
c50
c4f
c4e
c4d
c4c
c4b
c4a
c49
c48
c47
c46
c45
c44
c43
c42
c41
c40
c3f
c3e
c3d
c3c
c3b
c3a
c39
c38
c37
c36
c35
c34
c33
c32
c31
c30
c2f
c2e
c2d
c2c
c2b
c2a
c29
c28
c27
c26
c25
c24
c23
c22
c21
c20
c1f
c1e
c1d
c1c
c1b
c1a
c19
c18
c17
c16
c15
c14
c13
c12
c11
c10
c0f
c0e
c0d
c0c
c0b
c0a
c09
c08
c07
c06
c05
c04
c03
c02
c01
c00
bff
bfe
bfd
bfc
bfb
bfa
bf9
bf8
bf7
bf6
bf5
bf4
bf3
bf2
bf1
bf0
bef
bee
bed
bec
beb
bea
be9
be8
be7
be6
be5
be4
be3
be2
be1
be0
bdf
bde
bdd
bdc
bdb
bda
bd9
bd8
bd7
bd6
bd5
bd4
bd3
bd2
bd1
bd0
bcf
bce
bcd
bcc
bcb
bca
bc9
bc8
bc7
bc6
bc5
bc4
bc3
bc2
bc1
bc0
bbf
bbe
bbd
bbc
bbb
bba
bb9
bb8
bb7
bb6
bb5
bb4
bb3
bb2
bb1
bb0
baf
bae
bad
bac
bab
baa
ba9
ba8
ba7
ba6
ba5
ba4
ba3
ba2
ba1
ba0
b9f
b9e
b9d
b9c
b9b
b9a
b99
b98
b97
b96
b95
b94
b93
b92
b91
b90
b8f
b8e
b8d
b8c
b8b
b8a
b89
b88
b87
b86
b85
b84
b83
b82
b81
b80
b7f
b7e
b7d
b7c
b7b
b7a
b79
b78
b77
b76
b75
b74
b73
b72
b71
b70
b6f
b6e
b6d
b6c
b6b
b6a
b69
b68
b67
b66
b65
b64
b63
b62
b61
b60
b5f
b5e
b5d
b5c
b5b
b5a
b59
b58
b57
b56
b55
b54
b53
b52
b51
b50
b4f
b4e
b4d
b4c
b4b
b4a
b49
b48
b47
b46
b45
b44
b43
b42
b41
b40
b3f
b3e
b3d
b3c
b3b
b3a
b39
b38
b37
b36
b35
b34
b33
b32
b31
b30
b2f
b2e
b2d
b2c
b2b
b2a
b29
b28
b27
b26
b25
b24
b23
b22
b21
b20
b1f
b1e
b1d
b1c
b1b
b1a
b19
b18
b17
b16
b15
b14
b13
b12
b11
b10
b0f
b0e
b0d
b0c
b0b
b0a
b09
b08
b07
b06
b05
b04
b03
b02
b01
b00
aff
afe
afd
afc
afb
afa
af9
af8
af7
af6
af5
af4
af3
af2
af1
af0
aef
aee
aed
aec
aeb
aea
ae9
ae8
ae7
ae6
ae5
ae4
ae3
ae2
ae1
ae0
adf
ade
add
adc
adb
ada
ad9
ad8
ad7
ad6
ad5
ad4
ad3
ad2
ad1
ad0
acf
ace
acd
acc
acb
aca
ac9
ac8
ac7
ac6
ac5
ac4
ac3
ac2
ac1
ac0
abf
abe
abd
abc
abb
aba
ab9
ab8
ab7
ab6
ab5
ab4
ab3
ab2
ab1
ab0
aaf
aae
aad
aac
aab
aaa
aa9
aa8
aa7
aa6
aa5
aa4
aa3
aa2
aa1
aa0
a9f
a9e
a9d
a9c
a9b
a9a
a99
a98
a97
a96
a95
a94
a93
a92
a91
a90
a8f
a8e
a8d
a8c
a8b
a8a
a89
a88
a87
a86
a85
a84
a83
a82
a81
a80
a7f
a7e
a7d
a7c
a7b
a7a
a79
a78
a77
a76
a75
a74
a73
a72
a71
a70
a6f
a6e
a6d
a6c
a6b
a6a
a69
a68
a67
a66
a65
a64
a63
a62
a61
a60
a5f
a5e
a5d
a5c
a5b
a5a
a59
a58
a57
a56
a55
a54
a53
a52
a51
a50
a4f
a4e
a4d
a4c
a4b
a4a
a49
a48
a47
a46
a45
a44
a43
a42
a41
a40
a3f
a3e
a3d
a3c
a3b
a3a
a39
a38
a37
a36
a35
a34
a33
a32
a31
a30
a2f
a2e
a2d
a2c
a2b
a2a
a29
a28
a27
a26
a25
a24
a23
a22
a21
a20
a1f
a1e
a1d
a1c
a1b
a1a
a19
a18
a17
a16
a15
a14
a13
a12
a11
a10
a0f
a0e
a0d
a0c
a0b
a0a
a09
a08
a07
a06
a05
a04
a03
a02
a01
a00
9ff
9fe
9fd
9fc
9fb
9fa
9f9
9f8
9f7
9f6
9f5
9f4
9f3
9f2
9f1
9f0
9ef
9ee
9ed
9ec
9eb
9ea
9e9
9e8
9e7
9e6
9e5
9e4
9e3
9e2
9e1
9e0
9df
9de
9dd
9dc
9db
9da
9d9
9d8
9d7
9d6
9d5
9d4
9d3
9d2
9d1
9d0
9cf
9ce
9cd
9cc
9cb
9ca
9c9
9c8
9c7
9c6
9c5
9c4
9c3
9c2
9c1
9c0
9bf
9be
9bd
9bc
9bb
9ba
9b9
9b8
9b7
9b6
9b5
9b4
9b3
9b2
9b1
9b0
9af
9ae
9ad
9ac
9ab
9aa
9a9
9a8
9a7
9a6
9a5
9a4
9a3
9a2
9a1
9a0
99f
99e
99d
99c
99b
99a
999
998
997
996
995
994
993
992
991
990
98f
98e
98d
98c
98b
98a
989
988
987
986
985
984
983
982
981
980
97f
97e
97d
97c
97b
97a
979
978
977
976
975
974
973
972
971
970
96f
96e
96d
96c
96b
96a
969
968
967
966
965
964
963
962
961
960
95f
95e
95d
95c
95b
95a
959
958
957
956
955
954
953
952
951
950
94f
94e
94d
94c
94b
94a
949
948
947
946
945
944
943
942
941
940
93f
93e
93d
93c
93b
93a
939
938
937
936
935
934
933
932
931
930
92f
92e
92d
92c
92b
92a
929
928
927
926
925
924
923
922
921
920
91f
91e
91d
91c
91b
91a
919
918
917
916
915
914
913
912
911
910
90f
90e
90d
90c
90b
90a
909
908
907
906
905
904
903
902
901
900
8ff
8fe
8fd
8fc
8fb
8fa
8f9
8f8
8f7
8f6
8f5
8f4
8f3
8f2
8f1
8f0
8ef
8ee
8ed
8ec
8eb
8ea
8e9
8e8
8e7
8e6
8e5
8e4
8e3
8e2
8e1
8e0
8df
8de
8dd
8dc
8db
8da
8d9
8d8
8d7
8d6
8d5
8d4
8d3
8d2
8d1
8d0
8cf
8ce
8cd
8cc
8cb
8ca
8c9
8c8
8c7
8c6
8c5
8c4
8c3
8c2
8c1
8c0
8bf
8be
8bd
8bc
8bb
8ba
8b9
8b8
8b7
8b6
8b5
8b4
8b3
8b2
8b1
8b0
8af
8ae
8ad
8ac
8ab
8aa
8a9
8a8
8a7
8a6
8a5
8a4
8a3
8a2
8a1
8a0
89f
89e
89d
89c
89b
89a
899
898
897
896
895
894
893
892
891
890
88f
88e
88d
88c
88b
88a
889
888
887
886
885
884
883
882
881
880
87f
87e
87d
87c
87b
87a
879
878
877
876
875
874
873
872
871
870
86f
86e
86d
86c
86b
86a
869
868
867
866
865
864
863
862
861
860
85f
85e
85d
85c
85b
85a
859
858
857
856
855
854
853
852
851
850
84f
84e
84d
84c
84b
84a
849
848
847
846
845
844
843
842
841
840
83f
83e
83d
83c
83b
83a
839
838
837
836
835
834
833
832
831
830
82f
82e
82d
82c
82b
82a
829
828
827
826
825
824
823
822
821
820
81f
81e
81d
81c
81b
81a
819
818
817
816
815
814
813
812
811
810
80f
80e
80d
80c
80b
80a
809
808
807
806
805
804
803
802
801
800
7ff
7fe
7fd
7fc
7fb
7fa
7f9
7f8
7f7
7f6
7f5
7f4
7f3
7f2
7f1
7f0
7ef
7ee
7ed
7ec
7eb
7ea
7e9
7e8
7e7
7e6
7e5
7e4
7e3
7e2
7e1
7e0
7df
7de
7dd
7dc
7db
7da
7d9
7d8
7d7
7d6
7d5
7d4
7d3
7d2
7d1
7d0
