bcro
flfo
ejxq
ebfm
dvhq
azpd
chxo
dpww
ejbf
frlp
aiht
ffww
ejoh
fnlv
bzle
adia
ahgp
fjgm
fqme
fodb
bdgk
aign
bhdq
bazi
dirl
abqk
bmia
eaiu
fdyf
cgix
bxbz
enje
elyw
bbqa
aimn
bngo
fjcz
bhie
afui
baes
afrp
bnff
eijn
amoo
ddyx
biau
arca
djnt
fcoe
cuhm
efxt
cecd
fkij
dxno
bhgn
asmy
etos
drnc
aior
cwap
empm
fpfu
fnns
fbcb
ezmz
dwom
aaib
aphy
esyh
dgwq
buvn
eeji
ddgt
athl
fbsq
bnly
bmfd
fnay
fcbn
dtdk
cvvz
dcyh
bdod
dsvq
bqdc
flzy
ebyy
cmax
dpyi
fdqo
eaat
aqiw
bkpe
ecle
apsu
elbl
efls
dfnb
cjir
agog
bees
chde
betz
dbuo
ewvr
azvo
axpb
cihg
crfm
cskp
adou
fhnn
bzjk
aqpf
duft
azgi
bykg
bpgf
fkhp
dmtv
euvj
ectv
dezz
ajxz
afvn
bquq
evzx
absc
fgtn
aisn
deev
eyun
axjz
drrn
abae
fkjh
ccfb
fnhf
aoop
brum
abuf
anuk
ebzt
fnbm
bbxq
ffnb
ezim
dblu
exkq
aldy
abfk
euik
elgu
bdpr
dfgo
aiul
egod
aevy
eooe
cvux
alfv
alhf
apnh
fjau
ekqn
dyqt
ffgz
dltf
becw
dqfs
fmal
dxly
alih
eobe
agfx
edpc
btmz
eokq
bwru
fbsr
ctce
asxd
eqyq
dfgm
cnua
cmtp
axrw
ayfm
eaes
dcsu
drjl
eibv
fnvx
crsv
agka
ekig
bati
ceyj
fmlo
baps
eaqm
bltz
cqen
aopu
exlo
cqlt
bufq
cpiq
cdns
ffbg
aiao
emuy
eyhb
begn
avlz
ciot
egbn
eear
bdcz
bbtp
deqz
bdio
dkkt
ayrg
ccxz
bcga
ckkz
equq
byai
aycx
djhq
bdvv
eyhu
edgn
exfm
efnd
bjlj
cvkh
fawt
dqwz
auwq
cwnc
eadw
bdqd
basi
ccvr
ccmh
fadr
efda
ayui
fjav
dfjx
aguw
aylt
cxmb
bzck
azta
bwgc
elne
ehpp
bzcd
dtdg
chgp
dnzt
flwq
baxa
bdet
dakk
bymw
bivb
cfmr
cwko
fnsm
bhov
beid
cdlm
csrn
elkn
fenz
crzt
afux
fjas
efzn
dzzj
ctun
adus
amhm
egwk
btoq
azio
cjjc
dapf
dwwk
bvqq
fikf
ebdr
csot
dxrp
bfuj
ctxk
bbqo
darf
bwdw
dfhl
bryq
bnxc
blqk
cfzm
druo
auve
ceqj
aerk
ewqt
dfql
cbvg
ezul
dhgn
blyp
drtb
dgvw
cbcy
aqvs
epqt
dhxl
cjsm
ayby
cgly
dbuy
fqsw
amba
cowt
eedx
cqgs
ejqd
bbwy
bcmy
bqlb
bqhx
awbd
dwtf
awiq
ezux
fojd
bzox
ffwo
dopj
bdik
eqis
eawl
bclf
ajhn
eaom
cmwh
ctwm
bjkr
bxdj
euzw
bbex
cvwa
bkoz
ctzh
aceh
akcn
bxll
bzqk
efll
ealf
aslu
feji
bcvh
cfqz
asvf
eeoh
bxey
dtaa
anbu
elyh
bfho
fder
clgs
bwsq
atha
ajgt
fldn
bran
fbxz
fjhu
crnx
ehuy
aiqp
cxqt
agtp
ciux
eadn
eivm
btum
dhmz
cinn
cdwt
fapm
atnu
ahjv
dnoj
coto
btak
annv
bqua
ezst
bcua
fltz
flgs
eayi
bgvn
cmgf
coxm
ejjf
azwp
bxfy
czdm
ffde
eufx
dhpc
dhab
fmxy
cgsr
fppa
fawk
dynb
bwvw
exxt
eazk
apfo
ezpr
bipu
dtzv
bxco
cglh
bixu
dytr
asda
etek
ceso
axxu
agyk
fhhq
cega
byyh
cwpv
fqjr
exmu
bpau
ekuw
aolt
bisd
cxdr
cuda
dbyr
fmsf
ckae
ddjs
dafd
fcwk
bohx
basz
fdcr
dxui
czde
fmkm
bslc
bjkf
fqyk
aeey
cjgc
axms
afas
cmvl
bgkx
drrx
dqwg
cbcr
bjuy
cjcs
dhdq
fafg
edia
fcgu
dvvb
amjk
bakf
cbwp
aomx
cddw
bnfl
ejzd
dfwg
brti
cpli
eytq
dwsb
fkum
ckio
cjux
ccxr
epak
edrb
dqzg
eqmx
aoxb
elzm
bipo
azrz
beuo
bowi
anwc
dbjm
daln
ehwe
agxs
dqey
ctcu
fqjx
bipl
ajyk
dgmh
ekvj
aacp
bpni
amko
bvxl
bvde
ecjg
efjc
aaop
bjtc
cckh
dhkg
cghl
dppa
eafx
cwkj
fpia
bhgh
cpcn
ahnv
czeo
bvik
ervo
ekaz
dcpp
acwb
boue
fhnv
ejkp
daxg
elpt
actl
efia
acen
duzp
bcty
cunu
envn
bptw
apzy
blbw
ahyp
capg
cbdd
bkfp
brim
fmyf
dwwx
enlv
cxhp
brmh
dvsh
biky
fdqr
epsy
dwtn
awjm
bhsv
aogn
bbfa
ayai
bjli
ddtd
fexp
fklw
aknt
ciqs
dbpg
bdzx
fnna
dqqr
blim
fnfg
cfrh
ckpv
duew
ejez
dkam
cdhb
bqai
dfko
cezh
doba
blth
ealu
bzta
ddbw
agzt
bsyd
dnje
bipw
alug
aand
dlot
dwem
abrg
atuh
fomn
egja
dgoo
bxdi
aogu
cvcj
exde
fpxj
akjd
fmkq
ekcc
ebzi
aqox
ejql
fect
adgx
fdas
etcd
etzp
fhnb
coip
efep
cook
bvne
abiv
alvx
ecox
ddwu
ayiw
dzou
fbky
cajg
dgex
adkr
ddhp
cffw
eyje
btur
agyu
ctnk
bxwt
forv
cqjn
cpqk
cwef
cyvd
eeqm
amns
ejpj
emgs
akmo
crmr
fnvf
eomp
dlpn
dwmb
dygz
boja
fedf
cvbp
bbid
boev
bxzi
bfws
ddyk
assa
brvm
drpb
efjr
bpfd
eflp
bhwf
fghb
cjyk
cure
btok
dypd
ajtp
crpt
fkgc
ferr
cmyq
bjun
amsq
bfpq
agrt
cjly
diqb
acjf
aynx
bcoj
fjfp
dlev
ffql
ezhn
bybn
dszy
bebo
bwxu
dray
ayxv
dtfy
eqnx
aezw
esfc
dsdb
eckr
chnt
bzlv
ebpf
cqzy
dfcu
bngj
bhij
cwob
cvow
brom
dwla
dpjr
cuqt
egla
fhzy
bqma
edex
blos
abdv
equf
deqh
fblt
eheg
eept
bgbo
cdtw
fihx
bfnl
btoi
cmzq
dcge
bpck
ccfp
caog
cfqm
aiti
fgsa
cedg
asqy
cgpn
ekjs
bfkw
cvmq
bjuw
dcwn
ddws
bgyp
cqzc
dxym
dnfe
dach
ekrh
cmgi
bdjw
eznx
brjc
dkqk
czym
bebi
ascw
fdfq
ciou
dcpm
dxit
azti
brpu
dytv
dhpa
asrx
emkk
czgs
ckhp
ebum
dbjo
brir
empj
dqwo
cste
cmpd
flvj
bojx
dcqd
ayri
ejyy
bsex
fdnd
djtb
aulp
dkzw
baxb
cugl
agwp
casz
bmch
axnx
ehbf
efgc
ayjl
bcpm
asvq
cttv
aaol
cfqh
chhn
dgbq
cfye
brpt
ajge
egxs
dsue
bllb
cjje
fflu
awlu
awzs
aqlz
fawn
firl
esjc
bpvr
daou
auez
dfyc
drdm
eokf
cplk
csfi
dvti
dwhu
awwi
ctio
alog
axns
dimd
acwn
ejsm
ekcm
cdnk
bcry
bhuf
bhms
arsc
dqyx
aton
blmo
emyy
bpxz
dyee
cczr
cvji
cvzv
exwr
bovc
dqgi
ccgi
fett
cpdb
cuvr
fgzp
dlqj
bjhl
busn
dxxz
djak
eikx
bqtk
dzaj
dpzt
ekyt
ahtn
dnmh
bsoc
bqyv
eprj
dhka
bhdy
fpir
aurd
ffcx
agab
baaj
dxgn
flpq
bkhd
friq
djnp
bybp
dnbe
brfb
ekhj
akec
cdkp
eyjy
aqdb
btwa
arkt
ewco
ffkj
bxgg
dxyk
bxsq
eubs
fema
ejpa
bpbx
amfh
bonb
anrt
agxw
dcbr
dugv
bujs
edgs
avaz
csxq
cnjs
fopg
eybb
bbni
agad
acrl
ehvo
cile
azjz
bnoz
bzyu
cuuv
alyk
bbuo
demr
euwg
aqft
epan
cwmo
cixu
bifg
cjqa
boes
drbz
anjo
dlba
dptq
ekkl
azjn
dcxg
bbpj
aqag
byyd
belh
fijf
bmtl
aszm
afwg
evju
bxjt
dnwu
dpsj
ccqa
bjnd
evcx
bwch
berd
aosw
cilb
cydf
bgvz
dsfb
fkfc
bprk
esyp
cdpw
cjva
bciz
ewbg
bjsx
bmja
buca
cnwo
bdty
cxyv
asmt
enpd
chev
ejle
cwts
dizu
cakw
eicj
beoe
bdos
emia
eoke
bcws
dmmu
bqwa
fihv
drvm
dswu
efpc
ciwy
bfph
ajne
cxot
apar
etks
euec
bhzj
aoyu
aqzy
dewk
expp
cmed
dlih
bzee
aygh
apri
dkie
ehcb
crid
emal
dizs
aoqs
abcw
dyiz
dzdw
bess
dvhs
egzp
azcd
auax
cmuy
bwbt
eiav
dlcu
ctso
fkqt
fiqy
abty
akpb
cvew
edwy
aved
auvo
edvs
dlqi
dbia
cqhu
bwxv
akll
ayfo
dcxu
cjwx
equy
esdn
ebat
ahbf
egax
cnah
asyg
azqc
btvo
eaka
dejt
deox
bket
ahhj
chiq
bfvx
ccdz
cywd
avnz
dsmd
bziu
bjiv
dvnu
dgrg
fpyo
cbsq
caxy
bgtp
aotr
cmgg
asmq
fgqq
dqgm
eohd
bvoj
aaej
cvip
dhmk
cffi
dznm
drbd
eche
balb
cvsy
bshg
bwfx
bzlk
cgfw
adtm
ccyp
cusy
dimk
dclo
dxie
exfn
dmxo
fkrn
ebmc
dtun
axwu
ahvw
cavq
alll
chuc
abrj
ctwu
cwwk
eoog
bbqc
bxhe
cere
decq
bzai
djul
afmg
addo
anpy
bdmo
ejor
dhxu
aixf
ekkh
atkm
ahcl
dlaa
fkbd
bnct
frvt
bfgn
eynn
bcoc
cwdb
ehbx
fmpi
durc
aymg
dhpy
elkl
ctnp
foks
eqzh
epqr
cpgr
cgdl
bwxn
cgcw
asgl
cghw
ctkc
cmbz
elej
ejzx
cmwi
bhsf
bhsx
asmh
bert
bofx
dsxm
dyhd
dvca
eykw
eorg
ctdo
dzgh
bzdj
bask
efxr
acot
ehhv
edmr
cwpa
bmsa
dnqt
awgd
eizy
dfoe
bbbi
feyk
fdgf
ehwn
dqvo
ffos
ddvd
ctnq
erbh
cxnt
fjrh
bwef
aryx
dduu
aqcx
fhep
fkjk
fndd
bzob
aubg
fdpx
ckqo
bbak
ckbs
choe
bcun
ewbf
cuzs
ensg
axef
edlb
alvh
ctmg
csqf
eyac
azin
eizp
awzc
cxfr
fdpd
erel
bqpo
eptw
aych
bwep
aeug
csyv
fofs
daiw
axeu
czax
etge
bvpf
fctb
ammc
cvaf
fcao
fjta
byan
cago
clpy
fook
djmo
cnoj
evrj
fdpi
cpum
czlv
brkf
egck
etnl
bjlq
avgv
cprj
fjvi
flxa
afka
ehal
cmdv
chcv
dzxx
bwjr
amqc
dwlg
afkl
bwbm
dedo
evkl
bwqn
fmhg
cfxx
dxzv
aheu
avsh
cnvu
brsa
ejki
dndu
bmdu
crss
cmlf
akqt
dyvk
driu
cycj
cnme
fljg
dzxb
fcsy
bzqq
bwud
cspd
bgcu
cozd
aoqe
emsb
braz
bypd
dglo
diit
bjrn
ccvu
clqm
fhkn
drvw
dchl
brxj
afhx
chmz
dpgn
cutf
dgzd
edrt
fcvb
brcu
erqv
fkaf
dhrw
fkyn
dgcq
dwio
dsbq
bikk
dhyt
ezym
edbt
dlta
cwwu
fgvh
dckg
crzg
echu
forr
cuay
cucy
djas
dbvu
egme
aodv
erid
fpyp
ccdt
chay
affi
apij
dlym
exrb
cpti
azpb
cbvn
eazs
etpq
ayvc
azwb
eyio
bbhq
cnwa
dzyf
eqmy
aejf
fidf
djxd
eqwm
dofb
dugt
cofa
cwxr
ckjx
durp
arvf
fojx
aibu
elod
dikw
cjjz
cfgx
fbaz
djwh
ezpe
ebfb
evry
dtmm
akmn
clgn
dtvn
aoxz
bltb
btpg
exws
duwp
boqt
fqff
brhl
cgnf
ahic
ehpf
dmyg
focu
dvib
ddzw
fcag
dcut
cuvt
csuv
essa
fefe
cirj
cbni
fgiw
fczv
acaa
bpql
bsft
agub
cyme
ewjp
fdfb
bfvf
ajrq
ffzx
cxwi
bwsj
dazr
fgpo
cmml
dkdt
dlzj
aoix
foxo
dwrs
drdo
cvvb
eetm
bglq
azce
fgev
afpz
coxv
ahjf
eblr
avry
absj
ffvr
ckda
dgeo
deqr
emla
ehqg
flwh
cmze
cmgm
bzue
bhoj
bvzw
fezl
emku
dsqv
dplj
dawf
dfgv
eypp
ajmv
cxes
fkqo
ahpm
ehgr
cwcf
eopp
agyd
axqq
eehe
bnhu
dpwi
dynu
doro
eiza
eywy
dwzx
cxoe
ased
dlwy
ajqt
cbcl
bcmj
ezex
dodt
cfbe
fikh
cqdn
ezgi
dres
ezhz
fjuf
cfei
akyz
cyub
eycv
ajnf
cikg
apff
fgdu
dkhc
bpwx
cccy
bebs
ajnt
cqiy
cjjq
clxa
anzf
clao
evhu
czyb
bdyd
djor
dowr
alvw
ckwl
cvsa
bgjd
fjju
bboc
dnub
bnfi
cexv
frxv
fhte
ewzp
dlrr
cbuw
bgni
egel
csqt
ecny
eayp
bwtk
bluu
atdp
dnis
ctgr
adqi
elvc
fhya
bmqx
aovh
agyt
dsbr
dshc
dpsd
dfba
doqc
dxga
bknx
cdmx
amkr
dyoh
bzop
cqji
apha
ctin
adkm
acyi
duuc
drwz
cwii
fatu
arqu
duct
bych
bsyo
absw
dvwl
dlqb
ejrs
abru
allu
ejzg
flfs
cfxd
evgf
bxtm
bpxi
aqyf
dkqj
ejyq
fjxq
fqxz
fnnp
byvc
dxru
chau
ccfn
bvwx
bkiy
bboy
cbku
acxx
efya
cmqs
czou
dhfh
cigg
dbii
biyg
ecfw
azww
eynq
awkr
drbp
cekc
acly
ddkq
flqi
dauv
czsi
bdwa
dydc
bxzh
ceop
dimg
fdie
acgk
ebzy
dmfh
cyaf
eqxr
eqql
fqfh
ektx
edtw
cdlg
frnn
dfte
arid
bqan
bfwo
fgdy
calc
dvew
clby
dlqf
fmbg
dhpn
cxso
eobu
eekh
floa
cbyx
etci
busz
ethf
aong
djxx
bfpb
dgzv
flpo
dbke
fpzh
arzz
bmwp
egdp
dajb
bwfh
buge
fpaz
dugr
ccar
aody
cgsb
efaq
dxch
dsna
ccau
cvln
fhmm
bsek
evgr
ejnk
cyke
ejaa
czwl
dmdn
fmwv
aenj
bwju
ectl
edvp
epwv
avjc
fcbe
agtr
ctqr
dmbs
flle
afby
duba
cyvm
aito
doec
ajca
dopp
fjrr
dvxl
afgx
bjez
cgcr
awmw
azei
awpt
emyk
emfi
dhmw
dduw
bmzw
feas
fmhu
adps
daud
etwy
bexk
fflm
ffoj
ataz
bfzn
evrd
axbt
epqh
fgem
ahes
flih
auuz
fdgz
blgs
cvio
akuz
frql
afry
damu
egbh
daak
etmx
coit
bipc
dwpc
cnva
bibt
bojk
adax
ahwo
cyok
diqp
dehl
bksr
fivn
caat
evvo
cjui
ceid
fqlc
ehea
bkhq
afnp
dkjp
ehwl
dncq
dxpg
cfdv
eszz
amzz
bsac
daab
ajqb
bwav
dzrk
bvyq
bnih
bucm
cnzp
foml
azxt
aqxy
cveo
dotj
bpcc
aklj
csbt
aphw
aivm
eajs
dkfo
eezm
drdi
ejco
fhsl
eeha
bolb
bhmv
dmez
ewdt
czox
ceyl
ebkn
ecpu
bvpd
fgkp
epbh
aayk
fine
bdaa
axti
baxe
ezni
cmau
albt
buec
aaxv
axdf
dpxu
fhgy
dwzy
cxek
cwyo
fgme
chrc
dyko
czdi
amfl
dxho
crfh
epsw
bsfn
aqzo
exzw
dkmt
bkzy
cews
aifl
aqda
etxd
djdh
bjii
cbjl
diwe
biws
eymh
ejkv
bqsz
elhr
duwl
fiic
edmq
ffcj
bdga
ctwk
ekbm
cwzu
abqw
evcq
eyty
agat
bghg
fjtd
agmx
fleg
fmgg
dyak
duoj
cxsu
dtae
dhwe
ffes
bvcz
cwkr
fhen
ekmk
dqqc
bnxj
fobu
aeka
djdb
dppn
agbi
axdi
fcjk
bdig
crgw
eefv
fcoh
dolp
djng
efxb
crum
bpdu
bmdx
ffnq
ciun
cbnz
fabj
fohs
dldk
elmn
eczy
blgq
axja
edzv
cood
eovc
djgz
dneb
dbbt
bulz
birj
enwa
aedh
arqh
dgef
bplq
evac
ahvp
ccon
ccdd
cmtt
aeti
akzr
elzq
dvab
boxy
bloq
feyb
fhrp
fbuw
flau
ddoy
cniz
cyve
dgcd
bogj
brxi
fkiy
elfn
bwis
dzrf
aimm
agbj
acoo
bzpg
bmrl
fiab
amnv
dwmr
daka
fjot
bcta
aywq
abhs
cktc
aoee
buee
cxib
flcs
bppi
eagi
edqu
fpdr
ajnb
dluj
ezsa
fdne
ciho
dzhj
apdy
czes
esfn
brcy
dhhb
alqh
expf
drov
dyjx
evdf
bhml
btbg
bqyy
eijh
cmor
aacl
cppl
bhpp
acfo
frav
dwoq
cvqo
ctov
fmyj
erqb
drzi
etbq
dnaj
dvjo
bqgu
ddqz
awxg
cjqr
cmxf
cqwg
bizu
cwxz
eulf
fgwt
dhwd
eehf
cwmf
eekl
bllc
eubh
enwf
biab
bdgn
cisu
csay
fdsw
flhn
bgti
cizk
arej
daws
aqmn
bjyo
fpqo
ddgf
dvxb
bnxq
cjns
bkak
aauk
dode
dsqo
csso
chmn
afgv
chlv
fdej
bznx
byxi
bwhr
eily
bctm
cjaj
dbet
afxv
bwci
fknk
bopm
emuk
csus
emxg
btmc
danq
diyd
dqpd
cnmv
euqn
bhzf
bygp
ejhm
bpeo
dtso
eesv
deag
cwvv
btog
dpzc
blqx
ciwb
aksa
chce
copy
chlq
cwny
baue
egxy
excn
frcx
fkhw
fbrx
dbdp
dcom
fbug
ffuf
bccd
fqbf
crjd
dtot
ejdp
dcks
egwt
bzrf
acyj
dszv
dnlc
ajwu
csgf
ewke
fnka
cbbl
essv
djgm
awbt
dsaj
dewa
ckbi
adtw
dgmq
byzz
bokn
cvrf
ekdl
afpx
aenb
addq
btfp
csbf
ejuz
emps
cogz
cdtq
embk
dglj
ewhe
duut
akyw
dzky
elaz
arik
azfk
bgna
edtc
dped
dbrz
bvzm
dilw
aewy
cpca
cndo
awsv
agmt
avsn
dmzv
exns
bqlo
flrt
ckem
fayo
exdy
egmp
bdfh
ecvr
efdj
aggk
exum
bahb
bfiu
azsi
chzy
cnrv
ddys
avyo
apvs
cmcz
acvb
flbd
clwn
cyfn
fjob
cckb
edyn
aaut
brvi
bjgl
cadl
bzub
cpxw
aera
cemm
copv
bepe
bwsw
cehm
ecul
dckx
cqat
dzbw
bqqn
bmsi
bpgl
cgky
fffn
anll
fpeb
ccyv
fpyh
cpbq
fial
dppp
bozl
ckri
eknb
cyoi
bffg
bzjh
cinr
apjd
agbz
bcjs
bmll
fgbm
dqjx
ceyf
aznh
erwg
eaqy
ephd
blhl
fonv
dtoi
abid
fixk
ewii
eqhm
afsz
afki
dhcl
csis
bfir
ecvy
clou
apqr
evfz
ezcu
afha
emce
afkv
bzmq
eroi
deuz
earr
dtxe
acmh
dgqq
evip
avpf
biej
ebce
bqsx
dzun
feri
ecfk
fdwv
bovw
apop
epco
agmo
drqn
annt
duil
argh
efyq
dfyf
arlv
borf
cpsg
bhyk
enrw
dkov
citj
aazq
blwh
dtht
cgin
cpzn
eshm
ccct
bcbj
cxrc
bhbb
cofs
aink
fgsc
ediu
ebah
cscf
frma
fcic
ekzx
dbam
djoc
boyg
ffbt
fjyi
ckhb
fqug
emhc
cyeq
bkuc
ddbg
evki
fbwc
aytp
fpjh
atyi
czlo
ajkp
dxci
etbm
ehow
esoa
dcfd
ezav
byic
dyqg
aian
drgl
cuoc
anot
clhy
dvpr
cutu
dxpo
boze
cjge
dymh
bkhy
cptu
divu
efyp
dtxj
aneq
bduz
edvm
bgib
edjh
afbq
dliq
epgh
fjwl
fboo
avau
bekj
dvsj
corq
acje
fgna
aauc
arux
dswg
ctqj
bhyh
dofe
bihp
aacn
ayku
craj
ckxu
bbmc
brdw
dygs
efpr
clar
euoq
cvny
ctft
cveb
elzl
dbyq
anhr
cwqe
bqpr
fohk
fned
cfnm
cxlr
ffar
dvne
choh
fqgb
bkzv
dill
fagx
aftg
cukb
bazo
eyjw
blpe
cmrt
eaxs
dxlz
esmz
audu
cpvl
czve
bfqg
bnvi
bark
acid
blzx
fqmk
fruk
edtf
enzk
csfz
bhoe
abzr
egph
eojm
felq
cnja
cjtp
eygt
fnxm
dbkf
ckmo
dbyo
emxh
fqlq
bvqf
cjyj
bbnn
cail
bjgx
dwpl
ardp
fner
cpyg
ccnt
ehoh
fajl
fegm
eqzi
afcm
cdbr
fpdz
dslw
ekjj
ahqi
czkk
cqaj
aztq
euky
adlr
byyr
aanc
dypp
dnuk
byct
djuj
cpup
eneb
bynh
aczu
fkxg
agcv
adny
dpds
buhp
dgll
fgij
fqse
byti
cyxu
copk
ajdi
bjkd
ckrb
eile
aage
buyh
ctiz
amxq
anzl
eyuq
auco
bjnn
ekkw
eqvz
fnnr
fqro
atcw
ckcz
afig
epfl
fnrf
bjin
eelv
cmxp
cqoe
ffux
fabb
dqzl
dmwc
chlg
djou
dnma
eblk
cgaz
aszo
ekhx
ceju
elio
akrc
dgpp
bdrk
eifj
eovv
fbsm
clgm
bxrb
chyl
dzbz
afmc
amrs
awfn
cucz
fjbe
abks
dpip
crkt
dgim
bhus
ehcz
doud
akjs
dbyp
aepm
fovu
fpax
fcin
feoq
ezry
bhch
aheq
acyu
bodl
bbxc
elex
elyu
alhr
aalt
bxyr
dytu
dpls
dulq
evsb
becq
bvas
ecsf
dubz
dpbf
dqgc
avua
ajsb
facv
bwrl
eqgi
bblu
emtn
emwy
dgtg
cmat
ayim
daht
dgpc
eold
dkjr
acjp
dhmy
ahup
dowf
cbxd
dzfg
bard
afzj
cxhe
ezxp
dlae
ffiy
daro
btnd
bsow
emjy
dfhw
crko
ekhs
bpqv
cssu
ajtu
bmsg
eyqc
bkgf
efsp
fdsd
fmhy
cpgl
fnfd
cwwi
ehgf
cmxd
ejmf
ehlv
daqh
bprc
bcjd
bnnn
cdnj
dlne
filv
avxv
eipo
fknj
cjpo
cxld
daja
auqk
dzaa
ckdn
bmfe
fpnp
canr
cxlf
ffjw
dfgb
edqi
fnwj
dwej
ezsf
eeql
eslx
axay
djtz
besn
cxbt
ctxy
dtax
bsld
bqih
brgp
cher
eoki
fnis
ctdt
cuav
alcz
bbkv
dojl
eyef
aukh
coex
ejmz
dyyg
dcox
dpgs
enax
drkb
fesk
frgj
bvhc
ensu
dgkn
eccs
appl
ebjf
edut
dinj
danw
ewsj
fjua
dqut
fnny
agkz
bnxr
aelz
bgcp
dger
evhh
efhl
dowa
dlyc
bskb
cdfi
bmoa
amwx
axai
dxdu
cjtz
bhrt
blcx
duxs
aqab
ffor
eiys
esdf
bhwu
afxb
dzmu
dtwn
bsww
fggi
fndw
akks
bfqw
fjmp
eosp
flal
adlb
deqa
bcwk
bwza
fpdu
djgw
batu
ahen
epgc
bjdx
amtg
cgol
fqhe
akxx
azac
fesa
dvgo
clmc
accf
erfe
ehpd
fgyc
bxfc
adpr
crfp
dbdf
brhz
ayyi
afww
ejcr
abww
fkkb
ecjp
eyxe
eatu
blle
cshj
amyb
ajmy
eywa
dwts
desd
etxn
fmww
boux
dmix
bplb
bdam
bgbm
exdn
dyxi
fjbb
dgrx
cgby
dnyf
bcgz
eame
fqnu
cjrf
dcac
cfkr
fixj
bpzs
ddxn
ariy
fqzu
djtp
aprd
frbq
bhzw
bfjx
crdg
cnkn
ccno
dewj
elgn
exsx
bhev
chnr
dnxi
cfjn
drcx
erjd
fekm
bqes
fiyz
bhpe
dqpq
amno
anfl
dvzl
bocq
eard
dbfk
dnch
eapf
ejjs
avpc
akty
fcpa
avhx
czhc
cndh
bmrp
exgz
dflr
ebjr
ddsq
cvyg
bqas
bkyx
dduo
ajzx
dggy
ehhr
ffkf
dxeu
dfwk
dlju
buiy
apuk
arcf
bavy
bjjo
eulv
azvx
avdw
ewow
dnec
eirg
fdov
blja
cexy
ejaz
cjju
atso
byyl
djvj
bkwc
elek
enfp
dekx
cmns
bgjr
aobs
amkx
aygu
cilf
efwn
euzy
cmzw
aqfo
azwj
ddtp
azmm
cpug
fojh
bqwh
abqc
dmhm
bswy
fcuk
czky
cibe
flqb
fjqr
agba
eajq
chit
aucx
cqer
bhqz
aiik
anbz
cjdx
bpbw
dabh
aszw
dcvr
dadm
eitr
dtnl
cqgn
blhj
cmjz
dbhm
dmmg
agyq
ckli
bxaf
eabr
akvb
ebrw
dkvk
bjgm
cynr
eddg
cvzf
dcmr
freh
cedx
fjhc
aiad
dyez
fgnx
bjqu
bbox
dncu
dyza
entt
bhna
fcsf
espe
byea
docy
ebqg
eqfb
dbhx
enpz
dtqt
etpa
atua
fann
esjv
bgsl
enml
bdbm
fada
adod
dvly
dzpn
emeu
amyx
bhyb
dgqf
doyy
apgt
dzan
cqph
cquz
bqwo
dkro
emeh
aryf
cxml
dcrd
drgm
ahkc
ecxa
dzps
dwjk
dxfd
diar
cuan
dkjx
alpg
bibv
ctvq
dlsr
ezcg
btlt
eubo
dwsm
dejn
eiaf
dgqb
dvuj
etqg
anhc
alwr
flcl
ecfq
ewvq
fizg
cjay
cslo
fism
avsw
fqic
cnjy
bsdv
aeht
eodk
cbqd
emst
ecqm
emkc
avsz
fcvx
bdfy
drar
fgws
egmy
fiah
djir
cvwl
cyzv
ansr
fret
eruj
bcan
addp
clti
dmfu
cugf
ebar
blvz
evfy
also
cvks
cgcx
eofe
ekei
aigu
cdpd
aits
crjt
eatk
cppz
bezy
efem
esrg
fagu
awts
bnlu
deim
cczv
aisi
cwmw
bweh
fhdy
ckwi
cmpi
dgjp
czml
elay
clus
ergz
cdfs
ceor
edze
bqza
fhnc
epvg
cgrc
byis
dyod
dyce
ehne
alsx
ampg
aqfg
coxy
emjx
cetq
aynt
bnrx
bmvx
axls
djyy
fmhi
aayp
dcsd
frki
cwvf
agqb
cntd
bzuj
cqfw
fhjn
agot
efxy
djfx
aunx
evex
chll
blgd
bovj
bycy
dhlb
frod
cnim
csca
ccea
fbpt
cppt
datz
dmdz
eehi
acjx
dqbk
dqqk
elyy
blnx
flet
bvbo
dvmm
avsf
fern
dnpo
davg
bdle
bfam
dexl
fhgr
cooj
cxgi
ezaf
cqes
elcc
clmi
arxf
cuwe
dvev
czld
empo
diyo
eqfh
cpuy
dbse
fnxs
dbaz
cxil
efse
ejva
aekn
czcg
ecbu
fmpw
cqsi
fege
bmar
bghw
dbkn
bixe
encc
exfp
bqti
abux
douy
fbmg
eqrz
aqok
enpr
eftp
fezw
avmg
aonm
ffnn
fpzt
axdt
dhqb
chjd
cexj
dqbq
fnwf
dkko
cyqy
bbfr
bsnm
auqq
bcju
awbg
dmis
cdbl
dddi
ehaw
aqlj
cqiw
dcrr
eyrx
cfec
ctzr
cpog
bjjs
bsaw
chmv
cnjl
fghr
foio
cacl
egln
dbrl
emrh
circ
ciql
asta
dmhv
elwd
anbw
bgen
bkxp
ccaj
bubp
cqdx
dcnb
bqpx
akwa
chpb
derr
bbea
exin
adsg
azmp
blqb
cjos
cbaa
bgwx
eiqd
fhfp
cddd
dkxb
eght
amvh
eydo
cztk
frwi
ctnz
fkvo
cgwr
demd
fdiy
faxq
fcdw
akcm
ewxs
ader
cdfw
cong
dixy
ajcr
dvzx
bsng
cywv
aoji
fakr
dayv
cnnd
douc
bddz
bdys
ejig
bouh
digq
dtml
dzcb
aezn
bjnc
fbmm
egsy
fbro
bkyd
bdfi
dcpb
fgvt
crms
adgv
byjj
atuv
apdm
afek
egov
bpya
ekxn
fpyg
encv
cflc
dysk
eeim
aghg
cqzp
bevx
dawb
argy
cttn
bswj
aiyp
arcv
egkm
abvc
bmdh
ekeu
btbd
aztk
coek
fkib
csck
bhlr
ckkf
bfum
boro
brro
azbi
arqy
cebv
edsy
dwie
biwg
fecj
esch
bjfw
djnw
edgw
eewx
bpil
aefm
dugm
dauc
byns
bioi
bxpe
bngx
dxon
adzg
dlvl
dqcr
dfhr
dfeq
eoal
dhjr
anui
eetr
emop
buwe
ajhy
erqh
adnl
bebc
chhw
adpd
ejkj
drii
aozr
coav
ehmy
batz
amsg
dkuq
adha
faur
cboc
emrl
ekyg
drrj
ddjx
fjes
aqfb
chkb
afct
eloq
axyg
cfhh
evfs
efmk
edkr
dldn
fipv
eypz
eygv
cquw
emkm
flhh
bxha
cgzt
dvvz
dorw
flkf
blyc
fesv
aqss
dwpd
deud
euho
dzru
fpwm
elpn
fnfl
dvuq
cldr
eblj
dhle
fqbk
duvu
cvkw
cixm
ctcz
fqsj
crqc
cdpc
ddsd
crwu
czrq
brwu
bgry
eopx
fkns
chus
awoz
agco
bbdz
cxqp
bnnt
dtuo
adul
bpqa
didv
dypn
akou
bfqh
dbcv
cmos
atzj
aqrd
ehmv
fhwt
fbbo
ehrk
cxzq
flsz
colp
czdv
ehyn
cgws
fqfn
brbb
ddvh
fjlr
eeom
azqw
fmpb
adut
dhmj
ehjy
clav
dvth
fbde
dxcq
abmv
aiuj
dzwd
akny
bevc
fmtj
eojs
acjr
ayhq
awss
bltp
bync
eger
chkw
dbrk
eoga
bwzj
cvme
emwz
dzhl
dbtu
disl
azzu
awlb
dyer
fkrm
fkly
efvk
aiyo
fbka
egeb
atgg
dtwu
flfu
awih
dzmh
dnjr
bubv
adhy
ddcc
epjo
cztf
ewix
cmzo
ahmi
ctbi
atbh
aqxi
djhv
eccl
cpkw
eqrh
amsy
beyn
eaqt
eboq
aoto
cyue
brsq
ctmt
frcu
dqrs
aclu
emyn
fnij
ebju
ezgp
bbhk
aerq
enoc
bjdc
ageh
auoy
djls
ezwq
cnla
bjsj
fdxz
eauo
cfyz
cbyu
brjb
fbkr
buqw
dfjv
cwkz
avrh
cecj
dgqs
dezf
cmbe
cwnr
dnel
djbj
fquy
fhsj
coks
bvno
eryg
dnzo
acof
ahcg
bvtl
fovr
bgtg
fige
doeh
cbua
bwgd
fehn
bujk
emsq
eyav
damp
bkro
dvff
fbjk
dqfk
deiy
bjdh
beil
dflc
cozx
daaj
fgkz
aqrn
cnfo
fata
dowo
asxz
frve
dtli
covh
bbou
adeg
falz
eldc
aoem
egjg
ammh
ciud
alsb
fboe
bhgb
bgqb
drsq
dgyg
ackj
ehop
aatm
cfzl
fceo
cesc
amiu
dwnx
egec
bbzf
btvk
emxw
emdo
eitm
bgop
dvtu
cgid
fqhp
cewq
bebk
daxq
ebbr
dsvt
aqtn
dvau
bunp
ayqa
fmkv
crza
cdgt
drjm
bmzh
cutc
covk
fqls
ffty
epua
bpew
bqao
aeuk
fmim
bfge
bhqx
etcu
cnkg
fibo
fdzj
chii
ahbw
cfqx
efzd
cqge
cvok
bcsk
bxme
ahdj
bgvq
ebto
fido
dkfp
bwxo
eyvg
ewlj
asnx
dvii
cahw
dkqi
cdyj
eioo
dnyg
dlkz
arod
exhi
dmtw
ejci
cfln
frsg
esvo
aubv
eouv
cmqa
epyw
dhwi
amsr
czfi
dvoq
ffcw
chvv
bzja
fftm
dshl
dhoq
ekau
cwjk
cvur
auia
cbsc
dfov
dbop
alcr
fouc
cwxl
bojm
fawo
chpk
csqr
frxj
blte
amcn
dlhd
csmd
egoi
czpf
chng
asdh
brdy
bzaw
ejit
ewzz
clbs
bmji
ffsz
druh
colo
crmv
einn
fqzf
euew
eoul
awlx
dqwd
adcg
ejmp
dyda
demm
esea
axyf
caut
dsvx
frwp
bsum
fkdr
eqig
eagj
cagq
foqd
aovr
fmht
bkvp
bbxj
fchk
ajbg
ewxl
bpur
eemx
abmi
dfpv
dfnf
boto
cths
aqui
czlt
cbfh
btwm
dboj
fosv
agfd
cxjk
cgit
egvb
erjj
aghr
cnmz
blyq
bagu
fcdy
bjrj
bqzz
avrz
cble
eojz
egrr
cono
abam
bssh
eiwh
ajdc
frus
bylr
cgtw
cuca
abtt
bkdl
ajhj
bbva
cwfj
cmxw
dupu
cjrl
btsk
ensd
dmhy
bqcq
cenv
bjxe
eidj
aqns
fpsi
aplh
cwne
ensl
dlkx
fqcg
awxx
btcv
fltt
eeir
esxz
aabv
ekpv
botk
dgvx
clkk
arii
akwn
cvxb
eeet
asce
eobj
dlth
ctrw
eowc
awrg
drlg
ehjl
fkdp
fory
amjf
bnbm
fiel
bfbu
azme
dqdg
dvnb
dcco
dnye
fhno
bhmz
ahzf
avss
dybn
ekjw
drxw
csjt
frut
dxmn
cvgd
afjv
ckxo
ctva
dyrk
eaaz
apns
cuue
axzr
ewtd
bsyr
cvgo
frnu
atqu
apwz
bzyr
fnia
bwck
auna
bdms
buai
anlt
dftc
ddfz
apxd
btio
ewfq
cvze
dyts
cpyx
ccyj
akqk
coxu
fhbl
ccag
cjce
apwo
dhmf
fgng
atzd
bjek
bybk
blua
fcln
emdc
dmlj
etjp
ffmb
fqge
ahlb
eqko
ammf
dnwz
bbzp
bxnr
clxy
dwkb
cxty
axss
bsfa
dmpb
bvbe
cufb
bxfj
fqdw
ekpn
cinh
ffmk
fksa
eamg
ddrm
ddzm
dbdn
exvv
apnx
cxnv
dgfj
bwnq
ccxu
bggy
aebk
aduy
akye
auyy
beha
cjhn
bcza
awdi
avnj
frjj
dbvj
cpjz
dlvg
fmjx
doxi
ajjl
adnv
coyt
cehj
dsee
ffns
dmch
aoff
bmdc
dhyq
agyy
dyvt
fjpd
bsus
faol
dodo
feid
brrg
eivu
fniy
ahzl
bdgj
bidj
atrm
cqbp
eszc
bnhb
cmtj
dtpq
amtb
besf
cdgs
aswa
akmb
agtc
dmve
ewcj
apwi
fnae
enbl
alpw
aoir
alui
eqap
cdct
aefu
fdez
evya
avni
cdld
dulb
frcc
acdx
apkv
blpd
cgyd
ebcd
fliv
bgzo
flic
coiz
ceji
evun
fgjh
apdt
erjp
aihh
cigj
fjgt
bbwk
aiqq
ersi
egzo
cifb
dixd
euht
dnfn
cqgv
caki
arfu
bpvo
alaw
buuk
fafa
cgfj
brdf
ekvw
ezwd
ctne
anzs
dksz
ckbf
bxhf
ardc
fprw
bhpq
eglf
bcpp
cytf
axaq
fqld
cfok
dhee
aima
bwkr
cjeb
ccul
diaw
dlla
eskn
bapn
deiv
cyfi
dyla
bmxq
avut
atjh
bbqf
apmw
cjtf
cuij
ajlp
fjlw
csei
cjyw
aznp
epyv
bsja
arbo
ajhb
btgm
cggv
bvrb
cwsw
eyfr
andq
dmtm
ddrb
bvox
bqzg
eozk
dlnr
fgmh
dolm
fkti
dbas
ddut
awqw
aqgn
aymb
efuj
exgk
bcpy
clsv
cftk
cjqk
bkyf
cefw
brqp
aoyh
aeud
fleu
fhqo
eais
elok
dmjo
abfh
behg
brlu
durt
dhpj
cbls
ciyh
bcsb
fger
aftt
eoxb
efib
bhrl
ecrg
aaze
fmni
fetx
coof
croj
ajfw
euiu
amuk
ckrd
fdkt
fkyu
crwr
eenl
bpcr
auht
bhhz
dyab
adbp
fcmm
dxzn
ckik
cugo
avcl
eeoy
cwvk
ccqv
bufc
dlsp
akkm
blrx
ekoe
daho
amwi
anmn
evlx
dpfr
bodp
bupq
fatn
czjt
frvf
epkz
enkg
amku
ahqy
fcwx
frwa
fbkx
arox
azmj
ctlt
ejxd
aotg
fbie
dfvn
dunx
cafx
dwjr
cbwo
cezb
dber
duls
btgf
azoo
ennr
daep
djwg
fiin
dtvz
cdlp
cltg
fisx
acfd
caor
fawb
esof
cbbx
ayah
eqiq
ezij
egby
axbc
ctrx
csie
efvv
cvct
bdfj
bwxg
ddim
ctzz
cjfb
ciak
fgwb
axjx
blxi
aejj
alth
colk
bofq
dqsm
dkbw
cqoo
dgye
ensx
flqo
eqpb
efft
bnmb
fivi
cyzt
adhp
dxey
axla
fhkk
eonk
dthv
dkmi
ezwn
beqt
dxxl
axuy
fpov
cztl
cplq
fayq
fpzg
fqeb
azsq
eddj
eieq
dnqj
dpts
bvqj
cykh
djjz
ajgr
ehuq
anln
bqyp
dypx
fayy
auej
elmt
dhva
cpzm
bbcq
anik
alsl
ajqn
cpnt
bgsw
fgvz
byvy
ddbr
beqn
djiy
bsmc
eybj
abgo
cdhy
egiq
abbp
fbln
eeln
fkbf
foyo
exew
afte
afia
apdd
drhq
djit
cdoo
cbnu
agrq
aazr
chod
ciuq
epmz
defl
elkc
bliu
asya
dgrh
egva
aidj
bpgq
dwvl
epmt
cykl
eqch
epie
fnfh
ecrt
cpqj
cdzr
cthj
ffbz
dmsc
aqcp
alle
appw
cjiy
baoi
bkjw
aotk
bxtf
auha
btuk
fmym
ccnv
bksa
btdo
esxy
cumn
bpiq
etym
dmir
arye
cyhy
eqhn
ffae
dwab
fmmw
atnx
cnwe
dndz
blty
cysv
dejy
abba
fkuk
esql
alza
ceql
ekhp
dkef
ccdf
bxvp
bxrw
ceow
abdc
ctuw
bphk
dqoi
cfid
ehdb
dozk
aykw
dkpo
fkgn
fdgh
aniw
cbzo
dsuh
bhsw
bukm
agai
cjtj
erql
aysb
alxk
clul
dlyd
bvqc
emaw
abji
ezfz
cydr
ffei
efkk
aanh
bvdg
dzpw
booi
cepi
ehzn
adqr
fiig
bqdj
acto
esud
bhri
fewa
flct
aygz
clpf
fpwh
dhhl
fqoa
exuo
dbbl
cown
ckxs
ckzh
bgkz
epzr
cooq
cgtz
dbze
ehuo
fjyz
afwa
cvej
cbwm
dfnv
egum
azts
cmkk
aefe
eond
fqbd
aqrm
ashz
exnd
dhub
duod
etjf
bdia
ajqw
bnpj
bzpb
cubs
coko
agne
dkyg
bkvn
cbwk
crng
cpko
dysa
dnnl
dslf
dkqx
djen
ddgy
bxbb
epqk
eczk
dbrw
esyq
chdj
burr
csrd
dsaz
bfxp
dtzy
anoo
eefe
bttu
devp
dxol
cnkv
czfw
cyjs
evet
cjuj
dmtj
eric
ages
cctb
ddrq
elsb
flxx
cfhz
ehaz
equx
ckpt
fhfz
fozt
aygl
aeev
ebbj
foga
dsrc
eqxz
doha
axsq
buwm
egfn
asio
embh
azrs
cnsy
auhw
abaa
aofd
fqhj
aabl
fglt
euyq
bcgr
aysn
anls
feeo
eshy
czfd
edlh
bhek
bezc
eqhe
bwsm
bhrz
etiv
ehic
dgsk
ejvq
algt
frgw
ejdd
bzxk
dmkm
ayjo
fast
dzfp
adiv
erdd
egxn
cqvp
dplz
bzmg
dtkr
doxp
cwiv
czkc
adsq
bobu
dahd
dljh
emgt
ddgr
ecdx
dozm
acig
fffi
eyyq
cjwt
buzr
fgxe
dpzs
bbco
cgeo
binq
epcj
ayti
etqp
erlu
fhzc
cxhi
azvy
cush
ecxo
alzm
bcvk
cdne
djof
arlp
efeg
evpt
arms
ctgs
bzwy
ahjd
auex
ciuh
cdcb
auqv
aycf
cnhq
dnzd
dygc
eufb
frnr
ashn
aelo
aeki
cgjk
cmoh
dqcc
dyjn
bhxz
bffb
dmbr
ecwk
dlfd
ebil
dbxp
azeb
awhw
eltl
ekap
cvju
bfjc
cbqv
aaza
ejun
bpcp
fiwu
cqlv
epdq
copf
cumh
dyis
cohm
egvi
acqv
bqmc
ebdp
byaa
dccc
fiwa
fpiw
bwer
chzg
dvpz
ahjp
ctyn
cjhx
dcwe
base
fbvt
avjz
bdur
dhuj
apek
cnka
fpih
amdj
eepc
ckal
bhmw
copj
deae
eamj
fjgy
bean
dpyb
ffxb
bjpe
ctct
fhvj
bvrp
avfs
dldo
eqqy
eoix
bivm
fqdi
cgxg
ckcf
bjpq
fiwf
ermw
fdzb
bisa
fqww
clzz
cyqn
ehey
czrw
ckhe
aker
cfea
fedn
enyg
ewjf
fqol
fbdq
fart
brya
dskn
blnz
enuj
bljg
dbdd
eyps
bzvl
cjpv
babs
feok
awxh
focf
cucu
fllk
ebbs
enhh
azun
ckzx
fqqr
cbjx
ddee
avwv
efkp
byth
aacu
excf
djlf
dhkn
dbhl
etnb
byhj
dkic
bpls
blbm
cwyc
apsm
bqzn
akzo
eijk
bvcx
efff
bbhz
fjsz
cokf
achm
eaiz
ewce
cplc
ctfv
drlk
fghe
ampa
eobo
duob
dwpy
ebxc
clxq
abvp
cqrk
eusq
drwf
asdq
dyfu
byvp
bhfg
cpvu
cutt
crcn
dauo
dojf
ctqc
ciac
amsj
awzp
dujl
bwmx
dfal
fcbr
axtc
bxnf
bnwx
dsrr
eskf
ezof
apxm
dpmp
eqbx
fkyd
aspm
esdj
biwf
ayij
dgbs
exkm
adok
dfjd
egoq
cizr
fdak
dmgs
adki
cnzl
ccoe
cvpe
addk
ajsl
ekkm
efzs
ffuk
eglz
elmu
cuch
ewri
fmru
fpgf
deut
bfll
edvh
evou
canh
ehca
bfmt
bnun
apio
bwcn
barh
djey
clpn
dkmb
foei
akib
dxrz
cgsw
ecgg
akfh
amdw
bira
bezm
ckgl
dtsw
fped
ddah
exyz
czbo
fpxz
epto
asra
ensc
dpjf
eaim
arrj
dwqk
dyzu
bbpf
cpmy
aglx
chye
eyfs
edop
fcsh
chjb
bnyy
euyk
ddvx
crcy
dicc
bohu
fnoc
crtl
cwae
cuss
aqaf
bkwn
exir
akmp
clkm
fllu
dsnf
erkh
bdar
falf
eqlt
aotc
byxy
eboz
bwiw
cnze
eleh
bgns
bcvx
aozu
cxaz
fgui
eleo
bqeb
duag
cxxc
fjum
cevj
cxca
cdrq
eiux
dfvi
cuxf
aock
dlvf
cwpr
dsxc
caij
calk
aceq
awct
caub
eeuz
esgj
bgec
dmwa
euek
ecgj
blmx
ckff
eudz
bvyp
clzr
afnq
dzlj
feje
ehyy
dyej
aann
euic
fnif
anix
bpdw
dxpk
fgir
duul
armh
bfyr
bewz
awtk
bjgg
eydy
evds
bxqz
etll
fjeb
foth
armi
cvya
dcia
erlo
bilj
audd
dkrg
euzx
bejr
dgqn
bzzm
dfht
cpdo
dpza
fkhg
dxli
cnvk
ahij
chgb
eqts
csan
agyg
cmam
dutr
aiia
fgzo
ecgv
dgyf
ctfi
dnvp
fnfz
aqwy
btxc
ccrt
bvjc
bueq
cwin
dajy
adxk
elrn
emdg
ecvq
dcwg
bogc
fbhb
ffti
dscj
bahk
ezqj
blnn
ezvd
avgz
cird
cmqx
etcb
ebop
bmbf
bqze
ennk
dsng
eita
azuk
eoxz
farz
byot
btqi
bwze
aoev
bpxg
bkqo
dsgj
bbtx
coos
agcl
fcvj
botg
dfpc
fnkz
acyx
enrb
bzke
dupc
brdk
doxa
fcpo
cqgz
cwiy
dnyo
bupu
dlxm
elnw
bivy
aant
dsyc
bigx
btof
ecmf
asrh
fklx
eobc
bamg
bzjx
chlb
eyyg
bksf
cvgy
dehy
begb
bdnr
anur
anfw
arsg
bqbn
esab
aivj
doto
cwfl
alau
csqp
cyhr
empa
bixp
aqwl
etsm
eacw
dluy
bspw
eiwe
doet
ejoy
budd
ervp
elnc
etne
cnfy
dbkd
ehbm
avxr
cphl
bxvl
ebnw
ddmm
bnmw
cqpj
aidx
cxxx
ayja
cect
feyo
cqdz
dzhd
beli
cjxi
dgng
cmdt
cdud
forf
bdon
evtc
dydp
ehqw
fiht
erzr
abxb
dkfs
anbd
bipa
aefs
cvar
cxsk
blln
dhkt
fhpj
cxqn
arol
dzvj
dfjh
auhz
dwwg
ders
awzf
cdmy
dfyp
atle
epgy
dmph
aicu
cjjk
fnqt
autg
brio
badp
bkvc
chag
egip
eqqr
aotv
cntn
eevm
azml
aamy
cxrs
diuu
akxr
clps
dadc
bitw
ezbu
aavy
beyk
fjhn
acyp
foan
emqx
bmbn
fiyt
eeek
dpys
apzk
afls
ehhd
bqyx
cmyz
fgwu
bwlf
bpsf
fquv
caoh
djte
djer
arxo
cvou
bqsi
ffel
apsc
awxo
cxyf
ckum
dhom
fdls
eezb
fraz
eiwz
bbvg
fdvv
fcyp
apbi
bjgv
dcjz
cdeh
dega
bslm
fgmx
dvch
bugz
dchg
clmq
dqre
cklc
cygf
aafa
cavd
faha
coca
ekaa
ayou
askh
apwm
acub
etwu
fhdg
cbqp
apew
dhjv
ddjm
bxpr
eakd
adib
fole
cpwe
bach
fmwu
dfjy
afjb
axgz
fdce
aolh
dscq
buga
aptd
dfev
fqbn
cfbh
aeew
csyr
fdpf
fguf
arut
dvaw
alrx
ealy
dkzr
evca
bdxc
cnlw
eqla
azvj
afjm
askl
eznj
ehpe
cddv
fint
frkp
cagp
dqzv
egmh
ewty
avww
dbfv
esij
dgdg
diku
ctrf
ahvi
egqi
dptw
avcb
fpho
ekrk
dqoo
csuq
bkwb
fmob
fhdr
bkdp
cmfh
aggg
cxdo
dfmc
ehxd
cwcy
bejv
alnq
derm
avls
egsa
angy
cwul
cpwj
faqo
bpfm
ejvv
aycd
cnzq
crni
eagp
egav
domo
dxkh
ayxa
ezma
alex
bllu
dzml
biyp
amyc
eeyd
ewqb
avfz
exee
bool
aupf
clrg
bngy
bgwk
czbq
ezop
fclb
exep
ekkx
drbk
bcbd
aqdy
fbvu
etyk
abot
agjd
fali
emue
ezms
deab
ciwz
ewoi
eeng
bgyq
ayni
exzx
bxzy
cddf
adsa
ceth
aeuy
ewqi
fhef
bupo
cedm
ctaz
bbmu
dtqh
cunb
ehrq
bovl
bygs
aion
debj
fdyn
cgew
fizl
evxg
dkkg
aocy
fbdp
ablq
ewrf
cjov
beyt
edmv
dmgu
cayj
enbv
cgof
atms
dfmh
atnf
axnf
dzuc
afqw
bvnd
abyq
fjoj
elue
clln
cbey
ebkl
deay
euxz
fdpy
cqvw
espr
adff
bjxl
dbbe
fkba
bucz
bifw
dlnu
aigb
eeed
dupz
ehhk
aldz
adxs
acbk
cpia
argp
eaix
alpf
brfh
dzdf
byna
bofg
dlce
ehtp
dwhp
bglb
dctq
abdt
anrp
ctrr
afiq
bwyx
bkkq
cttd
fnzp
eyrm
cmqy
agqk
famt
ekak
cgjx
aqhe
dymk
bzux
aqle
cjhb
bcnu
brtd
abdg
aolb
fpay
cfli
euqz
bfpj
cjwe
bjwz
dssx
bymp
fmer
afwu
axtm
ecwa
dyuh
ffpp
aiwq
cyqj
cqhh
ewac
ehaf
dulw
asgx
abel
boyl
dqdp
bfug
bbsj
dxgi
czef
dxng
dvwk
ewen
ewuv
anqx
aeyb
dnbf
ccmg
cnbr
ccos
ccrd
alds
eaxv
ahxw
cbop
emjz
aeir
fchh
eecf
domb
dywc
fkmg
dfsx
fkcm
eofs
fdpu
auwd
arxu
dghm
brew
dgyc
aiyd
dwxp
dwdq
covu
bcqy
adfd
etgt
cvnz
dwxi
fggc
dyrv
chxa
azdi
cprb
aces
elyc
eyyd
bnqq
brad
cbsx
ddeu
bqew
dbpo
eoen
cgqo
fodw
cerr
cwmi
amej
dfyl
fghk
dlpq
ejwu
fcll
aaei
cazd
ammr
dtft
blcr
fmnb
exjs
dwnv
dluc
bsls
eteh
ffce
esth
erip
dywy
eser
cctm
fpgu
ffpn
bcus
cxeh
dgea
bbmm
ehwj
bpsq
fdlp
ccjg
fnol
djpp
cdmz
byec
cmxq
amzy
bcmp
dlwd
athc
frap
agxc
dcgz
fpbk
biiw
cobi
ddpu
atqh
bpen
akaq
flnb
asdp
bmcz
ckec
evtp
bduy
cxla
fevo
cnea
djny
drxi
aiuy
euxf
btkd
evaw
cuhz
avbp
cvtp
dkmr
dijy
dlzt
bijn
fcgn
fhfe
aldt
chxb
dydg
afvj
dtbu
dqjw
ekfg
flkq
fisy
eedn
fodz
dkyi
bqyd
ebyg
djef
adbh
corz
ctik
fdid
cadk
acqb
csmr
fmvo
bqhz
dfyt
cwhp
evnt
dvel
chum
brrr
cohs
bzmr
cqxa
acqh
fiqw
bcew
eswn
foyc
duhm
ayhw
anxz
djmx
emtz
abhw
cezv
bklf
chwy
ayhf
dcfj
atsi
bxhn
duxr
empy
adbf
engt
adui
coyq
dblw
dtkv
btrc
egsw
eety
aimk
fmxu
dqsr
fiar
actz
bchz
brch
fhny
aaep
cpng
frvl
blvu
egbf
edrh
abud
fbnt
azhw
alkb
bzyg
aldf
fovc
arcp
cqzl
djvk
cyhw
alto
cvqf
ehaq
dxgk
axtx
dnfu
atxo
dgto
fezk
bfha
etno
awso
ezpm
aurk
bvui
dyqj
bobf
bgzx
clbq
ezga
ceag
bscg
boum
edbn
dqhj
ckqe
cgnh
bktc
cdgh
cvkj
avnq
defh
aogs
brmw
eujs
aylk
bllt
essd
evkk
csev
dntx
cwvj
enca
fpry
dgqt
bdaz
eftc
ffrx
akvt
atjn
dihf
cfpu
fghu
eaxy
frii
efpt
bbrp
dotx
dadj
fqop
alrw
blfg
emmh
daoh
ferg
beas
ctmh
atbn
fnsr
etfl
cplz
dgbb
ctrt
egsz
ding
bzjz
alea
bdoc
ecwg
aocx
bcyb
agvx
cmzh
doyh
cqfb
dxox
fmqb
baks
auhd
elir
akon
drac
crrd
evtq
ccse
ezsv
bggf
aarz
dwso
ekot
chsz
asch
cjtv
abgw
cpnx
bchy
etku
esdh
enug
bwpy
dhhk
bdxx
fibc
cwka
ezil
akza
ebcu
fnbk
fkww
bcjk
drnt
bcvz
fixy
beus
bauu
dyxc
badc
eqpc
epfv
cpgs
bvnz
dlum
frff
dbbf
bago
bakz
bxxm
cntp
dibd
csds
duzr
epom
eceo
bqzj
cfyt
aljd
btmr
fldj
clri
enkw
fkep
ekby
cqgu
biii
dfcv
ffyo
cwth
eiyt
cjfv
attn
dvgh
dhcy
cvmm
fpkz
dbbw
aguq
fmmi
elnk
esme
dovb
ctqi
faew
czll
etsh
cfaj
felp
cjlx
ahyo
ekxu
baoj
ervk
czhb
eead
bygd
dcvb
dvcb
edhm
dtby
ette
fqyj
ermo
ffju
begi
cagj
aqds
ewbt
fcqt
avlg
fhec
cbnp
aoxf
bukv
fcme
cqka
ekrq
bpsp
bihq
bjjz
dzgq
bppq
dztz
ekqi
dmqc
cdtd
bpbq
cwfi
ehet
bham
bcdv
fquw
fksz
bjmh
bvje
cdhc
dczc
ejpg
ffhx
bpcl
aghm
ctxr
eaun
coyz
etsj
cuqw
amfw
ebss
dwjm
bwqi
dzyg
dpmj
cssx
enzm
dwag
bgdm
afdk
csum
cecf
dymm
daiv
aayx
aahg
cjgh
ejzr
ajpw
afxp
envv
bmkj
dnkn
eptu
dgtw
eivx
dhlj
etkr
dktz
bskw
ceip
chqc
ctnt
axum
czvg
cvdg
ckih
fqia
fqwz
chml
bqaq
ewiz
biiz
exme
akws
alzj
cdtk
biqt
ddxd
dxzu
fknr
clmg
blod
exer
dqjj
cwcn
dqfj
aqpb
febs
dncz
fgee
ebez
anux
dgkv
ewvz
dcwd
cghp
bawu
cjai
bgnz
cmlr
fmzf
fidb
esyx
awkc
ehqs
blch
aedl
fjdl
beub
ddrr
fgnr
clrw
bpzd
dymu
cbwg
bjop
ahya
bubx
aaji
bdsr
cwgw
bjgj
falm
ciae
boei
dbvn
bqfw
catt
agzy
dbru
dmto
apem
enks
atix
fbgm
bujh
evcg
cyng
bcdj
bkgk
bcrd
afgu
bkac
cmkb
aztn
dywm
bvjs
ebqi
akjn
eeea
ersh
ddhr
ahrq
fiso
blfe
atud
cfwt
bfqu
fjwp
dzli
dvdq
essh
babu
elmr
bahu
bgbj
enzw
auor
enjb
asyv
ctgj
cxsm
erka
ewpy
epii
dkxf
cbrw
fabv
cyhg
cwfz
cyyd
fjkj
ayvd
dswm
datn
bdjo
dotv
ezbb
ffsb
diys
dksh
ajra
bcaw
awtf
doak
dfvb
ffki
elnu
buhk
fmgm
eoco
cmfl
awpf
afvi
dkph
blce
dqxl
brue
fkud
ermy
bflw
cspk
duer
drdy
elns
cnnm
dunn
eexd
dqph
eqcn
dkbx
ahfc
dyhr
btsa
bcnv
avri
bwvl
asow
axgk
fhzl
ekou
anus
enwb
craf
ctbl
aoxn
bjqk
aaxa
csob
fmuv
fmow
cazq
erov
ezhy
fjdi
blbd
eixg
bqdq
eazb
abix
cotj
aspc
bbxp
cvnn
erlr
ajft
bswu
fkxj
ebcb
ceph
eoim
dtpa
cvyd
dvkr
fhqy
anyx
fmst
ctut
creh
aijm
bxyq
dttv
adru
chav
azno
danz
cltq
boea
fcce
bfwg
bxfk
byvn
drzf
aead
ewld
eyky
ecui
bhtq
disc
dqcz
dcqr
dsux
fahw
amck
cubg
apht
awjz
cyui
escb
eict
bcpu
bgxc
dolt
fkpb
dswl
ccrk
crna
dfvk
ekwz
bpdk
bggv
cofj
ckxq
cqew
eiej
epdx
eybx
dxjh
aujo
auzr
awvc
atyy
dlts
fcux
evhw
bcsr
bxyy
bffv
dzdq
egdt
byux
bxuw
dkaj
exvp
fcee
dqsu
bksq
dlrq
fdcs
bewd
akbu
cuxi
axkn
dlah
bbgp
dwlm
bxsf
bgym
eyxi
faad
dqub
eviz
dqhk
dzoc
bfmy
dsik
cbkh
czbc
dfts
cbkd
dpwz
bcrq
aqvu
dcfp
cudq
efrd
afdo
czga
fosk
fmex
askp
bsxk
cueb
bpsi
dkrm
cnof
dbat
bkya
cchx
ajeo
ccvf
dtzn
dgbd
armk
dtvw
ddhw
efwk
awjg
dwxb
bihf
babz
cfzu
bzgw
bjxv
djmv
edsf
bkbm
adrj
dmot
ayam
elia
bkot
fqno
dcwc
akdn
alrt
bpgb
cnqn
cuhb
aale
dfou
bqox
cteb
cjxn
emdv
curr
ckvs
bwzs
aluw
cxpg
fgpe
demi
fgbt
bydu
bytw
cjae
fatl
awns
flpl
etha
awaj
aysj
eots
ebxn
dedz
atkf
bdfk
cnpu
ejvp
feaz
doqw
esqk
fnee
cppr
cnrs
eedb
bzik
cmni
cldb
eqcr
emxv
ddjo
evhv
fles
bdca
cehk
cjdn
bfki
dobv
cpxe
bcad
cnza
ecqu
cteu
deua
ccmy
fcdj
eatt
cucm
bzbv
czvw
akgn
fitr
anhl
clxo
dtgs
eqea
axtt
aghn
ekni
acku
axex
euqr
babn
bazf
ejrb
exag
cizh
bnqn
egkg
blfr
cowb
cjsd
ctyj
fnsx
btbl
cege
eeao
ctsw
dcyk
btzi
dmmt
fhof
aikl
bkun
aoxu
byem
becu
erut
atlt
dqqg
bjso
dpvh
ebfu
chhf
faal
bagi
cyzw
eare
apki
djfu
awem
fnpx
boeo
czii
fdyx
fhum
atsp
adjq
cluj
aoyt
fcpj
fckz
bpda
aszj
bksy
csrh
dgnd
cshb
akld
aoph
ateu
btwb
detq
fhqp
cfpe
ckfw
cogc
culm
efiy
dnrg
chil
cocu
cseb
fdgv
dtkh
czed
cbjv
bfay
bwtl
ahsx
avlf
dcum
bjhe
dyfl
dvjs
bhmc
buaa
cgwz
akbm
exnt
cbux
dufe
ealw
cnab
bvgr
ddnt
ekts
bxow
cdtf
aknr
chov
ctdq
cuds
dxdy
coka
dwym
doct
flyr
fqje
dxaz
bumx
fjmq
ekwc
eqol
daqk
cmwn
caqx
eayc
exxn
abki
bwfr
cggw
aydb
bgbw
dfrj
cqbd
dqsy
dbmo
baty
cqnj
ensq
bqof
clra
blut
bqrq
bepu
dlec
ctgb
crps
edct
ajth
ekzh
dxhx
anor
akei
dhms
crbs
fobo
cxer
fefx
dexi
doev
cmfq
bwuj
enfl
esao
crdq
adma
fdcg
cbmh
fliy
cdix
fhqj
aahx
brdq
cqod
bomd
efps
fcwo
bwqv
bywp
bdkc
bhqp
crwc
exwc
dibt
ezkr
fhmq
eygn
dxxd
ceay
csit
fiyb
duum
cctg
aceo
eoib
froc
aejs
byyy
bmxs
blft
djii
eoie
fqbr
avxu
djcl
aozm
frac
dfby
crho
fcxp
ddeg
ahcv
bmct
dsbn
fbmj
ctxh
ecnm
abfs
dxjo
bnil
coba
caip
ezrf
ejgt
fgxf
cvjn
dpvy
frdc
cesu
dras
durk
acuh
dgjg
azyr
bttq
dbtl
devr
ejev
dfom
ayxj
fbzd
avaj
brqt
dmsa
crfv
ewyx
ahir
avxe
cffg
fehy
bfcd
cmri
envw
evxf
bioj
dpfd
eqbg
clbd
caju
djae
dpes
dnph
eiak
bkdx
dcbn
ccci
cxcl
bwyz
fjyy
cfky
fnjj
atbk
evbp
fncl
csjr
evox
artk
erlf
avjf
ddie
bxad
arys
cedc
cwuh
erva
frxh
etbt
ejrz
eohx
dnpj
adnb
eqtu
afnw
fktn
ffbj
eanz
fndt
auhk
fqya
civw
cgyk
cjqb
clkh
bmgs
eqtf
cvqy
edzo
blts
ajhw
ddjl
elgd
bmgu
apvh
bdbo
btyi
cwau
dsrj
exrj
fbqm
diaz
ahqp
aycy
aebd
bvmb
cwve
axmc
cjke
fnsw
cvfv
aqlw
clrh
abte
bqme
bzlt
conl
enwn
apup
duug
fkgg
eojp
ajkc
cret
cexl
ctid
ayfl
alrc
erth
cbsd
axsu
amum
adra
dawj
bixv
cjnw
fjre
fctz
fetl
awqd
aqrl
ajyt
etjw
bnci
edqd
etee
eyvk
entk
adyi
bcla
frdq
csfr
dong
ccpk
dbso
cijv
fcwl
bqvc
amdo
cdls
fowr
eaxd
bvmr
apuq
azgc
efgf
bbfs
boau
duqi
abov
exox
dmwn
alzn
cjoq
emdr
erys
corv
eqdo
fgvk
azud
eeif
fevj
dvfz
ejhr
cqbr
farx
fdul
axyx
amfv
eikj
bhgf
bhpv
fixv
bjfq
exrt
allg
fpqx
adjk
eqbp
bbcd
cggx
bcco
fhin
cxmx
bdtl
csrm
dsam
boaz
apkh
adyp
fogv
fbuu
evpr
chla
cquk
fahn
eiwi
aqba
eikl
aqko
ecmw
flzq
eqma
bkoy
brpe
cuql
frbl
baxj
bseo
eidt
crfn
eacd
ezve
bmkh
btzn
bdil
cjbf
faky
bpgs
dzaw
ahtv
bkbk
amij
dnbg
fdzd
erpe
cmux
aqkb
evoq
avnl
cuum
aqnv
dpuv
avji
asor
alzs
cmoc
dimh
anee
azwu
akwk
ebxx
ehay
bvaj
aymn
biyd
ernt
byox
esiw
dcgd
chje
fblm
efze
cypr
eikd
doyr
cjzo
ccnm
ahal
bgxo
cqqd
bwee
dnbp
czqu
bmcw
aypq
duth
cjac
btzo
anjx
ciqj
ctxd
fets
ckgn
dvcc
cxdh
camd
fnye
cqyo
basr
ctgw
bjog
cbrj
eeey
ekct
chiw
fhek
baoh
dckc
ewcn
ezwb
ezkf
dvql
aidm
epmn
cfcf
dsxq
dskp
fmaa
drdu
fmvj
czgh
dcwa
bhkv
cieh
fetc
eqio
crvc
brlb
alvd
ejds
chek
cuzx
cfrt
dfnn
apsg
dtyv
autd
cgvv
fnnq
annh
bzgr
akag
fdpp
fqrm
bzxw
ehyo
cvni
enrj
fauo
akxw
clmf
aldx
dlzr
cdkt
amjn
cnmu
apps
cawk
fipz
bolc
cobk
cmmd
bsgj
frwl
fqvd
etdk
dmlh
fggs
dxhj
diiu
fqhw
ewve
bwhw
afnu
aanw
aoul
cfsp
elcx
bstx
bggl
dnrq
dlha
aywc
ezcr
cxdc
cbom
dxjk
dika
aheg
arlx
drmv
bbdg
dqym
cppo
dejg
ehem
cmrc
eugu
cwpo
ewxo
bvxx
dxor
frhl
bzkr
akhl
dnhv
cbiz
dkrp
dygt
btcp
akmy
fbop
dpzg
fgrd
easc
eixw
cjba
dpfo
drtw
dkbn
arav
alhk
asrm
badv
bhaf
cdrm
dgxh
aguo
fdmv
fith
bhyp
fjxd
ambh
cweu
dndd
fisb
asfu
blqr
aqeo
dwdl
czrl
cimf
cdur
bcqf
ekoc
arvz
cgxv
cqev
auhg
dmsm
fmkl
apnz
eflv
dpws
dgka
dqvt
bblc
asuw
alcb
czqp
fmxk
bucr
fgkw
beiv
cbhy
bipj
cabs
cqbw
eghi
bxyk
akfr
cfav
fltg
cvcb
bedd
ecuy
eczr
dewx
boir
fjvo
ehco
butv
almx
ctvc
exqw
dimu
efme
dnrl
ejid
fgfx
alra
bzlj
fhwa
faac
efpw
erce
eouy
dxqe
bcfz
awfl
cfaw
cnwr
eodf
fewv
dtnr
bgqw
bhhr
bpel
ezsm
afqz
frjd
dxcp
ebrm
etux
djtq
fqtf
effk
dbkb
cyos
ccpe
fcqo
dpkg
efbz
efmh
fikj
cbgr
bfvl
atsl
clfn
fonq
fjoe
dcgv
aibd
djqx
efla
bdyb
ckvt
etlh
airq
chae
embc
eocs
ckkp
frhs
bwxf
byfg
avug
efat
byke
dmnx
cfmp
acbx
eszo
ciez
cysg
dgvj
fkax
dayg
cqvv
ennd
dujp
cvlm
artz
dvmv
amrn
ddic
asir
ekpj
cdvc
aljq
dytl
czfo
daku
fbyp
acho
dnxp
dvdn
aznf
dykt
dxww
dxgw
bejw
dass
dasv
duck
emfs
famo
ddmc
fkmr
aejy
covv
defn
fkyc
acnv
acbf
dwoa
aaso
alzk
bgqp
bapl
ewhf
awka
awas
dugz
cswy
awba
ezzl
akhj
aqyo
ajwg
aeys
ccfh
dxdo
acpn
etup
dshf
bbzq
bsea
egep
csmk
bnkt
bqnx
ehzp
bsva
fczn
fmje
elnd
eyzr
dlhx
esxl
ehci
cdxm
bwyi
egrm
enaq
cnpw
bvza
faap
ekis
egcv
cmfs
azrq
dyai
coec
epsz
cgib
efjf
efbv
efjj
cfrk
anyd
fbms
dfez
czue
czab
dmec
dwxm
fpaf
bzgd
dmpy
apne
byab
emcv
avyt
fksv
bvcl
eosa
cyiz
dqir
clib
flzh
bxyn
bban
caap
bmxm
csmz
bejm
aqqd
bujy
btxp
arzo
etuo
dmat
eath
fhhr
bdje
dotd
abok
dgjw
ecbh
cjqy
emfy
axmj
drlw
bobr
brww
arri
eqsb
cuyj
espt
ehyu
cujv
eyik
anwq
cetm
blqq
awyw
amli
firn
fcue
biia
bgey
edup
cqel
ayuh
evrs
dhyg
aidk
adgq
bsjs
czwo
fixo
ctfy
btju
ceja
eupr
erbj
biuv
bwpf
crvl
dtnx
dyeu
ejfl
adin
bmwr
exdh
bfrh
ehik
capj
cbsb
bcqx
ehfc
bqjk
cxdb
adlj
asrk
ephf
cuju
cbxq
bsfy
dgxf
ebej
bnxv
blny
flpd
aboa
fimv
dqwj
biev
dolz
bfex
amvw
domq
aixw
dree
elfe
avwj
adta
clze
bygl
flyw
drsz
bioa
cnxp
cimw
bdtq
fexq
cyvi
dksm
apai
ekvy
cmcv
cnpy
eylm
dzxs
bfvh
augr
eqxl
egba
ffzy
djya
bbmi
ezff
ebdb
fgfo
fqbt
dzym
dorh
ewnn
bmts
fabh
cxwc
esaw
biry
buht
fonu
crxj
cgqh
bgyc
egjf
chrt
dzms
enmf
czei
cuyl
clkt
ffdi
fhio
cway
exkn
boai
bwrp
dkle
efqg
cfvx
dksq
aesn
ajsc
feip
bilh
fksx
aiot
dknd
chrp
avud
aktw
bcxu
cobr
awsw
bift
anwa
dzfc
cbju
dtzz
bucy
btkx
edes
bxgx
ford
epcd
cubx
amdq
fjsa
eplp
bxde
dwaw
acal
ezlq
dogj
anni
fcpv
evng
ewdg
agjj
bkrz
encf
dgzr
cflf
dbib
dbxa
dyzm
cfwz
dhrf
fnlk
asjj
efgg
cksf
clle
bvab
ekbp
fhur
dqda
bmpp
bvxb
bupf
elzp
bdor
anhp
esgv
dvla
aqsf
fqbs
euqh
fmzo
cbfu
edvy
ccup
chnh
edmj
cicu
bidn
dals
fpym
dfjg
erke
cltn
dlsa
dbfi
bplj
ergm
axuw
dgkd
cgyy
awjq
bsnw
fadm
fqwj
fcxr
fpbi
eubg
ebgp
eolb
dtav
armr
dbbp
cwpy
boku
exhb
deoe
cglk
cmjy
czic
bhlb
anng
bfgj
ddmh
exis
anjc
admd
foor
bvuf
alcx
dziq
bskc
fkzv
boav
dwge
csvr
dqma
enfv
ahkr
axgt
epey
esgf
feod
caen
cmxz
bnuj
avxi
cxwe
aapz
bmbk
erpx
culs
cpew
cred
bxla
dwsc
aelt
cwej
arpj
esbs
ceov
dzsw
bzah
bbyc
dyfk
cfzx
djli
fadz
fepn
fkkp
dlml
asry
bdzb
ccnx
acsi
ejwq
celt
fnog
adpq
dcrp
cvsx
dksf
enhp
akrn
bfqr
fbku
avlr
cqtb
ewdk
fmug
bzig
bkbv
eclt
ernl
bbqh
ddlo
ejdo
bdtz
cytw
dmvj
aczk
bpeh
cdom
eqna
dnvu
agzc
dijz
ekiz
ckjz
fdme
emub
bzff
fqvw
afwe
aduj
ekpp
esgw
ddzb
dzph
asxr
fmwj
cyfp
cgbn
dusr
dwks
dlfe
aukg
czuy
dpsx
affc
fetw
cegf
buex
fchm
bjcb
brcc
ernx
chqq
atwj
axld
atbg
exwv
auap
cnhm
buif
bscq
bihn
emfc
aqpv
crao
ahov
fgnp
awkp
eatv
azvs
aljm
ecow
dhqy
fppv
enws
cfhn
dhjq
avaa
dvge
eesc
bqou
bcir
foao
adhv
emra
cnkh
ddbk
fbnk
cmua
accd
cvgs
eviu
eldo
dkxx
byzh
bvzb
fdrb
ccha
btud
fnez
ajow
dnyl
awlc
bhsc
davy
dgfi
aijs
eqgm
ccij
cqho
beba
brxt
frdw
ezfu
dfwh
dtar
fpun
ahsr
etsv
ciio
eclp
cqyy
croi
ewjy
flrs
cnkq
cnho
dccx
cicb
cfgq
eqhj
atlh
dliz
ewjn
fhdn
dhpu
efnr
awvq
exsv
bhxh
cicy
eqid
egcm
aqpn
dqta
dksw
cebf
btdx
dfwt
akyq
bkob
fqog
edfe
aiff
awwz
bcuj
ahxt
czss
frqb
ckwq
bfor
fgca
cmdj
cxki
erxu
ensw
bjho
bdpi
cehy
bvfo
bpso
cvyf
aqpd
exmo
aztg
cbdq
ahmn
cdio
azkm
dvqj
fkwn
bdjy
ctoz
dyed
etaa
etej
ebvd
czyz
axxt
dalk
axzz
enqo
eiqx
csal
exab
cllq
cuao
cgla
audk
cgpi
bgmw
cgqd
alre
eomg
eymi
adlm
dthb
dpjk
drmd
bgqg
fnly
acyr
cqxf
buza
fjek
brug
fmhm
bhbn
bjfk
cvjs
dtgg
bpks
cwmk
chqn
dkvz
exhw
bvus
esff
bnng
fdap
cnak
dgeb
ehhz
dkud
bhny
dnhx
cbva
bauc
eofg
dnjn
bqyl
cpjw
bobm
etta
fafe
azwz
edua
bvpz
cykb
efxc
biso
dumg
drhj
emri
arhz
dicq
fqfi
czyj
dpex
eped
ctie
bgol
bdex
alwa
berx
awrt
fmnl
abrz
dxbx
cqft
bolw
cest
dmrk
freq
cczz
fhdq
cetf
dmyq
dsjj
cspy
ffvy
duuh
ainx
epme
aonf
esdl
cpyo
dwax
frci
bhjh
dseg
bkzf
cfqa
fqjg
cyvp
aqwn
eyse
ebdh
blbv
adux
adbs
bboz
czsn
araq
atvo
eyjt
fewk
fkrj
abax
fefd
ahsp
dqof
cljr
euqk
bsee
brwy
dbsd
crzb
agys
crwa
bdxt
athm
acol
bvxm
dnee
fffg
bpfr
dvan
fmrj
dvml
ezje
eevq
byll
dhip
dwcn
eejc
ejno
byyv
aucm
djvf
cuwh
ablu
ejhl
bupr
aobv
csge
bgwf
byzs
avjd
duwb
ehvg
bfje
cirz
akgz
bjjn
fbed
ewto
aewi
apjl
fevq
ezwa
aqsg
fevs
ctfl
bzbx
dsig
dtmn
dwll
fqdu
bfuh
ffhl
ebkb
ehfv
dboi
etub
esta
cuit
dcju
eebw
bkad
fbmr
copo
dlhr
fdgj
eryr
aamh
czgp
fjpu
bpmk
auiq
enef
fokx
aqgv
dcgc
cani
asjr
fqhq
etbp
bwlz
cqjq
apbv
euxc
agsh
aytx
dxpj
edfr
fcmt
cttj
aesu
colh
fpwi
chwa
fgjm
dkfq
domf
foaf
byye
bgct
bzal
ebig
fpjd
dlvz
ajzn
bsnj
dgec
cjln
auch
dmtc
bgye
erto
bsvf
akyl
amwn
bmde
drhf
crhg
evpq
foly
coir
bfsv
bzas
ddip
fpmc
csue
aagc
cpqq
dkup
dmdu
ekfb
agop
fjtp
ffzt
evzl
azhc
cyau
czip
dtbg
dxbg
erok
cupy
awjb
ctmf
blxu
cljm
fkio
ccho
foub
evqg
ewzh
cdrb
afsq
dwqf
anpg
esvj
bhht
eugo
dguk
dqlk
bqea
cmlv
decb
avjp
bmyk
adit
ddfj
cyhn
ffts
azzj
bqqy
fowx
diym
erzj
ecdt
bsvk
cqlp
dsai
bbnt
bmco
bbpu
crsl
afsc
fizx
aywb
brvd
eqkf
beov
ehfl
fgsk
dqva
ehzr
ddyr
eyaq
dmxk
avuu
fhir
caau
dmpn
bsrc
bmhe
anwk
aigw
crns
alom
cumk
dvqr
dowm
drqp
ebkz
byir
emzl
cogj
fkqn
fnkv
cuvm
abzi
avjg
aprg
bdoe
bqmm
aajv
anfe
cafq
ckws
baze
akyi
ajit
cesl
czwz
edrp
aljf
fgqb
dxuu
eiga
erqz
bpgo
ckxn
btgj
alsc
ebdw
deyj
epro
bdgx
flci
dacj
amlb
asic
cdhg
feta
ajxd
ddte
evlv
djqy
cdwe
dsbx
ajeg
euks
bkjh
dfwr
bbjn
bqly
bafm
fqli
elhd
exfz
ceyc
ekpr
auzb
agnb
bzry
drua
bgpt
cbkb
ffik
egnj
apfh
ewye
crpe
akvn
fbeb
bnfz
dnnc
cety
bmxy
cnyg
bzbi
dbwv
fcwb
crsn
exyf
coym
aoys
bsxe
dopt
euco
amak
bqkx
bdcb
ettr
bvfd
djlq
ahaz
fiqv
eolo
dvso
fkek
ffmf
ehib
bmul
feat
chif
aegn
ewtu
dsfn
dptc
fmfu
cavs
esol
akmt
aror
fmae
czea
cbzy
ffvm
dvwh
fpug
ffgq
fezv
bwrg
agpi
bbqt
anxk
ddbu
derd
cofl
aplk
bako
azwd
dwhj
frjp
fldb
ctdv
btcz
bifk
ejyj
elfa
bmvz
bspn
bynr
cjlu
aaam
bzwp
flza
bczi
euva
cfaq
epjv
eujd
evgu
fkyo
efwj
cohq
epeh
dyjp
bxxx
dscw
coul
cjer
ailj
bfib
esmu
eelq
dkhe
chai
fqnv
aopz
csfy
fhmz
aceu
frtk
cosz
ecrm
eayo
eklt
ectk
epxb
eyyo
bonk
cpgu
dvfo
eyog
efnw
boet
ezne
ffyy
erdw
drub
frjm
ewma
ewsf
ckdb
debe
csyn
aagf
fggu
dmyx
ezld
cicg
creu
bwxj
avcn
fabf
fmon
bkxs
amty
elxr
etvl
diid
cmdm
fant
byoq
cylj
earz
dvfe
fgdo
fqkp
bpiy
ajfq
bakg
axjl
bmkf
exzn
dzew
bdof
cuiu
cgbj
ahzs
ahss
clji
dswc
bvbx
byov
ejdr
dpva
fgwi
dfcs
ceat
abpf
dawm
auqn
fpep
agbg
clng
agjy
bjav
cype
cydt
aweg
eeow
chtm
eeyn
eeqt
bmdg
adyo
ahpw
dsbw
dmal
duse
azzq
bsfx
fhxc
dfbw
fkir
djrb
ausd
amqr
bhfl
bdkj
bamz
fobx
ajqu
ctmz
dvio
damo
cerj
dtjj
fqpu
aguh
bopv
awit
aczh
dpmn
dfrt
apjy
flva
crso
cjel
ephc
apbk
cykv
eyho
bzwf
dkps
eplx
akds
ffby
cfyr
avmp
crom
ezvs
cyec
bshw
bpzg
adko
dvov
enpg
evpu
dltt
ejug
ejet
anwn
aygc
didk
cntq
dwhc
fhtw
dpmy
emlt
bwkz
atvl
fqru
czqk
eywc
cwoh
bjlc
cegq
emup
bccm
clxh
cuyg
edte
egty
fbgh
flzz
ertk
fovq
aieb
blcv
civs
bgya
bpbc
bfut
aqtz
brzx
cflt
coxp
cjex
brcg
bbfm
firt
aelq
dypz
aogv
ahvk
fluu
fqkd
exqj
bevb
bfyd
bnmk
enms
dned
akya
djby
eeov
clad
cyww
bdxh
ezut
bpez
bnbk
bmql
ajku
ehnr
foxy
bqtp
amzc
brkq
abto
bacq
dlst
ckel
aupt
aaai
fqbj
akwq
dbkl
eipn
avib
bbag
crfr
egfd
almq
ejjd
bzin
aoew
eikw
dtlx
fgio
bqvh
eyre
cmmi
bpuf
dpme
bfrt
aojv
adbo
enfa
cqyq
ecue
dohg
bevu
bxdd
dzqo
bred
abdn
bmod
atet
aqsw
aiuz
dkyl
anlz
ejvk
dwof
eiwu
ddnd
cwzn
cpdz
cxkn
fkam
enhg
dgmw
aevv
cgnw
cpld
clsy
fkxk
bowu
ahdl
eoqp
bopi
asup
dhmq
esvk
cqnp
bxxy
dljv
dvzi
ezit
ehep
fdko
fpvv
agzo
exxx
dkjl
dxae
ckwg
atmj
esvv
ewzk
anvg
cneu
flwn
fmcw
eiwy
aklk
bwen
alfd
capr
dmpz
fqrq
fgnt
ciwp
dafa
btxl
eyrz
dvle
bcpl
azlo
cslj
fquo
aelm
cthm
fefa
bvpa
daqe
cnkl
erfv
dryf
dufp
ctbe
bkpl
diur
fddt
bdcd
ewrj
epjk
ewyf
bxne
eckw
bnpv
cgxr
cjfa
agtd
fnvb
adyu
cxyn
fbhp
cfxa
bqkf
cfoi
emnx
flbb
bvhl
eypl
epmr
eoqr
czxu
ezxy
diwz
fklj
fcqq
dzhq
doby
fccp
eyee
cniw
cjbd
bihk
bjgf
anef
aizt
aaah
bxuy
cfss
dllf
bsdo
crrb
bhya
auhm
cixq
bwfz
cula
bewv
awqn
bgxv
cybw
fkml
adkq
exlr
axnp
bxsr
fprc
dwaz
eykk
fmgn
dwqy
csuo
dyno
ctab
bfoi
beab
ekxw
cxif
bpop
bxyg
btbs
dune
dznl
dzog
eftk
dnct
bepi
fmyn
fjri
cmud
dkwn
cxwb
efdu
abkx
bkxq
etmy
cngb
ffvo
arxv
ctyo
dasj
aonk
axiq
egtw
adue
cthx
aiuu
csnd
cpun
atdh
ekpm
aipb
erzm
foxt
ejwk
eaos
ecry
aads
fatm
dkkh
dkot
eqro
bmbd
bata
bozd
ffrs
diza
eqne
draj
depn
ccmo
btkk
bezl
aiya
ahtd
fapp
erqm
efiq
ajqh
cmmp
ddew
fhav
elgh
cbjj
azar
drzj
evfn
fidz
eact
cvxm
bxhi
fpwd
bkhw
btes
cimb
dwtt
ahuu
bivj
bccr
dfgk
ccqg
ehek
dxer
fgxx
fkqp
fouf
ceei
dkgv
czka
ermr
ckqu
dsou
csfc
cbth
eaby
cssv
aool
euqj
eyvt
cbdp
bzgs
fdfy
awom
etwn
bzml
bkzp
bgvs
dbvk
frjl
akoj
clyg
dcce
cgyl
cyqe
eqzb
btzs
bvgw
bwys
fimx
acbm
drvp
bytb
bkyj
enps
ettk
aexb
delc
cvhi
etxy
eyfv
cskt
czzt
abuw
falb
agrz
dimc
chxi
aooa
fqez
dkcl
azjo
bxit
bgzm
cccx
bunr
bkwf
ejdx
dvrd
bwqj
aotl
enhs
ciar
brfr
ezxt
cwvn
fatd
bntk
cvro
celo
aszr
cqid
aaef
efwm
dsix
cgdp
dxot
arqf
bvnt
acus
djnm
cziw
dxbq
crqt
bcmc
fqzw
byat
bcqa
duqh
etrh
eurr
befd
exrq
brwx
bhjv
eszq
alzi
dvey
dkzd
cjlc
buiq
afpi
clzw
awbw
foda
bhrh
cdnm
ecyw
adlk
dktn
bzqx
czco
bxhq
bqkk
exjo
fjov
fmaj
bald
fntd
bfgm
dqsw
fdge
elwr
btvi
fiaj
avao
epar
cpla
coig
cstc
cnsv
adsr
ahhh
ewjx
cwda
awna
czlb
dnde
acun
cedv
bida
cmht
bsdw
dwxc
dtke
aymx
cwis
fptd
coxe
bozt
cmvp
byul
dkof
byvm
dhia
dluf
damk
azvt
feus
eokl
avkn
bjrx
cors
bryk
bjkl
byma
eyha
ebti
efyt
drxt
enus
cnrj
erps
eyub
drke
awkm
dgdi
cgeh
bbcl
fczl
ewao
cvrl
ekgs
brbc
bxqo
dphq
asxg
feqw
bybt
asvn
cscp
ekyd
fdzy
fmgl
bntq
brsj
ckzs
cjgq
btal
fclw
acqx
aaqz
brxf
bzpp
dxfx
dfpb
cqcl
arwa
emns
bugn
cxcx
cphn
eauk
dtiy
cfxj
cecr
dhty
ddne
aexl
djdo
cyxv
dpum
bkjz
cjtm
buil
acoq
akuy
amra
fjip
dyop
bohp
dyvh
desm
bzsg
drdp
dikr
adcd
fkkt
cpcz
dxif
aczv
azol
ctxf
bezh
ffhi
cqbl
ejub
dggn
asgf
ccqm
bgqf
dkzf
csgw
evyv
fqlk
fpwt
bnkd
eeyh
clfg
efve
aoww
cxsx
aoha
dsoh
coyx
fajb
daoa
dmze
aywi
eqft
ddyc
fnaj
bcrn
fnkm
dlrn
eykd
awny
ecis
eoil
edgb
dpcq
csma
ejsz
bsut
cazp
ecwh
dtbp
ejjm
fhat
bjbi
bret
eano
dwyk
dutz
emae
bsjl
ayuz
dzos
cfhi
cuct
fowa
fgxy
aawn
dxcd
bvfb
fljz
emsx
fhdo
azum
cksy
fdor
chmu
egvh
fqye
afgq
eggg
drdr
evol
euya
bbtj
ccnl
avhc
bneh
ayiv
aari
bzqd
bddl
ejrt
ezwe
eylc
cjbh
arbi
cxpb
falc
afke
bnty
bvvi
ahzy
dtcy
dzyl
eezx
ddwv
eigj
epuy
ciic
efmg
fqiv
ernu
cpra
dstf
avyw
boqc
fpvd
dvsy
eyat
djll
bvnp
aadg
aycw
cgxf
cypl
elrl
chhd
epcw
dxds
dokp
etwd
bvzr
bixg
cdwb
ahvf
avou
diwd
dlmn
egsd
ehzq
aenw
dlrw
fjxg
akyp
ddwo
bnot
ejzw
bics
agkn
dtwk
cstt
bzfv
eiox
cxfk
cyvw
dqoy
eiul
cggd
aesg
erhn
ehla
ajuq
ddog
evhg
aqfz
etxi
dtsv
epaj
daah
ffip
ainb
acwv
brjp
cagc
aqjq
fhrw
chhv
egxh
ergk
bdcs
ahoy
atyb
ezrh
fllb
brif
attb
dmxv
erln
cfgr
dwqm
ebrx
euvb
bbwi
aveq
edxs
edbv
dbev
fbqu
cbec
ffcr
bgwh
fkhf
digu
acjz
acra
edzm
cvhv
coxf
dpde
agug
adto
egfw
bnkb
awph
fluw
anbk
bbxy
dlrs
bunc
dpzi
bnaq
bnag
atmx
dlgt
afwq
bwsx
fpyi
dhwr
btsq
dnrn
bekt
amye
efca
fmew
aapm
absi
abqz
ammg
cump
dpwm
bcyj
byjb
espc
ffdu
bguj
dnty
acod
aaoh
atbm
bcen
eiiq
anwy
eero
alcy
book
dvwi
arth
eetz
exww
btwe
dges
dezn
einu
cwdx
ejgz
ddug
cmby
dado
cqxs
dgzc
dbro
duqt
bfhk
eahg
eixx
csxg
csno
aybc
elnx
epik
bsyu
amae
fedx
canf
egrt
ehrv
dgur
chhm
ekvt
etfj
djqd
dfxx
bztq
dmwy
axps
czil
avvp
ermn
elsc
bmig
blcz
edmx
dtvs
fdvm
csls
avmz
bzrc
bnrc
aybu
cucj
cclx
dsxw
fnlx
dflu
fhod
euao
dpoj
fhda
aoea
cttw
dvqb
erzc
faoc
aufy
axos
bhls
esse
enas
ekss
cuze
epyj
brht
dsqc
djjl
bvsi
dcje
bnkr
ceha
amjq
crfe
amhf
ehas
cjap
egbb
dvnn
dgkr
exqd
acuu
bpox
aclg
apzz
ecrp
fmff
dnwt
dofg
ddqk
fmfr
dmxy
efua
fmvh
fhpf
eafk
aaxy
bwfa
aqfl
bfhs
dltj
fkzz
bhay
eagu
bwkp
djie
asgp
fmsx
bctk
cgcz
fbfe
akrz
eyra
egly
asdm
anjb
bjfe
dwqv
bcmb
frqz
bvvg
flxh
fprx
dawx
dyar
cbpp
cowo
cxgv
dnsn
bcwy
budv
eueh
etms
cqrh
aocj
atdn
fpoj
eukm
bwth
btqc
afgw
drlf
emsw
bcpe
bant
anzk
cjrb
acgr
eipu
crlt
auub
eese
boks
ajlu
bkes
bort
bwpi
bsig
difc
aegq
cjbj
cbjz
flur
djxz
eezh
dheq
bxve
ezth
cwvg
dkck
ctej
fdee
baav
ajmx
agrs
ffrw
dklj
eufq
aswq
fbfr
bqgi
efbb
acmo
exrc
dbsk
aucw
ffrh
cqls
cnnr
dbec
achg
ekwq
cfmd
ehct
duze
fnew
dtmz
cvvy
esux
eyrc
ccbk
aviv
ccem
cjox
fqex
azed
crmb
bsgq
acfa
bxzx
ddax
fmnc
efsn
azhv
caus
ewox
brxl
djjs
duvr
bqrh
beec
cjgr
cohu
dzsp
fbhl
cmbm
bsfu
fquz
cike
bxhz
dztr
bdqm
esla
amrz
eulb
dndl
dyes
dsrq
bmhy
fppu
dvke
cdwf
ahjk
cson
ecmm
fgbl
dyto
csbx
chcw
eklw
azxl
dlpt
blbf
ezlf
cxdn
dowy
bqfv
esxp
cjbt
epca
envr
bluo
ecnc
aeyo
elbo
djam
ajvt
atrt
eudi
etpk
dzpr
bvfq
efyr
fnjo
exes
fqvp
alrp
awuk
buoc
aiho
aywt
eobh
ceze
adxi
eqvm
cswm
axhn
cebp
clmy
fnpl
abyf
cbrq
acbh
efsb
eneh
acsh
ejrd
fhgz
dcnl
bkmg
biqq
djgk
dsmv
frqq
awwg
bhke
bkcm
flee
cnke
cjdm
dqzq
djhz
esox
aggm
asfs
fnmt
epsq
bjyb
ebzv
dyrz
ctuz
ezlr
ffrl
cuxy
dogd
dgkt
cyej
fjul
ccyz
bsda
awgc
brpd
bgdf
cfdm
fnuz
cizs
bwuu
azej
bheu
awoq
cona
borb
aqvd
dxes
bzzo
frwt
cdte
fmvt
dvhr
bwbs
cjvr
acej
fakc
epxl
eoin
fpxo
chee
dubq
fqxc
dnur
dfrg
bebj
drnl
atdt
aone
bgzg
cjaq
eugj
cqjr
apww
edfs
frud
cvic
cuwg
bhns
cyar
dshj
bcft
ckad
bpvx
brkx
aayt
arkc
ajub
dogg
duwy
ffjc
bjvc
cfpf
exrf
bckn
fqni
etvb
fids
dakl
fadt
boow
afra
evjd
fhih
aevs
cbtb
dplf
aacf
blhv
ffwt
alky
fomt
etox
dnim
crcs
akjq
eaqg
aidc
agvl
dveg
eszu
ccsj
drqc
cuck
buce
cwhz
cdbe
fjfv
adew
eyul
bnhc
dcym
bdsc
brbd
axnk
eotd
enov
esio
ewpi
blaw
dxbv
dxnp
cyot
cevb
ejny
ckqv
aery
bprh
dbgm
azah
ezfv
dotu
ehcs
czxx
bcde
ammm
cxva
brbs
dury
eyqx
cbci
dygh
dtqb
cpfb
beor
czqt
bdee
cvcx
cwtu
fdjj
alhx
dnfa
fcuw
drdn
fhri
fnah
aquf
cutw
fpqk
aiwe
blku
ecdv
auwc
aigs
fivf
dvyl
fbpc
bjen
dscy
ahkm
bmyb
bfee
biyb
aslc
drop
dtdl
eczi
cmry
fiae
arqp
dznx
boeh
dsdm
ccas
cdab
dnlm
fdvr
difm
crmy
aqtb
acnp
dpxb
efmp
cder
alhy
fhzn
ceby
cnqp
dryj
fbxr
byvx
fanj
edkl
bkkb
dnue
ekrx
esvl
bwwq
bckl
dhoy
cmva
avrm
aksx
awsk
aqgu
cziz
cfur
eoiq
dlwp
dcxf
buyo
eyzv
dbxc
dfdn
amnh
axut
buwq
dtvj
fdyt
fqdx
aiax
cvrc
bpja
fotg
dzig
cgjq
ddji
fbxh
cslz
auum
dvkh
cdes
fjmn
ffzi
ajto
arzf
blzk
dcao
dwod
dzio
egzd
fpud
bekq
davi
bsgn
dvue
akyh
cjah
ddck
bqex
aeqv
eher
cbzx
eivj
dejc
blix
cnlx
blio
cabq
awxu
ddju
euip
dfzc
abyi
fpev
caie
cajv
cnpj
apdg
dast
fibd
casq
bqoe
atrd
folz
czkq
dgsb
crpu
dyvu
avns
cocc
chwk
cksl
dxxu
aohw
augc
esjm
bmdt
awiu
anwm
bgsb
ckln
erwm
dbih
bxwa
csfx
fmio
cxxt
cyuf
enob
bxjg
cgee
eqsj
eyuu
aqef
cdzx
aswo
bpnw
bmib
btie
ambz
eaju
ezag
aiym
euzq
bbgu
bnma
bjte
ayoy
cmju
daii
eolp
cxzx
ciip
emsg
bkhf
erqs
ashs
celj
cwxe
cfts
ewkl
ffkx
engw
brib
cbql
fkxt
fjnv
anud
azxv
bvyr
acbr
eofz
bzzj
bgpw
dxad
cfcq
bkxg
agqa
bfzu
ebgs
fqik
dsde
dngz
atgu
beyo
auqc
cpbn
famq
eurn
fcks
diyh
bvny
dasz
dghl
cstv
dwia
djiu
fjfx
btht
erzo
asxu
fmdv
eicp
avvz
donb
fprh
fovz
cpzc
amwh
emig
bjsy
cili
fgrm
ahlp
fdww
feth
dhbb
fbqg
bkys
dfkj
euob
eluo
fgbb
ejuy
ebfe
bqsc
dxwi
ewhy
cjpn
bgqy
ahzj
enwx
beht
bduh
btqs
fatg
bjwd
fjlh
epez
bumn
cuzu
cpjr
eqih
dvvu
fagi
chfl
azqb
bitk
eqfu
cmxy
dalm
chbu
cwtb
cjpk
aecy
fafj
adqx
bsyt
famy
ezus
eprm
eufv
dkcx
bdwb
agpb
dnkq
fnwq
ewgy
aeeq
cdhd
bzcx
btwt
dhau
ekvv
byyu
ebok
eatm
dhov
bkax
engk
bpww
chvp
eazo
ccxb
bqzi
aubn
btre
eerv
euos
dkwr
clil
batf
bade
eiop
chwx
elno
byxa
cixt
fott
cjnz
cdxy
atkr
cehx
bsos
bnda
dfcd
ekjz
fnld
dqkc
csgl
dfnd
cfuz
dwhq
ehnh
ausx
disz
cpyr
ffcm
dkpm
blnt
ebrv
dvcv
fmqx
bcmn
dfay
fdff
eizx
czpi
bvtu
djxp
dvap
bayk
eqge
dosj
avxg
erss
bzax
bzhh
foto
dvim
acjh
czcr
flmx
apzr
ejrq
deaq
ceio
bxkb
cyfm
fhfa
barm
anqp
byix
dbgg
cnrg
abli
eycb
bibk
fdth
bkpa
fjhz
amgk
bxnb
aebm
aihz
ejou
fhsp
clgl
fpcw
emsh
efti
avcg
aubc
ahky
esga
dylu
bgld
bzlf
acsz
ccjp
afrr
crqs
czvl
ejsc
aqbu
anzm
eiqo
dqep
apdl
bbtw
bfbb
fnfx
bipe
adtg
fclh
ctwj
fnks
bezx
eavz
fftf
dgsx
fksr
cxmh
epkd
cejj
begk
clhc
fpec
bhhw
cokt
afbt
dzer
dlpo
dlmd
defu
agtx
bwsa
dndi
bphs
bkif
ffax
dyxk
bahh
bqws
ahrv
cjfr
dvia
djav
fohb
ayfb
ejry
fbof
emno
bndy
brsn
evch
dzht
eqmf
czna
cidx
fhew
bofw
fnlp
dwws
bcwp
cqzd
ciih
bxto
dvat
dwdf
bvoz
cfzn
ceoc
efzc
aflp
ehzl
bjeh
edmn
fryb
fnjp
esqj
aefd
aewe
cwhl
dxbw
dabp
dlmm
ckkj
dkcw
etah
auft
cggi
abfv
caye
epmg
etie
boqu
duvn
bkoa
cdzk
eyjf
ajky
clax
ccew
cmmt
bvja
aupy
eiet
bgwq
eddm
drjc
cvbi
dgem
dprq
dtbr
apqx
dykb
dkdg
cxic
dmde
bqhn
elwb
eiin
ctba
cgoc
anqi
bgxk
agzd
eqru
epdr
cxev
edfl
equc
bycp
arfw
fdkk
eksz
crmo
ehle
cjhu
cmbt
ebmr
ajzy
drbn
etwx
eype
augn
eooh
erpf
fjxt
aotj
bkqp
foik
ejbr
denu
coww
dgip
fiop
bxwh
fkcc
eduk
doyk
chdo
buwt
bppw
aqts
ffzk
dirv
bdxa
fegb
bdwe
aszx
dmng
dmfa
chsq
bkuj
cnnx
enke
dkcr
dedl
bfox
fakm
ffrb
dvir
ehpt
edrd
azyw
aumi
edaf
frfw
aooq
etmq
dmvh
fkis
bwgs
edmh
cnhz
dkjm
elrx
cjko
azba
cidc
esna
egfp
bsub
akcb
akde
akql
duxp
fkxx
auyz
evcv
bopu
dram
bylg
ebuu
ernq
bmlu
farb
dbzh
ddth
duep
dqyl
faab
elui
ejqq
eyfy
eglh
aemu
etoy
bqpv
ajxb
bxfm
ajrk
efyu
fbme
flcj
fheq
agdj
esgg
ecqf
dovt
bieu
bkyt
ehus
bqzl
cdug
agya
bhft
diac
cczm
ekuo
cltz
bngd
cueo
dhua
aglf
aeyj
fmyz
fafu
cybs
apkb
afxh
fdqv
cabv
elna
ethc
dsoa
codo
cdrp
aurq
cccq
blmz
culw
bbta
djws
cmje
ekrg
cjht
ecuh
cplp
dgfa
cvkg
faoa
feox
cfdk
ehez
fnnu
balx
dzcn
debs
cdsw
drqa
cjgy
dxhy
fnwe
bkut
fpuy
flmz
cpvj
csnl
eolg
bhsz
eads
cdof
fqwq
avwm
bzlp
fmpc
fbhj
eepo
dvws
carc
eozn
aehv
cdtp
bczs
cmqm
cldx
awpo
dmiy
alrj
cupo
axzf
febl
byfn
aocl
chpm
fcrm
cblr
evyz
dhns
fkjx
bcbs
fiih
eaez
bter
adfj
drss
acvt
emih
bdfo
ekhm
bzun
dwlp
cbex
aymz
dfqz
akxc
eayf
bsyf
bhfx
dwzg
faim
dndv
cxaq
cbhg
eeih
eqvg
cjlp
brvk
ehzg
dujj
amex
dttz
bljo
dfhg
bhsn
bhsu
bsym
bcic
bfry
bbnl
azzt
dsoy
dwmk
carq
aoow
fqxw
bkgh
dsjy
byoe
byra
bymq
frxf
dton
cpfd
efrh
fpzq
aumb
cqtn
ecbw
fezb
agek
dchf
dwfz
bkhr
eyth
eqdh
efmv
cfms
dikp
bcog
bzza
egpl
awyu
bbuw
fkkf
fqbl
buuf
bvax
fhtt
cwwr
cpto
euxl
aawv
ajgp
bbwa
dyzt
dqnm
fpva
dgiw
evvb
ezvj
eerh
ffsm
brvs
dnli
akmc
bdyi
dkjg
elbv
dqyn
cbmk
eocv
dhxd
addj
amgf
beet
bpnt
eoik
bcjb
aqus
aalc
arrf
eqho
bgca
cxpk
arja
atza
clqv
ajmi
dteh
fflx
drvr
divt
clbr
fcyr
bbjz
cdyq
cpmu
adnd
arhu
dsxl
bsvx
filp
eftf
axie
afxa
eivn
ffnr
djqq
buyv
fnqi
cttr
fcdb
apfw
ednh
bjgw
ajgf
akqd
daxa
cnty
agep
elbs
dgjt
ebic
bkfs
exyy
aero
dlva
bchr
amou
andt
cups
ecth
aiwb
ehfq
cgfd
blls
dnua
ersc
dcis
fjwe
cnuc
aggc
fcgk
crav
aunh
fjby
bxmy
aqhk
cymg
blhk
agmk
btxg
bmaw
azto
diaq
bfbc
dqqs
cqqg
dhyf
cfij
anmu
aemn
asbh
fkbs
esfg
dddy
chhz
cbvy
ejcg
cgfp
bncn
dccy
dvqk
dfhu
aosi
ermt
dtrr
ejsv
fats
bqls
eyxs
clht
dfre
erhu
ehoq
buwd
bali
frtx
atut
bwlr
bfec
apbp
dlbl
bpof
bmsl
edyy
aqtq
algs
awxp
demq
avtc
elwl
aiwp
blqa
ajch
baap
bill
arjt
ezgh
bxxq
ffdd
brmc
aseq
cnsp
fbzb
dwwp
dcbm
dgjm
cvqu
cdpf
bijz
cmtz
bpmu
aluz
fgkk
exil
fdmm
afzc
erdi
azws
bvic
bidw
drpu
bbff
bluh
eozl
epha
eyqr
bjpd
dxrn
ahqd
fkvq
awoj
crfw
dftn
efkr
eymf
ctzl
bpvb
dvde
eybv
cffs
dtqa
cnic
bpqn
bace
fqbp
epfh
cjms
fcia
azjc
ejyz
awyo
elkd
ectn
eofx
afjr
fibk
cczd
dkah
ciuw
abld
dvpp
bhvs
dpyu
djbp
ezky
emhg
eakj
bkpi
exha
ebzx
dmhl
dhnb
avuj
dhos
dwul
duwf
czks
amce
begm
eddl
bzxf
asnw
crja
frtt
aizy
eyne
aftv
fivk
bppg
chzz
azbo
defd
clwa
eske
byhy
ewia
ajir
acax
arbj
aypu
fiwg
bfxm
bghy
bdib
esgd
drwg
aqij
bbdb
czjm
crxl
clds
fdwm
cddx
arhv
cqiv
cplx
dsfm
bejo
bfbk
avrg
emlm
elkz
ffuv
fazs
ctna
dwsh
frov
buke
elbm
flvm
ehrh
diwt
behp
cccp
efnb
fene
eepd
ajia
efqd
dxfz
bsjb
bmuk
aayn
aeyp
apfr
cssj
awdk
ewxh
ecof
einw
ezcj
ckbx
dsub
awby
axjh
cwbq
bysu
dctw
abtv
cjed
ewjj
dfqj
crjv
aiae
efyz
frkx
dzqe
ahjb
coam
drkr
bhhl
degs
fpma
dgut
catj
fcnp
eaqv
bbyh
bwmk
bzyo
dkfw
amyy
ameu
bhpu
cslg
eeqr
fayj
ccyk
bmzo
dyvz
ajox
edri
cuyp
asvg
defw
dzrq
bdbc
fnmb
brks
btpp
ducp
cnmw
ciqr
dcpv
bkkr
cvpl
dlgc
fnqa
bvdd
ahau
emxd
fqck
dswi
edpp
dmfq
aijl
asvt
exoc
dbmj
ejse
czpb
dfwi
duja
akpd
aksf
clbx
canw
ehyf
ashg
cjdo
anqq
fnzh
ajmq
dqog
djfv
fnpm
azaw
eaon
bnnz
bqik
bfnh
fkno
enxd
digy
ancv
ekja
bwfj
bevo
bype
dyoa
bzde
eiek
cwqj
abkc
dita
adqt
bzbu
enxz
akdf
enoy
bzwt
erqe
bpaz
bsuq
abho
cxku
cdja
eowx
dnas
anmv
fizn
bftm
aifo
euwc
bdih
clii
bknh
dkiu
eidh
dpdb
cqgo
eena
ancb
bgiv
fjjk
cstu
asno
egeh
ducl
dvhu
cdmi
dpxt
crkz
aivw
abwp
bntm
dgrk
fosc
cmel
ahfy
dpri
ccrn
crkc
esum
cdmj
ecjc
ajji
czus
cgrp
cysp
bxre
cqey
chgh
adwk
anka
ajlm
aitg
ebth
bzsn
aiow
eixf
eosg
ekea
dsct
eqdn
adtk
cnjd
cmlp
ephj
acap
csqc
ckbw
agsj
daur
dmge
aqic
eupx
aehe
bkfi
duke
cfoh
eqhz
enoz
enqt
adhs
dlka
crjn
bzqg
bcnm
bhqg
dyks
cvwz
berg
eqrg
cnhl
dter
ctvb
dalp
cjnl
ajkl
cljy
ekrj
cdaq
axcj
fjsy
dtjz
cebc
bbgd
dfsj
cwlz
adap
feci
bnsx
ayts
czvv
dtek
dkqy
bcso
cfer
fblq
bqrs
axdk
fhbw
dgdb
fkpr
bwyy
cyft
ebxl
dwbk
bqdi
bvkw
faoj
cidn
byuy
fkvd
fnpo
achs
fqjf
cuop
eqrd
crol
bzgn
bssu
dgsf
ehoy
ctae
bhzh
cwri
aqsx
fcmb
bcik
aizo
bwqs
bvrj
amgj
bhic
czrk
ciia
bvbs
awqf
eunu
bxod
edje
acgh
dddv
dqkh
diml
bvkb
bzct
etpg
dkos
dcio
bgll
cfmi
aztv
bita
etoa
fqty
feag
fgei
dauu
agzz
fcfl
dmoy
egmd
ceyo
fasj
dnkm
cfmx
aeop
fltr
arsn
doij
ahgt
dxyh
adkk
dktq
blep
bfjp
drkp
eptb
dagc
deyx
bsrm
dlgb
fjwn
bqfl
bnut
ecri
clea
fnwk
cjpe
bnhm
apnj
cjka
fqml
cvdf
dzgs
bffq
bgks
bncg
dsdr
bbdp
bukp
afzk
eljg
dvzo
bize
antv
cfzj
fraf
aorn
ebtt
egbt
bfgt
frry
dldi
cpsj
dfst
fpmj
fpbp
cuyf
dfuv
eohr
crme
ecjd
evus
cyfs
cmtl
erfk
fqmb
alip
ezmg
cbpu
bjao
esrh
aner
bnwk
eqod
fkfh
bshf
badq
cwqf
bqlt
apmf
foip
bdec
dsmr
ekjd
anlg
bzsk
awpd
eftj
afsv
euwl
csfl
edtq
bltr
egry
bqxj
akus
daol
ccfk
ecdk
cpyp
eouh
anxs
dyhz
dpqz
bjtw
drav
dekf
diiv
cfft
alxy
atuj
fouo
eeyk
eddp
azny
ecpg
cxro
cjhd
akzd
cvws
fkub
adcu
fibv
bprn
abhd
cuho
bgyr
fenx
fcrw
fgwl
edns
ceaf
feyv
dvwv
fmpj
dmzu
datb
bqfs
burk
bpdl
aryi
almf
auid
cepz
fqfb
bioy
dlnf
bmlp
ffsi
afqf
bkij
cufc
foag
acmy
amzx
burd
cabx
bucb
bbkj
bcfx
bwot
caqk
dbpb
aula
bbaf
eubl
auuh
fgtd
azbv
abxc
axre
aqma
bver
deuu
fouw
bkaz
beiz
cqyz
boqq
biwh
atrv
fjud
fdon
dozg
bunl
bbod
cine
cxyx
aalp
akmv
axhx
ecum
cbfa
bqhk
fezz
eplg
cgnl
aolz
cfnj
cifd
cufw
dxsj
btyd
bkew
ddom
cypd
azvn
ezdr
dbve
ajvc
dcsm
emiu
bjsn
cfba
dnxh
ewkj
apzc
etxw
flrc
bhla
fqoh
eaac
djpm
djmt
dlnq
azgm
amlt
ecjr
buvm
eujz
cbas
eurb
dxlq
bvrh
ayfk
fqyt
diou
elhe
ahyx
ejcn
fggb
brju
ehzu
dsbz
ffje
cqum
doqb
emvo
eblc
dtyx
cjts
bcmq
ects
ddvt
aruc
egac
anqu
cveh
bonh
eywk
dcvy
djrq
duzw
bnbv
bxjy
aewv
eqwl
bpkn
eosj
ezvp
cvut
aftj
bnkn
epwk
bjys
dkyj
endq
dwql
duzj
fmxj
aeeo
dmkq
awxm
cigc
dioj
dlqz
ejda
fmif
aawu
ffpk
bkrt
aoqi
cbst
dqmx
dinz
dmok
fnci
aoqh
bkts
aldi
eyma
frfr
bfsf
ciwf
dzdm
fgny
dvsp
dogh
cesz
dxsr
csdf
dndw
foyy
esfa
avwd
ctsc
attr
fhom
cvoa
apsw
crur
eiqf
cbrc
ctkj
cuxh
egpz
czlp
brdu
ekla
dirw
cwwc
cqbj
bokr
fgwq
bzgv
bdba
axeh
azmg
ckfb
bxjp
caaa
ajfo
cyji
armf
eqpw
ehyg
bjus
codt
eiiu
bghc
bzer
cnrk
ebgk
ekqq
cduc
cwrq
ezxb
acpk
dbtz
dalr
dijv
blgr
azqx
bepk
agff
etga
dleq
cxom
ctje
elhj
blrb
efcx
fhti
fejw
auas
faty
dlkl
bbtn
aqfq
dehp
euki
ehak
aago
dscd
bnet
apls
bsoi
ajht
cqpt
clzj
ceoq
dlvs
apwu
atto
euvp
ewxx
efen
drqe
ecqa
anzi
bvwe
dokm
aecx
czfq
dbbs
byhm
cygx
emmc
baeg
dlqt
ehxy
btdv
fjcl
dhql
bzhq
dkey
afkw
dwnb
dvpm
dppj
fliu
esdg
ehul
clui
eqke
eqir
ddpw
clgy
cosp
dtpc
bcdd
dpcl
aulo
agnc
eock
dzfw
edno
bxsb
aatq
eoql
axuq
ebnc
atpq
aiqu
dsfh
adhg
ebsy
bjrm
awql
flkr
fmat
afqm
aizv
fnfk
cgev
cmru
aleg
foec
dkwo
dwlb
cfjx
ecpk
axiu
emkn
flvo
emmb
fplp
dhdd
aqjo
dmpw
erdz
eisq
bikf
dwiq
flqe
djjj
axwq
esjw
bkon
evnj
dglp
acbv
fewe
cbcj
aonu
ejus
apcj
agud
etua
arwu
ezkk
advm
afue
cecp
cpsl
ahcm
djcq
bpqr
alqv
bjzu
enuf
drwk
ejqm
bslt
fbbc
clbz
dzuq
bewo
cjkd
fojp
fmms
clfq
fkrk
amuu
azlx
ekdf
anqh
fanq
aafw
efch
ffht
bxvf
fdkf
btup
ddzl
dzam
bxga
ebgq
bzrx
diom
fgag
ecjy
exvt
dvlx
fiqx
ahfh
embw
eskd
clsm
budh
fcqe
dhxw
drat
codl
eajj
banh
cvcg
alkt
fjpl
ckgf
ahra
aqdg
aopx
bbka
czpv
fhbu
avms
cvbu
fmdm
chtq
eddn
eccc
amya
edyg
boke
fpen
frxk
exed
ddmf
ebib
eman
fgbq
axht
bsgt
cstp
ahwi
cyqv
cinb
etzc
fedb
dxao
eeps
cjlg
cblv
fnrj
ddab
ejdg
ctlc
djri
bzqp
dise
eiou
adql
aefa
flwb
astf
dzpq
aovl
bvrm
cjew
bqmk
bzvk
cgyc
djhh
emmt
ccjq
bgee
ajff
enoi
bevj
cuap
eqkq
eiaw
dkjd
cfji
cipi
fpbw
dczu
aoqk
fjpz
dfnx
fqso
eqte
bsrz
bxrk
esyi
coze
bnld
afgk
bbfl
dfuf
ehcc
acoa
fhla
awme
ewrb
dppc
cxua
dmui
dldc
cdsn
emjg
cycy
dxfm
bgxf
byik
awio
fgbk
abmt
clck
azap
etyt
bvoe
fakg
dnlj
armz
drzp
dkrw
dcnn
dusi
bjge
ezic
dlrk
clfd
axlo
dtau
emzs
avng
bwnf
bjkt
crzs
bmqn
aqpy
asdb
biju
euzu
cgny
agyo
buuv
cwbj
ailq
dfri
ecvl
fmaf
byao
dnhy
fnjx
elcf
deqf
flug
agbr
efhn
aeve
cxbi
dmlw
cxpe
baip
exjv
aazj
bzoh
bguq
bzvf
ekdn
ezbg
csyz
cxuv
crta
awll
axjp
cnwp
ehni
cera
eihe
asgv
dmaw
clna
dbsv
bxlf
djkr
azon
dnvv
dnki
eohw
dfxc
drjd
cbvq
fdoh
drjv
cbnj
biao
bxgv
bwye
bkmt
dlwo
akra
engu
cywj
afeq
ccbr
cquv
exou
frcb
eyry
aeso
ahml
bxny
ebhu
agiw
ffuc
cmna
cpzu
dymq
cnpz
ebrh
axah
ddye
agkd
ablg
dhko
depw
ajie
bnic
eoha
famg
fpwv
asej
boms
fpoh
bqmj
dmid
drwe
akkh
fdeq
doma
fbmh
ffsu
bqna
avyx
avxp
brlg
bssg
fpxv
fbmv
cyrn
dmqa
bcvl
eyfq
enur
fjai
djvw
btny
axgr
bsay
fjtj
clyl
fadf
cbpt
btxu
fdcd
cdzs
aujs
aczo
dhxo
csgj
dmei
fhgv
exvj
fqrn
aszq
crmm
ccim
abnq
ebca
edfj
cedr
eyug
dmcc
eiai
ddct
bddh
fgid
eztz
cafb
clph
ctyk
bcnp
fevv
dqlb
akbk
edwg
arpa
dcav
bimy
clxe
aqqx
fcyi
bpxf
atpc
agbl
fglx
bflv
etrz
czdj
fpjb
axau
dsyf
djql
bdtd
aajt
dder
cnca
cnbs
eyhl
frmv
fqyo
ciei
dfyb
ehqm
byee
bnal
dgai
avec
bfzq
clid
czpm
bplu
ejks
dtlb
avzh
coxw
dhgh
atpk
cywb
bunk
died
ffjz
atju
bbez
btse
bbpy
dksd
dyix
dzcr
akdk
ejpn
daaa
ajol
coag
aauh
dlpu
bjak
dief
fmne
cban
awpn
evmi
banf
bryi
cqnz
dfxv
dgqr
fbzt
euvv
djog
bsyh
efyo
avvu
ewkw
fefk
biud
enxf
exmi
atpj
fjbn
bhhe
ekmi
dupg
ajwj
danf
dutt
bims
ektf
fmce
dmmd
fask
brqs
cear
bmsh
effn
fhgw
auoc
ceig
dbta
blup
erjl
azpi
bbhe
faig
exwh
fhip
akuc
clep
dcih
bulo
bxmb
adnx
flhs
afna
dcmp
djew
dvgl
dskr
dglz
alwz
btvc
ckep
cmof
dcpd
cqlb
akuk
aizl
bhib
dfdt
evoc
bnln
auzq
dhoo
bbxb
bcmi
amon
cgpg
fbwi
dxcs
fcym
ajwz
fbpi
bgbz
auzo
fgur
estb
aisq
fmeq
fiew
brra
dzkp
cijx
cdih
bpkg
cejp
ewgc
dtpp
deip
dyzy
czcz
eaou
cceq
ahwg
eyvb
epbp
ahux
eokt
dxsp
chnu
dvlw
fbxf
cdil
enma
ague
cldp
dvin
eohp
anzz
evba
cfen
bnpn
erkp
edog
aypg
atnz
eikr
aotz
eceg
ckzu
fqyw
bgls
chot
blav
fjxa
favq
aokl
aoap
cjxy
bzec
ckha
cjuu
frtw
cgjw
efbo
bddw
azlf
bpsh
egcr
euce
cmtq
evic
exwl
eyit
ergj
dkff
cjld
fafh
fluj
fqwy
ahhi
dbsh
eydv
abmc
cfkw
bqch
bsjp
dibp
cmqe
essg
afbx
eesy
bksu
ckjy
enhm
czrh
emlf
cyjv
adfy
criw
evbd
fbix
ctot
emex
cwep
fivs
eudq
exmf
ddzv
dqrd
aaon
abhc
epyb
fony
bimp
bxyu
eful
ffqm
amwy
drrt
axik
chhu
crcp
doms
cmsm
erxr
cpaw
fosy
dxvr
cupk
brmb
bqlp
eoty
fmkr
cgbl
bvfl
ciee
eykr
fazf
cmes
beih
bvcj
flmh
cpcy
cokm
aeta
aglk
frbv
dsym
cvsm
ctpb
czxq
badl
fcpg
chcd
etxr
egvy
cato
dbvf
aqaw
fdcl
fjhb
bwpd
agzk
aytq
axrn
btcr
botf
ccnb
ccfd
dxeb
apao
atsk
aapv
cbfz
edsx
bhfs
csda
ajhz
biwb
agvv
btat
apke
ffjp
emqy
blly
adrh
dley
dlel
cslk
cvsk
etfq
fdzu
fqfm
aawf
adsj
fmir
crbn
aney
ecnd
fdsh
bfuq
alzz
fpwe
bylo
flej
exja
fniq
fkjw
evrl
byci
bsir
fgjv
dbko
ajxh
adxd
dace
flot
fgeg
eurc
dgic
dljp
admn
eotc
dgmb
fmmy
aksn
dzjy
dzbh
dlgq
cooe
cmny
emja
cgwi
dwyn
balv
bgze
drll
drih
cxwr
fhqq
bnwv
bmof
clty
ehuw
ctdl
bbub
cqfm
cwuu
flcp
dqsv
brxu
agjr
cszu
bsys
dcla
edrz
cqfp
erym
bbii
apea
bwyb
baiq
epfu
avhg
bqhg
aqym
ffet
cpoo
fpxk
dplo
cgxw
dhit
bsbs
fnbi
flns
anjf
augk
epux
eewj
cfle
cegg
fnbf
dwrr
byfz
dslj
bmmk
dudo
cuzg
blui
boyh
cfqe
fnik
eiar
fiia
dshh
apbo
eqbo
cdtt
amyd
duxn
bnoi
dpzu
ewbj
berj
aava
betn
dfdv
ayko
blpk
bbvd
fpds
cgbe
bzce
eult
fptu
awqb
ewzt
aolm
anjr
dlft
bwec
daji
exyr
fgyh
bedb
eyri
ajpa
dhhi
epac
bmow
evxi
aezs
fgpk
cwlt
cdsp
cvuw
anlk
expe
clfi
ebod
dqdr
fgda
ajfm
bezp
aenz
chci
dani
ekwe
cxfh
bxtl
eebf
fgbj
bqiy
cczp
aiqe
ddmx
adzp
auqj
cbrx
bybo
ebmg
acwl
bdkn
birt
fbap
fjgh
ddzp
emth
baxt
aear
cuoh
amei
dpij
dnhj
cbii
czxn
flvg
aeur
abla
esui
fmys
coiu
edoi
etni
adym
exwx
erou
dddj
aoil
cyku
dzng
ayuc
feaw
bzxm
avdh
dfns
bilt
fbna
abna
eqto
bhqi
alfz
bono
aoai
fffy
buyd
eiey
dyqw
ezks
fkfq
dwyt
copi
cyjq
dvce
bygy
aqaz
dqqf
bcag
eklq
dyen
dtxh
fapy
cmkp
cmew
dpwt
exbp
bneg
dlgk
fedc
codp
dsot
dvci
bglg
bloh
bwrh
avve
fpfi
dwdd
aqen
eyxb
chue
bkyn
cgms
evjr
ezdw
azde
dyty
dttx
elbq
aphc
cztv
clgh
epog
esei
ezyc
arhf
aqzq
cjxb
cesa
fnxi
eiba
ehrn
cmsq
cbhm
cada
ehvk
fqrg
aufo
epwr
dhiu
bnmx
fhxg
bfdv
fjiq
fqgn
aucn
fbvz
adbn
dyvl
azlu
caqw
daqt
cexg
fgjs
elou
cwzp
bxrg
eale
fesb
afhs
cxtr
atnj
efui
ffne
expv
fdwc
bknb
fklu
csnc
ewhz
fbmt
ekgz
eymq
dtbq
bnup
emgg
cedw
dupi
chfk
egwy
ctrd
btmi
enlx
blhq
clxp
ctdb
cvqg
fhvv
athw
edtg
chgf
bamb
dsqj
eebk
dsmq
clyw
ccly
cnxw
cgrr
fcba
aete
ahwk
cjth
flzi
afum
bwgp
cvby
buud
emsd
apui
cdut
bqph
ekzn
denk
egzb
fdxy
ejfy
ddih
esmp
dwyq
ahfg
eplw
bacu
edcd
ewec
edll
fpqf
bbgm
awbk
ffyt
entw
efqt
fqxa
douk
amtm
eyxa
fdia
ecms
eizn
ccgp
efjs
decr
clkj
dzzf
fpjc
eydx
fkuh
ckfu
efhh
asiv
depg
fkew
ezan
evpo
djeg
disd
djmf
azhq
dmny
cdnt
cfqy
eoxx
cjnb
fjak
ekhz
fkpn
acay
dqkg
fbzl
eruq
blyr
bsab
byij
abjr
dqxr
bstf
ccys
eocb
bddr
abex
eyep
cfxs
fpkw
etkn
azoj
btld
cqqq
fiqu
aacj
abur
clpu
bpdt
euif
capw
ejfu
fowp
dvjt
cvxq
armx
eauc
cyfz
enwk
dyyr
ehej
blco
fawm
attg
byvg
drsp
acks
daqz
byfq
cupz
fero
fpwc
ekho
dday
fhiw
awcg
fftc
dvem
ewij
akhn
emyw
axdo
amwv
csxo
cmcw
drjg
bopn
ewqh
barv
fmjb
ffnx
fheb
adoa
fgho
adju
eomy
bmae
btho
cjyh
dvcw
cfbk
bwbb
bdqi
aupb
evfd
eqat
dikf
cpcc
eudd
biuj
dyps
fnrp
bvhu
dhxp
cixl
bshy
emyu
dert
aqah
ehis
ayil
bsvm
eqns
dtpw
ctrs
cgtk
dfqr
eutr
dpzm
feii
evbk
aset
fmly
fddk
ewcm
athe
bibu
cwic
cprp
efqv
djpk
diwa
biwl
bvip
flsi
aldh
cxqg
cdrv
amcj
bbxg
awfg
cyvz
cyzz
dqgk
drfe
cfpb
bcwu
ctjl
ehmz
efxu
afuj
ccoo
fohi
dojc
egvl
bxek
dzkw
ekuh
akna
dutd
efrn
esyf
eezg
ezpt
dwlw
caao
azmw
anab
cfbd
fcgp
chrh
cqdd
arzc
cklx
bggo
cnwd
dsec
bxkh
clfk
cmgo
dbbo
bncb
csut
dsgh
dhme
cgbq
dlgs
dhvm
dxbb
epdy
eizf
dric
fnsl
dpjl
abxh
cyqp
dxry
dtga
edxj
dwkh
cley
esqi
cqku
fahj
fmec
asad
cluf
fqoe
djgu
cjcy
cqvs
cvgf
etcz
ezay
eogf
bldh
blkq
ctxo
bxgf
bnlr
cxmj
floj
bszu
eunv
feef
djdm
ddnc
fivz
fgzd
frst
aevt
fjfw
eqsc
bfqx
ctqz
dfjp
cjjo
eyig
ffke
dryy
anfx
bzky
agei
bhdv
camn
bpeb
chtz
bznu
blwe
deon
elht
bath
difv
aioa
egko
bwld
bhot
dbuf
aqou
bowl
bafb
fdgr
bszd
aznd
fbud
dpzr
exzi
fgtv
ecuf
addt
enlp
afwj
bigc
afzt
cnle
cfsb
cjjs
azkb
cbho
bins
aovt
ezse
dxhe
bnpa
dgke
albj
faih
civu
cjbk
cvzt
corl
dhif
ayqz
avhb
duza
bbzd
eryj
ffni
evrf
acxi
bihm
bmzn
axle
fmoi
dggj
ektp
cvjc
dueu
ccdq
cnnv
czpn
cvgj
bemw
buya
cbsp
cvph
bpou
fbhy
dbnt
eaxg
emcj
amdr
akzx
fmdp
dzku
dtzr
djnj
etkh
djra
dwwy
feem
drjs
bcma
awjr
cbph
bcgh
cjqg
cqkk
evjo
emfd
dozn
frkt
egam
eydk
esxb
euuf
dgkq
bauw
apkl
evaj
effw
cacs
bfhc
dzxh
arcu
buyb
foyt
bmxa
dpwy
emdk
btth
bujc
achn
cwkb
dkmo
btwg
bvvc
dmcv
dicj
cywa
cycb
bgek
fkro
btgb
axcm
foxq
cxfa
cmeo
acqr
egsk
dgbt
czyq
fckj
eirk
awdv
dmau
comq
colw
eekm
ehen
amhl
bwns
ergd
fjma
curv
dfoc
eyqi
cwie
aizf
fjfy
ehvd
estg
cgiy
bryl
cmxh
ejuw
elzz
atvv
ebfj
dbra
bzuy
eere
biqw
euyp
cxda
diqj
fapc
feop
ddpl
fqdy
btnt
ffvi
fphn
btqx
fjhr
cbqq
fcbh
djum
crgx
aqhl
abii
euah
ewny
egol
dppz
aogw
dnja
anhv
bsne
alyd
abva
bkum
cjfe
aoqx
afql
fcco
awnw
evcs
djwi
auvb
dixt
fhnl
dxnx
elco
bdas
eosm
bbqp
apjz
facq
eida
cgjj
awdt
dyqs
cgni
cqvx
csph
allv
dghs
efpe
epzj
blax
drms
cnhy
cyzh
ejlm
avge
cbko
dszt
bwkt
btnp
biwt
dsri
fbhv
fkcj
efvu
dbqh
anyi
alyi
dbti
cvwj
djjo
ctbm
fpst
cowd
clih
dsqp
cisz
esfy
btqf
clye
fhrg
djyv
ffkd
cbfg
enqs
bdpa
eycm
fqtd
bhtx
cdwp
axic
eqtk
cjic
ckmk
epdk
cvwy
fhao
almu
cbtc
ajjw
acae
cqmr
dhtu
ekqd
fdpk
dtll
albi
bjje
fjao
bokw
cvhg
dnkr
ddlg
bbno
fidv
bhzz
ckmw
cthh
efqs
ayvb
ekkc
dzzs
adsh
dmxu
fhcw
cpow
flnt
dwhw
fhdk
bcuc
cwwl
dduj
bwux
bzyp
ccqq
dsxt
ajib
domx
bpuy
evib
dfig
esqn
cjon
ehyt
erkr
bxdx
ciyk
doeg
frrf
bygf
ceee
ewvk
airj
bibp
dlim
ckgx
cnye
fgyu
cgun
bwlv
fqpm
bqmt
cjkq
ewdr
dmpe
bjbz
ffiw
dvok
fdix
disx
dnfd
bnjz
epqx
cfww
djdl
alxn
bzzu
dxaq
dgum
etyl
dbdu
aywf
cjuz
dhma
eiyx
cdxd
awed
fizb
ccrg
cdsj
cphf
eaje
fmau
aove
banq
dqgz
epts
exrp
fmlw
erki
axjs
euuk
ajhk
crgd
crqm
fenu
ffao
cqoz
dzva
cbfi
efea
cpwx
eofc
fauc
easp
dvsq
fbzj
asxs
cqqz
foqe
amhb
amoa
