L0Y401J4V769
Y0T871M4Y905
I5B489I7Z858
O4B585Y6N557
F9X506B6Z000
D8D779H9G075
G4V467S2T678
B8P961L6O267
H2O068O0R142
Z5H882F1C311
E7V926O3N577
M2O623X0A624
R4O659I0X151
A0L124V2D969
X6T619J6P101
G2P630E1D164
Z8D858Z8Z685
V6E020T0U704
Q8O904M2P489
F3O481Y3F515
X5N810I4U079
I7R079U8Y389
R7J715G1I683
I9S218F7O608
X2N060A2Q098
Q8F883F9O547
M7W201E2H562
H9Y423V3R229
M8Z467M9R374
C4O346L5L678
A9P836U4U384
Q7K760I1F132
Z8I226D1J804
T0A429E1L647
H6Q986O1U831
M0Q725B3R110
J5F834N0O978
M4J622M6Z507
O3C741Q6Y168
H3H219C9Q712
M8B526S8Y390
U1J883X7G739
G1I884D6F150
B6B115U2B764
C3A179P0I783
W2F438Q3N834
F1C758A3T309
J9K933E5N721
N9W013R9P597
K3V392P9O003
X5Y984B3F765
G8I139I7H017
F0P939Y5G372
U8Q527T5R037
K1N968N7R246
T1Z514L2Y889
S3P775W2J071
R5X601S9O782
N5R466M8K042
R3A858T3C274
L8S111Q1O324
Y6L614K3T792
V3T863I6U803
I0G496T7V199
K4G742V9T786
N3I903E8Y063
T0H455M3U000
I5D172B2W203
B6Y640T2M758
F8P983T0U196
Y1S290S6A106
N1J684V8E352
P0W320K0T511
H1F999G1F342
K1X647F1L382
S5S157K8C401
Q3I126I8M412
R4D868T6Q050
T0C660M1B444
O6X854M3U570
L1C736B0K395
H0K529D6B554
J1Q250J8W598
Z1Y194U9T065
F9E612Z3D823
A8U867K6I389
O6D560L9Z945
N7X794D1Z856
A4E717F8F014
T5D857I4N399
Z9P798B6U644
W0W023D7J230
H5Z721D9P296
W5E378J6Q934
T9E827E0G178
T5E257C7O142
C7E488V7Z612
N2Z427H6D148
B6H989F7S333
O9R597F0U928
H4H965V5U140
M1C318W8C526
W0G257P5H269
V1B327M5P746
V1E151C6X247
S6O660Z6S649
V6Y483A4T059
I7Q514K3U117
Z2N625G0T191
B5X276S8N095
J7K242V9E105
R7S622E0Z226
G4J632T9Q603
I2B908L4L576
I1G640B9I456
J6L119J6H344
D6V275U5K158
T8V539Z9N100
M8P460I5W210
Z9U951J3E015
S8D738D7S177
U4T994R9U573
H7T129H8T082
J0O842S3L008
O6H349B7J106
D1Y713M8Q742
Q0F764W8V685
U8A856V7P658
O4T086S8C279
H1V958S1B081
F2M861E0B143
T2L263B7D926
M4E836F5E844
K6D411O9Q402
W6H397J0S262
Y1C138K4S471
T0B062N6M115
B9H398Y1K749
W4Q507U4N387
T5Z377S3M999
Z7D894G8H441
Y7Y439B0P043
N4L133P6B799
C5Y572A2A226
J3X374L1I448
U2O389F7H501
I7E344J0Z478
V1U521F2S653
Y4V840J3P405
Y0Q977V7A994
E7P783Y7I611
A4P957R4P516
D4O881H8P231
J2L201J2T320
O5A211F6X913
T1Z821N9K091
L7Y193C0H867
E0G687X7F359
F5N191K8W947
R0J108R3D981
Y7W064Y5K981
E9Y294Q7R346
L6O673F7V688
H9O932A7L736
M5I634M5Y755
M7L783M1P496
D1I323L6F026
L6U144N8B800
E3R609K3P098
O2A019U9O580
