charm_1037
mold_1593
strings_1369
worms_1874
hair_1905
mold_1103
strings_1635
mold_1225
charm_1490
pebble_1754
lint_1466
strings_1439
rock_1784
charm_1217
mold_1269
strings_1375
lint_1978
dirt_2094
strings_1091
rock_1916
strings_1390
dirt_1874
strings_1872
hair_1706
rock_1893
charm_1054
dirt_1054
strings_1907
lint_1836
worms_990
strings_1104
strings_1326
pebble_2039
mold_1525
strings_1230
lint_1051
rock_1528
hair_1919
mold_1743
mold_1966
mush_994
lint_1111
charm_1068
lint_1481
lint_1515
hair_1586
dirt_1703
strings_1760
worms_1473
mold_1622
strings_1685
rock_1794
strings_1319
dirt_1438
dirt_1608
dirt_1962
mush_1374
charm_1359
mush_1482
hair_1642
mold_1903
mold_1570
mold_1856
dirt_1351
mush_1787
dirt_1658
lint_1687
rock_1077
mold_1326
lint_1476
mush_1508
pebble_1964
lint_1268
pebble_1821
hair_1786
strings_1535
worms_1662
mold_1159
mush_1346
worms_1748
worms_1026
rock_1249
mold_1625
dirt_1855
mush_1606
pebble_1782
dirt_1132
charm_1730
dirt_1914
dirt_2016
lint_1569
mush_1750
dirt_2050
rock_1426
dirt_1795
hair_1913
mold_1523
dirt_1727
rock_1852
mold_1463
strings_1781
pebble_1283
mush_1996
worms_1043
worms_1639
rock_1360
lint_1387
pebble_1234
pebble_1331
rock_1959
charm_1413
pebble_1196
dirt_1958
hair_1094
strings_1336
charm_1571
strings_1433
pebble_1829
lint_1456
rock_1431
strings_960
lint_1584
mush_1999
lint_1360
rock_1164
lint_1202
charm_1260
strings_1479
strings_1187
hair_1640
rock_1770
hair_1533
rock_1690
mush_1034
mush_1305
mold_1761
dirt_1860
hair_1140
charm_1377
mold_1280
dirt_1808
lint_1762
worms_1795
dirt_1328
worms_1225
worms_1032
charm_1511
lint_1591
hair_1699
mold_1386
rock_1549
hair_1961
mold_1644
worms_1740
worms_1812
strings_1098
mold_1603
lint_1394
rock_1572
worms_1636
dirt_1237
worms_1386
hair_1751
mush_1164
strings_1407
rock_1018
dirt_1061
mold_1608
worms_1678
rock_1211
hair_1411
mush_1680
mush_1702
worms_946
lint_1109
dirt_1816
strings_1435
hair_1429
hair_1811
worms_991
pebble_1235
hair_1353
mold_1888
strings_1889
pebble_1435
mush_1557
pebble_1784
worms_1579
pebble_1780
hair_1136
hair_1446
mold_1752
hair_1951
mold_1058
lint_1305
mush_1311
pebble_265
hair_318
mold_488
dirt_507
charm_1189
charm_1704
worms_1267
charm_1411
pebble_1072
hair_1274
mold_1418
worms_1314
strings_1365
mold_1659
pebble_1836
pebble_1859
dirt_1128
strings_1206
mold_1283
worms_1352
dirt_1596
mold_1031
pebble_1184
charm_1219
charm_990
lint_1056
mold_1423
mush_1904
hair_1975
mold_552
hair_802
dirt_1321
hair_1425
charm_1535
pebble_1742
hair_1813
mush_1540
strings_1584
strings_1649
dirt_1310
rock_1320
mush_1959
charm_1603
strings_1220
rock_1535
pebble_1637
lint_1262
charm_1759
lint_199
worms_424
mush_757
worms_888
dirt_1304
mold_1536
charm_1586
strings_12
strings_961
worms_1488
hair_1838
strings_1488
dirt_1925
worms_1834
worms_1018
mush_1698
lint_1163
pebble_1427
worms_1424
lint_1364
pebble_1628
strings_1472
charm_1090
lint_1551
charm_280
pebble_334
pebble_538
mold_698
dirt_921
strings_971
mold_1816
hair_1042
lint_1765
strings_94
dirt_194
strings_400
mold_571
dirt_730
pebble_1565
strings_1783
dirt_2097
rock_1664
mush_1739
worms_1810
lint_1534
worms_1283
charm_1532
hair_83
pebble_168
worms_310
rock_815
charm_1134
charm_1848
rock_1209
hair_1173
mold_1948
lint_582
worms_563
pebble_1982
pebble_330
dirt_958
mush_978
dirt_1185
dirt_1550
pebble_1772
lint_1090
hair_1218
dirt_1681
mold_1236
lint_1558
dirt_479
dirt_1136
lint_1701
lint_1645
worms_176
dirt_461
mush_923
charm_1385
mold_1541
dirt_1689
worms_369
rock_773
rock_1301
hair_1387
hair_1619
mush_1757
mush_1432
mold_444
pebble_699
strings_753
charm_1392
rock_1643
strings_542
rock_639
rock_924
lint_1386
worms_1345
charm_138
mold_355
pebble_1074
dirt_287
hair_559
dirt_692
strings_761
lint_944
rock_949
hair_1321
lint_1609
strings_276
mold_1166
dirt_176
worms_939
mush_1409
charm_545
hair_572
charm_790
worms_1168
lint_1253
dirt_88
mold_463
worms_773
dirt_241
dirt_980
dirt_59
strings_645
hair_906
charm_1869
dirt_275
hair_394
mush_1558
strings_1911
rock_332
rock_1608
worms_1588
mold_2032
rock_33
worms_45
strings_125
strings_501
rock_576
lint_1046
charm_1888
strings_620
dirt_1655
pebble_1680
worms_1543
dirt_728
mold_924
lint_1377
mold_1509
lint_829
mush_886
charm_1439
rock_144
rock_964
charm_1770
mush_1492
dirt_1933
hair_246
charm_684
charm_1073
strings_397
strings_493
rock_748
worms_1292
charm_1185
mush_1722
pebble_66
mold_259
mold_391
hair_512
mush_735
charm_963
rock_1885
charm_287
hair_376
mold_725
hair_818
rock_889
lint_1365
mush_325
rock_1160
dirt_1661
worms_1599
dirt_1819
charm_1590
rock_1677
lint_1771
pebble_464
strings_669
rock_1022
lint_282
lint_513
pebble_1034
mold_1630
lint_1656
worms_960
mold_1447
lint_465
strings_948
lint_1189
lint_1553
dirt_276
mold_1082
dirt_1764
pebble_154
mush_252
hair_870
strings_1010
mold_1232
dirt_1272
lint_1630
dirt_1386
mush_1452
dirt_1902
mold_1090
pebble_1266
lint_1678
mold_48
worms_750
rock_903
worms_1295
rock_1529
charm_1698
dirt_1931
dirt_904
mush_1298
dirt_1891
dirt_1162
pebble_138
strings_207
pebble_360
lint_726
dirt_1604
pebble_1846
dirt_1896
pebble_45
strings_72
mush_375
strings_831
charm_1529
rock_1720
pebble_1926
lint_30
hair_1228
rock_1265
pebble_1110
rock_1408
dirt_1593
lint_1747
pebble_1837
lint_1181
dirt_1841
mold_1982
pebble_1620
dirt_1657
pebble_94
pebble_710
rock_1359
rock_944
dirt_1652
dirt_440
worms_567
hair_1352
worms_1263
hair_1433
charm_1110
charm_1271
dirt_798
pebble_1646
rock_565
rock_579
pebble_1048
mold_1346
mold_1515
charm_1661
pebble_1901
mush_1412
mold_1960
mold_168
mush_409
dirt_608
rock_938
strings_1906
charm_1279
lint_2005
lint_618
mold_1963
mold_899
pebble_955
rock_1383
worms_1699
pebble_1985
hair_1110
hair_1309
mold_1781
mush_291
lint_1871
lint_2003
mold_1358
hair_1671
strings_310
pebble_919
strings_999
worms_1412
worms_1597
mold_1565
charm_215
lint_683
rock_1495
pebble_1847
hair_1566
pebble_500
lint_456
charm_1379
hair_1525
strings_1308
pebble_1342
lint_1266
lint_1334
mush_1426
rock_121
mush_251
lint_448
worms_462
hair_968
dirt_1209
mush_644
rock_999
rock_1072
charm_1547
mush_1682
pebble_1125
worms_1691
dirt_1917
hair_1558
pebble_1755
worms_1021
lint_1217
dirt_1276
hair_1667
mold_1917
rock_315
charm_537
hair_719
rock_902
rock_1510
lint_1555
worms_1198
lint_1374
mush_1604
charm_1146
hair_1929
mold_1076
pebble_1097
mold_1420
pebble_1715
pebble_258
charm_418
strings_446
rock_1177
pebble_1461
pebble_1549
dirt_2037
charm_1656
worms_980
charm_1199
mush_229
hair_834
lint_1465
mush_991
mold_1833
hair_1659
rock_492
dirt_912
pebble_936
lint_351
worms_405
mush_752
dirt_948
worms_848
worms_1081
charm_1176
rock_1575
mold_731
mush_1214
dirt_1699
strings_1773
rock_1226
strings_1401
lint_1157
worms_1219
dirt_223
rock_630
dirt_946
lint_957
pebble_2024
rock_1951
pebble_1668
lint_1802
dirt_736
strings_741
charm_925
strings_167
mush_1211
strings_1216
mold_1548
mold_225
mold_849
mold_1798
worms_1767
dirt_527
mold_813
pebble_1866
mush_1091
strings_1757
strings_1835
mush_1080
mold_1284
lint_1283
rock_1668
hair_1825
worms_1071
rock_1910
strings_49
charm_145
strings_255
mush_856
dirt_998
lint_521
worms_653
worms_1408
lint_1053
strings_1116
dirt_1534
hair_16
mush_171
strings_918
mush_1278
hair_1385
worms_1758
hair_1695
dirt_1800
lint_1729
lint_1121
lint_1679
lint_1947
mold_1686
hair_201
worms_747
mush_794
hair_904
worms_1156
lint_1383
rock_1814
strings_1749
mold_1422
rock_157
mold_203
rock_269
charm_597
mush_609
lint_1170
pebble_1595
hair_1789
charm_1789
rock_1847
hair_1388
lint_485
lint_705
worms_870
hair_955
charm_1395
mold_1881
rock_1129
lint_1696
pebble_1712
charm_1741
hair_1576
pebble_1208
pebble_1699
mold_1995
lint_1362
hair_1456
dirt_1068
worms_1261
mold_333
mold_1417
lint_1711
mold_1801
pebble_61
mold_86
lint_466
strings_859
worms_87
lint_153
mold_191
worms_1471
mold_1138
rock_1812
lint_1761
dirt_63
worms_178
strings_670
rock_1849
dirt_2005
dirt_87
lint_711
pebble_1329
pebble_1642
charm_1683
hair_1480
lint_1646
rock_36
hair_450
lint_800
hair_1432
rock_1950
mush_1001
worms_1355
dirt_574
hair_120
mold_1113
lint_1604
mold_1695
mush_1685
lint_1703
worms_1036
dirt_1868
pebble_969
dirt_1041
lint_1482
mush_1596
mold_1224
pebble_1453
dirt_1662
hair_1939
worms_1494
dirt_1828
mold_1907
rock_1892
mold_1000
worms_1143
mush_192
pebble_263
dirt_326
charm_853
charm_344
charm_1280
charm_1568
worms_743
rock_926
mold_1477
rock_1451
pebble_1748
lint_1910
mold_1591
mold_1684
charm_1708
mold_1189
lint_1267
pebble_143
mush_604
worms_1335
strings_1178
worms_933
rock_1136
worms_1051
mush_1139
mush_1768
lint_73
rock_258
worms_780
dirt_1159
rock_1190
charm_1205
lint_2021
dirt_1064
dirt_1750
charm_450
charm_457
mold_1303
charm_1376
charm_1622
dirt_842
strings_853
dirt_2061
charm_41
mold_542
worms_810
dirt_1517
strings_1507
hair_1194
charm_1069
charm_1096
pebble_1402
pebble_1257
lint_14
worms_65
hair_956
mush_1262
mush_1649
dirt_1905
charm_1394
charm_1507
hair_1614
mold_1527
mush_1396
hair_1034
mold_1432
mold_2000
rock_362
pebble_634
mold_1002
mush_1148
rock_1252
rock_1340
worms_1435
dirt_1832
hair_205
lint_601
charm_579
dirt_624
worms_794
dirt_1030
worms_1770
rock_1195
hair_1562
mush_1530
mold_586
rock_856
hair_1093
strings_1497
pebble_25
rock_69
dirt_827
rock_1492
mush_1663
worms_1722
rock_1317
strings_1463
dirt_1984
pebble_1991
charm_1251
lint_1453
pebble_1507
charm_1614
rock_421
worms_33
mush_273
worms_647
charm_1798
mush_1212
pebble_1764
mold_1779
hair_1854
rock_1300
dirt_1432
hair_1444
lint_1086
dirt_543
charm_1016
dirt_1285
hair_1653
worms_1880
pebble_53
pebble_221
charm_719
strings_1171
lint_1583
worms_1564
lint_325
worms_498
charm_731
lint_1211
mold_1529
hair_1535
mold_1119
strings_1080
pebble_1381
dirt_2032
rock_301
mold_325
strings_678
mush_858
strings_991
strings_1417
charm_1194
dirt_1561
mold_1842
worms_1523
dirt_4
strings_721
dirt_861
mold_1744
worms_1713
worms_1426
dirt_1870
pebble_1509
mush_1597
worms_1666
mold_1827
dirt_1075
hair_1847
mold_1338
hair_632
lint_660
rock_1075
rock_1104
mush_1608
strings_1802
charm_1122
rock_1228
worms_969
hair_1442
hair_1880
rock_462
mush_678
mush_1804
charm_249
rock_1479
charm_756
strings_946
dirt_1641
mush_1727
mush_774
dirt_1508
mold_476
rock_690
charm_787
strings_967
mush_219
worms_564
charm_980
worms_1056
mold_1638
strings_1051
dirt_1429
mush_1565
pebble_1241
strings_1575
lint_1744
lint_75
hair_414
rock_618
strings_1674
hair_1775
hair_1787
hair_1074
rock_1902
mold_1312
mush_1760
pebble_1830
dirt_1989
mush_271
hair_724
dirt_822
mush_966
charm_350
pebble_985
mush_1694
lint_1517
dirt_1716
mush_1944
hair_1926
mush_1407
hair_1623
pebble_1604
worms_1886
pebble_1152
pebble_1739
charm_1682
mush_1834
pebble_1571
mush_1819
hair_237
worms_492
lint_1814
charm_1426
pebble_1812
pebble_1053
mush_1134
rock_1214
pebble_1781
mold_1862
worms_1875
rock_2016
strings_1460
strings_1008
pebble_1658
charm_1646
lint_90
hair_822
worms_1389
rock_1162
strings_1597
rock_364
mush_614
worms_782
hair_136
strings_320
rock_567
strings_715
strings_989
hair_1116
mold_1539
strings_1630
mush_1917
rock_62
dirt_636
lint_909
dirt_1298
charm_1554
mold_1714
pebble_49
strings_464
worms_430
mold_666
rock_1445
hair_1056
rock_165
pebble_951
dirt_1762
pebble_1999
dirt_1679
charm_1362
dirt_1879
mush_1074
pebble_1198
worms_1681
mold_1943
worms_1827
mush_1445
hair_87
charm_671
worms_1760
hair_1602
worms_332
charm_1695
pebble_2044
strings_1300
rock_1362
strings_1333
worms_1429
lint_1948
mold_1986
charm_1095
strings_1372
pebble_1643
dirt_1676
charm_1749
pebble_2005
pebble_1213
dirt_2088
mush_1786
worms_304
hair_867
pebble_921
worms_1066
dirt_2102
mold_807
worms_1772
mold_1211
strings_1539
strings_1032
rock_1208
charm_1805
rock_1803
mold_1109
worms_1027
hair_1182
dirt_420
lint_518
pebble_1224
worms_1220
mold_1240
dirt_1277
worms_1431
dirt_1616
dirt_55
lint_173
strings_360
dirt_765
dirt_1342
mush_1906
charm_1865
mold_1974
rock_1623
dirt_1840
mold_1825
charm_1842
rock_1325
dirt_1952
strings_451
strings_1700
charm_99
rock_1767
hair_1462
pebble_1727
hair_1062
worms_1206
mold_436
dirt_759
mush_762
hair_1216
mold_1669
hair_1879
rock_1952
worms_1864
mush_1844
hair_1054
pebble_1425
rock_1564
hair_176
pebble_580
strings_1281
charm_1401
charm_1829
rock_1088
mold_1683
strings_352
mold_502
strings_606
lint_890
hair_891
mold_1360
charm_1348
lint_1924
lint_264
mold_587
strings_1074
hair_208
rock_968
lint_1818
mold_596
pebble_797
strings_885
pebble_1449
rock_1415
charm_1471
dirt_313
lint_631
mush_608
strings_807
worms_856
rock_997
pebble_1052
dirt_1588
lint_1614
hair_1871
rock_1641
charm_1523
pebble_1311
charm_1845
hair_1089
pebble_1962
rock_2
pebble_732
dirt_2066
worms_975
lint_1610
worms_1788
charm_1877
rock_1085
dirt_1218
rock_1570
strings_1581
charm_1077
mush_1832
worms_1270
worms_1277
mold_6
rock_891
mush_1160
pebble_1588
mush_1120
rock_1387
worms_1793
mold_116
charm_161
mush_230
strings_368
lint_421
pebble_646
hair_1770
mold_1861
mush_1082
mush_1356
pebble_1843
worms_973
pebble_1478
pebble_1815
rock_192
charm_284
dirt_559
dirt_746
pebble_1123
charm_1040
charm_1101
mold_406
charm_663
charm_705
hair_1282
pebble_1181
lint_1407
worms_1436
worms_1452
strings_302
charm_789
charm_895
rock_1530
charm_1775
strings_144
mush_338
strings_612
mush_743
mold_948
worms_873
lint_1624
dirt_579
worms_1725
dirt_1607
strings_1852
lint_1224
mush_1693
strings_1585
pebble_1993
hair_1224
mush_1020
rock_1012
charm_1172
strings_33
lint_1324
dirt_2092
dirt_1487
hair_1259
hair_1658
lint_1215
lint_2024
worms_1166
charm_1365
rock_1335
mush_791
mush_1345
charm_1787
charm_1361
lint_1414
hair_1449
strings_1612
worms_951
mush_1494
lint_1655
dirt_533
charm_183
dirt_192
mush_489
mold_747
hair_1376
worms_147
lint_271
pebble_1384
hair_1785
pebble_40
pebble_216
charm_283
pebble_305
dirt_481
strings_681
strings_821
mold_983
dirt_1488
strings_1643
lint_2013
strings_962
mold_1282
strings_412
mush_878
strings_498
mold_722
strings_898
dirt_1825
charm_643
rock_996
pebble_1065
dirt_1267
strings_1397
charm_1443
pebble_1489
pebble_151
mold_682
rock_1465
worms_41
strings_301
mold_1846
mush_1089
rock_1363
mush_1114
worms_1649
hair_1758
rock_1330
hair_1508
charm_1115
strings_1241
mold_8
charm_31
hair_65
charm_591
rock_1713
strings_1722
mush_14
hair_104
strings_256
hair_725
mush_1333
lint_1658
charm_1364
mold_376
mush_706
dirt_972
lint_1295
rock_1411
dirt_1964
worms_231
pebble_397
hair_778
strings_416
charm_881
hair_1707
worms_319
pebble_497
mush_524
mold_890
pebble_1503
hair_1514
rock_768
strings_1156
mold_1844
rock_1821
hair_675
mush_1055
mush_1569
pebble_1544
dirt_1680
hair_35
strings_160
hair_344
lint_997
lint_1371
dirt_1478
mush_1247
mold_1906
pebble_1598
strings_1707
hair_1808
dirt_1448
worms_1820
mush_1067
charm_1469
mush_1983
charm_178
hair_592
dirt_934
worms_1689
hair_62
strings_573
pebble_713
rock_845
strings_913
lint_1663
mush_299
pebble_578
dirt_739
worms_680
rock_963
worms_1001
worms_1620
mold_1201
mold_1311
mold_1345
dirt_67
lint_736
lint_1101
strings_1653
dirt_1236
hair_1229
mold_1571
strings_1146
lint_28
dirt_332
mush_1014
worms_1693
charm_793
dirt_1370
dirt_1282
strings_1301
hair_1665
pebble_1853
dirt_2030
rock_1501
lint_49
lint_1005
mush_1156
pebble_1411
strings_1823
mold_2010
pebble_1090
mush_1791
mold_2028
strings_1329
rock_187
pebble_689
mush_764
dirt_1008
hair_109
dirt_729
dirt_1683
dirt_1897
worms_1402
strings_1706
pebble_1149
rock_249
mush_563
mush_776
charm_1288
lint_1976
worms_131
mold_414
mush_389
worms_419
rock_725
mush_1149
hair_1594
hair_1007
pebble_1649
dirt_1570
rock_1924
mold_538
mold_799
mold_1602
hair_1683
mush_590
mold_757
dirt_794
mold_1056
dirt_1311
charm_1125
rock_1207
pebble_1285
hair_1687
hair_1022
mush_1602
lint_1485
worms_1091
mush_1773
worms_186
strings_363
pebble_876
pebble_1767
mold_1926
lint_7
mold_1911
dirt_1082
charm_1579
lint_1980
lint_1833
hair_916
charm_1300
mold_1604
charm_1319
worms_1709
strings_74
hair_332
lint_1472
hair_1463
dirt_1900
charm_107
charm_132
rock_202
mold_327
worms_307
mush_821
worms_1816
worms_727
charm_1745
charm_1762
rock_1644
hair_126
worms_610
hair_1676
dirt_1178
mush_1447
lint_129
lint_371
rock_746
rock_1155
strings_1381
rock_1298
worms_1670
strings_1838
mold_1180
mold_1554
charm_390
lint_883
charm_974
dirt_1491
strings_1851
rock_1004
mold_1470
hair_1452
worms_13
strings_159
hair_643
charm_273
lint_556
worms_1149
lint_1446
hair_1578
lint_111
strings_113
strings_161
dirt_358
dirt_399
pebble_641
worms_643
mold_282
charm_443
strings_1014
mold_1276
mold_1144
pebble_1667
worms_1894
lint_155
mush_159
rock_1871
mold_1993
strings_845
charm_1679
lint_1940
lint_1434
mush_1462
strings_1340
charm_1461
pebble_1137
hair_1948
dirt_1111
worms_1672
lint_312
mush_346
pebble_463
mold_1075
lint_1140
mush_1595
rock_1287
pebble_1995
mush_384
worms_704
hair_816
hair_1199
strings_1832
mush_745
mold_1286
dirt_296
pebble_1145
dirt_1781
worms_257
worms_79
hair_203
lint_329
worms_1134
pebble_1300
pebble_1758
pebble_1450
rock_1936
mold_1177
dirt_1224
mold_1315
pebble_106
lint_184
worms_654
charm_682
pebble_788
pebble_803
pebble_1195
strings_1021
mold_1579
lint_1669
pebble_1178
lint_1840
rock_1574
hair_1632
mush_1848
lint_1921
pebble_906
rock_1134
lint_597
rock_659
hair_769
rock_1186
dirt_898
pebble_1514
strings_1447
strings_1599
lint_1726
worms_1377
rock_1520
dirt_1717
rock_562
lint_684
pebble_774
rock_847
mold_1328
pebble_589
lint_1232
dirt_1292
hair_1835
mold_580
worms_606
hair_1085
worms_1083
dirt_1602
rock_1729
lint_1124
strings_1869
lint_1210
lint_1863
worms_1434
hair_1864
dirt_1454
pebble_1787
mush_1799
mush_1916
hair_1265
hair_1716
mold_1495
mold_508
lint_563
mush_529
strings_857
worms_1006
hair_1124
hair_1700
charm_24
charm_625
mush_1015
mush_1242
mold_1651
mold_1680
lint_2036
mush_1233
charm_1910
mush_1173
hair_1232
strings_1343
pebble_402
mold_422
pebble_812
lint_1152
strings_1434
worms_70
mold_1877
lint_1052
pebble_1447
mold_1629
mold_1552
charm_1136
lint_586
strings_434
strings_736
hair_883
worms_865
charm_9
pebble_1132
pebble_1142
rock_360
strings_428
dirt_1073
lint_1118
rock_1708
dirt_1443
pebble_1416
charm_1431
pebble_1752
charm_1131
mold_1494
lint_624
mold_865
lint_913
rock_1124
strings_1515
mold_1336
charm_1587
hair_157
mush_429
hair_611
charm_1378
pebble_1616
rock_1846
rock_1883
lint_1441
hair_1169
hair_1823
charm_1393
worms_120
mold_996
mold_283
pebble_287
mold_478
worms_454
hair_1718
strings_1382
worms_1631
hair_1197
mush_1798
mush_301
charm_771
strings_1305
hair_1848
charm_1002
pebble_1524
mush_1880
mold_1131
mush_1971
mush_701
lint_861
mush_1258
hair_1579
pebble_2020
lint_1667
lint_349
dirt_691
rock_720
mold_795
pebble_827
mold_868
worms_872
mush_1192
worms_1786
hair_1311
hair_328
dirt_520
strings_643
mush_708
mold_505
dirt_1230
strings_1284
hair_1780
pebble_393
mush_1027
mush_1794
hair_1570
mold_1121
mold_1108
rock_1732
worms_995
mush_1163
hair_1927
dirt_2042
rock_1882
mold_19
dirt_327
rock_583
hair_41
hair_367
mush_538
mush_1676
hair_1711
mush_1453
mold_1946
strings_1724
charm_964
strings_1843
charm_1887
worms_1326
pebble_1267
worms_945
worms_1167
worms_601
hair_837
charm_855
dirt_161
rock_373
mush_713
pebble_1215
mush_1681
rock_1927
charm_72
worms_532
lint_1131
mush_1307
dirt_1382
charm_1323
strings_1894
hair_1949
mush_1785
hair_658
mold_697
pebble_509
mush_964
dirt_389
strings_385
pebble_956
mold_1229
charm_1201
lint_1529
hair_1654
charm_1140
charm_1241
rock_1116
charm_1588
mush_107
worms_112
dirt_630
pebble_815
mush_1179
charm_162
dirt_383
strings_553
hair_937
strings_1733
dirt_1753
pebble_1810
mush_565
pebble_1288
mold_1342
pebble_1041
lint_1113
hair_657
worms_629
worms_739
worms_785
charm_889
hair_1800
dirt_1160
mush_1198
strings_1571
hair_1795
lint_1409
dirt_1821
pebble_1059
pebble_1082
strings_91
hair_1859
dirt_1586
pebble_1104
lint_1279
mold_1746
lint_71
rock_502
hair_1568
strings_1713
charm_415
mold_645
lint_697
mush_1666
hair_1588
hair_1782
strings_1913
strings_241
pebble_610
charm_1084
mold_1071
dirt_1886
worms_1334
pebble_1131
dirt_1216
mold_1332
rock_1764
lint_1971
mush_1939
worms_1227
mush_1008
pebble_1483
strings_1484
worms_225
hair_296
strings_731
mold_871
strings_1483
strings_1602
rock_2022
worms_208
strings_248
pebble_361
worms_464
mush_1110
pebble_1278
pebble_1399
dirt_1513
rock_1260
rock_1515
mold_1933
mold_1161
mush_536
hair_76
mold_108
strings_124
pebble_711
dirt_1042
pebble_5
strings_708
strings_871
charm_1080
dirt_2075
strings_1718
lint_291
charm_327
charm_340
pebble_453
dirt_247
rock_1337
dirt_1202
worms_1514
pebble_273
worms_718
charm_1103
lint_1811
dirt_1968
hair_1458
rock_1146
charm_1063
charm_1497
pebble_1785
mold_1996
strings_1626
pebble_75
lint_527
mold_1210
mush_1401
strings_667
rock_1334
mold_1499
dirt_1980
strings_1577
hair_1238
rock_1366
mold_155
hair_441
pebble_576
hair_1487
dirt_2046
mold_1153
strings_1632
dirt_1643
mush_1194
hair_1600
dirt_1927
worms_1869
charm_123
hair_235
dirt_544
mush_957
charm_518
charm_554
charm_875
lint_1168
strings_1323
mush_1547
dirt_1229
strings_1183
strings_1138
charm_832
worms_795
dirt_1427
dirt_1126
lint_1227
dirt_1425
rock_162
mush_659
mold_968
lint_1763
hair_1763
pebble_77
lint_100
worms_504
lint_935
mush_1593
pebble_1934
dirt_1711
lint_1760
pebble_34
lint_127
worms_787
charm_862
pebble_1032
strings_69
pebble_148
dirt_164
dirt_1629
hair_1083
worms_1282
rock_1522
rock_1470
mush_1240
hair_1963
pebble_1317
worms_1618
worms_1461
rock_174
charm_847
rock_1141
lint_149
hair_521
charm_1412
dirt_1834
mush_38
strings_148
worms_166
strings_510
mush_1138
mush_1986
hair_95
dirt_228
rock_246
dirt_813
worms_788
dirt_1894
mush_1000
pebble_300
mold_522
mold_31
mold_461
lint_530
mush_518
hair_607
charm_799
worms_1075
mush_1136
strings_1595
worms_46
hair_253
pebble_1154
hair_1451
dirt_2077
charm_1009
lint_567
pebble_1795
mold_1401
mush_1378
strings_1559
hair_1890
pebble_1965
lint_1417
dirt_1345
pebble_1109
worms_1538
rock_1151
mold_1804
charm_1388
rock_1323
worms_1406
worms_916
mold_1869
lint_1905
charm_1358
mold_91
mold_347
rock_467
strings_829
mush_1733
charm_156
worms_249
strings_1403
lint_1278
mush_1524
charm_1766
dirt_1690
pebble_1730
charm_1754
pebble_2008
dirt_525
worms_507
rock_787
dirt_1494
charm_1363
lint_1851
mush_582
mold_702
hair_1163
hair_185
worms_366
rock_503
strings_1005
charm_1232
mold_1584
pebble_1133
charm_1552
rock_1761
mush_1028
mush_1098
charm_1512
pebble_22
lint_299
strings_636
pebble_866
pebble_2209
pebble_2286
pebble_2685
lint_2779
mush_2726
rock_2794
worms_2674
dirt_492
strings_538
rock_1030
dirt_1220
dirt_1594
mush_1590
mold_1691
dirt_1221
lint_1507
hair_1959
lint_1313
strings_1414
mold_1793
rock_13
dirt_97
dirt_292
lint_592
mold_676
worms_686
lint_1560
charm_1914
pebble_109
worms_226
rock_248
lint_932
strings_1492
mold_1170
pebble_1106
pebble_1362
dirt_1442
dirt_1814
rock_1036
mold_1250
lint_1322
pebble_1501
lint_1093
lint_1602
mush_1185
hair_36
hair_334
mush_673
hair_758
pebble_998
worms_1585
pebble_1835
strings_1812
strings_1038
dirt_1373
lint_202
rock_730
mush_837
pebble_1045
hair_1777
dirt_172
mush_177
worms_433
rock_728
hair_905
hair_1607
pebble_1759
pebble_172
hair_417
mush_378
mush_515
worms_1065
mold_1202
charm_1751
mold_1267
charm_1584
mold_293
charm_477
worms_63
strings_154
worms_687
strings_1772
hair_140
mold_548
dirt_569
rock_866
mush_1965
rock_1541
pebble_1421
strings_1532
worms_1851
rock_1958
worms_1013
mush_1437
strings_1830
mush_511
dirt_570
lint_629
mold_413
lint_773
dirt_907
mush_900
charm_1381
pebble_1876
mold_1867
rock_163
charm_365
mold_515
charm_520
mold_627
worms_1768
dirt_446
rock_753
rock_822
pebble_1086
worms_1550
strings_1727
charm_258
strings_307
charm_310
worms_1682
mush_1622
dirt_1470
charm_1666
strings_80
hair_1413
worms_1723
pebble_1251
mush_1239
strings_1296
rock_1716
strings_86
pebble_244
dirt_688
pebble_1621
rock_1312
strings_1140
mush_1644
worms_1838
mold_1799
dirt_1794
hair_1246
mush_1690
worms_126
mold_164
mush_234
mush_1103
dirt_1595
charm_43
mush_274
dirt_849
charm_412
worms_384
worms_452
strings_558
mush_806
dirt_1362
strings_1693
rock_2014
strings_1871
dirt_2029
charm_1419
mush_1729
dirt_1440
pebble_1467
mush_165
rock_344
hair_646
mold_736
charm_1621
rock_1965
worms_1737
worms_1260
strings_1291
mold_138
worms_378
rock_1111
worms_1814
mush_1982
pebble_79
worms_288
mush_483
mush_1024
rock_1497
hair_1820
mold_78
dirt_591
dirt_1609
charm_1764
worms_1373
worms_1385
pebble_1617
hair_460
hair_674
rock_1725
lint_1854
lint_1539
mold_1768
strings_1071
pebble_1511
charm_1456
mold_1502
mush_83
lint_1067
charm_1617
dirt_280
lint_297
mush_364
strings_525
hair_751
mold_875
worms_92
pebble_204
mold_445
lint_472
lint_536
mush_805
lint_1354
mush_1812
charm_296
lint_547
rock_1448
mush_1651
pebble_1717
rock_22
mush_70
mush_454
dirt_554
worms_503
dirt_71
worms_638
worms_977
rock_1303
charm_2
worms_762
strings_2055
pebble_2247
hair_1564
hair_249
hair_538
charm_966
rock_1043
worms_18
rock_395
charm_531
mush_535
pebble_1760
worms_177
mush_189
dirt_1301
strings_1335
strings_203
mush_198
hair_428
lint_749
charm_226
hair_1156
mold_1661
strings_1811
rock_446
rock_681
dirt_722
charm_941
mold_1122
worms_955
mush_1325
strings_129
lint_1047
worms_300
mush_363
lint_562
charm_1212
worms_1575
mold_1945
worms_1607
mold_1389
mold_1483
charm_1202
hair_154
dirt_339
pebble_499
lint_871
rock_1419
hair_1408
worms_1657
pebble_1274
hair_1968
pebble_50
mold_208
pebble_228
dirt_392
charm_408
mush_408
worms_596
lint_724
lint_2029
lint_1039
hair_1957
worms_1110
strings_1358
hair_1450
lint_2049
mush_1954
strings_983
rock_1699
mush_1047
rock_1488
lint_353
dirt_917
mold_1003
dirt_2011
charm_1503
mold_1796
hair_1024
pebble_1495
lint_1662
mush_1820
dirt_15
mush_280
lint_777
pebble_834
pebble_920
strings_926
lint_1292
charm_1262
strings_1248
dirt_1706
mush_1731
charm_1783
pebble_1351
strings_1611
dirt_1071
charm_1266
pebble_1227
rock_1368
rock_1973
charm_1200
lint_1392
charm_1020
pebble_99
charm_1221
lint_1550
lint_977
hair_1816
hair_42
pebble_277
lint_1276
mush_627
charm_636
rock_1027
rock_1483
strings_1445
strings_2048
strings_2234
worms_2283
worms_2346
lint_2499
worms_2383
charm_2450
hair_2581
strings_2732
hair_1332
dirt_1991
dirt_2106
mush_1918
rock_1328
dirt_93
pebble_385
worms_483
mush_596
dirt_742
mold_1277
charm_1643
strings_1740
mold_2039
hair_1146
pebble_1201
mush_920
lint_1783
rock_444
strings_594
dirt_1732
hair_1932
mush_854
worms_1180
rock_1702
lint_161
dirt_210
pebble_656
dirt_821
worms_1624
charm_1743
mush_371
mold_423
mold_188
hair_348
worms_735
mold_929
dirt_1842
mold_1931
pebble_196
hair_634
strings_846
strings_1279
strings_1261
rock_1816
pebble_1933
worms_1778
rock_132
hair_297
lint_968
hair_1925
hair_273
hair_680
mold_836
strings_1503
strings_1662
strings_2067
lint_2209
lint_2387
mush_1108
mush_1208
pebble_1066
pebble_1562
charm_1782
mush_1497
pebble_629
dirt_943
mush_1738
charm_1790
pebble_408
rock_644
mold_905
worms_1544
worms_1192
mold_1292
charm_1644
charm_47
charm_649
mold_775
hair_952
mold_23
strings_110
rock_306
rock_887
pebble_1304
hair_1335
mush_1271
lint_1533
worms_1244
charm_118
dirt_2268
rock_2419
worms_2617
charm_2877
dirt_3068
hair_1521
mold_1168
charm_1154
strings_1759
worms_1409
dirt_2021
worms_571
mush_1665
strings_1059
charm_1057
mold_1370
strings_1550
pebble_1554
charm_1531
lint_1838
rock_1405
charm_1882
charm_1899
strings_1840
lint_1151
pebble_124
charm_230
lint_1437
lint_1989
worms_76
hair_1435
rock_31
charm_202
mold_652
hair_981
pebble_1541
pebble_474
dirt_974
mush_1753
charm_1064
dirt_16
dirt_122
mold_165
mush_261
hair_2426
rock_2706
mold_1142
pebble_1239
hair_1188
worms_1115
strings_1306
worms_1014
dirt_51
hair_820
mush_1050
hair_1625
mush_1484
mush_1308
dirt_2081
dirt_1065
worms_1736
worms_1794
charm_1222
lint_1503
mush_493
worms_597
mold_981
rock_317
pebble_561
worms_1708
dirt_83
worms_522
mush_793
rock_821
dirt_1025
strings_1605
charm_1291
hair_923
rock_1625
rock_1730
lint_1769
strings_1881
pebble_814
lint_2240
strings_2317
strings_2636
lint_2773
pebble_1622
charm_995
strings_1711
lint_2035
dirt_1564
rock_1225
pebble_727
pebble_747
strings_738
worms_958
worms_1493
lint_1875
hair_413
rock_488
lint_1439
strings_359
lint_483
hair_760
charm_1719
mold_1832
rock_42
charm_98
charm_468
mold_829
mush_932
dirt_1014
dirt_807
charm_791
pebble_504
worms_2401
charm_2505
mold_1451
dirt_1587
strings_1569
rock_309
hair_452
strings_1003
dirt_1281
worms_1420
pebble_1710
mush_59
charm_255
mush_495
worms_1047
strings_1031
worms_1308
dirt_1390
pebble_1277
strings_1419
rock_1933
strings_2051
strings_2203
pebble_2316
lint_2450
mold_2537
hair_2625
lint_2811
charm_2796
lint_2903
dirt_475
lint_832
pebble_982
charm_1289
dirt_1116
strings_1399
hair_1273
strings_1388
mush_1490
mush_143
charm_577
mush_868
charm_984
pebble_2174
mush_2436
mush_2453
hair_2509
mush_2588
rock_2803
worms_350
dirt_1772
lint_340
mush_953
mush_1342
strings_1026
dirt_1325
hair_1412
rock_1543
rock_1584
hair_1423
lint_1479
pebble_1377
mush_1035
mush_1316
hair_1542
worms_55
dirt_69
hair_1992
dirt_2135
strings_2323
hair_2369
mold_2615
dirt_2789
pebble_2788
worms_2759
mush_1625
mush_887
worms_1739
pebble_1287
mush_226
dirt_402
lint_501
strings_793
hair_856
pebble_1600
mold_4
pebble_289
hair_636
strings_1402
pebble_1893
pebble_431
pebble_469
lint_11
pebble_313
strings_786
rock_1710
mush_629
charm_841
lint_1981
mush_1338
lint_1455
mush_1491
dirt_1721
hair_1459
lint_1436
rock_1734
mush_2425
rock_2608
worms_2634
strings_2752
charm_1383
hair_1302
rock_811
worms_1697
strings_1878
pebble_1324
charm_1374
strings_1516
strings_1684
mush_1827
pebble_37
dirt_467
lint_707
strings_744
lint_878
mush_888
dirt_1040
pebble_1800
hair_1485
hair_1646
mush_594
rock_94
strings_435
dirt_519
strings_580
pebble_1994
mush_1357
lint_1691
hair_259
dirt_531
mold_1785
rock_1792
dirt_1428
charm_453
pebble_870
rock_473
pebble_494
mold_721
charm_712
dirt_795
pebble_795
worms_224
strings_1224
worms_1092
worms_1145
rock_1356
mold_1436
mold_1395
mold_1876
pebble_215
dirt_357
rock_371
lint_918
dirt_905
rock_895
rock_1200
rock_1406
worms_1212
hair_1502
rock_71
strings_230
dirt_717
charm_751
hair_1339
mush_1611
rock_1109
mold_479
mold_566
lint_1128
dirt_1409
rock_1046
mold_1390
lint_1419
hair_1648
mold_1444
hair_1509
pebble_1903
lint_1366
pebble_1438
mush_1119
pebble_427
lint_1469
mush_1231
hair_1320
rock_1801
strings_1096
strings_1764
dirt_1656
hair_1346
mush_540
lint_1014
mush_1853
dirt_1694
charm_435
pebble_613
worms_1162
charm_1794
charm_1802
worms_134
pebble_462
mush_512
mush_1248
worms_1775
mush_162
lint_327
mold_694
rock_801
pebble_2036
hair_1834
dirt_133
mush_1151
worms_1731
strings_449
pebble_465
lint_1789
mold_1612
dirt_1341
charm_2106
worms_2528
hair_219
worms_523
worms_1129
hair_1877
pebble_1319
lint_94
mold_947
worms_1343
hair_1574
rock_1403
mold_1732
charm_1505
charm_1801
hair_1070
hair_1336
dirt_1289
pebble_1596
worms_1729
strings_1289
strings_1298
dirt_1497
pebble_46
worms_262
dirt_432
worms_830
lint_1355
lint_1819
rock_1505
charm_1072
mold_1526
pebble_1169
rock_1915
strings_1204
pebble_1686
worms_1801
lint_249
dirt_279
dirt_937
strings_1106
hair_1299
charm_5
dirt_318
strings_647
lint_1975
mush_1642
pebble_295
rock_416
pebble_424
hair_969
hair_1030
mush_1254
charm_1856
lint_357
charm_535
pebble_1271
strings_1271
worms_1702
worms_491
charm_786
dirt_1912
lint_2354
charm_2392
worms_2693
mush_2865
worms_728
dirt_1157
strings_235
mold_1929
rock_1691
dirt_1302
pebble_647
pebble_1302
mold_39
mold_335
mush_751
strings_1211
hair_1643
mold_200
strings_405
mush_936
lint_1264
mold_1449
mush_1790
worms_335
dirt_690
hair_1235
worms_1650
mush_2229
hair_2206
mush_2304
rock_2555
charm_2535
mold_2689
mold_2778
worms_1835
mold_1096
dirt_1813
charm_1086
rock_1243
rock_1941
strings_90
hair_119
pebble_1713
worms_426
pebble_108
strings_1114
rock_696
charm_869
worms_849
worms_1213
hair_1380
dirt_1999
pebble_152
strings_381
mush_349
dirt_607
pebble_1252
lint_1505
mold_1110
dirt_2063
mold_2181
dirt_2332
worms_2278
hair_2370
strings_2834
hair_1522
strings_1355
hair_1526
worms_480
worms_882
mush_1285
mold_1438
worms_1304
strings_437
charm_780
strings_1658
mush_1878
worms_1239
mold_1379
mush_1575
mush_1920
mush_1276
mush_1095
worms_1606
worms_1912
rock_2240
charm_2184
charm_2284
dirt_2673
worms_2563
charm_2628
mush_2777
charm_1000
pebble_395
pebble_552
rock_622
pebble_872
charm_899
mush_1201
dirt_1363
strings_189
rock_588
hair_762
charm_700
mold_884
rock_1016
strings_1379
mold_1226
lint_1205
mush_1483
hair_606
mush_617
dirt_960
lint_2135
mold_2343
mold_2357
worms_2551
worms_2576
strings_2733
mush_2933
mush_1019
strings_1510
pebble_1683
worms_1569
rock_1824
pebble_1216
dirt_1142
strings_1714
dirt_346
lint_406
lint_738
rock_1156
hair_1213
lint_130
strings_272
worms_297
mush_466
dirt_1004
lint_1406
pebble_1188
hair_1858
mush_1809
dirt_61
mush_220
mush_1315
dirt_1924
rock_2013
strings_2038
strings_2153
pebble_2326
worms_2686
mush_2951
worms_2887
hair_2
charm_299
strings_452
pebble_1009
worms_919
lint_1493
worms_1595
rock_740
worms_1535
strings_1834
rock_1476
mold_1592
worms_174
mush_500
dirt_1214
hair_1344
lint_1475
lint_1496
charm_1660
charm_1247
charm_404
mush_667
hair_1149
dirt_2569
strings_2750
lint_277
pebble_537
pebble_966
dirt_163
mush_930
mush_51
strings_114
pebble_180
rock_193
dirt_875
mush_907
lint_1440
dirt_854
hair_37
dirt_50
worms_824
worms_858
hair_2026
strings_2137
charm_2224
lint_2415
mold_2567
lint_2867
mold_1773
worms_1474
rock_1113
worms_1142
charm_1429
hair_1248
mush_82
strings_299
lint_445
mush_1159
rock_1957
mush_58
worms_151
dirt_416
strings_565
rock_809
strings_919
worms_959
strings_1245
lint_1643
charm_1398
lint_1477
mush_357
lint_604
mush_815
lint_1571
hair_323
pebble_584
worms_866
strings_1223
mold_1484
charm_1861
dirt_1179
worms_1627
hair_111
dirt_306
pebble_777
dirt_199
mush_583
lint_642
charm_620
strings_839
worms_207
pebble_328
lint_451
hair_671
charm_973
mush_1890
rock_1010
strings_1527
charm_1119
lint_1144
lint_1165
mold_1739
rock_1891
mold_1375
pebble_1709
pebble_1205
rock_1568
rock_1913
hair_271
pebble_315
strings_476
mold_634
worms_652
rock_744
dirt_234
worms_453
mush_501
pebble_781
lint_1192
strings_1787
mush_779
pebble_1989
mold_1116
strings_403
hair_416
charm_935
charm_1761
rock_1995
hair_1960
hair_1342
charm_1455
mush_1598
worms_441
mush_1142
lint_48
dirt_1024
dirt_2386
rock_2796
worms_2853
pebble_1878
rock_1369
hair_1467
strings_196
mush_488
rock_609
charm_823
charm_1047
pebble_1976
dirt_205
rock_929
pebble_1155
mush_1930
mush_1759
pebble_1114
rock_1435
mush_1129
charm_1640
rock_1014
pebble_1731
lint_1226
lint_1782
dirt_257
charm_449
charm_492
pebble_1361
worms_1307
pebble_764
hair_1737
pebble_2033
strings_974
pebble_1248
lint_1738
rock_1825
pebble_266
mold_380
charm_1486
mold_1409
dirt_1299
charm_1248
pebble_381
dirt_22
lint_35
lint_50
pebble_1638
dirt_1099
dirt_1100
mold_1503
mold_1600
rock_134
mold_154
mush_311
mush_397
worms_489
worms_811
pebble_1413
lint_1825
lint_1565
strings_1797
pebble_1046
rock_1775
hair_612
mush_853
mush_1460
dirt_595
charm_739
strings_907
dirt_1081
dirt_120
worms_215
rock_323
pebble_443
worms_545
mush_862
worms_1415
dirt_262
worms_394
charm_651
charm_669
charm_1106
hair_535
pebble_1477
mush_1457
dirt_1651
charm_172
lint_637
mold_584
dirt_617
strings_838
charm_1852
lint_1336
mold_1403
charm_1748
hair_1766
lint_608
worms_986
strings_1123
worms_1496
worms_1887
mush_1440
hair_1583
hair_1803
rock_200
charm_238
pebble_1906
mold_1134
mold_243
mush_1210
lint_432
hair_498
lint_725
mush_692
mold_160
dirt_179
mold_763
strings_701
mush_1443
worms_1629
mold_1764
mush_1612
rock_1717
dirt_1153
lint_2041
mold_123
hair_1482
pebble_1900
charm_1147
rock_1698
dirt_1695
rock_1969
strings_4
pebble_257
mold_521
dirt_701
pebble_1000
dirt_185
lint_243
mush_1478
charm_1753
hair_1091
mold_1272
strings_1314
charm_1417
mush_2364
dirt_2517
mold_2921
lint_0
dirt_145
dirt_177
pebble_379
hair_385
mold_870
pebble_1020
lint_1195
pebble_1226
lint_350
worms_346
hair_684
mush_1553
dirt_1255
charm_1610
pebble_1738
lint_522
worms_625
strings_1357
worms_1178
strings_1431
pebble_319
dirt_334
mold_382
mush_840
mold_1278
hair_1776
mush_1859
mush_1288
mush_1870
pebble_541
rock_974
pebble_1861
hair_1912
mold_1060
rock_1859
pebble_1660
lint_526
hair_806
lint_1055
mold_1355
charm_1501
lint_1670
strings_1803
strings_1769
dirt_1418
pebble_1194
charm_1341
charm_1237
strings_1352
pebble_1769
lint_1869
mold_1590
worms_1512
rock_917
mold_949
pebble_957
hair_1107
hair_377
worms_634
charm_666
charm_144
mold_630
strings_703
lint_276
pebble_425
lint_1159
dirt_1539
lint_29
dirt_638
lint_933
charm_113
rock_252
mold_310
worms_334
mush_1123
worms_1248
strings_100
lint_405
hair_1260
strings_1656
pebble_1394
pebble_1576
lint_179
hair_301
hair_331
charm_352
charm_646
rock_733
lint_1734
worms_1885
mold_2059
dirt_2733
rock_2713
mold_1038
dirt_409
dirt_764
pebble_1212
lint_1794
charm_1023
worms_1388
lint_41
lint_67
strings_775
mush_977
lint_1692
mold_1488
dirt_1402
hair_1428
rock_1906
worms_1587
rock_1009
hair_542
worms_1526
charm_122
charm_395
lint_873
charm_1276
pebble_1521
pebble_1889
strings_1880
hair_97
dirt_707
mush_816
lint_901
strings_915
rock_2003
strings_1143
worms_1654
lint_124
lint_676
charm_928
dirt_1147
worms_1483
pebble_2010
dirt_1597
rock_2106
strings_2611
lint_1524
pebble_29
strings_322
dirt_532
lint_559
worms_828
mold_954
pebble_993
pebble_1592
mush_1627
charm_1627
rock_1977
pebble_1666
hair_1767
lint_1923
lint_900
hair_1383
mush_1566
charm_261
worms_598
dirt_1511
charm_1553
mush_1924
hair_1051
mush_1726
mold_320
hair_361
mold_477
lint_520
mold_776
charm_798
charm_307
rock_731
mush_926
rock_1588
rock_1194
charm_1197
mold_734
charm_830
lint_104
charm_207
rock_352
hair_630
mold_803
hair_1013
worms_34
mush_193
mold_1522
dirt_1996
hair_860
hair_959
dirt_2017
strings_187
charm_346
hair_845
charm_1681
dirt_1086
pebble_1879
strings_650
worms_818
charm_902
mold_750
charm_910
pebble_1309
mush_1450
dirt_528
lint_678
pebble_772
dirt_1407
charm_1539
mold_1216
lint_1626
charm_1191
mold_1258
mush_1277
strings_1520
rock_2032
rock_2063
mush_2111
lint_2378
pebble_2656
lint_2696
mold_2732
mold_2750
dirt_2946
charm_2454
worms_2480
lint_2908
hair_2868
dirt_1093
pebble_1128
dirt_1379
mush_1033
pebble_1651
charm_1903
rock_1349
strings_1591
worms_1733
rock_1853
rock_1058
dirt_1484
pebble_606
charm_1400
mush_1042
pebble_1656
rock_1428
rock_1688
hair_69
hair_99
dirt_1536
mold_238
hair_792
mold_926
strings_1373
worms_1807
hair_2078
worms_2271
pebble_2658
lint_2831
charm_2734
dirt_141
mold_942
charm_1156
mush_1489
strings_1615
charm_1123
charm_1027
pebble_1896
worms_1831
lint_1596
dirt_1357
worms_111
pebble_231
lint_514
worms_825
mush_1280
hair_1341
pebble_2009
worms_1273
mush_1209
mold_1664
charm_1677
mush_442
pebble_937
mold_839
worms_799
charm_1032
pebble_1292
mold_1720
lint_1198
worms_245
pebble_893
strings_1267
pebble_1711
charm_2367
hair_2501
charm_2837
mush_2899
dirt_218
mold_396
hair_1114
hair_240
dirt_154
rock_979
worms_1829
worms_1686
mold_1291
mold_1265
charm_1939
worms_2013
rock_2279
worms_2445
mush_2659
hair_2719
strings_142
hair_625
strings_931
hair_1917
charm_1876
worms_1366
dirt_1414
rock_286
hair_1585
mold_1016
mush_1385
lint_1065
charm_1972
worms_2250
rock_2750
rock_2859
pebble_1122
dirt_1930
strings_1019
mold_1248
mush_1908
charm_1166
worms_1859
lint_458
dirt_1091
worms_1379
mush_1199
pebble_1956
strings_1805
lint_1912
mush_351
worms_925
worms_1861
mold_87
hair_354
charm_445
worms_541
mush_1469
rock_1595
dirt_451
rock_776
strings_1325
rock_1409
rock_1309
hair_1575
pebble_232
rock_837
strings_906
mold_1689
strings_10
dirt_1323
dirt_2070
mold_2012
lint_18
strings_372
charm_1158
strings_1703
hair_1011
lint_1339
rock_2004
dirt_1575
rock_1472
worms_1423
dirt_1804
pebble_603
dirt_824
charm_838
mold_1787
lint_1593
lint_1689
hair_1734
strings_117
hair_484
rock_1161
pebble_1640
mold_1998
charm_1273
lint_1343
mold_1972
pebble_2041
rock_262
lint_581
hair_938
dirt_34
rock_327
mush_315
mush_1696
pebble_188
worms_269
mold_974
strings_950
pebble_1469
strings_1756
lint_1937
hair_150
mold_409
mold_751
hair_864
charm_860
rock_983
charm_1396
mold_1733
dirt_1339
dirt_2043
worms_1437
strings_1485
lint_1597
dirt_1500
hair_115
dirt_214
charm_282
rock_671
worms_1250
worms_162
strings_530
strings_934
pebble_833
lint_903
mold_1101
dirt_1568
strings_17
pebble_85
lint_240
charm_442
rock_1245
lint_1629
mush_1576
worms_1705
lint_346
pebble_549
hair_1071
lint_2010
mold_1994
charm_46
mold_415
rock_697
mush_780
mush_1461
worms_9
charm_210
hair_352
rock_760
worms_918
lint_1057
mush_1012
worms_1815
pebble_1479
dirt_1705
worms_149
rock_694
dirt_1773
mush_329
dirt_586
pebble_627
charm_831
hair_1111
hair_1510
pebble_76
mush_87
dirt_1384
hair_1769
mold_1806
mold_2040
rock_273
rock_325
mold_533
charm_599
lint_859
mush_911
lint_978
hair_1478
rock_1896
lint_218
rock_451
worms_646
pebble_800
mold_952
worms_1438
worms_53
dirt_105
worms_717
lint_788
dirt_1562
pebble_1160
strings_1468
dirt_245
strings_590
worms_1648
lint_148
lint_314
worms_1527
rock_1321
worms_983
dirt_1463
pebble_1436
strings_1441
mush_1754
hair_1231
mush_260
mold_688
rock_930
hair_1537
hair_1909
mush_1476
rock_1201
hair_1701
lint_1856
rock_2121
lint_2279
mush_2402
worms_2574
lint_2734
hair_2930
mush_1046
charm_1375
pebble_1158
worms_1866
charm_1053
rock_1413
dirt_2008
mold_1300
charm_1242
lint_1097
lint_1668
mush_1669
rock_1873
rock_82
lint_1636
hair_189
mold_768
pebble_1168
pebble_1912
hair_187
charm_950
dirt_1458
hair_1967
rock_1686
charm_1809
hair_1018
mush_1057
mold_1979
rock_1463
strings_456
strings_557
lint_841
charm_376
rock_367
hair_568
pebble_1484
hair_1324
dirt_829
lint_1022
hair_1192
strings_9
hair_370
pebble_740
pebble_1306
mush_1905
rock_77
worms_115
mush_1474
worms_953
charm_1112
hair_1783
hair_1882
lint_475
mold_1362
pebble_1625
charm_1808
hair_991
dirt_1722
hair_1874
mold_285
pebble_211
hair_291
mush_284
strings_337
charm_382
hair_722
mold_32
charm_90
strings_212
lint_315
pebble_632
rock_756
lint_1574
pebble_1473
worms_1732
mush_1029
lint_1299
charm_1258
strings_1260
strings_1387
charm_62
strings_79
strings_445
hair_571
rock_623
mush_902
hair_1168
rock_1749
dirt_1950
charm_1557
rock_1070
hair_1464
charm_49
hair_134
mush_421
pebble_905
hair_947
dirt_1866
rock_1648
mold_2023
rock_1033
dirt_1204
lint_1682
hair_149
rock_185
worms_367
dirt_684
rock_582
hair_939
worms_1749
strings_34
worms_72
mush_142
mold_157
hair_1055
mush_1988
charm_110
hair_447
mold_873
hair_3
lint_40
strings_429
worms_533
charm_944
lint_982
lint_1184
strings_1855
worms_213
lint_411
rock_506
hair_1160
strings_1331
dirt_110
worms_745
pebble_822
strings_835
dirt_2002
lint_1207
dirt_2148
mold_2718
worms_1210
worms_1655
mold_96
charm_359
pebble_512
lint_691
lint_770
worms_1774
charm_1017
mush_1980
rock_1663
worms_1400
worms_1463
charm_402
rock_841
pebble_1826
dirt_1982
worms_1563
lint_174
mold_273
hair_518
mold_579
strings_663
mold_887
lint_1543
worms_1257
strings_1609
charm_1206
charm_1226
rock_1382
mold_818
strings_556
mush_1058
pebble_1303
pebble_1516
lint_481
mold_658
pebble_1021
rock_498
dirt_890
strings_1073
strings_336
dirt_505
hair_1427
rock_1744
mold_1289
worms_47
worms_392
hair_628
hair_1288
dirt_1369
rock_1302
mush_1171
dirt_1784
charm_1117
rock_1901
lint_1776
charm_1911
worms_1470
pebble_170
lint_746
strings_877
charm_1252
lint_1369
rock_198
rock_443
charm_562
hair_763
charm_1437
dirt_589
pebble_429
strings_524
mush_841
pebble_1355
strings_1332
charm_1508
mold_1641
charm_1705
rock_1163
dirt_1242
lint_1532
mold_72
lint_162
dirt_282
worms_622
rock_1174
strings_995
hair_1922
mush_1710
worms_1891
lint_20
rock_786
mush_1526
hair_2254
lint_2439
charm_2512
pebble_2593
strings_2810
worms_2805
strings_1761
rock_1834
worms_277
lint_778
charm_829
rock_946
strings_92
pebble_434
lint_823
hair_1772
mush_1016
mold_1078
pebble_1870
hair_516
rock_649
worms_73
strings_222
lint_1092
dirt_1509
rock_1855
pebble_548
hair_703
charm_909
lint_1490
strings_1608
mush_1197
charm_560
charm_511
pebble_1721
worms_1695
mush_571
lint_776
hair_827
mold_53
charm_715
dirt_1993
worms_1846
hair_660
pebble_671
dirt_1017
lint_1122
lint_1393
mold_1872
mush_1381
mold_271
strings_855
lint_999
strings_1833
mush_1948
mold_2270
lint_1412
mold_1702
mold_1572
hair_1544
lint_1337
mold_427
charm_650
rock_494
dirt_834
worms_1609
worms_1344
strings_68
strings_177
lint_544
rock_581
lint_1031
strings_1275
worms_1266
rock_1778
rock_155
hair_601
strings_707
lint_836
hair_217
mush_194
pebble_274
lint_462
worms_766
dirt_1139
charm_1853
lint_252
worms_495
dirt_2027
rock_1062
dirt_1625
worms_1635
mush_202
rock_257
mold_388
lint_595
strings_737
hair_849
mold_895
rock_409
worms_1610
worms_290
hair_389
mush_709
charm_516
rock_684
lint_1860
mush_1605
lint_1816
mush_2123
hair_2164
strings_2439
mush_2701
worms_2734
rock_1119
rock_1484
strings_461
mush_624
mush_650
worms_1122
lint_1335
mold_1611
mush_1147
strings_1243
charm_1482
dirt_1955
worms_1276
lint_1764
strings_111
rock_1536
mush_1765
lint_1914
hair_485
strings_875
charm_1367
strings_150
mold_381
strings_1966
lint_2294
pebble_2332
lint_2395
rock_2661
mush_2853
mush_2969
rock_1425
dirt_1306
dirt_1326
worms_1522
dirt_1877
pebble_775
mush_1229
mush_1290
charm_55
rock_176
mold_315
lint_506
rock_1336
pebble_41
rock_234
mush_1433
worms_133
lint_825
hair_91
charm_143
mush_218
lint_685
mush_807
rock_1324
mush_555
mold_726
charm_1917
pebble_1314
rock_1416
rock_278
charm_2062
dirt_2429
mold_2645
pebble_2780
mold_2796
hair_2822
strings_2899
charm_1647
worms_192
mush_506
strings_569
rock_1076
rock_1545
charm_1634
pebble_1792
strings_1785
pebble_2017
hair_236
hair_503
charm_637
dirt_1270
mold_1928
charm_1453
mush_1503
pebble_150
strings_1932
rock_2056
charm_2215
mold_29
pebble_128
charm_152
dirt_585
dirt_1334
charm_526
hair_1729
lint_203
lint_511
dirt_770
strings_797
pebble_995
charm_1709
strings_1282
charm_915
charm_1275
rock_1615
hair_100
mush_244
charm_440
worms_842
dirt_2108
pebble_1364
worms_1387
rock_1578
hair_1759
mold_1855
hair_1935
rock_1378
rock_1751
charm_1767
mold_2118
hair_2279
pebble_2358
dirt_2584
worms_2839
lint_1126
mush_1032
charm_1324
rock_666
mold_1160
lint_2075
worms_1991
rock_2301
pebble_2350
lint_2456
worms_2516
pebble_2751
worms_2696
mold_2872
dirt_3024
mold_2993
hair_1974
pebble_321
worms_636
hair_749
mold_800
charm_1600
strings_1572
charm_1285
strings_183
rock_496
pebble_633
mold_770
charm_1594
rock_1986
mold_2002
dirt_1544
strings_1610
dirt_1606
rock_1967
pebble_1378
lint_1373
lint_1799
worms_1041
hair_1365
mold_1819
pebble_340
hair_364
dirt_1654
lint_1997
lint_1680
hair_264
dirt_441
mold_1717
strings_1887
worms_128
mold_197
hair_595
dirt_819
hair_804
worms_476
lint_657
pebble_724
hair_56
hair_506
rock_652
pebble_836
lint_898
hair_1736
strings_370
lint_453
rock_586
worms_764
lint_1380
rock_1384
mush_568
dirt_631
mush_733
hair_992
charm_1034
lint_1900
mold_1564
strings_1793
mush_169
mush_290
hair_422
charm_37
lint_59
lint_589
worms_645
pebble_786
rock_783
strings_1521
worms_1341
charm_1668
strings_6
rock_1230
mush_1822
strings_1875
hair_1923
hair_1486
worms_1230
worms_1416
worms_678
pebble_994
charm_1159
pebble_1536
dirt_220
mold_1052
hair_68
strings_407
mold_560
worms_994
rock_228
hair_258
mush_485
charm_1785
hair_1679
rock_1475
charm_709
pebble_115
hair_469
lint_626
mold_1710
lint_1756
charm_1796
mush_1060
dirt_437
lint_699
worms_910
pebble_59
hair_435
rock_828
pebble_1952
dirt_258
pebble_1382
hair_343
charm_159
mold_246
pebble_556
dirt_1105
mush_787
hair_1012
lint_1182
strings_1130
mush_1946
mush_939
rock_504
dirt_542
rock_654
hair_895
hair_950
dirt_147
strings_202
strings_427
rock_629
mold_980
mold_1005
rock_1907
pebble_203
worms_375
rock_664
dirt_2885
charm_2839
hair_2851
strings_1222
mold_265
lint_988
mush_19
worms_56
mold_176
lint_621
charm_601
pebble_642
dirt_100
dirt_175
mold_425
rock_797
mold_851
worms_917
dirt_1338
dirt_1095
hair_1227
pebble_1385
hair_1902
strings_75
dirt_810
rock_820
strings_939
worms_1320
dirt_66
pebble_354
dirt_457
charm_479
mush_884
worms_1641
rock_449
charm_883
strings_1292
charm_1195
mush_1458
strings_1437
strings_1879
pebble_120
lint_311
hair_553
mush_760
worms_820
lint_998
mush_1974
mush_335
charm_578
hair_787
strings_1009
mush_1090
hair_1414
mush_1351
charm_1114
strings_1779
worms_1752
worms_118
pebble_734
hair_831
strings_1847
strings_1524
rock_758
rock_1753
hair_30
strings_18
dirt_1119
mold_1402
charm_1832
hair_1106
lint_132
pebble_314
dirt_895
lint_926
dirt_1122
hair_1744
mush_1066
strings_1579
charm_1050
charm_1214
dirt_776
mold_1587
rock_827
worms_952
mush_1079
worms_1612
dirt_2073
mold_1220
pebble_1407
strings_1062
worms_1443
rock_39
hair_1692
worms_218
lint_1234
dirt_1532
dirt_1802
pebble_1892
hair_1252
worms_289
lint_431
pebble_744
worms_1310
hair_242
strings_595
dirt_1465
mold_1580
lint_68
mush_744
mush_891
rock_1080
mold_1237
mush_1284
mush_253
mold_759
mold_1129
rock_1203
rock_1693
hair_28
rock_601
worms_1315
mush_1586
worms_143
charm_472
mold_536
dirt_1047
lint_220
pebble_858
mush_914
charm_1171
rock_265
mush_350
pebble_577
dirt_1742
strings_73
mold_1623
mush_1774
lint_1857
mush_1867
charm_1901
hair_1251
charm_1397
dirt_1978
worms_353
dirt_454
lint_703
rock_899
mush_132
lint_394
mold_673
hair_881
lint_1676
pebble_1222
mold_1598
hair_1684
dirt_1913
mush_2101
mold_2502
strings_2469
rock_2612
lint_2683
worms_1806
lint_259
strings_1328
worms_640
hair_768
rock_1808
lint_1150
charm_387
mush_951
hair_1531
mold_1924
rock_1727
rock_1621
lint_1933
mush_1387
rock_1432
mush_1391
dirt_1944
mush_390
lint_870
mold_25
strings_29
rock_122
mold_189
strings_213
mush_225
dirt_385
mold_286
worms_461
lint_877
lint_1660
rock_1780
strings_1909
hair_1624
mush_1296
dirt_1987
mold_780
charm_1186
rock_1106
mold_1939
pebble_1869
dirt_1492
pebble_187
dirt_954
charm_1459
mold_142
hair_293
hair_694
worms_1233
hair_1655
pebble_511
rock_361
mold_558
charm_839
mold_1040
charm_1652
strings_1120
hair_1867
mush_1963
mold_420
hair_828
charm_430
mold_1576
charm_1778
dirt_1238
hair_1490
mold_1815
charm_374
pebble_663
mold_985
rock_1925
rock_44
hair_346
charm_409
dirt_864
rock_1013
worms_7
mush_231
worms_318
lint_1077
rock_1464
dirt_1430
rock_1999
dirt_1972
mold_1621
hair_244
lint_284
lint_369
charm_1109
dirt_1675
lint_950
mold_1956
rock_1172
mold_1308
worms_1457
mush_1246
mold_1378
lint_1514
pebble_1284
mold_1030
pebble_1129
charm_74
pebble_357
hair_682
rock_531
mush_898
worms_908
hair_181
mush_1157
worms_181
lint_390
rock_489
strings_830
mush_1313
pebble_1539
charm_315
strings_348
rock_617
dirt_693
pebble_399
charm_576
strings_108
mold_196
lint_440
strings_700
strings_777
charm_886
strings_1154
pebble_114
charm_692
strings_921
mold_1155
rock_1576
pebble_901
worms_2125
charm_2263
pebble_2767
strings_691
charm_699
charm_1282
mush_1109
mold_1954
dirt_1751
worms_1832
mold_221
rock_823
rock_869
worms_1532
strings_190
dirt_249
worms_232
strings_354
lint_809
charm_965
dirt_1634
pebble_1942
mush_1522
rock_1450
worms_250
worms_1761
mold_83
rock_556
lint_616
dirt_733
rock_901
lint_160
rock_372
dirt_499
mush_808
pebble_911
mush_1256
mush_696
dirt_1005
mold_1015
hair_1137
hair_1931
worms_566
pebble_860
rock_1128
pebble_8
charm_76
rock_275
worms_660
dirt_959
lint_167
worms_702
worms_1204
strings_242
lint_137
lint_164
mush_152
hair_117
dirt_653
hair_1712
strings_1807
mush_1207
mush_11
strings_103
rock_30
dirt_1777
rock_164
pebble_175
rock_834
pebble_20
rock_43
lint_444
hair_676
charm_1339
mold_1614
dirt_1754
worms_1803
strings_1519
charm_1177
rock_1724
lint_1123
rock_1593
mold_1227
hair_1593
mush_1430
mold_1758
strings_978
lint_323
mush_477
dirt_613
dirt_710
hair_934
strings_1936
lint_2096
strings_2437
strings_2651
lint_3033
mold_1304
pebble_1143
rock_1458
mush_380
strings_746
charm_173
dirt_817
mold_903
rock_970
lint_1852
strings_192
rock_388
worms_1052
mold_1949
charm_1458
mush_1554
hair_1610
charm_1577
dirt_1516
pebble_2013
dirt_1415
mold_2015
mold_249
rock_577
rock_871
dirt_1543
rock_1447
mold_1639
dirt_1682
rock_1127
dirt_1669
dirt_1724
mush_92
pebble_248
hair_1652
strings_1915
lint_1115
dirt_1668
lint_666
rock_710
dirt_355
mold_716
mush_732
mold_209
mush_499
pebble_1645
dirt_32
rock_368
strings_814
mold_900
mush_1427
mold_1756
mush_1958
hair_59
charm_29
strings_338
mush_2206
dirt_2417
pebble_2629
dirt_3026
mush_2947
mush_1746
strings_1897
strings_1622
lint_8
hair_202
mold_690
lint_1272
dirt_2086
hair_1275
strings_1195
lint_424
pebble_938
pebble_1806
strings_1903
dirt_877
mold_1476
charm_1854
charm_1039
rock_307
mold_563
pebble_639
rock_914
worms_1017
mold_1247
strings_1514
strings_1089
strings_1522
mush_497
hair_861
strings_173
charm_514
mold_527
mold_1775
mush_1976
charm_1655
rock_1656
worms_1790
strings_1918
mush_139
rock_593
pebble_916
lint_2090
mold_2496
rock_2563
lint_2686
rock_2758
hair_1887
mush_2592
lint_2666
mush_2974
hair_266
mush_486
hair_1269
pebble_1526
dirt_413
worms_475
strings_883
lint_1758
strings_990
dirt_132
worms_570
rock_1305
charm_1889
hair_1072
pebble_12
mold_183
worms_351
dirt_950
mold_1398
dirt_1909
pebble_1172
charm_1311
charm_1642
worms_101
hair_2310
charm_2324
pebble_2502
hair_1059
worms_1769
mold_1132
rock_572
hair_745
mold_1105
charm_1495
dirt_1466
lint_1804
rock_408
dirt_605
rock_1571
dirt_2034
dirt_687
charm_108
mold_222
dirt_940
pebble_1115
pebble_1606
hair_509
lint_665
pebble_808
dirt_715
worms_880
rock_1429
mush_1950
mold_1563
charm_243
mush_160
charm_892
mold_366
pebble_651
strings_716
lint_747
worms_854
worms_240
mold_528
strings_1202
hair_405
charm_885
rock_1295
dirt_1873
dirt_851
mush_784
dirt_1731
hair_1663
lint_1693
pebble_1220
mold_2006
charm_2016
mold_2337
pebble_2381
lint_2425
lint_2692
charm_988
worms_201
worms_623
strings_1095
charm_2065
worms_2387
mold_2666
charm_2626
pebble_660
mush_1882
charm_1560
mold_1228
rock_1446
hair_1031
dirt_1467
charm_1696
rock_1538
dirt_1835
mold_2393
worms_2431
hair_2681
worms_2735
mold_2952
mush_2922
rock_152
hair_335
hair_404
charm_488
lint_919
worms_970
dirt_1361
rock_215
mold_746
lint_989
mush_948
mush_144
dirt_242
dirt_535
worms_1540
mush_1531
mush_300
worms_553
hair_901
mold_1668
charm_582
rock_765
mold_1344
worms_1378
dirt_2772
lint_2749
pebble_2825
lint_2988
rock_1687
mush_1752
charm_1665
charm_1648
worms_265
strings_832
lint_1363
charm_167
dirt_328
dirt_867
lint_1155
mush_1902
charm_84
strings_313
strings_1309
strings_1454
strings_1217
mush_1691
mold_2030
strings_1686
charm_1231
rock_1932
mush_254
charm_417
worms_527
mold_2027
strings_1436
mold_1605
lint_1908
mush_1117
lint_2018
dirt_445
mold_1353
charm_743
pebble_1831
hair_1954
strings_516
pebble_1295
lint_2026
charm_1699
charm_279
pebble_922
strings_1411
strings_357
worms_355
pebble_599
dirt_1250
mold_1567
pebble_359
worms_362
dirt_1036
charm_4
mold_904
mold_98
mush_352
strings_424
pebble_686
strings_810
lint_916
rock_1019
charm_1371
hair_152
strings_1562
charm_757
rock_868
dirt_1416
mold_352
lint_388
charm_460
worms_1281
rock_1133
charm_1528
dirt_18
hair_193
strings_935
charm_1442
hair_383
hair_412
mush_625
mold_701
lint_1706
rock_1722
mold_1408
hair_1305
lint_659
worms_329
mold_728
strings_1144
pebble_1632
lint_212
worms_206
charm_547
lint_133
mush_216
pebble_614
lint_396
pebble_873
pebble_1058
hair_169
lint_223
rock_217
worms_372
dirt_2010
rock_1097
hair_1650
charm_1674
mold_1148
charm_1625
hair_1824
dirt_47
pebble_48
mush_420
pebble_358
worms_847
charm_1038
worms_1294
hair_317
rock_1876
hair_1355
dirt_900
rock_324
hair_663
lint_674
rock_745
rock_994
strings_994
strings_540
lint_807
dirt_82
charm_176
mush_789
rock_1908
hair_449
mold_1531
worms_210
pebble_450
worms_568
worms_1321
dirt_430
hair_457
strings_541
mold_653
worms_267
lint_897
strings_858
mush_1130
mush_1633
worms_1566
strings_729
rock_862
worms_2388
strings_2422
rock_2541
mold_2572
mush_2571
rock_2662
dirt_2779
worms_2556
strings_2821
hair_2908
pebble_536
pebble_69
hair_410
charm_196
dirt_633
strings_1763
dirt_1715
mush_1662
lint_782
charm_1540
dirt_754
strings_1169
lint_1073
rock_1281
lint_1748
dirt_1118
lint_1867
mush_2523
dirt_2712
pebble_2837
mold_3004
dirt_1261
mold_52
rock_501
mush_510
mush_557
lint_797
mush_822
worms_868
worms_1791
mold_175
worms_171
pebble_404
pebble_562
worms_10
hair_124
pebble_137
lint_195
mold_364
worms_429
pebble_1663
hair_1523
lint_1142
mush_68
mold_198
rock_1661
mush_31
strings_65
charm_233
dirt_517
charm_499
charm_515
mold_958
mold_1021
pebble_1388
rock_2018
mold_1117
pebble_1157
rock_1169
hair_25
worms_88
pebble_52
hair_430
worms_409
lint_650
pebble_728
pebble_1944
lint_143
pebble_363
worms_1063
mold_679
pebble_702
dirt_835
pebble_1141
pebble_1339
strings_1526
mush_731
strings_134
strings_1056
worms_299
strings_651
worms_798
mush_1442
pebble_71
rock_245
lint_365
hair_488
rock_518
pebble_1855
rock_1438
dirt_284
mold_608
lint_729
strings_936
strings_305
pebble_380
rock_433
worms_103
rock_154
hair_210
lint_382
dirt_423
dirt_131
strings_1634
mold_1964
rock_1640
strings_1665
mold_1391
mold_12
pebble_90
dirt_374
hair_359
pebble_1264
pebble_792
mush_927
dirt_1383
charm_39
rock_295
mold_535
rock_676
pebble_674
pebble_1202
mold_1114
mold_1194
rock_102
charm_394
strings_568
rock_641
dirt_1746
hair_1559
dirt_1013
charm_1137
dirt_1994
dirt_1375
lint_1633
hair_1735
lint_2027
strings_1262
mush_1994
rock_1704
mold_1348
mold_125
dirt_398
dirt_767
lint_802
rock_904
mold_1989
lint_1
pebble_1189
mold_1439
lint_1815
worms_227
strings_340
mold_368
rock_677
strings_687
strings_1386
dirt_1181
hair_1947
mold_430
hair_528
dirt_785
worms_779
rock_147
lint_762
pebble_1193
dirt_1137
rock_1294
pebble_1459
strings_527
strings_725
dirt_866
charm_1833
rock_1276
dirt_1693
strings_1273
dirt_1584
mold_1301
lint_1100
dirt_1171
dirt_838
pebble_839
lint_905
dirt_1648
dirt_491
mold_840
hair_1162
mush_1728
mold_1013
mush_1072
dirt_2039
rock_570
charm_874
pebble_2119
pebble_2442
strings_2440
rock_2605
rock_2759
hair_1497
mush_1180
mush_1970
worms_1116
mush_998
hair_1677
hair_1903
strings_1555
dirt_614
mold_827
worms_1029
pebble_161
strings_638
dirt_5
mush_700
lint_157
hair_718
dirt_588
dirt_1117
pebble_1811
rock_1779
mold_1261
worms_1696
charm_1755
charm_52
mush_250
dirt_307
pebble_904
charm_884
mush_901
charm_35
lint_301
hair_756
pebble_958
rock_15
dirt_13
charm_487
dirt_508
mold_1830
hair_1956
mold_602
hair_700
mush_481
strings_24
mush_341
hair_445
lint_450
dirt_496
pebble_670
rock_682
worms_683
hair_898
hair_1644
hair_1836
strings_460
rock_541
pebble_601
mush_679
mold_826
rock_1296
worms_27
worms_203
pebble_312
dirt_464
strings_1050
pebble_1551
worms_1625
rock_26
rock_117
worms_502
lint_843
pebble_1440
hair_1507
dirt_349
hair_573
mold_781
mold_859
rock_1921
hair_1595
dirt_1266
rock_380
dirt_406
mold_709
worms_694
hair_928
dirt_1733
strings_997
lint_1925
mush_10
rock_848
mold_1729
mold_2034
lint_2025
lint_273
pebble_448
pebble_533
charm_654
charm_871
pebble_1166
dirt_1865
lint_1433
worms_731
strings_812
hair_893
mush_963
charm_1245
strings_1778
charm_1551
lint_1742
pebble_1988
lint_6
pebble_1197
rock_669
worms_624
pebble_899
strings_1592
mush_179
mold_568
dirt_72
charm_80
rock_530
dirt_340
charm_769
rock_135
mold_184
strings_232
mold_234
rock_515
worms_14
dirt_239
mold_343
rock_27
worms_109
rock_824
hair_833
rock_1477
lint_2601
dirt_2967
pebble_2933
pebble_1170
dirt_1247
mush_3
lint_116
worms_2095
hair_2265
lint_2386
mold_2709
mush_1429
rock_1176
strings_1736
rock_633
rock_672
charm_725
worms_786
hair_492
pebble_1279
rock_1939
mold_1255
dirt_1318
hair_1407
dirt_2300
rock_2791
rock_2830
hair_2790
dirt_1411
rock_1055
mush_243
mush_462
hair_1603
hair_304
lint_1341
worms_1465
pebble_1671
strings_1162
charm_12
charm_490
dirt_571
strings_561
mush_1218
hair_1719
lint_904
rock_1747
rock_1115
charm_1370
worms_99
pebble_583
pebble_816
hair_1326
hair_1831
rock_183
mush_550
strings_637
mush_1475
pebble_21
worms_337
strings_576
pebble_234
charm_242
dirt_401
mold_442
mold_718
worms_774
strings_112
charm_762
dirt_1888
pebble_539
hair_757
strings_19
mold_397
charm_858
hair_277
lint_305
pebble_1659
mold_1151
rock_179
mush_256
mold_404
charm_498
worms_1906
strings_2099
mush_2241
pebble_2342
worms_2377
lint_2632
strings_2813
lint_402
lint_593
mush_1300
pebble_2042
hair_7
lint_1036
strings_1874
worms_692
charm_814
rock_1660
worms_164
dirt_993
mush_1227
rock_1108
lint_84
mold_340
mush_761
hair_857
mold_322
hair_164
lint_1164
lint_1186
hair_593
hair_908
hair_1176
rock_1646
pebble_294
worms_436
mush_1899
strings_380
strings_1129
dirt_1824
pebble_2034
charm_1182
strings_1173
dirt_1869
charm_1752
lint_171
worms_633
mold_1897
lint_1478
charm_1250
strings_842
mold_277
charm_288
mush_405
lint_1347
dirt_1626
dirt_1709
mush_84
worms_191
rock_634
strings_740
worms_1836
worms_962
charm_509
dirt_841
mold_888
lint_945
charm_1066
strings_221
mush_727
pebble_1356
mold_1316
charm_351
mold_824
strings_804
hair_320
mush_398
dirt_498
lint_737
pebble_758
charm_730
charm_476
charm_189
dirt_285
pebble_968
lint_51
hair_339
worms_907
worms_182
mold_1693
pebble_389
hair_639
mush_610
pebble_719
mush_319
rock_875
worms_1711
dirt_14
strings_684
lint_721
pebble_1259
pebble_2291
lint_2438
lint_2891
lint_416
dirt_802
worms_1394
mush_44
charm_329
lint_976
hair_2053
mush_2132
lint_2320
hair_2250
mold_2559
lint_2659
mush_2597
charm_2715
strings_2723
lint_2929
pebble_1406
rock_2321
lint_2406
strings_2485
hair_1674
worms_1668
mush_1056
mush_446
pebble_890
mush_1071
mold_1887
charm_1464
charm_1912
mush_817
mold_1520
mush_1097
worms_1404
worms_432
hair_789
dirt_1734
rock_463
rock_166
pebble_1002
mold_1586
mold_384
strings_582
worms_499
mold_2008
charm_112
rock_417
rock_879
strings_1393
mush_1329
charm_2290
rock_2532
lint_2583
strings_2735
worms_2809
strings_734
lint_791
mold_2035
mush_206
dirt_268
mush_432
charm_742
strings_1873
worms_1428
dirt_1566
rock_1970
lint_308
hair_609
lint_986
hair_1026
mush_1126
pebble_2038
pebble_1558
mold_350
pebble_383
hair_817
strings_2117
worms_2816
mold_367
lint_422
mush_520
dirt_886
lint_931
lint_1026
hair_1261
strings_345
charm_333
mold_433
rock_428
rock_798
pebble_889
lint_920
lint_86
strings_528
lint_894
worms_807
mush_872
mush_1840
charm_565
mush_649
dirt_846
mush_785
hair_786
rock_907
hair_1475
charm_1085
worms_1146
dirt_2225
pebble_2602
charm_2572
mold_2643
pebble_2563
mold_2552
mold_2857
hair_2859
dirt_1922
charm_1012
charm_710
hair_1002
pebble_1420
rock_2020
worms_949
rock_28
hair_424
mold_594
lint_766
worms_817
strings_879
dirt_2110
worms_2041
lint_2193
lint_2314
strings_2258
dirt_2739
mold_2700
rock_2865
worms_2842
charm_2923
pebble_880
mold_907
mush_73
mold_172
pebble_237
mush_601
mold_894
mold_1169
rock_314
charm_463
mush_579
rock_928
mold_1037
mush_1394
charm_1448
mold_1549
lint_1899
mush_6
charm_248
worms_255
worms_698
pebble_928
mush_1940
mold_297
lint_781
mush_892
rock_195
worms_248
strings_330
hair_1297
dirt_1477
worms_1497
dirt_180
hair_402
pebble_676
worms_835
strings_42
lint_858
hair_1672
mold_290
lint_958
strings_1498
pebble_1481
strings_1675
mush_1062
mush_1580
dirt_490
rock_1577
charm_1467
worms_1844
gold_2418
worms_487
pebble_799
charm_1981
pebble_2525
strings_2496
charm_2736
strings_1821
worms_1495
hair_1057
pebble_1229
rock_1598
mold_199
dirt_514
lint_846
lint_963
mush_285
strings_334
hair_1264
mush_85
hair_511
mold_715
lint_1808
dirt_1332
rock_130
worms_172
worms_1035
hair_1843
mold_151
lint_334
hair_565
lint_688
strings_732
mold_833
dirt_1883
hair_764
lint_1088
dirt_1464
rock_1899
hair_58
lint_147
hair_442
charm_741
lint_260
dirt_489
rock_1804
worms_408
hair_631
worms_776
rock_878
lint_34
strings_285
dirt_1034
lint_1368
hair_22
strings_56
hair_231
dirt_981
mold_1088
mush_101
charm_117
strings_309
lint_1588
hair_585
charm_1962
worms_2197
charm_2237
charm_2441
pebble_2776
dirt_2912
worms_67
strings_240
strings_355
pebble_436
worms_714
pebble_1827
lint_1303
mold_1672
lint_543
pebble_738
hair_1036
lint_1845
hair_274
lint_319
mold_421
hair_465
hair_1207
charm_1022
hair_1809
worms_1542
rock_1930
charm_1354
mold_1692
strings_89
mold_115
strings_228
charm_429
mold_274
strings_436
hair_627
lint_743
mold_244
lint_480
dirt_686
pebble_949
worms_1881
pebble_1935
strings_1750
rock_2190
worms_2162
pebble_2299
hair_2361
hair_2490
dirt_3079
worms_122
mold_324
mush_823
rock_1374
charm_1601
dirt_1377
lint_1549
canofbeans_1542
mold_604
mold_655
hair_733
lint_1062
mush_1292
mold_1850
mush_1717
hair_86
mush_942
dirt_1038
charm_413
lint_1444
lint_733
mold_1899
mush_53
rock_982
hair_2097
pebble_2172
dirt_2532
strings_2361
strings_2465
worms_2703
dirt_2564
dirt_2637
pebble_2548
hair_2497
strings_2773
hair_300
pebble_597
lint_627
dirt_797
hair_1178
dirt_639
dirt_929
dirt_1058
rock_25
mush_113
dirt_997
dirt_1388
worms_1368
rock_2006
pebble_1064
dirt_246
pebble_516
lint_845
rock_867
charm_1824
mush_1085
pebble_478
hair_842
dirt_1615
lint_238
rock_716
lint_731
hair_799
mush_305
rock_384
hair_397
pebble_476
mold_613
mold_431
mold_739
worms_673
mold_843
mush_2131
rock_2570
rock_2923
pebble_459
charm_1624
mold_1884
strings_1961
mold_2409
strings_2547
pebble_2687
lint_2812
hair_1145
dirt_1767
mold_190
hair_477
strings_908
pebble_1564
strings_1025
mush_161
canofants_625
phonograph_2260
brandy_2458
pebble_442
mold_593
rock_594
mush_615
lint_570
hair_619
dirt_908
hair_872
rock_208
dirt_335
strings_402
hair_508
mold_640
charm_927
hair_1068
lint_1421
charm_151
dirt_54
mold_202
strings_1249
dirt_91
lint_316
rock_645
hair_695
lint_1345
hair_340
mold_514
dirt_114
mold_1023
charm_1509
dirt_293
pebble_466
mush_913
mush_1620
pebble_611
charm_635
mush_641
charm_656
worms_1042
mold_113
pebble_278
pebble_416
worms_710
pebble_877
pebble_384
dirt_404
mold_863
lint_940
rock_1149
charm_1678
dirt_115
dirt_303
pebble_885
dirt_2074
lint_879
worms_19
hair_790
mush_1039
worms_1719
hair_633
hair_2274
hair_2291
pebble_2406
dirt_2724
mold_2662
mush_2649
charm_2617
mold_109
mush_330
lint_375
hair_489
mold_1011
mush_114
rock_227
mold_399
charm_747
strings_866
charm_898
rock_1826
hair_2408
rock_2710
strings_2884
dirt_473
dirt_480
pebble_745
pebble_1500
mush_12
strings_724
charm_1707
worms_1119
lint_1270
dirt_1166
strings_54
rock_316
charm_1267
rock_1400
strings_214
rock_957
lint_972
dirt_1857
mold_745
charm_934
dirt_1223
strings_1455
hair_245
mush_430
dirt_724
lint_85
mush_302
pebble_645
hair_1150
pebble_1318
hair_1892
hair_666
hair_954
lint_1308
lint_95
hair_455
lint_1085
pebble_218
charm_668
strings_1310
hair_1635
strings_1210
charm_367
hair_648
mush_1968
rock_310
rock_1003
worms_1108
charm_1210
worms_1600
mold_17
dirt_99
rock_107
rock_668
pebble_70
dirt_256
lint_1028
charm_496
rock_1065
hair_1086
charm_1296
charm_1757
dirt_1191
hair_1206
pebble_1733
rock_1851
hat_460
pebble_1872
rock_72
lint_154
mush_221
mold_617
hair_942
worms_984
worms_897
dirt_1574
lint_2048
worms_183
lint_899
strings_304
charm_783
strings_836
rock_92
hair_356
rock_396
charm_410
pebble_635
mold_832
dirt_883
rock_6
dirt_207
worms_220
worms_556
dirt_1027
worms_1577
dirt_337
dirt_696
rock_908
dirt_393
pebble_526
mold_46
strings_166
mush_327
strings_1486
worms_96
mush_354
pebble_680
strings_799
hair_384
mold_555
lint_1435
mush_2074
charm_2080
pebble_2219
dirt_2632
mold_2647
strings_2643
mush_2851
hair_2033
mold_2665
hair_2640
cleaver_1397
ham_2353
lint_655
mold_1050
worms_1897
mold_1091
mush_166
hair_604
rock_900
mold_979
worms_890
lint_1834
strings_1233
charm_186
worms_1462
rock_5
dirt_366
lint_647
mold_1222
dirt_2072
lint_2
mold_401
worms_1690
rock_1372
charm_1689
strings_1192
mush_1588
dirt_1871
charm_187
pebble_501
lint_750
hair_1702
charm_1596
strings_474
phonograph_1576
worms_1506
hair_196
hair_709
dirt_2051
mush_655
hair_52
pebble_337
lint_730
worms_736
charm_2058
lint_2481
rock_2892
mush_2842
strings_2858
dirt_1579
lint_1130
dirt_2024
mold_1111
hair_1165
dirt_1233
rock_1049
charm_1111
worms_1097
charm_587
mush_584
worms_821
dirt_108
strings_326
mold_373
charm_779
dirt_1529
strings_268
dirt_500
charm_345
lint_374
lint_53
strings_109
dirt_158
hair_524
hat_2359
strings_145
lint_602
lint_751
charm_758
mush_1623
worms_1632
hair_1187
mush_1858
hair_1621
mush_1501
charm_424
dirt_918
mold_1534
charm_1493
charm_337
worms_347
pebble_439
mold_618
dirt_1019
lint_257
dirt_523
rock_555
dirt_2019
dirt_212
worms_193
lint_2185
mush_2370
lint_2479
worms_2824
hair_1400
hair_197
worms_435
dirt_990
worms_1207
rock_1858
pebble_291
mold_484
mold_507
lint_1607
charm_536
pebble_1766
dirt_240
dirt_719
pebble_1863
pebble_296
dirt_509
hair_545
dirt_931
dirt_1087
dirt_1303
charm_438
lint_469
rock_1791
hair_626
mold_790
hair_909
pebble_1525
hair_1633
charm_572
mold_1504
mush_13
rock_663
mush_976
charm_1223
lint_1415
strings_115
rock_604
charm_733
mold_816
worms_1369
lint_1861
dirt_2242
worms_2074
charm_2248
dirt_2440
hair_2350
dirt_2711
pebble_2931
worms_2840
charm_1167
strings_1193
mush_155
strings_458
pebble_1788
pebble_38
strings_243
rock_584
lint_727
strings_722
mold_261
worms_1126
pebble_1918
charm_148
lint_970
pebble_1012
worms_1674
worms_1172
canofbeans_301
brandy_1739
pebble_23
strings_95
hair_280
mold_300
worms_339
lint_1054
rock_1960
lint_1162
worms_1808
hair_1937
rock_299
mold_407
strings_749
worms_730
dirt_874
mush_1467
mush_2104
dirt_2459
strings_2307
lint_2634
hair_2776
hair_2825
charm_26
rock_104
rock_148
pebble_342
pebble_1219
charm_1803
rock_226
rock_620
rock_942
mush_62
rock_781
lint_159
mold_280
lint_509
mold_659
lint_720
charm_911
lint_229
mold_332
worms_330
worms_468
strings_598
worms_832
worms_194
mush_332
mold_1184
pebble_1326
hair_243
strings_257
mush_264
lint_459
lint_494
hair_1728
hair_160
pebble_235
rock_656
charm_1192
dirt_1988
rock_142
mold_1251
mush_1386
charm_1569
worms_25
strings_826
lint_1704
mold_371
canofbeans_369
strings_454
lint_573
lint_849
dirt_1263
charm_685
hair_774
heartofgold_1212
mush_163
hair_691
worms_1173
strings_975
hair_1517
pebble_763
rock_941
dirt_1364
pebble_600
rock_1861
strings_193
lint_289
charm_289
worms_386
worms_742
lint_891
rock_1346
dirt_1313
hair_1781
lint_79
pebble_311
mush_574
worms_663
strings_833
mush_100
strings_344
strings_15
worms_48
charm_1688
dirt_2082
dirt_348
hair_1389
charm_227
dirt_408
dirt_678
ham_226
lint_428
pebble_789
rock_858
strings_847
dirt_21
hair_188
dirt_243
charm_323
rock_643
hair_819
dirt_885
rock_857
rock_987
strings_944
lint_2194
dirt_2263
charm_2118
charm_2753
rock_2870
mold_3010
worms_1284
worms_1990
rock_2357
strings_2450
charm_2858
lint_1193
mold_1870
dirt_769
mush_850
dirt_1858
charm_1909
worms_196
mush_894
pebble_1130
mush_292
mush_612
mold_1771
worms_1893
canofants_1547
mush_2079
mold_2377
dirt_2897
rock_2817
charm_595
charm_1710
hair_1212
mush_1176
worms_1508
strings_22
ham_397
mush_1435
pebble_1703
mold_1653
rock_993
mush_1161
strings_184
charm_594
pebble_136
mush_551
hair_734
strings_764
strings_1045
pebble_1376
worms_1574
worms_279
worms_481
lint_561
pebble_754
hair_1222
strings_1882
dirt_183
worms_354
mold_1256
hair_168
charm_149
pebble_164
mush_281
mush_333
dirt_862
mush_79
worms_261
mush_310
hair_141
strings_185
charm_302
hair_499
strings_639
charm_713
strings_1564
dirt_1941
dirt_1395
strings_61
worms_434
lint_886
pebble_63
rock_726
strings_754
strings_910
dirt_81
strings_78
lint_187
strings_943
mold_61
worms_278
lint_367
mold_467
rock_589
pebble_1004
dirt_1021
pebble_213
mold_1001
rock_414
dirt_1934
charm_1268
strings_1186
lint_1806
worms_352
hair_261
mush_658
charm_835
lint_855
mush_828
worms_1448
pebble_1023
dirt_1260
mold_1368
strings_1646
hair_177
lint_463
lint_566
charm_675
rock_741
rock_1256
mush_517
worms_1291
dirt_1358
lint_330
pebble_667
phonograph_1538
pebble_14
mold_1175
rock_1827
mold_1594
rock_628
mush_663
lint_1577
strings_1190
strings_1647
gold_187
rock_1284
mush_855
pebble_144
dirt_812
rock_962
charm_197
dirt_344
hair_456
dirt_620
dirt_703
mush_972
dirt_2069
pebble_1365
mold_270
worms_349
rock_413
charm_819
mold_489
pebble_1442
mold_1553
gold_1469
dirt_515
hair_563
rock_863
strings_844
mush_1953
dirt_1515
worms_296
mold_480
strings_588
mold_641
mush_145
strings_607
lint_1526
charm_1014
hair_1184
rock_795
mush_943
mush_2102
pebble_2450
worms_2426
pebble_2669
lint_2889
pebble_43
pebble_254
rock_270
dirt_762
dirt_1003
mush_839
rock_884
brandy_1814
worms_651
worms_1673
mold_483
mold_360
pebble_592
mold_1634
strings_1692
dirt_1906
lint_434
rock_540
pebble_586
pebble_628
mush_813
strings_823
mold_1079
rock_1937
mush_141
pebble_821
lint_895
hair_1006
ham_1313
dirt_463
mold_1487
heartofgold_2293
pebble_1841
hair_9
mush_366
pebble_437
mold_498
dirt_1908
pebble_1724
charm_670
lint_953
strings_1061
dirt_1684
worms_1445
hair_493
worms_781
pebble_900
mold_1406
pebble_1880
mold_21
mold_913
lint_600
pebble_717
lint_881
pebble_898
lint_1398
mold_1535
charm_358
strings_490
mold_556
hair_884
mush_1321
phonograph_552
brandy_1493
charm_75
mush_587
charm_740
charm_951
rock_1084
pebble_1801
hair_74
mush_526
dirt_0
pebble_757
worms_1044
canofbeans_1048
pebble_1424
mush_1241
heartofgold_1185
mold_519
pebble_1696
pebble_1323
pebble_1947
mold_1197
mush_1431
strings_1808
pebble_189
mush_340
worms_473
rock_861
rock_1023
hair_46
rock_291
mold_940
heartofgold_2284
cleaver_1015
charm_1092
strings_1819
hair_252
rock_445
strings_723
lint_57
lint_734
mush_712
pebble_297
lint_198
mush_620
pebble_984
lint_304
mold_574
pebble_1033
hair_1350
strings_45
dirt_760
strings_419
lint_551
pebble_902
hair_894
mush_718
mold_956
hair_2510
strings_2502
hat_2279
gravy_2452
lint_419
worms_2004
hair_2285
lint_2759
hair_2688
hair_2858
lint_3031
lint_1730
lint_442
mold_1478
dirt_1254
rock_2345
worms_2524
dirt_2865
strings_2788
gold_1608
hat_757
hat_1713
pebble_51
dirt_225
charm_136
strings_386
hair_655
charm_809
phonograph_822
pebble_1092
dirt_2015
dirt_1852
pebble_1881
rock_346
mush_463
worms_490
mush_1327
rock_1398
mush_1770
pebble_2079
mush_2249
mold_2347
hair_2401
rock_2874
hair_209
strings_208
strings_602
gold_125
strings_226
pebble_229
mold_1049
mold_1022
strings_156
pebble_742
rock_1407
hair_1471
pebble_1609
pebble_1886
dirt_2068
lint_713
rock_719
mold_922
mold_267
worms_312
dirt_70
lint_343
worms_313
worms_399
brandy_477
rock_173
strings_1348
gold_1854
worms_1311
worms_1464
heartofgold_1861
hair_1841
dirt_431
lint_36
mush_61
pebble_105
dirt_259
mold_557
strings_872
strings_548
lint_722
pebble_735
dirt_1000
strings_1666
mold_328
hair_662
worms_145
lint_221
charm_665
mold_724
lint_98
strings_130
pebble_281
dirt_299
lint_598
dirt_1576
mold_55
lint_473
mush_492
rock_977
pebble_853
mold_1246
mush_1903
rock_1152
ham_680
cleaver_2193
mold_2563
pebble_2663
brandy_2369
lint_1547
rock_1094
mold_1249
dirt_112
rock_289
strings_426
worms_615
mold_749
hair_829
hair_137
mush_569
mold_753
pebble_852
lint_1674
strings_410
charm_478
hair_647
mold_878
worms_403
hair_765
mold_810
worms_38
strings_296
pebble_707
mush_704
dirt_20
strings_664
mush_1788
dirt_62
lint_296
hair_398
rock_674
lint_479
strings_529
mush_572
hair_146
strings_418
mush_547
rock_751
hair_1330
cleaver_1265
heartofgold_482
ham_2177
worms_15
rock_534
pebble_544
dirt_737
worms_669
dirt_2078
lint_141
rock_757
mold_993
dirt_1638
pebble_1630
charm_500
pebble_842
mush_903
mold_1475
strings_1586
mold_1894
mold_1372
pebble_1396
canofants_2138
charm_431
mold_670
pebble_166
dirt_369
strings_750
charm_455
mush_478
pebble_621
dirt_655
rock_8
lint_156
mold_241
charm_349
mold_403
hair_854
dirt_3
dirt_48
pebble_178
worms_221
charm_53
worms_51
lint_377
worms_616
heartofgold_747
pebble_1590
mold_1866
strings_1939
charm_2124
mold_2229
worms_2253
lint_2496
dirt_2820
hair_2815
ham_560
worms_1661
gold_1796
dirt_414
lint_795
mush_928
brandy_813
mold_1496
mush_1821
worms_1742
dirt_685
strings_805
dirt_1417
charm_1620
strings_2590
rock_2824
cleaver_686
lint_1238
dirt_2056
gravy_345
mold_1458
pebble_4
strings_16
dirt_609
hair_1120
dirt_1809
cleaver_863
ham_1229
charm_1082
pebble_309
hair_705
charm_859
charm_270
dirt_1397
canofbeans_2005
dirt_1882
charm_214
dirt_271
lint_779
pebble_784
charm_17
mush_767
rock_127
mush_465
pebble_557
worms_544
mush_711
worms_24
dirt_625
worms_585
mold_769
dirt_830
canofbeans_1046
lint_493
strings_361
pebble_658
pebble_704
rock_724
charm_820
charm_1235
worms_95
rock_546
pebble_612
dirt_1011
charm_102
dirt_351
rock_708
dirt_863
mold_998
charm_653
mold_1025
rock_99
pebble_183
dirt_198
mush_316
rock_1376
charm_1931
worms_2246
rock_2370
worms_2514
lint_2995
hair_2940
ham_815
lint_2306
mush_2265
dirt_2578
worms_2787
worms_2792
rock_212
worms_263
dirt_309
hair_689
lint_1008
dirt_1164
phonograph_2126
cleaver_1711
mold_195
hair_462
hair_1293
charm_1310
worms_1272
worms_469
ham_1393
phonograph_674
canofants_182
strings_219
charm_251
mold_370
hair_513
rock_64
rock_454
mold_1158
mold_1193
hair_358
lint_189
rock_259
pebble_524
worms_69
dirt_880
worms_841
worms_154
mush_777
worms_675
rock_1322
pebble_2333
dirt_2878
mold_1412
mold_329
mold_1615
mush_241
charm_532
strings_927
hair_987
mush_1527
mush_21
hair_698
lint_1916
dirt_2427
strings_2673
lint_3046
pebble_559
hair_1528
pebble_644
rock_1606
mold_2031
heartofgold_585
gold_875
gold_2259
dirt_2020
mold_2145
pebble_2254
strings_2554
mold_2705
dirt_2913
phonograph_1560
canofbeans_2419
rock_1011
lint_2051
dirt_704
hair_871
lint_294
mold_822
strings_942
dirt_1713
rock_2005
gold_2099
rock_374
mush_447
heartofgold_2300
dirt_1423
lint_182
mold_179
mush_1911
worms_1421
mush_94
rock_290
hair_123
lint_427
ham_1268
dirt_73
lint_391
worms_609
rock_45
mold_525
charm_370
dirt_973
strings_957
worms_1187
hair_1830
worms_170
strings_739
pebble_638
dirt_2096
hair_18
mush_277
hair_635
mold_1637
worms_1551
hat_1710
worms_1644
strings_32
canofants_1102
mold_1295
lint_1546
rock_1676
lint_2211
charm_2165
mush_2469
lint_2557
strings_2793
mold_2920
mush_1368
strings_1702
strings_82
strings_170
dirt_237
mold_354
hair_381
strings_728
rock_770
worms_883
mush_1376
charm_181
worms_613
hair_1221
worms_1376
strings_1093
pebble_751
mold_1179
mush_1465
worms_1616
pebble_739
strings_1528
worms_1500
rock_558
mush_173
dirt_231
dirt_494
charm_939
worms_1336
hair_1849
mush_1299
mush_1897
dirt_255
hair_742
worms_911
gold_531
lint_1035
mold_2231
charm_2490
charm_2542
mold_2617
charm_2724
dirt_3057
heartofgold_881
rock_160
mush_570
charm_335
strings_404
lint_1038
mush_1814
hair_1881
dirt_1928
mush_527
lint_992
ham_861
charm_1850
lint_239
rock_752
hair_874
worms_2227
worms_2308
worms_2309
strings_2336
lint_2548
rock_2508
pebble_2642
pebble_2929
cleaver_2056
canofants_2401
heartofgold_1611
dirt_1581
strings_1513
gravy_302
lint_1228
phonograph_1919
strings_315
lint_1788
hair_1338
worms_1124
strings_59
pebble_367
worms_459
strings_1079
ham_1169
ham_82
dirt_791
lint_24
dirt_768
rock_945
phonograph_1928
lint_815
lint_242
hair_286
hair_459
dirt_781
lint_1023
gold_2199
brandy_963
ham_1875
gravy_1974
phonograph_2189
worms_39
charm_206
rock_587
charm_872
lint_1009
lint_2392
mold_2681
mush_1973
canofbeans_1731
lint_233
mold_491
gold_304
brandy_2473
rock_2019
pebble_256
hair_783
dirt_920
dirt_1196
rock_1540
hair_170
mold_466
hair_1366
worms_537
pebble_1321
mold_1440
strings_81
strings_195
strings_485
rock_508
lint_941
hair_307
charm_436
dirt_468
dirt_987
mold_2
mold_33
rock_329
worms_892
gold_746
lint_63
charm_822
mush_1594
dirt_317
lint_625
rock_826
lint_99
mold_539
mush_548
worms_826
mold_946
worms_996
mold_1892
strings_2030
dirt_2438
mold_2589
mold_141
canofants_225
hair_1384
hair_108
brandy_121
dirt_1918
hat_2090
strings_811
mold_1139
mush_1552
dirt_182
charm_473
dirt_128
charm_234
dirt_651
mold_970
mush_1068
mold_2328
mush_2392
dirt_2607
mush_60
ham_716
mold_417
pebble_790
gold_1634
ham_1156
lint_2385
hair_2597
dirt_2924
mold_313
lint_516
mold_600
strings_1815
gravy_993
hat_425
lint_120
worms_140
strings_888
dirt_1591
lint_258
worms_560
mush_910
rock_747
hair_1549
charm_1959
charm_2229
worms_2370
lint_2568
mold_2638
dirt_2780
brandy_1339
gold_1506
gravy_2347
pebble_91
phonograph_2034
gravy_985
dirt_143
mush_137
mold_346
lint_359
hair_687
heartofgold_961
charm_77
worms_586
mush_642
lint_938
dirt_453
lint_564
charm_558
mush_720
canofants_2329
dirt_137
hair_143
mush_585
mush_602
dirt_976
dirt_435
brandy_924
canofbeans_1963
hair_1098
mush_532
hat_1207
pebble_125
mush_343
canofants_493
hat_2099
hair_347
pebble_525
mold_1173
cleaver_2327
canofants_756
rock_1511
mold_953
canofants_2206
cleaver_1822
gold_1020
heartofgold_1316
phonograph_1777
heartofgold_1670
heartofgold_1192
brandy_2042
mush_1874
brandy_271
worms_199
worms_589
mush_1538
mold_1971
strings_146
mush_949
brandy_1523
mush_268
lint_345
lint_822
charm_1834
dirt_395
lint_487
rock_598
phonograph_475
rock_90
mush_509
worms_1130
lint_373
worms_1060
mold_140
hair_382
rock_616
mold_678
worms_270
lint_1459
pebble_1358
lint_584
pebble_712
worms_900
brandy_1534
worms_382
dirt_1010
hair_1500
rock_1412
gravy_1780
heartofgold_542
gravy_1319
canofants_1651
charm_182
rock_222
dirt_460
gravy_1877
hair_1538
brandy_409
charm_1330
pebble_1258
mold_1962
charm_1477
rock_386
hair_1546
dirt_1620
heartofgold_2294
phonograph_129
charm_1
worms_30
worms_251
charm_1042
pebble_205
mold_358
mold_812
hair_1244
hair_1724
canofants_115
canofants_2208
mush_908
rock_939
charm_2134
rock_2567
lint_2710
hair_2779
dirt_2978
rock_2944
phonograph_896
cleaver_1178
brandy_1613
gravy_2302
canofbeans_477
phonograph_1097
canofants_1388
mush_1648
worms_258
pebble_807
mold_334
canofants_2141
gold_549
canofbeans_2190
pebble_288
worms_632
dirt_941
hat_820
gravy_600
hair_314
charm_533
worms_595
mold_858
hat_1815
hat_628
canofbeans_1059
charm_306
lint_594
pebble_598
lint_689
mush_702
pebble_220
pebble_299
pebble_1867
heartofgold_993
brandy_1751
brandy_1973
pebble_344
mush_1563
rock_1093
hat_177
pebble_68
mush_75
hair_308
charm_373
mold_305
strings_769
charm_426
strings_865
rock_1280
charm_223
worms_237
strings_658
mush_833
lint_2042
pebble_18
strings_486
dirt_744
mold_457
strings_600
mold_1583
worms_836
pebble_468
mold_692
mold_846
lint_768
mold_847
mush_836
charm_65
pebble_2864
mold_2901
phonograph_1275
hair_295
strings_768
strings_780
strings_1517
rock_1898
mush_864
dirt_1884
charm_201
hat_853
mush_190
rock_283
mold_537
lint_681
dirt_896
cleaver_665
brandy_2004
strings_178
mold_616
mush_640
hair_2115
pebble_2211
pebble_2221
charm_2442
dirt_2693
charm_2546
charm_1294
brandy_1670
cleaver_1617
mold_2091
worms_2003
hair_2171
rock_2339
dirt_2679
lint_3039
heartofgold_754
gold_2179
lint_2138
pebble_2193
strings_2194
charm_2239
rock_2347
mold_2989
gravy_1928
hair_103
worms_528
mold_727
ham_2469
pebble_98
gravy_2197
dirt_1256
mold_1776
pebble_1898
cleaver_2108
gravy_2304
brandy_1162
canofbeans_2217
hair_212
worms_234
mush_476
strings_282
pebble_455
mold_126
canofants_1717
gold_2032
lint_1042
dirt_664
strings_862
charm_1307
heartofgold_1304
brandy_1684
lint_606
strings_933
gravy_2426
hat_334
heartofgold_1248
strings_1641
cleaver_1515
charm_557
mold_443
hair_560
pebble_746
phonograph_1021
mold_1363
mold_1871
charm_1338
mush_22
pebble_370
mush_605
mold_65
charm_119
mush_552
pebble_657
rock_909
canofants_135
phonograph_1214
charm_0
pebble_270
hair_728
worms_734
lint_1632
dirt_345
worms_555
hat_2401
brandy_2429
mold_891
worms_948
brandy_1612
gravy_1600
lint_76
strings_197
worms_1401
strings_1004
hat_748
rock_1175
ham_1844
phonograph_2332
worms_417
rock_817
canofbeans_518
hat_168
cleaver_352
dirt_1664
rock_1733
pebble_1955
lint_256
pebble_286
hair_549
dirt_859
gravy_1375
hair_284
lint_961
charm_1895
pebble_892
lint_1020
mold_132
rock_435
mush_521
heartofgold_1859
pebble_640
worms_284
phonograph_540
canofants_1001
gravy_2295
charm_1130
phonograph_1452
hair_1748
brandy_1680
phonograph_1324
rock_216
strings_342
dirt_142
gold_2396
hair_27
charm_204
mold_247
mold_517
cleaver_1978
hair_121
hair_911
mold_1699
canofbeans_407
gold_1979
brandy_2089
strings_50
mush_312
mush_766
pebble_1510
mush_1660
cleaver_546
gravy_1503
strings_597
canofants_803
hat_2230
gravy_327
heartofgold_404
cleaver_1581
mush_988
canofants_650
gold_1746
phonograph_2300
pebble_2
mold_530
worms_1630
dirt_1778
charm_1916
mold_1394
mush_1542
rock_1627
worms_772
mush_26
mold_1893
worms_1333
hair_1466
cleaver_137
hair_578
rock_961
lint_1216
gold_1109
canofbeans_622
gold_1602
gravy_2213
dirt_1887
pebble_981
rock_1385
dirt_412
lint_939
mush_136
mold_620
strings_610
pebble_350
pebble_396
strings_979
hair_2061
worms_2023
mold_2147
mold_2490
charm_2472
strings_2754
rock_2903
ham_2219
pebble_2459
charm_2403
lint_2822
brandy_1443
ham_1720
mold_389
dirt_2483
strings_2398
pebble_2540
dirt_2671
lint_2680
charm_2632
worms_2756
gravy_2271
mush_205
lint_569
mold_885
mold_549
strings_854
hair_922
rock_991
charm_1758
hair_1862
mold_134
pebble_813
rock_171
dirt_305
worms_274
worms_303
hair_522
rock_1500
canofants_1099
charm_1481
lint_1714
dirt_1935
mold_166
hair_204
rock_774
rock_631
charm_811
mush_904
brandy_501
rock_7
dirt_502
charm_508
mold_526
mush_1960
phonograph_263
dirt_1560
rock_1754
phonograph_2045
pebble_419
mush_560
pebble_875
lint_889
ham_310
canofants_1084
ham_1575
canofants_1262
brandy_1192
hat_1758
gold_299
heartofgold_659
mold_499
mold_575
rock_718
hair_797
lint_1370
heartofgold_5
strings_1066
worms_256
dirt_550
strings_1272
strings_1661
rock_1878
ham_772
cleaver_1447
heartofgold_769
gravy_2422
mush_2185
lint_2287
