29590
40848
29586
25100
29596
5985
33880
2905
33898
2914
17163
2911
17179
36312
29585
17178
33896
36317
36301
14650
33882
41571
25102
14647
2903
33893
29588
31754
41565
2908
14653
41562
33895
29593
41570
31750
40843
41576
25106
2910
41569
33883
29584
5983
36314
17169
31759
31747
31742
31748
41574
36311
14645
17172
29595
41575
25116
40856
2907
17167
40855
25109
25105
41579
2913
31757
31753
17170
2902
41560
5994
29594
29592
5995
40846
5982
5991
14643
5990
41561
31749
17166
5981
29582
40844
33885
25108
2901
33884
25115
17168
2912
33881
40845
41566
40851
33891
29587
31755
33889
17171
33888
36310
14644
40852
14657
14649
29597
25101
41577
36316
14641
17161
40854
25107
40858
25103
2916
41573
17175
5987
41563
14651
29589
36308
14655
2906
33887
14646
36303
40842
25113
17174
36304
14648
40850
41572
36319
5999
2904
29591
17160
14659
17162
33894
5984
2915
17165
40840
40859
31743
2917
40849
14656
25110
2909
41564
14640
25119
29583
41568
33899
25114
31744
17164
5993
14652
33890
40853
5988
36313
25104
33892
29599
25111
5998
2919
5997
40857
36309
14654
31756
5996
14642
31751
29580
5980
2918
14658
41578
25112
41567
36318
36307
36302
36300
36305
33897
17176
31758
