F5D909M3E706
U4M729O1B080
J4F870M9T092
A1H092M7N702
K6C302A0N742
Z1Y307T3V935
G9M310K9L838
L4J411F8N668
M1N093J0U041
A9N808B8H333
X0K628S9L770
B4I021J8K949
H8Y291H2U752
Y7P198M5V147
G2J271M6K240
U5A413H1S243
N3H873T4G127
A6W490O0R131
Z2A149W6K803
V1K717U7C127
C1R451K7H068
O7A081T2B616
C6K261R1S229
T4B082I5N916
S1S325M3J314
N3X507F4D648
R1Q749X7Q540
G0N231A3Q764
B7W314P9C924
F6M521P8D488
J8P924E7B293
B8P732D8K602
E7R278Z5V938
Y6H610M4Z017
I0G922K2N635
M7B996A0I550
J3U683E0E552
A3M682P1V100
V2D206A1E006
S4J674V8H645
G0P009L2L617
X4I062V3H922
C7O053A3M443
O5R527H4X503
F8L025H1D270
C4V360P9H192
Y2N082H5J872
S2Z656D7Q161
G2M772D4R048
D7H166O0K900
D6K743L3K627
E6F959K3O742
U2G683G4K936
D0H982B4L744
O2E843O1J462
U9Y171S4K511
R6G857V0C398
Q6S948C7V086
F5T337O6O399
E2H738T4I250
E7P431X7V131
O8K648T6B945
O1B819T0M530
U9C076L0J856
L9P202O3A249
T5I694N6S030
F7M566U8Y335
X6I012U8H920
A8N162M5A696
R6D692J3G116
L6W456X3K810
S7B387H3B654
H4J730Y5T094
U6H652H2T471
P0S404O9Q570
L5F805Y0W014
T3E225O4Z275
R6N949K1O314
T5Z313R4I386
I6F223V6O733
Y8X997G2Y001
E1Q263K0W270
E2P472P6Z496
G4C524B6V087
I1J119V0Q845
U6Z368R2W673
B5D979S1N081
H9I166H0E987
X2E545A3A889
N1V257G8M105
L7A443S9H094
J6Q560O2K176
G4D406N1L042
T7K404D6O159
R4B619T8B386
H9D988A5Y822
F8X459I6H596
S0W088V1N519
U8D907Z3G993
J2I384X9L110
U4L241Y7J417
N3J022L3H108
G6A328W6D647
R0F855F4R055
R0P956X8E438
A1S483F1P944
O4P374V2M797
U9R629T9X200
D6P917C7H486
Z4R731U8M277
B7U731G1H047
U6D573H4S335
T7W723F8W789
V7C948T9P491
F4O772H7D821
G4E893J9F432
H4Q538E2N401
G2Q542H5H686
O2U010Y0F176
H9Y673L6G111
G5K535P7T204
X5E444F9V517
R4X652C9P127
P6M829J8X399
J4H815B2R087
F7M247M2N484
M3W912Y1T768
X4Q508H9H928
U0Y489I1O099
X2I122Q0P437
Y4R427V3S034
G8H798D8Y133
A2L899F4P455
M7W204O1Z213
J2M817W0R175
R8F650I5I713
A9T696O7X057
Q1N403L2A215
O7A806Z5I329
L5F311S9A999
G8D264Q9F587
S4L273Z2K402
Z0I466T4Z840
R6O896S4N922
Y6O350I9Y587
A9Q960T6A474
S6O896B3A536
T8Z880H8N992
S4A324U7W429
J2H420Q5E631
A5V592A0U548
E2C863W9Q290
U4W674H7U363
N7D491P8F046
H8B542B4S171
G1R460Y5J097
B9E641A9G825
M4C112D3H355
W1V324Z2N480
R0Z973Z5J596
Y3A793F7Q842
K3B744T1Z566
J9Z132M3U366
T2W115X1W378
Q1N384H6Y766
H4E273H1F265
Y2A406E7S811
Q0Z996A1Y003
W7K968S9U154
P2Y215C1B918
D4C340V8B461
U3G862N8J503
G8P572Z3V709
A9H367C1V158
B4S742F2G026
O7T606D4A697
Z1J507F9I242
C8O972A8T891
N1W780I2R500
F8H601T9M452
V7T228C9V405
I3T860A2E347
Y6O432B6A733
Q1J994N1N404
X2X041V2J308
H3O348V6J897
J7U149U2M991
I1F694U6F466
E2H235D4G731
S9K758S0I899
Z9F271S8E389
Q0O842B0D762
T3F573C5C201
D9A911I6B074
Q5J180S4A571
V4A534X9B812
Z3A278E6E121
O5H800M3D299
H1I729C1R134
X2L392P0K056
B2U030N9Y173
E7L514N7J156
Z3K093E1O061
M6V215S1O612
N0V430D4P785
A7O240C2S435
Q9Y266O4D492
M3J343G7Z071
X0Q518V5W164
T5O069D9O366
U5B260Y9T026
A8E558Q0A793
U5I460Q4G709
O6Y096K8C335
T1T531O0H018
L1W296E3T630
F2U922G9J485
P9M166R3C624
U1D764M8A499
J3T597Z1L781
P4N409Q6J848
Y6H163I2Y320
U7C019J3L884
I1O004T4X724
V4T518Y2H677
B8N739D1I807
S9M936E1Q830
Q8T710X3L247
M8Q726X2J378
R9N929Z2L818
N3N293Q4J055
Y6A042G7W853
P6O965V7N649
S7F143F7C399
P9C575X2Z359
V7T510B1Y837
I2I957X5Q785
P3Q881G9S063
G3W976R5V844
F2Y557B1D412
P6S397E6C144
D5Q144E7W523
D8F876M7R163
M3J733N2C019
S3I178K0H855
M8R438N5I605
X9W879I3J385
S1I937N3K568
H6G976E1R446
O0M028G9H242
G6O143U5X693
U7M291X2V049
H3X660H4V054
W6W986U5A357
T8T418D2C708
G6F997V1T608
N8A536G9C607
X3P756Q0Q457
K0K762T4C302
B1W338U2Q947
A6Z004W0J591
S1Z887U4N106
X5H459B9R528
K4E322A0N314
P5D533W1J543
T3A675U1O436
M5L102S3M322
K2K934K8I749
L0G600X0D785
N1V988N0H199
B1C857J6V529
S5K580O3N032
H3B719S1B308
K9Q681V9P696
P9J859B6L748
L8L413Q9H641
X3D763M6B066
A3F715R9X140
W8K519R2W148
C7S327F4K892
G1Q062P7E196
K7G481K3R881
R0T551R6D753
P4K475O4D072
N3B402J8R260
S8W553Z5Z415
X5A918N5A495
A9S906L2C157
B2B931M5H138
C9T752R4I972
M0M431A4E770
L2H319K4G739
L6Z422I9B945
A1B228P6Z552
V5Z108M8B828
E5K425E9R927
S5P649T2N414
J6Y521U5N717
T0H925K1J957
A4H160Z8Q053
C1K887P3F483
G0Y576T5P428
H7Y319O8F849
G9F558V5R283
O1P423Y3A557
W0N413N6V191
C0Z722K2Z882
D8P315A6Y124
T1G647M0O331
I5V898I9D876
E1O496R4V098
D4C036V5N198
Y7Z252B0P216
U8D300X3O109
U0P104I9F845
M4I104I5K498
S4U752K0B681
Z8C851C3N111
A7Q519B2F092
N5Y318O5Y516
T4I228J0I905
W8I258N0U996
R2G008U1R355
M9U332A0T229
X5K227O9A246
Y3S652B8P297
L4A645W9P197
Z8D511A0E747
E5A812K1O527
W0U829Q7Q740
Z7L175R5S441
J2G147J0Z366
G2G230S8F642
C7B460N6Y450
R5M349Z0R714
N7Z433K5L292
I2Q331F1M011
C8E508K7U507
H1H941Q8N264
B0K953G9B707
T5Q995R9L636
S8R590R2Q095
W7U923L9H577
A7P667G1S182
I7Y362I3I839
E1Y318E2Q288
V4V838D9O468
E8L199Z6T187
X3X732A2C037
Y9M436M8P897
T7K865H3S659
I2T743N5E957
R5G956S9Z106
X1I839P9P282
T3H896X6C990
X0A362I4W632
N8W413H5A106
Q7S469J2X766
J7G399D1J169
R7R051H4I079
V5E134I8Q505
S3L374I7U959
F1Q087K0L099
U8B025M4V137
I2H697P3C980
Q2I502W5G971
E8A718K5I493
G8N009J9T460
Z9W884R9B101
X1S474N7Y134
X7L735T5K509
S7I431E7B981
X8C441E2C280
M5O627X5Y559
Z1K276Q2K535
M2Z673T7V245
O8T859O1K276
P1S724D6E355
Y5G095Z8V913
K2O362B9D101
H4C392C4J557
E0W074Y4B018
F1F987V1G660
Z9E758D7U987
F2E637A2D778
B5F379X9M568
R8M883Q2Q173
E5C069F3E055
U5N541H6E392
I6I632W0S199
Q6V384H2W575
Z1L071T4C697
C4O334J6P733
I1I204I6J950
I0N105F9Z384
H8R403S9D517
P5O283O4M616
A4Y886A1N060
Q2Y539L4I358
T6M170P0L836
Z1Z600K1B428
D0A932Y2G566
N2S467O7K101
S9V249W7X625
F5X389J8T528
F9K430D9T963
O3K294E2Y779
F0Q650V3K814
J6H627K8S112
V4T937F8R725
A9L962H1H854
R4S806S1B059
E3X862J4V255
Y4D061X9Q204
R6P402N5R730
F1U749U6N219
N8M589V7X002
R6L057J7H217
P1R667L8L695
U6P142I5M108
E8F596A8Z277
K3L278K1B045
J0R906T5O334
M8N104N5Y669
U0L859T1S027
I2I779M6N406
T4X883K0X458
S9V786K6R831
G9B583X2H210
E5T385M5D540
Q7E982B0T300
E1I854O4U417
C3O823E2S216
C5T859I9C612
Z8O172Q5H194
K8O831J4T218
F9Y427Z2L366
B5S551U4L714
F5I649Y3P320
J7V521H7I864
Q0M616I5D749
C7Z742Y3V833
T0J967N7M745
O4W568J6L363
F6B853S3E117
V3W760Y9S784
B8U083H0M214
B5I467R1I536
O8B424J8D412
U6J326I1C176
Y1M698J6V694
S9S659C1N388
C6H163Z1T469
Z4F746D7N459
O3J095D8M082
W7W015I4U690
E1A294H5B179
Q6R673L2D732
X6Q588N6H501
T9S033V9E636
I8H862X9I114
O3E992J7G374
D2X002T1E051
F7E419L7I166
U0N174H8W903
P6G677V1U372
R3I226N2Q635
Z2K240B0U064
W2I190I5Q644
F5M295Z0M769
S8C883T4R485
B5Y759S0L331
Q9M933D2K508
T7I360Y6P835
E0A213X8C676
M1D585V3H134
A9P056F2Z558
D7T521C0S128
M3N771J1U111
G6L118O8N838
I1R491C5U049
X0F905Q5W474
J5V855A1R597
N5Y016L7E171
Z9I562F9L743
L7T393L7U947
J5Z543I2K025
O2F896V1O535
U5I073O9G275
T4R432Q8I817
A3R662T1A800
J9L228F7D620
I8O971S3I064
Z2P694G0O300
G1R791F4T991
Y5H149C5H041
H8G150Y1A586
P9G873A9G185
D9M024L3D334
Y7E932N6R873
D2F856T0B307
T4V910F0B319
F4S063Q2A609
U6J218V9R237
S6T449A2N530
K8K315Y3H130
M8M557M2A253
I4J825Z3O428
V9J511E0I931
G5U062S6F757
Y4O746U7B727
Z1M970M7M667
W9H330K6M704
S6V325K9I048
T9V154J9G893
Y1G618F9N271
I6G266B3A521
R7M742A7D932
B7O071F7M526
I2A606K5U769
W3Y649F9V506
J7E801K9K567
Y8J232F2A460
X3Z563G1R100
L7O789T2E905
Y8J181E3Z614
V3P159Z5N778
W3F290B1O437
W6Z597Q7A800
Q4Q199E7L484
J7A127J6R056
V0F322P8K457
A0U532K9E723
V2K139P4Q998
Q3I811I6O390
X5L520L0Z969
A1E554N0T388
K2Q884C1M681
I9O999P7Q081
B8O865E3R565
U8J780M9H037
O5U032Y5O493
M5J147U6R277
I1U096Y4J663
P0G557Q0S128
C3S917D0W466
K5A204K0V399
O9R099C3G674
K8L247E4M326
M0W990D7V120
U6B678F1V031
D2C600I4R060
W7Q842S2A498
H6U010Z6A498
X6C674Y5Q129
T2B861Z1Y095
E7E012K4F232
J9H510J7S917
Z9F887N6V643
M6Q100Q1B979
E0M259C6I206
F3E866H6E489
Q9B359N6I455
A3M789C8H411
E4Y924E9A486
I8A827F7V919
B1Q352Y4J663
I8R455P0S544
I6L031B3Z901
B6W181Y1O671
Q2J725O8V411
J8J075L4U641
E2G732J0O343
J4F010J0X159
U3Q060W5W101
S2T401N0J212
D1O023S4R119
K6S820W8E679
S8Y455B5I301
Y6S278O5W902
X0H617B9I841
R2F969K5Y761
U9L102U6C237
I8S046N3A739
X7Z864Q1E302
D8T786W4H296
U8O531O8F799
N3O548G7E935
I1Z956O5T802
G1O814E0C338
Q6N706A5U294
R5K920R1H589
B6F892Y3W159
O8Y763W1O346
Z7E209N7Z377
P2R087B7V100
U4W138P3H792
E6X720G3L971
T3H089V6B475
Y9T918B5S794
A3F220P9X137
L9L757T4J344
B4S469A7L685
H0D509J5A750
J6N535U6U535
A8R351Z6S991
W9B068D1I192
B0X726N2Q977
U8M580V4C780
I9A392I0A977
J7J030Q3N447
N9R686K9H897
D9U123L8A294
E8P318S9Q547
F9L850V8B556
F5F065H2Y810
P0A815T6E788
I1J787A5F196
D4R705Y9G351
F8U103N0T037
S2L050M3A027
B0F547H2S268
E1H076F1C640
J3A545B5C211
H8E302P2U430
Y3T890U5G705
L0O621G0B224
Y6P058V2X794
V0V280I1C570
O6F096K2R183
A7O510P4G004
E3G473V2V598
I4D760J2J430
H5E362J5F296
X8O093P0W634
I9W977R0H362
Z8M908V7D992
P4P239M5X653
L7Y166P4O697
H6H485H4J989
L0J223H9M364
Q9B637P2T972
I1L992F4Q939
Y6J807U4U317
F8R211J5D096
V2Q603P3C104
T0Y403E0K260
H9P284V5M682
R8C450H6H590
O7I164I8Y821
B9P785U0E082
G4Q929O0K463
U5M161G1X354
P2T299W8Q398
D7M207V1Q733
K6H410O7Y591
A5B553B6U904
K6O486O5V131
D3B642X0B147
X7O319W7N907
O8A283H2D999
Q4V794G9K446
Z4Y651R4S840
F9G175M5W381
V4C676Q9D114
A8B060A9X441
E2A324Q1P981
T9U568G7C344
E0A068O0M519
U4I027K7Z356
X0G064Q7F574
P9P233Z8S879
D1D841Q3H321
U6L858R6Z491
T0I253N5M289
S6K785A6E381
F4M106L0K089
B8C934X2F345
Q6R761U4X050
N3K059D1K146
O3D865Q2U117
I8A954O6D642
E1L254K5L925
A2H366Y2C557
Y4S227Q8A323
O2X120M6W841
P2I279C5N386
P6K941O5Y277
S0I710Y6Y033
T0L179P4T942
Q8R396V6D751
T7M325K6X097
J9O281F9F128
X8Y873P1Z301
B5A108K7K117
H6P153S6Z656
R8B809I8V580
Y5W408M4D729
U3Y360V5H539
C2D646A2G232
K8T945S7K811
O7Y642U9B429
H3S528T3W840
O1K162O9W360
J0U850A1F709
K0J422M3J139
X7H399P6R011
L2K170A4V676
H3U800Q4A653
N9B635J6A556
L9T446Q6N575
E8Q640T0I093
F0B593R3Q423
J3F492M3M513
E1B793S1S177
Z7Y738J4D160
B9J004G2Z503
Q4Q538B6W891
J9U322H1U572
J1N743F6Z783
B5T826V9P455
L6B774B4S391
J8E830I1P937
T2U736N4J835
S1N289G2C554
Q7F947E9H190
C0S876U9T598
N9X985F8E639
H6L106D0V468
E8W042F3Y085
Z7Q183N8M113
Q5L594Z4N904
T7B156R5Q503
S5Y198Y1X581
F9L968E9J730
D8O941W5T898
D7U344L1I796
C6B524J4Q818
I2Q332V0X125
K2Q247A0G365
E8H246R2T998
P8O655U4Q163
T9Z098V6V784
B7X482U9Z311
U4O133Y3W337
V7O898R7M929
J5A805H5U973
S4Q995U9X725
E0F739G0Q812
Q1D203F9Q903
D9R685Y6M085
F6M940L8S539
Q4W908B0S753
N9E721O9J291
R8B116T9L107
I3G652F5E284
V6O226W1P008
M7K232T8I425
B6I968H5D509
C8K639A7S938
M3L293Q7D134
I9O365W8T227
L1Z848D6H599
Y8F200O4P899
Q8O893H4B147
E9Z453K9U312
K9K003K9E505
I3Z277T8K491
U8A049L7M924
S4Y107L2V722
C3W052K8I599
R8K149U7J468
E4P843U2Q826
T4Q077B2M364
X3Y562M7O248
X8K480A5H394
B7E454M9N887
J4Y407J3L118
U8Y872L3T457
T8Z100G3O236
O5T725L0I179
Q1S546M8M034
T5B665G0U305
P0Q951Y0C223
H2E445R5Q728
H3M427U0P848
A8Y138J7P937
Y8V087L8V502
R9V293C4R008
M5T305N6O999
C1T212V2D940
Z9A220O0I459
X3X232O6X678
M3X280R0A059
Z7R496C6Z475
O0F763D4T808
P7K114K0O558
D6U480D0O474
P2T670A4Z208
S8N357Q2N722
L2K579S0C479
N7L866C6P904
H2E117W5U677
L6Z938I9Q736
U4K820R9Y891
A1X235M4J772
O2M990M5J805
L9Z506C4K249
U5N950Q9T468
O7E080N1G315
C0I551S8O484
J3T647I5L575
G0U770R0U078
S6Z407L6K689
G8M439Y3C688
M0M477J8B309
P8K412H5W159
T2E732U8R767
C8T209Y8O041
C6T834G6X827
P9N634N6C753
V8U538C7G313
C9U473W9K332
O6N124W1L773
R4U398U9C792
S1T303B8K868
P5T128U3N602
A3O167F1X788
S2U878Z9I575
M3D553H6C097
P8R177G4G107
U4A438P9G099
G4R124J1I923
P8P661O9Z515
H1Z652G4U647
L9Q792J3Z027
C7Q477E3W824
O0A052O7M518
G5P682E2C637
H2D371A9U258
S9H906S3T458
W3T988Z7N751
F2H927P8X143
B5W806U5J349
G9L311U9P475
F0W917P6Z707
Q4L843Y2E365
Z2D535W3Q764
C2Y822K9R736
X7O128C0H815
R5R285S7O681
E2B381W5G314
S3G611U1J916
C8F205N1T677
W5I660Q7G130
I2O235B5U970
V2S245V1L618
U8S831H5Q970
I5A756X5O461
S3K230Q1B168
D1G608V6J612
W5V513B9L950
N2W598A3N716
M3T841U3V117
G5V636H7P494
R2N524D0Z780
U6O530D0E904
E7H810K8C264
L1I828V7A441
Z7S786V6E347
E8D372C4B856
N7S785R5G526
E4F360P5M944
F6N896C8Y947
A4V823H5M467
L4C705R5E288
N8J170W9L823
T5U026E2C268
Y9X804K6Y010
K0L017V5B128
H7R306T1F147
Z1F629V5F603
Y4L006X2A615
Q2L719L6T601
D5Y818L2N366
D6R148A8L168
F0M689N9U214
S4J998V1T478
H0K447X0V026
F6S032O0F996
D5E085P4G116
W5D795N0Y474
B9T468D0F212
G5I224F2C912
O3J159L2X506
U1K829D1J174
D6C949S7O703
J2M233E7V715
F6P810E2V061
T3B657T4H827
B5R812X1T123
A6B670R9O063
K1T566Z9Y614
U7I332Z2Y337
H3R456N5L448
R7E144V1R684
M2C233A8R013
V5R752B0S249
B9I256V4U466
M0F136W1E357
Z0J500B9E066
P3R556F0J784
A7C448M5L596
Q1Z438D9V583
F1M913Z1V484
R7T790Z3A871
W0R565Z7Y392
S5P965F4Y088
M3D575O2I527
M4L658S3I695
F4G653N8K513
W2K067I6M441
J0Z546B1B511
E4L698Q6N889
V3Q036G5H420
Z0C344E5W253
J9X906C3U230
I3Z266N5G607
V9I101R9B536
P2X406M5A665
N2Q130X0P141
T5N185L2J755
W6Y538Z0Y669
K3C999A9G725
F2U899Q0J233
N3R323W0I177
O3P890P4M837
W1R162D3Q703
Q7Y281J7M850
W7R921Q8K326
L9X653L9W783
C6D040R6H116
R2I824L8V141
M6T113P7I302
C3K427U1G232
H9U986A4I094
D9S290R8O576
M7K853Z2Y300
O6H173T6W816
W4H933K4E301
W2F929B4T601
I4L016H0P580
D8B655E4N668
A5L130Y6Z031
C2J520T7K630
N2E680H1S012
O7D220V6O565
X3W749G6C529
J0M433C7L735
R7P529S1R534
L1K303Q4Y499
N9Y991V9V308
E2K152A4U752
C6A278G6C121
D5L452P5C049
R1L004N0T249
W2M363S0H651
F4V032M0U960
D4M993E0G687
S0H350Y3J176
U8W713B0X998
A9J824M2O384
Y0D986U7W363
A0D366C1U325
B8O089A8Z086
L0R742C7S710
D0S342T0X977
K3G933H1O020
Q2N483C9V994
K6U874S4F339
R4T997Y1P111
V3U616H3W630
I1T210W7L497
O8O685U4M936
J7Z524F4D866
M2R921P6N712
V8F923Z4X464
F2R670Y3N554
O0K593J4B754
T9L119O4S011
K1E006I0V713
O1K194C7D132
G3D424C9B622
Y8M898J4N682
A8P043C8I317
N0W098Q7A177
I6K250F7B193
E3D037I1U484
F9N799C8A402
L9Y775R9E266
Z2V632H6J700
K3A610Q9K851
M6P647C8Y974
P8T173M5I926
I2S456E1Q575
V4Q810M1B827
G3U177Q1V585
T0S497U5O591
M9G409I5S170
B4W458S4E494
Q8P360R0X867
W6A183I5E840
Q1U881T8R372
W8K979D7B716
P4R512D0H857
H8N985U3Y958
M2S912H5N223
K9J042E9H785
C3O586D1S712
D5S010X7A903
N4U683H4X839
Q4S020X4J363
Z5U060Y2C541
T5L173N9Z699
W9U381Q1N737
L4E087Z3T259
I1E982D9U600
D2E279X7K879
B4R323Z2A206
C7K189N1L883
K4Z325Z8C545
D0J832O3K210
C7M422T1B623
Q2X676N6Z580
V7G903G5Q911
W7C945W7E085
S3Z636X9B049
G4B852X9H551
V2S923I9S179
I8D125V5J108
O1Y912D0X371
T1N392X1S515
E0L095D4J303
E2L758T4Y792
D8L947R8Z057
H7Q526B3N929
S7P210H4Q804
Q8X401N1G590
H4M582K5H239
V0V479B7G384
P2G490X5Q213
V8P546X4N577
I4H509T9D755
T3R625G2R780
Q6L489Q1Y014
E5O601M8Y471
D9J461A5N492
N8Q904U1H107
U9M768Y1H722
A0J265H5I844
E5G223H1P767
H8B449P2R673
I1W795R8G873
A2Z040J0I902
H4X416P2G062
X2J029S9T214
Z3F484C7Y025
U1L049R1V904
H3I918C2A123
Y7Y436B7R698
E3D924Z5V021
B4V530D8U080
R3R855I0L634
R6C792M2B767
U9Z601O5C073
W3K964V8A930
Q1Q293C0A495
L8T880G3M951
U4D091K7I969
T3Z178A5B508
D9K190U9R730
F6J911E5F896
K0I997T7G887
I7W255D3S496
Y9U419W8A588
V0G171L3H967
E5G633A5W132
S0X632Q8T652
P5L204Z4F712
H3G575C7K549
L9J767H4T986
P4C610S8Z680
P7F530H2S408
Q0N734R8M686
X2X898G8R430
Z2U164J1S996
P9D713V7G594
Y7G945W6V863
J5M604N3O292
V8P118W5W336
T7L837A0E341
Z2P022X0L179
Z5L937Y6G182
W9O802E2T945
I9U821S8V351
A0G790R0X510
Y1D621L8M401
M7F787F8K627
Z5R072N7N764
K6Q009A2X571
G6P360F0X047
I1V628M6O249
J0O084B4P060
C3K693Q1R005
D2Z412J9R009
U0I473U5P816
C0G899X2C706
U0U315N3X654
Z3S593Y9I425
N5G908E1C699
K1L414E3Q531
H8S122D9L403
B4P093U5F449
F6W130M1B618
W1Z073Z0E330
L9Q165W1J113
W4L734V8K400
L8W180M3L047
H8R507K9L726
H2O484H7N727
F0Z768Q6S086
E0M507X5T644
C4V502S1L950
B4L706S1Q676
H9B268U1V934
C7Z469E5G500
K1X687R1V305
M4R760F1P119
O5I838J3J188
F0C375N4I139
P9Q627Y3R300
X6R185V0K381
J4P170T8N868
Y4Q459D3G552
G5J994U7Q998
Q9E392V7X756
L3Y348H3B359
D1N725F6A438
Q4X521F8Y401
N7Z754Z8I868
C9E178F6K676
D1U826F4Y595
D2W776N3P027
F3D106U0O767
R6D125U3S401
F9K096T0I326
W0V035L7N717
L4Y689K8M696
C6M739D6K582
G8E212H7Y881
Z3K098E3C949
T0G301V8M780
I2P769Z8J634
E3D595X1Y440
A1I572J2O587
P2C749R6U619
X6E481T6E823
C4X360V7H638
C5H292O2V269
B6R404V7D378
I3H963B1F532
O0Y452W9I043
K2J429E3K204
Y2Z161N7U379
A9S371Z9G814
R0C326L8T907
E6T921S5W682
S8Y032D5Q306
K7J422J4R166
Q1M081T2X962
J4E772K8L254
V1Z950O1B905
X5Z112L9F648
Q7U591L0G496
F4P296R4Y966
L2W873E1H972
Q5L607P6F125
R3E283X3E830
A8A590E2C477
Y0V294W7T374
Y0Q376D9G128
L8J811L7Z195
D3Q465P7K735
N0L788O6O188
C5I762Q3E012
L4H205R8V541
G5R315K6Z866
Z5T058D0A457
I3W039X4N169
E2K364F2S663
E3W524V6W921
R2H579C7L962
I3M650B4O208
O0F614K4H416
Q5C040H3B739
W4G612G9R023
A0A493H1O937
M6P597H9A720
C6E859F9P675
L5T544E9H591
Y9B266W9P617
O5S046C1I996
D1K376B7L981
K9O360X9X530
R1A011J0N679
D2O425C6C083
K0E985F0K965
G5X121I1F722
K0Z919R8O103
Z9T640E2H793
X6A515O2Q375
S8O553D0D944
D5Z322R7H988
R1B715W6P625
T9D913A7Y332
I7K635L2E250
N3B741S1X817
V4M017J1N807
L1I283T5W567
T2D488X4A825
I2T467Q2J538
F1L064E1L786
J5M569B9F045
J0Y724Y7V239
L6J273D8Q743
Z2Q126G3G057
G0E609F0O092
Q3U469W1H317
W3O464Y2G024
Y9U466R6S415
Z2I215G0B942
O4Z152U7B636
I0M584D1A050
Q6K986S0C619
X7L046V7D619
H2I915Y4L336
G6N268D7Q323
S8C843B2V609
T4D047Y1S596
G2X700L0P096
Q0J603P8G972
U5M366V4C487
J5G326K8V065
P0I312H7P163
X8H201T0M837
S0R943K8F106
N3N168T5L730
E3G880L4M930
H9Y717I3V529
N5K323A6Y687
X4N436P8L822
X0L202L3C122
I5K332R0A232
F4M556E6Y583
N4F633Y9V060
F4T239L5T380
M5Q091K2F302
N0U199D4L534
Q2P597P8X760
L4L243E7G807
I9S933Y8C020
Z7Q537I4U480
R5Z771P4Q619
W5T125N1X853
W8O236D9U398
K4K985O1G680
D2U463J3C990
K3A215H6O888
T0F888T2L992
A7Y755P6H461
F1C163G6F258
A3T900O8S738
K1S710A5X561
K9Z675H2X468
G0E982F0C819
S0B878N7Q448
F5E558G1Q080
V8J744P4V894
T6A072Z0Q393
A1J325C9E741
U7O378L4Z139
I3S231V8J868
P0H250E2A199
C2H787U5D667
M3U698K6V617
L0J090A0J853
J3B325R2K148
N5G296F5M306
I9A317R6D604
H8Q241F2A153
B5Z576U9J509
D4Z975V7T607
H3F566Q3Z448
T1L655W8Q743
A6J721H2A149
Y4J570F7S878
X4I755T9V127
O1N737N5F353
K1R276G6S344
P4M049Q2F804
O9I973T1Y773
J4P239O3D578
G6Q526I0R090
H1E262J2R050
M1T121C3D243
Q5W957O2A792
A0I995P5T175
P2K084T7W802
T9S236H4B992
N4N529F0I409
Z0Y102R9E688
F5A045Q9H522
Y2J236L2U284
J5S384F2K830
W7Y244P6K149
Z1A614U7U547
T2T209D7R688
G0K999K5H403
I1S093A0R641
F2Y964E0A346
K2R389L0Y682
J4X208C4P956
Y7T326R8F761
R0P973P5X662
Q4F597C7G394
M5G600P8B513
O5C503V6U969
M7Z273X6W131
Q0P268O6L509
E9M868S2L562
Q2B721O1J992
H6H433Z6D151
I6R678F1I513
H9N845F7X657
S1K019H6F750
D0P002T8L579
M5L660J3Y157
O0J895X0B300
V4W087O8V610
N7Z463F4C280
M9A741A6R477
O8F948T9N772
Q8X463I9W765
C1N994O9G522
W8M654E4C647
X5W067X8Y494
P2Z542T7D656
Z2J292F2F759
T0T894R3E891
I6G489E8O200
N1E618G3S644
J1N782Y3F121
S2S720K0Q274
L3H438S4Y286
V1I451L3P593
W4N075Y5L372
V4K369K4O933
R4C625R8Q100
O8K584I9Q025
D7O482B6D931
R8V729C4J325
Q9Y525Q1X738
J2Q132T8M601
B8E368Q6W714
J7P582Q3E959
U0H466R1U895
G5F739W0S651
T5A621C3F584
T8C420J0J251
L3U203Z7J870
I7G623T2R382
T2A453V7Z744
N6A788O7K214
V8C610C7K312
C4Q428D1P389
G8R765U2O169
R3E609M6S756
B8J446G8I519
T3N068V9H541
T1M831V5K592
N8G818P2Z178
X1T467Q2K994
W8G569I6X661
U5J776M7F343
Y7P007G6O331
J3L903N6F112
Q7M062Q9S489
P7B228P9G056
N0F507B9E476
S9Z806E0N790
O9B682Z9R147
Y2O746Y7U777
W5L910K3N671
V7T515C6O592
Z1D328W1O679
Y1K726I1S583
Z0J843W8Y213
J2H536V7M497
I8X842E5D471
R6V648O9M209
S2G868B8Q871
P4F230E1O528
P0S258A7J331
L2N188H3A558
N2T110X1V302
V8X858B4Q125
T4W671Z0Z123
L4Z636Z8A621
T5N179H7F291
T3H383D0P264
P4A899Y2Z958
H5I700C4R865
L0I896Q3D872
H1Q684H4G768
E4T475P5J189
O2Y498V2F451
B3S165N1H889
R6S580B3D062
H2B671G7M836
S8S014F5A381
F5U467S8I228
E0G523W6Y175
C8G786K4B153
A1L385G3O074
H0F676W6K821
V2P183L1Q070
F3K905D6Y918
G2J294Q1C172
Z0Q790I8Y276
I6I830U2A319
R2D283F5F283
T6K795R3N840
Q6R878J4E018
I8X720B6V062
J2Y964G8A184
N8N834C7T039
F4G981C1Z565
M2Q603C8O530
Q5K725P8Y888
P5X992M6H409
E7A655Z5U293
I6D117W7K553
A9V955S2Q121
W2E054G0N001
B2N649B0X748
E5G449N4V350
A9I485L6O749
L5F650V0E379
G4M778T5L836
C7C988I9F981
E1C219U2F272
K9V159J8W960
Q6Q334C1W839
S5O908Y6U814
J5M792X4R131
X3J915Z3H036
B9K215G3P767
F6J678X6T343
Y5V779J9P462
Q8B897I2S280
G0D393U8X891
T8Q479A5R745
P7G013A2Z976
E0E411U3D253
B0X999X0P639
K8N951O2S050
R8X545T2J463
E6W091U2V425
N9H412H4M316
W7T250C7S490
A2D756Q6E769
O7S589H2S346
P7C016G9X709
W6U817F6F297
A3R848M6R664
T9A751O5Q048
F5M937Z0B506
C5E516P8K121
X4L256O5D727
F3T544G8Z353
W1W513F2O127
Q4O104A5N044
V2J014B6U531
X0N086A0H311
T7M197L5A598
E1Z975C6U645
W2Y705L5P344
F9J011A0Z953
Y5X653L8B778
R8E090Q3F224
J0H769W0H241
B2B086O9M236
H7U230K1P955
A1Z032O4B349
C8V279C5M345
C0W518F2C331
T0L823B0C712
K8R894K6X885
Q3F781H3G339
M6X460F9F543
C2E336Q9F544
J7H812T6K437
G1W839I3N799
Y3Z139E4I552
P4Z452I5I634
R2I752B3N346
F7F732X0G873
X9Q798G4J975
L5R461X8V983
B0A851G8C755
S4L534L4H184
O7T515V3H627
R5O193G8H893
E7T707I4N670
E7E301E3K779
D8Q530J3A323
N9Q433O5T553
N2J438J6L223
K4B613B7T035
Y1M893H3J996
Y3Q134P1H794
S1F664F4J896
D4O754C4G981
Y3I555H9C335
Q6J477D0R234
I9L848J2K834
J8B621I7J395
H6B972H2Q748
B9L867G9O341
V4H156B1E533
C8M983E5G933
K1K920N1W551
R8W590A1Z112
V9O006T0X203
B2U178D3W431
V8V359O7B222
B6Y614F6Z080
N5Q567L9V813
T0B928C5T684
Z3R067Z8S369
F6S231G0Q352
N0Z724V4I998
E0P726D0M854
C8V366S2D129
M7R612S0P650
W2B871B8X673
Z7G173L8X903
E0C811M2L338
X7L530F2C579
T9Z584G2A749
Y7B738S4B201
U0A248P5R985
X7G601E4N875
G2Z197D1K007
Y4L766O7M879
U0A976P7O120
M5X806I6N413
U4M302O6Z362
P2F949J5I729
N1R516C8J102
C6H886I5V417
C7B386U8R336
Z9H095F2U397
H4H051P9D550
A7X054K7I803
V8T522Q5G570
Q8X692D2I298
Y5L390I9S128
L9A819L1H677
L3L990L6I928
P1E624U7T743
Y0E319Y8E475
O4Q085N0S112
S1C290Z1P402
O9K391H8W786
Y0I970J3P856
W4H173H4S855
W4I860C4F082
K9L294I3D797
F2N929C6Y403
Q2L244L0G696
S6J066W2S827
Q6K432D4H618
N4J680H9P071
O5S608L5C489
E6E239U1A184
Y1M250K6E501
I0D851I3N218
Q6N215I1I129
P1C815Y4X690
S6X162X8Q688
A7I279O6X325
C5C269X7H705
T2Y072D2R290
B4R566S5Y834
K9P237B1V718
P1L894W6Y804
V9R749B8I097
C9T037T1T002
O2V551F4M658
E1U331E9F226
G8M796D6L862
G1Q014H0H177
Q6F963U0Z794
I7A624Y3D991
P3N920I9I450
A0D041I8I619
J0Z188M3C280
R5N581Q0A477
T3L355U5Y442
D7O284U4B621
Y8I133Q4M922
S7K667F8V140
B2I756F7B957
W2C165Z4X261
B3E572L3R722
X8B535C4C484
M5B251E9N277
G9H902O8D219
V6D447H5T517
W3Y745A9R501
X3W834J9Q462
R4J144J9D371
H0U264R6F074
M1Z286T6G724
G3V252C6T822
L8E840T6P235
M3Z856K2B391
Q7F164Q4H204
C2X371G9Q126
W5G300Z1B449
L4G064N9A555
D3B393C8P025
P8P008O1C715
A2X497I3N793
T5K792H1T702
G3Z166X1U507
U5G014O8K692
N4C636X8K224
L7Z523O4Q988
B5X943N6Q705
Q6P992P9Y487
P9L479S6J922
T8B712M8L612
T6N375H4K608
K9V455X2Y123
M2L666V9W924
C6U832Z1X310
A4E387I4Q481
N0S054V3W939
N2I282C3T494
T8R651H3O519
O5U479R7A128
O9K290C4V250
H9W024H0P043
L1P021C9C400
Z0S264D3G999
X2T288D1L594
U7J642B0T643
V6E474B0L677
N0U268R3D171
V7X242W8L247
V2V509N3B535
U2D573F9M737
B7K932T0D967
N8E726Y8X404
V9U930H6X346
V3B199T9P843
P1X908U3I688
U8U806G3N732
K1O279T4Z586
J5Q919Q4O821
I4C536X5I602
Z1A443Z0H867
D6P177I3E738
N8E364E7P647
C1T052P1W794
T0W375C6R783
C2D396W2Q608
A7W892U7J003
F1W191T7X343
Q9K236X5T422
B5R306O5W499
I5A954L2U612
B7V196V8W538
Z4X552S4M769
F0Z763L8T892
Q2R739I2G544
L1E195M0Q898
O5C331L2D617
U0P569Y1E637
W9A878Y1T534
A1E128Q8D986
Q1A730F7O652
Q3C024G0G794
B5T698L5B389
U8H169T9Z552
F1K275N3F692
R1E201N2T382
H1G491B2F943
W2N698M3W291
B1Y720A7J383
B8Z412M5O324
X2U975I7Z093
F2T702R8S098
Y6U808G5L668
P4Q409A3Y113
T1Y894A0E450
I6C959C5U047
S5E897F0K047
N7J982L6I366
Q4Y563Y6F288
U4L022K7H966
D1G633D4P116
X6A319G0Q807
T8H871Z4K603
P4Z161B3N582
Y7S550H2L742
Y5Y881O2L026
U2K230B6Q781
I0R792H0S218
O1P240X2Q009
F5X840M8N537
W2A521K5H892
E5S868V3K412
V8S150O5T752
K8A435W2C401
S7S601L2O674
R8U117W8C588
U1X483O2W957
B0W266F4O438
T1Z060P3J780
A7W184C2S102
D7Z517J5P587
N6Q085T8B387
M8F195K9N573
Y2L636F1R278
B7W131Q1K751
F7W066Y5Y555
V3H152A0B714
A5W456J3R099
U6X384C0Q218
N7M971H3M405
F6R907K1H759
N5W200K8M657
V3C442U1P352
R8G520Z8N782
L5K874O9M128
R5J767V1P239
D1J664F8W837
R1N230P3A612
W3M655X7O474
O8M475F7Q896
Z2O193M3B144
K1J200X9U576
T4I997U8I701
K4D892F3I991
A0Q197U9U214
T0A156V7Y547
A4F015O4E068
W3B879J6I585
F6S659U8T337
Q0J756I1Q233
O8L469W0Y648
G1E583U4B907
A9Y875Q1T024
G0K893Y2W311
X3Z222U3T187
N8I692H0C091
W7L702L1J223
U6I078Y0K005
K0U161I8N307
A5O289D5R184
Z1C044Q9F735
J0M223O7E319
W0U299N1Y488
F4T021O5Q602
S4T321E2C533
K3D199U8I286
F3L812V0W955
H9K385S2E086
P5V513W5O054
L5U669N8V056
T7P177V4C380
I3P976X4F848
X1C557V3V421
S9F214J0A766
W9K191L1U449
R1A280E6N728
N5J808Z8P409
S0W487B6B705
R1X145J9N770
N0B381Y5V711
V7M483U3B425
M8C903X5Q928
C4A336S7V551
X1G521V5Y008
D0V281T4M712
I8N351L4Y199
Z6I286Y8G728
K5J553N3O102
I4S842X6H477
A1O972K1R759
D3F248Z4Q830
E6G705Y5O026
Z8I382R8V117
X5Q823C3A715
B5C948O2V433
B8U109V4D869
T1U432J1M009
I4W769D2B972
R9A178B4B498
I6H028T0S052
J5R824B2U340
R1V694U0U026
G0X930O8H259
D9I600N1W461
N2N298O4F309
J4Y183N4U347
P4P281O6C393
B1K017B8S124
V9X596P9L362
V1H229A4A864
F9H379O1D320
E7P642K1Y283
V6N706B3R296
X1E091Y5U362
X9H553K9G543
J6X900G7E701
T8P521M4C647
A8B166K7P051
I3O770Z1I752
M2L360C0N409
T4W959S6O491
O5I551D2L718
Q5O156L7S808
L0U488S2M996
D7B451M5P228
F4Y924L7G624
X7N470P1H458
Y5L592J5Y099
R3W849K3Z686
D3I297O5Z972
E2Z071W8B143
K8R356L5K664
Q4O805W5V349
N6Q258M0T616
S5P382J6K264
M9Y306D5E616
A5A107X0V216
I7O868A5D846
B0B464M9V148
G0E367J1Q302
Z1S384B5W723
O8X553X4I373
V2T562G4D559
S4A148G7S934
Y8V233Y5A314
Y5L498V3L979
I7D104Q7E097
I3B808I8F915
L1J616X5A484
I8P242S1O274
Q6F392Q4B024
D3J799X8E707
B9T436R0I601
Z6O819U8G532
Q9U796L7O248
J5K537Y3G197
R2B083C5T919
G6V098U0U118
H7F925I9D313
W7C105X4N136
M9N947K5W602
P5V673U7S863
V8U270W5Q229
Z6Y708A4F959
F3T503O7B855
G5O640J9V429
K3W852P6B940
F0C329K5E534
G9F159H8F635
B1M477K8F914
G4B091O7K066
U9Y694Z7J497
K6H606J5X155
L5W713E7E229
J2I372Y6L404
J1W691T8K201
Q9J002L1N193
V4A548W6A776
O7I508K9V542
Z3X971A1D022
J4O873G3Z018
D0F502Y2T546
L1J667U1P263
V7S410H9V911
F9U349U2H286
I8G405K8N258
L3E459Y4B239
O6V389B6Y666
Q4G055L8G954
F1R711C3S658
R8O844U4G186
A7U643J2O587
J5R610D3K877
R8O990Y6A174
X1B966G3X141
O4H265Z6E403
J2C059C5E550
U4N848S2C873
W7W982F5E435
N7E220X8U891
G9F777H4R692
V2P512G0A697
U5A318V7D510
E4F079G3G224
W2I348T3Q101
Y7J284H1Q085
H2H958X2Q587
S9D077X5E562
L3D778M0F558
W9H967R0W401
H3L909R0K982
U9P510X7E714
V7H708X6Y201
A5K531F5T482
E9G082C0G134
I0K322W5V103
Y2R150Q2M387
G2M021M3D553
P9O478W3E894
R4E201I6S028
F3J008L4W014
N8O683J6R850
F9I597C9U059
K0U878S7M396
W8S401Y5L308
Z0H593M1Y030
E5D925H5D788
Z4U573F8T933
F6H744Q0H143
E1N984K9O891
E8U275A1Q523
X6P991L5B204
U5W661U0F853
I4H503N5Q423
U0Q156N7T161
T2H283T8N880
J9F522X1D107
R5V175W0E081
L1W002J0C828
A2K031P0E582
L4B465V5H577
V3K615C4N289
G4P993N5N550
G1S511P4F191
M5S377M9V056
T8G473X4I040
F7L464T6S478
P5K040G0B512
I6F789N1I933
L3L542V0T856
V7U801F9C889
R6Z827T2A984
Q0V245I7H876
J7V170C0U221
M6W784H0L229
M0U528X3L893
S5A095E8V640
O1G312I2R204
Q4R710K6Y970
O5F470N4R850
E5O779X2G450
L4F875B8S890
U4J313E8W169
Q7F833U0J772
B8J918N4P915
I3Y433W5W527
Z4V241A0H897
A5Q178C4M008
T7O308R2E115
G6C344F1P937
K2O641O4Y332
Y8F154D5E532
M9H125F5T759
B5J743Z9S643
V1D865N6O721
F9G926X4L157
L2F350K0N257
I5N359K2O921
D5L027B3K392
M2Z977U0G168
W6E329O5Q910
C4R004I3N223
Y8T089P6B672
O8C032I7G112
F0X373Y8V153
O0W598D2A408
K1Y187C5K210
A2C362T9N308
T9L076Z6F247
Y2X985F9L785
D5O521M7P807
G4J651U5P066
H4K258D1D426
H9Q949F0H192
U8S411U3J959
E4L069H4E818
G7V133M8M709
Z8C584Q3J333
C2N602T0U568
I8P936F9Q884
G5G135Q1Z314
X2P064V1L414
O9T445A5N176
R9R196A6A401
W9A538T4J638
M5D660T3V761
D6M382M8X519
C3J101G7L393
B4K713E9L412
V4H786G6N227
I5V066L8Y739
M6I158T8R789
S5V978L8J343
S5C013V8T072
H7C775M1U512
F1U403K8E150
I1U201I7B996
Y8F737F3Z107
C0H822U2F435
T6Y814D5B863
D4N561M1O664
I4R116Z3Q549
P5H446N2X303
N7L395F9X497
Q7D910Y4L680
P1C994C5B849
R4D684I8Z371
M6E048O1N187
Z7P811G1R513
J2N742H2Z075
G3E161X3K397
S7G853L5M930
F5B410B0U879
R5A291V4P895
Q2E664A5M614
R2X881O5C090
F0Y974L3W428
D7T195W1D114
Y6I724D1D463
J9A640Q6J247
L6U539H5D052
W8V159W7G157
F1H432E9K532
M8Z967I3K334
K5M586B2X324
S6P527Q6B390
P1O181Q1V198
M0F494Y8Y635
Z2V145O2X951
V5E674V9N363
U4W843O7Y788
H3K597E8B333
W9R169X0S681
S7U646I7C112
D4E667S8I467
S4R416Y7Q889
S4R836R8D790
V4T155Y4I669
F1T135T8C266
N5M197N0J157
D2A170S9C077
O2A138Q5E204
H8P860L3U506
V3Y955X3Z796
P8D461B5N900
A8U819J4X700
C5R859D2Z772
Y3W602P0I456
O5M617L0Q366
V3T035Q2E222
G9Y511Q8S273
G4I670E4A852
N7M073M7L967
N7A192H2U235
M1B924L0V375
K5Q894G3S088
T4P987M0H450
I2P061A3C267
U8T049D3J107
I7H058R7C390
H2L965I0X877
Q7C618Y9B202
T2R614Q8U310
U5T012P2F786
P3P762G1X463
T0G249V0K610
N4B235S4O331
P4C258I0O692
V0I992R9T619
H3Y615B9U887
L5T368M7I592
D0U258B1J896
S2T338I8K923
J8G352Y8O560
Y0R435N2A885
A3Z658T0D387
N8P837O8D364
Z6J038K5K828
G2K332S9U970
J3S920B7V589
W2K700E2L696
G6I042V4C045
T2G776U1M029
H2G551Z3R745
X0U636M9I487
W5D088J5M156
K9G640D2B501
H2K656C2D937
Z6Q920B6W432
M7C066K1W923
V3X071X1D932
X3R857K8M071
S9X027W0I816
H9N612H8M755
C7O434E4M489
F5D681M2S449
A8V207Y4T636
G7P176V4U138
Q0X695S4J285
M8L315B1S734
U1R661N1T378
J4S898N8Y109
S7Q490C9J568
W1H087Y6G273
C9Q945Z9I633
O5H770K0M991
E0C937G3Z232
A0L588D8X577
R6F966U5X310
A1Q443Z6H897
T1A315K6S203
I6E680Y2P650
N7C628F0X589
D7E281F2B062
Q4U819V8N121
S8X484O4S327
D1M869U9B287
T6W833C7F465
G8I279C6R984
F2Q329O8A249
O7B911F3F100
O0E488P3L561
B9A008M0M082
S9W246O9U946
Y9M619G3U508
V1V402Q9H068
V6P071N6V354
Q7Y669F8P977
J1G673B0A863
U7H012I0O680
R8I516O4Y682
Q2P226Q9S038
X8U042M8F654
Y8N252J9F327
D5E522U6H223
H5U518K7L410
O4I057Q6A822
I8H660H3F026
C3Z757Y8V931
J2D371B5N059
A5G906L3L837
Y5X172P3Y543
V0F187F5J157
B6E489S7R043
P6M476A3O150
I9M708G5T729
X7Z902N5D058
U7W855G4V129
Q6Z719X3P797
J3Z478N6K787
E5L660J7C379
W7L438L3A222
B1G140D2O656
B6D037E3L481
U1J344E0B766
N2J024P5S587
S9M010H3D788
D8I010A1I767
Y8F410J3C287
A9N158W8R989
W5M292E4Z589
K2Q942K8I798
S9F356K6L205
A5W995T8Q269
B6Q219P1I334
G4D838P1M646
R9Y966U2A893
T8Z046B5R463
Z0L279K5C890
P8A375P7N670
J1W364C4A655
D6F103N8F487
E5H709T6D622
J8R937O2S891
Y1F768K5E898
Q3M460V5T721
X9I406U0J097
J8W976J2K962
E8T211S5D759
T5I724X1S733
W1Q041C2H448
S1B371P4Y133
Y6F127I3J542
Y7U263O0K914
G8W394M1M172
P1K552S6C150
S0N638Z6O769
O4W522A2I767
T6S215O1H108
D1O453V0P364
P0M315H2G213
E6K304R1G212
S5N411M9B928
E5S776W7X897
L6O344Q1T007
D7M603I8J653
H2J124O4D108
Y2H774X7B902
R4J894K4M027
X9G727Y2E914
M8B852E5G457
D9G892L5Y189
O1U563P2B960
R9H025I1A507
F5T437G3R967
V6G499F7E342
R8Z789A7E390
M0T585W0T524
J9K498Z8G850
E6M010A8P581
E6B571G1F880
V5W781D6K524
Z6S553R1C000
A7Z924R8J086
C5D735X8K533
D6S106W0L817
F0P473D8L099
Y1L366B8Q458
K4T628N2H404
W0N346Y8G032
C3J634F2W878
Z7F472I5F712
E9Q636H6A995
A0L995Y5I552
C0T040J0E785
R2R687G4B894
L2J580U6B333
L3W989R6O622
D9Y903O2J148
K0X795W4N734
V4D264E6Q957
M2B747F2R377
D7J239C8V353
U6W827X7R847
Y9C167T3H249
Q4N216F3O038
B7X719O3Q993
Y9R430R0T015
H7S339Z8K771
B9L945I1L235
S2H538V7Q812
K6X810A8I788
W0P461Y8L315
S3X035H9Y349
X5M787N2H876
C0W707N2T761
H3A184M7O900
Y5X367T2M092
B8F150P6F173
J3X332A2F893
O1S437W9K535
F3S043P8G888
T8V575H9I617
L7X337E1M786
O0L560U3X171
L6S450Q0W175
T7W488V4W058
I1H036Q7X323
O3M860U3X369
F2T006E5K163
W4H163G2M046
J6F651J0J114
L3S006T8A972
M1C435H0V813
R5R212R9I365
T5K377N3R290
D3Z665C8N445
O9J254E6I881
N3L832P7I666
P9Q178K8W043
U3I785T3V768
A2T759Z4P137
Y5J047B1F074
V1Y259X0T021
K4S867E3F283
O7P462T0N612
I7W833X6N243
N1K420J6D686
N2T445W2Q058
B1H097Q1D976
D9A018I6D121
X7J290L2Y439
V3U257D7A466
O5I819M2O670
W1F774V6K629
G7U728C9E391
A5F240Q5F312
Y5W647E5F020
U5L762C7M802
W3V118K8X346
R5K534D1U537
A4W577F4K918
X1X196G3R235
L4E963Z3A653
L6M409J2H193
N5U160N1R097
O9M651K7Z066
G8C475N8Z607
C1V590K0B407
N8D210T1S952
C1X745E2I471
C0O161C9P989
N3N756L7N773
Y6O017Y7E035
M5W305N7L948
G1D924X1I842
S7G923S7S808
R2L261H3L984
W2G771A7B404
B7T527K4M360
T9J584F7C618
C2L722F9A087
M9X514V6M535
G8R093G3H450
L9C314O0P726
Y2F167W4Q855
Y3R219W0Q107
D8U005N3A647
M0J232E4A443
B3K474W1T659
S0C685A3W478
E0W193F0S743
C5U492H0O947
J8C848S3Z607
K4R600E7Z084
R8W478N6T431
A7T430L8W853
D0N834G7L296
U2I976U1O577
X3O916X4C912
S6Z563B4P204
S7E131U9A883
L4B508R2Z718
Q4C423O8W688
V4C037R4W108
N2F057A9Z133
E8G370H7S466
A2E305R1K242
S6E500Y8N614
Y6R690K0C138
Q2P726O4O736
Q4O425I7K312
U4Z902K8Z143
H6E864T8H603
T7P125Z6V997
O9J013M7K363
Y0Q764V1S515
W1C379H2F517
R2Y584L2R709
S0J392Y4N388
K0T578K9L461
H7N439S5T486
B8U766H6H510
E4N969Y3D026
O1Z911E9U837
W6R417Z7T048
U2F483E3H361
N6A984G3N849
Y8F928K2C806
E4S860Y9G144
R6S110J4G322
B5T901C4G065
A9Z424B1D632
H0Y006C9V759
U0G089Q5K917
H8R783X0Z206
R3K863E2I988
N2I306L8D052
S4C551I5H277
D8R755E8X434
J1F122I3R086
T9O057U5Y298
Z0R185Z4U055
P0E809Y2N158
Y8E147E7E777
A0B018O4M333
F7W293U7S380
G7S989S2M759
O1U571U8H927
O4I147D7C647
F7R849J9Q033
S5V149B8V804
L4T631D7U151
P4E271J6I508
X5Z947P9N381
D6G193Y6M244
F9Y597Y3T038
E6N512I9O347
B2R224C7A521
R6B847M9B401
Z3Y756W8Y318
C3P383F6F953
D2O941G4X736
N1J849G7S564
U8A647U6I063
F7Y787W6D662
E2N428C6F809
W3Z822X4I554
W7T146F3K452
H6I483B8C170
V9R513B8B048
Q3P920F4R781
C3H471P1J301
U8D636T2J176
E2G028H8S323
R8X872J1E784
T4M396A6Q324
F3P630J8E791
P4G547W7X394
U2L225I2A969
P1I895O5J760
I2V973I4B357
V8L796A0C925
W2A968N5H981
A4V740T5H951
C2E351J8M548
S5N888H0V924
K7G207Z3X344
C2U588R9H761
P5T020Q5Q621
E9V876H2J025
V9K952P1R912
J1R169T2Y166
V0Y892K1O328
A5S899Y0Y012
R5O423C6O250
A2G686V7F798
L2U427D4I019
U8V192K3Q694
C9W187Y1S409
F5W207M5V586
D1S123R5L286
K7D866L1G027
X9I549K4I212
M3J702E4B340
V6V685O0P916
J2M373J0R457
J4N067R4G842
U3S084D8K819
F0W133U7R372
T5T653N8U148
W0I988D2W655
B2I258S0Z038
I9O369Y3R279
V4H760S4C208
Z4X706F7N827
V9Q239Y6Y046
H9F955Z6N689
P4V411G6R436
Q1Q518M2U606
K7L899G5L911
R2H670G1F488
V9S311R9X904
B2D401B3E558
W4G970S6N430
U3H292W5Z078
J6T644F4T857
J4M520V4M170
L7G738Q5H284
L6S925O9I642
Q5Z172Z2J880
W1B420U0X855
M6P599D9C902
S1V109Z2F613
Q6R538N3D385
V1U402O0H455
F2J888X7N436
T4O124D1F008
D5P473W1W121
V3K353H4E835
T4F718K1F010
Z3P482G8I134
C1P220U1R335
O2U818K3O740
J0E738Z3K502
K1U348Q8K314
J7K443I3O646
X7O452K0V473
G5Q756V6S094
E3S181Z8Q559
H5M813V5G326
P7R888U4D046
N5M066H5M244
U0A967L1K075
G2V417Y0Y347
Z2U738L6D751
B2Q266L2V005
V6T020M5D217
O8U080G2E118
I6U823P6U834
Z9R162A3Y711
T6R045T8W917
B0M122S8E601
R1K191C0F429
W3J418E2W634
E6Y356G6N061
F8M275W8G656
O4W380Y0J849
A7Q546Z0B174
O3N823E8I247
V6W171B0C060
X6O074R1Z047
Y6P954F4I664
F4U445L4Q043
O5S974M3X008
Q0K940H2G672
X1X872X7C516
C2J756O2Y166
E7E396J5N497
F5A432T4Q051
H9L278L9O039
P2N297X3F530
Y5C847D2F049
V2W704M0H828
X9L101I9S555
Z0C411H4R494
S9B151L2Z000
V9P695K6N134
F2T353D1O062
A3L531K1L626
F6U859I6W615
D3J930U9N310
B7I882Y6W006
M4U273L9Q626
S3B703P0N499
V9S192O9G701
O3Y395O3N369
R0I731G2I124
U7R243N4E091
H8I547V8O904
C1A082R3U107
D0S693M4T878
S5N807R0B695
E8C307B6S971
X0I307C5T838
L0W233A5F146
T9L200D3G243
N7X327X0K108
Z0G964X9S489
K6Y958A1Z559
W6R975L7F907
Y4E885Z0K205
M3V124K5G102
K1M816C1Y058
H0N341X6G840
Q1Q202Z0S294
N8P823L0A512
O3U804K5B750
S2H417E1H846
Z7U037B8N605
X5X952N4E707
T1G912T6K461
V9B439R3J057
J8R883T4U813
Y6W822N8X751
M2P801Y0I526
E5J753E1V080
J6R945J4K498
Q7Z966E9S128
V5E983U6B608
W9W860N8X038
N4W571O4Z682
M1N460N2C029
G2R196M2K530
Z3L877I2N041
H8I545Z0X657
W8R335R7W318
X1D200I0I516
I0I957W4O733
N0H051A1F335
Z9D655T5S873
C6Z698G0P158
N4M014H7J687
S1L788R4Y026
M6Q545C8W838
W2K019N9X989
C5L263I5S079
P6R168J9W259
Z8Z455T8X797
Y3B577Y9R589
M8J588C9L192
H8T835G4A387
I3T303N9B220
L8U584L1Y437
U9P830J8T744
J2E201X3E218
B2I437R7W886
F5D516U0P933
P0T736A8J448
I4W675P0Q134
U5V603P5C379
H6T202P9W798
J3P624M3N899
N1W101B5K666
U0Z556L1A870
T2E711Y1L541
U6S730R3A806
S5H324B0U852
V7A599Y1K010
H7A920F8B050
D9K034K3X301
Z6W777M8J300
V9V892N4G487
M7L500B7X591
T6W836P0H196
H1R534W9B346
K5S051H3B040
I8D224K4X742
A3B748C4X617
V5L557C4V447
V1L787I3S674
X5P482Y7L601
X1Z715B4R063
U3L494R9F737
Y7N688C7X768
D7X378C4R568
K1A903E5M556
G0A714W8S716
B2T209U1C429
S5S759N9R695
I6Y696E0Z221
W1M049B3L969
Y0Z841W3B233
K4I141L7U283
W4J183P3L683
S5I970G2A296
R6X775C4X182
G5I466P7C568
T8I412G2L995
K8X141J3W700
I8V425S2V369
A1O089E8K920
C8H314T3V999
R5A268E8Q495
N1G700A9J558
H1A893X8Y160
K0B909F1R778
O9M233W6Y726
U0S666W4O253
R0M787S0C960
X0K722O6K999
V2K402S7K735
A4U354A9B723
A0P103V2U110
W9S033H3Y169
Z2R850W5C736
C2W642I2C420
Y4B240M6P750
Z4G557S9Z260
V4T881P0G241
I4B681C2J267
T9I201J4Q139
H9A546V1H889
P7V143J4U348
U7C827E8N866
P0B593V7X533
G6Z775W4K430
N5B753V3G021
N2M857X5C468
J6S728K4V454
U7X645M4U675
B5T347H2B960
L7X421T6I866
Y1Y956X7T559
N3F594B5L639
M0T993C3O979
V3K298T0G673
Q1D494H5O824
K9P426X4L601
L5Q792L7Q789
W7D401B8Z716
L4H439G4A161
H4A162K7H889
B3E727O1M435
V6W819L3D029
A3R080W7G772
R7D543Z0D647
R7P681C4R756
K4L164G1E541
W4W243Y5W924
W6A738P4S022
I5C473L4G425
W3Q754R5Q759
D4K291V0V642
A0K401Q5T637
K1R210P6U146
R9F962F4P280
H8K220R3L089
E4S341O4E176
E4V477O6E347
Z8I277P0L812
U4K090Q4E030
R8E841C0G602
B2O424S2F134
H4F929B1Z288
Y7A136Q4E938
U8W225F2B054
K4T531K9C192
S8X944B2A137
J1H306R9O303
V5R503L0Z231
M7Z821S3Q245
X8B128H1B120
W0G894H5V979
L8S630I1T823
M2A985U3E014
Z0U224Q9V247
C1F048Z3O734
D5V191D5N126
G3I575Y0A495
N6Y753X9O324
E3Q805D1S198
D5O994W7Y761
V9B648L1A752
X6Y208R0R485
Q0K221X2T847
F3G973K0F965
F4T649N7Y521
X8L291D9W212
A5G984J4P551
W8X858Z4P949
M3Z913F7Z318
A7A486U6D494
S7C648E4H400
W9I525W2P476
B7C925V2W766
M9V878Z9E802
B4I447V4I233
Z1Q348I9I239
P5B340J2W958
F1B980D5G888
D0P216Y0V854
L5S463W4U983
H5R401V0J161
R6J285G8R439
K2S985W6S938
U7K887Q4R676
B9I609Q0P077
C4G888X7I841
T0Z987R7I219
W4L149M3K892
Z3E813W0A873
Z4K667A0L045
D5P151E6E337
E6E910Y7J592
J1O769I9B958
S7L752O8M225
A6S277I4T861
T7B213V5L713
Q1I147F4U457
B8G729K1O274
E0P302I9W260
P0E000X2B381
F4J290C1H471
M6Q149J5X137
F1R300N7G916
L0H934T0U053
D1O308M8W910
S6N191G9E494
B7F634Z5O526
S7P358O1U405
N4E877H7Y168
I8V127V7H268
A2W522D3M327
T4Y558W7K283
B5Y681J4M242
A7U030R5C381
A6Q181N4X741
G8B270S6N907
L3E862U2C955
E5L434L7I211
I9Q151G9Y345
W8M597G6M249
T4A105R2M703
P1A858K9M005
P0C500W2C379
V4O564G7P745
G1Y849U0J297
S7G360P6U622
X9T725M7L903
Q1H150I4X822
X9N405E7B173
R6E405S0B460
G0L587G2D541
N6K781T4B010
G2S860X7Q439
J2X530I0E334
K6L823T1E802
L9L907K5X083
K7Z381W5W049
F9Q100Y3U772
C1L473R6P000
X2L109S0D333
L5O411W5O085
B3O127V2E859
U3F441V2G165
N1W497R9M815
Z0K646Q0U857
Y6X186N4U354
J6Z142L2K659
G6W109T5J730
W2U825U0N235
A4S648P0X341
Z7G888H9S787
N6P728Q4O030
J8P579W1F269
M1I905Y0O453
E7R411R1W453
B3F294U9E639
P1Z801R3N240
U8M187X2H916
B2E690Z4Z342
J3O496M9M486
C5H410Y3L700
K7H465G9S444
Z7D320Y9L678
I2R727A5A223
H4R539V1X933
L5E509Z6Z948
D0C257S9M446
R5J083B0F989
T4N150K7O509
U5W086E8J952
O6F161S0K687
M4F508D2F708
M8D050Z9P201
L1B791X4D546
F4F204A6T590
B3A043D4J050
S2M013X7V830
H5C604G3W120
U0W938E8F611
G3S099X6R768
S9R052D5T719
Q3Z689Y1T807
P4H334G2T839
Y8M992A0P096
D3I448D1H884
Z9D299A2P579
V1N521Q6G239
C5Q612T9N685
A6K450I4D217
A4U160I7V071
N1V452N3P358
C0J247M6T144
B1B665L8C326
R9C937J3N574
L2Q225I2U246
J9U725U6O152
G9P012C6Y116
H9A324Q2U482
U8T837M2J041
I4T864D7R433
G6L267O5Y486
O3O213Q8U019
G1Z471X2C104
I4G898S5Y312
B7W792B2A404
G4O121O5J314
X1M677H9F415
V9R358B6V520
X3F954M0J426
I8G278L0Y036
C3Q939P0S912
K6U849Z4D922
Q4H239A5I197
N7V975B1U159
W7Z215J3P296
D4B958G7R047
X3F630I5I978
Y5Q796D4I752
G1T215M1A099
I6Q868Q9B901
X9T932T6Y112
S3E660N3Y991
R2Y478R8E119
A7B081V0U265
J3U224G3Y282
M8Y806A3B271
T9X467T9E508
X2N426D4P515
B1O970V3J163
A7U399S1R448
Q5O725B6I901
F2U019U9S887
K1K363I3Y201
L0J706G3N418
R8O038R5M714
R7G236F2L416
O3D144E3T109
J4B930G6K431
F1G519M7R728
V2S978A3M649
P4Y852P3L375
T4C776I0K871
Z5N622Z2T653
Y7K196X6O228
M4V987J2S174
J6I730C4M986
E7Y434I6T005
Q0K845Y1C326
S3M610W0W581
M6Q197Q4Q029
H8P719L5B739
X7E486N7L062
Y9M835P2R118
J6P867A4U123
F1T102Y9S051
N7I437J2U099
I1L378K7U964
I3H330T9O801
P7N088B6G632
Q3E158B6P485
V1W401C5J739
Z3S922H9H686
U9L265S1R517
M4D323A3L723
C7Q535O5J155
K7R351X8T289
Z2H207F6M956
U6I582P7O621
K2S070H0Q936
A3F629V9J016
E2U923B7U742
J2F015O6Z707
I4J866I4K202
Y4H816Y5B873
X4V218B4Q505
H9L156Z7I725
N1I327K3M079
J7P877B8G936
F2M486K8R240
Y9J202M3O154
K4T092R2C927
O2V797C6N480
Y8V763D1J987
I0H493N7X025
Z2H834B7O226
T1F513S4D042
O1L637Y0H511
C4F703Q4B909
V7H208I9U366
Y3V184P2S921
Q2T364R3U999
P5M695Q1R564
U5W545A4U402
T6G257O9P531
L9Y144W9T214
J9A351U8X334
F5L140Y1C629
A7Y038Z7F038
N9Z981K5R070
E8W146I6A275
M4B408G0X807
R9O188C5O005
Q9R650M1U192
M0O412P1O263
Q3B002A6T423
P5P385J5Y031
B1J138P5B884
T5H125O5M925
Z2I211Z6J130
Y0B383Z1U370
Z0S164Z3U151
E9R726J4O798
B9U758V6H352
B5G973S4G939
K5O255N8G922
D5W005B3R690
N8E439W2T671
Z2P828S6S104
M0J559E7J722
Q7L647E4O966
B4U407Z2Z738
U6T796S3V832
G1J345S6H526
I6D711O3I486
F0W904P9E397
T3G915Q5R814
O2J222V4D273
H3Z749E0U608
C4F077H9X038
R3D728E6L715
B9G497D2C993
Y6C632X6F727
D6N394A5X095
M8W180Z9J028
V1K778A8B174
V1Y417M0R098
M7M312M7U849
T2V783B2I199
G8W977E3Z177
T5B914K0Z696
U8Z724Q4K832
O7A515J1I739
Q3V971Y4I227
Z7U044G9Q378
M7F713O8V965
F8C964M0C149
K4M633V9E926
Y3A423A5N983
W4Y167F0N600
B1O235T2I766
W0C436Y4Q350
Q2H012X3Y556
B7B818N9E629
X6D932D9K722
K3F257U6M771
X6H347B3X905
D4J758E1S607
F2N728W5Z446
Z9Z036D9S866
M4Q524W6O048
I0M978R9U847
X9C710U5R250
L4T545T9L940
T0B583T1S550
A2P518Q3R062
L6O707X3T403
S8C420A7K609
O0J557S5L416
F6D606A6Z320
U5J569Z9R758
U0V452Q7W803
Y2U977V6A787
V9R683M8D782
M9O262Z8W621
V1A469S3R212
V5P414J0U736
O3B610S4P405
I2R446H7L480
J3W123A5H039
E8J226T5K556
Z1X745X1J787
B7J621R3X980
F3K241G9H219
D0F439L7U699
K8J727E1Z628
X1B852E5W541
Q5C773F5Q901
Z4F051Y2W394
H5V517N0Y283
W0V847G8B565
G0F653F8C657
I2K184A1U328
X6W549P3O431
Q8L611T3D218
I5U514L3V452
N1D246L4X552
A8Q021F1F310
G7O832I6H525
B6D954V1F518
V7G818Q9D849
B6Q779P3D198
R8V689S6S947
O8U854Z4X169
H7Q014D5L301
V6J579Y4C729
M1H646S7J406
C1X040W5H926
Q9Z604K9O947
E9K693Y7P543
H7W832A7C082
J2T456I5A805
D8R568H9S701
L9M020W3D750
V9J523U1V859
R8C136L8K845
Z5L824F4P265
D9P177A3P436
V6T423N2P768
M9F917V2M706
R9G176E2X012
I5D485U7S580
W0Z932E5T258
X0Z954C6W396
O6X183F9S880
O7K541W1I427
I7Q224G9U128
Y9A996N6T033
Q5L473N2X287
E8I922J3T875
H9K962T6R379
O7H520W9L947
T9X252R8X362
X4M003U9Y590
Y4Y371V9R083
M4P302O1F377
J4B388M5T088
I4H228K9M143
X2U221O0M243
Q0S735C9O991
P0M646V1T585
Q9P917P7V334
X3H619C8W641
U9H725T3A104
W9R536L6Y900
R4S004K5L944
R3S481Y6V868
S7T615Q3L659
O1R721L5M597
K1C319G3E322
Z9Q031I4C788
F1X923C3U758
E4R468Q8R916
L3G785B8K524
M5V344E4O764
T0W722F2Z607
X1M028A6Y543
K0M431D4F642
X3I608G2P027
R8D687Y8T466
Q0W077Q7W549
G4X516S7B444
C7J330R3C818
L3R776B1S174
K1T113Z2J779
T5A567K7G745
L9I086C9J642
B4M800I0Q957
H1T139H5P700
A9A422K3D581
R7D003V7Z471
M9Z194T8D488
B1D566T8P703
Q9Z916G1A899
N0F723C7L691
F2Y848X3J401
A3J319Q5F733
H8E470H1Y084
V5Z566Y5F980
J6D560O1X832
Z0E071M1K310
L5Z020O2W639
P9V893H4B830
O4F529R3X284
A3R737A3E554
K2N744H3V018
K2W080N5B441
P7J758F4O686
J0B143G1Y623
E9W101W3R368
Q6Z325B1B408
S6E614U7K081
W8I109H8Y833
R2R824J5X045
K0Q944P6G895
H1E610Y5N541
W8P987P7D173
B3U649K7Y107
J9Y332Y3D184
I2Y137M6V804
N1E769Y8Z290
Q2G754L0H198
B8U875F6K614
E3F179N8P697
C6K719M9Q494
N1E203M5M582
P5Y813D7W885
B2Y918I9K367
V3W248C7N190
D6Y675H0V603
Q4V589I9X899
F7U337Q8O488
F6I888A5W672
A6V241H3Q708
Q9L305G4K750
S1S066D3P930
R6A152G4O562
L5M678Z0K509
R4Q765V2D871
W5F416O3W485
W9E024W2D924
K2V968I0M786
K8R964A8C477
Q4F383R3Y989
L9O977D4V068
R4B004X0Y796
Q5N145W2E061
Y3S664B4T492
B7D076C8E303
M9S424Z3K498
J0Q949O0N821
D8J284Q1Z601
X4T674E7E575
Q9K685Y2C515
S1F118L7P359
A3L669U9F724
X8F823D3R164
M4J654H3H226
V0K789N5T241
E5Q143W8U685
A2C342N4E305
A0U348P7M897
F2U246V2D044
K1V633J8B797
H4P944J6Y273
H2L707G4S649
E4Y708D5R119
W0P946Z6P524
S7W312B8G820
R7W541J7I502
A4M078X8T161
P7R454W7H117
O3B674F3Y720
T0X670O5C774
F9O775L7H958
I2E193P9R956
W2K575E9I168
C3I083D2F025
A6P123K5K098
U7D534H9Y809
H6Y531A8M259
A9C646F3N173
H8H485Y0G653
S7D082Y8C041
B9Z236A4N666
G3M607H2Y522
S6S794T4W013
X1Z555Z4Q424
I0O806I2Z264
U4C831P3N461
A7B876J4D149
P1T718I3H183
A6Z665W9S886
S7N300Z2D498
O6A692D8D431
O8W161A9Y281
D6H866D0G628
S9E795C2S342
X2M222C0I619
T2S305X5G937
O7P874O2J662
N6S119H0F779
K9D852P3D003
L2O498X5V299
B3R595R5T214
V1W883H8E388
C0D950E2F658
V6E582G9Q139
N8I941Z4F822
S5W576K3C781
V7F248M3W864
K4U459P5V770
N5P125Q9E340
A4D799U1X473
V2V230J7N363
P7T522H7A306
N8K497B8H233
C1K130N1O129
G9M205D3T814
J4Q294U3I755
B4V960T4U664
B4Q814J4I157
C1Q677L0B308
F8B415O1S775
C5P425R0K860
U2B796K6D502
J3Z420E4J207
H3D424J8D212
L9U785K5G601
F2G979I3G206
G8O481A7A836
S1V502S3Z836
J4K595H2P929
X4T183C4A652
Y4A806U0N517
A1L717O9H489
X9P307R1A742
G7C259Z7A808
W6H873W0K550
V1P764E2X654
K1Y251A4P582
D0F205F3I360
L9K496K5A735
O6E250Z3D966
K9D546P5H881
P1X196D7F994
F0L371U7R608
W2H980Q3P952
H1U716F3H644
I2P059Y3Q689
H2H729J8O852
C2Y155V5T347
K0I779L9V736
Y7Y559O1K844
P2W521B6A313
Z4J378G7S844
E4D732O0T567
O1D439P3B681
U5B951K5G988
T9S158N0O187
Y9K033G2H981
B2M716M6A456
O8S981V5O295
Q3N489H5R441
Q0L620X7B827
I0V934G8K315
I8W344M2L331
V2Y299Y2C819
I9Y817W4X018
O8W262J1G375
U3G693J8O974
M8A535S1L657
Q4O322K5V317
X8V650J9T391
D9O004I3S987
Y0T004J9B277
K6Q202X1H547
W2J874K9P091
R1W423L2B545
K5C446X4Q553
H8D049L4F496
O7W882T1M481
P8A829H8I148
R0M616T9J158
Z9H719M6V753
G4M804C9T674
M6C494G5J387
A0N646F6T111
L0A557S4O421
K0A478Y5I842
X5J199G8T424
J8I557G2B295
K4I573Q4D574
E4J552K6K526
Y4N046J7Y484
C0D970R0D215
S2Z906I3I261
S2C154W4H480
B5Z416L8H812
D4R916J3O255
O9J054M5H473
S9X583A4J569
X1V112N5X968
Q8E281X2Q990
P5I605D2H076
A2R069T0K435
H5C315G3V964
B2S497R6Y630
J5L424Q1Z482
N7K377T9P920
Q3V175D3W868
G6P582S2Q413
F8E804O2S067
S5O967P6V915
Y5J019K7G028
I1L727M1J395
I1Z789Q3O086
Y8Y983H5S878
Z8Y978M1E400
G9W960K8Z449
M0C908L0V444
Q4M367P2A384
V1I028A9M952
P1I794I6V685
E4B479X4V118
P4O291I6F750
P0U022N4D711
U9M635X7T284
H2T202I1P225
I5Z950Z0K140
C1B728V2A524
U5G557S9U487
O2G507Q8A339
U6S577O3Y292
Q9P641U5I907
U3F334G9S934
P3W414Y4Q342
W6B525S6V435
T3C188T8G674
T9A232B7T544
N5A451Z2Z168
S6J065E8M284
W9U447L3B071
O7T973Y6I308
S3W290O7J002
W9K113R1T173
J2T199Q6T137
Z0D214D0W485
F7K523L3Q493
P6M904P1U764
T2K562M3V821
N3Q909Q2C855
H5Y797P6C620
G0G513I9M245
Q9S733Z8I203
I9B631A6O697
E7N363N6D348
R8F705Z2N962
Z6X737C4E908
B4J415J3K074
T0Z992Z3H113
G4T697Y4G298
B6E878V1W298
Z6J556O8V455
D7L450M9E383
U0T255K9G228
I0M086W9J573
U1C979O6C994
U9F280E8L813
Q2E250K5J925
V2D848E2N905
A0K484Q7H509
F8U163K0A721
L0T273O8J270
N6D862N7G511
O5C140I0S505
U8Q388I7B552
Y7S070G9T312
N7M908T3Z251
T4O620P9D099
M0S134A2G376
A4O056R5K214
O5W264E5N612
F3G906D3T571
V6T539T2O192
M0Q318C7G593
O4L672F1G207
V7C868V9Z081
W7E703X5K417
T0V691K8G229
I8V310E4L646
E2M216C0S590
P4G387P0O670
Z2Y246L2X385
P6T109U8H075
N2Z990I7U498
F7E273P9P245
L9Y426M4G309
C7L838Z3C487
K5N226S9R226
E0Y541G7E215
C3S158V8U556
U4R212Y8V325
P3V537T3Z249
T1Z649Z0B673
Q9O831T1D205
T4O339O3W217
C0S239I6U330
M5S572X5C209
I1B812M7O783
L9U263D6U149
L0M161V6Z914
R7B500R7C643
D1W886R8A002
C1C906N9U032
K8N666F3A249
N1R540D3B337
G3I240X6Q747
S5J741K0B778
G2C072H0R402
D3Z094T8D841
T0Y164X1H844
D2E010G4H142
X6M771E3H272
D1L364R5Z030
O7Q970F6D407
R2E444U7D110
K6I068Z9T912
Z0O525V8Y558
C3M193K1Y727
D5F382G3B261
F5Y230F0M577
V5L045P1X346
C5F517V5Q588
K1D189B8F830
K9V820H7E917
E0E862R6K792
W4S593W1H604
K2X385N8O105
H5X413D6S920
V0U971V7M889
H7Z143H1G773
D1C273S2A950
R7W052J1J631
C4N511O0X844
K7G288D9A015
J4W244Z4T058
D0N185M7A091
L4Q001D3H290
V0I077G7O552
U7T908Z9K936
B0A488P8J819
K1A104A3Z799
R5Z734M4J436
P3Z284X7X285
C6O147H2C235
U3A731O2N069
Q3L975Z8D592
R0M445X7C626
I1B769I3Q588
Z0C331M9O510
N8Y381A7Y177
P8Z093E1G764
D5L171O3C632
U5L584T8B379
R5X705T4Q024
K4B340O6M080
O0D629M8F028
L2T639D4A733
L0M843E7D989
K5T514R8Z690
B6J584F5K782
M4W919N8D890
C8T627G0K069
J7K323Z3N564
G2O693C9Z120
B2C665U9W862
U1G685B4C637
V1S207C5B980
L0R757C3V497
T1L924K7N258
K3N854M4G054
O5P976X3T953
R6M350V1R441
C7P345Z5Q646
H4Q906F2C568
T2T625N9O820
D5O634G5V798
X5Y779A6J673
O9P618N0W041
P2C176W8H574
T4O428L2T123
V9C302F9S158
B6K518K1R358
G4K296B5W435
R3H657O9E205
V6U580L0Y168
K4F381N0H064
A8Y903L4E416
J6A928O2Y580
Z7G109W9P738
Z1Y099W7Y445
R9Z298L2U651
X7B263H2J529
M9O104Y5W246
L9F880Y3R967
V5L296Z0N339
F7E156T8J230
L8H422H5K587
O0W301N4U606
I2F484X8S540
V5X051S9Y991
T1L690V8F986
X6I362W4C603
N7G454O4W391
U1P791L1L666
N5I582S9P839
H6X025M5X823
M4L939W0S672
T9W982P6B609
J1H123T9T593
Q4B977V5A830
Q3N610X5E307
P7J761Z9D390
V8Q223Q5W382
U6U636B1R126
J9N359R9I246
K0F501Q2X731
L2V439Q4Q813
G7M422D1J640
I2T338V2H435
X1U932W8G880
P2U511Z5L369
K6J798M9G910
V2J782L9Z793
Z0K891N9H665
N5S195P4Q237
W8Y484W8E412
J4T068Y6X168
W8U985M7S405
W7V168V9V147
M9L126J0N980
J4U149O2Z385
U5U815O1R875
Z9Y006Y0T886
H0H182Z0D131
P3E735P5L945
K8H016W5G886
E0M180G0L799
R5Z039S6I953
E4Q890S4L278
T1A206X5N429
K3I249K5X568
X3N443X6P328
G0P830K3N330
X9G495L0D971
E6H789U0M599
H9Q815G4S822
C9N491P9I356
S5N269S9V452
X5C444T5X966
L2M412W8D222
Z4G816K5D633
M5B172W0P886
F1Q074J8S609
Z3B625F6B254
L9H701Z5U211
A1N523R3P518
B7G232X1A064
L3F086Z7X889
G1Q648W6B731
O6H769X6D611
X2C624M7N849
O4F136U5Z018
A8B952M9V900
S2W655R3Z758
B5U204G4G701
O6J668X6V738
D9H638C3Z156
X3Q319D4J288
L5S323W7E845
W9J021V2I932
O5F150A3A607
E3B616I5K121
C2D086V3O317
S8L272H2Y815
H9O555Y2B952
R3B212Z0W689
V4E587H6W618
H4Y386T1R122
I5P186D6J389
H3E085D8W694
Q0J742S8Q595
P5C054F2X470
T4K700U4R446
C7W675B0S479
Z9S804C4M690
V1X915F2U877
T3L534Y4K299
U8B202X9F135
X7Q347G6G591
B8S689E7K332
T7B942P4Y353
E3S512M5Q729
H8B229T3R076
O0B508S7G602
A5A656J5G162
I7S201R4M363
J7X794U0D798
C9G369C8U316
D5G024C2U090
H2X267N6D015
M5O706I7P969
P2Y493W4G969
A5Z680Q2N445
T4H344T5W006
Y1K494M7W719
J8U659F3G912
U9L421H0N323
Z1Q956Z2T819
Q5A353J0D421
T9L284A0L890
K8Q127V8H680
N7I568Z6R245
N7B690W4Y863
U2U106I6H773
V9H374A9U170
N4X339G0H440
I8H925H0X470
W4O082E8O314
R9O228M5N981
C2N215D0T114
R9Y885T0N356
G8L389V0W265
N9B063K4Q141
F1K854U8J433
G2J941W2H175
U7X840D1K705
T2P633Q4V725
V6O242J3U791
D6E194E5X558
F0V581Q5B215
S6I285X8I363
H8J799V7K422
W6N094V8R736
S0K730N2E816
H1C454V5H315
J0F348U1F254
H1N337Y2O302
U6Q493W6X616
N8A672A6A858
F2I246Y3I451
E3G846L7K132
E4U400I2D746
Q9L514H9U504
V0S129V6X523
F9T365X4X083
I3C456Q1K694
Y8L429U0V272
Q7U650I9M727
J8R783Q3N418
P4M391C6C794
M1Q819Z6D244
G6H824C2J719
L7E480I3K883
A0S444W7C949
A9P879P3N553
L9G651O7C469
T6C862J0P051
C2S108D3S279
E4R771Q4I558
C9T491T5C123
C9Y108A1G339
O5W619X7M106
T3Q174G9X386
A5C365L7X648
Q0B865U5B809
A2I477D7S423
J0P768T0T050
D9T245L1P676
N9M302Z4J631
L3C494M2O081
P3A326N5E040
M4R635R5Q667
X3J704R9K765
V5M684I9Q977
U9U628A6C321
B1E256Z8I485
I8A870K4E870
W6M363A7L843
U0U520L8U562
W1U860V9U368
C2H244J9Y594
K9P868N6Z431
U3B475I5P110
G9O418I2C976
H3Y812E0Y722
J1A621D6L286
B2X659N8A782
W1H112I6B129
O5Q154Y7E890
M9F996I4R228
S1C999K3S228
U6F319V4D946
J9W315K7K187
C0F483H2Y046
D4S889B7M179
U8I457K8K010
X7L076W8A836
U9F806Q6V983
C4I245S2G032
D4T590C5X081
B4D584C4I656
S1E960J1F408
Q8H075K6R733
D8O588O5W548
U0B971R2W877
B4A987T0D669
W3P497T1O494
P3F966X7I490
S9U086N0O425
E1N554Q0K172
A5J599D4X964
M0T751L9S109
A2V944F8E717
S6X671G5O408
V4X413A7C870
C7Y775N5P631
Y0P646T2P204
E3F030S4P866
Z4R884L8L272
D9F391D6B145
J4V942N9Y750
W7Q607O9J704
X0C629A9T277
Q0Z961W4T083
L0Q076O5S806
X5C470I4N782
P2K155H2D860
U0W103L6X236
D5T688T7U487
X2Q640O8Q034
M9Q077L2M701
U6E465G2G314
E6T666G9P746
L1E982O7E047
R5K572Z5G336
X8N599Q0S996
Z5D327W4T540
H1H156G2W474
G3R836J5O181
B2I070O8Q442
T1C804Y6J583
F1Y543Q6W382
L4J149N1H410
C2Y268V8R697
X7B136N6G651
A8O399K1U862
U9S027M1D826
Z6Z143U6F719
F5L346M3N046
N3S873J9O509
L4L332Q3D167
J6F448B2E161
S9S854I9A827
S4C771G4F064
S9R853U5B072
K2W878T6C600
O6Y486V3N117
U9U365T6M645
C3H186T4U476
N9A184S4B452
P7Z034X8Z948
D2S693F3X523
H8C542M3L854
H7G004S1X004
P8U356J3T751
L5Q035I4M631
E6W565X1J148
P9N959C2R454
G9M053C5E108
N6B684S1Q288
Y4X591A7C899
C3I917N7H252
H0R530G1P601
M2W533J5F001
C7I048M1J015
Z1Z924D1D069
V7Z049M4L746
S0G883Z9S459
K1M311D5X533
S3I159J0B640
H3Q584O6W233
A5T602S5J575
R0X242H6M024
H1W827J0T839
F8H159M7S107
D3V807H4H713
Q1H370E8U429
L4Q859Z9Q150
R3Z155W5H420
A5N720T3N039
G7T071M9S493
V0N170T7C713
T5K283M9A435
H6P112L9A855
U2H064I7O254
Y1U394G2U139
Z4E794K4N385
G7Y714F4U645
R9B563U4C986
B0N346X6Z895
X9Y294G5H750
X9P120G0J535
F5N556W8H242
T6U311R2S294
W2I619X5Y953
K1D862F2R660
P3L658R4M288
I8F428J6K504
Y4V344E5J690
Q8W755A4O646
S4V190J3P351
K8P570I0I402
C3K432S9V031
I7O603U2O038
Y2T517Y7I919
V8K720K3I061
E9U158Z4B738
M7D023T3J248
V4A693H0N154
H3X851G3G423
