371
125
140
156
355
370
16
406
426
402
42
85
1
141
157
172
112
122
178
117
316
378
405
423
457
359
328
320
414
336
352
25
77
63
98
59
72
144
102
126
164
130
135
167
456
337
387
454
356
458
11
86
56
106
160
169
173
443
391
455
351
372
80
99
9
87
100
51
168
148
364
366
367
340
313
415
438
377
412
428
95
73
75
46
96
21
81
110
152
342
448
444
97
76
71
151
171
184
133
155
161
108
175
319
332
413
6
15
93
88
104
180
119
136
363
312
393
335
318
384
407
421
369
325
396
410
90
66
43
105
131
115
181
176
303
417
388
394
307
374
401
418
159
187
183
147
425
435
373
383
344
326
327
3
24
49
