39515
88667
69879
66188
30705
67368
49188
94950
76821
50227
16080
76301
43033
18908
27858
49831
7603
11677
41807
32500
16206
50513
26687
40717
49303
29202
56761
29654
81144
7420
1416
6710
90661
94343
94619
14470
32782
94905
67994
1481
50047
79769
80319
86201
10123
75938
45784
70740
56333
22702
13632
11410
20154
16387
48362
58649
60945
80117
35183
60986
7919
37018
93810
32327
61642
30838
27904
82938
1787
28362
34496
52397
76007
38381
85153
21484
55362
76481
66209
15090
87570
67140
7958
39441
9035
13416
4325
1008
99246
37563
46193
21520
56281
24924
40860
84745
7533
92458
8911
80520
40833
30721
23984
28543
534
63707
58935
85496
16350
23556
42814
8880
83836
72720
27068
86064
97387
38577
72754
6908
67050
99340
43620
24959
14449
75808
60319
11109
50558
34189
24311
71695
712
36300
30985
23041
93301
95549
89108
83731
79037
45964
24755
66417
28766
33054
71495
5818
54334
69609
31444
29836
18333
39568
84885
89171
54105
69833
28853
84658
9711
16620
17191
27228
64314
93187
69942
48738
86460
31085
66352
94706
11305
73810
93968
36106
93313
31041
16519
63126
40184
57358
71217
29735
29042
52343
31259
85435
21494
30993
51175
30806
57559
40935
11673
1506
36105
81357
25410
76299
60847
37792
45759
22564
28573
91856
10092
44980
15062
23014
41658
26274
60705
14145
63652
60049
47568
43187
24489
79277
98326
45005
96418
17826
8539
78679
84661
84930
22821
26257
19788
59676
14308
11672
46712
18042
84415
54047
60189
73601
42732
89770
35648
77221
77928
4277
29952
56108
85156
59033
55912
48462
86837
73543
32854
24718
2025
4504
19055
98369
86291
96557
98455
85074
58697
8582
65277
60409
76897
6333
83802
41115
55054
97299
77523
62894
91263
97952
18633
51674
10220
9784
40427
29822
82360
10770
62998
31116
75210
19305
48314
55283
25975
13423
88319
86420
83812
18588
17937
26520
28742
48942
60559
51698
335
48764
63718
6789
90628
77873
72435
6357
93513
91698
13402
28137
66002
34680
84651
20220
87199
2380
80391
51409
11137
49624
1596
48863
30535
1978
12685
54621
50859
17193
3246
52856
44500
77602
87704
9263
75656
14909
55203
92550
38614
87836
916
52103
93876
38792
65386
41832
71366
37393
48098
13060
58317
41088
37850
76558
13723
71285
7900
4166
55318
66293
36351
28788
92615
23602
4379
87590
34840
98674
45479
30175
25913
61042
4965
18928
35942
59659
89147
41667
18846
33852
20814
19630
31131
73680
61570
51786
48944
70200
79179
72544
29587
5236
10995
46577
58415
75889
75422
30821
79066
35820
40601
72653
27582
89260
83248
99705
93278
98041
99183
76328
37749
57979
22654
54690
53251
51353
88368
64878
92356
94028
91328
86642
15326
47919
43688
72447
1147
98388
34079
37655
32061
91177
46391
6474
59912
88663
21599
75711
44759
42537
8696
43041
28962
79203
75307
58160
40911
67980
7318
1820
20665
49116
49785
99136
13399
12947
9217
3046
52740
55737
35943
6282
79256
63481
63418
18043
31080
74204
77235
72397
82155
95808
26203
36329
56249
80400
10473
80769
10442
32165
41641
29867
22424
591
90422
82129
44956
86465
42520
52711
97951
97425
17505
63543
64095
68653
26735
98235
55350
49651
97355
85030
33550
59705
46284
14716
1979
23251
5583
38032
53900
1537
25319
97038
77977
33690
98647
80020
25268
67627
31917
41066
96865
37549
64684
11595
45082
46450
88012
16952
24081
67677
68306
48417
88886
70988
44995
77196
80498
53466
43643
19025
13436
56545
23901
59378
98322
35470
11508
22845
75856
24905
4046
53622
61306
29929
58642
31552
42997
28397
37727
94572
94528
18145
18700
3020
93741
23517
63334
55565
5246
4204
38204
27106
3029
1326
46224
3135
86617
96177
48884
77385
50955
24923
50106
38845
70190
49560
84823
43217
52233
64260
29102
84057
60672
46033
6492
10828
64329
67464
35906
40179
41321
60299
94786
85728
40674
74639
4768
86859
46900
90143
2560
15948
59849
27686
17516
37129
71192
28215
21959
8732
31211
8186
80724
24691
52788
10830
48045
9290
29282
72771
85380
307
17883
86658
51364
6377
85070
66709
37836
47898
43408
55780
93366
53921
3913
33
97026
19963
73776
85879
37478
6688
31991
6777
84446
99365
18911
28153
19048
35874
30989
2651
71911
800
67009
7879
11920
3578
20625
92562
60529
5396
98493
48017
36143
99039
59368
47640
38329
53486
97001
16088
74293
3804
68320
63627
57362
77823
64714
71172
94998
32201
13670
75622
93382
33753
34492
84025
52421
10679
40650
17364
43980
19264
50612
7715
17190
14461
1779
14550
98567
87039
60968
5152
82856
87871
16034
59104
5737
46122
32343
48160
22412
19438
61372
15620
1724
66573
62100
21379
32274
92819
62151
55470
97674
35816
30750
96145
23309
48481
26796
1162
60009
9448
25804
86983
60064
89763
4689
22969
94718
88723
45812
30402
85970
12862
99718
2342
7365
55004
31582
97166
51039
93832
98216
78547
6822
72669
10028
82850
53513
21341
77726
40956
75623
63541
72888
26594
43189
35989
55226
84363
61195
69128
42990
93990
29953
69872
71220
68918
57675
74158
37204
66252
82471
30822
5091
94633
41688
8703
22293
60196
22898
29544
27785
57093
34943
4299
85353
31745
4482
89810
84619
64551
21726
52096
79753
88817
67816
51145
2499
57028
13588
89660
41665
70509
50689
70613
65659
79185
56113
33914
4819
38147
36766
63484
67355
88091
1619
5175
47306
16587
90014
68639
80648
90534
57638
45913
199
7642
96442
27586
11510
88460
98886
29337
14930
56358
55197
15118
54175
64608
80419
34460
60893
20012
84683
37440
89445
14053
20199
70079
60346
88098
68004
88333
48609
21920
73617
81680
10306
62440
7294
97500
28195
74888
52681
33668
42229
90908
37953
22718
57148
9162
95860
92982
87523
32488
97686
37191
56243
70278
85954
48430
58386
54558
15127
39725
85055
9106
45056
28582
26463
29755
6466
4224
13744
35886
42890
81604
40533
79972
11745
96948
83851
6106
82967
48269
54547
72381
73879
47102
80254
34423
9899
82228
49636
99624
43723
22089
32724
31230
13152
85623
44161
71663
22255
40573
58788
83069
53159
28254
78593
31323
130
31762
97515
59875
54464
94606
21373
55589
21764
55347
3540
93104
23044
47947
33325
11722
43606
11830
96702
34982
54525
51964
71755
65332
73206
12214
12188
6066
19000
74077
8584
69550
37720
84417
66070
48578
96470
30033
37328
67011
7811
48705
988
51670
43835
81110
13329
12421
7190
26167
45095
5840
24854
24686
95795
79206
2714
79964
20672
95226
74555
45010
49648
95548
39452
56422
1378
63314
81134
14387
50910
70692
86980
74399
29538
31779
70096
65032
7321
14578
68689
3736
32065
59740
65014
32134
64975
26606
62769
16120
24258
44629
54594
41379
91367
32502
21042
85296
47680
40494
52865
74344
30359
14719
69636
48309
73552
11060
43316
64077
79411
59243
25937
92636
94224
21165
58098
19966
49163
60011
44195
10229
75895
64844
74779
49551
57320
22617
34370
84381
50825
58178
95479
98364
49433
98120
87913
8939
36029
23606
48383
86864
2215
38916
97284
45723
99566
6242
75784
65907
36787
16155
44261
78702
2005
29612
24152
15978
13044
14596
31184
96489
70049
52272
26027
51800
40555
6423
30117
66039
96271
24561
93029
14656
79028
3084
22262
62525
22562
81269
37710
69106
50885
80299
18020
82172
35209
513
76874
19195
22823
93535
2112
30652
53666
54134
14641
44565
12338
88929
57096
67110
801
51781
94658
39443
80625
82786
80836
83466
34041
26962
81611
76800
35082
22961
82394
36657
4266
1679
3823
90406
28894
96774
82788
64834
24875
67893
85088
33477
19918
10419
80361
76586
82203
93571
17473
42131
76478
80106
12986
86514
25854
82343
53599
18998
56745
58226
45844
400
76587
42308
62631
6701
35366
35966
67732
78046
12240
45
40435
58987
63852
21226
86942
65667
14624
9499
70966
1093
29036
96361
29443
74290
65823
41947
69487
6181
12749
79247
71709
80356
33246
33819
28341
14877
86008
68726
14369
52350
38068
70460
16097
81031
26607
27940
20505
81007
33164
20360
47359
75958
14592
58956
6663
98585
13068
60412
76384
83454
81028
83329
19166
78831
30212
79360
46117
29143
91628
93047
57839
79577
83853
97598
85489
10959
10111
75332
46622
35625
63426
61885
17596
13800
99649
57511
11492
606
34306
23459
98407
89131
36216
24984
66185
66383
36321
62650
70437
36710
20962
76528
31414
41183
4409
20179
62296
33600
5861
39973
48584
26229
92602
59316
71880
30967
15586
67926
57945
24140
31943
43734
33124
30296
8147
37103
31032
21487
66067
91236
41173
42174
9115
74053
89142
32438
53665
4092
851
97893
6150
21366
63186
18501
98901
20197
52459
93897
34068
15209
14748
66883
53312
5693
14334
65211
20539
47980
36979
25917
63811
69301
76171
668
48641
19409
19720
18063
57728
96862
49861
57269
69294
62381
89528
54466
28668
16896
34390
45439
80148
466
45219
72027
20089
77316
92551
46133
35544
37522
83358
10324
74359
79063
22145
94103
60816
24509
85425
81032
22727
53965
56856
49622
73002
83698
7063
44775
6792
35041
63911
30140
51830
94580
14265
36315
86336
49060
3551
40256
9026
99817
25384
71965
18182
80038
42612
65055
35394
29404
18601
70170
51778
54756
84801
88972
15407
69284
42107
33251
29231
93985
18995
98984
80829
18826
76770
35378
57383
95481
61162
72739
8564
86734
6887
99926
48987
4646
52046
74249
33070
57342
31022
18220
2978
86765
8785
73760
36142
9870
77620
20832
70779
49024
36706
9406
25181
79569
96825
39075
42056
90238
82935
31490
14186
69530
19034
26221
389
60611
23125
71575
13847
49312
31257
18377
9807
731
51377
88599
42982
83257
9600
42044
9809
16656
68272
52862
88190
60729
69629
24342
13278
1000
45782
23924
4648
30413
72393
484
15474
18107
45968
38675
29770
85774
42168
37369
73346
18197
69592
93095
28603
10205
82138
78272
75349
46991
56270
5493
81654
5375
15768
56470
53571
3501
16765
9018
57470
14848
15324
75499
9651
49379
95865
32987
6040
52948
48817
67426
12514
2954
24383
75933
51192
67183
87486
18986
31141
15668
47095
15389
80856
85144
3384
1867
80187
42935
7770
63951
44473
96736
92011
89427
23719
17040
5272
45235
52454
26343
43185
4610
86076
34263
66444
3328
41526
48478
56009
48448
74836
54589
88383
44174
42297
75301
38445
18324
37386
22634
27575
17740
8031
40667
96722
75380
46936
97854
11818
52770
2836
6657
57724
2736
88930
79317
68249
3891
91697
47613
67542
89035
34047
21900
71458
27152
29713
56450
91906
72550
20326
75591
34442
7445
65866
63799
77556
74863
70739
43058
81300
17703
80524
89077
35938
59817
33961
11076
70534
15667
91885
86486
32986
21158
87176
29667
51121
36465
10851
77889
88184
96478
63967
56475
60928
58571
68710
11981
60224
20955
18751
17398
78166
75084
20538
87371
61123
15507
66886
17895
30841
98988
78147
8016
62082
52532
39964
52745
25108
71774
15762
31182
64591
673
43155
8355
23198
91585
28451
73603
5676
6403
68606
40085
20079
7000
77111
77921
32877
19854
64863
32695
62543
68638
44327
29365
56380
5393
436
62709
49517
73918
75268
51502
79274
68751
97214
32228
55648
49134
79660
21041
11928
72500
60347
97151
91887
92491
67199
84365
21122
25070
5489
71933
59562
55676
18715
74054
71782
52846
42280
7221
95815
36559
83974
46359
63268
57869
34214
92861
52626
24459
90663
13977
14804
38871
46453
11133
56313
1759
47078
6281
83242
51503
49825
92175
19279
17918
87517
72332
8002
44712
10112
64258
37585
3900
49542
88576
75599
35707
66425
49847
34619
24075
17122
43635
76115
73432
54820
89
20609
22719
42808
28512
22975
9468
97845
30994
91473
86140
99527
54429
97432
61187
21693
8454
58494
34288
60323
40549
17827
8846
69698
46630
28154
1946
5784
73236
11421
41014
95915
3429
86555
53865
89944
75402
71714
89915
4900
63873
74349
90217
84962
55248
92245
49187
77925
13935
8405
5443
56035
3694
76361
75168
76830
60226
86798
30961
92055
1707
76049
43922
34257
72368
17744
11381
18547
32634
3419
61032
30716
60787
56570
60835
20404
61881
87473
5864
2248
31512
8439
67425
91041
75055
24299
96396
48903
99922
22302
75406
1492
32468
69267
51438
24379
62705
50005
32127
51107
83168
91229
3061
24198
26906
66659
20993
44947
4497
71950
26808
49618
22648
510
58284
38429
17153
14036
28886
31273
10061
97790
41610
17481
35799
99122
14188
90559
34309
34873
96727
9308
28158
87194
94847
27126
19796
17850
28761
13202
30441
51331
42884
95115
22322
22711
66803
20277
34200
77501
96951
24760
68112
73584
26001
70825
99124
51597
23564
5191
48374
4104
31864
83164
33334
27349
24539
61374
43271
99584
73640
71728
94796
56421
91522
1750
33409
69673
95698
92320
62242
88523
26009
27377
85666
83286
78482
148
45828
92448
5028
8133
2720
3617
68930
51251
29277
68221
62911
25590
25828
15151
75929
45748
44055
49712
73306
60670
53590
39861
77142
31045
91678
86052
58396
22009
55974
41316
15792
83829
19780
91734
7093
74875
32434
43337
54422
421
8940
59829
77182
46502
99517
95685
5189
66686
581
53550
54095
59655
76028
63783
18207
58727
90408
27259
76817
73385
67361
32738
11729
30932
3566
96186
28815
35478
26838
2200
44501
9639
9421
52970
44388
60381
97807
73975
1914
60890
39688
39888
29154
59234
34042
40224
69689
47838
13026
72219
16282
75502
11707
43428
61244
68591
3836
29067
51030
24597
71664
26307
35643
99813
44640
2902
83066
51844
86944
68473
81911
24322
93922
78876
8068
48644
61346
2125
90345
37964
83135
11530
27442
4613
68739
12886
10663
76795
30141
71628
8330
33391
16232
47246
66934
95378
95123
81980
96222
73520
15988
88797
22380
2630
50992
75729
7852
18901
56821
56352
92497
37350
69293
6519
76381
75896
13647
58764
90587
63453
88807
76261
93371
35527
68894
50841
33176
80978
60102
21728
38299
20915
53308
60451
4471
52559
60291
65280
89767
28819
72359
91281
87027
3356
82441
8332
70036
77404
12814
39153
5981
55537
64686
829
25784
41020
48948
41510
32297
11260
62805
58683
1011
61126
88731
9987
4676
27518
83619
99069
7835
61529
63161
72949
4021
41387
55074
11865
47758
49259
50938
29239
42880
12978
79942
38868
25429
77598
79145
77098
78549
20289
40780
77865
6640
22286
66821
75276
66278
4158
58089
28140
34605
39526
53685
65535
85192
68028
32473
83207
92678
97570
51865
3432
35347
30262
39995
42119
59097
31578
39031
34376
85069
10705
17070
71968
30867
85415
751
70915
71639
46612
75891
73669
92000
47517
1796
99292
60970
8443
46198
24399
43175
58828
13397
55173
16972
99890
90094
10760
65569
60927
60310
78731
7036
80466
39578
5098
80577
93223
44882
55317
51090
13775
55673
66808
1141
51437
58390
17281
71903
90397
61528
73902
35629
96937
92265
13059
60373
16568
53248
2585
56022
12964
60920
33394
96456
46379
53337
81673
7500
72602
36202
63276
97400
99324
63644
97012
77779
1753
8358
20139
99299
603
71031
41478
50208
27451
9777
22973
82447
98508
51803
1763
90443
20001
46078
31262
45371
17176
82822
4714
9093
97665
96493
17460
94365
65789
56938
48469
37278
29783
60384
56140
47225
15048
75473
31811
30592
87234
17804
319
49138
37935
34517
35968
29251
72196
53282
74814
93684
43538
27278
17742
86521
80748
79666
22350
34072
9973
19167
12267
4762
86471
55918
68946
31883
95766
31438
56974
18302
8866
61133
88833
13028
16913
26076
82897
83158
59347
28865
32098
41552
66752
18996
80999
57045
72471
75200
69531
84719
5850
85249
84301
11085
79148
9004
18492
53300
25030
19534
28380
17818
76896
5069
25322
23592
43521
47314
3601
70288
87582
48399
31655
32801
18634
84687
74139
1933
95806
63860
10050
78752
6287
40315
43655
48617
73965
99155
44313
51271
11378
57713
38018
90694
87413
15636
22135
79261
55002
7856
62562
84362
15909
12671
51312
10265
957
3927
84861
38476
84902
20551
20782
14336
41768
48953
84356
93973
78080
8450
88219
34493
56936
45619
48836
8726
37228
42029
5462
58886
44177
95247
49473
77247
82056
92707
14954
31395
8823
80854
40511
10888
87308
59194
5460
69254
204
90021
46345
54216
70394
89261
91192
52742
72305
63869
462
27730
80915
52104
99327
24100
49720
95515
43171
92283
34138
71827
9193
50536
25395
61167
37684
29819
75331
13638
48799
87934
80409
65932
93492
81626
96922
81281
28396
11024
57846
3980
77012
46986
86628
67662
61983
59652
73869
39490
95836
98453
89034
52749
81249
78353
39977
69446
26648
13253
38113
25933
33905
71963
67768
34973
71349
95221
22153
44795
16313
43851
21902
95954
81364
79736
41172
39776
2582
52646
31472
41769
60842
21330
56327
16918
82361
47597
15593
46258
85423
84732
64335
48241
38115
50221
83306
61654
43779
83142
34063
28589
92306
83782
18534
75021
52547
49299
94500
10179
28463
80578
69429
29249
95724
37062
99564
93526
830
30046
15125
87451
49629
7394
29655
34205
49916
92761
71297
32699
77990
48943
65452
23990
88890
69652
91101
15391
1207
46394
26809
82750
10787
59672
66038
53052
82706
31078
23388
59914
36440
3529
80378
9796
75835
20761
84851
27783
37281
69373
39175
36575
69532
83719
69551
20791
23536
91433
10015
8006
9275
41816
46623
12454
34529
57695
96323
15384
36345
67468
87435
64394
26345
67181
75167
54993
51200
52905
10669
58153
30541
77127
6781
55391
72478
2732
32535
35594
63557
87081
32729
13849
28446
78807
96598
58773
85194
89955
58521
62877
96345
58867
72878
13894
37675
86634
15547
42934
15513
38775
31424
15963
31308
37462
4558
82329
77376
49522
76958
74587
12376
19060
77804
94460
99976
7536
41120
85357
71165
60041
53333
70829
74533
45403
83956
79628
79315
41778
33460
70874
12759
93286
44314
38912
41596
44716
88388
86379
85625
95890
71432
22189
2527
13687
49435
70514
70604
38344
48281
4156
73778
1234
27846
64561
49558
77709
43158
85738
72083
24264
59032
72894
6369
98685
32932
51751
54936
42269
17053
15239
92559
14787
16349
52005
96273
51163
39299
31684
56852
72661
20415
13451
76980
41784
87896
35761
56129
22093
84810
11511
49652
90942
24671
99581
96097
73339
602
54530
46819
35947
77487
32080
84979
93256
71830
74236
32776
70130
104
37146
3964
4394
51430
76638
74130
34737
18293
20240
56118
99489
24943
76594
75749
43883
45579
910
29508
99911
98814
40678
5011
42164
59622
29193
30679
61016
88058
7216
123
38216
90453
77274
61405
77793
30803
50741
68595
75607
25866
9764
35249
79868
46402
52696
90197
4199
59374
49375
63100
38681
25909
1068
21895
58772
3798
83385
88587
44113
249
59074
89475
20216
55025
14081
35076
7828
91156
82248
23934
42288
76889
79652
40012
22496
48352
44790
41283
31887
72834
15016
75089
98349
92977
88279
90292
67341
34175
65227
22386
6239
67561
81017
69819
77915
23032
25553
59195
48048
53768
5024
81780
30322
20270
36640
81505
87645
61255
33315
49727
74465
6391
34413
10728
62417
91867
84645
94063
60356
70237
26511
6465
62909
7343
18104
30944
19757
28481
34689
82178
95300
95684
6883
29909
11469
10516
86974
43711
9319
40342
50487
68637
75185
95308
31382
68151
36205
97437
26046
40347
13420
89703
46652
62646
42217
79123
16810
47574
97897
23433
38410
23214
18052
54494
809
21403
52131
35186
22064
17039
1768
59201
70035
97961
71957
21299
85907
24510
3150
8522
96262
46134
84727
31249
62934
84579
32361
63558
21834
89512
81173
54876
91543
13432
48774
79210
99742
77317
74627
26391
3171
13497
89669
46346
22639
7651
33177
85776
92478
31620
41246
12616
54082
66005
83541
49634
22020
28824
31983
67607
88879
82292
63096
46247
94377
11257
82970
95517
62729
88513
38716
97696
15467
1575
53858
46638
2662
16591
34686
62715
68770
11225
44878
33624
69859
84185
47839
99542
51980
49084
5333
9545
57995
71023
83614
54376
91984
53477
33019
48671
44770
90028
20226
80113
67153
69664
37340
40268
75317
4760
18625
65400
10648
41877
13419
21317
14059
99293
39316
52925
26975
89490
53755
70103
79954
74719
83969
63201
77655
34363
72472
46547
48772
45342
36017
49547
80370
31686
39795
19306
11447
70787
54897
87854
80270
54537
77644
71770
49223
21783
12281
95467
20337
50266
49439
83738
6682
13557
96035
73008
12043
3139
92700
2176
5792
81365
1298
41922
5955
29688
24008
81900
5228
36134
17769
43809
94034
73752
8967
88675
79813
11978
49899
82593
43554
18374
43531
40202
16137
85748
10342
87294
44886
87432
21921
84618
20446
46105
44771
69423
43267
99938
65724
19552
11452
69958
5890
44365
61902
84883
64106
49017
27327
87042
87549
10681
2415
8382
69685
16831
52431
69994
96103
91837
450
35687
49216
56460
84423
3638
74454
49938
62584
91935
56314
22773
69406
70192
5811
79509
66847
37314
40822
88955
12577
63239
35927
46683
11276
36086
53826
1737
87348
96373
17944
34099
32012
20966
77799
60243
10510
56950
35998
8811
94138
90029
51887
81538
81006
20884
63380
45397
6268
58085
10398
51079
95841
49654
39874
9164
20041
76455
61152
37379
41519
98004
6022
34807
2992
72830
39952
4563
6337
86685
90323
96563
81946
4585
71505
56461
91226
19704
38109
17799
82252
99620
45195
64524
93279
70748
72302
35094
28295
25309
28218
79122
25924
8540
30662
54575
1452
76510
71414
92997
1363
17344
98201
25063
44754
61039
95482
1621
29733
89899
91755
7920
57054
38067
96125
15878
76396
83682
58023
58933
99189
91219
56921
34134
29126
92554
1999
47505
28252
37497
77021
27085
91576
50576
65982
74343
56399
85737
71154
48940
67004
98801
90877
5942
90423
45206
32451
19570
35242
92326
46432
21873
50311
75624
32775
61857
55200
85626
79889
77370
56038
6167
23346
39065
11417
30986
15122
84312
70741
19159
84074
75424
38003
21197
41205
29157
57807
46708
74040
64159
2631
62778
92389
32048
18436
81764
47698
50303
69371
60511
91428
53976
9800
9243
11616
43504
65856
44855
71958
55924
36373
47818
34139
75690
98031
96404
82926
2544
14051
18477
80572
34674
8815
72609
26800
14055
25338
36311
61165
17161
38508
54922
8134
10791
3467
47863
10037
77976
14682
91028
16501
84266
45273
9431
10978
84546
73739
68504
85952
15082
79981
71325
46772
89802
91252
63191
79744
74322
67
53752
79762
16595
20379
83149
65270
72793
96213
99031
45603
43888
80413
27420
60127
11397
41968
45574
40073
26333
89656
64525
64736
56805
16435
96116
47982
19477
83326
56875
27965
12260
59573
36974
94785
14659
17686
27932
61537
13357
69047
29813
9963
24659
39687
77864
8214
38125
57648
39275
63902
4654
8886
21640
48477
60179
76736
68715
13972
44563
43105
52985
97992
81027
25627
77413
60831
79276
4396
82860
12163
27693
25053
60336
98980
59142
69818
69235
28841
54911
70242
14612
16258
89415
51120
93190
91254
21413
58142
9535
26495
95197
67297
81348
67772
34142
46187
37952
85964
82879
91237
87747
15380
9175
46161
54693
59233
60828
49548
24323
76722
8496
2143
59231
14458
22951
44056
86911
80411
27229
32159
98053
42165
2428
68640
2673
81747
49821
59391
3434
87765
11201
40548
91724
86075
87528
19997
96651
84992
109
54492
45681
40246
30859
56039
45216
89908
98656
60200
14884
3430
28661
26213
93563
12293
30554
55985
4309
81915
98622
53348
64244
65177
87961
95755
54755
36131
25865
53514
25299
48533
51464
52917
22995
66095
76855
18689
87692
96941
45274
45696
89695
53372
94652
53460
90691
1115
5634
23902
37933
86947
85902
11313
24252
98408
68791
52210
88609
89062
62262
75205
86884
57117
95375
5289
27551
28488
52434
13684
28123
2214
85302
73897
36833
54789
75085
3076
85611
84235
35633
71975
9660
68692
97363
74193
64012
97850
99731
34199
57210
12358
3
52885
4765
529
93777
4604
40593
95019
50700
87949
71302
54010
64935
38874
75040
2444
95265
97776
922
11122
81472
21074
32182
50657
89404
2377
62412
58548
56729
37118
79041
77594
65110
50872
45675
95054
13388
95463
97741
82667
21027
5960
181
12035
54809
22139
18637
72343
21098
79182
43253
45051
77787
49637
73709
24619
10283
40033
17177
98818
94118
90887
30845
56556
12974
96553
48853
79715
69509
73540
36056
20654
88070
54509
94862
25966
51411
73355
68696
6872
52923
22872
74175
3537
52980
2950
52971
7179
30912
83877
51127
43173
27133
67076
46817
27383
18248
52466
28898
38130
71322
26026
17662
14603
25119
28342
93936
14836
81759
46732
79320
59782
68729
65566
67494
80277
64398
86883
59919
25514
87676
49251
61027
14246
84247
98229
69123
63679
6289
26000
2402
60655
88548
71195
45923
43625
71112
71708
28516
86566
47261
73827
30683
8174
58916
76937
77071
13058
44674
70169
88399
95389
62073
8146
46797
88974
68987
63387
70789
46009
56526
36930
30083
45386
87266
57216
3776
44348
39255
56122
4337
1609
87774
46543
71990
48449
42215
12359
37698
37819
909
59493
64634
9785
50587
39470
44045
21252
40013
22259
99045
20883
93069
27550
58392
52908
92197
68243
43311
73993
53774
92300
76816
39274
13878
67414
18831
98379
60703
47738
25695
52566
62637
86254
7553
98285
31653
55878
75783
17353
47159
82307
53819
60640
60826
1518
31049
99173
23224
56135
57476
96605
33579
92200
9435
90759
67264
26448
80340
15297
80170
46315
95076
80852
29947
59971
18194
49927
45047
81928
50333
8935
76054
63132
76442
94624
73225
36199
75702
31260
56524
99896
39212
33289
25433
23368
74540
19278
30935
44965
95368
85256
46197
47525
17528
4236
9667
56883
30080
28464
84750
9305
81094
48781
4975
3731
60341
25996
93006
42507
44309
61300
29552
34094
12811
25747
49034
77044
37401
67312
42290
56565
38245
43685
38554
77847
91239
99498
26966
52172
74765
62124
27581
63295
91021
67640
94764
39344
88436
34021
17104
54683
87226
50920
25564
44230
98101
75836
71348
32150
73438
14221
18338
22920
75873
32269
